[2025-09-13T09:41:06.244+0000] {task_command.py:426} INFO - Running <TaskInstance: dbt_marts.marts.dim_customers.run manual__2025-09-13T09:40:29.757092+00:00 [failed]> on host e95bde6b8d07
[2025-09-13T09:41:06.639+0000] {taskinstance.py:2648} INFO - Exporting env vars: AIRFLOW_CTX_DAG_OWNER='***' AIRFLOW_CTX_DAG_ID='dbt_marts' AIRFLOW_CTX_TASK_ID='marts.dim_customers.run' AIRFLOW_CTX_EXECUTION_DATE='2025-09-13T09:40:29.757092+00:00' AIRFLOW_CTX_TRY_NUMBER='2' AIRFLOW_CTX_DAG_RUN_ID='manual__2025-09-13T09:40:29.757092+00:00'
[2025-09-13T09:41:06.642+0000] {taskinstance.py:430} INFO - ::endgroup::
[2025-09-13T09:41:06.659+0000] {virtualenv.py:120} INFO - Checking if the virtualenv lock /tmp/cosmos_venv_ecom/cosmos_virtualenv.lock exists
[2025-09-13T09:41:06.660+0000] {virtualenv.py:178} INFO - Checking for running process with PID 6194
[2025-09-13T09:41:06.661+0000] {virtualenv.py:181} INFO - Process 6194 running: True and has the lock /tmp/cosmos_venv_ecom/cosmos_virtualenv.lock.
[2025-09-13T09:41:06.661+0000] {virtualenv.py:122} INFO - Waiting for virtualenv lock to be released
[2025-09-13T09:41:07.660+0000] {virtualenv.py:178} INFO - Checking for running process with PID 6194
[2025-09-13T09:41:07.661+0000] {virtualenv.py:181} INFO - Process 6194 running: True and has the lock /tmp/cosmos_venv_ecom/cosmos_virtualenv.lock.
[2025-09-13T09:41:07.662+0000] {virtualenv.py:122} INFO - Waiting for virtualenv lock to be released
[2025-09-13T09:41:08.666+0000] {virtualenv.py:178} INFO - Checking for running process with PID 6194
[2025-09-13T09:41:08.667+0000] {virtualenv.py:181} INFO - Process 6194 running: True and has the lock /tmp/cosmos_venv_ecom/cosmos_virtualenv.lock.
[2025-09-13T09:41:08.667+0000] {virtualenv.py:122} INFO - Waiting for virtualenv lock to be released
[2025-09-13T09:41:09.668+0000] {virtualenv.py:178} INFO - Checking for running process with PID 6194
[2025-09-13T09:41:09.669+0000] {virtualenv.py:181} INFO - Process 6194 running: True and has the lock /tmp/cosmos_venv_ecom/cosmos_virtualenv.lock.
[2025-09-13T09:41:09.669+0000] {virtualenv.py:122} INFO - Waiting for virtualenv lock to be released
[2025-09-13T09:41:10.670+0000] {virtualenv.py:178} INFO - Checking for running process with PID 6194
[2025-09-13T09:41:10.671+0000] {virtualenv.py:181} INFO - Process 6194 running: True and has the lock /tmp/cosmos_venv_ecom/cosmos_virtualenv.lock.
[2025-09-13T09:41:10.671+0000] {virtualenv.py:122} INFO - Waiting for virtualenv lock to be released
[2025-09-13T09:41:11.673+0000] {virtualenv.py:178} INFO - Checking for running process with PID 6194
[2025-09-13T09:41:11.674+0000] {virtualenv.py:181} INFO - Process 6194 running: True and has the lock /tmp/cosmos_venv_ecom/cosmos_virtualenv.lock.
[2025-09-13T09:41:11.674+0000] {virtualenv.py:122} INFO - Waiting for virtualenv lock to be released
[2025-09-13T09:41:12.676+0000] {virtualenv.py:178} INFO - Checking for running process with PID 6194
[2025-09-13T09:41:12.676+0000] {virtualenv.py:181} INFO - Process 6194 running: True and has the lock /tmp/cosmos_venv_ecom/cosmos_virtualenv.lock.
[2025-09-13T09:41:12.677+0000] {virtualenv.py:122} INFO - Waiting for virtualenv lock to be released
[2025-09-13T09:41:13.679+0000] {virtualenv.py:178} INFO - Checking for running process with PID 6194
[2025-09-13T09:41:13.680+0000] {virtualenv.py:181} INFO - Process 6194 running: True and has the lock /tmp/cosmos_venv_ecom/cosmos_virtualenv.lock.
[2025-09-13T09:41:13.681+0000] {virtualenv.py:122} INFO - Waiting for virtualenv lock to be released
[2025-09-13T09:41:14.683+0000] {virtualenv.py:178} INFO - Checking for running process with PID 6194
[2025-09-13T09:41:14.684+0000] {virtualenv.py:181} INFO - Process 6194 running: True and has the lock /tmp/cosmos_venv_ecom/cosmos_virtualenv.lock.
[2025-09-13T09:41:14.685+0000] {virtualenv.py:122} INFO - Waiting for virtualenv lock to be released
[2025-09-13T09:41:15.686+0000] {virtualenv.py:178} INFO - Checking for running process with PID 6194
[2025-09-13T09:41:15.687+0000] {virtualenv.py:181} INFO - Process 6194 running: True and has the lock /tmp/cosmos_venv_ecom/cosmos_virtualenv.lock.
[2025-09-13T09:41:15.688+0000] {virtualenv.py:122} INFO - Waiting for virtualenv lock to be released
[2025-09-13T09:41:15.913+0000] {taskinstance.py:2611} ERROR - Received SIGTERM. Terminating subprocesses.
[2025-09-13T09:41:15.914+0000] {virtualenv.py:131} INFO - Releasing virtualenv lock
[2025-09-13T09:41:15.914+0000] {virtualenv.py:210} WARNING - Lockfile owned by process of pid 6194, while operator has pid 6309
[2025-09-13T09:41:15.915+0000] {taskinstance.py:441} INFO - ::group::Post task execution logs
