[2025-09-14T12:48:12.490+0000] {local_task_job_runner.py:120} INFO - ::group::Pre task execution logs
[2025-09-14T12:48:14.597+0000] {taskinstance.py:2076} INFO - Dependencies all met for dep_context=non-requeueable deps ti=<TaskInstance: dbt_marts.marts.dim_customers.run scheduled__2025-09-13T00:00:00+00:00 [queued]>
[2025-09-14T12:48:14.670+0000] {taskinstance.py:2076} INFO - Dependencies all met for dep_context=requeueable deps ti=<TaskInstance: dbt_marts.marts.dim_customers.run scheduled__2025-09-13T00:00:00+00:00 [queued]>
[2025-09-14T12:48:14.691+0000] {taskinstance.py:2306} INFO - Starting attempt 1 of 1
[2025-09-14T12:48:14.967+0000] {taskinstance.py:2330} INFO - Executing <Task(DbtRunVirtualenvOperator): marts.dim_customers.run> on 2025-09-13 00:00:00+00:00
[2025-09-14T12:48:15.121+0000] {standard_task_runner.py:64} INFO - Started process 1211 to run task
[2025-09-14T12:48:15.143+0000] {standard_task_runner.py:90} INFO - Running: ['***', 'tasks', 'run', 'dbt_marts', 'marts.dim_customers.run', 'scheduled__2025-09-13T00:00:00+00:00', '--job-id', '279', '--raw', '--subdir', 'DAGS_FOLDER/dbt_marts.py', '--cfg-path', '/tmp/tmpf1ote0yi']
[2025-09-14T12:48:15.164+0000] {standard_task_runner.py:91} INFO - Job 279: Subtask marts.dim_customers.run
[2025-09-14T12:48:16.532+0000] {task_command.py:426} INFO - Running <TaskInstance: dbt_marts.marts.dim_customers.run scheduled__2025-09-13T00:00:00+00:00 [running]> on host e95bde6b8d07
[2025-09-14T12:48:18.724+0000] {taskinstance.py:2648} INFO - Exporting env vars: AIRFLOW_CTX_DAG_OWNER='***' AIRFLOW_CTX_DAG_ID='dbt_marts' AIRFLOW_CTX_TASK_ID='marts.dim_customers.run' AIRFLOW_CTX_EXECUTION_DATE='2025-09-13T00:00:00+00:00' AIRFLOW_CTX_TRY_NUMBER='1' AIRFLOW_CTX_DAG_RUN_ID='scheduled__2025-09-13T00:00:00+00:00'
[2025-09-14T12:48:18.728+0000] {taskinstance.py:430} INFO - ::endgroup::
[2025-09-14T12:48:18.752+0000] {virtualenv.py:120} INFO - Checking if the virtualenv lock /tmp/cosmos_venv_ecom_marts/cosmos_virtualenv.lock exists
[2025-09-14T12:48:18.753+0000] {virtualenv.py:178} INFO - Checking for running process with PID 1198
[2025-09-14T12:48:18.754+0000] {virtualenv.py:181} INFO - Process 1198 running: True and has the lock /tmp/cosmos_venv_ecom_marts/cosmos_virtualenv.lock.
[2025-09-14T12:48:18.760+0000] {virtualenv.py:122} INFO - Waiting for virtualenv lock to be released
[2025-09-14T12:48:19.761+0000] {virtualenv.py:178} INFO - Checking for running process with PID 1198
[2025-09-14T12:48:19.762+0000] {virtualenv.py:181} INFO - Process 1198 running: True and has the lock /tmp/cosmos_venv_ecom_marts/cosmos_virtualenv.lock.
[2025-09-14T12:48:19.763+0000] {virtualenv.py:122} INFO - Waiting for virtualenv lock to be released
[2025-09-14T12:48:20.765+0000] {virtualenv.py:178} INFO - Checking for running process with PID 1198
[2025-09-14T12:48:20.766+0000] {virtualenv.py:181} INFO - Process 1198 running: True and has the lock /tmp/cosmos_venv_ecom_marts/cosmos_virtualenv.lock.
[2025-09-14T12:48:20.766+0000] {virtualenv.py:122} INFO - Waiting for virtualenv lock to be released
[2025-09-14T12:48:21.766+0000] {virtualenv.py:178} INFO - Checking for running process with PID 1198
[2025-09-14T12:48:21.766+0000] {virtualenv.py:181} INFO - Process 1198 running: True and has the lock /tmp/cosmos_venv_ecom_marts/cosmos_virtualenv.lock.
[2025-09-14T12:48:21.766+0000] {virtualenv.py:122} INFO - Waiting for virtualenv lock to be released
[2025-09-14T12:48:22.768+0000] {virtualenv.py:178} INFO - Checking for running process with PID 1198
[2025-09-14T12:48:22.769+0000] {virtualenv.py:181} INFO - Process 1198 running: True and has the lock /tmp/cosmos_venv_ecom_marts/cosmos_virtualenv.lock.
[2025-09-14T12:48:22.770+0000] {virtualenv.py:122} INFO - Waiting for virtualenv lock to be released
[2025-09-14T12:48:23.772+0000] {virtualenv.py:178} INFO - Checking for running process with PID 1198
[2025-09-14T12:48:23.772+0000] {virtualenv.py:181} INFO - Process 1198 running: True and has the lock /tmp/cosmos_venv_ecom_marts/cosmos_virtualenv.lock.
[2025-09-14T12:48:23.772+0000] {virtualenv.py:122} INFO - Waiting for virtualenv lock to be released
[2025-09-14T12:48:24.773+0000] {virtualenv.py:178} INFO - Checking for running process with PID 1198
[2025-09-14T12:48:24.774+0000] {virtualenv.py:181} INFO - Process 1198 running: True and has the lock /tmp/cosmos_venv_ecom_marts/cosmos_virtualenv.lock.
[2025-09-14T12:48:24.775+0000] {virtualenv.py:122} INFO - Waiting for virtualenv lock to be released
[2025-09-14T12:48:25.777+0000] {virtualenv.py:178} INFO - Checking for running process with PID 1198
[2025-09-14T12:48:25.779+0000] {virtualenv.py:181} INFO - Process 1198 running: True and has the lock /tmp/cosmos_venv_ecom_marts/cosmos_virtualenv.lock.
[2025-09-14T12:48:25.781+0000] {virtualenv.py:122} INFO - Waiting for virtualenv lock to be released
[2025-09-14T12:48:26.783+0000] {virtualenv.py:178} INFO - Checking for running process with PID 1198
[2025-09-14T12:48:26.784+0000] {virtualenv.py:181} INFO - Process 1198 running: True and has the lock /tmp/cosmos_venv_ecom_marts/cosmos_virtualenv.lock.
[2025-09-14T12:48:26.784+0000] {virtualenv.py:122} INFO - Waiting for virtualenv lock to be released
[2025-09-14T12:48:27.785+0000] {virtualenv.py:178} INFO - Checking for running process with PID 1198
[2025-09-14T12:48:27.786+0000] {virtualenv.py:181} INFO - Process 1198 running: True and has the lock /tmp/cosmos_venv_ecom_marts/cosmos_virtualenv.lock.
[2025-09-14T12:48:27.786+0000] {virtualenv.py:122} INFO - Waiting for virtualenv lock to be released
[2025-09-14T12:48:28.788+0000] {virtualenv.py:178} INFO - Checking for running process with PID 1198
[2025-09-14T12:48:28.789+0000] {virtualenv.py:181} INFO - Process 1198 running: True and has the lock /tmp/cosmos_venv_ecom_marts/cosmos_virtualenv.lock.
[2025-09-14T12:48:28.789+0000] {virtualenv.py:122} INFO - Waiting for virtualenv lock to be released
[2025-09-14T12:48:29.792+0000] {virtualenv.py:178} INFO - Checking for running process with PID 1198
[2025-09-14T12:48:29.792+0000] {virtualenv.py:181} INFO - Process 1198 running: True and has the lock /tmp/cosmos_venv_ecom_marts/cosmos_virtualenv.lock.
[2025-09-14T12:48:29.793+0000] {virtualenv.py:122} INFO - Waiting for virtualenv lock to be released
[2025-09-14T12:48:30.794+0000] {virtualenv.py:178} INFO - Checking for running process with PID 1198
[2025-09-14T12:48:30.795+0000] {virtualenv.py:181} INFO - Process 1198 running: True and has the lock /tmp/cosmos_venv_ecom_marts/cosmos_virtualenv.lock.
[2025-09-14T12:48:30.796+0000] {virtualenv.py:122} INFO - Waiting for virtualenv lock to be released
[2025-09-14T12:48:31.798+0000] {virtualenv.py:178} INFO - Checking for running process with PID 1198
[2025-09-14T12:48:31.798+0000] {virtualenv.py:181} INFO - Process 1198 running: True and has the lock /tmp/cosmos_venv_ecom_marts/cosmos_virtualenv.lock.
[2025-09-14T12:48:31.799+0000] {virtualenv.py:122} INFO - Waiting for virtualenv lock to be released
[2025-09-14T12:48:32.801+0000] {virtualenv.py:178} INFO - Checking for running process with PID 1198
[2025-09-14T12:48:32.801+0000] {virtualenv.py:181} INFO - Process 1198 running: True and has the lock /tmp/cosmos_venv_ecom_marts/cosmos_virtualenv.lock.
[2025-09-14T12:48:32.802+0000] {virtualenv.py:122} INFO - Waiting for virtualenv lock to be released
[2025-09-14T12:48:33.803+0000] {virtualenv.py:178} INFO - Checking for running process with PID 1198
[2025-09-14T12:48:33.804+0000] {virtualenv.py:181} INFO - Process 1198 running: True and has the lock /tmp/cosmos_venv_ecom_marts/cosmos_virtualenv.lock.
[2025-09-14T12:48:33.805+0000] {virtualenv.py:122} INFO - Waiting for virtualenv lock to be released
[2025-09-14T12:48:34.807+0000] {virtualenv.py:178} INFO - Checking for running process with PID 1198
[2025-09-14T12:48:34.807+0000] {virtualenv.py:181} INFO - Process 1198 running: True and has the lock /tmp/cosmos_venv_ecom_marts/cosmos_virtualenv.lock.
[2025-09-14T12:48:34.808+0000] {virtualenv.py:122} INFO - Waiting for virtualenv lock to be released
[2025-09-14T12:48:35.809+0000] {virtualenv.py:178} INFO - Checking for running process with PID 1198
[2025-09-14T12:48:35.811+0000] {virtualenv.py:181} INFO - Process 1198 running: True and has the lock /tmp/cosmos_venv_ecom_marts/cosmos_virtualenv.lock.
[2025-09-14T12:48:35.811+0000] {virtualenv.py:122} INFO - Waiting for virtualenv lock to be released
[2025-09-14T12:48:36.813+0000] {virtualenv.py:178} INFO - Checking for running process with PID 1198
[2025-09-14T12:48:36.814+0000] {virtualenv.py:181} INFO - Process 1198 running: True and has the lock /tmp/cosmos_venv_ecom_marts/cosmos_virtualenv.lock.
[2025-09-14T12:48:36.815+0000] {virtualenv.py:122} INFO - Waiting for virtualenv lock to be released
[2025-09-14T12:48:37.816+0000] {virtualenv.py:178} INFO - Checking for running process with PID 1198
[2025-09-14T12:48:37.817+0000] {virtualenv.py:181} INFO - Process 1198 running: True and has the lock /tmp/cosmos_venv_ecom_marts/cosmos_virtualenv.lock.
[2025-09-14T12:48:37.818+0000] {virtualenv.py:122} INFO - Waiting for virtualenv lock to be released
[2025-09-14T12:48:38.820+0000] {virtualenv.py:178} INFO - Checking for running process with PID 1198
[2025-09-14T12:48:38.820+0000] {virtualenv.py:181} INFO - Process 1198 running: True and has the lock /tmp/cosmos_venv_ecom_marts/cosmos_virtualenv.lock.
[2025-09-14T12:48:38.821+0000] {virtualenv.py:122} INFO - Waiting for virtualenv lock to be released
[2025-09-14T12:48:39.823+0000] {virtualenv.py:178} INFO - Checking for running process with PID 1198
[2025-09-14T12:48:39.824+0000] {virtualenv.py:181} INFO - Process 1198 running: True and has the lock /tmp/cosmos_venv_ecom_marts/cosmos_virtualenv.lock.
[2025-09-14T12:48:39.825+0000] {virtualenv.py:122} INFO - Waiting for virtualenv lock to be released
[2025-09-14T12:48:40.827+0000] {virtualenv.py:178} INFO - Checking for running process with PID 1198
[2025-09-14T12:48:40.828+0000] {virtualenv.py:181} INFO - Process 1198 running: True and has the lock /tmp/cosmos_venv_ecom_marts/cosmos_virtualenv.lock.
[2025-09-14T12:48:40.828+0000] {virtualenv.py:122} INFO - Waiting for virtualenv lock to be released
[2025-09-14T12:48:41.830+0000] {virtualenv.py:178} INFO - Checking for running process with PID 1198
[2025-09-14T12:48:41.832+0000] {virtualenv.py:181} INFO - Process 1198 running: True and has the lock /tmp/cosmos_venv_ecom_marts/cosmos_virtualenv.lock.
[2025-09-14T12:48:41.833+0000] {virtualenv.py:122} INFO - Waiting for virtualenv lock to be released
[2025-09-14T12:48:42.835+0000] {virtualenv.py:178} INFO - Checking for running process with PID 1198
[2025-09-14T12:48:42.836+0000] {virtualenv.py:181} INFO - Process 1198 running: True and has the lock /tmp/cosmos_venv_ecom_marts/cosmos_virtualenv.lock.
[2025-09-14T12:48:42.837+0000] {virtualenv.py:122} INFO - Waiting for virtualenv lock to be released
[2025-09-14T12:48:43.838+0000] {virtualenv.py:178} INFO - Checking for running process with PID 1198
[2025-09-14T12:48:43.839+0000] {virtualenv.py:181} INFO - Process 1198 running: True and has the lock /tmp/cosmos_venv_ecom_marts/cosmos_virtualenv.lock.
[2025-09-14T12:48:43.840+0000] {virtualenv.py:122} INFO - Waiting for virtualenv lock to be released
[2025-09-14T12:48:44.841+0000] {virtualenv.py:178} INFO - Checking for running process with PID 1198
[2025-09-14T12:48:44.842+0000] {virtualenv.py:181} INFO - Process 1198 running: True and has the lock /tmp/cosmos_venv_ecom_marts/cosmos_virtualenv.lock.
[2025-09-14T12:48:44.842+0000] {virtualenv.py:122} INFO - Waiting for virtualenv lock to be released
[2025-09-14T12:48:45.844+0000] {virtualenv.py:178} INFO - Checking for running process with PID 1198
[2025-09-14T12:48:45.845+0000] {virtualenv.py:181} INFO - Process 1198 running: True and has the lock /tmp/cosmos_venv_ecom_marts/cosmos_virtualenv.lock.
[2025-09-14T12:48:45.845+0000] {virtualenv.py:122} INFO - Waiting for virtualenv lock to be released
[2025-09-14T12:48:46.847+0000] {virtualenv.py:178} INFO - Checking for running process with PID 1198
[2025-09-14T12:48:46.847+0000] {virtualenv.py:181} INFO - Process 1198 running: True and has the lock /tmp/cosmos_venv_ecom_marts/cosmos_virtualenv.lock.
[2025-09-14T12:48:46.848+0000] {virtualenv.py:122} INFO - Waiting for virtualenv lock to be released
[2025-09-14T12:48:47.849+0000] {virtualenv.py:178} INFO - Checking for running process with PID 1198
[2025-09-14T12:48:47.850+0000] {virtualenv.py:181} INFO - Process 1198 running: True and has the lock /tmp/cosmos_venv_ecom_marts/cosmos_virtualenv.lock.
[2025-09-14T12:48:47.851+0000] {virtualenv.py:122} INFO - Waiting for virtualenv lock to be released
[2025-09-14T12:48:48.852+0000] {virtualenv.py:178} INFO - Checking for running process with PID 1198
[2025-09-14T12:48:48.853+0000] {virtualenv.py:181} INFO - Process 1198 running: True and has the lock /tmp/cosmos_venv_ecom_marts/cosmos_virtualenv.lock.
[2025-09-14T12:48:48.854+0000] {virtualenv.py:122} INFO - Waiting for virtualenv lock to be released
[2025-09-14T12:48:49.855+0000] {virtualenv.py:178} INFO - Checking for running process with PID 1198
[2025-09-14T12:48:49.856+0000] {virtualenv.py:181} INFO - Process 1198 running: True and has the lock /tmp/cosmos_venv_ecom_marts/cosmos_virtualenv.lock.
[2025-09-14T12:48:49.856+0000] {virtualenv.py:122} INFO - Waiting for virtualenv lock to be released
[2025-09-14T12:48:50.857+0000] {virtualenv.py:178} INFO - Checking for running process with PID 1198
[2025-09-14T12:48:50.858+0000] {virtualenv.py:181} INFO - Process 1198 running: True and has the lock /tmp/cosmos_venv_ecom_marts/cosmos_virtualenv.lock.
[2025-09-14T12:48:50.859+0000] {virtualenv.py:122} INFO - Waiting for virtualenv lock to be released
[2025-09-14T12:48:51.858+0000] {virtualenv.py:178} INFO - Checking for running process with PID 1198
[2025-09-14T12:48:51.859+0000] {virtualenv.py:181} INFO - Process 1198 running: True and has the lock /tmp/cosmos_venv_ecom_marts/cosmos_virtualenv.lock.
[2025-09-14T12:48:51.859+0000] {virtualenv.py:122} INFO - Waiting for virtualenv lock to be released
[2025-09-14T12:48:52.861+0000] {virtualenv.py:178} INFO - Checking for running process with PID 1198
[2025-09-14T12:48:52.861+0000] {virtualenv.py:181} INFO - Process 1198 running: True and has the lock /tmp/cosmos_venv_ecom_marts/cosmos_virtualenv.lock.
[2025-09-14T12:48:52.862+0000] {virtualenv.py:122} INFO - Waiting for virtualenv lock to be released
[2025-09-14T12:48:53.864+0000] {virtualenv.py:178} INFO - Checking for running process with PID 1198
[2025-09-14T12:48:53.864+0000] {virtualenv.py:181} INFO - Process 1198 running: True and has the lock /tmp/cosmos_venv_ecom_marts/cosmos_virtualenv.lock.
[2025-09-14T12:48:53.865+0000] {virtualenv.py:122} INFO - Waiting for virtualenv lock to be released
[2025-09-14T12:48:54.866+0000] {virtualenv.py:178} INFO - Checking for running process with PID 1203
[2025-09-14T12:48:54.867+0000] {virtualenv.py:181} INFO - Process 1203 running: True and has the lock /tmp/cosmos_venv_ecom_marts/cosmos_virtualenv.lock.
[2025-09-14T12:48:54.867+0000] {virtualenv.py:122} INFO - Waiting for virtualenv lock to be released
[2025-09-14T12:48:55.869+0000] {virtualenv.py:178} INFO - Checking for running process with PID 1203
[2025-09-14T12:48:55.870+0000] {virtualenv.py:181} INFO - Process 1203 running: True and has the lock /tmp/cosmos_venv_ecom_marts/cosmos_virtualenv.lock.
[2025-09-14T12:48:55.870+0000] {virtualenv.py:122} INFO - Waiting for virtualenv lock to be released
[2025-09-14T12:48:56.872+0000] {virtualenv.py:178} INFO - Checking for running process with PID 1203
[2025-09-14T12:48:56.873+0000] {virtualenv.py:181} INFO - Process 1203 running: True and has the lock /tmp/cosmos_venv_ecom_marts/cosmos_virtualenv.lock.
[2025-09-14T12:48:56.873+0000] {virtualenv.py:122} INFO - Waiting for virtualenv lock to be released
[2025-09-14T12:48:57.874+0000] {virtualenv.py:178} INFO - Checking for running process with PID 1203
[2025-09-14T12:48:57.875+0000] {virtualenv.py:181} INFO - Process 1203 running: True and has the lock /tmp/cosmos_venv_ecom_marts/cosmos_virtualenv.lock.
[2025-09-14T12:48:57.875+0000] {virtualenv.py:122} INFO - Waiting for virtualenv lock to be released
[2025-09-14T12:48:58.877+0000] {virtualenv.py:178} INFO - Checking for running process with PID 1203
[2025-09-14T12:48:58.878+0000] {virtualenv.py:181} INFO - Process 1203 running: True and has the lock /tmp/cosmos_venv_ecom_marts/cosmos_virtualenv.lock.
[2025-09-14T12:48:58.879+0000] {virtualenv.py:122} INFO - Waiting for virtualenv lock to be released
[2025-09-14T12:48:59.880+0000] {virtualenv.py:178} INFO - Checking for running process with PID 1203
[2025-09-14T12:48:59.881+0000] {virtualenv.py:181} INFO - Process 1203 running: True and has the lock /tmp/cosmos_venv_ecom_marts/cosmos_virtualenv.lock.
[2025-09-14T12:48:59.882+0000] {virtualenv.py:122} INFO - Waiting for virtualenv lock to be released
[2025-09-14T12:49:00.883+0000] {virtualenv.py:178} INFO - Checking for running process with PID 1203
[2025-09-14T12:49:00.883+0000] {virtualenv.py:181} INFO - Process 1203 running: True and has the lock /tmp/cosmos_venv_ecom_marts/cosmos_virtualenv.lock.
[2025-09-14T12:49:00.883+0000] {virtualenv.py:122} INFO - Waiting for virtualenv lock to be released
[2025-09-14T12:49:01.885+0000] {virtualenv.py:178} INFO - Checking for running process with PID 1203
[2025-09-14T12:49:01.886+0000] {virtualenv.py:181} INFO - Process 1203 running: True and has the lock /tmp/cosmos_venv_ecom_marts/cosmos_virtualenv.lock.
[2025-09-14T12:49:01.887+0000] {virtualenv.py:122} INFO - Waiting for virtualenv lock to be released
[2025-09-14T12:49:02.889+0000] {virtualenv.py:178} INFO - Checking for running process with PID 1203
[2025-09-14T12:49:02.890+0000] {virtualenv.py:181} INFO - Process 1203 running: True and has the lock /tmp/cosmos_venv_ecom_marts/cosmos_virtualenv.lock.
[2025-09-14T12:49:02.891+0000] {virtualenv.py:122} INFO - Waiting for virtualenv lock to be released
[2025-09-14T12:49:03.894+0000] {virtualenv.py:178} INFO - Checking for running process with PID 1203
[2025-09-14T12:49:03.894+0000] {virtualenv.py:181} INFO - Process 1203 running: True and has the lock /tmp/cosmos_venv_ecom_marts/cosmos_virtualenv.lock.
[2025-09-14T12:49:03.895+0000] {virtualenv.py:122} INFO - Waiting for virtualenv lock to be released
[2025-09-14T12:49:04.896+0000] {virtualenv.py:178} INFO - Checking for running process with PID 1203
[2025-09-14T12:49:04.897+0000] {virtualenv.py:181} INFO - Process 1203 running: True and has the lock /tmp/cosmos_venv_ecom_marts/cosmos_virtualenv.lock.
[2025-09-14T12:49:04.897+0000] {virtualenv.py:122} INFO - Waiting for virtualenv lock to be released
[2025-09-14T12:49:05.898+0000] {virtualenv.py:178} INFO - Checking for running process with PID 1203
[2025-09-14T12:49:05.899+0000] {virtualenv.py:181} INFO - Process 1203 running: True and has the lock /tmp/cosmos_venv_ecom_marts/cosmos_virtualenv.lock.
[2025-09-14T12:49:05.900+0000] {virtualenv.py:122} INFO - Waiting for virtualenv lock to be released
[2025-09-14T12:49:06.902+0000] {virtualenv.py:178} INFO - Checking for running process with PID 1203
[2025-09-14T12:49:06.903+0000] {virtualenv.py:181} INFO - Process 1203 running: True and has the lock /tmp/cosmos_venv_ecom_marts/cosmos_virtualenv.lock.
[2025-09-14T12:49:06.904+0000] {virtualenv.py:122} INFO - Waiting for virtualenv lock to be released
[2025-09-14T12:49:07.905+0000] {virtualenv.py:178} INFO - Checking for running process with PID 1203
[2025-09-14T12:49:07.907+0000] {virtualenv.py:181} INFO - Process 1203 running: True and has the lock /tmp/cosmos_venv_ecom_marts/cosmos_virtualenv.lock.
[2025-09-14T12:49:07.907+0000] {virtualenv.py:122} INFO - Waiting for virtualenv lock to be released
[2025-09-14T12:49:08.909+0000] {virtualenv.py:178} INFO - Checking for running process with PID 1203
[2025-09-14T12:49:08.910+0000] {virtualenv.py:181} INFO - Process 1203 running: True and has the lock /tmp/cosmos_venv_ecom_marts/cosmos_virtualenv.lock.
[2025-09-14T12:49:08.910+0000] {virtualenv.py:122} INFO - Waiting for virtualenv lock to be released
[2025-09-14T12:49:09.912+0000] {virtualenv.py:178} INFO - Checking for running process with PID 1203
[2025-09-14T12:49:09.913+0000] {virtualenv.py:181} INFO - Process 1203 running: True and has the lock /tmp/cosmos_venv_ecom_marts/cosmos_virtualenv.lock.
[2025-09-14T12:49:09.914+0000] {virtualenv.py:122} INFO - Waiting for virtualenv lock to be released
[2025-09-14T12:49:10.915+0000] {virtualenv.py:178} INFO - Checking for running process with PID 1203
[2025-09-14T12:49:10.916+0000] {virtualenv.py:181} INFO - Process 1203 running: True and has the lock /tmp/cosmos_venv_ecom_marts/cosmos_virtualenv.lock.
[2025-09-14T12:49:10.916+0000] {virtualenv.py:122} INFO - Waiting for virtualenv lock to be released
[2025-09-14T12:49:11.918+0000] {virtualenv.py:178} INFO - Checking for running process with PID 1203
[2025-09-14T12:49:11.921+0000] {virtualenv.py:181} INFO - Process 1203 running: True and has the lock /tmp/cosmos_venv_ecom_marts/cosmos_virtualenv.lock.
[2025-09-14T12:49:11.922+0000] {virtualenv.py:122} INFO - Waiting for virtualenv lock to be released
[2025-09-14T12:49:12.923+0000] {virtualenv.py:178} INFO - Checking for running process with PID 1199
[2025-09-14T12:49:12.924+0000] {virtualenv.py:181} INFO - Process 1199 running: True and has the lock /tmp/cosmos_venv_ecom_marts/cosmos_virtualenv.lock.
[2025-09-14T12:49:12.925+0000] {virtualenv.py:122} INFO - Waiting for virtualenv lock to be released
[2025-09-14T12:49:13.926+0000] {virtualenv.py:178} INFO - Checking for running process with PID 1199
[2025-09-14T12:49:13.927+0000] {virtualenv.py:181} INFO - Process 1199 running: True and has the lock /tmp/cosmos_venv_ecom_marts/cosmos_virtualenv.lock.
[2025-09-14T12:49:13.928+0000] {virtualenv.py:122} INFO - Waiting for virtualenv lock to be released
[2025-09-14T12:49:14.930+0000] {virtualenv.py:178} INFO - Checking for running process with PID 1199
[2025-09-14T12:49:14.930+0000] {virtualenv.py:181} INFO - Process 1199 running: True and has the lock /tmp/cosmos_venv_ecom_marts/cosmos_virtualenv.lock.
[2025-09-14T12:49:14.931+0000] {virtualenv.py:122} INFO - Waiting for virtualenv lock to be released
[2025-09-14T12:49:15.932+0000] {virtualenv.py:178} INFO - Checking for running process with PID 1199
[2025-09-14T12:49:15.934+0000] {virtualenv.py:181} INFO - Process 1199 running: True and has the lock /tmp/cosmos_venv_ecom_marts/cosmos_virtualenv.lock.
[2025-09-14T12:49:15.935+0000] {virtualenv.py:122} INFO - Waiting for virtualenv lock to be released
[2025-09-14T12:49:16.937+0000] {virtualenv.py:178} INFO - Checking for running process with PID 1199
[2025-09-14T12:49:16.938+0000] {virtualenv.py:181} INFO - Process 1199 running: True and has the lock /tmp/cosmos_venv_ecom_marts/cosmos_virtualenv.lock.
[2025-09-14T12:49:16.938+0000] {virtualenv.py:122} INFO - Waiting for virtualenv lock to be released
[2025-09-14T12:49:17.939+0000] {virtualenv.py:178} INFO - Checking for running process with PID 1199
[2025-09-14T12:49:17.939+0000] {virtualenv.py:181} INFO - Process 1199 running: True and has the lock /tmp/cosmos_venv_ecom_marts/cosmos_virtualenv.lock.
[2025-09-14T12:49:17.940+0000] {virtualenv.py:122} INFO - Waiting for virtualenv lock to be released
[2025-09-14T12:49:18.941+0000] {virtualenv.py:178} INFO - Checking for running process with PID 1199
[2025-09-14T12:49:18.942+0000] {virtualenv.py:181} INFO - Process 1199 running: True and has the lock /tmp/cosmos_venv_ecom_marts/cosmos_virtualenv.lock.
[2025-09-14T12:49:18.943+0000] {virtualenv.py:122} INFO - Waiting for virtualenv lock to be released
[2025-09-14T12:49:19.945+0000] {virtualenv.py:178} INFO - Checking for running process with PID 1199
[2025-09-14T12:49:19.946+0000] {virtualenv.py:181} INFO - Process 1199 running: True and has the lock /tmp/cosmos_venv_ecom_marts/cosmos_virtualenv.lock.
[2025-09-14T12:49:19.946+0000] {virtualenv.py:122} INFO - Waiting for virtualenv lock to be released
[2025-09-14T12:49:20.948+0000] {virtualenv.py:178} INFO - Checking for running process with PID 1199
[2025-09-14T12:49:20.949+0000] {virtualenv.py:181} INFO - Process 1199 running: True and has the lock /tmp/cosmos_venv_ecom_marts/cosmos_virtualenv.lock.
[2025-09-14T12:49:20.950+0000] {virtualenv.py:122} INFO - Waiting for virtualenv lock to be released
[2025-09-14T12:49:21.950+0000] {virtualenv.py:178} INFO - Checking for running process with PID 1199
[2025-09-14T12:49:21.950+0000] {virtualenv.py:181} INFO - Process 1199 running: True and has the lock /tmp/cosmos_venv_ecom_marts/cosmos_virtualenv.lock.
[2025-09-14T12:49:21.951+0000] {virtualenv.py:122} INFO - Waiting for virtualenv lock to be released
[2025-09-14T12:49:22.952+0000] {virtualenv.py:178} INFO - Checking for running process with PID 1199
[2025-09-14T12:49:22.953+0000] {virtualenv.py:181} INFO - Process 1199 running: True and has the lock /tmp/cosmos_venv_ecom_marts/cosmos_virtualenv.lock.
[2025-09-14T12:49:22.954+0000] {virtualenv.py:122} INFO - Waiting for virtualenv lock to be released
[2025-09-14T12:49:23.956+0000] {virtualenv.py:178} INFO - Checking for running process with PID 1199
[2025-09-14T12:49:23.957+0000] {virtualenv.py:181} INFO - Process 1199 running: True and has the lock /tmp/cosmos_venv_ecom_marts/cosmos_virtualenv.lock.
[2025-09-14T12:49:23.957+0000] {virtualenv.py:122} INFO - Waiting for virtualenv lock to be released
[2025-09-14T12:49:24.959+0000] {virtualenv.py:178} INFO - Checking for running process with PID 1199
[2025-09-14T12:49:24.960+0000] {virtualenv.py:181} INFO - Process 1199 running: True and has the lock /tmp/cosmos_venv_ecom_marts/cosmos_virtualenv.lock.
[2025-09-14T12:49:24.960+0000] {virtualenv.py:122} INFO - Waiting for virtualenv lock to be released
[2025-09-14T12:49:25.962+0000] {virtualenv.py:178} INFO - Checking for running process with PID 1199
[2025-09-14T12:49:25.963+0000] {virtualenv.py:181} INFO - Process 1199 running: True and has the lock /tmp/cosmos_venv_ecom_marts/cosmos_virtualenv.lock.
[2025-09-14T12:49:25.964+0000] {virtualenv.py:122} INFO - Waiting for virtualenv lock to be released
[2025-09-14T12:49:26.965+0000] {virtualenv.py:178} INFO - Checking for running process with PID 1199
[2025-09-14T12:49:26.966+0000] {virtualenv.py:181} INFO - Process 1199 running: True and has the lock /tmp/cosmos_venv_ecom_marts/cosmos_virtualenv.lock.
[2025-09-14T12:49:26.966+0000] {virtualenv.py:122} INFO - Waiting for virtualenv lock to be released
[2025-09-14T12:49:27.968+0000] {virtualenv.py:178} INFO - Checking for running process with PID 1199
[2025-09-14T12:49:27.969+0000] {virtualenv.py:181} INFO - Process 1199 running: True and has the lock /tmp/cosmos_venv_ecom_marts/cosmos_virtualenv.lock.
[2025-09-14T12:49:27.970+0000] {virtualenv.py:122} INFO - Waiting for virtualenv lock to be released
[2025-09-14T12:49:28.971+0000] {virtualenv.py:178} INFO - Checking for running process with PID 1199
[2025-09-14T12:49:28.972+0000] {virtualenv.py:181} INFO - Process 1199 running: True and has the lock /tmp/cosmos_venv_ecom_marts/cosmos_virtualenv.lock.
[2025-09-14T12:49:28.973+0000] {virtualenv.py:122} INFO - Waiting for virtualenv lock to be released
[2025-09-14T12:49:29.975+0000] {virtualenv.py:178} INFO - Checking for running process with PID 1199
[2025-09-14T12:49:29.976+0000] {virtualenv.py:181} INFO - Process 1199 running: True and has the lock /tmp/cosmos_venv_ecom_marts/cosmos_virtualenv.lock.
[2025-09-14T12:49:29.977+0000] {virtualenv.py:122} INFO - Waiting for virtualenv lock to be released
[2025-09-14T12:49:30.977+0000] {virtualenv.py:178} INFO - Checking for running process with PID 1199
[2025-09-14T12:49:30.978+0000] {virtualenv.py:181} INFO - Process 1199 running: True and has the lock /tmp/cosmos_venv_ecom_marts/cosmos_virtualenv.lock.
[2025-09-14T12:49:30.979+0000] {virtualenv.py:122} INFO - Waiting for virtualenv lock to be released
[2025-09-14T12:49:31.980+0000] {virtualenv.py:178} INFO - Checking for running process with PID 1199
[2025-09-14T12:49:31.981+0000] {virtualenv.py:181} INFO - Process 1199 running: True and has the lock /tmp/cosmos_venv_ecom_marts/cosmos_virtualenv.lock.
[2025-09-14T12:49:31.982+0000] {virtualenv.py:122} INFO - Waiting for virtualenv lock to be released
[2025-09-14T12:49:32.984+0000] {virtualenv.py:178} INFO - Checking for running process with PID 1199
[2025-09-14T12:49:32.985+0000] {virtualenv.py:181} INFO - Process 1199 running: True and has the lock /tmp/cosmos_venv_ecom_marts/cosmos_virtualenv.lock.
[2025-09-14T12:49:32.985+0000] {virtualenv.py:122} INFO - Waiting for virtualenv lock to be released
[2025-09-14T12:49:33.987+0000] {virtualenv.py:178} INFO - Checking for running process with PID 1199
[2025-09-14T12:49:33.988+0000] {virtualenv.py:181} INFO - Process 1199 running: True and has the lock /tmp/cosmos_venv_ecom_marts/cosmos_virtualenv.lock.
[2025-09-14T12:49:33.989+0000] {virtualenv.py:122} INFO - Waiting for virtualenv lock to be released
[2025-09-14T12:49:34.991+0000] {virtualenv.py:178} INFO - Checking for running process with PID 1199
[2025-09-14T12:49:34.992+0000] {virtualenv.py:181} INFO - Process 1199 running: True and has the lock /tmp/cosmos_venv_ecom_marts/cosmos_virtualenv.lock.
[2025-09-14T12:49:34.992+0000] {virtualenv.py:122} INFO - Waiting for virtualenv lock to be released
[2025-09-14T12:49:35.994+0000] {virtualenv.py:178} INFO - Checking for running process with PID 1199
[2025-09-14T12:49:35.994+0000] {virtualenv.py:181} INFO - Process 1199 running: True and has the lock /tmp/cosmos_venv_ecom_marts/cosmos_virtualenv.lock.
[2025-09-14T12:49:35.995+0000] {virtualenv.py:122} INFO - Waiting for virtualenv lock to be released
[2025-09-14T12:49:36.996+0000] {virtualenv.py:178} INFO - Checking for running process with PID 1199
[2025-09-14T12:49:36.997+0000] {virtualenv.py:181} INFO - Process 1199 running: True and has the lock /tmp/cosmos_venv_ecom_marts/cosmos_virtualenv.lock.
[2025-09-14T12:49:36.998+0000] {virtualenv.py:122} INFO - Waiting for virtualenv lock to be released
[2025-09-14T12:49:37.999+0000] {virtualenv.py:178} INFO - Checking for running process with PID 1199
[2025-09-14T12:49:38.000+0000] {virtualenv.py:181} INFO - Process 1199 running: True and has the lock /tmp/cosmos_venv_ecom_marts/cosmos_virtualenv.lock.
[2025-09-14T12:49:38.002+0000] {virtualenv.py:122} INFO - Waiting for virtualenv lock to be released
[2025-09-14T12:49:39.003+0000] {virtualenv.py:178} INFO - Checking for running process with PID 1199
[2025-09-14T12:49:39.003+0000] {virtualenv.py:181} INFO - Process 1199 running: True and has the lock /tmp/cosmos_venv_ecom_marts/cosmos_virtualenv.lock.
[2025-09-14T12:49:39.004+0000] {virtualenv.py:122} INFO - Waiting for virtualenv lock to be released
[2025-09-14T12:49:40.005+0000] {virtualenv.py:178} INFO - Checking for running process with PID 1391
[2025-09-14T12:49:40.006+0000] {virtualenv.py:181} INFO - Process 1391 running: True and has the lock /tmp/cosmos_venv_ecom_marts/cosmos_virtualenv.lock.
[2025-09-14T12:49:40.006+0000] {virtualenv.py:122} INFO - Waiting for virtualenv lock to be released
[2025-09-14T12:49:41.008+0000] {virtualenv.py:178} INFO - Checking for running process with PID 1391
[2025-09-14T12:49:41.009+0000] {virtualenv.py:181} INFO - Process 1391 running: True and has the lock /tmp/cosmos_venv_ecom_marts/cosmos_virtualenv.lock.
[2025-09-14T12:49:41.009+0000] {virtualenv.py:122} INFO - Waiting for virtualenv lock to be released
[2025-09-14T12:49:42.011+0000] {virtualenv.py:178} INFO - Checking for running process with PID 1391
[2025-09-14T12:49:42.012+0000] {virtualenv.py:181} INFO - Process 1391 running: True and has the lock /tmp/cosmos_venv_ecom_marts/cosmos_virtualenv.lock.
[2025-09-14T12:49:42.013+0000] {virtualenv.py:122} INFO - Waiting for virtualenv lock to be released
[2025-09-14T12:49:43.015+0000] {virtualenv.py:178} INFO - Checking for running process with PID 1391
[2025-09-14T12:49:43.015+0000] {virtualenv.py:181} INFO - Process 1391 running: True and has the lock /tmp/cosmos_venv_ecom_marts/cosmos_virtualenv.lock.
[2025-09-14T12:49:43.016+0000] {virtualenv.py:122} INFO - Waiting for virtualenv lock to be released
[2025-09-14T12:49:44.018+0000] {virtualenv.py:178} INFO - Checking for running process with PID 1391
[2025-09-14T12:49:44.018+0000] {virtualenv.py:181} INFO - Process 1391 running: True and has the lock /tmp/cosmos_venv_ecom_marts/cosmos_virtualenv.lock.
[2025-09-14T12:49:44.019+0000] {virtualenv.py:122} INFO - Waiting for virtualenv lock to be released
[2025-09-14T12:49:45.020+0000] {virtualenv.py:178} INFO - Checking for running process with PID 1391
[2025-09-14T12:49:45.021+0000] {virtualenv.py:181} INFO - Process 1391 running: True and has the lock /tmp/cosmos_venv_ecom_marts/cosmos_virtualenv.lock.
[2025-09-14T12:49:45.021+0000] {virtualenv.py:122} INFO - Waiting for virtualenv lock to be released
[2025-09-14T12:49:46.023+0000] {virtualenv.py:178} INFO - Checking for running process with PID 1391
[2025-09-14T12:49:46.024+0000] {virtualenv.py:181} INFO - Process 1391 running: True and has the lock /tmp/cosmos_venv_ecom_marts/cosmos_virtualenv.lock.
[2025-09-14T12:49:46.024+0000] {virtualenv.py:122} INFO - Waiting for virtualenv lock to be released
[2025-09-14T12:49:47.025+0000] {virtualenv.py:178} INFO - Checking for running process with PID 1391
[2025-09-14T12:49:47.026+0000] {virtualenv.py:181} INFO - Process 1391 running: True and has the lock /tmp/cosmos_venv_ecom_marts/cosmos_virtualenv.lock.
[2025-09-14T12:49:47.026+0000] {virtualenv.py:122} INFO - Waiting for virtualenv lock to be released
[2025-09-14T12:49:48.028+0000] {virtualenv.py:178} INFO - Checking for running process with PID 1391
[2025-09-14T12:49:48.028+0000] {virtualenv.py:181} INFO - Process 1391 running: True and has the lock /tmp/cosmos_venv_ecom_marts/cosmos_virtualenv.lock.
[2025-09-14T12:49:48.029+0000] {virtualenv.py:122} INFO - Waiting for virtualenv lock to be released
[2025-09-14T12:49:49.030+0000] {virtualenv.py:178} INFO - Checking for running process with PID 1391
[2025-09-14T12:49:49.031+0000] {virtualenv.py:181} INFO - Process 1391 running: True and has the lock /tmp/cosmos_venv_ecom_marts/cosmos_virtualenv.lock.
[2025-09-14T12:49:49.032+0000] {virtualenv.py:122} INFO - Waiting for virtualenv lock to be released
[2025-09-14T12:49:50.034+0000] {virtualenv.py:178} INFO - Checking for running process with PID 1391
[2025-09-14T12:49:50.034+0000] {virtualenv.py:181} INFO - Process 1391 running: True and has the lock /tmp/cosmos_venv_ecom_marts/cosmos_virtualenv.lock.
[2025-09-14T12:49:50.035+0000] {virtualenv.py:122} INFO - Waiting for virtualenv lock to be released
[2025-09-14T12:49:51.034+0000] {virtualenv.py:178} INFO - Checking for running process with PID 1391
[2025-09-14T12:49:51.035+0000] {virtualenv.py:181} INFO - Process 1391 running: True and has the lock /tmp/cosmos_venv_ecom_marts/cosmos_virtualenv.lock.
[2025-09-14T12:49:51.035+0000] {virtualenv.py:122} INFO - Waiting for virtualenv lock to be released
[2025-09-14T12:49:52.038+0000] {virtualenv.py:178} INFO - Checking for running process with PID 1391
[2025-09-14T12:49:52.038+0000] {virtualenv.py:181} INFO - Process 1391 running: True and has the lock /tmp/cosmos_venv_ecom_marts/cosmos_virtualenv.lock.
[2025-09-14T12:49:52.039+0000] {virtualenv.py:122} INFO - Waiting for virtualenv lock to be released
[2025-09-14T12:49:53.040+0000] {virtualenv.py:178} INFO - Checking for running process with PID 1391
[2025-09-14T12:49:53.041+0000] {virtualenv.py:181} INFO - Process 1391 running: True and has the lock /tmp/cosmos_venv_ecom_marts/cosmos_virtualenv.lock.
[2025-09-14T12:49:53.041+0000] {virtualenv.py:122} INFO - Waiting for virtualenv lock to be released
[2025-09-14T12:49:54.042+0000] {virtualenv.py:178} INFO - Checking for running process with PID 1391
[2025-09-14T12:49:54.043+0000] {virtualenv.py:181} INFO - Process 1391 running: True and has the lock /tmp/cosmos_venv_ecom_marts/cosmos_virtualenv.lock.
[2025-09-14T12:49:54.043+0000] {virtualenv.py:122} INFO - Waiting for virtualenv lock to be released
[2025-09-14T12:49:55.045+0000] {virtualenv.py:178} INFO - Checking for running process with PID 1391
[2025-09-14T12:49:55.046+0000] {virtualenv.py:181} INFO - Process 1391 running: True and has the lock /tmp/cosmos_venv_ecom_marts/cosmos_virtualenv.lock.
[2025-09-14T12:49:55.046+0000] {virtualenv.py:122} INFO - Waiting for virtualenv lock to be released
[2025-09-14T12:49:56.047+0000] {virtualenv.py:178} INFO - Checking for running process with PID 1205
[2025-09-14T12:49:56.048+0000] {virtualenv.py:181} INFO - Process 1205 running: True and has the lock /tmp/cosmos_venv_ecom_marts/cosmos_virtualenv.lock.
[2025-09-14T12:49:56.049+0000] {virtualenv.py:122} INFO - Waiting for virtualenv lock to be released
[2025-09-14T12:49:57.050+0000] {virtualenv.py:178} INFO - Checking for running process with PID 1205
[2025-09-14T12:49:57.051+0000] {virtualenv.py:181} INFO - Process 1205 running: True and has the lock /tmp/cosmos_venv_ecom_marts/cosmos_virtualenv.lock.
[2025-09-14T12:49:57.051+0000] {virtualenv.py:122} INFO - Waiting for virtualenv lock to be released
[2025-09-14T12:49:58.054+0000] {virtualenv.py:178} INFO - Checking for running process with PID 1205
[2025-09-14T12:49:58.054+0000] {virtualenv.py:181} INFO - Process 1205 running: True and has the lock /tmp/cosmos_venv_ecom_marts/cosmos_virtualenv.lock.
[2025-09-14T12:49:58.055+0000] {virtualenv.py:122} INFO - Waiting for virtualenv lock to be released
[2025-09-14T12:49:59.057+0000] {virtualenv.py:178} INFO - Checking for running process with PID 1205
[2025-09-14T12:49:59.057+0000] {virtualenv.py:181} INFO - Process 1205 running: True and has the lock /tmp/cosmos_venv_ecom_marts/cosmos_virtualenv.lock.
[2025-09-14T12:49:59.058+0000] {virtualenv.py:122} INFO - Waiting for virtualenv lock to be released
[2025-09-14T12:50:00.059+0000] {virtualenv.py:178} INFO - Checking for running process with PID 1205
[2025-09-14T12:50:00.060+0000] {virtualenv.py:181} INFO - Process 1205 running: True and has the lock /tmp/cosmos_venv_ecom_marts/cosmos_virtualenv.lock.
[2025-09-14T12:50:00.060+0000] {virtualenv.py:122} INFO - Waiting for virtualenv lock to be released
[2025-09-14T12:50:01.062+0000] {virtualenv.py:178} INFO - Checking for running process with PID 1205
[2025-09-14T12:50:01.063+0000] {virtualenv.py:181} INFO - Process 1205 running: True and has the lock /tmp/cosmos_venv_ecom_marts/cosmos_virtualenv.lock.
[2025-09-14T12:50:01.063+0000] {virtualenv.py:122} INFO - Waiting for virtualenv lock to be released
[2025-09-14T12:50:02.065+0000] {virtualenv.py:178} INFO - Checking for running process with PID 1205
[2025-09-14T12:50:02.066+0000] {virtualenv.py:181} INFO - Process 1205 running: True and has the lock /tmp/cosmos_venv_ecom_marts/cosmos_virtualenv.lock.
[2025-09-14T12:50:02.066+0000] {virtualenv.py:122} INFO - Waiting for virtualenv lock to be released
[2025-09-14T12:50:03.068+0000] {virtualenv.py:178} INFO - Checking for running process with PID 1205
[2025-09-14T12:50:03.068+0000] {virtualenv.py:181} INFO - Process 1205 running: True and has the lock /tmp/cosmos_venv_ecom_marts/cosmos_virtualenv.lock.
[2025-09-14T12:50:03.069+0000] {virtualenv.py:122} INFO - Waiting for virtualenv lock to be released
[2025-09-14T12:50:04.071+0000] {virtualenv.py:178} INFO - Checking for running process with PID 1205
[2025-09-14T12:50:04.072+0000] {virtualenv.py:181} INFO - Process 1205 running: True and has the lock /tmp/cosmos_venv_ecom_marts/cosmos_virtualenv.lock.
[2025-09-14T12:50:04.072+0000] {virtualenv.py:122} INFO - Waiting for virtualenv lock to be released
[2025-09-14T12:50:05.074+0000] {virtualenv.py:178} INFO - Checking for running process with PID 1205
[2025-09-14T12:50:05.075+0000] {virtualenv.py:181} INFO - Process 1205 running: True and has the lock /tmp/cosmos_venv_ecom_marts/cosmos_virtualenv.lock.
[2025-09-14T12:50:05.075+0000] {virtualenv.py:122} INFO - Waiting for virtualenv lock to be released
[2025-09-14T12:50:06.076+0000] {virtualenv.py:178} INFO - Checking for running process with PID 1205
[2025-09-14T12:50:06.077+0000] {virtualenv.py:181} INFO - Process 1205 running: True and has the lock /tmp/cosmos_venv_ecom_marts/cosmos_virtualenv.lock.
[2025-09-14T12:50:06.078+0000] {virtualenv.py:122} INFO - Waiting for virtualenv lock to be released
[2025-09-14T12:50:07.079+0000] {virtualenv.py:178} INFO - Checking for running process with PID 1205
[2025-09-14T12:50:07.080+0000] {virtualenv.py:181} INFO - Process 1205 running: True and has the lock /tmp/cosmos_venv_ecom_marts/cosmos_virtualenv.lock.
[2025-09-14T12:50:07.080+0000] {virtualenv.py:122} INFO - Waiting for virtualenv lock to be released
[2025-09-14T12:50:08.081+0000] {virtualenv.py:178} INFO - Checking for running process with PID 1205
[2025-09-14T12:50:08.082+0000] {virtualenv.py:181} INFO - Process 1205 running: True and has the lock /tmp/cosmos_venv_ecom_marts/cosmos_virtualenv.lock.
[2025-09-14T12:50:08.083+0000] {virtualenv.py:122} INFO - Waiting for virtualenv lock to be released
[2025-09-14T12:50:09.084+0000] {virtualenv.py:178} INFO - Checking for running process with PID 1205
[2025-09-14T12:50:09.085+0000] {virtualenv.py:181} INFO - Process 1205 running: True and has the lock /tmp/cosmos_venv_ecom_marts/cosmos_virtualenv.lock.
[2025-09-14T12:50:09.086+0000] {virtualenv.py:122} INFO - Waiting for virtualenv lock to be released
[2025-09-14T12:50:10.087+0000] {virtualenv.py:178} INFO - Checking for running process with PID 1205
[2025-09-14T12:50:10.088+0000] {virtualenv.py:181} INFO - Process 1205 running: True and has the lock /tmp/cosmos_venv_ecom_marts/cosmos_virtualenv.lock.
[2025-09-14T12:50:10.088+0000] {virtualenv.py:122} INFO - Waiting for virtualenv lock to be released
[2025-09-14T12:50:11.090+0000] {virtualenv.py:178} INFO - Checking for running process with PID 1205
[2025-09-14T12:50:11.091+0000] {virtualenv.py:181} INFO - Process 1205 running: True and has the lock /tmp/cosmos_venv_ecom_marts/cosmos_virtualenv.lock.
[2025-09-14T12:50:11.091+0000] {virtualenv.py:122} INFO - Waiting for virtualenv lock to be released
[2025-09-14T12:50:12.092+0000] {virtualenv.py:178} INFO - Checking for running process with PID 1200
[2025-09-14T12:50:12.093+0000] {virtualenv.py:181} INFO - Process 1200 running: True and has the lock /tmp/cosmos_venv_ecom_marts/cosmos_virtualenv.lock.
[2025-09-14T12:50:12.093+0000] {virtualenv.py:122} INFO - Waiting for virtualenv lock to be released
[2025-09-14T12:50:13.094+0000] {virtualenv.py:178} INFO - Checking for running process with PID 1200
[2025-09-14T12:50:13.095+0000] {virtualenv.py:181} INFO - Process 1200 running: True and has the lock /tmp/cosmos_venv_ecom_marts/cosmos_virtualenv.lock.
[2025-09-14T12:50:13.095+0000] {virtualenv.py:122} INFO - Waiting for virtualenv lock to be released
[2025-09-14T12:50:14.096+0000] {virtualenv.py:178} INFO - Checking for running process with PID 1200
[2025-09-14T12:50:14.096+0000] {virtualenv.py:181} INFO - Process 1200 running: True and has the lock /tmp/cosmos_venv_ecom_marts/cosmos_virtualenv.lock.
[2025-09-14T12:50:14.097+0000] {virtualenv.py:122} INFO - Waiting for virtualenv lock to be released
[2025-09-14T12:50:15.099+0000] {virtualenv.py:178} INFO - Checking for running process with PID 1200
[2025-09-14T12:50:15.099+0000] {virtualenv.py:181} INFO - Process 1200 running: True and has the lock /tmp/cosmos_venv_ecom_marts/cosmos_virtualenv.lock.
[2025-09-14T12:50:15.100+0000] {virtualenv.py:122} INFO - Waiting for virtualenv lock to be released
[2025-09-14T12:50:16.101+0000] {virtualenv.py:178} INFO - Checking for running process with PID 1200
[2025-09-14T12:50:16.102+0000] {virtualenv.py:181} INFO - Process 1200 running: True and has the lock /tmp/cosmos_venv_ecom_marts/cosmos_virtualenv.lock.
[2025-09-14T12:50:16.102+0000] {virtualenv.py:122} INFO - Waiting for virtualenv lock to be released
[2025-09-14T12:50:17.104+0000] {virtualenv.py:178} INFO - Checking for running process with PID 1200
[2025-09-14T12:50:17.104+0000] {virtualenv.py:181} INFO - Process 1200 running: True and has the lock /tmp/cosmos_venv_ecom_marts/cosmos_virtualenv.lock.
[2025-09-14T12:50:17.105+0000] {virtualenv.py:122} INFO - Waiting for virtualenv lock to be released
[2025-09-14T12:50:18.106+0000] {virtualenv.py:178} INFO - Checking for running process with PID 1200
[2025-09-14T12:50:18.107+0000] {virtualenv.py:181} INFO - Process 1200 running: True and has the lock /tmp/cosmos_venv_ecom_marts/cosmos_virtualenv.lock.
[2025-09-14T12:50:18.107+0000] {virtualenv.py:122} INFO - Waiting for virtualenv lock to be released
[2025-09-14T12:50:19.109+0000] {virtualenv.py:178} INFO - Checking for running process with PID 1209
[2025-09-14T12:50:19.110+0000] {virtualenv.py:181} INFO - Process 1209 running: True and has the lock /tmp/cosmos_venv_ecom_marts/cosmos_virtualenv.lock.
[2025-09-14T12:50:19.111+0000] {virtualenv.py:126} INFO - Acquiring the virtualenv lock
[2025-09-14T12:50:19.112+0000] {virtualenv.py:195} INFO - Acquiring lock at /tmp/cosmos_venv_ecom_marts/cosmos_virtualenv.lock with pid 1211
[2025-09-14T12:50:19.112+0000] {virtualenv.py:153} INFO - Creating or updating the virtualenv at `/tmp/cosmos_venv_ecom_marts
[2025-09-14T12:50:19.113+0000] {process_utils.py:183} INFO - Executing cmd: /home/***/.local/bin/python -m virtualenv /tmp/cosmos_venv_ecom_marts --python=python3
[2025-09-14T12:50:19.115+0000] {process_utils.py:187} INFO - Output:
[2025-09-14T12:50:23.160+0000] {process_utils.py:191} INFO - created virtual environment CPython3.10.14.final.0-64 in 1285ms
[2025-09-14T12:50:23.162+0000] {process_utils.py:191} INFO -   creator CPython3Posix(dest=/tmp/cosmos_venv_ecom_marts, clear=False, no_vcs_ignore=False, global=False)
[2025-09-14T12:50:23.163+0000] {process_utils.py:191} INFO -   seeder FromAppData(download=False, pip=bundle, setuptools=bundle, wheel=bundle, via=copy, app_data_dir=/home/***/.local/share/virtualenv)
[2025-09-14T12:50:23.165+0000] {process_utils.py:191} INFO -     added seed packages: MarkupSafe==3.0.2, PyYAML==6.0.2, agate==1.9.1, annotated_types==0.7.0, attrs==25.3.0, babel==2.17.0, certifi==2025.8.3, charset_normalizer==3.4.3, click==8.2.1, clickhouse_connect==0.8.18, clickhouse_driver==0.2.9, colorama==0.4.6, daff==1.4.2, dbt_adapters==1.16.7, dbt_clickhouse==1.9.3, dbt_common==1.30.0, dbt_core==1.10.11, dbt_extractor==0.6.0, dbt_protos==1.0.375, dbt_semantic_interfaces==0.9.0, deepdiff==8.6.1, idna==3.10, importlib_metadata==8.7.0, isodate==0.6.1, jinja2==3.1.6, jsonschema==4.25.1, jsonschema_specifications==2025.9.1, leather==0.4.0, lz4==4.4.4, mashumaro==3.14, more_itertools==10.8.0, msgpack==1.1.1, networkx==3.4.2, orderly_set==5.5.0, packaging==25.0, parsedatetime==2.6, pathspec==0.12.1, pip==25.2, protobuf==6.32.1, pydantic==2.11.9, pydantic_core==2.33.2, python_dateutil==2.9.0.post0, python_slugify==8.0.4, pytimeparse==1.1.8, pytz==2025.2, referencing==0.36.2, requests==2.32.5, rpds_py==0.27.1, setuptools==80.9.0, six==1.17.0, snowplow_tracker==1.1.0, sqlparse==0.5.3, text_unidecode==1.3, typing_extensions==4.15.0, typing_inspection==0.4.1, tzlocal==5.3.1, urllib3==2.5.0, wheel==0.45.1, zipp==3.23.0, zstandard==0.24.0
[2025-09-14T12:50:23.168+0000] {process_utils.py:191} INFO -   activators BashActivator,CShellActivator,FishActivator,NushellActivator,PowerShellActivator,PythonActivator
[2025-09-14T12:50:23.283+0000] {process_utils.py:183} INFO - Executing cmd: /tmp/cosmos_venv_ecom_marts/bin/pip install dbt-clickhouse
[2025-09-14T12:50:23.286+0000] {process_utils.py:187} INFO - Output:
[2025-09-14T12:50:23.347+0000] {process_utils.py:191} INFO - /tmp/cosmos_venv_ecom_marts/bin/python: can't open file '/tmp/cosmos_venv_ecom_marts/bin/pip': [Errno 2] No such file or directory
[2025-09-14T12:50:23.352+0000] {virtualenv.py:131} INFO - Releasing virtualenv lock
[2025-09-14T12:50:23.353+0000] {virtualenv.py:210} WARNING - Lockfile owned by process of pid 1221, while operator has pid 1211
[2025-09-14T12:50:23.354+0000] {taskinstance.py:441} INFO - ::group::Post task execution logs
[2025-09-14T12:50:23.355+0000] {taskinstance.py:2905} ERROR - Task failed with exception
Traceback (most recent call last):
  File "/home/airflow/.local/lib/python3.10/site-packages/airflow/models/taskinstance.py", line 465, in _execute_task
    result = _execute_callable(context=context, **execute_callable_kwargs)
  File "/home/airflow/.local/lib/python3.10/site-packages/airflow/models/taskinstance.py", line 432, in _execute_callable
    return execute_callable(context=context, **execute_callable_kwargs)
  File "/home/airflow/.local/lib/python3.10/site-packages/airflow/models/baseoperator.py", line 401, in wrapper
    return func(self, *args, **kwargs)
  File "/home/airflow/.local/lib/python3.10/site-packages/cosmos/operators/virtualenv.py", line 144, in execute
    output = super().execute(context)
  File "/home/airflow/.local/lib/python3.10/site-packages/cosmos/operators/base.py", line 310, in execute
    self.build_and_run_cmd(context=context, cmd_flags=self.add_cmd_flags())
  File "/home/airflow/.local/lib/python3.10/site-packages/cosmos/operators/local.py", line 853, in build_and_run_cmd
    result = self.run_command(
  File "/home/airflow/.local/lib/python3.10/site-packages/cosmos/operators/virtualenv.py", line 128, in run_command
    self._py_bin = self._prepare_virtualenv()
  File "/home/airflow/.local/lib/python3.10/site-packages/cosmos/operators/virtualenv.py", line 154, in _prepare_virtualenv
    py_bin = prepare_virtualenv(
  File "/home/airflow/.local/lib/python3.10/site-packages/airflow/utils/python_virtualenv.py", line 119, in prepare_virtualenv
    execute_in_subprocess(pip_cmd)
  File "/home/airflow/.local/lib/python3.10/site-packages/airflow/utils/process_utils.py", line 172, in execute_in_subprocess
    execute_in_subprocess_with_kwargs(cmd, cwd=cwd)
  File "/home/airflow/.local/lib/python3.10/site-packages/airflow/utils/process_utils.py", line 195, in execute_in_subprocess_with_kwargs
    raise subprocess.CalledProcessError(exit_code, cmd)
subprocess.CalledProcessError: Command '['/tmp/cosmos_venv_ecom_marts/bin/pip', 'install', 'dbt-clickhouse']' returned non-zero exit status 2.
[2025-09-14T12:50:23.469+0000] {taskinstance.py:1206} INFO - Marking task as FAILED. dag_id=dbt_marts, task_id=marts.dim_customers.run, run_id=scheduled__2025-09-13T00:00:00+00:00, execution_date=20250913T000000, start_date=20250914T124814, end_date=20250914T125023
[2025-09-14T12:50:23.530+0000] {standard_task_runner.py:110} ERROR - Failed to execute job 279 for task marts.dim_customers.run (Command '['/tmp/cosmos_venv_ecom_marts/bin/pip', 'install', 'dbt-clickhouse']' returned non-zero exit status 2.; 1211)
[2025-09-14T12:50:23.568+0000] {local_task_job_runner.py:243} INFO - Task exited with return code 1
[2025-09-14T12:50:23.762+0000] {taskinstance.py:3503} INFO - 0 downstream tasks scheduled from follow-on schedule check
[2025-09-14T12:50:23.771+0000] {local_task_job_runner.py:222} INFO - ::endgroup::
