[2025-09-12T09:08:13.723+0000] {local_task_job_runner.py:120} INFO - ::group::Pre task execution logs
[2025-09-12T09:08:13.917+0000] {taskinstance.py:2076} INFO - Dependencies all met for dep_context=non-requeueable deps ti=<TaskInstance: generate_append_latest_pipeline.generate_latest_data scheduled__2025-09-11T00:00:00+00:00 [queued]>
[2025-09-12T09:08:13.935+0000] {taskinstance.py:2076} INFO - Dependencies all met for dep_context=requeueable deps ti=<TaskInstance: generate_append_latest_pipeline.generate_latest_data scheduled__2025-09-11T00:00:00+00:00 [queued]>
[2025-09-12T09:08:13.936+0000] {taskinstance.py:2306} INFO - Starting attempt 1 of 2
[2025-09-12T09:08:13.972+0000] {taskinstance.py:2330} INFO - Executing <Task(PythonOperator): generate_latest_data> on 2025-09-11 00:00:00+00:00
[2025-09-12T09:08:13.995+0000] {standard_task_runner.py:64} INFO - Started process 172 to run task
[2025-09-12T09:08:14.000+0000] {standard_task_runner.py:90} INFO - Running: ['***', 'tasks', 'run', 'generate_append_latest_pipeline', 'generate_latest_data', 'scheduled__2025-09-11T00:00:00+00:00', '--job-id', '75', '--raw', '--subdir', 'DAGS_FOLDER/sync_data.py', '--cfg-path', '/tmp/tmpdfvvpg60']
[2025-09-12T09:08:14.008+0000] {standard_task_runner.py:91} INFO - Job 75: Subtask generate_latest_data
[2025-09-12T09:08:14.505+0000] {task_command.py:426} INFO - Running <TaskInstance: generate_append_latest_pipeline.generate_latest_data scheduled__2025-09-11T00:00:00+00:00 [running]> on host e95bde6b8d07
[2025-09-12T09:08:15.000+0000] {taskinstance.py:2648} INFO - Exporting env vars: AIRFLOW_CTX_DAG_OWNER='***' AIRFLOW_CTX_DAG_ID='generate_append_latest_pipeline' AIRFLOW_CTX_TASK_ID='generate_latest_data' AIRFLOW_CTX_EXECUTION_DATE='2025-09-11T00:00:00+00:00' AIRFLOW_CTX_TRY_NUMBER='1' AIRFLOW_CTX_DAG_RUN_ID='scheduled__2025-09-11T00:00:00+00:00'
[2025-09-12T09:08:15.002+0000] {taskinstance.py:430} INFO - ::endgroup::
[2025-09-12T09:08:15.059+0000] {logging_mixin.py:188} INFO - Generating data for period: 2025-08-13 to 2025-09-12
[2025-09-12T09:08:15.059+0000] {logging_mixin.py:188} INFO - Generating products...
[2025-09-12T09:08:17.682+0000] {logging_mixin.py:188} INFO - Generating customers...
[2025-09-12T09:08:17.683+0000] {logging_mixin.py:188} INFO - Historic customers file not found. Generating all new customers.
[2025-09-12T09:08:18.043+0000] {logging_mixin.py:188} INFO - Generated total of 1000 customers
[2025-09-12T09:08:18.044+0000] {logging_mixin.py:188} INFO - - Returning customers: 0
[2025-09-12T09:08:18.044+0000] {logging_mixin.py:188} INFO - - New customers: 1000
[2025-09-12T09:08:18.045+0000] {logging_mixin.py:188} INFO - Generating orders...
[2025-09-12T09:08:20.068+0000] {logging_mixin.py:188} INFO - Generating reviews...
[2025-09-12T09:08:28.024+0000] {logging_mixin.py:188} INFO - Generating customer interactions...
[2025-09-12T09:08:30.877+0000] {logging_mixin.py:188} INFO - Uploaded customers to S3: s3://latest-ecom/json/customers.json
[2025-09-12T09:08:30.913+0000] {logging_mixin.py:188} INFO - Uploaded products to S3: s3://latest-ecom/json/products.json
[2025-09-12T09:08:30.970+0000] {logging_mixin.py:188} INFO - Uploaded orders to S3: s3://latest-ecom/json/orders.json
[2025-09-12T09:08:31.036+0000] {logging_mixin.py:188} INFO - Uploaded reviews to S3: s3://latest-ecom/json/reviews.json
[2025-09-12T09:08:31.037+0000] {logging_mixin.py:188} INFO - Loading categories to PostgreSQL as latest_categories
[2025-09-12T09:08:31.275+0000] {logging_mixin.py:188} INFO - Loaded 5 rows to PostgreSQL table: latest_categories
[2025-09-12T09:08:31.276+0000] {logging_mixin.py:188} INFO - Loading subcategories to PostgreSQL as latest_subcategories
[2025-09-12T09:08:31.309+0000] {logging_mixin.py:188} INFO - Loaded 25 rows to PostgreSQL table: latest_subcategories
[2025-09-12T09:08:31.310+0000] {logging_mixin.py:188} INFO - Loading order_items to PostgreSQL as latest_order_items
[2025-09-12T09:08:31.380+0000] {logging_mixin.py:188} INFO - Loaded 6147 rows to PostgreSQL table: latest_order_items
[2025-09-12T09:08:31.380+0000] {logging_mixin.py:188} INFO - Loading interactions to PostgreSQL as latest_interactions
[2025-09-12T09:08:31.511+0000] {logging_mixin.py:188} INFO - Loaded 9882 rows to PostgreSQL table: latest_interactions
[2025-09-12T09:08:31.520+0000] {logging_mixin.py:188} INFO - Saved customers to generated_latest_data/customers.csv
[2025-09-12T09:08:31.528+0000] {logging_mixin.py:188} INFO - Saved products to generated_latest_data/products.csv
[2025-09-12T09:08:31.529+0000] {logging_mixin.py:188} INFO - Saved categories to generated_latest_data/categories.csv
[2025-09-12T09:08:31.531+0000] {logging_mixin.py:188} INFO - Saved subcategories to generated_latest_data/subcategories.csv
[2025-09-12T09:08:31.548+0000] {logging_mixin.py:188} INFO - Saved orders to generated_latest_data/orders.csv
[2025-09-12T09:08:31.569+0000] {logging_mixin.py:188} INFO - Saved order_items to generated_latest_data/order_items.csv
[2025-09-12T09:08:31.581+0000] {logging_mixin.py:188} INFO - Saved reviews to generated_latest_data/reviews.csv
[2025-09-12T09:08:31.623+0000] {logging_mixin.py:188} INFO - Saved interactions to generated_latest_data/interactions.csv
[2025-09-12T09:08:31.630+0000] {logging_mixin.py:188} INFO - Saved customers to generated_latest_data/customers.csv
[2025-09-12T09:08:31.638+0000] {logging_mixin.py:188} INFO - Saved products to generated_latest_data/products.csv
[2025-09-12T09:08:31.640+0000] {logging_mixin.py:188} INFO - Saved categories to generated_latest_data/categories.csv
[2025-09-12T09:08:31.641+0000] {logging_mixin.py:188} INFO - Saved subcategories to generated_latest_data/subcategories.csv
[2025-09-12T09:08:31.657+0000] {logging_mixin.py:188} INFO - Saved orders to generated_latest_data/orders.csv
[2025-09-12T09:08:31.676+0000] {logging_mixin.py:188} INFO - Saved order_items to generated_latest_data/order_items.csv
[2025-09-12T09:08:31.688+0000] {logging_mixin.py:188} INFO - Saved reviews to generated_latest_data/reviews.csv
[2025-09-12T09:08:31.733+0000] {logging_mixin.py:188} INFO - Saved interactions to generated_latest_data/interactions.csv
[2025-09-12T09:08:31.734+0000] {logging_mixin.py:188} INFO - Latest data generation completed successfully
[2025-09-12T09:08:31.736+0000] {python.py:237} INFO - Done. Returned value was: True
[2025-09-12T09:08:31.736+0000] {taskinstance.py:441} INFO - ::group::Post task execution logs
[2025-09-12T09:08:31.831+0000] {taskinstance.py:1206} INFO - Marking task as SUCCESS. dag_id=generate_append_latest_pipeline, task_id=generate_latest_data, run_id=scheduled__2025-09-11T00:00:00+00:00, execution_date=20250911T000000, start_date=20250912T090813, end_date=20250912T090831
[2025-09-12T09:08:31.875+0000] {local_task_job_runner.py:243} INFO - Task exited with return code 0
[2025-09-12T09:08:31.921+0000] {taskinstance.py:3503} INFO - 1 downstream tasks scheduled from follow-on schedule check
[2025-09-12T09:08:31.941+0000] {local_task_job_runner.py:222} INFO - ::endgroup::
