[2025-09-13T09:55:34.499+0000] {local_task_job_runner.py:120} INFO - ::group::Pre task execution logs
[2025-09-13T09:55:34.794+0000] {taskinstance.py:2076} INFO - Dependencies all met for dep_context=non-requeueable deps ti=<TaskInstance: dbt_staging.dbt_ecom.STG_ORDERS_run manual__2025-09-13T09:54:30.952299+00:00 [queued]>
[2025-09-13T09:55:34.810+0000] {taskinstance.py:2076} INFO - Dependencies all met for dep_context=requeueable deps ti=<TaskInstance: dbt_staging.dbt_ecom.STG_ORDERS_run manual__2025-09-13T09:54:30.952299+00:00 [queued]>
[2025-09-13T09:55:34.811+0000] {taskinstance.py:2306} INFO - Starting attempt 1 of 1
[2025-09-13T09:55:34.836+0000] {taskinstance.py:2330} INFO - Executing <Task(DbtRunVirtualenvOperator): dbt_ecom.STG_ORDERS_run> on 2025-09-13 09:54:30.952299+00:00
[2025-09-13T09:55:34.844+0000] {standard_task_runner.py:64} INFO - Started process 8471 to run task
[2025-09-13T09:55:34.848+0000] {standard_task_runner.py:90} INFO - Running: ['***', 'tasks', 'run', 'dbt_staging', 'dbt_ecom.STG_ORDERS_run', 'manual__2025-09-13T09:54:30.952299+00:00', '--job-id', '251', '--raw', '--subdir', 'DAGS_FOLDER/dbt_staging.py', '--cfg-path', '/tmp/tmpj5py58ii']
[2025-09-13T09:55:34.852+0000] {standard_task_runner.py:91} INFO - Job 251: Subtask dbt_ecom.STG_ORDERS_run
[2025-09-13T09:55:35.090+0000] {task_command.py:426} INFO - Running <TaskInstance: dbt_staging.dbt_ecom.STG_ORDERS_run manual__2025-09-13T09:54:30.952299+00:00 [running]> on host e95bde6b8d07
[2025-09-13T09:55:35.515+0000] {taskinstance.py:2648} INFO - Exporting env vars: AIRFLOW_CTX_DAG_OWNER='***' AIRFLOW_CTX_DAG_ID='dbt_staging' AIRFLOW_CTX_TASK_ID='dbt_ecom.STG_ORDERS_run' AIRFLOW_CTX_EXECUTION_DATE='2025-09-13T09:54:30.952299+00:00' AIRFLOW_CTX_TRY_NUMBER='1' AIRFLOW_CTX_DAG_RUN_ID='manual__2025-09-13T09:54:30.952299+00:00'
[2025-09-13T09:55:35.517+0000] {taskinstance.py:430} INFO - ::endgroup::
[2025-09-13T09:55:35.533+0000] {virtualenv.py:120} INFO - Checking if the virtualenv lock /tmp/cosmos_venv_ecom/cosmos_virtualenv.lock exists
[2025-09-13T09:55:35.534+0000] {virtualenv.py:178} INFO - Checking for running process with PID 8345
[2025-09-13T09:55:35.535+0000] {virtualenv.py:181} INFO - Process 8345 running: True and has the lock /tmp/cosmos_venv_ecom/cosmos_virtualenv.lock.
[2025-09-13T09:55:35.535+0000] {virtualenv.py:122} INFO - Waiting for virtualenv lock to be released
[2025-09-13T09:55:36.536+0000] {virtualenv.py:178} INFO - Checking for running process with PID 8345
[2025-09-13T09:55:36.537+0000] {virtualenv.py:181} INFO - Process 8345 running: True and has the lock /tmp/cosmos_venv_ecom/cosmos_virtualenv.lock.
[2025-09-13T09:55:36.537+0000] {virtualenv.py:122} INFO - Waiting for virtualenv lock to be released
[2025-09-13T09:55:37.537+0000] {virtualenv.py:178} INFO - Checking for running process with PID 8345
[2025-09-13T09:55:37.538+0000] {virtualenv.py:181} INFO - Process 8345 running: True and has the lock /tmp/cosmos_venv_ecom/cosmos_virtualenv.lock.
[2025-09-13T09:55:37.539+0000] {virtualenv.py:122} INFO - Waiting for virtualenv lock to be released
[2025-09-13T09:55:38.541+0000] {virtualenv.py:178} INFO - Checking for running process with PID 8345
[2025-09-13T09:55:38.542+0000] {virtualenv.py:181} INFO - Process 8345 running: True and has the lock /tmp/cosmos_venv_ecom/cosmos_virtualenv.lock.
[2025-09-13T09:55:38.543+0000] {virtualenv.py:122} INFO - Waiting for virtualenv lock to be released
[2025-09-13T09:55:39.544+0000] {virtualenv.py:178} INFO - Checking for running process with PID 8345
[2025-09-13T09:55:39.545+0000] {virtualenv.py:181} INFO - Process 8345 running: True and has the lock /tmp/cosmos_venv_ecom/cosmos_virtualenv.lock.
[2025-09-13T09:55:39.546+0000] {virtualenv.py:122} INFO - Waiting for virtualenv lock to be released
[2025-09-13T09:55:40.547+0000] {virtualenv.py:178} INFO - Checking for running process with PID 8469
[2025-09-13T09:55:40.548+0000] {virtualenv.py:181} INFO - Process 8469 running: True and has the lock /tmp/cosmos_venv_ecom/cosmos_virtualenv.lock.
[2025-09-13T09:55:40.548+0000] {virtualenv.py:122} INFO - Waiting for virtualenv lock to be released
[2025-09-13T09:55:41.550+0000] {virtualenv.py:178} INFO - Checking for running process with PID 8469
[2025-09-13T09:55:41.550+0000] {virtualenv.py:181} INFO - Process 8469 running: True and has the lock /tmp/cosmos_venv_ecom/cosmos_virtualenv.lock.
[2025-09-13T09:55:41.551+0000] {virtualenv.py:122} INFO - Waiting for virtualenv lock to be released
[2025-09-13T09:55:42.552+0000] {virtualenv.py:178} INFO - Checking for running process with PID 8469
[2025-09-13T09:55:42.553+0000] {virtualenv.py:181} INFO - Process 8469 running: True and has the lock /tmp/cosmos_venv_ecom/cosmos_virtualenv.lock.
[2025-09-13T09:55:42.553+0000] {virtualenv.py:122} INFO - Waiting for virtualenv lock to be released
[2025-09-13T09:55:43.555+0000] {virtualenv.py:178} INFO - Checking for running process with PID 8469
[2025-09-13T09:55:43.555+0000] {virtualenv.py:181} INFO - Process 8469 running: True and has the lock /tmp/cosmos_venv_ecom/cosmos_virtualenv.lock.
[2025-09-13T09:55:43.556+0000] {virtualenv.py:122} INFO - Waiting for virtualenv lock to be released
[2025-09-13T09:55:44.558+0000] {virtualenv.py:178} INFO - Checking for running process with PID 8469
[2025-09-13T09:55:44.559+0000] {virtualenv.py:181} INFO - Process 8469 running: True and has the lock /tmp/cosmos_venv_ecom/cosmos_virtualenv.lock.
[2025-09-13T09:55:44.560+0000] {virtualenv.py:122} INFO - Waiting for virtualenv lock to be released
[2025-09-13T09:55:45.562+0000] {virtualenv.py:178} INFO - Checking for running process with PID 8469
[2025-09-13T09:55:45.562+0000] {virtualenv.py:181} INFO - Process 8469 running: True and has the lock /tmp/cosmos_venv_ecom/cosmos_virtualenv.lock.
[2025-09-13T09:55:45.563+0000] {virtualenv.py:122} INFO - Waiting for virtualenv lock to be released
[2025-09-13T09:55:46.564+0000] {virtualenv.py:178} INFO - Checking for running process with PID 8469
[2025-09-13T09:55:46.565+0000] {virtualenv.py:181} INFO - Process 8469 running: True and has the lock /tmp/cosmos_venv_ecom/cosmos_virtualenv.lock.
[2025-09-13T09:55:46.566+0000] {virtualenv.py:122} INFO - Waiting for virtualenv lock to be released
[2025-09-13T09:55:47.568+0000] {virtualenv.py:178} INFO - Checking for running process with PID 8469
[2025-09-13T09:55:47.569+0000] {virtualenv.py:181} INFO - Process 8469 running: True and has the lock /tmp/cosmos_venv_ecom/cosmos_virtualenv.lock.
[2025-09-13T09:55:47.570+0000] {virtualenv.py:122} INFO - Waiting for virtualenv lock to be released
[2025-09-13T09:55:48.571+0000] {virtualenv.py:178} INFO - Checking for running process with PID 8469
[2025-09-13T09:55:48.572+0000] {virtualenv.py:181} INFO - Process 8469 running: True and has the lock /tmp/cosmos_venv_ecom/cosmos_virtualenv.lock.
[2025-09-13T09:55:48.573+0000] {virtualenv.py:122} INFO - Waiting for virtualenv lock to be released
[2025-09-13T09:55:49.575+0000] {virtualenv.py:178} INFO - Checking for running process with PID 8469
[2025-09-13T09:55:49.576+0000] {virtualenv.py:181} INFO - Process 8469 running: True and has the lock /tmp/cosmos_venv_ecom/cosmos_virtualenv.lock.
[2025-09-13T09:55:49.576+0000] {virtualenv.py:122} INFO - Waiting for virtualenv lock to be released
[2025-09-13T09:55:50.578+0000] {virtualenv.py:178} INFO - Checking for running process with PID 8469
[2025-09-13T09:55:50.578+0000] {virtualenv.py:181} INFO - Process 8469 running: True and has the lock /tmp/cosmos_venv_ecom/cosmos_virtualenv.lock.
[2025-09-13T09:55:50.579+0000] {virtualenv.py:122} INFO - Waiting for virtualenv lock to be released
[2025-09-13T09:55:51.580+0000] {virtualenv.py:178} INFO - Checking for running process with PID 8469
[2025-09-13T09:55:51.582+0000] {virtualenv.py:181} INFO - Process 8469 running: True and has the lock /tmp/cosmos_venv_ecom/cosmos_virtualenv.lock.
[2025-09-13T09:55:51.583+0000] {virtualenv.py:122} INFO - Waiting for virtualenv lock to be released
[2025-09-13T09:55:52.585+0000] {virtualenv.py:178} INFO - Checking for running process with PID 8469
[2025-09-13T09:55:52.586+0000] {virtualenv.py:181} INFO - Process 8469 running: True and has the lock /tmp/cosmos_venv_ecom/cosmos_virtualenv.lock.
[2025-09-13T09:55:52.586+0000] {virtualenv.py:122} INFO - Waiting for virtualenv lock to be released
[2025-09-13T09:55:53.588+0000] {virtualenv.py:178} INFO - Checking for running process with PID 8468
[2025-09-13T09:55:53.589+0000] {virtualenv.py:181} INFO - Process 8468 running: True and has the lock /tmp/cosmos_venv_ecom/cosmos_virtualenv.lock.
[2025-09-13T09:55:53.589+0000] {virtualenv.py:122} INFO - Waiting for virtualenv lock to be released
[2025-09-13T09:55:54.591+0000] {virtualenv.py:178} INFO - Checking for running process with PID 8468
[2025-09-13T09:55:54.592+0000] {virtualenv.py:181} INFO - Process 8468 running: True and has the lock /tmp/cosmos_venv_ecom/cosmos_virtualenv.lock.
[2025-09-13T09:55:54.592+0000] {virtualenv.py:122} INFO - Waiting for virtualenv lock to be released
[2025-09-13T09:55:55.594+0000] {virtualenv.py:178} INFO - Checking for running process with PID 8468
[2025-09-13T09:55:55.595+0000] {virtualenv.py:181} INFO - Process 8468 running: True and has the lock /tmp/cosmos_venv_ecom/cosmos_virtualenv.lock.
[2025-09-13T09:55:55.595+0000] {virtualenv.py:122} INFO - Waiting for virtualenv lock to be released
[2025-09-13T09:55:56.597+0000] {virtualenv.py:178} INFO - Checking for running process with PID 8468
[2025-09-13T09:55:56.598+0000] {virtualenv.py:181} INFO - Process 8468 running: True and has the lock /tmp/cosmos_venv_ecom/cosmos_virtualenv.lock.
[2025-09-13T09:55:56.598+0000] {virtualenv.py:122} INFO - Waiting for virtualenv lock to be released
[2025-09-13T09:55:57.600+0000] {virtualenv.py:178} INFO - Checking for running process with PID 8468
[2025-09-13T09:55:57.601+0000] {virtualenv.py:181} INFO - Process 8468 running: True and has the lock /tmp/cosmos_venv_ecom/cosmos_virtualenv.lock.
[2025-09-13T09:55:57.601+0000] {virtualenv.py:122} INFO - Waiting for virtualenv lock to be released
[2025-09-13T09:55:58.603+0000] {virtualenv.py:178} INFO - Checking for running process with PID 8468
[2025-09-13T09:55:58.605+0000] {virtualenv.py:181} INFO - Process 8468 running: True and has the lock /tmp/cosmos_venv_ecom/cosmos_virtualenv.lock.
[2025-09-13T09:55:58.605+0000] {virtualenv.py:122} INFO - Waiting for virtualenv lock to be released
[2025-09-13T09:55:59.607+0000] {virtualenv.py:178} INFO - Checking for running process with PID 8468
[2025-09-13T09:55:59.608+0000] {virtualenv.py:181} INFO - Process 8468 running: True and has the lock /tmp/cosmos_venv_ecom/cosmos_virtualenv.lock.
[2025-09-13T09:55:59.609+0000] {virtualenv.py:122} INFO - Waiting for virtualenv lock to be released
[2025-09-13T09:56:00.611+0000] {virtualenv.py:178} INFO - Checking for running process with PID 8468
[2025-09-13T09:56:00.612+0000] {virtualenv.py:181} INFO - Process 8468 running: True and has the lock /tmp/cosmos_venv_ecom/cosmos_virtualenv.lock.
[2025-09-13T09:56:00.612+0000] {virtualenv.py:122} INFO - Waiting for virtualenv lock to be released
[2025-09-13T09:56:01.614+0000] {virtualenv.py:178} INFO - Checking for running process with PID 8468
[2025-09-13T09:56:01.615+0000] {virtualenv.py:181} INFO - Process 8468 running: True and has the lock /tmp/cosmos_venv_ecom/cosmos_virtualenv.lock.
[2025-09-13T09:56:01.616+0000] {virtualenv.py:122} INFO - Waiting for virtualenv lock to be released
[2025-09-13T09:56:02.618+0000] {virtualenv.py:178} INFO - Checking for running process with PID 8468
[2025-09-13T09:56:02.618+0000] {virtualenv.py:181} INFO - Process 8468 running: True and has the lock /tmp/cosmos_venv_ecom/cosmos_virtualenv.lock.
[2025-09-13T09:56:02.619+0000] {virtualenv.py:122} INFO - Waiting for virtualenv lock to be released
[2025-09-13T09:56:03.620+0000] {virtualenv.py:178} INFO - Checking for running process with PID 8468
[2025-09-13T09:56:03.621+0000] {virtualenv.py:181} INFO - Process 8468 running: True and has the lock /tmp/cosmos_venv_ecom/cosmos_virtualenv.lock.
[2025-09-13T09:56:03.622+0000] {virtualenv.py:122} INFO - Waiting for virtualenv lock to be released
[2025-09-13T09:56:04.623+0000] {virtualenv.py:178} INFO - Checking for running process with PID 8468
[2025-09-13T09:56:04.624+0000] {virtualenv.py:181} INFO - Process 8468 running: True and has the lock /tmp/cosmos_venv_ecom/cosmos_virtualenv.lock.
[2025-09-13T09:56:04.625+0000] {virtualenv.py:122} INFO - Waiting for virtualenv lock to be released
[2025-09-13T09:56:05.626+0000] {virtualenv.py:178} INFO - Checking for running process with PID 8468
[2025-09-13T09:56:05.627+0000] {virtualenv.py:181} INFO - Process 8468 running: True and has the lock /tmp/cosmos_venv_ecom/cosmos_virtualenv.lock.
[2025-09-13T09:56:05.628+0000] {virtualenv.py:122} INFO - Waiting for virtualenv lock to be released
[2025-09-13T09:56:06.628+0000] {virtualenv.py:126} INFO - Acquiring the virtualenv lock
[2025-09-13T09:56:06.629+0000] {virtualenv.py:195} INFO - Acquiring lock at /tmp/cosmos_venv_ecom/cosmos_virtualenv.lock with pid 8471
[2025-09-13T09:56:06.629+0000] {virtualenv.py:153} INFO - Creating or updating the virtualenv at `/tmp/cosmos_venv_ecom
[2025-09-13T09:56:06.630+0000] {process_utils.py:183} INFO - Executing cmd: /home/***/.local/bin/python -m virtualenv /tmp/cosmos_venv_ecom --python=python3
[2025-09-13T09:56:06.631+0000] {process_utils.py:187} INFO - Output:
[2025-09-13T09:56:07.763+0000] {process_utils.py:191} INFO - created virtual environment CPython3.10.14.final.0-64 in 449ms
[2025-09-13T09:56:07.764+0000] {process_utils.py:191} INFO -   creator CPython3Posix(dest=/tmp/cosmos_venv_ecom, clear=False, no_vcs_ignore=False, global=False)
[2025-09-13T09:56:07.765+0000] {process_utils.py:191} INFO -   seeder FromAppData(download=False, pip=bundle, setuptools=bundle, wheel=bundle, via=copy, app_data_dir=/home/***/.local/share/virtualenv)
[2025-09-13T09:56:07.766+0000] {process_utils.py:191} INFO -     added seed packages: MarkupSafe==3.0.2, PyYAML==6.0.2, agate==1.9.1, annotated_types==0.7.0, attrs==25.3.0, babel==2.17.0, certifi==2025.8.3, charset_normalizer==3.4.3, click==8.2.1, clickhouse_connect==0.8.18, clickhouse_driver==0.2.9, colorama==0.4.6, daff==1.4.2, dbt_adapters==1.16.7, dbt_clickhouse==1.9.3, dbt_common==1.30.0, dbt_core==1.10.11, dbt_extractor==0.6.0, dbt_protos==1.0.375, dbt_semantic_interfaces==0.9.0, deepdiff==8.6.1, idna==3.10, importlib_metadata==8.7.0, isodate==0.6.1, jinja2==3.1.6, jsonschema==4.25.1, jsonschema_specifications==2025.9.1, leather==0.4.0, lz4==4.4.4, mashumaro==3.14, more_itertools==10.8.0, msgpack==1.1.1, networkx==3.4.2, orderly_set==5.5.0, packaging==25.0, parsedatetime==2.6, pathspec==0.12.1, pip==25.2, protobuf==6.32.1, pydantic==2.11.7, pydantic_core==2.33.2, python_dateutil==2.9.0.post0, python_slugify==8.0.4, pytimeparse==1.1.8, pytz==2025.2, referencing==0.36.2, requests==2.32.5, rpds_py==0.27.1, setuptools==80.9.0, six==1.17.0, snowplow_tracker==1.1.0, sqlparse==0.5.3, text_unidecode==1.3, typing_extensions==4.15.0, typing_inspection==0.4.1, tzlocal==5.3.1, urllib3==2.5.0, wheel==0.45.1, zipp==3.23.0, zstandard==0.24.0
[2025-09-13T09:56:07.767+0000] {process_utils.py:191} INFO -   activators BashActivator,CShellActivator,FishActivator,NushellActivator,PowerShellActivator,PythonActivator
[2025-09-13T09:56:07.867+0000] {process_utils.py:183} INFO - Executing cmd: /tmp/cosmos_venv_ecom/bin/pip install dbt-clickhouse
[2025-09-13T09:56:07.868+0000] {process_utils.py:187} INFO - Output:
[2025-09-13T09:56:09.051+0000] {process_utils.py:191} INFO - Requirement already satisfied: dbt-clickhouse in /tmp/cosmos_venv_ecom/lib/python3.10/site-packages (1.9.3)
[2025-09-13T09:56:09.053+0000] {process_utils.py:191} INFO - Requirement already satisfied: dbt-core>=1.9 in /tmp/cosmos_venv_ecom/lib/python3.10/site-packages (from dbt-clickhouse) (1.10.11)
[2025-09-13T09:56:09.054+0000] {process_utils.py:191} INFO - Requirement already satisfied: clickhouse-connect>=0.6.22 in /tmp/cosmos_venv_ecom/lib/python3.10/site-packages (from dbt-clickhouse) (0.8.18)
[2025-09-13T09:56:09.054+0000] {process_utils.py:191} INFO - Requirement already satisfied: clickhouse-driver>=0.2.6 in /tmp/cosmos_venv_ecom/lib/python3.10/site-packages (from dbt-clickhouse) (0.2.9)
[2025-09-13T09:56:09.055+0000] {process_utils.py:191} INFO - Requirement already satisfied: setuptools>=0.69 in /tmp/cosmos_venv_ecom/lib/python3.10/site-packages (from dbt-clickhouse) (80.9.0)
[2025-09-13T09:56:09.057+0000] {process_utils.py:191} INFO - Requirement already satisfied: certifi in /tmp/cosmos_venv_ecom/lib/python3.10/site-packages (from clickhouse-connect>=0.6.22->dbt-clickhouse) (2025.8.3)
[2025-09-13T09:56:09.058+0000] {process_utils.py:191} INFO - Requirement already satisfied: urllib3>=1.26 in /tmp/cosmos_venv_ecom/lib/python3.10/site-packages (from clickhouse-connect>=0.6.22->dbt-clickhouse) (2.5.0)
[2025-09-13T09:56:09.058+0000] {process_utils.py:191} INFO - Requirement already satisfied: pytz in /tmp/cosmos_venv_ecom/lib/python3.10/site-packages (from clickhouse-connect>=0.6.22->dbt-clickhouse) (2025.2)
[2025-09-13T09:56:09.058+0000] {process_utils.py:191} INFO - Requirement already satisfied: zstandard in /tmp/cosmos_venv_ecom/lib/python3.10/site-packages (from clickhouse-connect>=0.6.22->dbt-clickhouse) (0.24.0)
[2025-09-13T09:56:09.059+0000] {process_utils.py:191} INFO - Requirement already satisfied: lz4 in /tmp/cosmos_venv_ecom/lib/python3.10/site-packages (from clickhouse-connect>=0.6.22->dbt-clickhouse) (4.4.4)
[2025-09-13T09:56:09.061+0000] {process_utils.py:191} INFO - Requirement already satisfied: tzlocal in /tmp/cosmos_venv_ecom/lib/python3.10/site-packages (from clickhouse-driver>=0.2.6->dbt-clickhouse) (5.3.1)
[2025-09-13T09:56:09.065+0000] {process_utils.py:191} INFO - Requirement already satisfied: agate<1.10,>=1.7.0 in /tmp/cosmos_venv_ecom/lib/python3.10/site-packages (from dbt-core>=1.9->dbt-clickhouse) (1.9.1)
[2025-09-13T09:56:09.065+0000] {process_utils.py:191} INFO - Requirement already satisfied: Jinja2<4,>=3.1.3 in /tmp/cosmos_venv_ecom/lib/python3.10/site-packages (from dbt-core>=1.9->dbt-clickhouse) (3.1.6)
[2025-09-13T09:56:09.067+0000] {process_utils.py:191} INFO - Requirement already satisfied: mashumaro<3.15,>=3.9 in /tmp/cosmos_venv_ecom/lib/python3.10/site-packages (from mashumaro[msgpack]<3.15,>=3.9->dbt-core>=1.9->dbt-clickhouse) (3.14)
[2025-09-13T09:56:09.067+0000] {process_utils.py:191} INFO - Requirement already satisfied: click<9.0,>=8.0.2 in /tmp/cosmos_venv_ecom/lib/python3.10/site-packages (from dbt-core>=1.9->dbt-clickhouse) (8.2.1)
[2025-09-13T09:56:09.068+0000] {process_utils.py:191} INFO - Requirement already satisfied: jsonschema<5.0,>=4.19.1 in /tmp/cosmos_venv_ecom/lib/python3.10/site-packages (from dbt-core>=1.9->dbt-clickhouse) (4.25.1)
[2025-09-13T09:56:09.068+0000] {process_utils.py:191} INFO - Requirement already satisfied: networkx<4.0,>=2.3 in /tmp/cosmos_venv_ecom/lib/python3.10/site-packages (from dbt-core>=1.9->dbt-clickhouse) (3.4.2)
[2025-09-13T09:56:09.069+0000] {process_utils.py:191} INFO - Requirement already satisfied: protobuf<7.0,>=6.0 in /tmp/cosmos_venv_ecom/lib/python3.10/site-packages (from dbt-core>=1.9->dbt-clickhouse) (6.32.1)
[2025-09-13T09:56:09.069+0000] {process_utils.py:191} INFO - Requirement already satisfied: requests<3.0.0 in /tmp/cosmos_venv_ecom/lib/python3.10/site-packages (from dbt-core>=1.9->dbt-clickhouse) (2.32.5)
[2025-09-13T09:56:09.070+0000] {process_utils.py:191} INFO - Requirement already satisfied: snowplow-tracker<2.0,>=1.0.2 in /tmp/cosmos_venv_ecom/lib/python3.10/site-packages (from dbt-core>=1.9->dbt-clickhouse) (1.1.0)
[2025-09-13T09:56:09.070+0000] {process_utils.py:191} INFO - Requirement already satisfied: pathspec<0.13,>=0.9 in /tmp/cosmos_venv_ecom/lib/python3.10/site-packages (from dbt-core>=1.9->dbt-clickhouse) (0.12.1)
[2025-09-13T09:56:09.071+0000] {process_utils.py:191} INFO - Requirement already satisfied: sqlparse<0.6.0,>=0.5.0 in /tmp/cosmos_venv_ecom/lib/python3.10/site-packages (from dbt-core>=1.9->dbt-clickhouse) (0.5.3)
[2025-09-13T09:56:09.072+0000] {process_utils.py:191} INFO - Requirement already satisfied: dbt-extractor<=0.6,>=0.5.0 in /tmp/cosmos_venv_ecom/lib/python3.10/site-packages (from dbt-core>=1.9->dbt-clickhouse) (0.6.0)
[2025-09-13T09:56:09.072+0000] {process_utils.py:191} INFO - Requirement already satisfied: dbt-semantic-interfaces<0.10,>=0.9.0 in /tmp/cosmos_venv_ecom/lib/python3.10/site-packages (from dbt-core>=1.9->dbt-clickhouse) (0.9.0)
[2025-09-13T09:56:09.073+0000] {process_utils.py:191} INFO - Requirement already satisfied: dbt-common<2.0,>=1.27.0 in /tmp/cosmos_venv_ecom/lib/python3.10/site-packages (from dbt-core>=1.9->dbt-clickhouse) (1.30.0)
[2025-09-13T09:56:09.073+0000] {process_utils.py:191} INFO - Requirement already satisfied: dbt-adapters<2.0,>=1.15.5 in /tmp/cosmos_venv_ecom/lib/python3.10/site-packages (from dbt-core>=1.9->dbt-clickhouse) (1.16.7)
[2025-09-13T09:56:09.074+0000] {process_utils.py:191} INFO - Requirement already satisfied: dbt-protos<2.0,>=1.0.346 in /tmp/cosmos_venv_ecom/lib/python3.10/site-packages (from dbt-core>=1.9->dbt-clickhouse) (1.0.375)
[2025-09-13T09:56:09.074+0000] {process_utils.py:191} INFO - Requirement already satisfied: pydantic<3 in /tmp/cosmos_venv_ecom/lib/python3.10/site-packages (from dbt-core>=1.9->dbt-clickhouse) (2.11.7)
[2025-09-13T09:56:09.075+0000] {process_utils.py:191} INFO - Requirement already satisfied: packaging>20.9 in /tmp/cosmos_venv_ecom/lib/python3.10/site-packages (from dbt-core>=1.9->dbt-clickhouse) (25.0)
[2025-09-13T09:56:09.075+0000] {process_utils.py:191} INFO - Requirement already satisfied: pyyaml>=6.0 in /tmp/cosmos_venv_ecom/lib/python3.10/site-packages (from dbt-core>=1.9->dbt-clickhouse) (6.0.2)
[2025-09-13T09:56:09.076+0000] {process_utils.py:191} INFO - Requirement already satisfied: daff>=1.3.46 in /tmp/cosmos_venv_ecom/lib/python3.10/site-packages (from dbt-core>=1.9->dbt-clickhouse) (1.4.2)
[2025-09-13T09:56:09.076+0000] {process_utils.py:191} INFO - Requirement already satisfied: typing-extensions>=4.4 in /tmp/cosmos_venv_ecom/lib/python3.10/site-packages (from dbt-core>=1.9->dbt-clickhouse) (4.15.0)
[2025-09-13T09:56:09.079+0000] {process_utils.py:191} INFO - Requirement already satisfied: Babel>=2.0 in /tmp/cosmos_venv_ecom/lib/python3.10/site-packages (from agate<1.10,>=1.7.0->dbt-core>=1.9->dbt-clickhouse) (2.17.0)
[2025-09-13T09:56:09.080+0000] {process_utils.py:191} INFO - Requirement already satisfied: isodate>=0.5.4 in /tmp/cosmos_venv_ecom/lib/python3.10/site-packages (from agate<1.10,>=1.7.0->dbt-core>=1.9->dbt-clickhouse) (0.6.1)
[2025-09-13T09:56:09.081+0000] {process_utils.py:191} INFO - Requirement already satisfied: leather>=0.3.2 in /tmp/cosmos_venv_ecom/lib/python3.10/site-packages (from agate<1.10,>=1.7.0->dbt-core>=1.9->dbt-clickhouse) (0.4.0)
[2025-09-13T09:56:09.081+0000] {process_utils.py:191} INFO - Requirement already satisfied: parsedatetime!=2.5,>=2.1 in /tmp/cosmos_venv_ecom/lib/python3.10/site-packages (from agate<1.10,>=1.7.0->dbt-core>=1.9->dbt-clickhouse) (2.6)
[2025-09-13T09:56:09.082+0000] {process_utils.py:191} INFO - Requirement already satisfied: python-slugify>=1.2.1 in /tmp/cosmos_venv_ecom/lib/python3.10/site-packages (from agate<1.10,>=1.7.0->dbt-core>=1.9->dbt-clickhouse) (8.0.4)
[2025-09-13T09:56:09.082+0000] {process_utils.py:191} INFO - Requirement already satisfied: pytimeparse>=1.1.5 in /tmp/cosmos_venv_ecom/lib/python3.10/site-packages (from agate<1.10,>=1.7.0->dbt-core>=1.9->dbt-clickhouse) (1.1.8)
[2025-09-13T09:56:09.093+0000] {process_utils.py:191} INFO - Requirement already satisfied: colorama<0.5,>=0.3.9 in /tmp/cosmos_venv_ecom/lib/python3.10/site-packages (from dbt-common<2.0,>=1.27.0->dbt-core>=1.9->dbt-clickhouse) (0.4.6)
[2025-09-13T09:56:09.094+0000] {process_utils.py:191} INFO - Requirement already satisfied: deepdiff<9.0,>=7.0 in /tmp/cosmos_venv_ecom/lib/python3.10/site-packages (from dbt-common<2.0,>=1.27.0->dbt-core>=1.9->dbt-clickhouse) (8.6.1)
[2025-09-13T09:56:09.096+0000] {process_utils.py:191} INFO - Requirement already satisfied: python-dateutil<3.0,>=2.0 in /tmp/cosmos_venv_ecom/lib/python3.10/site-packages (from dbt-common<2.0,>=1.27.0->dbt-core>=1.9->dbt-clickhouse) (2.9.0.post0)
[2025-09-13T09:56:09.103+0000] {process_utils.py:191} INFO - Requirement already satisfied: importlib-metadata<9,>=6.0 in /tmp/cosmos_venv_ecom/lib/python3.10/site-packages (from dbt-semantic-interfaces<0.10,>=0.9.0->dbt-core>=1.9->dbt-clickhouse) (8.7.0)
[2025-09-13T09:56:09.104+0000] {process_utils.py:191} INFO - Requirement already satisfied: more-itertools<11.0,>=8.0 in /tmp/cosmos_venv_ecom/lib/python3.10/site-packages (from dbt-semantic-interfaces<0.10,>=0.9.0->dbt-core>=1.9->dbt-clickhouse) (10.8.0)
[2025-09-13T09:56:09.115+0000] {process_utils.py:191} INFO - Requirement already satisfied: orderly-set<6,>=5.4.1 in /tmp/cosmos_venv_ecom/lib/python3.10/site-packages (from deepdiff<9.0,>=7.0->dbt-common<2.0,>=1.27.0->dbt-core>=1.9->dbt-clickhouse) (5.5.0)
[2025-09-13T09:56:09.123+0000] {process_utils.py:191} INFO - Requirement already satisfied: zipp>=3.20 in /tmp/cosmos_venv_ecom/lib/python3.10/site-packages (from importlib-metadata<9,>=6.0->dbt-semantic-interfaces<0.10,>=0.9.0->dbt-core>=1.9->dbt-clickhouse) (3.23.0)
[2025-09-13T09:56:09.125+0000] {process_utils.py:191} INFO - Requirement already satisfied: six in /tmp/cosmos_venv_ecom/lib/python3.10/site-packages (from isodate>=0.5.4->agate<1.10,>=1.7.0->dbt-core>=1.9->dbt-clickhouse) (1.17.0)
[2025-09-13T09:56:09.127+0000] {process_utils.py:191} INFO - Requirement already satisfied: MarkupSafe>=2.0 in /tmp/cosmos_venv_ecom/lib/python3.10/site-packages (from Jinja2<4,>=3.1.3->dbt-core>=1.9->dbt-clickhouse) (3.0.2)
[2025-09-13T09:56:09.132+0000] {process_utils.py:191} INFO - Requirement already satisfied: attrs>=22.2.0 in /tmp/cosmos_venv_ecom/lib/python3.10/site-packages (from jsonschema<5.0,>=4.19.1->dbt-core>=1.9->dbt-clickhouse) (25.3.0)
[2025-09-13T09:56:09.133+0000] {process_utils.py:191} INFO - Requirement already satisfied: jsonschema-specifications>=2023.03.6 in /tmp/cosmos_venv_ecom/lib/python3.10/site-packages (from jsonschema<5.0,>=4.19.1->dbt-core>=1.9->dbt-clickhouse) (2025.9.1)
[2025-09-13T09:56:09.134+0000] {process_utils.py:191} INFO - Requirement already satisfied: referencing>=0.28.4 in /tmp/cosmos_venv_ecom/lib/python3.10/site-packages (from jsonschema<5.0,>=4.19.1->dbt-core>=1.9->dbt-clickhouse) (0.36.2)
[2025-09-13T09:56:09.134+0000] {process_utils.py:191} INFO - Requirement already satisfied: rpds-py>=0.7.1 in /tmp/cosmos_venv_ecom/lib/python3.10/site-packages (from jsonschema<5.0,>=4.19.1->dbt-core>=1.9->dbt-clickhouse) (0.27.1)
[2025-09-13T09:56:09.143+0000] {process_utils.py:191} INFO - Requirement already satisfied: msgpack>=0.5.6 in /tmp/cosmos_venv_ecom/lib/python3.10/site-packages (from mashumaro[msgpack]<3.15,>=3.9->dbt-core>=1.9->dbt-clickhouse) (1.1.1)
[2025-09-13T09:56:09.156+0000] {process_utils.py:191} INFO - Requirement already satisfied: annotated-types>=0.6.0 in /tmp/cosmos_venv_ecom/lib/python3.10/site-packages (from pydantic<3->dbt-core>=1.9->dbt-clickhouse) (0.7.0)
[2025-09-13T09:56:09.157+0000] {process_utils.py:191} INFO - Requirement already satisfied: pydantic-core==2.33.2 in /tmp/cosmos_venv_ecom/lib/python3.10/site-packages (from pydantic<3->dbt-core>=1.9->dbt-clickhouse) (2.33.2)
[2025-09-13T09:56:09.158+0000] {process_utils.py:191} INFO - Requirement already satisfied: typing-inspection>=0.4.0 in /tmp/cosmos_venv_ecom/lib/python3.10/site-packages (from pydantic<3->dbt-core>=1.9->dbt-clickhouse) (0.4.1)
[2025-09-13T09:56:09.164+0000] {process_utils.py:191} INFO - Requirement already satisfied: charset_normalizer<4,>=2 in /tmp/cosmos_venv_ecom/lib/python3.10/site-packages (from requests<3.0.0->dbt-core>=1.9->dbt-clickhouse) (3.4.3)
[2025-09-13T09:56:09.165+0000] {process_utils.py:191} INFO - Requirement already satisfied: idna<4,>=2.5 in /tmp/cosmos_venv_ecom/lib/python3.10/site-packages (from requests<3.0.0->dbt-core>=1.9->dbt-clickhouse) (3.10)
[2025-09-13T09:56:09.200+0000] {process_utils.py:191} INFO - Requirement already satisfied: text-unidecode>=1.3 in /tmp/cosmos_venv_ecom/lib/python3.10/site-packages (from python-slugify>=1.2.1->agate<1.10,>=1.7.0->dbt-core>=1.9->dbt-clickhouse) (1.3)
[2025-09-13T09:56:09.320+0000] {local.py:470} INFO - Cloning project to writable temp directory /tmp/tmpw0l0fzeo from /opt/airflow/dags/dbt/ecom_staging
[2025-09-13T09:56:09.328+0000] {local.py:490} INFO - Partial parse is enabled and the latest partial parse file is /tmp/cosmos/dbt_staging__dbt_ecom/target/partial_parse.msgpack
[2025-09-13T09:56:09.339+0000] {config.py:362} INFO - Using user-supplied profiles.yml at /opt/airflow/dags/dbt/profiles.yml
[2025-09-13T09:56:09.345+0000] {virtualenv.py:99} INFO - Using Python binary from virtualenv: /tmp/cosmos_venv_ecom/bin/python
[2025-09-13T09:56:09.346+0000] {local.py:434} INFO - Trying to run the command:
 ['/tmp/cosmos_venv_ecom/bin/dbt', 'deps', '--project-dir', '/tmp/tmpw0l0fzeo', '--profiles-dir', '/opt/***/dags/dbt', '--profile', 'ecom_staging', '--target', 'dev']
From /tmp/tmpw0l0fzeo
[2025-09-13T09:56:09.346+0000] {subprocess.py:56} INFO - Tmp dir root location: 
 /tmp
[2025-09-13T09:56:09.347+0000] {subprocess.py:69} INFO - Running command: ['/tmp/cosmos_venv_ecom/bin/dbt', 'deps', '--project-dir', '/tmp/tmpw0l0fzeo', '--profiles-dir', '/opt/***/dags/dbt', '--profile', 'ecom_staging', '--target', 'dev']
[2025-09-13T09:56:09.356+0000] {subprocess.py:80} INFO - Command output:
[2025-09-13T09:56:11.270+0000] {subprocess.py:90} INFO - [0m09:56:11  Running with dbt=1.10.11
[2025-09-13T09:56:11.888+0000] {subprocess.py:90} INFO - [0m09:56:11  Installing dbt-labs/dbt_utils
[2025-09-13T09:56:12.441+0000] {subprocess.py:90} INFO - [0m09:56:12  Installed from version 1.3.0
[2025-09-13T09:56:12.442+0000] {subprocess.py:90} INFO - [0m09:56:12  Updated version available: 1.3.1
[2025-09-13T09:56:12.443+0000] {subprocess.py:90} INFO - [0m09:56:12
[2025-09-13T09:56:12.444+0000] {subprocess.py:90} INFO - [0m09:56:12  Updates available for packages: ['dbt-labs/dbt_utils']
[2025-09-13T09:56:12.444+0000] {subprocess.py:90} INFO - Update your versions in packages.yml, then run dbt deps
[2025-09-13T09:56:14.214+0000] {subprocess.py:94} INFO - Command exited with return code 0
[2025-09-13T09:56:14.215+0000] {local.py:441} INFO - Update your versions in packages.yml, then run dbt deps
[2025-09-13T09:56:14.216+0000] {virtualenv.py:99} INFO - Using Python binary from virtualenv: /tmp/cosmos_venv_ecom/bin/python
[2025-09-13T09:56:14.216+0000] {local.py:434} INFO - Trying to run the command:
 ['/tmp/cosmos_venv_ecom/bin/dbt', 'run', '--models', 'STG_ORDERS', '--project-dir', '/tmp/tmpw0l0fzeo', '--profiles-dir', '/opt/***/dags/dbt', '--profile', 'ecom_staging', '--target', 'dev']
From /tmp/tmpw0l0fzeo
[2025-09-13T09:56:14.217+0000] {subprocess.py:56} INFO - Tmp dir root location: 
 /tmp
[2025-09-13T09:56:14.218+0000] {subprocess.py:69} INFO - Running command: ['/tmp/cosmos_venv_ecom/bin/dbt', 'run', '--models', 'STG_ORDERS', '--project-dir', '/tmp/tmpw0l0fzeo', '--profiles-dir', '/opt/***/dags/dbt', '--profile', 'ecom_staging', '--target', 'dev']
[2025-09-13T09:56:14.228+0000] {subprocess.py:80} INFO - Command output:
[2025-09-13T09:56:15.926+0000] {subprocess.py:90} INFO - [0m09:56:15  Running with dbt=1.10.11
[2025-09-13T09:56:15.928+0000] {subprocess.py:90} INFO - [0m09:56:15  [[33mWARNING[0m]: Deprecated functionality
[2025-09-13T09:56:15.929+0000] {subprocess.py:90} INFO - Usage of `--models`, `--model`, and `-m` is deprecated in favor of `--select` or
[2025-09-13T09:56:15.929+0000] {subprocess.py:90} INFO - `-s`.
[2025-09-13T09:56:16.215+0000] {subprocess.py:90} INFO - [0m09:56:16  Registered adapter: clickhouse=1.9.3
[2025-09-13T09:56:16.909+0000] {subprocess.py:90} INFO - [0m09:56:16  Found 8 models, 54 data tests, 8 sources, 597 macros
[2025-09-13T09:56:16.912+0000] {subprocess.py:90} INFO - [0m09:56:16
[2025-09-13T09:56:16.912+0000] {subprocess.py:90} INFO - [0m09:56:16  Concurrency: 4 threads (target='dev')
[2025-09-13T09:56:16.913+0000] {subprocess.py:90} INFO - [0m09:56:16
[2025-09-13T09:56:17.042+0000] {subprocess.py:90} INFO - [0m09:56:17  1 of 1 START sql view model `ecom_db_staging`.`STG_ORDERS` ..................... [RUN]
[2025-09-13T09:56:17.117+0000] {subprocess.py:90} INFO - [0m09:56:17  1 of 1 OK created sql view model `ecom_db_staging`.`STG_ORDERS` ................ [[32mOK[0m in 0.07s]
[2025-09-13T09:56:17.121+0000] {subprocess.py:90} INFO - [0m09:56:17
[2025-09-13T09:56:17.121+0000] {subprocess.py:90} INFO - [0m09:56:17  Finished running 1 view model in 0 hours 0 minutes and 0.21 seconds (0.21s).
[2025-09-13T09:56:17.185+0000] {subprocess.py:90} INFO - [0m09:56:17
[2025-09-13T09:56:17.185+0000] {subprocess.py:90} INFO - [0m09:56:17  [32mCompleted successfully[0m
[2025-09-13T09:56:17.186+0000] {subprocess.py:90} INFO - [0m09:56:17
[2025-09-13T09:56:17.187+0000] {subprocess.py:90} INFO - [0m09:56:17  Done. PASS=1 WARN=0 ERROR=0 SKIP=0 NO-OP=0 TOTAL=1
[2025-09-13T09:56:17.188+0000] {subprocess.py:90} INFO - [0m09:56:17  [[33mWARNING[0m][DeprecationsSummary]: Deprecated functionality
[2025-09-13T09:56:17.188+0000] {subprocess.py:90} INFO - Summary of encountered deprecations:
[2025-09-13T09:56:17.189+0000] {subprocess.py:90} INFO - - ModelParamUsageDeprecation: 1 occurrence
[2025-09-13T09:56:17.189+0000] {subprocess.py:90} INFO - To see all deprecation instances instead of just the first occurrence of each,
[2025-09-13T09:56:17.190+0000] {subprocess.py:90} INFO - run command again with the `--show-all-deprecations` flag. You may also need to
[2025-09-13T09:56:17.190+0000] {subprocess.py:90} INFO - run with `--no-partial-parse` as some deprecations are only encountered during
[2025-09-13T09:56:17.191+0000] {subprocess.py:90} INFO - parsing.
[2025-09-13T09:56:18.976+0000] {subprocess.py:94} INFO - Command exited with return code 0
[2025-09-13T09:56:18.977+0000] {local.py:441} INFO - parsing.
[2025-09-13T09:56:18.993+0000] {local.py:196} WARNING - Artifact schema version: https://schemas.getdbt.com/dbt/manifest/v12.json is above dbt-ol supported version 7. This might cause errors.
[2025-09-13T09:56:18.994+0000] {local.py:196} WARNING - Artifact schema version: https://schemas.getdbt.com/dbt/run-results/v6.json is above dbt-ol supported version 5. This might cause errors.
[2025-09-13T09:56:19.004+0000] {local.py:547} INFO - Inlets: []
[2025-09-13T09:56:19.005+0000] {local.py:548} INFO - Outlets: []
[2025-09-13T09:56:19.006+0000] {local.py:772} INFO - Assigning inlets/outlets without DatasetAlias
[2025-09-13T09:56:19.007+0000] {dag.py:3089} INFO - Sync 1 DAGs
[2025-09-13T09:56:19.061+0000] {dag.py:3947} INFO - Setting next_dagrun for dbt_staging to 2025-09-13 00:00:00+00:00, run_after=2025-09-14 00:00:00+00:00
[2025-09-13T09:56:19.141+0000] {virtualenv.py:131} INFO - Releasing virtualenv lock
[2025-09-13T09:56:19.142+0000] {virtualenv.py:145} INFO - None
[2025-09-13T09:56:19.142+0000] {taskinstance.py:441} INFO - ::group::Post task execution logs
[2025-09-13T09:56:19.176+0000] {taskinstance.py:1206} INFO - Marking task as SUCCESS. dag_id=dbt_staging, task_id=dbt_ecom.STG_ORDERS_run, run_id=manual__2025-09-13T09:54:30.952299+00:00, execution_date=20250913T095430, start_date=20250913T095534, end_date=20250913T095619
[2025-09-13T09:56:19.208+0000] {local_task_job_runner.py:243} INFO - Task exited with return code 0
[2025-09-13T09:56:19.255+0000] {taskinstance.py:3503} INFO - 0 downstream tasks scheduled from follow-on schedule check
[2025-09-13T09:56:19.257+0000] {local_task_job_runner.py:222} INFO - ::endgroup::
