[2025-09-13T09:34:36.904+0000] {local_task_job_runner.py:120} INFO - ::group::Pre task execution logs
[2025-09-13T09:34:37.640+0000] {taskinstance.py:2076} INFO - Dependencies all met for dep_context=non-requeueable deps ti=<TaskInstance: dbt_staging.dbt_ecom.stg_customers_run scheduled__2025-09-12T00:00:00+00:00 [queued]>
[2025-09-13T09:34:37.671+0000] {taskinstance.py:2076} INFO - Dependencies all met for dep_context=requeueable deps ti=<TaskInstance: dbt_staging.dbt_ecom.stg_customers_run scheduled__2025-09-12T00:00:00+00:00 [queued]>
[2025-09-13T09:34:37.673+0000] {taskinstance.py:2306} INFO - Starting attempt 1 of 1
[2025-09-13T09:34:37.704+0000] {taskinstance.py:2330} INFO - Executing <Task(DbtRunVirtualenvOperator): dbt_ecom.stg_customers_run> on 2025-09-12 00:00:00+00:00
[2025-09-13T09:34:37.714+0000] {standard_task_runner.py:64} INFO - Started process 5345 to run task
[2025-09-13T09:34:37.719+0000] {standard_task_runner.py:90} INFO - Running: ['***', 'tasks', 'run', 'dbt_staging', 'dbt_ecom.stg_customers_run', 'scheduled__2025-09-12T00:00:00+00:00', '--job-id', '181', '--raw', '--subdir', 'DAGS_FOLDER/dbt_staging.py', '--cfg-path', '/tmp/tmp4g9_8ht_']
[2025-09-13T09:34:37.727+0000] {standard_task_runner.py:91} INFO - Job 181: Subtask dbt_ecom.stg_customers_run
[2025-09-13T09:34:38.387+0000] {task_command.py:426} INFO - Running <TaskInstance: dbt_staging.dbt_ecom.stg_customers_run scheduled__2025-09-12T00:00:00+00:00 [running]> on host e95bde6b8d07
[2025-09-13T09:34:39.249+0000] {taskinstance.py:2648} INFO - Exporting env vars: AIRFLOW_CTX_DAG_OWNER='***' AIRFLOW_CTX_DAG_ID='dbt_staging' AIRFLOW_CTX_TASK_ID='dbt_ecom.stg_customers_run' AIRFLOW_CTX_EXECUTION_DATE='2025-09-12T00:00:00+00:00' AIRFLOW_CTX_TRY_NUMBER='1' AIRFLOW_CTX_DAG_RUN_ID='scheduled__2025-09-12T00:00:00+00:00'
[2025-09-13T09:34:39.252+0000] {taskinstance.py:430} INFO - ::endgroup::
[2025-09-13T09:34:39.270+0000] {virtualenv.py:120} INFO - Checking if the virtualenv lock /tmp/cosmos_venv_ecom/cosmos_virtualenv.lock exists
[2025-09-13T09:34:39.270+0000] {virtualenv.py:178} INFO - Checking for running process with PID 5333
[2025-09-13T09:34:39.271+0000] {virtualenv.py:181} INFO - Process 5333 running: True and has the lock /tmp/cosmos_venv_ecom/cosmos_virtualenv.lock.
[2025-09-13T09:34:39.272+0000] {virtualenv.py:122} INFO - Waiting for virtualenv lock to be released
[2025-09-13T09:34:40.273+0000] {virtualenv.py:178} INFO - Checking for running process with PID 5333
[2025-09-13T09:34:40.274+0000] {virtualenv.py:181} INFO - Process 5333 running: True and has the lock /tmp/cosmos_venv_ecom/cosmos_virtualenv.lock.
[2025-09-13T09:34:40.276+0000] {virtualenv.py:122} INFO - Waiting for virtualenv lock to be released
[2025-09-13T09:34:41.278+0000] {virtualenv.py:178} INFO - Checking for running process with PID 5333
[2025-09-13T09:34:41.279+0000] {virtualenv.py:181} INFO - Process 5333 running: True and has the lock /tmp/cosmos_venv_ecom/cosmos_virtualenv.lock.
[2025-09-13T09:34:41.280+0000] {virtualenv.py:122} INFO - Waiting for virtualenv lock to be released
[2025-09-13T09:34:42.281+0000] {virtualenv.py:178} INFO - Checking for running process with PID 5333
[2025-09-13T09:34:42.282+0000] {virtualenv.py:181} INFO - Process 5333 running: True and has the lock /tmp/cosmos_venv_ecom/cosmos_virtualenv.lock.
[2025-09-13T09:34:42.284+0000] {virtualenv.py:122} INFO - Waiting for virtualenv lock to be released
[2025-09-13T09:34:43.286+0000] {virtualenv.py:178} INFO - Checking for running process with PID 5333
[2025-09-13T09:34:43.287+0000] {virtualenv.py:181} INFO - Process 5333 running: True and has the lock /tmp/cosmos_venv_ecom/cosmos_virtualenv.lock.
[2025-09-13T09:34:43.287+0000] {virtualenv.py:122} INFO - Waiting for virtualenv lock to be released
[2025-09-13T09:34:44.289+0000] {virtualenv.py:178} INFO - Checking for running process with PID 5333
[2025-09-13T09:34:44.290+0000] {virtualenv.py:181} INFO - Process 5333 running: True and has the lock /tmp/cosmos_venv_ecom/cosmos_virtualenv.lock.
[2025-09-13T09:34:44.291+0000] {virtualenv.py:122} INFO - Waiting for virtualenv lock to be released
[2025-09-13T09:34:45.293+0000] {virtualenv.py:178} INFO - Checking for running process with PID 5333
[2025-09-13T09:34:45.294+0000] {virtualenv.py:181} INFO - Process 5333 running: True and has the lock /tmp/cosmos_venv_ecom/cosmos_virtualenv.lock.
[2025-09-13T09:34:45.294+0000] {virtualenv.py:122} INFO - Waiting for virtualenv lock to be released
[2025-09-13T09:34:46.296+0000] {virtualenv.py:178} INFO - Checking for running process with PID 5333
[2025-09-13T09:34:46.297+0000] {virtualenv.py:181} INFO - Process 5333 running: True and has the lock /tmp/cosmos_venv_ecom/cosmos_virtualenv.lock.
[2025-09-13T09:34:46.297+0000] {virtualenv.py:122} INFO - Waiting for virtualenv lock to be released
[2025-09-13T09:34:47.298+0000] {virtualenv.py:178} INFO - Checking for running process with PID 5333
[2025-09-13T09:34:47.300+0000] {virtualenv.py:181} INFO - Process 5333 running: True and has the lock /tmp/cosmos_venv_ecom/cosmos_virtualenv.lock.
[2025-09-13T09:34:47.301+0000] {virtualenv.py:122} INFO - Waiting for virtualenv lock to be released
[2025-09-13T09:34:48.303+0000] {virtualenv.py:178} INFO - Checking for running process with PID 5333
[2025-09-13T09:34:48.304+0000] {virtualenv.py:181} INFO - Process 5333 running: True and has the lock /tmp/cosmos_venv_ecom/cosmos_virtualenv.lock.
[2025-09-13T09:34:48.305+0000] {virtualenv.py:122} INFO - Waiting for virtualenv lock to be released
[2025-09-13T09:34:49.306+0000] {virtualenv.py:178} INFO - Checking for running process with PID 5333
[2025-09-13T09:34:49.307+0000] {virtualenv.py:181} INFO - Process 5333 running: True and has the lock /tmp/cosmos_venv_ecom/cosmos_virtualenv.lock.
[2025-09-13T09:34:49.308+0000] {virtualenv.py:122} INFO - Waiting for virtualenv lock to be released
[2025-09-13T09:34:50.309+0000] {virtualenv.py:178} INFO - Checking for running process with PID 5333
[2025-09-13T09:34:50.310+0000] {virtualenv.py:181} INFO - Process 5333 running: True and has the lock /tmp/cosmos_venv_ecom/cosmos_virtualenv.lock.
[2025-09-13T09:34:50.310+0000] {virtualenv.py:122} INFO - Waiting for virtualenv lock to be released
[2025-09-13T09:34:51.312+0000] {virtualenv.py:178} INFO - Checking for running process with PID 5333
[2025-09-13T09:34:51.313+0000] {virtualenv.py:181} INFO - Process 5333 running: True and has the lock /tmp/cosmos_venv_ecom/cosmos_virtualenv.lock.
[2025-09-13T09:34:51.313+0000] {virtualenv.py:122} INFO - Waiting for virtualenv lock to be released
[2025-09-13T09:34:52.315+0000] {virtualenv.py:178} INFO - Checking for running process with PID 5333
[2025-09-13T09:34:52.316+0000] {virtualenv.py:181} INFO - Process 5333 running: True and has the lock /tmp/cosmos_venv_ecom/cosmos_virtualenv.lock.
[2025-09-13T09:34:52.316+0000] {virtualenv.py:122} INFO - Waiting for virtualenv lock to be released
[2025-09-13T09:34:53.318+0000] {virtualenv.py:178} INFO - Checking for running process with PID 5333
[2025-09-13T09:34:53.319+0000] {virtualenv.py:181} INFO - Process 5333 running: True and has the lock /tmp/cosmos_venv_ecom/cosmos_virtualenv.lock.
[2025-09-13T09:34:53.320+0000] {virtualenv.py:122} INFO - Waiting for virtualenv lock to be released
[2025-09-13T09:34:54.322+0000] {virtualenv.py:178} INFO - Checking for running process with PID 5333
[2025-09-13T09:34:54.323+0000] {virtualenv.py:181} INFO - Process 5333 running: True and has the lock /tmp/cosmos_venv_ecom/cosmos_virtualenv.lock.
[2025-09-13T09:34:54.323+0000] {virtualenv.py:122} INFO - Waiting for virtualenv lock to be released
[2025-09-13T09:34:55.325+0000] {virtualenv.py:178} INFO - Checking for running process with PID 5333
[2025-09-13T09:34:55.326+0000] {virtualenv.py:181} INFO - Process 5333 running: True and has the lock /tmp/cosmos_venv_ecom/cosmos_virtualenv.lock.
[2025-09-13T09:34:55.327+0000] {virtualenv.py:122} INFO - Waiting for virtualenv lock to be released
[2025-09-13T09:34:56.329+0000] {virtualenv.py:178} INFO - Checking for running process with PID 5332
[2025-09-13T09:34:56.329+0000] {virtualenv.py:181} INFO - Process 5332 running: True and has the lock /tmp/cosmos_venv_ecom/cosmos_virtualenv.lock.
[2025-09-13T09:34:56.330+0000] {virtualenv.py:122} INFO - Waiting for virtualenv lock to be released
[2025-09-13T09:34:57.332+0000] {virtualenv.py:178} INFO - Checking for running process with PID 5332
[2025-09-13T09:34:57.333+0000] {virtualenv.py:181} INFO - Process 5332 running: True and has the lock /tmp/cosmos_venv_ecom/cosmos_virtualenv.lock.
[2025-09-13T09:34:57.333+0000] {virtualenv.py:122} INFO - Waiting for virtualenv lock to be released
[2025-09-13T09:34:58.335+0000] {virtualenv.py:178} INFO - Checking for running process with PID 5332
[2025-09-13T09:34:58.336+0000] {virtualenv.py:181} INFO - Process 5332 running: True and has the lock /tmp/cosmos_venv_ecom/cosmos_virtualenv.lock.
[2025-09-13T09:34:58.336+0000] {virtualenv.py:122} INFO - Waiting for virtualenv lock to be released
[2025-09-13T09:34:59.338+0000] {virtualenv.py:178} INFO - Checking for running process with PID 5332
[2025-09-13T09:34:59.339+0000] {virtualenv.py:181} INFO - Process 5332 running: True and has the lock /tmp/cosmos_venv_ecom/cosmos_virtualenv.lock.
[2025-09-13T09:34:59.340+0000] {virtualenv.py:122} INFO - Waiting for virtualenv lock to be released
[2025-09-13T09:35:00.342+0000] {virtualenv.py:178} INFO - Checking for running process with PID 5332
[2025-09-13T09:35:00.342+0000] {virtualenv.py:181} INFO - Process 5332 running: True and has the lock /tmp/cosmos_venv_ecom/cosmos_virtualenv.lock.
[2025-09-13T09:35:00.343+0000] {virtualenv.py:122} INFO - Waiting for virtualenv lock to be released
[2025-09-13T09:35:01.344+0000] {virtualenv.py:178} INFO - Checking for running process with PID 5332
[2025-09-13T09:35:01.345+0000] {virtualenv.py:181} INFO - Process 5332 running: True and has the lock /tmp/cosmos_venv_ecom/cosmos_virtualenv.lock.
[2025-09-13T09:35:01.345+0000] {virtualenv.py:122} INFO - Waiting for virtualenv lock to be released
[2025-09-13T09:35:02.347+0000] {virtualenv.py:178} INFO - Checking for running process with PID 5332
[2025-09-13T09:35:02.348+0000] {virtualenv.py:181} INFO - Process 5332 running: True and has the lock /tmp/cosmos_venv_ecom/cosmos_virtualenv.lock.
[2025-09-13T09:35:02.349+0000] {virtualenv.py:122} INFO - Waiting for virtualenv lock to be released
[2025-09-13T09:35:03.350+0000] {virtualenv.py:178} INFO - Checking for running process with PID 5332
[2025-09-13T09:35:03.351+0000] {virtualenv.py:181} INFO - Process 5332 running: True and has the lock /tmp/cosmos_venv_ecom/cosmos_virtualenv.lock.
[2025-09-13T09:35:03.352+0000] {virtualenv.py:122} INFO - Waiting for virtualenv lock to be released
[2025-09-13T09:35:04.354+0000] {virtualenv.py:178} INFO - Checking for running process with PID 5332
[2025-09-13T09:35:04.355+0000] {virtualenv.py:181} INFO - Process 5332 running: True and has the lock /tmp/cosmos_venv_ecom/cosmos_virtualenv.lock.
[2025-09-13T09:35:04.355+0000] {virtualenv.py:122} INFO - Waiting for virtualenv lock to be released
[2025-09-13T09:35:05.357+0000] {virtualenv.py:178} INFO - Checking for running process with PID 5332
[2025-09-13T09:35:05.357+0000] {virtualenv.py:181} INFO - Process 5332 running: True and has the lock /tmp/cosmos_venv_ecom/cosmos_virtualenv.lock.
[2025-09-13T09:35:05.358+0000] {virtualenv.py:122} INFO - Waiting for virtualenv lock to be released
[2025-09-13T09:35:06.358+0000] {virtualenv.py:178} INFO - Checking for running process with PID 5332
[2025-09-13T09:35:06.359+0000] {virtualenv.py:181} INFO - Process 5332 running: True and has the lock /tmp/cosmos_venv_ecom/cosmos_virtualenv.lock.
[2025-09-13T09:35:06.360+0000] {virtualenv.py:122} INFO - Waiting for virtualenv lock to be released
[2025-09-13T09:35:07.361+0000] {virtualenv.py:178} INFO - Checking for running process with PID 5332
[2025-09-13T09:35:07.362+0000] {virtualenv.py:181} INFO - Process 5332 running: True and has the lock /tmp/cosmos_venv_ecom/cosmos_virtualenv.lock.
[2025-09-13T09:35:07.362+0000] {virtualenv.py:122} INFO - Waiting for virtualenv lock to be released
[2025-09-13T09:35:08.364+0000] {virtualenv.py:178} INFO - Checking for running process with PID 5332
[2025-09-13T09:35:08.367+0000] {virtualenv.py:181} INFO - Process 5332 running: True and has the lock /tmp/cosmos_venv_ecom/cosmos_virtualenv.lock.
[2025-09-13T09:35:08.368+0000] {virtualenv.py:122} INFO - Waiting for virtualenv lock to be released
[2025-09-13T09:35:09.370+0000] {virtualenv.py:178} INFO - Checking for running process with PID 5332
[2025-09-13T09:35:09.371+0000] {virtualenv.py:181} INFO - Process 5332 running: True and has the lock /tmp/cosmos_venv_ecom/cosmos_virtualenv.lock.
[2025-09-13T09:35:09.371+0000] {virtualenv.py:122} INFO - Waiting for virtualenv lock to be released
[2025-09-13T09:35:10.373+0000] {virtualenv.py:178} INFO - Checking for running process with PID 5332
[2025-09-13T09:35:10.374+0000] {virtualenv.py:181} INFO - Process 5332 running: True and has the lock /tmp/cosmos_venv_ecom/cosmos_virtualenv.lock.
[2025-09-13T09:35:10.375+0000] {virtualenv.py:122} INFO - Waiting for virtualenv lock to be released
[2025-09-13T09:35:11.377+0000] {virtualenv.py:178} INFO - Checking for running process with PID 5334
[2025-09-13T09:35:11.378+0000] {virtualenv.py:181} INFO - Process 5334 running: True and has the lock /tmp/cosmos_venv_ecom/cosmos_virtualenv.lock.
[2025-09-13T09:35:11.378+0000] {virtualenv.py:122} INFO - Waiting for virtualenv lock to be released
[2025-09-13T09:35:12.380+0000] {virtualenv.py:178} INFO - Checking for running process with PID 5334
[2025-09-13T09:35:12.381+0000] {virtualenv.py:181} INFO - Process 5334 running: True and has the lock /tmp/cosmos_venv_ecom/cosmos_virtualenv.lock.
[2025-09-13T09:35:12.382+0000] {virtualenv.py:122} INFO - Waiting for virtualenv lock to be released
[2025-09-13T09:35:13.384+0000] {virtualenv.py:178} INFO - Checking for running process with PID 5334
[2025-09-13T09:35:13.385+0000] {virtualenv.py:181} INFO - Process 5334 running: True and has the lock /tmp/cosmos_venv_ecom/cosmos_virtualenv.lock.
[2025-09-13T09:35:13.386+0000] {virtualenv.py:122} INFO - Waiting for virtualenv lock to be released
[2025-09-13T09:35:14.388+0000] {virtualenv.py:178} INFO - Checking for running process with PID 5334
[2025-09-13T09:35:14.390+0000] {virtualenv.py:181} INFO - Process 5334 running: True and has the lock /tmp/cosmos_venv_ecom/cosmos_virtualenv.lock.
[2025-09-13T09:35:14.390+0000] {virtualenv.py:122} INFO - Waiting for virtualenv lock to be released
[2025-09-13T09:35:15.392+0000] {virtualenv.py:178} INFO - Checking for running process with PID 5334
[2025-09-13T09:35:15.393+0000] {virtualenv.py:181} INFO - Process 5334 running: True and has the lock /tmp/cosmos_venv_ecom/cosmos_virtualenv.lock.
[2025-09-13T09:35:15.394+0000] {virtualenv.py:122} INFO - Waiting for virtualenv lock to be released
[2025-09-13T09:35:16.396+0000] {virtualenv.py:178} INFO - Checking for running process with PID 5334
[2025-09-13T09:35:16.396+0000] {virtualenv.py:181} INFO - Process 5334 running: True and has the lock /tmp/cosmos_venv_ecom/cosmos_virtualenv.lock.
[2025-09-13T09:35:16.397+0000] {virtualenv.py:122} INFO - Waiting for virtualenv lock to be released
[2025-09-13T09:35:17.398+0000] {virtualenv.py:178} INFO - Checking for running process with PID 5334
[2025-09-13T09:35:17.399+0000] {virtualenv.py:181} INFO - Process 5334 running: True and has the lock /tmp/cosmos_venv_ecom/cosmos_virtualenv.lock.
[2025-09-13T09:35:17.400+0000] {virtualenv.py:122} INFO - Waiting for virtualenv lock to be released
[2025-09-13T09:35:18.400+0000] {virtualenv.py:178} INFO - Checking for running process with PID 5334
[2025-09-13T09:35:18.402+0000] {virtualenv.py:181} INFO - Process 5334 running: True and has the lock /tmp/cosmos_venv_ecom/cosmos_virtualenv.lock.
[2025-09-13T09:35:18.403+0000] {virtualenv.py:122} INFO - Waiting for virtualenv lock to be released
[2025-09-13T09:35:19.405+0000] {virtualenv.py:178} INFO - Checking for running process with PID 5334
[2025-09-13T09:35:19.405+0000] {virtualenv.py:181} INFO - Process 5334 running: True and has the lock /tmp/cosmos_venv_ecom/cosmos_virtualenv.lock.
[2025-09-13T09:35:19.406+0000] {virtualenv.py:122} INFO - Waiting for virtualenv lock to be released
[2025-09-13T09:35:20.407+0000] {virtualenv.py:178} INFO - Checking for running process with PID 5334
[2025-09-13T09:35:20.408+0000] {virtualenv.py:181} INFO - Process 5334 running: True and has the lock /tmp/cosmos_venv_ecom/cosmos_virtualenv.lock.
[2025-09-13T09:35:20.409+0000] {virtualenv.py:122} INFO - Waiting for virtualenv lock to be released
[2025-09-13T09:35:21.410+0000] {virtualenv.py:178} INFO - Checking for running process with PID 5334
[2025-09-13T09:35:21.411+0000] {virtualenv.py:181} INFO - Process 5334 running: True and has the lock /tmp/cosmos_venv_ecom/cosmos_virtualenv.lock.
[2025-09-13T09:35:21.412+0000] {virtualenv.py:122} INFO - Waiting for virtualenv lock to be released
[2025-09-13T09:35:22.413+0000] {virtualenv.py:178} INFO - Checking for running process with PID 5334
[2025-09-13T09:35:22.414+0000] {virtualenv.py:181} INFO - Process 5334 running: True and has the lock /tmp/cosmos_venv_ecom/cosmos_virtualenv.lock.
[2025-09-13T09:35:22.414+0000] {virtualenv.py:122} INFO - Waiting for virtualenv lock to be released
[2025-09-13T09:35:23.416+0000] {virtualenv.py:178} INFO - Checking for running process with PID 5334
[2025-09-13T09:35:23.417+0000] {virtualenv.py:181} INFO - Process 5334 running: True and has the lock /tmp/cosmos_venv_ecom/cosmos_virtualenv.lock.
[2025-09-13T09:35:23.418+0000] {virtualenv.py:122} INFO - Waiting for virtualenv lock to be released
[2025-09-13T09:35:24.420+0000] {virtualenv.py:178} INFO - Checking for running process with PID 5334
[2025-09-13T09:35:24.420+0000] {virtualenv.py:181} INFO - Process 5334 running: True and has the lock /tmp/cosmos_venv_ecom/cosmos_virtualenv.lock.
[2025-09-13T09:35:24.421+0000] {virtualenv.py:122} INFO - Waiting for virtualenv lock to be released
[2025-09-13T09:35:25.421+0000] {virtualenv.py:178} INFO - Checking for running process with PID 5348
[2025-09-13T09:35:25.432+0000] {virtualenv.py:181} INFO - Process 5348 running: True and has the lock /tmp/cosmos_venv_ecom/cosmos_virtualenv.lock.
[2025-09-13T09:35:25.433+0000] {virtualenv.py:122} INFO - Waiting for virtualenv lock to be released
[2025-09-13T09:35:26.434+0000] {virtualenv.py:178} INFO - Checking for running process with PID 5348
[2025-09-13T09:35:26.435+0000] {virtualenv.py:181} INFO - Process 5348 running: True and has the lock /tmp/cosmos_venv_ecom/cosmos_virtualenv.lock.
[2025-09-13T09:35:26.436+0000] {virtualenv.py:122} INFO - Waiting for virtualenv lock to be released
[2025-09-13T09:35:27.438+0000] {virtualenv.py:178} INFO - Checking for running process with PID 5348
[2025-09-13T09:35:27.438+0000] {virtualenv.py:181} INFO - Process 5348 running: True and has the lock /tmp/cosmos_venv_ecom/cosmos_virtualenv.lock.
[2025-09-13T09:35:27.439+0000] {virtualenv.py:122} INFO - Waiting for virtualenv lock to be released
[2025-09-13T09:35:28.444+0000] {virtualenv.py:178} INFO - Checking for running process with PID 5348
[2025-09-13T09:35:28.445+0000] {virtualenv.py:181} INFO - Process 5348 running: True and has the lock /tmp/cosmos_venv_ecom/cosmos_virtualenv.lock.
[2025-09-13T09:35:28.446+0000] {virtualenv.py:122} INFO - Waiting for virtualenv lock to be released
[2025-09-13T09:35:29.446+0000] {virtualenv.py:178} INFO - Checking for running process with PID 5348
[2025-09-13T09:35:29.447+0000] {virtualenv.py:181} INFO - Process 5348 running: True and has the lock /tmp/cosmos_venv_ecom/cosmos_virtualenv.lock.
[2025-09-13T09:35:29.448+0000] {virtualenv.py:122} INFO - Waiting for virtualenv lock to be released
[2025-09-13T09:35:30.449+0000] {virtualenv.py:178} INFO - Checking for running process with PID 5348
[2025-09-13T09:35:30.450+0000] {virtualenv.py:181} INFO - Process 5348 running: True and has the lock /tmp/cosmos_venv_ecom/cosmos_virtualenv.lock.
[2025-09-13T09:35:30.451+0000] {virtualenv.py:122} INFO - Waiting for virtualenv lock to be released
[2025-09-13T09:35:31.452+0000] {virtualenv.py:178} INFO - Checking for running process with PID 5348
[2025-09-13T09:35:31.452+0000] {virtualenv.py:181} INFO - Process 5348 running: True and has the lock /tmp/cosmos_venv_ecom/cosmos_virtualenv.lock.
[2025-09-13T09:35:31.452+0000] {virtualenv.py:122} INFO - Waiting for virtualenv lock to be released
[2025-09-13T09:35:32.453+0000] {virtualenv.py:178} INFO - Checking for running process with PID 5348
[2025-09-13T09:35:32.454+0000] {virtualenv.py:181} INFO - Process 5348 running: True and has the lock /tmp/cosmos_venv_ecom/cosmos_virtualenv.lock.
[2025-09-13T09:35:32.454+0000] {virtualenv.py:122} INFO - Waiting for virtualenv lock to be released
[2025-09-13T09:35:33.462+0000] {virtualenv.py:178} INFO - Checking for running process with PID 5348
[2025-09-13T09:35:33.467+0000] {virtualenv.py:181} INFO - Process 5348 running: True and has the lock /tmp/cosmos_venv_ecom/cosmos_virtualenv.lock.
[2025-09-13T09:35:33.477+0000] {virtualenv.py:122} INFO - Waiting for virtualenv lock to be released
[2025-09-13T09:35:34.479+0000] {virtualenv.py:178} INFO - Checking for running process with PID 5348
[2025-09-13T09:35:34.480+0000] {virtualenv.py:181} INFO - Process 5348 running: True and has the lock /tmp/cosmos_venv_ecom/cosmos_virtualenv.lock.
[2025-09-13T09:35:34.480+0000] {virtualenv.py:122} INFO - Waiting for virtualenv lock to be released
[2025-09-13T09:35:35.482+0000] {virtualenv.py:178} INFO - Checking for running process with PID 5348
[2025-09-13T09:35:35.482+0000] {virtualenv.py:181} INFO - Process 5348 running: True and has the lock /tmp/cosmos_venv_ecom/cosmos_virtualenv.lock.
[2025-09-13T09:35:35.483+0000] {virtualenv.py:122} INFO - Waiting for virtualenv lock to be released
[2025-09-13T09:35:36.485+0000] {virtualenv.py:178} INFO - Checking for running process with PID 5348
[2025-09-13T09:35:36.486+0000] {virtualenv.py:181} INFO - Process 5348 running: True and has the lock /tmp/cosmos_venv_ecom/cosmos_virtualenv.lock.
[2025-09-13T09:35:36.486+0000] {virtualenv.py:122} INFO - Waiting for virtualenv lock to be released
[2025-09-13T09:35:37.486+0000] {virtualenv.py:178} INFO - Checking for running process with PID 5348
[2025-09-13T09:35:37.487+0000] {virtualenv.py:181} INFO - Process 5348 running: True and has the lock /tmp/cosmos_venv_ecom/cosmos_virtualenv.lock.
[2025-09-13T09:35:37.488+0000] {virtualenv.py:122} INFO - Waiting for virtualenv lock to be released
[2025-09-13T09:35:38.489+0000] {virtualenv.py:178} INFO - Checking for running process with PID 5348
[2025-09-13T09:35:38.490+0000] {virtualenv.py:181} INFO - Process 5348 running: True and has the lock /tmp/cosmos_venv_ecom/cosmos_virtualenv.lock.
[2025-09-13T09:35:38.490+0000] {virtualenv.py:122} INFO - Waiting for virtualenv lock to be released
[2025-09-13T09:35:39.492+0000] {virtualenv.py:178} INFO - Checking for running process with PID 5348
[2025-09-13T09:35:39.493+0000] {virtualenv.py:181} INFO - Process 5348 running: True and has the lock /tmp/cosmos_venv_ecom/cosmos_virtualenv.lock.
[2025-09-13T09:35:39.494+0000] {virtualenv.py:122} INFO - Waiting for virtualenv lock to be released
[2025-09-13T09:35:40.494+0000] {virtualenv.py:178} INFO - Checking for running process with PID 5348
[2025-09-13T09:35:40.495+0000] {virtualenv.py:181} INFO - Process 5348 running: True and has the lock /tmp/cosmos_venv_ecom/cosmos_virtualenv.lock.
[2025-09-13T09:35:40.496+0000] {virtualenv.py:122} INFO - Waiting for virtualenv lock to be released
[2025-09-13T09:35:41.498+0000] {virtualenv.py:178} INFO - Checking for running process with PID 5336
[2025-09-13T09:35:41.499+0000] {virtualenv.py:181} INFO - Process 5336 running: True and has the lock /tmp/cosmos_venv_ecom/cosmos_virtualenv.lock.
[2025-09-13T09:35:41.500+0000] {virtualenv.py:122} INFO - Waiting for virtualenv lock to be released
[2025-09-13T09:35:42.502+0000] {virtualenv.py:178} INFO - Checking for running process with PID 5336
[2025-09-13T09:35:42.503+0000] {virtualenv.py:181} INFO - Process 5336 running: True and has the lock /tmp/cosmos_venv_ecom/cosmos_virtualenv.lock.
[2025-09-13T09:35:42.503+0000] {virtualenv.py:122} INFO - Waiting for virtualenv lock to be released
[2025-09-13T09:35:43.504+0000] {virtualenv.py:178} INFO - Checking for running process with PID 5336
[2025-09-13T09:35:43.505+0000] {virtualenv.py:181} INFO - Process 5336 running: True and has the lock /tmp/cosmos_venv_ecom/cosmos_virtualenv.lock.
[2025-09-13T09:35:43.506+0000] {virtualenv.py:122} INFO - Waiting for virtualenv lock to be released
[2025-09-13T09:35:44.508+0000] {virtualenv.py:178} INFO - Checking for running process with PID 5336
[2025-09-13T09:35:44.509+0000] {virtualenv.py:181} INFO - Process 5336 running: True and has the lock /tmp/cosmos_venv_ecom/cosmos_virtualenv.lock.
[2025-09-13T09:35:44.509+0000] {virtualenv.py:122} INFO - Waiting for virtualenv lock to be released
[2025-09-13T09:35:45.511+0000] {virtualenv.py:178} INFO - Checking for running process with PID 5336
[2025-09-13T09:35:45.512+0000] {virtualenv.py:181} INFO - Process 5336 running: True and has the lock /tmp/cosmos_venv_ecom/cosmos_virtualenv.lock.
[2025-09-13T09:35:45.512+0000] {virtualenv.py:122} INFO - Waiting for virtualenv lock to be released
[2025-09-13T09:35:46.514+0000] {virtualenv.py:178} INFO - Checking for running process with PID 5336
[2025-09-13T09:35:46.514+0000] {virtualenv.py:181} INFO - Process 5336 running: True and has the lock /tmp/cosmos_venv_ecom/cosmos_virtualenv.lock.
[2025-09-13T09:35:46.515+0000] {virtualenv.py:122} INFO - Waiting for virtualenv lock to be released
[2025-09-13T09:35:47.517+0000] {virtualenv.py:178} INFO - Checking for running process with PID 5336
[2025-09-13T09:35:47.518+0000] {virtualenv.py:181} INFO - Process 5336 running: True and has the lock /tmp/cosmos_venv_ecom/cosmos_virtualenv.lock.
[2025-09-13T09:35:47.519+0000] {virtualenv.py:122} INFO - Waiting for virtualenv lock to be released
[2025-09-13T09:35:48.520+0000] {virtualenv.py:178} INFO - Checking for running process with PID 5336
[2025-09-13T09:35:48.522+0000] {virtualenv.py:181} INFO - Process 5336 running: True and has the lock /tmp/cosmos_venv_ecom/cosmos_virtualenv.lock.
[2025-09-13T09:35:48.523+0000] {virtualenv.py:122} INFO - Waiting for virtualenv lock to be released
[2025-09-13T09:35:49.524+0000] {virtualenv.py:178} INFO - Checking for running process with PID 5336
[2025-09-13T09:35:49.525+0000] {virtualenv.py:181} INFO - Process 5336 running: True and has the lock /tmp/cosmos_venv_ecom/cosmos_virtualenv.lock.
[2025-09-13T09:35:49.525+0000] {virtualenv.py:122} INFO - Waiting for virtualenv lock to be released
[2025-09-13T09:35:50.526+0000] {virtualenv.py:178} INFO - Checking for running process with PID 5336
[2025-09-13T09:35:50.527+0000] {virtualenv.py:181} INFO - Process 5336 running: True and has the lock /tmp/cosmos_venv_ecom/cosmos_virtualenv.lock.
[2025-09-13T09:35:50.528+0000] {virtualenv.py:122} INFO - Waiting for virtualenv lock to be released
[2025-09-13T09:35:51.530+0000] {virtualenv.py:178} INFO - Checking for running process with PID 5336
[2025-09-13T09:35:51.531+0000] {virtualenv.py:181} INFO - Process 5336 running: True and has the lock /tmp/cosmos_venv_ecom/cosmos_virtualenv.lock.
[2025-09-13T09:35:51.531+0000] {virtualenv.py:122} INFO - Waiting for virtualenv lock to be released
[2025-09-13T09:35:52.533+0000] {virtualenv.py:178} INFO - Checking for running process with PID 5336
[2025-09-13T09:35:52.534+0000] {virtualenv.py:181} INFO - Process 5336 running: True and has the lock /tmp/cosmos_venv_ecom/cosmos_virtualenv.lock.
[2025-09-13T09:35:52.534+0000] {virtualenv.py:122} INFO - Waiting for virtualenv lock to be released
[2025-09-13T09:35:53.536+0000] {virtualenv.py:178} INFO - Checking for running process with PID 5336
[2025-09-13T09:35:53.536+0000] {virtualenv.py:181} INFO - Process 5336 running: True and has the lock /tmp/cosmos_venv_ecom/cosmos_virtualenv.lock.
[2025-09-13T09:35:53.537+0000] {virtualenv.py:122} INFO - Waiting for virtualenv lock to be released
[2025-09-13T09:35:54.539+0000] {virtualenv.py:178} INFO - Checking for running process with PID 5336
[2025-09-13T09:35:54.541+0000] {virtualenv.py:181} INFO - Process 5336 running: True and has the lock /tmp/cosmos_venv_ecom/cosmos_virtualenv.lock.
[2025-09-13T09:35:54.543+0000] {virtualenv.py:122} INFO - Waiting for virtualenv lock to be released
[2025-09-13T09:35:55.545+0000] {virtualenv.py:126} INFO - Acquiring the virtualenv lock
[2025-09-13T09:35:55.547+0000] {virtualenv.py:195} INFO - Acquiring lock at /tmp/cosmos_venv_ecom/cosmos_virtualenv.lock with pid 5345
[2025-09-13T09:35:55.548+0000] {virtualenv.py:153} INFO - Creating or updating the virtualenv at `/tmp/cosmos_venv_ecom
[2025-09-13T09:35:55.548+0000] {process_utils.py:183} INFO - Executing cmd: /home/***/.local/bin/python -m virtualenv /tmp/cosmos_venv_ecom --python=python3
[2025-09-13T09:35:55.550+0000] {process_utils.py:187} INFO - Output:
[2025-09-13T09:35:57.137+0000] {process_utils.py:191} INFO - created virtual environment CPython3.10.14.final.0-64 in 573ms
[2025-09-13T09:35:57.138+0000] {process_utils.py:191} INFO -   creator CPython3Posix(dest=/tmp/cosmos_venv_ecom, clear=False, no_vcs_ignore=False, global=False)
[2025-09-13T09:35:57.144+0000] {process_utils.py:191} INFO -   seeder FromAppData(download=False, pip=bundle, setuptools=bundle, wheel=bundle, via=copy, app_data_dir=/home/***/.local/share/virtualenv)
[2025-09-13T09:35:57.146+0000] {process_utils.py:191} INFO -     added seed packages: MarkupSafe==3.0.2, PyYAML==6.0.2, agate==1.9.1, annotated_types==0.7.0, attrs==25.3.0, babel==2.17.0, certifi==2025.8.3, charset_normalizer==3.4.3, click==8.2.1, clickhouse_connect==0.8.18, clickhouse_driver==0.2.9, colorama==0.4.6, daff==1.4.2, dbt_adapters==1.16.7, dbt_clickhouse==1.9.3, dbt_common==1.30.0, dbt_core==1.10.11, dbt_extractor==0.6.0, dbt_protos==1.0.375, dbt_semantic_interfaces==0.9.0, deepdiff==8.6.1, idna==3.10, importlib_metadata==8.7.0, isodate==0.6.1, jinja2==3.1.6, jsonschema==4.25.1, jsonschema_specifications==2025.9.1, leather==0.4.0, lz4==4.4.4, mashumaro==3.14, more_itertools==10.8.0, msgpack==1.1.1, networkx==3.4.2, orderly_set==5.5.0, packaging==25.0, parsedatetime==2.6, pathspec==0.12.1, pip==25.2, protobuf==6.32.1, pydantic==2.11.7, pydantic_core==2.33.2, python_dateutil==2.9.0.post0, python_slugify==8.0.4, pytimeparse==1.1.8, pytz==2025.2, referencing==0.36.2, requests==2.32.5, rpds_py==0.27.1, setuptools==80.9.0, six==1.17.0, snowplow_tracker==1.1.0, sqlparse==0.5.3, text_unidecode==1.3, typing_extensions==4.15.0, typing_inspection==0.4.1, tzlocal==5.3.1, urllib3==2.5.0, zipp==3.23.0, zstandard==0.24.0
[2025-09-13T09:35:57.147+0000] {process_utils.py:191} INFO -   activators BashActivator,CShellActivator,FishActivator,NushellActivator,PowerShellActivator,PythonActivator
[2025-09-13T09:35:57.272+0000] {process_utils.py:183} INFO - Executing cmd: /tmp/cosmos_venv_ecom/bin/pip install dbt-clickhouse
[2025-09-13T09:35:57.273+0000] {process_utils.py:187} INFO - Output:
[2025-09-13T09:35:58.767+0000] {process_utils.py:191} INFO - Requirement already satisfied: dbt-clickhouse in /tmp/cosmos_venv_ecom/lib/python3.10/site-packages (1.9.3)
[2025-09-13T09:35:58.771+0000] {process_utils.py:191} INFO - Requirement already satisfied: dbt-core>=1.9 in /tmp/cosmos_venv_ecom/lib/python3.10/site-packages (from dbt-clickhouse) (1.10.11)
[2025-09-13T09:35:58.772+0000] {process_utils.py:191} INFO - Requirement already satisfied: clickhouse-connect>=0.6.22 in /tmp/cosmos_venv_ecom/lib/python3.10/site-packages (from dbt-clickhouse) (0.8.18)
[2025-09-13T09:35:58.773+0000] {process_utils.py:191} INFO - Requirement already satisfied: clickhouse-driver>=0.2.6 in /tmp/cosmos_venv_ecom/lib/python3.10/site-packages (from dbt-clickhouse) (0.2.9)
[2025-09-13T09:35:58.773+0000] {process_utils.py:191} INFO - Requirement already satisfied: setuptools>=0.69 in /tmp/cosmos_venv_ecom/lib/python3.10/site-packages (from dbt-clickhouse) (80.9.0)
[2025-09-13T09:35:58.778+0000] {process_utils.py:191} INFO - Requirement already satisfied: certifi in /tmp/cosmos_venv_ecom/lib/python3.10/site-packages (from clickhouse-connect>=0.6.22->dbt-clickhouse) (2025.8.3)
[2025-09-13T09:35:58.779+0000] {process_utils.py:191} INFO - Requirement already satisfied: urllib3>=1.26 in /tmp/cosmos_venv_ecom/lib/python3.10/site-packages (from clickhouse-connect>=0.6.22->dbt-clickhouse) (2.5.0)
[2025-09-13T09:35:58.780+0000] {process_utils.py:191} INFO - Requirement already satisfied: pytz in /tmp/cosmos_venv_ecom/lib/python3.10/site-packages (from clickhouse-connect>=0.6.22->dbt-clickhouse) (2025.2)
[2025-09-13T09:35:58.780+0000] {process_utils.py:191} INFO - Requirement already satisfied: zstandard in /tmp/cosmos_venv_ecom/lib/python3.10/site-packages (from clickhouse-connect>=0.6.22->dbt-clickhouse) (0.24.0)
[2025-09-13T09:35:58.781+0000] {process_utils.py:191} INFO - Requirement already satisfied: lz4 in /tmp/cosmos_venv_ecom/lib/python3.10/site-packages (from clickhouse-connect>=0.6.22->dbt-clickhouse) (4.4.4)
[2025-09-13T09:35:58.784+0000] {process_utils.py:191} INFO - Requirement already satisfied: tzlocal in /tmp/cosmos_venv_ecom/lib/python3.10/site-packages (from clickhouse-driver>=0.2.6->dbt-clickhouse) (5.3.1)
[2025-09-13T09:35:58.788+0000] {process_utils.py:191} INFO - Requirement already satisfied: agate<1.10,>=1.7.0 in /tmp/cosmos_venv_ecom/lib/python3.10/site-packages (from dbt-core>=1.9->dbt-clickhouse) (1.9.1)
[2025-09-13T09:35:58.790+0000] {process_utils.py:191} INFO - Requirement already satisfied: Jinja2<4,>=3.1.3 in /tmp/cosmos_venv_ecom/lib/python3.10/site-packages (from dbt-core>=1.9->dbt-clickhouse) (3.1.6)
[2025-09-13T09:35:58.792+0000] {process_utils.py:191} INFO - Requirement already satisfied: mashumaro<3.15,>=3.9 in /tmp/cosmos_venv_ecom/lib/python3.10/site-packages (from mashumaro[msgpack]<3.15,>=3.9->dbt-core>=1.9->dbt-clickhouse) (3.14)
[2025-09-13T09:35:58.793+0000] {process_utils.py:191} INFO - Requirement already satisfied: click<9.0,>=8.0.2 in /tmp/cosmos_venv_ecom/lib/python3.10/site-packages (from dbt-core>=1.9->dbt-clickhouse) (8.2.1)
[2025-09-13T09:35:58.794+0000] {process_utils.py:191} INFO - Requirement already satisfied: jsonschema<5.0,>=4.19.1 in /tmp/cosmos_venv_ecom/lib/python3.10/site-packages (from dbt-core>=1.9->dbt-clickhouse) (4.25.1)
[2025-09-13T09:35:58.795+0000] {process_utils.py:191} INFO - Requirement already satisfied: networkx<4.0,>=2.3 in /tmp/cosmos_venv_ecom/lib/python3.10/site-packages (from dbt-core>=1.9->dbt-clickhouse) (3.4.2)
[2025-09-13T09:35:58.796+0000] {process_utils.py:191} INFO - Requirement already satisfied: protobuf<7.0,>=6.0 in /tmp/cosmos_venv_ecom/lib/python3.10/site-packages (from dbt-core>=1.9->dbt-clickhouse) (6.32.1)
[2025-09-13T09:35:58.797+0000] {process_utils.py:191} INFO - Requirement already satisfied: requests<3.0.0 in /tmp/cosmos_venv_ecom/lib/python3.10/site-packages (from dbt-core>=1.9->dbt-clickhouse) (2.32.5)
[2025-09-13T09:35:58.798+0000] {process_utils.py:191} INFO - Requirement already satisfied: snowplow-tracker<2.0,>=1.0.2 in /tmp/cosmos_venv_ecom/lib/python3.10/site-packages (from dbt-core>=1.9->dbt-clickhouse) (1.1.0)
[2025-09-13T09:35:58.799+0000] {process_utils.py:191} INFO - Requirement already satisfied: pathspec<0.13,>=0.9 in /tmp/cosmos_venv_ecom/lib/python3.10/site-packages (from dbt-core>=1.9->dbt-clickhouse) (0.12.1)
[2025-09-13T09:35:58.800+0000] {process_utils.py:191} INFO - Requirement already satisfied: sqlparse<0.6.0,>=0.5.0 in /tmp/cosmos_venv_ecom/lib/python3.10/site-packages (from dbt-core>=1.9->dbt-clickhouse) (0.5.3)
[2025-09-13T09:35:58.801+0000] {process_utils.py:191} INFO - Requirement already satisfied: dbt-extractor<=0.6,>=0.5.0 in /tmp/cosmos_venv_ecom/lib/python3.10/site-packages (from dbt-core>=1.9->dbt-clickhouse) (0.6.0)
[2025-09-13T09:35:58.801+0000] {process_utils.py:191} INFO - Requirement already satisfied: dbt-semantic-interfaces<0.10,>=0.9.0 in /tmp/cosmos_venv_ecom/lib/python3.10/site-packages (from dbt-core>=1.9->dbt-clickhouse) (0.9.0)
[2025-09-13T09:35:58.802+0000] {process_utils.py:191} INFO - Requirement already satisfied: dbt-common<2.0,>=1.27.0 in /tmp/cosmos_venv_ecom/lib/python3.10/site-packages (from dbt-core>=1.9->dbt-clickhouse) (1.30.0)
[2025-09-13T09:35:58.804+0000] {process_utils.py:191} INFO - Requirement already satisfied: dbt-adapters<2.0,>=1.15.5 in /tmp/cosmos_venv_ecom/lib/python3.10/site-packages (from dbt-core>=1.9->dbt-clickhouse) (1.16.7)
[2025-09-13T09:35:58.805+0000] {process_utils.py:191} INFO - Requirement already satisfied: dbt-protos<2.0,>=1.0.346 in /tmp/cosmos_venv_ecom/lib/python3.10/site-packages (from dbt-core>=1.9->dbt-clickhouse) (1.0.375)
[2025-09-13T09:35:58.806+0000] {process_utils.py:191} INFO - Requirement already satisfied: pydantic<3 in /tmp/cosmos_venv_ecom/lib/python3.10/site-packages (from dbt-core>=1.9->dbt-clickhouse) (2.11.7)
[2025-09-13T09:35:58.807+0000] {process_utils.py:191} INFO - Requirement already satisfied: packaging>20.9 in /tmp/cosmos_venv_ecom/lib/python3.10/site-packages (from dbt-core>=1.9->dbt-clickhouse) (25.0)
[2025-09-13T09:35:58.809+0000] {process_utils.py:191} INFO - Requirement already satisfied: pyyaml>=6.0 in /tmp/cosmos_venv_ecom/lib/python3.10/site-packages (from dbt-core>=1.9->dbt-clickhouse) (6.0.2)
[2025-09-13T09:35:58.810+0000] {process_utils.py:191} INFO - Requirement already satisfied: daff>=1.3.46 in /tmp/cosmos_venv_ecom/lib/python3.10/site-packages (from dbt-core>=1.9->dbt-clickhouse) (1.4.2)
[2025-09-13T09:35:58.812+0000] {process_utils.py:191} INFO - Requirement already satisfied: typing-extensions>=4.4 in /tmp/cosmos_venv_ecom/lib/python3.10/site-packages (from dbt-core>=1.9->dbt-clickhouse) (4.15.0)
[2025-09-13T09:35:58.817+0000] {process_utils.py:191} INFO - Requirement already satisfied: Babel>=2.0 in /tmp/cosmos_venv_ecom/lib/python3.10/site-packages (from agate<1.10,>=1.7.0->dbt-core>=1.9->dbt-clickhouse) (2.17.0)
[2025-09-13T09:35:58.818+0000] {process_utils.py:191} INFO - Requirement already satisfied: isodate>=0.5.4 in /tmp/cosmos_venv_ecom/lib/python3.10/site-packages (from agate<1.10,>=1.7.0->dbt-core>=1.9->dbt-clickhouse) (0.6.1)
[2025-09-13T09:35:58.820+0000] {process_utils.py:191} INFO - Requirement already satisfied: leather>=0.3.2 in /tmp/cosmos_venv_ecom/lib/python3.10/site-packages (from agate<1.10,>=1.7.0->dbt-core>=1.9->dbt-clickhouse) (0.4.0)
[2025-09-13T09:35:58.821+0000] {process_utils.py:191} INFO - Requirement already satisfied: parsedatetime!=2.5,>=2.1 in /tmp/cosmos_venv_ecom/lib/python3.10/site-packages (from agate<1.10,>=1.7.0->dbt-core>=1.9->dbt-clickhouse) (2.6)
[2025-09-13T09:35:58.822+0000] {process_utils.py:191} INFO - Requirement already satisfied: python-slugify>=1.2.1 in /tmp/cosmos_venv_ecom/lib/python3.10/site-packages (from agate<1.10,>=1.7.0->dbt-core>=1.9->dbt-clickhouse) (8.0.4)
[2025-09-13T09:35:58.823+0000] {process_utils.py:191} INFO - Requirement already satisfied: pytimeparse>=1.1.5 in /tmp/cosmos_venv_ecom/lib/python3.10/site-packages (from agate<1.10,>=1.7.0->dbt-core>=1.9->dbt-clickhouse) (1.1.8)
[2025-09-13T09:35:58.841+0000] {process_utils.py:191} INFO - Requirement already satisfied: colorama<0.5,>=0.3.9 in /tmp/cosmos_venv_ecom/lib/python3.10/site-packages (from dbt-common<2.0,>=1.27.0->dbt-core>=1.9->dbt-clickhouse) (0.4.6)
[2025-09-13T09:35:58.842+0000] {process_utils.py:191} INFO - Requirement already satisfied: deepdiff<9.0,>=7.0 in /tmp/cosmos_venv_ecom/lib/python3.10/site-packages (from dbt-common<2.0,>=1.27.0->dbt-core>=1.9->dbt-clickhouse) (8.6.1)
[2025-09-13T09:35:58.846+0000] {process_utils.py:191} INFO - Requirement already satisfied: python-dateutil<3.0,>=2.0 in /tmp/cosmos_venv_ecom/lib/python3.10/site-packages (from dbt-common<2.0,>=1.27.0->dbt-core>=1.9->dbt-clickhouse) (2.9.0.post0)
[2025-09-13T09:35:58.856+0000] {process_utils.py:191} INFO - Requirement already satisfied: importlib-metadata<9,>=6.0 in /tmp/cosmos_venv_ecom/lib/python3.10/site-packages (from dbt-semantic-interfaces<0.10,>=0.9.0->dbt-core>=1.9->dbt-clickhouse) (8.7.0)
[2025-09-13T09:35:58.858+0000] {process_utils.py:191} INFO - Requirement already satisfied: more-itertools<11.0,>=8.0 in /tmp/cosmos_venv_ecom/lib/python3.10/site-packages (from dbt-semantic-interfaces<0.10,>=0.9.0->dbt-core>=1.9->dbt-clickhouse) (10.8.0)
[2025-09-13T09:35:58.875+0000] {process_utils.py:191} INFO - Requirement already satisfied: orderly-set<6,>=5.4.1 in /tmp/cosmos_venv_ecom/lib/python3.10/site-packages (from deepdiff<9.0,>=7.0->dbt-common<2.0,>=1.27.0->dbt-core>=1.9->dbt-clickhouse) (5.5.0)
[2025-09-13T09:35:58.890+0000] {process_utils.py:191} INFO - Requirement already satisfied: zipp>=3.20 in /tmp/cosmos_venv_ecom/lib/python3.10/site-packages (from importlib-metadata<9,>=6.0->dbt-semantic-interfaces<0.10,>=0.9.0->dbt-core>=1.9->dbt-clickhouse) (3.23.0)
[2025-09-13T09:35:58.892+0000] {process_utils.py:191} INFO - Requirement already satisfied: six in /tmp/cosmos_venv_ecom/lib/python3.10/site-packages (from isodate>=0.5.4->agate<1.10,>=1.7.0->dbt-core>=1.9->dbt-clickhouse) (1.17.0)
[2025-09-13T09:35:58.895+0000] {process_utils.py:191} INFO - Requirement already satisfied: MarkupSafe>=2.0 in /tmp/cosmos_venv_ecom/lib/python3.10/site-packages (from Jinja2<4,>=3.1.3->dbt-core>=1.9->dbt-clickhouse) (3.0.2)
[2025-09-13T09:35:58.903+0000] {process_utils.py:191} INFO - Requirement already satisfied: attrs>=22.2.0 in /tmp/cosmos_venv_ecom/lib/python3.10/site-packages (from jsonschema<5.0,>=4.19.1->dbt-core>=1.9->dbt-clickhouse) (25.3.0)
[2025-09-13T09:35:58.904+0000] {process_utils.py:191} INFO - Requirement already satisfied: jsonschema-specifications>=2023.03.6 in /tmp/cosmos_venv_ecom/lib/python3.10/site-packages (from jsonschema<5.0,>=4.19.1->dbt-core>=1.9->dbt-clickhouse) (2025.9.1)
[2025-09-13T09:35:58.905+0000] {process_utils.py:191} INFO - Requirement already satisfied: referencing>=0.28.4 in /tmp/cosmos_venv_ecom/lib/python3.10/site-packages (from jsonschema<5.0,>=4.19.1->dbt-core>=1.9->dbt-clickhouse) (0.36.2)
[2025-09-13T09:35:58.906+0000] {process_utils.py:191} INFO - Requirement already satisfied: rpds-py>=0.7.1 in /tmp/cosmos_venv_ecom/lib/python3.10/site-packages (from jsonschema<5.0,>=4.19.1->dbt-core>=1.9->dbt-clickhouse) (0.27.1)
[2025-09-13T09:35:58.918+0000] {process_utils.py:191} INFO - Requirement already satisfied: msgpack>=0.5.6 in /tmp/cosmos_venv_ecom/lib/python3.10/site-packages (from mashumaro[msgpack]<3.15,>=3.9->dbt-core>=1.9->dbt-clickhouse) (1.1.1)
[2025-09-13T09:35:58.944+0000] {process_utils.py:191} INFO - Requirement already satisfied: annotated-types>=0.6.0 in /tmp/cosmos_venv_ecom/lib/python3.10/site-packages (from pydantic<3->dbt-core>=1.9->dbt-clickhouse) (0.7.0)
[2025-09-13T09:35:58.945+0000] {process_utils.py:191} INFO - Requirement already satisfied: pydantic-core==2.33.2 in /tmp/cosmos_venv_ecom/lib/python3.10/site-packages (from pydantic<3->dbt-core>=1.9->dbt-clickhouse) (2.33.2)
[2025-09-13T09:35:58.946+0000] {process_utils.py:191} INFO - Requirement already satisfied: typing-inspection>=0.4.0 in /tmp/cosmos_venv_ecom/lib/python3.10/site-packages (from pydantic<3->dbt-core>=1.9->dbt-clickhouse) (0.4.1)
[2025-09-13T09:35:58.961+0000] {process_utils.py:191} INFO - Requirement already satisfied: charset_normalizer<4,>=2 in /tmp/cosmos_venv_ecom/lib/python3.10/site-packages (from requests<3.0.0->dbt-core>=1.9->dbt-clickhouse) (3.4.3)
[2025-09-13T09:35:58.962+0000] {process_utils.py:191} INFO - Requirement already satisfied: idna<4,>=2.5 in /tmp/cosmos_venv_ecom/lib/python3.10/site-packages (from requests<3.0.0->dbt-core>=1.9->dbt-clickhouse) (3.10)
[2025-09-13T09:35:59.019+0000] {process_utils.py:191} INFO - Requirement already satisfied: text-unidecode>=1.3 in /tmp/cosmos_venv_ecom/lib/python3.10/site-packages (from python-slugify>=1.2.1->agate<1.10,>=1.7.0->dbt-core>=1.9->dbt-clickhouse) (1.3)
[2025-09-13T09:35:59.184+0000] {local.py:470} INFO - Cloning project to writable temp directory /tmp/tmp2oyw8xo5 from /opt/airflow/dags/dbt/ecom_staging
[2025-09-13T09:35:59.198+0000] {local.py:490} INFO - Partial parse is enabled and the latest partial parse file is /tmp/cosmos/dbt_staging__dbt_ecom/target/partial_parse.msgpack
[2025-09-13T09:35:59.212+0000] {config.py:362} INFO - Using user-supplied profiles.yml at /opt/airflow/dags/dbt/profiles.yml
[2025-09-13T09:35:59.223+0000] {virtualenv.py:99} INFO - Using Python binary from virtualenv: /tmp/cosmos_venv_ecom/bin/python
[2025-09-13T09:35:59.224+0000] {local.py:434} INFO - Trying to run the command:
 ['/tmp/cosmos_venv_ecom/bin/dbt', 'deps', '--project-dir', '/tmp/tmp2oyw8xo5', '--profiles-dir', '/opt/***/dags/dbt', '--profile', 'ecom_staging', '--target', 'dev']
From /tmp/tmp2oyw8xo5
[2025-09-13T09:35:59.224+0000] {subprocess.py:56} INFO - Tmp dir root location: 
 /tmp
[2025-09-13T09:35:59.225+0000] {subprocess.py:69} INFO - Running command: ['/tmp/cosmos_venv_ecom/bin/dbt', 'deps', '--project-dir', '/tmp/tmp2oyw8xo5', '--profiles-dir', '/opt/***/dags/dbt', '--profile', 'ecom_staging', '--target', 'dev']
[2025-09-13T09:35:59.239+0000] {subprocess.py:80} INFO - Command output:
[2025-09-13T09:36:01.944+0000] {subprocess.py:90} INFO - [0m09:36:01  Running with dbt=1.10.11
[2025-09-13T09:36:02.569+0000] {subprocess.py:90} INFO - [0m09:36:02  Installing dbt-labs/dbt_utils
[2025-09-13T09:36:03.127+0000] {subprocess.py:90} INFO - [0m09:36:03  Installed from version 1.3.0
[2025-09-13T09:36:03.128+0000] {subprocess.py:90} INFO - [0m09:36:03  Updated version available: 1.3.1
[2025-09-13T09:36:03.129+0000] {subprocess.py:90} INFO - [0m09:36:03
[2025-09-13T09:36:03.131+0000] {subprocess.py:90} INFO - [0m09:36:03  Updates available for packages: ['dbt-labs/dbt_utils']
[2025-09-13T09:36:03.132+0000] {subprocess.py:90} INFO - Update your versions in packages.yml, then run dbt deps
[2025-09-13T09:36:04.981+0000] {subprocess.py:94} INFO - Command exited with return code 0
[2025-09-13T09:36:04.982+0000] {local.py:441} INFO - Update your versions in packages.yml, then run dbt deps
[2025-09-13T09:36:04.982+0000] {virtualenv.py:99} INFO - Using Python binary from virtualenv: /tmp/cosmos_venv_ecom/bin/python
[2025-09-13T09:36:04.982+0000] {local.py:434} INFO - Trying to run the command:
 ['/tmp/cosmos_venv_ecom/bin/dbt', 'run', '--models', 'stg_customers', '--project-dir', '/tmp/tmp2oyw8xo5', '--profiles-dir', '/opt/***/dags/dbt', '--profile', 'ecom_staging', '--target', 'dev']
From /tmp/tmp2oyw8xo5
[2025-09-13T09:36:04.983+0000] {subprocess.py:56} INFO - Tmp dir root location: 
 /tmp
[2025-09-13T09:36:04.983+0000] {subprocess.py:69} INFO - Running command: ['/tmp/cosmos_venv_ecom/bin/dbt', 'run', '--models', 'stg_customers', '--project-dir', '/tmp/tmp2oyw8xo5', '--profiles-dir', '/opt/***/dags/dbt', '--profile', 'ecom_staging', '--target', 'dev']
[2025-09-13T09:36:04.993+0000] {subprocess.py:80} INFO - Command output:
[2025-09-13T09:36:07.950+0000] {subprocess.py:90} INFO - [0m09:36:07  Running with dbt=1.10.11
[2025-09-13T09:36:07.953+0000] {subprocess.py:90} INFO - [0m09:36:07  [[33mWARNING[0m]: Deprecated functionality
[2025-09-13T09:36:07.953+0000] {subprocess.py:90} INFO - Usage of `--models`, `--model`, and `-m` is deprecated in favor of `--select` or
[2025-09-13T09:36:07.954+0000] {subprocess.py:90} INFO - `-s`.
[2025-09-13T09:36:08.365+0000] {subprocess.py:90} INFO - [0m09:36:08  Registered adapter: clickhouse=1.9.3
[2025-09-13T09:36:09.425+0000] {subprocess.py:90} INFO - [0m09:36:09  Found 8 models, 27 data tests, 8 sources, 597 macros
[2025-09-13T09:36:09.431+0000] {subprocess.py:90} INFO - [0m09:36:09
[2025-09-13T09:36:09.432+0000] {subprocess.py:90} INFO - [0m09:36:09  Concurrency: 4 threads (target='dev')
[2025-09-13T09:36:09.432+0000] {subprocess.py:90} INFO - [0m09:36:09
[2025-09-13T09:36:09.643+0000] {subprocess.py:90} INFO - [0m09:36:09  1 of 1 START sql view model `ecom_db_staging`.`stg_customers` .................. [RUN]
[2025-09-13T09:36:09.785+0000] {subprocess.py:90} INFO - [0m09:36:09  1 of 1 OK created sql view model `ecom_db_staging`.`stg_customers` ............. [[32mOK[0m in 0.14s]
[2025-09-13T09:36:09.789+0000] {subprocess.py:90} INFO - [0m09:36:09
[2025-09-13T09:36:09.791+0000] {subprocess.py:90} INFO - [0m09:36:09  Finished running 1 view model in 0 hours 0 minutes and 0.36 seconds (0.36s).
[2025-09-13T09:36:09.860+0000] {subprocess.py:90} INFO - [0m09:36:09
[2025-09-13T09:36:09.860+0000] {subprocess.py:90} INFO - [0m09:36:09  [32mCompleted successfully[0m
[2025-09-13T09:36:09.861+0000] {subprocess.py:90} INFO - [0m09:36:09
[2025-09-13T09:36:09.861+0000] {subprocess.py:90} INFO - [0m09:36:09  Done. PASS=1 WARN=0 ERROR=0 SKIP=0 NO-OP=0 TOTAL=1
[2025-09-13T09:36:09.862+0000] {subprocess.py:90} INFO - [0m09:36:09  [[33mWARNING[0m][DeprecationsSummary]: Deprecated functionality
[2025-09-13T09:36:09.863+0000] {subprocess.py:90} INFO - Summary of encountered deprecations:
[2025-09-13T09:36:09.865+0000] {subprocess.py:90} INFO - - ModelParamUsageDeprecation: 1 occurrence
[2025-09-13T09:36:09.866+0000] {subprocess.py:90} INFO - To see all deprecation instances instead of just the first occurrence of each,
[2025-09-13T09:36:09.867+0000] {subprocess.py:90} INFO - run command again with the `--show-all-deprecations` flag. You may also need to
[2025-09-13T09:36:09.867+0000] {subprocess.py:90} INFO - run with `--no-partial-parse` as some deprecations are only encountered during
[2025-09-13T09:36:09.867+0000] {subprocess.py:90} INFO - parsing.
[2025-09-13T09:36:11.674+0000] {subprocess.py:94} INFO - Command exited with return code 0
[2025-09-13T09:36:11.674+0000] {local.py:441} INFO - parsing.
[2025-09-13T09:36:11.687+0000] {local.py:196} WARNING - Artifact schema version: https://schemas.getdbt.com/dbt/manifest/v12.json is above dbt-ol supported version 7. This might cause errors.
[2025-09-13T09:36:11.687+0000] {local.py:196} WARNING - Artifact schema version: https://schemas.getdbt.com/dbt/run-results/v6.json is above dbt-ol supported version 5. This might cause errors.
[2025-09-13T09:36:11.693+0000] {local.py:547} INFO - Inlets: []
[2025-09-13T09:36:11.693+0000] {local.py:548} INFO - Outlets: []
[2025-09-13T09:36:11.693+0000] {local.py:772} INFO - Assigning inlets/outlets without DatasetAlias
[2025-09-13T09:36:11.694+0000] {dag.py:3089} INFO - Sync 1 DAGs
[2025-09-13T09:36:11.758+0000] {dag.py:3947} INFO - Setting next_dagrun for dbt_staging to 2025-09-13 00:00:00+00:00, run_after=2025-09-14 00:00:00+00:00
[2025-09-13T09:36:11.836+0000] {virtualenv.py:131} INFO - Releasing virtualenv lock
[2025-09-13T09:36:11.837+0000] {virtualenv.py:145} INFO - None
[2025-09-13T09:36:11.837+0000] {taskinstance.py:441} INFO - ::group::Post task execution logs
[2025-09-13T09:36:11.877+0000] {taskinstance.py:1206} INFO - Marking task as SUCCESS. dag_id=dbt_staging, task_id=dbt_ecom.stg_customers_run, run_id=scheduled__2025-09-12T00:00:00+00:00, execution_date=20250912T000000, start_date=20250913T093437, end_date=20250913T093611
[2025-09-13T09:36:11.951+0000] {local_task_job_runner.py:243} INFO - Task exited with return code 0
[2025-09-13T09:36:12.023+0000] {taskinstance.py:3503} INFO - 0 downstream tasks scheduled from follow-on schedule check
[2025-09-13T09:36:12.033+0000] {local_task_job_runner.py:222} INFO - ::endgroup::
