[2025-09-13T09:41:04.507+0000] {local_task_job_runner.py:120} INFO - ::group::Pre task execution logs
[2025-09-13T09:41:04.685+0000] {taskinstance.py:2076} INFO - Dependencies all met for dep_context=non-requeueable deps ti=<TaskInstance: dbt_marts.marts.dim_products.run manual__2025-09-13T09:40:29.757092+00:00 [queued]>
[2025-09-13T09:41:04.708+0000] {taskinstance.py:2076} INFO - Dependencies all met for dep_context=requeueable deps ti=<TaskInstance: dbt_marts.marts.dim_products.run manual__2025-09-13T09:40:29.757092+00:00 [queued]>
[2025-09-13T09:41:04.709+0000] {taskinstance.py:2306} INFO - Starting attempt 1 of 1
[2025-09-13T09:41:04.889+0000] {taskinstance.py:2330} INFO - Executing <Task(DbtRunVirtualenvOperator): marts.dim_products.run> on 2025-09-13 09:40:29.757092+00:00
[2025-09-13T09:41:04.898+0000] {standard_task_runner.py:64} INFO - Started process 6305 to run task
[2025-09-13T09:41:04.906+0000] {standard_task_runner.py:90} INFO - Running: ['***', 'tasks', 'run', 'dbt_marts', 'marts.dim_products.run', 'manual__2025-09-13T09:40:29.757092+00:00', '--job-id', '206', '--raw', '--subdir', 'DAGS_FOLDER/dbt_marts.py', '--cfg-path', '/tmp/tmplcbo_18m']
[2025-09-13T09:41:04.910+0000] {standard_task_runner.py:91} INFO - Job 206: Subtask marts.dim_products.run
[2025-09-13T09:41:05.498+0000] {task_command.py:426} INFO - Running <TaskInstance: dbt_marts.marts.dim_products.run manual__2025-09-13T09:40:29.757092+00:00 [running]> on host e95bde6b8d07
[2025-09-13T09:41:06.353+0000] {taskinstance.py:2648} INFO - Exporting env vars: AIRFLOW_CTX_DAG_OWNER='***' AIRFLOW_CTX_DAG_ID='dbt_marts' AIRFLOW_CTX_TASK_ID='marts.dim_products.run' AIRFLOW_CTX_EXECUTION_DATE='2025-09-13T09:40:29.757092+00:00' AIRFLOW_CTX_TRY_NUMBER='1' AIRFLOW_CTX_DAG_RUN_ID='manual__2025-09-13T09:40:29.757092+00:00'
[2025-09-13T09:41:06.356+0000] {taskinstance.py:430} INFO - ::endgroup::
[2025-09-13T09:41:06.378+0000] {virtualenv.py:120} INFO - Checking if the virtualenv lock /tmp/cosmos_venv_ecom/cosmos_virtualenv.lock exists
[2025-09-13T09:41:06.379+0000] {virtualenv.py:178} INFO - Checking for running process with PID 6194
[2025-09-13T09:41:06.380+0000] {virtualenv.py:181} INFO - Process 6194 running: True and has the lock /tmp/cosmos_venv_ecom/cosmos_virtualenv.lock.
[2025-09-13T09:41:06.383+0000] {virtualenv.py:122} INFO - Waiting for virtualenv lock to be released
[2025-09-13T09:41:07.383+0000] {virtualenv.py:178} INFO - Checking for running process with PID 6194
[2025-09-13T09:41:07.385+0000] {virtualenv.py:181} INFO - Process 6194 running: True and has the lock /tmp/cosmos_venv_ecom/cosmos_virtualenv.lock.
[2025-09-13T09:41:07.389+0000] {virtualenv.py:122} INFO - Waiting for virtualenv lock to be released
[2025-09-13T09:41:08.391+0000] {virtualenv.py:178} INFO - Checking for running process with PID 6194
[2025-09-13T09:41:08.394+0000] {virtualenv.py:181} INFO - Process 6194 running: True and has the lock /tmp/cosmos_venv_ecom/cosmos_virtualenv.lock.
[2025-09-13T09:41:08.395+0000] {virtualenv.py:122} INFO - Waiting for virtualenv lock to be released
[2025-09-13T09:41:09.401+0000] {virtualenv.py:178} INFO - Checking for running process with PID 6194
[2025-09-13T09:41:09.402+0000] {virtualenv.py:181} INFO - Process 6194 running: True and has the lock /tmp/cosmos_venv_ecom/cosmos_virtualenv.lock.
[2025-09-13T09:41:09.403+0000] {virtualenv.py:122} INFO - Waiting for virtualenv lock to be released
[2025-09-13T09:41:10.404+0000] {virtualenv.py:178} INFO - Checking for running process with PID 6194
[2025-09-13T09:41:10.405+0000] {virtualenv.py:181} INFO - Process 6194 running: True and has the lock /tmp/cosmos_venv_ecom/cosmos_virtualenv.lock.
[2025-09-13T09:41:10.405+0000] {virtualenv.py:122} INFO - Waiting for virtualenv lock to be released
[2025-09-13T09:41:11.407+0000] {virtualenv.py:178} INFO - Checking for running process with PID 6194
[2025-09-13T09:41:11.408+0000] {virtualenv.py:181} INFO - Process 6194 running: True and has the lock /tmp/cosmos_venv_ecom/cosmos_virtualenv.lock.
[2025-09-13T09:41:11.408+0000] {virtualenv.py:122} INFO - Waiting for virtualenv lock to be released
[2025-09-13T09:41:12.410+0000] {virtualenv.py:178} INFO - Checking for running process with PID 6194
[2025-09-13T09:41:12.411+0000] {virtualenv.py:181} INFO - Process 6194 running: True and has the lock /tmp/cosmos_venv_ecom/cosmos_virtualenv.lock.
[2025-09-13T09:41:12.411+0000] {virtualenv.py:122} INFO - Waiting for virtualenv lock to be released
[2025-09-13T09:41:13.412+0000] {virtualenv.py:178} INFO - Checking for running process with PID 6194
[2025-09-13T09:41:13.413+0000] {virtualenv.py:181} INFO - Process 6194 running: True and has the lock /tmp/cosmos_venv_ecom/cosmos_virtualenv.lock.
[2025-09-13T09:41:13.413+0000] {virtualenv.py:122} INFO - Waiting for virtualenv lock to be released
[2025-09-13T09:41:14.415+0000] {virtualenv.py:178} INFO - Checking for running process with PID 6194
[2025-09-13T09:41:14.416+0000] {virtualenv.py:181} INFO - Process 6194 running: True and has the lock /tmp/cosmos_venv_ecom/cosmos_virtualenv.lock.
[2025-09-13T09:41:14.417+0000] {virtualenv.py:122} INFO - Waiting for virtualenv lock to be released
[2025-09-13T09:41:15.268+0000] {local_task_job_runner.py:313} WARNING - State of this instance has been externally set to failed. Terminating instance.
[2025-09-13T09:41:15.272+0000] {local_task_job_runner.py:222} INFO - ::endgroup::
[2025-09-13T09:41:15.276+0000] {process_utils.py:132} INFO - Sending 15 to group 6305. PIDs of all processes in the group: [6305]
[2025-09-13T09:41:15.277+0000] {process_utils.py:87} INFO - Sending the signal 15 to group 6305
[2025-09-13T09:41:15.277+0000] {taskinstance.py:2611} ERROR - Received SIGTERM. Terminating subprocesses.
[2025-09-13T09:41:15.278+0000] {virtualenv.py:131} INFO - Releasing virtualenv lock
[2025-09-13T09:41:15.279+0000] {virtualenv.py:210} WARNING - Lockfile owned by process of pid 6194, while operator has pid 6305
[2025-09-13T09:41:15.279+0000] {taskinstance.py:441} INFO - ::group::Post task execution logs
[2025-09-13T09:41:15.410+0000] {process_utils.py:80} INFO - Process psutil.Process(pid=6305, status='terminated', exitcode=0, started='09:41:04') (6305) terminated with exit code 0
