[2025-09-12T16:51:04.754+0000] {local_task_job_runner.py:120} INFO - ::group::Pre task execution logs
[2025-09-12T16:51:04.968+0000] {taskinstance.py:2076} INFO - Dependencies all met for dep_context=non-requeueable deps ti=<TaskInstance: dbt_ecom_cosmos.dbt_ecom.stg_order_items_run manual__2025-09-12T16:50:56.013773+00:00 [queued]>
[2025-09-12T16:51:04.994+0000] {taskinstance.py:2076} INFO - Dependencies all met for dep_context=requeueable deps ti=<TaskInstance: dbt_ecom_cosmos.dbt_ecom.stg_order_items_run manual__2025-09-12T16:50:56.013773+00:00 [queued]>
[2025-09-12T16:51:04.995+0000] {taskinstance.py:2306} INFO - Starting attempt 1 of 1
[2025-09-12T16:51:05.085+0000] {taskinstance.py:2330} INFO - Executing <Task(DbtRunVirtualenvOperator): dbt_ecom.stg_order_items_run> on 2025-09-12 16:50:56.013773+00:00
[2025-09-12T16:51:05.101+0000] {standard_task_runner.py:64} INFO - Started process 3304 to run task
[2025-09-12T16:51:05.106+0000] {standard_task_runner.py:90} INFO - Running: ['***', 'tasks', 'run', 'dbt_ecom_cosmos', 'dbt_ecom.stg_order_items_run', 'manual__2025-09-12T16:50:56.013773+00:00', '--job-id', '103', '--raw', '--subdir', 'DAGS_FOLDER/dbt_staging.py', '--cfg-path', '/tmp/tmpep_5dhsz']
[2025-09-12T16:51:05.114+0000] {standard_task_runner.py:91} INFO - Job 103: Subtask dbt_ecom.stg_order_items_run
[2025-09-12T16:51:05.856+0000] {task_command.py:426} INFO - Running <TaskInstance: dbt_ecom_cosmos.dbt_ecom.stg_order_items_run manual__2025-09-12T16:50:56.013773+00:00 [running]> on host e95bde6b8d07
[2025-09-12T16:51:06.826+0000] {taskinstance.py:2648} INFO - Exporting env vars: AIRFLOW_CTX_DAG_OWNER='***' AIRFLOW_CTX_DAG_ID='dbt_ecom_cosmos' AIRFLOW_CTX_TASK_ID='dbt_ecom.stg_order_items_run' AIRFLOW_CTX_EXECUTION_DATE='2025-09-12T16:50:56.013773+00:00' AIRFLOW_CTX_TRY_NUMBER='1' AIRFLOW_CTX_DAG_RUN_ID='manual__2025-09-12T16:50:56.013773+00:00'
[2025-09-12T16:51:06.833+0000] {taskinstance.py:430} INFO - ::endgroup::
[2025-09-12T16:51:06.855+0000] {virtualenv.py:120} INFO - Checking if the virtualenv lock /tmp/cosmos_venv_ecom/cosmos_virtualenv.lock exists
[2025-09-12T16:51:06.857+0000] {virtualenv.py:178} INFO - Checking for running process with PID 3295
[2025-09-12T16:51:06.858+0000] {virtualenv.py:181} INFO - Process 3295 running: True and has the lock /tmp/cosmos_venv_ecom/cosmos_virtualenv.lock.
[2025-09-12T16:51:06.859+0000] {virtualenv.py:122} INFO - Waiting for virtualenv lock to be released
[2025-09-12T16:51:07.862+0000] {virtualenv.py:178} INFO - Checking for running process with PID 3295
[2025-09-12T16:51:07.862+0000] {virtualenv.py:181} INFO - Process 3295 running: True and has the lock /tmp/cosmos_venv_ecom/cosmos_virtualenv.lock.
[2025-09-12T16:51:07.863+0000] {virtualenv.py:122} INFO - Waiting for virtualenv lock to be released
[2025-09-12T16:51:08.865+0000] {virtualenv.py:178} INFO - Checking for running process with PID 3295
[2025-09-12T16:51:08.866+0000] {virtualenv.py:181} INFO - Process 3295 running: True and has the lock /tmp/cosmos_venv_ecom/cosmos_virtualenv.lock.
[2025-09-12T16:51:08.867+0000] {virtualenv.py:122} INFO - Waiting for virtualenv lock to be released
[2025-09-12T16:51:09.869+0000] {virtualenv.py:178} INFO - Checking for running process with PID 3295
[2025-09-12T16:51:09.871+0000] {virtualenv.py:181} INFO - Process 3295 running: True and has the lock /tmp/cosmos_venv_ecom/cosmos_virtualenv.lock.
[2025-09-12T16:51:09.872+0000] {virtualenv.py:122} INFO - Waiting for virtualenv lock to be released
[2025-09-12T16:51:10.874+0000] {virtualenv.py:178} INFO - Checking for running process with PID 3295
[2025-09-12T16:51:10.875+0000] {virtualenv.py:181} INFO - Process 3295 running: True and has the lock /tmp/cosmos_venv_ecom/cosmos_virtualenv.lock.
[2025-09-12T16:51:10.875+0000] {virtualenv.py:122} INFO - Waiting for virtualenv lock to be released
[2025-09-12T16:51:11.876+0000] {virtualenv.py:178} INFO - Checking for running process with PID 3295
[2025-09-12T16:51:11.877+0000] {virtualenv.py:181} INFO - Process 3295 running: True and has the lock /tmp/cosmos_venv_ecom/cosmos_virtualenv.lock.
[2025-09-12T16:51:11.878+0000] {virtualenv.py:122} INFO - Waiting for virtualenv lock to be released
[2025-09-12T16:51:12.879+0000] {virtualenv.py:178} INFO - Checking for running process with PID 3295
[2025-09-12T16:51:12.881+0000] {virtualenv.py:181} INFO - Process 3295 running: True and has the lock /tmp/cosmos_venv_ecom/cosmos_virtualenv.lock.
[2025-09-12T16:51:12.881+0000] {virtualenv.py:122} INFO - Waiting for virtualenv lock to be released
[2025-09-12T16:51:13.883+0000] {virtualenv.py:178} INFO - Checking for running process with PID 3295
[2025-09-12T16:51:13.884+0000] {virtualenv.py:181} INFO - Process 3295 running: True and has the lock /tmp/cosmos_venv_ecom/cosmos_virtualenv.lock.
[2025-09-12T16:51:13.884+0000] {virtualenv.py:122} INFO - Waiting for virtualenv lock to be released
[2025-09-12T16:51:14.886+0000] {virtualenv.py:178} INFO - Checking for running process with PID 3295
[2025-09-12T16:51:14.886+0000] {virtualenv.py:181} INFO - Process 3295 running: True and has the lock /tmp/cosmos_venv_ecom/cosmos_virtualenv.lock.
[2025-09-12T16:51:14.887+0000] {virtualenv.py:122} INFO - Waiting for virtualenv lock to be released
[2025-09-12T16:51:15.888+0000] {virtualenv.py:178} INFO - Checking for running process with PID 3295
[2025-09-12T16:51:15.889+0000] {virtualenv.py:181} INFO - Process 3295 running: True and has the lock /tmp/cosmos_venv_ecom/cosmos_virtualenv.lock.
[2025-09-12T16:51:15.890+0000] {virtualenv.py:122} INFO - Waiting for virtualenv lock to be released
[2025-09-12T16:51:16.891+0000] {virtualenv.py:178} INFO - Checking for running process with PID 3295
[2025-09-12T16:51:16.892+0000] {virtualenv.py:181} INFO - Process 3295 running: True and has the lock /tmp/cosmos_venv_ecom/cosmos_virtualenv.lock.
[2025-09-12T16:51:16.892+0000] {virtualenv.py:122} INFO - Waiting for virtualenv lock to be released
[2025-09-12T16:51:17.893+0000] {virtualenv.py:178} INFO - Checking for running process with PID 3295
[2025-09-12T16:51:17.894+0000] {virtualenv.py:181} INFO - Process 3295 running: True and has the lock /tmp/cosmos_venv_ecom/cosmos_virtualenv.lock.
[2025-09-12T16:51:17.895+0000] {virtualenv.py:122} INFO - Waiting for virtualenv lock to be released
[2025-09-12T16:51:18.897+0000] {virtualenv.py:178} INFO - Checking for running process with PID 3295
[2025-09-12T16:51:18.898+0000] {virtualenv.py:181} INFO - Process 3295 running: True and has the lock /tmp/cosmos_venv_ecom/cosmos_virtualenv.lock.
[2025-09-12T16:51:18.898+0000] {virtualenv.py:122} INFO - Waiting for virtualenv lock to be released
[2025-09-12T16:51:19.899+0000] {virtualenv.py:178} INFO - Checking for running process with PID 3295
[2025-09-12T16:51:19.901+0000] {virtualenv.py:181} INFO - Process 3295 running: True and has the lock /tmp/cosmos_venv_ecom/cosmos_virtualenv.lock.
[2025-09-12T16:51:19.902+0000] {virtualenv.py:122} INFO - Waiting for virtualenv lock to be released
[2025-09-12T16:51:20.904+0000] {virtualenv.py:178} INFO - Checking for running process with PID 3295
[2025-09-12T16:51:20.905+0000] {virtualenv.py:181} INFO - Process 3295 running: True and has the lock /tmp/cosmos_venv_ecom/cosmos_virtualenv.lock.
[2025-09-12T16:51:20.906+0000] {virtualenv.py:122} INFO - Waiting for virtualenv lock to be released
[2025-09-12T16:51:21.907+0000] {virtualenv.py:178} INFO - Checking for running process with PID 3295
[2025-09-12T16:51:21.908+0000] {virtualenv.py:181} INFO - Process 3295 running: True and has the lock /tmp/cosmos_venv_ecom/cosmos_virtualenv.lock.
[2025-09-12T16:51:21.909+0000] {virtualenv.py:122} INFO - Waiting for virtualenv lock to be released
[2025-09-12T16:51:22.911+0000] {virtualenv.py:178} INFO - Checking for running process with PID 3295
[2025-09-12T16:51:22.912+0000] {virtualenv.py:181} INFO - Process 3295 running: True and has the lock /tmp/cosmos_venv_ecom/cosmos_virtualenv.lock.
[2025-09-12T16:51:22.912+0000] {virtualenv.py:122} INFO - Waiting for virtualenv lock to be released
[2025-09-12T16:51:23.912+0000] {virtualenv.py:178} INFO - Checking for running process with PID 3295
[2025-09-12T16:51:23.913+0000] {virtualenv.py:181} INFO - Process 3295 running: True and has the lock /tmp/cosmos_venv_ecom/cosmos_virtualenv.lock.
[2025-09-12T16:51:23.914+0000] {virtualenv.py:122} INFO - Waiting for virtualenv lock to be released
[2025-09-12T16:51:24.916+0000] {virtualenv.py:178} INFO - Checking for running process with PID 3295
[2025-09-12T16:51:24.916+0000] {virtualenv.py:181} INFO - Process 3295 running: True and has the lock /tmp/cosmos_venv_ecom/cosmos_virtualenv.lock.
[2025-09-12T16:51:24.917+0000] {virtualenv.py:122} INFO - Waiting for virtualenv lock to be released
[2025-09-12T16:51:25.918+0000] {virtualenv.py:178} INFO - Checking for running process with PID 3295
[2025-09-12T16:51:25.919+0000] {virtualenv.py:181} INFO - Process 3295 running: True and has the lock /tmp/cosmos_venv_ecom/cosmos_virtualenv.lock.
[2025-09-12T16:51:25.920+0000] {virtualenv.py:122} INFO - Waiting for virtualenv lock to be released
[2025-09-12T16:51:26.921+0000] {virtualenv.py:178} INFO - Checking for running process with PID 3295
[2025-09-12T16:51:26.923+0000] {virtualenv.py:181} INFO - Process 3295 running: True and has the lock /tmp/cosmos_venv_ecom/cosmos_virtualenv.lock.
[2025-09-12T16:51:26.923+0000] {virtualenv.py:122} INFO - Waiting for virtualenv lock to be released
[2025-09-12T16:51:27.925+0000] {virtualenv.py:178} INFO - Checking for running process with PID 3295
[2025-09-12T16:51:27.926+0000] {virtualenv.py:181} INFO - Process 3295 running: True and has the lock /tmp/cosmos_venv_ecom/cosmos_virtualenv.lock.
[2025-09-12T16:51:27.926+0000] {virtualenv.py:122} INFO - Waiting for virtualenv lock to be released
[2025-09-12T16:51:28.928+0000] {virtualenv.py:178} INFO - Checking for running process with PID 3295
[2025-09-12T16:51:28.930+0000] {virtualenv.py:181} INFO - Process 3295 running: True and has the lock /tmp/cosmos_venv_ecom/cosmos_virtualenv.lock.
[2025-09-12T16:51:28.930+0000] {virtualenv.py:122} INFO - Waiting for virtualenv lock to be released
[2025-09-12T16:51:29.932+0000] {virtualenv.py:178} INFO - Checking for running process with PID 3295
[2025-09-12T16:51:29.932+0000] {virtualenv.py:181} INFO - Process 3295 running: True and has the lock /tmp/cosmos_venv_ecom/cosmos_virtualenv.lock.
[2025-09-12T16:51:29.933+0000] {virtualenv.py:122} INFO - Waiting for virtualenv lock to be released
[2025-09-12T16:51:30.934+0000] {virtualenv.py:178} INFO - Checking for running process with PID 3295
[2025-09-12T16:51:30.939+0000] {virtualenv.py:181} INFO - Process 3295 running: True and has the lock /tmp/cosmos_venv_ecom/cosmos_virtualenv.lock.
[2025-09-12T16:51:30.940+0000] {virtualenv.py:122} INFO - Waiting for virtualenv lock to be released
[2025-09-12T16:51:31.942+0000] {virtualenv.py:178} INFO - Checking for running process with PID 3295
[2025-09-12T16:51:31.943+0000] {virtualenv.py:181} INFO - Process 3295 running: True and has the lock /tmp/cosmos_venv_ecom/cosmos_virtualenv.lock.
[2025-09-12T16:51:31.943+0000] {virtualenv.py:122} INFO - Waiting for virtualenv lock to be released
[2025-09-12T16:51:32.945+0000] {virtualenv.py:178} INFO - Checking for running process with PID 3295
[2025-09-12T16:51:32.945+0000] {virtualenv.py:181} INFO - Process 3295 running: True and has the lock /tmp/cosmos_venv_ecom/cosmos_virtualenv.lock.
[2025-09-12T16:51:32.946+0000] {virtualenv.py:122} INFO - Waiting for virtualenv lock to be released
[2025-09-12T16:51:33.947+0000] {virtualenv.py:178} INFO - Checking for running process with PID 3295
[2025-09-12T16:51:33.948+0000] {virtualenv.py:181} INFO - Process 3295 running: True and has the lock /tmp/cosmos_venv_ecom/cosmos_virtualenv.lock.
[2025-09-12T16:51:33.948+0000] {virtualenv.py:122} INFO - Waiting for virtualenv lock to be released
[2025-09-12T16:51:34.950+0000] {virtualenv.py:178} INFO - Checking for running process with PID 3295
[2025-09-12T16:51:34.951+0000] {virtualenv.py:181} INFO - Process 3295 running: True and has the lock /tmp/cosmos_venv_ecom/cosmos_virtualenv.lock.
[2025-09-12T16:51:34.952+0000] {virtualenv.py:122} INFO - Waiting for virtualenv lock to be released
[2025-09-12T16:51:35.954+0000] {virtualenv.py:178} INFO - Checking for running process with PID 3295
[2025-09-12T16:51:35.954+0000] {virtualenv.py:181} INFO - Process 3295 running: True and has the lock /tmp/cosmos_venv_ecom/cosmos_virtualenv.lock.
[2025-09-12T16:51:35.955+0000] {virtualenv.py:122} INFO - Waiting for virtualenv lock to be released
[2025-09-12T16:51:36.956+0000] {virtualenv.py:178} INFO - Checking for running process with PID 3295
[2025-09-12T16:51:36.957+0000] {virtualenv.py:181} INFO - Process 3295 running: True and has the lock /tmp/cosmos_venv_ecom/cosmos_virtualenv.lock.
[2025-09-12T16:51:36.958+0000] {virtualenv.py:122} INFO - Waiting for virtualenv lock to be released
[2025-09-12T16:51:37.959+0000] {virtualenv.py:178} INFO - Checking for running process with PID 3295
[2025-09-12T16:51:37.960+0000] {virtualenv.py:181} INFO - Process 3295 running: True and has the lock /tmp/cosmos_venv_ecom/cosmos_virtualenv.lock.
[2025-09-12T16:51:37.961+0000] {virtualenv.py:122} INFO - Waiting for virtualenv lock to be released
[2025-09-12T16:51:38.962+0000] {virtualenv.py:178} INFO - Checking for running process with PID 3295
[2025-09-12T16:51:38.963+0000] {virtualenv.py:181} INFO - Process 3295 running: True and has the lock /tmp/cosmos_venv_ecom/cosmos_virtualenv.lock.
[2025-09-12T16:51:38.964+0000] {virtualenv.py:122} INFO - Waiting for virtualenv lock to be released
[2025-09-12T16:51:39.966+0000] {virtualenv.py:178} INFO - Checking for running process with PID 3295
[2025-09-12T16:51:39.967+0000] {virtualenv.py:181} INFO - Process 3295 running: True and has the lock /tmp/cosmos_venv_ecom/cosmos_virtualenv.lock.
[2025-09-12T16:51:39.968+0000] {virtualenv.py:122} INFO - Waiting for virtualenv lock to be released
[2025-09-12T16:51:40.972+0000] {virtualenv.py:178} INFO - Checking for running process with PID 3295
[2025-09-12T16:51:40.974+0000] {virtualenv.py:181} INFO - Process 3295 running: True and has the lock /tmp/cosmos_venv_ecom/cosmos_virtualenv.lock.
[2025-09-12T16:51:40.976+0000] {virtualenv.py:122} INFO - Waiting for virtualenv lock to be released
[2025-09-12T16:51:41.980+0000] {virtualenv.py:178} INFO - Checking for running process with PID 3295
[2025-09-12T16:51:41.981+0000] {virtualenv.py:181} INFO - Process 3295 running: True and has the lock /tmp/cosmos_venv_ecom/cosmos_virtualenv.lock.
[2025-09-12T16:51:41.981+0000] {virtualenv.py:122} INFO - Waiting for virtualenv lock to be released
[2025-09-12T16:51:42.982+0000] {virtualenv.py:178} INFO - Checking for running process with PID 3295
[2025-09-12T16:51:42.983+0000] {virtualenv.py:181} INFO - Process 3295 running: True and has the lock /tmp/cosmos_venv_ecom/cosmos_virtualenv.lock.
[2025-09-12T16:51:42.983+0000] {virtualenv.py:122} INFO - Waiting for virtualenv lock to be released
[2025-09-12T16:51:43.985+0000] {virtualenv.py:178} INFO - Checking for running process with PID 3295
[2025-09-12T16:51:43.986+0000] {virtualenv.py:181} INFO - Process 3295 running: True and has the lock /tmp/cosmos_venv_ecom/cosmos_virtualenv.lock.
[2025-09-12T16:51:43.986+0000] {virtualenv.py:122} INFO - Waiting for virtualenv lock to be released
[2025-09-12T16:51:44.988+0000] {virtualenv.py:178} INFO - Checking for running process with PID 3295
[2025-09-12T16:51:44.989+0000] {virtualenv.py:181} INFO - Process 3295 running: True and has the lock /tmp/cosmos_venv_ecom/cosmos_virtualenv.lock.
[2025-09-12T16:51:44.989+0000] {virtualenv.py:122} INFO - Waiting for virtualenv lock to be released
[2025-09-12T16:51:45.991+0000] {virtualenv.py:178} INFO - Checking for running process with PID 3295
[2025-09-12T16:51:45.992+0000] {virtualenv.py:181} INFO - Process 3295 running: True and has the lock /tmp/cosmos_venv_ecom/cosmos_virtualenv.lock.
[2025-09-12T16:51:45.993+0000] {virtualenv.py:122} INFO - Waiting for virtualenv lock to be released
[2025-09-12T16:51:46.994+0000] {virtualenv.py:178} INFO - Checking for running process with PID 3295
[2025-09-12T16:51:46.995+0000] {virtualenv.py:181} INFO - Process 3295 running: True and has the lock /tmp/cosmos_venv_ecom/cosmos_virtualenv.lock.
[2025-09-12T16:51:46.995+0000] {virtualenv.py:122} INFO - Waiting for virtualenv lock to be released
[2025-09-12T16:51:47.997+0000] {virtualenv.py:178} INFO - Checking for running process with PID 3295
[2025-09-12T16:51:47.997+0000] {virtualenv.py:181} INFO - Process 3295 running: True and has the lock /tmp/cosmos_venv_ecom/cosmos_virtualenv.lock.
[2025-09-12T16:51:47.998+0000] {virtualenv.py:122} INFO - Waiting for virtualenv lock to be released
[2025-09-12T16:51:49.000+0000] {virtualenv.py:178} INFO - Checking for running process with PID 3295
[2025-09-12T16:51:49.001+0000] {virtualenv.py:181} INFO - Process 3295 running: True and has the lock /tmp/cosmos_venv_ecom/cosmos_virtualenv.lock.
[2025-09-12T16:51:49.001+0000] {virtualenv.py:122} INFO - Waiting for virtualenv lock to be released
[2025-09-12T16:51:50.003+0000] {virtualenv.py:178} INFO - Checking for running process with PID 3295
[2025-09-12T16:51:50.003+0000] {virtualenv.py:181} INFO - Process 3295 running: True and has the lock /tmp/cosmos_venv_ecom/cosmos_virtualenv.lock.
[2025-09-12T16:51:50.004+0000] {virtualenv.py:122} INFO - Waiting for virtualenv lock to be released
[2025-09-12T16:51:51.005+0000] {virtualenv.py:178} INFO - Checking for running process with PID 3295
[2025-09-12T16:51:51.007+0000] {virtualenv.py:181} INFO - Process 3295 running: True and has the lock /tmp/cosmos_venv_ecom/cosmos_virtualenv.lock.
[2025-09-12T16:51:51.008+0000] {virtualenv.py:122} INFO - Waiting for virtualenv lock to be released
[2025-09-12T16:51:52.010+0000] {virtualenv.py:178} INFO - Checking for running process with PID 3295
[2025-09-12T16:51:52.010+0000] {virtualenv.py:181} INFO - Process 3295 running: True and has the lock /tmp/cosmos_venv_ecom/cosmos_virtualenv.lock.
[2025-09-12T16:51:52.011+0000] {virtualenv.py:122} INFO - Waiting for virtualenv lock to be released
[2025-09-12T16:51:53.011+0000] {virtualenv.py:178} INFO - Checking for running process with PID 3295
[2025-09-12T16:51:53.012+0000] {virtualenv.py:181} INFO - Process 3295 running: True and has the lock /tmp/cosmos_venv_ecom/cosmos_virtualenv.lock.
[2025-09-12T16:51:53.013+0000] {virtualenv.py:122} INFO - Waiting for virtualenv lock to be released
[2025-09-12T16:51:54.015+0000] {virtualenv.py:178} INFO - Checking for running process with PID 3295
[2025-09-12T16:51:54.016+0000] {virtualenv.py:181} INFO - Process 3295 running: True and has the lock /tmp/cosmos_venv_ecom/cosmos_virtualenv.lock.
[2025-09-12T16:51:54.016+0000] {virtualenv.py:122} INFO - Waiting for virtualenv lock to be released
[2025-09-12T16:51:55.018+0000] {virtualenv.py:178} INFO - Checking for running process with PID 3295
[2025-09-12T16:51:55.019+0000] {virtualenv.py:181} INFO - Process 3295 running: True and has the lock /tmp/cosmos_venv_ecom/cosmos_virtualenv.lock.
[2025-09-12T16:51:55.020+0000] {virtualenv.py:122} INFO - Waiting for virtualenv lock to be released
[2025-09-12T16:51:56.021+0000] {virtualenv.py:178} INFO - Checking for running process with PID 3310
[2025-09-12T16:51:56.022+0000] {virtualenv.py:181} INFO - Process 3310 running: True and has the lock /tmp/cosmos_venv_ecom/cosmos_virtualenv.lock.
[2025-09-12T16:51:56.022+0000] {virtualenv.py:122} INFO - Waiting for virtualenv lock to be released
[2025-09-12T16:51:57.024+0000] {virtualenv.py:178} INFO - Checking for running process with PID 3310
[2025-09-12T16:51:57.025+0000] {virtualenv.py:181} INFO - Process 3310 running: True and has the lock /tmp/cosmos_venv_ecom/cosmos_virtualenv.lock.
[2025-09-12T16:51:57.026+0000] {virtualenv.py:122} INFO - Waiting for virtualenv lock to be released
[2025-09-12T16:51:58.027+0000] {virtualenv.py:178} INFO - Checking for running process with PID 3310
[2025-09-12T16:51:58.028+0000] {virtualenv.py:181} INFO - Process 3310 running: True and has the lock /tmp/cosmos_venv_ecom/cosmos_virtualenv.lock.
[2025-09-12T16:51:58.028+0000] {virtualenv.py:122} INFO - Waiting for virtualenv lock to be released
[2025-09-12T16:51:59.030+0000] {virtualenv.py:178} INFO - Checking for running process with PID 3310
[2025-09-12T16:51:59.031+0000] {virtualenv.py:181} INFO - Process 3310 running: True and has the lock /tmp/cosmos_venv_ecom/cosmos_virtualenv.lock.
[2025-09-12T16:51:59.032+0000] {virtualenv.py:122} INFO - Waiting for virtualenv lock to be released
[2025-09-12T16:52:00.033+0000] {virtualenv.py:178} INFO - Checking for running process with PID 3310
[2025-09-12T16:52:00.037+0000] {virtualenv.py:181} INFO - Process 3310 running: True and has the lock /tmp/cosmos_venv_ecom/cosmos_virtualenv.lock.
[2025-09-12T16:52:00.038+0000] {virtualenv.py:122} INFO - Waiting for virtualenv lock to be released
[2025-09-12T16:52:01.039+0000] {virtualenv.py:178} INFO - Checking for running process with PID 3310
[2025-09-12T16:52:01.041+0000] {virtualenv.py:181} INFO - Process 3310 running: True and has the lock /tmp/cosmos_venv_ecom/cosmos_virtualenv.lock.
[2025-09-12T16:52:01.041+0000] {virtualenv.py:122} INFO - Waiting for virtualenv lock to be released
[2025-09-12T16:52:02.044+0000] {virtualenv.py:178} INFO - Checking for running process with PID 3310
[2025-09-12T16:52:02.044+0000] {virtualenv.py:181} INFO - Process 3310 running: True and has the lock /tmp/cosmos_venv_ecom/cosmos_virtualenv.lock.
[2025-09-12T16:52:02.045+0000] {virtualenv.py:122} INFO - Waiting for virtualenv lock to be released
[2025-09-12T16:52:03.046+0000] {virtualenv.py:178} INFO - Checking for running process with PID 3310
[2025-09-12T16:52:03.047+0000] {virtualenv.py:181} INFO - Process 3310 running: True and has the lock /tmp/cosmos_venv_ecom/cosmos_virtualenv.lock.
[2025-09-12T16:52:03.048+0000] {virtualenv.py:122} INFO - Waiting for virtualenv lock to be released
[2025-09-12T16:52:04.049+0000] {virtualenv.py:178} INFO - Checking for running process with PID 3310
[2025-09-12T16:52:04.050+0000] {virtualenv.py:181} INFO - Process 3310 running: True and has the lock /tmp/cosmos_venv_ecom/cosmos_virtualenv.lock.
[2025-09-12T16:52:04.050+0000] {virtualenv.py:122} INFO - Waiting for virtualenv lock to be released
[2025-09-12T16:52:05.053+0000] {virtualenv.py:178} INFO - Checking for running process with PID 3310
[2025-09-12T16:52:05.054+0000] {virtualenv.py:181} INFO - Process 3310 running: True and has the lock /tmp/cosmos_venv_ecom/cosmos_virtualenv.lock.
[2025-09-12T16:52:05.054+0000] {virtualenv.py:122} INFO - Waiting for virtualenv lock to be released
[2025-09-12T16:52:06.056+0000] {virtualenv.py:178} INFO - Checking for running process with PID 3310
[2025-09-12T16:52:06.057+0000] {virtualenv.py:181} INFO - Process 3310 running: True and has the lock /tmp/cosmos_venv_ecom/cosmos_virtualenv.lock.
[2025-09-12T16:52:06.057+0000] {virtualenv.py:122} INFO - Waiting for virtualenv lock to be released
[2025-09-12T16:52:07.059+0000] {virtualenv.py:178} INFO - Checking for running process with PID 3310
[2025-09-12T16:52:07.059+0000] {virtualenv.py:181} INFO - Process 3310 running: True and has the lock /tmp/cosmos_venv_ecom/cosmos_virtualenv.lock.
[2025-09-12T16:52:07.060+0000] {virtualenv.py:122} INFO - Waiting for virtualenv lock to be released
[2025-09-12T16:52:08.061+0000] {virtualenv.py:178} INFO - Checking for running process with PID 3310
[2025-09-12T16:52:08.062+0000] {virtualenv.py:181} INFO - Process 3310 running: True and has the lock /tmp/cosmos_venv_ecom/cosmos_virtualenv.lock.
[2025-09-12T16:52:08.063+0000] {virtualenv.py:122} INFO - Waiting for virtualenv lock to be released
[2025-09-12T16:52:09.063+0000] {virtualenv.py:178} INFO - Checking for running process with PID 3310
[2025-09-12T16:52:09.064+0000] {virtualenv.py:181} INFO - Process 3310 running: True and has the lock /tmp/cosmos_venv_ecom/cosmos_virtualenv.lock.
[2025-09-12T16:52:09.065+0000] {virtualenv.py:122} INFO - Waiting for virtualenv lock to be released
[2025-09-12T16:52:10.067+0000] {virtualenv.py:178} INFO - Checking for running process with PID 3298
[2025-09-12T16:52:10.068+0000] {virtualenv.py:181} INFO - Process 3298 running: True and has the lock /tmp/cosmos_venv_ecom/cosmos_virtualenv.lock.
[2025-09-12T16:52:10.069+0000] {virtualenv.py:122} INFO - Waiting for virtualenv lock to be released
[2025-09-12T16:52:11.070+0000] {virtualenv.py:178} INFO - Checking for running process with PID 3298
[2025-09-12T16:52:11.071+0000] {virtualenv.py:181} INFO - Process 3298 running: True and has the lock /tmp/cosmos_venv_ecom/cosmos_virtualenv.lock.
[2025-09-12T16:52:11.072+0000] {virtualenv.py:122} INFO - Waiting for virtualenv lock to be released
[2025-09-12T16:52:12.073+0000] {virtualenv.py:178} INFO - Checking for running process with PID 3298
[2025-09-12T16:52:12.074+0000] {virtualenv.py:181} INFO - Process 3298 running: True and has the lock /tmp/cosmos_venv_ecom/cosmos_virtualenv.lock.
[2025-09-12T16:52:12.075+0000] {virtualenv.py:122} INFO - Waiting for virtualenv lock to be released
[2025-09-12T16:52:13.076+0000] {virtualenv.py:178} INFO - Checking for running process with PID 3298
[2025-09-12T16:52:13.082+0000] {virtualenv.py:181} INFO - Process 3298 running: True and has the lock /tmp/cosmos_venv_ecom/cosmos_virtualenv.lock.
[2025-09-12T16:52:13.082+0000] {virtualenv.py:122} INFO - Waiting for virtualenv lock to be released
[2025-09-12T16:52:14.084+0000] {virtualenv.py:178} INFO - Checking for running process with PID 3298
[2025-09-12T16:52:14.085+0000] {virtualenv.py:181} INFO - Process 3298 running: True and has the lock /tmp/cosmos_venv_ecom/cosmos_virtualenv.lock.
[2025-09-12T16:52:14.086+0000] {virtualenv.py:122} INFO - Waiting for virtualenv lock to be released
[2025-09-12T16:52:15.087+0000] {virtualenv.py:178} INFO - Checking for running process with PID 3298
[2025-09-12T16:52:15.088+0000] {virtualenv.py:181} INFO - Process 3298 running: True and has the lock /tmp/cosmos_venv_ecom/cosmos_virtualenv.lock.
[2025-09-12T16:52:15.089+0000] {virtualenv.py:122} INFO - Waiting for virtualenv lock to be released
[2025-09-12T16:52:16.090+0000] {virtualenv.py:178} INFO - Checking for running process with PID 3298
[2025-09-12T16:52:16.091+0000] {virtualenv.py:181} INFO - Process 3298 running: True and has the lock /tmp/cosmos_venv_ecom/cosmos_virtualenv.lock.
[2025-09-12T16:52:16.091+0000] {virtualenv.py:122} INFO - Waiting for virtualenv lock to be released
[2025-09-12T16:52:17.093+0000] {virtualenv.py:178} INFO - Checking for running process with PID 3298
[2025-09-12T16:52:17.095+0000] {virtualenv.py:181} INFO - Process 3298 running: True and has the lock /tmp/cosmos_venv_ecom/cosmos_virtualenv.lock.
[2025-09-12T16:52:17.097+0000] {virtualenv.py:122} INFO - Waiting for virtualenv lock to be released
[2025-09-12T16:52:18.099+0000] {virtualenv.py:178} INFO - Checking for running process with PID 3298
[2025-09-12T16:52:18.100+0000] {virtualenv.py:181} INFO - Process 3298 running: True and has the lock /tmp/cosmos_venv_ecom/cosmos_virtualenv.lock.
[2025-09-12T16:52:18.101+0000] {virtualenv.py:122} INFO - Waiting for virtualenv lock to be released
[2025-09-12T16:52:19.102+0000] {virtualenv.py:178} INFO - Checking for running process with PID 3298
[2025-09-12T16:52:19.103+0000] {virtualenv.py:181} INFO - Process 3298 running: True and has the lock /tmp/cosmos_venv_ecom/cosmos_virtualenv.lock.
[2025-09-12T16:52:19.104+0000] {virtualenv.py:122} INFO - Waiting for virtualenv lock to be released
[2025-09-12T16:52:20.105+0000] {virtualenv.py:178} INFO - Checking for running process with PID 3298
[2025-09-12T16:52:20.106+0000] {virtualenv.py:181} INFO - Process 3298 running: True and has the lock /tmp/cosmos_venv_ecom/cosmos_virtualenv.lock.
[2025-09-12T16:52:20.106+0000] {virtualenv.py:122} INFO - Waiting for virtualenv lock to be released
[2025-09-12T16:52:21.107+0000] {virtualenv.py:178} INFO - Checking for running process with PID 3298
[2025-09-12T16:52:21.108+0000] {virtualenv.py:181} INFO - Process 3298 running: True and has the lock /tmp/cosmos_venv_ecom/cosmos_virtualenv.lock.
[2025-09-12T16:52:21.109+0000] {virtualenv.py:122} INFO - Waiting for virtualenv lock to be released
[2025-09-12T16:52:22.111+0000] {virtualenv.py:178} INFO - Checking for running process with PID 3298
[2025-09-12T16:52:22.112+0000] {virtualenv.py:181} INFO - Process 3298 running: True and has the lock /tmp/cosmos_venv_ecom/cosmos_virtualenv.lock.
[2025-09-12T16:52:22.112+0000] {virtualenv.py:122} INFO - Waiting for virtualenv lock to be released
[2025-09-12T16:52:23.113+0000] {virtualenv.py:178} INFO - Checking for running process with PID 3298
[2025-09-12T16:52:23.115+0000] {virtualenv.py:181} INFO - Process 3298 running: True and has the lock /tmp/cosmos_venv_ecom/cosmos_virtualenv.lock.
[2025-09-12T16:52:23.116+0000] {virtualenv.py:122} INFO - Waiting for virtualenv lock to be released
[2025-09-12T16:52:24.119+0000] {virtualenv.py:178} INFO - Checking for running process with PID 3298
[2025-09-12T16:52:24.124+0000] {virtualenv.py:181} INFO - Process 3298 running: True and has the lock /tmp/cosmos_venv_ecom/cosmos_virtualenv.lock.
[2025-09-12T16:52:24.125+0000] {virtualenv.py:122} INFO - Waiting for virtualenv lock to be released
[2025-09-12T16:52:25.126+0000] {virtualenv.py:178} INFO - Checking for running process with PID 3297
[2025-09-12T16:52:25.127+0000] {virtualenv.py:181} INFO - Process 3297 running: True and has the lock /tmp/cosmos_venv_ecom/cosmos_virtualenv.lock.
[2025-09-12T16:52:25.128+0000] {virtualenv.py:122} INFO - Waiting for virtualenv lock to be released
[2025-09-12T16:52:26.130+0000] {virtualenv.py:178} INFO - Checking for running process with PID 3297
[2025-09-12T16:52:26.130+0000] {virtualenv.py:181} INFO - Process 3297 running: True and has the lock /tmp/cosmos_venv_ecom/cosmos_virtualenv.lock.
[2025-09-12T16:52:26.131+0000] {virtualenv.py:122} INFO - Waiting for virtualenv lock to be released
[2025-09-12T16:52:27.132+0000] {virtualenv.py:178} INFO - Checking for running process with PID 3297
[2025-09-12T16:52:27.133+0000] {virtualenv.py:181} INFO - Process 3297 running: True and has the lock /tmp/cosmos_venv_ecom/cosmos_virtualenv.lock.
[2025-09-12T16:52:27.133+0000] {virtualenv.py:122} INFO - Waiting for virtualenv lock to be released
[2025-09-12T16:52:28.135+0000] {virtualenv.py:178} INFO - Checking for running process with PID 3297
[2025-09-12T16:52:28.136+0000] {virtualenv.py:181} INFO - Process 3297 running: True and has the lock /tmp/cosmos_venv_ecom/cosmos_virtualenv.lock.
[2025-09-12T16:52:28.136+0000] {virtualenv.py:122} INFO - Waiting for virtualenv lock to be released
[2025-09-12T16:52:29.138+0000] {virtualenv.py:178} INFO - Checking for running process with PID 3297
[2025-09-12T16:52:29.139+0000] {virtualenv.py:181} INFO - Process 3297 running: True and has the lock /tmp/cosmos_venv_ecom/cosmos_virtualenv.lock.
[2025-09-12T16:52:29.139+0000] {virtualenv.py:122} INFO - Waiting for virtualenv lock to be released
[2025-09-12T16:52:30.139+0000] {virtualenv.py:178} INFO - Checking for running process with PID 3297
[2025-09-12T16:52:30.140+0000] {virtualenv.py:181} INFO - Process 3297 running: True and has the lock /tmp/cosmos_venv_ecom/cosmos_virtualenv.lock.
[2025-09-12T16:52:30.140+0000] {virtualenv.py:122} INFO - Waiting for virtualenv lock to be released
[2025-09-12T16:52:31.143+0000] {virtualenv.py:178} INFO - Checking for running process with PID 3297
[2025-09-12T16:52:31.144+0000] {virtualenv.py:181} INFO - Process 3297 running: True and has the lock /tmp/cosmos_venv_ecom/cosmos_virtualenv.lock.
[2025-09-12T16:52:31.144+0000] {virtualenv.py:122} INFO - Waiting for virtualenv lock to be released
[2025-09-12T16:52:32.146+0000] {virtualenv.py:178} INFO - Checking for running process with PID 3297
[2025-09-12T16:52:32.147+0000] {virtualenv.py:181} INFO - Process 3297 running: True and has the lock /tmp/cosmos_venv_ecom/cosmos_virtualenv.lock.
[2025-09-12T16:52:32.148+0000] {virtualenv.py:122} INFO - Waiting for virtualenv lock to be released
[2025-09-12T16:52:33.150+0000] {virtualenv.py:178} INFO - Checking for running process with PID 3297
[2025-09-12T16:52:33.151+0000] {virtualenv.py:181} INFO - Process 3297 running: True and has the lock /tmp/cosmos_venv_ecom/cosmos_virtualenv.lock.
[2025-09-12T16:52:33.151+0000] {virtualenv.py:122} INFO - Waiting for virtualenv lock to be released
[2025-09-12T16:52:34.152+0000] {virtualenv.py:178} INFO - Checking for running process with PID 3297
[2025-09-12T16:52:34.153+0000] {virtualenv.py:181} INFO - Process 3297 running: True and has the lock /tmp/cosmos_venv_ecom/cosmos_virtualenv.lock.
[2025-09-12T16:52:34.154+0000] {virtualenv.py:122} INFO - Waiting for virtualenv lock to be released
[2025-09-12T16:52:35.155+0000] {virtualenv.py:178} INFO - Checking for running process with PID 3297
[2025-09-12T16:52:35.156+0000] {virtualenv.py:181} INFO - Process 3297 running: True and has the lock /tmp/cosmos_venv_ecom/cosmos_virtualenv.lock.
[2025-09-12T16:52:35.157+0000] {virtualenv.py:122} INFO - Waiting for virtualenv lock to be released
[2025-09-12T16:52:36.159+0000] {virtualenv.py:178} INFO - Checking for running process with PID 3297
[2025-09-12T16:52:36.160+0000] {virtualenv.py:181} INFO - Process 3297 running: True and has the lock /tmp/cosmos_venv_ecom/cosmos_virtualenv.lock.
[2025-09-12T16:52:36.160+0000] {virtualenv.py:122} INFO - Waiting for virtualenv lock to be released
[2025-09-12T16:52:37.162+0000] {virtualenv.py:178} INFO - Checking for running process with PID 3297
[2025-09-12T16:52:37.163+0000] {virtualenv.py:181} INFO - Process 3297 running: True and has the lock /tmp/cosmos_venv_ecom/cosmos_virtualenv.lock.
[2025-09-12T16:52:37.164+0000] {virtualenv.py:122} INFO - Waiting for virtualenv lock to be released
[2025-09-12T16:52:38.166+0000] {virtualenv.py:178} INFO - Checking for running process with PID 3297
[2025-09-12T16:52:38.167+0000] {virtualenv.py:181} INFO - Process 3297 running: True and has the lock /tmp/cosmos_venv_ecom/cosmos_virtualenv.lock.
[2025-09-12T16:52:38.167+0000] {virtualenv.py:122} INFO - Waiting for virtualenv lock to be released
[2025-09-12T16:52:39.168+0000] {virtualenv.py:178} INFO - Checking for running process with PID 3297
[2025-09-12T16:52:39.169+0000] {virtualenv.py:181} INFO - Process 3297 running: True and has the lock /tmp/cosmos_venv_ecom/cosmos_virtualenv.lock.
[2025-09-12T16:52:39.170+0000] {virtualenv.py:122} INFO - Waiting for virtualenv lock to be released
[2025-09-12T16:52:40.171+0000] {virtualenv.py:178} INFO - Checking for running process with PID 3307
[2025-09-12T16:52:40.172+0000] {virtualenv.py:181} INFO - Process 3307 running: True and has the lock /tmp/cosmos_venv_ecom/cosmos_virtualenv.lock.
[2025-09-12T16:52:40.172+0000] {virtualenv.py:122} INFO - Waiting for virtualenv lock to be released
[2025-09-12T16:52:41.173+0000] {virtualenv.py:178} INFO - Checking for running process with PID 3307
[2025-09-12T16:52:41.174+0000] {virtualenv.py:181} INFO - Process 3307 running: True and has the lock /tmp/cosmos_venv_ecom/cosmos_virtualenv.lock.
[2025-09-12T16:52:41.175+0000] {virtualenv.py:122} INFO - Waiting for virtualenv lock to be released
[2025-09-12T16:52:42.176+0000] {virtualenv.py:178} INFO - Checking for running process with PID 3307
[2025-09-12T16:52:42.177+0000] {virtualenv.py:181} INFO - Process 3307 running: True and has the lock /tmp/cosmos_venv_ecom/cosmos_virtualenv.lock.
[2025-09-12T16:52:42.178+0000] {virtualenv.py:122} INFO - Waiting for virtualenv lock to be released
[2025-09-12T16:52:43.179+0000] {virtualenv.py:178} INFO - Checking for running process with PID 3307
[2025-09-12T16:52:43.180+0000] {virtualenv.py:181} INFO - Process 3307 running: True and has the lock /tmp/cosmos_venv_ecom/cosmos_virtualenv.lock.
[2025-09-12T16:52:43.181+0000] {virtualenv.py:122} INFO - Waiting for virtualenv lock to be released
[2025-09-12T16:52:44.184+0000] {virtualenv.py:178} INFO - Checking for running process with PID 3307
[2025-09-12T16:52:44.185+0000] {virtualenv.py:181} INFO - Process 3307 running: True and has the lock /tmp/cosmos_venv_ecom/cosmos_virtualenv.lock.
[2025-09-12T16:52:44.185+0000] {virtualenv.py:122} INFO - Waiting for virtualenv lock to be released
[2025-09-12T16:52:45.187+0000] {virtualenv.py:178} INFO - Checking for running process with PID 3307
[2025-09-12T16:52:45.187+0000] {virtualenv.py:181} INFO - Process 3307 running: True and has the lock /tmp/cosmos_venv_ecom/cosmos_virtualenv.lock.
[2025-09-12T16:52:45.188+0000] {virtualenv.py:122} INFO - Waiting for virtualenv lock to be released
[2025-09-12T16:52:46.190+0000] {virtualenv.py:178} INFO - Checking for running process with PID 3307
[2025-09-12T16:52:46.190+0000] {virtualenv.py:181} INFO - Process 3307 running: True and has the lock /tmp/cosmos_venv_ecom/cosmos_virtualenv.lock.
[2025-09-12T16:52:46.191+0000] {virtualenv.py:122} INFO - Waiting for virtualenv lock to be released
[2025-09-12T16:52:47.192+0000] {virtualenv.py:178} INFO - Checking for running process with PID 3307
[2025-09-12T16:52:47.193+0000] {virtualenv.py:181} INFO - Process 3307 running: True and has the lock /tmp/cosmos_venv_ecom/cosmos_virtualenv.lock.
[2025-09-12T16:52:47.193+0000] {virtualenv.py:122} INFO - Waiting for virtualenv lock to be released
[2025-09-12T16:52:48.195+0000] {virtualenv.py:178} INFO - Checking for running process with PID 3307
[2025-09-12T16:52:48.196+0000] {virtualenv.py:181} INFO - Process 3307 running: True and has the lock /tmp/cosmos_venv_ecom/cosmos_virtualenv.lock.
[2025-09-12T16:52:48.196+0000] {virtualenv.py:122} INFO - Waiting for virtualenv lock to be released
[2025-09-12T16:52:49.198+0000] {virtualenv.py:178} INFO - Checking for running process with PID 3307
[2025-09-12T16:52:49.199+0000] {virtualenv.py:181} INFO - Process 3307 running: True and has the lock /tmp/cosmos_venv_ecom/cosmos_virtualenv.lock.
[2025-09-12T16:52:49.199+0000] {virtualenv.py:122} INFO - Waiting for virtualenv lock to be released
[2025-09-12T16:52:50.201+0000] {virtualenv.py:178} INFO - Checking for running process with PID 3307
[2025-09-12T16:52:50.202+0000] {virtualenv.py:181} INFO - Process 3307 running: True and has the lock /tmp/cosmos_venv_ecom/cosmos_virtualenv.lock.
[2025-09-12T16:52:50.203+0000] {virtualenv.py:122} INFO - Waiting for virtualenv lock to be released
[2025-09-12T16:52:51.205+0000] {virtualenv.py:178} INFO - Checking for running process with PID 3307
[2025-09-12T16:52:51.206+0000] {virtualenv.py:181} INFO - Process 3307 running: True and has the lock /tmp/cosmos_venv_ecom/cosmos_virtualenv.lock.
[2025-09-12T16:52:51.206+0000] {virtualenv.py:122} INFO - Waiting for virtualenv lock to be released
[2025-09-12T16:52:52.208+0000] {virtualenv.py:178} INFO - Checking for running process with PID 3307
[2025-09-12T16:52:52.209+0000] {virtualenv.py:181} INFO - Process 3307 running: True and has the lock /tmp/cosmos_venv_ecom/cosmos_virtualenv.lock.
[2025-09-12T16:52:52.209+0000] {virtualenv.py:122} INFO - Waiting for virtualenv lock to be released
[2025-09-12T16:52:53.209+0000] {virtualenv.py:178} INFO - Checking for running process with PID 3307
[2025-09-12T16:52:53.210+0000] {virtualenv.py:181} INFO - Process 3307 running: True and has the lock /tmp/cosmos_venv_ecom/cosmos_virtualenv.lock.
[2025-09-12T16:52:53.210+0000] {virtualenv.py:122} INFO - Waiting for virtualenv lock to be released
[2025-09-12T16:52:54.212+0000] {virtualenv.py:178} INFO - Checking for running process with PID 3307
[2025-09-12T16:52:54.213+0000] {virtualenv.py:181} INFO - Process 3307 running: True and has the lock /tmp/cosmos_venv_ecom/cosmos_virtualenv.lock.
[2025-09-12T16:52:54.213+0000] {virtualenv.py:122} INFO - Waiting for virtualenv lock to be released
[2025-09-12T16:52:55.214+0000] {virtualenv.py:178} INFO - Checking for running process with PID 3308
[2025-09-12T16:52:55.215+0000] {virtualenv.py:181} INFO - Process 3308 running: True and has the lock /tmp/cosmos_venv_ecom/cosmos_virtualenv.lock.
[2025-09-12T16:52:55.216+0000] {virtualenv.py:122} INFO - Waiting for virtualenv lock to be released
[2025-09-12T16:52:56.218+0000] {virtualenv.py:178} INFO - Checking for running process with PID 3308
[2025-09-12T16:52:56.219+0000] {virtualenv.py:181} INFO - Process 3308 running: True and has the lock /tmp/cosmos_venv_ecom/cosmos_virtualenv.lock.
[2025-09-12T16:52:56.219+0000] {virtualenv.py:122} INFO - Waiting for virtualenv lock to be released
[2025-09-12T16:52:57.220+0000] {virtualenv.py:178} INFO - Checking for running process with PID 3308
[2025-09-12T16:52:57.221+0000] {virtualenv.py:181} INFO - Process 3308 running: True and has the lock /tmp/cosmos_venv_ecom/cosmos_virtualenv.lock.
[2025-09-12T16:52:57.221+0000] {virtualenv.py:122} INFO - Waiting for virtualenv lock to be released
[2025-09-12T16:52:58.223+0000] {virtualenv.py:178} INFO - Checking for running process with PID 3308
[2025-09-12T16:52:58.224+0000] {virtualenv.py:181} INFO - Process 3308 running: True and has the lock /tmp/cosmos_venv_ecom/cosmos_virtualenv.lock.
[2025-09-12T16:52:58.225+0000] {virtualenv.py:122} INFO - Waiting for virtualenv lock to be released
[2025-09-12T16:52:59.226+0000] {virtualenv.py:178} INFO - Checking for running process with PID 3308
[2025-09-12T16:52:59.227+0000] {virtualenv.py:181} INFO - Process 3308 running: True and has the lock /tmp/cosmos_venv_ecom/cosmos_virtualenv.lock.
[2025-09-12T16:52:59.228+0000] {virtualenv.py:122} INFO - Waiting for virtualenv lock to be released
[2025-09-12T16:53:00.230+0000] {virtualenv.py:178} INFO - Checking for running process with PID 3308
[2025-09-12T16:53:00.230+0000] {virtualenv.py:181} INFO - Process 3308 running: True and has the lock /tmp/cosmos_venv_ecom/cosmos_virtualenv.lock.
[2025-09-12T16:53:00.231+0000] {virtualenv.py:122} INFO - Waiting for virtualenv lock to be released
[2025-09-12T16:53:01.232+0000] {virtualenv.py:178} INFO - Checking for running process with PID 3308
[2025-09-12T16:53:01.233+0000] {virtualenv.py:181} INFO - Process 3308 running: True and has the lock /tmp/cosmos_venv_ecom/cosmos_virtualenv.lock.
[2025-09-12T16:53:01.233+0000] {virtualenv.py:122} INFO - Waiting for virtualenv lock to be released
[2025-09-12T16:53:02.243+0000] {virtualenv.py:178} INFO - Checking for running process with PID 3308
[2025-09-12T16:53:02.243+0000] {virtualenv.py:181} INFO - Process 3308 running: True and has the lock /tmp/cosmos_venv_ecom/cosmos_virtualenv.lock.
[2025-09-12T16:53:02.244+0000] {virtualenv.py:122} INFO - Waiting for virtualenv lock to be released
[2025-09-12T16:53:03.246+0000] {virtualenv.py:178} INFO - Checking for running process with PID 3308
[2025-09-12T16:53:03.246+0000] {virtualenv.py:181} INFO - Process 3308 running: True and has the lock /tmp/cosmos_venv_ecom/cosmos_virtualenv.lock.
[2025-09-12T16:53:03.247+0000] {virtualenv.py:122} INFO - Waiting for virtualenv lock to be released
[2025-09-12T16:53:04.248+0000] {virtualenv.py:178} INFO - Checking for running process with PID 3308
[2025-09-12T16:53:04.249+0000] {virtualenv.py:181} INFO - Process 3308 running: True and has the lock /tmp/cosmos_venv_ecom/cosmos_virtualenv.lock.
[2025-09-12T16:53:04.250+0000] {virtualenv.py:122} INFO - Waiting for virtualenv lock to be released
[2025-09-12T16:53:05.251+0000] {virtualenv.py:178} INFO - Checking for running process with PID 3308
[2025-09-12T16:53:05.252+0000] {virtualenv.py:181} INFO - Process 3308 running: True and has the lock /tmp/cosmos_venv_ecom/cosmos_virtualenv.lock.
[2025-09-12T16:53:05.253+0000] {virtualenv.py:122} INFO - Waiting for virtualenv lock to be released
[2025-09-12T16:53:06.254+0000] {virtualenv.py:178} INFO - Checking for running process with PID 3308
[2025-09-12T16:53:06.255+0000] {virtualenv.py:181} INFO - Process 3308 running: True and has the lock /tmp/cosmos_venv_ecom/cosmos_virtualenv.lock.
[2025-09-12T16:53:06.258+0000] {virtualenv.py:122} INFO - Waiting for virtualenv lock to be released
[2025-09-12T16:53:07.260+0000] {virtualenv.py:178} INFO - Checking for running process with PID 3299
[2025-09-12T16:53:07.261+0000] {virtualenv.py:181} INFO - Process 3299 running: True and has the lock /tmp/cosmos_venv_ecom/cosmos_virtualenv.lock.
[2025-09-12T16:53:07.262+0000] {virtualenv.py:126} INFO - Acquiring the virtualenv lock
[2025-09-12T16:53:07.262+0000] {virtualenv.py:195} INFO - Acquiring lock at /tmp/cosmos_venv_ecom/cosmos_virtualenv.lock with pid 3304
[2025-09-12T16:53:07.263+0000] {virtualenv.py:153} INFO - Creating or updating the virtualenv at `/tmp/cosmos_venv_ecom
[2025-09-12T16:53:07.263+0000] {process_utils.py:183} INFO - Executing cmd: /home/***/.local/bin/python -m virtualenv /tmp/cosmos_venv_ecom --python=python3
[2025-09-12T16:53:07.264+0000] {process_utils.py:187} INFO - Output:
[2025-09-12T16:53:09.366+0000] {process_utils.py:191} INFO - created virtual environment CPython3.10.14.final.0-64 in 803ms
[2025-09-12T16:53:09.367+0000] {process_utils.py:191} INFO -   creator CPython3Posix(dest=/tmp/cosmos_venv_ecom, clear=False, no_vcs_ignore=False, global=False)
[2025-09-12T16:53:09.368+0000] {process_utils.py:191} INFO -   seeder FromAppData(download=False, pip=bundle, setuptools=bundle, wheel=bundle, via=copy, app_data_dir=/home/***/.local/share/virtualenv)
[2025-09-12T16:53:09.371+0000] {process_utils.py:191} INFO -     added seed packages: MarkupSafe==3.0.2, PyYAML==6.0.2, agate==1.9.1, annotated_types==0.7.0, attrs==25.3.0, babel==2.17.0, certifi==2025.8.3, charset_normalizer==3.4.3, click==8.2.1, clickhouse_connect==0.8.18, clickhouse_driver==0.2.9, colorama==0.4.6, daff==1.4.2, dbt_adapters==1.16.7, dbt_clickhouse==1.9.3, dbt_common==1.30.0, dbt_core==1.10.11, dbt_extractor==0.6.0, dbt_protos==1.0.375, dbt_semantic_interfaces==0.9.0, deepdiff==8.6.1, idna==3.10, importlib_metadata==8.7.0, isodate==0.6.1, jinja2==3.1.6, jsonschema==4.25.1, jsonschema_specifications==2025.9.1, leather==0.4.0, lz4==4.4.4, mashumaro==3.14, more_itertools==10.8.0, msgpack==1.1.1, networkx==3.4.2, orderly_set==5.5.0, packaging==25.0, parsedatetime==2.6, pathspec==0.12.1, pip==24.1, protobuf==6.32.1, pydantic==2.11.7, pydantic_core==2.33.2, python_dateutil==2.9.0.post0, python_slugify==8.0.4, pytimeparse==1.1.8, pytz==2025.2, referencing==0.36.2, requests==2.32.5, rpds_py==0.27.1, setuptools==70.1.0, six==1.17.0, snowplow_tracker==1.1.0, sqlparse==0.5.3, text_unidecode==1.3, typing_extensions==4.15.0, typing_inspection==0.4.1, tzlocal==5.3.1, urllib3==2.5.0, wheel==0.43.0, zipp==3.23.0, zstandard==0.24.0
[2025-09-12T16:53:09.374+0000] {process_utils.py:191} INFO -   activators BashActivator,CShellActivator,FishActivator,NushellActivator,PowerShellActivator,PythonActivator
[2025-09-12T16:53:09.485+0000] {process_utils.py:183} INFO - Executing cmd: /tmp/cosmos_venv_ecom/bin/pip install dbt-clickhouse
[2025-09-12T16:53:09.489+0000] {virtualenv.py:131} INFO - Releasing virtualenv lock
[2025-09-12T16:53:09.491+0000] {virtualenv.py:210} WARNING - Lockfile owned by process of pid 3311, while operator has pid 3304
[2025-09-12T16:53:09.492+0000] {taskinstance.py:441} INFO - ::group::Post task execution logs
[2025-09-12T16:53:09.493+0000] {taskinstance.py:2905} ERROR - Task failed with exception
Traceback (most recent call last):
  File "/home/airflow/.local/lib/python3.10/site-packages/airflow/models/taskinstance.py", line 465, in _execute_task
    result = _execute_callable(context=context, **execute_callable_kwargs)
  File "/home/airflow/.local/lib/python3.10/site-packages/airflow/models/taskinstance.py", line 432, in _execute_callable
    return execute_callable(context=context, **execute_callable_kwargs)
  File "/home/airflow/.local/lib/python3.10/site-packages/airflow/models/baseoperator.py", line 401, in wrapper
    return func(self, *args, **kwargs)
  File "/home/airflow/.local/lib/python3.10/site-packages/cosmos/operators/virtualenv.py", line 144, in execute
    output = super().execute(context)
  File "/home/airflow/.local/lib/python3.10/site-packages/cosmos/operators/base.py", line 310, in execute
    self.build_and_run_cmd(context=context, cmd_flags=self.add_cmd_flags())
  File "/home/airflow/.local/lib/python3.10/site-packages/cosmos/operators/local.py", line 853, in build_and_run_cmd
    result = self.run_command(
  File "/home/airflow/.local/lib/python3.10/site-packages/cosmos/operators/virtualenv.py", line 128, in run_command
    self._py_bin = self._prepare_virtualenv()
  File "/home/airflow/.local/lib/python3.10/site-packages/cosmos/operators/virtualenv.py", line 154, in _prepare_virtualenv
    py_bin = prepare_virtualenv(
  File "/home/airflow/.local/lib/python3.10/site-packages/airflow/utils/python_virtualenv.py", line 119, in prepare_virtualenv
    execute_in_subprocess(pip_cmd)
  File "/home/airflow/.local/lib/python3.10/site-packages/airflow/utils/process_utils.py", line 172, in execute_in_subprocess
    execute_in_subprocess_with_kwargs(cmd, cwd=cwd)
  File "/home/airflow/.local/lib/python3.10/site-packages/airflow/utils/process_utils.py", line 184, in execute_in_subprocess_with_kwargs
    with subprocess.Popen(
  File "/usr/local/lib/python3.10/subprocess.py", line 971, in __init__
    self._execute_child(args, executable, preexec_fn, close_fds,
  File "/usr/local/lib/python3.10/subprocess.py", line 1863, in _execute_child
    raise child_exception_type(errno_num, err_msg, err_filename)
FileNotFoundError: [Errno 2] No such file or directory: '/tmp/cosmos_venv_ecom/bin/pip'
[2025-09-12T16:53:09.594+0000] {taskinstance.py:1206} INFO - Marking task as FAILED. dag_id=dbt_ecom_cosmos, task_id=dbt_ecom.stg_order_items_run, run_id=manual__2025-09-12T16:50:56.013773+00:00, execution_date=20250912T165056, start_date=20250912T165104, end_date=20250912T165309
[2025-09-12T16:53:09.652+0000] {standard_task_runner.py:110} ERROR - Failed to execute job 103 for task dbt_ecom.stg_order_items_run ([Errno 2] No such file or directory: '/tmp/cosmos_venv_ecom/bin/pip'; 3304)
[2025-09-12T16:53:09.686+0000] {local_task_job_runner.py:243} INFO - Task exited with return code 1
[2025-09-12T16:53:09.833+0000] {taskinstance.py:3503} INFO - 0 downstream tasks scheduled from follow-on schedule check
[2025-09-12T16:53:09.840+0000] {local_task_job_runner.py:222} INFO - ::endgroup::
