[2025-09-13T09:45:07.022+0000] {local_task_job_runner.py:120} INFO - ::group::Pre task execution logs
[2025-09-13T09:45:07.132+0000] {taskinstance.py:2076} INFO - Dependencies all met for dep_context=non-requeueable deps ti=<TaskInstance: dbt_intermediate.intermediate.locations.run manual__2025-09-13T09:45:02.800484+00:00 [queued]>
[2025-09-13T09:45:07.154+0000] {taskinstance.py:2076} INFO - Dependencies all met for dep_context=requeueable deps ti=<TaskInstance: dbt_intermediate.intermediate.locations.run manual__2025-09-13T09:45:02.800484+00:00 [queued]>
[2025-09-13T09:45:07.165+0000] {taskinstance.py:2306} INFO - Starting attempt 1 of 1
[2025-09-13T09:45:07.192+0000] {taskinstance.py:2330} INFO - Executing <Task(DbtRunVirtualenvOperator): intermediate.locations.run> on 2025-09-13 09:45:02.800484+00:00
[2025-09-13T09:45:07.202+0000] {standard_task_runner.py:64} INFO - Started process 7035 to run task
[2025-09-13T09:45:07.206+0000] {standard_task_runner.py:90} INFO - Running: ['***', 'tasks', 'run', 'dbt_intermediate', 'intermediate.locations.run', 'manual__2025-09-13T09:45:02.800484+00:00', '--job-id', '227', '--raw', '--subdir', 'DAGS_FOLDER/dbt_intermediate.py', '--cfg-path', '/tmp/tmp9btx_xrj']
[2025-09-13T09:45:07.210+0000] {standard_task_runner.py:91} INFO - Job 227: Subtask intermediate.locations.run
[2025-09-13T09:45:07.572+0000] {task_command.py:426} INFO - Running <TaskInstance: dbt_intermediate.intermediate.locations.run manual__2025-09-13T09:45:02.800484+00:00 [running]> on host e95bde6b8d07
[2025-09-13T09:45:08.624+0000] {taskinstance.py:2648} INFO - Exporting env vars: AIRFLOW_CTX_DAG_OWNER='***' AIRFLOW_CTX_DAG_ID='dbt_intermediate' AIRFLOW_CTX_TASK_ID='intermediate.locations.run' AIRFLOW_CTX_EXECUTION_DATE='2025-09-13T09:45:02.800484+00:00' AIRFLOW_CTX_TRY_NUMBER='1' AIRFLOW_CTX_DAG_RUN_ID='manual__2025-09-13T09:45:02.800484+00:00'
[2025-09-13T09:45:08.628+0000] {taskinstance.py:430} INFO - ::endgroup::
[2025-09-13T09:45:08.653+0000] {virtualenv.py:120} INFO - Checking if the virtualenv lock /tmp/cosmos_venv_ecom/cosmos_virtualenv.lock exists
[2025-09-13T09:45:08.654+0000] {virtualenv.py:178} INFO - Checking for running process with PID 7036
[2025-09-13T09:45:08.655+0000] {virtualenv.py:181} INFO - Process 7036 running: True and has the lock /tmp/cosmos_venv_ecom/cosmos_virtualenv.lock.
[2025-09-13T09:45:08.662+0000] {virtualenv.py:122} INFO - Waiting for virtualenv lock to be released
[2025-09-13T09:45:09.664+0000] {virtualenv.py:178} INFO - Checking for running process with PID 7036
[2025-09-13T09:45:09.666+0000] {virtualenv.py:181} INFO - Process 7036 running: True and has the lock /tmp/cosmos_venv_ecom/cosmos_virtualenv.lock.
[2025-09-13T09:45:09.666+0000] {virtualenv.py:122} INFO - Waiting for virtualenv lock to be released
[2025-09-13T09:45:10.668+0000] {virtualenv.py:178} INFO - Checking for running process with PID 7036
[2025-09-13T09:45:10.669+0000] {virtualenv.py:181} INFO - Process 7036 running: True and has the lock /tmp/cosmos_venv_ecom/cosmos_virtualenv.lock.
[2025-09-13T09:45:10.670+0000] {virtualenv.py:122} INFO - Waiting for virtualenv lock to be released
[2025-09-13T09:45:11.671+0000] {virtualenv.py:178} INFO - Checking for running process with PID 7036
[2025-09-13T09:45:11.672+0000] {virtualenv.py:181} INFO - Process 7036 running: True and has the lock /tmp/cosmos_venv_ecom/cosmos_virtualenv.lock.
[2025-09-13T09:45:11.672+0000] {virtualenv.py:122} INFO - Waiting for virtualenv lock to be released
[2025-09-13T09:45:12.673+0000] {virtualenv.py:178} INFO - Checking for running process with PID 7036
[2025-09-13T09:45:12.674+0000] {virtualenv.py:181} INFO - Process 7036 running: True and has the lock /tmp/cosmos_venv_ecom/cosmos_virtualenv.lock.
[2025-09-13T09:45:12.675+0000] {virtualenv.py:122} INFO - Waiting for virtualenv lock to be released
[2025-09-13T09:45:13.676+0000] {virtualenv.py:178} INFO - Checking for running process with PID 7036
[2025-09-13T09:45:13.677+0000] {virtualenv.py:181} INFO - Process 7036 running: True and has the lock /tmp/cosmos_venv_ecom/cosmos_virtualenv.lock.
[2025-09-13T09:45:13.678+0000] {virtualenv.py:122} INFO - Waiting for virtualenv lock to be released
[2025-09-13T09:45:14.680+0000] {virtualenv.py:178} INFO - Checking for running process with PID 7036
[2025-09-13T09:45:14.681+0000] {virtualenv.py:181} INFO - Process 7036 running: True and has the lock /tmp/cosmos_venv_ecom/cosmos_virtualenv.lock.
[2025-09-13T09:45:14.681+0000] {virtualenv.py:122} INFO - Waiting for virtualenv lock to be released
[2025-09-13T09:45:15.683+0000] {virtualenv.py:178} INFO - Checking for running process with PID 7036
[2025-09-13T09:45:15.684+0000] {virtualenv.py:181} INFO - Process 7036 running: True and has the lock /tmp/cosmos_venv_ecom/cosmos_virtualenv.lock.
[2025-09-13T09:45:15.685+0000] {virtualenv.py:122} INFO - Waiting for virtualenv lock to be released
[2025-09-13T09:45:16.687+0000] {virtualenv.py:178} INFO - Checking for running process with PID 7036
[2025-09-13T09:45:16.687+0000] {virtualenv.py:181} INFO - Process 7036 running: True and has the lock /tmp/cosmos_venv_ecom/cosmos_virtualenv.lock.
[2025-09-13T09:45:16.688+0000] {virtualenv.py:122} INFO - Waiting for virtualenv lock to be released
[2025-09-13T09:45:17.689+0000] {virtualenv.py:178} INFO - Checking for running process with PID 7036
[2025-09-13T09:45:17.690+0000] {virtualenv.py:181} INFO - Process 7036 running: True and has the lock /tmp/cosmos_venv_ecom/cosmos_virtualenv.lock.
[2025-09-13T09:45:17.690+0000] {virtualenv.py:122} INFO - Waiting for virtualenv lock to be released
[2025-09-13T09:45:18.692+0000] {virtualenv.py:178} INFO - Checking for running process with PID 7036
[2025-09-13T09:45:18.693+0000] {virtualenv.py:181} INFO - Process 7036 running: True and has the lock /tmp/cosmos_venv_ecom/cosmos_virtualenv.lock.
[2025-09-13T09:45:18.697+0000] {virtualenv.py:122} INFO - Waiting for virtualenv lock to be released
[2025-09-13T09:45:19.699+0000] {virtualenv.py:178} INFO - Checking for running process with PID 7036
[2025-09-13T09:45:19.700+0000] {virtualenv.py:181} INFO - Process 7036 running: True and has the lock /tmp/cosmos_venv_ecom/cosmos_virtualenv.lock.
[2025-09-13T09:45:19.701+0000] {virtualenv.py:122} INFO - Waiting for virtualenv lock to be released
[2025-09-13T09:45:20.703+0000] {virtualenv.py:178} INFO - Checking for running process with PID 7036
[2025-09-13T09:45:20.703+0000] {virtualenv.py:181} INFO - Process 7036 running: True and has the lock /tmp/cosmos_venv_ecom/cosmos_virtualenv.lock.
[2025-09-13T09:45:20.704+0000] {virtualenv.py:122} INFO - Waiting for virtualenv lock to be released
[2025-09-13T09:45:21.705+0000] {virtualenv.py:178} INFO - Checking for running process with PID 7036
[2025-09-13T09:45:21.706+0000] {virtualenv.py:181} INFO - Process 7036 running: True and has the lock /tmp/cosmos_venv_ecom/cosmos_virtualenv.lock.
[2025-09-13T09:45:21.706+0000] {virtualenv.py:122} INFO - Waiting for virtualenv lock to be released
[2025-09-13T09:45:22.708+0000] {virtualenv.py:178} INFO - Checking for running process with PID 7036
[2025-09-13T09:45:22.709+0000] {virtualenv.py:181} INFO - Process 7036 running: True and has the lock /tmp/cosmos_venv_ecom/cosmos_virtualenv.lock.
[2025-09-13T09:45:22.710+0000] {virtualenv.py:122} INFO - Waiting for virtualenv lock to be released
[2025-09-13T09:45:23.711+0000] {virtualenv.py:178} INFO - Checking for running process with PID 7036
[2025-09-13T09:45:23.712+0000] {virtualenv.py:181} INFO - Process 7036 running: True and has the lock /tmp/cosmos_venv_ecom/cosmos_virtualenv.lock.
[2025-09-13T09:45:23.712+0000] {virtualenv.py:122} INFO - Waiting for virtualenv lock to be released
[2025-09-13T09:45:24.714+0000] {virtualenv.py:178} INFO - Checking for running process with PID 7042
[2025-09-13T09:45:24.715+0000] {virtualenv.py:181} INFO - Process 7042 running: True and has the lock /tmp/cosmos_venv_ecom/cosmos_virtualenv.lock.
[2025-09-13T09:45:24.715+0000] {virtualenv.py:122} INFO - Waiting for virtualenv lock to be released
[2025-09-13T09:45:25.717+0000] {virtualenv.py:178} INFO - Checking for running process with PID 7042
[2025-09-13T09:45:25.717+0000] {virtualenv.py:181} INFO - Process 7042 running: True and has the lock /tmp/cosmos_venv_ecom/cosmos_virtualenv.lock.
[2025-09-13T09:45:25.718+0000] {virtualenv.py:122} INFO - Waiting for virtualenv lock to be released
[2025-09-13T09:45:26.719+0000] {virtualenv.py:178} INFO - Checking for running process with PID 7042
[2025-09-13T09:45:26.719+0000] {virtualenv.py:181} INFO - Process 7042 running: True and has the lock /tmp/cosmos_venv_ecom/cosmos_virtualenv.lock.
[2025-09-13T09:45:26.720+0000] {virtualenv.py:122} INFO - Waiting for virtualenv lock to be released
[2025-09-13T09:45:27.722+0000] {virtualenv.py:178} INFO - Checking for running process with PID 7042
[2025-09-13T09:45:27.722+0000] {virtualenv.py:181} INFO - Process 7042 running: True and has the lock /tmp/cosmos_venv_ecom/cosmos_virtualenv.lock.
[2025-09-13T09:45:27.723+0000] {virtualenv.py:122} INFO - Waiting for virtualenv lock to be released
[2025-09-13T09:45:28.724+0000] {virtualenv.py:178} INFO - Checking for running process with PID 7042
[2025-09-13T09:45:28.725+0000] {virtualenv.py:181} INFO - Process 7042 running: True and has the lock /tmp/cosmos_venv_ecom/cosmos_virtualenv.lock.
[2025-09-13T09:45:28.726+0000] {virtualenv.py:122} INFO - Waiting for virtualenv lock to be released
[2025-09-13T09:45:29.727+0000] {virtualenv.py:178} INFO - Checking for running process with PID 7042
[2025-09-13T09:45:29.728+0000] {virtualenv.py:181} INFO - Process 7042 running: True and has the lock /tmp/cosmos_venv_ecom/cosmos_virtualenv.lock.
[2025-09-13T09:45:29.729+0000] {virtualenv.py:122} INFO - Waiting for virtualenv lock to be released
[2025-09-13T09:45:30.731+0000] {virtualenv.py:178} INFO - Checking for running process with PID 7042
[2025-09-13T09:45:30.732+0000] {virtualenv.py:181} INFO - Process 7042 running: True and has the lock /tmp/cosmos_venv_ecom/cosmos_virtualenv.lock.
[2025-09-13T09:45:30.733+0000] {virtualenv.py:122} INFO - Waiting for virtualenv lock to be released
[2025-09-13T09:45:31.735+0000] {virtualenv.py:178} INFO - Checking for running process with PID 7042
[2025-09-13T09:45:31.736+0000] {virtualenv.py:181} INFO - Process 7042 running: True and has the lock /tmp/cosmos_venv_ecom/cosmos_virtualenv.lock.
[2025-09-13T09:45:31.737+0000] {virtualenv.py:122} INFO - Waiting for virtualenv lock to be released
[2025-09-13T09:45:32.739+0000] {virtualenv.py:178} INFO - Checking for running process with PID 7042
[2025-09-13T09:45:32.740+0000] {virtualenv.py:181} INFO - Process 7042 running: True and has the lock /tmp/cosmos_venv_ecom/cosmos_virtualenv.lock.
[2025-09-13T09:45:32.741+0000] {virtualenv.py:122} INFO - Waiting for virtualenv lock to be released
[2025-09-13T09:45:33.743+0000] {virtualenv.py:178} INFO - Checking for running process with PID 7042
[2025-09-13T09:45:33.744+0000] {virtualenv.py:181} INFO - Process 7042 running: True and has the lock /tmp/cosmos_venv_ecom/cosmos_virtualenv.lock.
[2025-09-13T09:45:33.745+0000] {virtualenv.py:122} INFO - Waiting for virtualenv lock to be released
[2025-09-13T09:45:34.746+0000] {virtualenv.py:178} INFO - Checking for running process with PID 7042
[2025-09-13T09:45:34.747+0000] {virtualenv.py:181} INFO - Process 7042 running: True and has the lock /tmp/cosmos_venv_ecom/cosmos_virtualenv.lock.
[2025-09-13T09:45:34.748+0000] {virtualenv.py:122} INFO - Waiting for virtualenv lock to be released
[2025-09-13T09:45:35.749+0000] {virtualenv.py:178} INFO - Checking for running process with PID 7042
[2025-09-13T09:45:35.750+0000] {virtualenv.py:181} INFO - Process 7042 running: True and has the lock /tmp/cosmos_venv_ecom/cosmos_virtualenv.lock.
[2025-09-13T09:45:35.751+0000] {virtualenv.py:122} INFO - Waiting for virtualenv lock to be released
[2025-09-13T09:45:36.753+0000] {virtualenv.py:178} INFO - Checking for running process with PID 7042
[2025-09-13T09:45:36.754+0000] {virtualenv.py:181} INFO - Process 7042 running: True and has the lock /tmp/cosmos_venv_ecom/cosmos_virtualenv.lock.
[2025-09-13T09:45:36.755+0000] {virtualenv.py:122} INFO - Waiting for virtualenv lock to be released
[2025-09-13T09:45:37.754+0000] {virtualenv.py:178} INFO - Checking for running process with PID 7042
[2025-09-13T09:45:37.755+0000] {virtualenv.py:181} INFO - Process 7042 running: True and has the lock /tmp/cosmos_venv_ecom/cosmos_virtualenv.lock.
[2025-09-13T09:45:37.756+0000] {virtualenv.py:122} INFO - Waiting for virtualenv lock to be released
[2025-09-13T09:45:38.757+0000] {virtualenv.py:178} INFO - Checking for running process with PID 7042
[2025-09-13T09:45:38.758+0000] {virtualenv.py:181} INFO - Process 7042 running: True and has the lock /tmp/cosmos_venv_ecom/cosmos_virtualenv.lock.
[2025-09-13T09:45:38.758+0000] {virtualenv.py:122} INFO - Waiting for virtualenv lock to be released
[2025-09-13T09:45:39.760+0000] {virtualenv.py:178} INFO - Checking for running process with PID 7044
[2025-09-13T09:45:39.760+0000] {virtualenv.py:181} INFO - Process 7044 running: True and has the lock /tmp/cosmos_venv_ecom/cosmos_virtualenv.lock.
[2025-09-13T09:45:39.761+0000] {virtualenv.py:122} INFO - Waiting for virtualenv lock to be released
[2025-09-13T09:45:40.763+0000] {virtualenv.py:178} INFO - Checking for running process with PID 7044
[2025-09-13T09:45:40.763+0000] {virtualenv.py:181} INFO - Process 7044 running: True and has the lock /tmp/cosmos_venv_ecom/cosmos_virtualenv.lock.
[2025-09-13T09:45:40.764+0000] {virtualenv.py:122} INFO - Waiting for virtualenv lock to be released
[2025-09-13T09:45:41.765+0000] {virtualenv.py:178} INFO - Checking for running process with PID 7044
[2025-09-13T09:45:41.766+0000] {virtualenv.py:181} INFO - Process 7044 running: True and has the lock /tmp/cosmos_venv_ecom/cosmos_virtualenv.lock.
[2025-09-13T09:45:41.766+0000] {virtualenv.py:122} INFO - Waiting for virtualenv lock to be released
[2025-09-13T09:45:42.767+0000] {virtualenv.py:178} INFO - Checking for running process with PID 7044
[2025-09-13T09:45:42.768+0000] {virtualenv.py:181} INFO - Process 7044 running: True and has the lock /tmp/cosmos_venv_ecom/cosmos_virtualenv.lock.
[2025-09-13T09:45:42.769+0000] {virtualenv.py:122} INFO - Waiting for virtualenv lock to be released
[2025-09-13T09:45:43.770+0000] {virtualenv.py:178} INFO - Checking for running process with PID 7044
[2025-09-13T09:45:43.771+0000] {virtualenv.py:181} INFO - Process 7044 running: True and has the lock /tmp/cosmos_venv_ecom/cosmos_virtualenv.lock.
[2025-09-13T09:45:43.772+0000] {virtualenv.py:122} INFO - Waiting for virtualenv lock to be released
[2025-09-13T09:45:44.773+0000] {virtualenv.py:178} INFO - Checking for running process with PID 7044
[2025-09-13T09:45:44.774+0000] {virtualenv.py:181} INFO - Process 7044 running: True and has the lock /tmp/cosmos_venv_ecom/cosmos_virtualenv.lock.
[2025-09-13T09:45:44.775+0000] {virtualenv.py:122} INFO - Waiting for virtualenv lock to be released
[2025-09-13T09:45:45.776+0000] {virtualenv.py:178} INFO - Checking for running process with PID 7044
[2025-09-13T09:45:45.777+0000] {virtualenv.py:181} INFO - Process 7044 running: True and has the lock /tmp/cosmos_venv_ecom/cosmos_virtualenv.lock.
[2025-09-13T09:45:45.777+0000] {virtualenv.py:122} INFO - Waiting for virtualenv lock to be released
[2025-09-13T09:45:46.779+0000] {virtualenv.py:178} INFO - Checking for running process with PID 7044
[2025-09-13T09:45:46.780+0000] {virtualenv.py:181} INFO - Process 7044 running: True and has the lock /tmp/cosmos_venv_ecom/cosmos_virtualenv.lock.
[2025-09-13T09:45:46.781+0000] {virtualenv.py:122} INFO - Waiting for virtualenv lock to be released
[2025-09-13T09:45:47.782+0000] {virtualenv.py:178} INFO - Checking for running process with PID 7044
[2025-09-13T09:45:47.783+0000] {virtualenv.py:181} INFO - Process 7044 running: True and has the lock /tmp/cosmos_venv_ecom/cosmos_virtualenv.lock.
[2025-09-13T09:45:47.784+0000] {virtualenv.py:122} INFO - Waiting for virtualenv lock to be released
[2025-09-13T09:45:48.786+0000] {virtualenv.py:178} INFO - Checking for running process with PID 7044
[2025-09-13T09:45:48.786+0000] {virtualenv.py:181} INFO - Process 7044 running: True and has the lock /tmp/cosmos_venv_ecom/cosmos_virtualenv.lock.
[2025-09-13T09:45:48.787+0000] {virtualenv.py:122} INFO - Waiting for virtualenv lock to be released
[2025-09-13T09:45:49.787+0000] {virtualenv.py:178} INFO - Checking for running process with PID 7044
[2025-09-13T09:45:49.788+0000] {virtualenv.py:181} INFO - Process 7044 running: True and has the lock /tmp/cosmos_venv_ecom/cosmos_virtualenv.lock.
[2025-09-13T09:45:49.789+0000] {virtualenv.py:122} INFO - Waiting for virtualenv lock to be released
[2025-09-13T09:45:50.791+0000] {virtualenv.py:178} INFO - Checking for running process with PID 7044
[2025-09-13T09:45:50.792+0000] {virtualenv.py:181} INFO - Process 7044 running: True and has the lock /tmp/cosmos_venv_ecom/cosmos_virtualenv.lock.
[2025-09-13T09:45:50.792+0000] {virtualenv.py:122} INFO - Waiting for virtualenv lock to be released
[2025-09-13T09:45:51.794+0000] {virtualenv.py:178} INFO - Checking for running process with PID 7044
[2025-09-13T09:45:51.795+0000] {virtualenv.py:181} INFO - Process 7044 running: True and has the lock /tmp/cosmos_venv_ecom/cosmos_virtualenv.lock.
[2025-09-13T09:45:51.796+0000] {virtualenv.py:122} INFO - Waiting for virtualenv lock to be released
[2025-09-13T09:45:52.798+0000] {virtualenv.py:178} INFO - Checking for running process with PID 7044
[2025-09-13T09:45:52.798+0000] {virtualenv.py:181} INFO - Process 7044 running: True and has the lock /tmp/cosmos_venv_ecom/cosmos_virtualenv.lock.
[2025-09-13T09:45:52.799+0000] {virtualenv.py:122} INFO - Waiting for virtualenv lock to be released
[2025-09-13T09:45:53.801+0000] {virtualenv.py:178} INFO - Checking for running process with PID 7044
[2025-09-13T09:45:53.801+0000] {virtualenv.py:181} INFO - Process 7044 running: True and has the lock /tmp/cosmos_venv_ecom/cosmos_virtualenv.lock.
[2025-09-13T09:45:53.802+0000] {virtualenv.py:122} INFO - Waiting for virtualenv lock to be released
[2025-09-13T09:45:54.803+0000] {virtualenv.py:126} INFO - Acquiring the virtualenv lock
[2025-09-13T09:45:54.804+0000] {virtualenv.py:195} INFO - Acquiring lock at /tmp/cosmos_venv_ecom/cosmos_virtualenv.lock with pid 7035
[2025-09-13T09:45:54.805+0000] {virtualenv.py:153} INFO - Creating or updating the virtualenv at `/tmp/cosmos_venv_ecom
[2025-09-13T09:45:54.805+0000] {process_utils.py:183} INFO - Executing cmd: /home/***/.local/bin/python -m virtualenv /tmp/cosmos_venv_ecom --python=python3
[2025-09-13T09:45:54.806+0000] {process_utils.py:187} INFO - Output:
[2025-09-13T09:45:56.223+0000] {process_utils.py:191} INFO - created virtual environment CPython3.10.14.final.0-64 in 578ms
[2025-09-13T09:45:56.224+0000] {process_utils.py:191} INFO -   creator CPython3Posix(dest=/tmp/cosmos_venv_ecom, clear=False, no_vcs_ignore=False, global=False)
[2025-09-13T09:45:56.225+0000] {process_utils.py:191} INFO -   seeder FromAppData(download=False, pip=bundle, setuptools=bundle, wheel=bundle, via=copy, app_data_dir=/home/***/.local/share/virtualenv)
[2025-09-13T09:45:56.226+0000] {process_utils.py:191} INFO -     added seed packages: MarkupSafe==3.0.2, PyYAML==6.0.2, agate==1.9.1, annotated_types==0.7.0, attrs==25.3.0, babel==2.17.0, certifi==2025.8.3, charset_normalizer==3.4.3, click==8.2.1, clickhouse_connect==0.8.18, clickhouse_driver==0.2.9, colorama==0.4.6, daff==1.4.2, dbt_adapters==1.16.7, dbt_clickhouse==1.9.3, dbt_common==1.30.0, dbt_core==1.10.11, dbt_extractor==0.6.0, dbt_protos==1.0.375, dbt_semantic_interfaces==0.9.0, deepdiff==8.6.1, idna==3.10, importlib_metadata==8.7.0, isodate==0.6.1, jinja2==3.1.6, jsonschema==4.25.1, jsonschema_specifications==2025.9.1, leather==0.4.0, lz4==4.4.4, mashumaro==3.14, more_itertools==10.8.0, msgpack==1.1.1, networkx==3.4.2, orderly_set==5.5.0, packaging==25.0, parsedatetime==2.6, pathspec==0.12.1, pip==25.2, protobuf==6.32.1, pydantic==2.11.7, pydantic_core==2.33.2, python_dateutil==2.9.0.post0, python_slugify==8.0.4, pytimeparse==1.1.8, pytz==2025.2, referencing==0.36.2, requests==2.32.5, rpds_py==0.27.1, setuptools==80.9.0, six==1.17.0, snowplow_tracker==1.1.0, sqlparse==0.5.3, text_unidecode==1.3, typing_extensions==4.15.0, typing_inspection==0.4.1, tzlocal==5.3.1, urllib3==2.5.0, wheel==0.45.1, zipp==3.23.0, zstandard==0.24.0
[2025-09-13T09:45:56.226+0000] {process_utils.py:191} INFO -   activators BashActivator,CShellActivator,FishActivator,NushellActivator,PowerShellActivator,PythonActivator
[2025-09-13T09:45:56.307+0000] {process_utils.py:183} INFO - Executing cmd: /tmp/cosmos_venv_ecom/bin/pip install dbt-clickhouse
[2025-09-13T09:45:56.308+0000] {process_utils.py:187} INFO - Output:
[2025-09-13T09:45:57.710+0000] {process_utils.py:191} INFO - Requirement already satisfied: dbt-clickhouse in /tmp/cosmos_venv_ecom/lib/python3.10/site-packages (1.9.3)
[2025-09-13T09:45:57.713+0000] {process_utils.py:191} INFO - Requirement already satisfied: dbt-core>=1.9 in /tmp/cosmos_venv_ecom/lib/python3.10/site-packages (from dbt-clickhouse) (1.10.11)
[2025-09-13T09:45:57.719+0000] {process_utils.py:191} INFO - Requirement already satisfied: clickhouse-connect>=0.6.22 in /tmp/cosmos_venv_ecom/lib/python3.10/site-packages (from dbt-clickhouse) (0.8.18)
[2025-09-13T09:45:57.721+0000] {process_utils.py:191} INFO - Requirement already satisfied: clickhouse-driver>=0.2.6 in /tmp/cosmos_venv_ecom/lib/python3.10/site-packages (from dbt-clickhouse) (0.2.9)
[2025-09-13T09:45:57.721+0000] {process_utils.py:191} INFO - Requirement already satisfied: setuptools>=0.69 in /tmp/cosmos_venv_ecom/lib/python3.10/site-packages (from dbt-clickhouse) (80.9.0)
[2025-09-13T09:45:57.722+0000] {process_utils.py:191} INFO - Requirement already satisfied: certifi in /tmp/cosmos_venv_ecom/lib/python3.10/site-packages (from clickhouse-connect>=0.6.22->dbt-clickhouse) (2025.8.3)
[2025-09-13T09:45:57.722+0000] {process_utils.py:191} INFO - Requirement already satisfied: urllib3>=1.26 in /tmp/cosmos_venv_ecom/lib/python3.10/site-packages (from clickhouse-connect>=0.6.22->dbt-clickhouse) (2.5.0)
[2025-09-13T09:45:57.723+0000] {process_utils.py:191} INFO - Requirement already satisfied: pytz in /tmp/cosmos_venv_ecom/lib/python3.10/site-packages (from clickhouse-connect>=0.6.22->dbt-clickhouse) (2025.2)
[2025-09-13T09:45:57.723+0000] {process_utils.py:191} INFO - Requirement already satisfied: zstandard in /tmp/cosmos_venv_ecom/lib/python3.10/site-packages (from clickhouse-connect>=0.6.22->dbt-clickhouse) (0.24.0)
[2025-09-13T09:45:57.724+0000] {process_utils.py:191} INFO - Requirement already satisfied: lz4 in /tmp/cosmos_venv_ecom/lib/python3.10/site-packages (from clickhouse-connect>=0.6.22->dbt-clickhouse) (4.4.4)
[2025-09-13T09:45:57.728+0000] {process_utils.py:191} INFO - Requirement already satisfied: tzlocal in /tmp/cosmos_venv_ecom/lib/python3.10/site-packages (from clickhouse-driver>=0.2.6->dbt-clickhouse) (5.3.1)
[2025-09-13T09:45:57.734+0000] {process_utils.py:191} INFO - Requirement already satisfied: agate<1.10,>=1.7.0 in /tmp/cosmos_venv_ecom/lib/python3.10/site-packages (from dbt-core>=1.9->dbt-clickhouse) (1.9.1)
[2025-09-13T09:45:57.736+0000] {process_utils.py:191} INFO - Requirement already satisfied: Jinja2<4,>=3.1.3 in /tmp/cosmos_venv_ecom/lib/python3.10/site-packages (from dbt-core>=1.9->dbt-clickhouse) (3.1.6)
[2025-09-13T09:45:57.737+0000] {process_utils.py:191} INFO - Requirement already satisfied: mashumaro<3.15,>=3.9 in /tmp/cosmos_venv_ecom/lib/python3.10/site-packages (from mashumaro[msgpack]<3.15,>=3.9->dbt-core>=1.9->dbt-clickhouse) (3.14)
[2025-09-13T09:45:57.739+0000] {process_utils.py:191} INFO - Requirement already satisfied: click<9.0,>=8.0.2 in /tmp/cosmos_venv_ecom/lib/python3.10/site-packages (from dbt-core>=1.9->dbt-clickhouse) (8.2.1)
[2025-09-13T09:45:57.740+0000] {process_utils.py:191} INFO - Requirement already satisfied: jsonschema<5.0,>=4.19.1 in /tmp/cosmos_venv_ecom/lib/python3.10/site-packages (from dbt-core>=1.9->dbt-clickhouse) (4.25.1)
[2025-09-13T09:45:57.741+0000] {process_utils.py:191} INFO - Requirement already satisfied: networkx<4.0,>=2.3 in /tmp/cosmos_venv_ecom/lib/python3.10/site-packages (from dbt-core>=1.9->dbt-clickhouse) (3.4.2)
[2025-09-13T09:45:57.742+0000] {process_utils.py:191} INFO - Requirement already satisfied: protobuf<7.0,>=6.0 in /tmp/cosmos_venv_ecom/lib/python3.10/site-packages (from dbt-core>=1.9->dbt-clickhouse) (6.32.1)
[2025-09-13T09:45:57.743+0000] {process_utils.py:191} INFO - Requirement already satisfied: requests<3.0.0 in /tmp/cosmos_venv_ecom/lib/python3.10/site-packages (from dbt-core>=1.9->dbt-clickhouse) (2.32.5)
[2025-09-13T09:45:57.744+0000] {process_utils.py:191} INFO - Requirement already satisfied: snowplow-tracker<2.0,>=1.0.2 in /tmp/cosmos_venv_ecom/lib/python3.10/site-packages (from dbt-core>=1.9->dbt-clickhouse) (1.1.0)
[2025-09-13T09:45:57.745+0000] {process_utils.py:191} INFO - Requirement already satisfied: pathspec<0.13,>=0.9 in /tmp/cosmos_venv_ecom/lib/python3.10/site-packages (from dbt-core>=1.9->dbt-clickhouse) (0.12.1)
[2025-09-13T09:45:57.746+0000] {process_utils.py:191} INFO - Requirement already satisfied: sqlparse<0.6.0,>=0.5.0 in /tmp/cosmos_venv_ecom/lib/python3.10/site-packages (from dbt-core>=1.9->dbt-clickhouse) (0.5.3)
[2025-09-13T09:45:57.746+0000] {process_utils.py:191} INFO - Requirement already satisfied: dbt-extractor<=0.6,>=0.5.0 in /tmp/cosmos_venv_ecom/lib/python3.10/site-packages (from dbt-core>=1.9->dbt-clickhouse) (0.6.0)
[2025-09-13T09:45:57.747+0000] {process_utils.py:191} INFO - Requirement already satisfied: dbt-semantic-interfaces<0.10,>=0.9.0 in /tmp/cosmos_venv_ecom/lib/python3.10/site-packages (from dbt-core>=1.9->dbt-clickhouse) (0.9.0)
[2025-09-13T09:45:57.748+0000] {process_utils.py:191} INFO - Requirement already satisfied: dbt-common<2.0,>=1.27.0 in /tmp/cosmos_venv_ecom/lib/python3.10/site-packages (from dbt-core>=1.9->dbt-clickhouse) (1.30.0)
[2025-09-13T09:45:57.749+0000] {process_utils.py:191} INFO - Requirement already satisfied: dbt-adapters<2.0,>=1.15.5 in /tmp/cosmos_venv_ecom/lib/python3.10/site-packages (from dbt-core>=1.9->dbt-clickhouse) (1.16.7)
[2025-09-13T09:45:57.749+0000] {process_utils.py:191} INFO - Requirement already satisfied: dbt-protos<2.0,>=1.0.346 in /tmp/cosmos_venv_ecom/lib/python3.10/site-packages (from dbt-core>=1.9->dbt-clickhouse) (1.0.375)
[2025-09-13T09:45:57.750+0000] {process_utils.py:191} INFO - Requirement already satisfied: pydantic<3 in /tmp/cosmos_venv_ecom/lib/python3.10/site-packages (from dbt-core>=1.9->dbt-clickhouse) (2.11.7)
[2025-09-13T09:45:57.750+0000] {process_utils.py:191} INFO - Requirement already satisfied: packaging>20.9 in /tmp/cosmos_venv_ecom/lib/python3.10/site-packages (from dbt-core>=1.9->dbt-clickhouse) (25.0)
[2025-09-13T09:45:57.751+0000] {process_utils.py:191} INFO - Requirement already satisfied: pyyaml>=6.0 in /tmp/cosmos_venv_ecom/lib/python3.10/site-packages (from dbt-core>=1.9->dbt-clickhouse) (6.0.2)
[2025-09-13T09:45:57.751+0000] {process_utils.py:191} INFO - Requirement already satisfied: daff>=1.3.46 in /tmp/cosmos_venv_ecom/lib/python3.10/site-packages (from dbt-core>=1.9->dbt-clickhouse) (1.4.2)
[2025-09-13T09:45:57.752+0000] {process_utils.py:191} INFO - Requirement already satisfied: typing-extensions>=4.4 in /tmp/cosmos_venv_ecom/lib/python3.10/site-packages (from dbt-core>=1.9->dbt-clickhouse) (4.15.0)
[2025-09-13T09:45:57.755+0000] {process_utils.py:191} INFO - Requirement already satisfied: Babel>=2.0 in /tmp/cosmos_venv_ecom/lib/python3.10/site-packages (from agate<1.10,>=1.7.0->dbt-core>=1.9->dbt-clickhouse) (2.17.0)
[2025-09-13T09:45:57.756+0000] {process_utils.py:191} INFO - Requirement already satisfied: isodate>=0.5.4 in /tmp/cosmos_venv_ecom/lib/python3.10/site-packages (from agate<1.10,>=1.7.0->dbt-core>=1.9->dbt-clickhouse) (0.6.1)
[2025-09-13T09:45:57.757+0000] {process_utils.py:191} INFO - Requirement already satisfied: leather>=0.3.2 in /tmp/cosmos_venv_ecom/lib/python3.10/site-packages (from agate<1.10,>=1.7.0->dbt-core>=1.9->dbt-clickhouse) (0.4.0)
[2025-09-13T09:45:57.758+0000] {process_utils.py:191} INFO - Requirement already satisfied: parsedatetime!=2.5,>=2.1 in /tmp/cosmos_venv_ecom/lib/python3.10/site-packages (from agate<1.10,>=1.7.0->dbt-core>=1.9->dbt-clickhouse) (2.6)
[2025-09-13T09:45:57.759+0000] {process_utils.py:191} INFO - Requirement already satisfied: python-slugify>=1.2.1 in /tmp/cosmos_venv_ecom/lib/python3.10/site-packages (from agate<1.10,>=1.7.0->dbt-core>=1.9->dbt-clickhouse) (8.0.4)
[2025-09-13T09:45:57.760+0000] {process_utils.py:191} INFO - Requirement already satisfied: pytimeparse>=1.1.5 in /tmp/cosmos_venv_ecom/lib/python3.10/site-packages (from agate<1.10,>=1.7.0->dbt-core>=1.9->dbt-clickhouse) (1.1.8)
[2025-09-13T09:45:57.773+0000] {process_utils.py:191} INFO - Requirement already satisfied: colorama<0.5,>=0.3.9 in /tmp/cosmos_venv_ecom/lib/python3.10/site-packages (from dbt-common<2.0,>=1.27.0->dbt-core>=1.9->dbt-clickhouse) (0.4.6)
[2025-09-13T09:45:57.774+0000] {process_utils.py:191} INFO - Requirement already satisfied: deepdiff<9.0,>=7.0 in /tmp/cosmos_venv_ecom/lib/python3.10/site-packages (from dbt-common<2.0,>=1.27.0->dbt-core>=1.9->dbt-clickhouse) (8.6.1)
[2025-09-13T09:45:57.778+0000] {process_utils.py:191} INFO - Requirement already satisfied: python-dateutil<3.0,>=2.0 in /tmp/cosmos_venv_ecom/lib/python3.10/site-packages (from dbt-common<2.0,>=1.27.0->dbt-core>=1.9->dbt-clickhouse) (2.9.0.post0)
[2025-09-13T09:45:57.786+0000] {process_utils.py:191} INFO - Requirement already satisfied: importlib-metadata<9,>=6.0 in /tmp/cosmos_venv_ecom/lib/python3.10/site-packages (from dbt-semantic-interfaces<0.10,>=0.9.0->dbt-core>=1.9->dbt-clickhouse) (8.7.0)
[2025-09-13T09:45:57.787+0000] {process_utils.py:191} INFO - Requirement already satisfied: more-itertools<11.0,>=8.0 in /tmp/cosmos_venv_ecom/lib/python3.10/site-packages (from dbt-semantic-interfaces<0.10,>=0.9.0->dbt-core>=1.9->dbt-clickhouse) (10.8.0)
[2025-09-13T09:45:57.798+0000] {process_utils.py:191} INFO - Requirement already satisfied: orderly-set<6,>=5.4.1 in /tmp/cosmos_venv_ecom/lib/python3.10/site-packages (from deepdiff<9.0,>=7.0->dbt-common<2.0,>=1.27.0->dbt-core>=1.9->dbt-clickhouse) (5.5.0)
[2025-09-13T09:45:57.805+0000] {process_utils.py:191} INFO - Requirement already satisfied: zipp>=3.20 in /tmp/cosmos_venv_ecom/lib/python3.10/site-packages (from importlib-metadata<9,>=6.0->dbt-semantic-interfaces<0.10,>=0.9.0->dbt-core>=1.9->dbt-clickhouse) (3.23.0)
[2025-09-13T09:45:57.807+0000] {process_utils.py:191} INFO - Requirement already satisfied: six in /tmp/cosmos_venv_ecom/lib/python3.10/site-packages (from isodate>=0.5.4->agate<1.10,>=1.7.0->dbt-core>=1.9->dbt-clickhouse) (1.17.0)
[2025-09-13T09:45:57.810+0000] {process_utils.py:191} INFO - Requirement already satisfied: MarkupSafe>=2.0 in /tmp/cosmos_venv_ecom/lib/python3.10/site-packages (from Jinja2<4,>=3.1.3->dbt-core>=1.9->dbt-clickhouse) (3.0.2)
[2025-09-13T09:45:57.816+0000] {process_utils.py:191} INFO - Requirement already satisfied: attrs>=22.2.0 in /tmp/cosmos_venv_ecom/lib/python3.10/site-packages (from jsonschema<5.0,>=4.19.1->dbt-core>=1.9->dbt-clickhouse) (25.3.0)
[2025-09-13T09:45:57.817+0000] {process_utils.py:191} INFO - Requirement already satisfied: jsonschema-specifications>=2023.03.6 in /tmp/cosmos_venv_ecom/lib/python3.10/site-packages (from jsonschema<5.0,>=4.19.1->dbt-core>=1.9->dbt-clickhouse) (2025.9.1)
[2025-09-13T09:45:57.818+0000] {process_utils.py:191} INFO - Requirement already satisfied: referencing>=0.28.4 in /tmp/cosmos_venv_ecom/lib/python3.10/site-packages (from jsonschema<5.0,>=4.19.1->dbt-core>=1.9->dbt-clickhouse) (0.36.2)
[2025-09-13T09:45:57.819+0000] {process_utils.py:191} INFO - Requirement already satisfied: rpds-py>=0.7.1 in /tmp/cosmos_venv_ecom/lib/python3.10/site-packages (from jsonschema<5.0,>=4.19.1->dbt-core>=1.9->dbt-clickhouse) (0.27.1)
[2025-09-13T09:45:57.829+0000] {process_utils.py:191} INFO - Requirement already satisfied: msgpack>=0.5.6 in /tmp/cosmos_venv_ecom/lib/python3.10/site-packages (from mashumaro[msgpack]<3.15,>=3.9->dbt-core>=1.9->dbt-clickhouse) (1.1.1)
[2025-09-13T09:45:57.849+0000] {process_utils.py:191} INFO - Requirement already satisfied: annotated-types>=0.6.0 in /tmp/cosmos_venv_ecom/lib/python3.10/site-packages (from pydantic<3->dbt-core>=1.9->dbt-clickhouse) (0.7.0)
[2025-09-13T09:45:57.850+0000] {process_utils.py:191} INFO - Requirement already satisfied: pydantic-core==2.33.2 in /tmp/cosmos_venv_ecom/lib/python3.10/site-packages (from pydantic<3->dbt-core>=1.9->dbt-clickhouse) (2.33.2)
[2025-09-13T09:45:57.853+0000] {process_utils.py:191} INFO - Requirement already satisfied: typing-inspection>=0.4.0 in /tmp/cosmos_venv_ecom/lib/python3.10/site-packages (from pydantic<3->dbt-core>=1.9->dbt-clickhouse) (0.4.1)
[2025-09-13T09:45:57.863+0000] {process_utils.py:191} INFO - Requirement already satisfied: charset_normalizer<4,>=2 in /tmp/cosmos_venv_ecom/lib/python3.10/site-packages (from requests<3.0.0->dbt-core>=1.9->dbt-clickhouse) (3.4.3)
[2025-09-13T09:45:57.864+0000] {process_utils.py:191} INFO - Requirement already satisfied: idna<4,>=2.5 in /tmp/cosmos_venv_ecom/lib/python3.10/site-packages (from requests<3.0.0->dbt-core>=1.9->dbt-clickhouse) (3.10)
[2025-09-13T09:45:57.920+0000] {process_utils.py:191} INFO - Requirement already satisfied: text-unidecode>=1.3 in /tmp/cosmos_venv_ecom/lib/python3.10/site-packages (from python-slugify>=1.2.1->agate<1.10,>=1.7.0->dbt-core>=1.9->dbt-clickhouse) (1.3)
[2025-09-13T09:45:58.090+0000] {local.py:470} INFO - Cloning project to writable temp directory /tmp/tmpxd5m7v81 from /opt/airflow/dags/dbt/ecom_intermediate
[2025-09-13T09:45:58.105+0000] {local.py:490} INFO - Partial parse is enabled and the latest partial parse file is /tmp/cosmos/dbt_intermediate__intermediate/target/partial_parse.msgpack
[2025-09-13T09:45:58.116+0000] {config.py:362} INFO - Using user-supplied profiles.yml at /opt/airflow/dags/dbt/profiles.yml
[2025-09-13T09:45:58.127+0000] {virtualenv.py:99} INFO - Using Python binary from virtualenv: /tmp/cosmos_venv_ecom/bin/python
[2025-09-13T09:45:58.128+0000] {local.py:434} INFO - Trying to run the command:
 ['/tmp/cosmos_venv_ecom/bin/dbt', 'deps', '--project-dir', '/tmp/tmpxd5m7v81', '--profiles-dir', '/opt/***/dags/dbt', '--profile', 'ecom_intermediate', '--target', 'dev']
From /tmp/tmpxd5m7v81
[2025-09-13T09:45:58.129+0000] {subprocess.py:56} INFO - Tmp dir root location: 
 /tmp
[2025-09-13T09:45:58.129+0000] {subprocess.py:69} INFO - Running command: ['/tmp/cosmos_venv_ecom/bin/dbt', 'deps', '--project-dir', '/tmp/tmpxd5m7v81', '--profiles-dir', '/opt/***/dags/dbt', '--profile', 'ecom_intermediate', '--target', 'dev']
[2025-09-13T09:45:58.143+0000] {subprocess.py:80} INFO - Command output:
[2025-09-13T09:46:00.376+0000] {subprocess.py:90} INFO - [0m09:46:00  Running with dbt=1.10.11
[2025-09-13T09:46:01.050+0000] {subprocess.py:90} INFO - [0m09:46:01  Installing dbt-labs/dbt_utils
[2025-09-13T09:46:01.622+0000] {subprocess.py:90} INFO - [0m09:46:01  Installed from version 1.3.0
[2025-09-13T09:46:01.623+0000] {subprocess.py:90} INFO - [0m09:46:01  Updated version available: 1.3.1
[2025-09-13T09:46:01.627+0000] {subprocess.py:90} INFO - [0m09:46:01
[2025-09-13T09:46:01.628+0000] {subprocess.py:90} INFO - [0m09:46:01  Updates available for packages: ['dbt-labs/dbt_utils']
[2025-09-13T09:46:01.628+0000] {subprocess.py:90} INFO - Update your versions in packages.yml, then run dbt deps
[2025-09-13T09:46:03.463+0000] {subprocess.py:94} INFO - Command exited with return code 0
[2025-09-13T09:46:03.464+0000] {local.py:441} INFO - Update your versions in packages.yml, then run dbt deps
[2025-09-13T09:46:03.465+0000] {virtualenv.py:99} INFO - Using Python binary from virtualenv: /tmp/cosmos_venv_ecom/bin/python
[2025-09-13T09:46:03.466+0000] {local.py:434} INFO - Trying to run the command:
 ['/tmp/cosmos_venv_ecom/bin/dbt', 'run', '--models', 'locations', '--project-dir', '/tmp/tmpxd5m7v81', '--profiles-dir', '/opt/***/dags/dbt', '--profile', 'ecom_intermediate', '--target', 'dev']
From /tmp/tmpxd5m7v81
[2025-09-13T09:46:03.467+0000] {subprocess.py:56} INFO - Tmp dir root location: 
 /tmp
[2025-09-13T09:46:03.467+0000] {subprocess.py:69} INFO - Running command: ['/tmp/cosmos_venv_ecom/bin/dbt', 'run', '--models', 'locations', '--project-dir', '/tmp/tmpxd5m7v81', '--profiles-dir', '/opt/***/dags/dbt', '--profile', 'ecom_intermediate', '--target', 'dev']
[2025-09-13T09:46:03.480+0000] {subprocess.py:80} INFO - Command output:
[2025-09-13T09:46:05.706+0000] {subprocess.py:90} INFO - [0m09:46:05  Running with dbt=1.10.11
[2025-09-13T09:46:05.708+0000] {subprocess.py:90} INFO - [0m09:46:05  [[33mWARNING[0m]: Deprecated functionality
[2025-09-13T09:46:05.709+0000] {subprocess.py:90} INFO - Usage of `--models`, `--model`, and `-m` is deprecated in favor of `--select` or
[2025-09-13T09:46:05.710+0000] {subprocess.py:90} INFO - `-s`.
[2025-09-13T09:46:06.092+0000] {subprocess.py:90} INFO - [0m09:46:06  Registered adapter: clickhouse=1.9.3
[2025-09-13T09:46:07.093+0000] {subprocess.py:90} INFO - [0m09:46:07  Found 15 models, 50 data tests, 8 sources, 597 macros
[2025-09-13T09:46:07.096+0000] {subprocess.py:90} INFO - [0m09:46:07
[2025-09-13T09:46:07.096+0000] {subprocess.py:90} INFO - [0m09:46:07  Concurrency: 4 threads (target='dev')
[2025-09-13T09:46:07.097+0000] {subprocess.py:90} INFO - [0m09:46:07
[2025-09-13T09:46:07.244+0000] {subprocess.py:90} INFO - [0m09:46:07  1 of 1 START sql table model `ecom_db_intermediate`.`locations` ................ [RUN]
[2025-09-13T09:46:07.468+0000] {subprocess.py:90} INFO - [0m09:46:07  1 of 1 OK created sql table model `ecom_db_intermediate`.`locations` ........... [[32mOK[0m in 0.22s]
[2025-09-13T09:46:07.473+0000] {subprocess.py:90} INFO - [0m09:46:07
[2025-09-13T09:46:07.473+0000] {subprocess.py:90} INFO - [0m09:46:07  Finished running 1 table model in 0 hours 0 minutes and 0.38 seconds (0.38s).
[2025-09-13T09:46:07.545+0000] {subprocess.py:90} INFO - [0m09:46:07
[2025-09-13T09:46:07.545+0000] {subprocess.py:90} INFO - [0m09:46:07  [32mCompleted successfully[0m
[2025-09-13T09:46:07.546+0000] {subprocess.py:90} INFO - [0m09:46:07
[2025-09-13T09:46:07.547+0000] {subprocess.py:90} INFO - [0m09:46:07  Done. PASS=1 WARN=0 ERROR=0 SKIP=0 NO-OP=0 TOTAL=1
[2025-09-13T09:46:07.548+0000] {subprocess.py:90} INFO - [0m09:46:07  [[33mWARNING[0m][DeprecationsSummary]: Deprecated functionality
[2025-09-13T09:46:07.548+0000] {subprocess.py:90} INFO - Summary of encountered deprecations:
[2025-09-13T09:46:07.549+0000] {subprocess.py:90} INFO - - ModelParamUsageDeprecation: 1 occurrence
[2025-09-13T09:46:07.549+0000] {subprocess.py:90} INFO - To see all deprecation instances instead of just the first occurrence of each,
[2025-09-13T09:46:07.549+0000] {subprocess.py:90} INFO - run command again with the `--show-all-deprecations` flag. You may also need to
[2025-09-13T09:46:07.549+0000] {subprocess.py:90} INFO - run with `--no-partial-parse` as some deprecations are only encountered during
[2025-09-13T09:46:07.550+0000] {subprocess.py:90} INFO - parsing.
[2025-09-13T09:46:09.390+0000] {subprocess.py:94} INFO - Command exited with return code 0
[2025-09-13T09:46:09.391+0000] {local.py:441} INFO - parsing.
[2025-09-13T09:46:09.404+0000] {local.py:196} WARNING - Artifact schema version: https://schemas.getdbt.com/dbt/manifest/v12.json is above dbt-ol supported version 7. This might cause errors.
[2025-09-13T09:46:09.405+0000] {local.py:196} WARNING - Artifact schema version: https://schemas.getdbt.com/dbt/run-results/v6.json is above dbt-ol supported version 5. This might cause errors.
[2025-09-13T09:46:09.412+0000] {local.py:547} INFO - Inlets: []
[2025-09-13T09:46:09.412+0000] {local.py:548} INFO - Outlets: []
[2025-09-13T09:46:09.413+0000] {local.py:772} INFO - Assigning inlets/outlets without DatasetAlias
[2025-09-13T09:46:09.413+0000] {dag.py:3089} INFO - Sync 1 DAGs
[2025-09-13T09:46:09.475+0000] {dag.py:3947} INFO - Setting next_dagrun for dbt_intermediate to 2025-09-13 00:00:00+00:00, run_after=2025-09-14 00:00:00+00:00
[2025-09-13T09:46:09.572+0000] {virtualenv.py:131} INFO - Releasing virtualenv lock
[2025-09-13T09:46:09.573+0000] {virtualenv.py:145} INFO - None
[2025-09-13T09:46:09.573+0000] {taskinstance.py:441} INFO - ::group::Post task execution logs
[2025-09-13T09:46:09.617+0000] {taskinstance.py:1206} INFO - Marking task as SUCCESS. dag_id=dbt_intermediate, task_id=intermediate.locations.run, run_id=manual__2025-09-13T09:45:02.800484+00:00, execution_date=20250913T094502, start_date=20250913T094507, end_date=20250913T094609
[2025-09-13T09:46:09.667+0000] {local_task_job_runner.py:243} INFO - Task exited with return code 0
[2025-09-13T09:46:09.738+0000] {taskinstance.py:3503} INFO - 1 downstream tasks scheduled from follow-on schedule check
[2025-09-13T09:46:09.751+0000] {local_task_job_runner.py:222} INFO - ::endgroup::
