[2025-09-13T09:40:36.198+0000] {local_task_job_runner.py:120} INFO - ::group::Pre task execution logs
[2025-09-13T09:40:36.479+0000] {taskinstance.py:2076} INFO - Dependencies all met for dep_context=non-requeueable deps ti=<TaskInstance: dbt_marts.marts.dim_categories.run manual__2025-09-13T09:40:29.757092+00:00 [queued]>
[2025-09-13T09:40:36.531+0000] {taskinstance.py:2076} INFO - Dependencies all met for dep_context=requeueable deps ti=<TaskInstance: dbt_marts.marts.dim_categories.run manual__2025-09-13T09:40:29.757092+00:00 [queued]>
[2025-09-13T09:40:36.536+0000] {taskinstance.py:2306} INFO - Starting attempt 1 of 1
[2025-09-13T09:40:36.598+0000] {taskinstance.py:2330} INFO - Executing <Task(DbtRunVirtualenvOperator): marts.dim_categories.run> on 2025-09-13 09:40:29.757092+00:00
[2025-09-13T09:40:36.609+0000] {standard_task_runner.py:64} INFO - Started process 6188 to run task
[2025-09-13T09:40:36.625+0000] {standard_task_runner.py:90} INFO - Running: ['***', 'tasks', 'run', 'dbt_marts', 'marts.dim_categories.run', 'manual__2025-09-13T09:40:29.757092+00:00', '--job-id', '194', '--raw', '--subdir', 'DAGS_FOLDER/dbt_marts.py', '--cfg-path', '/tmp/tmpw6_pl3ev']
[2025-09-13T09:40:36.631+0000] {standard_task_runner.py:91} INFO - Job 194: Subtask marts.dim_categories.run
[2025-09-13T09:40:37.274+0000] {task_command.py:426} INFO - Running <TaskInstance: dbt_marts.marts.dim_categories.run manual__2025-09-13T09:40:29.757092+00:00 [running]> on host e95bde6b8d07
[2025-09-13T09:40:38.235+0000] {taskinstance.py:2648} INFO - Exporting env vars: AIRFLOW_CTX_DAG_OWNER='***' AIRFLOW_CTX_DAG_ID='dbt_marts' AIRFLOW_CTX_TASK_ID='marts.dim_categories.run' AIRFLOW_CTX_EXECUTION_DATE='2025-09-13T09:40:29.757092+00:00' AIRFLOW_CTX_TRY_NUMBER='1' AIRFLOW_CTX_DAG_RUN_ID='manual__2025-09-13T09:40:29.757092+00:00'
[2025-09-13T09:40:38.242+0000] {taskinstance.py:430} INFO - ::endgroup::
[2025-09-13T09:40:38.262+0000] {virtualenv.py:120} INFO - Checking if the virtualenv lock /tmp/cosmos_venv_ecom/cosmos_virtualenv.lock exists
[2025-09-13T09:40:38.263+0000] {virtualenv.py:178} INFO - Checking for running process with PID 6178
[2025-09-13T09:40:38.264+0000] {virtualenv.py:181} INFO - Process 6178 running: True and has the lock /tmp/cosmos_venv_ecom/cosmos_virtualenv.lock.
[2025-09-13T09:40:38.264+0000] {virtualenv.py:122} INFO - Waiting for virtualenv lock to be released
[2025-09-13T09:40:39.266+0000] {virtualenv.py:178} INFO - Checking for running process with PID 6178
[2025-09-13T09:40:39.267+0000] {virtualenv.py:181} INFO - Process 6178 running: True and has the lock /tmp/cosmos_venv_ecom/cosmos_virtualenv.lock.
[2025-09-13T09:40:39.267+0000] {virtualenv.py:122} INFO - Waiting for virtualenv lock to be released
[2025-09-13T09:40:40.269+0000] {virtualenv.py:178} INFO - Checking for running process with PID 6178
[2025-09-13T09:40:40.269+0000] {virtualenv.py:181} INFO - Process 6178 running: True and has the lock /tmp/cosmos_venv_ecom/cosmos_virtualenv.lock.
[2025-09-13T09:40:40.270+0000] {virtualenv.py:122} INFO - Waiting for virtualenv lock to be released
[2025-09-13T09:40:41.271+0000] {virtualenv.py:178} INFO - Checking for running process with PID 6178
[2025-09-13T09:40:41.272+0000] {virtualenv.py:181} INFO - Process 6178 running: True and has the lock /tmp/cosmos_venv_ecom/cosmos_virtualenv.lock.
[2025-09-13T09:40:41.272+0000] {virtualenv.py:122} INFO - Waiting for virtualenv lock to be released
[2025-09-13T09:40:42.274+0000] {virtualenv.py:178} INFO - Checking for running process with PID 6178
[2025-09-13T09:40:42.275+0000] {virtualenv.py:181} INFO - Process 6178 running: True and has the lock /tmp/cosmos_venv_ecom/cosmos_virtualenv.lock.
[2025-09-13T09:40:42.275+0000] {virtualenv.py:122} INFO - Waiting for virtualenv lock to be released
[2025-09-13T09:40:43.277+0000] {virtualenv.py:178} INFO - Checking for running process with PID 6178
[2025-09-13T09:40:43.278+0000] {virtualenv.py:181} INFO - Process 6178 running: True and has the lock /tmp/cosmos_venv_ecom/cosmos_virtualenv.lock.
[2025-09-13T09:40:43.278+0000] {virtualenv.py:122} INFO - Waiting for virtualenv lock to be released
[2025-09-13T09:40:44.280+0000] {virtualenv.py:178} INFO - Checking for running process with PID 6178
[2025-09-13T09:40:44.281+0000] {virtualenv.py:181} INFO - Process 6178 running: True and has the lock /tmp/cosmos_venv_ecom/cosmos_virtualenv.lock.
[2025-09-13T09:40:44.281+0000] {virtualenv.py:122} INFO - Waiting for virtualenv lock to be released
[2025-09-13T09:40:45.282+0000] {virtualenv.py:178} INFO - Checking for running process with PID 6178
[2025-09-13T09:40:45.283+0000] {virtualenv.py:181} INFO - Process 6178 running: True and has the lock /tmp/cosmos_venv_ecom/cosmos_virtualenv.lock.
[2025-09-13T09:40:45.283+0000] {virtualenv.py:122} INFO - Waiting for virtualenv lock to be released
[2025-09-13T09:40:46.285+0000] {virtualenv.py:178} INFO - Checking for running process with PID 6178
[2025-09-13T09:40:46.286+0000] {virtualenv.py:181} INFO - Process 6178 running: True and has the lock /tmp/cosmos_venv_ecom/cosmos_virtualenv.lock.
[2025-09-13T09:40:46.286+0000] {virtualenv.py:122} INFO - Waiting for virtualenv lock to be released
[2025-09-13T09:40:47.288+0000] {virtualenv.py:178} INFO - Checking for running process with PID 6178
[2025-09-13T09:40:47.289+0000] {virtualenv.py:181} INFO - Process 6178 running: True and has the lock /tmp/cosmos_venv_ecom/cosmos_virtualenv.lock.
[2025-09-13T09:40:47.289+0000] {virtualenv.py:122} INFO - Waiting for virtualenv lock to be released
[2025-09-13T09:40:48.290+0000] {virtualenv.py:178} INFO - Checking for running process with PID 6178
[2025-09-13T09:40:48.291+0000] {virtualenv.py:181} INFO - Process 6178 running: True and has the lock /tmp/cosmos_venv_ecom/cosmos_virtualenv.lock.
[2025-09-13T09:40:48.292+0000] {virtualenv.py:122} INFO - Waiting for virtualenv lock to be released
[2025-09-13T09:40:49.293+0000] {virtualenv.py:178} INFO - Checking for running process with PID 6178
[2025-09-13T09:40:49.294+0000] {virtualenv.py:181} INFO - Process 6178 running: True and has the lock /tmp/cosmos_venv_ecom/cosmos_virtualenv.lock.
[2025-09-13T09:40:49.294+0000] {virtualenv.py:122} INFO - Waiting for virtualenv lock to be released
[2025-09-13T09:40:50.295+0000] {virtualenv.py:178} INFO - Checking for running process with PID 6178
[2025-09-13T09:40:50.296+0000] {virtualenv.py:181} INFO - Process 6178 running: True and has the lock /tmp/cosmos_venv_ecom/cosmos_virtualenv.lock.
[2025-09-13T09:40:50.299+0000] {virtualenv.py:122} INFO - Waiting for virtualenv lock to be released
[2025-09-13T09:40:51.302+0000] {virtualenv.py:178} INFO - Checking for running process with PID 6178
[2025-09-13T09:40:51.303+0000] {virtualenv.py:181} INFO - Process 6178 running: True and has the lock /tmp/cosmos_venv_ecom/cosmos_virtualenv.lock.
[2025-09-13T09:40:51.303+0000] {virtualenv.py:122} INFO - Waiting for virtualenv lock to be released
[2025-09-13T09:40:52.305+0000] {virtualenv.py:178} INFO - Checking for running process with PID 6178
[2025-09-13T09:40:52.306+0000] {virtualenv.py:181} INFO - Process 6178 running: True and has the lock /tmp/cosmos_venv_ecom/cosmos_virtualenv.lock.
[2025-09-13T09:40:52.307+0000] {virtualenv.py:122} INFO - Waiting for virtualenv lock to be released
[2025-09-13T09:40:53.308+0000] {virtualenv.py:178} INFO - Checking for running process with PID 6178
[2025-09-13T09:40:53.309+0000] {virtualenv.py:181} INFO - Process 6178 running: True and has the lock /tmp/cosmos_venv_ecom/cosmos_virtualenv.lock.
[2025-09-13T09:40:53.309+0000] {virtualenv.py:122} INFO - Waiting for virtualenv lock to be released
[2025-09-13T09:40:54.311+0000] {virtualenv.py:178} INFO - Checking for running process with PID 6178
[2025-09-13T09:40:54.312+0000] {virtualenv.py:181} INFO - Process 6178 running: True and has the lock /tmp/cosmos_venv_ecom/cosmos_virtualenv.lock.
[2025-09-13T09:40:54.312+0000] {virtualenv.py:122} INFO - Waiting for virtualenv lock to be released
[2025-09-13T09:40:55.314+0000] {virtualenv.py:178} INFO - Checking for running process with PID 6178
[2025-09-13T09:40:55.315+0000] {virtualenv.py:181} INFO - Process 6178 running: True and has the lock /tmp/cosmos_venv_ecom/cosmos_virtualenv.lock.
[2025-09-13T09:40:55.315+0000] {virtualenv.py:122} INFO - Waiting for virtualenv lock to be released
[2025-09-13T09:40:56.316+0000] {virtualenv.py:178} INFO - Checking for running process with PID 6192
[2025-09-13T09:40:56.317+0000] {virtualenv.py:181} INFO - Process 6192 running: True and has the lock /tmp/cosmos_venv_ecom/cosmos_virtualenv.lock.
[2025-09-13T09:40:56.318+0000] {virtualenv.py:122} INFO - Waiting for virtualenv lock to be released
[2025-09-13T09:40:57.320+0000] {virtualenv.py:178} INFO - Checking for running process with PID 6192
[2025-09-13T09:40:57.321+0000] {virtualenv.py:181} INFO - Process 6192 running: True and has the lock /tmp/cosmos_venv_ecom/cosmos_virtualenv.lock.
[2025-09-13T09:40:57.322+0000] {virtualenv.py:122} INFO - Waiting for virtualenv lock to be released
[2025-09-13T09:40:58.325+0000] {virtualenv.py:178} INFO - Checking for running process with PID 6192
[2025-09-13T09:40:58.326+0000] {virtualenv.py:181} INFO - Process 6192 running: True and has the lock /tmp/cosmos_venv_ecom/cosmos_virtualenv.lock.
[2025-09-13T09:40:58.326+0000] {virtualenv.py:122} INFO - Waiting for virtualenv lock to be released
[2025-09-13T09:40:59.328+0000] {virtualenv.py:178} INFO - Checking for running process with PID 6192
[2025-09-13T09:40:59.328+0000] {virtualenv.py:181} INFO - Process 6192 running: True and has the lock /tmp/cosmos_venv_ecom/cosmos_virtualenv.lock.
[2025-09-13T09:40:59.329+0000] {virtualenv.py:122} INFO - Waiting for virtualenv lock to be released
[2025-09-13T09:41:00.330+0000] {virtualenv.py:178} INFO - Checking for running process with PID 6192
[2025-09-13T09:41:00.334+0000] {virtualenv.py:181} INFO - Process 6192 running: True and has the lock /tmp/cosmos_venv_ecom/cosmos_virtualenv.lock.
[2025-09-13T09:41:00.335+0000] {virtualenv.py:122} INFO - Waiting for virtualenv lock to be released
[2025-09-13T09:41:01.338+0000] {virtualenv.py:178} INFO - Checking for running process with PID 6192
[2025-09-13T09:41:01.339+0000] {virtualenv.py:181} INFO - Process 6192 running: True and has the lock /tmp/cosmos_venv_ecom/cosmos_virtualenv.lock.
[2025-09-13T09:41:01.340+0000] {virtualenv.py:122} INFO - Waiting for virtualenv lock to be released
[2025-09-13T09:41:02.342+0000] {virtualenv.py:178} INFO - Checking for running process with PID 6192
[2025-09-13T09:41:02.344+0000] {virtualenv.py:181} INFO - Process 6192 running: True and has the lock /tmp/cosmos_venv_ecom/cosmos_virtualenv.lock.
[2025-09-13T09:41:02.345+0000] {virtualenv.py:122} INFO - Waiting for virtualenv lock to be released
[2025-09-13T09:41:03.348+0000] {virtualenv.py:178} INFO - Checking for running process with PID 6192
[2025-09-13T09:41:03.350+0000] {virtualenv.py:181} INFO - Process 6192 running: True and has the lock /tmp/cosmos_venv_ecom/cosmos_virtualenv.lock.
[2025-09-13T09:41:03.357+0000] {virtualenv.py:122} INFO - Waiting for virtualenv lock to be released
[2025-09-13T09:41:04.364+0000] {virtualenv.py:178} INFO - Checking for running process with PID 6194
[2025-09-13T09:41:04.369+0000] {virtualenv.py:181} INFO - Process 6194 running: True and has the lock /tmp/cosmos_venv_ecom/cosmos_virtualenv.lock.
[2025-09-13T09:41:04.370+0000] {virtualenv.py:122} INFO - Waiting for virtualenv lock to be released
[2025-09-13T09:41:05.376+0000] {virtualenv.py:178} INFO - Checking for running process with PID 6194
[2025-09-13T09:41:05.378+0000] {virtualenv.py:181} INFO - Process 6194 running: True and has the lock /tmp/cosmos_venv_ecom/cosmos_virtualenv.lock.
[2025-09-13T09:41:05.378+0000] {virtualenv.py:122} INFO - Waiting for virtualenv lock to be released
[2025-09-13T09:41:06.381+0000] {virtualenv.py:178} INFO - Checking for running process with PID 6194
[2025-09-13T09:41:06.384+0000] {virtualenv.py:181} INFO - Process 6194 running: True and has the lock /tmp/cosmos_venv_ecom/cosmos_virtualenv.lock.
[2025-09-13T09:41:06.384+0000] {virtualenv.py:122} INFO - Waiting for virtualenv lock to be released
[2025-09-13T09:41:07.384+0000] {virtualenv.py:178} INFO - Checking for running process with PID 6194
[2025-09-13T09:41:07.388+0000] {virtualenv.py:181} INFO - Process 6194 running: True and has the lock /tmp/cosmos_venv_ecom/cosmos_virtualenv.lock.
[2025-09-13T09:41:07.390+0000] {virtualenv.py:122} INFO - Waiting for virtualenv lock to be released
[2025-09-13T09:41:08.392+0000] {virtualenv.py:178} INFO - Checking for running process with PID 6194
[2025-09-13T09:41:08.393+0000] {virtualenv.py:181} INFO - Process 6194 running: True and has the lock /tmp/cosmos_venv_ecom/cosmos_virtualenv.lock.
[2025-09-13T09:41:08.394+0000] {virtualenv.py:122} INFO - Waiting for virtualenv lock to be released
[2025-09-13T09:41:09.395+0000] {virtualenv.py:178} INFO - Checking for running process with PID 6194
[2025-09-13T09:41:09.396+0000] {virtualenv.py:181} INFO - Process 6194 running: True and has the lock /tmp/cosmos_venv_ecom/cosmos_virtualenv.lock.
[2025-09-13T09:41:09.397+0000] {virtualenv.py:122} INFO - Waiting for virtualenv lock to be released
[2025-09-13T09:41:10.398+0000] {virtualenv.py:178} INFO - Checking for running process with PID 6194
[2025-09-13T09:41:10.398+0000] {virtualenv.py:181} INFO - Process 6194 running: True and has the lock /tmp/cosmos_venv_ecom/cosmos_virtualenv.lock.
[2025-09-13T09:41:10.399+0000] {virtualenv.py:122} INFO - Waiting for virtualenv lock to be released
[2025-09-13T09:41:11.400+0000] {virtualenv.py:178} INFO - Checking for running process with PID 6194
[2025-09-13T09:41:11.401+0000] {virtualenv.py:181} INFO - Process 6194 running: True and has the lock /tmp/cosmos_venv_ecom/cosmos_virtualenv.lock.
[2025-09-13T09:41:11.402+0000] {virtualenv.py:122} INFO - Waiting for virtualenv lock to be released
[2025-09-13T09:41:12.404+0000] {virtualenv.py:178} INFO - Checking for running process with PID 6194
[2025-09-13T09:41:12.404+0000] {virtualenv.py:181} INFO - Process 6194 running: True and has the lock /tmp/cosmos_venv_ecom/cosmos_virtualenv.lock.
[2025-09-13T09:41:12.404+0000] {virtualenv.py:122} INFO - Waiting for virtualenv lock to be released
[2025-09-13T09:41:13.404+0000] {local_task_job_runner.py:313} WARNING - State of this instance has been externally set to failed. Terminating instance.
[2025-09-13T09:41:13.404+0000] {local_task_job_runner.py:222} INFO - ::endgroup::
[2025-09-13T09:41:13.406+0000] {virtualenv.py:178} INFO - Checking for running process with PID 6194
[2025-09-13T09:41:13.406+0000] {process_utils.py:132} INFO - Sending 15 to group 6188. PIDs of all processes in the group: [6188]
[2025-09-13T09:41:13.407+0000] {virtualenv.py:181} INFO - Process 6194 running: True and has the lock /tmp/cosmos_venv_ecom/cosmos_virtualenv.lock.
[2025-09-13T09:41:13.407+0000] {process_utils.py:87} INFO - Sending the signal 15 to group 6188
[2025-09-13T09:41:13.408+0000] {taskinstance.py:2611} ERROR - Received SIGTERM. Terminating subprocesses.
[2025-09-13T09:41:13.408+0000] {virtualenv.py:131} INFO - Releasing virtualenv lock
[2025-09-13T09:41:13.409+0000] {virtualenv.py:210} WARNING - Lockfile owned by process of pid 6194, while operator has pid 6188
[2025-09-13T09:41:13.409+0000] {taskinstance.py:441} INFO - ::group::Post task execution logs
[2025-09-13T09:41:13.500+0000] {process_utils.py:80} INFO - Process psutil.Process(pid=6188, status='terminated', exitcode=0, started='09:40:36') (6188) terminated with exit code 0
