[2025-09-14T12:48:12.864+0000] {local_task_job_runner.py:120} INFO - ::group::Pre task execution logs
[2025-09-14T12:48:15.405+0000] {taskinstance.py:2076} INFO - Dependencies all met for dep_context=non-requeueable deps ti=<TaskInstance: dbt_marts.marts.fct_sales_by_date.run scheduled__2025-09-13T00:00:00+00:00 [queued]>
[2025-09-14T12:48:15.439+0000] {taskinstance.py:2076} INFO - Dependencies all met for dep_context=requeueable deps ti=<TaskInstance: dbt_marts.marts.fct_sales_by_date.run scheduled__2025-09-13T00:00:00+00:00 [queued]>
[2025-09-14T12:48:15.441+0000] {taskinstance.py:2306} INFO - Starting attempt 1 of 1
[2025-09-14T12:48:15.536+0000] {taskinstance.py:2330} INFO - Executing <Task(DbtRunVirtualenvOperator): marts.fct_sales_by_date.run> on 2025-09-13 00:00:00+00:00
[2025-09-14T12:48:15.550+0000] {standard_task_runner.py:64} INFO - Started process 1225 to run task
[2025-09-14T12:48:15.562+0000] {standard_task_runner.py:90} INFO - Running: ['***', 'tasks', 'run', 'dbt_marts', 'marts.fct_sales_by_date.run', 'scheduled__2025-09-13T00:00:00+00:00', '--job-id', '298', '--raw', '--subdir', 'DAGS_FOLDER/dbt_marts.py', '--cfg-path', '/tmp/tmpmbyw63ro']
[2025-09-14T12:48:15.581+0000] {standard_task_runner.py:91} INFO - Job 298: Subtask marts.fct_sales_by_date.run
[2025-09-14T12:48:17.091+0000] {task_command.py:426} INFO - Running <TaskInstance: dbt_marts.marts.fct_sales_by_date.run scheduled__2025-09-13T00:00:00+00:00 [running]> on host e95bde6b8d07
[2025-09-14T12:48:18.893+0000] {taskinstance.py:2648} INFO - Exporting env vars: AIRFLOW_CTX_DAG_OWNER='***' AIRFLOW_CTX_DAG_ID='dbt_marts' AIRFLOW_CTX_TASK_ID='marts.fct_sales_by_date.run' AIRFLOW_CTX_EXECUTION_DATE='2025-09-13T00:00:00+00:00' AIRFLOW_CTX_TRY_NUMBER='1' AIRFLOW_CTX_DAG_RUN_ID='scheduled__2025-09-13T00:00:00+00:00'
[2025-09-14T12:48:18.898+0000] {taskinstance.py:430} INFO - ::endgroup::
[2025-09-14T12:48:18.912+0000] {virtualenv.py:120} INFO - Checking if the virtualenv lock /tmp/cosmos_venv_ecom_marts/cosmos_virtualenv.lock exists
[2025-09-14T12:48:18.912+0000] {virtualenv.py:178} INFO - Checking for running process with PID 1198
[2025-09-14T12:48:18.913+0000] {virtualenv.py:181} INFO - Process 1198 running: True and has the lock /tmp/cosmos_venv_ecom_marts/cosmos_virtualenv.lock.
[2025-09-14T12:48:18.913+0000] {virtualenv.py:122} INFO - Waiting for virtualenv lock to be released
[2025-09-14T12:48:19.915+0000] {virtualenv.py:178} INFO - Checking for running process with PID 1198
[2025-09-14T12:48:19.916+0000] {virtualenv.py:181} INFO - Process 1198 running: True and has the lock /tmp/cosmos_venv_ecom_marts/cosmos_virtualenv.lock.
[2025-09-14T12:48:19.917+0000] {virtualenv.py:122} INFO - Waiting for virtualenv lock to be released
[2025-09-14T12:48:20.918+0000] {virtualenv.py:178} INFO - Checking for running process with PID 1198
[2025-09-14T12:48:20.919+0000] {virtualenv.py:181} INFO - Process 1198 running: True and has the lock /tmp/cosmos_venv_ecom_marts/cosmos_virtualenv.lock.
[2025-09-14T12:48:20.920+0000] {virtualenv.py:122} INFO - Waiting for virtualenv lock to be released
[2025-09-14T12:48:21.919+0000] {virtualenv.py:178} INFO - Checking for running process with PID 1198
[2025-09-14T12:48:21.920+0000] {virtualenv.py:181} INFO - Process 1198 running: True and has the lock /tmp/cosmos_venv_ecom_marts/cosmos_virtualenv.lock.
[2025-09-14T12:48:21.921+0000] {virtualenv.py:122} INFO - Waiting for virtualenv lock to be released
[2025-09-14T12:48:22.922+0000] {virtualenv.py:178} INFO - Checking for running process with PID 1198
[2025-09-14T12:48:22.923+0000] {virtualenv.py:181} INFO - Process 1198 running: True and has the lock /tmp/cosmos_venv_ecom_marts/cosmos_virtualenv.lock.
[2025-09-14T12:48:22.923+0000] {virtualenv.py:122} INFO - Waiting for virtualenv lock to be released
[2025-09-14T12:48:23.925+0000] {virtualenv.py:178} INFO - Checking for running process with PID 1198
[2025-09-14T12:48:23.926+0000] {virtualenv.py:181} INFO - Process 1198 running: True and has the lock /tmp/cosmos_venv_ecom_marts/cosmos_virtualenv.lock.
[2025-09-14T12:48:23.926+0000] {virtualenv.py:122} INFO - Waiting for virtualenv lock to be released
[2025-09-14T12:48:24.928+0000] {virtualenv.py:178} INFO - Checking for running process with PID 1198
[2025-09-14T12:48:24.929+0000] {virtualenv.py:181} INFO - Process 1198 running: True and has the lock /tmp/cosmos_venv_ecom_marts/cosmos_virtualenv.lock.
[2025-09-14T12:48:24.930+0000] {virtualenv.py:122} INFO - Waiting for virtualenv lock to be released
[2025-09-14T12:48:25.932+0000] {virtualenv.py:178} INFO - Checking for running process with PID 1198
[2025-09-14T12:48:25.933+0000] {virtualenv.py:181} INFO - Process 1198 running: True and has the lock /tmp/cosmos_venv_ecom_marts/cosmos_virtualenv.lock.
[2025-09-14T12:48:25.934+0000] {virtualenv.py:122} INFO - Waiting for virtualenv lock to be released
[2025-09-14T12:48:26.936+0000] {virtualenv.py:178} INFO - Checking for running process with PID 1198
[2025-09-14T12:48:26.937+0000] {virtualenv.py:181} INFO - Process 1198 running: True and has the lock /tmp/cosmos_venv_ecom_marts/cosmos_virtualenv.lock.
[2025-09-14T12:48:26.937+0000] {virtualenv.py:122} INFO - Waiting for virtualenv lock to be released
[2025-09-14T12:48:27.939+0000] {virtualenv.py:178} INFO - Checking for running process with PID 1198
[2025-09-14T12:48:27.940+0000] {virtualenv.py:181} INFO - Process 1198 running: True and has the lock /tmp/cosmos_venv_ecom_marts/cosmos_virtualenv.lock.
[2025-09-14T12:48:27.940+0000] {virtualenv.py:122} INFO - Waiting for virtualenv lock to be released
[2025-09-14T12:48:28.942+0000] {virtualenv.py:178} INFO - Checking for running process with PID 1198
[2025-09-14T12:48:28.943+0000] {virtualenv.py:181} INFO - Process 1198 running: True and has the lock /tmp/cosmos_venv_ecom_marts/cosmos_virtualenv.lock.
[2025-09-14T12:48:28.944+0000] {virtualenv.py:122} INFO - Waiting for virtualenv lock to be released
[2025-09-14T12:48:29.945+0000] {virtualenv.py:178} INFO - Checking for running process with PID 1198
[2025-09-14T12:48:29.946+0000] {virtualenv.py:181} INFO - Process 1198 running: True and has the lock /tmp/cosmos_venv_ecom_marts/cosmos_virtualenv.lock.
[2025-09-14T12:48:29.946+0000] {virtualenv.py:122} INFO - Waiting for virtualenv lock to be released
[2025-09-14T12:48:30.948+0000] {virtualenv.py:178} INFO - Checking for running process with PID 1198
[2025-09-14T12:48:30.950+0000] {virtualenv.py:181} INFO - Process 1198 running: True and has the lock /tmp/cosmos_venv_ecom_marts/cosmos_virtualenv.lock.
[2025-09-14T12:48:30.951+0000] {virtualenv.py:122} INFO - Waiting for virtualenv lock to be released
[2025-09-14T12:48:31.952+0000] {virtualenv.py:178} INFO - Checking for running process with PID 1198
[2025-09-14T12:48:31.953+0000] {virtualenv.py:181} INFO - Process 1198 running: True and has the lock /tmp/cosmos_venv_ecom_marts/cosmos_virtualenv.lock.
[2025-09-14T12:48:31.954+0000] {virtualenv.py:122} INFO - Waiting for virtualenv lock to be released
[2025-09-14T12:48:32.955+0000] {virtualenv.py:178} INFO - Checking for running process with PID 1198
[2025-09-14T12:48:32.956+0000] {virtualenv.py:181} INFO - Process 1198 running: True and has the lock /tmp/cosmos_venv_ecom_marts/cosmos_virtualenv.lock.
[2025-09-14T12:48:32.957+0000] {virtualenv.py:122} INFO - Waiting for virtualenv lock to be released
[2025-09-14T12:48:33.958+0000] {virtualenv.py:178} INFO - Checking for running process with PID 1198
[2025-09-14T12:48:33.959+0000] {virtualenv.py:181} INFO - Process 1198 running: True and has the lock /tmp/cosmos_venv_ecom_marts/cosmos_virtualenv.lock.
[2025-09-14T12:48:33.960+0000] {virtualenv.py:122} INFO - Waiting for virtualenv lock to be released
[2025-09-14T12:48:34.961+0000] {virtualenv.py:178} INFO - Checking for running process with PID 1198
[2025-09-14T12:48:34.962+0000] {virtualenv.py:181} INFO - Process 1198 running: True and has the lock /tmp/cosmos_venv_ecom_marts/cosmos_virtualenv.lock.
[2025-09-14T12:48:34.963+0000] {virtualenv.py:122} INFO - Waiting for virtualenv lock to be released
[2025-09-14T12:48:35.964+0000] {virtualenv.py:178} INFO - Checking for running process with PID 1198
[2025-09-14T12:48:35.965+0000] {virtualenv.py:181} INFO - Process 1198 running: True and has the lock /tmp/cosmos_venv_ecom_marts/cosmos_virtualenv.lock.
[2025-09-14T12:48:35.965+0000] {virtualenv.py:122} INFO - Waiting for virtualenv lock to be released
[2025-09-14T12:48:36.966+0000] {virtualenv.py:178} INFO - Checking for running process with PID 1198
[2025-09-14T12:48:36.967+0000] {virtualenv.py:181} INFO - Process 1198 running: True and has the lock /tmp/cosmos_venv_ecom_marts/cosmos_virtualenv.lock.
[2025-09-14T12:48:36.967+0000] {virtualenv.py:122} INFO - Waiting for virtualenv lock to be released
[2025-09-14T12:48:37.969+0000] {virtualenv.py:178} INFO - Checking for running process with PID 1198
[2025-09-14T12:48:37.970+0000] {virtualenv.py:181} INFO - Process 1198 running: True and has the lock /tmp/cosmos_venv_ecom_marts/cosmos_virtualenv.lock.
[2025-09-14T12:48:37.970+0000] {virtualenv.py:122} INFO - Waiting for virtualenv lock to be released
[2025-09-14T12:48:38.972+0000] {virtualenv.py:178} INFO - Checking for running process with PID 1198
[2025-09-14T12:48:38.973+0000] {virtualenv.py:181} INFO - Process 1198 running: True and has the lock /tmp/cosmos_venv_ecom_marts/cosmos_virtualenv.lock.
[2025-09-14T12:48:38.973+0000] {virtualenv.py:122} INFO - Waiting for virtualenv lock to be released
[2025-09-14T12:48:39.975+0000] {virtualenv.py:178} INFO - Checking for running process with PID 1198
[2025-09-14T12:48:39.976+0000] {virtualenv.py:181} INFO - Process 1198 running: True and has the lock /tmp/cosmos_venv_ecom_marts/cosmos_virtualenv.lock.
[2025-09-14T12:48:39.977+0000] {virtualenv.py:122} INFO - Waiting for virtualenv lock to be released
[2025-09-14T12:48:40.979+0000] {virtualenv.py:178} INFO - Checking for running process with PID 1198
[2025-09-14T12:48:40.980+0000] {virtualenv.py:181} INFO - Process 1198 running: True and has the lock /tmp/cosmos_venv_ecom_marts/cosmos_virtualenv.lock.
[2025-09-14T12:48:40.981+0000] {virtualenv.py:122} INFO - Waiting for virtualenv lock to be released
[2025-09-14T12:48:41.983+0000] {virtualenv.py:178} INFO - Checking for running process with PID 1198
[2025-09-14T12:48:41.985+0000] {virtualenv.py:181} INFO - Process 1198 running: True and has the lock /tmp/cosmos_venv_ecom_marts/cosmos_virtualenv.lock.
[2025-09-14T12:48:41.986+0000] {virtualenv.py:122} INFO - Waiting for virtualenv lock to be released
[2025-09-14T12:48:42.988+0000] {virtualenv.py:178} INFO - Checking for running process with PID 1198
[2025-09-14T12:48:42.988+0000] {virtualenv.py:181} INFO - Process 1198 running: True and has the lock /tmp/cosmos_venv_ecom_marts/cosmos_virtualenv.lock.
[2025-09-14T12:48:42.989+0000] {virtualenv.py:122} INFO - Waiting for virtualenv lock to be released
[2025-09-14T12:48:43.990+0000] {virtualenv.py:178} INFO - Checking for running process with PID 1198
[2025-09-14T12:48:43.991+0000] {virtualenv.py:181} INFO - Process 1198 running: True and has the lock /tmp/cosmos_venv_ecom_marts/cosmos_virtualenv.lock.
[2025-09-14T12:48:43.992+0000] {virtualenv.py:122} INFO - Waiting for virtualenv lock to be released
[2025-09-14T12:48:44.993+0000] {virtualenv.py:178} INFO - Checking for running process with PID 1198
[2025-09-14T12:48:44.994+0000] {virtualenv.py:181} INFO - Process 1198 running: True and has the lock /tmp/cosmos_venv_ecom_marts/cosmos_virtualenv.lock.
[2025-09-14T12:48:44.994+0000] {virtualenv.py:122} INFO - Waiting for virtualenv lock to be released
[2025-09-14T12:48:45.996+0000] {virtualenv.py:178} INFO - Checking for running process with PID 1198
[2025-09-14T12:48:45.997+0000] {virtualenv.py:181} INFO - Process 1198 running: True and has the lock /tmp/cosmos_venv_ecom_marts/cosmos_virtualenv.lock.
[2025-09-14T12:48:45.997+0000] {virtualenv.py:122} INFO - Waiting for virtualenv lock to be released
[2025-09-14T12:48:46.999+0000] {virtualenv.py:178} INFO - Checking for running process with PID 1198
[2025-09-14T12:48:47.000+0000] {virtualenv.py:181} INFO - Process 1198 running: True and has the lock /tmp/cosmos_venv_ecom_marts/cosmos_virtualenv.lock.
[2025-09-14T12:48:47.000+0000] {virtualenv.py:122} INFO - Waiting for virtualenv lock to be released
[2025-09-14T12:48:48.001+0000] {virtualenv.py:178} INFO - Checking for running process with PID 1198
[2025-09-14T12:48:48.002+0000] {virtualenv.py:181} INFO - Process 1198 running: True and has the lock /tmp/cosmos_venv_ecom_marts/cosmos_virtualenv.lock.
[2025-09-14T12:48:48.003+0000] {virtualenv.py:122} INFO - Waiting for virtualenv lock to be released
[2025-09-14T12:48:49.004+0000] {virtualenv.py:178} INFO - Checking for running process with PID 1198
[2025-09-14T12:48:49.005+0000] {virtualenv.py:181} INFO - Process 1198 running: True and has the lock /tmp/cosmos_venv_ecom_marts/cosmos_virtualenv.lock.
[2025-09-14T12:48:49.005+0000] {virtualenv.py:122} INFO - Waiting for virtualenv lock to be released
[2025-09-14T12:48:50.006+0000] {virtualenv.py:178} INFO - Checking for running process with PID 1198
[2025-09-14T12:48:50.008+0000] {virtualenv.py:181} INFO - Process 1198 running: True and has the lock /tmp/cosmos_venv_ecom_marts/cosmos_virtualenv.lock.
[2025-09-14T12:48:50.011+0000] {virtualenv.py:122} INFO - Waiting for virtualenv lock to be released
[2025-09-14T12:48:51.011+0000] {virtualenv.py:178} INFO - Checking for running process with PID 1198
[2025-09-14T12:48:51.012+0000] {virtualenv.py:181} INFO - Process 1198 running: True and has the lock /tmp/cosmos_venv_ecom_marts/cosmos_virtualenv.lock.
[2025-09-14T12:48:51.012+0000] {virtualenv.py:122} INFO - Waiting for virtualenv lock to be released
[2025-09-14T12:48:52.014+0000] {virtualenv.py:178} INFO - Checking for running process with PID 1198
[2025-09-14T12:48:52.015+0000] {virtualenv.py:181} INFO - Process 1198 running: True and has the lock /tmp/cosmos_venv_ecom_marts/cosmos_virtualenv.lock.
[2025-09-14T12:48:52.015+0000] {virtualenv.py:122} INFO - Waiting for virtualenv lock to be released
[2025-09-14T12:48:53.017+0000] {virtualenv.py:178} INFO - Checking for running process with PID 1198
[2025-09-14T12:48:53.018+0000] {virtualenv.py:181} INFO - Process 1198 running: True and has the lock /tmp/cosmos_venv_ecom_marts/cosmos_virtualenv.lock.
[2025-09-14T12:48:53.018+0000] {virtualenv.py:122} INFO - Waiting for virtualenv lock to be released
[2025-09-14T12:48:54.019+0000] {virtualenv.py:178} INFO - Checking for running process with PID 1198
[2025-09-14T12:48:54.019+0000] {virtualenv.py:181} INFO - Process 1198 running: True and has the lock /tmp/cosmos_venv_ecom_marts/cosmos_virtualenv.lock.
[2025-09-14T12:48:54.020+0000] {virtualenv.py:122} INFO - Waiting for virtualenv lock to be released
[2025-09-14T12:48:55.022+0000] {virtualenv.py:178} INFO - Checking for running process with PID 1203
[2025-09-14T12:48:55.022+0000] {virtualenv.py:181} INFO - Process 1203 running: True and has the lock /tmp/cosmos_venv_ecom_marts/cosmos_virtualenv.lock.
[2025-09-14T12:48:55.023+0000] {virtualenv.py:122} INFO - Waiting for virtualenv lock to be released
[2025-09-14T12:48:56.024+0000] {virtualenv.py:178} INFO - Checking for running process with PID 1203
[2025-09-14T12:48:56.026+0000] {virtualenv.py:181} INFO - Process 1203 running: True and has the lock /tmp/cosmos_venv_ecom_marts/cosmos_virtualenv.lock.
[2025-09-14T12:48:56.027+0000] {virtualenv.py:122} INFO - Waiting for virtualenv lock to be released
[2025-09-14T12:48:57.028+0000] {virtualenv.py:178} INFO - Checking for running process with PID 1203
[2025-09-14T12:48:57.029+0000] {virtualenv.py:181} INFO - Process 1203 running: True and has the lock /tmp/cosmos_venv_ecom_marts/cosmos_virtualenv.lock.
[2025-09-14T12:48:57.029+0000] {virtualenv.py:122} INFO - Waiting for virtualenv lock to be released
[2025-09-14T12:48:58.031+0000] {virtualenv.py:178} INFO - Checking for running process with PID 1203
[2025-09-14T12:48:58.031+0000] {virtualenv.py:181} INFO - Process 1203 running: True and has the lock /tmp/cosmos_venv_ecom_marts/cosmos_virtualenv.lock.
[2025-09-14T12:48:58.032+0000] {virtualenv.py:122} INFO - Waiting for virtualenv lock to be released
[2025-09-14T12:48:59.032+0000] {virtualenv.py:178} INFO - Checking for running process with PID 1203
[2025-09-14T12:48:59.033+0000] {virtualenv.py:181} INFO - Process 1203 running: True and has the lock /tmp/cosmos_venv_ecom_marts/cosmos_virtualenv.lock.
[2025-09-14T12:48:59.034+0000] {virtualenv.py:122} INFO - Waiting for virtualenv lock to be released
[2025-09-14T12:49:00.034+0000] {virtualenv.py:178} INFO - Checking for running process with PID 1203
[2025-09-14T12:49:00.035+0000] {virtualenv.py:181} INFO - Process 1203 running: True and has the lock /tmp/cosmos_venv_ecom_marts/cosmos_virtualenv.lock.
[2025-09-14T12:49:00.035+0000] {virtualenv.py:122} INFO - Waiting for virtualenv lock to be released
[2025-09-14T12:49:01.037+0000] {virtualenv.py:178} INFO - Checking for running process with PID 1203
[2025-09-14T12:49:01.038+0000] {virtualenv.py:181} INFO - Process 1203 running: True and has the lock /tmp/cosmos_venv_ecom_marts/cosmos_virtualenv.lock.
[2025-09-14T12:49:01.039+0000] {virtualenv.py:122} INFO - Waiting for virtualenv lock to be released
[2025-09-14T12:49:02.040+0000] {virtualenv.py:178} INFO - Checking for running process with PID 1203
[2025-09-14T12:49:02.041+0000] {virtualenv.py:181} INFO - Process 1203 running: True and has the lock /tmp/cosmos_venv_ecom_marts/cosmos_virtualenv.lock.
[2025-09-14T12:49:02.041+0000] {virtualenv.py:122} INFO - Waiting for virtualenv lock to be released
[2025-09-14T12:49:03.042+0000] {virtualenv.py:178} INFO - Checking for running process with PID 1203
[2025-09-14T12:49:03.043+0000] {virtualenv.py:181} INFO - Process 1203 running: True and has the lock /tmp/cosmos_venv_ecom_marts/cosmos_virtualenv.lock.
[2025-09-14T12:49:03.043+0000] {virtualenv.py:122} INFO - Waiting for virtualenv lock to be released
[2025-09-14T12:49:04.045+0000] {virtualenv.py:178} INFO - Checking for running process with PID 1203
[2025-09-14T12:49:04.046+0000] {virtualenv.py:181} INFO - Process 1203 running: True and has the lock /tmp/cosmos_venv_ecom_marts/cosmos_virtualenv.lock.
[2025-09-14T12:49:04.046+0000] {virtualenv.py:122} INFO - Waiting for virtualenv lock to be released
[2025-09-14T12:49:05.048+0000] {virtualenv.py:178} INFO - Checking for running process with PID 1203
[2025-09-14T12:49:05.049+0000] {virtualenv.py:181} INFO - Process 1203 running: True and has the lock /tmp/cosmos_venv_ecom_marts/cosmos_virtualenv.lock.
[2025-09-14T12:49:05.050+0000] {virtualenv.py:122} INFO - Waiting for virtualenv lock to be released
[2025-09-14T12:49:06.052+0000] {virtualenv.py:178} INFO - Checking for running process with PID 1203
[2025-09-14T12:49:06.054+0000] {virtualenv.py:181} INFO - Process 1203 running: True and has the lock /tmp/cosmos_venv_ecom_marts/cosmos_virtualenv.lock.
[2025-09-14T12:49:06.055+0000] {virtualenv.py:122} INFO - Waiting for virtualenv lock to be released
[2025-09-14T12:49:07.059+0000] {virtualenv.py:178} INFO - Checking for running process with PID 1203
[2025-09-14T12:49:07.060+0000] {virtualenv.py:181} INFO - Process 1203 running: True and has the lock /tmp/cosmos_venv_ecom_marts/cosmos_virtualenv.lock.
[2025-09-14T12:49:07.060+0000] {virtualenv.py:122} INFO - Waiting for virtualenv lock to be released
[2025-09-14T12:49:08.062+0000] {virtualenv.py:178} INFO - Checking for running process with PID 1203
[2025-09-14T12:49:08.064+0000] {virtualenv.py:181} INFO - Process 1203 running: True and has the lock /tmp/cosmos_venv_ecom_marts/cosmos_virtualenv.lock.
[2025-09-14T12:49:08.066+0000] {virtualenv.py:122} INFO - Waiting for virtualenv lock to be released
[2025-09-14T12:49:09.069+0000] {virtualenv.py:178} INFO - Checking for running process with PID 1203
[2025-09-14T12:49:09.069+0000] {virtualenv.py:181} INFO - Process 1203 running: True and has the lock /tmp/cosmos_venv_ecom_marts/cosmos_virtualenv.lock.
[2025-09-14T12:49:09.070+0000] {virtualenv.py:122} INFO - Waiting for virtualenv lock to be released
[2025-09-14T12:49:10.071+0000] {virtualenv.py:178} INFO - Checking for running process with PID 1203
[2025-09-14T12:49:10.072+0000] {virtualenv.py:181} INFO - Process 1203 running: True and has the lock /tmp/cosmos_venv_ecom_marts/cosmos_virtualenv.lock.
[2025-09-14T12:49:10.073+0000] {virtualenv.py:122} INFO - Waiting for virtualenv lock to be released
[2025-09-14T12:49:11.074+0000] {virtualenv.py:178} INFO - Checking for running process with PID 1203
[2025-09-14T12:49:11.075+0000] {virtualenv.py:181} INFO - Process 1203 running: True and has the lock /tmp/cosmos_venv_ecom_marts/cosmos_virtualenv.lock.
[2025-09-14T12:49:11.076+0000] {virtualenv.py:122} INFO - Waiting for virtualenv lock to be released
[2025-09-14T12:49:12.077+0000] {virtualenv.py:178} INFO - Checking for running process with PID 1203
[2025-09-14T12:49:12.078+0000] {virtualenv.py:181} INFO - Process 1203 running: True and has the lock /tmp/cosmos_venv_ecom_marts/cosmos_virtualenv.lock.
[2025-09-14T12:49:12.079+0000] {virtualenv.py:122} INFO - Waiting for virtualenv lock to be released
[2025-09-14T12:49:13.081+0000] {virtualenv.py:178} INFO - Checking for running process with PID 1199
[2025-09-14T12:49:13.082+0000] {virtualenv.py:181} INFO - Process 1199 running: True and has the lock /tmp/cosmos_venv_ecom_marts/cosmos_virtualenv.lock.
[2025-09-14T12:49:13.083+0000] {virtualenv.py:122} INFO - Waiting for virtualenv lock to be released
[2025-09-14T12:49:14.084+0000] {virtualenv.py:178} INFO - Checking for running process with PID 1199
[2025-09-14T12:49:14.085+0000] {virtualenv.py:181} INFO - Process 1199 running: True and has the lock /tmp/cosmos_venv_ecom_marts/cosmos_virtualenv.lock.
[2025-09-14T12:49:14.085+0000] {virtualenv.py:122} INFO - Waiting for virtualenv lock to be released
[2025-09-14T12:49:15.087+0000] {virtualenv.py:178} INFO - Checking for running process with PID 1199
[2025-09-14T12:49:15.088+0000] {virtualenv.py:181} INFO - Process 1199 running: True and has the lock /tmp/cosmos_venv_ecom_marts/cosmos_virtualenv.lock.
[2025-09-14T12:49:15.088+0000] {virtualenv.py:122} INFO - Waiting for virtualenv lock to be released
[2025-09-14T12:49:16.090+0000] {virtualenv.py:178} INFO - Checking for running process with PID 1199
[2025-09-14T12:49:16.091+0000] {virtualenv.py:181} INFO - Process 1199 running: True and has the lock /tmp/cosmos_venv_ecom_marts/cosmos_virtualenv.lock.
[2025-09-14T12:49:16.091+0000] {virtualenv.py:122} INFO - Waiting for virtualenv lock to be released
[2025-09-14T12:49:17.093+0000] {virtualenv.py:178} INFO - Checking for running process with PID 1199
[2025-09-14T12:49:17.094+0000] {virtualenv.py:181} INFO - Process 1199 running: True and has the lock /tmp/cosmos_venv_ecom_marts/cosmos_virtualenv.lock.
[2025-09-14T12:49:17.094+0000] {virtualenv.py:122} INFO - Waiting for virtualenv lock to be released
[2025-09-14T12:49:18.096+0000] {virtualenv.py:178} INFO - Checking for running process with PID 1199
[2025-09-14T12:49:18.097+0000] {virtualenv.py:181} INFO - Process 1199 running: True and has the lock /tmp/cosmos_venv_ecom_marts/cosmos_virtualenv.lock.
[2025-09-14T12:49:18.097+0000] {virtualenv.py:122} INFO - Waiting for virtualenv lock to be released
[2025-09-14T12:49:19.098+0000] {virtualenv.py:178} INFO - Checking for running process with PID 1199
[2025-09-14T12:49:19.099+0000] {virtualenv.py:181} INFO - Process 1199 running: True and has the lock /tmp/cosmos_venv_ecom_marts/cosmos_virtualenv.lock.
[2025-09-14T12:49:19.100+0000] {virtualenv.py:122} INFO - Waiting for virtualenv lock to be released
[2025-09-14T12:49:20.101+0000] {virtualenv.py:178} INFO - Checking for running process with PID 1199
[2025-09-14T12:49:20.102+0000] {virtualenv.py:181} INFO - Process 1199 running: True and has the lock /tmp/cosmos_venv_ecom_marts/cosmos_virtualenv.lock.
[2025-09-14T12:49:20.103+0000] {virtualenv.py:122} INFO - Waiting for virtualenv lock to be released
[2025-09-14T12:49:21.102+0000] {virtualenv.py:178} INFO - Checking for running process with PID 1199
[2025-09-14T12:49:21.103+0000] {virtualenv.py:181} INFO - Process 1199 running: True and has the lock /tmp/cosmos_venv_ecom_marts/cosmos_virtualenv.lock.
[2025-09-14T12:49:21.103+0000] {virtualenv.py:122} INFO - Waiting for virtualenv lock to be released
[2025-09-14T12:49:22.104+0000] {virtualenv.py:178} INFO - Checking for running process with PID 1199
[2025-09-14T12:49:22.105+0000] {virtualenv.py:181} INFO - Process 1199 running: True and has the lock /tmp/cosmos_venv_ecom_marts/cosmos_virtualenv.lock.
[2025-09-14T12:49:22.106+0000] {virtualenv.py:122} INFO - Waiting for virtualenv lock to be released
[2025-09-14T12:49:23.107+0000] {virtualenv.py:178} INFO - Checking for running process with PID 1199
[2025-09-14T12:49:23.108+0000] {virtualenv.py:181} INFO - Process 1199 running: True and has the lock /tmp/cosmos_venv_ecom_marts/cosmos_virtualenv.lock.
[2025-09-14T12:49:23.108+0000] {virtualenv.py:122} INFO - Waiting for virtualenv lock to be released
[2025-09-14T12:49:24.111+0000] {virtualenv.py:178} INFO - Checking for running process with PID 1199
[2025-09-14T12:49:24.111+0000] {virtualenv.py:181} INFO - Process 1199 running: True and has the lock /tmp/cosmos_venv_ecom_marts/cosmos_virtualenv.lock.
[2025-09-14T12:49:24.112+0000] {virtualenv.py:122} INFO - Waiting for virtualenv lock to be released
[2025-09-14T12:49:25.114+0000] {virtualenv.py:178} INFO - Checking for running process with PID 1199
[2025-09-14T12:49:25.115+0000] {virtualenv.py:181} INFO - Process 1199 running: True and has the lock /tmp/cosmos_venv_ecom_marts/cosmos_virtualenv.lock.
[2025-09-14T12:49:25.115+0000] {virtualenv.py:122} INFO - Waiting for virtualenv lock to be released
[2025-09-14T12:49:26.116+0000] {virtualenv.py:178} INFO - Checking for running process with PID 1199
[2025-09-14T12:49:26.117+0000] {virtualenv.py:181} INFO - Process 1199 running: True and has the lock /tmp/cosmos_venv_ecom_marts/cosmos_virtualenv.lock.
[2025-09-14T12:49:26.117+0000] {virtualenv.py:122} INFO - Waiting for virtualenv lock to be released
[2025-09-14T12:49:27.119+0000] {virtualenv.py:178} INFO - Checking for running process with PID 1199
[2025-09-14T12:49:27.120+0000] {virtualenv.py:181} INFO - Process 1199 running: True and has the lock /tmp/cosmos_venv_ecom_marts/cosmos_virtualenv.lock.
[2025-09-14T12:49:27.121+0000] {virtualenv.py:122} INFO - Waiting for virtualenv lock to be released
[2025-09-14T12:49:28.122+0000] {virtualenv.py:178} INFO - Checking for running process with PID 1199
[2025-09-14T12:49:28.123+0000] {virtualenv.py:181} INFO - Process 1199 running: True and has the lock /tmp/cosmos_venv_ecom_marts/cosmos_virtualenv.lock.
[2025-09-14T12:49:28.124+0000] {virtualenv.py:122} INFO - Waiting for virtualenv lock to be released
[2025-09-14T12:49:29.126+0000] {virtualenv.py:178} INFO - Checking for running process with PID 1199
[2025-09-14T12:49:29.127+0000] {virtualenv.py:181} INFO - Process 1199 running: True and has the lock /tmp/cosmos_venv_ecom_marts/cosmos_virtualenv.lock.
[2025-09-14T12:49:29.128+0000] {virtualenv.py:122} INFO - Waiting for virtualenv lock to be released
[2025-09-14T12:49:30.130+0000] {virtualenv.py:178} INFO - Checking for running process with PID 1199
[2025-09-14T12:49:30.131+0000] {virtualenv.py:181} INFO - Process 1199 running: True and has the lock /tmp/cosmos_venv_ecom_marts/cosmos_virtualenv.lock.
[2025-09-14T12:49:30.131+0000] {virtualenv.py:122} INFO - Waiting for virtualenv lock to be released
[2025-09-14T12:49:31.132+0000] {virtualenv.py:178} INFO - Checking for running process with PID 1199
[2025-09-14T12:49:31.134+0000] {virtualenv.py:181} INFO - Process 1199 running: True and has the lock /tmp/cosmos_venv_ecom_marts/cosmos_virtualenv.lock.
[2025-09-14T12:49:31.135+0000] {virtualenv.py:122} INFO - Waiting for virtualenv lock to be released
[2025-09-14T12:49:32.136+0000] {virtualenv.py:178} INFO - Checking for running process with PID 1199
[2025-09-14T12:49:32.137+0000] {virtualenv.py:181} INFO - Process 1199 running: True and has the lock /tmp/cosmos_venv_ecom_marts/cosmos_virtualenv.lock.
[2025-09-14T12:49:32.137+0000] {virtualenv.py:122} INFO - Waiting for virtualenv lock to be released
[2025-09-14T12:49:33.138+0000] {virtualenv.py:178} INFO - Checking for running process with PID 1199
[2025-09-14T12:49:33.139+0000] {virtualenv.py:181} INFO - Process 1199 running: True and has the lock /tmp/cosmos_venv_ecom_marts/cosmos_virtualenv.lock.
[2025-09-14T12:49:33.139+0000] {virtualenv.py:122} INFO - Waiting for virtualenv lock to be released
[2025-09-14T12:49:34.140+0000] {virtualenv.py:178} INFO - Checking for running process with PID 1199
[2025-09-14T12:49:34.141+0000] {virtualenv.py:181} INFO - Process 1199 running: True and has the lock /tmp/cosmos_venv_ecom_marts/cosmos_virtualenv.lock.
[2025-09-14T12:49:34.142+0000] {virtualenv.py:122} INFO - Waiting for virtualenv lock to be released
[2025-09-14T12:49:35.143+0000] {virtualenv.py:178} INFO - Checking for running process with PID 1199
[2025-09-14T12:49:35.143+0000] {virtualenv.py:181} INFO - Process 1199 running: True and has the lock /tmp/cosmos_venv_ecom_marts/cosmos_virtualenv.lock.
[2025-09-14T12:49:35.144+0000] {virtualenv.py:122} INFO - Waiting for virtualenv lock to be released
[2025-09-14T12:49:36.145+0000] {virtualenv.py:178} INFO - Checking for running process with PID 1199
[2025-09-14T12:49:36.146+0000] {virtualenv.py:181} INFO - Process 1199 running: True and has the lock /tmp/cosmos_venv_ecom_marts/cosmos_virtualenv.lock.
[2025-09-14T12:49:36.147+0000] {virtualenv.py:122} INFO - Waiting for virtualenv lock to be released
[2025-09-14T12:49:37.148+0000] {virtualenv.py:178} INFO - Checking for running process with PID 1199
[2025-09-14T12:49:37.149+0000] {virtualenv.py:181} INFO - Process 1199 running: True and has the lock /tmp/cosmos_venv_ecom_marts/cosmos_virtualenv.lock.
[2025-09-14T12:49:37.149+0000] {virtualenv.py:122} INFO - Waiting for virtualenv lock to be released
[2025-09-14T12:49:38.151+0000] {virtualenv.py:178} INFO - Checking for running process with PID 1199
[2025-09-14T12:49:38.152+0000] {virtualenv.py:181} INFO - Process 1199 running: True and has the lock /tmp/cosmos_venv_ecom_marts/cosmos_virtualenv.lock.
[2025-09-14T12:49:38.152+0000] {virtualenv.py:122} INFO - Waiting for virtualenv lock to be released
[2025-09-14T12:49:39.154+0000] {virtualenv.py:178} INFO - Checking for running process with PID 1199
[2025-09-14T12:49:39.154+0000] {virtualenv.py:181} INFO - Process 1199 running: True and has the lock /tmp/cosmos_venv_ecom_marts/cosmos_virtualenv.lock.
[2025-09-14T12:49:39.155+0000] {virtualenv.py:122} INFO - Waiting for virtualenv lock to be released
[2025-09-14T12:49:40.155+0000] {virtualenv.py:178} INFO - Checking for running process with PID 1391
[2025-09-14T12:49:40.156+0000] {virtualenv.py:181} INFO - Process 1391 running: True and has the lock /tmp/cosmos_venv_ecom_marts/cosmos_virtualenv.lock.
[2025-09-14T12:49:40.157+0000] {virtualenv.py:122} INFO - Waiting for virtualenv lock to be released
[2025-09-14T12:49:41.158+0000] {virtualenv.py:178} INFO - Checking for running process with PID 1391
[2025-09-14T12:49:41.159+0000] {virtualenv.py:181} INFO - Process 1391 running: True and has the lock /tmp/cosmos_venv_ecom_marts/cosmos_virtualenv.lock.
[2025-09-14T12:49:41.160+0000] {virtualenv.py:122} INFO - Waiting for virtualenv lock to be released
[2025-09-14T12:49:42.160+0000] {virtualenv.py:178} INFO - Checking for running process with PID 1391
[2025-09-14T12:49:42.161+0000] {virtualenv.py:181} INFO - Process 1391 running: True and has the lock /tmp/cosmos_venv_ecom_marts/cosmos_virtualenv.lock.
[2025-09-14T12:49:42.161+0000] {virtualenv.py:122} INFO - Waiting for virtualenv lock to be released
[2025-09-14T12:49:43.163+0000] {virtualenv.py:178} INFO - Checking for running process with PID 1391
[2025-09-14T12:49:43.163+0000] {virtualenv.py:181} INFO - Process 1391 running: True and has the lock /tmp/cosmos_venv_ecom_marts/cosmos_virtualenv.lock.
[2025-09-14T12:49:43.164+0000] {virtualenv.py:122} INFO - Waiting for virtualenv lock to be released
[2025-09-14T12:49:44.164+0000] {virtualenv.py:178} INFO - Checking for running process with PID 1391
[2025-09-14T12:49:44.165+0000] {virtualenv.py:181} INFO - Process 1391 running: True and has the lock /tmp/cosmos_venv_ecom_marts/cosmos_virtualenv.lock.
[2025-09-14T12:49:44.166+0000] {virtualenv.py:122} INFO - Waiting for virtualenv lock to be released
[2025-09-14T12:49:45.168+0000] {virtualenv.py:178} INFO - Checking for running process with PID 1391
[2025-09-14T12:49:45.168+0000] {virtualenv.py:181} INFO - Process 1391 running: True and has the lock /tmp/cosmos_venv_ecom_marts/cosmos_virtualenv.lock.
[2025-09-14T12:49:45.169+0000] {virtualenv.py:122} INFO - Waiting for virtualenv lock to be released
[2025-09-14T12:49:46.170+0000] {virtualenv.py:178} INFO - Checking for running process with PID 1391
[2025-09-14T12:49:46.171+0000] {virtualenv.py:181} INFO - Process 1391 running: True and has the lock /tmp/cosmos_venv_ecom_marts/cosmos_virtualenv.lock.
[2025-09-14T12:49:46.171+0000] {virtualenv.py:122} INFO - Waiting for virtualenv lock to be released
[2025-09-14T12:49:47.172+0000] {virtualenv.py:178} INFO - Checking for running process with PID 1391
[2025-09-14T12:49:47.173+0000] {virtualenv.py:181} INFO - Process 1391 running: True and has the lock /tmp/cosmos_venv_ecom_marts/cosmos_virtualenv.lock.
[2025-09-14T12:49:47.173+0000] {virtualenv.py:122} INFO - Waiting for virtualenv lock to be released
[2025-09-14T12:49:48.175+0000] {virtualenv.py:178} INFO - Checking for running process with PID 1391
[2025-09-14T12:49:48.175+0000] {virtualenv.py:181} INFO - Process 1391 running: True and has the lock /tmp/cosmos_venv_ecom_marts/cosmos_virtualenv.lock.
[2025-09-14T12:49:48.176+0000] {virtualenv.py:122} INFO - Waiting for virtualenv lock to be released
[2025-09-14T12:49:49.177+0000] {virtualenv.py:178} INFO - Checking for running process with PID 1391
[2025-09-14T12:49:49.178+0000] {virtualenv.py:181} INFO - Process 1391 running: True and has the lock /tmp/cosmos_venv_ecom_marts/cosmos_virtualenv.lock.
[2025-09-14T12:49:49.178+0000] {virtualenv.py:122} INFO - Waiting for virtualenv lock to be released
[2025-09-14T12:49:50.180+0000] {virtualenv.py:178} INFO - Checking for running process with PID 1391
[2025-09-14T12:49:50.181+0000] {virtualenv.py:181} INFO - Process 1391 running: True and has the lock /tmp/cosmos_venv_ecom_marts/cosmos_virtualenv.lock.
[2025-09-14T12:49:50.182+0000] {virtualenv.py:122} INFO - Waiting for virtualenv lock to be released
[2025-09-14T12:49:51.181+0000] {virtualenv.py:178} INFO - Checking for running process with PID 1391
[2025-09-14T12:49:51.182+0000] {virtualenv.py:181} INFO - Process 1391 running: True and has the lock /tmp/cosmos_venv_ecom_marts/cosmos_virtualenv.lock.
[2025-09-14T12:49:51.182+0000] {virtualenv.py:122} INFO - Waiting for virtualenv lock to be released
[2025-09-14T12:49:52.184+0000] {virtualenv.py:178} INFO - Checking for running process with PID 1391
[2025-09-14T12:49:52.185+0000] {virtualenv.py:181} INFO - Process 1391 running: True and has the lock /tmp/cosmos_venv_ecom_marts/cosmos_virtualenv.lock.
[2025-09-14T12:49:52.185+0000] {virtualenv.py:122} INFO - Waiting for virtualenv lock to be released
[2025-09-14T12:49:53.186+0000] {virtualenv.py:178} INFO - Checking for running process with PID 1391
[2025-09-14T12:49:53.187+0000] {virtualenv.py:181} INFO - Process 1391 running: True and has the lock /tmp/cosmos_venv_ecom_marts/cosmos_virtualenv.lock.
[2025-09-14T12:49:53.187+0000] {virtualenv.py:122} INFO - Waiting for virtualenv lock to be released
[2025-09-14T12:49:54.189+0000] {virtualenv.py:178} INFO - Checking for running process with PID 1391
[2025-09-14T12:49:54.189+0000] {virtualenv.py:181} INFO - Process 1391 running: True and has the lock /tmp/cosmos_venv_ecom_marts/cosmos_virtualenv.lock.
[2025-09-14T12:49:54.190+0000] {virtualenv.py:122} INFO - Waiting for virtualenv lock to be released
[2025-09-14T12:49:55.191+0000] {virtualenv.py:178} INFO - Checking for running process with PID 1391
[2025-09-14T12:49:55.192+0000] {virtualenv.py:181} INFO - Process 1391 running: True and has the lock /tmp/cosmos_venv_ecom_marts/cosmos_virtualenv.lock.
[2025-09-14T12:49:55.192+0000] {virtualenv.py:122} INFO - Waiting for virtualenv lock to be released
[2025-09-14T12:49:56.194+0000] {virtualenv.py:178} INFO - Checking for running process with PID 1205
[2025-09-14T12:49:56.195+0000] {virtualenv.py:181} INFO - Process 1205 running: True and has the lock /tmp/cosmos_venv_ecom_marts/cosmos_virtualenv.lock.
[2025-09-14T12:49:56.196+0000] {virtualenv.py:122} INFO - Waiting for virtualenv lock to be released
[2025-09-14T12:49:57.197+0000] {virtualenv.py:178} INFO - Checking for running process with PID 1205
[2025-09-14T12:49:57.198+0000] {virtualenv.py:181} INFO - Process 1205 running: True and has the lock /tmp/cosmos_venv_ecom_marts/cosmos_virtualenv.lock.
[2025-09-14T12:49:57.199+0000] {virtualenv.py:122} INFO - Waiting for virtualenv lock to be released
[2025-09-14T12:49:58.200+0000] {virtualenv.py:178} INFO - Checking for running process with PID 1205
[2025-09-14T12:49:58.201+0000] {virtualenv.py:181} INFO - Process 1205 running: True and has the lock /tmp/cosmos_venv_ecom_marts/cosmos_virtualenv.lock.
[2025-09-14T12:49:58.201+0000] {virtualenv.py:122} INFO - Waiting for virtualenv lock to be released
[2025-09-14T12:49:59.203+0000] {virtualenv.py:178} INFO - Checking for running process with PID 1205
[2025-09-14T12:49:59.204+0000] {virtualenv.py:181} INFO - Process 1205 running: True and has the lock /tmp/cosmos_venv_ecom_marts/cosmos_virtualenv.lock.
[2025-09-14T12:49:59.204+0000] {virtualenv.py:122} INFO - Waiting for virtualenv lock to be released
[2025-09-14T12:50:00.206+0000] {virtualenv.py:178} INFO - Checking for running process with PID 1205
[2025-09-14T12:50:00.207+0000] {virtualenv.py:181} INFO - Process 1205 running: True and has the lock /tmp/cosmos_venv_ecom_marts/cosmos_virtualenv.lock.
[2025-09-14T12:50:00.208+0000] {virtualenv.py:122} INFO - Waiting for virtualenv lock to be released
[2025-09-14T12:50:01.210+0000] {virtualenv.py:178} INFO - Checking for running process with PID 1205
[2025-09-14T12:50:01.210+0000] {virtualenv.py:181} INFO - Process 1205 running: True and has the lock /tmp/cosmos_venv_ecom_marts/cosmos_virtualenv.lock.
[2025-09-14T12:50:01.211+0000] {virtualenv.py:122} INFO - Waiting for virtualenv lock to be released
[2025-09-14T12:50:02.213+0000] {virtualenv.py:178} INFO - Checking for running process with PID 1205
[2025-09-14T12:50:02.213+0000] {virtualenv.py:181} INFO - Process 1205 running: True and has the lock /tmp/cosmos_venv_ecom_marts/cosmos_virtualenv.lock.
[2025-09-14T12:50:02.214+0000] {virtualenv.py:122} INFO - Waiting for virtualenv lock to be released
[2025-09-14T12:50:03.215+0000] {virtualenv.py:178} INFO - Checking for running process with PID 1205
[2025-09-14T12:50:03.216+0000] {virtualenv.py:181} INFO - Process 1205 running: True and has the lock /tmp/cosmos_venv_ecom_marts/cosmos_virtualenv.lock.
[2025-09-14T12:50:03.216+0000] {virtualenv.py:122} INFO - Waiting for virtualenv lock to be released
[2025-09-14T12:50:04.218+0000] {virtualenv.py:178} INFO - Checking for running process with PID 1205
[2025-09-14T12:50:04.218+0000] {virtualenv.py:181} INFO - Process 1205 running: True and has the lock /tmp/cosmos_venv_ecom_marts/cosmos_virtualenv.lock.
[2025-09-14T12:50:04.219+0000] {virtualenv.py:122} INFO - Waiting for virtualenv lock to be released
[2025-09-14T12:50:05.220+0000] {virtualenv.py:178} INFO - Checking for running process with PID 1205
[2025-09-14T12:50:05.221+0000] {virtualenv.py:181} INFO - Process 1205 running: True and has the lock /tmp/cosmos_venv_ecom_marts/cosmos_virtualenv.lock.
[2025-09-14T12:50:05.221+0000] {virtualenv.py:122} INFO - Waiting for virtualenv lock to be released
[2025-09-14T12:50:06.223+0000] {virtualenv.py:178} INFO - Checking for running process with PID 1205
[2025-09-14T12:50:06.224+0000] {virtualenv.py:181} INFO - Process 1205 running: True and has the lock /tmp/cosmos_venv_ecom_marts/cosmos_virtualenv.lock.
[2025-09-14T12:50:06.225+0000] {virtualenv.py:122} INFO - Waiting for virtualenv lock to be released
[2025-09-14T12:50:07.226+0000] {virtualenv.py:178} INFO - Checking for running process with PID 1205
[2025-09-14T12:50:07.227+0000] {virtualenv.py:181} INFO - Process 1205 running: True and has the lock /tmp/cosmos_venv_ecom_marts/cosmos_virtualenv.lock.
[2025-09-14T12:50:07.227+0000] {virtualenv.py:122} INFO - Waiting for virtualenv lock to be released
[2025-09-14T12:50:08.229+0000] {virtualenv.py:178} INFO - Checking for running process with PID 1205
[2025-09-14T12:50:08.230+0000] {virtualenv.py:181} INFO - Process 1205 running: True and has the lock /tmp/cosmos_venv_ecom_marts/cosmos_virtualenv.lock.
[2025-09-14T12:50:08.230+0000] {virtualenv.py:122} INFO - Waiting for virtualenv lock to be released
[2025-09-14T12:50:09.232+0000] {virtualenv.py:178} INFO - Checking for running process with PID 1205
[2025-09-14T12:50:09.234+0000] {virtualenv.py:181} INFO - Process 1205 running: True and has the lock /tmp/cosmos_venv_ecom_marts/cosmos_virtualenv.lock.
[2025-09-14T12:50:09.235+0000] {virtualenv.py:122} INFO - Waiting for virtualenv lock to be released
[2025-09-14T12:50:10.236+0000] {virtualenv.py:178} INFO - Checking for running process with PID 1205
[2025-09-14T12:50:10.237+0000] {virtualenv.py:181} INFO - Process 1205 running: True and has the lock /tmp/cosmos_venv_ecom_marts/cosmos_virtualenv.lock.
[2025-09-14T12:50:10.238+0000] {virtualenv.py:122} INFO - Waiting for virtualenv lock to be released
[2025-09-14T12:50:11.239+0000] {virtualenv.py:178} INFO - Checking for running process with PID 1205
[2025-09-14T12:50:11.240+0000] {virtualenv.py:181} INFO - Process 1205 running: True and has the lock /tmp/cosmos_venv_ecom_marts/cosmos_virtualenv.lock.
[2025-09-14T12:50:11.241+0000] {virtualenv.py:122} INFO - Waiting for virtualenv lock to be released
[2025-09-14T12:50:12.242+0000] {virtualenv.py:178} INFO - Checking for running process with PID 1200
[2025-09-14T12:50:12.243+0000] {virtualenv.py:181} INFO - Process 1200 running: True and has the lock /tmp/cosmos_venv_ecom_marts/cosmos_virtualenv.lock.
[2025-09-14T12:50:12.243+0000] {virtualenv.py:122} INFO - Waiting for virtualenv lock to be released
[2025-09-14T12:50:13.245+0000] {virtualenv.py:178} INFO - Checking for running process with PID 1200
[2025-09-14T12:50:13.247+0000] {virtualenv.py:181} INFO - Process 1200 running: True and has the lock /tmp/cosmos_venv_ecom_marts/cosmos_virtualenv.lock.
[2025-09-14T12:50:13.247+0000] {virtualenv.py:122} INFO - Waiting for virtualenv lock to be released
[2025-09-14T12:50:14.249+0000] {virtualenv.py:178} INFO - Checking for running process with PID 1200
[2025-09-14T12:50:14.251+0000] {virtualenv.py:181} INFO - Process 1200 running: True and has the lock /tmp/cosmos_venv_ecom_marts/cosmos_virtualenv.lock.
[2025-09-14T12:50:14.252+0000] {virtualenv.py:122} INFO - Waiting for virtualenv lock to be released
[2025-09-14T12:50:15.254+0000] {virtualenv.py:178} INFO - Checking for running process with PID 1200
[2025-09-14T12:50:15.255+0000] {virtualenv.py:181} INFO - Process 1200 running: True and has the lock /tmp/cosmos_venv_ecom_marts/cosmos_virtualenv.lock.
[2025-09-14T12:50:15.256+0000] {virtualenv.py:122} INFO - Waiting for virtualenv lock to be released
[2025-09-14T12:50:16.257+0000] {virtualenv.py:178} INFO - Checking for running process with PID 1200
[2025-09-14T12:50:16.258+0000] {virtualenv.py:181} INFO - Process 1200 running: True and has the lock /tmp/cosmos_venv_ecom_marts/cosmos_virtualenv.lock.
[2025-09-14T12:50:16.258+0000] {virtualenv.py:122} INFO - Waiting for virtualenv lock to be released
[2025-09-14T12:50:17.259+0000] {virtualenv.py:178} INFO - Checking for running process with PID 1200
[2025-09-14T12:50:17.260+0000] {virtualenv.py:181} INFO - Process 1200 running: True and has the lock /tmp/cosmos_venv_ecom_marts/cosmos_virtualenv.lock.
[2025-09-14T12:50:17.260+0000] {virtualenv.py:122} INFO - Waiting for virtualenv lock to be released
[2025-09-14T12:50:18.262+0000] {virtualenv.py:178} INFO - Checking for running process with PID 1200
[2025-09-14T12:50:18.263+0000] {virtualenv.py:181} INFO - Process 1200 running: True and has the lock /tmp/cosmos_venv_ecom_marts/cosmos_virtualenv.lock.
[2025-09-14T12:50:18.263+0000] {virtualenv.py:122} INFO - Waiting for virtualenv lock to be released
[2025-09-14T12:50:19.265+0000] {virtualenv.py:131} INFO - Releasing virtualenv lock
[2025-09-14T12:50:19.269+0000] {virtualenv.py:210} WARNING - Lockfile owned by process of pid 1214, while operator has pid 1225
[2025-09-14T12:50:19.292+0000] {taskinstance.py:441} INFO - ::group::Post task execution logs
[2025-09-14T12:50:19.304+0000] {taskinstance.py:2905} ERROR - Task failed with exception
Traceback (most recent call last):
  File "/home/airflow/.local/lib/python3.10/site-packages/airflow/models/taskinstance.py", line 465, in _execute_task
    result = _execute_callable(context=context, **execute_callable_kwargs)
  File "/home/airflow/.local/lib/python3.10/site-packages/airflow/models/taskinstance.py", line 432, in _execute_callable
    return execute_callable(context=context, **execute_callable_kwargs)
  File "/home/airflow/.local/lib/python3.10/site-packages/airflow/models/baseoperator.py", line 401, in wrapper
    return func(self, *args, **kwargs)
  File "/home/airflow/.local/lib/python3.10/site-packages/cosmos/operators/virtualenv.py", line 144, in execute
    output = super().execute(context)
  File "/home/airflow/.local/lib/python3.10/site-packages/cosmos/operators/base.py", line 310, in execute
    self.build_and_run_cmd(context=context, cmd_flags=self.add_cmd_flags())
  File "/home/airflow/.local/lib/python3.10/site-packages/cosmos/operators/local.py", line 853, in build_and_run_cmd
    result = self.run_command(
  File "/home/airflow/.local/lib/python3.10/site-packages/cosmos/operators/virtualenv.py", line 121, in run_command
    while not self._is_lock_available() and self.max_retries_lock:
  File "/home/airflow/.local/lib/python3.10/site-packages/cosmos/operators/virtualenv.py", line 52, in wrapper
    return method(operator, *args)
  File "/home/airflow/.local/lib/python3.10/site-packages/cosmos/operators/virtualenv.py", line 177, in _is_lock_available
    pid = int(lf.read())
ValueError: invalid literal for int() with base 10: ''
[2025-09-14T12:50:19.473+0000] {taskinstance.py:1206} INFO - Marking task as FAILED. dag_id=dbt_marts, task_id=marts.fct_sales_by_date.run, run_id=scheduled__2025-09-13T00:00:00+00:00, execution_date=20250913T000000, start_date=20250914T124815, end_date=20250914T125019
[2025-09-14T12:50:19.694+0000] {standard_task_runner.py:110} ERROR - Failed to execute job 298 for task marts.fct_sales_by_date.run (invalid literal for int() with base 10: ''; 1225)
[2025-09-14T12:50:19.755+0000] {local_task_job_runner.py:243} INFO - Task exited with return code 1
[2025-09-14T12:50:19.866+0000] {local_task_job_runner.py:222} INFO - ::endgroup::
