[2025-09-22T08:17:40.245+0000] {local_task_job_runner.py:120} INFO - ::group::Pre task execution logs
[2025-09-22T08:17:40.356+0000] {taskinstance.py:2076} INFO - Dependencies all met for dep_context=non-requeueable deps ti=<TaskInstance: dbt_staging.dbt_ecom.stg_customers.run manual__2025-09-22T08:10:02.611504+00:00 [queued]>
[2025-09-22T08:17:40.786+0000] {taskinstance.py:2076} INFO - Dependencies all met for dep_context=requeueable deps ti=<TaskInstance: dbt_staging.dbt_ecom.stg_customers.run manual__2025-09-22T08:10:02.611504+00:00 [queued]>
[2025-09-22T08:17:40.791+0000] {taskinstance.py:2306} INFO - Starting attempt 1 of 1
[2025-09-22T08:17:40.835+0000] {taskinstance.py:2330} INFO - Executing <Task(DbtRunVirtualenvOperator): dbt_ecom.stg_customers.run> on 2025-09-22 08:10:02.611504+00:00
[2025-09-22T08:17:40.843+0000] {standard_task_runner.py:64} INFO - Started process 2977 to run task
[2025-09-22T08:17:40.846+0000] {standard_task_runner.py:90} INFO - Running: ['***', 'tasks', 'run', 'dbt_staging', 'dbt_ecom.stg_customers.run', 'manual__2025-09-22T08:10:02.611504+00:00', '--job-id', '664', '--raw', '--subdir', 'DAGS_FOLDER/dbt_staging.py', '--cfg-path', '/tmp/tmp3sp12y29']
[2025-09-22T08:17:40.850+0000] {standard_task_runner.py:91} INFO - Job 664: Subtask dbt_ecom.stg_customers.run
[2025-09-22T08:17:41.118+0000] {task_command.py:426} INFO - Running <TaskInstance: dbt_staging.dbt_ecom.stg_customers.run manual__2025-09-22T08:10:02.611504+00:00 [running]> on host e95bde6b8d07
[2025-09-22T08:17:41.481+0000] {taskinstance.py:2648} INFO - Exporting env vars: AIRFLOW_CTX_DAG_OWNER='***' AIRFLOW_CTX_DAG_ID='dbt_staging' AIRFLOW_CTX_TASK_ID='dbt_ecom.stg_customers.run' AIRFLOW_CTX_EXECUTION_DATE='2025-09-22T08:10:02.611504+00:00' AIRFLOW_CTX_TRY_NUMBER='1' AIRFLOW_CTX_DAG_RUN_ID='manual__2025-09-22T08:10:02.611504+00:00'
[2025-09-22T08:17:41.483+0000] {taskinstance.py:430} INFO - ::endgroup::
[2025-09-22T08:17:41.503+0000] {virtualenv.py:120} INFO - Checking if the virtualenv lock /tmp/cosmos_venv_ecom/cosmos_virtualenv.lock exists
[2025-09-22T08:17:41.504+0000] {virtualenv.py:178} INFO - Checking for running process with PID 2974
[2025-09-22T08:17:41.505+0000] {virtualenv.py:181} INFO - Process 2974 running: True and has the lock /tmp/cosmos_venv_ecom/cosmos_virtualenv.lock.
[2025-09-22T08:17:41.505+0000] {virtualenv.py:122} INFO - Waiting for virtualenv lock to be released
[2025-09-22T08:17:42.506+0000] {virtualenv.py:178} INFO - Checking for running process with PID 2974
[2025-09-22T08:17:42.507+0000] {virtualenv.py:181} INFO - Process 2974 running: True and has the lock /tmp/cosmos_venv_ecom/cosmos_virtualenv.lock.
[2025-09-22T08:17:42.507+0000] {virtualenv.py:122} INFO - Waiting for virtualenv lock to be released
[2025-09-22T08:17:43.509+0000] {virtualenv.py:178} INFO - Checking for running process with PID 2974
[2025-09-22T08:17:43.511+0000] {virtualenv.py:181} INFO - Process 2974 running: True and has the lock /tmp/cosmos_venv_ecom/cosmos_virtualenv.lock.
[2025-09-22T08:17:43.511+0000] {virtualenv.py:122} INFO - Waiting for virtualenv lock to be released
[2025-09-22T08:17:44.513+0000] {virtualenv.py:178} INFO - Checking for running process with PID 2974
[2025-09-22T08:17:44.514+0000] {virtualenv.py:181} INFO - Process 2974 running: True and has the lock /tmp/cosmos_venv_ecom/cosmos_virtualenv.lock.
[2025-09-22T08:17:44.515+0000] {virtualenv.py:122} INFO - Waiting for virtualenv lock to be released
[2025-09-22T08:17:45.516+0000] {virtualenv.py:178} INFO - Checking for running process with PID 2974
[2025-09-22T08:17:45.517+0000] {virtualenv.py:181} INFO - Process 2974 running: True and has the lock /tmp/cosmos_venv_ecom/cosmos_virtualenv.lock.
[2025-09-22T08:17:45.517+0000] {virtualenv.py:122} INFO - Waiting for virtualenv lock to be released
[2025-09-22T08:17:46.519+0000] {virtualenv.py:178} INFO - Checking for running process with PID 2974
[2025-09-22T08:17:46.520+0000] {virtualenv.py:181} INFO - Process 2974 running: True and has the lock /tmp/cosmos_venv_ecom/cosmos_virtualenv.lock.
[2025-09-22T08:17:46.520+0000] {virtualenv.py:122} INFO - Waiting for virtualenv lock to be released
[2025-09-22T08:17:47.521+0000] {virtualenv.py:178} INFO - Checking for running process with PID 2974
[2025-09-22T08:17:47.522+0000] {virtualenv.py:181} INFO - Process 2974 running: True and has the lock /tmp/cosmos_venv_ecom/cosmos_virtualenv.lock.
[2025-09-22T08:17:47.523+0000] {virtualenv.py:122} INFO - Waiting for virtualenv lock to be released
[2025-09-22T08:17:48.524+0000] {virtualenv.py:178} INFO - Checking for running process with PID 2974
[2025-09-22T08:17:48.525+0000] {virtualenv.py:181} INFO - Process 2974 running: True and has the lock /tmp/cosmos_venv_ecom/cosmos_virtualenv.lock.
[2025-09-22T08:17:48.526+0000] {virtualenv.py:122} INFO - Waiting for virtualenv lock to be released
[2025-09-22T08:17:49.528+0000] {virtualenv.py:178} INFO - Checking for running process with PID 2974
[2025-09-22T08:17:49.529+0000] {virtualenv.py:181} INFO - Process 2974 running: True and has the lock /tmp/cosmos_venv_ecom/cosmos_virtualenv.lock.
[2025-09-22T08:17:49.529+0000] {virtualenv.py:122} INFO - Waiting for virtualenv lock to be released
[2025-09-22T08:17:50.532+0000] {virtualenv.py:178} INFO - Checking for running process with PID 2974
[2025-09-22T08:17:50.533+0000] {virtualenv.py:181} INFO - Process 2974 running: True and has the lock /tmp/cosmos_venv_ecom/cosmos_virtualenv.lock.
[2025-09-22T08:17:50.534+0000] {virtualenv.py:122} INFO - Waiting for virtualenv lock to be released
[2025-09-22T08:17:51.536+0000] {virtualenv.py:178} INFO - Checking for running process with PID 2974
[2025-09-22T08:17:51.537+0000] {virtualenv.py:181} INFO - Process 2974 running: True and has the lock /tmp/cosmos_venv_ecom/cosmos_virtualenv.lock.
[2025-09-22T08:17:51.538+0000] {virtualenv.py:122} INFO - Waiting for virtualenv lock to be released
[2025-09-22T08:17:52.540+0000] {virtualenv.py:178} INFO - Checking for running process with PID 2974
[2025-09-22T08:17:52.541+0000] {virtualenv.py:181} INFO - Process 2974 running: True and has the lock /tmp/cosmos_venv_ecom/cosmos_virtualenv.lock.
[2025-09-22T08:17:52.541+0000] {virtualenv.py:122} INFO - Waiting for virtualenv lock to be released
[2025-09-22T08:17:53.543+0000] {virtualenv.py:178} INFO - Checking for running process with PID 2974
[2025-09-22T08:17:53.544+0000] {virtualenv.py:181} INFO - Process 2974 running: True and has the lock /tmp/cosmos_venv_ecom/cosmos_virtualenv.lock.
[2025-09-22T08:17:53.545+0000] {virtualenv.py:122} INFO - Waiting for virtualenv lock to be released
[2025-09-22T08:17:54.547+0000] {virtualenv.py:178} INFO - Checking for running process with PID 2974
[2025-09-22T08:17:54.548+0000] {virtualenv.py:181} INFO - Process 2974 running: True and has the lock /tmp/cosmos_venv_ecom/cosmos_virtualenv.lock.
[2025-09-22T08:17:54.548+0000] {virtualenv.py:122} INFO - Waiting for virtualenv lock to be released
[2025-09-22T08:17:55.550+0000] {virtualenv.py:178} INFO - Checking for running process with PID 2975
[2025-09-22T08:17:55.551+0000] {virtualenv.py:181} INFO - Process 2975 running: True and has the lock /tmp/cosmos_venv_ecom/cosmos_virtualenv.lock.
[2025-09-22T08:17:55.552+0000] {virtualenv.py:122} INFO - Waiting for virtualenv lock to be released
[2025-09-22T08:17:56.554+0000] {virtualenv.py:178} INFO - Checking for running process with PID 2975
[2025-09-22T08:17:56.555+0000] {virtualenv.py:181} INFO - Process 2975 running: True and has the lock /tmp/cosmos_venv_ecom/cosmos_virtualenv.lock.
[2025-09-22T08:17:56.555+0000] {virtualenv.py:122} INFO - Waiting for virtualenv lock to be released
[2025-09-22T08:17:57.556+0000] {virtualenv.py:178} INFO - Checking for running process with PID 2975
[2025-09-22T08:17:57.557+0000] {virtualenv.py:181} INFO - Process 2975 running: True and has the lock /tmp/cosmos_venv_ecom/cosmos_virtualenv.lock.
[2025-09-22T08:17:57.560+0000] {virtualenv.py:122} INFO - Waiting for virtualenv lock to be released
[2025-09-22T08:17:58.561+0000] {virtualenv.py:178} INFO - Checking for running process with PID 2975
[2025-09-22T08:17:58.561+0000] {virtualenv.py:181} INFO - Process 2975 running: True and has the lock /tmp/cosmos_venv_ecom/cosmos_virtualenv.lock.
[2025-09-22T08:17:58.562+0000] {virtualenv.py:122} INFO - Waiting for virtualenv lock to be released
[2025-09-22T08:17:59.564+0000] {virtualenv.py:178} INFO - Checking for running process with PID 2975
[2025-09-22T08:17:59.565+0000] {virtualenv.py:181} INFO - Process 2975 running: True and has the lock /tmp/cosmos_venv_ecom/cosmos_virtualenv.lock.
[2025-09-22T08:17:59.565+0000] {virtualenv.py:122} INFO - Waiting for virtualenv lock to be released
[2025-09-22T08:18:00.567+0000] {virtualenv.py:178} INFO - Checking for running process with PID 2975
[2025-09-22T08:18:00.568+0000] {virtualenv.py:181} INFO - Process 2975 running: True and has the lock /tmp/cosmos_venv_ecom/cosmos_virtualenv.lock.
[2025-09-22T08:18:00.569+0000] {virtualenv.py:122} INFO - Waiting for virtualenv lock to be released
[2025-09-22T08:18:01.571+0000] {virtualenv.py:178} INFO - Checking for running process with PID 2975
[2025-09-22T08:18:01.571+0000] {virtualenv.py:181} INFO - Process 2975 running: True and has the lock /tmp/cosmos_venv_ecom/cosmos_virtualenv.lock.
[2025-09-22T08:18:01.572+0000] {virtualenv.py:122} INFO - Waiting for virtualenv lock to be released
[2025-09-22T08:18:02.573+0000] {virtualenv.py:178} INFO - Checking for running process with PID 2975
[2025-09-22T08:18:02.574+0000] {virtualenv.py:181} INFO - Process 2975 running: True and has the lock /tmp/cosmos_venv_ecom/cosmos_virtualenv.lock.
[2025-09-22T08:18:02.574+0000] {virtualenv.py:122} INFO - Waiting for virtualenv lock to be released
[2025-09-22T08:18:03.576+0000] {virtualenv.py:178} INFO - Checking for running process with PID 2975
[2025-09-22T08:18:03.577+0000] {virtualenv.py:181} INFO - Process 2975 running: True and has the lock /tmp/cosmos_venv_ecom/cosmos_virtualenv.lock.
[2025-09-22T08:18:03.577+0000] {virtualenv.py:122} INFO - Waiting for virtualenv lock to be released
[2025-09-22T08:18:04.579+0000] {virtualenv.py:178} INFO - Checking for running process with PID 2975
[2025-09-22T08:18:04.580+0000] {virtualenv.py:181} INFO - Process 2975 running: True and has the lock /tmp/cosmos_venv_ecom/cosmos_virtualenv.lock.
[2025-09-22T08:18:04.581+0000] {virtualenv.py:122} INFO - Waiting for virtualenv lock to be released
[2025-09-22T08:18:05.583+0000] {virtualenv.py:178} INFO - Checking for running process with PID 2975
[2025-09-22T08:18:05.583+0000] {virtualenv.py:181} INFO - Process 2975 running: True and has the lock /tmp/cosmos_venv_ecom/cosmos_virtualenv.lock.
[2025-09-22T08:18:05.584+0000] {virtualenv.py:122} INFO - Waiting for virtualenv lock to be released
[2025-09-22T08:18:06.585+0000] {virtualenv.py:178} INFO - Checking for running process with PID 2975
[2025-09-22T08:18:06.586+0000] {virtualenv.py:181} INFO - Process 2975 running: True and has the lock /tmp/cosmos_venv_ecom/cosmos_virtualenv.lock.
[2025-09-22T08:18:06.587+0000] {virtualenv.py:122} INFO - Waiting for virtualenv lock to be released
[2025-09-22T08:18:07.589+0000] {virtualenv.py:178} INFO - Checking for running process with PID 2975
[2025-09-22T08:18:07.591+0000] {virtualenv.py:181} INFO - Process 2975 running: True and has the lock /tmp/cosmos_venv_ecom/cosmos_virtualenv.lock.
[2025-09-22T08:18:07.593+0000] {virtualenv.py:122} INFO - Waiting for virtualenv lock to be released
[2025-09-22T08:18:08.595+0000] {virtualenv.py:178} INFO - Checking for running process with PID 2975
[2025-09-22T08:18:08.596+0000] {virtualenv.py:181} INFO - Process 2975 running: True and has the lock /tmp/cosmos_venv_ecom/cosmos_virtualenv.lock.
[2025-09-22T08:18:08.596+0000] {virtualenv.py:122} INFO - Waiting for virtualenv lock to be released
[2025-09-22T08:18:09.603+0000] {virtualenv.py:178} INFO - Checking for running process with PID 2975
[2025-09-22T08:18:09.609+0000] {virtualenv.py:181} INFO - Process 2975 running: True and has the lock /tmp/cosmos_venv_ecom/cosmos_virtualenv.lock.
[2025-09-22T08:18:09.619+0000] {virtualenv.py:122} INFO - Waiting for virtualenv lock to be released
[2025-09-22T08:18:10.623+0000] {virtualenv.py:178} INFO - Checking for running process with PID 2975
[2025-09-22T08:18:10.624+0000] {virtualenv.py:181} INFO - Process 2975 running: True and has the lock /tmp/cosmos_venv_ecom/cosmos_virtualenv.lock.
[2025-09-22T08:18:10.625+0000] {virtualenv.py:122} INFO - Waiting for virtualenv lock to be released
[2025-09-22T08:18:11.627+0000] {virtualenv.py:178} INFO - Checking for running process with PID 3060
[2025-09-22T08:18:11.628+0000] {virtualenv.py:181} INFO - Process 3060 running: True and has the lock /tmp/cosmos_venv_ecom/cosmos_virtualenv.lock.
[2025-09-22T08:18:11.628+0000] {virtualenv.py:122} INFO - Waiting for virtualenv lock to be released
[2025-09-22T08:18:12.630+0000] {virtualenv.py:178} INFO - Checking for running process with PID 3060
[2025-09-22T08:18:12.631+0000] {virtualenv.py:181} INFO - Process 3060 running: True and has the lock /tmp/cosmos_venv_ecom/cosmos_virtualenv.lock.
[2025-09-22T08:18:12.631+0000] {virtualenv.py:122} INFO - Waiting for virtualenv lock to be released
[2025-09-22T08:18:13.632+0000] {virtualenv.py:178} INFO - Checking for running process with PID 3060
[2025-09-22T08:18:13.633+0000] {virtualenv.py:181} INFO - Process 3060 running: True and has the lock /tmp/cosmos_venv_ecom/cosmos_virtualenv.lock.
[2025-09-22T08:18:13.633+0000] {virtualenv.py:122} INFO - Waiting for virtualenv lock to be released
[2025-09-22T08:18:14.635+0000] {virtualenv.py:178} INFO - Checking for running process with PID 3060
[2025-09-22T08:18:14.636+0000] {virtualenv.py:181} INFO - Process 3060 running: True and has the lock /tmp/cosmos_venv_ecom/cosmos_virtualenv.lock.
[2025-09-22T08:18:14.636+0000] {virtualenv.py:122} INFO - Waiting for virtualenv lock to be released
[2025-09-22T08:18:15.637+0000] {virtualenv.py:178} INFO - Checking for running process with PID 3060
[2025-09-22T08:18:15.638+0000] {virtualenv.py:181} INFO - Process 3060 running: True and has the lock /tmp/cosmos_venv_ecom/cosmos_virtualenv.lock.
[2025-09-22T08:18:15.638+0000] {virtualenv.py:122} INFO - Waiting for virtualenv lock to be released
[2025-09-22T08:18:16.639+0000] {virtualenv.py:178} INFO - Checking for running process with PID 3060
[2025-09-22T08:18:16.640+0000] {virtualenv.py:181} INFO - Process 3060 running: True and has the lock /tmp/cosmos_venv_ecom/cosmos_virtualenv.lock.
[2025-09-22T08:18:16.641+0000] {virtualenv.py:122} INFO - Waiting for virtualenv lock to be released
[2025-09-22T08:18:17.642+0000] {virtualenv.py:178} INFO - Checking for running process with PID 3060
[2025-09-22T08:18:17.644+0000] {virtualenv.py:181} INFO - Process 3060 running: True and has the lock /tmp/cosmos_venv_ecom/cosmos_virtualenv.lock.
[2025-09-22T08:18:17.646+0000] {virtualenv.py:122} INFO - Waiting for virtualenv lock to be released
[2025-09-22T08:18:18.649+0000] {virtualenv.py:178} INFO - Checking for running process with PID 3060
[2025-09-22T08:18:18.650+0000] {virtualenv.py:181} INFO - Process 3060 running: True and has the lock /tmp/cosmos_venv_ecom/cosmos_virtualenv.lock.
[2025-09-22T08:18:18.650+0000] {virtualenv.py:122} INFO - Waiting for virtualenv lock to be released
[2025-09-22T08:18:19.652+0000] {virtualenv.py:178} INFO - Checking for running process with PID 3060
[2025-09-22T08:18:19.653+0000] {virtualenv.py:181} INFO - Process 3060 running: True and has the lock /tmp/cosmos_venv_ecom/cosmos_virtualenv.lock.
[2025-09-22T08:18:19.653+0000] {virtualenv.py:122} INFO - Waiting for virtualenv lock to be released
[2025-09-22T08:18:20.655+0000] {virtualenv.py:178} INFO - Checking for running process with PID 3060
[2025-09-22T08:18:20.656+0000] {virtualenv.py:181} INFO - Process 3060 running: True and has the lock /tmp/cosmos_venv_ecom/cosmos_virtualenv.lock.
[2025-09-22T08:18:20.657+0000] {virtualenv.py:122} INFO - Waiting for virtualenv lock to be released
[2025-09-22T08:18:21.659+0000] {virtualenv.py:178} INFO - Checking for running process with PID 3060
[2025-09-22T08:18:21.660+0000] {virtualenv.py:181} INFO - Process 3060 running: True and has the lock /tmp/cosmos_venv_ecom/cosmos_virtualenv.lock.
[2025-09-22T08:18:21.660+0000] {virtualenv.py:122} INFO - Waiting for virtualenv lock to be released
[2025-09-22T08:18:22.662+0000] {virtualenv.py:178} INFO - Checking for running process with PID 3060
[2025-09-22T08:18:22.663+0000] {virtualenv.py:181} INFO - Process 3060 running: True and has the lock /tmp/cosmos_venv_ecom/cosmos_virtualenv.lock.
[2025-09-22T08:18:22.663+0000] {virtualenv.py:122} INFO - Waiting for virtualenv lock to be released
[2025-09-22T08:18:23.665+0000] {virtualenv.py:178} INFO - Checking for running process with PID 3060
[2025-09-22T08:18:23.666+0000] {virtualenv.py:181} INFO - Process 3060 running: True and has the lock /tmp/cosmos_venv_ecom/cosmos_virtualenv.lock.
[2025-09-22T08:18:23.667+0000] {virtualenv.py:122} INFO - Waiting for virtualenv lock to be released
[2025-09-22T08:18:24.669+0000] {virtualenv.py:178} INFO - Checking for running process with PID 3060
[2025-09-22T08:18:24.670+0000] {virtualenv.py:181} INFO - Process 3060 running: True and has the lock /tmp/cosmos_venv_ecom/cosmos_virtualenv.lock.
[2025-09-22T08:18:24.671+0000] {virtualenv.py:122} INFO - Waiting for virtualenv lock to be released
[2025-09-22T08:18:25.673+0000] {virtualenv.py:178} INFO - Checking for running process with PID 3113
[2025-09-22T08:18:25.674+0000] {virtualenv.py:181} INFO - Process 3113 running: True and has the lock /tmp/cosmos_venv_ecom/cosmos_virtualenv.lock.
[2025-09-22T08:18:25.675+0000] {virtualenv.py:122} INFO - Waiting for virtualenv lock to be released
[2025-09-22T08:18:26.676+0000] {virtualenv.py:178} INFO - Checking for running process with PID 3113
[2025-09-22T08:18:26.677+0000] {virtualenv.py:181} INFO - Process 3113 running: True and has the lock /tmp/cosmos_venv_ecom/cosmos_virtualenv.lock.
[2025-09-22T08:18:26.678+0000] {virtualenv.py:122} INFO - Waiting for virtualenv lock to be released
[2025-09-22T08:18:27.679+0000] {virtualenv.py:178} INFO - Checking for running process with PID 3113
[2025-09-22T08:18:27.680+0000] {virtualenv.py:181} INFO - Process 3113 running: True and has the lock /tmp/cosmos_venv_ecom/cosmos_virtualenv.lock.
[2025-09-22T08:18:27.683+0000] {virtualenv.py:122} INFO - Waiting for virtualenv lock to be released
[2025-09-22T08:18:28.686+0000] {virtualenv.py:178} INFO - Checking for running process with PID 3113
[2025-09-22T08:18:28.687+0000] {virtualenv.py:181} INFO - Process 3113 running: True and has the lock /tmp/cosmos_venv_ecom/cosmos_virtualenv.lock.
[2025-09-22T08:18:28.688+0000] {virtualenv.py:122} INFO - Waiting for virtualenv lock to be released
[2025-09-22T08:18:29.690+0000] {virtualenv.py:178} INFO - Checking for running process with PID 3113
[2025-09-22T08:18:29.691+0000] {virtualenv.py:181} INFO - Process 3113 running: True and has the lock /tmp/cosmos_venv_ecom/cosmos_virtualenv.lock.
[2025-09-22T08:18:29.691+0000] {virtualenv.py:122} INFO - Waiting for virtualenv lock to be released
[2025-09-22T08:18:30.693+0000] {virtualenv.py:178} INFO - Checking for running process with PID 3113
[2025-09-22T08:18:30.694+0000] {virtualenv.py:181} INFO - Process 3113 running: True and has the lock /tmp/cosmos_venv_ecom/cosmos_virtualenv.lock.
[2025-09-22T08:18:30.695+0000] {virtualenv.py:122} INFO - Waiting for virtualenv lock to be released
[2025-09-22T08:18:31.697+0000] {virtualenv.py:178} INFO - Checking for running process with PID 3113
[2025-09-22T08:18:31.698+0000] {virtualenv.py:181} INFO - Process 3113 running: True and has the lock /tmp/cosmos_venv_ecom/cosmos_virtualenv.lock.
[2025-09-22T08:18:31.698+0000] {virtualenv.py:122} INFO - Waiting for virtualenv lock to be released
[2025-09-22T08:18:32.700+0000] {virtualenv.py:178} INFO - Checking for running process with PID 3113
[2025-09-22T08:18:32.701+0000] {virtualenv.py:181} INFO - Process 3113 running: True and has the lock /tmp/cosmos_venv_ecom/cosmos_virtualenv.lock.
[2025-09-22T08:18:32.701+0000] {virtualenv.py:122} INFO - Waiting for virtualenv lock to be released
[2025-09-22T08:18:33.703+0000] {virtualenv.py:178} INFO - Checking for running process with PID 3113
[2025-09-22T08:18:33.704+0000] {virtualenv.py:181} INFO - Process 3113 running: True and has the lock /tmp/cosmos_venv_ecom/cosmos_virtualenv.lock.
[2025-09-22T08:18:33.704+0000] {virtualenv.py:122} INFO - Waiting for virtualenv lock to be released
[2025-09-22T08:18:34.706+0000] {virtualenv.py:178} INFO - Checking for running process with PID 3113
[2025-09-22T08:18:34.706+0000] {virtualenv.py:181} INFO - Process 3113 running: True and has the lock /tmp/cosmos_venv_ecom/cosmos_virtualenv.lock.
[2025-09-22T08:18:34.707+0000] {virtualenv.py:122} INFO - Waiting for virtualenv lock to be released
[2025-09-22T08:18:35.708+0000] {virtualenv.py:178} INFO - Checking for running process with PID 3113
[2025-09-22T08:18:35.709+0000] {virtualenv.py:181} INFO - Process 3113 running: True and has the lock /tmp/cosmos_venv_ecom/cosmos_virtualenv.lock.
[2025-09-22T08:18:35.710+0000] {virtualenv.py:122} INFO - Waiting for virtualenv lock to be released
[2025-09-22T08:18:36.712+0000] {virtualenv.py:178} INFO - Checking for running process with PID 3113
[2025-09-22T08:18:36.713+0000] {virtualenv.py:181} INFO - Process 3113 running: True and has the lock /tmp/cosmos_venv_ecom/cosmos_virtualenv.lock.
[2025-09-22T08:18:36.713+0000] {virtualenv.py:122} INFO - Waiting for virtualenv lock to be released
[2025-09-22T08:18:37.715+0000] {virtualenv.py:178} INFO - Checking for running process with PID 3113
[2025-09-22T08:18:37.717+0000] {virtualenv.py:181} INFO - Process 3113 running: True and has the lock /tmp/cosmos_venv_ecom/cosmos_virtualenv.lock.
[2025-09-22T08:18:37.719+0000] {virtualenv.py:122} INFO - Waiting for virtualenv lock to be released
[2025-09-22T08:18:38.720+0000] {virtualenv.py:178} INFO - Checking for running process with PID 3113
[2025-09-22T08:18:38.721+0000] {virtualenv.py:181} INFO - Process 3113 running: True and has the lock /tmp/cosmos_venv_ecom/cosmos_virtualenv.lock.
[2025-09-22T08:18:38.722+0000] {virtualenv.py:122} INFO - Waiting for virtualenv lock to be released
[2025-09-22T08:18:39.724+0000] {virtualenv.py:178} INFO - Checking for running process with PID 3113
[2025-09-22T08:18:39.725+0000] {virtualenv.py:181} INFO - Process 3113 running: True and has the lock /tmp/cosmos_venv_ecom/cosmos_virtualenv.lock.
[2025-09-22T08:18:39.725+0000] {virtualenv.py:122} INFO - Waiting for virtualenv lock to be released
[2025-09-22T08:18:40.726+0000] {virtualenv.py:178} INFO - Checking for running process with PID 3171
[2025-09-22T08:18:40.727+0000] {virtualenv.py:181} INFO - Process 3171 running: True and has the lock /tmp/cosmos_venv_ecom/cosmos_virtualenv.lock.
[2025-09-22T08:18:40.727+0000] {virtualenv.py:122} INFO - Waiting for virtualenv lock to be released
[2025-09-22T08:18:41.729+0000] {virtualenv.py:178} INFO - Checking for running process with PID 3171
[2025-09-22T08:18:41.730+0000] {virtualenv.py:181} INFO - Process 3171 running: True and has the lock /tmp/cosmos_venv_ecom/cosmos_virtualenv.lock.
[2025-09-22T08:18:41.730+0000] {virtualenv.py:122} INFO - Waiting for virtualenv lock to be released
[2025-09-22T08:18:42.732+0000] {virtualenv.py:178} INFO - Checking for running process with PID 3171
[2025-09-22T08:18:42.733+0000] {virtualenv.py:181} INFO - Process 3171 running: True and has the lock /tmp/cosmos_venv_ecom/cosmos_virtualenv.lock.
[2025-09-22T08:18:42.733+0000] {virtualenv.py:122} INFO - Waiting for virtualenv lock to be released
[2025-09-22T08:18:43.734+0000] {virtualenv.py:178} INFO - Checking for running process with PID 3171
[2025-09-22T08:18:43.735+0000] {virtualenv.py:181} INFO - Process 3171 running: True and has the lock /tmp/cosmos_venv_ecom/cosmos_virtualenv.lock.
[2025-09-22T08:18:43.736+0000] {virtualenv.py:122} INFO - Waiting for virtualenv lock to be released
[2025-09-22T08:18:44.738+0000] {virtualenv.py:178} INFO - Checking for running process with PID 3171
[2025-09-22T08:18:44.739+0000] {virtualenv.py:181} INFO - Process 3171 running: True and has the lock /tmp/cosmos_venv_ecom/cosmos_virtualenv.lock.
[2025-09-22T08:18:44.740+0000] {virtualenv.py:122} INFO - Waiting for virtualenv lock to be released
[2025-09-22T08:18:45.742+0000] {virtualenv.py:178} INFO - Checking for running process with PID 3171
[2025-09-22T08:18:45.743+0000] {virtualenv.py:181} INFO - Process 3171 running: True and has the lock /tmp/cosmos_venv_ecom/cosmos_virtualenv.lock.
[2025-09-22T08:18:45.744+0000] {virtualenv.py:122} INFO - Waiting for virtualenv lock to be released
[2025-09-22T08:18:46.745+0000] {virtualenv.py:178} INFO - Checking for running process with PID 3171
[2025-09-22T08:18:46.746+0000] {virtualenv.py:181} INFO - Process 3171 running: True and has the lock /tmp/cosmos_venv_ecom/cosmos_virtualenv.lock.
[2025-09-22T08:18:46.746+0000] {virtualenv.py:122} INFO - Waiting for virtualenv lock to be released
[2025-09-22T08:18:47.748+0000] {virtualenv.py:178} INFO - Checking for running process with PID 3171
[2025-09-22T08:18:47.748+0000] {virtualenv.py:181} INFO - Process 3171 running: True and has the lock /tmp/cosmos_venv_ecom/cosmos_virtualenv.lock.
[2025-09-22T08:18:47.749+0000] {virtualenv.py:122} INFO - Waiting for virtualenv lock to be released
[2025-09-22T08:18:48.750+0000] {virtualenv.py:178} INFO - Checking for running process with PID 3171
[2025-09-22T08:18:48.750+0000] {virtualenv.py:181} INFO - Process 3171 running: True and has the lock /tmp/cosmos_venv_ecom/cosmos_virtualenv.lock.
[2025-09-22T08:18:48.751+0000] {virtualenv.py:122} INFO - Waiting for virtualenv lock to be released
[2025-09-22T08:18:49.752+0000] {virtualenv.py:178} INFO - Checking for running process with PID 3171
[2025-09-22T08:18:49.753+0000] {virtualenv.py:181} INFO - Process 3171 running: True and has the lock /tmp/cosmos_venv_ecom/cosmos_virtualenv.lock.
[2025-09-22T08:18:49.753+0000] {virtualenv.py:122} INFO - Waiting for virtualenv lock to be released
[2025-09-22T08:18:50.755+0000] {virtualenv.py:178} INFO - Checking for running process with PID 3171
[2025-09-22T08:18:50.756+0000] {virtualenv.py:181} INFO - Process 3171 running: True and has the lock /tmp/cosmos_venv_ecom/cosmos_virtualenv.lock.
[2025-09-22T08:18:50.757+0000] {virtualenv.py:122} INFO - Waiting for virtualenv lock to be released
[2025-09-22T08:18:51.759+0000] {virtualenv.py:178} INFO - Checking for running process with PID 3171
[2025-09-22T08:18:51.760+0000] {virtualenv.py:181} INFO - Process 3171 running: True and has the lock /tmp/cosmos_venv_ecom/cosmos_virtualenv.lock.
[2025-09-22T08:18:51.760+0000] {virtualenv.py:122} INFO - Waiting for virtualenv lock to be released
[2025-09-22T08:18:52.761+0000] {virtualenv.py:178} INFO - Checking for running process with PID 3171
[2025-09-22T08:18:52.763+0000] {virtualenv.py:181} INFO - Process 3171 running: True and has the lock /tmp/cosmos_venv_ecom/cosmos_virtualenv.lock.
[2025-09-22T08:18:52.765+0000] {virtualenv.py:122} INFO - Waiting for virtualenv lock to be released
[2025-09-22T08:18:53.767+0000] {virtualenv.py:178} INFO - Checking for running process with PID 3171
[2025-09-22T08:18:53.768+0000] {virtualenv.py:181} INFO - Process 3171 running: True and has the lock /tmp/cosmos_venv_ecom/cosmos_virtualenv.lock.
[2025-09-22T08:18:53.769+0000] {virtualenv.py:122} INFO - Waiting for virtualenv lock to be released
[2025-09-22T08:18:54.771+0000] {virtualenv.py:178} INFO - Checking for running process with PID 3221
[2025-09-22T08:18:54.772+0000] {virtualenv.py:181} INFO - Process 3221 running: True and has the lock /tmp/cosmos_venv_ecom/cosmos_virtualenv.lock.
[2025-09-22T08:18:54.773+0000] {virtualenv.py:122} INFO - Waiting for virtualenv lock to be released
[2025-09-22T08:18:55.774+0000] {virtualenv.py:178} INFO - Checking for running process with PID 3221
[2025-09-22T08:18:55.774+0000] {virtualenv.py:181} INFO - Process 3221 running: True and has the lock /tmp/cosmos_venv_ecom/cosmos_virtualenv.lock.
[2025-09-22T08:18:55.775+0000] {virtualenv.py:122} INFO - Waiting for virtualenv lock to be released
[2025-09-22T08:18:56.776+0000] {virtualenv.py:178} INFO - Checking for running process with PID 3221
[2025-09-22T08:18:56.776+0000] {virtualenv.py:181} INFO - Process 3221 running: True and has the lock /tmp/cosmos_venv_ecom/cosmos_virtualenv.lock.
[2025-09-22T08:18:56.777+0000] {virtualenv.py:122} INFO - Waiting for virtualenv lock to be released
[2025-09-22T08:18:57.778+0000] {virtualenv.py:178} INFO - Checking for running process with PID 3221
[2025-09-22T08:18:57.779+0000] {virtualenv.py:181} INFO - Process 3221 running: True and has the lock /tmp/cosmos_venv_ecom/cosmos_virtualenv.lock.
[2025-09-22T08:18:57.780+0000] {virtualenv.py:122} INFO - Waiting for virtualenv lock to be released
[2025-09-22T08:18:58.780+0000] {virtualenv.py:178} INFO - Checking for running process with PID 3221
[2025-09-22T08:18:58.781+0000] {virtualenv.py:181} INFO - Process 3221 running: True and has the lock /tmp/cosmos_venv_ecom/cosmos_virtualenv.lock.
[2025-09-22T08:18:58.782+0000] {virtualenv.py:122} INFO - Waiting for virtualenv lock to be released
[2025-09-22T08:18:59.784+0000] {virtualenv.py:178} INFO - Checking for running process with PID 3221
[2025-09-22T08:18:59.785+0000] {virtualenv.py:181} INFO - Process 3221 running: True and has the lock /tmp/cosmos_venv_ecom/cosmos_virtualenv.lock.
[2025-09-22T08:18:59.786+0000] {virtualenv.py:122} INFO - Waiting for virtualenv lock to be released
[2025-09-22T08:19:00.787+0000] {virtualenv.py:178} INFO - Checking for running process with PID 3221
[2025-09-22T08:19:00.788+0000] {virtualenv.py:181} INFO - Process 3221 running: True and has the lock /tmp/cosmos_venv_ecom/cosmos_virtualenv.lock.
[2025-09-22T08:19:00.789+0000] {virtualenv.py:122} INFO - Waiting for virtualenv lock to be released
[2025-09-22T08:19:01.791+0000] {virtualenv.py:178} INFO - Checking for running process with PID 3221
[2025-09-22T08:19:01.792+0000] {virtualenv.py:181} INFO - Process 3221 running: True and has the lock /tmp/cosmos_venv_ecom/cosmos_virtualenv.lock.
[2025-09-22T08:19:01.793+0000] {virtualenv.py:122} INFO - Waiting for virtualenv lock to be released
[2025-09-22T08:19:02.796+0000] {virtualenv.py:178} INFO - Checking for running process with PID 3221
[2025-09-22T08:19:02.797+0000] {virtualenv.py:181} INFO - Process 3221 running: True and has the lock /tmp/cosmos_venv_ecom/cosmos_virtualenv.lock.
[2025-09-22T08:19:02.797+0000] {virtualenv.py:122} INFO - Waiting for virtualenv lock to be released
[2025-09-22T08:19:03.799+0000] {virtualenv.py:178} INFO - Checking for running process with PID 3221
[2025-09-22T08:19:03.800+0000] {virtualenv.py:181} INFO - Process 3221 running: True and has the lock /tmp/cosmos_venv_ecom/cosmos_virtualenv.lock.
[2025-09-22T08:19:03.801+0000] {virtualenv.py:122} INFO - Waiting for virtualenv lock to be released
[2025-09-22T08:19:04.803+0000] {virtualenv.py:178} INFO - Checking for running process with PID 3221
[2025-09-22T08:19:04.804+0000] {virtualenv.py:181} INFO - Process 3221 running: True and has the lock /tmp/cosmos_venv_ecom/cosmos_virtualenv.lock.
[2025-09-22T08:19:04.805+0000] {virtualenv.py:122} INFO - Waiting for virtualenv lock to be released
[2025-09-22T08:19:05.806+0000] {virtualenv.py:178} INFO - Checking for running process with PID 3221
[2025-09-22T08:19:05.807+0000] {virtualenv.py:181} INFO - Process 3221 running: True and has the lock /tmp/cosmos_venv_ecom/cosmos_virtualenv.lock.
[2025-09-22T08:19:05.808+0000] {virtualenv.py:122} INFO - Waiting for virtualenv lock to be released
[2025-09-22T08:19:06.809+0000] {virtualenv.py:178} INFO - Checking for running process with PID 3221
[2025-09-22T08:19:06.810+0000] {virtualenv.py:181} INFO - Process 3221 running: True and has the lock /tmp/cosmos_venv_ecom/cosmos_virtualenv.lock.
[2025-09-22T08:19:06.810+0000] {virtualenv.py:122} INFO - Waiting for virtualenv lock to be released
[2025-09-22T08:19:07.812+0000] {virtualenv.py:178} INFO - Checking for running process with PID 3221
[2025-09-22T08:19:07.812+0000] {virtualenv.py:181} INFO - Process 3221 running: True and has the lock /tmp/cosmos_venv_ecom/cosmos_virtualenv.lock.
[2025-09-22T08:19:07.813+0000] {virtualenv.py:122} INFO - Waiting for virtualenv lock to be released
[2025-09-22T08:19:08.814+0000] {virtualenv.py:178} INFO - Checking for running process with PID 2976
[2025-09-22T08:19:08.815+0000] {virtualenv.py:181} INFO - Process 2976 running: True and has the lock /tmp/cosmos_venv_ecom/cosmos_virtualenv.lock.
[2025-09-22T08:19:08.816+0000] {virtualenv.py:122} INFO - Waiting for virtualenv lock to be released
[2025-09-22T08:19:09.817+0000] {virtualenv.py:178} INFO - Checking for running process with PID 2976
[2025-09-22T08:19:09.818+0000] {virtualenv.py:181} INFO - Process 2976 running: True and has the lock /tmp/cosmos_venv_ecom/cosmos_virtualenv.lock.
[2025-09-22T08:19:09.818+0000] {virtualenv.py:122} INFO - Waiting for virtualenv lock to be released
[2025-09-22T08:19:10.821+0000] {virtualenv.py:178} INFO - Checking for running process with PID 2976
[2025-09-22T08:19:10.822+0000] {virtualenv.py:181} INFO - Process 2976 running: True and has the lock /tmp/cosmos_venv_ecom/cosmos_virtualenv.lock.
[2025-09-22T08:19:10.823+0000] {virtualenv.py:122} INFO - Waiting for virtualenv lock to be released
[2025-09-22T08:19:11.825+0000] {virtualenv.py:178} INFO - Checking for running process with PID 2976
[2025-09-22T08:19:11.825+0000] {virtualenv.py:181} INFO - Process 2976 running: True and has the lock /tmp/cosmos_venv_ecom/cosmos_virtualenv.lock.
[2025-09-22T08:19:11.826+0000] {virtualenv.py:122} INFO - Waiting for virtualenv lock to be released
[2025-09-22T08:19:12.828+0000] {virtualenv.py:178} INFO - Checking for running process with PID 2976
[2025-09-22T08:19:12.829+0000] {virtualenv.py:181} INFO - Process 2976 running: True and has the lock /tmp/cosmos_venv_ecom/cosmos_virtualenv.lock.
[2025-09-22T08:19:12.829+0000] {virtualenv.py:122} INFO - Waiting for virtualenv lock to be released
[2025-09-22T08:19:13.831+0000] {virtualenv.py:178} INFO - Checking for running process with PID 2976
[2025-09-22T08:19:13.832+0000] {virtualenv.py:181} INFO - Process 2976 running: True and has the lock /tmp/cosmos_venv_ecom/cosmos_virtualenv.lock.
[2025-09-22T08:19:13.832+0000] {virtualenv.py:122} INFO - Waiting for virtualenv lock to be released
[2025-09-22T08:19:14.834+0000] {virtualenv.py:178} INFO - Checking for running process with PID 2976
[2025-09-22T08:19:14.835+0000] {virtualenv.py:181} INFO - Process 2976 running: True and has the lock /tmp/cosmos_venv_ecom/cosmos_virtualenv.lock.
[2025-09-22T08:19:14.836+0000] {virtualenv.py:122} INFO - Waiting for virtualenv lock to be released
[2025-09-22T08:19:15.838+0000] {virtualenv.py:178} INFO - Checking for running process with PID 2976
[2025-09-22T08:19:15.839+0000] {virtualenv.py:181} INFO - Process 2976 running: True and has the lock /tmp/cosmos_venv_ecom/cosmos_virtualenv.lock.
[2025-09-22T08:19:15.840+0000] {virtualenv.py:122} INFO - Waiting for virtualenv lock to be released
[2025-09-22T08:19:16.842+0000] {virtualenv.py:178} INFO - Checking for running process with PID 2976
[2025-09-22T08:19:16.843+0000] {virtualenv.py:181} INFO - Process 2976 running: True and has the lock /tmp/cosmos_venv_ecom/cosmos_virtualenv.lock.
[2025-09-22T08:19:16.843+0000] {virtualenv.py:122} INFO - Waiting for virtualenv lock to be released
[2025-09-22T08:19:17.845+0000] {virtualenv.py:178} INFO - Checking for running process with PID 2976
[2025-09-22T08:19:17.846+0000] {virtualenv.py:181} INFO - Process 2976 running: True and has the lock /tmp/cosmos_venv_ecom/cosmos_virtualenv.lock.
[2025-09-22T08:19:17.846+0000] {virtualenv.py:122} INFO - Waiting for virtualenv lock to be released
[2025-09-22T08:19:18.848+0000] {virtualenv.py:178} INFO - Checking for running process with PID 2976
[2025-09-22T08:19:18.849+0000] {virtualenv.py:181} INFO - Process 2976 running: True and has the lock /tmp/cosmos_venv_ecom/cosmos_virtualenv.lock.
[2025-09-22T08:19:18.850+0000] {virtualenv.py:122} INFO - Waiting for virtualenv lock to be released
[2025-09-22T08:19:19.851+0000] {virtualenv.py:178} INFO - Checking for running process with PID 2976
[2025-09-22T08:19:19.852+0000] {virtualenv.py:181} INFO - Process 2976 running: True and has the lock /tmp/cosmos_venv_ecom/cosmos_virtualenv.lock.
[2025-09-22T08:19:19.852+0000] {virtualenv.py:122} INFO - Waiting for virtualenv lock to be released
[2025-09-22T08:19:20.854+0000] {virtualenv.py:178} INFO - Checking for running process with PID 2976
[2025-09-22T08:19:20.855+0000] {virtualenv.py:181} INFO - Process 2976 running: True and has the lock /tmp/cosmos_venv_ecom/cosmos_virtualenv.lock.
[2025-09-22T08:19:20.855+0000] {virtualenv.py:122} INFO - Waiting for virtualenv lock to be released
[2025-09-22T08:19:21.857+0000] {virtualenv.py:178} INFO - Checking for running process with PID 2976
[2025-09-22T08:19:21.858+0000] {virtualenv.py:181} INFO - Process 2976 running: True and has the lock /tmp/cosmos_venv_ecom/cosmos_virtualenv.lock.
[2025-09-22T08:19:21.858+0000] {virtualenv.py:122} INFO - Waiting for virtualenv lock to be released
[2025-09-22T08:19:22.860+0000] {virtualenv.py:178} INFO - Checking for running process with PID 2976
[2025-09-22T08:19:22.861+0000] {virtualenv.py:181} INFO - Process 2976 running: True and has the lock /tmp/cosmos_venv_ecom/cosmos_virtualenv.lock.
[2025-09-22T08:19:22.862+0000] {virtualenv.py:122} INFO - Waiting for virtualenv lock to be released
[2025-09-22T08:19:23.864+0000] {virtualenv.py:126} INFO - Acquiring the virtualenv lock
[2025-09-22T08:19:23.865+0000] {virtualenv.py:195} INFO - Acquiring lock at /tmp/cosmos_venv_ecom/cosmos_virtualenv.lock with pid 2977
[2025-09-22T08:19:23.865+0000] {virtualenv.py:153} INFO - Creating or updating the virtualenv at `/tmp/cosmos_venv_ecom
[2025-09-22T08:19:23.866+0000] {process_utils.py:183} INFO - Executing cmd: /home/***/.local/bin/python -m virtualenv /tmp/cosmos_venv_ecom --python=python3
[2025-09-22T08:19:23.867+0000] {process_utils.py:187} INFO - Output:
[2025-09-22T08:19:25.227+0000] {process_utils.py:191} INFO - created virtual environment CPython3.10.14.final.0-64 in 482ms
[2025-09-22T08:19:25.228+0000] {process_utils.py:191} INFO -   creator CPython3Posix(dest=/tmp/cosmos_venv_ecom, clear=False, no_vcs_ignore=False, global=False)
[2025-09-22T08:19:25.228+0000] {process_utils.py:191} INFO -   seeder FromAppData(download=False, pip=bundle, setuptools=bundle, wheel=bundle, via=copy, app_data_dir=/home/***/.local/share/virtualenv)
[2025-09-22T08:19:25.229+0000] {process_utils.py:191} INFO -     added seed packages: MarkupSafe==3.0.2, PyYAML==6.0.2, agate==1.9.1, annotated_types==0.7.0, attrs==25.3.0, babel==2.17.0, certifi==2025.8.3, charset_normalizer==3.4.3, click==8.2.1, clickhouse_connect==0.8.18, clickhouse_driver==0.2.9, colorama==0.4.6, daff==1.4.2, dbt_adapters==1.16.7, dbt_clickhouse==1.9.3, dbt_common==1.30.0, dbt_core==1.10.11, dbt_extractor==0.6.0, dbt_protos==1.0.375, dbt_semantic_interfaces==0.9.0, deepdiff==8.6.1, idna==3.10, importlib_metadata==8.7.0, isodate==0.6.1, jinja2==3.1.6, jsonschema==4.25.1, jsonschema_specifications==2025.9.1, leather==0.4.0, lz4==4.4.4, mashumaro==3.14, more_itertools==10.8.0, msgpack==1.1.1, networkx==3.4.2, orderly_set==5.5.0, packaging==25.0, parsedatetime==2.6, pathspec==0.12.1, pip==25.2, protobuf==6.32.1, pydantic==2.11.7, pydantic_core==2.33.2, python_dateutil==2.9.0.post0, python_slugify==8.0.4, pytimeparse==1.1.8, pytz==2025.2, referencing==0.36.2, requests==2.32.5, rpds_py==0.27.1, setuptools==80.9.0, six==1.17.0, snowplow_tracker==1.1.0, sqlparse==0.5.3, text_unidecode==1.3, typing_extensions==4.15.0, typing_inspection==0.4.1, tzlocal==5.3.1, urllib3==2.5.0, wheel==0.45.1, zipp==3.23.0, zstandard==0.24.0
[2025-09-22T08:19:25.229+0000] {process_utils.py:191} INFO -   activators BashActivator,CShellActivator,FishActivator,NushellActivator,PowerShellActivator,PythonActivator
[2025-09-22T08:19:25.295+0000] {process_utils.py:183} INFO - Executing cmd: /tmp/cosmos_venv_ecom/bin/pip install dbt-clickhouse
[2025-09-22T08:19:25.297+0000] {process_utils.py:187} INFO - Output:
[2025-09-22T08:19:26.558+0000] {process_utils.py:191} INFO - Requirement already satisfied: dbt-clickhouse in /tmp/cosmos_venv_ecom/lib/python3.10/site-packages (1.9.3)
[2025-09-22T08:19:26.561+0000] {process_utils.py:191} INFO - Requirement already satisfied: dbt-core>=1.9 in /tmp/cosmos_venv_ecom/lib/python3.10/site-packages (from dbt-clickhouse) (1.10.11)
[2025-09-22T08:19:26.562+0000] {process_utils.py:191} INFO - Requirement already satisfied: clickhouse-connect>=0.6.22 in /tmp/cosmos_venv_ecom/lib/python3.10/site-packages (from dbt-clickhouse) (0.8.18)
[2025-09-22T08:19:26.562+0000] {process_utils.py:191} INFO - Requirement already satisfied: clickhouse-driver>=0.2.6 in /tmp/cosmos_venv_ecom/lib/python3.10/site-packages (from dbt-clickhouse) (0.2.9)
[2025-09-22T08:19:26.563+0000] {process_utils.py:191} INFO - Requirement already satisfied: setuptools>=0.69 in /tmp/cosmos_venv_ecom/lib/python3.10/site-packages (from dbt-clickhouse) (80.9.0)
[2025-09-22T08:19:26.566+0000] {process_utils.py:191} INFO - Requirement already satisfied: certifi in /tmp/cosmos_venv_ecom/lib/python3.10/site-packages (from clickhouse-connect>=0.6.22->dbt-clickhouse) (2025.8.3)
[2025-09-22T08:19:26.567+0000] {process_utils.py:191} INFO - Requirement already satisfied: urllib3>=1.26 in /tmp/cosmos_venv_ecom/lib/python3.10/site-packages (from clickhouse-connect>=0.6.22->dbt-clickhouse) (2.5.0)
[2025-09-22T08:19:26.568+0000] {process_utils.py:191} INFO - Requirement already satisfied: pytz in /tmp/cosmos_venv_ecom/lib/python3.10/site-packages (from clickhouse-connect>=0.6.22->dbt-clickhouse) (2025.2)
[2025-09-22T08:19:26.568+0000] {process_utils.py:191} INFO - Requirement already satisfied: zstandard in /tmp/cosmos_venv_ecom/lib/python3.10/site-packages (from clickhouse-connect>=0.6.22->dbt-clickhouse) (0.24.0)
[2025-09-22T08:19:26.569+0000] {process_utils.py:191} INFO - Requirement already satisfied: lz4 in /tmp/cosmos_venv_ecom/lib/python3.10/site-packages (from clickhouse-connect>=0.6.22->dbt-clickhouse) (4.4.4)
[2025-09-22T08:19:26.571+0000] {process_utils.py:191} INFO - Requirement already satisfied: tzlocal in /tmp/cosmos_venv_ecom/lib/python3.10/site-packages (from clickhouse-driver>=0.2.6->dbt-clickhouse) (5.3.1)
[2025-09-22T08:19:26.575+0000] {process_utils.py:191} INFO - Requirement already satisfied: agate<1.10,>=1.7.0 in /tmp/cosmos_venv_ecom/lib/python3.10/site-packages (from dbt-core>=1.9->dbt-clickhouse) (1.9.1)
[2025-09-22T08:19:26.575+0000] {process_utils.py:191} INFO - Requirement already satisfied: Jinja2<4,>=3.1.3 in /tmp/cosmos_venv_ecom/lib/python3.10/site-packages (from dbt-core>=1.9->dbt-clickhouse) (3.1.6)
[2025-09-22T08:19:26.576+0000] {process_utils.py:191} INFO - Requirement already satisfied: mashumaro<3.15,>=3.9 in /tmp/cosmos_venv_ecom/lib/python3.10/site-packages (from mashumaro[msgpack]<3.15,>=3.9->dbt-core>=1.9->dbt-clickhouse) (3.14)
[2025-09-22T08:19:26.577+0000] {process_utils.py:191} INFO - Requirement already satisfied: click<9.0,>=8.0.2 in /tmp/cosmos_venv_ecom/lib/python3.10/site-packages (from dbt-core>=1.9->dbt-clickhouse) (8.2.1)
[2025-09-22T08:19:26.578+0000] {process_utils.py:191} INFO - Requirement already satisfied: jsonschema<5.0,>=4.19.1 in /tmp/cosmos_venv_ecom/lib/python3.10/site-packages (from dbt-core>=1.9->dbt-clickhouse) (4.25.1)
[2025-09-22T08:19:26.579+0000] {process_utils.py:191} INFO - Requirement already satisfied: networkx<4.0,>=2.3 in /tmp/cosmos_venv_ecom/lib/python3.10/site-packages (from dbt-core>=1.9->dbt-clickhouse) (3.4.2)
[2025-09-22T08:19:26.580+0000] {process_utils.py:191} INFO - Requirement already satisfied: protobuf<7.0,>=6.0 in /tmp/cosmos_venv_ecom/lib/python3.10/site-packages (from dbt-core>=1.9->dbt-clickhouse) (6.32.1)
[2025-09-22T08:19:26.580+0000] {process_utils.py:191} INFO - Requirement already satisfied: requests<3.0.0 in /tmp/cosmos_venv_ecom/lib/python3.10/site-packages (from dbt-core>=1.9->dbt-clickhouse) (2.32.5)
[2025-09-22T08:19:26.581+0000] {process_utils.py:191} INFO - Requirement already satisfied: snowplow-tracker<2.0,>=1.0.2 in /tmp/cosmos_venv_ecom/lib/python3.10/site-packages (from dbt-core>=1.9->dbt-clickhouse) (1.1.0)
[2025-09-22T08:19:26.582+0000] {process_utils.py:191} INFO - Requirement already satisfied: pathspec<0.13,>=0.9 in /tmp/cosmos_venv_ecom/lib/python3.10/site-packages (from dbt-core>=1.9->dbt-clickhouse) (0.12.1)
[2025-09-22T08:19:26.582+0000] {process_utils.py:191} INFO - Requirement already satisfied: sqlparse<0.6.0,>=0.5.0 in /tmp/cosmos_venv_ecom/lib/python3.10/site-packages (from dbt-core>=1.9->dbt-clickhouse) (0.5.3)
[2025-09-22T08:19:26.583+0000] {process_utils.py:191} INFO - Requirement already satisfied: dbt-extractor<=0.6,>=0.5.0 in /tmp/cosmos_venv_ecom/lib/python3.10/site-packages (from dbt-core>=1.9->dbt-clickhouse) (0.6.0)
[2025-09-22T08:19:26.584+0000] {process_utils.py:191} INFO - Requirement already satisfied: dbt-semantic-interfaces<0.10,>=0.9.0 in /tmp/cosmos_venv_ecom/lib/python3.10/site-packages (from dbt-core>=1.9->dbt-clickhouse) (0.9.0)
[2025-09-22T08:19:26.584+0000] {process_utils.py:191} INFO - Requirement already satisfied: dbt-common<2.0,>=1.27.0 in /tmp/cosmos_venv_ecom/lib/python3.10/site-packages (from dbt-core>=1.9->dbt-clickhouse) (1.30.0)
[2025-09-22T08:19:26.585+0000] {process_utils.py:191} INFO - Requirement already satisfied: dbt-adapters<2.0,>=1.15.5 in /tmp/cosmos_venv_ecom/lib/python3.10/site-packages (from dbt-core>=1.9->dbt-clickhouse) (1.16.7)
[2025-09-22T08:19:26.586+0000] {process_utils.py:191} INFO - Requirement already satisfied: dbt-protos<2.0,>=1.0.346 in /tmp/cosmos_venv_ecom/lib/python3.10/site-packages (from dbt-core>=1.9->dbt-clickhouse) (1.0.375)
[2025-09-22T08:19:26.587+0000] {process_utils.py:191} INFO - Requirement already satisfied: pydantic<3 in /tmp/cosmos_venv_ecom/lib/python3.10/site-packages (from dbt-core>=1.9->dbt-clickhouse) (2.11.7)
[2025-09-22T08:19:26.587+0000] {process_utils.py:191} INFO - Requirement already satisfied: packaging>20.9 in /tmp/cosmos_venv_ecom/lib/python3.10/site-packages (from dbt-core>=1.9->dbt-clickhouse) (25.0)
[2025-09-22T08:19:26.588+0000] {process_utils.py:191} INFO - Requirement already satisfied: pyyaml>=6.0 in /tmp/cosmos_venv_ecom/lib/python3.10/site-packages (from dbt-core>=1.9->dbt-clickhouse) (6.0.2)
[2025-09-22T08:19:26.589+0000] {process_utils.py:191} INFO - Requirement already satisfied: daff>=1.3.46 in /tmp/cosmos_venv_ecom/lib/python3.10/site-packages (from dbt-core>=1.9->dbt-clickhouse) (1.4.2)
[2025-09-22T08:19:26.589+0000] {process_utils.py:191} INFO - Requirement already satisfied: typing-extensions>=4.4 in /tmp/cosmos_venv_ecom/lib/python3.10/site-packages (from dbt-core>=1.9->dbt-clickhouse) (4.15.0)
[2025-09-22T08:19:26.592+0000] {process_utils.py:191} INFO - Requirement already satisfied: Babel>=2.0 in /tmp/cosmos_venv_ecom/lib/python3.10/site-packages (from agate<1.10,>=1.7.0->dbt-core>=1.9->dbt-clickhouse) (2.17.0)
[2025-09-22T08:19:26.593+0000] {process_utils.py:191} INFO - Requirement already satisfied: isodate>=0.5.4 in /tmp/cosmos_venv_ecom/lib/python3.10/site-packages (from agate<1.10,>=1.7.0->dbt-core>=1.9->dbt-clickhouse) (0.6.1)
[2025-09-22T08:19:26.594+0000] {process_utils.py:191} INFO - Requirement already satisfied: leather>=0.3.2 in /tmp/cosmos_venv_ecom/lib/python3.10/site-packages (from agate<1.10,>=1.7.0->dbt-core>=1.9->dbt-clickhouse) (0.4.0)
[2025-09-22T08:19:26.594+0000] {process_utils.py:191} INFO - Requirement already satisfied: parsedatetime!=2.5,>=2.1 in /tmp/cosmos_venv_ecom/lib/python3.10/site-packages (from agate<1.10,>=1.7.0->dbt-core>=1.9->dbt-clickhouse) (2.6)
[2025-09-22T08:19:26.595+0000] {process_utils.py:191} INFO - Requirement already satisfied: python-slugify>=1.2.1 in /tmp/cosmos_venv_ecom/lib/python3.10/site-packages (from agate<1.10,>=1.7.0->dbt-core>=1.9->dbt-clickhouse) (8.0.4)
[2025-09-22T08:19:26.596+0000] {process_utils.py:191} INFO - Requirement already satisfied: pytimeparse>=1.1.5 in /tmp/cosmos_venv_ecom/lib/python3.10/site-packages (from agate<1.10,>=1.7.0->dbt-core>=1.9->dbt-clickhouse) (1.1.8)
[2025-09-22T08:19:26.608+0000] {process_utils.py:191} INFO - Requirement already satisfied: colorama<0.5,>=0.3.9 in /tmp/cosmos_venv_ecom/lib/python3.10/site-packages (from dbt-common<2.0,>=1.27.0->dbt-core>=1.9->dbt-clickhouse) (0.4.6)
[2025-09-22T08:19:26.609+0000] {process_utils.py:191} INFO - Requirement already satisfied: deepdiff<9.0,>=7.0 in /tmp/cosmos_venv_ecom/lib/python3.10/site-packages (from dbt-common<2.0,>=1.27.0->dbt-core>=1.9->dbt-clickhouse) (8.6.1)
[2025-09-22T08:19:26.611+0000] {process_utils.py:191} INFO - Requirement already satisfied: python-dateutil<3.0,>=2.0 in /tmp/cosmos_venv_ecom/lib/python3.10/site-packages (from dbt-common<2.0,>=1.27.0->dbt-core>=1.9->dbt-clickhouse) (2.9.0.post0)
[2025-09-22T08:19:26.619+0000] {process_utils.py:191} INFO - Requirement already satisfied: importlib-metadata<9,>=6.0 in /tmp/cosmos_venv_ecom/lib/python3.10/site-packages (from dbt-semantic-interfaces<0.10,>=0.9.0->dbt-core>=1.9->dbt-clickhouse) (8.7.0)
[2025-09-22T08:19:26.620+0000] {process_utils.py:191} INFO - Requirement already satisfied: more-itertools<11.0,>=8.0 in /tmp/cosmos_venv_ecom/lib/python3.10/site-packages (from dbt-semantic-interfaces<0.10,>=0.9.0->dbt-core>=1.9->dbt-clickhouse) (10.8.0)
[2025-09-22T08:19:26.630+0000] {process_utils.py:191} INFO - Requirement already satisfied: orderly-set<6,>=5.4.1 in /tmp/cosmos_venv_ecom/lib/python3.10/site-packages (from deepdiff<9.0,>=7.0->dbt-common<2.0,>=1.27.0->dbt-core>=1.9->dbt-clickhouse) (5.5.0)
[2025-09-22T08:19:26.637+0000] {process_utils.py:191} INFO - Requirement already satisfied: zipp>=3.20 in /tmp/cosmos_venv_ecom/lib/python3.10/site-packages (from importlib-metadata<9,>=6.0->dbt-semantic-interfaces<0.10,>=0.9.0->dbt-core>=1.9->dbt-clickhouse) (3.23.0)
[2025-09-22T08:19:26.639+0000] {process_utils.py:191} INFO - Requirement already satisfied: six in /tmp/cosmos_venv_ecom/lib/python3.10/site-packages (from isodate>=0.5.4->agate<1.10,>=1.7.0->dbt-core>=1.9->dbt-clickhouse) (1.17.0)
[2025-09-22T08:19:26.641+0000] {process_utils.py:191} INFO - Requirement already satisfied: MarkupSafe>=2.0 in /tmp/cosmos_venv_ecom/lib/python3.10/site-packages (from Jinja2<4,>=3.1.3->dbt-core>=1.9->dbt-clickhouse) (3.0.2)
[2025-09-22T08:19:26.645+0000] {process_utils.py:191} INFO - Requirement already satisfied: attrs>=22.2.0 in /tmp/cosmos_venv_ecom/lib/python3.10/site-packages (from jsonschema<5.0,>=4.19.1->dbt-core>=1.9->dbt-clickhouse) (25.3.0)
[2025-09-22T08:19:26.646+0000] {process_utils.py:191} INFO - Requirement already satisfied: jsonschema-specifications>=2023.03.6 in /tmp/cosmos_venv_ecom/lib/python3.10/site-packages (from jsonschema<5.0,>=4.19.1->dbt-core>=1.9->dbt-clickhouse) (2025.9.1)
[2025-09-22T08:19:26.647+0000] {process_utils.py:191} INFO - Requirement already satisfied: referencing>=0.28.4 in /tmp/cosmos_venv_ecom/lib/python3.10/site-packages (from jsonschema<5.0,>=4.19.1->dbt-core>=1.9->dbt-clickhouse) (0.36.2)
[2025-09-22T08:19:26.649+0000] {process_utils.py:191} INFO - Requirement already satisfied: rpds-py>=0.7.1 in /tmp/cosmos_venv_ecom/lib/python3.10/site-packages (from jsonschema<5.0,>=4.19.1->dbt-core>=1.9->dbt-clickhouse) (0.27.1)
[2025-09-22T08:19:26.661+0000] {process_utils.py:191} INFO - Requirement already satisfied: msgpack>=0.5.6 in /tmp/cosmos_venv_ecom/lib/python3.10/site-packages (from mashumaro[msgpack]<3.15,>=3.9->dbt-core>=1.9->dbt-clickhouse) (1.1.1)
[2025-09-22T08:19:26.685+0000] {process_utils.py:191} INFO - Requirement already satisfied: annotated-types>=0.6.0 in /tmp/cosmos_venv_ecom/lib/python3.10/site-packages (from pydantic<3->dbt-core>=1.9->dbt-clickhouse) (0.7.0)
[2025-09-22T08:19:26.686+0000] {process_utils.py:191} INFO - Requirement already satisfied: pydantic-core==2.33.2 in /tmp/cosmos_venv_ecom/lib/python3.10/site-packages (from pydantic<3->dbt-core>=1.9->dbt-clickhouse) (2.33.2)
[2025-09-22T08:19:26.688+0000] {process_utils.py:191} INFO - Requirement already satisfied: typing-inspection>=0.4.0 in /tmp/cosmos_venv_ecom/lib/python3.10/site-packages (from pydantic<3->dbt-core>=1.9->dbt-clickhouse) (0.4.1)
[2025-09-22T08:19:26.699+0000] {process_utils.py:191} INFO - Requirement already satisfied: charset_normalizer<4,>=2 in /tmp/cosmos_venv_ecom/lib/python3.10/site-packages (from requests<3.0.0->dbt-core>=1.9->dbt-clickhouse) (3.4.3)
[2025-09-22T08:19:26.699+0000] {process_utils.py:191} INFO - Requirement already satisfied: idna<4,>=2.5 in /tmp/cosmos_venv_ecom/lib/python3.10/site-packages (from requests<3.0.0->dbt-core>=1.9->dbt-clickhouse) (3.10)
[2025-09-22T08:19:26.748+0000] {process_utils.py:191} INFO - Requirement already satisfied: text-unidecode>=1.3 in /tmp/cosmos_venv_ecom/lib/python3.10/site-packages (from python-slugify>=1.2.1->agate<1.10,>=1.7.0->dbt-core>=1.9->dbt-clickhouse) (1.3)
[2025-09-22T08:19:26.914+0000] {local.py:470} INFO - Cloning project to writable temp directory /tmp/tmpuauq42a4 from /opt/airflow/dags/dbt/ecom_staging
[2025-09-22T08:19:26.924+0000] {local.py:490} INFO - Partial parse is enabled and the latest partial parse file is /tmp/cosmos/dbt_staging__dbt_ecom/target/partial_parse.msgpack
[2025-09-22T08:19:26.935+0000] {config.py:362} INFO - Using user-supplied profiles.yml at /opt/airflow/dags/dbt/profiles.yml
[2025-09-22T08:19:26.947+0000] {virtualenv.py:99} INFO - Using Python binary from virtualenv: /tmp/cosmos_venv_ecom/bin/python
[2025-09-22T08:19:26.947+0000] {local.py:434} INFO - Trying to run the command:
 ['/tmp/cosmos_venv_ecom/bin/dbt', 'deps', '--project-dir', '/tmp/tmpuauq42a4', '--profiles-dir', '/opt/***/dags/dbt', '--profile', 'ecom_staging', '--target', 'dev']
From /tmp/tmpuauq42a4
[2025-09-22T08:19:26.948+0000] {subprocess.py:56} INFO - Tmp dir root location: 
 /tmp
[2025-09-22T08:19:26.948+0000] {subprocess.py:69} INFO - Running command: ['/tmp/cosmos_venv_ecom/bin/dbt', 'deps', '--project-dir', '/tmp/tmpuauq42a4', '--profiles-dir', '/opt/***/dags/dbt', '--profile', 'ecom_staging', '--target', 'dev']
[2025-09-22T08:19:26.959+0000] {subprocess.py:80} INFO - Command output:
[2025-09-22T08:19:29.451+0000] {subprocess.py:90} INFO - [0m08:19:29  Running with dbt=1.10.11
[2025-09-22T08:19:30.200+0000] {subprocess.py:90} INFO - [0m08:19:30  Installing dbt-labs/dbt_utils
[2025-09-22T08:19:30.913+0000] {subprocess.py:90} INFO - [0m08:19:30  Installed from version 1.3.0
[2025-09-22T08:19:30.913+0000] {subprocess.py:90} INFO - [0m08:19:30  Updated version available: 1.3.1
[2025-09-22T08:19:30.914+0000] {subprocess.py:90} INFO - [0m08:19:30
[2025-09-22T08:19:30.915+0000] {subprocess.py:90} INFO - [0m08:19:30  Updates available for packages: ['dbt-labs/dbt_utils']
[2025-09-22T08:19:30.915+0000] {subprocess.py:90} INFO - Update your versions in packages.yml, then run dbt deps
[2025-09-22T08:19:32.813+0000] {subprocess.py:94} INFO - Command exited with return code 0
[2025-09-22T08:19:32.814+0000] {local.py:441} INFO - Update your versions in packages.yml, then run dbt deps
[2025-09-22T08:19:32.814+0000] {virtualenv.py:99} INFO - Using Python binary from virtualenv: /tmp/cosmos_venv_ecom/bin/python
[2025-09-22T08:19:32.815+0000] {local.py:434} INFO - Trying to run the command:
 ['/tmp/cosmos_venv_ecom/bin/dbt', 'run', '--models', 'stg_customers', '--project-dir', '/tmp/tmpuauq42a4', '--profiles-dir', '/opt/***/dags/dbt', '--profile', 'ecom_staging', '--target', 'dev']
From /tmp/tmpuauq42a4
[2025-09-22T08:19:32.816+0000] {subprocess.py:56} INFO - Tmp dir root location: 
 /tmp
[2025-09-22T08:19:32.816+0000] {subprocess.py:69} INFO - Running command: ['/tmp/cosmos_venv_ecom/bin/dbt', 'run', '--models', 'stg_customers', '--project-dir', '/tmp/tmpuauq42a4', '--profiles-dir', '/opt/***/dags/dbt', '--profile', 'ecom_staging', '--target', 'dev']
[2025-09-22T08:19:32.831+0000] {subprocess.py:80} INFO - Command output:
[2025-09-22T08:19:35.350+0000] {subprocess.py:90} INFO - [0m08:19:35  Running with dbt=1.10.11
[2025-09-22T08:19:35.352+0000] {subprocess.py:90} INFO - [0m08:19:35  [[33mWARNING[0m]: Deprecated functionality
[2025-09-22T08:19:35.352+0000] {subprocess.py:90} INFO - Usage of `--models`, `--model`, and `-m` is deprecated in favor of `--select` or
[2025-09-22T08:19:35.353+0000] {subprocess.py:90} INFO - `-s`.
[2025-09-22T08:19:35.711+0000] {subprocess.py:90} INFO - [0m08:19:35  Registered adapter: clickhouse=1.9.3
[2025-09-22T08:19:36.511+0000] {subprocess.py:90} INFO - [0m08:19:36  Found 8 models, 46 data tests, 8 sources, 597 macros
[2025-09-22T08:19:36.514+0000] {subprocess.py:90} INFO - [0m08:19:36
[2025-09-22T08:19:36.515+0000] {subprocess.py:90} INFO - [0m08:19:36  Concurrency: 4 threads (target='dev')
[2025-09-22T08:19:36.515+0000] {subprocess.py:90} INFO - [0m08:19:36
[2025-09-22T08:19:36.658+0000] {subprocess.py:90} INFO - [0m08:19:36  1 of 1 START sql view model `ecom_db_staging`.`stg_customers` .................. [RUN]
[2025-09-22T08:19:36.753+0000] {subprocess.py:90} INFO - [0m08:19:36  1 of 1 OK created sql view model `ecom_db_staging`.`stg_customers` ............. [[32mOK[0m in 0.09s]
[2025-09-22T08:19:36.757+0000] {subprocess.py:90} INFO - [0m08:19:36
[2025-09-22T08:19:36.761+0000] {subprocess.py:90} INFO - [0m08:19:36  Finished running 1 view model in 0 hours 0 minutes and 0.24 seconds (0.24s).
[2025-09-22T08:19:36.815+0000] {subprocess.py:90} INFO - [0m08:19:36
[2025-09-22T08:19:36.816+0000] {subprocess.py:90} INFO - [0m08:19:36  [32mCompleted successfully[0m
[2025-09-22T08:19:36.817+0000] {subprocess.py:90} INFO - [0m08:19:36
[2025-09-22T08:19:36.817+0000] {subprocess.py:90} INFO - [0m08:19:36  Done. PASS=1 WARN=0 ERROR=0 SKIP=0 NO-OP=0 TOTAL=1
[2025-09-22T08:19:36.818+0000] {subprocess.py:90} INFO - [0m08:19:36  [[33mWARNING[0m][DeprecationsSummary]: Deprecated functionality
[2025-09-22T08:19:36.819+0000] {subprocess.py:90} INFO - Summary of encountered deprecations:
[2025-09-22T08:19:36.819+0000] {subprocess.py:90} INFO - - ModelParamUsageDeprecation: 1 occurrence
[2025-09-22T08:19:36.820+0000] {subprocess.py:90} INFO - To see all deprecation instances instead of just the first occurrence of each,
[2025-09-22T08:19:36.820+0000] {subprocess.py:90} INFO - run command again with the `--show-all-deprecations` flag. You may also need to
[2025-09-22T08:19:36.821+0000] {subprocess.py:90} INFO - run with `--no-partial-parse` as some deprecations are only encountered during
[2025-09-22T08:19:36.821+0000] {subprocess.py:90} INFO - parsing.
[2025-09-22T08:19:38.683+0000] {subprocess.py:94} INFO - Command exited with return code 0
[2025-09-22T08:19:38.684+0000] {local.py:441} INFO - parsing.
[2025-09-22T08:19:38.697+0000] {local.py:196} WARNING - Artifact schema version: https://schemas.getdbt.com/dbt/manifest/v12.json is above dbt-ol supported version 7. This might cause errors.
[2025-09-22T08:19:38.698+0000] {local.py:196} WARNING - Artifact schema version: https://schemas.getdbt.com/dbt/run-results/v6.json is above dbt-ol supported version 5. This might cause errors.
[2025-09-22T08:19:38.703+0000] {local.py:547} INFO - Inlets: []
[2025-09-22T08:19:38.704+0000] {local.py:548} INFO - Outlets: []
[2025-09-22T08:19:38.704+0000] {local.py:772} INFO - Assigning inlets/outlets without DatasetAlias
[2025-09-22T08:19:38.705+0000] {dag.py:3089} INFO - Sync 1 DAGs
[2025-09-22T08:19:38.845+0000] {virtualenv.py:131} INFO - Releasing virtualenv lock
[2025-09-22T08:19:38.846+0000] {virtualenv.py:145} INFO - None
[2025-09-22T08:19:38.846+0000] {taskinstance.py:441} INFO - ::group::Post task execution logs
[2025-09-22T08:19:38.888+0000] {taskinstance.py:1206} INFO - Marking task as SUCCESS. dag_id=dbt_staging, task_id=dbt_ecom.stg_customers.run, run_id=manual__2025-09-22T08:10:02.611504+00:00, execution_date=20250922T081002, start_date=20250922T081740, end_date=20250922T081938
[2025-09-22T08:19:38.930+0000] {local_task_job_runner.py:243} INFO - Task exited with return code 0
[2025-09-22T08:19:39.000+0000] {taskinstance.py:3503} INFO - 1 downstream tasks scheduled from follow-on schedule check
[2025-09-22T08:19:39.012+0000] {local_task_job_runner.py:222} INFO - ::endgroup::
