[2025-09-19T09:57:17.992+0000] {local_task_job_runner.py:120} INFO - ::group::Pre task execution logs
[2025-09-19T09:57:18.431+0000] {taskinstance.py:2076} INFO - Dependencies all met for dep_context=non-requeueable deps ti=<TaskInstance: dbt_intermediate.intermediate.marital_statuses.run scheduled__2025-09-18T00:00:00+00:00 [queued]>
[2025-09-19T09:57:18.459+0000] {taskinstance.py:2076} INFO - Dependencies all met for dep_context=requeueable deps ti=<TaskInstance: dbt_intermediate.intermediate.marital_statuses.run scheduled__2025-09-18T00:00:00+00:00 [queued]>
[2025-09-19T09:57:18.470+0000] {taskinstance.py:2306} INFO - Starting attempt 1 of 1
[2025-09-19T09:57:18.532+0000] {taskinstance.py:2330} INFO - Executing <Task(DbtRunVirtualenvOperator): intermediate.marital_statuses.run> on 2025-09-18 00:00:00+00:00
[2025-09-19T09:57:18.539+0000] {standard_task_runner.py:64} INFO - Started process 316 to run task
[2025-09-19T09:57:18.544+0000] {standard_task_runner.py:90} INFO - Running: ['***', 'tasks', 'run', 'dbt_intermediate', 'intermediate.marital_statuses.run', 'scheduled__2025-09-18T00:00:00+00:00', '--job-id', '507', '--raw', '--subdir', 'DAGS_FOLDER/dbt_intermediate.py', '--cfg-path', '/tmp/tmpibknik5m']
[2025-09-19T09:57:18.551+0000] {standard_task_runner.py:91} INFO - Job 507: Subtask intermediate.marital_statuses.run
[2025-09-19T09:57:18.902+0000] {task_command.py:426} INFO - Running <TaskInstance: dbt_intermediate.intermediate.marital_statuses.run scheduled__2025-09-18T00:00:00+00:00 [running]> on host e95bde6b8d07
[2025-09-19T09:57:19.437+0000] {taskinstance.py:2648} INFO - Exporting env vars: AIRFLOW_CTX_DAG_OWNER='***' AIRFLOW_CTX_DAG_ID='dbt_intermediate' AIRFLOW_CTX_TASK_ID='intermediate.marital_statuses.run' AIRFLOW_CTX_EXECUTION_DATE='2025-09-18T00:00:00+00:00' AIRFLOW_CTX_TRY_NUMBER='1' AIRFLOW_CTX_DAG_RUN_ID='scheduled__2025-09-18T00:00:00+00:00'
[2025-09-19T09:57:19.439+0000] {taskinstance.py:430} INFO - ::endgroup::
[2025-09-19T09:57:19.470+0000] {virtualenv.py:120} INFO - Checking if the virtualenv lock /tmp/cosmos_venv_ecom_intermediate/cosmos_virtualenv.lock exists
[2025-09-19T09:57:19.472+0000] {virtualenv.py:126} INFO - Acquiring the virtualenv lock
[2025-09-19T09:57:19.473+0000] {virtualenv.py:195} INFO - Acquiring lock at /tmp/cosmos_venv_ecom_intermediate/cosmos_virtualenv.lock with pid 316
[2025-09-19T09:57:19.474+0000] {virtualenv.py:153} INFO - Creating or updating the virtualenv at `/tmp/cosmos_venv_ecom_intermediate
[2025-09-19T09:57:19.475+0000] {process_utils.py:183} INFO - Executing cmd: /home/***/.local/bin/python -m virtualenv /tmp/cosmos_venv_ecom_intermediate --python=python3
[2025-09-19T09:57:19.479+0000] {process_utils.py:187} INFO - Output:
[2025-09-19T09:57:21.410+0000] {process_utils.py:191} INFO - created virtual environment CPython3.10.14.final.0-64 in 720ms
[2025-09-19T09:57:21.411+0000] {process_utils.py:191} INFO -   creator CPython3Posix(dest=/tmp/cosmos_venv_ecom_intermediate, clear=False, no_vcs_ignore=False, global=False)
[2025-09-19T09:57:21.412+0000] {process_utils.py:191} INFO -   seeder FromAppData(download=False, pip=bundle, setuptools=bundle, wheel=bundle, via=copy, app_data_dir=/home/***/.local/share/virtualenv)
[2025-09-19T09:57:21.414+0000] {process_utils.py:191} INFO -     added seed packages: MarkupSafe==3.0.2, PyYAML==6.0.2, agate==1.9.1, annotated_types==0.7.0, attrs==25.3.0, babel==2.17.0, certifi==2025.8.3, charset_normalizer==3.4.3, click==8.2.1, clickhouse_connect==0.8.18, clickhouse_driver==0.2.9, colorama==0.4.6, daff==1.4.2, dbt_adapters==1.16.7, dbt_clickhouse==1.9.3, dbt_common==1.30.0, dbt_core==1.10.11, dbt_extractor==0.6.0, dbt_protos==1.0.375, dbt_semantic_interfaces==0.9.0, deepdiff==8.6.1, idna==3.10, importlib_metadata==8.7.0, isodate==0.6.1, jinja2==3.1.6, jsonschema==4.25.1, jsonschema_specifications==2025.9.1, leather==0.4.0, lz4==4.4.4, mashumaro==3.14, more_itertools==10.8.0, msgpack==1.1.1, networkx==3.4.2, orderly_set==5.5.0, packaging==25.0, parsedatetime==2.6, pathspec==0.12.1, pip==25.2, protobuf==6.32.1, pydantic==2.11.8, pydantic_core==2.33.2, python_dateutil==2.9.0.post0, python_slugify==8.0.4, pytimeparse==1.1.8, pytz==2025.2, referencing==0.36.2, requests==2.32.5, rpds_py==0.27.1, setuptools==80.9.0, six==1.17.0, snowplow_tracker==1.1.0, sqlparse==0.5.3, text_unidecode==1.3, typing_extensions==4.15.0, typing_inspection==0.4.1, tzlocal==5.3.1, urllib3==2.5.0, wheel==0.45.1, zipp==3.23.0, zstandard==0.24.0
[2025-09-19T09:57:21.415+0000] {process_utils.py:191} INFO -   activators BashActivator,CShellActivator,FishActivator,NushellActivator,PowerShellActivator,PythonActivator
[2025-09-19T09:57:21.489+0000] {process_utils.py:183} INFO - Executing cmd: /tmp/cosmos_venv_ecom_intermediate/bin/pip install dbt-clickhouse
[2025-09-19T09:57:21.490+0000] {process_utils.py:187} INFO - Output:
[2025-09-19T09:57:22.971+0000] {process_utils.py:191} INFO - Traceback (most recent call last):
[2025-09-19T09:57:22.972+0000] {process_utils.py:191} INFO -   File "/tmp/cosmos_venv_ecom_intermediate/bin/pip", line 8, in <module>
[2025-09-19T09:57:22.972+0000] {process_utils.py:191} INFO -   File "/tmp/cosmos_venv_ecom_intermediate/lib/python3.10/site-packages/pip/_internal/cli/main.py", line 78, in main
[2025-09-19T09:57:22.973+0000] {process_utils.py:191} INFO -     command = create_command(cmd_name, isolated=("--isolated" in cmd_args))
[2025-09-19T09:57:22.973+0000] {process_utils.py:191} INFO -   File "/tmp/cosmos_venv_ecom_intermediate/lib/python3.10/site-packages/pip/_internal/commands/__init__.py", line 121, in create_command
[2025-09-19T09:57:22.974+0000] {process_utils.py:191} INFO -     module = importlib.import_module(module_path)
[2025-09-19T09:57:22.974+0000] {process_utils.py:191} INFO -   File "/usr/local/lib/python3.10/importlib/__init__.py", line 126, in import_module
[2025-09-19T09:57:22.975+0000] {process_utils.py:191} INFO -     return _bootstrap._gcd_import(name[level:], package, level)
[2025-09-19T09:57:22.975+0000] {process_utils.py:191} INFO -   File "<frozen importlib._bootstrap>", line 1050, in _gcd_import
[2025-09-19T09:57:22.975+0000] {process_utils.py:191} INFO -   File "<frozen importlib._bootstrap>", line 1027, in _find_and_load
[2025-09-19T09:57:22.976+0000] {process_utils.py:191} INFO -   File "<frozen importlib._bootstrap>", line 1006, in _find_and_load_unlocked
[2025-09-19T09:57:22.976+0000] {process_utils.py:191} INFO -   File "<frozen importlib._bootstrap>", line 688, in _load_unlocked
[2025-09-19T09:57:22.977+0000] {process_utils.py:191} INFO -   File "<frozen importlib._bootstrap_external>", line 883, in exec_module
[2025-09-19T09:57:22.977+0000] {process_utils.py:191} INFO -   File "<frozen importlib._bootstrap>", line 241, in _call_with_frames_removed
[2025-09-19T09:57:22.978+0000] {process_utils.py:191} INFO -   File "/tmp/cosmos_venv_ecom_intermediate/lib/python3.10/site-packages/pip/_internal/commands/install.py", line 22, in <module>
[2025-09-19T09:57:22.978+0000] {process_utils.py:191} INFO -     import pip._internal.self_outdated_check  # noqa: F401
[2025-09-19T09:57:22.979+0000] {process_utils.py:191} INFO -   File "/tmp/cosmos_venv_ecom_intermediate/lib/python3.10/site-packages/pip/_internal/self_outdated_check.py", line 21, in <module>
[2025-09-19T09:57:22.979+0000] {process_utils.py:191} INFO -     from pip._internal.index.package_finder import PackageFinder
[2025-09-19T09:57:22.980+0000] {process_utils.py:191} INFO -   File "/tmp/cosmos_venv_ecom_intermediate/lib/python3.10/site-packages/pip/_internal/index/package_finder.py", line 38, in <module>
[2025-09-19T09:57:22.981+0000] {process_utils.py:191} INFO -     from pip._internal.req import InstallRequirement
[2025-09-19T09:57:22.981+0000] {process_utils.py:191} INFO -   File "/tmp/cosmos_venv_ecom_intermediate/lib/python3.10/site-packages/pip/_internal/req/__init__.py", line 8, in <module>
[2025-09-19T09:57:22.981+0000] {process_utils.py:191} INFO -     from pip._internal.cli.progress_bars import BarType, get_install_progress_renderer
[2025-09-19T09:57:22.982+0000] {process_utils.py:191} INFO -   File "/tmp/cosmos_venv_ecom_intermediate/lib/python3.10/site-packages/pip/_internal/cli/progress_bars.py", line 23, in <module>
[2025-09-19T09:57:22.982+0000] {process_utils.py:191} INFO -     from pip._internal.req.req_install import InstallRequirement
[2025-09-19T09:57:22.983+0000] {process_utils.py:191} INFO -   File "/tmp/cosmos_venv_ecom_intermediate/lib/python3.10/site-packages/pip/_internal/req/req_install.py", line 43, in <module>
[2025-09-19T09:57:22.983+0000] {process_utils.py:191} INFO -     from pip._internal.operations.install.wheel import install_wheel
[2025-09-19T09:57:22.984+0000] {process_utils.py:191} INFO -   File "/tmp/cosmos_venv_ecom_intermediate/lib/python3.10/site-packages/pip/_internal/operations/install/wheel.py", line 33, in <module>
[2025-09-19T09:57:22.984+0000] {process_utils.py:191} INFO -     from pip._vendor.distlib.scripts import ScriptMaker
[2025-09-19T09:57:22.985+0000] {process_utils.py:191} INFO -   File "/tmp/cosmos_venv_ecom_intermediate/lib/python3.10/site-packages/pip/_vendor/distlib/scripts.py", line 17, in <module>
[2025-09-19T09:57:22.985+0000] {process_utils.py:191} INFO - ModuleNotFoundError: No module named 'pip._vendor.distlib.resources'
[2025-09-19T09:57:23.047+0000] {virtualenv.py:131} INFO - Releasing virtualenv lock
[2025-09-19T09:57:23.048+0000] {virtualenv.py:210} WARNING - Lockfile owned by process of pid 317, while operator has pid 316
[2025-09-19T09:57:23.048+0000] {taskinstance.py:441} INFO - ::group::Post task execution logs
[2025-09-19T09:57:23.049+0000] {taskinstance.py:2905} ERROR - Task failed with exception
Traceback (most recent call last):
  File "/home/airflow/.local/lib/python3.10/site-packages/airflow/models/taskinstance.py", line 465, in _execute_task
    result = _execute_callable(context=context, **execute_callable_kwargs)
  File "/home/airflow/.local/lib/python3.10/site-packages/airflow/models/taskinstance.py", line 432, in _execute_callable
    return execute_callable(context=context, **execute_callable_kwargs)
  File "/home/airflow/.local/lib/python3.10/site-packages/airflow/models/baseoperator.py", line 401, in wrapper
    return func(self, *args, **kwargs)
  File "/home/airflow/.local/lib/python3.10/site-packages/cosmos/operators/virtualenv.py", line 144, in execute
    output = super().execute(context)
  File "/home/airflow/.local/lib/python3.10/site-packages/cosmos/operators/base.py", line 310, in execute
    self.build_and_run_cmd(context=context, cmd_flags=self.add_cmd_flags())
  File "/home/airflow/.local/lib/python3.10/site-packages/cosmos/operators/local.py", line 853, in build_and_run_cmd
    result = self.run_command(
  File "/home/airflow/.local/lib/python3.10/site-packages/cosmos/operators/virtualenv.py", line 128, in run_command
    self._py_bin = self._prepare_virtualenv()
  File "/home/airflow/.local/lib/python3.10/site-packages/cosmos/operators/virtualenv.py", line 154, in _prepare_virtualenv
    py_bin = prepare_virtualenv(
  File "/home/airflow/.local/lib/python3.10/site-packages/airflow/utils/python_virtualenv.py", line 119, in prepare_virtualenv
    execute_in_subprocess(pip_cmd)
  File "/home/airflow/.local/lib/python3.10/site-packages/airflow/utils/process_utils.py", line 172, in execute_in_subprocess
    execute_in_subprocess_with_kwargs(cmd, cwd=cwd)
  File "/home/airflow/.local/lib/python3.10/site-packages/airflow/utils/process_utils.py", line 195, in execute_in_subprocess_with_kwargs
    raise subprocess.CalledProcessError(exit_code, cmd)
subprocess.CalledProcessError: Command '['/tmp/cosmos_venv_ecom_intermediate/bin/pip', 'install', 'dbt-clickhouse']' returned non-zero exit status 1.
[2025-09-19T09:57:23.095+0000] {taskinstance.py:1206} INFO - Marking task as FAILED. dag_id=dbt_intermediate, task_id=intermediate.marital_statuses.run, run_id=scheduled__2025-09-18T00:00:00+00:00, execution_date=20250918T000000, start_date=20250919T095718, end_date=20250919T095723
[2025-09-19T09:57:23.139+0000] {standard_task_runner.py:110} ERROR - Failed to execute job 507 for task intermediate.marital_statuses.run (Command '['/tmp/cosmos_venv_ecom_intermediate/bin/pip', 'install', 'dbt-clickhouse']' returned non-zero exit status 1.; 316)
[2025-09-19T09:57:23.177+0000] {local_task_job_runner.py:243} INFO - Task exited with return code 1
[2025-09-19T09:57:23.256+0000] {taskinstance.py:3503} INFO - 0 downstream tasks scheduled from follow-on schedule check
[2025-09-19T09:57:23.262+0000] {local_task_job_runner.py:222} INFO - ::endgroup::
[2025-09-19T10:00:37.725+0000] {local_task_job_runner.py:120} INFO - ::group::Pre task execution logs
[2025-09-19T10:00:38.266+0000] {taskinstance.py:2076} INFO - Dependencies all met for dep_context=non-requeueable deps ti=<TaskInstance: dbt_intermediate.intermediate.marital_statuses.run scheduled__2025-09-18T00:00:00+00:00 [queued]>
[2025-09-19T10:00:38.300+0000] {taskinstance.py:2076} INFO - Dependencies all met for dep_context=requeueable deps ti=<TaskInstance: dbt_intermediate.intermediate.marital_statuses.run scheduled__2025-09-18T00:00:00+00:00 [queued]>
[2025-09-19T10:00:38.302+0000] {taskinstance.py:2306} INFO - Starting attempt 1 of 1
[2025-09-19T10:00:38.351+0000] {taskinstance.py:2330} INFO - Executing <Task(DbtRunVirtualenvOperator): intermediate.marital_statuses.run> on 2025-09-18 00:00:00+00:00
[2025-09-19T10:00:38.358+0000] {standard_task_runner.py:64} INFO - Started process 615 to run task
[2025-09-19T10:00:38.364+0000] {standard_task_runner.py:90} INFO - Running: ['***', 'tasks', 'run', 'dbt_intermediate', 'intermediate.marital_statuses.run', 'scheduled__2025-09-18T00:00:00+00:00', '--job-id', '521', '--raw', '--subdir', 'DAGS_FOLDER/dbt_intermediate.py', '--cfg-path', '/tmp/tmpb8pvv6ks']
[2025-09-19T10:00:38.369+0000] {standard_task_runner.py:91} INFO - Job 521: Subtask intermediate.marital_statuses.run
[2025-09-19T10:00:38.824+0000] {task_command.py:426} INFO - Running <TaskInstance: dbt_intermediate.intermediate.marital_statuses.run scheduled__2025-09-18T00:00:00+00:00 [running]> on host e95bde6b8d07
[2025-09-19T10:00:39.454+0000] {taskinstance.py:2648} INFO - Exporting env vars: AIRFLOW_CTX_DAG_OWNER='***' AIRFLOW_CTX_DAG_ID='dbt_intermediate' AIRFLOW_CTX_TASK_ID='intermediate.marital_statuses.run' AIRFLOW_CTX_EXECUTION_DATE='2025-09-18T00:00:00+00:00' AIRFLOW_CTX_TRY_NUMBER='1' AIRFLOW_CTX_DAG_RUN_ID='scheduled__2025-09-18T00:00:00+00:00'
[2025-09-19T10:00:39.456+0000] {taskinstance.py:430} INFO - ::endgroup::
[2025-09-19T10:00:39.475+0000] {virtualenv.py:120} INFO - Checking if the virtualenv lock /tmp/cosmos_venv_ecom_intermediate/cosmos_virtualenv.lock exists
[2025-09-19T10:00:39.475+0000] {virtualenv.py:178} INFO - Checking for running process with PID 608
[2025-09-19T10:00:39.476+0000] {virtualenv.py:181} INFO - Process 608 running: True and has the lock /tmp/cosmos_venv_ecom_intermediate/cosmos_virtualenv.lock.
[2025-09-19T10:00:39.477+0000] {virtualenv.py:122} INFO - Waiting for virtualenv lock to be released
[2025-09-19T10:00:40.479+0000] {virtualenv.py:178} INFO - Checking for running process with PID 608
[2025-09-19T10:00:40.480+0000] {virtualenv.py:181} INFO - Process 608 running: True and has the lock /tmp/cosmos_venv_ecom_intermediate/cosmos_virtualenv.lock.
[2025-09-19T10:00:40.481+0000] {virtualenv.py:122} INFO - Waiting for virtualenv lock to be released
[2025-09-19T10:00:41.483+0000] {virtualenv.py:178} INFO - Checking for running process with PID 608
[2025-09-19T10:00:41.484+0000] {virtualenv.py:181} INFO - Process 608 running: True and has the lock /tmp/cosmos_venv_ecom_intermediate/cosmos_virtualenv.lock.
[2025-09-19T10:00:41.484+0000] {virtualenv.py:122} INFO - Waiting for virtualenv lock to be released
[2025-09-19T10:00:42.486+0000] {virtualenv.py:178} INFO - Checking for running process with PID 608
[2025-09-19T10:00:42.487+0000] {virtualenv.py:181} INFO - Process 608 running: True and has the lock /tmp/cosmos_venv_ecom_intermediate/cosmos_virtualenv.lock.
[2025-09-19T10:00:42.488+0000] {virtualenv.py:122} INFO - Waiting for virtualenv lock to be released
[2025-09-19T10:00:43.489+0000] {virtualenv.py:178} INFO - Checking for running process with PID 608
[2025-09-19T10:00:43.492+0000] {virtualenv.py:181} INFO - Process 608 running: True and has the lock /tmp/cosmos_venv_ecom_intermediate/cosmos_virtualenv.lock.
[2025-09-19T10:00:43.493+0000] {virtualenv.py:122} INFO - Waiting for virtualenv lock to be released
[2025-09-19T10:00:44.496+0000] {virtualenv.py:178} INFO - Checking for running process with PID 608
[2025-09-19T10:00:44.497+0000] {virtualenv.py:181} INFO - Process 608 running: True and has the lock /tmp/cosmos_venv_ecom_intermediate/cosmos_virtualenv.lock.
[2025-09-19T10:00:44.498+0000] {virtualenv.py:122} INFO - Waiting for virtualenv lock to be released
[2025-09-19T10:00:45.500+0000] {virtualenv.py:178} INFO - Checking for running process with PID 608
[2025-09-19T10:00:45.501+0000] {virtualenv.py:181} INFO - Process 608 running: True and has the lock /tmp/cosmos_venv_ecom_intermediate/cosmos_virtualenv.lock.
[2025-09-19T10:00:45.501+0000] {virtualenv.py:122} INFO - Waiting for virtualenv lock to be released
[2025-09-19T10:00:46.503+0000] {virtualenv.py:178} INFO - Checking for running process with PID 608
[2025-09-19T10:00:46.505+0000] {virtualenv.py:181} INFO - Process 608 running: True and has the lock /tmp/cosmos_venv_ecom_intermediate/cosmos_virtualenv.lock.
[2025-09-19T10:00:46.506+0000] {virtualenv.py:122} INFO - Waiting for virtualenv lock to be released
[2025-09-19T10:00:47.509+0000] {virtualenv.py:178} INFO - Checking for running process with PID 608
[2025-09-19T10:00:47.510+0000] {virtualenv.py:181} INFO - Process 608 running: True and has the lock /tmp/cosmos_venv_ecom_intermediate/cosmos_virtualenv.lock.
[2025-09-19T10:00:47.511+0000] {virtualenv.py:122} INFO - Waiting for virtualenv lock to be released
[2025-09-19T10:00:48.513+0000] {virtualenv.py:178} INFO - Checking for running process with PID 608
[2025-09-19T10:00:48.514+0000] {virtualenv.py:181} INFO - Process 608 running: True and has the lock /tmp/cosmos_venv_ecom_intermediate/cosmos_virtualenv.lock.
[2025-09-19T10:00:48.514+0000] {virtualenv.py:122} INFO - Waiting for virtualenv lock to be released
[2025-09-19T10:00:49.516+0000] {virtualenv.py:178} INFO - Checking for running process with PID 608
[2025-09-19T10:00:49.517+0000] {virtualenv.py:181} INFO - Process 608 running: True and has the lock /tmp/cosmos_venv_ecom_intermediate/cosmos_virtualenv.lock.
[2025-09-19T10:00:49.518+0000] {virtualenv.py:122} INFO - Waiting for virtualenv lock to be released
[2025-09-19T10:00:50.520+0000] {virtualenv.py:178} INFO - Checking for running process with PID 608
[2025-09-19T10:00:50.521+0000] {virtualenv.py:181} INFO - Process 608 running: True and has the lock /tmp/cosmos_venv_ecom_intermediate/cosmos_virtualenv.lock.
[2025-09-19T10:00:50.522+0000] {virtualenv.py:122} INFO - Waiting for virtualenv lock to be released
[2025-09-19T10:00:51.524+0000] {virtualenv.py:178} INFO - Checking for running process with PID 608
[2025-09-19T10:00:51.525+0000] {virtualenv.py:181} INFO - Process 608 running: True and has the lock /tmp/cosmos_venv_ecom_intermediate/cosmos_virtualenv.lock.
[2025-09-19T10:00:51.526+0000] {virtualenv.py:122} INFO - Waiting for virtualenv lock to be released
[2025-09-19T10:00:52.527+0000] {virtualenv.py:178} INFO - Checking for running process with PID 608
[2025-09-19T10:00:52.528+0000] {virtualenv.py:181} INFO - Process 608 running: True and has the lock /tmp/cosmos_venv_ecom_intermediate/cosmos_virtualenv.lock.
[2025-09-19T10:00:52.528+0000] {virtualenv.py:122} INFO - Waiting for virtualenv lock to be released
[2025-09-19T10:00:53.530+0000] {virtualenv.py:178} INFO - Checking for running process with PID 608
[2025-09-19T10:00:53.531+0000] {virtualenv.py:181} INFO - Process 608 running: True and has the lock /tmp/cosmos_venv_ecom_intermediate/cosmos_virtualenv.lock.
[2025-09-19T10:00:53.531+0000] {virtualenv.py:122} INFO - Waiting for virtualenv lock to be released
[2025-09-19T10:00:54.533+0000] {virtualenv.py:178} INFO - Checking for running process with PID 608
[2025-09-19T10:00:54.534+0000] {virtualenv.py:181} INFO - Process 608 running: True and has the lock /tmp/cosmos_venv_ecom_intermediate/cosmos_virtualenv.lock.
[2025-09-19T10:00:54.535+0000] {virtualenv.py:122} INFO - Waiting for virtualenv lock to be released
[2025-09-19T10:00:55.535+0000] {virtualenv.py:178} INFO - Checking for running process with PID 607
[2025-09-19T10:00:55.536+0000] {virtualenv.py:181} INFO - Process 607 running: True and has the lock /tmp/cosmos_venv_ecom_intermediate/cosmos_virtualenv.lock.
[2025-09-19T10:00:55.537+0000] {virtualenv.py:122} INFO - Waiting for virtualenv lock to be released
[2025-09-19T10:00:56.539+0000] {virtualenv.py:178} INFO - Checking for running process with PID 607
[2025-09-19T10:00:56.539+0000] {virtualenv.py:181} INFO - Process 607 running: True and has the lock /tmp/cosmos_venv_ecom_intermediate/cosmos_virtualenv.lock.
[2025-09-19T10:00:56.540+0000] {virtualenv.py:122} INFO - Waiting for virtualenv lock to be released
[2025-09-19T10:00:57.541+0000] {virtualenv.py:178} INFO - Checking for running process with PID 607
[2025-09-19T10:00:57.542+0000] {virtualenv.py:181} INFO - Process 607 running: True and has the lock /tmp/cosmos_venv_ecom_intermediate/cosmos_virtualenv.lock.
[2025-09-19T10:00:57.542+0000] {virtualenv.py:122} INFO - Waiting for virtualenv lock to be released
[2025-09-19T10:00:58.544+0000] {virtualenv.py:178} INFO - Checking for running process with PID 607
[2025-09-19T10:00:58.544+0000] {virtualenv.py:181} INFO - Process 607 running: True and has the lock /tmp/cosmos_venv_ecom_intermediate/cosmos_virtualenv.lock.
[2025-09-19T10:00:58.545+0000] {virtualenv.py:122} INFO - Waiting for virtualenv lock to be released
[2025-09-19T10:00:59.547+0000] {virtualenv.py:178} INFO - Checking for running process with PID 607
[2025-09-19T10:00:59.548+0000] {virtualenv.py:181} INFO - Process 607 running: True and has the lock /tmp/cosmos_venv_ecom_intermediate/cosmos_virtualenv.lock.
[2025-09-19T10:00:59.549+0000] {virtualenv.py:122} INFO - Waiting for virtualenv lock to be released
[2025-09-19T10:01:00.551+0000] {virtualenv.py:178} INFO - Checking for running process with PID 607
[2025-09-19T10:01:00.552+0000] {virtualenv.py:181} INFO - Process 607 running: True and has the lock /tmp/cosmos_venv_ecom_intermediate/cosmos_virtualenv.lock.
[2025-09-19T10:01:00.552+0000] {virtualenv.py:122} INFO - Waiting for virtualenv lock to be released
[2025-09-19T10:01:01.553+0000] {virtualenv.py:178} INFO - Checking for running process with PID 607
[2025-09-19T10:01:01.555+0000] {virtualenv.py:181} INFO - Process 607 running: True and has the lock /tmp/cosmos_venv_ecom_intermediate/cosmos_virtualenv.lock.
[2025-09-19T10:01:01.555+0000] {virtualenv.py:122} INFO - Waiting for virtualenv lock to be released
[2025-09-19T10:01:02.557+0000] {virtualenv.py:178} INFO - Checking for running process with PID 607
[2025-09-19T10:01:02.558+0000] {virtualenv.py:181} INFO - Process 607 running: True and has the lock /tmp/cosmos_venv_ecom_intermediate/cosmos_virtualenv.lock.
[2025-09-19T10:01:02.558+0000] {virtualenv.py:122} INFO - Waiting for virtualenv lock to be released
[2025-09-19T10:01:03.558+0000] {virtualenv.py:178} INFO - Checking for running process with PID 607
[2025-09-19T10:01:03.559+0000] {virtualenv.py:181} INFO - Process 607 running: True and has the lock /tmp/cosmos_venv_ecom_intermediate/cosmos_virtualenv.lock.
[2025-09-19T10:01:03.560+0000] {virtualenv.py:122} INFO - Waiting for virtualenv lock to be released
[2025-09-19T10:01:04.562+0000] {virtualenv.py:178} INFO - Checking for running process with PID 607
[2025-09-19T10:01:04.562+0000] {virtualenv.py:181} INFO - Process 607 running: True and has the lock /tmp/cosmos_venv_ecom_intermediate/cosmos_virtualenv.lock.
[2025-09-19T10:01:04.563+0000] {virtualenv.py:122} INFO - Waiting for virtualenv lock to be released
[2025-09-19T10:01:05.564+0000] {virtualenv.py:178} INFO - Checking for running process with PID 607
[2025-09-19T10:01:05.565+0000] {virtualenv.py:181} INFO - Process 607 running: True and has the lock /tmp/cosmos_venv_ecom_intermediate/cosmos_virtualenv.lock.
[2025-09-19T10:01:05.565+0000] {virtualenv.py:122} INFO - Waiting for virtualenv lock to be released
[2025-09-19T10:01:06.567+0000] {virtualenv.py:178} INFO - Checking for running process with PID 607
[2025-09-19T10:01:06.568+0000] {virtualenv.py:181} INFO - Process 607 running: True and has the lock /tmp/cosmos_venv_ecom_intermediate/cosmos_virtualenv.lock.
[2025-09-19T10:01:06.569+0000] {virtualenv.py:122} INFO - Waiting for virtualenv lock to be released
[2025-09-19T10:01:07.570+0000] {virtualenv.py:178} INFO - Checking for running process with PID 607
[2025-09-19T10:01:07.571+0000] {virtualenv.py:181} INFO - Process 607 running: True and has the lock /tmp/cosmos_venv_ecom_intermediate/cosmos_virtualenv.lock.
[2025-09-19T10:01:07.571+0000] {virtualenv.py:122} INFO - Waiting for virtualenv lock to be released
[2025-09-19T10:01:08.573+0000] {virtualenv.py:178} INFO - Checking for running process with PID 607
[2025-09-19T10:01:08.574+0000] {virtualenv.py:181} INFO - Process 607 running: True and has the lock /tmp/cosmos_venv_ecom_intermediate/cosmos_virtualenv.lock.
[2025-09-19T10:01:08.575+0000] {virtualenv.py:122} INFO - Waiting for virtualenv lock to be released
[2025-09-19T10:01:09.577+0000] {virtualenv.py:178} INFO - Checking for running process with PID 607
[2025-09-19T10:01:09.578+0000] {virtualenv.py:181} INFO - Process 607 running: True and has the lock /tmp/cosmos_venv_ecom_intermediate/cosmos_virtualenv.lock.
[2025-09-19T10:01:09.578+0000] {virtualenv.py:122} INFO - Waiting for virtualenv lock to be released
[2025-09-19T10:01:10.580+0000] {virtualenv.py:178} INFO - Checking for running process with PID 607
[2025-09-19T10:01:10.593+0000] {virtualenv.py:181} INFO - Process 607 running: True and has the lock /tmp/cosmos_venv_ecom_intermediate/cosmos_virtualenv.lock.
[2025-09-19T10:01:10.593+0000] {virtualenv.py:122} INFO - Waiting for virtualenv lock to be released
[2025-09-19T10:01:11.595+0000] {virtualenv.py:178} INFO - Checking for running process with PID 680
[2025-09-19T10:01:11.596+0000] {virtualenv.py:181} INFO - Process 680 running: True and has the lock /tmp/cosmos_venv_ecom_intermediate/cosmos_virtualenv.lock.
[2025-09-19T10:01:11.597+0000] {virtualenv.py:122} INFO - Waiting for virtualenv lock to be released
[2025-09-19T10:01:12.598+0000] {virtualenv.py:178} INFO - Checking for running process with PID 680
[2025-09-19T10:01:12.599+0000] {virtualenv.py:181} INFO - Process 680 running: True and has the lock /tmp/cosmos_venv_ecom_intermediate/cosmos_virtualenv.lock.
[2025-09-19T10:01:12.600+0000] {virtualenv.py:122} INFO - Waiting for virtualenv lock to be released
[2025-09-19T10:01:13.601+0000] {virtualenv.py:178} INFO - Checking for running process with PID 680
[2025-09-19T10:01:13.602+0000] {virtualenv.py:181} INFO - Process 680 running: True and has the lock /tmp/cosmos_venv_ecom_intermediate/cosmos_virtualenv.lock.
[2025-09-19T10:01:13.603+0000] {virtualenv.py:122} INFO - Waiting for virtualenv lock to be released
[2025-09-19T10:01:14.604+0000] {virtualenv.py:178} INFO - Checking for running process with PID 680
[2025-09-19T10:01:14.606+0000] {virtualenv.py:181} INFO - Process 680 running: True and has the lock /tmp/cosmos_venv_ecom_intermediate/cosmos_virtualenv.lock.
[2025-09-19T10:01:14.606+0000] {virtualenv.py:122} INFO - Waiting for virtualenv lock to be released
[2025-09-19T10:01:15.608+0000] {virtualenv.py:178} INFO - Checking for running process with PID 680
[2025-09-19T10:01:15.608+0000] {virtualenv.py:181} INFO - Process 680 running: True and has the lock /tmp/cosmos_venv_ecom_intermediate/cosmos_virtualenv.lock.
[2025-09-19T10:01:15.609+0000] {virtualenv.py:122} INFO - Waiting for virtualenv lock to be released
[2025-09-19T10:01:16.611+0000] {virtualenv.py:178} INFO - Checking for running process with PID 680
[2025-09-19T10:01:16.612+0000] {virtualenv.py:181} INFO - Process 680 running: True and has the lock /tmp/cosmos_venv_ecom_intermediate/cosmos_virtualenv.lock.
[2025-09-19T10:01:16.613+0000] {virtualenv.py:122} INFO - Waiting for virtualenv lock to be released
[2025-09-19T10:01:17.614+0000] {virtualenv.py:178} INFO - Checking for running process with PID 680
[2025-09-19T10:01:17.624+0000] {virtualenv.py:181} INFO - Process 680 running: True and has the lock /tmp/cosmos_venv_ecom_intermediate/cosmos_virtualenv.lock.
[2025-09-19T10:01:17.625+0000] {virtualenv.py:122} INFO - Waiting for virtualenv lock to be released
[2025-09-19T10:01:18.635+0000] {virtualenv.py:178} INFO - Checking for running process with PID 680
[2025-09-19T10:01:18.636+0000] {virtualenv.py:181} INFO - Process 680 running: True and has the lock /tmp/cosmos_venv_ecom_intermediate/cosmos_virtualenv.lock.
[2025-09-19T10:01:18.636+0000] {virtualenv.py:122} INFO - Waiting for virtualenv lock to be released
[2025-09-19T10:01:19.638+0000] {virtualenv.py:178} INFO - Checking for running process with PID 680
[2025-09-19T10:01:19.639+0000] {virtualenv.py:181} INFO - Process 680 running: True and has the lock /tmp/cosmos_venv_ecom_intermediate/cosmos_virtualenv.lock.
[2025-09-19T10:01:19.639+0000] {virtualenv.py:122} INFO - Waiting for virtualenv lock to be released
[2025-09-19T10:01:20.641+0000] {virtualenv.py:178} INFO - Checking for running process with PID 680
[2025-09-19T10:01:20.643+0000] {virtualenv.py:181} INFO - Process 680 running: True and has the lock /tmp/cosmos_venv_ecom_intermediate/cosmos_virtualenv.lock.
[2025-09-19T10:01:20.644+0000] {virtualenv.py:122} INFO - Waiting for virtualenv lock to be released
[2025-09-19T10:01:21.646+0000] {virtualenv.py:178} INFO - Checking for running process with PID 680
[2025-09-19T10:01:21.647+0000] {virtualenv.py:181} INFO - Process 680 running: True and has the lock /tmp/cosmos_venv_ecom_intermediate/cosmos_virtualenv.lock.
[2025-09-19T10:01:21.647+0000] {virtualenv.py:122} INFO - Waiting for virtualenv lock to be released
[2025-09-19T10:01:22.649+0000] {virtualenv.py:178} INFO - Checking for running process with PID 680
[2025-09-19T10:01:22.650+0000] {virtualenv.py:181} INFO - Process 680 running: True and has the lock /tmp/cosmos_venv_ecom_intermediate/cosmos_virtualenv.lock.
[2025-09-19T10:01:22.650+0000] {virtualenv.py:122} INFO - Waiting for virtualenv lock to be released
[2025-09-19T10:01:23.652+0000] {virtualenv.py:178} INFO - Checking for running process with PID 680
[2025-09-19T10:01:23.652+0000] {virtualenv.py:181} INFO - Process 680 running: True and has the lock /tmp/cosmos_venv_ecom_intermediate/cosmos_virtualenv.lock.
[2025-09-19T10:01:23.653+0000] {virtualenv.py:122} INFO - Waiting for virtualenv lock to be released
[2025-09-19T10:01:24.654+0000] {virtualenv.py:178} INFO - Checking for running process with PID 680
[2025-09-19T10:01:24.655+0000] {virtualenv.py:181} INFO - Process 680 running: True and has the lock /tmp/cosmos_venv_ecom_intermediate/cosmos_virtualenv.lock.
[2025-09-19T10:01:24.656+0000] {virtualenv.py:122} INFO - Waiting for virtualenv lock to be released
[2025-09-19T10:01:25.658+0000] {virtualenv.py:178} INFO - Checking for running process with PID 680
[2025-09-19T10:01:25.659+0000] {virtualenv.py:181} INFO - Process 680 running: True and has the lock /tmp/cosmos_venv_ecom_intermediate/cosmos_virtualenv.lock.
[2025-09-19T10:01:25.659+0000] {virtualenv.py:122} INFO - Waiting for virtualenv lock to be released
[2025-09-19T10:01:26.661+0000] {virtualenv.py:178} INFO - Checking for running process with PID 680
[2025-09-19T10:01:26.662+0000] {virtualenv.py:181} INFO - Process 680 running: True and has the lock /tmp/cosmos_venv_ecom_intermediate/cosmos_virtualenv.lock.
[2025-09-19T10:01:26.663+0000] {virtualenv.py:122} INFO - Waiting for virtualenv lock to be released
[2025-09-19T10:01:27.664+0000] {virtualenv.py:178} INFO - Checking for running process with PID 611
[2025-09-19T10:01:27.665+0000] {virtualenv.py:181} INFO - Process 611 running: True and has the lock /tmp/cosmos_venv_ecom_intermediate/cosmos_virtualenv.lock.
[2025-09-19T10:01:27.665+0000] {virtualenv.py:122} INFO - Waiting for virtualenv lock to be released
[2025-09-19T10:01:28.667+0000] {virtualenv.py:178} INFO - Checking for running process with PID 611
[2025-09-19T10:01:28.668+0000] {virtualenv.py:181} INFO - Process 611 running: True and has the lock /tmp/cosmos_venv_ecom_intermediate/cosmos_virtualenv.lock.
[2025-09-19T10:01:28.669+0000] {virtualenv.py:122} INFO - Waiting for virtualenv lock to be released
[2025-09-19T10:01:29.678+0000] {virtualenv.py:178} INFO - Checking for running process with PID 612
[2025-09-19T10:01:29.678+0000] {virtualenv.py:181} INFO - Process 612 running: True and has the lock /tmp/cosmos_venv_ecom_intermediate/cosmos_virtualenv.lock.
[2025-09-19T10:01:29.679+0000] {virtualenv.py:122} INFO - Waiting for virtualenv lock to be released
[2025-09-19T10:01:30.681+0000] {virtualenv.py:178} INFO - Checking for running process with PID 612
[2025-09-19T10:01:30.682+0000] {virtualenv.py:181} INFO - Process 612 running: True and has the lock /tmp/cosmos_venv_ecom_intermediate/cosmos_virtualenv.lock.
[2025-09-19T10:01:30.683+0000] {virtualenv.py:122} INFO - Waiting for virtualenv lock to be released
[2025-09-19T10:01:31.684+0000] {virtualenv.py:178} INFO - Checking for running process with PID 612
[2025-09-19T10:01:31.685+0000] {virtualenv.py:181} INFO - Process 612 running: True and has the lock /tmp/cosmos_venv_ecom_intermediate/cosmos_virtualenv.lock.
[2025-09-19T10:01:31.685+0000] {virtualenv.py:122} INFO - Waiting for virtualenv lock to be released
[2025-09-19T10:01:32.687+0000] {virtualenv.py:178} INFO - Checking for running process with PID 612
[2025-09-19T10:01:32.688+0000] {virtualenv.py:181} INFO - Process 612 running: True and has the lock /tmp/cosmos_venv_ecom_intermediate/cosmos_virtualenv.lock.
[2025-09-19T10:01:32.689+0000] {virtualenv.py:122} INFO - Waiting for virtualenv lock to be released
[2025-09-19T10:01:33.689+0000] {virtualenv.py:178} INFO - Checking for running process with PID 612
[2025-09-19T10:01:33.690+0000] {virtualenv.py:181} INFO - Process 612 running: True and has the lock /tmp/cosmos_venv_ecom_intermediate/cosmos_virtualenv.lock.
[2025-09-19T10:01:33.690+0000] {virtualenv.py:122} INFO - Waiting for virtualenv lock to be released
[2025-09-19T10:01:34.691+0000] {virtualenv.py:178} INFO - Checking for running process with PID 612
[2025-09-19T10:01:34.691+0000] {virtualenv.py:181} INFO - Process 612 running: True and has the lock /tmp/cosmos_venv_ecom_intermediate/cosmos_virtualenv.lock.
[2025-09-19T10:01:34.692+0000] {virtualenv.py:122} INFO - Waiting for virtualenv lock to be released
[2025-09-19T10:01:35.694+0000] {virtualenv.py:178} INFO - Checking for running process with PID 612
[2025-09-19T10:01:35.695+0000] {virtualenv.py:181} INFO - Process 612 running: True and has the lock /tmp/cosmos_venv_ecom_intermediate/cosmos_virtualenv.lock.
[2025-09-19T10:01:35.695+0000] {virtualenv.py:122} INFO - Waiting for virtualenv lock to be released
[2025-09-19T10:01:36.697+0000] {virtualenv.py:178} INFO - Checking for running process with PID 612
[2025-09-19T10:01:36.698+0000] {virtualenv.py:181} INFO - Process 612 running: True and has the lock /tmp/cosmos_venv_ecom_intermediate/cosmos_virtualenv.lock.
[2025-09-19T10:01:36.699+0000] {virtualenv.py:122} INFO - Waiting for virtualenv lock to be released
[2025-09-19T10:01:37.701+0000] {virtualenv.py:178} INFO - Checking for running process with PID 612
[2025-09-19T10:01:37.702+0000] {virtualenv.py:181} INFO - Process 612 running: True and has the lock /tmp/cosmos_venv_ecom_intermediate/cosmos_virtualenv.lock.
[2025-09-19T10:01:37.702+0000] {virtualenv.py:122} INFO - Waiting for virtualenv lock to be released
[2025-09-19T10:01:38.704+0000] {virtualenv.py:178} INFO - Checking for running process with PID 612
[2025-09-19T10:01:38.706+0000] {virtualenv.py:181} INFO - Process 612 running: True and has the lock /tmp/cosmos_venv_ecom_intermediate/cosmos_virtualenv.lock.
[2025-09-19T10:01:38.706+0000] {virtualenv.py:122} INFO - Waiting for virtualenv lock to be released
[2025-09-19T10:01:39.708+0000] {virtualenv.py:178} INFO - Checking for running process with PID 612
[2025-09-19T10:01:39.709+0000] {virtualenv.py:181} INFO - Process 612 running: True and has the lock /tmp/cosmos_venv_ecom_intermediate/cosmos_virtualenv.lock.
[2025-09-19T10:01:39.710+0000] {virtualenv.py:122} INFO - Waiting for virtualenv lock to be released
[2025-09-19T10:01:40.710+0000] {virtualenv.py:178} INFO - Checking for running process with PID 612
[2025-09-19T10:01:40.712+0000] {virtualenv.py:181} INFO - Process 612 running: True and has the lock /tmp/cosmos_venv_ecom_intermediate/cosmos_virtualenv.lock.
[2025-09-19T10:01:40.713+0000] {virtualenv.py:122} INFO - Waiting for virtualenv lock to be released
[2025-09-19T10:01:41.715+0000] {virtualenv.py:178} INFO - Checking for running process with PID 612
[2025-09-19T10:01:41.716+0000] {virtualenv.py:181} INFO - Process 612 running: True and has the lock /tmp/cosmos_venv_ecom_intermediate/cosmos_virtualenv.lock.
[2025-09-19T10:01:41.717+0000] {virtualenv.py:122} INFO - Waiting for virtualenv lock to be released
[2025-09-19T10:01:42.718+0000] {virtualenv.py:178} INFO - Checking for running process with PID 612
[2025-09-19T10:01:42.720+0000] {virtualenv.py:181} INFO - Process 612 running: True and has the lock /tmp/cosmos_venv_ecom_intermediate/cosmos_virtualenv.lock.
[2025-09-19T10:01:42.721+0000] {virtualenv.py:122} INFO - Waiting for virtualenv lock to be released
[2025-09-19T10:01:43.723+0000] {virtualenv.py:178} INFO - Checking for running process with PID 612
[2025-09-19T10:01:43.724+0000] {virtualenv.py:181} INFO - Process 612 running: True and has the lock /tmp/cosmos_venv_ecom_intermediate/cosmos_virtualenv.lock.
[2025-09-19T10:01:43.724+0000] {virtualenv.py:122} INFO - Waiting for virtualenv lock to be released
[2025-09-19T10:01:44.726+0000] {virtualenv.py:178} INFO - Checking for running process with PID 612
[2025-09-19T10:01:44.727+0000] {virtualenv.py:181} INFO - Process 612 running: True and has the lock /tmp/cosmos_venv_ecom_intermediate/cosmos_virtualenv.lock.
[2025-09-19T10:01:44.727+0000] {virtualenv.py:122} INFO - Waiting for virtualenv lock to be released
[2025-09-19T10:01:45.729+0000] {virtualenv.py:178} INFO - Checking for running process with PID 612
[2025-09-19T10:01:45.730+0000] {virtualenv.py:181} INFO - Process 612 running: True and has the lock /tmp/cosmos_venv_ecom_intermediate/cosmos_virtualenv.lock.
[2025-09-19T10:01:45.730+0000] {virtualenv.py:122} INFO - Waiting for virtualenv lock to be released
[2025-09-19T10:01:46.732+0000] {virtualenv.py:178} INFO - Checking for running process with PID 612
[2025-09-19T10:01:46.733+0000] {virtualenv.py:181} INFO - Process 612 running: True and has the lock /tmp/cosmos_venv_ecom_intermediate/cosmos_virtualenv.lock.
[2025-09-19T10:01:46.734+0000] {virtualenv.py:122} INFO - Waiting for virtualenv lock to be released
[2025-09-19T10:01:47.735+0000] {virtualenv.py:178} INFO - Checking for running process with PID 906
[2025-09-19T10:01:47.736+0000] {virtualenv.py:181} INFO - Process 906 running: True and has the lock /tmp/cosmos_venv_ecom_intermediate/cosmos_virtualenv.lock.
[2025-09-19T10:01:47.736+0000] {virtualenv.py:122} INFO - Waiting for virtualenv lock to be released
[2025-09-19T10:01:48.738+0000] {virtualenv.py:178} INFO - Checking for running process with PID 906
[2025-09-19T10:01:48.738+0000] {virtualenv.py:181} INFO - Process 906 running: True and has the lock /tmp/cosmos_venv_ecom_intermediate/cosmos_virtualenv.lock.
[2025-09-19T10:01:48.739+0000] {virtualenv.py:122} INFO - Waiting for virtualenv lock to be released
[2025-09-19T10:01:49.741+0000] {virtualenv.py:178} INFO - Checking for running process with PID 906
[2025-09-19T10:01:49.741+0000] {virtualenv.py:181} INFO - Process 906 running: True and has the lock /tmp/cosmos_venv_ecom_intermediate/cosmos_virtualenv.lock.
[2025-09-19T10:01:49.742+0000] {virtualenv.py:122} INFO - Waiting for virtualenv lock to be released
[2025-09-19T10:01:50.744+0000] {virtualenv.py:178} INFO - Checking for running process with PID 906
[2025-09-19T10:01:50.745+0000] {virtualenv.py:181} INFO - Process 906 running: True and has the lock /tmp/cosmos_venv_ecom_intermediate/cosmos_virtualenv.lock.
[2025-09-19T10:01:50.745+0000] {virtualenv.py:122} INFO - Waiting for virtualenv lock to be released
[2025-09-19T10:01:51.746+0000] {virtualenv.py:178} INFO - Checking for running process with PID 906
[2025-09-19T10:01:51.747+0000] {virtualenv.py:181} INFO - Process 906 running: True and has the lock /tmp/cosmos_venv_ecom_intermediate/cosmos_virtualenv.lock.
[2025-09-19T10:01:51.748+0000] {virtualenv.py:122} INFO - Waiting for virtualenv lock to be released
[2025-09-19T10:01:52.750+0000] {virtualenv.py:178} INFO - Checking for running process with PID 906
[2025-09-19T10:01:52.751+0000] {virtualenv.py:181} INFO - Process 906 running: True and has the lock /tmp/cosmos_venv_ecom_intermediate/cosmos_virtualenv.lock.
[2025-09-19T10:01:52.752+0000] {virtualenv.py:122} INFO - Waiting for virtualenv lock to be released
[2025-09-19T10:01:53.754+0000] {virtualenv.py:178} INFO - Checking for running process with PID 906
[2025-09-19T10:01:53.755+0000] {virtualenv.py:181} INFO - Process 906 running: True and has the lock /tmp/cosmos_venv_ecom_intermediate/cosmos_virtualenv.lock.
[2025-09-19T10:01:53.756+0000] {virtualenv.py:122} INFO - Waiting for virtualenv lock to be released
[2025-09-19T10:01:54.758+0000] {virtualenv.py:178} INFO - Checking for running process with PID 906
[2025-09-19T10:01:54.759+0000] {virtualenv.py:181} INFO - Process 906 running: True and has the lock /tmp/cosmos_venv_ecom_intermediate/cosmos_virtualenv.lock.
[2025-09-19T10:01:54.759+0000] {virtualenv.py:122} INFO - Waiting for virtualenv lock to be released
[2025-09-19T10:01:55.761+0000] {virtualenv.py:178} INFO - Checking for running process with PID 906
[2025-09-19T10:01:55.762+0000] {virtualenv.py:181} INFO - Process 906 running: True and has the lock /tmp/cosmos_venv_ecom_intermediate/cosmos_virtualenv.lock.
[2025-09-19T10:01:55.763+0000] {virtualenv.py:122} INFO - Waiting for virtualenv lock to be released
[2025-09-19T10:01:56.764+0000] {virtualenv.py:178} INFO - Checking for running process with PID 906
[2025-09-19T10:01:56.765+0000] {virtualenv.py:181} INFO - Process 906 running: True and has the lock /tmp/cosmos_venv_ecom_intermediate/cosmos_virtualenv.lock.
[2025-09-19T10:01:56.766+0000] {virtualenv.py:122} INFO - Waiting for virtualenv lock to be released
[2025-09-19T10:01:57.767+0000] {virtualenv.py:178} INFO - Checking for running process with PID 906
[2025-09-19T10:01:57.768+0000] {virtualenv.py:181} INFO - Process 906 running: True and has the lock /tmp/cosmos_venv_ecom_intermediate/cosmos_virtualenv.lock.
[2025-09-19T10:01:57.769+0000] {virtualenv.py:122} INFO - Waiting for virtualenv lock to be released
[2025-09-19T10:01:58.771+0000] {virtualenv.py:178} INFO - Checking for running process with PID 906
[2025-09-19T10:01:58.772+0000] {virtualenv.py:181} INFO - Process 906 running: True and has the lock /tmp/cosmos_venv_ecom_intermediate/cosmos_virtualenv.lock.
[2025-09-19T10:01:58.773+0000] {virtualenv.py:122} INFO - Waiting for virtualenv lock to be released
[2025-09-19T10:01:59.774+0000] {virtualenv.py:178} INFO - Checking for running process with PID 906
[2025-09-19T10:01:59.775+0000] {virtualenv.py:181} INFO - Process 906 running: True and has the lock /tmp/cosmos_venv_ecom_intermediate/cosmos_virtualenv.lock.
[2025-09-19T10:01:59.776+0000] {virtualenv.py:122} INFO - Waiting for virtualenv lock to be released
[2025-09-19T10:02:00.778+0000] {virtualenv.py:178} INFO - Checking for running process with PID 906
[2025-09-19T10:02:00.779+0000] {virtualenv.py:181} INFO - Process 906 running: True and has the lock /tmp/cosmos_venv_ecom_intermediate/cosmos_virtualenv.lock.
[2025-09-19T10:02:00.779+0000] {virtualenv.py:122} INFO - Waiting for virtualenv lock to be released
[2025-09-19T10:02:01.781+0000] {virtualenv.py:178} INFO - Checking for running process with PID 906
[2025-09-19T10:02:01.782+0000] {virtualenv.py:181} INFO - Process 906 running: True and has the lock /tmp/cosmos_venv_ecom_intermediate/cosmos_virtualenv.lock.
[2025-09-19T10:02:01.783+0000] {virtualenv.py:122} INFO - Waiting for virtualenv lock to be released
[2025-09-19T10:02:02.785+0000] {virtualenv.py:178} INFO - Checking for running process with PID 906
[2025-09-19T10:02:02.786+0000] {virtualenv.py:181} INFO - Process 906 running: True and has the lock /tmp/cosmos_venv_ecom_intermediate/cosmos_virtualenv.lock.
[2025-09-19T10:02:02.786+0000] {virtualenv.py:122} INFO - Waiting for virtualenv lock to be released
[2025-09-19T10:02:03.786+0000] {virtualenv.py:178} INFO - Checking for running process with PID 614
[2025-09-19T10:02:03.788+0000] {virtualenv.py:181} INFO - Process 614 running: True and has the lock /tmp/cosmos_venv_ecom_intermediate/cosmos_virtualenv.lock.
[2025-09-19T10:02:03.788+0000] {virtualenv.py:122} INFO - Waiting for virtualenv lock to be released
[2025-09-19T10:02:04.790+0000] {virtualenv.py:178} INFO - Checking for running process with PID 614
[2025-09-19T10:02:04.791+0000] {virtualenv.py:181} INFO - Process 614 running: True and has the lock /tmp/cosmos_venv_ecom_intermediate/cosmos_virtualenv.lock.
[2025-09-19T10:02:04.792+0000] {virtualenv.py:122} INFO - Waiting for virtualenv lock to be released
[2025-09-19T10:02:05.793+0000] {virtualenv.py:178} INFO - Checking for running process with PID 614
[2025-09-19T10:02:05.793+0000] {virtualenv.py:181} INFO - Process 614 running: True and has the lock /tmp/cosmos_venv_ecom_intermediate/cosmos_virtualenv.lock.
[2025-09-19T10:02:05.794+0000] {virtualenv.py:122} INFO - Waiting for virtualenv lock to be released
[2025-09-19T10:02:06.796+0000] {virtualenv.py:178} INFO - Checking for running process with PID 614
[2025-09-19T10:02:06.797+0000] {virtualenv.py:181} INFO - Process 614 running: True and has the lock /tmp/cosmos_venv_ecom_intermediate/cosmos_virtualenv.lock.
[2025-09-19T10:02:06.798+0000] {virtualenv.py:122} INFO - Waiting for virtualenv lock to be released
[2025-09-19T10:02:07.799+0000] {virtualenv.py:178} INFO - Checking for running process with PID 614
[2025-09-19T10:02:07.800+0000] {virtualenv.py:181} INFO - Process 614 running: True and has the lock /tmp/cosmos_venv_ecom_intermediate/cosmos_virtualenv.lock.
[2025-09-19T10:02:07.801+0000] {virtualenv.py:122} INFO - Waiting for virtualenv lock to be released
[2025-09-19T10:02:08.802+0000] {virtualenv.py:178} INFO - Checking for running process with PID 614
[2025-09-19T10:02:08.803+0000] {virtualenv.py:181} INFO - Process 614 running: True and has the lock /tmp/cosmos_venv_ecom_intermediate/cosmos_virtualenv.lock.
[2025-09-19T10:02:08.803+0000] {virtualenv.py:122} INFO - Waiting for virtualenv lock to be released
[2025-09-19T10:02:09.805+0000] {virtualenv.py:178} INFO - Checking for running process with PID 614
[2025-09-19T10:02:09.805+0000] {virtualenv.py:181} INFO - Process 614 running: True and has the lock /tmp/cosmos_venv_ecom_intermediate/cosmos_virtualenv.lock.
[2025-09-19T10:02:09.806+0000] {virtualenv.py:122} INFO - Waiting for virtualenv lock to be released
[2025-09-19T10:02:10.808+0000] {virtualenv.py:178} INFO - Checking for running process with PID 614
[2025-09-19T10:02:10.808+0000] {virtualenv.py:181} INFO - Process 614 running: True and has the lock /tmp/cosmos_venv_ecom_intermediate/cosmos_virtualenv.lock.
[2025-09-19T10:02:10.809+0000] {virtualenv.py:122} INFO - Waiting for virtualenv lock to be released
[2025-09-19T10:02:11.810+0000] {virtualenv.py:178} INFO - Checking for running process with PID 614
[2025-09-19T10:02:11.811+0000] {virtualenv.py:181} INFO - Process 614 running: True and has the lock /tmp/cosmos_venv_ecom_intermediate/cosmos_virtualenv.lock.
[2025-09-19T10:02:11.811+0000] {virtualenv.py:122} INFO - Waiting for virtualenv lock to be released
[2025-09-19T10:02:12.813+0000] {virtualenv.py:178} INFO - Checking for running process with PID 614
[2025-09-19T10:02:12.814+0000] {virtualenv.py:181} INFO - Process 614 running: True and has the lock /tmp/cosmos_venv_ecom_intermediate/cosmos_virtualenv.lock.
[2025-09-19T10:02:12.814+0000] {virtualenv.py:122} INFO - Waiting for virtualenv lock to be released
[2025-09-19T10:02:13.816+0000] {virtualenv.py:178} INFO - Checking for running process with PID 614
[2025-09-19T10:02:13.817+0000] {virtualenv.py:181} INFO - Process 614 running: True and has the lock /tmp/cosmos_venv_ecom_intermediate/cosmos_virtualenv.lock.
[2025-09-19T10:02:13.818+0000] {virtualenv.py:122} INFO - Waiting for virtualenv lock to be released
[2025-09-19T10:02:14.819+0000] {virtualenv.py:178} INFO - Checking for running process with PID 614
[2025-09-19T10:02:14.820+0000] {virtualenv.py:181} INFO - Process 614 running: True and has the lock /tmp/cosmos_venv_ecom_intermediate/cosmos_virtualenv.lock.
[2025-09-19T10:02:14.821+0000] {virtualenv.py:122} INFO - Waiting for virtualenv lock to be released
[2025-09-19T10:02:15.822+0000] {virtualenv.py:178} INFO - Checking for running process with PID 614
[2025-09-19T10:02:15.823+0000] {virtualenv.py:181} INFO - Process 614 running: True and has the lock /tmp/cosmos_venv_ecom_intermediate/cosmos_virtualenv.lock.
[2025-09-19T10:02:15.824+0000] {virtualenv.py:122} INFO - Waiting for virtualenv lock to be released
[2025-09-19T10:02:16.825+0000] {virtualenv.py:178} INFO - Checking for running process with PID 614
[2025-09-19T10:02:16.826+0000] {virtualenv.py:181} INFO - Process 614 running: True and has the lock /tmp/cosmos_venv_ecom_intermediate/cosmos_virtualenv.lock.
[2025-09-19T10:02:16.827+0000] {virtualenv.py:122} INFO - Waiting for virtualenv lock to be released
[2025-09-19T10:02:17.828+0000] {virtualenv.py:178} INFO - Checking for running process with PID 614
[2025-09-19T10:02:17.829+0000] {virtualenv.py:181} INFO - Process 614 running: True and has the lock /tmp/cosmos_venv_ecom_intermediate/cosmos_virtualenv.lock.
[2025-09-19T10:02:17.830+0000] {virtualenv.py:122} INFO - Waiting for virtualenv lock to be released
[2025-09-19T10:02:18.831+0000] {virtualenv.py:178} INFO - Checking for running process with PID 614
[2025-09-19T10:02:18.832+0000] {virtualenv.py:181} INFO - Process 614 running: True and has the lock /tmp/cosmos_venv_ecom_intermediate/cosmos_virtualenv.lock.
[2025-09-19T10:02:18.832+0000] {virtualenv.py:122} INFO - Waiting for virtualenv lock to be released
[2025-09-19T10:02:19.834+0000] {virtualenv.py:178} INFO - Checking for running process with PID 614
[2025-09-19T10:02:19.834+0000] {virtualenv.py:181} INFO - Process 614 running: True and has the lock /tmp/cosmos_venv_ecom_intermediate/cosmos_virtualenv.lock.
[2025-09-19T10:02:19.835+0000] {virtualenv.py:122} INFO - Waiting for virtualenv lock to be released
[2025-09-19T10:02:20.836+0000] {virtualenv.py:178} INFO - Checking for running process with PID 614
[2025-09-19T10:02:20.837+0000] {virtualenv.py:181} INFO - Process 614 running: True and has the lock /tmp/cosmos_venv_ecom_intermediate/cosmos_virtualenv.lock.
[2025-09-19T10:02:20.837+0000] {virtualenv.py:122} INFO - Waiting for virtualenv lock to be released
[2025-09-19T10:02:21.839+0000] {virtualenv.py:178} INFO - Checking for running process with PID 744
[2025-09-19T10:02:21.840+0000] {virtualenv.py:181} INFO - Process 744 running: True and has the lock /tmp/cosmos_venv_ecom_intermediate/cosmos_virtualenv.lock.
[2025-09-19T10:02:21.840+0000] {virtualenv.py:122} INFO - Waiting for virtualenv lock to be released
[2025-09-19T10:02:22.841+0000] {virtualenv.py:178} INFO - Checking for running process with PID 744
[2025-09-19T10:02:22.841+0000] {virtualenv.py:181} INFO - Process 744 running: True and has the lock /tmp/cosmos_venv_ecom_intermediate/cosmos_virtualenv.lock.
[2025-09-19T10:02:22.842+0000] {virtualenv.py:122} INFO - Waiting for virtualenv lock to be released
[2025-09-19T10:02:23.842+0000] {virtualenv.py:178} INFO - Checking for running process with PID 744
[2025-09-19T10:02:23.843+0000] {virtualenv.py:181} INFO - Process 744 running: True and has the lock /tmp/cosmos_venv_ecom_intermediate/cosmos_virtualenv.lock.
[2025-09-19T10:02:23.843+0000] {virtualenv.py:122} INFO - Waiting for virtualenv lock to be released
[2025-09-19T10:02:24.845+0000] {virtualenv.py:178} INFO - Checking for running process with PID 744
[2025-09-19T10:02:24.845+0000] {virtualenv.py:181} INFO - Process 744 running: True and has the lock /tmp/cosmos_venv_ecom_intermediate/cosmos_virtualenv.lock.
[2025-09-19T10:02:24.846+0000] {virtualenv.py:122} INFO - Waiting for virtualenv lock to be released
[2025-09-19T10:02:25.847+0000] {virtualenv.py:178} INFO - Checking for running process with PID 744
[2025-09-19T10:02:25.848+0000] {virtualenv.py:181} INFO - Process 744 running: True and has the lock /tmp/cosmos_venv_ecom_intermediate/cosmos_virtualenv.lock.
[2025-09-19T10:02:25.849+0000] {virtualenv.py:122} INFO - Waiting for virtualenv lock to be released
[2025-09-19T10:02:26.851+0000] {virtualenv.py:178} INFO - Checking for running process with PID 744
[2025-09-19T10:02:26.852+0000] {virtualenv.py:181} INFO - Process 744 running: True and has the lock /tmp/cosmos_venv_ecom_intermediate/cosmos_virtualenv.lock.
[2025-09-19T10:02:26.853+0000] {virtualenv.py:122} INFO - Waiting for virtualenv lock to be released
[2025-09-19T10:02:27.855+0000] {virtualenv.py:178} INFO - Checking for running process with PID 744
[2025-09-19T10:02:27.856+0000] {virtualenv.py:181} INFO - Process 744 running: True and has the lock /tmp/cosmos_venv_ecom_intermediate/cosmos_virtualenv.lock.
[2025-09-19T10:02:27.857+0000] {virtualenv.py:122} INFO - Waiting for virtualenv lock to be released
[2025-09-19T10:02:28.858+0000] {virtualenv.py:178} INFO - Checking for running process with PID 744
[2025-09-19T10:02:28.859+0000] {virtualenv.py:181} INFO - Process 744 running: True and has the lock /tmp/cosmos_venv_ecom_intermediate/cosmos_virtualenv.lock.
[2025-09-19T10:02:28.860+0000] {virtualenv.py:122} INFO - Waiting for virtualenv lock to be released
[2025-09-19T10:02:29.861+0000] {virtualenv.py:178} INFO - Checking for running process with PID 744
[2025-09-19T10:02:29.862+0000] {virtualenv.py:181} INFO - Process 744 running: True and has the lock /tmp/cosmos_venv_ecom_intermediate/cosmos_virtualenv.lock.
[2025-09-19T10:02:29.863+0000] {virtualenv.py:122} INFO - Waiting for virtualenv lock to be released
[2025-09-19T10:02:30.865+0000] {virtualenv.py:178} INFO - Checking for running process with PID 744
[2025-09-19T10:02:30.866+0000] {virtualenv.py:181} INFO - Process 744 running: True and has the lock /tmp/cosmos_venv_ecom_intermediate/cosmos_virtualenv.lock.
[2025-09-19T10:02:30.866+0000] {virtualenv.py:122} INFO - Waiting for virtualenv lock to be released
[2025-09-19T10:02:31.868+0000] {virtualenv.py:178} INFO - Checking for running process with PID 744
[2025-09-19T10:02:31.869+0000] {virtualenv.py:181} INFO - Process 744 running: True and has the lock /tmp/cosmos_venv_ecom_intermediate/cosmos_virtualenv.lock.
[2025-09-19T10:02:31.870+0000] {virtualenv.py:122} INFO - Waiting for virtualenv lock to be released
[2025-09-19T10:02:32.871+0000] {virtualenv.py:178} INFO - Checking for running process with PID 744
[2025-09-19T10:02:32.872+0000] {virtualenv.py:181} INFO - Process 744 running: True and has the lock /tmp/cosmos_venv_ecom_intermediate/cosmos_virtualenv.lock.
[2025-09-19T10:02:32.873+0000] {virtualenv.py:122} INFO - Waiting for virtualenv lock to be released
[2025-09-19T10:02:33.873+0000] {virtualenv.py:178} INFO - Checking for running process with PID 744
[2025-09-19T10:02:33.874+0000] {virtualenv.py:181} INFO - Process 744 running: True and has the lock /tmp/cosmos_venv_ecom_intermediate/cosmos_virtualenv.lock.
[2025-09-19T10:02:33.875+0000] {virtualenv.py:122} INFO - Waiting for virtualenv lock to be released
[2025-09-19T10:02:34.877+0000] {virtualenv.py:178} INFO - Checking for running process with PID 744
[2025-09-19T10:02:34.879+0000] {virtualenv.py:181} INFO - Process 744 running: True and has the lock /tmp/cosmos_venv_ecom_intermediate/cosmos_virtualenv.lock.
[2025-09-19T10:02:34.880+0000] {virtualenv.py:122} INFO - Waiting for virtualenv lock to be released
[2025-09-19T10:02:35.882+0000] {virtualenv.py:178} INFO - Checking for running process with PID 985
[2025-09-19T10:02:35.883+0000] {virtualenv.py:181} INFO - Process 985 running: True and has the lock /tmp/cosmos_venv_ecom_intermediate/cosmos_virtualenv.lock.
[2025-09-19T10:02:35.884+0000] {virtualenv.py:122} INFO - Waiting for virtualenv lock to be released
[2025-09-19T10:02:36.885+0000] {virtualenv.py:178} INFO - Checking for running process with PID 985
[2025-09-19T10:02:36.886+0000] {virtualenv.py:181} INFO - Process 985 running: True and has the lock /tmp/cosmos_venv_ecom_intermediate/cosmos_virtualenv.lock.
[2025-09-19T10:02:36.887+0000] {virtualenv.py:122} INFO - Waiting for virtualenv lock to be released
[2025-09-19T10:02:37.889+0000] {virtualenv.py:178} INFO - Checking for running process with PID 985
[2025-09-19T10:02:37.890+0000] {virtualenv.py:181} INFO - Process 985 running: True and has the lock /tmp/cosmos_venv_ecom_intermediate/cosmos_virtualenv.lock.
[2025-09-19T10:02:37.890+0000] {virtualenv.py:122} INFO - Waiting for virtualenv lock to be released
[2025-09-19T10:02:38.892+0000] {virtualenv.py:178} INFO - Checking for running process with PID 985
[2025-09-19T10:02:38.893+0000] {virtualenv.py:181} INFO - Process 985 running: True and has the lock /tmp/cosmos_venv_ecom_intermediate/cosmos_virtualenv.lock.
[2025-09-19T10:02:38.893+0000] {virtualenv.py:122} INFO - Waiting for virtualenv lock to be released
[2025-09-19T10:02:39.895+0000] {virtualenv.py:178} INFO - Checking for running process with PID 985
[2025-09-19T10:02:39.896+0000] {virtualenv.py:181} INFO - Process 985 running: True and has the lock /tmp/cosmos_venv_ecom_intermediate/cosmos_virtualenv.lock.
[2025-09-19T10:02:39.897+0000] {virtualenv.py:126} INFO - Acquiring the virtualenv lock
[2025-09-19T10:02:39.897+0000] {virtualenv.py:195} INFO - Acquiring lock at /tmp/cosmos_venv_ecom_intermediate/cosmos_virtualenv.lock with pid 615
[2025-09-19T10:02:39.898+0000] {virtualenv.py:153} INFO - Creating or updating the virtualenv at `/tmp/cosmos_venv_ecom_intermediate
[2025-09-19T10:02:39.899+0000] {process_utils.py:183} INFO - Executing cmd: /home/***/.local/bin/python -m virtualenv /tmp/cosmos_venv_ecom_intermediate --python=python3
[2025-09-19T10:02:39.900+0000] {process_utils.py:187} INFO - Output:
[2025-09-19T10:02:41.109+0000] {process_utils.py:191} INFO - created virtual environment CPython3.10.14.final.0-64 in 431ms
[2025-09-19T10:02:41.109+0000] {process_utils.py:191} INFO -   creator CPython3Posix(dest=/tmp/cosmos_venv_ecom_intermediate, clear=False, no_vcs_ignore=False, global=False)
[2025-09-19T10:02:41.110+0000] {process_utils.py:191} INFO -   seeder FromAppData(download=False, pip=bundle, setuptools=bundle, wheel=bundle, via=copy, app_data_dir=/home/***/.local/share/virtualenv)
[2025-09-19T10:02:41.111+0000] {process_utils.py:191} INFO -     added seed packages: MarkupSafe==3.0.2, PyYAML==6.0.2, agate==1.9.1, annotated_types==0.7.0, attrs==25.3.0, babel==2.17.0, certifi==2025.8.3, charset_normalizer==3.4.3, click==8.2.1, clickhouse_connect==0.8.18, clickhouse_driver==0.2.9, colorama==0.4.6, daff==1.4.2, dbt_adapters==1.16.7, dbt_clickhouse==1.9.3, dbt_common==1.30.0, dbt_core==1.10.11, dbt_extractor==0.6.0, dbt_protos==1.0.375, dbt_semantic_interfaces==0.9.0, deepdiff==8.6.1, idna==3.10, importlib_metadata==8.7.0, isodate==0.6.1, jinja2==3.1.6, jsonschema==4.25.1, jsonschema_specifications==2025.9.1, leather==0.4.0, lz4==4.4.4, mashumaro==3.14, more_itertools==10.8.0, msgpack==1.1.1, networkx==3.4.2, orderly_set==5.5.0, packaging==25.0, parsedatetime==2.6, pathspec==0.12.1, pip==25.2, protobuf==6.32.1, pydantic==2.11.8, pydantic_core==2.33.2, python_dateutil==2.9.0.post0, python_slugify==8.0.4, pytimeparse==1.1.8, pytz==2025.2, referencing==0.36.2, requests==2.32.5, rpds_py==0.27.1, setuptools==80.9.0, six==1.17.0, snowplow_tracker==1.1.0, sqlparse==0.5.3, text_unidecode==1.3, typing_extensions==4.15.0, typing_inspection==0.4.1, tzlocal==5.3.1, urllib3==2.5.0, wheel==0.45.1, zipp==3.23.0, zstandard==0.24.0
[2025-09-19T10:02:41.112+0000] {process_utils.py:191} INFO -   activators BashActivator,CShellActivator,FishActivator,NushellActivator,PowerShellActivator,PythonActivator
[2025-09-19T10:02:41.168+0000] {process_utils.py:183} INFO - Executing cmd: /tmp/cosmos_venv_ecom_intermediate/bin/pip install dbt-clickhouse
[2025-09-19T10:02:41.169+0000] {process_utils.py:187} INFO - Output:
[2025-09-19T10:02:42.571+0000] {process_utils.py:191} INFO - Requirement already satisfied: dbt-clickhouse in /tmp/cosmos_venv_ecom_intermediate/lib/python3.10/site-packages (1.9.3)
[2025-09-19T10:02:42.574+0000] {process_utils.py:191} INFO - Requirement already satisfied: dbt-core>=1.9 in /tmp/cosmos_venv_ecom_intermediate/lib/python3.10/site-packages (from dbt-clickhouse) (1.10.11)
[2025-09-19T10:02:42.575+0000] {process_utils.py:191} INFO - Requirement already satisfied: clickhouse-connect>=0.6.22 in /tmp/cosmos_venv_ecom_intermediate/lib/python3.10/site-packages (from dbt-clickhouse) (0.8.18)
[2025-09-19T10:02:42.576+0000] {process_utils.py:191} INFO - Requirement already satisfied: clickhouse-driver>=0.2.6 in /tmp/cosmos_venv_ecom_intermediate/lib/python3.10/site-packages (from dbt-clickhouse) (0.2.9)
[2025-09-19T10:02:42.577+0000] {process_utils.py:191} INFO - Requirement already satisfied: setuptools>=0.69 in /tmp/cosmos_venv_ecom_intermediate/lib/python3.10/site-packages (from dbt-clickhouse) (80.9.0)
[2025-09-19T10:02:42.581+0000] {process_utils.py:191} INFO - Requirement already satisfied: certifi in /tmp/cosmos_venv_ecom_intermediate/lib/python3.10/site-packages (from clickhouse-connect>=0.6.22->dbt-clickhouse) (2025.8.3)
[2025-09-19T10:02:42.582+0000] {process_utils.py:191} INFO - Requirement already satisfied: urllib3>=1.26 in /tmp/cosmos_venv_ecom_intermediate/lib/python3.10/site-packages (from clickhouse-connect>=0.6.22->dbt-clickhouse) (2.5.0)
[2025-09-19T10:02:42.583+0000] {process_utils.py:191} INFO - Requirement already satisfied: pytz in /tmp/cosmos_venv_ecom_intermediate/lib/python3.10/site-packages (from clickhouse-connect>=0.6.22->dbt-clickhouse) (2025.2)
[2025-09-19T10:02:42.583+0000] {process_utils.py:191} INFO - Requirement already satisfied: zstandard in /tmp/cosmos_venv_ecom_intermediate/lib/python3.10/site-packages (from clickhouse-connect>=0.6.22->dbt-clickhouse) (0.24.0)
[2025-09-19T10:02:42.584+0000] {process_utils.py:191} INFO - Requirement already satisfied: lz4 in /tmp/cosmos_venv_ecom_intermediate/lib/python3.10/site-packages (from clickhouse-connect>=0.6.22->dbt-clickhouse) (4.4.4)
[2025-09-19T10:02:42.586+0000] {process_utils.py:191} INFO - Requirement already satisfied: tzlocal in /tmp/cosmos_venv_ecom_intermediate/lib/python3.10/site-packages (from clickhouse-driver>=0.2.6->dbt-clickhouse) (5.3.1)
[2025-09-19T10:02:42.590+0000] {process_utils.py:191} INFO - Requirement already satisfied: agate<1.10,>=1.7.0 in /tmp/cosmos_venv_ecom_intermediate/lib/python3.10/site-packages (from dbt-core>=1.9->dbt-clickhouse) (1.9.1)
[2025-09-19T10:02:42.591+0000] {process_utils.py:191} INFO - Requirement already satisfied: Jinja2<4,>=3.1.3 in /tmp/cosmos_venv_ecom_intermediate/lib/python3.10/site-packages (from dbt-core>=1.9->dbt-clickhouse) (3.1.6)
[2025-09-19T10:02:42.592+0000] {process_utils.py:191} INFO - Requirement already satisfied: mashumaro<3.15,>=3.9 in /tmp/cosmos_venv_ecom_intermediate/lib/python3.10/site-packages (from mashumaro[msgpack]<3.15,>=3.9->dbt-core>=1.9->dbt-clickhouse) (3.14)
[2025-09-19T10:02:42.594+0000] {process_utils.py:191} INFO - Requirement already satisfied: click<9.0,>=8.0.2 in /tmp/cosmos_venv_ecom_intermediate/lib/python3.10/site-packages (from dbt-core>=1.9->dbt-clickhouse) (8.2.1)
[2025-09-19T10:02:42.595+0000] {process_utils.py:191} INFO - Requirement already satisfied: jsonschema<5.0,>=4.19.1 in /tmp/cosmos_venv_ecom_intermediate/lib/python3.10/site-packages (from dbt-core>=1.9->dbt-clickhouse) (4.25.1)
[2025-09-19T10:02:42.595+0000] {process_utils.py:191} INFO - Requirement already satisfied: networkx<4.0,>=2.3 in /tmp/cosmos_venv_ecom_intermediate/lib/python3.10/site-packages (from dbt-core>=1.9->dbt-clickhouse) (3.4.2)
[2025-09-19T10:02:42.596+0000] {process_utils.py:191} INFO - Requirement already satisfied: protobuf<7.0,>=6.0 in /tmp/cosmos_venv_ecom_intermediate/lib/python3.10/site-packages (from dbt-core>=1.9->dbt-clickhouse) (6.32.1)
[2025-09-19T10:02:42.597+0000] {process_utils.py:191} INFO - Requirement already satisfied: requests<3.0.0 in /tmp/cosmos_venv_ecom_intermediate/lib/python3.10/site-packages (from dbt-core>=1.9->dbt-clickhouse) (2.32.5)
[2025-09-19T10:02:42.598+0000] {process_utils.py:191} INFO - Requirement already satisfied: snowplow-tracker<2.0,>=1.0.2 in /tmp/cosmos_venv_ecom_intermediate/lib/python3.10/site-packages (from dbt-core>=1.9->dbt-clickhouse) (1.1.0)
[2025-09-19T10:02:42.598+0000] {process_utils.py:191} INFO - Requirement already satisfied: pathspec<0.13,>=0.9 in /tmp/cosmos_venv_ecom_intermediate/lib/python3.10/site-packages (from dbt-core>=1.9->dbt-clickhouse) (0.12.1)
[2025-09-19T10:02:42.599+0000] {process_utils.py:191} INFO - Requirement already satisfied: sqlparse<0.6.0,>=0.5.0 in /tmp/cosmos_venv_ecom_intermediate/lib/python3.10/site-packages (from dbt-core>=1.9->dbt-clickhouse) (0.5.3)
[2025-09-19T10:02:42.600+0000] {process_utils.py:191} INFO - Requirement already satisfied: dbt-extractor<=0.6,>=0.5.0 in /tmp/cosmos_venv_ecom_intermediate/lib/python3.10/site-packages (from dbt-core>=1.9->dbt-clickhouse) (0.6.0)
[2025-09-19T10:02:42.600+0000] {process_utils.py:191} INFO - Requirement already satisfied: dbt-semantic-interfaces<0.10,>=0.9.0 in /tmp/cosmos_venv_ecom_intermediate/lib/python3.10/site-packages (from dbt-core>=1.9->dbt-clickhouse) (0.9.0)
[2025-09-19T10:02:42.601+0000] {process_utils.py:191} INFO - Requirement already satisfied: dbt-common<2.0,>=1.27.0 in /tmp/cosmos_venv_ecom_intermediate/lib/python3.10/site-packages (from dbt-core>=1.9->dbt-clickhouse) (1.30.0)
[2025-09-19T10:02:42.602+0000] {process_utils.py:191} INFO - Requirement already satisfied: dbt-adapters<2.0,>=1.15.5 in /tmp/cosmos_venv_ecom_intermediate/lib/python3.10/site-packages (from dbt-core>=1.9->dbt-clickhouse) (1.16.7)
[2025-09-19T10:02:42.602+0000] {process_utils.py:191} INFO - Requirement already satisfied: dbt-protos<2.0,>=1.0.346 in /tmp/cosmos_venv_ecom_intermediate/lib/python3.10/site-packages (from dbt-core>=1.9->dbt-clickhouse) (1.0.375)
[2025-09-19T10:02:42.603+0000] {process_utils.py:191} INFO - Requirement already satisfied: pydantic<3 in /tmp/cosmos_venv_ecom_intermediate/lib/python3.10/site-packages (from dbt-core>=1.9->dbt-clickhouse) (2.11.8)
[2025-09-19T10:02:42.604+0000] {process_utils.py:191} INFO - Requirement already satisfied: packaging>20.9 in /tmp/cosmos_venv_ecom_intermediate/lib/python3.10/site-packages (from dbt-core>=1.9->dbt-clickhouse) (25.0)
[2025-09-19T10:02:42.605+0000] {process_utils.py:191} INFO - Requirement already satisfied: pyyaml>=6.0 in /tmp/cosmos_venv_ecom_intermediate/lib/python3.10/site-packages (from dbt-core>=1.9->dbt-clickhouse) (6.0.2)
[2025-09-19T10:02:42.606+0000] {process_utils.py:191} INFO - Requirement already satisfied: daff>=1.3.46 in /tmp/cosmos_venv_ecom_intermediate/lib/python3.10/site-packages (from dbt-core>=1.9->dbt-clickhouse) (1.4.2)
[2025-09-19T10:02:42.606+0000] {process_utils.py:191} INFO - Requirement already satisfied: typing-extensions>=4.4 in /tmp/cosmos_venv_ecom_intermediate/lib/python3.10/site-packages (from dbt-core>=1.9->dbt-clickhouse) (4.15.0)
[2025-09-19T10:02:42.613+0000] {process_utils.py:191} INFO - Requirement already satisfied: Babel>=2.0 in /tmp/cosmos_venv_ecom_intermediate/lib/python3.10/site-packages (from agate<1.10,>=1.7.0->dbt-core>=1.9->dbt-clickhouse) (2.17.0)
[2025-09-19T10:02:42.614+0000] {process_utils.py:191} INFO - Requirement already satisfied: isodate>=0.5.4 in /tmp/cosmos_venv_ecom_intermediate/lib/python3.10/site-packages (from agate<1.10,>=1.7.0->dbt-core>=1.9->dbt-clickhouse) (0.6.1)
[2025-09-19T10:02:42.616+0000] {process_utils.py:191} INFO - Requirement already satisfied: leather>=0.3.2 in /tmp/cosmos_venv_ecom_intermediate/lib/python3.10/site-packages (from agate<1.10,>=1.7.0->dbt-core>=1.9->dbt-clickhouse) (0.4.0)
[2025-09-19T10:02:42.617+0000] {process_utils.py:191} INFO - Requirement already satisfied: parsedatetime!=2.5,>=2.1 in /tmp/cosmos_venv_ecom_intermediate/lib/python3.10/site-packages (from agate<1.10,>=1.7.0->dbt-core>=1.9->dbt-clickhouse) (2.6)
[2025-09-19T10:02:42.617+0000] {process_utils.py:191} INFO - Requirement already satisfied: python-slugify>=1.2.1 in /tmp/cosmos_venv_ecom_intermediate/lib/python3.10/site-packages (from agate<1.10,>=1.7.0->dbt-core>=1.9->dbt-clickhouse) (8.0.4)
[2025-09-19T10:02:42.618+0000] {process_utils.py:191} INFO - Requirement already satisfied: pytimeparse>=1.1.5 in /tmp/cosmos_venv_ecom_intermediate/lib/python3.10/site-packages (from agate<1.10,>=1.7.0->dbt-core>=1.9->dbt-clickhouse) (1.1.8)
[2025-09-19T10:02:42.635+0000] {process_utils.py:191} INFO - Requirement already satisfied: colorama<0.5,>=0.3.9 in /tmp/cosmos_venv_ecom_intermediate/lib/python3.10/site-packages (from dbt-common<2.0,>=1.27.0->dbt-core>=1.9->dbt-clickhouse) (0.4.6)
[2025-09-19T10:02:42.637+0000] {process_utils.py:191} INFO - Requirement already satisfied: deepdiff<9.0,>=7.0 in /tmp/cosmos_venv_ecom_intermediate/lib/python3.10/site-packages (from dbt-common<2.0,>=1.27.0->dbt-core>=1.9->dbt-clickhouse) (8.6.1)
[2025-09-19T10:02:42.642+0000] {process_utils.py:191} INFO - Requirement already satisfied: python-dateutil<3.0,>=2.0 in /tmp/cosmos_venv_ecom_intermediate/lib/python3.10/site-packages (from dbt-common<2.0,>=1.27.0->dbt-core>=1.9->dbt-clickhouse) (2.9.0.post0)
[2025-09-19T10:02:42.653+0000] {process_utils.py:191} INFO - Requirement already satisfied: importlib-metadata<9,>=6.0 in /tmp/cosmos_venv_ecom_intermediate/lib/python3.10/site-packages (from dbt-semantic-interfaces<0.10,>=0.9.0->dbt-core>=1.9->dbt-clickhouse) (8.7.0)
[2025-09-19T10:02:42.655+0000] {process_utils.py:191} INFO - Requirement already satisfied: more-itertools<11.0,>=8.0 in /tmp/cosmos_venv_ecom_intermediate/lib/python3.10/site-packages (from dbt-semantic-interfaces<0.10,>=0.9.0->dbt-core>=1.9->dbt-clickhouse) (10.8.0)
[2025-09-19T10:02:42.665+0000] {process_utils.py:191} INFO - Requirement already satisfied: orderly-set<6,>=5.4.1 in /tmp/cosmos_venv_ecom_intermediate/lib/python3.10/site-packages (from deepdiff<9.0,>=7.0->dbt-common<2.0,>=1.27.0->dbt-core>=1.9->dbt-clickhouse) (5.5.0)
[2025-09-19T10:02:42.673+0000] {process_utils.py:191} INFO - Requirement already satisfied: zipp>=3.20 in /tmp/cosmos_venv_ecom_intermediate/lib/python3.10/site-packages (from importlib-metadata<9,>=6.0->dbt-semantic-interfaces<0.10,>=0.9.0->dbt-core>=1.9->dbt-clickhouse) (3.23.0)
[2025-09-19T10:02:42.676+0000] {process_utils.py:191} INFO - Requirement already satisfied: six in /tmp/cosmos_venv_ecom_intermediate/lib/python3.10/site-packages (from isodate>=0.5.4->agate<1.10,>=1.7.0->dbt-core>=1.9->dbt-clickhouse) (1.17.0)
[2025-09-19T10:02:42.679+0000] {process_utils.py:191} INFO - Requirement already satisfied: MarkupSafe>=2.0 in /tmp/cosmos_venv_ecom_intermediate/lib/python3.10/site-packages (from Jinja2<4,>=3.1.3->dbt-core>=1.9->dbt-clickhouse) (3.0.2)
[2025-09-19T10:02:42.685+0000] {process_utils.py:191} INFO - Requirement already satisfied: attrs>=22.2.0 in /tmp/cosmos_venv_ecom_intermediate/lib/python3.10/site-packages (from jsonschema<5.0,>=4.19.1->dbt-core>=1.9->dbt-clickhouse) (25.3.0)
[2025-09-19T10:02:42.686+0000] {process_utils.py:191} INFO - Requirement already satisfied: jsonschema-specifications>=2023.03.6 in /tmp/cosmos_venv_ecom_intermediate/lib/python3.10/site-packages (from jsonschema<5.0,>=4.19.1->dbt-core>=1.9->dbt-clickhouse) (2025.9.1)
[2025-09-19T10:02:42.686+0000] {process_utils.py:191} INFO - Requirement already satisfied: referencing>=0.28.4 in /tmp/cosmos_venv_ecom_intermediate/lib/python3.10/site-packages (from jsonschema<5.0,>=4.19.1->dbt-core>=1.9->dbt-clickhouse) (0.36.2)
[2025-09-19T10:02:42.687+0000] {process_utils.py:191} INFO - Requirement already satisfied: rpds-py>=0.7.1 in /tmp/cosmos_venv_ecom_intermediate/lib/python3.10/site-packages (from jsonschema<5.0,>=4.19.1->dbt-core>=1.9->dbt-clickhouse) (0.27.1)
[2025-09-19T10:02:42.698+0000] {process_utils.py:191} INFO - Requirement already satisfied: msgpack>=0.5.6 in /tmp/cosmos_venv_ecom_intermediate/lib/python3.10/site-packages (from mashumaro[msgpack]<3.15,>=3.9->dbt-core>=1.9->dbt-clickhouse) (1.1.1)
[2025-09-19T10:02:42.717+0000] {process_utils.py:191} INFO - Requirement already satisfied: annotated-types>=0.6.0 in /tmp/cosmos_venv_ecom_intermediate/lib/python3.10/site-packages (from pydantic<3->dbt-core>=1.9->dbt-clickhouse) (0.7.0)
[2025-09-19T10:02:42.718+0000] {process_utils.py:191} INFO - Requirement already satisfied: pydantic-core==2.33.2 in /tmp/cosmos_venv_ecom_intermediate/lib/python3.10/site-packages (from pydantic<3->dbt-core>=1.9->dbt-clickhouse) (2.33.2)
[2025-09-19T10:02:42.720+0000] {process_utils.py:191} INFO - Requirement already satisfied: typing-inspection>=0.4.0 in /tmp/cosmos_venv_ecom_intermediate/lib/python3.10/site-packages (from pydantic<3->dbt-core>=1.9->dbt-clickhouse) (0.4.1)
[2025-09-19T10:02:42.730+0000] {process_utils.py:191} INFO - Requirement already satisfied: charset_normalizer<4,>=2 in /tmp/cosmos_venv_ecom_intermediate/lib/python3.10/site-packages (from requests<3.0.0->dbt-core>=1.9->dbt-clickhouse) (3.4.3)
[2025-09-19T10:02:42.731+0000] {process_utils.py:191} INFO - Requirement already satisfied: idna<4,>=2.5 in /tmp/cosmos_venv_ecom_intermediate/lib/python3.10/site-packages (from requests<3.0.0->dbt-core>=1.9->dbt-clickhouse) (3.10)
[2025-09-19T10:02:42.788+0000] {process_utils.py:191} INFO - Requirement already satisfied: text-unidecode>=1.3 in /tmp/cosmos_venv_ecom_intermediate/lib/python3.10/site-packages (from python-slugify>=1.2.1->agate<1.10,>=1.7.0->dbt-core>=1.9->dbt-clickhouse) (1.3)
[2025-09-19T10:02:42.950+0000] {local.py:470} INFO - Cloning project to writable temp directory /tmp/tmpkrtlv0e0 from /opt/airflow/dags/dbt/ecom_intermediate
[2025-09-19T10:02:42.957+0000] {local.py:490} INFO - Partial parse is enabled and the latest partial parse file is /tmp/cosmos/dbt_intermediate__intermediate/target/partial_parse.msgpack
[2025-09-19T10:02:42.971+0000] {config.py:362} INFO - Using user-supplied profiles.yml at /opt/airflow/dags/dbt/profiles.yml
[2025-09-19T10:02:42.979+0000] {virtualenv.py:99} INFO - Using Python binary from virtualenv: /tmp/cosmos_venv_ecom_intermediate/bin/python
[2025-09-19T10:02:42.979+0000] {local.py:434} INFO - Trying to run the command:
 ['/tmp/cosmos_venv_ecom_intermediate/bin/dbt', 'deps', '--project-dir', '/tmp/tmpkrtlv0e0', '--profiles-dir', '/opt/***/dags/dbt', '--profile', 'ecom_intermediate', '--target', 'dev']
From /tmp/tmpkrtlv0e0
[2025-09-19T10:02:42.980+0000] {subprocess.py:56} INFO - Tmp dir root location: 
 /tmp
[2025-09-19T10:02:42.980+0000] {subprocess.py:69} INFO - Running command: ['/tmp/cosmos_venv_ecom_intermediate/bin/dbt', 'deps', '--project-dir', '/tmp/tmpkrtlv0e0', '--profiles-dir', '/opt/***/dags/dbt', '--profile', 'ecom_intermediate', '--target', 'dev']
[2025-09-19T10:02:42.990+0000] {subprocess.py:80} INFO - Command output:
[2025-09-19T10:02:45.427+0000] {subprocess.py:90} INFO - [0m10:02:45  Running with dbt=1.10.11
[2025-09-19T10:02:46.315+0000] {subprocess.py:90} INFO - [0m10:02:46  Installing dbt-labs/dbt_utils
[2025-09-19T10:02:47.020+0000] {subprocess.py:90} INFO - [0m10:02:47  Installed from version 1.3.0
[2025-09-19T10:02:47.021+0000] {subprocess.py:90} INFO - [0m10:02:47  Updated version available: 1.3.1
[2025-09-19T10:02:47.022+0000] {subprocess.py:90} INFO - [0m10:02:47
[2025-09-19T10:02:47.022+0000] {subprocess.py:90} INFO - [0m10:02:47  Updates available for packages: ['dbt-labs/dbt_utils']
[2025-09-19T10:02:47.023+0000] {subprocess.py:90} INFO - Update your versions in packages.yml, then run dbt deps
[2025-09-19T10:02:48.620+0000] {subprocess.py:94} INFO - Command exited with return code 0
[2025-09-19T10:02:48.620+0000] {local.py:441} INFO - Update your versions in packages.yml, then run dbt deps
[2025-09-19T10:02:48.621+0000] {virtualenv.py:99} INFO - Using Python binary from virtualenv: /tmp/cosmos_venv_ecom_intermediate/bin/python
[2025-09-19T10:02:48.622+0000] {local.py:434} INFO - Trying to run the command:
 ['/tmp/cosmos_venv_ecom_intermediate/bin/dbt', 'run', '--models', 'marital_statuses', '--project-dir', '/tmp/tmpkrtlv0e0', '--profiles-dir', '/opt/***/dags/dbt', '--profile', 'ecom_intermediate', '--target', 'dev']
From /tmp/tmpkrtlv0e0
[2025-09-19T10:02:48.622+0000] {subprocess.py:56} INFO - Tmp dir root location: 
 /tmp
[2025-09-19T10:02:48.623+0000] {subprocess.py:69} INFO - Running command: ['/tmp/cosmos_venv_ecom_intermediate/bin/dbt', 'run', '--models', 'marital_statuses', '--project-dir', '/tmp/tmpkrtlv0e0', '--profiles-dir', '/opt/***/dags/dbt', '--profile', 'ecom_intermediate', '--target', 'dev']
[2025-09-19T10:02:48.634+0000] {subprocess.py:80} INFO - Command output:
[2025-09-19T10:02:50.745+0000] {subprocess.py:90} INFO - [0m10:02:50  Running with dbt=1.10.11
[2025-09-19T10:02:50.748+0000] {subprocess.py:90} INFO - [0m10:02:50  [[33mWARNING[0m]: Deprecated functionality
[2025-09-19T10:02:50.749+0000] {subprocess.py:90} INFO - Usage of `--models`, `--model`, and `-m` is deprecated in favor of `--select` or
[2025-09-19T10:02:50.749+0000] {subprocess.py:90} INFO - `-s`.
[2025-09-19T10:02:51.053+0000] {subprocess.py:90} INFO - [0m10:02:51  Registered adapter: clickhouse=1.9.3
[2025-09-19T10:02:51.971+0000] {subprocess.py:90} INFO - [0m10:02:51  Found 15 models, 50 data tests, 8 sources, 597 macros
[2025-09-19T10:02:51.977+0000] {subprocess.py:90} INFO - [0m10:02:51
[2025-09-19T10:02:51.979+0000] {subprocess.py:90} INFO - [0m10:02:51  Concurrency: 4 threads (target='dev')
[2025-09-19T10:02:51.980+0000] {subprocess.py:90} INFO - [0m10:02:51
[2025-09-19T10:02:52.204+0000] {subprocess.py:90} INFO - [0m10:02:52  1 of 1 START sql table model `ecom_db_intermediate`.`marital_statuses` ......... [RUN]
[2025-09-19T10:02:52.391+0000] {subprocess.py:90} INFO - [0m10:02:52  1 of 1 OK created sql table model `ecom_db_intermediate`.`marital_statuses` .... [[32mOK[0m in 0.18s]
[2025-09-19T10:02:52.395+0000] {subprocess.py:90} INFO - [0m10:02:52
[2025-09-19T10:02:52.396+0000] {subprocess.py:90} INFO - [0m10:02:52  Finished running 1 table model in 0 hours 0 minutes and 0.41 seconds (0.41s).
[2025-09-19T10:02:52.458+0000] {subprocess.py:90} INFO - [0m10:02:52
[2025-09-19T10:02:52.458+0000] {subprocess.py:90} INFO - [0m10:02:52  [32mCompleted successfully[0m
[2025-09-19T10:02:52.459+0000] {subprocess.py:90} INFO - [0m10:02:52
[2025-09-19T10:02:52.459+0000] {subprocess.py:90} INFO - [0m10:02:52  Done. PASS=1 WARN=0 ERROR=0 SKIP=0 NO-OP=0 TOTAL=1
[2025-09-19T10:02:52.460+0000] {subprocess.py:90} INFO - [0m10:02:52  [[33mWARNING[0m][DeprecationsSummary]: Deprecated functionality
[2025-09-19T10:02:52.460+0000] {subprocess.py:90} INFO - Summary of encountered deprecations:
[2025-09-19T10:02:52.461+0000] {subprocess.py:90} INFO - - ModelParamUsageDeprecation: 1 occurrence
[2025-09-19T10:02:52.461+0000] {subprocess.py:90} INFO - To see all deprecation instances instead of just the first occurrence of each,
[2025-09-19T10:02:52.461+0000] {subprocess.py:90} INFO - run command again with the `--show-all-deprecations` flag. You may also need to
[2025-09-19T10:02:52.461+0000] {subprocess.py:90} INFO - run with `--no-partial-parse` as some deprecations are only encountered during
[2025-09-19T10:02:52.462+0000] {subprocess.py:90} INFO - parsing.
[2025-09-19T10:02:54.271+0000] {subprocess.py:94} INFO - Command exited with return code 0
[2025-09-19T10:02:54.272+0000] {local.py:441} INFO - parsing.
[2025-09-19T10:02:54.289+0000] {local.py:196} WARNING - Artifact schema version: https://schemas.getdbt.com/dbt/manifest/v12.json is above dbt-ol supported version 7. This might cause errors.
[2025-09-19T10:02:54.290+0000] {local.py:196} WARNING - Artifact schema version: https://schemas.getdbt.com/dbt/run-results/v6.json is above dbt-ol supported version 5. This might cause errors.
[2025-09-19T10:02:54.297+0000] {local.py:547} INFO - Inlets: []
[2025-09-19T10:02:54.298+0000] {local.py:548} INFO - Outlets: []
[2025-09-19T10:02:54.298+0000] {local.py:772} INFO - Assigning inlets/outlets without DatasetAlias
[2025-09-19T10:02:54.299+0000] {dag.py:3089} INFO - Sync 1 DAGs
[2025-09-19T10:02:54.443+0000] {virtualenv.py:131} INFO - Releasing virtualenv lock
[2025-09-19T10:02:54.444+0000] {virtualenv.py:145} INFO - None
[2025-09-19T10:02:54.445+0000] {taskinstance.py:441} INFO - ::group::Post task execution logs
[2025-09-19T10:02:54.491+0000] {taskinstance.py:1206} INFO - Marking task as SUCCESS. dag_id=dbt_intermediate, task_id=intermediate.marital_statuses.run, run_id=scheduled__2025-09-18T00:00:00+00:00, execution_date=20250918T000000, start_date=20250919T100038, end_date=20250919T100254
[2025-09-19T10:02:54.536+0000] {local_task_job_runner.py:243} INFO - Task exited with return code 0
[2025-09-19T10:02:54.611+0000] {taskinstance.py:3503} INFO - 1 downstream tasks scheduled from follow-on schedule check
[2025-09-19T10:02:54.615+0000] {local_task_job_runner.py:222} INFO - ::endgroup::
[2025-09-19T10:19:00.299+0000] {local_task_job_runner.py:120} INFO - ::group::Pre task execution logs
[2025-09-19T10:19:00.561+0000] {taskinstance.py:2076} INFO - Dependencies all met for dep_context=non-requeueable deps ti=<TaskInstance: dbt_intermediate.intermediate.marital_statuses.run scheduled__2025-09-18T00:00:00+00:00 [queued]>
[2025-09-19T10:19:00.572+0000] {taskinstance.py:2076} INFO - Dependencies all met for dep_context=requeueable deps ti=<TaskInstance: dbt_intermediate.intermediate.marital_statuses.run scheduled__2025-09-18T00:00:00+00:00 [queued]>
[2025-09-19T10:19:00.572+0000] {taskinstance.py:2306} INFO - Starting attempt 1 of 1
[2025-09-19T10:19:00.600+0000] {taskinstance.py:2330} INFO - Executing <Task(DbtRunVirtualenvOperator): intermediate.marital_statuses.run> on 2025-09-18 00:00:00+00:00
[2025-09-19T10:19:00.607+0000] {standard_task_runner.py:64} INFO - Started process 3519 to run task
[2025-09-19T10:19:00.611+0000] {standard_task_runner.py:90} INFO - Running: ['***', 'tasks', 'run', 'dbt_intermediate', 'intermediate.marital_statuses.run', 'scheduled__2025-09-18T00:00:00+00:00', '--job-id', '583', '--raw', '--subdir', 'DAGS_FOLDER/dbt_intermediate.py', '--cfg-path', '/tmp/tmpnpdlb7vy']
[2025-09-19T10:19:00.615+0000] {standard_task_runner.py:91} INFO - Job 583: Subtask intermediate.marital_statuses.run
[2025-09-19T10:19:00.783+0000] {task_command.py:426} INFO - Running <TaskInstance: dbt_intermediate.intermediate.marital_statuses.run scheduled__2025-09-18T00:00:00+00:00 [running]> on host e95bde6b8d07
[2025-09-19T10:19:01.062+0000] {taskinstance.py:2648} INFO - Exporting env vars: AIRFLOW_CTX_DAG_OWNER='***' AIRFLOW_CTX_DAG_ID='dbt_intermediate' AIRFLOW_CTX_TASK_ID='intermediate.marital_statuses.run' AIRFLOW_CTX_EXECUTION_DATE='2025-09-18T00:00:00+00:00' AIRFLOW_CTX_TRY_NUMBER='1' AIRFLOW_CTX_DAG_RUN_ID='scheduled__2025-09-18T00:00:00+00:00'
[2025-09-19T10:19:01.065+0000] {taskinstance.py:430} INFO - ::endgroup::
[2025-09-19T10:19:01.079+0000] {virtualenv.py:120} INFO - Checking if the virtualenv lock /opt/***/cosmos_venvs/ecom_intermediate/cosmos_virtualenv.lock exists
[2025-09-19T10:19:01.080+0000] {virtualenv.py:178} INFO - Checking for running process with PID 3512
[2025-09-19T10:19:01.081+0000] {virtualenv.py:181} INFO - Process 3512 running: True and has the lock /opt/***/cosmos_venvs/ecom_intermediate/cosmos_virtualenv.lock.
[2025-09-19T10:19:01.081+0000] {virtualenv.py:122} INFO - Waiting for virtualenv lock to be released
[2025-09-19T10:19:02.083+0000] {virtualenv.py:178} INFO - Checking for running process with PID 3512
[2025-09-19T10:19:02.084+0000] {virtualenv.py:181} INFO - Process 3512 running: True and has the lock /opt/***/cosmos_venvs/ecom_intermediate/cosmos_virtualenv.lock.
[2025-09-19T10:19:02.085+0000] {virtualenv.py:122} INFO - Waiting for virtualenv lock to be released
[2025-09-19T10:19:03.086+0000] {virtualenv.py:178} INFO - Checking for running process with PID 3512
[2025-09-19T10:19:03.088+0000] {virtualenv.py:181} INFO - Process 3512 running: True and has the lock /opt/***/cosmos_venvs/ecom_intermediate/cosmos_virtualenv.lock.
[2025-09-19T10:19:03.088+0000] {virtualenv.py:122} INFO - Waiting for virtualenv lock to be released
[2025-09-19T10:19:04.089+0000] {virtualenv.py:178} INFO - Checking for running process with PID 3512
[2025-09-19T10:19:04.090+0000] {virtualenv.py:181} INFO - Process 3512 running: True and has the lock /opt/***/cosmos_venvs/ecom_intermediate/cosmos_virtualenv.lock.
[2025-09-19T10:19:04.091+0000] {virtualenv.py:122} INFO - Waiting for virtualenv lock to be released
[2025-09-19T10:19:05.092+0000] {virtualenv.py:178} INFO - Checking for running process with PID 3512
[2025-09-19T10:19:05.093+0000] {virtualenv.py:181} INFO - Process 3512 running: True and has the lock /opt/***/cosmos_venvs/ecom_intermediate/cosmos_virtualenv.lock.
[2025-09-19T10:19:05.094+0000] {virtualenv.py:122} INFO - Waiting for virtualenv lock to be released
[2025-09-19T10:19:06.096+0000] {virtualenv.py:178} INFO - Checking for running process with PID 3512
[2025-09-19T10:19:06.097+0000] {virtualenv.py:181} INFO - Process 3512 running: True and has the lock /opt/***/cosmos_venvs/ecom_intermediate/cosmos_virtualenv.lock.
[2025-09-19T10:19:06.097+0000] {virtualenv.py:122} INFO - Waiting for virtualenv lock to be released
[2025-09-19T10:19:07.098+0000] {virtualenv.py:178} INFO - Checking for running process with PID 3512
[2025-09-19T10:19:07.099+0000] {virtualenv.py:181} INFO - Process 3512 running: True and has the lock /opt/***/cosmos_venvs/ecom_intermediate/cosmos_virtualenv.lock.
[2025-09-19T10:19:07.100+0000] {virtualenv.py:122} INFO - Waiting for virtualenv lock to be released
[2025-09-19T10:19:08.102+0000] {virtualenv.py:178} INFO - Checking for running process with PID 3512
[2025-09-19T10:19:08.103+0000] {virtualenv.py:181} INFO - Process 3512 running: True and has the lock /opt/***/cosmos_venvs/ecom_intermediate/cosmos_virtualenv.lock.
[2025-09-19T10:19:08.104+0000] {virtualenv.py:122} INFO - Waiting for virtualenv lock to be released
[2025-09-19T10:19:09.106+0000] {virtualenv.py:178} INFO - Checking for running process with PID 3512
[2025-09-19T10:19:09.107+0000] {virtualenv.py:181} INFO - Process 3512 running: True and has the lock /opt/***/cosmos_venvs/ecom_intermediate/cosmos_virtualenv.lock.
[2025-09-19T10:19:09.108+0000] {virtualenv.py:122} INFO - Waiting for virtualenv lock to be released
[2025-09-19T10:19:10.109+0000] {virtualenv.py:178} INFO - Checking for running process with PID 3512
[2025-09-19T10:19:10.110+0000] {virtualenv.py:181} INFO - Process 3512 running: True and has the lock /opt/***/cosmos_venvs/ecom_intermediate/cosmos_virtualenv.lock.
[2025-09-19T10:19:10.111+0000] {virtualenv.py:122} INFO - Waiting for virtualenv lock to be released
[2025-09-19T10:19:11.112+0000] {virtualenv.py:178} INFO - Checking for running process with PID 3512
[2025-09-19T10:19:11.113+0000] {virtualenv.py:181} INFO - Process 3512 running: True and has the lock /opt/***/cosmos_venvs/ecom_intermediate/cosmos_virtualenv.lock.
[2025-09-19T10:19:11.113+0000] {virtualenv.py:122} INFO - Waiting for virtualenv lock to be released
[2025-09-19T10:19:12.115+0000] {virtualenv.py:178} INFO - Checking for running process with PID 3512
[2025-09-19T10:19:12.116+0000] {virtualenv.py:181} INFO - Process 3512 running: True and has the lock /opt/***/cosmos_venvs/ecom_intermediate/cosmos_virtualenv.lock.
[2025-09-19T10:19:12.125+0000] {virtualenv.py:122} INFO - Waiting for virtualenv lock to be released
[2025-09-19T10:19:13.127+0000] {virtualenv.py:178} INFO - Checking for running process with PID 3512
[2025-09-19T10:19:13.128+0000] {virtualenv.py:181} INFO - Process 3512 running: True and has the lock /opt/***/cosmos_venvs/ecom_intermediate/cosmos_virtualenv.lock.
[2025-09-19T10:19:13.129+0000] {virtualenv.py:122} INFO - Waiting for virtualenv lock to be released
[2025-09-19T10:19:14.131+0000] {virtualenv.py:178} INFO - Checking for running process with PID 3512
[2025-09-19T10:19:14.132+0000] {virtualenv.py:181} INFO - Process 3512 running: True and has the lock /opt/***/cosmos_venvs/ecom_intermediate/cosmos_virtualenv.lock.
[2025-09-19T10:19:14.133+0000] {virtualenv.py:122} INFO - Waiting for virtualenv lock to be released
[2025-09-19T10:19:15.134+0000] {virtualenv.py:178} INFO - Checking for running process with PID 3512
[2025-09-19T10:19:15.135+0000] {virtualenv.py:181} INFO - Process 3512 running: True and has the lock /opt/***/cosmos_venvs/ecom_intermediate/cosmos_virtualenv.lock.
[2025-09-19T10:19:15.136+0000] {virtualenv.py:122} INFO - Waiting for virtualenv lock to be released
[2025-09-19T10:19:16.137+0000] {virtualenv.py:178} INFO - Checking for running process with PID 3513
[2025-09-19T10:19:16.138+0000] {virtualenv.py:181} INFO - Process 3513 running: True and has the lock /opt/***/cosmos_venvs/ecom_intermediate/cosmos_virtualenv.lock.
[2025-09-19T10:19:16.139+0000] {virtualenv.py:122} INFO - Waiting for virtualenv lock to be released
[2025-09-19T10:19:17.141+0000] {virtualenv.py:178} INFO - Checking for running process with PID 3513
[2025-09-19T10:19:17.142+0000] {virtualenv.py:181} INFO - Process 3513 running: True and has the lock /opt/***/cosmos_venvs/ecom_intermediate/cosmos_virtualenv.lock.
[2025-09-19T10:19:17.144+0000] {virtualenv.py:122} INFO - Waiting for virtualenv lock to be released
[2025-09-19T10:19:18.146+0000] {virtualenv.py:178} INFO - Checking for running process with PID 3513
[2025-09-19T10:19:18.146+0000] {virtualenv.py:181} INFO - Process 3513 running: True and has the lock /opt/***/cosmos_venvs/ecom_intermediate/cosmos_virtualenv.lock.
[2025-09-19T10:19:18.147+0000] {virtualenv.py:122} INFO - Waiting for virtualenv lock to be released
[2025-09-19T10:19:19.149+0000] {virtualenv.py:178} INFO - Checking for running process with PID 3513
[2025-09-19T10:19:19.149+0000] {virtualenv.py:181} INFO - Process 3513 running: True and has the lock /opt/***/cosmos_venvs/ecom_intermediate/cosmos_virtualenv.lock.
[2025-09-19T10:19:19.150+0000] {virtualenv.py:122} INFO - Waiting for virtualenv lock to be released
[2025-09-19T10:19:20.152+0000] {virtualenv.py:178} INFO - Checking for running process with PID 3513
[2025-09-19T10:19:20.152+0000] {virtualenv.py:181} INFO - Process 3513 running: True and has the lock /opt/***/cosmos_venvs/ecom_intermediate/cosmos_virtualenv.lock.
[2025-09-19T10:19:20.153+0000] {virtualenv.py:122} INFO - Waiting for virtualenv lock to be released
[2025-09-19T10:19:20.763+0000] {local_task_job_runner.py:124} ERROR - Received SIGTERM. Terminating subprocesses
[2025-09-19T10:19:20.774+0000] {process_utils.py:132} INFO - Sending 15 to group 3519. PIDs of all processes in the group: [3519]
[2025-09-19T10:19:20.776+0000] {process_utils.py:87} INFO - Sending the signal 15 to group 3519
[2025-09-19T10:19:20.783+0000] {taskinstance.py:2611} ERROR - Received SIGTERM. Terminating subprocesses.
[2025-09-19T10:19:20.787+0000] {virtualenv.py:131} INFO - Releasing virtualenv lock
[2025-09-19T10:19:20.788+0000] {virtualenv.py:210} WARNING - Lockfile owned by process of pid 3513, while operator has pid 3519
[2025-09-19T10:19:20.791+0000] {taskinstance.py:441} INFO - ::group::Post task execution logs
[2025-09-19T10:19:20.988+0000] {taskinstance.py:2905} ERROR - Task failed with exception
Traceback (most recent call last):
  File "/home/airflow/.local/lib/python3.10/site-packages/airflow/models/taskinstance.py", line 465, in _execute_task
    result = _execute_callable(context=context, **execute_callable_kwargs)
  File "/home/airflow/.local/lib/python3.10/site-packages/airflow/models/taskinstance.py", line 432, in _execute_callable
    return execute_callable(context=context, **execute_callable_kwargs)
  File "/home/airflow/.local/lib/python3.10/site-packages/airflow/models/baseoperator.py", line 401, in wrapper
    return func(self, *args, **kwargs)
  File "/home/airflow/.local/lib/python3.10/site-packages/cosmos/operators/virtualenv.py", line 144, in execute
    output = super().execute(context)
  File "/home/airflow/.local/lib/python3.10/site-packages/cosmos/operators/base.py", line 310, in execute
    self.build_and_run_cmd(context=context, cmd_flags=self.add_cmd_flags())
  File "/home/airflow/.local/lib/python3.10/site-packages/cosmos/operators/local.py", line 853, in build_and_run_cmd
    result = self.run_command(
  File "/home/airflow/.local/lib/python3.10/site-packages/cosmos/operators/virtualenv.py", line 123, in run_command
    time.sleep(1)
  File "/home/airflow/.local/lib/python3.10/site-packages/airflow/models/taskinstance.py", line 2613, in signal_handler
    raise AirflowTaskTerminated("Task received SIGTERM signal")
airflow.exceptions.AirflowTaskTerminated: Task received SIGTERM signal
[2025-09-19T10:19:20.997+0000] {taskinstance.py:1206} INFO - Marking task as FAILED. dag_id=dbt_intermediate, task_id=intermediate.marital_statuses.run, run_id=scheduled__2025-09-18T00:00:00+00:00, execution_date=20250918T000000, start_date=20250919T101900, end_date=20250919T101920
[2025-09-19T10:19:21.169+0000] {process_utils.py:80} INFO - Process psutil.Process(pid=3519, status='terminated', exitcode=2, started='10:19:00') (3519) terminated with exit code 2
[2025-09-19T10:19:21.172+0000] {local_task_job_runner.py:243} INFO - Task exited with return code 143
[2025-09-19T10:19:21.403+0000] {local_task_job_runner.py:222} INFO - ::endgroup::
