[2025-09-13T09:41:04.371+0000] {local_task_job_runner.py:120} INFO - ::group::Pre task execution logs
[2025-09-13T09:41:04.601+0000] {taskinstance.py:2076} INFO - Dependencies all met for dep_context=non-requeueable deps ti=<TaskInstance: dbt_marts.marts.dim_locations_run manual__2025-09-13T09:40:29.757092+00:00 [queued]>
[2025-09-13T09:41:04.642+0000] {taskinstance.py:2076} INFO - Dependencies all met for dep_context=requeueable deps ti=<TaskInstance: dbt_marts.marts.dim_locations_run manual__2025-09-13T09:40:29.757092+00:00 [queued]>
[2025-09-13T09:41:04.643+0000] {taskinstance.py:2306} INFO - Starting attempt 1 of 1
[2025-09-13T09:41:04.969+0000] {taskinstance.py:2330} INFO - Executing <Task(DbtRunVirtualenvOperator): marts.dim_locations_run> on 2025-09-13 09:40:29.757092+00:00
[2025-09-13T09:41:04.979+0000] {standard_task_runner.py:64} INFO - Started process 6308 to run task
[2025-09-13T09:41:04.993+0000] {standard_task_runner.py:90} INFO - Running: ['***', 'tasks', 'run', 'dbt_marts', 'marts.dim_locations_run', 'manual__2025-09-13T09:40:29.757092+00:00', '--job-id', '202', '--raw', '--subdir', 'DAGS_FOLDER/dbt_marts.py', '--cfg-path', '/tmp/tmpcr3v16dn']
[2025-09-13T09:41:05.005+0000] {standard_task_runner.py:91} INFO - Job 202: Subtask marts.dim_locations_run
[2025-09-13T09:41:05.581+0000] {task_command.py:426} INFO - Running <TaskInstance: dbt_marts.marts.dim_locations_run manual__2025-09-13T09:40:29.757092+00:00 [running]> on host e95bde6b8d07
[2025-09-13T09:41:06.426+0000] {taskinstance.py:2648} INFO - Exporting env vars: AIRFLOW_CTX_DAG_OWNER='***' AIRFLOW_CTX_DAG_ID='dbt_marts' AIRFLOW_CTX_TASK_ID='marts.dim_locations_run' AIRFLOW_CTX_EXECUTION_DATE='2025-09-13T09:40:29.757092+00:00' AIRFLOW_CTX_TRY_NUMBER='1' AIRFLOW_CTX_DAG_RUN_ID='manual__2025-09-13T09:40:29.757092+00:00'
[2025-09-13T09:41:06.428+0000] {taskinstance.py:430} INFO - ::endgroup::
[2025-09-13T09:41:06.451+0000] {virtualenv.py:120} INFO - Checking if the virtualenv lock /tmp/cosmos_venv_ecom/cosmos_virtualenv.lock exists
[2025-09-13T09:41:06.452+0000] {virtualenv.py:178} INFO - Checking for running process with PID 6194
[2025-09-13T09:41:06.452+0000] {virtualenv.py:181} INFO - Process 6194 running: True and has the lock /tmp/cosmos_venv_ecom/cosmos_virtualenv.lock.
[2025-09-13T09:41:06.453+0000] {virtualenv.py:122} INFO - Waiting for virtualenv lock to be released
[2025-09-13T09:41:07.452+0000] {virtualenv.py:178} INFO - Checking for running process with PID 6194
[2025-09-13T09:41:07.453+0000] {virtualenv.py:181} INFO - Process 6194 running: True and has the lock /tmp/cosmos_venv_ecom/cosmos_virtualenv.lock.
[2025-09-13T09:41:07.454+0000] {virtualenv.py:122} INFO - Waiting for virtualenv lock to be released
[2025-09-13T09:41:08.455+0000] {virtualenv.py:178} INFO - Checking for running process with PID 6194
[2025-09-13T09:41:08.457+0000] {virtualenv.py:181} INFO - Process 6194 running: True and has the lock /tmp/cosmos_venv_ecom/cosmos_virtualenv.lock.
[2025-09-13T09:41:08.459+0000] {virtualenv.py:122} INFO - Waiting for virtualenv lock to be released
[2025-09-13T09:41:09.461+0000] {virtualenv.py:178} INFO - Checking for running process with PID 6194
[2025-09-13T09:41:09.462+0000] {virtualenv.py:181} INFO - Process 6194 running: True and has the lock /tmp/cosmos_venv_ecom/cosmos_virtualenv.lock.
[2025-09-13T09:41:09.463+0000] {virtualenv.py:122} INFO - Waiting for virtualenv lock to be released
[2025-09-13T09:41:10.464+0000] {virtualenv.py:178} INFO - Checking for running process with PID 6194
[2025-09-13T09:41:10.465+0000] {virtualenv.py:181} INFO - Process 6194 running: True and has the lock /tmp/cosmos_venv_ecom/cosmos_virtualenv.lock.
[2025-09-13T09:41:10.465+0000] {virtualenv.py:122} INFO - Waiting for virtualenv lock to be released
[2025-09-13T09:41:11.466+0000] {virtualenv.py:178} INFO - Checking for running process with PID 6194
[2025-09-13T09:41:11.467+0000] {virtualenv.py:181} INFO - Process 6194 running: True and has the lock /tmp/cosmos_venv_ecom/cosmos_virtualenv.lock.
[2025-09-13T09:41:11.468+0000] {virtualenv.py:122} INFO - Waiting for virtualenv lock to be released
[2025-09-13T09:41:12.469+0000] {virtualenv.py:178} INFO - Checking for running process with PID 6194
[2025-09-13T09:41:12.470+0000] {virtualenv.py:181} INFO - Process 6194 running: True and has the lock /tmp/cosmos_venv_ecom/cosmos_virtualenv.lock.
[2025-09-13T09:41:12.470+0000] {virtualenv.py:122} INFO - Waiting for virtualenv lock to be released
[2025-09-13T09:41:13.472+0000] {virtualenv.py:178} INFO - Checking for running process with PID 6194
[2025-09-13T09:41:13.473+0000] {virtualenv.py:181} INFO - Process 6194 running: True and has the lock /tmp/cosmos_venv_ecom/cosmos_virtualenv.lock.
[2025-09-13T09:41:13.473+0000] {virtualenv.py:122} INFO - Waiting for virtualenv lock to be released
[2025-09-13T09:41:14.475+0000] {virtualenv.py:178} INFO - Checking for running process with PID 6194
[2025-09-13T09:41:14.476+0000] {virtualenv.py:181} INFO - Process 6194 running: True and has the lock /tmp/cosmos_venv_ecom/cosmos_virtualenv.lock.
[2025-09-13T09:41:14.477+0000] {virtualenv.py:122} INFO - Waiting for virtualenv lock to be released
[2025-09-13T09:41:15.365+0000] {local_task_job_runner.py:313} WARNING - State of this instance has been externally set to failed. Terminating instance.
[2025-09-13T09:41:15.366+0000] {local_task_job_runner.py:222} INFO - ::endgroup::
[2025-09-13T09:41:15.375+0000] {process_utils.py:132} INFO - Sending 15 to group 6308. PIDs of all processes in the group: [6308]
[2025-09-13T09:41:15.377+0000] {process_utils.py:87} INFO - Sending the signal 15 to group 6308
[2025-09-13T09:41:15.378+0000] {taskinstance.py:2611} ERROR - Received SIGTERM. Terminating subprocesses.
[2025-09-13T09:41:15.379+0000] {virtualenv.py:131} INFO - Releasing virtualenv lock
[2025-09-13T09:41:15.380+0000] {virtualenv.py:210} WARNING - Lockfile owned by process of pid 6194, while operator has pid 6308
[2025-09-13T09:41:15.381+0000] {taskinstance.py:441} INFO - ::group::Post task execution logs
[2025-09-13T09:41:15.604+0000] {process_utils.py:80} INFO - Process psutil.Process(pid=6308, status='terminated', exitcode=0, started='09:41:04') (6308) terminated with exit code 0
