[2025-09-13T09:45:07.039+0000] {local_task_job_runner.py:120} INFO - ::group::Pre task execution logs
[2025-09-13T09:45:07.162+0000] {taskinstance.py:2076} INFO - Dependencies all met for dep_context=non-requeueable deps ti=<TaskInstance: dbt_intermediate.intermediate.education_types.run manual__2025-09-13T09:45:02.800484+00:00 [queued]>
[2025-09-13T09:45:07.179+0000] {taskinstance.py:2076} INFO - Dependencies all met for dep_context=requeueable deps ti=<TaskInstance: dbt_intermediate.intermediate.education_types.run manual__2025-09-13T09:45:02.800484+00:00 [queued]>
[2025-09-13T09:45:07.181+0000] {taskinstance.py:2306} INFO - Starting attempt 1 of 1
[2025-09-13T09:45:07.276+0000] {taskinstance.py:2330} INFO - Executing <Task(DbtRunVirtualenvOperator): intermediate.education_types.run> on 2025-09-13 09:45:02.800484+00:00
[2025-09-13T09:45:07.287+0000] {standard_task_runner.py:64} INFO - Started process 7039 to run task
[2025-09-13T09:45:07.293+0000] {standard_task_runner.py:90} INFO - Running: ['***', 'tasks', 'run', 'dbt_intermediate', 'intermediate.education_types.run', 'manual__2025-09-13T09:45:02.800484+00:00', '--job-id', '229', '--raw', '--subdir', 'DAGS_FOLDER/dbt_intermediate.py', '--cfg-path', '/tmp/tmpsjz5m74k']
[2025-09-13T09:45:07.296+0000] {standard_task_runner.py:91} INFO - Job 229: Subtask intermediate.education_types.run
[2025-09-13T09:45:07.719+0000] {task_command.py:426} INFO - Running <TaskInstance: dbt_intermediate.intermediate.education_types.run manual__2025-09-13T09:45:02.800484+00:00 [running]> on host e95bde6b8d07
[2025-09-13T09:45:08.702+0000] {taskinstance.py:2648} INFO - Exporting env vars: AIRFLOW_CTX_DAG_OWNER='***' AIRFLOW_CTX_DAG_ID='dbt_intermediate' AIRFLOW_CTX_TASK_ID='intermediate.education_types.run' AIRFLOW_CTX_EXECUTION_DATE='2025-09-13T09:45:02.800484+00:00' AIRFLOW_CTX_TRY_NUMBER='1' AIRFLOW_CTX_DAG_RUN_ID='manual__2025-09-13T09:45:02.800484+00:00'
[2025-09-13T09:45:08.706+0000] {taskinstance.py:430} INFO - ::endgroup::
[2025-09-13T09:45:08.730+0000] {virtualenv.py:120} INFO - Checking if the virtualenv lock /tmp/cosmos_venv_ecom/cosmos_virtualenv.lock exists
[2025-09-13T09:45:08.731+0000] {virtualenv.py:178} INFO - Checking for running process with PID 7036
[2025-09-13T09:45:08.732+0000] {virtualenv.py:181} INFO - Process 7036 running: True and has the lock /tmp/cosmos_venv_ecom/cosmos_virtualenv.lock.
[2025-09-13T09:45:08.733+0000] {virtualenv.py:122} INFO - Waiting for virtualenv lock to be released
[2025-09-13T09:45:09.735+0000] {virtualenv.py:178} INFO - Checking for running process with PID 7036
[2025-09-13T09:45:09.735+0000] {virtualenv.py:181} INFO - Process 7036 running: True and has the lock /tmp/cosmos_venv_ecom/cosmos_virtualenv.lock.
[2025-09-13T09:45:09.736+0000] {virtualenv.py:122} INFO - Waiting for virtualenv lock to be released
[2025-09-13T09:45:10.738+0000] {virtualenv.py:178} INFO - Checking for running process with PID 7036
[2025-09-13T09:45:10.738+0000] {virtualenv.py:181} INFO - Process 7036 running: True and has the lock /tmp/cosmos_venv_ecom/cosmos_virtualenv.lock.
[2025-09-13T09:45:10.739+0000] {virtualenv.py:122} INFO - Waiting for virtualenv lock to be released
[2025-09-13T09:45:11.741+0000] {virtualenv.py:178} INFO - Checking for running process with PID 7036
[2025-09-13T09:45:11.742+0000] {virtualenv.py:181} INFO - Process 7036 running: True and has the lock /tmp/cosmos_venv_ecom/cosmos_virtualenv.lock.
[2025-09-13T09:45:11.743+0000] {virtualenv.py:122} INFO - Waiting for virtualenv lock to be released
[2025-09-13T09:45:12.744+0000] {virtualenv.py:178} INFO - Checking for running process with PID 7036
[2025-09-13T09:45:12.745+0000] {virtualenv.py:181} INFO - Process 7036 running: True and has the lock /tmp/cosmos_venv_ecom/cosmos_virtualenv.lock.
[2025-09-13T09:45:12.745+0000] {virtualenv.py:122} INFO - Waiting for virtualenv lock to be released
[2025-09-13T09:45:13.747+0000] {virtualenv.py:178} INFO - Checking for running process with PID 7036
[2025-09-13T09:45:13.748+0000] {virtualenv.py:181} INFO - Process 7036 running: True and has the lock /tmp/cosmos_venv_ecom/cosmos_virtualenv.lock.
[2025-09-13T09:45:13.749+0000] {virtualenv.py:122} INFO - Waiting for virtualenv lock to be released
[2025-09-13T09:45:14.750+0000] {virtualenv.py:178} INFO - Checking for running process with PID 7036
[2025-09-13T09:45:14.751+0000] {virtualenv.py:181} INFO - Process 7036 running: True and has the lock /tmp/cosmos_venv_ecom/cosmos_virtualenv.lock.
[2025-09-13T09:45:14.752+0000] {virtualenv.py:122} INFO - Waiting for virtualenv lock to be released
[2025-09-13T09:45:15.753+0000] {virtualenv.py:178} INFO - Checking for running process with PID 7036
[2025-09-13T09:45:15.754+0000] {virtualenv.py:181} INFO - Process 7036 running: True and has the lock /tmp/cosmos_venv_ecom/cosmos_virtualenv.lock.
[2025-09-13T09:45:15.755+0000] {virtualenv.py:122} INFO - Waiting for virtualenv lock to be released
[2025-09-13T09:45:16.757+0000] {virtualenv.py:178} INFO - Checking for running process with PID 7036
[2025-09-13T09:45:16.757+0000] {virtualenv.py:181} INFO - Process 7036 running: True and has the lock /tmp/cosmos_venv_ecom/cosmos_virtualenv.lock.
[2025-09-13T09:45:16.757+0000] {virtualenv.py:122} INFO - Waiting for virtualenv lock to be released
[2025-09-13T09:45:17.759+0000] {virtualenv.py:178} INFO - Checking for running process with PID 7036
[2025-09-13T09:45:17.759+0000] {virtualenv.py:181} INFO - Process 7036 running: True and has the lock /tmp/cosmos_venv_ecom/cosmos_virtualenv.lock.
[2025-09-13T09:45:17.760+0000] {virtualenv.py:122} INFO - Waiting for virtualenv lock to be released
[2025-09-13T09:45:18.761+0000] {virtualenv.py:178} INFO - Checking for running process with PID 7036
[2025-09-13T09:45:18.762+0000] {virtualenv.py:181} INFO - Process 7036 running: True and has the lock /tmp/cosmos_venv_ecom/cosmos_virtualenv.lock.
[2025-09-13T09:45:18.763+0000] {virtualenv.py:122} INFO - Waiting for virtualenv lock to be released
[2025-09-13T09:45:19.764+0000] {virtualenv.py:178} INFO - Checking for running process with PID 7036
[2025-09-13T09:45:19.765+0000] {virtualenv.py:181} INFO - Process 7036 running: True and has the lock /tmp/cosmos_venv_ecom/cosmos_virtualenv.lock.
[2025-09-13T09:45:19.766+0000] {virtualenv.py:122} INFO - Waiting for virtualenv lock to be released
[2025-09-13T09:45:20.768+0000] {virtualenv.py:178} INFO - Checking for running process with PID 7036
[2025-09-13T09:45:20.769+0000] {virtualenv.py:181} INFO - Process 7036 running: True and has the lock /tmp/cosmos_venv_ecom/cosmos_virtualenv.lock.
[2025-09-13T09:45:20.769+0000] {virtualenv.py:122} INFO - Waiting for virtualenv lock to be released
[2025-09-13T09:45:21.771+0000] {virtualenv.py:178} INFO - Checking for running process with PID 7036
[2025-09-13T09:45:21.772+0000] {virtualenv.py:181} INFO - Process 7036 running: True and has the lock /tmp/cosmos_venv_ecom/cosmos_virtualenv.lock.
[2025-09-13T09:45:21.773+0000] {virtualenv.py:122} INFO - Waiting for virtualenv lock to be released
[2025-09-13T09:45:22.775+0000] {virtualenv.py:178} INFO - Checking for running process with PID 7036
[2025-09-13T09:45:22.776+0000] {virtualenv.py:181} INFO - Process 7036 running: True and has the lock /tmp/cosmos_venv_ecom/cosmos_virtualenv.lock.
[2025-09-13T09:45:22.776+0000] {virtualenv.py:122} INFO - Waiting for virtualenv lock to be released
[2025-09-13T09:45:23.777+0000] {virtualenv.py:178} INFO - Checking for running process with PID 7036
[2025-09-13T09:45:23.778+0000] {virtualenv.py:181} INFO - Process 7036 running: True and has the lock /tmp/cosmos_venv_ecom/cosmos_virtualenv.lock.
[2025-09-13T09:45:23.779+0000] {virtualenv.py:122} INFO - Waiting for virtualenv lock to be released
[2025-09-13T09:45:24.780+0000] {virtualenv.py:178} INFO - Checking for running process with PID 7042
[2025-09-13T09:45:24.781+0000] {virtualenv.py:181} INFO - Process 7042 running: True and has the lock /tmp/cosmos_venv_ecom/cosmos_virtualenv.lock.
[2025-09-13T09:45:24.781+0000] {virtualenv.py:122} INFO - Waiting for virtualenv lock to be released
[2025-09-13T09:45:25.782+0000] {virtualenv.py:178} INFO - Checking for running process with PID 7042
[2025-09-13T09:45:25.783+0000] {virtualenv.py:181} INFO - Process 7042 running: True and has the lock /tmp/cosmos_venv_ecom/cosmos_virtualenv.lock.
[2025-09-13T09:45:25.784+0000] {virtualenv.py:122} INFO - Waiting for virtualenv lock to be released
[2025-09-13T09:45:26.785+0000] {virtualenv.py:178} INFO - Checking for running process with PID 7042
[2025-09-13T09:45:26.786+0000] {virtualenv.py:181} INFO - Process 7042 running: True and has the lock /tmp/cosmos_venv_ecom/cosmos_virtualenv.lock.
[2025-09-13T09:45:26.786+0000] {virtualenv.py:122} INFO - Waiting for virtualenv lock to be released
[2025-09-13T09:45:27.788+0000] {virtualenv.py:178} INFO - Checking for running process with PID 7042
[2025-09-13T09:45:27.790+0000] {virtualenv.py:181} INFO - Process 7042 running: True and has the lock /tmp/cosmos_venv_ecom/cosmos_virtualenv.lock.
[2025-09-13T09:45:27.791+0000] {virtualenv.py:122} INFO - Waiting for virtualenv lock to be released
[2025-09-13T09:45:28.796+0000] {virtualenv.py:178} INFO - Checking for running process with PID 7042
[2025-09-13T09:45:28.796+0000] {virtualenv.py:181} INFO - Process 7042 running: True and has the lock /tmp/cosmos_venv_ecom/cosmos_virtualenv.lock.
[2025-09-13T09:45:28.797+0000] {virtualenv.py:122} INFO - Waiting for virtualenv lock to be released
[2025-09-13T09:45:29.798+0000] {virtualenv.py:178} INFO - Checking for running process with PID 7042
[2025-09-13T09:45:29.799+0000] {virtualenv.py:181} INFO - Process 7042 running: True and has the lock /tmp/cosmos_venv_ecom/cosmos_virtualenv.lock.
[2025-09-13T09:45:29.800+0000] {virtualenv.py:122} INFO - Waiting for virtualenv lock to be released
[2025-09-13T09:45:30.802+0000] {virtualenv.py:178} INFO - Checking for running process with PID 7042
[2025-09-13T09:45:30.803+0000] {virtualenv.py:181} INFO - Process 7042 running: True and has the lock /tmp/cosmos_venv_ecom/cosmos_virtualenv.lock.
[2025-09-13T09:45:30.804+0000] {virtualenv.py:122} INFO - Waiting for virtualenv lock to be released
[2025-09-13T09:45:31.806+0000] {virtualenv.py:178} INFO - Checking for running process with PID 7042
[2025-09-13T09:45:31.807+0000] {virtualenv.py:181} INFO - Process 7042 running: True and has the lock /tmp/cosmos_venv_ecom/cosmos_virtualenv.lock.
[2025-09-13T09:45:31.807+0000] {virtualenv.py:122} INFO - Waiting for virtualenv lock to be released
[2025-09-13T09:45:32.809+0000] {virtualenv.py:178} INFO - Checking for running process with PID 7042
[2025-09-13T09:45:32.813+0000] {virtualenv.py:181} INFO - Process 7042 running: True and has the lock /tmp/cosmos_venv_ecom/cosmos_virtualenv.lock.
[2025-09-13T09:45:32.814+0000] {virtualenv.py:122} INFO - Waiting for virtualenv lock to be released
[2025-09-13T09:45:33.816+0000] {virtualenv.py:178} INFO - Checking for running process with PID 7042
[2025-09-13T09:45:33.817+0000] {virtualenv.py:181} INFO - Process 7042 running: True and has the lock /tmp/cosmos_venv_ecom/cosmos_virtualenv.lock.
[2025-09-13T09:45:33.817+0000] {virtualenv.py:122} INFO - Waiting for virtualenv lock to be released
[2025-09-13T09:45:34.819+0000] {virtualenv.py:178} INFO - Checking for running process with PID 7042
[2025-09-13T09:45:34.820+0000] {virtualenv.py:181} INFO - Process 7042 running: True and has the lock /tmp/cosmos_venv_ecom/cosmos_virtualenv.lock.
[2025-09-13T09:45:34.820+0000] {virtualenv.py:122} INFO - Waiting for virtualenv lock to be released
[2025-09-13T09:45:35.821+0000] {virtualenv.py:178} INFO - Checking for running process with PID 7042
[2025-09-13T09:45:35.822+0000] {virtualenv.py:181} INFO - Process 7042 running: True and has the lock /tmp/cosmos_venv_ecom/cosmos_virtualenv.lock.
[2025-09-13T09:45:35.823+0000] {virtualenv.py:122} INFO - Waiting for virtualenv lock to be released
[2025-09-13T09:45:36.825+0000] {virtualenv.py:178} INFO - Checking for running process with PID 7042
[2025-09-13T09:45:36.826+0000] {virtualenv.py:181} INFO - Process 7042 running: True and has the lock /tmp/cosmos_venv_ecom/cosmos_virtualenv.lock.
[2025-09-13T09:45:36.827+0000] {virtualenv.py:122} INFO - Waiting for virtualenv lock to be released
[2025-09-13T09:45:37.827+0000] {virtualenv.py:178} INFO - Checking for running process with PID 7042
[2025-09-13T09:45:37.828+0000] {virtualenv.py:181} INFO - Process 7042 running: True and has the lock /tmp/cosmos_venv_ecom/cosmos_virtualenv.lock.
[2025-09-13T09:45:37.828+0000] {virtualenv.py:122} INFO - Waiting for virtualenv lock to be released
[2025-09-13T09:45:38.830+0000] {virtualenv.py:178} INFO - Checking for running process with PID 7042
[2025-09-13T09:45:38.831+0000] {virtualenv.py:181} INFO - Process 7042 running: True and has the lock /tmp/cosmos_venv_ecom/cosmos_virtualenv.lock.
[2025-09-13T09:45:38.832+0000] {virtualenv.py:122} INFO - Waiting for virtualenv lock to be released
[2025-09-13T09:45:39.834+0000] {virtualenv.py:178} INFO - Checking for running process with PID 7044
[2025-09-13T09:45:39.835+0000] {virtualenv.py:181} INFO - Process 7044 running: True and has the lock /tmp/cosmos_venv_ecom/cosmos_virtualenv.lock.
[2025-09-13T09:45:39.835+0000] {virtualenv.py:122} INFO - Waiting for virtualenv lock to be released
[2025-09-13T09:45:40.837+0000] {virtualenv.py:178} INFO - Checking for running process with PID 7044
[2025-09-13T09:45:40.837+0000] {virtualenv.py:181} INFO - Process 7044 running: True and has the lock /tmp/cosmos_venv_ecom/cosmos_virtualenv.lock.
[2025-09-13T09:45:40.838+0000] {virtualenv.py:122} INFO - Waiting for virtualenv lock to be released
[2025-09-13T09:45:41.839+0000] {virtualenv.py:178} INFO - Checking for running process with PID 7044
[2025-09-13T09:45:41.840+0000] {virtualenv.py:181} INFO - Process 7044 running: True and has the lock /tmp/cosmos_venv_ecom/cosmos_virtualenv.lock.
[2025-09-13T09:45:41.841+0000] {virtualenv.py:122} INFO - Waiting for virtualenv lock to be released
[2025-09-13T09:45:42.843+0000] {virtualenv.py:178} INFO - Checking for running process with PID 7044
[2025-09-13T09:45:42.843+0000] {virtualenv.py:181} INFO - Process 7044 running: True and has the lock /tmp/cosmos_venv_ecom/cosmos_virtualenv.lock.
[2025-09-13T09:45:42.844+0000] {virtualenv.py:122} INFO - Waiting for virtualenv lock to be released
[2025-09-13T09:45:43.846+0000] {virtualenv.py:178} INFO - Checking for running process with PID 7044
[2025-09-13T09:45:43.847+0000] {virtualenv.py:181} INFO - Process 7044 running: True and has the lock /tmp/cosmos_venv_ecom/cosmos_virtualenv.lock.
[2025-09-13T09:45:43.847+0000] {virtualenv.py:122} INFO - Waiting for virtualenv lock to be released
[2025-09-13T09:45:44.849+0000] {virtualenv.py:178} INFO - Checking for running process with PID 7044
[2025-09-13T09:45:44.850+0000] {virtualenv.py:181} INFO - Process 7044 running: True and has the lock /tmp/cosmos_venv_ecom/cosmos_virtualenv.lock.
[2025-09-13T09:45:44.850+0000] {virtualenv.py:122} INFO - Waiting for virtualenv lock to be released
[2025-09-13T09:45:45.851+0000] {virtualenv.py:178} INFO - Checking for running process with PID 7044
[2025-09-13T09:45:45.852+0000] {virtualenv.py:181} INFO - Process 7044 running: True and has the lock /tmp/cosmos_venv_ecom/cosmos_virtualenv.lock.
[2025-09-13T09:45:45.853+0000] {virtualenv.py:122} INFO - Waiting for virtualenv lock to be released
[2025-09-13T09:45:46.854+0000] {virtualenv.py:178} INFO - Checking for running process with PID 7044
[2025-09-13T09:45:46.855+0000] {virtualenv.py:181} INFO - Process 7044 running: True and has the lock /tmp/cosmos_venv_ecom/cosmos_virtualenv.lock.
[2025-09-13T09:45:46.856+0000] {virtualenv.py:122} INFO - Waiting for virtualenv lock to be released
[2025-09-13T09:45:47.858+0000] {virtualenv.py:178} INFO - Checking for running process with PID 7044
[2025-09-13T09:45:47.859+0000] {virtualenv.py:181} INFO - Process 7044 running: True and has the lock /tmp/cosmos_venv_ecom/cosmos_virtualenv.lock.
[2025-09-13T09:45:47.859+0000] {virtualenv.py:122} INFO - Waiting for virtualenv lock to be released
[2025-09-13T09:45:48.861+0000] {virtualenv.py:178} INFO - Checking for running process with PID 7044
[2025-09-13T09:45:48.861+0000] {virtualenv.py:181} INFO - Process 7044 running: True and has the lock /tmp/cosmos_venv_ecom/cosmos_virtualenv.lock.
[2025-09-13T09:45:48.862+0000] {virtualenv.py:122} INFO - Waiting for virtualenv lock to be released
[2025-09-13T09:45:49.863+0000] {virtualenv.py:178} INFO - Checking for running process with PID 7044
[2025-09-13T09:45:49.864+0000] {virtualenv.py:181} INFO - Process 7044 running: True and has the lock /tmp/cosmos_venv_ecom/cosmos_virtualenv.lock.
[2025-09-13T09:45:49.865+0000] {virtualenv.py:122} INFO - Waiting for virtualenv lock to be released
[2025-09-13T09:45:50.866+0000] {virtualenv.py:178} INFO - Checking for running process with PID 7044
[2025-09-13T09:45:50.867+0000] {virtualenv.py:181} INFO - Process 7044 running: True and has the lock /tmp/cosmos_venv_ecom/cosmos_virtualenv.lock.
[2025-09-13T09:45:50.868+0000] {virtualenv.py:122} INFO - Waiting for virtualenv lock to be released
[2025-09-13T09:45:51.869+0000] {virtualenv.py:178} INFO - Checking for running process with PID 7044
[2025-09-13T09:45:51.870+0000] {virtualenv.py:181} INFO - Process 7044 running: True and has the lock /tmp/cosmos_venv_ecom/cosmos_virtualenv.lock.
[2025-09-13T09:45:51.871+0000] {virtualenv.py:122} INFO - Waiting for virtualenv lock to be released
[2025-09-13T09:45:52.873+0000] {virtualenv.py:178} INFO - Checking for running process with PID 7044
[2025-09-13T09:45:52.874+0000] {virtualenv.py:181} INFO - Process 7044 running: True and has the lock /tmp/cosmos_venv_ecom/cosmos_virtualenv.lock.
[2025-09-13T09:45:52.874+0000] {virtualenv.py:122} INFO - Waiting for virtualenv lock to be released
[2025-09-13T09:45:53.876+0000] {virtualenv.py:178} INFO - Checking for running process with PID 7044
[2025-09-13T09:45:53.877+0000] {virtualenv.py:181} INFO - Process 7044 running: True and has the lock /tmp/cosmos_venv_ecom/cosmos_virtualenv.lock.
[2025-09-13T09:45:53.878+0000] {virtualenv.py:122} INFO - Waiting for virtualenv lock to be released
[2025-09-13T09:45:54.879+0000] {virtualenv.py:178} INFO - Checking for running process with PID 7035
[2025-09-13T09:45:54.880+0000] {virtualenv.py:181} INFO - Process 7035 running: True and has the lock /tmp/cosmos_venv_ecom/cosmos_virtualenv.lock.
[2025-09-13T09:45:54.881+0000] {virtualenv.py:122} INFO - Waiting for virtualenv lock to be released
[2025-09-13T09:45:55.882+0000] {virtualenv.py:178} INFO - Checking for running process with PID 7035
[2025-09-13T09:45:55.883+0000] {virtualenv.py:181} INFO - Process 7035 running: True and has the lock /tmp/cosmos_venv_ecom/cosmos_virtualenv.lock.
[2025-09-13T09:45:55.884+0000] {virtualenv.py:122} INFO - Waiting for virtualenv lock to be released
[2025-09-13T09:45:56.885+0000] {virtualenv.py:178} INFO - Checking for running process with PID 7035
[2025-09-13T09:45:56.886+0000] {virtualenv.py:181} INFO - Process 7035 running: True and has the lock /tmp/cosmos_venv_ecom/cosmos_virtualenv.lock.
[2025-09-13T09:45:56.887+0000] {virtualenv.py:122} INFO - Waiting for virtualenv lock to be released
[2025-09-13T09:45:57.888+0000] {virtualenv.py:178} INFO - Checking for running process with PID 7035
[2025-09-13T09:45:57.889+0000] {virtualenv.py:181} INFO - Process 7035 running: True and has the lock /tmp/cosmos_venv_ecom/cosmos_virtualenv.lock.
[2025-09-13T09:45:57.889+0000] {virtualenv.py:122} INFO - Waiting for virtualenv lock to be released
[2025-09-13T09:45:58.891+0000] {virtualenv.py:178} INFO - Checking for running process with PID 7035
[2025-09-13T09:45:58.891+0000] {virtualenv.py:181} INFO - Process 7035 running: True and has the lock /tmp/cosmos_venv_ecom/cosmos_virtualenv.lock.
[2025-09-13T09:45:58.892+0000] {virtualenv.py:122} INFO - Waiting for virtualenv lock to be released
[2025-09-13T09:45:59.894+0000] {virtualenv.py:178} INFO - Checking for running process with PID 7035
[2025-09-13T09:45:59.895+0000] {virtualenv.py:181} INFO - Process 7035 running: True and has the lock /tmp/cosmos_venv_ecom/cosmos_virtualenv.lock.
[2025-09-13T09:45:59.896+0000] {virtualenv.py:122} INFO - Waiting for virtualenv lock to be released
[2025-09-13T09:46:00.899+0000] {virtualenv.py:178} INFO - Checking for running process with PID 7035
[2025-09-13T09:46:00.900+0000] {virtualenv.py:181} INFO - Process 7035 running: True and has the lock /tmp/cosmos_venv_ecom/cosmos_virtualenv.lock.
[2025-09-13T09:46:00.900+0000] {virtualenv.py:122} INFO - Waiting for virtualenv lock to be released
[2025-09-13T09:46:01.902+0000] {virtualenv.py:178} INFO - Checking for running process with PID 7035
[2025-09-13T09:46:01.903+0000] {virtualenv.py:181} INFO - Process 7035 running: True and has the lock /tmp/cosmos_venv_ecom/cosmos_virtualenv.lock.
[2025-09-13T09:46:01.904+0000] {virtualenv.py:122} INFO - Waiting for virtualenv lock to be released
[2025-09-13T09:46:02.906+0000] {virtualenv.py:178} INFO - Checking for running process with PID 7035
[2025-09-13T09:46:02.908+0000] {virtualenv.py:181} INFO - Process 7035 running: True and has the lock /tmp/cosmos_venv_ecom/cosmos_virtualenv.lock.
[2025-09-13T09:46:02.909+0000] {virtualenv.py:122} INFO - Waiting for virtualenv lock to be released
[2025-09-13T09:46:03.912+0000] {virtualenv.py:178} INFO - Checking for running process with PID 7035
[2025-09-13T09:46:03.915+0000] {virtualenv.py:181} INFO - Process 7035 running: True and has the lock /tmp/cosmos_venv_ecom/cosmos_virtualenv.lock.
[2025-09-13T09:46:03.916+0000] {virtualenv.py:122} INFO - Waiting for virtualenv lock to be released
[2025-09-13T09:46:04.918+0000] {virtualenv.py:178} INFO - Checking for running process with PID 7035
[2025-09-13T09:46:04.918+0000] {virtualenv.py:181} INFO - Process 7035 running: True and has the lock /tmp/cosmos_venv_ecom/cosmos_virtualenv.lock.
[2025-09-13T09:46:04.919+0000] {virtualenv.py:122} INFO - Waiting for virtualenv lock to be released
[2025-09-13T09:46:05.920+0000] {virtualenv.py:178} INFO - Checking for running process with PID 7035
[2025-09-13T09:46:05.922+0000] {virtualenv.py:181} INFO - Process 7035 running: True and has the lock /tmp/cosmos_venv_ecom/cosmos_virtualenv.lock.
[2025-09-13T09:46:05.922+0000] {virtualenv.py:122} INFO - Waiting for virtualenv lock to be released
[2025-09-13T09:46:06.924+0000] {virtualenv.py:178} INFO - Checking for running process with PID 7035
[2025-09-13T09:46:06.925+0000] {virtualenv.py:181} INFO - Process 7035 running: True and has the lock /tmp/cosmos_venv_ecom/cosmos_virtualenv.lock.
[2025-09-13T09:46:06.925+0000] {virtualenv.py:122} INFO - Waiting for virtualenv lock to be released
[2025-09-13T09:46:07.924+0000] {virtualenv.py:178} INFO - Checking for running process with PID 7035
[2025-09-13T09:46:07.925+0000] {virtualenv.py:181} INFO - Process 7035 running: True and has the lock /tmp/cosmos_venv_ecom/cosmos_virtualenv.lock.
[2025-09-13T09:46:07.926+0000] {virtualenv.py:122} INFO - Waiting for virtualenv lock to be released
[2025-09-13T09:46:08.928+0000] {virtualenv.py:178} INFO - Checking for running process with PID 7035
[2025-09-13T09:46:08.929+0000] {virtualenv.py:181} INFO - Process 7035 running: True and has the lock /tmp/cosmos_venv_ecom/cosmos_virtualenv.lock.
[2025-09-13T09:46:08.929+0000] {virtualenv.py:122} INFO - Waiting for virtualenv lock to be released
[2025-09-13T09:46:09.930+0000] {virtualenv.py:178} INFO - Checking for running process with PID 7037
[2025-09-13T09:46:09.931+0000] {virtualenv.py:181} INFO - Process 7037 running: True and has the lock /tmp/cosmos_venv_ecom/cosmos_virtualenv.lock.
[2025-09-13T09:46:09.931+0000] {virtualenv.py:122} INFO - Waiting for virtualenv lock to be released
[2025-09-13T09:46:10.933+0000] {virtualenv.py:178} INFO - Checking for running process with PID 7037
[2025-09-13T09:46:10.934+0000] {virtualenv.py:181} INFO - Process 7037 running: True and has the lock /tmp/cosmos_venv_ecom/cosmos_virtualenv.lock.
[2025-09-13T09:46:10.934+0000] {virtualenv.py:122} INFO - Waiting for virtualenv lock to be released
[2025-09-13T09:46:11.936+0000] {virtualenv.py:178} INFO - Checking for running process with PID 7037
[2025-09-13T09:46:11.937+0000] {virtualenv.py:181} INFO - Process 7037 running: True and has the lock /tmp/cosmos_venv_ecom/cosmos_virtualenv.lock.
[2025-09-13T09:46:11.938+0000] {virtualenv.py:122} INFO - Waiting for virtualenv lock to be released
[2025-09-13T09:46:12.940+0000] {virtualenv.py:178} INFO - Checking for running process with PID 7037
[2025-09-13T09:46:12.940+0000] {virtualenv.py:181} INFO - Process 7037 running: True and has the lock /tmp/cosmos_venv_ecom/cosmos_virtualenv.lock.
[2025-09-13T09:46:12.941+0000] {virtualenv.py:122} INFO - Waiting for virtualenv lock to be released
[2025-09-13T09:46:13.942+0000] {virtualenv.py:178} INFO - Checking for running process with PID 7037
[2025-09-13T09:46:13.943+0000] {virtualenv.py:181} INFO - Process 7037 running: True and has the lock /tmp/cosmos_venv_ecom/cosmos_virtualenv.lock.
[2025-09-13T09:46:13.945+0000] {virtualenv.py:122} INFO - Waiting for virtualenv lock to be released
[2025-09-13T09:46:14.946+0000] {virtualenv.py:178} INFO - Checking for running process with PID 7037
[2025-09-13T09:46:14.947+0000] {virtualenv.py:181} INFO - Process 7037 running: True and has the lock /tmp/cosmos_venv_ecom/cosmos_virtualenv.lock.
[2025-09-13T09:46:14.947+0000] {virtualenv.py:122} INFO - Waiting for virtualenv lock to be released
[2025-09-13T09:46:15.948+0000] {virtualenv.py:178} INFO - Checking for running process with PID 7037
[2025-09-13T09:46:15.950+0000] {virtualenv.py:181} INFO - Process 7037 running: True and has the lock /tmp/cosmos_venv_ecom/cosmos_virtualenv.lock.
[2025-09-13T09:46:15.951+0000] {virtualenv.py:122} INFO - Waiting for virtualenv lock to be released
[2025-09-13T09:46:16.953+0000] {virtualenv.py:178} INFO - Checking for running process with PID 7037
[2025-09-13T09:46:16.954+0000] {virtualenv.py:181} INFO - Process 7037 running: True and has the lock /tmp/cosmos_venv_ecom/cosmos_virtualenv.lock.
[2025-09-13T09:46:16.954+0000] {virtualenv.py:122} INFO - Waiting for virtualenv lock to be released
[2025-09-13T09:46:17.956+0000] {virtualenv.py:178} INFO - Checking for running process with PID 7037
[2025-09-13T09:46:17.957+0000] {virtualenv.py:181} INFO - Process 7037 running: True and has the lock /tmp/cosmos_venv_ecom/cosmos_virtualenv.lock.
[2025-09-13T09:46:17.957+0000] {virtualenv.py:122} INFO - Waiting for virtualenv lock to be released
[2025-09-13T09:46:18.959+0000] {virtualenv.py:178} INFO - Checking for running process with PID 7037
[2025-09-13T09:46:18.960+0000] {virtualenv.py:181} INFO - Process 7037 running: True and has the lock /tmp/cosmos_venv_ecom/cosmos_virtualenv.lock.
[2025-09-13T09:46:18.960+0000] {virtualenv.py:122} INFO - Waiting for virtualenv lock to be released
[2025-09-13T09:46:19.962+0000] {virtualenv.py:178} INFO - Checking for running process with PID 7037
[2025-09-13T09:46:19.963+0000] {virtualenv.py:181} INFO - Process 7037 running: True and has the lock /tmp/cosmos_venv_ecom/cosmos_virtualenv.lock.
[2025-09-13T09:46:19.963+0000] {virtualenv.py:122} INFO - Waiting for virtualenv lock to be released
[2025-09-13T09:46:20.965+0000] {virtualenv.py:178} INFO - Checking for running process with PID 7037
[2025-09-13T09:46:20.966+0000] {virtualenv.py:181} INFO - Process 7037 running: True and has the lock /tmp/cosmos_venv_ecom/cosmos_virtualenv.lock.
[2025-09-13T09:46:20.966+0000] {virtualenv.py:122} INFO - Waiting for virtualenv lock to be released
[2025-09-13T09:46:21.968+0000] {virtualenv.py:178} INFO - Checking for running process with PID 7037
[2025-09-13T09:46:21.968+0000] {virtualenv.py:181} INFO - Process 7037 running: True and has the lock /tmp/cosmos_venv_ecom/cosmos_virtualenv.lock.
[2025-09-13T09:46:21.968+0000] {virtualenv.py:122} INFO - Waiting for virtualenv lock to be released
[2025-09-13T09:46:22.970+0000] {virtualenv.py:178} INFO - Checking for running process with PID 7037
[2025-09-13T09:46:22.971+0000] {virtualenv.py:181} INFO - Process 7037 running: True and has the lock /tmp/cosmos_venv_ecom/cosmos_virtualenv.lock.
[2025-09-13T09:46:22.972+0000] {virtualenv.py:122} INFO - Waiting for virtualenv lock to be released
[2025-09-13T09:46:23.973+0000] {virtualenv.py:178} INFO - Checking for running process with PID 7037
[2025-09-13T09:46:23.974+0000] {virtualenv.py:181} INFO - Process 7037 running: True and has the lock /tmp/cosmos_venv_ecom/cosmos_virtualenv.lock.
[2025-09-13T09:46:23.974+0000] {virtualenv.py:122} INFO - Waiting for virtualenv lock to be released
[2025-09-13T09:46:24.976+0000] {virtualenv.py:178} INFO - Checking for running process with PID 7037
[2025-09-13T09:46:24.976+0000] {virtualenv.py:181} INFO - Process 7037 running: True and has the lock /tmp/cosmos_venv_ecom/cosmos_virtualenv.lock.
[2025-09-13T09:46:24.977+0000] {virtualenv.py:122} INFO - Waiting for virtualenv lock to be released
[2025-09-13T09:46:25.979+0000] {virtualenv.py:178} INFO - Checking for running process with PID 7279
[2025-09-13T09:46:25.980+0000] {virtualenv.py:181} INFO - Process 7279 running: True and has the lock /tmp/cosmos_venv_ecom/cosmos_virtualenv.lock.
[2025-09-13T09:46:25.980+0000] {virtualenv.py:122} INFO - Waiting for virtualenv lock to be released
[2025-09-13T09:46:26.982+0000] {virtualenv.py:178} INFO - Checking for running process with PID 7279
[2025-09-13T09:46:26.983+0000] {virtualenv.py:181} INFO - Process 7279 running: True and has the lock /tmp/cosmos_venv_ecom/cosmos_virtualenv.lock.
[2025-09-13T09:46:26.983+0000] {virtualenv.py:122} INFO - Waiting for virtualenv lock to be released
[2025-09-13T09:46:27.985+0000] {virtualenv.py:178} INFO - Checking for running process with PID 7279
[2025-09-13T09:46:27.985+0000] {virtualenv.py:181} INFO - Process 7279 running: True and has the lock /tmp/cosmos_venv_ecom/cosmos_virtualenv.lock.
[2025-09-13T09:46:27.986+0000] {virtualenv.py:122} INFO - Waiting for virtualenv lock to be released
[2025-09-13T09:46:28.987+0000] {virtualenv.py:178} INFO - Checking for running process with PID 7279
[2025-09-13T09:46:28.988+0000] {virtualenv.py:181} INFO - Process 7279 running: True and has the lock /tmp/cosmos_venv_ecom/cosmos_virtualenv.lock.
[2025-09-13T09:46:28.989+0000] {virtualenv.py:122} INFO - Waiting for virtualenv lock to be released
[2025-09-13T09:46:29.990+0000] {virtualenv.py:178} INFO - Checking for running process with PID 7279
[2025-09-13T09:46:29.991+0000] {virtualenv.py:181} INFO - Process 7279 running: True and has the lock /tmp/cosmos_venv_ecom/cosmos_virtualenv.lock.
[2025-09-13T09:46:29.992+0000] {virtualenv.py:122} INFO - Waiting for virtualenv lock to be released
[2025-09-13T09:46:30.994+0000] {virtualenv.py:178} INFO - Checking for running process with PID 7279
[2025-09-13T09:46:30.994+0000] {virtualenv.py:181} INFO - Process 7279 running: True and has the lock /tmp/cosmos_venv_ecom/cosmos_virtualenv.lock.
[2025-09-13T09:46:30.994+0000] {virtualenv.py:122} INFO - Waiting for virtualenv lock to be released
[2025-09-13T09:46:31.996+0000] {virtualenv.py:178} INFO - Checking for running process with PID 7279
[2025-09-13T09:46:31.996+0000] {virtualenv.py:181} INFO - Process 7279 running: True and has the lock /tmp/cosmos_venv_ecom/cosmos_virtualenv.lock.
[2025-09-13T09:46:31.997+0000] {virtualenv.py:122} INFO - Waiting for virtualenv lock to be released
[2025-09-13T09:46:32.998+0000] {virtualenv.py:178} INFO - Checking for running process with PID 7279
[2025-09-13T09:46:32.999+0000] {virtualenv.py:181} INFO - Process 7279 running: True and has the lock /tmp/cosmos_venv_ecom/cosmos_virtualenv.lock.
[2025-09-13T09:46:32.999+0000] {virtualenv.py:122} INFO - Waiting for virtualenv lock to be released
[2025-09-13T09:46:34.002+0000] {virtualenv.py:178} INFO - Checking for running process with PID 7279
[2025-09-13T09:46:34.003+0000] {virtualenv.py:181} INFO - Process 7279 running: True and has the lock /tmp/cosmos_venv_ecom/cosmos_virtualenv.lock.
[2025-09-13T09:46:34.003+0000] {virtualenv.py:122} INFO - Waiting for virtualenv lock to be released
[2025-09-13T09:46:35.005+0000] {virtualenv.py:178} INFO - Checking for running process with PID 7279
[2025-09-13T09:46:35.006+0000] {virtualenv.py:181} INFO - Process 7279 running: True and has the lock /tmp/cosmos_venv_ecom/cosmos_virtualenv.lock.
[2025-09-13T09:46:35.006+0000] {virtualenv.py:122} INFO - Waiting for virtualenv lock to be released
[2025-09-13T09:46:36.008+0000] {virtualenv.py:178} INFO - Checking for running process with PID 7279
[2025-09-13T09:46:36.009+0000] {virtualenv.py:181} INFO - Process 7279 running: True and has the lock /tmp/cosmos_venv_ecom/cosmos_virtualenv.lock.
[2025-09-13T09:46:36.009+0000] {virtualenv.py:122} INFO - Waiting for virtualenv lock to be released
[2025-09-13T09:46:37.011+0000] {virtualenv.py:178} INFO - Checking for running process with PID 7279
[2025-09-13T09:46:37.012+0000] {virtualenv.py:181} INFO - Process 7279 running: True and has the lock /tmp/cosmos_venv_ecom/cosmos_virtualenv.lock.
[2025-09-13T09:46:37.012+0000] {virtualenv.py:122} INFO - Waiting for virtualenv lock to be released
[2025-09-13T09:46:38.012+0000] {virtualenv.py:178} INFO - Checking for running process with PID 7279
[2025-09-13T09:46:38.013+0000] {virtualenv.py:181} INFO - Process 7279 running: True and has the lock /tmp/cosmos_venv_ecom/cosmos_virtualenv.lock.
[2025-09-13T09:46:38.014+0000] {virtualenv.py:122} INFO - Waiting for virtualenv lock to be released
[2025-09-13T09:46:39.015+0000] {virtualenv.py:178} INFO - Checking for running process with PID 7279
[2025-09-13T09:46:39.015+0000] {virtualenv.py:181} INFO - Process 7279 running: True and has the lock /tmp/cosmos_venv_ecom/cosmos_virtualenv.lock.
[2025-09-13T09:46:39.016+0000] {virtualenv.py:122} INFO - Waiting for virtualenv lock to be released
[2025-09-13T09:46:40.018+0000] {virtualenv.py:178} INFO - Checking for running process with PID 7279
[2025-09-13T09:46:40.019+0000] {virtualenv.py:181} INFO - Process 7279 running: True and has the lock /tmp/cosmos_venv_ecom/cosmos_virtualenv.lock.
[2025-09-13T09:46:40.019+0000] {virtualenv.py:122} INFO - Waiting for virtualenv lock to be released
[2025-09-13T09:46:41.020+0000] {virtualenv.py:178} INFO - Checking for running process with PID 7118
[2025-09-13T09:46:41.021+0000] {virtualenv.py:181} INFO - Process 7118 running: True and has the lock /tmp/cosmos_venv_ecom/cosmos_virtualenv.lock.
[2025-09-13T09:46:41.021+0000] {virtualenv.py:122} INFO - Waiting for virtualenv lock to be released
[2025-09-13T09:46:42.023+0000] {virtualenv.py:178} INFO - Checking for running process with PID 7118
[2025-09-13T09:46:42.024+0000] {virtualenv.py:181} INFO - Process 7118 running: True and has the lock /tmp/cosmos_venv_ecom/cosmos_virtualenv.lock.
[2025-09-13T09:46:42.026+0000] {virtualenv.py:122} INFO - Waiting for virtualenv lock to be released
[2025-09-13T09:46:43.027+0000] {virtualenv.py:178} INFO - Checking for running process with PID 7118
[2025-09-13T09:46:43.028+0000] {virtualenv.py:181} INFO - Process 7118 running: True and has the lock /tmp/cosmos_venv_ecom/cosmos_virtualenv.lock.
[2025-09-13T09:46:43.028+0000] {virtualenv.py:122} INFO - Waiting for virtualenv lock to be released
[2025-09-13T09:46:44.030+0000] {virtualenv.py:178} INFO - Checking for running process with PID 7118
[2025-09-13T09:46:44.031+0000] {virtualenv.py:181} INFO - Process 7118 running: True and has the lock /tmp/cosmos_venv_ecom/cosmos_virtualenv.lock.
[2025-09-13T09:46:44.032+0000] {virtualenv.py:122} INFO - Waiting for virtualenv lock to be released
[2025-09-13T09:46:45.034+0000] {virtualenv.py:178} INFO - Checking for running process with PID 7118
[2025-09-13T09:46:45.034+0000] {virtualenv.py:181} INFO - Process 7118 running: True and has the lock /tmp/cosmos_venv_ecom/cosmos_virtualenv.lock.
[2025-09-13T09:46:45.035+0000] {virtualenv.py:122} INFO - Waiting for virtualenv lock to be released
[2025-09-13T09:46:46.036+0000] {virtualenv.py:178} INFO - Checking for running process with PID 7118
[2025-09-13T09:46:46.037+0000] {virtualenv.py:181} INFO - Process 7118 running: True and has the lock /tmp/cosmos_venv_ecom/cosmos_virtualenv.lock.
[2025-09-13T09:46:46.037+0000] {virtualenv.py:122} INFO - Waiting for virtualenv lock to be released
[2025-09-13T09:46:47.039+0000] {virtualenv.py:178} INFO - Checking for running process with PID 7118
[2025-09-13T09:46:47.040+0000] {virtualenv.py:181} INFO - Process 7118 running: True and has the lock /tmp/cosmos_venv_ecom/cosmos_virtualenv.lock.
[2025-09-13T09:46:47.040+0000] {virtualenv.py:122} INFO - Waiting for virtualenv lock to be released
[2025-09-13T09:46:48.042+0000] {virtualenv.py:178} INFO - Checking for running process with PID 7118
[2025-09-13T09:46:48.043+0000] {virtualenv.py:181} INFO - Process 7118 running: True and has the lock /tmp/cosmos_venv_ecom/cosmos_virtualenv.lock.
[2025-09-13T09:46:48.044+0000] {virtualenv.py:122} INFO - Waiting for virtualenv lock to be released
[2025-09-13T09:46:49.046+0000] {virtualenv.py:178} INFO - Checking for running process with PID 7118
[2025-09-13T09:46:49.046+0000] {virtualenv.py:181} INFO - Process 7118 running: True and has the lock /tmp/cosmos_venv_ecom/cosmos_virtualenv.lock.
[2025-09-13T09:46:49.047+0000] {virtualenv.py:122} INFO - Waiting for virtualenv lock to be released
[2025-09-13T09:46:50.048+0000] {virtualenv.py:178} INFO - Checking for running process with PID 7118
[2025-09-13T09:46:50.049+0000] {virtualenv.py:181} INFO - Process 7118 running: True and has the lock /tmp/cosmos_venv_ecom/cosmos_virtualenv.lock.
[2025-09-13T09:46:50.050+0000] {virtualenv.py:122} INFO - Waiting for virtualenv lock to be released
[2025-09-13T09:46:51.050+0000] {virtualenv.py:178} INFO - Checking for running process with PID 7118
[2025-09-13T09:46:51.051+0000] {virtualenv.py:181} INFO - Process 7118 running: True and has the lock /tmp/cosmos_venv_ecom/cosmos_virtualenv.lock.
[2025-09-13T09:46:51.052+0000] {virtualenv.py:122} INFO - Waiting for virtualenv lock to be released
[2025-09-13T09:46:52.053+0000] {virtualenv.py:178} INFO - Checking for running process with PID 7118
[2025-09-13T09:46:52.054+0000] {virtualenv.py:181} INFO - Process 7118 running: True and has the lock /tmp/cosmos_venv_ecom/cosmos_virtualenv.lock.
[2025-09-13T09:46:52.055+0000] {virtualenv.py:122} INFO - Waiting for virtualenv lock to be released
[2025-09-13T09:46:53.057+0000] {virtualenv.py:178} INFO - Checking for running process with PID 7118
[2025-09-13T09:46:53.058+0000] {virtualenv.py:181} INFO - Process 7118 running: True and has the lock /tmp/cosmos_venv_ecom/cosmos_virtualenv.lock.
[2025-09-13T09:46:53.058+0000] {virtualenv.py:122} INFO - Waiting for virtualenv lock to be released
[2025-09-13T09:46:54.060+0000] {virtualenv.py:178} INFO - Checking for running process with PID 7118
[2025-09-13T09:46:54.060+0000] {virtualenv.py:181} INFO - Process 7118 running: True and has the lock /tmp/cosmos_venv_ecom/cosmos_virtualenv.lock.
[2025-09-13T09:46:54.061+0000] {virtualenv.py:122} INFO - Waiting for virtualenv lock to be released
[2025-09-13T09:46:55.063+0000] {virtualenv.py:178} INFO - Checking for running process with PID 7118
[2025-09-13T09:46:55.063+0000] {virtualenv.py:181} INFO - Process 7118 running: True and has the lock /tmp/cosmos_venv_ecom/cosmos_virtualenv.lock.
[2025-09-13T09:46:55.064+0000] {virtualenv.py:122} INFO - Waiting for virtualenv lock to be released
[2025-09-13T09:46:56.065+0000] {virtualenv.py:126} INFO - Acquiring the virtualenv lock
[2025-09-13T09:46:56.066+0000] {virtualenv.py:195} INFO - Acquiring lock at /tmp/cosmos_venv_ecom/cosmos_virtualenv.lock with pid 7039
[2025-09-13T09:46:56.067+0000] {virtualenv.py:153} INFO - Creating or updating the virtualenv at `/tmp/cosmos_venv_ecom
[2025-09-13T09:46:56.067+0000] {process_utils.py:183} INFO - Executing cmd: /home/***/.local/bin/python -m virtualenv /tmp/cosmos_venv_ecom --python=python3
[2025-09-13T09:46:56.068+0000] {process_utils.py:187} INFO - Output:
[2025-09-13T09:46:57.677+0000] {process_utils.py:191} INFO - created virtual environment CPython3.10.14.final.0-64 in 684ms
[2025-09-13T09:46:57.678+0000] {process_utils.py:191} INFO -   creator CPython3Posix(dest=/tmp/cosmos_venv_ecom, clear=False, no_vcs_ignore=False, global=False)
[2025-09-13T09:46:57.679+0000] {process_utils.py:191} INFO -   seeder FromAppData(download=False, pip=bundle, setuptools=bundle, wheel=bundle, via=copy, app_data_dir=/home/***/.local/share/virtualenv)
[2025-09-13T09:46:57.680+0000] {process_utils.py:191} INFO -     added seed packages: MarkupSafe==3.0.2, PyYAML==6.0.2, agate==1.9.1, annotated_types==0.7.0, attrs==25.3.0, babel==2.17.0, certifi==2025.8.3, charset_normalizer==3.4.3, click==8.2.1, clickhouse_connect==0.8.18, clickhouse_driver==0.2.9, colorama==0.4.6, daff==1.4.2, dbt_adapters==1.16.7, dbt_clickhouse==1.9.3, dbt_common==1.30.0, dbt_core==1.10.11, dbt_extractor==0.6.0, dbt_protos==1.0.375, dbt_semantic_interfaces==0.9.0, deepdiff==8.6.1, idna==3.10, importlib_metadata==8.7.0, isodate==0.6.1, jinja2==3.1.6, jsonschema==4.25.1, jsonschema_specifications==2025.9.1, leather==0.4.0, lz4==4.4.4, mashumaro==3.14, more_itertools==10.8.0, msgpack==1.1.1, networkx==3.4.2, orderly_set==5.5.0, packaging==25.0, parsedatetime==2.6, pathspec==0.12.1, pip==25.2, protobuf==6.32.1, pydantic==2.11.7, pydantic_core==2.33.2, python_dateutil==2.9.0.post0, python_slugify==8.0.4, pytimeparse==1.1.8, pytz==2025.2, referencing==0.36.2, requests==2.32.5, rpds_py==0.27.1, setuptools==80.9.0, six==1.17.0, snowplow_tracker==1.1.0, sqlparse==0.5.3, text_unidecode==1.3, typing_extensions==4.15.0, typing_inspection==0.4.1, tzlocal==5.3.1, urllib3==2.5.0, wheel==0.45.1, zipp==3.23.0, zstandard==0.24.0
[2025-09-13T09:46:57.681+0000] {process_utils.py:191} INFO -   activators BashActivator,CShellActivator,FishActivator,NushellActivator,PowerShellActivator,PythonActivator
[2025-09-13T09:46:57.799+0000] {process_utils.py:183} INFO - Executing cmd: /tmp/cosmos_venv_ecom/bin/pip install dbt-clickhouse
[2025-09-13T09:46:57.801+0000] {process_utils.py:187} INFO - Output:
[2025-09-13T09:46:59.180+0000] {process_utils.py:191} INFO - Requirement already satisfied: dbt-clickhouse in /tmp/cosmos_venv_ecom/lib/python3.10/site-packages (1.9.3)
[2025-09-13T09:46:59.183+0000] {process_utils.py:191} INFO - Requirement already satisfied: dbt-core>=1.9 in /tmp/cosmos_venv_ecom/lib/python3.10/site-packages (from dbt-clickhouse) (1.10.11)
[2025-09-13T09:46:59.184+0000] {process_utils.py:191} INFO - Requirement already satisfied: clickhouse-connect>=0.6.22 in /tmp/cosmos_venv_ecom/lib/python3.10/site-packages (from dbt-clickhouse) (0.8.18)
[2025-09-13T09:46:59.185+0000] {process_utils.py:191} INFO - Requirement already satisfied: clickhouse-driver>=0.2.6 in /tmp/cosmos_venv_ecom/lib/python3.10/site-packages (from dbt-clickhouse) (0.2.9)
[2025-09-13T09:46:59.186+0000] {process_utils.py:191} INFO - Requirement already satisfied: setuptools>=0.69 in /tmp/cosmos_venv_ecom/lib/python3.10/site-packages (from dbt-clickhouse) (80.9.0)
[2025-09-13T09:46:59.190+0000] {process_utils.py:191} INFO - Requirement already satisfied: certifi in /tmp/cosmos_venv_ecom/lib/python3.10/site-packages (from clickhouse-connect>=0.6.22->dbt-clickhouse) (2025.8.3)
[2025-09-13T09:46:59.191+0000] {process_utils.py:191} INFO - Requirement already satisfied: urllib3>=1.26 in /tmp/cosmos_venv_ecom/lib/python3.10/site-packages (from clickhouse-connect>=0.6.22->dbt-clickhouse) (2.5.0)
[2025-09-13T09:46:59.191+0000] {process_utils.py:191} INFO - Requirement already satisfied: pytz in /tmp/cosmos_venv_ecom/lib/python3.10/site-packages (from clickhouse-connect>=0.6.22->dbt-clickhouse) (2025.2)
[2025-09-13T09:46:59.192+0000] {process_utils.py:191} INFO - Requirement already satisfied: zstandard in /tmp/cosmos_venv_ecom/lib/python3.10/site-packages (from clickhouse-connect>=0.6.22->dbt-clickhouse) (0.24.0)
[2025-09-13T09:46:59.192+0000] {process_utils.py:191} INFO - Requirement already satisfied: lz4 in /tmp/cosmos_venv_ecom/lib/python3.10/site-packages (from clickhouse-connect>=0.6.22->dbt-clickhouse) (4.4.4)
[2025-09-13T09:46:59.196+0000] {process_utils.py:191} INFO - Requirement already satisfied: tzlocal in /tmp/cosmos_venv_ecom/lib/python3.10/site-packages (from clickhouse-driver>=0.2.6->dbt-clickhouse) (5.3.1)
[2025-09-13T09:46:59.201+0000] {process_utils.py:191} INFO - Requirement already satisfied: agate<1.10,>=1.7.0 in /tmp/cosmos_venv_ecom/lib/python3.10/site-packages (from dbt-core>=1.9->dbt-clickhouse) (1.9.1)
[2025-09-13T09:46:59.201+0000] {process_utils.py:191} INFO - Requirement already satisfied: Jinja2<4,>=3.1.3 in /tmp/cosmos_venv_ecom/lib/python3.10/site-packages (from dbt-core>=1.9->dbt-clickhouse) (3.1.6)
[2025-09-13T09:46:59.203+0000] {process_utils.py:191} INFO - Requirement already satisfied: mashumaro<3.15,>=3.9 in /tmp/cosmos_venv_ecom/lib/python3.10/site-packages (from mashumaro[msgpack]<3.15,>=3.9->dbt-core>=1.9->dbt-clickhouse) (3.14)
[2025-09-13T09:46:59.204+0000] {process_utils.py:191} INFO - Requirement already satisfied: click<9.0,>=8.0.2 in /tmp/cosmos_venv_ecom/lib/python3.10/site-packages (from dbt-core>=1.9->dbt-clickhouse) (8.2.1)
[2025-09-13T09:46:59.205+0000] {process_utils.py:191} INFO - Requirement already satisfied: jsonschema<5.0,>=4.19.1 in /tmp/cosmos_venv_ecom/lib/python3.10/site-packages (from dbt-core>=1.9->dbt-clickhouse) (4.25.1)
[2025-09-13T09:46:59.206+0000] {process_utils.py:191} INFO - Requirement already satisfied: networkx<4.0,>=2.3 in /tmp/cosmos_venv_ecom/lib/python3.10/site-packages (from dbt-core>=1.9->dbt-clickhouse) (3.4.2)
[2025-09-13T09:46:59.207+0000] {process_utils.py:191} INFO - Requirement already satisfied: protobuf<7.0,>=6.0 in /tmp/cosmos_venv_ecom/lib/python3.10/site-packages (from dbt-core>=1.9->dbt-clickhouse) (6.32.1)
[2025-09-13T09:46:59.207+0000] {process_utils.py:191} INFO - Requirement already satisfied: requests<3.0.0 in /tmp/cosmos_venv_ecom/lib/python3.10/site-packages (from dbt-core>=1.9->dbt-clickhouse) (2.32.5)
[2025-09-13T09:46:59.208+0000] {process_utils.py:191} INFO - Requirement already satisfied: snowplow-tracker<2.0,>=1.0.2 in /tmp/cosmos_venv_ecom/lib/python3.10/site-packages (from dbt-core>=1.9->dbt-clickhouse) (1.1.0)
[2025-09-13T09:46:59.209+0000] {process_utils.py:191} INFO - Requirement already satisfied: pathspec<0.13,>=0.9 in /tmp/cosmos_venv_ecom/lib/python3.10/site-packages (from dbt-core>=1.9->dbt-clickhouse) (0.12.1)
[2025-09-13T09:46:59.210+0000] {process_utils.py:191} INFO - Requirement already satisfied: sqlparse<0.6.0,>=0.5.0 in /tmp/cosmos_venv_ecom/lib/python3.10/site-packages (from dbt-core>=1.9->dbt-clickhouse) (0.5.3)
[2025-09-13T09:46:59.211+0000] {process_utils.py:191} INFO - Requirement already satisfied: dbt-extractor<=0.6,>=0.5.0 in /tmp/cosmos_venv_ecom/lib/python3.10/site-packages (from dbt-core>=1.9->dbt-clickhouse) (0.6.0)
[2025-09-13T09:46:59.211+0000] {process_utils.py:191} INFO - Requirement already satisfied: dbt-semantic-interfaces<0.10,>=0.9.0 in /tmp/cosmos_venv_ecom/lib/python3.10/site-packages (from dbt-core>=1.9->dbt-clickhouse) (0.9.0)
[2025-09-13T09:46:59.212+0000] {process_utils.py:191} INFO - Requirement already satisfied: dbt-common<2.0,>=1.27.0 in /tmp/cosmos_venv_ecom/lib/python3.10/site-packages (from dbt-core>=1.9->dbt-clickhouse) (1.30.0)
[2025-09-13T09:46:59.214+0000] {process_utils.py:191} INFO - Requirement already satisfied: dbt-adapters<2.0,>=1.15.5 in /tmp/cosmos_venv_ecom/lib/python3.10/site-packages (from dbt-core>=1.9->dbt-clickhouse) (1.16.7)
[2025-09-13T09:46:59.215+0000] {process_utils.py:191} INFO - Requirement already satisfied: dbt-protos<2.0,>=1.0.346 in /tmp/cosmos_venv_ecom/lib/python3.10/site-packages (from dbt-core>=1.9->dbt-clickhouse) (1.0.375)
[2025-09-13T09:46:59.215+0000] {process_utils.py:191} INFO - Requirement already satisfied: pydantic<3 in /tmp/cosmos_venv_ecom/lib/python3.10/site-packages (from dbt-core>=1.9->dbt-clickhouse) (2.11.7)
[2025-09-13T09:46:59.216+0000] {process_utils.py:191} INFO - Requirement already satisfied: packaging>20.9 in /tmp/cosmos_venv_ecom/lib/python3.10/site-packages (from dbt-core>=1.9->dbt-clickhouse) (25.0)
[2025-09-13T09:46:59.217+0000] {process_utils.py:191} INFO - Requirement already satisfied: pyyaml>=6.0 in /tmp/cosmos_venv_ecom/lib/python3.10/site-packages (from dbt-core>=1.9->dbt-clickhouse) (6.0.2)
[2025-09-13T09:46:59.218+0000] {process_utils.py:191} INFO - Requirement already satisfied: daff>=1.3.46 in /tmp/cosmos_venv_ecom/lib/python3.10/site-packages (from dbt-core>=1.9->dbt-clickhouse) (1.4.2)
[2025-09-13T09:46:59.219+0000] {process_utils.py:191} INFO - Requirement already satisfied: typing-extensions>=4.4 in /tmp/cosmos_venv_ecom/lib/python3.10/site-packages (from dbt-core>=1.9->dbt-clickhouse) (4.15.0)
[2025-09-13T09:46:59.223+0000] {process_utils.py:191} INFO - Requirement already satisfied: Babel>=2.0 in /tmp/cosmos_venv_ecom/lib/python3.10/site-packages (from agate<1.10,>=1.7.0->dbt-core>=1.9->dbt-clickhouse) (2.17.0)
[2025-09-13T09:46:59.224+0000] {process_utils.py:191} INFO - Requirement already satisfied: isodate>=0.5.4 in /tmp/cosmos_venv_ecom/lib/python3.10/site-packages (from agate<1.10,>=1.7.0->dbt-core>=1.9->dbt-clickhouse) (0.6.1)
[2025-09-13T09:46:59.225+0000] {process_utils.py:191} INFO - Requirement already satisfied: leather>=0.3.2 in /tmp/cosmos_venv_ecom/lib/python3.10/site-packages (from agate<1.10,>=1.7.0->dbt-core>=1.9->dbt-clickhouse) (0.4.0)
[2025-09-13T09:46:59.225+0000] {process_utils.py:191} INFO - Requirement already satisfied: parsedatetime!=2.5,>=2.1 in /tmp/cosmos_venv_ecom/lib/python3.10/site-packages (from agate<1.10,>=1.7.0->dbt-core>=1.9->dbt-clickhouse) (2.6)
[2025-09-13T09:46:59.226+0000] {process_utils.py:191} INFO - Requirement already satisfied: python-slugify>=1.2.1 in /tmp/cosmos_venv_ecom/lib/python3.10/site-packages (from agate<1.10,>=1.7.0->dbt-core>=1.9->dbt-clickhouse) (8.0.4)
[2025-09-13T09:46:59.227+0000] {process_utils.py:191} INFO - Requirement already satisfied: pytimeparse>=1.1.5 in /tmp/cosmos_venv_ecom/lib/python3.10/site-packages (from agate<1.10,>=1.7.0->dbt-core>=1.9->dbt-clickhouse) (1.1.8)
[2025-09-13T09:46:59.243+0000] {process_utils.py:191} INFO - Requirement already satisfied: colorama<0.5,>=0.3.9 in /tmp/cosmos_venv_ecom/lib/python3.10/site-packages (from dbt-common<2.0,>=1.27.0->dbt-core>=1.9->dbt-clickhouse) (0.4.6)
[2025-09-13T09:46:59.244+0000] {process_utils.py:191} INFO - Requirement already satisfied: deepdiff<9.0,>=7.0 in /tmp/cosmos_venv_ecom/lib/python3.10/site-packages (from dbt-common<2.0,>=1.27.0->dbt-core>=1.9->dbt-clickhouse) (8.6.1)
[2025-09-13T09:46:59.248+0000] {process_utils.py:191} INFO - Requirement already satisfied: python-dateutil<3.0,>=2.0 in /tmp/cosmos_venv_ecom/lib/python3.10/site-packages (from dbt-common<2.0,>=1.27.0->dbt-core>=1.9->dbt-clickhouse) (2.9.0.post0)
[2025-09-13T09:46:59.257+0000] {process_utils.py:191} INFO - Requirement already satisfied: importlib-metadata<9,>=6.0 in /tmp/cosmos_venv_ecom/lib/python3.10/site-packages (from dbt-semantic-interfaces<0.10,>=0.9.0->dbt-core>=1.9->dbt-clickhouse) (8.7.0)
[2025-09-13T09:46:59.259+0000] {process_utils.py:191} INFO - Requirement already satisfied: more-itertools<11.0,>=8.0 in /tmp/cosmos_venv_ecom/lib/python3.10/site-packages (from dbt-semantic-interfaces<0.10,>=0.9.0->dbt-core>=1.9->dbt-clickhouse) (10.8.0)
[2025-09-13T09:46:59.270+0000] {process_utils.py:191} INFO - Requirement already satisfied: orderly-set<6,>=5.4.1 in /tmp/cosmos_venv_ecom/lib/python3.10/site-packages (from deepdiff<9.0,>=7.0->dbt-common<2.0,>=1.27.0->dbt-core>=1.9->dbt-clickhouse) (5.5.0)
[2025-09-13T09:46:59.279+0000] {process_utils.py:191} INFO - Requirement already satisfied: zipp>=3.20 in /tmp/cosmos_venv_ecom/lib/python3.10/site-packages (from importlib-metadata<9,>=6.0->dbt-semantic-interfaces<0.10,>=0.9.0->dbt-core>=1.9->dbt-clickhouse) (3.23.0)
[2025-09-13T09:46:59.283+0000] {process_utils.py:191} INFO - Requirement already satisfied: six in /tmp/cosmos_venv_ecom/lib/python3.10/site-packages (from isodate>=0.5.4->agate<1.10,>=1.7.0->dbt-core>=1.9->dbt-clickhouse) (1.17.0)
[2025-09-13T09:46:59.287+0000] {process_utils.py:191} INFO - Requirement already satisfied: MarkupSafe>=2.0 in /tmp/cosmos_venv_ecom/lib/python3.10/site-packages (from Jinja2<4,>=3.1.3->dbt-core>=1.9->dbt-clickhouse) (3.0.2)
[2025-09-13T09:46:59.296+0000] {process_utils.py:191} INFO - Requirement already satisfied: attrs>=22.2.0 in /tmp/cosmos_venv_ecom/lib/python3.10/site-packages (from jsonschema<5.0,>=4.19.1->dbt-core>=1.9->dbt-clickhouse) (25.3.0)
[2025-09-13T09:46:59.297+0000] {process_utils.py:191} INFO - Requirement already satisfied: jsonschema-specifications>=2023.03.6 in /tmp/cosmos_venv_ecom/lib/python3.10/site-packages (from jsonschema<5.0,>=4.19.1->dbt-core>=1.9->dbt-clickhouse) (2025.9.1)
[2025-09-13T09:46:59.298+0000] {process_utils.py:191} INFO - Requirement already satisfied: referencing>=0.28.4 in /tmp/cosmos_venv_ecom/lib/python3.10/site-packages (from jsonschema<5.0,>=4.19.1->dbt-core>=1.9->dbt-clickhouse) (0.36.2)
[2025-09-13T09:46:59.299+0000] {process_utils.py:191} INFO - Requirement already satisfied: rpds-py>=0.7.1 in /tmp/cosmos_venv_ecom/lib/python3.10/site-packages (from jsonschema<5.0,>=4.19.1->dbt-core>=1.9->dbt-clickhouse) (0.27.1)
[2025-09-13T09:46:59.309+0000] {process_utils.py:191} INFO - Requirement already satisfied: msgpack>=0.5.6 in /tmp/cosmos_venv_ecom/lib/python3.10/site-packages (from mashumaro[msgpack]<3.15,>=3.9->dbt-core>=1.9->dbt-clickhouse) (1.1.1)
[2025-09-13T09:46:59.329+0000] {process_utils.py:191} INFO - Requirement already satisfied: annotated-types>=0.6.0 in /tmp/cosmos_venv_ecom/lib/python3.10/site-packages (from pydantic<3->dbt-core>=1.9->dbt-clickhouse) (0.7.0)
[2025-09-13T09:46:59.330+0000] {process_utils.py:191} INFO - Requirement already satisfied: pydantic-core==2.33.2 in /tmp/cosmos_venv_ecom/lib/python3.10/site-packages (from pydantic<3->dbt-core>=1.9->dbt-clickhouse) (2.33.2)
[2025-09-13T09:46:59.332+0000] {process_utils.py:191} INFO - Requirement already satisfied: typing-inspection>=0.4.0 in /tmp/cosmos_venv_ecom/lib/python3.10/site-packages (from pydantic<3->dbt-core>=1.9->dbt-clickhouse) (0.4.1)
[2025-09-13T09:46:59.343+0000] {process_utils.py:191} INFO - Requirement already satisfied: charset_normalizer<4,>=2 in /tmp/cosmos_venv_ecom/lib/python3.10/site-packages (from requests<3.0.0->dbt-core>=1.9->dbt-clickhouse) (3.4.3)
[2025-09-13T09:46:59.344+0000] {process_utils.py:191} INFO - Requirement already satisfied: idna<4,>=2.5 in /tmp/cosmos_venv_ecom/lib/python3.10/site-packages (from requests<3.0.0->dbt-core>=1.9->dbt-clickhouse) (3.10)
[2025-09-13T09:46:59.395+0000] {process_utils.py:191} INFO - Requirement already satisfied: text-unidecode>=1.3 in /tmp/cosmos_venv_ecom/lib/python3.10/site-packages (from python-slugify>=1.2.1->agate<1.10,>=1.7.0->dbt-core>=1.9->dbt-clickhouse) (1.3)
[2025-09-13T09:46:59.565+0000] {local.py:470} INFO - Cloning project to writable temp directory /tmp/tmpi5yiscti from /opt/airflow/dags/dbt/ecom_intermediate
[2025-09-13T09:46:59.577+0000] {local.py:490} INFO - Partial parse is enabled and the latest partial parse file is /tmp/cosmos/dbt_intermediate__intermediate/target/partial_parse.msgpack
[2025-09-13T09:46:59.589+0000] {config.py:362} INFO - Using user-supplied profiles.yml at /opt/airflow/dags/dbt/profiles.yml
[2025-09-13T09:46:59.599+0000] {virtualenv.py:99} INFO - Using Python binary from virtualenv: /tmp/cosmos_venv_ecom/bin/python
[2025-09-13T09:46:59.599+0000] {local.py:434} INFO - Trying to run the command:
 ['/tmp/cosmos_venv_ecom/bin/dbt', 'deps', '--project-dir', '/tmp/tmpi5yiscti', '--profiles-dir', '/opt/***/dags/dbt', '--profile', 'ecom_intermediate', '--target', 'dev']
From /tmp/tmpi5yiscti
[2025-09-13T09:46:59.600+0000] {subprocess.py:56} INFO - Tmp dir root location: 
 /tmp
[2025-09-13T09:46:59.600+0000] {subprocess.py:69} INFO - Running command: ['/tmp/cosmos_venv_ecom/bin/dbt', 'deps', '--project-dir', '/tmp/tmpi5yiscti', '--profiles-dir', '/opt/***/dags/dbt', '--profile', 'ecom_intermediate', '--target', 'dev']
[2025-09-13T09:46:59.613+0000] {subprocess.py:80} INFO - Command output:
[2025-09-13T09:47:01.841+0000] {subprocess.py:90} INFO - [0m09:47:01  Running with dbt=1.10.11
[2025-09-13T09:47:02.488+0000] {subprocess.py:90} INFO - [0m09:47:02  Installing dbt-labs/dbt_utils
[2025-09-13T09:47:03.044+0000] {subprocess.py:90} INFO - [0m09:47:03  Installed from version 1.3.0
[2025-09-13T09:47:03.044+0000] {subprocess.py:90} INFO - [0m09:47:03  Updated version available: 1.3.1
[2025-09-13T09:47:03.045+0000] {subprocess.py:90} INFO - [0m09:47:03
[2025-09-13T09:47:03.045+0000] {subprocess.py:90} INFO - [0m09:47:03  Updates available for packages: ['dbt-labs/dbt_utils']
[2025-09-13T09:47:03.046+0000] {subprocess.py:90} INFO - Update your versions in packages.yml, then run dbt deps
[2025-09-13T09:47:04.843+0000] {subprocess.py:94} INFO - Command exited with return code 0
[2025-09-13T09:47:04.843+0000] {local.py:441} INFO - Update your versions in packages.yml, then run dbt deps
[2025-09-13T09:47:04.844+0000] {virtualenv.py:99} INFO - Using Python binary from virtualenv: /tmp/cosmos_venv_ecom/bin/python
[2025-09-13T09:47:04.844+0000] {local.py:434} INFO - Trying to run the command:
 ['/tmp/cosmos_venv_ecom/bin/dbt', 'run', '--models', 'education_types', '--project-dir', '/tmp/tmpi5yiscti', '--profiles-dir', '/opt/***/dags/dbt', '--profile', 'ecom_intermediate', '--target', 'dev']
From /tmp/tmpi5yiscti
[2025-09-13T09:47:04.845+0000] {subprocess.py:56} INFO - Tmp dir root location: 
 /tmp
[2025-09-13T09:47:04.845+0000] {subprocess.py:69} INFO - Running command: ['/tmp/cosmos_venv_ecom/bin/dbt', 'run', '--models', 'education_types', '--project-dir', '/tmp/tmpi5yiscti', '--profiles-dir', '/opt/***/dags/dbt', '--profile', 'ecom_intermediate', '--target', 'dev']
[2025-09-13T09:47:04.856+0000] {subprocess.py:80} INFO - Command output:
[2025-09-13T09:47:06.851+0000] {subprocess.py:90} INFO - [0m09:47:06  Running with dbt=1.10.11
[2025-09-13T09:47:06.853+0000] {subprocess.py:90} INFO - [0m09:47:06  [[33mWARNING[0m]: Deprecated functionality
[2025-09-13T09:47:06.854+0000] {subprocess.py:90} INFO - Usage of `--models`, `--model`, and `-m` is deprecated in favor of `--select` or
[2025-09-13T09:47:06.854+0000] {subprocess.py:90} INFO - `-s`.
[2025-09-13T09:47:07.159+0000] {subprocess.py:90} INFO - [0m09:47:07  Registered adapter: clickhouse=1.9.3
[2025-09-13T09:47:08.030+0000] {subprocess.py:90} INFO - [0m09:47:08  Found 15 models, 50 data tests, 8 sources, 597 macros
[2025-09-13T09:47:08.033+0000] {subprocess.py:90} INFO - [0m09:47:08
[2025-09-13T09:47:08.038+0000] {subprocess.py:90} INFO - [0m09:47:08  Concurrency: 4 threads (target='dev')
[2025-09-13T09:47:08.039+0000] {subprocess.py:90} INFO - [0m09:47:08
[2025-09-13T09:47:08.157+0000] {subprocess.py:90} INFO - [0m09:47:08  1 of 1 START sql table model `ecom_db_intermediate`.`education_types` .......... [RUN]
[2025-09-13T09:47:08.324+0000] {subprocess.py:90} INFO - [0m09:47:08  1 of 1 OK created sql table model `ecom_db_intermediate`.`education_types` ..... [[32mOK[0m in 0.17s]
[2025-09-13T09:47:08.330+0000] {subprocess.py:90} INFO - [0m09:47:08
[2025-09-13T09:47:08.330+0000] {subprocess.py:90} INFO - [0m09:47:08  Finished running 1 table model in 0 hours 0 minutes and 0.29 seconds (0.29s).
[2025-09-13T09:47:08.390+0000] {subprocess.py:90} INFO - [0m09:47:08
[2025-09-13T09:47:08.391+0000] {subprocess.py:90} INFO - [0m09:47:08  [32mCompleted successfully[0m
[2025-09-13T09:47:08.392+0000] {subprocess.py:90} INFO - [0m09:47:08
[2025-09-13T09:47:08.393+0000] {subprocess.py:90} INFO - [0m09:47:08  Done. PASS=1 WARN=0 ERROR=0 SKIP=0 NO-OP=0 TOTAL=1
[2025-09-13T09:47:08.393+0000] {subprocess.py:90} INFO - [0m09:47:08  [[33mWARNING[0m][DeprecationsSummary]: Deprecated functionality
[2025-09-13T09:47:08.394+0000] {subprocess.py:90} INFO - Summary of encountered deprecations:
[2025-09-13T09:47:08.394+0000] {subprocess.py:90} INFO - - ModelParamUsageDeprecation: 1 occurrence
[2025-09-13T09:47:08.395+0000] {subprocess.py:90} INFO - To see all deprecation instances instead of just the first occurrence of each,
[2025-09-13T09:47:08.395+0000] {subprocess.py:90} INFO - run command again with the `--show-all-deprecations` flag. You may also need to
[2025-09-13T09:47:08.396+0000] {subprocess.py:90} INFO - run with `--no-partial-parse` as some deprecations are only encountered during
[2025-09-13T09:47:08.397+0000] {subprocess.py:90} INFO - parsing.
[2025-09-13T09:47:10.238+0000] {subprocess.py:94} INFO - Command exited with return code 0
[2025-09-13T09:47:10.239+0000] {local.py:441} INFO - parsing.
[2025-09-13T09:47:10.252+0000] {local.py:196} WARNING - Artifact schema version: https://schemas.getdbt.com/dbt/manifest/v12.json is above dbt-ol supported version 7. This might cause errors.
[2025-09-13T09:47:10.253+0000] {local.py:196} WARNING - Artifact schema version: https://schemas.getdbt.com/dbt/run-results/v6.json is above dbt-ol supported version 5. This might cause errors.
[2025-09-13T09:47:10.261+0000] {local.py:547} INFO - Inlets: []
[2025-09-13T09:47:10.262+0000] {local.py:548} INFO - Outlets: []
[2025-09-13T09:47:10.263+0000] {local.py:772} INFO - Assigning inlets/outlets without DatasetAlias
[2025-09-13T09:47:10.263+0000] {dag.py:3089} INFO - Sync 1 DAGs
[2025-09-13T09:47:10.331+0000] {dag.py:3947} INFO - Setting next_dagrun for dbt_intermediate to 2025-09-13 00:00:00+00:00, run_after=2025-09-14 00:00:00+00:00
[2025-09-13T09:47:10.420+0000] {virtualenv.py:131} INFO - Releasing virtualenv lock
[2025-09-13T09:47:10.421+0000] {virtualenv.py:210} WARNING - Lockfile owned by process of pid 7041, while operator has pid 7039
[2025-09-13T09:47:10.422+0000] {virtualenv.py:145} INFO - None
[2025-09-13T09:47:10.422+0000] {taskinstance.py:441} INFO - ::group::Post task execution logs
[2025-09-13T09:47:10.465+0000] {taskinstance.py:1206} INFO - Marking task as SUCCESS. dag_id=dbt_intermediate, task_id=intermediate.education_types.run, run_id=manual__2025-09-13T09:45:02.800484+00:00, execution_date=20250913T094502, start_date=20250913T094507, end_date=20250913T094710
[2025-09-13T09:47:10.528+0000] {local_task_job_runner.py:243} INFO - Task exited with return code 0
[2025-09-13T09:47:10.596+0000] {taskinstance.py:3503} INFO - 1 downstream tasks scheduled from follow-on schedule check
[2025-09-13T09:47:10.606+0000] {local_task_job_runner.py:222} INFO - ::endgroup::
