[2025-09-22T08:28:06.777+0000] {local_task_job_runner.py:120} INFO - ::group::Pre task execution logs
[2025-09-22T08:28:07.288+0000] {taskinstance.py:2076} INFO - Dependencies all met for dep_context=non-requeueable deps ti=<TaskInstance: dbt_intermediate.intermediate.brands.run manual__2025-09-22T08:28:03.359463+00:00 [queued]>
[2025-09-22T08:28:07.313+0000] {taskinstance.py:2076} INFO - Dependencies all met for dep_context=requeueable deps ti=<TaskInstance: dbt_intermediate.intermediate.brands.run manual__2025-09-22T08:28:03.359463+00:00 [queued]>
[2025-09-22T08:28:07.317+0000] {taskinstance.py:2306} INFO - Starting attempt 1 of 1
[2025-09-22T08:28:07.368+0000] {taskinstance.py:2330} INFO - Executing <Task(DbtRunVirtualenvOperator): intermediate.brands.run> on 2025-09-22 08:28:03.359463+00:00
[2025-09-22T08:28:07.380+0000] {standard_task_runner.py:64} INFO - Started process 4940 to run task
[2025-09-22T08:28:07.388+0000] {standard_task_runner.py:90} INFO - Running: ['***', 'tasks', 'run', 'dbt_intermediate', 'intermediate.brands.run', 'manual__2025-09-22T08:28:03.359463+00:00', '--job-id', '704', '--raw', '--subdir', 'DAGS_FOLDER/dbt_intermediate.py', '--cfg-path', '/tmp/tmpj84xdesi']
[2025-09-22T08:28:07.395+0000] {standard_task_runner.py:91} INFO - Job 704: Subtask intermediate.brands.run
[2025-09-22T08:28:07.910+0000] {task_command.py:426} INFO - Running <TaskInstance: dbt_intermediate.intermediate.brands.run manual__2025-09-22T08:28:03.359463+00:00 [running]> on host e95bde6b8d07
[2025-09-22T08:28:09.016+0000] {taskinstance.py:2648} INFO - Exporting env vars: AIRFLOW_CTX_DAG_OWNER='***' AIRFLOW_CTX_DAG_ID='dbt_intermediate' AIRFLOW_CTX_TASK_ID='intermediate.brands.run' AIRFLOW_CTX_EXECUTION_DATE='2025-09-22T08:28:03.359463+00:00' AIRFLOW_CTX_TRY_NUMBER='1' AIRFLOW_CTX_DAG_RUN_ID='manual__2025-09-22T08:28:03.359463+00:00'
[2025-09-22T08:28:09.019+0000] {taskinstance.py:430} INFO - ::endgroup::
[2025-09-22T08:28:09.047+0000] {virtualenv.py:120} INFO - Checking if the virtualenv lock /opt/***/cosmos_venvs/ecom_intermediate/cosmos_virtualenv.lock exists
[2025-09-22T08:28:09.048+0000] {virtualenv.py:178} INFO - Checking for running process with PID 4939
[2025-09-22T08:28:09.049+0000] {virtualenv.py:181} INFO - Process 4939 running: True and has the lock /opt/***/cosmos_venvs/ecom_intermediate/cosmos_virtualenv.lock.
[2025-09-22T08:28:09.049+0000] {virtualenv.py:122} INFO - Waiting for virtualenv lock to be released
[2025-09-22T08:28:10.051+0000] {virtualenv.py:178} INFO - Checking for running process with PID 4939
[2025-09-22T08:28:10.052+0000] {virtualenv.py:181} INFO - Process 4939 running: True and has the lock /opt/***/cosmos_venvs/ecom_intermediate/cosmos_virtualenv.lock.
[2025-09-22T08:28:10.053+0000] {virtualenv.py:122} INFO - Waiting for virtualenv lock to be released
[2025-09-22T08:28:11.054+0000] {virtualenv.py:178} INFO - Checking for running process with PID 4939
[2025-09-22T08:28:11.055+0000] {virtualenv.py:181} INFO - Process 4939 running: True and has the lock /opt/***/cosmos_venvs/ecom_intermediate/cosmos_virtualenv.lock.
[2025-09-22T08:28:11.056+0000] {virtualenv.py:122} INFO - Waiting for virtualenv lock to be released
[2025-09-22T08:28:12.057+0000] {virtualenv.py:178} INFO - Checking for running process with PID 4939
[2025-09-22T08:28:12.058+0000] {virtualenv.py:181} INFO - Process 4939 running: True and has the lock /opt/***/cosmos_venvs/ecom_intermediate/cosmos_virtualenv.lock.
[2025-09-22T08:28:12.059+0000] {virtualenv.py:122} INFO - Waiting for virtualenv lock to be released
[2025-09-22T08:28:13.061+0000] {virtualenv.py:178} INFO - Checking for running process with PID 4939
[2025-09-22T08:28:13.062+0000] {virtualenv.py:181} INFO - Process 4939 running: True and has the lock /opt/***/cosmos_venvs/ecom_intermediate/cosmos_virtualenv.lock.
[2025-09-22T08:28:13.063+0000] {virtualenv.py:122} INFO - Waiting for virtualenv lock to be released
[2025-09-22T08:28:14.064+0000] {virtualenv.py:178} INFO - Checking for running process with PID 4939
[2025-09-22T08:28:14.066+0000] {virtualenv.py:181} INFO - Process 4939 running: True and has the lock /opt/***/cosmos_venvs/ecom_intermediate/cosmos_virtualenv.lock.
[2025-09-22T08:28:14.066+0000] {virtualenv.py:122} INFO - Waiting for virtualenv lock to be released
[2025-09-22T08:28:15.068+0000] {virtualenv.py:178} INFO - Checking for running process with PID 4939
[2025-09-22T08:28:15.070+0000] {virtualenv.py:181} INFO - Process 4939 running: True and has the lock /opt/***/cosmos_venvs/ecom_intermediate/cosmos_virtualenv.lock.
[2025-09-22T08:28:15.071+0000] {virtualenv.py:122} INFO - Waiting for virtualenv lock to be released
[2025-09-22T08:28:16.072+0000] {virtualenv.py:178} INFO - Checking for running process with PID 4939
[2025-09-22T08:28:16.073+0000] {virtualenv.py:181} INFO - Process 4939 running: True and has the lock /opt/***/cosmos_venvs/ecom_intermediate/cosmos_virtualenv.lock.
[2025-09-22T08:28:16.074+0000] {virtualenv.py:122} INFO - Waiting for virtualenv lock to be released
[2025-09-22T08:28:17.075+0000] {virtualenv.py:178} INFO - Checking for running process with PID 4939
[2025-09-22T08:28:17.076+0000] {virtualenv.py:181} INFO - Process 4939 running: True and has the lock /opt/***/cosmos_venvs/ecom_intermediate/cosmos_virtualenv.lock.
[2025-09-22T08:28:17.077+0000] {virtualenv.py:122} INFO - Waiting for virtualenv lock to be released
[2025-09-22T08:28:18.082+0000] {virtualenv.py:178} INFO - Checking for running process with PID 4939
[2025-09-22T08:28:18.083+0000] {virtualenv.py:181} INFO - Process 4939 running: True and has the lock /opt/***/cosmos_venvs/ecom_intermediate/cosmos_virtualenv.lock.
[2025-09-22T08:28:18.084+0000] {virtualenv.py:122} INFO - Waiting for virtualenv lock to be released
[2025-09-22T08:28:19.086+0000] {virtualenv.py:178} INFO - Checking for running process with PID 4939
[2025-09-22T08:28:19.087+0000] {virtualenv.py:181} INFO - Process 4939 running: True and has the lock /opt/***/cosmos_venvs/ecom_intermediate/cosmos_virtualenv.lock.
[2025-09-22T08:28:19.088+0000] {virtualenv.py:122} INFO - Waiting for virtualenv lock to be released
[2025-09-22T08:28:20.089+0000] {virtualenv.py:178} INFO - Checking for running process with PID 4939
[2025-09-22T08:28:20.090+0000] {virtualenv.py:181} INFO - Process 4939 running: True and has the lock /opt/***/cosmos_venvs/ecom_intermediate/cosmos_virtualenv.lock.
[2025-09-22T08:28:20.091+0000] {virtualenv.py:122} INFO - Waiting for virtualenv lock to be released
[2025-09-22T08:28:21.093+0000] {virtualenv.py:178} INFO - Checking for running process with PID 4939
[2025-09-22T08:28:21.094+0000] {virtualenv.py:181} INFO - Process 4939 running: True and has the lock /opt/***/cosmos_venvs/ecom_intermediate/cosmos_virtualenv.lock.
[2025-09-22T08:28:21.095+0000] {virtualenv.py:122} INFO - Waiting for virtualenv lock to be released
[2025-09-22T08:28:22.097+0000] {virtualenv.py:178} INFO - Checking for running process with PID 4939
[2025-09-22T08:28:22.098+0000] {virtualenv.py:181} INFO - Process 4939 running: True and has the lock /opt/***/cosmos_venvs/ecom_intermediate/cosmos_virtualenv.lock.
[2025-09-22T08:28:22.098+0000] {virtualenv.py:122} INFO - Waiting for virtualenv lock to be released
[2025-09-22T08:28:23.100+0000] {virtualenv.py:178} INFO - Checking for running process with PID 4939
[2025-09-22T08:28:23.102+0000] {virtualenv.py:181} INFO - Process 4939 running: True and has the lock /opt/***/cosmos_venvs/ecom_intermediate/cosmos_virtualenv.lock.
[2025-09-22T08:28:23.103+0000] {virtualenv.py:122} INFO - Waiting for virtualenv lock to be released
[2025-09-22T08:28:24.106+0000] {virtualenv.py:178} INFO - Checking for running process with PID 4939
[2025-09-22T08:28:24.106+0000] {virtualenv.py:181} INFO - Process 4939 running: True and has the lock /opt/***/cosmos_venvs/ecom_intermediate/cosmos_virtualenv.lock.
[2025-09-22T08:28:24.107+0000] {virtualenv.py:122} INFO - Waiting for virtualenv lock to be released
[2025-09-22T08:28:25.108+0000] {virtualenv.py:178} INFO - Checking for running process with PID 4946
[2025-09-22T08:28:25.109+0000] {virtualenv.py:181} INFO - Process 4946 running: True and has the lock /opt/***/cosmos_venvs/ecom_intermediate/cosmos_virtualenv.lock.
[2025-09-22T08:28:25.109+0000] {virtualenv.py:122} INFO - Waiting for virtualenv lock to be released
[2025-09-22T08:28:26.111+0000] {virtualenv.py:178} INFO - Checking for running process with PID 4946
[2025-09-22T08:28:26.112+0000] {virtualenv.py:181} INFO - Process 4946 running: True and has the lock /opt/***/cosmos_venvs/ecom_intermediate/cosmos_virtualenv.lock.
[2025-09-22T08:28:26.112+0000] {virtualenv.py:122} INFO - Waiting for virtualenv lock to be released
[2025-09-22T08:28:27.114+0000] {virtualenv.py:178} INFO - Checking for running process with PID 4946
[2025-09-22T08:28:27.115+0000] {virtualenv.py:181} INFO - Process 4946 running: True and has the lock /opt/***/cosmos_venvs/ecom_intermediate/cosmos_virtualenv.lock.
[2025-09-22T08:28:27.116+0000] {virtualenv.py:122} INFO - Waiting for virtualenv lock to be released
[2025-09-22T08:28:28.116+0000] {virtualenv.py:178} INFO - Checking for running process with PID 4946
[2025-09-22T08:28:28.119+0000] {virtualenv.py:181} INFO - Process 4946 running: True and has the lock /opt/***/cosmos_venvs/ecom_intermediate/cosmos_virtualenv.lock.
[2025-09-22T08:28:28.120+0000] {virtualenv.py:122} INFO - Waiting for virtualenv lock to be released
[2025-09-22T08:28:29.122+0000] {virtualenv.py:178} INFO - Checking for running process with PID 4946
[2025-09-22T08:28:29.123+0000] {virtualenv.py:181} INFO - Process 4946 running: True and has the lock /opt/***/cosmos_venvs/ecom_intermediate/cosmos_virtualenv.lock.
[2025-09-22T08:28:29.124+0000] {virtualenv.py:122} INFO - Waiting for virtualenv lock to be released
[2025-09-22T08:28:30.126+0000] {virtualenv.py:178} INFO - Checking for running process with PID 4946
[2025-09-22T08:28:30.128+0000] {virtualenv.py:181} INFO - Process 4946 running: True and has the lock /opt/***/cosmos_venvs/ecom_intermediate/cosmos_virtualenv.lock.
[2025-09-22T08:28:30.129+0000] {virtualenv.py:122} INFO - Waiting for virtualenv lock to be released
[2025-09-22T08:28:31.130+0000] {virtualenv.py:178} INFO - Checking for running process with PID 4946
[2025-09-22T08:28:31.131+0000] {virtualenv.py:181} INFO - Process 4946 running: True and has the lock /opt/***/cosmos_venvs/ecom_intermediate/cosmos_virtualenv.lock.
[2025-09-22T08:28:31.132+0000] {virtualenv.py:122} INFO - Waiting for virtualenv lock to be released
[2025-09-22T08:28:32.133+0000] {virtualenv.py:178} INFO - Checking for running process with PID 4946
[2025-09-22T08:28:32.141+0000] {virtualenv.py:181} INFO - Process 4946 running: True and has the lock /opt/***/cosmos_venvs/ecom_intermediate/cosmos_virtualenv.lock.
[2025-09-22T08:28:32.142+0000] {virtualenv.py:122} INFO - Waiting for virtualenv lock to be released
[2025-09-22T08:28:33.143+0000] {virtualenv.py:178} INFO - Checking for running process with PID 4946
[2025-09-22T08:28:33.144+0000] {virtualenv.py:181} INFO - Process 4946 running: True and has the lock /opt/***/cosmos_venvs/ecom_intermediate/cosmos_virtualenv.lock.
[2025-09-22T08:28:33.144+0000] {virtualenv.py:122} INFO - Waiting for virtualenv lock to be released
[2025-09-22T08:28:34.146+0000] {virtualenv.py:178} INFO - Checking for running process with PID 4946
[2025-09-22T08:28:34.147+0000] {virtualenv.py:181} INFO - Process 4946 running: True and has the lock /opt/***/cosmos_venvs/ecom_intermediate/cosmos_virtualenv.lock.
[2025-09-22T08:28:34.148+0000] {virtualenv.py:122} INFO - Waiting for virtualenv lock to be released
[2025-09-22T08:28:35.150+0000] {virtualenv.py:178} INFO - Checking for running process with PID 4946
[2025-09-22T08:28:35.151+0000] {virtualenv.py:181} INFO - Process 4946 running: True and has the lock /opt/***/cosmos_venvs/ecom_intermediate/cosmos_virtualenv.lock.
[2025-09-22T08:28:35.151+0000] {virtualenv.py:122} INFO - Waiting for virtualenv lock to be released
[2025-09-22T08:28:36.153+0000] {virtualenv.py:178} INFO - Checking for running process with PID 4946
[2025-09-22T08:28:36.154+0000] {virtualenv.py:181} INFO - Process 4946 running: True and has the lock /opt/***/cosmos_venvs/ecom_intermediate/cosmos_virtualenv.lock.
[2025-09-22T08:28:36.155+0000] {virtualenv.py:122} INFO - Waiting for virtualenv lock to be released
[2025-09-22T08:28:37.157+0000] {virtualenv.py:178} INFO - Checking for running process with PID 4946
[2025-09-22T08:28:37.158+0000] {virtualenv.py:181} INFO - Process 4946 running: True and has the lock /opt/***/cosmos_venvs/ecom_intermediate/cosmos_virtualenv.lock.
[2025-09-22T08:28:37.158+0000] {virtualenv.py:122} INFO - Waiting for virtualenv lock to be released
[2025-09-22T08:28:38.160+0000] {virtualenv.py:178} INFO - Checking for running process with PID 4946
[2025-09-22T08:28:38.161+0000] {virtualenv.py:181} INFO - Process 4946 running: True and has the lock /opt/***/cosmos_venvs/ecom_intermediate/cosmos_virtualenv.lock.
[2025-09-22T08:28:38.162+0000] {virtualenv.py:122} INFO - Waiting for virtualenv lock to be released
[2025-09-22T08:28:39.164+0000] {virtualenv.py:178} INFO - Checking for running process with PID 4937
[2025-09-22T08:28:39.164+0000] {virtualenv.py:181} INFO - Process 4937 running: True and has the lock /opt/***/cosmos_venvs/ecom_intermediate/cosmos_virtualenv.lock.
[2025-09-22T08:28:39.165+0000] {virtualenv.py:122} INFO - Waiting for virtualenv lock to be released
[2025-09-22T08:28:40.166+0000] {virtualenv.py:178} INFO - Checking for running process with PID 4937
[2025-09-22T08:28:40.169+0000] {virtualenv.py:181} INFO - Process 4937 running: True and has the lock /opt/***/cosmos_venvs/ecom_intermediate/cosmos_virtualenv.lock.
[2025-09-22T08:28:40.172+0000] {virtualenv.py:122} INFO - Waiting for virtualenv lock to be released
[2025-09-22T08:28:41.175+0000] {virtualenv.py:178} INFO - Checking for running process with PID 4937
[2025-09-22T08:28:41.176+0000] {virtualenv.py:181} INFO - Process 4937 running: True and has the lock /opt/***/cosmos_venvs/ecom_intermediate/cosmos_virtualenv.lock.
[2025-09-22T08:28:41.184+0000] {virtualenv.py:122} INFO - Waiting for virtualenv lock to be released
[2025-09-22T08:28:42.186+0000] {virtualenv.py:178} INFO - Checking for running process with PID 4937
[2025-09-22T08:28:42.188+0000] {virtualenv.py:181} INFO - Process 4937 running: True and has the lock /opt/***/cosmos_venvs/ecom_intermediate/cosmos_virtualenv.lock.
[2025-09-22T08:28:42.188+0000] {virtualenv.py:122} INFO - Waiting for virtualenv lock to be released
[2025-09-22T08:28:43.190+0000] {virtualenv.py:178} INFO - Checking for running process with PID 4937
[2025-09-22T08:28:43.191+0000] {virtualenv.py:181} INFO - Process 4937 running: True and has the lock /opt/***/cosmos_venvs/ecom_intermediate/cosmos_virtualenv.lock.
[2025-09-22T08:28:43.192+0000] {virtualenv.py:122} INFO - Waiting for virtualenv lock to be released
[2025-09-22T08:28:44.192+0000] {virtualenv.py:178} INFO - Checking for running process with PID 4937
[2025-09-22T08:28:44.193+0000] {virtualenv.py:181} INFO - Process 4937 running: True and has the lock /opt/***/cosmos_venvs/ecom_intermediate/cosmos_virtualenv.lock.
[2025-09-22T08:28:44.193+0000] {virtualenv.py:122} INFO - Waiting for virtualenv lock to be released
[2025-09-22T08:28:45.195+0000] {virtualenv.py:178} INFO - Checking for running process with PID 4937
[2025-09-22T08:28:45.196+0000] {virtualenv.py:181} INFO - Process 4937 running: True and has the lock /opt/***/cosmos_venvs/ecom_intermediate/cosmos_virtualenv.lock.
[2025-09-22T08:28:45.196+0000] {virtualenv.py:122} INFO - Waiting for virtualenv lock to be released
[2025-09-22T08:28:46.198+0000] {virtualenv.py:178} INFO - Checking for running process with PID 4937
[2025-09-22T08:28:46.199+0000] {virtualenv.py:181} INFO - Process 4937 running: True and has the lock /opt/***/cosmos_venvs/ecom_intermediate/cosmos_virtualenv.lock.
[2025-09-22T08:28:46.203+0000] {virtualenv.py:122} INFO - Waiting for virtualenv lock to be released
[2025-09-22T08:28:47.205+0000] {virtualenv.py:178} INFO - Checking for running process with PID 4937
[2025-09-22T08:28:47.207+0000] {virtualenv.py:181} INFO - Process 4937 running: True and has the lock /opt/***/cosmos_venvs/ecom_intermediate/cosmos_virtualenv.lock.
[2025-09-22T08:28:47.208+0000] {virtualenv.py:122} INFO - Waiting for virtualenv lock to be released
[2025-09-22T08:28:48.209+0000] {virtualenv.py:178} INFO - Checking for running process with PID 4937
[2025-09-22T08:28:48.210+0000] {virtualenv.py:181} INFO - Process 4937 running: True and has the lock /opt/***/cosmos_venvs/ecom_intermediate/cosmos_virtualenv.lock.
[2025-09-22T08:28:48.211+0000] {virtualenv.py:122} INFO - Waiting for virtualenv lock to be released
[2025-09-22T08:28:49.213+0000] {virtualenv.py:178} INFO - Checking for running process with PID 4937
[2025-09-22T08:28:49.214+0000] {virtualenv.py:181} INFO - Process 4937 running: True and has the lock /opt/***/cosmos_venvs/ecom_intermediate/cosmos_virtualenv.lock.
[2025-09-22T08:28:49.215+0000] {virtualenv.py:122} INFO - Waiting for virtualenv lock to be released
[2025-09-22T08:28:50.217+0000] {virtualenv.py:178} INFO - Checking for running process with PID 4937
[2025-09-22T08:28:50.218+0000] {virtualenv.py:181} INFO - Process 4937 running: True and has the lock /opt/***/cosmos_venvs/ecom_intermediate/cosmos_virtualenv.lock.
[2025-09-22T08:28:50.218+0000] {virtualenv.py:122} INFO - Waiting for virtualenv lock to be released
[2025-09-22T08:28:51.220+0000] {virtualenv.py:178} INFO - Checking for running process with PID 4937
[2025-09-22T08:28:51.221+0000] {virtualenv.py:181} INFO - Process 4937 running: True and has the lock /opt/***/cosmos_venvs/ecom_intermediate/cosmos_virtualenv.lock.
[2025-09-22T08:28:51.221+0000] {virtualenv.py:122} INFO - Waiting for virtualenv lock to be released
[2025-09-22T08:28:52.223+0000] {virtualenv.py:178} INFO - Checking for running process with PID 4937
[2025-09-22T08:28:52.224+0000] {virtualenv.py:181} INFO - Process 4937 running: True and has the lock /opt/***/cosmos_venvs/ecom_intermediate/cosmos_virtualenv.lock.
[2025-09-22T08:28:52.224+0000] {virtualenv.py:122} INFO - Waiting for virtualenv lock to be released
[2025-09-22T08:28:53.226+0000] {virtualenv.py:178} INFO - Checking for running process with PID 4937
[2025-09-22T08:28:53.227+0000] {virtualenv.py:181} INFO - Process 4937 running: True and has the lock /opt/***/cosmos_venvs/ecom_intermediate/cosmos_virtualenv.lock.
[2025-09-22T08:28:53.228+0000] {virtualenv.py:122} INFO - Waiting for virtualenv lock to be released
[2025-09-22T08:28:54.230+0000] {virtualenv.py:178} INFO - Checking for running process with PID 4937
[2025-09-22T08:28:54.231+0000] {virtualenv.py:181} INFO - Process 4937 running: True and has the lock /opt/***/cosmos_venvs/ecom_intermediate/cosmos_virtualenv.lock.
[2025-09-22T08:28:54.232+0000] {virtualenv.py:122} INFO - Waiting for virtualenv lock to be released
[2025-09-22T08:28:55.234+0000] {virtualenv.py:178} INFO - Checking for running process with PID 4943
[2025-09-22T08:28:55.235+0000] {virtualenv.py:181} INFO - Process 4943 running: True and has the lock /opt/***/cosmos_venvs/ecom_intermediate/cosmos_virtualenv.lock.
[2025-09-22T08:28:55.236+0000] {virtualenv.py:122} INFO - Waiting for virtualenv lock to be released
[2025-09-22T08:28:56.237+0000] {virtualenv.py:178} INFO - Checking for running process with PID 4943
[2025-09-22T08:28:56.238+0000] {virtualenv.py:181} INFO - Process 4943 running: True and has the lock /opt/***/cosmos_venvs/ecom_intermediate/cosmos_virtualenv.lock.
[2025-09-22T08:28:56.239+0000] {virtualenv.py:122} INFO - Waiting for virtualenv lock to be released
[2025-09-22T08:28:57.241+0000] {virtualenv.py:178} INFO - Checking for running process with PID 4943
[2025-09-22T08:28:57.241+0000] {virtualenv.py:181} INFO - Process 4943 running: True and has the lock /opt/***/cosmos_venvs/ecom_intermediate/cosmos_virtualenv.lock.
[2025-09-22T08:28:57.242+0000] {virtualenv.py:122} INFO - Waiting for virtualenv lock to be released
[2025-09-22T08:28:58.243+0000] {virtualenv.py:178} INFO - Checking for running process with PID 4943
[2025-09-22T08:28:58.246+0000] {virtualenv.py:181} INFO - Process 4943 running: True and has the lock /opt/***/cosmos_venvs/ecom_intermediate/cosmos_virtualenv.lock.
[2025-09-22T08:28:58.247+0000] {virtualenv.py:122} INFO - Waiting for virtualenv lock to be released
[2025-09-22T08:28:59.249+0000] {virtualenv.py:178} INFO - Checking for running process with PID 4943
[2025-09-22T08:28:59.250+0000] {virtualenv.py:181} INFO - Process 4943 running: True and has the lock /opt/***/cosmos_venvs/ecom_intermediate/cosmos_virtualenv.lock.
[2025-09-22T08:28:59.251+0000] {virtualenv.py:122} INFO - Waiting for virtualenv lock to be released
[2025-09-22T08:29:00.255+0000] {virtualenv.py:178} INFO - Checking for running process with PID 4943
[2025-09-22T08:29:00.256+0000] {virtualenv.py:181} INFO - Process 4943 running: True and has the lock /opt/***/cosmos_venvs/ecom_intermediate/cosmos_virtualenv.lock.
[2025-09-22T08:29:00.259+0000] {virtualenv.py:122} INFO - Waiting for virtualenv lock to be released
[2025-09-22T08:29:01.262+0000] {virtualenv.py:178} INFO - Checking for running process with PID 4943
[2025-09-22T08:29:01.263+0000] {virtualenv.py:181} INFO - Process 4943 running: True and has the lock /opt/***/cosmos_venvs/ecom_intermediate/cosmos_virtualenv.lock.
[2025-09-22T08:29:01.264+0000] {virtualenv.py:122} INFO - Waiting for virtualenv lock to be released
[2025-09-22T08:29:02.266+0000] {virtualenv.py:178} INFO - Checking for running process with PID 4943
[2025-09-22T08:29:02.267+0000] {virtualenv.py:181} INFO - Process 4943 running: True and has the lock /opt/***/cosmos_venvs/ecom_intermediate/cosmos_virtualenv.lock.
[2025-09-22T08:29:02.268+0000] {virtualenv.py:122} INFO - Waiting for virtualenv lock to be released
[2025-09-22T08:29:03.270+0000] {virtualenv.py:178} INFO - Checking for running process with PID 4943
[2025-09-22T08:29:03.271+0000] {virtualenv.py:181} INFO - Process 4943 running: True and has the lock /opt/***/cosmos_venvs/ecom_intermediate/cosmos_virtualenv.lock.
[2025-09-22T08:29:03.271+0000] {virtualenv.py:122} INFO - Waiting for virtualenv lock to be released
[2025-09-22T08:29:04.273+0000] {virtualenv.py:178} INFO - Checking for running process with PID 4943
[2025-09-22T08:29:04.274+0000] {virtualenv.py:181} INFO - Process 4943 running: True and has the lock /opt/***/cosmos_venvs/ecom_intermediate/cosmos_virtualenv.lock.
[2025-09-22T08:29:04.275+0000] {virtualenv.py:122} INFO - Waiting for virtualenv lock to be released
[2025-09-22T08:29:05.277+0000] {virtualenv.py:178} INFO - Checking for running process with PID 4943
[2025-09-22T08:29:05.278+0000] {virtualenv.py:181} INFO - Process 4943 running: True and has the lock /opt/***/cosmos_venvs/ecom_intermediate/cosmos_virtualenv.lock.
[2025-09-22T08:29:05.279+0000] {virtualenv.py:122} INFO - Waiting for virtualenv lock to be released
[2025-09-22T08:29:06.281+0000] {virtualenv.py:178} INFO - Checking for running process with PID 4943
[2025-09-22T08:29:06.282+0000] {virtualenv.py:181} INFO - Process 4943 running: True and has the lock /opt/***/cosmos_venvs/ecom_intermediate/cosmos_virtualenv.lock.
[2025-09-22T08:29:06.283+0000] {virtualenv.py:122} INFO - Waiting for virtualenv lock to be released
[2025-09-22T08:29:07.284+0000] {virtualenv.py:178} INFO - Checking for running process with PID 4943
[2025-09-22T08:29:07.286+0000] {virtualenv.py:181} INFO - Process 4943 running: True and has the lock /opt/***/cosmos_venvs/ecom_intermediate/cosmos_virtualenv.lock.
[2025-09-22T08:29:07.287+0000] {virtualenv.py:122} INFO - Waiting for virtualenv lock to be released
[2025-09-22T08:29:08.288+0000] {virtualenv.py:178} INFO - Checking for running process with PID 4943
[2025-09-22T08:29:08.290+0000] {virtualenv.py:181} INFO - Process 4943 running: True and has the lock /opt/***/cosmos_venvs/ecom_intermediate/cosmos_virtualenv.lock.
[2025-09-22T08:29:08.291+0000] {virtualenv.py:122} INFO - Waiting for virtualenv lock to be released
[2025-09-22T08:29:09.293+0000] {virtualenv.py:178} INFO - Checking for running process with PID 4943
[2025-09-22T08:29:09.294+0000] {virtualenv.py:181} INFO - Process 4943 running: True and has the lock /opt/***/cosmos_venvs/ecom_intermediate/cosmos_virtualenv.lock.
[2025-09-22T08:29:09.295+0000] {virtualenv.py:122} INFO - Waiting for virtualenv lock to be released
[2025-09-22T08:29:10.297+0000] {virtualenv.py:178} INFO - Checking for running process with PID 5022
[2025-09-22T08:29:10.298+0000] {virtualenv.py:181} INFO - Process 5022 running: True and has the lock /opt/***/cosmos_venvs/ecom_intermediate/cosmos_virtualenv.lock.
[2025-09-22T08:29:10.298+0000] {virtualenv.py:122} INFO - Waiting for virtualenv lock to be released
[2025-09-22T08:29:11.300+0000] {virtualenv.py:178} INFO - Checking for running process with PID 5022
[2025-09-22T08:29:11.301+0000] {virtualenv.py:181} INFO - Process 5022 running: True and has the lock /opt/***/cosmos_venvs/ecom_intermediate/cosmos_virtualenv.lock.
[2025-09-22T08:29:11.301+0000] {virtualenv.py:122} INFO - Waiting for virtualenv lock to be released
[2025-09-22T08:29:12.303+0000] {virtualenv.py:178} INFO - Checking for running process with PID 5022
[2025-09-22T08:29:12.304+0000] {virtualenv.py:181} INFO - Process 5022 running: True and has the lock /opt/***/cosmos_venvs/ecom_intermediate/cosmos_virtualenv.lock.
[2025-09-22T08:29:12.304+0000] {virtualenv.py:122} INFO - Waiting for virtualenv lock to be released
[2025-09-22T08:29:13.306+0000] {virtualenv.py:178} INFO - Checking for running process with PID 5022
[2025-09-22T08:29:13.306+0000] {virtualenv.py:181} INFO - Process 5022 running: True and has the lock /opt/***/cosmos_venvs/ecom_intermediate/cosmos_virtualenv.lock.
[2025-09-22T08:29:13.307+0000] {virtualenv.py:122} INFO - Waiting for virtualenv lock to be released
[2025-09-22T08:29:14.308+0000] {virtualenv.py:178} INFO - Checking for running process with PID 5022
[2025-09-22T08:29:14.309+0000] {virtualenv.py:181} INFO - Process 5022 running: True and has the lock /opt/***/cosmos_venvs/ecom_intermediate/cosmos_virtualenv.lock.
[2025-09-22T08:29:14.310+0000] {virtualenv.py:122} INFO - Waiting for virtualenv lock to be released
[2025-09-22T08:29:15.311+0000] {virtualenv.py:178} INFO - Checking for running process with PID 5022
[2025-09-22T08:29:15.312+0000] {virtualenv.py:181} INFO - Process 5022 running: True and has the lock /opt/***/cosmos_venvs/ecom_intermediate/cosmos_virtualenv.lock.
[2025-09-22T08:29:15.313+0000] {virtualenv.py:122} INFO - Waiting for virtualenv lock to be released
[2025-09-22T08:29:16.315+0000] {virtualenv.py:178} INFO - Checking for running process with PID 5022
[2025-09-22T08:29:16.316+0000] {virtualenv.py:181} INFO - Process 5022 running: True and has the lock /opt/***/cosmos_venvs/ecom_intermediate/cosmos_virtualenv.lock.
[2025-09-22T08:29:16.316+0000] {virtualenv.py:122} INFO - Waiting for virtualenv lock to be released
[2025-09-22T08:29:17.318+0000] {virtualenv.py:178} INFO - Checking for running process with PID 5022
[2025-09-22T08:29:17.319+0000] {virtualenv.py:181} INFO - Process 5022 running: True and has the lock /opt/***/cosmos_venvs/ecom_intermediate/cosmos_virtualenv.lock.
[2025-09-22T08:29:17.320+0000] {virtualenv.py:122} INFO - Waiting for virtualenv lock to be released
[2025-09-22T08:29:18.322+0000] {virtualenv.py:178} INFO - Checking for running process with PID 5022
[2025-09-22T08:29:18.323+0000] {virtualenv.py:181} INFO - Process 5022 running: True and has the lock /opt/***/cosmos_venvs/ecom_intermediate/cosmos_virtualenv.lock.
[2025-09-22T08:29:18.323+0000] {virtualenv.py:122} INFO - Waiting for virtualenv lock to be released
[2025-09-22T08:29:19.325+0000] {virtualenv.py:178} INFO - Checking for running process with PID 5022
[2025-09-22T08:29:19.326+0000] {virtualenv.py:181} INFO - Process 5022 running: True and has the lock /opt/***/cosmos_venvs/ecom_intermediate/cosmos_virtualenv.lock.
[2025-09-22T08:29:19.327+0000] {virtualenv.py:122} INFO - Waiting for virtualenv lock to be released
[2025-09-22T08:29:20.329+0000] {virtualenv.py:178} INFO - Checking for running process with PID 5022
[2025-09-22T08:29:20.330+0000] {virtualenv.py:181} INFO - Process 5022 running: True and has the lock /opt/***/cosmos_venvs/ecom_intermediate/cosmos_virtualenv.lock.
[2025-09-22T08:29:20.331+0000] {virtualenv.py:122} INFO - Waiting for virtualenv lock to be released
[2025-09-22T08:29:21.333+0000] {virtualenv.py:178} INFO - Checking for running process with PID 5022
[2025-09-22T08:29:21.334+0000] {virtualenv.py:181} INFO - Process 5022 running: True and has the lock /opt/***/cosmos_venvs/ecom_intermediate/cosmos_virtualenv.lock.
[2025-09-22T08:29:21.334+0000] {virtualenv.py:122} INFO - Waiting for virtualenv lock to be released
[2025-09-22T08:29:22.337+0000] {virtualenv.py:178} INFO - Checking for running process with PID 5022
[2025-09-22T08:29:22.337+0000] {virtualenv.py:181} INFO - Process 5022 running: True and has the lock /opt/***/cosmos_venvs/ecom_intermediate/cosmos_virtualenv.lock.
[2025-09-22T08:29:22.338+0000] {virtualenv.py:122} INFO - Waiting for virtualenv lock to be released
[2025-09-22T08:29:23.340+0000] {virtualenv.py:178} INFO - Checking for running process with PID 5022
[2025-09-22T08:29:23.340+0000] {virtualenv.py:181} INFO - Process 5022 running: True and has the lock /opt/***/cosmos_venvs/ecom_intermediate/cosmos_virtualenv.lock.
[2025-09-22T08:29:23.341+0000] {virtualenv.py:122} INFO - Waiting for virtualenv lock to be released
[2025-09-22T08:29:24.342+0000] {virtualenv.py:178} INFO - Checking for running process with PID 5022
[2025-09-22T08:29:24.342+0000] {virtualenv.py:181} INFO - Process 5022 running: True and has the lock /opt/***/cosmos_venvs/ecom_intermediate/cosmos_virtualenv.lock.
[2025-09-22T08:29:24.343+0000] {virtualenv.py:122} INFO - Waiting for virtualenv lock to be released
[2025-09-22T08:29:25.345+0000] {virtualenv.py:178} INFO - Checking for running process with PID 5022
[2025-09-22T08:29:25.346+0000] {virtualenv.py:181} INFO - Process 5022 running: True and has the lock /opt/***/cosmos_venvs/ecom_intermediate/cosmos_virtualenv.lock.
[2025-09-22T08:29:25.347+0000] {virtualenv.py:122} INFO - Waiting for virtualenv lock to be released
[2025-09-22T08:29:26.348+0000] {virtualenv.py:178} INFO - Checking for running process with PID 5156
[2025-09-22T08:29:26.350+0000] {virtualenv.py:181} INFO - Process 5156 running: True and has the lock /opt/***/cosmos_venvs/ecom_intermediate/cosmos_virtualenv.lock.
[2025-09-22T08:29:26.350+0000] {virtualenv.py:122} INFO - Waiting for virtualenv lock to be released
[2025-09-22T08:29:27.352+0000] {virtualenv.py:178} INFO - Checking for running process with PID 5156
[2025-09-22T08:29:27.353+0000] {virtualenv.py:181} INFO - Process 5156 running: True and has the lock /opt/***/cosmos_venvs/ecom_intermediate/cosmos_virtualenv.lock.
[2025-09-22T08:29:27.354+0000] {virtualenv.py:122} INFO - Waiting for virtualenv lock to be released
[2025-09-22T08:29:28.354+0000] {virtualenv.py:178} INFO - Checking for running process with PID 5156
[2025-09-22T08:29:28.355+0000] {virtualenv.py:181} INFO - Process 5156 running: True and has the lock /opt/***/cosmos_venvs/ecom_intermediate/cosmos_virtualenv.lock.
[2025-09-22T08:29:28.356+0000] {virtualenv.py:122} INFO - Waiting for virtualenv lock to be released
[2025-09-22T08:29:29.357+0000] {virtualenv.py:178} INFO - Checking for running process with PID 5156
[2025-09-22T08:29:29.358+0000] {virtualenv.py:181} INFO - Process 5156 running: True and has the lock /opt/***/cosmos_venvs/ecom_intermediate/cosmos_virtualenv.lock.
[2025-09-22T08:29:29.358+0000] {virtualenv.py:122} INFO - Waiting for virtualenv lock to be released
[2025-09-22T08:29:30.360+0000] {virtualenv.py:178} INFO - Checking for running process with PID 5156
[2025-09-22T08:29:30.361+0000] {virtualenv.py:181} INFO - Process 5156 running: True and has the lock /opt/***/cosmos_venvs/ecom_intermediate/cosmos_virtualenv.lock.
[2025-09-22T08:29:30.362+0000] {virtualenv.py:122} INFO - Waiting for virtualenv lock to be released
[2025-09-22T08:29:31.364+0000] {virtualenv.py:178} INFO - Checking for running process with PID 5156
[2025-09-22T08:29:31.364+0000] {virtualenv.py:181} INFO - Process 5156 running: True and has the lock /opt/***/cosmos_venvs/ecom_intermediate/cosmos_virtualenv.lock.
[2025-09-22T08:29:31.365+0000] {virtualenv.py:122} INFO - Waiting for virtualenv lock to be released
[2025-09-22T08:29:32.366+0000] {virtualenv.py:178} INFO - Checking for running process with PID 5156
[2025-09-22T08:29:32.367+0000] {virtualenv.py:181} INFO - Process 5156 running: True and has the lock /opt/***/cosmos_venvs/ecom_intermediate/cosmos_virtualenv.lock.
[2025-09-22T08:29:32.368+0000] {virtualenv.py:122} INFO - Waiting for virtualenv lock to be released
[2025-09-22T08:29:33.370+0000] {virtualenv.py:178} INFO - Checking for running process with PID 5156
[2025-09-22T08:29:33.370+0000] {virtualenv.py:181} INFO - Process 5156 running: True and has the lock /opt/***/cosmos_venvs/ecom_intermediate/cosmos_virtualenv.lock.
[2025-09-22T08:29:33.371+0000] {virtualenv.py:122} INFO - Waiting for virtualenv lock to be released
[2025-09-22T08:29:34.372+0000] {virtualenv.py:178} INFO - Checking for running process with PID 5156
[2025-09-22T08:29:34.373+0000] {virtualenv.py:181} INFO - Process 5156 running: True and has the lock /opt/***/cosmos_venvs/ecom_intermediate/cosmos_virtualenv.lock.
[2025-09-22T08:29:34.373+0000] {virtualenv.py:122} INFO - Waiting for virtualenv lock to be released
[2025-09-22T08:29:35.375+0000] {virtualenv.py:178} INFO - Checking for running process with PID 5156
[2025-09-22T08:29:35.376+0000] {virtualenv.py:181} INFO - Process 5156 running: True and has the lock /opt/***/cosmos_venvs/ecom_intermediate/cosmos_virtualenv.lock.
[2025-09-22T08:29:35.376+0000] {virtualenv.py:122} INFO - Waiting for virtualenv lock to be released
[2025-09-22T08:29:36.378+0000] {virtualenv.py:178} INFO - Checking for running process with PID 5156
[2025-09-22T08:29:36.378+0000] {virtualenv.py:181} INFO - Process 5156 running: True and has the lock /opt/***/cosmos_venvs/ecom_intermediate/cosmos_virtualenv.lock.
[2025-09-22T08:29:36.379+0000] {virtualenv.py:122} INFO - Waiting for virtualenv lock to be released
[2025-09-22T08:29:37.381+0000] {virtualenv.py:178} INFO - Checking for running process with PID 5156
[2025-09-22T08:29:37.381+0000] {virtualenv.py:181} INFO - Process 5156 running: True and has the lock /opt/***/cosmos_venvs/ecom_intermediate/cosmos_virtualenv.lock.
[2025-09-22T08:29:37.382+0000] {virtualenv.py:122} INFO - Waiting for virtualenv lock to be released
[2025-09-22T08:29:38.383+0000] {virtualenv.py:178} INFO - Checking for running process with PID 5156
[2025-09-22T08:29:38.385+0000] {virtualenv.py:181} INFO - Process 5156 running: True and has the lock /opt/***/cosmos_venvs/ecom_intermediate/cosmos_virtualenv.lock.
[2025-09-22T08:29:38.385+0000] {virtualenv.py:122} INFO - Waiting for virtualenv lock to be released
[2025-09-22T08:29:39.387+0000] {virtualenv.py:178} INFO - Checking for running process with PID 5156
[2025-09-22T08:29:39.388+0000] {virtualenv.py:181} INFO - Process 5156 running: True and has the lock /opt/***/cosmos_venvs/ecom_intermediate/cosmos_virtualenv.lock.
[2025-09-22T08:29:39.389+0000] {virtualenv.py:122} INFO - Waiting for virtualenv lock to be released
[2025-09-22T08:29:40.391+0000] {virtualenv.py:178} INFO - Checking for running process with PID 5156
[2025-09-22T08:29:40.392+0000] {virtualenv.py:181} INFO - Process 5156 running: True and has the lock /opt/***/cosmos_venvs/ecom_intermediate/cosmos_virtualenv.lock.
[2025-09-22T08:29:40.392+0000] {virtualenv.py:122} INFO - Waiting for virtualenv lock to be released
[2025-09-22T08:29:41.394+0000] {virtualenv.py:178} INFO - Checking for running process with PID 5156
[2025-09-22T08:29:41.394+0000] {virtualenv.py:181} INFO - Process 5156 running: True and has the lock /opt/***/cosmos_venvs/ecom_intermediate/cosmos_virtualenv.lock.
[2025-09-22T08:29:41.395+0000] {virtualenv.py:122} INFO - Waiting for virtualenv lock to be released
[2025-09-22T08:29:42.397+0000] {virtualenv.py:178} INFO - Checking for running process with PID 4938
[2025-09-22T08:29:42.397+0000] {virtualenv.py:181} INFO - Process 4938 running: True and has the lock /opt/***/cosmos_venvs/ecom_intermediate/cosmos_virtualenv.lock.
[2025-09-22T08:29:42.398+0000] {virtualenv.py:122} INFO - Waiting for virtualenv lock to be released
[2025-09-22T08:29:43.399+0000] {virtualenv.py:178} INFO - Checking for running process with PID 4938
[2025-09-22T08:29:43.400+0000] {virtualenv.py:181} INFO - Process 4938 running: True and has the lock /opt/***/cosmos_venvs/ecom_intermediate/cosmos_virtualenv.lock.
[2025-09-22T08:29:43.400+0000] {virtualenv.py:122} INFO - Waiting for virtualenv lock to be released
[2025-09-22T08:29:44.402+0000] {virtualenv.py:178} INFO - Checking for running process with PID 4938
[2025-09-22T08:29:44.403+0000] {virtualenv.py:181} INFO - Process 4938 running: True and has the lock /opt/***/cosmos_venvs/ecom_intermediate/cosmos_virtualenv.lock.
[2025-09-22T08:29:44.404+0000] {virtualenv.py:122} INFO - Waiting for virtualenv lock to be released
[2025-09-22T08:29:45.405+0000] {virtualenv.py:178} INFO - Checking for running process with PID 4938
[2025-09-22T08:29:45.406+0000] {virtualenv.py:181} INFO - Process 4938 running: True and has the lock /opt/***/cosmos_venvs/ecom_intermediate/cosmos_virtualenv.lock.
[2025-09-22T08:29:45.406+0000] {virtualenv.py:122} INFO - Waiting for virtualenv lock to be released
[2025-09-22T08:29:46.408+0000] {virtualenv.py:178} INFO - Checking for running process with PID 4938
[2025-09-22T08:29:46.409+0000] {virtualenv.py:181} INFO - Process 4938 running: True and has the lock /opt/***/cosmos_venvs/ecom_intermediate/cosmos_virtualenv.lock.
[2025-09-22T08:29:46.410+0000] {virtualenv.py:122} INFO - Waiting for virtualenv lock to be released
[2025-09-22T08:29:47.413+0000] {virtualenv.py:178} INFO - Checking for running process with PID 4938
[2025-09-22T08:29:47.414+0000] {virtualenv.py:181} INFO - Process 4938 running: True and has the lock /opt/***/cosmos_venvs/ecom_intermediate/cosmos_virtualenv.lock.
[2025-09-22T08:29:47.414+0000] {virtualenv.py:122} INFO - Waiting for virtualenv lock to be released
[2025-09-22T08:29:48.417+0000] {virtualenv.py:178} INFO - Checking for running process with PID 4938
[2025-09-22T08:29:48.418+0000] {virtualenv.py:181} INFO - Process 4938 running: True and has the lock /opt/***/cosmos_venvs/ecom_intermediate/cosmos_virtualenv.lock.
[2025-09-22T08:29:48.419+0000] {virtualenv.py:122} INFO - Waiting for virtualenv lock to be released
[2025-09-22T08:29:49.421+0000] {virtualenv.py:178} INFO - Checking for running process with PID 4938
[2025-09-22T08:29:49.421+0000] {virtualenv.py:181} INFO - Process 4938 running: True and has the lock /opt/***/cosmos_venvs/ecom_intermediate/cosmos_virtualenv.lock.
[2025-09-22T08:29:49.422+0000] {virtualenv.py:122} INFO - Waiting for virtualenv lock to be released
[2025-09-22T08:29:50.423+0000] {virtualenv.py:178} INFO - Checking for running process with PID 4938
[2025-09-22T08:29:50.424+0000] {virtualenv.py:181} INFO - Process 4938 running: True and has the lock /opt/***/cosmos_venvs/ecom_intermediate/cosmos_virtualenv.lock.
[2025-09-22T08:29:50.425+0000] {virtualenv.py:122} INFO - Waiting for virtualenv lock to be released
[2025-09-22T08:29:51.426+0000] {virtualenv.py:178} INFO - Checking for running process with PID 4938
[2025-09-22T08:29:51.427+0000] {virtualenv.py:181} INFO - Process 4938 running: True and has the lock /opt/***/cosmos_venvs/ecom_intermediate/cosmos_virtualenv.lock.
[2025-09-22T08:29:51.428+0000] {virtualenv.py:122} INFO - Waiting for virtualenv lock to be released
[2025-09-22T08:29:52.429+0000] {virtualenv.py:178} INFO - Checking for running process with PID 4938
[2025-09-22T08:29:52.430+0000] {virtualenv.py:181} INFO - Process 4938 running: True and has the lock /opt/***/cosmos_venvs/ecom_intermediate/cosmos_virtualenv.lock.
[2025-09-22T08:29:52.431+0000] {virtualenv.py:122} INFO - Waiting for virtualenv lock to be released
[2025-09-22T08:29:53.433+0000] {virtualenv.py:178} INFO - Checking for running process with PID 4938
[2025-09-22T08:29:53.434+0000] {virtualenv.py:181} INFO - Process 4938 running: True and has the lock /opt/***/cosmos_venvs/ecom_intermediate/cosmos_virtualenv.lock.
[2025-09-22T08:29:53.434+0000] {virtualenv.py:122} INFO - Waiting for virtualenv lock to be released
[2025-09-22T08:29:54.436+0000] {virtualenv.py:178} INFO - Checking for running process with PID 4938
[2025-09-22T08:29:54.437+0000] {virtualenv.py:181} INFO - Process 4938 running: True and has the lock /opt/***/cosmos_venvs/ecom_intermediate/cosmos_virtualenv.lock.
[2025-09-22T08:29:54.437+0000] {virtualenv.py:122} INFO - Waiting for virtualenv lock to be released
[2025-09-22T08:29:55.439+0000] {virtualenv.py:178} INFO - Checking for running process with PID 4938
[2025-09-22T08:29:55.440+0000] {virtualenv.py:181} INFO - Process 4938 running: True and has the lock /opt/***/cosmos_venvs/ecom_intermediate/cosmos_virtualenv.lock.
[2025-09-22T08:29:55.440+0000] {virtualenv.py:122} INFO - Waiting for virtualenv lock to be released
[2025-09-22T08:29:56.442+0000] {virtualenv.py:178} INFO - Checking for running process with PID 4938
[2025-09-22T08:29:56.443+0000] {virtualenv.py:181} INFO - Process 4938 running: True and has the lock /opt/***/cosmos_venvs/ecom_intermediate/cosmos_virtualenv.lock.
[2025-09-22T08:29:56.444+0000] {virtualenv.py:122} INFO - Waiting for virtualenv lock to be released
[2025-09-22T08:29:57.446+0000] {virtualenv.py:178} INFO - Checking for running process with PID 4938
[2025-09-22T08:29:57.447+0000] {virtualenv.py:181} INFO - Process 4938 running: True and has the lock /opt/***/cosmos_venvs/ecom_intermediate/cosmos_virtualenv.lock.
[2025-09-22T08:29:57.448+0000] {virtualenv.py:122} INFO - Waiting for virtualenv lock to be released
[2025-09-22T08:29:58.448+0000] {virtualenv.py:178} INFO - Checking for running process with PID 4938
[2025-09-22T08:29:58.449+0000] {virtualenv.py:181} INFO - Process 4938 running: True and has the lock /opt/***/cosmos_venvs/ecom_intermediate/cosmos_virtualenv.lock.
[2025-09-22T08:29:58.450+0000] {virtualenv.py:122} INFO - Waiting for virtualenv lock to be released
[2025-09-22T08:29:59.452+0000] {virtualenv.py:178} INFO - Checking for running process with PID 4945
[2025-09-22T08:29:59.453+0000] {virtualenv.py:181} INFO - Process 4945 running: True and has the lock /opt/***/cosmos_venvs/ecom_intermediate/cosmos_virtualenv.lock.
[2025-09-22T08:29:59.454+0000] {virtualenv.py:122} INFO - Waiting for virtualenv lock to be released
[2025-09-22T08:30:00.455+0000] {virtualenv.py:178} INFO - Checking for running process with PID 4945
[2025-09-22T08:30:00.456+0000] {virtualenv.py:181} INFO - Process 4945 running: True and has the lock /opt/***/cosmos_venvs/ecom_intermediate/cosmos_virtualenv.lock.
[2025-09-22T08:30:00.457+0000] {virtualenv.py:122} INFO - Waiting for virtualenv lock to be released
[2025-09-22T08:30:01.458+0000] {virtualenv.py:178} INFO - Checking for running process with PID 4945
[2025-09-22T08:30:01.459+0000] {virtualenv.py:181} INFO - Process 4945 running: True and has the lock /opt/***/cosmos_venvs/ecom_intermediate/cosmos_virtualenv.lock.
[2025-09-22T08:30:01.460+0000] {virtualenv.py:122} INFO - Waiting for virtualenv lock to be released
[2025-09-22T08:30:02.461+0000] {virtualenv.py:178} INFO - Checking for running process with PID 4945
[2025-09-22T08:30:02.462+0000] {virtualenv.py:181} INFO - Process 4945 running: True and has the lock /opt/***/cosmos_venvs/ecom_intermediate/cosmos_virtualenv.lock.
[2025-09-22T08:30:02.463+0000] {virtualenv.py:122} INFO - Waiting for virtualenv lock to be released
[2025-09-22T08:30:03.465+0000] {virtualenv.py:178} INFO - Checking for running process with PID 4945
[2025-09-22T08:30:03.466+0000] {virtualenv.py:181} INFO - Process 4945 running: True and has the lock /opt/***/cosmos_venvs/ecom_intermediate/cosmos_virtualenv.lock.
[2025-09-22T08:30:03.467+0000] {virtualenv.py:122} INFO - Waiting for virtualenv lock to be released
[2025-09-22T08:30:04.468+0000] {virtualenv.py:178} INFO - Checking for running process with PID 4945
[2025-09-22T08:30:04.469+0000] {virtualenv.py:181} INFO - Process 4945 running: True and has the lock /opt/***/cosmos_venvs/ecom_intermediate/cosmos_virtualenv.lock.
[2025-09-22T08:30:04.470+0000] {virtualenv.py:122} INFO - Waiting for virtualenv lock to be released
[2025-09-22T08:30:05.471+0000] {virtualenv.py:178} INFO - Checking for running process with PID 4945
[2025-09-22T08:30:05.472+0000] {virtualenv.py:181} INFO - Process 4945 running: True and has the lock /opt/***/cosmos_venvs/ecom_intermediate/cosmos_virtualenv.lock.
[2025-09-22T08:30:05.473+0000] {virtualenv.py:122} INFO - Waiting for virtualenv lock to be released
[2025-09-22T08:30:06.476+0000] {virtualenv.py:178} INFO - Checking for running process with PID 4945
[2025-09-22T08:30:06.477+0000] {virtualenv.py:181} INFO - Process 4945 running: True and has the lock /opt/***/cosmos_venvs/ecom_intermediate/cosmos_virtualenv.lock.
[2025-09-22T08:30:06.478+0000] {virtualenv.py:122} INFO - Waiting for virtualenv lock to be released
[2025-09-22T08:30:07.480+0000] {virtualenv.py:178} INFO - Checking for running process with PID 4945
[2025-09-22T08:30:07.480+0000] {virtualenv.py:181} INFO - Process 4945 running: True and has the lock /opt/***/cosmos_venvs/ecom_intermediate/cosmos_virtualenv.lock.
[2025-09-22T08:30:07.481+0000] {virtualenv.py:122} INFO - Waiting for virtualenv lock to be released
[2025-09-22T08:30:08.483+0000] {virtualenv.py:178} INFO - Checking for running process with PID 4945
[2025-09-22T08:30:08.484+0000] {virtualenv.py:181} INFO - Process 4945 running: True and has the lock /opt/***/cosmos_venvs/ecom_intermediate/cosmos_virtualenv.lock.
[2025-09-22T08:30:08.485+0000] {virtualenv.py:122} INFO - Waiting for virtualenv lock to be released
[2025-09-22T08:30:09.487+0000] {virtualenv.py:178} INFO - Checking for running process with PID 4942
[2025-09-22T08:30:09.488+0000] {virtualenv.py:181} INFO - Process 4942 running: True and has the lock /opt/***/cosmos_venvs/ecom_intermediate/cosmos_virtualenv.lock.
[2025-09-22T08:30:09.488+0000] {virtualenv.py:126} INFO - Acquiring the virtualenv lock
[2025-09-22T08:30:09.489+0000] {virtualenv.py:195} INFO - Acquiring lock at /opt/***/cosmos_venvs/ecom_intermediate/cosmos_virtualenv.lock with pid 4940
[2025-09-22T08:30:09.490+0000] {virtualenv.py:153} INFO - Creating or updating the virtualenv at `/opt/***/cosmos_venvs/ecom_intermediate
[2025-09-22T08:30:09.490+0000] {process_utils.py:183} INFO - Executing cmd: /home/***/.local/bin/python -m virtualenv /opt/***/cosmos_venvs/ecom_intermediate --python=python3
[2025-09-22T08:30:09.491+0000] {process_utils.py:187} INFO - Output:
[2025-09-22T08:30:11.003+0000] {process_utils.py:191} INFO - created virtual environment CPython3.10.14.final.0-64 in 626ms
[2025-09-22T08:30:11.004+0000] {process_utils.py:191} INFO -   creator CPython3Posix(dest=/opt/***/cosmos_venvs/ecom_intermediate, clear=False, no_vcs_ignore=False, global=False)
[2025-09-22T08:30:11.005+0000] {process_utils.py:191} INFO -   seeder FromAppData(download=False, pip=bundle, setuptools=bundle, wheel=bundle, via=copy, app_data_dir=/home/***/.local/share/virtualenv)
[2025-09-22T08:30:11.007+0000] {process_utils.py:191} INFO -     added seed packages: MarkupSafe==3.0.2, PyYAML==6.0.2, agate==1.9.1, annotated_types==0.7.0, attrs==25.3.0, babel==2.17.0, certifi==2025.8.3, charset_normalizer==3.4.3, click==8.3.0, clickhouse_connect==0.9.1, clickhouse_driver==0.2.9, colorama==0.4.6, daff==1.4.2, dbt_adapters==1.16.7, dbt_clickhouse==1.9.3, dbt_common==1.31.0, dbt_core==1.10.11, dbt_extractor==0.6.0, dbt_protos==1.0.375, dbt_semantic_interfaces==0.9.0, deepdiff==8.6.1, idna==3.10, importlib_metadata==8.7.0, isodate==0.6.1, jinja2==3.1.6, jsonschema==4.25.1, jsonschema_specifications==2025.9.1, leather==0.4.0, lz4==4.4.4, mashumaro==3.14, more_itertools==10.8.0, msgpack==1.1.1, networkx==3.4.2, orderly_set==5.5.0, packaging==25.0, parsedatetime==2.6, pathspec==0.12.1, pip==25.2, protobuf==6.32.1, pydantic==2.11.9, pydantic_core==2.33.2, python_dateutil==2.9.0.post0, python_slugify==8.0.4, pytimeparse==1.1.8, pytz==2025.2, referencing==0.36.2, requests==2.32.5, rpds_py==0.27.1, setuptools==80.9.0, six==1.17.0, snowplow_tracker==1.1.0, sqlparse==0.5.3, text_unidecode==1.3, typing_extensions==4.15.0, typing_inspection==0.4.1, tzlocal==5.3.1, urllib3==2.5.0, wheel==0.45.1, zipp==3.23.0, zstandard==0.25.0
[2025-09-22T08:30:11.009+0000] {process_utils.py:191} INFO -   activators BashActivator,CShellActivator,FishActivator,NushellActivator,PowerShellActivator,PythonActivator
[2025-09-22T08:30:11.116+0000] {process_utils.py:183} INFO - Executing cmd: /opt/***/cosmos_venvs/ecom_intermediate/bin/pip install dbt-clickhouse
[2025-09-22T08:30:11.118+0000] {process_utils.py:187} INFO - Output:
[2025-09-22T08:30:12.643+0000] {process_utils.py:191} INFO - Requirement already satisfied: dbt-clickhouse in ./cosmos_venvs/ecom_intermediate/lib/python3.10/site-packages (1.9.3)
[2025-09-22T08:30:12.646+0000] {process_utils.py:191} INFO - Requirement already satisfied: dbt-core>=1.9 in ./cosmos_venvs/ecom_intermediate/lib/python3.10/site-packages (from dbt-clickhouse) (1.10.11)
[2025-09-22T08:30:12.646+0000] {process_utils.py:191} INFO - Requirement already satisfied: clickhouse-connect>=0.6.22 in ./cosmos_venvs/ecom_intermediate/lib/python3.10/site-packages (from dbt-clickhouse) (0.9.1)
[2025-09-22T08:30:12.647+0000] {process_utils.py:191} INFO - Requirement already satisfied: clickhouse-driver>=0.2.6 in ./cosmos_venvs/ecom_intermediate/lib/python3.10/site-packages (from dbt-clickhouse) (0.2.9)
[2025-09-22T08:30:12.648+0000] {process_utils.py:191} INFO - Requirement already satisfied: setuptools>=0.69 in ./cosmos_venvs/ecom_intermediate/lib/python3.10/site-packages (from dbt-clickhouse) (80.9.0)
[2025-09-22T08:30:12.651+0000] {process_utils.py:191} INFO - Requirement already satisfied: certifi in ./cosmos_venvs/ecom_intermediate/lib/python3.10/site-packages (from clickhouse-connect>=0.6.22->dbt-clickhouse) (2025.8.3)
[2025-09-22T08:30:12.651+0000] {process_utils.py:191} INFO - Requirement already satisfied: urllib3>=1.26 in ./cosmos_venvs/ecom_intermediate/lib/python3.10/site-packages (from clickhouse-connect>=0.6.22->dbt-clickhouse) (2.5.0)
[2025-09-22T08:30:12.652+0000] {process_utils.py:191} INFO - Requirement already satisfied: pytz in ./cosmos_venvs/ecom_intermediate/lib/python3.10/site-packages (from clickhouse-connect>=0.6.22->dbt-clickhouse) (2025.2)
[2025-09-22T08:30:12.653+0000] {process_utils.py:191} INFO - Requirement already satisfied: zstandard in ./cosmos_venvs/ecom_intermediate/lib/python3.10/site-packages (from clickhouse-connect>=0.6.22->dbt-clickhouse) (0.25.0)
[2025-09-22T08:30:12.653+0000] {process_utils.py:191} INFO - Requirement already satisfied: lz4 in ./cosmos_venvs/ecom_intermediate/lib/python3.10/site-packages (from clickhouse-connect>=0.6.22->dbt-clickhouse) (4.4.4)
[2025-09-22T08:30:12.656+0000] {process_utils.py:191} INFO - Requirement already satisfied: tzlocal in ./cosmos_venvs/ecom_intermediate/lib/python3.10/site-packages (from clickhouse-driver>=0.2.6->dbt-clickhouse) (5.3.1)
[2025-09-22T08:30:12.660+0000] {process_utils.py:191} INFO - Requirement already satisfied: agate<1.10,>=1.7.0 in ./cosmos_venvs/ecom_intermediate/lib/python3.10/site-packages (from dbt-core>=1.9->dbt-clickhouse) (1.9.1)
[2025-09-22T08:30:12.661+0000] {process_utils.py:191} INFO - Requirement already satisfied: Jinja2<4,>=3.1.3 in ./cosmos_venvs/ecom_intermediate/lib/python3.10/site-packages (from dbt-core>=1.9->dbt-clickhouse) (3.1.6)
[2025-09-22T08:30:12.662+0000] {process_utils.py:191} INFO - Requirement already satisfied: mashumaro<3.15,>=3.9 in ./cosmos_venvs/ecom_intermediate/lib/python3.10/site-packages (from mashumaro[msgpack]<3.15,>=3.9->dbt-core>=1.9->dbt-clickhouse) (3.14)
[2025-09-22T08:30:12.663+0000] {process_utils.py:191} INFO - Requirement already satisfied: click<9.0,>=8.0.2 in ./cosmos_venvs/ecom_intermediate/lib/python3.10/site-packages (from dbt-core>=1.9->dbt-clickhouse) (8.3.0)
[2025-09-22T08:30:12.664+0000] {process_utils.py:191} INFO - Requirement already satisfied: jsonschema<5.0,>=4.19.1 in ./cosmos_venvs/ecom_intermediate/lib/python3.10/site-packages (from dbt-core>=1.9->dbt-clickhouse) (4.25.1)
[2025-09-22T08:30:12.665+0000] {process_utils.py:191} INFO - Requirement already satisfied: networkx<4.0,>=2.3 in ./cosmos_venvs/ecom_intermediate/lib/python3.10/site-packages (from dbt-core>=1.9->dbt-clickhouse) (3.4.2)
[2025-09-22T08:30:12.665+0000] {process_utils.py:191} INFO - Requirement already satisfied: protobuf<7.0,>=6.0 in ./cosmos_venvs/ecom_intermediate/lib/python3.10/site-packages (from dbt-core>=1.9->dbt-clickhouse) (6.32.1)
[2025-09-22T08:30:12.666+0000] {process_utils.py:191} INFO - Requirement already satisfied: requests<3.0.0 in ./cosmos_venvs/ecom_intermediate/lib/python3.10/site-packages (from dbt-core>=1.9->dbt-clickhouse) (2.32.5)
[2025-09-22T08:30:12.667+0000] {process_utils.py:191} INFO - Requirement already satisfied: snowplow-tracker<2.0,>=1.0.2 in ./cosmos_venvs/ecom_intermediate/lib/python3.10/site-packages (from dbt-core>=1.9->dbt-clickhouse) (1.1.0)
[2025-09-22T08:30:12.667+0000] {process_utils.py:191} INFO - Requirement already satisfied: pathspec<0.13,>=0.9 in ./cosmos_venvs/ecom_intermediate/lib/python3.10/site-packages (from dbt-core>=1.9->dbt-clickhouse) (0.12.1)
[2025-09-22T08:30:12.668+0000] {process_utils.py:191} INFO - Requirement already satisfied: sqlparse<0.6.0,>=0.5.0 in ./cosmos_venvs/ecom_intermediate/lib/python3.10/site-packages (from dbt-core>=1.9->dbt-clickhouse) (0.5.3)
[2025-09-22T08:30:12.669+0000] {process_utils.py:191} INFO - Requirement already satisfied: dbt-extractor<=0.6,>=0.5.0 in ./cosmos_venvs/ecom_intermediate/lib/python3.10/site-packages (from dbt-core>=1.9->dbt-clickhouse) (0.6.0)
[2025-09-22T08:30:12.670+0000] {process_utils.py:191} INFO - Requirement already satisfied: dbt-semantic-interfaces<0.10,>=0.9.0 in ./cosmos_venvs/ecom_intermediate/lib/python3.10/site-packages (from dbt-core>=1.9->dbt-clickhouse) (0.9.0)
[2025-09-22T08:30:12.671+0000] {process_utils.py:191} INFO - Requirement already satisfied: dbt-common<2.0,>=1.27.0 in ./cosmos_venvs/ecom_intermediate/lib/python3.10/site-packages (from dbt-core>=1.9->dbt-clickhouse) (1.31.0)
[2025-09-22T08:30:12.671+0000] {process_utils.py:191} INFO - Requirement already satisfied: dbt-adapters<2.0,>=1.15.5 in ./cosmos_venvs/ecom_intermediate/lib/python3.10/site-packages (from dbt-core>=1.9->dbt-clickhouse) (1.16.7)
[2025-09-22T08:30:12.672+0000] {process_utils.py:191} INFO - Requirement already satisfied: dbt-protos<2.0,>=1.0.346 in ./cosmos_venvs/ecom_intermediate/lib/python3.10/site-packages (from dbt-core>=1.9->dbt-clickhouse) (1.0.375)
[2025-09-22T08:30:12.673+0000] {process_utils.py:191} INFO - Requirement already satisfied: pydantic<3 in ./cosmos_venvs/ecom_intermediate/lib/python3.10/site-packages (from dbt-core>=1.9->dbt-clickhouse) (2.11.9)
[2025-09-22T08:30:12.675+0000] {process_utils.py:191} INFO - Requirement already satisfied: packaging>20.9 in ./cosmos_venvs/ecom_intermediate/lib/python3.10/site-packages (from dbt-core>=1.9->dbt-clickhouse) (25.0)
[2025-09-22T08:30:12.676+0000] {process_utils.py:191} INFO - Requirement already satisfied: pyyaml>=6.0 in ./cosmos_venvs/ecom_intermediate/lib/python3.10/site-packages (from dbt-core>=1.9->dbt-clickhouse) (6.0.2)
[2025-09-22T08:30:12.677+0000] {process_utils.py:191} INFO - Requirement already satisfied: daff>=1.3.46 in ./cosmos_venvs/ecom_intermediate/lib/python3.10/site-packages (from dbt-core>=1.9->dbt-clickhouse) (1.4.2)
[2025-09-22T08:30:12.678+0000] {process_utils.py:191} INFO - Requirement already satisfied: typing-extensions>=4.4 in ./cosmos_venvs/ecom_intermediate/lib/python3.10/site-packages (from dbt-core>=1.9->dbt-clickhouse) (4.15.0)
[2025-09-22T08:30:12.685+0000] {process_utils.py:191} INFO - Requirement already satisfied: Babel>=2.0 in ./cosmos_venvs/ecom_intermediate/lib/python3.10/site-packages (from agate<1.10,>=1.7.0->dbt-core>=1.9->dbt-clickhouse) (2.17.0)
[2025-09-22T08:30:12.685+0000] {process_utils.py:191} INFO - Requirement already satisfied: isodate>=0.5.4 in ./cosmos_venvs/ecom_intermediate/lib/python3.10/site-packages (from agate<1.10,>=1.7.0->dbt-core>=1.9->dbt-clickhouse) (0.6.1)
[2025-09-22T08:30:12.686+0000] {process_utils.py:191} INFO - Requirement already satisfied: leather>=0.3.2 in ./cosmos_venvs/ecom_intermediate/lib/python3.10/site-packages (from agate<1.10,>=1.7.0->dbt-core>=1.9->dbt-clickhouse) (0.4.0)
[2025-09-22T08:30:12.687+0000] {process_utils.py:191} INFO - Requirement already satisfied: parsedatetime!=2.5,>=2.1 in ./cosmos_venvs/ecom_intermediate/lib/python3.10/site-packages (from agate<1.10,>=1.7.0->dbt-core>=1.9->dbt-clickhouse) (2.6)
[2025-09-22T08:30:12.688+0000] {process_utils.py:191} INFO - Requirement already satisfied: python-slugify>=1.2.1 in ./cosmos_venvs/ecom_intermediate/lib/python3.10/site-packages (from agate<1.10,>=1.7.0->dbt-core>=1.9->dbt-clickhouse) (8.0.4)
[2025-09-22T08:30:12.689+0000] {process_utils.py:191} INFO - Requirement already satisfied: pytimeparse>=1.1.5 in ./cosmos_venvs/ecom_intermediate/lib/python3.10/site-packages (from agate<1.10,>=1.7.0->dbt-core>=1.9->dbt-clickhouse) (1.1.8)
[2025-09-22T08:30:12.702+0000] {process_utils.py:191} INFO - Requirement already satisfied: colorama<0.5,>=0.3.9 in ./cosmos_venvs/ecom_intermediate/lib/python3.10/site-packages (from dbt-common<2.0,>=1.27.0->dbt-core>=1.9->dbt-clickhouse) (0.4.6)
[2025-09-22T08:30:12.704+0000] {process_utils.py:191} INFO - Requirement already satisfied: deepdiff<9.0,>=7.0 in ./cosmos_venvs/ecom_intermediate/lib/python3.10/site-packages (from dbt-common<2.0,>=1.27.0->dbt-core>=1.9->dbt-clickhouse) (8.6.1)
[2025-09-22T08:30:12.706+0000] {process_utils.py:191} INFO - Requirement already satisfied: python-dateutil<3.0,>=2.0 in ./cosmos_venvs/ecom_intermediate/lib/python3.10/site-packages (from dbt-common<2.0,>=1.27.0->dbt-core>=1.9->dbt-clickhouse) (2.9.0.post0)
[2025-09-22T08:30:12.714+0000] {process_utils.py:191} INFO - Requirement already satisfied: importlib-metadata<9,>=6.0 in ./cosmos_venvs/ecom_intermediate/lib/python3.10/site-packages (from dbt-semantic-interfaces<0.10,>=0.9.0->dbt-core>=1.9->dbt-clickhouse) (8.7.0)
[2025-09-22T08:30:12.717+0000] {process_utils.py:191} INFO - Requirement already satisfied: more-itertools<11.0,>=8.0 in ./cosmos_venvs/ecom_intermediate/lib/python3.10/site-packages (from dbt-semantic-interfaces<0.10,>=0.9.0->dbt-core>=1.9->dbt-clickhouse) (10.8.0)
[2025-09-22T08:30:12.730+0000] {process_utils.py:191} INFO - Requirement already satisfied: orderly-set<6,>=5.4.1 in ./cosmos_venvs/ecom_intermediate/lib/python3.10/site-packages (from deepdiff<9.0,>=7.0->dbt-common<2.0,>=1.27.0->dbt-core>=1.9->dbt-clickhouse) (5.5.0)
[2025-09-22T08:30:12.740+0000] {process_utils.py:191} INFO - Requirement already satisfied: zipp>=3.20 in ./cosmos_venvs/ecom_intermediate/lib/python3.10/site-packages (from importlib-metadata<9,>=6.0->dbt-semantic-interfaces<0.10,>=0.9.0->dbt-core>=1.9->dbt-clickhouse) (3.23.0)
[2025-09-22T08:30:12.742+0000] {process_utils.py:191} INFO - Requirement already satisfied: six in ./cosmos_venvs/ecom_intermediate/lib/python3.10/site-packages (from isodate>=0.5.4->agate<1.10,>=1.7.0->dbt-core>=1.9->dbt-clickhouse) (1.17.0)
[2025-09-22T08:30:12.746+0000] {process_utils.py:191} INFO - Requirement already satisfied: MarkupSafe>=2.0 in ./cosmos_venvs/ecom_intermediate/lib/python3.10/site-packages (from Jinja2<4,>=3.1.3->dbt-core>=1.9->dbt-clickhouse) (3.0.2)
[2025-09-22T08:30:12.756+0000] {process_utils.py:191} INFO - Requirement already satisfied: attrs>=22.2.0 in ./cosmos_venvs/ecom_intermediate/lib/python3.10/site-packages (from jsonschema<5.0,>=4.19.1->dbt-core>=1.9->dbt-clickhouse) (25.3.0)
[2025-09-22T08:30:12.757+0000] {process_utils.py:191} INFO - Requirement already satisfied: jsonschema-specifications>=2023.03.6 in ./cosmos_venvs/ecom_intermediate/lib/python3.10/site-packages (from jsonschema<5.0,>=4.19.1->dbt-core>=1.9->dbt-clickhouse) (2025.9.1)
[2025-09-22T08:30:12.758+0000] {process_utils.py:191} INFO - Requirement already satisfied: referencing>=0.28.4 in ./cosmos_venvs/ecom_intermediate/lib/python3.10/site-packages (from jsonschema<5.0,>=4.19.1->dbt-core>=1.9->dbt-clickhouse) (0.36.2)
[2025-09-22T08:30:12.760+0000] {process_utils.py:191} INFO - Requirement already satisfied: rpds-py>=0.7.1 in ./cosmos_venvs/ecom_intermediate/lib/python3.10/site-packages (from jsonschema<5.0,>=4.19.1->dbt-core>=1.9->dbt-clickhouse) (0.27.1)
[2025-09-22T08:30:12.771+0000] {process_utils.py:191} INFO - Requirement already satisfied: msgpack>=0.5.6 in ./cosmos_venvs/ecom_intermediate/lib/python3.10/site-packages (from mashumaro[msgpack]<3.15,>=3.9->dbt-core>=1.9->dbt-clickhouse) (1.1.1)
[2025-09-22T08:30:12.796+0000] {process_utils.py:191} INFO - Requirement already satisfied: annotated-types>=0.6.0 in ./cosmos_venvs/ecom_intermediate/lib/python3.10/site-packages (from pydantic<3->dbt-core>=1.9->dbt-clickhouse) (0.7.0)
[2025-09-22T08:30:12.797+0000] {process_utils.py:191} INFO - Requirement already satisfied: pydantic-core==2.33.2 in ./cosmos_venvs/ecom_intermediate/lib/python3.10/site-packages (from pydantic<3->dbt-core>=1.9->dbt-clickhouse) (2.33.2)
[2025-09-22T08:30:12.799+0000] {process_utils.py:191} INFO - Requirement already satisfied: typing-inspection>=0.4.0 in ./cosmos_venvs/ecom_intermediate/lib/python3.10/site-packages (from pydantic<3->dbt-core>=1.9->dbt-clickhouse) (0.4.1)
[2025-09-22T08:30:12.813+0000] {process_utils.py:191} INFO - Requirement already satisfied: charset_normalizer<4,>=2 in ./cosmos_venvs/ecom_intermediate/lib/python3.10/site-packages (from requests<3.0.0->dbt-core>=1.9->dbt-clickhouse) (3.4.3)
[2025-09-22T08:30:12.814+0000] {process_utils.py:191} INFO - Requirement already satisfied: idna<4,>=2.5 in ./cosmos_venvs/ecom_intermediate/lib/python3.10/site-packages (from requests<3.0.0->dbt-core>=1.9->dbt-clickhouse) (3.10)
[2025-09-22T08:30:12.880+0000] {process_utils.py:191} INFO - Requirement already satisfied: text-unidecode>=1.3 in ./cosmos_venvs/ecom_intermediate/lib/python3.10/site-packages (from python-slugify>=1.2.1->agate<1.10,>=1.7.0->dbt-core>=1.9->dbt-clickhouse) (1.3)
[2025-09-22T08:30:13.059+0000] {local.py:470} INFO - Cloning project to writable temp directory /tmp/tmp7umf7awu from /opt/airflow/dags/dbt/ecom_intermediate
[2025-09-22T08:30:13.066+0000] {local.py:490} INFO - Partial parse is enabled and the latest partial parse file is /tmp/cosmos/dbt_intermediate__intermediate/target/partial_parse.msgpack
[2025-09-22T08:30:13.080+0000] {config.py:362} INFO - Using user-supplied profiles.yml at /opt/airflow/dags/dbt/profiles.yml
[2025-09-22T08:30:13.086+0000] {virtualenv.py:99} INFO - Using Python binary from virtualenv: /opt/***/cosmos_venvs/ecom_intermediate/bin/python
[2025-09-22T08:30:13.087+0000] {local.py:434} INFO - Trying to run the command:
 ['/opt/***/cosmos_venvs/ecom_intermediate/bin/dbt', 'deps', '--project-dir', '/tmp/tmp7umf7awu', '--profiles-dir', '/opt/***/dags/dbt', '--profile', 'ecom_intermediate', '--target', 'dev']
From /tmp/tmp7umf7awu
[2025-09-22T08:30:13.087+0000] {subprocess.py:56} INFO - Tmp dir root location: 
 /tmp
[2025-09-22T08:30:13.088+0000] {subprocess.py:69} INFO - Running command: ['/opt/***/cosmos_venvs/ecom_intermediate/bin/dbt', 'deps', '--project-dir', '/tmp/tmp7umf7awu', '--profiles-dir', '/opt/***/dags/dbt', '--profile', 'ecom_intermediate', '--target', 'dev']
[2025-09-22T08:30:13.098+0000] {subprocess.py:80} INFO - Command output:
[2025-09-22T08:30:15.506+0000] {subprocess.py:90} INFO - [0m08:30:15  Running with dbt=1.10.11
[2025-09-22T08:30:16.654+0000] {subprocess.py:90} INFO - [0m08:30:16  Installing dbt-labs/dbt_utils
[2025-09-22T08:30:17.446+0000] {subprocess.py:90} INFO - [0m08:30:17  Installed from version 1.3.0
[2025-09-22T08:30:17.485+0000] {subprocess.py:90} INFO - [0m08:30:17  Updated version available: 1.3.1
[2025-09-22T08:30:17.508+0000] {subprocess.py:90} INFO - [0m08:30:17
[2025-09-22T08:30:17.509+0000] {subprocess.py:90} INFO - [0m08:30:17  Updates available for packages: ['dbt-labs/dbt_utils']
[2025-09-22T08:30:17.510+0000] {subprocess.py:90} INFO - Update your versions in packages.yml, then run dbt deps
[2025-09-22T08:30:19.340+0000] {subprocess.py:94} INFO - Command exited with return code 0
[2025-09-22T08:30:19.341+0000] {local.py:441} INFO - Update your versions in packages.yml, then run dbt deps
[2025-09-22T08:30:19.342+0000] {virtualenv.py:99} INFO - Using Python binary from virtualenv: /opt/***/cosmos_venvs/ecom_intermediate/bin/python
[2025-09-22T08:30:19.342+0000] {local.py:434} INFO - Trying to run the command:
 ['/opt/***/cosmos_venvs/ecom_intermediate/bin/dbt', 'run', '--models', 'brands', '--project-dir', '/tmp/tmp7umf7awu', '--profiles-dir', '/opt/***/dags/dbt', '--profile', 'ecom_intermediate', '--target', 'dev']
From /tmp/tmp7umf7awu
[2025-09-22T08:30:19.343+0000] {subprocess.py:56} INFO - Tmp dir root location: 
 /tmp
[2025-09-22T08:30:19.344+0000] {subprocess.py:69} INFO - Running command: ['/opt/***/cosmos_venvs/ecom_intermediate/bin/dbt', 'run', '--models', 'brands', '--project-dir', '/tmp/tmp7umf7awu', '--profiles-dir', '/opt/***/dags/dbt', '--profile', 'ecom_intermediate', '--target', 'dev']
[2025-09-22T08:30:19.362+0000] {subprocess.py:80} INFO - Command output:
[2025-09-22T08:30:22.648+0000] {subprocess.py:90} INFO - [0m08:30:22  Running with dbt=1.10.11
[2025-09-22T08:30:22.649+0000] {subprocess.py:90} INFO - [0m08:30:22  [[33mWARNING[0m]: Deprecated functionality
[2025-09-22T08:30:22.649+0000] {subprocess.py:90} INFO - Usage of `--models`, `--model`, and `-m` is deprecated in favor of `--select` or
[2025-09-22T08:30:22.650+0000] {subprocess.py:90} INFO - `-s`.
[2025-09-22T08:30:23.092+0000] {subprocess.py:90} INFO - [0m08:30:23  Registered adapter: clickhouse=1.9.3
[2025-09-22T08:30:24.199+0000] {subprocess.py:90} INFO - [0m08:30:24  Found 15 models, 50 data tests, 8 sources, 597 macros
[2025-09-22T08:30:24.204+0000] {subprocess.py:90} INFO - [0m08:30:24
[2025-09-22T08:30:24.205+0000] {subprocess.py:90} INFO - [0m08:30:24  Concurrency: 4 threads (target='dev')
[2025-09-22T08:30:24.207+0000] {subprocess.py:90} INFO - [0m08:30:24
[2025-09-22T08:30:24.369+0000] {subprocess.py:90} INFO - [0m08:30:24  1 of 1 START sql table model `ecom_db_intermediate`.`brands` ................... [RUN]
[2025-09-22T08:30:24.587+0000] {subprocess.py:90} INFO - [0m08:30:24  1 of 1 OK created sql table model `ecom_db_intermediate`.`brands` .............. [[32mOK[0m in 0.21s]
[2025-09-22T08:30:24.593+0000] {subprocess.py:90} INFO - [0m08:30:24
[2025-09-22T08:30:24.593+0000] {subprocess.py:90} INFO - [0m08:30:24  Finished running 1 table model in 0 hours 0 minutes and 0.39 seconds (0.39s).
[2025-09-22T08:30:24.661+0000] {subprocess.py:90} INFO - [0m08:30:24
[2025-09-22T08:30:24.662+0000] {subprocess.py:90} INFO - [0m08:30:24  [32mCompleted successfully[0m
[2025-09-22T08:30:24.663+0000] {subprocess.py:90} INFO - [0m08:30:24
[2025-09-22T08:30:24.663+0000] {subprocess.py:90} INFO - [0m08:30:24  Done. PASS=1 WARN=0 ERROR=0 SKIP=0 NO-OP=0 TOTAL=1
[2025-09-22T08:30:24.664+0000] {subprocess.py:90} INFO - [0m08:30:24  [[33mWARNING[0m][DeprecationsSummary]: Deprecated functionality
[2025-09-22T08:30:24.665+0000] {subprocess.py:90} INFO - Summary of encountered deprecations:
[2025-09-22T08:30:24.665+0000] {subprocess.py:90} INFO - - ModelParamUsageDeprecation: 1 occurrence
[2025-09-22T08:30:24.665+0000] {subprocess.py:90} INFO - To see all deprecation instances instead of just the first occurrence of each,
[2025-09-22T08:30:24.666+0000] {subprocess.py:90} INFO - run command again with the `--show-all-deprecations` flag. You may also need to
[2025-09-22T08:30:24.666+0000] {subprocess.py:90} INFO - run with `--no-partial-parse` as some deprecations are only encountered during
[2025-09-22T08:30:24.666+0000] {subprocess.py:90} INFO - parsing.
[2025-09-22T08:30:26.563+0000] {subprocess.py:94} INFO - Command exited with return code 0
[2025-09-22T08:30:26.564+0000] {local.py:441} INFO - parsing.
[2025-09-22T08:30:26.580+0000] {local.py:196} WARNING - Artifact schema version: https://schemas.getdbt.com/dbt/manifest/v12.json is above dbt-ol supported version 7. This might cause errors.
[2025-09-22T08:30:26.581+0000] {local.py:196} WARNING - Artifact schema version: https://schemas.getdbt.com/dbt/run-results/v6.json is above dbt-ol supported version 5. This might cause errors.
[2025-09-22T08:30:26.591+0000] {local.py:547} INFO - Inlets: []
[2025-09-22T08:30:26.592+0000] {local.py:548} INFO - Outlets: []
[2025-09-22T08:30:26.592+0000] {local.py:772} INFO - Assigning inlets/outlets without DatasetAlias
[2025-09-22T08:30:26.593+0000] {dag.py:3089} INFO - Sync 1 DAGs
[2025-09-22T08:30:26.773+0000] {virtualenv.py:131} INFO - Releasing virtualenv lock
[2025-09-22T08:30:26.774+0000] {virtualenv.py:145} INFO - None
[2025-09-22T08:30:26.774+0000] {taskinstance.py:441} INFO - ::group::Post task execution logs
[2025-09-22T08:30:26.818+0000] {taskinstance.py:1206} INFO - Marking task as SUCCESS. dag_id=dbt_intermediate, task_id=intermediate.brands.run, run_id=manual__2025-09-22T08:28:03.359463+00:00, execution_date=20250922T082803, start_date=20250922T082807, end_date=20250922T083026
[2025-09-22T08:30:26.861+0000] {local_task_job_runner.py:243} INFO - Task exited with return code 0
[2025-09-22T08:30:26.947+0000] {taskinstance.py:3503} INFO - 1 downstream tasks scheduled from follow-on schedule check
[2025-09-22T08:30:26.950+0000] {local_task_job_runner.py:222} INFO - ::endgroup::
