[2025-09-19T10:14:58.391+0000] {local_task_job_runner.py:120} INFO - ::group::Pre task execution logs
[2025-09-19T10:14:59.033+0000] {taskinstance.py:2076} INFO - Dependencies all met for dep_context=non-requeueable deps ti=<TaskInstance: dbt_intermediate.intermediate.education_types.run manual__2025-09-19T10:14:55.158074+00:00 [queued]>
[2025-09-19T10:14:59.060+0000] {taskinstance.py:2076} INFO - Dependencies all met for dep_context=requeueable deps ti=<TaskInstance: dbt_intermediate.intermediate.education_types.run manual__2025-09-19T10:14:55.158074+00:00 [queued]>
[2025-09-19T10:14:59.062+0000] {taskinstance.py:2306} INFO - Starting attempt 1 of 1
[2025-09-19T10:14:59.109+0000] {taskinstance.py:2330} INFO - Executing <Task(DbtRunVirtualenvOperator): intermediate.education_types.run> on 2025-09-19 10:14:55.158074+00:00
[2025-09-19T10:14:59.121+0000] {standard_task_runner.py:64} INFO - Started process 2680 to run task
[2025-09-19T10:14:59.128+0000] {standard_task_runner.py:90} INFO - Running: ['***', 'tasks', 'run', 'dbt_intermediate', 'intermediate.education_types.run', 'manual__2025-09-19T10:14:55.158074+00:00', '--job-id', '560', '--raw', '--subdir', 'DAGS_FOLDER/dbt_intermediate.py', '--cfg-path', '/tmp/tmp03xlmtwp']
[2025-09-19T10:14:59.136+0000] {standard_task_runner.py:91} INFO - Job 560: Subtask intermediate.education_types.run
[2025-09-19T10:14:59.511+0000] {task_command.py:426} INFO - Running <TaskInstance: dbt_intermediate.intermediate.education_types.run manual__2025-09-19T10:14:55.158074+00:00 [running]> on host e95bde6b8d07
[2025-09-19T10:15:00.106+0000] {taskinstance.py:2648} INFO - Exporting env vars: AIRFLOW_CTX_DAG_OWNER='***' AIRFLOW_CTX_DAG_ID='dbt_intermediate' AIRFLOW_CTX_TASK_ID='intermediate.education_types.run' AIRFLOW_CTX_EXECUTION_DATE='2025-09-19T10:14:55.158074+00:00' AIRFLOW_CTX_TRY_NUMBER='1' AIRFLOW_CTX_DAG_RUN_ID='manual__2025-09-19T10:14:55.158074+00:00'
[2025-09-19T10:15:00.109+0000] {taskinstance.py:430} INFO - ::endgroup::
[2025-09-19T10:15:00.132+0000] {virtualenv.py:120} INFO - Checking if the virtualenv lock /opt/***/cosmos_venvs/ecom_intermediate/cosmos_virtualenv.lock exists
[2025-09-19T10:15:00.133+0000] {virtualenv.py:178} INFO - Checking for running process with PID 2675
[2025-09-19T10:15:00.134+0000] {virtualenv.py:181} INFO - Process 2675 running: True and has the lock /opt/***/cosmos_venvs/ecom_intermediate/cosmos_virtualenv.lock.
[2025-09-19T10:15:00.135+0000] {virtualenv.py:122} INFO - Waiting for virtualenv lock to be released
[2025-09-19T10:15:01.137+0000] {virtualenv.py:178} INFO - Checking for running process with PID 2675
[2025-09-19T10:15:01.137+0000] {virtualenv.py:181} INFO - Process 2675 running: True and has the lock /opt/***/cosmos_venvs/ecom_intermediate/cosmos_virtualenv.lock.
[2025-09-19T10:15:01.138+0000] {virtualenv.py:122} INFO - Waiting for virtualenv lock to be released
[2025-09-19T10:15:02.139+0000] {virtualenv.py:178} INFO - Checking for running process with PID 2675
[2025-09-19T10:15:02.140+0000] {virtualenv.py:181} INFO - Process 2675 running: True and has the lock /opt/***/cosmos_venvs/ecom_intermediate/cosmos_virtualenv.lock.
[2025-09-19T10:15:02.141+0000] {virtualenv.py:122} INFO - Waiting for virtualenv lock to be released
[2025-09-19T10:15:03.142+0000] {virtualenv.py:178} INFO - Checking for running process with PID 2675
[2025-09-19T10:15:03.143+0000] {virtualenv.py:181} INFO - Process 2675 running: True and has the lock /opt/***/cosmos_venvs/ecom_intermediate/cosmos_virtualenv.lock.
[2025-09-19T10:15:03.144+0000] {virtualenv.py:122} INFO - Waiting for virtualenv lock to be released
[2025-09-19T10:15:04.144+0000] {virtualenv.py:178} INFO - Checking for running process with PID 2675
[2025-09-19T10:15:04.146+0000] {virtualenv.py:181} INFO - Process 2675 running: True and has the lock /opt/***/cosmos_venvs/ecom_intermediate/cosmos_virtualenv.lock.
[2025-09-19T10:15:04.146+0000] {virtualenv.py:122} INFO - Waiting for virtualenv lock to be released
[2025-09-19T10:15:05.148+0000] {virtualenv.py:178} INFO - Checking for running process with PID 2675
[2025-09-19T10:15:05.149+0000] {virtualenv.py:181} INFO - Process 2675 running: True and has the lock /opt/***/cosmos_venvs/ecom_intermediate/cosmos_virtualenv.lock.
[2025-09-19T10:15:05.150+0000] {virtualenv.py:122} INFO - Waiting for virtualenv lock to be released
[2025-09-19T10:15:06.151+0000] {virtualenv.py:178} INFO - Checking for running process with PID 2675
[2025-09-19T10:15:06.152+0000] {virtualenv.py:181} INFO - Process 2675 running: True and has the lock /opt/***/cosmos_venvs/ecom_intermediate/cosmos_virtualenv.lock.
[2025-09-19T10:15:06.153+0000] {virtualenv.py:122} INFO - Waiting for virtualenv lock to be released
[2025-09-19T10:15:07.155+0000] {virtualenv.py:178} INFO - Checking for running process with PID 2675
[2025-09-19T10:15:07.156+0000] {virtualenv.py:181} INFO - Process 2675 running: True and has the lock /opt/***/cosmos_venvs/ecom_intermediate/cosmos_virtualenv.lock.
[2025-09-19T10:15:07.156+0000] {virtualenv.py:122} INFO - Waiting for virtualenv lock to be released
[2025-09-19T10:15:08.158+0000] {virtualenv.py:178} INFO - Checking for running process with PID 2675
[2025-09-19T10:15:08.159+0000] {virtualenv.py:181} INFO - Process 2675 running: True and has the lock /opt/***/cosmos_venvs/ecom_intermediate/cosmos_virtualenv.lock.
[2025-09-19T10:15:08.159+0000] {virtualenv.py:122} INFO - Waiting for virtualenv lock to be released
[2025-09-19T10:15:09.161+0000] {virtualenv.py:178} INFO - Checking for running process with PID 2675
[2025-09-19T10:15:09.162+0000] {virtualenv.py:181} INFO - Process 2675 running: True and has the lock /opt/***/cosmos_venvs/ecom_intermediate/cosmos_virtualenv.lock.
[2025-09-19T10:15:09.162+0000] {virtualenv.py:122} INFO - Waiting for virtualenv lock to be released
[2025-09-19T10:15:10.164+0000] {virtualenv.py:178} INFO - Checking for running process with PID 2675
[2025-09-19T10:15:10.165+0000] {virtualenv.py:181} INFO - Process 2675 running: True and has the lock /opt/***/cosmos_venvs/ecom_intermediate/cosmos_virtualenv.lock.
[2025-09-19T10:15:10.165+0000] {virtualenv.py:122} INFO - Waiting for virtualenv lock to be released
[2025-09-19T10:15:11.166+0000] {virtualenv.py:178} INFO - Checking for running process with PID 2675
[2025-09-19T10:15:11.167+0000] {virtualenv.py:181} INFO - Process 2675 running: True and has the lock /opt/***/cosmos_venvs/ecom_intermediate/cosmos_virtualenv.lock.
[2025-09-19T10:15:11.167+0000] {virtualenv.py:122} INFO - Waiting for virtualenv lock to be released
[2025-09-19T10:15:12.169+0000] {virtualenv.py:178} INFO - Checking for running process with PID 2675
[2025-09-19T10:15:12.170+0000] {virtualenv.py:181} INFO - Process 2675 running: True and has the lock /opt/***/cosmos_venvs/ecom_intermediate/cosmos_virtualenv.lock.
[2025-09-19T10:15:12.170+0000] {virtualenv.py:122} INFO - Waiting for virtualenv lock to be released
[2025-09-19T10:15:13.172+0000] {virtualenv.py:178} INFO - Checking for running process with PID 2675
[2025-09-19T10:15:13.173+0000] {virtualenv.py:181} INFO - Process 2675 running: True and has the lock /opt/***/cosmos_venvs/ecom_intermediate/cosmos_virtualenv.lock.
[2025-09-19T10:15:13.174+0000] {virtualenv.py:122} INFO - Waiting for virtualenv lock to be released
[2025-09-19T10:15:14.175+0000] {virtualenv.py:178} INFO - Checking for running process with PID 2675
[2025-09-19T10:15:14.182+0000] {virtualenv.py:181} INFO - Process 2675 running: True and has the lock /opt/***/cosmos_venvs/ecom_intermediate/cosmos_virtualenv.lock.
[2025-09-19T10:15:14.183+0000] {virtualenv.py:122} INFO - Waiting for virtualenv lock to be released
[2025-09-19T10:15:15.184+0000] {virtualenv.py:178} INFO - Checking for running process with PID 2675
[2025-09-19T10:15:15.185+0000] {virtualenv.py:181} INFO - Process 2675 running: True and has the lock /opt/***/cosmos_venvs/ecom_intermediate/cosmos_virtualenv.lock.
[2025-09-19T10:15:15.186+0000] {virtualenv.py:122} INFO - Waiting for virtualenv lock to be released
[2025-09-19T10:15:16.188+0000] {virtualenv.py:178} INFO - Checking for running process with PID 2675
[2025-09-19T10:15:16.189+0000] {virtualenv.py:181} INFO - Process 2675 running: True and has the lock /opt/***/cosmos_venvs/ecom_intermediate/cosmos_virtualenv.lock.
[2025-09-19T10:15:16.190+0000] {virtualenv.py:122} INFO - Waiting for virtualenv lock to be released
[2025-09-19T10:15:17.191+0000] {virtualenv.py:178} INFO - Checking for running process with PID 2675
[2025-09-19T10:15:17.192+0000] {virtualenv.py:181} INFO - Process 2675 running: True and has the lock /opt/***/cosmos_venvs/ecom_intermediate/cosmos_virtualenv.lock.
[2025-09-19T10:15:17.192+0000] {virtualenv.py:122} INFO - Waiting for virtualenv lock to be released
[2025-09-19T10:15:18.194+0000] {virtualenv.py:178} INFO - Checking for running process with PID 2675
[2025-09-19T10:15:18.195+0000] {virtualenv.py:181} INFO - Process 2675 running: True and has the lock /opt/***/cosmos_venvs/ecom_intermediate/cosmos_virtualenv.lock.
[2025-09-19T10:15:18.195+0000] {virtualenv.py:122} INFO - Waiting for virtualenv lock to be released
[2025-09-19T10:15:19.197+0000] {virtualenv.py:178} INFO - Checking for running process with PID 2675
[2025-09-19T10:15:19.198+0000] {virtualenv.py:181} INFO - Process 2675 running: True and has the lock /opt/***/cosmos_venvs/ecom_intermediate/cosmos_virtualenv.lock.
[2025-09-19T10:15:19.199+0000] {virtualenv.py:122} INFO - Waiting for virtualenv lock to be released
[2025-09-19T10:15:20.201+0000] {virtualenv.py:178} INFO - Checking for running process with PID 2675
[2025-09-19T10:15:20.202+0000] {virtualenv.py:181} INFO - Process 2675 running: True and has the lock /opt/***/cosmos_venvs/ecom_intermediate/cosmos_virtualenv.lock.
[2025-09-19T10:15:20.203+0000] {virtualenv.py:122} INFO - Waiting for virtualenv lock to be released
[2025-09-19T10:15:21.204+0000] {virtualenv.py:178} INFO - Checking for running process with PID 2675
[2025-09-19T10:15:21.205+0000] {virtualenv.py:181} INFO - Process 2675 running: True and has the lock /opt/***/cosmos_venvs/ecom_intermediate/cosmos_virtualenv.lock.
[2025-09-19T10:15:21.206+0000] {virtualenv.py:122} INFO - Waiting for virtualenv lock to be released
[2025-09-19T10:15:22.208+0000] {virtualenv.py:178} INFO - Checking for running process with PID 2675
[2025-09-19T10:15:22.208+0000] {virtualenv.py:181} INFO - Process 2675 running: True and has the lock /opt/***/cosmos_venvs/ecom_intermediate/cosmos_virtualenv.lock.
[2025-09-19T10:15:22.209+0000] {virtualenv.py:122} INFO - Waiting for virtualenv lock to be released
[2025-09-19T10:15:23.211+0000] {virtualenv.py:178} INFO - Checking for running process with PID 2675
[2025-09-19T10:15:23.212+0000] {virtualenv.py:181} INFO - Process 2675 running: True and has the lock /opt/***/cosmos_venvs/ecom_intermediate/cosmos_virtualenv.lock.
[2025-09-19T10:15:23.213+0000] {virtualenv.py:122} INFO - Waiting for virtualenv lock to be released
[2025-09-19T10:15:24.214+0000] {virtualenv.py:178} INFO - Checking for running process with PID 2675
[2025-09-19T10:15:24.215+0000] {virtualenv.py:181} INFO - Process 2675 running: True and has the lock /opt/***/cosmos_venvs/ecom_intermediate/cosmos_virtualenv.lock.
[2025-09-19T10:15:24.216+0000] {virtualenv.py:122} INFO - Waiting for virtualenv lock to be released
[2025-09-19T10:15:25.218+0000] {virtualenv.py:178} INFO - Checking for running process with PID 2675
[2025-09-19T10:15:25.219+0000] {virtualenv.py:181} INFO - Process 2675 running: True and has the lock /opt/***/cosmos_venvs/ecom_intermediate/cosmos_virtualenv.lock.
[2025-09-19T10:15:25.219+0000] {virtualenv.py:122} INFO - Waiting for virtualenv lock to be released
[2025-09-19T10:15:26.221+0000] {virtualenv.py:178} INFO - Checking for running process with PID 2675
[2025-09-19T10:15:26.222+0000] {virtualenv.py:181} INFO - Process 2675 running: True and has the lock /opt/***/cosmos_venvs/ecom_intermediate/cosmos_virtualenv.lock.
[2025-09-19T10:15:26.223+0000] {virtualenv.py:122} INFO - Waiting for virtualenv lock to be released
[2025-09-19T10:15:27.225+0000] {virtualenv.py:178} INFO - Checking for running process with PID 2675
[2025-09-19T10:15:27.225+0000] {virtualenv.py:181} INFO - Process 2675 running: True and has the lock /opt/***/cosmos_venvs/ecom_intermediate/cosmos_virtualenv.lock.
[2025-09-19T10:15:27.226+0000] {virtualenv.py:122} INFO - Waiting for virtualenv lock to be released
[2025-09-19T10:15:28.228+0000] {virtualenv.py:178} INFO - Checking for running process with PID 2675
[2025-09-19T10:15:28.229+0000] {virtualenv.py:181} INFO - Process 2675 running: True and has the lock /opt/***/cosmos_venvs/ecom_intermediate/cosmos_virtualenv.lock.
[2025-09-19T10:15:28.230+0000] {virtualenv.py:122} INFO - Waiting for virtualenv lock to be released
[2025-09-19T10:15:29.232+0000] {virtualenv.py:178} INFO - Checking for running process with PID 2675
[2025-09-19T10:15:29.233+0000] {virtualenv.py:181} INFO - Process 2675 running: True and has the lock /opt/***/cosmos_venvs/ecom_intermediate/cosmos_virtualenv.lock.
[2025-09-19T10:15:29.234+0000] {virtualenv.py:122} INFO - Waiting for virtualenv lock to be released
[2025-09-19T10:15:30.235+0000] {virtualenv.py:178} INFO - Checking for running process with PID 2675
[2025-09-19T10:15:30.236+0000] {virtualenv.py:181} INFO - Process 2675 running: True and has the lock /opt/***/cosmos_venvs/ecom_intermediate/cosmos_virtualenv.lock.
[2025-09-19T10:15:30.237+0000] {virtualenv.py:122} INFO - Waiting for virtualenv lock to be released
[2025-09-19T10:15:31.239+0000] {virtualenv.py:178} INFO - Checking for running process with PID 2677
[2025-09-19T10:15:31.240+0000] {virtualenv.py:181} INFO - Process 2677 running: True and has the lock /opt/***/cosmos_venvs/ecom_intermediate/cosmos_virtualenv.lock.
[2025-09-19T10:15:31.240+0000] {virtualenv.py:122} INFO - Waiting for virtualenv lock to be released
[2025-09-19T10:15:32.242+0000] {virtualenv.py:178} INFO - Checking for running process with PID 2677
[2025-09-19T10:15:32.243+0000] {virtualenv.py:181} INFO - Process 2677 running: True and has the lock /opt/***/cosmos_venvs/ecom_intermediate/cosmos_virtualenv.lock.
[2025-09-19T10:15:32.243+0000] {virtualenv.py:122} INFO - Waiting for virtualenv lock to be released
[2025-09-19T10:15:33.245+0000] {virtualenv.py:178} INFO - Checking for running process with PID 2677
[2025-09-19T10:15:33.246+0000] {virtualenv.py:181} INFO - Process 2677 running: True and has the lock /opt/***/cosmos_venvs/ecom_intermediate/cosmos_virtualenv.lock.
[2025-09-19T10:15:33.246+0000] {virtualenv.py:122} INFO - Waiting for virtualenv lock to be released
[2025-09-19T10:15:34.246+0000] {virtualenv.py:178} INFO - Checking for running process with PID 2677
[2025-09-19T10:15:34.247+0000] {virtualenv.py:181} INFO - Process 2677 running: True and has the lock /opt/***/cosmos_venvs/ecom_intermediate/cosmos_virtualenv.lock.
[2025-09-19T10:15:34.248+0000] {virtualenv.py:122} INFO - Waiting for virtualenv lock to be released
[2025-09-19T10:15:35.248+0000] {virtualenv.py:178} INFO - Checking for running process with PID 2677
[2025-09-19T10:15:35.249+0000] {virtualenv.py:181} INFO - Process 2677 running: True and has the lock /opt/***/cosmos_venvs/ecom_intermediate/cosmos_virtualenv.lock.
[2025-09-19T10:15:35.250+0000] {virtualenv.py:122} INFO - Waiting for virtualenv lock to be released
[2025-09-19T10:15:36.252+0000] {virtualenv.py:178} INFO - Checking for running process with PID 2677
[2025-09-19T10:15:36.252+0000] {virtualenv.py:181} INFO - Process 2677 running: True and has the lock /opt/***/cosmos_venvs/ecom_intermediate/cosmos_virtualenv.lock.
[2025-09-19T10:15:36.253+0000] {virtualenv.py:122} INFO - Waiting for virtualenv lock to be released
[2025-09-19T10:15:37.254+0000] {virtualenv.py:178} INFO - Checking for running process with PID 2677
[2025-09-19T10:15:37.255+0000] {virtualenv.py:181} INFO - Process 2677 running: True and has the lock /opt/***/cosmos_venvs/ecom_intermediate/cosmos_virtualenv.lock.
[2025-09-19T10:15:37.256+0000] {virtualenv.py:122} INFO - Waiting for virtualenv lock to be released
[2025-09-19T10:15:38.258+0000] {virtualenv.py:178} INFO - Checking for running process with PID 2677
[2025-09-19T10:15:38.259+0000] {virtualenv.py:181} INFO - Process 2677 running: True and has the lock /opt/***/cosmos_venvs/ecom_intermediate/cosmos_virtualenv.lock.
[2025-09-19T10:15:38.259+0000] {virtualenv.py:122} INFO - Waiting for virtualenv lock to be released
[2025-09-19T10:15:39.261+0000] {virtualenv.py:178} INFO - Checking for running process with PID 2677
[2025-09-19T10:15:39.262+0000] {virtualenv.py:181} INFO - Process 2677 running: True and has the lock /opt/***/cosmos_venvs/ecom_intermediate/cosmos_virtualenv.lock.
[2025-09-19T10:15:39.262+0000] {virtualenv.py:122} INFO - Waiting for virtualenv lock to be released
[2025-09-19T10:15:40.263+0000] {virtualenv.py:178} INFO - Checking for running process with PID 2677
[2025-09-19T10:15:40.263+0000] {virtualenv.py:181} INFO - Process 2677 running: True and has the lock /opt/***/cosmos_venvs/ecom_intermediate/cosmos_virtualenv.lock.
[2025-09-19T10:15:40.264+0000] {virtualenv.py:122} INFO - Waiting for virtualenv lock to be released
[2025-09-19T10:15:41.266+0000] {virtualenv.py:178} INFO - Checking for running process with PID 2677
[2025-09-19T10:15:41.267+0000] {virtualenv.py:181} INFO - Process 2677 running: True and has the lock /opt/***/cosmos_venvs/ecom_intermediate/cosmos_virtualenv.lock.
[2025-09-19T10:15:41.268+0000] {virtualenv.py:122} INFO - Waiting for virtualenv lock to be released
[2025-09-19T10:15:42.270+0000] {virtualenv.py:178} INFO - Checking for running process with PID 2677
[2025-09-19T10:15:42.270+0000] {virtualenv.py:181} INFO - Process 2677 running: True and has the lock /opt/***/cosmos_venvs/ecom_intermediate/cosmos_virtualenv.lock.
[2025-09-19T10:15:42.271+0000] {virtualenv.py:122} INFO - Waiting for virtualenv lock to be released
[2025-09-19T10:15:43.272+0000] {virtualenv.py:178} INFO - Checking for running process with PID 2677
[2025-09-19T10:15:43.273+0000] {virtualenv.py:181} INFO - Process 2677 running: True and has the lock /opt/***/cosmos_venvs/ecom_intermediate/cosmos_virtualenv.lock.
[2025-09-19T10:15:43.273+0000] {virtualenv.py:122} INFO - Waiting for virtualenv lock to be released
[2025-09-19T10:15:44.275+0000] {virtualenv.py:178} INFO - Checking for running process with PID 2677
[2025-09-19T10:15:44.277+0000] {virtualenv.py:181} INFO - Process 2677 running: True and has the lock /opt/***/cosmos_venvs/ecom_intermediate/cosmos_virtualenv.lock.
[2025-09-19T10:15:44.277+0000] {virtualenv.py:122} INFO - Waiting for virtualenv lock to be released
[2025-09-19T10:15:45.278+0000] {virtualenv.py:178} INFO - Checking for running process with PID 2677
[2025-09-19T10:15:45.279+0000] {virtualenv.py:181} INFO - Process 2677 running: True and has the lock /opt/***/cosmos_venvs/ecom_intermediate/cosmos_virtualenv.lock.
[2025-09-19T10:15:45.280+0000] {virtualenv.py:122} INFO - Waiting for virtualenv lock to be released
[2025-09-19T10:15:46.281+0000] {virtualenv.py:178} INFO - Checking for running process with PID 2800
[2025-09-19T10:15:46.281+0000] {virtualenv.py:181} INFO - Process 2800 running: True and has the lock /opt/***/cosmos_venvs/ecom_intermediate/cosmos_virtualenv.lock.
[2025-09-19T10:15:46.282+0000] {virtualenv.py:122} INFO - Waiting for virtualenv lock to be released
[2025-09-19T10:15:47.284+0000] {virtualenv.py:178} INFO - Checking for running process with PID 2800
[2025-09-19T10:15:47.285+0000] {virtualenv.py:181} INFO - Process 2800 running: True and has the lock /opt/***/cosmos_venvs/ecom_intermediate/cosmos_virtualenv.lock.
[2025-09-19T10:15:47.285+0000] {virtualenv.py:122} INFO - Waiting for virtualenv lock to be released
[2025-09-19T10:15:48.287+0000] {virtualenv.py:178} INFO - Checking for running process with PID 2800
[2025-09-19T10:15:48.288+0000] {virtualenv.py:181} INFO - Process 2800 running: True and has the lock /opt/***/cosmos_venvs/ecom_intermediate/cosmos_virtualenv.lock.
[2025-09-19T10:15:48.288+0000] {virtualenv.py:122} INFO - Waiting for virtualenv lock to be released
[2025-09-19T10:15:49.290+0000] {virtualenv.py:178} INFO - Checking for running process with PID 2800
[2025-09-19T10:15:49.291+0000] {virtualenv.py:181} INFO - Process 2800 running: True and has the lock /opt/***/cosmos_venvs/ecom_intermediate/cosmos_virtualenv.lock.
[2025-09-19T10:15:49.291+0000] {virtualenv.py:122} INFO - Waiting for virtualenv lock to be released
[2025-09-19T10:15:50.293+0000] {virtualenv.py:178} INFO - Checking for running process with PID 2800
[2025-09-19T10:15:50.294+0000] {virtualenv.py:181} INFO - Process 2800 running: True and has the lock /opt/***/cosmos_venvs/ecom_intermediate/cosmos_virtualenv.lock.
[2025-09-19T10:15:50.295+0000] {virtualenv.py:122} INFO - Waiting for virtualenv lock to be released
[2025-09-19T10:15:51.297+0000] {virtualenv.py:178} INFO - Checking for running process with PID 2800
[2025-09-19T10:15:51.298+0000] {virtualenv.py:181} INFO - Process 2800 running: True and has the lock /opt/***/cosmos_venvs/ecom_intermediate/cosmos_virtualenv.lock.
[2025-09-19T10:15:51.299+0000] {virtualenv.py:122} INFO - Waiting for virtualenv lock to be released
[2025-09-19T10:15:52.301+0000] {virtualenv.py:178} INFO - Checking for running process with PID 2800
[2025-09-19T10:15:52.301+0000] {virtualenv.py:181} INFO - Process 2800 running: True and has the lock /opt/***/cosmos_venvs/ecom_intermediate/cosmos_virtualenv.lock.
[2025-09-19T10:15:52.302+0000] {virtualenv.py:122} INFO - Waiting for virtualenv lock to be released
[2025-09-19T10:15:53.304+0000] {virtualenv.py:178} INFO - Checking for running process with PID 2800
[2025-09-19T10:15:53.305+0000] {virtualenv.py:181} INFO - Process 2800 running: True and has the lock /opt/***/cosmos_venvs/ecom_intermediate/cosmos_virtualenv.lock.
[2025-09-19T10:15:53.306+0000] {virtualenv.py:122} INFO - Waiting for virtualenv lock to be released
[2025-09-19T10:15:54.308+0000] {virtualenv.py:178} INFO - Checking for running process with PID 2800
[2025-09-19T10:15:54.309+0000] {virtualenv.py:181} INFO - Process 2800 running: True and has the lock /opt/***/cosmos_venvs/ecom_intermediate/cosmos_virtualenv.lock.
[2025-09-19T10:15:54.310+0000] {virtualenv.py:122} INFO - Waiting for virtualenv lock to be released
[2025-09-19T10:15:55.312+0000] {virtualenv.py:178} INFO - Checking for running process with PID 2800
[2025-09-19T10:15:55.313+0000] {virtualenv.py:181} INFO - Process 2800 running: True and has the lock /opt/***/cosmos_venvs/ecom_intermediate/cosmos_virtualenv.lock.
[2025-09-19T10:15:55.314+0000] {virtualenv.py:122} INFO - Waiting for virtualenv lock to be released
[2025-09-19T10:15:56.315+0000] {virtualenv.py:178} INFO - Checking for running process with PID 2800
[2025-09-19T10:15:56.316+0000] {virtualenv.py:181} INFO - Process 2800 running: True and has the lock /opt/***/cosmos_venvs/ecom_intermediate/cosmos_virtualenv.lock.
[2025-09-19T10:15:56.316+0000] {virtualenv.py:122} INFO - Waiting for virtualenv lock to be released
[2025-09-19T10:15:57.318+0000] {virtualenv.py:178} INFO - Checking for running process with PID 2800
[2025-09-19T10:15:57.320+0000] {virtualenv.py:181} INFO - Process 2800 running: True and has the lock /opt/***/cosmos_venvs/ecom_intermediate/cosmos_virtualenv.lock.
[2025-09-19T10:15:57.322+0000] {virtualenv.py:122} INFO - Waiting for virtualenv lock to be released
[2025-09-19T10:15:58.325+0000] {virtualenv.py:178} INFO - Checking for running process with PID 2800
[2025-09-19T10:15:58.326+0000] {virtualenv.py:181} INFO - Process 2800 running: True and has the lock /opt/***/cosmos_venvs/ecom_intermediate/cosmos_virtualenv.lock.
[2025-09-19T10:15:58.327+0000] {virtualenv.py:122} INFO - Waiting for virtualenv lock to be released
[2025-09-19T10:15:59.328+0000] {virtualenv.py:178} INFO - Checking for running process with PID 2800
[2025-09-19T10:15:59.329+0000] {virtualenv.py:181} INFO - Process 2800 running: True and has the lock /opt/***/cosmos_venvs/ecom_intermediate/cosmos_virtualenv.lock.
[2025-09-19T10:15:59.330+0000] {virtualenv.py:122} INFO - Waiting for virtualenv lock to be released
[2025-09-19T10:16:00.332+0000] {virtualenv.py:178} INFO - Checking for running process with PID 2800
[2025-09-19T10:16:00.333+0000] {virtualenv.py:181} INFO - Process 2800 running: True and has the lock /opt/***/cosmos_venvs/ecom_intermediate/cosmos_virtualenv.lock.
[2025-09-19T10:16:00.334+0000] {virtualenv.py:122} INFO - Waiting for virtualenv lock to be released
[2025-09-19T10:16:01.335+0000] {virtualenv.py:178} INFO - Checking for running process with PID 2883
[2025-09-19T10:16:01.336+0000] {virtualenv.py:181} INFO - Process 2883 running: True and has the lock /opt/***/cosmos_venvs/ecom_intermediate/cosmos_virtualenv.lock.
[2025-09-19T10:16:01.337+0000] {virtualenv.py:122} INFO - Waiting for virtualenv lock to be released
[2025-09-19T10:16:02.338+0000] {virtualenv.py:178} INFO - Checking for running process with PID 2883
[2025-09-19T10:16:02.339+0000] {virtualenv.py:181} INFO - Process 2883 running: True and has the lock /opt/***/cosmos_venvs/ecom_intermediate/cosmos_virtualenv.lock.
[2025-09-19T10:16:02.340+0000] {virtualenv.py:122} INFO - Waiting for virtualenv lock to be released
[2025-09-19T10:16:03.343+0000] {virtualenv.py:178} INFO - Checking for running process with PID 2883
[2025-09-19T10:16:03.343+0000] {virtualenv.py:181} INFO - Process 2883 running: True and has the lock /opt/***/cosmos_venvs/ecom_intermediate/cosmos_virtualenv.lock.
[2025-09-19T10:16:03.344+0000] {virtualenv.py:122} INFO - Waiting for virtualenv lock to be released
[2025-09-19T10:16:04.343+0000] {virtualenv.py:178} INFO - Checking for running process with PID 2883
[2025-09-19T10:16:04.344+0000] {virtualenv.py:181} INFO - Process 2883 running: True and has the lock /opt/***/cosmos_venvs/ecom_intermediate/cosmos_virtualenv.lock.
[2025-09-19T10:16:04.344+0000] {virtualenv.py:122} INFO - Waiting for virtualenv lock to be released
[2025-09-19T10:16:05.346+0000] {virtualenv.py:178} INFO - Checking for running process with PID 2883
[2025-09-19T10:16:05.347+0000] {virtualenv.py:181} INFO - Process 2883 running: True and has the lock /opt/***/cosmos_venvs/ecom_intermediate/cosmos_virtualenv.lock.
[2025-09-19T10:16:05.347+0000] {virtualenv.py:122} INFO - Waiting for virtualenv lock to be released
[2025-09-19T10:16:06.349+0000] {virtualenv.py:178} INFO - Checking for running process with PID 2883
[2025-09-19T10:16:06.350+0000] {virtualenv.py:181} INFO - Process 2883 running: True and has the lock /opt/***/cosmos_venvs/ecom_intermediate/cosmos_virtualenv.lock.
[2025-09-19T10:16:06.351+0000] {virtualenv.py:122} INFO - Waiting for virtualenv lock to be released
[2025-09-19T10:16:07.352+0000] {virtualenv.py:178} INFO - Checking for running process with PID 2883
[2025-09-19T10:16:07.353+0000] {virtualenv.py:181} INFO - Process 2883 running: True and has the lock /opt/***/cosmos_venvs/ecom_intermediate/cosmos_virtualenv.lock.
[2025-09-19T10:16:07.354+0000] {virtualenv.py:122} INFO - Waiting for virtualenv lock to be released
[2025-09-19T10:16:08.355+0000] {virtualenv.py:178} INFO - Checking for running process with PID 2883
[2025-09-19T10:16:08.356+0000] {virtualenv.py:181} INFO - Process 2883 running: True and has the lock /opt/***/cosmos_venvs/ecom_intermediate/cosmos_virtualenv.lock.
[2025-09-19T10:16:08.356+0000] {virtualenv.py:122} INFO - Waiting for virtualenv lock to be released
[2025-09-19T10:16:09.358+0000] {virtualenv.py:178} INFO - Checking for running process with PID 2883
[2025-09-19T10:16:09.358+0000] {virtualenv.py:181} INFO - Process 2883 running: True and has the lock /opt/***/cosmos_venvs/ecom_intermediate/cosmos_virtualenv.lock.
[2025-09-19T10:16:09.359+0000] {virtualenv.py:122} INFO - Waiting for virtualenv lock to be released
[2025-09-19T10:16:10.360+0000] {virtualenv.py:178} INFO - Checking for running process with PID 2883
[2025-09-19T10:16:10.361+0000] {virtualenv.py:181} INFO - Process 2883 running: True and has the lock /opt/***/cosmos_venvs/ecom_intermediate/cosmos_virtualenv.lock.
[2025-09-19T10:16:10.361+0000] {virtualenv.py:122} INFO - Waiting for virtualenv lock to be released
[2025-09-19T10:16:11.363+0000] {virtualenv.py:178} INFO - Checking for running process with PID 2883
[2025-09-19T10:16:11.364+0000] {virtualenv.py:181} INFO - Process 2883 running: True and has the lock /opt/***/cosmos_venvs/ecom_intermediate/cosmos_virtualenv.lock.
[2025-09-19T10:16:11.364+0000] {virtualenv.py:122} INFO - Waiting for virtualenv lock to be released
[2025-09-19T10:16:12.366+0000] {virtualenv.py:178} INFO - Checking for running process with PID 2883
[2025-09-19T10:16:12.367+0000] {virtualenv.py:181} INFO - Process 2883 running: True and has the lock /opt/***/cosmos_venvs/ecom_intermediate/cosmos_virtualenv.lock.
[2025-09-19T10:16:12.367+0000] {virtualenv.py:122} INFO - Waiting for virtualenv lock to be released
[2025-09-19T10:16:13.369+0000] {virtualenv.py:178} INFO - Checking for running process with PID 2883
[2025-09-19T10:16:13.369+0000] {virtualenv.py:181} INFO - Process 2883 running: True and has the lock /opt/***/cosmos_venvs/ecom_intermediate/cosmos_virtualenv.lock.
[2025-09-19T10:16:13.370+0000] {virtualenv.py:122} INFO - Waiting for virtualenv lock to be released
[2025-09-19T10:16:14.371+0000] {virtualenv.py:178} INFO - Checking for running process with PID 2883
[2025-09-19T10:16:14.372+0000] {virtualenv.py:181} INFO - Process 2883 running: True and has the lock /opt/***/cosmos_venvs/ecom_intermediate/cosmos_virtualenv.lock.
[2025-09-19T10:16:14.373+0000] {virtualenv.py:122} INFO - Waiting for virtualenv lock to be released
[2025-09-19T10:16:15.375+0000] {virtualenv.py:178} INFO - Checking for running process with PID 2801
[2025-09-19T10:16:15.376+0000] {virtualenv.py:181} INFO - Process 2801 running: True and has the lock /opt/***/cosmos_venvs/ecom_intermediate/cosmos_virtualenv.lock.
[2025-09-19T10:16:15.377+0000] {virtualenv.py:122} INFO - Waiting for virtualenv lock to be released
[2025-09-19T10:16:16.379+0000] {virtualenv.py:178} INFO - Checking for running process with PID 2801
[2025-09-19T10:16:16.380+0000] {virtualenv.py:181} INFO - Process 2801 running: True and has the lock /opt/***/cosmos_venvs/ecom_intermediate/cosmos_virtualenv.lock.
[2025-09-19T10:16:16.380+0000] {virtualenv.py:122} INFO - Waiting for virtualenv lock to be released
[2025-09-19T10:16:17.383+0000] {virtualenv.py:178} INFO - Checking for running process with PID 2801
[2025-09-19T10:16:17.384+0000] {virtualenv.py:181} INFO - Process 2801 running: True and has the lock /opt/***/cosmos_venvs/ecom_intermediate/cosmos_virtualenv.lock.
[2025-09-19T10:16:17.384+0000] {virtualenv.py:122} INFO - Waiting for virtualenv lock to be released
[2025-09-19T10:16:18.386+0000] {virtualenv.py:178} INFO - Checking for running process with PID 2801
[2025-09-19T10:16:18.388+0000] {virtualenv.py:181} INFO - Process 2801 running: True and has the lock /opt/***/cosmos_venvs/ecom_intermediate/cosmos_virtualenv.lock.
[2025-09-19T10:16:18.388+0000] {virtualenv.py:122} INFO - Waiting for virtualenv lock to be released
[2025-09-19T10:16:19.390+0000] {virtualenv.py:178} INFO - Checking for running process with PID 2801
[2025-09-19T10:16:19.391+0000] {virtualenv.py:181} INFO - Process 2801 running: True and has the lock /opt/***/cosmos_venvs/ecom_intermediate/cosmos_virtualenv.lock.
[2025-09-19T10:16:19.392+0000] {virtualenv.py:122} INFO - Waiting for virtualenv lock to be released
[2025-09-19T10:16:20.393+0000] {virtualenv.py:178} INFO - Checking for running process with PID 2801
[2025-09-19T10:16:20.394+0000] {virtualenv.py:181} INFO - Process 2801 running: True and has the lock /opt/***/cosmos_venvs/ecom_intermediate/cosmos_virtualenv.lock.
[2025-09-19T10:16:20.394+0000] {virtualenv.py:122} INFO - Waiting for virtualenv lock to be released
[2025-09-19T10:16:21.395+0000] {virtualenv.py:178} INFO - Checking for running process with PID 2801
[2025-09-19T10:16:21.397+0000] {virtualenv.py:181} INFO - Process 2801 running: True and has the lock /opt/***/cosmos_venvs/ecom_intermediate/cosmos_virtualenv.lock.
[2025-09-19T10:16:21.397+0000] {virtualenv.py:122} INFO - Waiting for virtualenv lock to be released
[2025-09-19T10:16:22.399+0000] {virtualenv.py:178} INFO - Checking for running process with PID 2801
[2025-09-19T10:16:22.401+0000] {virtualenv.py:181} INFO - Process 2801 running: True and has the lock /opt/***/cosmos_venvs/ecom_intermediate/cosmos_virtualenv.lock.
[2025-09-19T10:16:22.402+0000] {virtualenv.py:122} INFO - Waiting for virtualenv lock to be released
[2025-09-19T10:16:23.405+0000] {virtualenv.py:178} INFO - Checking for running process with PID 2801
[2025-09-19T10:16:23.407+0000] {virtualenv.py:181} INFO - Process 2801 running: True and has the lock /opt/***/cosmos_venvs/ecom_intermediate/cosmos_virtualenv.lock.
[2025-09-19T10:16:23.407+0000] {virtualenv.py:122} INFO - Waiting for virtualenv lock to be released
[2025-09-19T10:16:24.409+0000] {virtualenv.py:178} INFO - Checking for running process with PID 2801
[2025-09-19T10:16:24.410+0000] {virtualenv.py:181} INFO - Process 2801 running: True and has the lock /opt/***/cosmos_venvs/ecom_intermediate/cosmos_virtualenv.lock.
[2025-09-19T10:16:24.411+0000] {virtualenv.py:122} INFO - Waiting for virtualenv lock to be released
[2025-09-19T10:16:25.412+0000] {virtualenv.py:178} INFO - Checking for running process with PID 2801
[2025-09-19T10:16:25.413+0000] {virtualenv.py:181} INFO - Process 2801 running: True and has the lock /opt/***/cosmos_venvs/ecom_intermediate/cosmos_virtualenv.lock.
[2025-09-19T10:16:25.413+0000] {virtualenv.py:122} INFO - Waiting for virtualenv lock to be released
[2025-09-19T10:16:26.415+0000] {virtualenv.py:178} INFO - Checking for running process with PID 2801
[2025-09-19T10:16:26.417+0000] {virtualenv.py:181} INFO - Process 2801 running: True and has the lock /opt/***/cosmos_venvs/ecom_intermediate/cosmos_virtualenv.lock.
[2025-09-19T10:16:26.417+0000] {virtualenv.py:122} INFO - Waiting for virtualenv lock to be released
[2025-09-19T10:16:27.419+0000] {virtualenv.py:178} INFO - Checking for running process with PID 2801
[2025-09-19T10:16:27.420+0000] {virtualenv.py:181} INFO - Process 2801 running: True and has the lock /opt/***/cosmos_venvs/ecom_intermediate/cosmos_virtualenv.lock.
[2025-09-19T10:16:27.421+0000] {virtualenv.py:122} INFO - Waiting for virtualenv lock to be released
[2025-09-19T10:16:28.422+0000] {virtualenv.py:178} INFO - Checking for running process with PID 2801
[2025-09-19T10:16:28.423+0000] {virtualenv.py:181} INFO - Process 2801 running: True and has the lock /opt/***/cosmos_venvs/ecom_intermediate/cosmos_virtualenv.lock.
[2025-09-19T10:16:28.424+0000] {virtualenv.py:122} INFO - Waiting for virtualenv lock to be released
[2025-09-19T10:16:29.426+0000] {virtualenv.py:178} INFO - Checking for running process with PID 2678
[2025-09-19T10:16:29.429+0000] {virtualenv.py:181} INFO - Process 2678 running: True and has the lock /opt/***/cosmos_venvs/ecom_intermediate/cosmos_virtualenv.lock.
[2025-09-19T10:16:29.430+0000] {virtualenv.py:122} INFO - Waiting for virtualenv lock to be released
[2025-09-19T10:16:30.432+0000] {virtualenv.py:178} INFO - Checking for running process with PID 2678
[2025-09-19T10:16:30.433+0000] {virtualenv.py:181} INFO - Process 2678 running: True and has the lock /opt/***/cosmos_venvs/ecom_intermediate/cosmos_virtualenv.lock.
[2025-09-19T10:16:30.433+0000] {virtualenv.py:122} INFO - Waiting for virtualenv lock to be released
[2025-09-19T10:16:31.435+0000] {virtualenv.py:178} INFO - Checking for running process with PID 2678
[2025-09-19T10:16:31.437+0000] {virtualenv.py:181} INFO - Process 2678 running: True and has the lock /opt/***/cosmos_venvs/ecom_intermediate/cosmos_virtualenv.lock.
[2025-09-19T10:16:31.438+0000] {virtualenv.py:122} INFO - Waiting for virtualenv lock to be released
[2025-09-19T10:16:32.439+0000] {virtualenv.py:178} INFO - Checking for running process with PID 2678
[2025-09-19T10:16:32.440+0000] {virtualenv.py:181} INFO - Process 2678 running: True and has the lock /opt/***/cosmos_venvs/ecom_intermediate/cosmos_virtualenv.lock.
[2025-09-19T10:16:32.441+0000] {virtualenv.py:122} INFO - Waiting for virtualenv lock to be released
[2025-09-19T10:16:33.442+0000] {virtualenv.py:178} INFO - Checking for running process with PID 2678
[2025-09-19T10:16:33.443+0000] {virtualenv.py:181} INFO - Process 2678 running: True and has the lock /opt/***/cosmos_venvs/ecom_intermediate/cosmos_virtualenv.lock.
[2025-09-19T10:16:33.444+0000] {virtualenv.py:122} INFO - Waiting for virtualenv lock to be released
[2025-09-19T10:16:34.444+0000] {virtualenv.py:178} INFO - Checking for running process with PID 2678
[2025-09-19T10:16:34.444+0000] {virtualenv.py:181} INFO - Process 2678 running: True and has the lock /opt/***/cosmos_venvs/ecom_intermediate/cosmos_virtualenv.lock.
[2025-09-19T10:16:34.445+0000] {virtualenv.py:122} INFO - Waiting for virtualenv lock to be released
[2025-09-19T10:16:35.447+0000] {virtualenv.py:178} INFO - Checking for running process with PID 2678
[2025-09-19T10:16:35.448+0000] {virtualenv.py:181} INFO - Process 2678 running: True and has the lock /opt/***/cosmos_venvs/ecom_intermediate/cosmos_virtualenv.lock.
[2025-09-19T10:16:35.449+0000] {virtualenv.py:122} INFO - Waiting for virtualenv lock to be released
[2025-09-19T10:16:36.451+0000] {virtualenv.py:178} INFO - Checking for running process with PID 2678
[2025-09-19T10:16:36.452+0000] {virtualenv.py:181} INFO - Process 2678 running: True and has the lock /opt/***/cosmos_venvs/ecom_intermediate/cosmos_virtualenv.lock.
[2025-09-19T10:16:36.452+0000] {virtualenv.py:122} INFO - Waiting for virtualenv lock to be released
[2025-09-19T10:16:37.453+0000] {virtualenv.py:178} INFO - Checking for running process with PID 2678
[2025-09-19T10:16:37.454+0000] {virtualenv.py:181} INFO - Process 2678 running: True and has the lock /opt/***/cosmos_venvs/ecom_intermediate/cosmos_virtualenv.lock.
[2025-09-19T10:16:37.455+0000] {virtualenv.py:122} INFO - Waiting for virtualenv lock to be released
[2025-09-19T10:16:38.457+0000] {virtualenv.py:178} INFO - Checking for running process with PID 2678
[2025-09-19T10:16:38.458+0000] {virtualenv.py:181} INFO - Process 2678 running: True and has the lock /opt/***/cosmos_venvs/ecom_intermediate/cosmos_virtualenv.lock.
[2025-09-19T10:16:38.458+0000] {virtualenv.py:122} INFO - Waiting for virtualenv lock to be released
[2025-09-19T10:16:39.460+0000] {virtualenv.py:178} INFO - Checking for running process with PID 2678
[2025-09-19T10:16:39.461+0000] {virtualenv.py:181} INFO - Process 2678 running: True and has the lock /opt/***/cosmos_venvs/ecom_intermediate/cosmos_virtualenv.lock.
[2025-09-19T10:16:39.462+0000] {virtualenv.py:122} INFO - Waiting for virtualenv lock to be released
[2025-09-19T10:16:40.463+0000] {virtualenv.py:178} INFO - Checking for running process with PID 2678
[2025-09-19T10:16:40.464+0000] {virtualenv.py:181} INFO - Process 2678 running: True and has the lock /opt/***/cosmos_venvs/ecom_intermediate/cosmos_virtualenv.lock.
[2025-09-19T10:16:40.464+0000] {virtualenv.py:122} INFO - Waiting for virtualenv lock to be released
[2025-09-19T10:16:41.466+0000] {virtualenv.py:178} INFO - Checking for running process with PID 2678
[2025-09-19T10:16:41.466+0000] {virtualenv.py:181} INFO - Process 2678 running: True and has the lock /opt/***/cosmos_venvs/ecom_intermediate/cosmos_virtualenv.lock.
[2025-09-19T10:16:41.467+0000] {virtualenv.py:122} INFO - Waiting for virtualenv lock to be released
[2025-09-19T10:16:42.469+0000] {virtualenv.py:178} INFO - Checking for running process with PID 2678
[2025-09-19T10:16:42.469+0000] {virtualenv.py:181} INFO - Process 2678 running: True and has the lock /opt/***/cosmos_venvs/ecom_intermediate/cosmos_virtualenv.lock.
[2025-09-19T10:16:42.470+0000] {virtualenv.py:122} INFO - Waiting for virtualenv lock to be released
[2025-09-19T10:16:43.472+0000] {virtualenv.py:178} INFO - Checking for running process with PID 2678
[2025-09-19T10:16:43.473+0000] {virtualenv.py:181} INFO - Process 2678 running: True and has the lock /opt/***/cosmos_venvs/ecom_intermediate/cosmos_virtualenv.lock.
[2025-09-19T10:16:43.473+0000] {virtualenv.py:122} INFO - Waiting for virtualenv lock to be released
[2025-09-19T10:16:44.475+0000] {virtualenv.py:178} INFO - Checking for running process with PID 2678
[2025-09-19T10:16:44.476+0000] {virtualenv.py:181} INFO - Process 2678 running: True and has the lock /opt/***/cosmos_venvs/ecom_intermediate/cosmos_virtualenv.lock.
[2025-09-19T10:16:44.476+0000] {virtualenv.py:122} INFO - Waiting for virtualenv lock to be released
[2025-09-19T10:16:45.477+0000] {virtualenv.py:178} INFO - Checking for running process with PID 2922
[2025-09-19T10:16:45.478+0000] {virtualenv.py:181} INFO - Process 2922 running: True and has the lock /opt/***/cosmos_venvs/ecom_intermediate/cosmos_virtualenv.lock.
[2025-09-19T10:16:45.478+0000] {virtualenv.py:122} INFO - Waiting for virtualenv lock to be released
[2025-09-19T10:16:46.480+0000] {virtualenv.py:178} INFO - Checking for running process with PID 2922
[2025-09-19T10:16:46.481+0000] {virtualenv.py:181} INFO - Process 2922 running: True and has the lock /opt/***/cosmos_venvs/ecom_intermediate/cosmos_virtualenv.lock.
[2025-09-19T10:16:46.481+0000] {virtualenv.py:122} INFO - Waiting for virtualenv lock to be released
[2025-09-19T10:16:47.483+0000] {virtualenv.py:178} INFO - Checking for running process with PID 2922
[2025-09-19T10:16:47.484+0000] {virtualenv.py:181} INFO - Process 2922 running: True and has the lock /opt/***/cosmos_venvs/ecom_intermediate/cosmos_virtualenv.lock.
[2025-09-19T10:16:47.485+0000] {virtualenv.py:122} INFO - Waiting for virtualenv lock to be released
[2025-09-19T10:16:48.487+0000] {virtualenv.py:178} INFO - Checking for running process with PID 2922
[2025-09-19T10:16:48.488+0000] {virtualenv.py:181} INFO - Process 2922 running: True and has the lock /opt/***/cosmos_venvs/ecom_intermediate/cosmos_virtualenv.lock.
[2025-09-19T10:16:48.488+0000] {virtualenv.py:122} INFO - Waiting for virtualenv lock to be released
[2025-09-19T10:16:49.489+0000] {virtualenv.py:178} INFO - Checking for running process with PID 2922
[2025-09-19T10:16:49.490+0000] {virtualenv.py:181} INFO - Process 2922 running: True and has the lock /opt/***/cosmos_venvs/ecom_intermediate/cosmos_virtualenv.lock.
[2025-09-19T10:16:49.491+0000] {virtualenv.py:122} INFO - Waiting for virtualenv lock to be released
[2025-09-19T10:16:50.493+0000] {virtualenv.py:178} INFO - Checking for running process with PID 2922
[2025-09-19T10:16:50.494+0000] {virtualenv.py:181} INFO - Process 2922 running: True and has the lock /opt/***/cosmos_venvs/ecom_intermediate/cosmos_virtualenv.lock.
[2025-09-19T10:16:50.494+0000] {virtualenv.py:122} INFO - Waiting for virtualenv lock to be released
[2025-09-19T10:16:51.496+0000] {virtualenv.py:178} INFO - Checking for running process with PID 2922
[2025-09-19T10:16:51.497+0000] {virtualenv.py:181} INFO - Process 2922 running: True and has the lock /opt/***/cosmos_venvs/ecom_intermediate/cosmos_virtualenv.lock.
[2025-09-19T10:16:51.498+0000] {virtualenv.py:122} INFO - Waiting for virtualenv lock to be released
[2025-09-19T10:16:52.498+0000] {virtualenv.py:178} INFO - Checking for running process with PID 2922
[2025-09-19T10:16:52.500+0000] {virtualenv.py:181} INFO - Process 2922 running: True and has the lock /opt/***/cosmos_venvs/ecom_intermediate/cosmos_virtualenv.lock.
[2025-09-19T10:16:52.500+0000] {virtualenv.py:122} INFO - Waiting for virtualenv lock to be released
[2025-09-19T10:16:53.502+0000] {virtualenv.py:178} INFO - Checking for running process with PID 2922
[2025-09-19T10:16:53.504+0000] {virtualenv.py:181} INFO - Process 2922 running: True and has the lock /opt/***/cosmos_venvs/ecom_intermediate/cosmos_virtualenv.lock.
[2025-09-19T10:16:53.506+0000] {virtualenv.py:122} INFO - Waiting for virtualenv lock to be released
[2025-09-19T10:16:54.508+0000] {virtualenv.py:178} INFO - Checking for running process with PID 2922
[2025-09-19T10:16:54.509+0000] {virtualenv.py:181} INFO - Process 2922 running: True and has the lock /opt/***/cosmos_venvs/ecom_intermediate/cosmos_virtualenv.lock.
[2025-09-19T10:16:54.510+0000] {virtualenv.py:122} INFO - Waiting for virtualenv lock to be released
[2025-09-19T10:16:55.512+0000] {virtualenv.py:178} INFO - Checking for running process with PID 2922
[2025-09-19T10:16:55.512+0000] {virtualenv.py:181} INFO - Process 2922 running: True and has the lock /opt/***/cosmos_venvs/ecom_intermediate/cosmos_virtualenv.lock.
[2025-09-19T10:16:55.513+0000] {virtualenv.py:122} INFO - Waiting for virtualenv lock to be released
[2025-09-19T10:16:56.514+0000] {virtualenv.py:178} INFO - Checking for running process with PID 2922
[2025-09-19T10:16:56.515+0000] {virtualenv.py:181} INFO - Process 2922 running: True and has the lock /opt/***/cosmos_venvs/ecom_intermediate/cosmos_virtualenv.lock.
[2025-09-19T10:16:56.516+0000] {virtualenv.py:122} INFO - Waiting for virtualenv lock to be released
[2025-09-19T10:16:57.518+0000] {virtualenv.py:178} INFO - Checking for running process with PID 2922
[2025-09-19T10:16:57.519+0000] {virtualenv.py:181} INFO - Process 2922 running: True and has the lock /opt/***/cosmos_venvs/ecom_intermediate/cosmos_virtualenv.lock.
[2025-09-19T10:16:57.520+0000] {virtualenv.py:122} INFO - Waiting for virtualenv lock to be released
[2025-09-19T10:16:58.521+0000] {virtualenv.py:178} INFO - Checking for running process with PID 2922
[2025-09-19T10:16:58.522+0000] {virtualenv.py:181} INFO - Process 2922 running: True and has the lock /opt/***/cosmos_venvs/ecom_intermediate/cosmos_virtualenv.lock.
[2025-09-19T10:16:58.523+0000] {virtualenv.py:122} INFO - Waiting for virtualenv lock to be released
[2025-09-19T10:16:59.525+0000] {virtualenv.py:178} INFO - Checking for running process with PID 2922
[2025-09-19T10:16:59.525+0000] {virtualenv.py:181} INFO - Process 2922 running: True and has the lock /opt/***/cosmos_venvs/ecom_intermediate/cosmos_virtualenv.lock.
[2025-09-19T10:16:59.526+0000] {virtualenv.py:122} INFO - Waiting for virtualenv lock to be released
[2025-09-19T10:17:00.528+0000] {virtualenv.py:178} INFO - Checking for running process with PID 3070
[2025-09-19T10:17:00.529+0000] {virtualenv.py:181} INFO - Process 3070 running: True and has the lock /opt/***/cosmos_venvs/ecom_intermediate/cosmos_virtualenv.lock.
[2025-09-19T10:17:00.529+0000] {virtualenv.py:126} INFO - Acquiring the virtualenv lock
[2025-09-19T10:17:00.530+0000] {virtualenv.py:195} INFO - Acquiring lock at /opt/***/cosmos_venvs/ecom_intermediate/cosmos_virtualenv.lock with pid 2680
[2025-09-19T10:17:00.530+0000] {virtualenv.py:153} INFO - Creating or updating the virtualenv at `/opt/***/cosmos_venvs/ecom_intermediate
[2025-09-19T10:17:00.531+0000] {process_utils.py:183} INFO - Executing cmd: /home/***/.local/bin/python -m virtualenv /opt/***/cosmos_venvs/ecom_intermediate --python=python3
[2025-09-19T10:17:00.532+0000] {process_utils.py:187} INFO - Output:
[2025-09-19T10:17:02.401+0000] {process_utils.py:191} INFO - RuntimeError: failed to build image setuptools because:
[2025-09-19T10:17:02.405+0000] {process_utils.py:191} INFO - Traceback (most recent call last):
[2025-09-19T10:17:02.406+0000] {process_utils.py:191} INFO -   File "/home/***/.local/lib/python3.10/site-packages/virtualenv/seed/embed/via_app_data/via_app_data.py", line 57, in _install
[2025-09-19T10:17:02.407+0000] {process_utils.py:191} INFO -     installer.install(creator.interpreter.version_info)
[2025-09-19T10:17:02.414+0000] {process_utils.py:191} INFO -   File "/home/***/.local/lib/python3.10/site-packages/virtualenv/seed/embed/via_app_data/pip_install/base.py", line 37, in install
[2025-09-19T10:17:02.415+0000] {process_utils.py:191} INFO -     self._sync(filename, into)
[2025-09-19T10:17:02.415+0000] {process_utils.py:191} INFO -   File "/home/***/.local/lib/python3.10/site-packages/virtualenv/seed/embed/via_app_data/pip_install/copy.py", line 13, in _sync
[2025-09-19T10:17:02.416+0000] {process_utils.py:191} INFO -     copy(src, dst)
[2025-09-19T10:17:02.417+0000] {process_utils.py:191} INFO -   File "/home/***/.local/lib/python3.10/site-packages/virtualenv/util/path/_sync.py", line 41, in copy
[2025-09-19T10:17:02.418+0000] {process_utils.py:191} INFO -     method(str(src), str(dest))
[2025-09-19T10:17:02.419+0000] {process_utils.py:191} INFO -   File "/home/***/.local/lib/python3.10/site-packages/virtualenv/util/path/_sync.py", line 52, in copytree
[2025-09-19T10:17:02.420+0000] {process_utils.py:191} INFO -     shutil.copy(src_f, dest_f)
[2025-09-19T10:17:02.422+0000] {process_utils.py:191} INFO -   File "/usr/local/lib/python3.10/shutil.py", line 418, in copy
[2025-09-19T10:17:02.422+0000] {process_utils.py:191} INFO -     copymode(src, dst, follow_symlinks=follow_symlinks)
[2025-09-19T10:17:02.423+0000] {process_utils.py:191} INFO -   File "/usr/local/lib/python3.10/shutil.py", line 307, in copymode
[2025-09-19T10:17:02.424+0000] {process_utils.py:191} INFO -     chmod_func(dst, stat.S_IMODE(st.st_mode))
[2025-09-19T10:17:02.425+0000] {process_utils.py:191} INFO - FileNotFoundError: [Errno 2] No such file or directory: '/opt/***/cosmos_venvs/ecom_intermediate/lib/python3.10/site-packages/setuptools/_vendor/tomli-2.0.1.dist-info/RECORD'
[2025-09-19T10:17:02.425+0000] {process_utils.py:191} INFO - 
[2025-09-19T10:17:02.532+0000] {virtualenv.py:131} INFO - Releasing virtualenv lock
[2025-09-19T10:17:02.533+0000] {virtualenv.py:210} WARNING - Lockfile owned by process of pid 2683, while operator has pid 2680
[2025-09-19T10:17:02.535+0000] {taskinstance.py:441} INFO - ::group::Post task execution logs
[2025-09-19T10:17:02.536+0000] {taskinstance.py:2905} ERROR - Task failed with exception
Traceback (most recent call last):
  File "/home/airflow/.local/lib/python3.10/site-packages/airflow/models/taskinstance.py", line 465, in _execute_task
    result = _execute_callable(context=context, **execute_callable_kwargs)
  File "/home/airflow/.local/lib/python3.10/site-packages/airflow/models/taskinstance.py", line 432, in _execute_callable
    return execute_callable(context=context, **execute_callable_kwargs)
  File "/home/airflow/.local/lib/python3.10/site-packages/airflow/models/baseoperator.py", line 401, in wrapper
    return func(self, *args, **kwargs)
  File "/home/airflow/.local/lib/python3.10/site-packages/cosmos/operators/virtualenv.py", line 144, in execute
    output = super().execute(context)
  File "/home/airflow/.local/lib/python3.10/site-packages/cosmos/operators/base.py", line 310, in execute
    self.build_and_run_cmd(context=context, cmd_flags=self.add_cmd_flags())
  File "/home/airflow/.local/lib/python3.10/site-packages/cosmos/operators/local.py", line 853, in build_and_run_cmd
    result = self.run_command(
  File "/home/airflow/.local/lib/python3.10/site-packages/cosmos/operators/virtualenv.py", line 128, in run_command
    self._py_bin = self._prepare_virtualenv()
  File "/home/airflow/.local/lib/python3.10/site-packages/cosmos/operators/virtualenv.py", line 154, in _prepare_virtualenv
    py_bin = prepare_virtualenv(
  File "/home/airflow/.local/lib/python3.10/site-packages/airflow/utils/python_virtualenv.py", line 105, in prepare_virtualenv
    execute_in_subprocess(virtualenv_cmd)
  File "/home/airflow/.local/lib/python3.10/site-packages/airflow/utils/process_utils.py", line 172, in execute_in_subprocess
    execute_in_subprocess_with_kwargs(cmd, cwd=cwd)
  File "/home/airflow/.local/lib/python3.10/site-packages/airflow/utils/process_utils.py", line 195, in execute_in_subprocess_with_kwargs
    raise subprocess.CalledProcessError(exit_code, cmd)
subprocess.CalledProcessError: Command '['/home/airflow/.local/bin/python', '-m', 'virtualenv', '/opt/airflow/cosmos_venvs/ecom_intermediate', '--python=python3']' returned non-zero exit status 1.
[2025-09-19T10:17:02.616+0000] {taskinstance.py:1206} INFO - Marking task as FAILED. dag_id=dbt_intermediate, task_id=intermediate.education_types.run, run_id=manual__2025-09-19T10:14:55.158074+00:00, execution_date=20250919T101455, start_date=20250919T101459, end_date=20250919T101702
[2025-09-19T10:17:02.735+0000] {standard_task_runner.py:110} ERROR - Failed to execute job 560 for task intermediate.education_types.run (Command '['/home/airflow/.local/bin/python', '-m', 'virtualenv', '/opt/airflow/cosmos_venvs/ecom_intermediate', '--python=python3']' returned non-zero exit status 1.; 2680)
[2025-09-19T10:17:02.791+0000] {local_task_job_runner.py:243} INFO - Task exited with return code 1
[2025-09-19T10:17:02.874+0000] {local_task_job_runner.py:222} INFO - ::endgroup::
