[2025-09-13T09:56:54.681+0000] {local_task_job_runner.py:120} INFO - ::group::Pre task execution logs
[2025-09-13T09:56:55.192+0000] {taskinstance.py:2076} INFO - Dependencies all met for dep_context=non-requeueable deps ti=<TaskInstance: dbt_staging.dbt_ecom.STG_INTERACTIONS_run manual__2025-09-13T09:56:51.761502+00:00 [queued]>
[2025-09-13T09:56:55.221+0000] {taskinstance.py:2076} INFO - Dependencies all met for dep_context=requeueable deps ti=<TaskInstance: dbt_staging.dbt_ecom.STG_INTERACTIONS_run manual__2025-09-13T09:56:51.761502+00:00 [queued]>
[2025-09-13T09:56:55.224+0000] {taskinstance.py:2306} INFO - Starting attempt 1 of 1
[2025-09-13T09:56:55.294+0000] {taskinstance.py:2330} INFO - Executing <Task(DbtRunVirtualenvOperator): dbt_ecom.STG_INTERACTIONS_run> on 2025-09-13 09:56:51.761502+00:00
[2025-09-13T09:56:55.304+0000] {standard_task_runner.py:64} INFO - Started process 8715 to run task
[2025-09-13T09:56:55.310+0000] {standard_task_runner.py:90} INFO - Running: ['***', 'tasks', 'run', 'dbt_staging', 'dbt_ecom.STG_INTERACTIONS_run', 'manual__2025-09-13T09:56:51.761502+00:00', '--job-id', '252', '--raw', '--subdir', 'DAGS_FOLDER/dbt_staging.py', '--cfg-path', '/tmp/tmpgo10ztc0']
[2025-09-13T09:56:55.321+0000] {standard_task_runner.py:91} INFO - Job 252: Subtask dbt_ecom.STG_INTERACTIONS_run
[2025-09-13T09:56:55.688+0000] {task_command.py:426} INFO - Running <TaskInstance: dbt_staging.dbt_ecom.STG_INTERACTIONS_run manual__2025-09-13T09:56:51.761502+00:00 [running]> on host e95bde6b8d07
[2025-09-13T09:56:56.300+0000] {taskinstance.py:2648} INFO - Exporting env vars: AIRFLOW_CTX_DAG_OWNER='***' AIRFLOW_CTX_DAG_ID='dbt_staging' AIRFLOW_CTX_TASK_ID='dbt_ecom.STG_INTERACTIONS_run' AIRFLOW_CTX_EXECUTION_DATE='2025-09-13T09:56:51.761502+00:00' AIRFLOW_CTX_TRY_NUMBER='1' AIRFLOW_CTX_DAG_RUN_ID='manual__2025-09-13T09:56:51.761502+00:00'
[2025-09-13T09:56:56.307+0000] {taskinstance.py:430} INFO - ::endgroup::
[2025-09-13T09:56:56.342+0000] {virtualenv.py:120} INFO - Checking if the virtualenv lock /tmp/cosmos_venv_ecom/cosmos_virtualenv.lock exists
[2025-09-13T09:56:56.343+0000] {virtualenv.py:178} INFO - Checking for running process with PID 8713
[2025-09-13T09:56:56.344+0000] {virtualenv.py:181} INFO - Process 8713 running: True and has the lock /tmp/cosmos_venv_ecom/cosmos_virtualenv.lock.
[2025-09-13T09:56:56.344+0000] {virtualenv.py:122} INFO - Waiting for virtualenv lock to be released
[2025-09-13T09:56:57.346+0000] {virtualenv.py:178} INFO - Checking for running process with PID 8713
[2025-09-13T09:56:57.347+0000] {virtualenv.py:181} INFO - Process 8713 running: True and has the lock /tmp/cosmos_venv_ecom/cosmos_virtualenv.lock.
[2025-09-13T09:56:57.347+0000] {virtualenv.py:122} INFO - Waiting for virtualenv lock to be released
[2025-09-13T09:56:58.349+0000] {virtualenv.py:178} INFO - Checking for running process with PID 8713
[2025-09-13T09:56:58.350+0000] {virtualenv.py:181} INFO - Process 8713 running: True and has the lock /tmp/cosmos_venv_ecom/cosmos_virtualenv.lock.
[2025-09-13T09:56:58.351+0000] {virtualenv.py:122} INFO - Waiting for virtualenv lock to be released
[2025-09-13T09:56:59.353+0000] {virtualenv.py:178} INFO - Checking for running process with PID 8713
[2025-09-13T09:56:59.354+0000] {virtualenv.py:181} INFO - Process 8713 running: True and has the lock /tmp/cosmos_venv_ecom/cosmos_virtualenv.lock.
[2025-09-13T09:56:59.354+0000] {virtualenv.py:122} INFO - Waiting for virtualenv lock to be released
[2025-09-13T09:57:00.356+0000] {virtualenv.py:178} INFO - Checking for running process with PID 8713
[2025-09-13T09:57:00.357+0000] {virtualenv.py:181} INFO - Process 8713 running: True and has the lock /tmp/cosmos_venv_ecom/cosmos_virtualenv.lock.
[2025-09-13T09:57:00.357+0000] {virtualenv.py:122} INFO - Waiting for virtualenv lock to be released
[2025-09-13T09:57:01.359+0000] {virtualenv.py:178} INFO - Checking for running process with PID 8713
[2025-09-13T09:57:01.360+0000] {virtualenv.py:181} INFO - Process 8713 running: True and has the lock /tmp/cosmos_venv_ecom/cosmos_virtualenv.lock.
[2025-09-13T09:57:01.361+0000] {virtualenv.py:122} INFO - Waiting for virtualenv lock to be released
[2025-09-13T09:57:02.363+0000] {virtualenv.py:178} INFO - Checking for running process with PID 8713
[2025-09-13T09:57:02.364+0000] {virtualenv.py:181} INFO - Process 8713 running: True and has the lock /tmp/cosmos_venv_ecom/cosmos_virtualenv.lock.
[2025-09-13T09:57:02.364+0000] {virtualenv.py:122} INFO - Waiting for virtualenv lock to be released
[2025-09-13T09:57:03.366+0000] {virtualenv.py:178} INFO - Checking for running process with PID 8713
[2025-09-13T09:57:03.367+0000] {virtualenv.py:181} INFO - Process 8713 running: True and has the lock /tmp/cosmos_venv_ecom/cosmos_virtualenv.lock.
[2025-09-13T09:57:03.368+0000] {virtualenv.py:122} INFO - Waiting for virtualenv lock to be released
[2025-09-13T09:57:04.371+0000] {virtualenv.py:178} INFO - Checking for running process with PID 8713
[2025-09-13T09:57:04.372+0000] {virtualenv.py:181} INFO - Process 8713 running: True and has the lock /tmp/cosmos_venv_ecom/cosmos_virtualenv.lock.
[2025-09-13T09:57:04.372+0000] {virtualenv.py:122} INFO - Waiting for virtualenv lock to be released
[2025-09-13T09:57:05.374+0000] {virtualenv.py:178} INFO - Checking for running process with PID 8713
[2025-09-13T09:57:05.375+0000] {virtualenv.py:181} INFO - Process 8713 running: True and has the lock /tmp/cosmos_venv_ecom/cosmos_virtualenv.lock.
[2025-09-13T09:57:05.376+0000] {virtualenv.py:122} INFO - Waiting for virtualenv lock to be released
[2025-09-13T09:57:06.377+0000] {virtualenv.py:178} INFO - Checking for running process with PID 8713
[2025-09-13T09:57:06.378+0000] {virtualenv.py:181} INFO - Process 8713 running: True and has the lock /tmp/cosmos_venv_ecom/cosmos_virtualenv.lock.
[2025-09-13T09:57:06.378+0000] {virtualenv.py:122} INFO - Waiting for virtualenv lock to be released
[2025-09-13T09:57:07.379+0000] {virtualenv.py:178} INFO - Checking for running process with PID 8713
[2025-09-13T09:57:07.379+0000] {virtualenv.py:181} INFO - Process 8713 running: True and has the lock /tmp/cosmos_venv_ecom/cosmos_virtualenv.lock.
[2025-09-13T09:57:07.380+0000] {virtualenv.py:122} INFO - Waiting for virtualenv lock to be released
[2025-09-13T09:57:08.381+0000] {virtualenv.py:178} INFO - Checking for running process with PID 8713
[2025-09-13T09:57:08.381+0000] {virtualenv.py:181} INFO - Process 8713 running: True and has the lock /tmp/cosmos_venv_ecom/cosmos_virtualenv.lock.
[2025-09-13T09:57:08.382+0000] {virtualenv.py:122} INFO - Waiting for virtualenv lock to be released
[2025-09-13T09:57:09.383+0000] {virtualenv.py:178} INFO - Checking for running process with PID 8713
[2025-09-13T09:57:09.384+0000] {virtualenv.py:181} INFO - Process 8713 running: True and has the lock /tmp/cosmos_venv_ecom/cosmos_virtualenv.lock.
[2025-09-13T09:57:09.385+0000] {virtualenv.py:122} INFO - Waiting for virtualenv lock to be released
[2025-09-13T09:57:10.387+0000] {virtualenv.py:178} INFO - Checking for running process with PID 8713
[2025-09-13T09:57:10.387+0000] {virtualenv.py:181} INFO - Process 8713 running: True and has the lock /tmp/cosmos_venv_ecom/cosmos_virtualenv.lock.
[2025-09-13T09:57:10.388+0000] {virtualenv.py:122} INFO - Waiting for virtualenv lock to be released
[2025-09-13T09:57:11.390+0000] {virtualenv.py:178} INFO - Checking for running process with PID 8714
[2025-09-13T09:57:11.391+0000] {virtualenv.py:181} INFO - Process 8714 running: True and has the lock /tmp/cosmos_venv_ecom/cosmos_virtualenv.lock.
[2025-09-13T09:57:11.391+0000] {virtualenv.py:122} INFO - Waiting for virtualenv lock to be released
[2025-09-13T09:57:12.393+0000] {virtualenv.py:178} INFO - Checking for running process with PID 8714
[2025-09-13T09:57:12.394+0000] {virtualenv.py:181} INFO - Process 8714 running: True and has the lock /tmp/cosmos_venv_ecom/cosmos_virtualenv.lock.
[2025-09-13T09:57:12.394+0000] {virtualenv.py:122} INFO - Waiting for virtualenv lock to be released
[2025-09-13T09:57:13.396+0000] {virtualenv.py:178} INFO - Checking for running process with PID 8714
[2025-09-13T09:57:13.397+0000] {virtualenv.py:181} INFO - Process 8714 running: True and has the lock /tmp/cosmos_venv_ecom/cosmos_virtualenv.lock.
[2025-09-13T09:57:13.397+0000] {virtualenv.py:122} INFO - Waiting for virtualenv lock to be released
[2025-09-13T09:57:14.399+0000] {virtualenv.py:178} INFO - Checking for running process with PID 8714
[2025-09-13T09:57:14.400+0000] {virtualenv.py:181} INFO - Process 8714 running: True and has the lock /tmp/cosmos_venv_ecom/cosmos_virtualenv.lock.
[2025-09-13T09:57:14.400+0000] {virtualenv.py:122} INFO - Waiting for virtualenv lock to be released
[2025-09-13T09:57:15.402+0000] {virtualenv.py:178} INFO - Checking for running process with PID 8714
[2025-09-13T09:57:15.403+0000] {virtualenv.py:181} INFO - Process 8714 running: True and has the lock /tmp/cosmos_venv_ecom/cosmos_virtualenv.lock.
[2025-09-13T09:57:15.404+0000] {virtualenv.py:122} INFO - Waiting for virtualenv lock to be released
[2025-09-13T09:57:16.405+0000] {virtualenv.py:178} INFO - Checking for running process with PID 8714
[2025-09-13T09:57:16.406+0000] {virtualenv.py:181} INFO - Process 8714 running: True and has the lock /tmp/cosmos_venv_ecom/cosmos_virtualenv.lock.
[2025-09-13T09:57:16.407+0000] {virtualenv.py:122} INFO - Waiting for virtualenv lock to be released
[2025-09-13T09:57:17.408+0000] {virtualenv.py:178} INFO - Checking for running process with PID 8714
[2025-09-13T09:57:17.409+0000] {virtualenv.py:181} INFO - Process 8714 running: True and has the lock /tmp/cosmos_venv_ecom/cosmos_virtualenv.lock.
[2025-09-13T09:57:17.409+0000] {virtualenv.py:122} INFO - Waiting for virtualenv lock to be released
[2025-09-13T09:57:18.410+0000] {virtualenv.py:178} INFO - Checking for running process with PID 8714
[2025-09-13T09:57:18.411+0000] {virtualenv.py:181} INFO - Process 8714 running: True and has the lock /tmp/cosmos_venv_ecom/cosmos_virtualenv.lock.
[2025-09-13T09:57:18.411+0000] {virtualenv.py:122} INFO - Waiting for virtualenv lock to be released
[2025-09-13T09:57:19.412+0000] {virtualenv.py:178} INFO - Checking for running process with PID 8714
[2025-09-13T09:57:19.413+0000] {virtualenv.py:181} INFO - Process 8714 running: True and has the lock /tmp/cosmos_venv_ecom/cosmos_virtualenv.lock.
[2025-09-13T09:57:19.413+0000] {virtualenv.py:122} INFO - Waiting for virtualenv lock to be released
[2025-09-13T09:57:20.415+0000] {virtualenv.py:178} INFO - Checking for running process with PID 8714
[2025-09-13T09:57:20.416+0000] {virtualenv.py:181} INFO - Process 8714 running: True and has the lock /tmp/cosmos_venv_ecom/cosmos_virtualenv.lock.
[2025-09-13T09:57:20.417+0000] {virtualenv.py:122} INFO - Waiting for virtualenv lock to be released
[2025-09-13T09:57:21.418+0000] {virtualenv.py:178} INFO - Checking for running process with PID 8714
[2025-09-13T09:57:21.419+0000] {virtualenv.py:181} INFO - Process 8714 running: True and has the lock /tmp/cosmos_venv_ecom/cosmos_virtualenv.lock.
[2025-09-13T09:57:21.419+0000] {virtualenv.py:122} INFO - Waiting for virtualenv lock to be released
[2025-09-13T09:57:22.421+0000] {virtualenv.py:178} INFO - Checking for running process with PID 8714
[2025-09-13T09:57:22.422+0000] {virtualenv.py:181} INFO - Process 8714 running: True and has the lock /tmp/cosmos_venv_ecom/cosmos_virtualenv.lock.
[2025-09-13T09:57:22.422+0000] {virtualenv.py:122} INFO - Waiting for virtualenv lock to be released
[2025-09-13T09:57:23.424+0000] {virtualenv.py:178} INFO - Checking for running process with PID 8714
[2025-09-13T09:57:23.424+0000] {virtualenv.py:181} INFO - Process 8714 running: True and has the lock /tmp/cosmos_venv_ecom/cosmos_virtualenv.lock.
[2025-09-13T09:57:23.425+0000] {virtualenv.py:122} INFO - Waiting for virtualenv lock to be released
[2025-09-13T09:57:24.427+0000] {virtualenv.py:178} INFO - Checking for running process with PID 8714
[2025-09-13T09:57:24.428+0000] {virtualenv.py:181} INFO - Process 8714 running: True and has the lock /tmp/cosmos_venv_ecom/cosmos_virtualenv.lock.
[2025-09-13T09:57:24.428+0000] {virtualenv.py:122} INFO - Waiting for virtualenv lock to be released
[2025-09-13T09:57:25.430+0000] {virtualenv.py:178} INFO - Checking for running process with PID 8717
[2025-09-13T09:57:25.431+0000] {virtualenv.py:181} INFO - Process 8717 running: True and has the lock /tmp/cosmos_venv_ecom/cosmos_virtualenv.lock.
[2025-09-13T09:57:25.432+0000] {virtualenv.py:122} INFO - Waiting for virtualenv lock to be released
[2025-09-13T09:57:26.434+0000] {virtualenv.py:178} INFO - Checking for running process with PID 8717
[2025-09-13T09:57:26.435+0000] {virtualenv.py:181} INFO - Process 8717 running: True and has the lock /tmp/cosmos_venv_ecom/cosmos_virtualenv.lock.
[2025-09-13T09:57:26.435+0000] {virtualenv.py:122} INFO - Waiting for virtualenv lock to be released
[2025-09-13T09:57:27.437+0000] {virtualenv.py:178} INFO - Checking for running process with PID 8717
[2025-09-13T09:57:27.440+0000] {virtualenv.py:181} INFO - Process 8717 running: True and has the lock /tmp/cosmos_venv_ecom/cosmos_virtualenv.lock.
[2025-09-13T09:57:27.441+0000] {virtualenv.py:122} INFO - Waiting for virtualenv lock to be released
[2025-09-13T09:57:28.443+0000] {virtualenv.py:178} INFO - Checking for running process with PID 8717
[2025-09-13T09:57:28.444+0000] {virtualenv.py:181} INFO - Process 8717 running: True and has the lock /tmp/cosmos_venv_ecom/cosmos_virtualenv.lock.
[2025-09-13T09:57:28.444+0000] {virtualenv.py:122} INFO - Waiting for virtualenv lock to be released
[2025-09-13T09:57:29.446+0000] {virtualenv.py:178} INFO - Checking for running process with PID 8717
[2025-09-13T09:57:29.447+0000] {virtualenv.py:181} INFO - Process 8717 running: True and has the lock /tmp/cosmos_venv_ecom/cosmos_virtualenv.lock.
[2025-09-13T09:57:29.447+0000] {virtualenv.py:122} INFO - Waiting for virtualenv lock to be released
[2025-09-13T09:57:30.449+0000] {virtualenv.py:178} INFO - Checking for running process with PID 8717
[2025-09-13T09:57:30.449+0000] {virtualenv.py:181} INFO - Process 8717 running: True and has the lock /tmp/cosmos_venv_ecom/cosmos_virtualenv.lock.
[2025-09-13T09:57:30.450+0000] {virtualenv.py:122} INFO - Waiting for virtualenv lock to be released
[2025-09-13T09:57:31.451+0000] {virtualenv.py:178} INFO - Checking for running process with PID 8717
[2025-09-13T09:57:31.452+0000] {virtualenv.py:181} INFO - Process 8717 running: True and has the lock /tmp/cosmos_venv_ecom/cosmos_virtualenv.lock.
[2025-09-13T09:57:31.453+0000] {virtualenv.py:122} INFO - Waiting for virtualenv lock to be released
[2025-09-13T09:57:32.455+0000] {virtualenv.py:178} INFO - Checking for running process with PID 8717
[2025-09-13T09:57:32.457+0000] {virtualenv.py:181} INFO - Process 8717 running: True and has the lock /tmp/cosmos_venv_ecom/cosmos_virtualenv.lock.
[2025-09-13T09:57:32.457+0000] {virtualenv.py:122} INFO - Waiting for virtualenv lock to be released
[2025-09-13T09:57:33.459+0000] {virtualenv.py:178} INFO - Checking for running process with PID 8717
[2025-09-13T09:57:33.460+0000] {virtualenv.py:181} INFO - Process 8717 running: True and has the lock /tmp/cosmos_venv_ecom/cosmos_virtualenv.lock.
[2025-09-13T09:57:33.461+0000] {virtualenv.py:122} INFO - Waiting for virtualenv lock to be released
[2025-09-13T09:57:34.462+0000] {virtualenv.py:178} INFO - Checking for running process with PID 8717
[2025-09-13T09:57:34.463+0000] {virtualenv.py:181} INFO - Process 8717 running: True and has the lock /tmp/cosmos_venv_ecom/cosmos_virtualenv.lock.
[2025-09-13T09:57:34.464+0000] {virtualenv.py:122} INFO - Waiting for virtualenv lock to be released
[2025-09-13T09:57:35.465+0000] {virtualenv.py:178} INFO - Checking for running process with PID 8717
[2025-09-13T09:57:35.466+0000] {virtualenv.py:181} INFO - Process 8717 running: True and has the lock /tmp/cosmos_venv_ecom/cosmos_virtualenv.lock.
[2025-09-13T09:57:35.467+0000] {virtualenv.py:122} INFO - Waiting for virtualenv lock to be released
[2025-09-13T09:57:36.469+0000] {virtualenv.py:178} INFO - Checking for running process with PID 8717
[2025-09-13T09:57:36.469+0000] {virtualenv.py:181} INFO - Process 8717 running: True and has the lock /tmp/cosmos_venv_ecom/cosmos_virtualenv.lock.
[2025-09-13T09:57:36.470+0000] {virtualenv.py:122} INFO - Waiting for virtualenv lock to be released
[2025-09-13T09:57:37.470+0000] {virtualenv.py:178} INFO - Checking for running process with PID 8717
[2025-09-13T09:57:37.471+0000] {virtualenv.py:181} INFO - Process 8717 running: True and has the lock /tmp/cosmos_venv_ecom/cosmos_virtualenv.lock.
[2025-09-13T09:57:37.472+0000] {virtualenv.py:122} INFO - Waiting for virtualenv lock to be released
[2025-09-13T09:57:38.473+0000] {virtualenv.py:126} INFO - Acquiring the virtualenv lock
[2025-09-13T09:57:38.487+0000] {virtualenv.py:195} INFO - Acquiring lock at /tmp/cosmos_venv_ecom/cosmos_virtualenv.lock with pid 8715
[2025-09-13T09:57:38.506+0000] {virtualenv.py:153} INFO - Creating or updating the virtualenv at `/tmp/cosmos_venv_ecom
[2025-09-13T09:57:38.514+0000] {process_utils.py:183} INFO - Executing cmd: /home/***/.local/bin/python -m virtualenv /tmp/cosmos_venv_ecom --python=python3
[2025-09-13T09:57:38.516+0000] {process_utils.py:187} INFO - Output:
[2025-09-13T09:57:40.156+0000] {process_utils.py:191} INFO - RuntimeError: failed to build image pip because:
[2025-09-13T09:57:40.157+0000] {process_utils.py:191} INFO - Traceback (most recent call last):
[2025-09-13T09:57:40.158+0000] {process_utils.py:191} INFO -   File "/home/***/.local/lib/python3.10/site-packages/virtualenv/seed/embed/via_app_data/via_app_data.py", line 57, in _install
[2025-09-13T09:57:40.158+0000] {process_utils.py:191} INFO -     installer.install(creator.interpreter.version_info)
[2025-09-13T09:57:40.159+0000] {process_utils.py:191} INFO -   File "/home/***/.local/lib/python3.10/site-packages/virtualenv/seed/embed/via_app_data/pip_install/base.py", line 37, in install
[2025-09-13T09:57:40.159+0000] {process_utils.py:191} INFO -     self._sync(filename, into)
[2025-09-13T09:57:40.160+0000] {process_utils.py:191} INFO -   File "/home/***/.local/lib/python3.10/site-packages/virtualenv/seed/embed/via_app_data/pip_install/copy.py", line 13, in _sync
[2025-09-13T09:57:40.160+0000] {process_utils.py:191} INFO -     copy(src, dst)
[2025-09-13T09:57:40.161+0000] {process_utils.py:191} INFO -   File "/home/***/.local/lib/python3.10/site-packages/virtualenv/util/path/_sync.py", line 41, in copy
[2025-09-13T09:57:40.161+0000] {process_utils.py:191} INFO -     method(str(src), str(dest))
[2025-09-13T09:57:40.162+0000] {process_utils.py:191} INFO -   File "/home/***/.local/lib/python3.10/site-packages/virtualenv/util/path/_sync.py", line 52, in copytree
[2025-09-13T09:57:40.163+0000] {process_utils.py:191} INFO -     shutil.copy(src_f, dest_f)
[2025-09-13T09:57:40.163+0000] {process_utils.py:191} INFO -   File "/usr/local/lib/python3.10/shutil.py", line 417, in copy
[2025-09-13T09:57:40.164+0000] {process_utils.py:191} INFO -     copyfile(src, dst, follow_symlinks=follow_symlinks)
[2025-09-13T09:57:40.164+0000] {process_utils.py:191} INFO -   File "/usr/local/lib/python3.10/shutil.py", line 256, in copyfile
[2025-09-13T09:57:40.165+0000] {process_utils.py:191} INFO -     with open(dst, 'wb') as fdst:
[2025-09-13T09:57:40.166+0000] {process_utils.py:191} INFO - FileNotFoundError: [Errno 2] No such file or directory: '/tmp/cosmos_venv_ecom/lib/python3.10/site-packages/pip/_internal/resolution/resolvelib/base.py'
[2025-09-13T09:57:40.166+0000] {process_utils.py:191} INFO - 
[2025-09-13T09:57:40.250+0000] {virtualenv.py:131} INFO - Releasing virtualenv lock
[2025-09-13T09:57:40.251+0000] {virtualenv.py:210} WARNING - Lockfile owned by process of pid 8718, while operator has pid 8715
[2025-09-13T09:57:40.251+0000] {taskinstance.py:441} INFO - ::group::Post task execution logs
[2025-09-13T09:57:40.252+0000] {taskinstance.py:2905} ERROR - Task failed with exception
Traceback (most recent call last):
  File "/home/airflow/.local/lib/python3.10/site-packages/airflow/models/taskinstance.py", line 465, in _execute_task
    result = _execute_callable(context=context, **execute_callable_kwargs)
  File "/home/airflow/.local/lib/python3.10/site-packages/airflow/models/taskinstance.py", line 432, in _execute_callable
    return execute_callable(context=context, **execute_callable_kwargs)
  File "/home/airflow/.local/lib/python3.10/site-packages/airflow/models/baseoperator.py", line 401, in wrapper
    return func(self, *args, **kwargs)
  File "/home/airflow/.local/lib/python3.10/site-packages/cosmos/operators/virtualenv.py", line 144, in execute
    output = super().execute(context)
  File "/home/airflow/.local/lib/python3.10/site-packages/cosmos/operators/base.py", line 310, in execute
    self.build_and_run_cmd(context=context, cmd_flags=self.add_cmd_flags())
  File "/home/airflow/.local/lib/python3.10/site-packages/cosmos/operators/local.py", line 853, in build_and_run_cmd
    result = self.run_command(
  File "/home/airflow/.local/lib/python3.10/site-packages/cosmos/operators/virtualenv.py", line 128, in run_command
    self._py_bin = self._prepare_virtualenv()
  File "/home/airflow/.local/lib/python3.10/site-packages/cosmos/operators/virtualenv.py", line 154, in _prepare_virtualenv
    py_bin = prepare_virtualenv(
  File "/home/airflow/.local/lib/python3.10/site-packages/airflow/utils/python_virtualenv.py", line 105, in prepare_virtualenv
    execute_in_subprocess(virtualenv_cmd)
  File "/home/airflow/.local/lib/python3.10/site-packages/airflow/utils/process_utils.py", line 172, in execute_in_subprocess
    execute_in_subprocess_with_kwargs(cmd, cwd=cwd)
  File "/home/airflow/.local/lib/python3.10/site-packages/airflow/utils/process_utils.py", line 195, in execute_in_subprocess_with_kwargs
    raise subprocess.CalledProcessError(exit_code, cmd)
subprocess.CalledProcessError: Command '['/home/airflow/.local/bin/python', '-m', 'virtualenv', '/tmp/cosmos_venv_ecom', '--python=python3']' returned non-zero exit status 1.
[2025-09-13T09:57:40.301+0000] {taskinstance.py:1206} INFO - Marking task as FAILED. dag_id=dbt_staging, task_id=dbt_ecom.STG_INTERACTIONS_run, run_id=manual__2025-09-13T09:56:51.761502+00:00, execution_date=20250913T095651, start_date=20250913T095655, end_date=20250913T095740
[2025-09-13T09:57:40.335+0000] {standard_task_runner.py:110} ERROR - Failed to execute job 252 for task dbt_ecom.STG_INTERACTIONS_run (Command '['/home/airflow/.local/bin/python', '-m', 'virtualenv', '/tmp/cosmos_venv_ecom', '--python=python3']' returned non-zero exit status 1.; 8715)
[2025-09-13T09:57:40.383+0000] {local_task_job_runner.py:243} INFO - Task exited with return code 1
[2025-09-13T09:57:40.448+0000] {taskinstance.py:3503} INFO - 0 downstream tasks scheduled from follow-on schedule check
[2025-09-13T09:57:40.462+0000] {local_task_job_runner.py:222} INFO - ::endgroup::
