[2025-09-14T14:29:19.734+0000] {local_task_job_runner.py:120} INFO - ::group::Pre task execution logs
[2025-09-14T14:29:19.976+0000] {taskinstance.py:2076} INFO - Dependencies all met for dep_context=non-requeueable deps ti=<TaskInstance: dbt_intermediate.intermediate.orders.run manual__2025-09-14T14:24:34.783254+00:00 [queued]>
[2025-09-14T14:29:19.989+0000] {taskinstance.py:2076} INFO - Dependencies all met for dep_context=requeueable deps ti=<TaskInstance: dbt_intermediate.intermediate.orders.run manual__2025-09-14T14:24:34.783254+00:00 [queued]>
[2025-09-14T14:29:20.000+0000] {taskinstance.py:2306} INFO - Starting attempt 1 of 1
[2025-09-14T14:29:20.017+0000] {taskinstance.py:2330} INFO - Executing <Task(DbtRunVirtualenvOperator): intermediate.orders.run> on 2025-09-14 14:24:34.783254+00:00
[2025-09-14T14:29:20.026+0000] {standard_task_runner.py:64} INFO - Started process 7014 to run task
[2025-09-14T14:29:20.029+0000] {standard_task_runner.py:90} INFO - Running: ['***', 'tasks', 'run', 'dbt_intermediate', 'intermediate.orders.run', 'manual__2025-09-14T14:24:34.783254+00:00', '--job-id', '373', '--raw', '--subdir', 'DAGS_FOLDER/dbt_intermediate.py', '--cfg-path', '/tmp/tmpc7gt4s02']
[2025-09-14T14:29:20.032+0000] {standard_task_runner.py:91} INFO - Job 373: Subtask intermediate.orders.run
[2025-09-14T14:29:20.189+0000] {task_command.py:426} INFO - Running <TaskInstance: dbt_intermediate.intermediate.orders.run manual__2025-09-14T14:24:34.783254+00:00 [running]> on host e95bde6b8d07
[2025-09-14T14:29:20.447+0000] {taskinstance.py:2648} INFO - Exporting env vars: AIRFLOW_CTX_DAG_OWNER='***' AIRFLOW_CTX_DAG_ID='dbt_intermediate' AIRFLOW_CTX_TASK_ID='intermediate.orders.run' AIRFLOW_CTX_EXECUTION_DATE='2025-09-14T14:24:34.783254+00:00' AIRFLOW_CTX_TRY_NUMBER='1' AIRFLOW_CTX_DAG_RUN_ID='manual__2025-09-14T14:24:34.783254+00:00'
[2025-09-14T14:29:20.450+0000] {taskinstance.py:430} INFO - ::endgroup::
[2025-09-14T14:29:20.469+0000] {virtualenv.py:120} INFO - Checking if the virtualenv lock /tmp/cosmos_venv_ecom_intermediate/cosmos_virtualenv.lock exists
[2025-09-14T14:29:20.470+0000] {virtualenv.py:178} INFO - Checking for running process with PID 6863
[2025-09-14T14:29:20.471+0000] {virtualenv.py:181} INFO - Process 6863 running: True and has the lock /tmp/cosmos_venv_ecom_intermediate/cosmos_virtualenv.lock.
[2025-09-14T14:29:20.472+0000] {virtualenv.py:122} INFO - Waiting for virtualenv lock to be released
[2025-09-14T14:29:21.474+0000] {virtualenv.py:178} INFO - Checking for running process with PID 6863
[2025-09-14T14:29:21.474+0000] {virtualenv.py:181} INFO - Process 6863 running: True and has the lock /tmp/cosmos_venv_ecom_intermediate/cosmos_virtualenv.lock.
[2025-09-14T14:29:21.475+0000] {virtualenv.py:122} INFO - Waiting for virtualenv lock to be released
[2025-09-14T14:29:22.477+0000] {virtualenv.py:178} INFO - Checking for running process with PID 6863
[2025-09-14T14:29:22.478+0000] {virtualenv.py:181} INFO - Process 6863 running: True and has the lock /tmp/cosmos_venv_ecom_intermediate/cosmos_virtualenv.lock.
[2025-09-14T14:29:22.479+0000] {virtualenv.py:122} INFO - Waiting for virtualenv lock to be released
[2025-09-14T14:29:23.481+0000] {virtualenv.py:178} INFO - Checking for running process with PID 6863
[2025-09-14T14:29:23.481+0000] {virtualenv.py:181} INFO - Process 6863 running: True and has the lock /tmp/cosmos_venv_ecom_intermediate/cosmos_virtualenv.lock.
[2025-09-14T14:29:23.482+0000] {virtualenv.py:122} INFO - Waiting for virtualenv lock to be released
[2025-09-14T14:29:24.484+0000] {virtualenv.py:178} INFO - Checking for running process with PID 6863
[2025-09-14T14:29:24.484+0000] {virtualenv.py:181} INFO - Process 6863 running: True and has the lock /tmp/cosmos_venv_ecom_intermediate/cosmos_virtualenv.lock.
[2025-09-14T14:29:24.485+0000] {virtualenv.py:122} INFO - Waiting for virtualenv lock to be released
[2025-09-14T14:29:25.486+0000] {virtualenv.py:178} INFO - Checking for running process with PID 6863
[2025-09-14T14:29:25.487+0000] {virtualenv.py:181} INFO - Process 6863 running: True and has the lock /tmp/cosmos_venv_ecom_intermediate/cosmos_virtualenv.lock.
[2025-09-14T14:29:25.487+0000] {virtualenv.py:122} INFO - Waiting for virtualenv lock to be released
[2025-09-14T14:29:26.489+0000] {virtualenv.py:178} INFO - Checking for running process with PID 6863
[2025-09-14T14:29:26.490+0000] {virtualenv.py:181} INFO - Process 6863 running: True and has the lock /tmp/cosmos_venv_ecom_intermediate/cosmos_virtualenv.lock.
[2025-09-14T14:29:26.492+0000] {virtualenv.py:122} INFO - Waiting for virtualenv lock to be released
[2025-09-14T14:29:27.493+0000] {virtualenv.py:178} INFO - Checking for running process with PID 6863
[2025-09-14T14:29:27.494+0000] {virtualenv.py:181} INFO - Process 6863 running: True and has the lock /tmp/cosmos_venv_ecom_intermediate/cosmos_virtualenv.lock.
[2025-09-14T14:29:27.495+0000] {virtualenv.py:122} INFO - Waiting for virtualenv lock to be released
[2025-09-14T14:29:28.496+0000] {virtualenv.py:178} INFO - Checking for running process with PID 6863
[2025-09-14T14:29:28.497+0000] {virtualenv.py:181} INFO - Process 6863 running: True and has the lock /tmp/cosmos_venv_ecom_intermediate/cosmos_virtualenv.lock.
[2025-09-14T14:29:28.498+0000] {virtualenv.py:122} INFO - Waiting for virtualenv lock to be released
[2025-09-14T14:29:29.499+0000] {virtualenv.py:178} INFO - Checking for running process with PID 6863
[2025-09-14T14:29:29.500+0000] {virtualenv.py:181} INFO - Process 6863 running: True and has the lock /tmp/cosmos_venv_ecom_intermediate/cosmos_virtualenv.lock.
[2025-09-14T14:29:29.501+0000] {virtualenv.py:122} INFO - Waiting for virtualenv lock to be released
[2025-09-14T14:29:30.502+0000] {virtualenv.py:178} INFO - Checking for running process with PID 6863
[2025-09-14T14:29:30.503+0000] {virtualenv.py:181} INFO - Process 6863 running: True and has the lock /tmp/cosmos_venv_ecom_intermediate/cosmos_virtualenv.lock.
[2025-09-14T14:29:30.504+0000] {virtualenv.py:122} INFO - Waiting for virtualenv lock to be released
[2025-09-14T14:29:31.506+0000] {virtualenv.py:178} INFO - Checking for running process with PID 6863
[2025-09-14T14:29:31.507+0000] {virtualenv.py:181} INFO - Process 6863 running: True and has the lock /tmp/cosmos_venv_ecom_intermediate/cosmos_virtualenv.lock.
[2025-09-14T14:29:31.507+0000] {virtualenv.py:122} INFO - Waiting for virtualenv lock to be released
[2025-09-14T14:29:32.509+0000] {virtualenv.py:126} INFO - Acquiring the virtualenv lock
[2025-09-14T14:29:32.510+0000] {virtualenv.py:195} INFO - Acquiring lock at /tmp/cosmos_venv_ecom_intermediate/cosmos_virtualenv.lock with pid 7014
[2025-09-14T14:29:32.511+0000] {virtualenv.py:153} INFO - Creating or updating the virtualenv at `/tmp/cosmos_venv_ecom_intermediate
[2025-09-14T14:29:32.512+0000] {process_utils.py:183} INFO - Executing cmd: /home/***/.local/bin/python -m virtualenv /tmp/cosmos_venv_ecom_intermediate --python=python3
[2025-09-14T14:29:32.513+0000] {process_utils.py:187} INFO - Output:
[2025-09-14T14:29:33.801+0000] {process_utils.py:191} INFO - created virtual environment CPython3.10.14.final.0-64 in 500ms
[2025-09-14T14:29:33.802+0000] {process_utils.py:191} INFO -   creator CPython3Posix(dest=/tmp/cosmos_venv_ecom_intermediate, clear=False, no_vcs_ignore=False, global=False)
[2025-09-14T14:29:33.803+0000] {process_utils.py:191} INFO -   seeder FromAppData(download=False, pip=bundle, setuptools=bundle, wheel=bundle, via=copy, app_data_dir=/home/***/.local/share/virtualenv)
[2025-09-14T14:29:33.804+0000] {process_utils.py:191} INFO -     added seed packages: MarkupSafe==3.0.2, PyYAML==6.0.2, agate==1.9.1, annotated_types==0.7.0, attrs==25.3.0, babel==2.17.0, certifi==2025.8.3, charset_normalizer==3.4.3, click==8.2.1, clickhouse_connect==0.8.18, clickhouse_driver==0.2.9, colorama==0.4.6, daff==1.4.2, dbt_adapters==1.16.7, dbt_clickhouse==1.9.3, dbt_common==1.30.0, dbt_core==1.10.11, dbt_extractor==0.6.0, dbt_protos==1.0.375, dbt_semantic_interfaces==0.9.0, deepdiff==8.6.1, idna==3.10, importlib_metadata==8.7.0, isodate==0.6.1, jinja2==3.1.6, jsonschema==4.25.1, jsonschema_specifications==2025.9.1, leather==0.4.0, lz4==4.4.4, mashumaro==3.14, more_itertools==10.8.0, msgpack==1.1.1, networkx==3.4.2, orderly_set==5.5.0, packaging==25.0, parsedatetime==2.6, pathspec==0.12.1, pip==25.2, protobuf==6.32.1, pydantic==2.11.8, pydantic_core==2.33.2, python_dateutil==2.9.0.post0, python_slugify==8.0.4, pytimeparse==1.1.8, pytz==2025.2, referencing==0.36.2, requests==2.32.5, rpds_py==0.27.1, setuptools==80.9.0, six==1.17.0, snowplow_tracker==1.1.0, sqlparse==0.5.3, text_unidecode==1.3, typing_extensions==4.15.0, typing_inspection==0.4.1, tzlocal==5.3.1, urllib3==2.5.0, wheel==0.45.1, zipp==3.23.0, zstandard==0.24.0
[2025-09-14T14:29:33.805+0000] {process_utils.py:191} INFO -   activators BashActivator,CShellActivator,FishActivator,NushellActivator,PowerShellActivator,PythonActivator
[2025-09-14T14:29:33.895+0000] {process_utils.py:183} INFO - Executing cmd: /tmp/cosmos_venv_ecom_intermediate/bin/pip install dbt-clickhouse
[2025-09-14T14:29:33.896+0000] {process_utils.py:187} INFO - Output:
[2025-09-14T14:29:35.331+0000] {process_utils.py:191} INFO - Requirement already satisfied: dbt-clickhouse in /tmp/cosmos_venv_ecom_intermediate/lib/python3.10/site-packages (1.9.3)
[2025-09-14T14:29:35.334+0000] {process_utils.py:191} INFO - Requirement already satisfied: dbt-core>=1.9 in /tmp/cosmos_venv_ecom_intermediate/lib/python3.10/site-packages (from dbt-clickhouse) (1.10.11)
[2025-09-14T14:29:35.334+0000] {process_utils.py:191} INFO - Requirement already satisfied: clickhouse-connect>=0.6.22 in /tmp/cosmos_venv_ecom_intermediate/lib/python3.10/site-packages (from dbt-clickhouse) (0.8.18)
[2025-09-14T14:29:35.335+0000] {process_utils.py:191} INFO - Requirement already satisfied: clickhouse-driver>=0.2.6 in /tmp/cosmos_venv_ecom_intermediate/lib/python3.10/site-packages (from dbt-clickhouse) (0.2.9)
[2025-09-14T14:29:35.336+0000] {process_utils.py:191} INFO - Requirement already satisfied: setuptools>=0.69 in /tmp/cosmos_venv_ecom_intermediate/lib/python3.10/site-packages (from dbt-clickhouse) (80.9.0)
[2025-09-14T14:29:35.339+0000] {process_utils.py:191} INFO - Requirement already satisfied: certifi in /tmp/cosmos_venv_ecom_intermediate/lib/python3.10/site-packages (from clickhouse-connect>=0.6.22->dbt-clickhouse) (2025.8.3)
[2025-09-14T14:29:35.340+0000] {process_utils.py:191} INFO - Requirement already satisfied: urllib3>=1.26 in /tmp/cosmos_venv_ecom_intermediate/lib/python3.10/site-packages (from clickhouse-connect>=0.6.22->dbt-clickhouse) (2.5.0)
[2025-09-14T14:29:35.341+0000] {process_utils.py:191} INFO - Requirement already satisfied: pytz in /tmp/cosmos_venv_ecom_intermediate/lib/python3.10/site-packages (from clickhouse-connect>=0.6.22->dbt-clickhouse) (2025.2)
[2025-09-14T14:29:35.342+0000] {process_utils.py:191} INFO - Requirement already satisfied: zstandard in /tmp/cosmos_venv_ecom_intermediate/lib/python3.10/site-packages (from clickhouse-connect>=0.6.22->dbt-clickhouse) (0.24.0)
[2025-09-14T14:29:35.342+0000] {process_utils.py:191} INFO - Requirement already satisfied: lz4 in /tmp/cosmos_venv_ecom_intermediate/lib/python3.10/site-packages (from clickhouse-connect>=0.6.22->dbt-clickhouse) (4.4.4)
[2025-09-14T14:29:35.345+0000] {process_utils.py:191} INFO - Requirement already satisfied: tzlocal in /tmp/cosmos_venv_ecom_intermediate/lib/python3.10/site-packages (from clickhouse-driver>=0.2.6->dbt-clickhouse) (5.3.1)
[2025-09-14T14:29:35.352+0000] {process_utils.py:191} INFO - Requirement already satisfied: agate<1.10,>=1.7.0 in /tmp/cosmos_venv_ecom_intermediate/lib/python3.10/site-packages (from dbt-core>=1.9->dbt-clickhouse) (1.9.1)
[2025-09-14T14:29:35.353+0000] {process_utils.py:191} INFO - Requirement already satisfied: Jinja2<4,>=3.1.3 in /tmp/cosmos_venv_ecom_intermediate/lib/python3.10/site-packages (from dbt-core>=1.9->dbt-clickhouse) (3.1.6)
[2025-09-14T14:29:35.355+0000] {process_utils.py:191} INFO - Requirement already satisfied: mashumaro<3.15,>=3.9 in /tmp/cosmos_venv_ecom_intermediate/lib/python3.10/site-packages (from mashumaro[msgpack]<3.15,>=3.9->dbt-core>=1.9->dbt-clickhouse) (3.14)
[2025-09-14T14:29:35.357+0000] {process_utils.py:191} INFO - Requirement already satisfied: click<9.0,>=8.0.2 in /tmp/cosmos_venv_ecom_intermediate/lib/python3.10/site-packages (from dbt-core>=1.9->dbt-clickhouse) (8.2.1)
[2025-09-14T14:29:35.358+0000] {process_utils.py:191} INFO - Requirement already satisfied: jsonschema<5.0,>=4.19.1 in /tmp/cosmos_venv_ecom_intermediate/lib/python3.10/site-packages (from dbt-core>=1.9->dbt-clickhouse) (4.25.1)
[2025-09-14T14:29:35.359+0000] {process_utils.py:191} INFO - Requirement already satisfied: networkx<4.0,>=2.3 in /tmp/cosmos_venv_ecom_intermediate/lib/python3.10/site-packages (from dbt-core>=1.9->dbt-clickhouse) (3.4.2)
[2025-09-14T14:29:35.360+0000] {process_utils.py:191} INFO - Requirement already satisfied: protobuf<7.0,>=6.0 in /tmp/cosmos_venv_ecom_intermediate/lib/python3.10/site-packages (from dbt-core>=1.9->dbt-clickhouse) (6.32.1)
[2025-09-14T14:29:35.361+0000] {process_utils.py:191} INFO - Requirement already satisfied: requests<3.0.0 in /tmp/cosmos_venv_ecom_intermediate/lib/python3.10/site-packages (from dbt-core>=1.9->dbt-clickhouse) (2.32.5)
[2025-09-14T14:29:35.362+0000] {process_utils.py:191} INFO - Requirement already satisfied: snowplow-tracker<2.0,>=1.0.2 in /tmp/cosmos_venv_ecom_intermediate/lib/python3.10/site-packages (from dbt-core>=1.9->dbt-clickhouse) (1.1.0)
[2025-09-14T14:29:35.363+0000] {process_utils.py:191} INFO - Requirement already satisfied: pathspec<0.13,>=0.9 in /tmp/cosmos_venv_ecom_intermediate/lib/python3.10/site-packages (from dbt-core>=1.9->dbt-clickhouse) (0.12.1)
[2025-09-14T14:29:35.366+0000] {process_utils.py:191} INFO - Requirement already satisfied: sqlparse<0.6.0,>=0.5.0 in /tmp/cosmos_venv_ecom_intermediate/lib/python3.10/site-packages (from dbt-core>=1.9->dbt-clickhouse) (0.5.3)
[2025-09-14T14:29:35.367+0000] {process_utils.py:191} INFO - Requirement already satisfied: dbt-extractor<=0.6,>=0.5.0 in /tmp/cosmos_venv_ecom_intermediate/lib/python3.10/site-packages (from dbt-core>=1.9->dbt-clickhouse) (0.6.0)
[2025-09-14T14:29:35.369+0000] {process_utils.py:191} INFO - Requirement already satisfied: dbt-semantic-interfaces<0.10,>=0.9.0 in /tmp/cosmos_venv_ecom_intermediate/lib/python3.10/site-packages (from dbt-core>=1.9->dbt-clickhouse) (0.9.0)
[2025-09-14T14:29:35.371+0000] {process_utils.py:191} INFO - Requirement already satisfied: dbt-common<2.0,>=1.27.0 in /tmp/cosmos_venv_ecom_intermediate/lib/python3.10/site-packages (from dbt-core>=1.9->dbt-clickhouse) (1.30.0)
[2025-09-14T14:29:35.372+0000] {process_utils.py:191} INFO - Requirement already satisfied: dbt-adapters<2.0,>=1.15.5 in /tmp/cosmos_venv_ecom_intermediate/lib/python3.10/site-packages (from dbt-core>=1.9->dbt-clickhouse) (1.16.7)
[2025-09-14T14:29:35.373+0000] {process_utils.py:191} INFO - Requirement already satisfied: dbt-protos<2.0,>=1.0.346 in /tmp/cosmos_venv_ecom_intermediate/lib/python3.10/site-packages (from dbt-core>=1.9->dbt-clickhouse) (1.0.375)
[2025-09-14T14:29:35.374+0000] {process_utils.py:191} INFO - Requirement already satisfied: pydantic<3 in /tmp/cosmos_venv_ecom_intermediate/lib/python3.10/site-packages (from dbt-core>=1.9->dbt-clickhouse) (2.11.8)
[2025-09-14T14:29:35.375+0000] {process_utils.py:191} INFO - Requirement already satisfied: packaging>20.9 in /tmp/cosmos_venv_ecom_intermediate/lib/python3.10/site-packages (from dbt-core>=1.9->dbt-clickhouse) (25.0)
[2025-09-14T14:29:35.377+0000] {process_utils.py:191} INFO - Requirement already satisfied: pyyaml>=6.0 in /tmp/cosmos_venv_ecom_intermediate/lib/python3.10/site-packages (from dbt-core>=1.9->dbt-clickhouse) (6.0.2)
[2025-09-14T14:29:35.378+0000] {process_utils.py:191} INFO - Requirement already satisfied: daff>=1.3.46 in /tmp/cosmos_venv_ecom_intermediate/lib/python3.10/site-packages (from dbt-core>=1.9->dbt-clickhouse) (1.4.2)
[2025-09-14T14:29:35.379+0000] {process_utils.py:191} INFO - Requirement already satisfied: typing-extensions>=4.4 in /tmp/cosmos_venv_ecom_intermediate/lib/python3.10/site-packages (from dbt-core>=1.9->dbt-clickhouse) (4.15.0)
[2025-09-14T14:29:35.383+0000] {process_utils.py:191} INFO - Requirement already satisfied: Babel>=2.0 in /tmp/cosmos_venv_ecom_intermediate/lib/python3.10/site-packages (from agate<1.10,>=1.7.0->dbt-core>=1.9->dbt-clickhouse) (2.17.0)
[2025-09-14T14:29:35.384+0000] {process_utils.py:191} INFO - Requirement already satisfied: isodate>=0.5.4 in /tmp/cosmos_venv_ecom_intermediate/lib/python3.10/site-packages (from agate<1.10,>=1.7.0->dbt-core>=1.9->dbt-clickhouse) (0.6.1)
[2025-09-14T14:29:35.385+0000] {process_utils.py:191} INFO - Requirement already satisfied: leather>=0.3.2 in /tmp/cosmos_venv_ecom_intermediate/lib/python3.10/site-packages (from agate<1.10,>=1.7.0->dbt-core>=1.9->dbt-clickhouse) (0.4.0)
[2025-09-14T14:29:35.386+0000] {process_utils.py:191} INFO - Requirement already satisfied: parsedatetime!=2.5,>=2.1 in /tmp/cosmos_venv_ecom_intermediate/lib/python3.10/site-packages (from agate<1.10,>=1.7.0->dbt-core>=1.9->dbt-clickhouse) (2.6)
[2025-09-14T14:29:35.387+0000] {process_utils.py:191} INFO - Requirement already satisfied: python-slugify>=1.2.1 in /tmp/cosmos_venv_ecom_intermediate/lib/python3.10/site-packages (from agate<1.10,>=1.7.0->dbt-core>=1.9->dbt-clickhouse) (8.0.4)
[2025-09-14T14:29:35.389+0000] {process_utils.py:191} INFO - Requirement already satisfied: pytimeparse>=1.1.5 in /tmp/cosmos_venv_ecom_intermediate/lib/python3.10/site-packages (from agate<1.10,>=1.7.0->dbt-core>=1.9->dbt-clickhouse) (1.1.8)
[2025-09-14T14:29:35.412+0000] {process_utils.py:191} INFO - Requirement already satisfied: colorama<0.5,>=0.3.9 in /tmp/cosmos_venv_ecom_intermediate/lib/python3.10/site-packages (from dbt-common<2.0,>=1.27.0->dbt-core>=1.9->dbt-clickhouse) (0.4.6)
[2025-09-14T14:29:35.414+0000] {process_utils.py:191} INFO - Requirement already satisfied: deepdiff<9.0,>=7.0 in /tmp/cosmos_venv_ecom_intermediate/lib/python3.10/site-packages (from dbt-common<2.0,>=1.27.0->dbt-core>=1.9->dbt-clickhouse) (8.6.1)
[2025-09-14T14:29:35.417+0000] {process_utils.py:191} INFO - Requirement already satisfied: python-dateutil<3.0,>=2.0 in /tmp/cosmos_venv_ecom_intermediate/lib/python3.10/site-packages (from dbt-common<2.0,>=1.27.0->dbt-core>=1.9->dbt-clickhouse) (2.9.0.post0)
[2025-09-14T14:29:35.425+0000] {process_utils.py:191} INFO - Requirement already satisfied: importlib-metadata<9,>=6.0 in /tmp/cosmos_venv_ecom_intermediate/lib/python3.10/site-packages (from dbt-semantic-interfaces<0.10,>=0.9.0->dbt-core>=1.9->dbt-clickhouse) (8.7.0)
[2025-09-14T14:29:35.427+0000] {process_utils.py:191} INFO - Requirement already satisfied: more-itertools<11.0,>=8.0 in /tmp/cosmos_venv_ecom_intermediate/lib/python3.10/site-packages (from dbt-semantic-interfaces<0.10,>=0.9.0->dbt-core>=1.9->dbt-clickhouse) (10.8.0)
[2025-09-14T14:29:35.438+0000] {process_utils.py:191} INFO - Requirement already satisfied: orderly-set<6,>=5.4.1 in /tmp/cosmos_venv_ecom_intermediate/lib/python3.10/site-packages (from deepdiff<9.0,>=7.0->dbt-common<2.0,>=1.27.0->dbt-core>=1.9->dbt-clickhouse) (5.5.0)
[2025-09-14T14:29:35.445+0000] {process_utils.py:191} INFO - Requirement already satisfied: zipp>=3.20 in /tmp/cosmos_venv_ecom_intermediate/lib/python3.10/site-packages (from importlib-metadata<9,>=6.0->dbt-semantic-interfaces<0.10,>=0.9.0->dbt-core>=1.9->dbt-clickhouse) (3.23.0)
[2025-09-14T14:29:35.447+0000] {process_utils.py:191} INFO - Requirement already satisfied: six in /tmp/cosmos_venv_ecom_intermediate/lib/python3.10/site-packages (from isodate>=0.5.4->agate<1.10,>=1.7.0->dbt-core>=1.9->dbt-clickhouse) (1.17.0)
[2025-09-14T14:29:35.451+0000] {process_utils.py:191} INFO - Requirement already satisfied: MarkupSafe>=2.0 in /tmp/cosmos_venv_ecom_intermediate/lib/python3.10/site-packages (from Jinja2<4,>=3.1.3->dbt-core>=1.9->dbt-clickhouse) (3.0.2)
[2025-09-14T14:29:35.457+0000] {process_utils.py:191} INFO - Requirement already satisfied: attrs>=22.2.0 in /tmp/cosmos_venv_ecom_intermediate/lib/python3.10/site-packages (from jsonschema<5.0,>=4.19.1->dbt-core>=1.9->dbt-clickhouse) (25.3.0)
[2025-09-14T14:29:35.458+0000] {process_utils.py:191} INFO - Requirement already satisfied: jsonschema-specifications>=2023.03.6 in /tmp/cosmos_venv_ecom_intermediate/lib/python3.10/site-packages (from jsonschema<5.0,>=4.19.1->dbt-core>=1.9->dbt-clickhouse) (2025.9.1)
[2025-09-14T14:29:35.459+0000] {process_utils.py:191} INFO - Requirement already satisfied: referencing>=0.28.4 in /tmp/cosmos_venv_ecom_intermediate/lib/python3.10/site-packages (from jsonschema<5.0,>=4.19.1->dbt-core>=1.9->dbt-clickhouse) (0.36.2)
[2025-09-14T14:29:35.460+0000] {process_utils.py:191} INFO - Requirement already satisfied: rpds-py>=0.7.1 in /tmp/cosmos_venv_ecom_intermediate/lib/python3.10/site-packages (from jsonschema<5.0,>=4.19.1->dbt-core>=1.9->dbt-clickhouse) (0.27.1)
[2025-09-14T14:29:35.469+0000] {process_utils.py:191} INFO - Requirement already satisfied: msgpack>=0.5.6 in /tmp/cosmos_venv_ecom_intermediate/lib/python3.10/site-packages (from mashumaro[msgpack]<3.15,>=3.9->dbt-core>=1.9->dbt-clickhouse) (1.1.1)
[2025-09-14T14:29:35.486+0000] {process_utils.py:191} INFO - Requirement already satisfied: annotated-types>=0.6.0 in /tmp/cosmos_venv_ecom_intermediate/lib/python3.10/site-packages (from pydantic<3->dbt-core>=1.9->dbt-clickhouse) (0.7.0)
[2025-09-14T14:29:35.487+0000] {process_utils.py:191} INFO - Requirement already satisfied: pydantic-core==2.33.2 in /tmp/cosmos_venv_ecom_intermediate/lib/python3.10/site-packages (from pydantic<3->dbt-core>=1.9->dbt-clickhouse) (2.33.2)
[2025-09-14T14:29:35.488+0000] {process_utils.py:191} INFO - Requirement already satisfied: typing-inspection>=0.4.0 in /tmp/cosmos_venv_ecom_intermediate/lib/python3.10/site-packages (from pydantic<3->dbt-core>=1.9->dbt-clickhouse) (0.4.1)
[2025-09-14T14:29:35.496+0000] {process_utils.py:191} INFO - Requirement already satisfied: charset_normalizer<4,>=2 in /tmp/cosmos_venv_ecom_intermediate/lib/python3.10/site-packages (from requests<3.0.0->dbt-core>=1.9->dbt-clickhouse) (3.4.3)
[2025-09-14T14:29:35.497+0000] {process_utils.py:191} INFO - Requirement already satisfied: idna<4,>=2.5 in /tmp/cosmos_venv_ecom_intermediate/lib/python3.10/site-packages (from requests<3.0.0->dbt-core>=1.9->dbt-clickhouse) (3.10)
[2025-09-14T14:29:35.541+0000] {process_utils.py:191} INFO - Requirement already satisfied: text-unidecode>=1.3 in /tmp/cosmos_venv_ecom_intermediate/lib/python3.10/site-packages (from python-slugify>=1.2.1->agate<1.10,>=1.7.0->dbt-core>=1.9->dbt-clickhouse) (1.3)
[2025-09-14T14:29:35.675+0000] {local.py:470} INFO - Cloning project to writable temp directory /tmp/tmplqsax8z9 from /opt/airflow/dags/dbt/ecom_intermediate
[2025-09-14T14:29:35.689+0000] {local.py:490} INFO - Partial parse is enabled and the latest partial parse file is /tmp/cosmos/dbt_intermediate__intermediate/target/partial_parse.msgpack
[2025-09-14T14:29:35.701+0000] {config.py:362} INFO - Using user-supplied profiles.yml at /opt/airflow/dags/dbt/profiles.yml
[2025-09-14T14:29:35.712+0000] {virtualenv.py:99} INFO - Using Python binary from virtualenv: /tmp/cosmos_venv_ecom_intermediate/bin/python
[2025-09-14T14:29:35.712+0000] {local.py:434} INFO - Trying to run the command:
 ['/tmp/cosmos_venv_ecom_intermediate/bin/dbt', 'deps', '--project-dir', '/tmp/tmplqsax8z9', '--profiles-dir', '/opt/***/dags/dbt', '--profile', 'ecom_intermediate', '--target', 'dev']
From /tmp/tmplqsax8z9
[2025-09-14T14:29:35.713+0000] {subprocess.py:56} INFO - Tmp dir root location: 
 /tmp
[2025-09-14T14:29:35.713+0000] {subprocess.py:69} INFO - Running command: ['/tmp/cosmos_venv_ecom_intermediate/bin/dbt', 'deps', '--project-dir', '/tmp/tmplqsax8z9', '--profiles-dir', '/opt/***/dags/dbt', '--profile', 'ecom_intermediate', '--target', 'dev']
[2025-09-14T14:29:35.724+0000] {subprocess.py:80} INFO - Command output:
[2025-09-14T14:29:38.016+0000] {subprocess.py:90} INFO - [0m14:29:38  Running with dbt=1.10.11
[2025-09-14T14:29:38.751+0000] {subprocess.py:90} INFO - [0m14:29:38  Installing dbt-labs/dbt_utils
[2025-09-14T14:29:40.239+0000] {subprocess.py:90} INFO - [0m14:29:40  Installed from version 1.3.0
[2025-09-14T14:29:40.240+0000] {subprocess.py:90} INFO - [0m14:29:40  Updated version available: 1.3.1
[2025-09-14T14:29:40.241+0000] {subprocess.py:90} INFO - [0m14:29:40
[2025-09-14T14:29:40.241+0000] {subprocess.py:90} INFO - [0m14:29:40  Updates available for packages: ['dbt-labs/dbt_utils']
[2025-09-14T14:29:40.242+0000] {subprocess.py:90} INFO - Update your versions in packages.yml, then run dbt deps
[2025-09-14T14:29:42.109+0000] {subprocess.py:94} INFO - Command exited with return code 0
[2025-09-14T14:29:42.110+0000] {local.py:441} INFO - Update your versions in packages.yml, then run dbt deps
[2025-09-14T14:29:42.111+0000] {virtualenv.py:99} INFO - Using Python binary from virtualenv: /tmp/cosmos_venv_ecom_intermediate/bin/python
[2025-09-14T14:29:42.112+0000] {local.py:434} INFO - Trying to run the command:
 ['/tmp/cosmos_venv_ecom_intermediate/bin/dbt', 'run', '--models', 'orders', '--project-dir', '/tmp/tmplqsax8z9', '--profiles-dir', '/opt/***/dags/dbt', '--profile', 'ecom_intermediate', '--target', 'dev']
From /tmp/tmplqsax8z9
[2025-09-14T14:29:42.113+0000] {subprocess.py:56} INFO - Tmp dir root location: 
 /tmp
[2025-09-14T14:29:42.113+0000] {subprocess.py:69} INFO - Running command: ['/tmp/cosmos_venv_ecom_intermediate/bin/dbt', 'run', '--models', 'orders', '--project-dir', '/tmp/tmplqsax8z9', '--profiles-dir', '/opt/***/dags/dbt', '--profile', 'ecom_intermediate', '--target', 'dev']
[2025-09-14T14:29:42.124+0000] {subprocess.py:80} INFO - Command output:
[2025-09-14T14:29:44.020+0000] {subprocess.py:90} INFO - [0m14:29:44  Running with dbt=1.10.11
[2025-09-14T14:29:44.021+0000] {subprocess.py:90} INFO - [0m14:29:44  [[33mWARNING[0m]: Deprecated functionality
[2025-09-14T14:29:44.022+0000] {subprocess.py:90} INFO - Usage of `--models`, `--model`, and `-m` is deprecated in favor of `--select` or
[2025-09-14T14:29:44.022+0000] {subprocess.py:90} INFO - `-s`.
[2025-09-14T14:29:44.429+0000] {subprocess.py:90} INFO - [0m14:29:44  Registered adapter: clickhouse=1.9.3
[2025-09-14T14:29:45.426+0000] {subprocess.py:90} INFO - [0m14:29:45  Found 15 models, 50 data tests, 8 sources, 597 macros
[2025-09-14T14:29:45.430+0000] {subprocess.py:90} INFO - [0m14:29:45
[2025-09-14T14:29:45.430+0000] {subprocess.py:90} INFO - [0m14:29:45  Concurrency: 4 threads (target='dev')
[2025-09-14T14:29:45.431+0000] {subprocess.py:90} INFO - [0m14:29:45
[2025-09-14T14:29:45.578+0000] {subprocess.py:90} INFO - [0m14:29:45  1 of 1 START sql table model `ecom_db_intermediate`.`orders` ................... [RUN]
[2025-09-14T14:29:45.854+0000] {subprocess.py:90} INFO - [0m14:29:45  1 of 1 OK created sql table model `ecom_db_intermediate`.`orders` .............. [[32mOK[0m in 0.27s]
[2025-09-14T14:29:45.857+0000] {subprocess.py:90} INFO - [0m14:29:45
[2025-09-14T14:29:45.858+0000] {subprocess.py:90} INFO - [0m14:29:45  Finished running 1 table model in 0 hours 0 minutes and 0.43 seconds (0.43s).
[2025-09-14T14:29:45.907+0000] {subprocess.py:90} INFO - [0m14:29:45
[2025-09-14T14:29:45.908+0000] {subprocess.py:90} INFO - [0m14:29:45  [32mCompleted successfully[0m
[2025-09-14T14:29:45.909+0000] {subprocess.py:90} INFO - [0m14:29:45
[2025-09-14T14:29:45.909+0000] {subprocess.py:90} INFO - [0m14:29:45  Done. PASS=1 WARN=0 ERROR=0 SKIP=0 NO-OP=0 TOTAL=1
[2025-09-14T14:29:45.910+0000] {subprocess.py:90} INFO - [0m14:29:45  [[33mWARNING[0m][DeprecationsSummary]: Deprecated functionality
[2025-09-14T14:29:45.910+0000] {subprocess.py:90} INFO - Summary of encountered deprecations:
[2025-09-14T14:29:45.911+0000] {subprocess.py:90} INFO - - ModelParamUsageDeprecation: 1 occurrence
[2025-09-14T14:29:45.911+0000] {subprocess.py:90} INFO - To see all deprecation instances instead of just the first occurrence of each,
[2025-09-14T14:29:45.912+0000] {subprocess.py:90} INFO - run command again with the `--show-all-deprecations` flag. You may also need to
[2025-09-14T14:29:45.912+0000] {subprocess.py:90} INFO - run with `--no-partial-parse` as some deprecations are only encountered during
[2025-09-14T14:29:45.913+0000] {subprocess.py:90} INFO - parsing.
[2025-09-14T14:29:47.740+0000] {subprocess.py:94} INFO - Command exited with return code 0
[2025-09-14T14:29:47.741+0000] {local.py:441} INFO - parsing.
[2025-09-14T14:29:47.754+0000] {local.py:196} WARNING - Artifact schema version: https://schemas.getdbt.com/dbt/manifest/v12.json is above dbt-ol supported version 7. This might cause errors.
[2025-09-14T14:29:47.755+0000] {local.py:196} WARNING - Artifact schema version: https://schemas.getdbt.com/dbt/run-results/v6.json is above dbt-ol supported version 5. This might cause errors.
[2025-09-14T14:29:47.761+0000] {local.py:547} INFO - Inlets: []
[2025-09-14T14:29:47.762+0000] {local.py:548} INFO - Outlets: []
[2025-09-14T14:29:47.762+0000] {local.py:772} INFO - Assigning inlets/outlets without DatasetAlias
[2025-09-14T14:29:47.763+0000] {dag.py:3089} INFO - Sync 1 DAGs
[2025-09-14T14:29:47.818+0000] {dag.py:3947} INFO - Setting next_dagrun for dbt_intermediate to 2025-09-14 00:00:00+00:00, run_after=2025-09-15 00:00:00+00:00
[2025-09-14T14:29:47.897+0000] {virtualenv.py:131} INFO - Releasing virtualenv lock
[2025-09-14T14:29:47.898+0000] {virtualenv.py:145} INFO - None
[2025-09-14T14:29:47.898+0000] {taskinstance.py:441} INFO - ::group::Post task execution logs
[2025-09-14T14:29:47.934+0000] {taskinstance.py:1206} INFO - Marking task as SUCCESS. dag_id=dbt_intermediate, task_id=intermediate.orders.run, run_id=manual__2025-09-14T14:24:34.783254+00:00, execution_date=20250914T142434, start_date=20250914T142919, end_date=20250914T142947
[2025-09-14T14:29:47.982+0000] {local_task_job_runner.py:243} INFO - Task exited with return code 0
[2025-09-14T14:29:48.046+0000] {taskinstance.py:3503} INFO - 1 downstream tasks scheduled from follow-on schedule check
[2025-09-14T14:29:48.048+0000] {local_task_job_runner.py:222} INFO - ::endgroup::
