[2025-09-12T16:51:04.546+0000] {local_task_job_runner.py:120} INFO - ::group::Pre task execution logs
[2025-09-12T16:51:04.742+0000] {taskinstance.py:2076} INFO - Dependencies all met for dep_context=non-requeueable deps ti=<TaskInstance: dbt_ecom_cosmos.dbt_ecom.stg_orders_run scheduled__2025-09-11T00:00:00+00:00 [queued]>
[2025-09-12T16:51:04.767+0000] {taskinstance.py:2076} INFO - Dependencies all met for dep_context=requeueable deps ti=<TaskInstance: dbt_ecom_cosmos.dbt_ecom.stg_orders_run scheduled__2025-09-11T00:00:00+00:00 [queued]>
[2025-09-12T16:51:04.769+0000] {taskinstance.py:2306} INFO - Starting attempt 1 of 1
[2025-09-12T16:51:04.819+0000] {taskinstance.py:2330} INFO - Executing <Task(DbtRunVirtualenvOperator): dbt_ecom.stg_orders_run> on 2025-09-11 00:00:00+00:00
[2025-09-12T16:51:04.825+0000] {standard_task_runner.py:64} INFO - Started process 3297 to run task
[2025-09-12T16:51:04.831+0000] {standard_task_runner.py:90} INFO - Running: ['***', 'tasks', 'run', 'dbt_ecom_cosmos', 'dbt_ecom.stg_orders_run', 'scheduled__2025-09-11T00:00:00+00:00', '--job-id', '97', '--raw', '--subdir', 'DAGS_FOLDER/dbt_staging.py', '--cfg-path', '/tmp/tmphus9ngmg']
[2025-09-12T16:51:04.836+0000] {standard_task_runner.py:91} INFO - Job 97: Subtask dbt_ecom.stg_orders_run
[2025-09-12T16:51:05.550+0000] {task_command.py:426} INFO - Running <TaskInstance: dbt_ecom_cosmos.dbt_ecom.stg_orders_run scheduled__2025-09-11T00:00:00+00:00 [running]> on host e95bde6b8d07
[2025-09-12T16:51:06.578+0000] {taskinstance.py:2648} INFO - Exporting env vars: AIRFLOW_CTX_DAG_OWNER='***' AIRFLOW_CTX_DAG_ID='dbt_ecom_cosmos' AIRFLOW_CTX_TASK_ID='dbt_ecom.stg_orders_run' AIRFLOW_CTX_EXECUTION_DATE='2025-09-11T00:00:00+00:00' AIRFLOW_CTX_TRY_NUMBER='1' AIRFLOW_CTX_DAG_RUN_ID='scheduled__2025-09-11T00:00:00+00:00'
[2025-09-12T16:51:06.584+0000] {taskinstance.py:430} INFO - ::endgroup::
[2025-09-12T16:51:06.606+0000] {virtualenv.py:120} INFO - Checking if the virtualenv lock /tmp/cosmos_venv_ecom/cosmos_virtualenv.lock exists
[2025-09-12T16:51:06.607+0000] {virtualenv.py:178} INFO - Checking for running process with PID 3295
[2025-09-12T16:51:06.608+0000] {virtualenv.py:181} INFO - Process 3295 running: True and has the lock /tmp/cosmos_venv_ecom/cosmos_virtualenv.lock.
[2025-09-12T16:51:06.609+0000] {virtualenv.py:122} INFO - Waiting for virtualenv lock to be released
[2025-09-12T16:51:07.611+0000] {virtualenv.py:178} INFO - Checking for running process with PID 3295
[2025-09-12T16:51:07.612+0000] {virtualenv.py:181} INFO - Process 3295 running: True and has the lock /tmp/cosmos_venv_ecom/cosmos_virtualenv.lock.
[2025-09-12T16:51:07.612+0000] {virtualenv.py:122} INFO - Waiting for virtualenv lock to be released
[2025-09-12T16:51:08.613+0000] {virtualenv.py:178} INFO - Checking for running process with PID 3295
[2025-09-12T16:51:08.627+0000] {virtualenv.py:181} INFO - Process 3295 running: True and has the lock /tmp/cosmos_venv_ecom/cosmos_virtualenv.lock.
[2025-09-12T16:51:08.628+0000] {virtualenv.py:122} INFO - Waiting for virtualenv lock to be released
[2025-09-12T16:51:09.629+0000] {virtualenv.py:178} INFO - Checking for running process with PID 3295
[2025-09-12T16:51:09.629+0000] {virtualenv.py:181} INFO - Process 3295 running: True and has the lock /tmp/cosmos_venv_ecom/cosmos_virtualenv.lock.
[2025-09-12T16:51:09.630+0000] {virtualenv.py:122} INFO - Waiting for virtualenv lock to be released
[2025-09-12T16:51:10.631+0000] {virtualenv.py:178} INFO - Checking for running process with PID 3295
[2025-09-12T16:51:10.632+0000] {virtualenv.py:181} INFO - Process 3295 running: True and has the lock /tmp/cosmos_venv_ecom/cosmos_virtualenv.lock.
[2025-09-12T16:51:10.633+0000] {virtualenv.py:122} INFO - Waiting for virtualenv lock to be released
[2025-09-12T16:51:11.633+0000] {virtualenv.py:178} INFO - Checking for running process with PID 3295
[2025-09-12T16:51:11.634+0000] {virtualenv.py:181} INFO - Process 3295 running: True and has the lock /tmp/cosmos_venv_ecom/cosmos_virtualenv.lock.
[2025-09-12T16:51:11.635+0000] {virtualenv.py:122} INFO - Waiting for virtualenv lock to be released
[2025-09-12T16:51:12.637+0000] {virtualenv.py:178} INFO - Checking for running process with PID 3295
[2025-09-12T16:51:12.637+0000] {virtualenv.py:181} INFO - Process 3295 running: True and has the lock /tmp/cosmos_venv_ecom/cosmos_virtualenv.lock.
[2025-09-12T16:51:12.638+0000] {virtualenv.py:122} INFO - Waiting for virtualenv lock to be released
[2025-09-12T16:51:13.639+0000] {virtualenv.py:178} INFO - Checking for running process with PID 3295
[2025-09-12T16:51:13.640+0000] {virtualenv.py:181} INFO - Process 3295 running: True and has the lock /tmp/cosmos_venv_ecom/cosmos_virtualenv.lock.
[2025-09-12T16:51:13.641+0000] {virtualenv.py:122} INFO - Waiting for virtualenv lock to be released
[2025-09-12T16:51:14.642+0000] {virtualenv.py:178} INFO - Checking for running process with PID 3295
[2025-09-12T16:51:14.643+0000] {virtualenv.py:181} INFO - Process 3295 running: True and has the lock /tmp/cosmos_venv_ecom/cosmos_virtualenv.lock.
[2025-09-12T16:51:14.643+0000] {virtualenv.py:122} INFO - Waiting for virtualenv lock to be released
[2025-09-12T16:51:15.645+0000] {virtualenv.py:178} INFO - Checking for running process with PID 3295
[2025-09-12T16:51:15.646+0000] {virtualenv.py:181} INFO - Process 3295 running: True and has the lock /tmp/cosmos_venv_ecom/cosmos_virtualenv.lock.
[2025-09-12T16:51:15.646+0000] {virtualenv.py:122} INFO - Waiting for virtualenv lock to be released
[2025-09-12T16:51:16.647+0000] {virtualenv.py:178} INFO - Checking for running process with PID 3295
[2025-09-12T16:51:16.648+0000] {virtualenv.py:181} INFO - Process 3295 running: True and has the lock /tmp/cosmos_venv_ecom/cosmos_virtualenv.lock.
[2025-09-12T16:51:16.649+0000] {virtualenv.py:122} INFO - Waiting for virtualenv lock to be released
[2025-09-12T16:51:17.650+0000] {virtualenv.py:178} INFO - Checking for running process with PID 3295
[2025-09-12T16:51:17.652+0000] {virtualenv.py:181} INFO - Process 3295 running: True and has the lock /tmp/cosmos_venv_ecom/cosmos_virtualenv.lock.
[2025-09-12T16:51:17.652+0000] {virtualenv.py:122} INFO - Waiting for virtualenv lock to be released
[2025-09-12T16:51:18.653+0000] {virtualenv.py:178} INFO - Checking for running process with PID 3295
[2025-09-12T16:51:18.654+0000] {virtualenv.py:181} INFO - Process 3295 running: True and has the lock /tmp/cosmos_venv_ecom/cosmos_virtualenv.lock.
[2025-09-12T16:51:18.655+0000] {virtualenv.py:122} INFO - Waiting for virtualenv lock to be released
[2025-09-12T16:51:19.657+0000] {virtualenv.py:178} INFO - Checking for running process with PID 3295
[2025-09-12T16:51:19.658+0000] {virtualenv.py:181} INFO - Process 3295 running: True and has the lock /tmp/cosmos_venv_ecom/cosmos_virtualenv.lock.
[2025-09-12T16:51:19.658+0000] {virtualenv.py:122} INFO - Waiting for virtualenv lock to be released
[2025-09-12T16:51:20.659+0000] {virtualenv.py:178} INFO - Checking for running process with PID 3295
[2025-09-12T16:51:20.660+0000] {virtualenv.py:181} INFO - Process 3295 running: True and has the lock /tmp/cosmos_venv_ecom/cosmos_virtualenv.lock.
[2025-09-12T16:51:20.660+0000] {virtualenv.py:122} INFO - Waiting for virtualenv lock to be released
[2025-09-12T16:51:21.662+0000] {virtualenv.py:178} INFO - Checking for running process with PID 3295
[2025-09-12T16:51:21.662+0000] {virtualenv.py:181} INFO - Process 3295 running: True and has the lock /tmp/cosmos_venv_ecom/cosmos_virtualenv.lock.
[2025-09-12T16:51:21.663+0000] {virtualenv.py:122} INFO - Waiting for virtualenv lock to be released
[2025-09-12T16:51:22.664+0000] {virtualenv.py:178} INFO - Checking for running process with PID 3295
[2025-09-12T16:51:22.665+0000] {virtualenv.py:181} INFO - Process 3295 running: True and has the lock /tmp/cosmos_venv_ecom/cosmos_virtualenv.lock.
[2025-09-12T16:51:22.665+0000] {virtualenv.py:122} INFO - Waiting for virtualenv lock to be released
[2025-09-12T16:51:23.666+0000] {virtualenv.py:178} INFO - Checking for running process with PID 3295
[2025-09-12T16:51:23.667+0000] {virtualenv.py:181} INFO - Process 3295 running: True and has the lock /tmp/cosmos_venv_ecom/cosmos_virtualenv.lock.
[2025-09-12T16:51:23.667+0000] {virtualenv.py:122} INFO - Waiting for virtualenv lock to be released
[2025-09-12T16:51:24.669+0000] {virtualenv.py:178} INFO - Checking for running process with PID 3295
[2025-09-12T16:51:24.669+0000] {virtualenv.py:181} INFO - Process 3295 running: True and has the lock /tmp/cosmos_venv_ecom/cosmos_virtualenv.lock.
[2025-09-12T16:51:24.670+0000] {virtualenv.py:122} INFO - Waiting for virtualenv lock to be released
[2025-09-12T16:51:25.672+0000] {virtualenv.py:178} INFO - Checking for running process with PID 3295
[2025-09-12T16:51:25.673+0000] {virtualenv.py:181} INFO - Process 3295 running: True and has the lock /tmp/cosmos_venv_ecom/cosmos_virtualenv.lock.
[2025-09-12T16:51:25.673+0000] {virtualenv.py:122} INFO - Waiting for virtualenv lock to be released
[2025-09-12T16:51:26.674+0000] {virtualenv.py:178} INFO - Checking for running process with PID 3295
[2025-09-12T16:51:26.675+0000] {virtualenv.py:181} INFO - Process 3295 running: True and has the lock /tmp/cosmos_venv_ecom/cosmos_virtualenv.lock.
[2025-09-12T16:51:26.675+0000] {virtualenv.py:122} INFO - Waiting for virtualenv lock to be released
[2025-09-12T16:51:27.677+0000] {virtualenv.py:178} INFO - Checking for running process with PID 3295
[2025-09-12T16:51:27.677+0000] {virtualenv.py:181} INFO - Process 3295 running: True and has the lock /tmp/cosmos_venv_ecom/cosmos_virtualenv.lock.
[2025-09-12T16:51:27.678+0000] {virtualenv.py:122} INFO - Waiting for virtualenv lock to be released
[2025-09-12T16:51:28.681+0000] {virtualenv.py:178} INFO - Checking for running process with PID 3295
[2025-09-12T16:51:28.681+0000] {virtualenv.py:181} INFO - Process 3295 running: True and has the lock /tmp/cosmos_venv_ecom/cosmos_virtualenv.lock.
[2025-09-12T16:51:28.682+0000] {virtualenv.py:122} INFO - Waiting for virtualenv lock to be released
[2025-09-12T16:51:29.684+0000] {virtualenv.py:178} INFO - Checking for running process with PID 3295
[2025-09-12T16:51:29.684+0000] {virtualenv.py:181} INFO - Process 3295 running: True and has the lock /tmp/cosmos_venv_ecom/cosmos_virtualenv.lock.
[2025-09-12T16:51:29.685+0000] {virtualenv.py:122} INFO - Waiting for virtualenv lock to be released
[2025-09-12T16:51:30.686+0000] {virtualenv.py:178} INFO - Checking for running process with PID 3295
[2025-09-12T16:51:30.687+0000] {virtualenv.py:181} INFO - Process 3295 running: True and has the lock /tmp/cosmos_venv_ecom/cosmos_virtualenv.lock.
[2025-09-12T16:51:30.687+0000] {virtualenv.py:122} INFO - Waiting for virtualenv lock to be released
[2025-09-12T16:51:31.689+0000] {virtualenv.py:178} INFO - Checking for running process with PID 3295
[2025-09-12T16:51:31.690+0000] {virtualenv.py:181} INFO - Process 3295 running: True and has the lock /tmp/cosmos_venv_ecom/cosmos_virtualenv.lock.
[2025-09-12T16:51:31.691+0000] {virtualenv.py:122} INFO - Waiting for virtualenv lock to be released
[2025-09-12T16:51:32.692+0000] {virtualenv.py:178} INFO - Checking for running process with PID 3295
[2025-09-12T16:51:32.693+0000] {virtualenv.py:181} INFO - Process 3295 running: True and has the lock /tmp/cosmos_venv_ecom/cosmos_virtualenv.lock.
[2025-09-12T16:51:32.694+0000] {virtualenv.py:122} INFO - Waiting for virtualenv lock to be released
[2025-09-12T16:51:33.696+0000] {virtualenv.py:178} INFO - Checking for running process with PID 3295
[2025-09-12T16:51:33.696+0000] {virtualenv.py:181} INFO - Process 3295 running: True and has the lock /tmp/cosmos_venv_ecom/cosmos_virtualenv.lock.
[2025-09-12T16:51:33.697+0000] {virtualenv.py:122} INFO - Waiting for virtualenv lock to be released
[2025-09-12T16:51:34.698+0000] {virtualenv.py:178} INFO - Checking for running process with PID 3295
[2025-09-12T16:51:34.699+0000] {virtualenv.py:181} INFO - Process 3295 running: True and has the lock /tmp/cosmos_venv_ecom/cosmos_virtualenv.lock.
[2025-09-12T16:51:34.699+0000] {virtualenv.py:122} INFO - Waiting for virtualenv lock to be released
[2025-09-12T16:51:35.702+0000] {virtualenv.py:178} INFO - Checking for running process with PID 3295
[2025-09-12T16:51:35.702+0000] {virtualenv.py:181} INFO - Process 3295 running: True and has the lock /tmp/cosmos_venv_ecom/cosmos_virtualenv.lock.
[2025-09-12T16:51:35.703+0000] {virtualenv.py:122} INFO - Waiting for virtualenv lock to be released
[2025-09-12T16:51:36.704+0000] {virtualenv.py:178} INFO - Checking for running process with PID 3295
[2025-09-12T16:51:36.704+0000] {virtualenv.py:181} INFO - Process 3295 running: True and has the lock /tmp/cosmos_venv_ecom/cosmos_virtualenv.lock.
[2025-09-12T16:51:36.705+0000] {virtualenv.py:122} INFO - Waiting for virtualenv lock to be released
[2025-09-12T16:51:37.706+0000] {virtualenv.py:178} INFO - Checking for running process with PID 3295
[2025-09-12T16:51:37.707+0000] {virtualenv.py:181} INFO - Process 3295 running: True and has the lock /tmp/cosmos_venv_ecom/cosmos_virtualenv.lock.
[2025-09-12T16:51:37.708+0000] {virtualenv.py:122} INFO - Waiting for virtualenv lock to be released
[2025-09-12T16:51:38.710+0000] {virtualenv.py:178} INFO - Checking for running process with PID 3295
[2025-09-12T16:51:38.711+0000] {virtualenv.py:181} INFO - Process 3295 running: True and has the lock /tmp/cosmos_venv_ecom/cosmos_virtualenv.lock.
[2025-09-12T16:51:38.712+0000] {virtualenv.py:122} INFO - Waiting for virtualenv lock to be released
[2025-09-12T16:51:39.713+0000] {virtualenv.py:178} INFO - Checking for running process with PID 3295
[2025-09-12T16:51:39.714+0000] {virtualenv.py:181} INFO - Process 3295 running: True and has the lock /tmp/cosmos_venv_ecom/cosmos_virtualenv.lock.
[2025-09-12T16:51:39.715+0000] {virtualenv.py:122} INFO - Waiting for virtualenv lock to be released
[2025-09-12T16:51:40.716+0000] {virtualenv.py:178} INFO - Checking for running process with PID 3295
[2025-09-12T16:51:40.717+0000] {virtualenv.py:181} INFO - Process 3295 running: True and has the lock /tmp/cosmos_venv_ecom/cosmos_virtualenv.lock.
[2025-09-12T16:51:40.718+0000] {virtualenv.py:122} INFO - Waiting for virtualenv lock to be released
[2025-09-12T16:51:41.720+0000] {virtualenv.py:178} INFO - Checking for running process with PID 3295
[2025-09-12T16:51:41.721+0000] {virtualenv.py:181} INFO - Process 3295 running: True and has the lock /tmp/cosmos_venv_ecom/cosmos_virtualenv.lock.
[2025-09-12T16:51:41.721+0000] {virtualenv.py:122} INFO - Waiting for virtualenv lock to be released
[2025-09-12T16:51:42.723+0000] {virtualenv.py:178} INFO - Checking for running process with PID 3295
[2025-09-12T16:51:42.724+0000] {virtualenv.py:181} INFO - Process 3295 running: True and has the lock /tmp/cosmos_venv_ecom/cosmos_virtualenv.lock.
[2025-09-12T16:51:42.724+0000] {virtualenv.py:122} INFO - Waiting for virtualenv lock to be released
[2025-09-12T16:51:43.726+0000] {virtualenv.py:178} INFO - Checking for running process with PID 3295
[2025-09-12T16:51:43.726+0000] {virtualenv.py:181} INFO - Process 3295 running: True and has the lock /tmp/cosmos_venv_ecom/cosmos_virtualenv.lock.
[2025-09-12T16:51:43.727+0000] {virtualenv.py:122} INFO - Waiting for virtualenv lock to be released
[2025-09-12T16:51:44.729+0000] {virtualenv.py:178} INFO - Checking for running process with PID 3295
[2025-09-12T16:51:44.730+0000] {virtualenv.py:181} INFO - Process 3295 running: True and has the lock /tmp/cosmos_venv_ecom/cosmos_virtualenv.lock.
[2025-09-12T16:51:44.731+0000] {virtualenv.py:122} INFO - Waiting for virtualenv lock to be released
[2025-09-12T16:51:45.733+0000] {virtualenv.py:178} INFO - Checking for running process with PID 3295
[2025-09-12T16:51:45.734+0000] {virtualenv.py:181} INFO - Process 3295 running: True and has the lock /tmp/cosmos_venv_ecom/cosmos_virtualenv.lock.
[2025-09-12T16:51:45.735+0000] {virtualenv.py:122} INFO - Waiting for virtualenv lock to be released
[2025-09-12T16:51:46.736+0000] {virtualenv.py:178} INFO - Checking for running process with PID 3295
[2025-09-12T16:51:46.737+0000] {virtualenv.py:181} INFO - Process 3295 running: True and has the lock /tmp/cosmos_venv_ecom/cosmos_virtualenv.lock.
[2025-09-12T16:51:46.738+0000] {virtualenv.py:122} INFO - Waiting for virtualenv lock to be released
[2025-09-12T16:51:47.739+0000] {virtualenv.py:178} INFO - Checking for running process with PID 3295
[2025-09-12T16:51:47.740+0000] {virtualenv.py:181} INFO - Process 3295 running: True and has the lock /tmp/cosmos_venv_ecom/cosmos_virtualenv.lock.
[2025-09-12T16:51:47.741+0000] {virtualenv.py:122} INFO - Waiting for virtualenv lock to be released
[2025-09-12T16:51:48.742+0000] {virtualenv.py:178} INFO - Checking for running process with PID 3295
[2025-09-12T16:51:48.743+0000] {virtualenv.py:181} INFO - Process 3295 running: True and has the lock /tmp/cosmos_venv_ecom/cosmos_virtualenv.lock.
[2025-09-12T16:51:48.743+0000] {virtualenv.py:122} INFO - Waiting for virtualenv lock to be released
[2025-09-12T16:51:49.745+0000] {virtualenv.py:178} INFO - Checking for running process with PID 3295
[2025-09-12T16:51:49.746+0000] {virtualenv.py:181} INFO - Process 3295 running: True and has the lock /tmp/cosmos_venv_ecom/cosmos_virtualenv.lock.
[2025-09-12T16:51:49.747+0000] {virtualenv.py:122} INFO - Waiting for virtualenv lock to be released
[2025-09-12T16:51:50.749+0000] {virtualenv.py:178} INFO - Checking for running process with PID 3295
[2025-09-12T16:51:50.750+0000] {virtualenv.py:181} INFO - Process 3295 running: True and has the lock /tmp/cosmos_venv_ecom/cosmos_virtualenv.lock.
[2025-09-12T16:51:50.750+0000] {virtualenv.py:122} INFO - Waiting for virtualenv lock to be released
[2025-09-12T16:51:51.752+0000] {virtualenv.py:178} INFO - Checking for running process with PID 3295
[2025-09-12T16:51:51.753+0000] {virtualenv.py:181} INFO - Process 3295 running: True and has the lock /tmp/cosmos_venv_ecom/cosmos_virtualenv.lock.
[2025-09-12T16:51:51.754+0000] {virtualenv.py:122} INFO - Waiting for virtualenv lock to be released
[2025-09-12T16:51:52.755+0000] {virtualenv.py:178} INFO - Checking for running process with PID 3295
[2025-09-12T16:51:52.756+0000] {virtualenv.py:181} INFO - Process 3295 running: True and has the lock /tmp/cosmos_venv_ecom/cosmos_virtualenv.lock.
[2025-09-12T16:51:52.757+0000] {virtualenv.py:122} INFO - Waiting for virtualenv lock to be released
[2025-09-12T16:51:53.757+0000] {virtualenv.py:178} INFO - Checking for running process with PID 3295
[2025-09-12T16:51:53.759+0000] {virtualenv.py:181} INFO - Process 3295 running: True and has the lock /tmp/cosmos_venv_ecom/cosmos_virtualenv.lock.
[2025-09-12T16:51:53.760+0000] {virtualenv.py:122} INFO - Waiting for virtualenv lock to be released
[2025-09-12T16:51:54.761+0000] {virtualenv.py:178} INFO - Checking for running process with PID 3295
[2025-09-12T16:51:54.762+0000] {virtualenv.py:181} INFO - Process 3295 running: True and has the lock /tmp/cosmos_venv_ecom/cosmos_virtualenv.lock.
[2025-09-12T16:51:54.763+0000] {virtualenv.py:122} INFO - Waiting for virtualenv lock to be released
[2025-09-12T16:51:55.765+0000] {virtualenv.py:178} INFO - Checking for running process with PID 3310
[2025-09-12T16:51:55.765+0000] {virtualenv.py:181} INFO - Process 3310 running: True and has the lock /tmp/cosmos_venv_ecom/cosmos_virtualenv.lock.
[2025-09-12T16:51:55.766+0000] {virtualenv.py:122} INFO - Waiting for virtualenv lock to be released
[2025-09-12T16:51:56.767+0000] {virtualenv.py:178} INFO - Checking for running process with PID 3310
[2025-09-12T16:51:56.768+0000] {virtualenv.py:181} INFO - Process 3310 running: True and has the lock /tmp/cosmos_venv_ecom/cosmos_virtualenv.lock.
[2025-09-12T16:51:56.769+0000] {virtualenv.py:122} INFO - Waiting for virtualenv lock to be released
[2025-09-12T16:51:57.771+0000] {virtualenv.py:178} INFO - Checking for running process with PID 3310
[2025-09-12T16:51:57.771+0000] {virtualenv.py:181} INFO - Process 3310 running: True and has the lock /tmp/cosmos_venv_ecom/cosmos_virtualenv.lock.
[2025-09-12T16:51:57.772+0000] {virtualenv.py:122} INFO - Waiting for virtualenv lock to be released
[2025-09-12T16:51:58.773+0000] {virtualenv.py:178} INFO - Checking for running process with PID 3310
[2025-09-12T16:51:58.774+0000] {virtualenv.py:181} INFO - Process 3310 running: True and has the lock /tmp/cosmos_venv_ecom/cosmos_virtualenv.lock.
[2025-09-12T16:51:58.774+0000] {virtualenv.py:122} INFO - Waiting for virtualenv lock to be released
[2025-09-12T16:51:59.775+0000] {virtualenv.py:178} INFO - Checking for running process with PID 3310
[2025-09-12T16:51:59.776+0000] {virtualenv.py:181} INFO - Process 3310 running: True and has the lock /tmp/cosmos_venv_ecom/cosmos_virtualenv.lock.
[2025-09-12T16:51:59.777+0000] {virtualenv.py:122} INFO - Waiting for virtualenv lock to be released
[2025-09-12T16:52:00.778+0000] {virtualenv.py:178} INFO - Checking for running process with PID 3310
[2025-09-12T16:52:00.779+0000] {virtualenv.py:181} INFO - Process 3310 running: True and has the lock /tmp/cosmos_venv_ecom/cosmos_virtualenv.lock.
[2025-09-12T16:52:00.780+0000] {virtualenv.py:122} INFO - Waiting for virtualenv lock to be released
[2025-09-12T16:52:01.781+0000] {virtualenv.py:178} INFO - Checking for running process with PID 3310
[2025-09-12T16:52:01.782+0000] {virtualenv.py:181} INFO - Process 3310 running: True and has the lock /tmp/cosmos_venv_ecom/cosmos_virtualenv.lock.
[2025-09-12T16:52:01.784+0000] {virtualenv.py:122} INFO - Waiting for virtualenv lock to be released
[2025-09-12T16:52:02.786+0000] {virtualenv.py:178} INFO - Checking for running process with PID 3310
[2025-09-12T16:52:02.787+0000] {virtualenv.py:181} INFO - Process 3310 running: True and has the lock /tmp/cosmos_venv_ecom/cosmos_virtualenv.lock.
[2025-09-12T16:52:02.787+0000] {virtualenv.py:122} INFO - Waiting for virtualenv lock to be released
[2025-09-12T16:52:03.789+0000] {virtualenv.py:178} INFO - Checking for running process with PID 3310
[2025-09-12T16:52:03.790+0000] {virtualenv.py:181} INFO - Process 3310 running: True and has the lock /tmp/cosmos_venv_ecom/cosmos_virtualenv.lock.
[2025-09-12T16:52:03.790+0000] {virtualenv.py:122} INFO - Waiting for virtualenv lock to be released
[2025-09-12T16:52:04.792+0000] {virtualenv.py:178} INFO - Checking for running process with PID 3310
[2025-09-12T16:52:04.793+0000] {virtualenv.py:181} INFO - Process 3310 running: True and has the lock /tmp/cosmos_venv_ecom/cosmos_virtualenv.lock.
[2025-09-12T16:52:04.793+0000] {virtualenv.py:122} INFO - Waiting for virtualenv lock to be released
[2025-09-12T16:52:05.795+0000] {virtualenv.py:178} INFO - Checking for running process with PID 3310
[2025-09-12T16:52:05.796+0000] {virtualenv.py:181} INFO - Process 3310 running: True and has the lock /tmp/cosmos_venv_ecom/cosmos_virtualenv.lock.
[2025-09-12T16:52:05.796+0000] {virtualenv.py:122} INFO - Waiting for virtualenv lock to be released
[2025-09-12T16:52:06.798+0000] {virtualenv.py:178} INFO - Checking for running process with PID 3310
[2025-09-12T16:52:06.799+0000] {virtualenv.py:181} INFO - Process 3310 running: True and has the lock /tmp/cosmos_venv_ecom/cosmos_virtualenv.lock.
[2025-09-12T16:52:06.800+0000] {virtualenv.py:122} INFO - Waiting for virtualenv lock to be released
[2025-09-12T16:52:07.801+0000] {virtualenv.py:178} INFO - Checking for running process with PID 3310
[2025-09-12T16:52:07.802+0000] {virtualenv.py:181} INFO - Process 3310 running: True and has the lock /tmp/cosmos_venv_ecom/cosmos_virtualenv.lock.
[2025-09-12T16:52:07.802+0000] {virtualenv.py:122} INFO - Waiting for virtualenv lock to be released
[2025-09-12T16:52:08.804+0000] {virtualenv.py:178} INFO - Checking for running process with PID 3310
[2025-09-12T16:52:08.805+0000] {virtualenv.py:181} INFO - Process 3310 running: True and has the lock /tmp/cosmos_venv_ecom/cosmos_virtualenv.lock.
[2025-09-12T16:52:08.806+0000] {virtualenv.py:122} INFO - Waiting for virtualenv lock to be released
[2025-09-12T16:52:09.808+0000] {virtualenv.py:178} INFO - Checking for running process with PID 3298
[2025-09-12T16:52:09.808+0000] {virtualenv.py:181} INFO - Process 3298 running: True and has the lock /tmp/cosmos_venv_ecom/cosmos_virtualenv.lock.
[2025-09-12T16:52:09.809+0000] {virtualenv.py:122} INFO - Waiting for virtualenv lock to be released
[2025-09-12T16:52:10.810+0000] {virtualenv.py:178} INFO - Checking for running process with PID 3298
[2025-09-12T16:52:10.811+0000] {virtualenv.py:181} INFO - Process 3298 running: True and has the lock /tmp/cosmos_venv_ecom/cosmos_virtualenv.lock.
[2025-09-12T16:52:10.811+0000] {virtualenv.py:122} INFO - Waiting for virtualenv lock to be released
[2025-09-12T16:52:11.812+0000] {virtualenv.py:178} INFO - Checking for running process with PID 3298
[2025-09-12T16:52:11.813+0000] {virtualenv.py:181} INFO - Process 3298 running: True and has the lock /tmp/cosmos_venv_ecom/cosmos_virtualenv.lock.
[2025-09-12T16:52:11.814+0000] {virtualenv.py:122} INFO - Waiting for virtualenv lock to be released
[2025-09-12T16:52:12.815+0000] {virtualenv.py:178} INFO - Checking for running process with PID 3298
[2025-09-12T16:52:12.816+0000] {virtualenv.py:181} INFO - Process 3298 running: True and has the lock /tmp/cosmos_venv_ecom/cosmos_virtualenv.lock.
[2025-09-12T16:52:12.816+0000] {virtualenv.py:122} INFO - Waiting for virtualenv lock to be released
[2025-09-12T16:52:13.818+0000] {virtualenv.py:178} INFO - Checking for running process with PID 3298
[2025-09-12T16:52:13.819+0000] {virtualenv.py:181} INFO - Process 3298 running: True and has the lock /tmp/cosmos_venv_ecom/cosmos_virtualenv.lock.
[2025-09-12T16:52:13.820+0000] {virtualenv.py:122} INFO - Waiting for virtualenv lock to be released
[2025-09-12T16:52:14.822+0000] {virtualenv.py:178} INFO - Checking for running process with PID 3298
[2025-09-12T16:52:14.823+0000] {virtualenv.py:181} INFO - Process 3298 running: True and has the lock /tmp/cosmos_venv_ecom/cosmos_virtualenv.lock.
[2025-09-12T16:52:14.823+0000] {virtualenv.py:122} INFO - Waiting for virtualenv lock to be released
[2025-09-12T16:52:15.825+0000] {virtualenv.py:178} INFO - Checking for running process with PID 3298
[2025-09-12T16:52:15.825+0000] {virtualenv.py:181} INFO - Process 3298 running: True and has the lock /tmp/cosmos_venv_ecom/cosmos_virtualenv.lock.
[2025-09-12T16:52:15.826+0000] {virtualenv.py:122} INFO - Waiting for virtualenv lock to be released
[2025-09-12T16:52:16.827+0000] {virtualenv.py:178} INFO - Checking for running process with PID 3298
[2025-09-12T16:52:16.828+0000] {virtualenv.py:181} INFO - Process 3298 running: True and has the lock /tmp/cosmos_venv_ecom/cosmos_virtualenv.lock.
[2025-09-12T16:52:16.829+0000] {virtualenv.py:122} INFO - Waiting for virtualenv lock to be released
[2025-09-12T16:52:17.831+0000] {virtualenv.py:178} INFO - Checking for running process with PID 3298
[2025-09-12T16:52:17.831+0000] {virtualenv.py:181} INFO - Process 3298 running: True and has the lock /tmp/cosmos_venv_ecom/cosmos_virtualenv.lock.
[2025-09-12T16:52:17.832+0000] {virtualenv.py:122} INFO - Waiting for virtualenv lock to be released
[2025-09-12T16:52:18.833+0000] {virtualenv.py:178} INFO - Checking for running process with PID 3298
[2025-09-12T16:52:18.834+0000] {virtualenv.py:181} INFO - Process 3298 running: True and has the lock /tmp/cosmos_venv_ecom/cosmos_virtualenv.lock.
[2025-09-12T16:52:18.857+0000] {virtualenv.py:122} INFO - Waiting for virtualenv lock to be released
[2025-09-12T16:52:19.859+0000] {virtualenv.py:178} INFO - Checking for running process with PID 3298
[2025-09-12T16:52:19.860+0000] {virtualenv.py:181} INFO - Process 3298 running: True and has the lock /tmp/cosmos_venv_ecom/cosmos_virtualenv.lock.
[2025-09-12T16:52:19.860+0000] {virtualenv.py:122} INFO - Waiting for virtualenv lock to be released
[2025-09-12T16:52:20.862+0000] {virtualenv.py:178} INFO - Checking for running process with PID 3298
[2025-09-12T16:52:20.863+0000] {virtualenv.py:181} INFO - Process 3298 running: True and has the lock /tmp/cosmos_venv_ecom/cosmos_virtualenv.lock.
[2025-09-12T16:52:20.863+0000] {virtualenv.py:122} INFO - Waiting for virtualenv lock to be released
[2025-09-12T16:52:21.865+0000] {virtualenv.py:178} INFO - Checking for running process with PID 3298
[2025-09-12T16:52:21.866+0000] {virtualenv.py:181} INFO - Process 3298 running: True and has the lock /tmp/cosmos_venv_ecom/cosmos_virtualenv.lock.
[2025-09-12T16:52:21.866+0000] {virtualenv.py:122} INFO - Waiting for virtualenv lock to be released
[2025-09-12T16:52:22.868+0000] {virtualenv.py:178} INFO - Checking for running process with PID 3298
[2025-09-12T16:52:22.869+0000] {virtualenv.py:181} INFO - Process 3298 running: True and has the lock /tmp/cosmos_venv_ecom/cosmos_virtualenv.lock.
[2025-09-12T16:52:22.869+0000] {virtualenv.py:122} INFO - Waiting for virtualenv lock to be released
[2025-09-12T16:52:23.870+0000] {virtualenv.py:178} INFO - Checking for running process with PID 3298
[2025-09-12T16:52:23.870+0000] {virtualenv.py:181} INFO - Process 3298 running: True and has the lock /tmp/cosmos_venv_ecom/cosmos_virtualenv.lock.
[2025-09-12T16:52:23.871+0000] {virtualenv.py:122} INFO - Waiting for virtualenv lock to be released
[2025-09-12T16:52:24.872+0000] {virtualenv.py:126} INFO - Acquiring the virtualenv lock
[2025-09-12T16:52:24.873+0000] {virtualenv.py:195} INFO - Acquiring lock at /tmp/cosmos_venv_ecom/cosmos_virtualenv.lock with pid 3297
[2025-09-12T16:52:24.873+0000] {virtualenv.py:153} INFO - Creating or updating the virtualenv at `/tmp/cosmos_venv_ecom
[2025-09-12T16:52:24.874+0000] {process_utils.py:183} INFO - Executing cmd: /home/***/.local/bin/python -m virtualenv /tmp/cosmos_venv_ecom --python=python3
[2025-09-12T16:52:24.875+0000] {process_utils.py:187} INFO - Output:
[2025-09-12T16:52:26.040+0000] {process_utils.py:191} INFO - created virtual environment CPython3.10.14.final.0-64 in 403ms
[2025-09-12T16:52:26.041+0000] {process_utils.py:191} INFO -   creator CPython3Posix(dest=/tmp/cosmos_venv_ecom, clear=False, no_vcs_ignore=False, global=False)
[2025-09-12T16:52:26.042+0000] {process_utils.py:191} INFO -   seeder FromAppData(download=False, pip=bundle, setuptools=bundle, wheel=bundle, via=copy, app_data_dir=/home/***/.local/share/virtualenv)
[2025-09-12T16:52:26.043+0000] {process_utils.py:191} INFO -     added seed packages: MarkupSafe==3.0.2, PyYAML==6.0.2, agate==1.9.1, annotated_types==0.7.0, attrs==25.3.0, babel==2.17.0, certifi==2025.8.3, charset_normalizer==3.4.3, click==8.2.1, clickhouse_connect==0.8.18, clickhouse_driver==0.2.9, colorama==0.4.6, daff==1.4.2, dbt_adapters==1.16.7, dbt_clickhouse==1.9.3, dbt_common==1.30.0, dbt_core==1.10.11, dbt_extractor==0.6.0, dbt_protos==1.0.375, dbt_semantic_interfaces==0.9.0, deepdiff==8.6.1, idna==3.10, importlib_metadata==8.7.0, isodate==0.6.1, jinja2==3.1.6, jsonschema==4.25.1, jsonschema_specifications==2025.9.1, leather==0.4.0, lz4==4.4.4, mashumaro==3.14, more_itertools==10.8.0, msgpack==1.1.1, networkx==3.4.2, orderly_set==5.5.0, packaging==25.0, parsedatetime==2.6, pathspec==0.12.1, pip==24.1, protobuf==6.32.1, pydantic==2.11.7, pydantic_core==2.33.2, python_dateutil==2.9.0.post0, python_slugify==8.0.4, pytimeparse==1.1.8, pytz==2025.2, referencing==0.36.2, requests==2.32.5, rpds_py==0.27.1, six==1.17.0, snowplow_tracker==1.1.0, sqlparse==0.5.3, text_unidecode==1.3, typing_extensions==4.15.0, typing_inspection==0.4.1, tzlocal==5.3.1, urllib3==2.5.0, wheel==0.43.0, zipp==3.23.0, zstandard==0.24.0
[2025-09-12T16:52:26.044+0000] {process_utils.py:191} INFO -   activators BashActivator,CShellActivator,FishActivator,NushellActivator,PowerShellActivator,PythonActivator
[2025-09-12T16:52:26.125+0000] {process_utils.py:183} INFO - Executing cmd: /tmp/cosmos_venv_ecom/bin/pip install dbt-clickhouse
[2025-09-12T16:52:26.126+0000] {process_utils.py:187} INFO - Output:
[2025-09-12T16:52:27.368+0000] {process_utils.py:191} INFO - Requirement already satisfied: dbt-clickhouse in /tmp/cosmos_venv_ecom/lib/python3.10/site-packages (1.9.3)
[2025-09-12T16:52:27.371+0000] {process_utils.py:191} INFO - Requirement already satisfied: dbt-core>=1.9 in /tmp/cosmos_venv_ecom/lib/python3.10/site-packages (from dbt-clickhouse) (1.10.11)
[2025-09-12T16:52:27.372+0000] {process_utils.py:191} INFO - Requirement already satisfied: clickhouse-connect>=0.6.22 in /tmp/cosmos_venv_ecom/lib/python3.10/site-packages (from dbt-clickhouse) (0.8.18)
[2025-09-12T16:52:27.373+0000] {process_utils.py:191} INFO - Requirement already satisfied: clickhouse-driver>=0.2.6 in /tmp/cosmos_venv_ecom/lib/python3.10/site-packages (from dbt-clickhouse) (0.2.9)
[2025-09-12T16:52:27.373+0000] {process_utils.py:191} INFO - Requirement already satisfied: setuptools>=0.69 in /tmp/cosmos_venv_ecom/lib/python3.10/site-packages (from dbt-clickhouse) (70.1.0)
[2025-09-12T16:52:27.376+0000] {process_utils.py:191} INFO - Requirement already satisfied: certifi in /tmp/cosmos_venv_ecom/lib/python3.10/site-packages (from clickhouse-connect>=0.6.22->dbt-clickhouse) (2025.8.3)
[2025-09-12T16:52:27.377+0000] {process_utils.py:191} INFO - Requirement already satisfied: urllib3>=1.26 in /tmp/cosmos_venv_ecom/lib/python3.10/site-packages (from clickhouse-connect>=0.6.22->dbt-clickhouse) (2.5.0)
[2025-09-12T16:52:27.378+0000] {process_utils.py:191} INFO - Requirement already satisfied: pytz in /tmp/cosmos_venv_ecom/lib/python3.10/site-packages (from clickhouse-connect>=0.6.22->dbt-clickhouse) (2025.2)
[2025-09-12T16:52:27.379+0000] {process_utils.py:191} INFO - Requirement already satisfied: zstandard in /tmp/cosmos_venv_ecom/lib/python3.10/site-packages (from clickhouse-connect>=0.6.22->dbt-clickhouse) (0.24.0)
[2025-09-12T16:52:27.380+0000] {process_utils.py:191} INFO - Requirement already satisfied: lz4 in /tmp/cosmos_venv_ecom/lib/python3.10/site-packages (from clickhouse-connect>=0.6.22->dbt-clickhouse) (4.4.4)
[2025-09-12T16:52:27.382+0000] {process_utils.py:191} INFO - Requirement already satisfied: tzlocal in /tmp/cosmos_venv_ecom/lib/python3.10/site-packages (from clickhouse-driver>=0.2.6->dbt-clickhouse) (5.3.1)
[2025-09-12T16:52:27.389+0000] {process_utils.py:191} INFO - Requirement already satisfied: agate<1.10,>=1.7.0 in /tmp/cosmos_venv_ecom/lib/python3.10/site-packages (from dbt-core>=1.9->dbt-clickhouse) (1.9.1)
[2025-09-12T16:52:27.389+0000] {process_utils.py:191} INFO - Requirement already satisfied: Jinja2<4,>=3.1.3 in /tmp/cosmos_venv_ecom/lib/python3.10/site-packages (from dbt-core>=1.9->dbt-clickhouse) (3.1.6)
[2025-09-12T16:52:27.391+0000] {process_utils.py:191} INFO - Requirement already satisfied: mashumaro<3.15,>=3.9 in /tmp/cosmos_venv_ecom/lib/python3.10/site-packages (from mashumaro[msgpack]<3.15,>=3.9->dbt-core>=1.9->dbt-clickhouse) (3.14)
[2025-09-12T16:52:27.392+0000] {process_utils.py:191} INFO - Requirement already satisfied: click<9.0,>=8.0.2 in /tmp/cosmos_venv_ecom/lib/python3.10/site-packages (from dbt-core>=1.9->dbt-clickhouse) (8.2.1)
[2025-09-12T16:52:27.393+0000] {process_utils.py:191} INFO - Requirement already satisfied: jsonschema<5.0,>=4.19.1 in /tmp/cosmos_venv_ecom/lib/python3.10/site-packages (from dbt-core>=1.9->dbt-clickhouse) (4.25.1)
[2025-09-12T16:52:27.394+0000] {process_utils.py:191} INFO - Requirement already satisfied: networkx<4.0,>=2.3 in /tmp/cosmos_venv_ecom/lib/python3.10/site-packages (from dbt-core>=1.9->dbt-clickhouse) (3.4.2)
[2025-09-12T16:52:27.394+0000] {process_utils.py:191} INFO - Requirement already satisfied: protobuf<7.0,>=6.0 in /tmp/cosmos_venv_ecom/lib/python3.10/site-packages (from dbt-core>=1.9->dbt-clickhouse) (6.32.1)
[2025-09-12T16:52:27.395+0000] {process_utils.py:191} INFO - Requirement already satisfied: requests<3.0.0 in /tmp/cosmos_venv_ecom/lib/python3.10/site-packages (from dbt-core>=1.9->dbt-clickhouse) (2.32.5)
[2025-09-12T16:52:27.395+0000] {process_utils.py:191} INFO - Requirement already satisfied: snowplow-tracker<2.0,>=1.0.2 in /tmp/cosmos_venv_ecom/lib/python3.10/site-packages (from dbt-core>=1.9->dbt-clickhouse) (1.1.0)
[2025-09-12T16:52:27.396+0000] {process_utils.py:191} INFO - Requirement already satisfied: pathspec<0.13,>=0.9 in /tmp/cosmos_venv_ecom/lib/python3.10/site-packages (from dbt-core>=1.9->dbt-clickhouse) (0.12.1)
[2025-09-12T16:52:27.396+0000] {process_utils.py:191} INFO - Requirement already satisfied: sqlparse<0.6.0,>=0.5.0 in /tmp/cosmos_venv_ecom/lib/python3.10/site-packages (from dbt-core>=1.9->dbt-clickhouse) (0.5.3)
[2025-09-12T16:52:27.397+0000] {process_utils.py:191} INFO - Requirement already satisfied: dbt-extractor<=0.6,>=0.5.0 in /tmp/cosmos_venv_ecom/lib/python3.10/site-packages (from dbt-core>=1.9->dbt-clickhouse) (0.6.0)
[2025-09-12T16:52:27.398+0000] {process_utils.py:191} INFO - Requirement already satisfied: dbt-semantic-interfaces<0.10,>=0.9.0 in /tmp/cosmos_venv_ecom/lib/python3.10/site-packages (from dbt-core>=1.9->dbt-clickhouse) (0.9.0)
[2025-09-12T16:52:27.398+0000] {process_utils.py:191} INFO - Requirement already satisfied: dbt-common<2.0,>=1.27.0 in /tmp/cosmos_venv_ecom/lib/python3.10/site-packages (from dbt-core>=1.9->dbt-clickhouse) (1.30.0)
[2025-09-12T16:52:27.399+0000] {process_utils.py:191} INFO - Requirement already satisfied: dbt-adapters<2.0,>=1.15.5 in /tmp/cosmos_venv_ecom/lib/python3.10/site-packages (from dbt-core>=1.9->dbt-clickhouse) (1.16.7)
[2025-09-12T16:52:27.399+0000] {process_utils.py:191} INFO - Requirement already satisfied: dbt-protos<2.0,>=1.0.346 in /tmp/cosmos_venv_ecom/lib/python3.10/site-packages (from dbt-core>=1.9->dbt-clickhouse) (1.0.375)
[2025-09-12T16:52:27.400+0000] {process_utils.py:191} INFO - Requirement already satisfied: pydantic<3 in /tmp/cosmos_venv_ecom/lib/python3.10/site-packages (from dbt-core>=1.9->dbt-clickhouse) (2.11.7)
[2025-09-12T16:52:27.400+0000] {process_utils.py:191} INFO - Requirement already satisfied: packaging>20.9 in /tmp/cosmos_venv_ecom/lib/python3.10/site-packages (from dbt-core>=1.9->dbt-clickhouse) (25.0)
[2025-09-12T16:52:27.401+0000] {process_utils.py:191} INFO - Requirement already satisfied: pyyaml>=6.0 in /tmp/cosmos_venv_ecom/lib/python3.10/site-packages (from dbt-core>=1.9->dbt-clickhouse) (6.0.2)
[2025-09-12T16:52:27.402+0000] {process_utils.py:191} INFO - Requirement already satisfied: daff>=1.3.46 in /tmp/cosmos_venv_ecom/lib/python3.10/site-packages (from dbt-core>=1.9->dbt-clickhouse) (1.4.2)
[2025-09-12T16:52:27.402+0000] {process_utils.py:191} INFO - Requirement already satisfied: typing-extensions>=4.4 in /tmp/cosmos_venv_ecom/lib/python3.10/site-packages (from dbt-core>=1.9->dbt-clickhouse) (4.15.0)
[2025-09-12T16:52:27.414+0000] {process_utils.py:191} INFO - Requirement already satisfied: Babel>=2.0 in /tmp/cosmos_venv_ecom/lib/python3.10/site-packages (from agate<1.10,>=1.7.0->dbt-core>=1.9->dbt-clickhouse) (2.17.0)
[2025-09-12T16:52:27.415+0000] {process_utils.py:191} INFO - Requirement already satisfied: isodate>=0.5.4 in /tmp/cosmos_venv_ecom/lib/python3.10/site-packages (from agate<1.10,>=1.7.0->dbt-core>=1.9->dbt-clickhouse) (0.6.1)
[2025-09-12T16:52:27.416+0000] {process_utils.py:191} INFO - Requirement already satisfied: leather>=0.3.2 in /tmp/cosmos_venv_ecom/lib/python3.10/site-packages (from agate<1.10,>=1.7.0->dbt-core>=1.9->dbt-clickhouse) (0.4.0)
[2025-09-12T16:52:27.417+0000] {process_utils.py:191} INFO - Requirement already satisfied: parsedatetime!=2.5,>=2.1 in /tmp/cosmos_venv_ecom/lib/python3.10/site-packages (from agate<1.10,>=1.7.0->dbt-core>=1.9->dbt-clickhouse) (2.6)
[2025-09-12T16:52:27.417+0000] {process_utils.py:191} INFO - Requirement already satisfied: python-slugify>=1.2.1 in /tmp/cosmos_venv_ecom/lib/python3.10/site-packages (from agate<1.10,>=1.7.0->dbt-core>=1.9->dbt-clickhouse) (8.0.4)
[2025-09-12T16:52:27.418+0000] {process_utils.py:191} INFO - Requirement already satisfied: pytimeparse>=1.1.5 in /tmp/cosmos_venv_ecom/lib/python3.10/site-packages (from agate<1.10,>=1.7.0->dbt-core>=1.9->dbt-clickhouse) (1.1.8)
[2025-09-12T16:52:27.430+0000] {process_utils.py:191} INFO - Requirement already satisfied: colorama<0.5,>=0.3.9 in /tmp/cosmos_venv_ecom/lib/python3.10/site-packages (from dbt-common<2.0,>=1.27.0->dbt-core>=1.9->dbt-clickhouse) (0.4.6)
[2025-09-12T16:52:27.431+0000] {process_utils.py:191} INFO - Requirement already satisfied: deepdiff<9.0,>=7.0 in /tmp/cosmos_venv_ecom/lib/python3.10/site-packages (from dbt-common<2.0,>=1.27.0->dbt-core>=1.9->dbt-clickhouse) (8.6.1)
[2025-09-12T16:52:27.433+0000] {process_utils.py:191} INFO - Requirement already satisfied: python-dateutil<3.0,>=2.0 in /tmp/cosmos_venv_ecom/lib/python3.10/site-packages (from dbt-common<2.0,>=1.27.0->dbt-core>=1.9->dbt-clickhouse) (2.9.0.post0)
[2025-09-12T16:52:27.440+0000] {process_utils.py:191} INFO - Requirement already satisfied: importlib-metadata<9,>=6.0 in /tmp/cosmos_venv_ecom/lib/python3.10/site-packages (from dbt-semantic-interfaces<0.10,>=0.9.0->dbt-core>=1.9->dbt-clickhouse) (8.7.0)
[2025-09-12T16:52:27.441+0000] {process_utils.py:191} INFO - Requirement already satisfied: more-itertools<11.0,>=8.0 in /tmp/cosmos_venv_ecom/lib/python3.10/site-packages (from dbt-semantic-interfaces<0.10,>=0.9.0->dbt-core>=1.9->dbt-clickhouse) (10.8.0)
[2025-09-12T16:52:27.444+0000] {process_utils.py:191} INFO - Requirement already satisfied: MarkupSafe>=2.0 in /tmp/cosmos_venv_ecom/lib/python3.10/site-packages (from Jinja2<4,>=3.1.3->dbt-core>=1.9->dbt-clickhouse) (3.0.2)
[2025-09-12T16:52:27.449+0000] {process_utils.py:191} INFO - Requirement already satisfied: attrs>=22.2.0 in /tmp/cosmos_venv_ecom/lib/python3.10/site-packages (from jsonschema<5.0,>=4.19.1->dbt-core>=1.9->dbt-clickhouse) (25.3.0)
[2025-09-12T16:52:27.450+0000] {process_utils.py:191} INFO - Requirement already satisfied: jsonschema-specifications>=2023.03.6 in /tmp/cosmos_venv_ecom/lib/python3.10/site-packages (from jsonschema<5.0,>=4.19.1->dbt-core>=1.9->dbt-clickhouse) (2025.9.1)
[2025-09-12T16:52:27.451+0000] {process_utils.py:191} INFO - Requirement already satisfied: referencing>=0.28.4 in /tmp/cosmos_venv_ecom/lib/python3.10/site-packages (from jsonschema<5.0,>=4.19.1->dbt-core>=1.9->dbt-clickhouse) (0.36.2)
[2025-09-12T16:52:27.451+0000] {process_utils.py:191} INFO - Requirement already satisfied: rpds-py>=0.7.1 in /tmp/cosmos_venv_ecom/lib/python3.10/site-packages (from jsonschema<5.0,>=4.19.1->dbt-core>=1.9->dbt-clickhouse) (0.27.1)
[2025-09-12T16:52:27.459+0000] {process_utils.py:191} INFO - Requirement already satisfied: msgpack>=0.5.6 in /tmp/cosmos_venv_ecom/lib/python3.10/site-packages (from mashumaro[msgpack]<3.15,>=3.9->dbt-core>=1.9->dbt-clickhouse) (1.1.1)
[2025-09-12T16:52:27.474+0000] {process_utils.py:191} INFO - Requirement already satisfied: annotated-types>=0.6.0 in /tmp/cosmos_venv_ecom/lib/python3.10/site-packages (from pydantic<3->dbt-core>=1.9->dbt-clickhouse) (0.7.0)
[2025-09-12T16:52:27.475+0000] {process_utils.py:191} INFO - Requirement already satisfied: pydantic-core==2.33.2 in /tmp/cosmos_venv_ecom/lib/python3.10/site-packages (from pydantic<3->dbt-core>=1.9->dbt-clickhouse) (2.33.2)
[2025-09-12T16:52:27.475+0000] {process_utils.py:191} INFO - Requirement already satisfied: typing-inspection>=0.4.0 in /tmp/cosmos_venv_ecom/lib/python3.10/site-packages (from pydantic<3->dbt-core>=1.9->dbt-clickhouse) (0.4.1)
[2025-09-12T16:52:27.484+0000] {process_utils.py:191} INFO - Requirement already satisfied: charset_normalizer<4,>=2 in /tmp/cosmos_venv_ecom/lib/python3.10/site-packages (from requests<3.0.0->dbt-core>=1.9->dbt-clickhouse) (3.4.3)
[2025-09-12T16:52:27.485+0000] {process_utils.py:191} INFO - Requirement already satisfied: idna<4,>=2.5 in /tmp/cosmos_venv_ecom/lib/python3.10/site-packages (from requests<3.0.0->dbt-core>=1.9->dbt-clickhouse) (3.10)
[2025-09-12T16:52:27.529+0000] {process_utils.py:191} INFO - Requirement already satisfied: orderly-set<6,>=5.4.1 in /tmp/cosmos_venv_ecom/lib/python3.10/site-packages (from deepdiff<9.0,>=7.0->dbt-common<2.0,>=1.27.0->dbt-core>=1.9->dbt-clickhouse) (5.5.0)
[2025-09-12T16:52:27.539+0000] {process_utils.py:191} INFO - Requirement already satisfied: zipp>=3.20 in /tmp/cosmos_venv_ecom/lib/python3.10/site-packages (from importlib-metadata<9,>=6.0->dbt-semantic-interfaces<0.10,>=0.9.0->dbt-core>=1.9->dbt-clickhouse) (3.23.0)
[2025-09-12T16:52:27.542+0000] {process_utils.py:191} INFO - Requirement already satisfied: six in /tmp/cosmos_venv_ecom/lib/python3.10/site-packages (from isodate>=0.5.4->agate<1.10,>=1.7.0->dbt-core>=1.9->dbt-clickhouse) (1.17.0)
[2025-09-12T16:52:27.564+0000] {process_utils.py:191} INFO - Requirement already satisfied: text-unidecode>=1.3 in /tmp/cosmos_venv_ecom/lib/python3.10/site-packages (from python-slugify>=1.2.1->agate<1.10,>=1.7.0->dbt-core>=1.9->dbt-clickhouse) (1.3)
[2025-09-12T16:52:27.609+0000] {process_utils.py:191} INFO - 
[2025-09-12T16:52:27.610+0000] {process_utils.py:191} INFO - [notice] A new release of pip is available: 24.1 -> 25.2
[2025-09-12T16:52:27.611+0000] {process_utils.py:191} INFO - [notice] To update, run: python -m pip install --upgrade pip
[2025-09-12T16:52:27.776+0000] {local.py:470} INFO - Cloning project to writable temp directory /tmp/tmp7uz60cpe from /opt/airflow/dags/dbt/ecom_staging
[2025-09-12T16:52:27.792+0000] {local.py:490} INFO - Partial parse is enabled and the latest partial parse file is /tmp/cosmos/dbt_ecom_cosmos__dbt_ecom/target/partial_parse.msgpack
[2025-09-12T16:52:27.805+0000] {config.py:362} INFO - Using user-supplied profiles.yml at /opt/airflow/dags/dbt/ecom_staging/profiles.yml
[2025-09-12T16:52:27.821+0000] {virtualenv.py:99} INFO - Using Python binary from virtualenv: /tmp/cosmos_venv_ecom/bin/python
[2025-09-12T16:52:27.822+0000] {local.py:434} INFO - Trying to run the command:
 ['/tmp/cosmos_venv_ecom/bin/dbt', 'deps', '--project-dir', '/tmp/tmp7uz60cpe', '--profiles-dir', '/opt/***/dags/dbt/ecom_staging', '--profile', 'ecom_staging', '--target', 'dev']
From /tmp/tmp7uz60cpe
[2025-09-12T16:52:27.823+0000] {subprocess.py:56} INFO - Tmp dir root location: 
 /tmp
[2025-09-12T16:52:27.824+0000] {subprocess.py:69} INFO - Running command: ['/tmp/cosmos_venv_ecom/bin/dbt', 'deps', '--project-dir', '/tmp/tmp7uz60cpe', '--profiles-dir', '/opt/***/dags/dbt/ecom_staging', '--profile', 'ecom_staging', '--target', 'dev']
[2025-09-12T16:52:27.837+0000] {subprocess.py:80} INFO - Command output:
[2025-09-12T16:52:30.126+0000] {subprocess.py:90} INFO - [0m16:52:30  Running with dbt=1.10.11
[2025-09-12T16:52:30.973+0000] {subprocess.py:90} INFO - [0m16:52:30  Installing dbt-labs/dbt_utils
[2025-09-12T16:52:31.755+0000] {subprocess.py:90} INFO - [0m16:52:31  Installed from version 1.3.0
[2025-09-12T16:52:31.756+0000] {subprocess.py:90} INFO - [0m16:52:31  Updated version available: 1.3.1
[2025-09-12T16:52:31.757+0000] {subprocess.py:90} INFO - [0m16:52:31
[2025-09-12T16:52:31.757+0000] {subprocess.py:90} INFO - [0m16:52:31  Updates available for packages: ['dbt-labs/dbt_utils']
[2025-09-12T16:52:31.758+0000] {subprocess.py:90} INFO - Update your versions in packages.yml, then run dbt deps
[2025-09-12T16:52:33.561+0000] {subprocess.py:94} INFO - Command exited with return code 0
[2025-09-12T16:52:33.562+0000] {local.py:441} INFO - Update your versions in packages.yml, then run dbt deps
[2025-09-12T16:52:33.563+0000] {virtualenv.py:99} INFO - Using Python binary from virtualenv: /tmp/cosmos_venv_ecom/bin/python
[2025-09-12T16:52:33.564+0000] {local.py:434} INFO - Trying to run the command:
 ['/tmp/cosmos_venv_ecom/bin/dbt', 'run', '--models', 'stg_orders', '--project-dir', '/tmp/tmp7uz60cpe', '--profiles-dir', '/opt/***/dags/dbt/ecom_staging', '--profile', 'ecom_staging', '--target', 'dev']
From /tmp/tmp7uz60cpe
[2025-09-12T16:52:33.565+0000] {subprocess.py:56} INFO - Tmp dir root location: 
 /tmp
[2025-09-12T16:52:33.566+0000] {subprocess.py:69} INFO - Running command: ['/tmp/cosmos_venv_ecom/bin/dbt', 'run', '--models', 'stg_orders', '--project-dir', '/tmp/tmp7uz60cpe', '--profiles-dir', '/opt/***/dags/dbt/ecom_staging', '--profile', 'ecom_staging', '--target', 'dev']
[2025-09-12T16:52:33.580+0000] {subprocess.py:80} INFO - Command output:
[2025-09-12T16:52:35.910+0000] {subprocess.py:90} INFO - [0m16:52:35  Running with dbt=1.10.11
[2025-09-12T16:52:35.912+0000] {subprocess.py:90} INFO - [0m16:52:35  [[33mWARNING[0m]: Deprecated functionality
[2025-09-12T16:52:35.913+0000] {subprocess.py:90} INFO - Usage of `--models`, `--model`, and `-m` is deprecated in favor of `--select` or
[2025-09-12T16:52:35.914+0000] {subprocess.py:90} INFO - `-s`.
[2025-09-12T16:52:36.264+0000] {subprocess.py:90} INFO - [0m16:52:36  Registered adapter: clickhouse=1.9.3
[2025-09-12T16:52:37.082+0000] {subprocess.py:90} INFO - [0m16:52:37  Found 8 models, 27 data tests, 8 sources, 597 macros
[2025-09-12T16:52:37.085+0000] {subprocess.py:90} INFO - [0m16:52:37
[2025-09-12T16:52:37.085+0000] {subprocess.py:90} INFO - [0m16:52:37  Concurrency: 4 threads (target='dev')
[2025-09-12T16:52:37.085+0000] {subprocess.py:90} INFO - [0m16:52:37
[2025-09-12T16:52:37.228+0000] {subprocess.py:90} INFO - [0m16:52:37  1 of 1 START sql view model `ecom_db_staging`.`stg_orders` ..................... [RUN]
[2025-09-12T16:52:37.310+0000] {subprocess.py:90} INFO - [0m16:52:37  1 of 1 OK created sql view model `ecom_db_staging`.`stg_orders` ................ [[32mOK[0m in 0.08s]
[2025-09-12T16:52:37.314+0000] {subprocess.py:90} INFO - [0m16:52:37
[2025-09-12T16:52:37.314+0000] {subprocess.py:90} INFO - [0m16:52:37  Finished running 1 view model in 0 hours 0 minutes and 0.23 seconds (0.23s).
[2025-09-12T16:52:37.373+0000] {subprocess.py:90} INFO - [0m16:52:37
[2025-09-12T16:52:37.374+0000] {subprocess.py:90} INFO - [0m16:52:37  [32mCompleted successfully[0m
[2025-09-12T16:52:37.375+0000] {subprocess.py:90} INFO - [0m16:52:37
[2025-09-12T16:52:37.375+0000] {subprocess.py:90} INFO - [0m16:52:37  Done. PASS=1 WARN=0 ERROR=0 SKIP=0 NO-OP=0 TOTAL=1
[2025-09-12T16:52:37.376+0000] {subprocess.py:90} INFO - [0m16:52:37  [[33mWARNING[0m][DeprecationsSummary]: Deprecated functionality
[2025-09-12T16:52:37.376+0000] {subprocess.py:90} INFO - Summary of encountered deprecations:
[2025-09-12T16:52:37.377+0000] {subprocess.py:90} INFO - - ModelParamUsageDeprecation: 1 occurrence
[2025-09-12T16:52:37.377+0000] {subprocess.py:90} INFO - To see all deprecation instances instead of just the first occurrence of each,
[2025-09-12T16:52:37.378+0000] {subprocess.py:90} INFO - run command again with the `--show-all-deprecations` flag. You may also need to
[2025-09-12T16:52:37.378+0000] {subprocess.py:90} INFO - run with `--no-partial-parse` as some deprecations are only encountered during
[2025-09-12T16:52:37.379+0000] {subprocess.py:90} INFO - parsing.
[2025-09-12T16:52:39.152+0000] {subprocess.py:94} INFO - Command exited with return code 0
[2025-09-12T16:52:39.153+0000] {local.py:441} INFO - parsing.
[2025-09-12T16:52:39.168+0000] {local.py:196} WARNING - Artifact schema version: https://schemas.getdbt.com/dbt/manifest/v12.json is above dbt-ol supported version 7. This might cause errors.
[2025-09-12T16:52:39.168+0000] {local.py:196} WARNING - Artifact schema version: https://schemas.getdbt.com/dbt/run-results/v6.json is above dbt-ol supported version 5. This might cause errors.
[2025-09-12T16:52:39.176+0000] {local.py:547} INFO - Inlets: []
[2025-09-12T16:52:39.178+0000] {local.py:548} INFO - Outlets: []
[2025-09-12T16:52:39.178+0000] {local.py:772} INFO - Assigning inlets/outlets without DatasetAlias
[2025-09-12T16:52:39.179+0000] {dag.py:3089} INFO - Sync 1 DAGs
[2025-09-12T16:52:39.242+0000] {dag.py:3947} INFO - Setting next_dagrun for dbt_ecom_cosmos to 2025-09-12 00:00:00+00:00, run_after=2025-09-13 00:00:00+00:00
[2025-09-12T16:52:39.324+0000] {virtualenv.py:131} INFO - Releasing virtualenv lock
[2025-09-12T16:52:39.325+0000] {virtualenv.py:145} INFO - None
[2025-09-12T16:52:39.325+0000] {taskinstance.py:441} INFO - ::group::Post task execution logs
[2025-09-12T16:52:39.369+0000] {taskinstance.py:1206} INFO - Marking task as SUCCESS. dag_id=dbt_ecom_cosmos, task_id=dbt_ecom.stg_orders_run, run_id=scheduled__2025-09-11T00:00:00+00:00, execution_date=20250911T000000, start_date=20250912T165104, end_date=20250912T165239
[2025-09-12T16:52:39.448+0000] {local_task_job_runner.py:243} INFO - Task exited with return code 0
[2025-09-12T16:52:39.516+0000] {taskinstance.py:3503} INFO - 0 downstream tasks scheduled from follow-on schedule check
[2025-09-12T16:52:39.519+0000] {local_task_job_runner.py:222} INFO - ::endgroup::
