[2025-09-13T09:56:54.708+0000] {local_task_job_runner.py:120} INFO - ::group::Pre task execution logs
[2025-09-13T09:56:55.259+0000] {taskinstance.py:2076} INFO - Dependencies all met for dep_context=non-requeueable deps ti=<TaskInstance: dbt_staging.dbt_ecom.STG_CUSTOMERS_run manual__2025-09-13T09:56:51.761502+00:00 [queued]>
[2025-09-13T09:56:55.280+0000] {taskinstance.py:2076} INFO - Dependencies all met for dep_context=requeueable deps ti=<TaskInstance: dbt_staging.dbt_ecom.STG_CUSTOMERS_run manual__2025-09-13T09:56:51.761502+00:00 [queued]>
[2025-09-13T09:56:55.281+0000] {taskinstance.py:2306} INFO - Starting attempt 1 of 1
[2025-09-13T09:56:55.322+0000] {taskinstance.py:2330} INFO - Executing <Task(DbtRunVirtualenvOperator): dbt_ecom.STG_CUSTOMERS_run> on 2025-09-13 09:56:51.761502+00:00
[2025-09-13T09:56:55.332+0000] {standard_task_runner.py:64} INFO - Started process 8718 to run task
[2025-09-13T09:56:55.346+0000] {standard_task_runner.py:90} INFO - Running: ['***', 'tasks', 'run', 'dbt_staging', 'dbt_ecom.STG_CUSTOMERS_run', 'manual__2025-09-13T09:56:51.761502+00:00', '--job-id', '259', '--raw', '--subdir', 'DAGS_FOLDER/dbt_staging.py', '--cfg-path', '/tmp/tmp1vbr634g']
[2025-09-13T09:56:55.351+0000] {standard_task_runner.py:91} INFO - Job 259: Subtask dbt_ecom.STG_CUSTOMERS_run
[2025-09-13T09:56:55.744+0000] {task_command.py:426} INFO - Running <TaskInstance: dbt_staging.dbt_ecom.STG_CUSTOMERS_run manual__2025-09-13T09:56:51.761502+00:00 [running]> on host e95bde6b8d07
[2025-09-13T09:56:56.329+0000] {taskinstance.py:2648} INFO - Exporting env vars: AIRFLOW_CTX_DAG_OWNER='***' AIRFLOW_CTX_DAG_ID='dbt_staging' AIRFLOW_CTX_TASK_ID='dbt_ecom.STG_CUSTOMERS_run' AIRFLOW_CTX_EXECUTION_DATE='2025-09-13T09:56:51.761502+00:00' AIRFLOW_CTX_TRY_NUMBER='1' AIRFLOW_CTX_DAG_RUN_ID='manual__2025-09-13T09:56:51.761502+00:00'
[2025-09-13T09:56:56.332+0000] {taskinstance.py:430} INFO - ::endgroup::
[2025-09-13T09:56:56.354+0000] {virtualenv.py:120} INFO - Checking if the virtualenv lock /tmp/cosmos_venv_ecom/cosmos_virtualenv.lock exists
[2025-09-13T09:56:56.355+0000] {virtualenv.py:178} INFO - Checking for running process with PID 8713
[2025-09-13T09:56:56.356+0000] {virtualenv.py:181} INFO - Process 8713 running: True and has the lock /tmp/cosmos_venv_ecom/cosmos_virtualenv.lock.
[2025-09-13T09:56:56.356+0000] {virtualenv.py:122} INFO - Waiting for virtualenv lock to be released
[2025-09-13T09:56:57.357+0000] {virtualenv.py:178} INFO - Checking for running process with PID 8713
[2025-09-13T09:56:57.358+0000] {virtualenv.py:181} INFO - Process 8713 running: True and has the lock /tmp/cosmos_venv_ecom/cosmos_virtualenv.lock.
[2025-09-13T09:56:57.359+0000] {virtualenv.py:122} INFO - Waiting for virtualenv lock to be released
[2025-09-13T09:56:58.361+0000] {virtualenv.py:178} INFO - Checking for running process with PID 8713
[2025-09-13T09:56:58.362+0000] {virtualenv.py:181} INFO - Process 8713 running: True and has the lock /tmp/cosmos_venv_ecom/cosmos_virtualenv.lock.
[2025-09-13T09:56:58.362+0000] {virtualenv.py:122} INFO - Waiting for virtualenv lock to be released
[2025-09-13T09:56:59.364+0000] {virtualenv.py:178} INFO - Checking for running process with PID 8713
[2025-09-13T09:56:59.365+0000] {virtualenv.py:181} INFO - Process 8713 running: True and has the lock /tmp/cosmos_venv_ecom/cosmos_virtualenv.lock.
[2025-09-13T09:56:59.366+0000] {virtualenv.py:122} INFO - Waiting for virtualenv lock to be released
[2025-09-13T09:57:00.367+0000] {virtualenv.py:178} INFO - Checking for running process with PID 8713
[2025-09-13T09:57:00.368+0000] {virtualenv.py:181} INFO - Process 8713 running: True and has the lock /tmp/cosmos_venv_ecom/cosmos_virtualenv.lock.
[2025-09-13T09:57:00.369+0000] {virtualenv.py:122} INFO - Waiting for virtualenv lock to be released
[2025-09-13T09:57:01.371+0000] {virtualenv.py:178} INFO - Checking for running process with PID 8713
[2025-09-13T09:57:01.372+0000] {virtualenv.py:181} INFO - Process 8713 running: True and has the lock /tmp/cosmos_venv_ecom/cosmos_virtualenv.lock.
[2025-09-13T09:57:01.372+0000] {virtualenv.py:122} INFO - Waiting for virtualenv lock to be released
[2025-09-13T09:57:02.374+0000] {virtualenv.py:178} INFO - Checking for running process with PID 8713
[2025-09-13T09:57:02.374+0000] {virtualenv.py:181} INFO - Process 8713 running: True and has the lock /tmp/cosmos_venv_ecom/cosmos_virtualenv.lock.
[2025-09-13T09:57:02.375+0000] {virtualenv.py:122} INFO - Waiting for virtualenv lock to be released
[2025-09-13T09:57:03.376+0000] {virtualenv.py:178} INFO - Checking for running process with PID 8713
[2025-09-13T09:57:03.377+0000] {virtualenv.py:181} INFO - Process 8713 running: True and has the lock /tmp/cosmos_venv_ecom/cosmos_virtualenv.lock.
[2025-09-13T09:57:03.378+0000] {virtualenv.py:122} INFO - Waiting for virtualenv lock to be released
[2025-09-13T09:57:04.380+0000] {virtualenv.py:178} INFO - Checking for running process with PID 8713
[2025-09-13T09:57:04.381+0000] {virtualenv.py:181} INFO - Process 8713 running: True and has the lock /tmp/cosmos_venv_ecom/cosmos_virtualenv.lock.
[2025-09-13T09:57:04.382+0000] {virtualenv.py:122} INFO - Waiting for virtualenv lock to be released
[2025-09-13T09:57:05.384+0000] {virtualenv.py:178} INFO - Checking for running process with PID 8713
[2025-09-13T09:57:05.385+0000] {virtualenv.py:181} INFO - Process 8713 running: True and has the lock /tmp/cosmos_venv_ecom/cosmos_virtualenv.lock.
[2025-09-13T09:57:05.385+0000] {virtualenv.py:122} INFO - Waiting for virtualenv lock to be released
[2025-09-13T09:57:06.387+0000] {virtualenv.py:178} INFO - Checking for running process with PID 8713
[2025-09-13T09:57:06.388+0000] {virtualenv.py:181} INFO - Process 8713 running: True and has the lock /tmp/cosmos_venv_ecom/cosmos_virtualenv.lock.
[2025-09-13T09:57:06.389+0000] {virtualenv.py:122} INFO - Waiting for virtualenv lock to be released
[2025-09-13T09:57:07.389+0000] {virtualenv.py:178} INFO - Checking for running process with PID 8713
[2025-09-13T09:57:07.390+0000] {virtualenv.py:181} INFO - Process 8713 running: True and has the lock /tmp/cosmos_venv_ecom/cosmos_virtualenv.lock.
[2025-09-13T09:57:07.390+0000] {virtualenv.py:122} INFO - Waiting for virtualenv lock to be released
[2025-09-13T09:57:08.392+0000] {virtualenv.py:178} INFO - Checking for running process with PID 8713
[2025-09-13T09:57:08.393+0000] {virtualenv.py:181} INFO - Process 8713 running: True and has the lock /tmp/cosmos_venv_ecom/cosmos_virtualenv.lock.
[2025-09-13T09:57:08.393+0000] {virtualenv.py:122} INFO - Waiting for virtualenv lock to be released
[2025-09-13T09:57:09.394+0000] {virtualenv.py:178} INFO - Checking for running process with PID 8713
[2025-09-13T09:57:09.395+0000] {virtualenv.py:181} INFO - Process 8713 running: True and has the lock /tmp/cosmos_venv_ecom/cosmos_virtualenv.lock.
[2025-09-13T09:57:09.396+0000] {virtualenv.py:122} INFO - Waiting for virtualenv lock to be released
[2025-09-13T09:57:10.398+0000] {virtualenv.py:178} INFO - Checking for running process with PID 8713
[2025-09-13T09:57:10.399+0000] {virtualenv.py:181} INFO - Process 8713 running: True and has the lock /tmp/cosmos_venv_ecom/cosmos_virtualenv.lock.
[2025-09-13T09:57:10.399+0000] {virtualenv.py:122} INFO - Waiting for virtualenv lock to be released
[2025-09-13T09:57:11.400+0000] {virtualenv.py:178} INFO - Checking for running process with PID 8714
[2025-09-13T09:57:11.401+0000] {virtualenv.py:181} INFO - Process 8714 running: True and has the lock /tmp/cosmos_venv_ecom/cosmos_virtualenv.lock.
[2025-09-13T09:57:11.402+0000] {virtualenv.py:122} INFO - Waiting for virtualenv lock to be released
[2025-09-13T09:57:12.403+0000] {virtualenv.py:178} INFO - Checking for running process with PID 8714
[2025-09-13T09:57:12.404+0000] {virtualenv.py:181} INFO - Process 8714 running: True and has the lock /tmp/cosmos_venv_ecom/cosmos_virtualenv.lock.
[2025-09-13T09:57:12.405+0000] {virtualenv.py:122} INFO - Waiting for virtualenv lock to be released
[2025-09-13T09:57:13.406+0000] {virtualenv.py:178} INFO - Checking for running process with PID 8714
[2025-09-13T09:57:13.407+0000] {virtualenv.py:181} INFO - Process 8714 running: True and has the lock /tmp/cosmos_venv_ecom/cosmos_virtualenv.lock.
[2025-09-13T09:57:13.408+0000] {virtualenv.py:122} INFO - Waiting for virtualenv lock to be released
[2025-09-13T09:57:14.409+0000] {virtualenv.py:178} INFO - Checking for running process with PID 8714
[2025-09-13T09:57:14.410+0000] {virtualenv.py:181} INFO - Process 8714 running: True and has the lock /tmp/cosmos_venv_ecom/cosmos_virtualenv.lock.
[2025-09-13T09:57:14.410+0000] {virtualenv.py:122} INFO - Waiting for virtualenv lock to be released
[2025-09-13T09:57:15.412+0000] {virtualenv.py:178} INFO - Checking for running process with PID 8714
[2025-09-13T09:57:15.413+0000] {virtualenv.py:181} INFO - Process 8714 running: True and has the lock /tmp/cosmos_venv_ecom/cosmos_virtualenv.lock.
[2025-09-13T09:57:15.413+0000] {virtualenv.py:122} INFO - Waiting for virtualenv lock to be released
[2025-09-13T09:57:16.415+0000] {virtualenv.py:178} INFO - Checking for running process with PID 8714
[2025-09-13T09:57:16.416+0000] {virtualenv.py:181} INFO - Process 8714 running: True and has the lock /tmp/cosmos_venv_ecom/cosmos_virtualenv.lock.
[2025-09-13T09:57:16.416+0000] {virtualenv.py:122} INFO - Waiting for virtualenv lock to be released
[2025-09-13T09:57:17.417+0000] {virtualenv.py:178} INFO - Checking for running process with PID 8714
[2025-09-13T09:57:17.418+0000] {virtualenv.py:181} INFO - Process 8714 running: True and has the lock /tmp/cosmos_venv_ecom/cosmos_virtualenv.lock.
[2025-09-13T09:57:17.418+0000] {virtualenv.py:122} INFO - Waiting for virtualenv lock to be released
[2025-09-13T09:57:18.420+0000] {virtualenv.py:178} INFO - Checking for running process with PID 8714
[2025-09-13T09:57:18.421+0000] {virtualenv.py:181} INFO - Process 8714 running: True and has the lock /tmp/cosmos_venv_ecom/cosmos_virtualenv.lock.
[2025-09-13T09:57:18.421+0000] {virtualenv.py:122} INFO - Waiting for virtualenv lock to be released
[2025-09-13T09:57:19.423+0000] {virtualenv.py:178} INFO - Checking for running process with PID 8714
[2025-09-13T09:57:19.424+0000] {virtualenv.py:181} INFO - Process 8714 running: True and has the lock /tmp/cosmos_venv_ecom/cosmos_virtualenv.lock.
[2025-09-13T09:57:19.424+0000] {virtualenv.py:122} INFO - Waiting for virtualenv lock to be released
[2025-09-13T09:57:20.426+0000] {virtualenv.py:178} INFO - Checking for running process with PID 8714
[2025-09-13T09:57:20.427+0000] {virtualenv.py:181} INFO - Process 8714 running: True and has the lock /tmp/cosmos_venv_ecom/cosmos_virtualenv.lock.
[2025-09-13T09:57:20.427+0000] {virtualenv.py:122} INFO - Waiting for virtualenv lock to be released
[2025-09-13T09:57:21.428+0000] {virtualenv.py:178} INFO - Checking for running process with PID 8714
[2025-09-13T09:57:21.429+0000] {virtualenv.py:181} INFO - Process 8714 running: True and has the lock /tmp/cosmos_venv_ecom/cosmos_virtualenv.lock.
[2025-09-13T09:57:21.429+0000] {virtualenv.py:122} INFO - Waiting for virtualenv lock to be released
[2025-09-13T09:57:22.431+0000] {virtualenv.py:178} INFO - Checking for running process with PID 8714
[2025-09-13T09:57:22.432+0000] {virtualenv.py:181} INFO - Process 8714 running: True and has the lock /tmp/cosmos_venv_ecom/cosmos_virtualenv.lock.
[2025-09-13T09:57:22.432+0000] {virtualenv.py:122} INFO - Waiting for virtualenv lock to be released
[2025-09-13T09:57:23.434+0000] {virtualenv.py:178} INFO - Checking for running process with PID 8714
[2025-09-13T09:57:23.434+0000] {virtualenv.py:181} INFO - Process 8714 running: True and has the lock /tmp/cosmos_venv_ecom/cosmos_virtualenv.lock.
[2025-09-13T09:57:23.435+0000] {virtualenv.py:122} INFO - Waiting for virtualenv lock to be released
[2025-09-13T09:57:24.436+0000] {virtualenv.py:178} INFO - Checking for running process with PID 8714
[2025-09-13T09:57:24.437+0000] {virtualenv.py:181} INFO - Process 8714 running: True and has the lock /tmp/cosmos_venv_ecom/cosmos_virtualenv.lock.
[2025-09-13T09:57:24.437+0000] {virtualenv.py:122} INFO - Waiting for virtualenv lock to be released
[2025-09-13T09:57:25.439+0000] {virtualenv.py:178} INFO - Checking for running process with PID 8717
[2025-09-13T09:57:25.440+0000] {virtualenv.py:181} INFO - Process 8717 running: True and has the lock /tmp/cosmos_venv_ecom/cosmos_virtualenv.lock.
[2025-09-13T09:57:25.441+0000] {virtualenv.py:122} INFO - Waiting for virtualenv lock to be released
[2025-09-13T09:57:26.442+0000] {virtualenv.py:178} INFO - Checking for running process with PID 8717
[2025-09-13T09:57:26.443+0000] {virtualenv.py:181} INFO - Process 8717 running: True and has the lock /tmp/cosmos_venv_ecom/cosmos_virtualenv.lock.
[2025-09-13T09:57:26.443+0000] {virtualenv.py:122} INFO - Waiting for virtualenv lock to be released
[2025-09-13T09:57:27.444+0000] {virtualenv.py:178} INFO - Checking for running process with PID 8717
[2025-09-13T09:57:27.445+0000] {virtualenv.py:181} INFO - Process 8717 running: True and has the lock /tmp/cosmos_venv_ecom/cosmos_virtualenv.lock.
[2025-09-13T09:57:27.446+0000] {virtualenv.py:122} INFO - Waiting for virtualenv lock to be released
[2025-09-13T09:57:28.447+0000] {virtualenv.py:178} INFO - Checking for running process with PID 8717
[2025-09-13T09:57:28.448+0000] {virtualenv.py:181} INFO - Process 8717 running: True and has the lock /tmp/cosmos_venv_ecom/cosmos_virtualenv.lock.
[2025-09-13T09:57:28.449+0000] {virtualenv.py:122} INFO - Waiting for virtualenv lock to be released
[2025-09-13T09:57:29.450+0000] {virtualenv.py:178} INFO - Checking for running process with PID 8717
[2025-09-13T09:57:29.451+0000] {virtualenv.py:181} INFO - Process 8717 running: True and has the lock /tmp/cosmos_venv_ecom/cosmos_virtualenv.lock.
[2025-09-13T09:57:29.452+0000] {virtualenv.py:122} INFO - Waiting for virtualenv lock to be released
[2025-09-13T09:57:30.454+0000] {virtualenv.py:178} INFO - Checking for running process with PID 8717
[2025-09-13T09:57:30.454+0000] {virtualenv.py:181} INFO - Process 8717 running: True and has the lock /tmp/cosmos_venv_ecom/cosmos_virtualenv.lock.
[2025-09-13T09:57:30.455+0000] {virtualenv.py:122} INFO - Waiting for virtualenv lock to be released
[2025-09-13T09:57:31.456+0000] {virtualenv.py:178} INFO - Checking for running process with PID 8717
[2025-09-13T09:57:31.457+0000] {virtualenv.py:181} INFO - Process 8717 running: True and has the lock /tmp/cosmos_venv_ecom/cosmos_virtualenv.lock.
[2025-09-13T09:57:31.457+0000] {virtualenv.py:122} INFO - Waiting for virtualenv lock to be released
[2025-09-13T09:57:32.459+0000] {virtualenv.py:178} INFO - Checking for running process with PID 8717
[2025-09-13T09:57:32.461+0000] {virtualenv.py:181} INFO - Process 8717 running: True and has the lock /tmp/cosmos_venv_ecom/cosmos_virtualenv.lock.
[2025-09-13T09:57:32.461+0000] {virtualenv.py:122} INFO - Waiting for virtualenv lock to be released
[2025-09-13T09:57:33.463+0000] {virtualenv.py:178} INFO - Checking for running process with PID 8717
[2025-09-13T09:57:33.464+0000] {virtualenv.py:181} INFO - Process 8717 running: True and has the lock /tmp/cosmos_venv_ecom/cosmos_virtualenv.lock.
[2025-09-13T09:57:33.465+0000] {virtualenv.py:122} INFO - Waiting for virtualenv lock to be released
[2025-09-13T09:57:34.467+0000] {virtualenv.py:178} INFO - Checking for running process with PID 8717
[2025-09-13T09:57:34.468+0000] {virtualenv.py:181} INFO - Process 8717 running: True and has the lock /tmp/cosmos_venv_ecom/cosmos_virtualenv.lock.
[2025-09-13T09:57:34.469+0000] {virtualenv.py:122} INFO - Waiting for virtualenv lock to be released
[2025-09-13T09:57:35.470+0000] {virtualenv.py:178} INFO - Checking for running process with PID 8717
[2025-09-13T09:57:35.472+0000] {virtualenv.py:181} INFO - Process 8717 running: True and has the lock /tmp/cosmos_venv_ecom/cosmos_virtualenv.lock.
[2025-09-13T09:57:35.472+0000] {virtualenv.py:122} INFO - Waiting for virtualenv lock to be released
[2025-09-13T09:57:36.474+0000] {virtualenv.py:178} INFO - Checking for running process with PID 8717
[2025-09-13T09:57:36.475+0000] {virtualenv.py:181} INFO - Process 8717 running: True and has the lock /tmp/cosmos_venv_ecom/cosmos_virtualenv.lock.
[2025-09-13T09:57:36.476+0000] {virtualenv.py:122} INFO - Waiting for virtualenv lock to be released
[2025-09-13T09:57:37.476+0000] {virtualenv.py:178} INFO - Checking for running process with PID 8717
[2025-09-13T09:57:37.477+0000] {virtualenv.py:181} INFO - Process 8717 running: True and has the lock /tmp/cosmos_venv_ecom/cosmos_virtualenv.lock.
[2025-09-13T09:57:37.477+0000] {virtualenv.py:122} INFO - Waiting for virtualenv lock to be released
[2025-09-13T09:57:38.478+0000] {virtualenv.py:126} INFO - Acquiring the virtualenv lock
[2025-09-13T09:57:38.502+0000] {virtualenv.py:195} INFO - Acquiring lock at /tmp/cosmos_venv_ecom/cosmos_virtualenv.lock with pid 8718
[2025-09-13T09:57:38.506+0000] {virtualenv.py:153} INFO - Creating or updating the virtualenv at `/tmp/cosmos_venv_ecom
[2025-09-13T09:57:38.515+0000] {process_utils.py:183} INFO - Executing cmd: /home/***/.local/bin/python -m virtualenv /tmp/cosmos_venv_ecom --python=python3
[2025-09-13T09:57:38.521+0000] {process_utils.py:187} INFO - Output:
[2025-09-13T09:57:40.347+0000] {process_utils.py:191} INFO - created virtual environment CPython3.10.14.final.0-64 in 795ms
[2025-09-13T09:57:40.348+0000] {process_utils.py:191} INFO -   creator CPython3Posix(dest=/tmp/cosmos_venv_ecom, clear=False, no_vcs_ignore=False, global=False)
[2025-09-13T09:57:40.349+0000] {process_utils.py:191} INFO -   seeder FromAppData(download=False, pip=bundle, setuptools=bundle, wheel=bundle, via=copy, app_data_dir=/home/***/.local/share/virtualenv)
[2025-09-13T09:57:40.350+0000] {process_utils.py:191} INFO -     added seed packages: MarkupSafe==3.0.2, PyYAML==6.0.2, agate==1.9.1, annotated_types==0.7.0, attrs==25.3.0, babel==2.17.0, certifi==2025.8.3, charset_normalizer==3.4.3, click==8.2.1, clickhouse_connect==0.8.18, clickhouse_driver==0.2.9, colorama==0.4.6, daff==1.4.2, dbt_adapters==1.16.7, dbt_clickhouse==1.9.3, dbt_common==1.30.0, dbt_core==1.10.11, dbt_extractor==0.6.0, dbt_protos==1.0.375, dbt_semantic_interfaces==0.9.0, deepdiff==8.6.1, idna==3.10, importlib_metadata==8.7.0, isodate==0.6.1, jinja2==3.1.6, jsonschema==4.25.1, jsonschema_specifications==2025.9.1, leather==0.4.0, lz4==4.4.4, mashumaro==3.14, more_itertools==10.8.0, msgpack==1.1.1, networkx==3.4.2, orderly_set==5.5.0, packaging==25.0, parsedatetime==2.6, pathspec==0.12.1, pip==25.2, protobuf==6.32.1, pydantic==2.11.7, pydantic_core==2.33.2, python_dateutil==2.9.0.post0, python_slugify==8.0.4, pytimeparse==1.1.8, pytz==2025.2, referencing==0.36.2, requests==2.32.5, rpds_py==0.27.1, setuptools==80.9.0, six==1.17.0, snowplow_tracker==1.1.0, sqlparse==0.5.3, text_unidecode==1.3, typing_extensions==4.15.0, typing_inspection==0.4.1, tzlocal==5.3.1, urllib3==2.5.0, wheel==0.45.1, zipp==3.23.0, zstandard==0.24.0
[2025-09-13T09:57:40.351+0000] {process_utils.py:191} INFO -   activators BashActivator,CShellActivator,FishActivator,NushellActivator,PowerShellActivator,PythonActivator
[2025-09-13T09:57:40.427+0000] {process_utils.py:183} INFO - Executing cmd: /tmp/cosmos_venv_ecom/bin/pip install dbt-clickhouse
[2025-09-13T09:57:40.428+0000] {process_utils.py:187} INFO - Output:
[2025-09-13T09:57:41.674+0000] {process_utils.py:191} INFO - Requirement already satisfied: dbt-clickhouse in /tmp/cosmos_venv_ecom/lib/python3.10/site-packages (1.9.3)
[2025-09-13T09:57:41.677+0000] {process_utils.py:191} INFO - Requirement already satisfied: dbt-core>=1.9 in /tmp/cosmos_venv_ecom/lib/python3.10/site-packages (from dbt-clickhouse) (1.10.11)
[2025-09-13T09:57:41.678+0000] {process_utils.py:191} INFO - Requirement already satisfied: clickhouse-connect>=0.6.22 in /tmp/cosmos_venv_ecom/lib/python3.10/site-packages (from dbt-clickhouse) (0.8.18)
[2025-09-13T09:57:41.679+0000] {process_utils.py:191} INFO - Requirement already satisfied: clickhouse-driver>=0.2.6 in /tmp/cosmos_venv_ecom/lib/python3.10/site-packages (from dbt-clickhouse) (0.2.9)
[2025-09-13T09:57:41.681+0000] {process_utils.py:191} INFO - Requirement already satisfied: setuptools>=0.69 in /tmp/cosmos_venv_ecom/lib/python3.10/site-packages (from dbt-clickhouse) (80.9.0)
[2025-09-13T09:57:41.685+0000] {process_utils.py:191} INFO - Requirement already satisfied: certifi in /tmp/cosmos_venv_ecom/lib/python3.10/site-packages (from clickhouse-connect>=0.6.22->dbt-clickhouse) (2025.8.3)
[2025-09-13T09:57:41.686+0000] {process_utils.py:191} INFO - Requirement already satisfied: urllib3>=1.26 in /tmp/cosmos_venv_ecom/lib/python3.10/site-packages (from clickhouse-connect>=0.6.22->dbt-clickhouse) (2.5.0)
[2025-09-13T09:57:41.687+0000] {process_utils.py:191} INFO - Requirement already satisfied: pytz in /tmp/cosmos_venv_ecom/lib/python3.10/site-packages (from clickhouse-connect>=0.6.22->dbt-clickhouse) (2025.2)
[2025-09-13T09:57:41.687+0000] {process_utils.py:191} INFO - Requirement already satisfied: zstandard in /tmp/cosmos_venv_ecom/lib/python3.10/site-packages (from clickhouse-connect>=0.6.22->dbt-clickhouse) (0.24.0)
[2025-09-13T09:57:41.688+0000] {process_utils.py:191} INFO - Requirement already satisfied: lz4 in /tmp/cosmos_venv_ecom/lib/python3.10/site-packages (from clickhouse-connect>=0.6.22->dbt-clickhouse) (4.4.4)
[2025-09-13T09:57:41.693+0000] {process_utils.py:191} INFO - Requirement already satisfied: tzlocal in /tmp/cosmos_venv_ecom/lib/python3.10/site-packages (from clickhouse-driver>=0.2.6->dbt-clickhouse) (5.3.1)
[2025-09-13T09:57:41.704+0000] {process_utils.py:191} INFO - Requirement already satisfied: agate<1.10,>=1.7.0 in /tmp/cosmos_venv_ecom/lib/python3.10/site-packages (from dbt-core>=1.9->dbt-clickhouse) (1.9.1)
[2025-09-13T09:57:41.705+0000] {process_utils.py:191} INFO - Requirement already satisfied: Jinja2<4,>=3.1.3 in /tmp/cosmos_venv_ecom/lib/python3.10/site-packages (from dbt-core>=1.9->dbt-clickhouse) (3.1.6)
[2025-09-13T09:57:41.707+0000] {process_utils.py:191} INFO - Requirement already satisfied: mashumaro<3.15,>=3.9 in /tmp/cosmos_venv_ecom/lib/python3.10/site-packages (from mashumaro[msgpack]<3.15,>=3.9->dbt-core>=1.9->dbt-clickhouse) (3.14)
[2025-09-13T09:57:41.709+0000] {process_utils.py:191} INFO - Requirement already satisfied: click<9.0,>=8.0.2 in /tmp/cosmos_venv_ecom/lib/python3.10/site-packages (from dbt-core>=1.9->dbt-clickhouse) (8.2.1)
[2025-09-13T09:57:41.710+0000] {process_utils.py:191} INFO - Requirement already satisfied: jsonschema<5.0,>=4.19.1 in /tmp/cosmos_venv_ecom/lib/python3.10/site-packages (from dbt-core>=1.9->dbt-clickhouse) (4.25.1)
[2025-09-13T09:57:41.711+0000] {process_utils.py:191} INFO - Requirement already satisfied: networkx<4.0,>=2.3 in /tmp/cosmos_venv_ecom/lib/python3.10/site-packages (from dbt-core>=1.9->dbt-clickhouse) (3.4.2)
[2025-09-13T09:57:41.712+0000] {process_utils.py:191} INFO - Requirement already satisfied: protobuf<7.0,>=6.0 in /tmp/cosmos_venv_ecom/lib/python3.10/site-packages (from dbt-core>=1.9->dbt-clickhouse) (6.32.1)
[2025-09-13T09:57:41.714+0000] {process_utils.py:191} INFO - Requirement already satisfied: requests<3.0.0 in /tmp/cosmos_venv_ecom/lib/python3.10/site-packages (from dbt-core>=1.9->dbt-clickhouse) (2.32.5)
[2025-09-13T09:57:41.717+0000] {process_utils.py:191} INFO - Requirement already satisfied: snowplow-tracker<2.0,>=1.0.2 in /tmp/cosmos_venv_ecom/lib/python3.10/site-packages (from dbt-core>=1.9->dbt-clickhouse) (1.1.0)
[2025-09-13T09:57:41.721+0000] {process_utils.py:191} INFO - Requirement already satisfied: pathspec<0.13,>=0.9 in /tmp/cosmos_venv_ecom/lib/python3.10/site-packages (from dbt-core>=1.9->dbt-clickhouse) (0.12.1)
[2025-09-13T09:57:41.723+0000] {process_utils.py:191} INFO - Requirement already satisfied: sqlparse<0.6.0,>=0.5.0 in /tmp/cosmos_venv_ecom/lib/python3.10/site-packages (from dbt-core>=1.9->dbt-clickhouse) (0.5.3)
[2025-09-13T09:57:41.725+0000] {process_utils.py:191} INFO - Requirement already satisfied: dbt-extractor<=0.6,>=0.5.0 in /tmp/cosmos_venv_ecom/lib/python3.10/site-packages (from dbt-core>=1.9->dbt-clickhouse) (0.6.0)
[2025-09-13T09:57:41.727+0000] {process_utils.py:191} INFO - Requirement already satisfied: dbt-semantic-interfaces<0.10,>=0.9.0 in /tmp/cosmos_venv_ecom/lib/python3.10/site-packages (from dbt-core>=1.9->dbt-clickhouse) (0.9.0)
[2025-09-13T09:57:41.728+0000] {process_utils.py:191} INFO - Requirement already satisfied: dbt-common<2.0,>=1.27.0 in /tmp/cosmos_venv_ecom/lib/python3.10/site-packages (from dbt-core>=1.9->dbt-clickhouse) (1.30.0)
[2025-09-13T09:57:41.729+0000] {process_utils.py:191} INFO - Requirement already satisfied: dbt-adapters<2.0,>=1.15.5 in /tmp/cosmos_venv_ecom/lib/python3.10/site-packages (from dbt-core>=1.9->dbt-clickhouse) (1.16.7)
[2025-09-13T09:57:41.734+0000] {process_utils.py:191} INFO - Requirement already satisfied: dbt-protos<2.0,>=1.0.346 in /tmp/cosmos_venv_ecom/lib/python3.10/site-packages (from dbt-core>=1.9->dbt-clickhouse) (1.0.375)
[2025-09-13T09:57:41.735+0000] {process_utils.py:191} INFO - Requirement already satisfied: pydantic<3 in /tmp/cosmos_venv_ecom/lib/python3.10/site-packages (from dbt-core>=1.9->dbt-clickhouse) (2.11.7)
[2025-09-13T09:57:41.736+0000] {process_utils.py:191} INFO - Requirement already satisfied: packaging>20.9 in /tmp/cosmos_venv_ecom/lib/python3.10/site-packages (from dbt-core>=1.9->dbt-clickhouse) (25.0)
[2025-09-13T09:57:41.765+0000] {process_utils.py:191} INFO - Requirement already satisfied: pyyaml>=6.0 in /tmp/cosmos_venv_ecom/lib/python3.10/site-packages (from dbt-core>=1.9->dbt-clickhouse) (6.0.2)
[2025-09-13T09:57:41.767+0000] {process_utils.py:191} INFO - Requirement already satisfied: daff>=1.3.46 in /tmp/cosmos_venv_ecom/lib/python3.10/site-packages (from dbt-core>=1.9->dbt-clickhouse) (1.4.2)
[2025-09-13T09:57:41.768+0000] {process_utils.py:191} INFO - Requirement already satisfied: typing-extensions>=4.4 in /tmp/cosmos_venv_ecom/lib/python3.10/site-packages (from dbt-core>=1.9->dbt-clickhouse) (4.15.0)
[2025-09-13T09:57:41.773+0000] {process_utils.py:191} INFO - Requirement already satisfied: Babel>=2.0 in /tmp/cosmos_venv_ecom/lib/python3.10/site-packages (from agate<1.10,>=1.7.0->dbt-core>=1.9->dbt-clickhouse) (2.17.0)
[2025-09-13T09:57:41.778+0000] {process_utils.py:191} INFO - Requirement already satisfied: isodate>=0.5.4 in /tmp/cosmos_venv_ecom/lib/python3.10/site-packages (from agate<1.10,>=1.7.0->dbt-core>=1.9->dbt-clickhouse) (0.6.1)
[2025-09-13T09:57:41.780+0000] {process_utils.py:191} INFO - Requirement already satisfied: leather>=0.3.2 in /tmp/cosmos_venv_ecom/lib/python3.10/site-packages (from agate<1.10,>=1.7.0->dbt-core>=1.9->dbt-clickhouse) (0.4.0)
[2025-09-13T09:57:41.782+0000] {process_utils.py:191} INFO - Requirement already satisfied: parsedatetime!=2.5,>=2.1 in /tmp/cosmos_venv_ecom/lib/python3.10/site-packages (from agate<1.10,>=1.7.0->dbt-core>=1.9->dbt-clickhouse) (2.6)
[2025-09-13T09:57:41.787+0000] {process_utils.py:191} INFO - Requirement already satisfied: python-slugify>=1.2.1 in /tmp/cosmos_venv_ecom/lib/python3.10/site-packages (from agate<1.10,>=1.7.0->dbt-core>=1.9->dbt-clickhouse) (8.0.4)
[2025-09-13T09:57:41.795+0000] {process_utils.py:191} INFO - Requirement already satisfied: pytimeparse>=1.1.5 in /tmp/cosmos_venv_ecom/lib/python3.10/site-packages (from agate<1.10,>=1.7.0->dbt-core>=1.9->dbt-clickhouse) (1.1.8)
[2025-09-13T09:57:41.806+0000] {process_utils.py:191} INFO - Requirement already satisfied: colorama<0.5,>=0.3.9 in /tmp/cosmos_venv_ecom/lib/python3.10/site-packages (from dbt-common<2.0,>=1.27.0->dbt-core>=1.9->dbt-clickhouse) (0.4.6)
[2025-09-13T09:57:41.810+0000] {process_utils.py:191} INFO - Requirement already satisfied: deepdiff<9.0,>=7.0 in /tmp/cosmos_venv_ecom/lib/python3.10/site-packages (from dbt-common<2.0,>=1.27.0->dbt-core>=1.9->dbt-clickhouse) (8.6.1)
[2025-09-13T09:57:41.818+0000] {process_utils.py:191} INFO - Requirement already satisfied: python-dateutil<3.0,>=2.0 in /tmp/cosmos_venv_ecom/lib/python3.10/site-packages (from dbt-common<2.0,>=1.27.0->dbt-core>=1.9->dbt-clickhouse) (2.9.0.post0)
[2025-09-13T09:57:41.836+0000] {process_utils.py:191} INFO - Requirement already satisfied: importlib-metadata<9,>=6.0 in /tmp/cosmos_venv_ecom/lib/python3.10/site-packages (from dbt-semantic-interfaces<0.10,>=0.9.0->dbt-core>=1.9->dbt-clickhouse) (8.7.0)
[2025-09-13T09:57:41.840+0000] {process_utils.py:191} INFO - Requirement already satisfied: more-itertools<11.0,>=8.0 in /tmp/cosmos_venv_ecom/lib/python3.10/site-packages (from dbt-semantic-interfaces<0.10,>=0.9.0->dbt-core>=1.9->dbt-clickhouse) (10.8.0)
[2025-09-13T09:57:41.860+0000] {process_utils.py:191} INFO - Requirement already satisfied: orderly-set<6,>=5.4.1 in /tmp/cosmos_venv_ecom/lib/python3.10/site-packages (from deepdiff<9.0,>=7.0->dbt-common<2.0,>=1.27.0->dbt-core>=1.9->dbt-clickhouse) (5.5.0)
[2025-09-13T09:57:41.876+0000] {process_utils.py:191} INFO - Requirement already satisfied: zipp>=3.20 in /tmp/cosmos_venv_ecom/lib/python3.10/site-packages (from importlib-metadata<9,>=6.0->dbt-semantic-interfaces<0.10,>=0.9.0->dbt-core>=1.9->dbt-clickhouse) (3.23.0)
[2025-09-13T09:57:41.879+0000] {process_utils.py:191} INFO - Requirement already satisfied: six in /tmp/cosmos_venv_ecom/lib/python3.10/site-packages (from isodate>=0.5.4->agate<1.10,>=1.7.0->dbt-core>=1.9->dbt-clickhouse) (1.17.0)
[2025-09-13T09:57:41.882+0000] {process_utils.py:191} INFO - Requirement already satisfied: MarkupSafe>=2.0 in /tmp/cosmos_venv_ecom/lib/python3.10/site-packages (from Jinja2<4,>=3.1.3->dbt-core>=1.9->dbt-clickhouse) (3.0.2)
[2025-09-13T09:57:41.894+0000] {process_utils.py:191} INFO - Requirement already satisfied: attrs>=22.2.0 in /tmp/cosmos_venv_ecom/lib/python3.10/site-packages (from jsonschema<5.0,>=4.19.1->dbt-core>=1.9->dbt-clickhouse) (25.3.0)
[2025-09-13T09:57:41.895+0000] {process_utils.py:191} INFO - Requirement already satisfied: jsonschema-specifications>=2023.03.6 in /tmp/cosmos_venv_ecom/lib/python3.10/site-packages (from jsonschema<5.0,>=4.19.1->dbt-core>=1.9->dbt-clickhouse) (2025.9.1)
[2025-09-13T09:57:41.896+0000] {process_utils.py:191} INFO - Requirement already satisfied: referencing>=0.28.4 in /tmp/cosmos_venv_ecom/lib/python3.10/site-packages (from jsonschema<5.0,>=4.19.1->dbt-core>=1.9->dbt-clickhouse) (0.36.2)
[2025-09-13T09:57:41.897+0000] {process_utils.py:191} INFO - Requirement already satisfied: rpds-py>=0.7.1 in /tmp/cosmos_venv_ecom/lib/python3.10/site-packages (from jsonschema<5.0,>=4.19.1->dbt-core>=1.9->dbt-clickhouse) (0.27.1)
[2025-09-13T09:57:41.911+0000] {process_utils.py:191} INFO - Requirement already satisfied: msgpack>=0.5.6 in /tmp/cosmos_venv_ecom/lib/python3.10/site-packages (from mashumaro[msgpack]<3.15,>=3.9->dbt-core>=1.9->dbt-clickhouse) (1.1.1)
[2025-09-13T09:57:41.943+0000] {process_utils.py:191} INFO - Requirement already satisfied: annotated-types>=0.6.0 in /tmp/cosmos_venv_ecom/lib/python3.10/site-packages (from pydantic<3->dbt-core>=1.9->dbt-clickhouse) (0.7.0)
[2025-09-13T09:57:41.944+0000] {process_utils.py:191} INFO - Requirement already satisfied: pydantic-core==2.33.2 in /tmp/cosmos_venv_ecom/lib/python3.10/site-packages (from pydantic<3->dbt-core>=1.9->dbt-clickhouse) (2.33.2)
[2025-09-13T09:57:41.945+0000] {process_utils.py:191} INFO - Requirement already satisfied: typing-inspection>=0.4.0 in /tmp/cosmos_venv_ecom/lib/python3.10/site-packages (from pydantic<3->dbt-core>=1.9->dbt-clickhouse) (0.4.1)
[2025-09-13T09:57:41.962+0000] {process_utils.py:191} INFO - Requirement already satisfied: charset_normalizer<4,>=2 in /tmp/cosmos_venv_ecom/lib/python3.10/site-packages (from requests<3.0.0->dbt-core>=1.9->dbt-clickhouse) (3.4.3)
[2025-09-13T09:57:41.963+0000] {process_utils.py:191} INFO - Requirement already satisfied: idna<4,>=2.5 in /tmp/cosmos_venv_ecom/lib/python3.10/site-packages (from requests<3.0.0->dbt-core>=1.9->dbt-clickhouse) (3.10)
[2025-09-13T09:57:42.044+0000] {process_utils.py:191} INFO - Requirement already satisfied: text-unidecode>=1.3 in /tmp/cosmos_venv_ecom/lib/python3.10/site-packages (from python-slugify>=1.2.1->agate<1.10,>=1.7.0->dbt-core>=1.9->dbt-clickhouse) (1.3)
[2025-09-13T09:57:42.230+0000] {local.py:470} INFO - Cloning project to writable temp directory /tmp/tmpurw6p7lp from /opt/airflow/dags/dbt/ecom_staging
[2025-09-13T09:57:42.240+0000] {local.py:490} INFO - Partial parse is enabled and the latest partial parse file is /tmp/cosmos/dbt_staging__dbt_ecom/target/partial_parse.msgpack
[2025-09-13T09:57:42.256+0000] {config.py:362} INFO - Using user-supplied profiles.yml at /opt/airflow/dags/dbt/profiles.yml
[2025-09-13T09:57:42.265+0000] {virtualenv.py:99} INFO - Using Python binary from virtualenv: /tmp/cosmos_venv_ecom/bin/python
[2025-09-13T09:57:42.266+0000] {local.py:434} INFO - Trying to run the command:
 ['/tmp/cosmos_venv_ecom/bin/dbt', 'deps', '--project-dir', '/tmp/tmpurw6p7lp', '--profiles-dir', '/opt/***/dags/dbt', '--profile', 'ecom_staging', '--target', 'dev']
From /tmp/tmpurw6p7lp
[2025-09-13T09:57:42.267+0000] {subprocess.py:56} INFO - Tmp dir root location: 
 /tmp
[2025-09-13T09:57:42.267+0000] {subprocess.py:69} INFO - Running command: ['/tmp/cosmos_venv_ecom/bin/dbt', 'deps', '--project-dir', '/tmp/tmpurw6p7lp', '--profiles-dir', '/opt/***/dags/dbt', '--profile', 'ecom_staging', '--target', 'dev']
[2025-09-13T09:57:42.280+0000] {subprocess.py:80} INFO - Command output:
[2025-09-13T09:57:44.463+0000] {subprocess.py:90} INFO - [0m09:57:44  Running with dbt=1.10.11
[2025-09-13T09:57:45.127+0000] {subprocess.py:90} INFO - [0m09:57:45  Installing dbt-labs/dbt_utils
[2025-09-13T09:57:45.672+0000] {subprocess.py:90} INFO - [0m09:57:45  Installed from version 1.3.0
[2025-09-13T09:57:45.673+0000] {subprocess.py:90} INFO - [0m09:57:45  Updated version available: 1.3.1
[2025-09-13T09:57:45.674+0000] {subprocess.py:90} INFO - [0m09:57:45
[2025-09-13T09:57:45.674+0000] {subprocess.py:90} INFO - [0m09:57:45  Updates available for packages: ['dbt-labs/dbt_utils']
[2025-09-13T09:57:45.675+0000] {subprocess.py:90} INFO - Update your versions in packages.yml, then run dbt deps
[2025-09-13T09:57:47.495+0000] {subprocess.py:94} INFO - Command exited with return code 0
[2025-09-13T09:57:47.496+0000] {local.py:441} INFO - Update your versions in packages.yml, then run dbt deps
[2025-09-13T09:57:47.497+0000] {virtualenv.py:99} INFO - Using Python binary from virtualenv: /tmp/cosmos_venv_ecom/bin/python
[2025-09-13T09:57:47.497+0000] {local.py:434} INFO - Trying to run the command:
 ['/tmp/cosmos_venv_ecom/bin/dbt', 'run', '--models', 'STG_CUSTOMERS', '--project-dir', '/tmp/tmpurw6p7lp', '--profiles-dir', '/opt/***/dags/dbt', '--profile', 'ecom_staging', '--target', 'dev']
From /tmp/tmpurw6p7lp
[2025-09-13T09:57:47.497+0000] {subprocess.py:56} INFO - Tmp dir root location: 
 /tmp
[2025-09-13T09:57:47.498+0000] {subprocess.py:69} INFO - Running command: ['/tmp/cosmos_venv_ecom/bin/dbt', 'run', '--models', 'STG_CUSTOMERS', '--project-dir', '/tmp/tmpurw6p7lp', '--profiles-dir', '/opt/***/dags/dbt', '--profile', 'ecom_staging', '--target', 'dev']
[2025-09-13T09:57:47.508+0000] {subprocess.py:80} INFO - Command output:
[2025-09-13T09:57:50.071+0000] {subprocess.py:90} INFO - [0m09:57:50  Running with dbt=1.10.11
[2025-09-13T09:57:50.074+0000] {subprocess.py:90} INFO - [0m09:57:50  [[33mWARNING[0m]: Deprecated functionality
[2025-09-13T09:57:50.074+0000] {subprocess.py:90} INFO - Usage of `--models`, `--model`, and `-m` is deprecated in favor of `--select` or
[2025-09-13T09:57:50.075+0000] {subprocess.py:90} INFO - `-s`.
[2025-09-13T09:57:50.409+0000] {subprocess.py:90} INFO - [0m09:57:50  Registered adapter: clickhouse=1.9.3
[2025-09-13T09:57:51.202+0000] {subprocess.py:90} INFO - [0m09:57:51  Found 8 models, 54 data tests, 8 sources, 597 macros
[2025-09-13T09:57:51.206+0000] {subprocess.py:90} INFO - [0m09:57:51
[2025-09-13T09:57:51.207+0000] {subprocess.py:90} INFO - [0m09:57:51  Concurrency: 4 threads (target='dev')
[2025-09-13T09:57:51.207+0000] {subprocess.py:90} INFO - [0m09:57:51
[2025-09-13T09:57:51.346+0000] {subprocess.py:90} INFO - [0m09:57:51  1 of 1 START sql view model `ecom_db_staging`.`STG_CUSTOMERS` .................. [RUN]
[2025-09-13T09:57:51.442+0000] {subprocess.py:90} INFO - [0m09:57:51  1 of 1 OK created sql view model `ecom_db_staging`.`STG_CUSTOMERS` ............. [[32mOK[0m in 0.09s]
[2025-09-13T09:57:51.446+0000] {subprocess.py:90} INFO - [0m09:57:51
[2025-09-13T09:57:51.447+0000] {subprocess.py:90} INFO - [0m09:57:51  Finished running 1 view model in 0 hours 0 minutes and 0.24 seconds (0.24s).
[2025-09-13T09:57:51.506+0000] {subprocess.py:90} INFO - [0m09:57:51
[2025-09-13T09:57:51.507+0000] {subprocess.py:90} INFO - [0m09:57:51  [32mCompleted successfully[0m
[2025-09-13T09:57:51.508+0000] {subprocess.py:90} INFO - [0m09:57:51
[2025-09-13T09:57:51.509+0000] {subprocess.py:90} INFO - [0m09:57:51  Done. PASS=1 WARN=0 ERROR=0 SKIP=0 NO-OP=0 TOTAL=1
[2025-09-13T09:57:51.509+0000] {subprocess.py:90} INFO - [0m09:57:51  [[33mWARNING[0m][DeprecationsSummary]: Deprecated functionality
[2025-09-13T09:57:51.510+0000] {subprocess.py:90} INFO - Summary of encountered deprecations:
[2025-09-13T09:57:51.511+0000] {subprocess.py:90} INFO - - ModelParamUsageDeprecation: 1 occurrence
[2025-09-13T09:57:51.511+0000] {subprocess.py:90} INFO - To see all deprecation instances instead of just the first occurrence of each,
[2025-09-13T09:57:51.512+0000] {subprocess.py:90} INFO - run command again with the `--show-all-deprecations` flag. You may also need to
[2025-09-13T09:57:51.512+0000] {subprocess.py:90} INFO - run with `--no-partial-parse` as some deprecations are only encountered during
[2025-09-13T09:57:51.513+0000] {subprocess.py:90} INFO - parsing.
[2025-09-13T09:57:53.273+0000] {subprocess.py:94} INFO - Command exited with return code 0
[2025-09-13T09:57:53.274+0000] {local.py:441} INFO - parsing.
[2025-09-13T09:57:53.287+0000] {local.py:196} WARNING - Artifact schema version: https://schemas.getdbt.com/dbt/manifest/v12.json is above dbt-ol supported version 7. This might cause errors.
[2025-09-13T09:57:53.288+0000] {local.py:196} WARNING - Artifact schema version: https://schemas.getdbt.com/dbt/run-results/v6.json is above dbt-ol supported version 5. This might cause errors.
[2025-09-13T09:57:53.294+0000] {local.py:547} INFO - Inlets: []
[2025-09-13T09:57:53.295+0000] {local.py:548} INFO - Outlets: []
[2025-09-13T09:57:53.295+0000] {local.py:772} INFO - Assigning inlets/outlets without DatasetAlias
[2025-09-13T09:57:53.296+0000] {dag.py:3089} INFO - Sync 1 DAGs
[2025-09-13T09:57:53.359+0000] {dag.py:3947} INFO - Setting next_dagrun for dbt_staging to 2025-09-13 00:00:00+00:00, run_after=2025-09-14 00:00:00+00:00
[2025-09-13T09:57:53.434+0000] {virtualenv.py:131} INFO - Releasing virtualenv lock
[2025-09-13T09:57:53.435+0000] {virtualenv.py:145} INFO - None
[2025-09-13T09:57:53.435+0000] {taskinstance.py:441} INFO - ::group::Post task execution logs
[2025-09-13T09:57:53.481+0000] {taskinstance.py:1206} INFO - Marking task as SUCCESS. dag_id=dbt_staging, task_id=dbt_ecom.STG_CUSTOMERS_run, run_id=manual__2025-09-13T09:56:51.761502+00:00, execution_date=20250913T095651, start_date=20250913T095655, end_date=20250913T095753
[2025-09-13T09:57:53.521+0000] {local_task_job_runner.py:243} INFO - Task exited with return code 0
[2025-09-13T09:57:53.577+0000] {taskinstance.py:3503} INFO - 0 downstream tasks scheduled from follow-on schedule check
[2025-09-13T09:57:53.579+0000] {local_task_job_runner.py:222} INFO - ::endgroup::
