[2025-09-13T09:14:49.371+0000] {local_task_job_runner.py:120} INFO - ::group::Pre task execution logs
[2025-09-13T09:14:49.993+0000] {taskinstance.py:2076} INFO - Dependencies all met for dep_context=non-requeueable deps ti=<TaskInstance: dbt_ecom_cosmos.dbt_ecom.stg_interactions_run scheduled__2025-09-12T00:00:00+00:00 [queued]>
[2025-09-13T09:14:50.034+0000] {taskinstance.py:2076} INFO - Dependencies all met for dep_context=requeueable deps ti=<TaskInstance: dbt_ecom_cosmos.dbt_ecom.stg_interactions_run scheduled__2025-09-12T00:00:00+00:00 [queued]>
[2025-09-13T09:14:50.035+0000] {taskinstance.py:2306} INFO - Starting attempt 1 of 1
[2025-09-13T09:14:50.080+0000] {taskinstance.py:2330} INFO - Executing <Task(DbtRunVirtualenvOperator): dbt_ecom.stg_interactions_run> on 2025-09-12 00:00:00+00:00
[2025-09-13T09:14:50.090+0000] {standard_task_runner.py:64} INFO - Started process 3000 to run task
[2025-09-13T09:14:50.095+0000] {standard_task_runner.py:90} INFO - Running: ['***', 'tasks', 'run', 'dbt_ecom_cosmos', 'dbt_ecom.stg_interactions_run', 'scheduled__2025-09-12T00:00:00+00:00', '--job-id', '138', '--raw', '--subdir', 'DAGS_FOLDER/dbt_staging.py', '--cfg-path', '/tmp/tmpu378fsu9']
[2025-09-13T09:14:50.099+0000] {standard_task_runner.py:91} INFO - Job 138: Subtask dbt_ecom.stg_interactions_run
[2025-09-13T09:14:50.506+0000] {task_command.py:426} INFO - Running <TaskInstance: dbt_ecom_cosmos.dbt_ecom.stg_interactions_run scheduled__2025-09-12T00:00:00+00:00 [running]> on host e95bde6b8d07
[2025-09-13T09:14:51.095+0000] {taskinstance.py:2648} INFO - Exporting env vars: AIRFLOW_CTX_DAG_OWNER='***' AIRFLOW_CTX_DAG_ID='dbt_ecom_cosmos' AIRFLOW_CTX_TASK_ID='dbt_ecom.stg_interactions_run' AIRFLOW_CTX_EXECUTION_DATE='2025-09-12T00:00:00+00:00' AIRFLOW_CTX_TRY_NUMBER='1' AIRFLOW_CTX_DAG_RUN_ID='scheduled__2025-09-12T00:00:00+00:00'
[2025-09-13T09:14:51.098+0000] {taskinstance.py:430} INFO - ::endgroup::
[2025-09-13T09:14:51.126+0000] {virtualenv.py:120} INFO - Checking if the virtualenv lock /tmp/cosmos_venv_ecom/cosmos_virtualenv.lock exists
[2025-09-13T09:14:51.126+0000] {virtualenv.py:126} INFO - Acquiring the virtualenv lock
[2025-09-13T09:14:51.127+0000] {virtualenv.py:195} INFO - Acquiring lock at /tmp/cosmos_venv_ecom/cosmos_virtualenv.lock with pid 3000
[2025-09-13T09:14:51.128+0000] {virtualenv.py:153} INFO - Creating or updating the virtualenv at `/tmp/cosmos_venv_ecom
[2025-09-13T09:14:51.129+0000] {process_utils.py:183} INFO - Executing cmd: /home/***/.local/bin/python -m virtualenv /tmp/cosmos_venv_ecom --python=python3
[2025-09-13T09:14:51.132+0000] {process_utils.py:187} INFO - Output:
[2025-09-13T09:14:52.655+0000] {process_utils.py:191} INFO - created virtual environment CPython3.10.14.final.0-64 in 629ms
[2025-09-13T09:14:52.655+0000] {process_utils.py:191} INFO -   creator CPython3Posix(dest=/tmp/cosmos_venv_ecom, clear=False, no_vcs_ignore=False, global=False)
[2025-09-13T09:14:52.656+0000] {process_utils.py:191} INFO -   seeder FromAppData(download=False, pip=bundle, setuptools=bundle, wheel=bundle, via=copy, app_data_dir=/home/***/.local/share/virtualenv)
[2025-09-13T09:14:52.657+0000] {process_utils.py:191} INFO -     added seed packages: MarkupSafe==3.0.2, PyYAML==6.0.2, agate==1.9.1, annotated_types==0.7.0, attrs==25.3.0, babel==2.17.0, certifi==2025.8.3, charset_normalizer==3.4.3, click==8.2.1, clickhouse_connect==0.8.18, clickhouse_driver==0.2.9, colorama==0.4.6, daff==1.4.2, dbt_adapters==1.16.7, dbt_clickhouse==1.9.3, dbt_common==1.30.0, dbt_core==1.10.11, dbt_extractor==0.6.0, dbt_protos==1.0.375, dbt_semantic_interfaces==0.9.0, deepdiff==8.6.1, idna==3.10, importlib_metadata==8.7.0, isodate==0.6.1, jinja2==3.1.6, jsonschema==4.25.1, jsonschema_specifications==2025.9.1, leather==0.4.0, lz4==4.4.4, mashumaro==3.14, more_itertools==10.8.0, msgpack==1.1.1, networkx==3.4.2, orderly_set==5.5.0, packaging==25.0, parsedatetime==2.6, pathspec==0.12.1, pip==25.2, protobuf==6.32.1, pydantic==2.11.7, pydantic_core==2.33.2, python_dateutil==2.9.0.post0, python_slugify==8.0.4, pytimeparse==1.1.8, pytz==2025.2, referencing==0.36.2, requests==2.32.5, rpds_py==0.27.1, setuptools==80.9.0, six==1.17.0, snowplow_tracker==1.1.0, sqlparse==0.5.3, text_unidecode==1.3, typing_extensions==4.15.0, typing_inspection==0.4.1, tzlocal==5.3.1, urllib3==2.5.0, wheel==0.45.1, zipp==3.23.0, zstandard==0.24.0
[2025-09-13T09:14:52.657+0000] {process_utils.py:191} INFO -   activators BashActivator,CShellActivator,FishActivator,NushellActivator,PowerShellActivator,PythonActivator
[2025-09-13T09:14:52.698+0000] {process_utils.py:183} INFO - Executing cmd: /tmp/cosmos_venv_ecom/bin/pip install dbt-clickhouse
[2025-09-13T09:14:52.699+0000] {process_utils.py:187} INFO - Output:
[2025-09-13T09:14:53.890+0000] {process_utils.py:191} INFO - Requirement already satisfied: dbt-clickhouse in /tmp/cosmos_venv_ecom/lib/python3.10/site-packages (1.9.3)
[2025-09-13T09:14:53.893+0000] {process_utils.py:191} INFO - Requirement already satisfied: dbt-core>=1.9 in /tmp/cosmos_venv_ecom/lib/python3.10/site-packages (from dbt-clickhouse) (1.10.11)
[2025-09-13T09:14:53.893+0000] {process_utils.py:191} INFO - Requirement already satisfied: clickhouse-connect>=0.6.22 in /tmp/cosmos_venv_ecom/lib/python3.10/site-packages (from dbt-clickhouse) (0.8.18)
[2025-09-13T09:14:53.894+0000] {process_utils.py:191} INFO - Requirement already satisfied: clickhouse-driver>=0.2.6 in /tmp/cosmos_venv_ecom/lib/python3.10/site-packages (from dbt-clickhouse) (0.2.9)
[2025-09-13T09:14:53.895+0000] {process_utils.py:191} INFO - Requirement already satisfied: setuptools>=0.69 in /tmp/cosmos_venv_ecom/lib/python3.10/site-packages (from dbt-clickhouse) (80.9.0)
[2025-09-13T09:14:53.898+0000] {process_utils.py:191} INFO - Requirement already satisfied: certifi in /tmp/cosmos_venv_ecom/lib/python3.10/site-packages (from clickhouse-connect>=0.6.22->dbt-clickhouse) (2025.8.3)
[2025-09-13T09:14:53.898+0000] {process_utils.py:191} INFO - Requirement already satisfied: urllib3>=1.26 in /tmp/cosmos_venv_ecom/lib/python3.10/site-packages (from clickhouse-connect>=0.6.22->dbt-clickhouse) (2.5.0)
[2025-09-13T09:14:53.899+0000] {process_utils.py:191} INFO - Requirement already satisfied: pytz in /tmp/cosmos_venv_ecom/lib/python3.10/site-packages (from clickhouse-connect>=0.6.22->dbt-clickhouse) (2025.2)
[2025-09-13T09:14:53.899+0000] {process_utils.py:191} INFO - Requirement already satisfied: zstandard in /tmp/cosmos_venv_ecom/lib/python3.10/site-packages (from clickhouse-connect>=0.6.22->dbt-clickhouse) (0.24.0)
[2025-09-13T09:14:53.899+0000] {process_utils.py:191} INFO - Requirement already satisfied: lz4 in /tmp/cosmos_venv_ecom/lib/python3.10/site-packages (from clickhouse-connect>=0.6.22->dbt-clickhouse) (4.4.4)
[2025-09-13T09:14:53.903+0000] {process_utils.py:191} INFO - Requirement already satisfied: tzlocal in /tmp/cosmos_venv_ecom/lib/python3.10/site-packages (from clickhouse-driver>=0.2.6->dbt-clickhouse) (5.3.1)
[2025-09-13T09:14:53.907+0000] {process_utils.py:191} INFO - Requirement already satisfied: agate<1.10,>=1.7.0 in /tmp/cosmos_venv_ecom/lib/python3.10/site-packages (from dbt-core>=1.9->dbt-clickhouse) (1.9.1)
[2025-09-13T09:14:53.907+0000] {process_utils.py:191} INFO - Requirement already satisfied: Jinja2<4,>=3.1.3 in /tmp/cosmos_venv_ecom/lib/python3.10/site-packages (from dbt-core>=1.9->dbt-clickhouse) (3.1.6)
[2025-09-13T09:14:53.909+0000] {process_utils.py:191} INFO - Requirement already satisfied: mashumaro<3.15,>=3.9 in /tmp/cosmos_venv_ecom/lib/python3.10/site-packages (from mashumaro[msgpack]<3.15,>=3.9->dbt-core>=1.9->dbt-clickhouse) (3.14)
[2025-09-13T09:14:53.909+0000] {process_utils.py:191} INFO - Requirement already satisfied: click<9.0,>=8.0.2 in /tmp/cosmos_venv_ecom/lib/python3.10/site-packages (from dbt-core>=1.9->dbt-clickhouse) (8.2.1)
[2025-09-13T09:14:53.910+0000] {process_utils.py:191} INFO - Requirement already satisfied: jsonschema<5.0,>=4.19.1 in /tmp/cosmos_venv_ecom/lib/python3.10/site-packages (from dbt-core>=1.9->dbt-clickhouse) (4.25.1)
[2025-09-13T09:14:53.910+0000] {process_utils.py:191} INFO - Requirement already satisfied: networkx<4.0,>=2.3 in /tmp/cosmos_venv_ecom/lib/python3.10/site-packages (from dbt-core>=1.9->dbt-clickhouse) (3.4.2)
[2025-09-13T09:14:53.911+0000] {process_utils.py:191} INFO - Requirement already satisfied: protobuf<7.0,>=6.0 in /tmp/cosmos_venv_ecom/lib/python3.10/site-packages (from dbt-core>=1.9->dbt-clickhouse) (6.32.1)
[2025-09-13T09:14:53.911+0000] {process_utils.py:191} INFO - Requirement already satisfied: requests<3.0.0 in /tmp/cosmos_venv_ecom/lib/python3.10/site-packages (from dbt-core>=1.9->dbt-clickhouse) (2.32.5)
[2025-09-13T09:14:53.911+0000] {process_utils.py:191} INFO - Requirement already satisfied: snowplow-tracker<2.0,>=1.0.2 in /tmp/cosmos_venv_ecom/lib/python3.10/site-packages (from dbt-core>=1.9->dbt-clickhouse) (1.1.0)
[2025-09-13T09:14:53.912+0000] {process_utils.py:191} INFO - Requirement already satisfied: pathspec<0.13,>=0.9 in /tmp/cosmos_venv_ecom/lib/python3.10/site-packages (from dbt-core>=1.9->dbt-clickhouse) (0.12.1)
[2025-09-13T09:14:53.912+0000] {process_utils.py:191} INFO - Requirement already satisfied: sqlparse<0.6.0,>=0.5.0 in /tmp/cosmos_venv_ecom/lib/python3.10/site-packages (from dbt-core>=1.9->dbt-clickhouse) (0.5.3)
[2025-09-13T09:14:53.913+0000] {process_utils.py:191} INFO - Requirement already satisfied: dbt-extractor<=0.6,>=0.5.0 in /tmp/cosmos_venv_ecom/lib/python3.10/site-packages (from dbt-core>=1.9->dbt-clickhouse) (0.6.0)
[2025-09-13T09:14:53.913+0000] {process_utils.py:191} INFO - Requirement already satisfied: dbt-semantic-interfaces<0.10,>=0.9.0 in /tmp/cosmos_venv_ecom/lib/python3.10/site-packages (from dbt-core>=1.9->dbt-clickhouse) (0.9.0)
[2025-09-13T09:14:53.914+0000] {process_utils.py:191} INFO - Requirement already satisfied: dbt-common<2.0,>=1.27.0 in /tmp/cosmos_venv_ecom/lib/python3.10/site-packages (from dbt-core>=1.9->dbt-clickhouse) (1.30.0)
[2025-09-13T09:14:53.914+0000] {process_utils.py:191} INFO - Requirement already satisfied: dbt-adapters<2.0,>=1.15.5 in /tmp/cosmos_venv_ecom/lib/python3.10/site-packages (from dbt-core>=1.9->dbt-clickhouse) (1.16.7)
[2025-09-13T09:14:53.915+0000] {process_utils.py:191} INFO - Requirement already satisfied: dbt-protos<2.0,>=1.0.346 in /tmp/cosmos_venv_ecom/lib/python3.10/site-packages (from dbt-core>=1.9->dbt-clickhouse) (1.0.375)
[2025-09-13T09:14:53.915+0000] {process_utils.py:191} INFO - Requirement already satisfied: pydantic<3 in /tmp/cosmos_venv_ecom/lib/python3.10/site-packages (from dbt-core>=1.9->dbt-clickhouse) (2.11.7)
[2025-09-13T09:14:53.916+0000] {process_utils.py:191} INFO - Requirement already satisfied: packaging>20.9 in /tmp/cosmos_venv_ecom/lib/python3.10/site-packages (from dbt-core>=1.9->dbt-clickhouse) (25.0)
[2025-09-13T09:14:53.917+0000] {process_utils.py:191} INFO - Requirement already satisfied: pyyaml>=6.0 in /tmp/cosmos_venv_ecom/lib/python3.10/site-packages (from dbt-core>=1.9->dbt-clickhouse) (6.0.2)
[2025-09-13T09:14:53.917+0000] {process_utils.py:191} INFO - Requirement already satisfied: daff>=1.3.46 in /tmp/cosmos_venv_ecom/lib/python3.10/site-packages (from dbt-core>=1.9->dbt-clickhouse) (1.4.2)
[2025-09-13T09:14:53.917+0000] {process_utils.py:191} INFO - Requirement already satisfied: typing-extensions>=4.4 in /tmp/cosmos_venv_ecom/lib/python3.10/site-packages (from dbt-core>=1.9->dbt-clickhouse) (4.15.0)
[2025-09-13T09:14:53.920+0000] {process_utils.py:191} INFO - Requirement already satisfied: Babel>=2.0 in /tmp/cosmos_venv_ecom/lib/python3.10/site-packages (from agate<1.10,>=1.7.0->dbt-core>=1.9->dbt-clickhouse) (2.17.0)
[2025-09-13T09:14:53.921+0000] {process_utils.py:191} INFO - Requirement already satisfied: isodate>=0.5.4 in /tmp/cosmos_venv_ecom/lib/python3.10/site-packages (from agate<1.10,>=1.7.0->dbt-core>=1.9->dbt-clickhouse) (0.6.1)
[2025-09-13T09:14:53.921+0000] {process_utils.py:191} INFO - Requirement already satisfied: leather>=0.3.2 in /tmp/cosmos_venv_ecom/lib/python3.10/site-packages (from agate<1.10,>=1.7.0->dbt-core>=1.9->dbt-clickhouse) (0.4.0)
[2025-09-13T09:14:53.922+0000] {process_utils.py:191} INFO - Requirement already satisfied: parsedatetime!=2.5,>=2.1 in /tmp/cosmos_venv_ecom/lib/python3.10/site-packages (from agate<1.10,>=1.7.0->dbt-core>=1.9->dbt-clickhouse) (2.6)
[2025-09-13T09:14:53.922+0000] {process_utils.py:191} INFO - Requirement already satisfied: python-slugify>=1.2.1 in /tmp/cosmos_venv_ecom/lib/python3.10/site-packages (from agate<1.10,>=1.7.0->dbt-core>=1.9->dbt-clickhouse) (8.0.4)
[2025-09-13T09:14:53.923+0000] {process_utils.py:191} INFO - Requirement already satisfied: pytimeparse>=1.1.5 in /tmp/cosmos_venv_ecom/lib/python3.10/site-packages (from agate<1.10,>=1.7.0->dbt-core>=1.9->dbt-clickhouse) (1.1.8)
[2025-09-13T09:14:53.935+0000] {process_utils.py:191} INFO - Requirement already satisfied: colorama<0.5,>=0.3.9 in /tmp/cosmos_venv_ecom/lib/python3.10/site-packages (from dbt-common<2.0,>=1.27.0->dbt-core>=1.9->dbt-clickhouse) (0.4.6)
[2025-09-13T09:14:53.936+0000] {process_utils.py:191} INFO - Requirement already satisfied: deepdiff<9.0,>=7.0 in /tmp/cosmos_venv_ecom/lib/python3.10/site-packages (from dbt-common<2.0,>=1.27.0->dbt-core>=1.9->dbt-clickhouse) (8.6.1)
[2025-09-13T09:14:53.939+0000] {process_utils.py:191} INFO - Requirement already satisfied: python-dateutil<3.0,>=2.0 in /tmp/cosmos_venv_ecom/lib/python3.10/site-packages (from dbt-common<2.0,>=1.27.0->dbt-core>=1.9->dbt-clickhouse) (2.9.0.post0)
[2025-09-13T09:14:53.947+0000] {process_utils.py:191} INFO - Requirement already satisfied: importlib-metadata<9,>=6.0 in /tmp/cosmos_venv_ecom/lib/python3.10/site-packages (from dbt-semantic-interfaces<0.10,>=0.9.0->dbt-core>=1.9->dbt-clickhouse) (8.7.0)
[2025-09-13T09:14:53.949+0000] {process_utils.py:191} INFO - Requirement already satisfied: more-itertools<11.0,>=8.0 in /tmp/cosmos_venv_ecom/lib/python3.10/site-packages (from dbt-semantic-interfaces<0.10,>=0.9.0->dbt-core>=1.9->dbt-clickhouse) (10.8.0)
[2025-09-13T09:14:53.957+0000] {process_utils.py:191} INFO - Requirement already satisfied: orderly-set<6,>=5.4.1 in /tmp/cosmos_venv_ecom/lib/python3.10/site-packages (from deepdiff<9.0,>=7.0->dbt-common<2.0,>=1.27.0->dbt-core>=1.9->dbt-clickhouse) (5.5.0)
[2025-09-13T09:14:53.962+0000] {process_utils.py:191} INFO - Requirement already satisfied: zipp>=3.20 in /tmp/cosmos_venv_ecom/lib/python3.10/site-packages (from importlib-metadata<9,>=6.0->dbt-semantic-interfaces<0.10,>=0.9.0->dbt-core>=1.9->dbt-clickhouse) (3.23.0)
[2025-09-13T09:14:53.965+0000] {process_utils.py:191} INFO - Requirement already satisfied: six in /tmp/cosmos_venv_ecom/lib/python3.10/site-packages (from isodate>=0.5.4->agate<1.10,>=1.7.0->dbt-core>=1.9->dbt-clickhouse) (1.17.0)
[2025-09-13T09:14:53.967+0000] {process_utils.py:191} INFO - Requirement already satisfied: MarkupSafe>=2.0 in /tmp/cosmos_venv_ecom/lib/python3.10/site-packages (from Jinja2<4,>=3.1.3->dbt-core>=1.9->dbt-clickhouse) (3.0.2)
[2025-09-13T09:14:53.972+0000] {process_utils.py:191} INFO - Requirement already satisfied: attrs>=22.2.0 in /tmp/cosmos_venv_ecom/lib/python3.10/site-packages (from jsonschema<5.0,>=4.19.1->dbt-core>=1.9->dbt-clickhouse) (25.3.0)
[2025-09-13T09:14:53.972+0000] {process_utils.py:191} INFO - Requirement already satisfied: jsonschema-specifications>=2023.03.6 in /tmp/cosmos_venv_ecom/lib/python3.10/site-packages (from jsonschema<5.0,>=4.19.1->dbt-core>=1.9->dbt-clickhouse) (2025.9.1)
[2025-09-13T09:14:53.973+0000] {process_utils.py:191} INFO - Requirement already satisfied: referencing>=0.28.4 in /tmp/cosmos_venv_ecom/lib/python3.10/site-packages (from jsonschema<5.0,>=4.19.1->dbt-core>=1.9->dbt-clickhouse) (0.36.2)
[2025-09-13T09:14:53.974+0000] {process_utils.py:191} INFO - Requirement already satisfied: rpds-py>=0.7.1 in /tmp/cosmos_venv_ecom/lib/python3.10/site-packages (from jsonschema<5.0,>=4.19.1->dbt-core>=1.9->dbt-clickhouse) (0.27.1)
[2025-09-13T09:14:53.982+0000] {process_utils.py:191} INFO - Requirement already satisfied: msgpack>=0.5.6 in /tmp/cosmos_venv_ecom/lib/python3.10/site-packages (from mashumaro[msgpack]<3.15,>=3.9->dbt-core>=1.9->dbt-clickhouse) (1.1.1)
[2025-09-13T09:14:54.002+0000] {process_utils.py:191} INFO - Requirement already satisfied: annotated-types>=0.6.0 in /tmp/cosmos_venv_ecom/lib/python3.10/site-packages (from pydantic<3->dbt-core>=1.9->dbt-clickhouse) (0.7.0)
[2025-09-13T09:14:54.003+0000] {process_utils.py:191} INFO - Requirement already satisfied: pydantic-core==2.33.2 in /tmp/cosmos_venv_ecom/lib/python3.10/site-packages (from pydantic<3->dbt-core>=1.9->dbt-clickhouse) (2.33.2)
[2025-09-13T09:14:54.004+0000] {process_utils.py:191} INFO - Requirement already satisfied: typing-inspection>=0.4.0 in /tmp/cosmos_venv_ecom/lib/python3.10/site-packages (from pydantic<3->dbt-core>=1.9->dbt-clickhouse) (0.4.1)
[2025-09-13T09:14:54.015+0000] {process_utils.py:191} INFO - Requirement already satisfied: charset_normalizer<4,>=2 in /tmp/cosmos_venv_ecom/lib/python3.10/site-packages (from requests<3.0.0->dbt-core>=1.9->dbt-clickhouse) (3.4.3)
[2025-09-13T09:14:54.016+0000] {process_utils.py:191} INFO - Requirement already satisfied: idna<4,>=2.5 in /tmp/cosmos_venv_ecom/lib/python3.10/site-packages (from requests<3.0.0->dbt-core>=1.9->dbt-clickhouse) (3.10)
[2025-09-13T09:14:54.069+0000] {process_utils.py:191} INFO - Requirement already satisfied: text-unidecode>=1.3 in /tmp/cosmos_venv_ecom/lib/python3.10/site-packages (from python-slugify>=1.2.1->agate<1.10,>=1.7.0->dbt-core>=1.9->dbt-clickhouse) (1.3)
[2025-09-13T09:14:54.214+0000] {local.py:470} INFO - Cloning project to writable temp directory /tmp/tmph4ygo_cx from /opt/airflow/dags/dbt/ecom_staging
[2025-09-13T09:14:54.230+0000] {local.py:490} INFO - Partial parse is enabled and the latest partial parse file is /tmp/cosmos/dbt_ecom_cosmos__dbt_ecom/target/partial_parse.msgpack
[2025-09-13T09:14:54.244+0000] {config.py:362} INFO - Using user-supplied profiles.yml at /opt/airflow/dags/dbt/profiles.yml
[2025-09-13T09:14:54.258+0000] {virtualenv.py:99} INFO - Using Python binary from virtualenv: /tmp/cosmos_venv_ecom/bin/python
[2025-09-13T09:14:54.258+0000] {local.py:434} INFO - Trying to run the command:
 ['/tmp/cosmos_venv_ecom/bin/dbt', 'deps', '--project-dir', '/tmp/tmph4ygo_cx', '--profiles-dir', '/opt/***/dags/dbt', '--profile', 'ecom_staging', '--target', 'dev']
From /tmp/tmph4ygo_cx
[2025-09-13T09:14:54.259+0000] {subprocess.py:56} INFO - Tmp dir root location: 
 /tmp
[2025-09-13T09:14:54.259+0000] {subprocess.py:69} INFO - Running command: ['/tmp/cosmos_venv_ecom/bin/dbt', 'deps', '--project-dir', '/tmp/tmph4ygo_cx', '--profiles-dir', '/opt/***/dags/dbt', '--profile', 'ecom_staging', '--target', 'dev']
[2025-09-13T09:14:54.273+0000] {subprocess.py:80} INFO - Command output:
[2025-09-13T09:14:56.906+0000] {subprocess.py:90} INFO - [0m09:14:56  Running with dbt=1.10.11
[2025-09-13T09:14:57.829+0000] {subprocess.py:90} INFO - [0m09:14:57  Installing dbt-labs/dbt_utils
[2025-09-13T09:14:58.375+0000] {subprocess.py:90} INFO - [0m09:14:58  Installed from version 1.3.0
[2025-09-13T09:14:58.375+0000] {subprocess.py:90} INFO - [0m09:14:58  Updated version available: 1.3.1
[2025-09-13T09:14:58.376+0000] {subprocess.py:90} INFO - [0m09:14:58
[2025-09-13T09:14:58.377+0000] {subprocess.py:90} INFO - [0m09:14:58  Updates available for packages: ['dbt-labs/dbt_utils']
[2025-09-13T09:14:58.377+0000] {subprocess.py:90} INFO - Update your versions in packages.yml, then run dbt deps
[2025-09-13T09:15:00.376+0000] {subprocess.py:94} INFO - Command exited with return code 0
[2025-09-13T09:15:00.377+0000] {local.py:441} INFO - Update your versions in packages.yml, then run dbt deps
[2025-09-13T09:15:00.377+0000] {virtualenv.py:99} INFO - Using Python binary from virtualenv: /tmp/cosmos_venv_ecom/bin/python
[2025-09-13T09:15:00.378+0000] {local.py:434} INFO - Trying to run the command:
 ['/tmp/cosmos_venv_ecom/bin/dbt', 'run', '--models', 'stg_interactions', '--project-dir', '/tmp/tmph4ygo_cx', '--profiles-dir', '/opt/***/dags/dbt', '--profile', 'ecom_staging', '--target', 'dev']
From /tmp/tmph4ygo_cx
[2025-09-13T09:15:00.378+0000] {subprocess.py:56} INFO - Tmp dir root location: 
 /tmp
[2025-09-13T09:15:00.379+0000] {subprocess.py:69} INFO - Running command: ['/tmp/cosmos_venv_ecom/bin/dbt', 'run', '--models', 'stg_interactions', '--project-dir', '/tmp/tmph4ygo_cx', '--profiles-dir', '/opt/***/dags/dbt', '--profile', 'ecom_staging', '--target', 'dev']
[2025-09-13T09:15:00.391+0000] {subprocess.py:80} INFO - Command output:
[2025-09-13T09:15:02.584+0000] {subprocess.py:90} INFO - [0m09:15:02  Running with dbt=1.10.11
[2025-09-13T09:15:02.585+0000] {subprocess.py:90} INFO - [0m09:15:02  [[33mWARNING[0m]: Deprecated functionality
[2025-09-13T09:15:02.586+0000] {subprocess.py:90} INFO - Usage of `--models`, `--model`, and `-m` is deprecated in favor of `--select` or
[2025-09-13T09:15:02.586+0000] {subprocess.py:90} INFO - `-s`.
[2025-09-13T09:15:02.893+0000] {subprocess.py:90} INFO - [0m09:15:02  Registered adapter: clickhouse=1.9.3
[2025-09-13T09:15:03.105+0000] {subprocess.py:90} INFO - [0m09:15:03  Unable to do partial parsing because of a version mismatch
[2025-09-13T09:15:04.814+0000] {subprocess.py:90} INFO - [0m09:15:04  [[33mWARNING[0m]: Did not find matching node for patch with name 'STG_CATEGORIES' in the 'models' section of file 'models/ecom_staging/schema.yml'
[2025-09-13T09:15:04.816+0000] {subprocess.py:90} INFO - [0m09:15:04  [[33mWARNING[0m]: Did not find matching node for patch with name 'STG_CUSTOMERS' in the 'models' section of file 'models/ecom_staging/schema.yml'
[2025-09-13T09:15:04.818+0000] {subprocess.py:90} INFO - [0m09:15:04  [[33mWARNING[0m]: Did not find matching node for patch with name 'STG_INTERACTIONS' in the 'models' section of file 'models/ecom_staging/schema.yml'
[2025-09-13T09:15:04.821+0000] {subprocess.py:90} INFO - [0m09:15:04  [[33mWARNING[0m]: Did not find matching node for patch with name 'STG_ORDER_ITEMS' in the 'models' section of file 'models/ecom_staging/schema.yml'
[2025-09-13T09:15:04.822+0000] {subprocess.py:90} INFO - [0m09:15:04  [[33mWARNING[0m]: Did not find matching node for patch with name 'STG_ORDERS' in the 'models' section of file 'models/ecom_staging/schema.yml'
[2025-09-13T09:15:04.824+0000] {subprocess.py:90} INFO - [0m09:15:04  [[33mWARNING[0m]: Did not find matching node for patch with name 'STG_PRODUCTS' in the 'models' section of file 'models/ecom_staging/schema.yml'
[2025-09-13T09:15:04.826+0000] {subprocess.py:90} INFO - [0m09:15:04  [[33mWARNING[0m]: Did not find matching node for patch with name 'STG_REVIEWS' in the 'models' section of file 'models/ecom_staging/schema.yml'
[2025-09-13T09:15:04.828+0000] {subprocess.py:90} INFO - [0m09:15:04  [[33mWARNING[0m]: Did not find matching node for patch with name 'STG_SUBCATEGORIES' in the 'models' section of file 'models/ecom_staging/schema.yml'
[2025-09-13T09:15:05.174+0000] {subprocess.py:90} INFO - [0m09:15:05  [[33mWARNING[0m][MissingArgumentsPropertyInGenericTestDeprecation]: Deprecated
[2025-09-13T09:15:05.175+0000] {subprocess.py:90} INFO - functionality
[2025-09-13T09:15:05.176+0000] {subprocess.py:90} INFO - Found top-level arguments to test `relationships`. Arguments to generic tests
[2025-09-13T09:15:05.176+0000] {subprocess.py:90} INFO - should be nested under the `arguments` property.`
[2025-09-13T09:15:05.292+0000] {subprocess.py:90} INFO - [0m09:15:05  [[33mWARNING[0m]: Test 'test.ecom_staging.source_relationships_ecom_raw_INTERACTIONS_CUSTOMER_ID__CUSTOMER_ID__source_ECOM_RAW_CUSTOMERS_.451a97967e' (models/ecom_staging/schema.yml) depends on a source named 'ECOM_RAW.CUSTOMERS' in package '' which was not found
[2025-09-13T09:15:05.293+0000] {subprocess.py:90} INFO - [0m09:15:05  [[33mWARNING[0m]: Test 'test.ecom_staging.source_relationships_ecom_raw_INTERACTIONS_PRODUCT_ID__PRODUCT_ID__source_ECOM_RAW_PRODUCTS_.0359070622' (models/ecom_staging/schema.yml) depends on a source named 'ECOM_RAW.PRODUCTS' in package '' which was not found
[2025-09-13T09:15:05.293+0000] {subprocess.py:90} INFO - [0m09:15:05  [[33mWARNING[0m]: Test 'test.ecom_staging.source_relationships_ecom_raw_ORDER_ITEMS_ORDER_ID__ORDER_ID__source_ECOM_RAW_ORDERS_.e0d3c59cff' (models/ecom_staging/schema.yml) depends on a source named 'ECOM_RAW.ORDERS' in package '' which was not found
[2025-09-13T09:15:05.294+0000] {subprocess.py:90} INFO - [0m09:15:05  [[33mWARNING[0m]: Test 'test.ecom_staging.source_relationships_ecom_raw_ORDER_ITEMS_PRODUCT_ID__PRODUCT_ID__source_ECOM_RAW_PRODUCTS_.15c1438d51' (models/ecom_staging/schema.yml) depends on a source named 'ECOM_RAW.PRODUCTS' in package '' which was not found
[2025-09-13T09:15:05.294+0000] {subprocess.py:90} INFO - [0m09:15:05  [[33mWARNING[0m]: Test 'test.ecom_staging.source_relationships_ecom_raw_ORDERS_CUSTOMER_ID__CUSTOMER_ID__source_ECOM_RAW_CUSTOMERS_.0c32667e5c' (models/ecom_staging/schema.yml) depends on a source named 'ECOM_RAW.CUSTOMERS' in package '' which was not found
[2025-09-13T09:15:05.295+0000] {subprocess.py:90} INFO - [0m09:15:05  [[33mWARNING[0m]: Test 'test.ecom_staging.source_relationships_ecom_raw_PRODUCTS_CATEGORY_ID__CATEGORY_ID__source_ECOM_RAW_CATEGORIES_.6b5c6d18a5' (models/ecom_staging/schema.yml) depends on a source named 'ECOM_RAW.CATEGORIES' in package '' which was not found
[2025-09-13T09:15:05.296+0000] {subprocess.py:90} INFO - [0m09:15:05  [[33mWARNING[0m]: Test 'test.ecom_staging.source_relationships_ecom_raw_PRODUCTS_SUBCATEGORY_ID__SUBCATEGORY_ID__source_ECOM_RAW_SUBCATEGORIES_.1baa4c1cd4' (models/ecom_staging/schema.yml) depends on a source named 'ECOM_RAW.SUBCATEGORIES' in package '' which was not found
[2025-09-13T09:15:05.297+0000] {subprocess.py:90} INFO - [0m09:15:05  [[33mWARNING[0m]: Test 'test.ecom_staging.source_relationships_ecom_raw_REVIEWS_PRODUCT_ID__PRODUCT_ID__source_ECOM_RAW_PRODUCTS_.7950c1b0b6' (models/ecom_staging/schema.yml) depends on a source named 'ECOM_RAW.PRODUCTS' in package '' which was not found
[2025-09-13T09:15:05.297+0000] {subprocess.py:90} INFO - [0m09:15:05  [[33mWARNING[0m]: Test 'test.ecom_staging.source_relationships_ecom_raw_REVIEWS_ORDER_ID__ORDER_ID__source_ECOM_RAW_ORDERS_.91980bc058' (models/ecom_staging/schema.yml) depends on a source named 'ECOM_RAW.ORDERS' in package '' which was not found
[2025-09-13T09:15:05.298+0000] {subprocess.py:90} INFO - [0m09:15:05  [[33mWARNING[0m]: Test 'test.ecom_staging.source_relationships_ecom_raw_REVIEWS_CUSTOMER_ID__CUSTOMER_ID__source_ECOM_RAW_CUSTOMERS_.99ec8fb2dc' (models/ecom_staging/schema.yml) depends on a source named 'ECOM_RAW.CUSTOMERS' in package '' which was not found
[2025-09-13T09:15:05.298+0000] {subprocess.py:90} INFO - [0m09:15:05  [[33mWARNING[0m]: Test 'test.ecom_staging.source_relationships_ecom_raw_SUBCATEGORIES_CATEGORY_ID__CATEGORY_ID__source_ECOM_RAW_CATEGORIES_.2b696d3416' (models/ecom_staging/schema.yml) depends on a source named 'ECOM_RAW.CATEGORIES' in package '' which was not found
[2025-09-13T09:15:05.299+0000] {subprocess.py:90} INFO - [0m09:15:05  [[33mWARNING[0m]: Test 'test.ecom_staging.unique_STG_CATEGORIES_CATEGORY_ID.5b4d027f38' (models/ecom_staging/schema.yml) depends on a node named 'STG_CATEGORIES' in package '' which was not found
[2025-09-13T09:15:05.299+0000] {subprocess.py:90} INFO - [0m09:15:05  [[33mWARNING[0m]: Test 'test.ecom_staging.not_null_STG_CATEGORIES_CATEGORY_ID.ad12797fe2' (models/ecom_staging/schema.yml) depends on a node named 'STG_CATEGORIES' in package '' which was not found
[2025-09-13T09:15:05.300+0000] {subprocess.py:90} INFO - [0m09:15:05  [[33mWARNING[0m]: Test 'test.ecom_staging.not_null_STG_CATEGORIES_CATEGORY_NAME.595b3f914e' (models/ecom_staging/schema.yml) depends on a node named 'STG_CATEGORIES' in package '' which was not found
[2025-09-13T09:15:05.300+0000] {subprocess.py:90} INFO - [0m09:15:05  [[33mWARNING[0m]: Test 'test.ecom_staging.unique_STG_CUSTOMERS_CUSTOMER_ID.a0795e25f6' (models/ecom_staging/schema.yml) depends on a node named 'STG_CUSTOMERS' in package '' which was not found
[2025-09-13T09:15:05.301+0000] {subprocess.py:90} INFO - [0m09:15:05  [[33mWARNING[0m]: Test 'test.ecom_staging.not_null_STG_CUSTOMERS_CUSTOMER_ID.229e4fb521' (models/ecom_staging/schema.yml) depends on a node named 'STG_CUSTOMERS' in package '' which was not found
[2025-09-13T09:15:05.301+0000] {subprocess.py:90} INFO - [0m09:15:05  [[33mWARNING[0m]: Test 'test.ecom_staging.not_null_STG_CUSTOMERS_EMAIL.f111df3a9e' (models/ecom_staging/schema.yml) depends on a node named 'STG_CUSTOMERS' in package '' which was not found
[2025-09-13T09:15:05.301+0000] {subprocess.py:90} INFO - [0m09:15:05  [[33mWARNING[0m]: Test 'test.ecom_staging.unique_STG_INTERACTIONS_EVENT_ID.1bcf5ab72c' (models/ecom_staging/schema.yml) depends on a node named 'STG_INTERACTIONS' in package '' which was not found
[2025-09-13T09:15:05.302+0000] {subprocess.py:90} INFO - [0m09:15:05  [[33mWARNING[0m]: Test 'test.ecom_staging.not_null_STG_INTERACTIONS_EVENT_ID.ab924b885e' (models/ecom_staging/schema.yml) depends on a node named 'STG_INTERACTIONS' in package '' which was not found
[2025-09-13T09:15:05.302+0000] {subprocess.py:90} INFO - [0m09:15:05  [[33mWARNING[0m]: Test 'test.ecom_staging.not_null_STG_INTERACTIONS_CUSTOMER_ID.cc70dccd48' (models/ecom_staging/schema.yml) depends on a node named 'STG_INTERACTIONS' in package '' which was not found
[2025-09-13T09:15:05.303+0000] {subprocess.py:90} INFO - [0m09:15:05  [[33mWARNING[0m]: Test 'test.ecom_staging.not_null_STG_INTERACTIONS_PRODUCT_ID.89410e8caf' (models/ecom_staging/schema.yml) depends on a node named 'STG_INTERACTIONS' in package '' which was not found
[2025-09-13T09:15:05.303+0000] {subprocess.py:90} INFO - [0m09:15:05  [[33mWARNING[0m]: Test 'test.ecom_staging.unique_STG_ORDER_ITEMS_ORDER_ITEM_ID.51e5f4e79b' (models/ecom_staging/schema.yml) depends on a node named 'STG_ORDER_ITEMS' in package '' which was not found
[2025-09-13T09:15:05.304+0000] {subprocess.py:90} INFO - [0m09:15:05  [[33mWARNING[0m]: Test 'test.ecom_staging.not_null_STG_ORDER_ITEMS_ORDER_ITEM_ID.8c62db2d0b' (models/ecom_staging/schema.yml) depends on a node named 'STG_ORDER_ITEMS' in package '' which was not found
[2025-09-13T09:15:05.304+0000] {subprocess.py:90} INFO - [0m09:15:05  [[33mWARNING[0m]: Test 'test.ecom_staging.not_null_STG_ORDER_ITEMS_ORDER_ID.a04a6d3971' (models/ecom_staging/schema.yml) depends on a node named 'STG_ORDER_ITEMS' in package '' which was not found
[2025-09-13T09:15:05.305+0000] {subprocess.py:90} INFO - [0m09:15:05  [[33mWARNING[0m]: Test 'test.ecom_staging.not_null_STG_ORDER_ITEMS_PRODUCT_ID.1eb02e8951' (models/ecom_staging/schema.yml) depends on a node named 'STG_ORDER_ITEMS' in package '' which was not found
[2025-09-13T09:15:05.305+0000] {subprocess.py:90} INFO - [0m09:15:05  [[33mWARNING[0m]: Test 'test.ecom_staging.unique_STG_ORDERS_ORDER_ID.25ed21c9f6' (models/ecom_staging/schema.yml) depends on a node named 'STG_ORDERS' in package '' which was not found
[2025-09-13T09:15:05.306+0000] {subprocess.py:90} INFO - [0m09:15:05  [[33mWARNING[0m]: Test 'test.ecom_staging.not_null_STG_ORDERS_ORDER_ID.bb0d905fb8' (models/ecom_staging/schema.yml) depends on a node named 'STG_ORDERS' in package '' which was not found
[2025-09-13T09:15:05.306+0000] {subprocess.py:90} INFO - [0m09:15:05  [[33mWARNING[0m]: Test 'test.ecom_staging.not_null_STG_ORDERS_CUSTOMER_ID.d710cd86b0' (models/ecom_staging/schema.yml) depends on a node named 'STG_ORDERS' in package '' which was not found
[2025-09-13T09:15:05.307+0000] {subprocess.py:90} INFO - [0m09:15:05  [[33mWARNING[0m]: Test 'test.ecom_staging.unique_STG_PRODUCTS_PRODUCT_ID.2625e0f655' (models/ecom_staging/schema.yml) depends on a node named 'STG_PRODUCTS' in package '' which was not found
[2025-09-13T09:15:05.307+0000] {subprocess.py:90} INFO - [0m09:15:05  [[33mWARNING[0m]: Test 'test.ecom_staging.not_null_STG_PRODUCTS_PRODUCT_ID.cc8cd0e75a' (models/ecom_staging/schema.yml) depends on a node named 'STG_PRODUCTS' in package '' which was not found
[2025-09-13T09:15:05.307+0000] {subprocess.py:90} INFO - [0m09:15:05  [[33mWARNING[0m]: Test 'test.ecom_staging.not_null_STG_PRODUCTS_CATEGORY_ID.5b5f0bf2bf' (models/ecom_staging/schema.yml) depends on a node named 'STG_PRODUCTS' in package '' which was not found
[2025-09-13T09:15:05.308+0000] {subprocess.py:90} INFO - [0m09:15:05  [[33mWARNING[0m]: Test 'test.ecom_staging.not_null_STG_PRODUCTS_SUBCATEGORY_ID.3bd8fc1e53' (models/ecom_staging/schema.yml) depends on a node named 'STG_PRODUCTS' in package '' which was not found
[2025-09-13T09:15:05.308+0000] {subprocess.py:90} INFO - [0m09:15:05  [[33mWARNING[0m]: Test 'test.ecom_staging.not_null_STG_REVIEWS_PRODUCT_ID.861cf8fd2c' (models/ecom_staging/schema.yml) depends on a node named 'STG_REVIEWS' in package '' which was not found
[2025-09-13T09:15:05.309+0000] {subprocess.py:90} INFO - [0m09:15:05  [[33mWARNING[0m]: Test 'test.ecom_staging.not_null_STG_REVIEWS_ORDER_ID.12f0cf4272' (models/ecom_staging/schema.yml) depends on a node named 'STG_REVIEWS' in package '' which was not found
[2025-09-13T09:15:05.309+0000] {subprocess.py:90} INFO - [0m09:15:05  [[33mWARNING[0m]: Test 'test.ecom_staging.not_null_STG_REVIEWS_CUSTOMER_ID.9eeeedeae9' (models/ecom_staging/schema.yml) depends on a node named 'STG_REVIEWS' in package '' which was not found
[2025-09-13T09:15:05.310+0000] {subprocess.py:90} INFO - [0m09:15:05  [[33mWARNING[0m]: Test 'test.ecom_staging.unique_STG_SUBCATEGORIES_SUBCATEGORY_ID.516c102e64' (models/ecom_staging/schema.yml) depends on a node named 'STG_SUBCATEGORIES' in package '' which was not found
[2025-09-13T09:15:05.310+0000] {subprocess.py:90} INFO - [0m09:15:05  [[33mWARNING[0m]: Test 'test.ecom_staging.not_null_STG_SUBCATEGORIES_SUBCATEGORY_ID.ad216f0932' (models/ecom_staging/schema.yml) depends on a node named 'STG_SUBCATEGORIES' in package '' which was not found
[2025-09-13T09:15:05.310+0000] {subprocess.py:90} INFO - [0m09:15:05  [[33mWARNING[0m]: Test 'test.ecom_staging.not_null_STG_SUBCATEGORIES_CATEGORY_ID.4d5fd2a28d' (models/ecom_staging/schema.yml) depends on a node named 'STG_SUBCATEGORIES' in package '' which was not found
[2025-09-13T09:15:05.583+0000] {subprocess.py:90} INFO - [0m09:15:05  Found 8 models, 27 data tests, 8 sources, 597 macros
[2025-09-13T09:15:05.585+0000] {subprocess.py:90} INFO - [0m09:15:05
[2025-09-13T09:15:05.586+0000] {subprocess.py:90} INFO - [0m09:15:05  Concurrency: 4 threads (target='dev')
[2025-09-13T09:15:05.587+0000] {subprocess.py:90} INFO - [0m09:15:05
[2025-09-13T09:15:05.825+0000] {subprocess.py:90} INFO - [0m09:15:05  1 of 1 START sql view model `ecom_db_staging`.`stg_interactions` ............... [RUN]
[2025-09-13T09:15:05.973+0000] {subprocess.py:90} INFO - [0m09:15:05  1 of 1 OK created sql view model `ecom_db_staging`.`stg_interactions` .......... [[32mOK[0m in 0.15s]
[2025-09-13T09:15:05.977+0000] {subprocess.py:90} INFO - [0m09:15:05
[2025-09-13T09:15:05.977+0000] {subprocess.py:90} INFO - [0m09:15:05  Finished running 1 view model in 0 hours 0 minutes and 0.39 seconds (0.39s).
[2025-09-13T09:15:06.022+0000] {subprocess.py:90} INFO - [0m09:15:06
[2025-09-13T09:15:06.022+0000] {subprocess.py:90} INFO - [0m09:15:06  [32mCompleted successfully[0m
[2025-09-13T09:15:06.023+0000] {subprocess.py:90} INFO - [0m09:15:06
[2025-09-13T09:15:06.024+0000] {subprocess.py:90} INFO - [0m09:15:06  Done. PASS=1 WARN=0 ERROR=0 SKIP=0 NO-OP=0 TOTAL=1
[2025-09-13T09:15:06.024+0000] {subprocess.py:90} INFO - [0m09:15:06  [[33mWARNING[0m][DeprecationsSummary]: Deprecated functionality
[2025-09-13T09:15:06.025+0000] {subprocess.py:90} INFO - Summary of encountered deprecations:
[2025-09-13T09:15:06.025+0000] {subprocess.py:90} INFO - - ModelParamUsageDeprecation: 1 occurrence
[2025-09-13T09:15:06.026+0000] {subprocess.py:90} INFO - - MissingArgumentsPropertyInGenericTestDeprecation: 11 occurrences
[2025-09-13T09:15:06.026+0000] {subprocess.py:90} INFO - To see all deprecation instances instead of just the first occurrence of each,
[2025-09-13T09:15:06.027+0000] {subprocess.py:90} INFO - run command again with the `--show-all-deprecations` flag. You may also need to
[2025-09-13T09:15:06.028+0000] {subprocess.py:90} INFO - run with `--no-partial-parse` as some deprecations are only encountered during
[2025-09-13T09:15:06.028+0000] {subprocess.py:90} INFO - parsing.
[2025-09-13T09:15:07.957+0000] {subprocess.py:94} INFO - Command exited with return code 0
[2025-09-13T09:15:07.957+0000] {local.py:441} INFO - parsing.
[2025-09-13T09:15:07.970+0000] {local.py:196} WARNING - Artifact schema version: https://schemas.getdbt.com/dbt/manifest/v12.json is above dbt-ol supported version 7. This might cause errors.
[2025-09-13T09:15:07.971+0000] {local.py:196} WARNING - Artifact schema version: https://schemas.getdbt.com/dbt/run-results/v6.json is above dbt-ol supported version 5. This might cause errors.
[2025-09-13T09:15:07.978+0000] {local.py:547} INFO - Inlets: []
[2025-09-13T09:15:07.979+0000] {local.py:548} INFO - Outlets: []
[2025-09-13T09:15:07.979+0000] {local.py:772} INFO - Assigning inlets/outlets without DatasetAlias
[2025-09-13T09:15:07.980+0000] {dag.py:3089} INFO - Sync 1 DAGs
[2025-09-13T09:15:08.041+0000] {dag.py:3947} INFO - Setting next_dagrun for dbt_ecom_cosmos to 2025-09-13 00:00:00+00:00, run_after=2025-09-14 00:00:00+00:00
[2025-09-13T09:15:08.123+0000] {virtualenv.py:131} INFO - Releasing virtualenv lock
[2025-09-13T09:15:08.124+0000] {virtualenv.py:145} INFO - None
[2025-09-13T09:15:08.125+0000] {taskinstance.py:441} INFO - ::group::Post task execution logs
[2025-09-13T09:15:08.164+0000] {taskinstance.py:1206} INFO - Marking task as SUCCESS. dag_id=dbt_ecom_cosmos, task_id=dbt_ecom.stg_interactions_run, run_id=scheduled__2025-09-12T00:00:00+00:00, execution_date=20250912T000000, start_date=20250913T091449, end_date=20250913T091508
[2025-09-13T09:15:08.217+0000] {local_task_job_runner.py:243} INFO - Task exited with return code 0
[2025-09-13T09:15:08.273+0000] {taskinstance.py:3503} INFO - 0 downstream tasks scheduled from follow-on schedule check
[2025-09-13T09:15:08.275+0000] {local_task_job_runner.py:222} INFO - ::endgroup::
