[2025-09-14T14:34:23.601+0000] {local_task_job_runner.py:120} INFO - ::group::Pre task execution logs
[2025-09-14T14:34:23.858+0000] {taskinstance.py:2076} INFO - Dependencies all met for dep_context=non-requeueable deps ti=<TaskInstance: dbt_marts.marts.dim_products.run manual__2025-09-14T14:34:20.423414+00:00 [queued]>
[2025-09-14T14:34:23.869+0000] {taskinstance.py:2076} INFO - Dependencies all met for dep_context=requeueable deps ti=<TaskInstance: dbt_marts.marts.dim_products.run manual__2025-09-14T14:34:20.423414+00:00 [queued]>
[2025-09-14T14:34:23.880+0000] {taskinstance.py:2306} INFO - Starting attempt 1 of 1
[2025-09-14T14:34:23.916+0000] {taskinstance.py:2330} INFO - Executing <Task(DbtRunVirtualenvOperator): marts.dim_products.run> on 2025-09-14 14:34:20.423414+00:00
[2025-09-14T14:34:23.926+0000] {standard_task_runner.py:64} INFO - Started process 7957 to run task
[2025-09-14T14:34:23.931+0000] {standard_task_runner.py:90} INFO - Running: ['***', 'tasks', 'run', 'dbt_marts', 'marts.dim_products.run', 'manual__2025-09-14T14:34:20.423414+00:00', '--job-id', '393', '--raw', '--subdir', 'DAGS_FOLDER/dbt_marts.py', '--cfg-path', '/tmp/tmp4xyeps28']
[2025-09-14T14:34:23.935+0000] {standard_task_runner.py:91} INFO - Job 393: Subtask marts.dim_products.run
[2025-09-14T14:34:24.092+0000] {task_command.py:426} INFO - Running <TaskInstance: dbt_marts.marts.dim_products.run manual__2025-09-14T14:34:20.423414+00:00 [running]> on host e95bde6b8d07
[2025-09-14T14:34:24.381+0000] {taskinstance.py:2648} INFO - Exporting env vars: AIRFLOW_CTX_DAG_OWNER='***' AIRFLOW_CTX_DAG_ID='dbt_marts' AIRFLOW_CTX_TASK_ID='marts.dim_products.run' AIRFLOW_CTX_EXECUTION_DATE='2025-09-14T14:34:20.423414+00:00' AIRFLOW_CTX_TRY_NUMBER='1' AIRFLOW_CTX_DAG_RUN_ID='manual__2025-09-14T14:34:20.423414+00:00'
[2025-09-14T14:34:24.383+0000] {taskinstance.py:430} INFO - ::endgroup::
[2025-09-14T14:34:24.401+0000] {virtualenv.py:120} INFO - Checking if the virtualenv lock /tmp/cosmos_venv_ecom_marts/cosmos_virtualenv.lock exists
[2025-09-14T14:34:24.402+0000] {virtualenv.py:126} INFO - Acquiring the virtualenv lock
[2025-09-14T14:34:24.402+0000] {virtualenv.py:195} INFO - Acquiring lock at /tmp/cosmos_venv_ecom_marts/cosmos_virtualenv.lock with pid 7957
[2025-09-14T14:34:24.403+0000] {virtualenv.py:153} INFO - Creating or updating the virtualenv at `/tmp/cosmos_venv_ecom_marts
[2025-09-14T14:34:24.403+0000] {process_utils.py:183} INFO - Executing cmd: /home/***/.local/bin/python -m virtualenv /tmp/cosmos_venv_ecom_marts --python=python3
[2025-09-14T14:34:24.404+0000] {process_utils.py:187} INFO - Output:
[2025-09-14T14:34:25.852+0000] {process_utils.py:191} INFO - created virtual environment CPython3.10.14.final.0-64 in 514ms
[2025-09-14T14:34:25.853+0000] {process_utils.py:191} INFO -   creator CPython3Posix(dest=/tmp/cosmos_venv_ecom_marts, clear=False, no_vcs_ignore=False, global=False)
[2025-09-14T14:34:25.853+0000] {process_utils.py:191} INFO -   seeder FromAppData(download=False, pip=bundle, setuptools=bundle, wheel=bundle, via=copy, app_data_dir=/home/***/.local/share/virtualenv)
[2025-09-14T14:34:25.854+0000] {process_utils.py:191} INFO -     added seed packages: MarkupSafe==3.0.2, PyYAML==6.0.2, agate==1.9.1, annotated_types==0.7.0, attrs==25.3.0, babel==2.17.0, certifi==2025.8.3, charset_normalizer==3.4.3, click==8.2.1, clickhouse_connect==0.8.18, clickhouse_driver==0.2.9, colorama==0.4.6, daff==1.4.2, dbt_adapters==1.16.7, dbt_clickhouse==1.9.3, dbt_common==1.30.0, dbt_core==1.10.11, dbt_extractor==0.6.0, dbt_protos==1.0.375, dbt_semantic_interfaces==0.9.0, deepdiff==8.6.1, idna==3.10, importlib_metadata==8.7.0, isodate==0.6.1, jinja2==3.1.6, jsonschema==4.25.1, jsonschema_specifications==2025.9.1, leather==0.4.0, lz4==4.4.4, mashumaro==3.14, more_itertools==10.8.0, msgpack==1.1.1, networkx==3.4.2, orderly_set==5.5.0, packaging==25.0, parsedatetime==2.6, pathspec==0.12.1, pip==25.2, protobuf==6.32.1, pydantic==2.11.9, pydantic_core==2.33.2, python_dateutil==2.9.0.post0, python_slugify==8.0.4, pytimeparse==1.1.8, pytz==2025.2, referencing==0.36.2, requests==2.32.5, rpds_py==0.27.1, setuptools==80.9.0, six==1.17.0, snowplow_tracker==1.1.0, sqlparse==0.5.3, text_unidecode==1.3, typing_extensions==4.15.0, typing_inspection==0.4.1, tzlocal==5.3.1, urllib3==2.5.0, wheel==0.45.1, zipp==3.23.0, zstandard==0.24.0
[2025-09-14T14:34:25.855+0000] {process_utils.py:191} INFO -   activators BashActivator,CShellActivator,FishActivator,NushellActivator,PowerShellActivator,PythonActivator
[2025-09-14T14:34:25.909+0000] {process_utils.py:183} INFO - Executing cmd: /tmp/cosmos_venv_ecom_marts/bin/pip install dbt-clickhouse
[2025-09-14T14:34:25.910+0000] {process_utils.py:187} INFO - Output:
[2025-09-14T14:34:27.252+0000] {process_utils.py:191} INFO - Requirement already satisfied: dbt-clickhouse in /tmp/cosmos_venv_ecom_marts/lib/python3.10/site-packages (1.9.3)
[2025-09-14T14:34:27.256+0000] {process_utils.py:191} INFO - Requirement already satisfied: dbt-core>=1.9 in /tmp/cosmos_venv_ecom_marts/lib/python3.10/site-packages (from dbt-clickhouse) (1.10.11)
[2025-09-14T14:34:27.257+0000] {process_utils.py:191} INFO - Requirement already satisfied: clickhouse-connect>=0.6.22 in /tmp/cosmos_venv_ecom_marts/lib/python3.10/site-packages (from dbt-clickhouse) (0.8.18)
[2025-09-14T14:34:27.258+0000] {process_utils.py:191} INFO - Requirement already satisfied: clickhouse-driver>=0.2.6 in /tmp/cosmos_venv_ecom_marts/lib/python3.10/site-packages (from dbt-clickhouse) (0.2.9)
[2025-09-14T14:34:27.259+0000] {process_utils.py:191} INFO - Requirement already satisfied: setuptools>=0.69 in /tmp/cosmos_venv_ecom_marts/lib/python3.10/site-packages (from dbt-clickhouse) (80.9.0)
[2025-09-14T14:34:27.263+0000] {process_utils.py:191} INFO - Requirement already satisfied: certifi in /tmp/cosmos_venv_ecom_marts/lib/python3.10/site-packages (from clickhouse-connect>=0.6.22->dbt-clickhouse) (2025.8.3)
[2025-09-14T14:34:27.263+0000] {process_utils.py:191} INFO - Requirement already satisfied: urllib3>=1.26 in /tmp/cosmos_venv_ecom_marts/lib/python3.10/site-packages (from clickhouse-connect>=0.6.22->dbt-clickhouse) (2.5.0)
[2025-09-14T14:34:27.264+0000] {process_utils.py:191} INFO - Requirement already satisfied: pytz in /tmp/cosmos_venv_ecom_marts/lib/python3.10/site-packages (from clickhouse-connect>=0.6.22->dbt-clickhouse) (2025.2)
[2025-09-14T14:34:27.265+0000] {process_utils.py:191} INFO - Requirement already satisfied: zstandard in /tmp/cosmos_venv_ecom_marts/lib/python3.10/site-packages (from clickhouse-connect>=0.6.22->dbt-clickhouse) (0.24.0)
[2025-09-14T14:34:27.266+0000] {process_utils.py:191} INFO - Requirement already satisfied: lz4 in /tmp/cosmos_venv_ecom_marts/lib/python3.10/site-packages (from clickhouse-connect>=0.6.22->dbt-clickhouse) (4.4.4)
[2025-09-14T14:34:27.269+0000] {process_utils.py:191} INFO - Requirement already satisfied: tzlocal in /tmp/cosmos_venv_ecom_marts/lib/python3.10/site-packages (from clickhouse-driver>=0.2.6->dbt-clickhouse) (5.3.1)
[2025-09-14T14:34:27.274+0000] {process_utils.py:191} INFO - Requirement already satisfied: agate<1.10,>=1.7.0 in /tmp/cosmos_venv_ecom_marts/lib/python3.10/site-packages (from dbt-core>=1.9->dbt-clickhouse) (1.9.1)
[2025-09-14T14:34:27.275+0000] {process_utils.py:191} INFO - Requirement already satisfied: Jinja2<4,>=3.1.3 in /tmp/cosmos_venv_ecom_marts/lib/python3.10/site-packages (from dbt-core>=1.9->dbt-clickhouse) (3.1.6)
[2025-09-14T14:34:27.277+0000] {process_utils.py:191} INFO - Requirement already satisfied: mashumaro<3.15,>=3.9 in /tmp/cosmos_venv_ecom_marts/lib/python3.10/site-packages (from mashumaro[msgpack]<3.15,>=3.9->dbt-core>=1.9->dbt-clickhouse) (3.14)
[2025-09-14T14:34:27.278+0000] {process_utils.py:191} INFO - Requirement already satisfied: click<9.0,>=8.0.2 in /tmp/cosmos_venv_ecom_marts/lib/python3.10/site-packages (from dbt-core>=1.9->dbt-clickhouse) (8.2.1)
[2025-09-14T14:34:27.279+0000] {process_utils.py:191} INFO - Requirement already satisfied: jsonschema<5.0,>=4.19.1 in /tmp/cosmos_venv_ecom_marts/lib/python3.10/site-packages (from dbt-core>=1.9->dbt-clickhouse) (4.25.1)
[2025-09-14T14:34:27.280+0000] {process_utils.py:191} INFO - Requirement already satisfied: networkx<4.0,>=2.3 in /tmp/cosmos_venv_ecom_marts/lib/python3.10/site-packages (from dbt-core>=1.9->dbt-clickhouse) (3.4.2)
[2025-09-14T14:34:27.281+0000] {process_utils.py:191} INFO - Requirement already satisfied: protobuf<7.0,>=6.0 in /tmp/cosmos_venv_ecom_marts/lib/python3.10/site-packages (from dbt-core>=1.9->dbt-clickhouse) (6.32.1)
[2025-09-14T14:34:27.281+0000] {process_utils.py:191} INFO - Requirement already satisfied: requests<3.0.0 in /tmp/cosmos_venv_ecom_marts/lib/python3.10/site-packages (from dbt-core>=1.9->dbt-clickhouse) (2.32.5)
[2025-09-14T14:34:27.282+0000] {process_utils.py:191} INFO - Requirement already satisfied: snowplow-tracker<2.0,>=1.0.2 in /tmp/cosmos_venv_ecom_marts/lib/python3.10/site-packages (from dbt-core>=1.9->dbt-clickhouse) (1.1.0)
[2025-09-14T14:34:27.283+0000] {process_utils.py:191} INFO - Requirement already satisfied: pathspec<0.13,>=0.9 in /tmp/cosmos_venv_ecom_marts/lib/python3.10/site-packages (from dbt-core>=1.9->dbt-clickhouse) (0.12.1)
[2025-09-14T14:34:27.284+0000] {process_utils.py:191} INFO - Requirement already satisfied: sqlparse<0.6.0,>=0.5.0 in /tmp/cosmos_venv_ecom_marts/lib/python3.10/site-packages (from dbt-core>=1.9->dbt-clickhouse) (0.5.3)
[2025-09-14T14:34:27.284+0000] {process_utils.py:191} INFO - Requirement already satisfied: dbt-extractor<=0.6,>=0.5.0 in /tmp/cosmos_venv_ecom_marts/lib/python3.10/site-packages (from dbt-core>=1.9->dbt-clickhouse) (0.6.0)
[2025-09-14T14:34:27.285+0000] {process_utils.py:191} INFO - Requirement already satisfied: dbt-semantic-interfaces<0.10,>=0.9.0 in /tmp/cosmos_venv_ecom_marts/lib/python3.10/site-packages (from dbt-core>=1.9->dbt-clickhouse) (0.9.0)
[2025-09-14T14:34:27.286+0000] {process_utils.py:191} INFO - Requirement already satisfied: dbt-common<2.0,>=1.27.0 in /tmp/cosmos_venv_ecom_marts/lib/python3.10/site-packages (from dbt-core>=1.9->dbt-clickhouse) (1.30.0)
[2025-09-14T14:34:27.286+0000] {process_utils.py:191} INFO - Requirement already satisfied: dbt-adapters<2.0,>=1.15.5 in /tmp/cosmos_venv_ecom_marts/lib/python3.10/site-packages (from dbt-core>=1.9->dbt-clickhouse) (1.16.7)
[2025-09-14T14:34:27.287+0000] {process_utils.py:191} INFO - Requirement already satisfied: dbt-protos<2.0,>=1.0.346 in /tmp/cosmos_venv_ecom_marts/lib/python3.10/site-packages (from dbt-core>=1.9->dbt-clickhouse) (1.0.375)
[2025-09-14T14:34:27.288+0000] {process_utils.py:191} INFO - Requirement already satisfied: pydantic<3 in /tmp/cosmos_venv_ecom_marts/lib/python3.10/site-packages (from dbt-core>=1.9->dbt-clickhouse) (2.11.9)
[2025-09-14T14:34:27.288+0000] {process_utils.py:191} INFO - Requirement already satisfied: packaging>20.9 in /tmp/cosmos_venv_ecom_marts/lib/python3.10/site-packages (from dbt-core>=1.9->dbt-clickhouse) (25.0)
[2025-09-14T14:34:27.290+0000] {process_utils.py:191} INFO - Requirement already satisfied: pyyaml>=6.0 in /tmp/cosmos_venv_ecom_marts/lib/python3.10/site-packages (from dbt-core>=1.9->dbt-clickhouse) (6.0.2)
[2025-09-14T14:34:27.290+0000] {process_utils.py:191} INFO - Requirement already satisfied: daff>=1.3.46 in /tmp/cosmos_venv_ecom_marts/lib/python3.10/site-packages (from dbt-core>=1.9->dbt-clickhouse) (1.4.2)
[2025-09-14T14:34:27.291+0000] {process_utils.py:191} INFO - Requirement already satisfied: typing-extensions>=4.4 in /tmp/cosmos_venv_ecom_marts/lib/python3.10/site-packages (from dbt-core>=1.9->dbt-clickhouse) (4.15.0)
[2025-09-14T14:34:27.296+0000] {process_utils.py:191} INFO - Requirement already satisfied: Babel>=2.0 in /tmp/cosmos_venv_ecom_marts/lib/python3.10/site-packages (from agate<1.10,>=1.7.0->dbt-core>=1.9->dbt-clickhouse) (2.17.0)
[2025-09-14T14:34:27.297+0000] {process_utils.py:191} INFO - Requirement already satisfied: isodate>=0.5.4 in /tmp/cosmos_venv_ecom_marts/lib/python3.10/site-packages (from agate<1.10,>=1.7.0->dbt-core>=1.9->dbt-clickhouse) (0.6.1)
[2025-09-14T14:34:27.298+0000] {process_utils.py:191} INFO - Requirement already satisfied: leather>=0.3.2 in /tmp/cosmos_venv_ecom_marts/lib/python3.10/site-packages (from agate<1.10,>=1.7.0->dbt-core>=1.9->dbt-clickhouse) (0.4.0)
[2025-09-14T14:34:27.299+0000] {process_utils.py:191} INFO - Requirement already satisfied: parsedatetime!=2.5,>=2.1 in /tmp/cosmos_venv_ecom_marts/lib/python3.10/site-packages (from agate<1.10,>=1.7.0->dbt-core>=1.9->dbt-clickhouse) (2.6)
[2025-09-14T14:34:27.299+0000] {process_utils.py:191} INFO - Requirement already satisfied: python-slugify>=1.2.1 in /tmp/cosmos_venv_ecom_marts/lib/python3.10/site-packages (from agate<1.10,>=1.7.0->dbt-core>=1.9->dbt-clickhouse) (8.0.4)
[2025-09-14T14:34:27.300+0000] {process_utils.py:191} INFO - Requirement already satisfied: pytimeparse>=1.1.5 in /tmp/cosmos_venv_ecom_marts/lib/python3.10/site-packages (from agate<1.10,>=1.7.0->dbt-core>=1.9->dbt-clickhouse) (1.1.8)
[2025-09-14T14:34:27.316+0000] {process_utils.py:191} INFO - Requirement already satisfied: colorama<0.5,>=0.3.9 in /tmp/cosmos_venv_ecom_marts/lib/python3.10/site-packages (from dbt-common<2.0,>=1.27.0->dbt-core>=1.9->dbt-clickhouse) (0.4.6)
[2025-09-14T14:34:27.318+0000] {process_utils.py:191} INFO - Requirement already satisfied: deepdiff<9.0,>=7.0 in /tmp/cosmos_venv_ecom_marts/lib/python3.10/site-packages (from dbt-common<2.0,>=1.27.0->dbt-core>=1.9->dbt-clickhouse) (8.6.1)
[2025-09-14T14:34:27.321+0000] {process_utils.py:191} INFO - Requirement already satisfied: python-dateutil<3.0,>=2.0 in /tmp/cosmos_venv_ecom_marts/lib/python3.10/site-packages (from dbt-common<2.0,>=1.27.0->dbt-core>=1.9->dbt-clickhouse) (2.9.0.post0)
[2025-09-14T14:34:27.330+0000] {process_utils.py:191} INFO - Requirement already satisfied: importlib-metadata<9,>=6.0 in /tmp/cosmos_venv_ecom_marts/lib/python3.10/site-packages (from dbt-semantic-interfaces<0.10,>=0.9.0->dbt-core>=1.9->dbt-clickhouse) (8.7.0)
[2025-09-14T14:34:27.332+0000] {process_utils.py:191} INFO - Requirement already satisfied: more-itertools<11.0,>=8.0 in /tmp/cosmos_venv_ecom_marts/lib/python3.10/site-packages (from dbt-semantic-interfaces<0.10,>=0.9.0->dbt-core>=1.9->dbt-clickhouse) (10.8.0)
[2025-09-14T14:34:27.344+0000] {process_utils.py:191} INFO - Requirement already satisfied: orderly-set<6,>=5.4.1 in /tmp/cosmos_venv_ecom_marts/lib/python3.10/site-packages (from deepdiff<9.0,>=7.0->dbt-common<2.0,>=1.27.0->dbt-core>=1.9->dbt-clickhouse) (5.5.0)
[2025-09-14T14:34:27.353+0000] {process_utils.py:191} INFO - Requirement already satisfied: zipp>=3.20 in /tmp/cosmos_venv_ecom_marts/lib/python3.10/site-packages (from importlib-metadata<9,>=6.0->dbt-semantic-interfaces<0.10,>=0.9.0->dbt-core>=1.9->dbt-clickhouse) (3.23.0)
[2025-09-14T14:34:27.357+0000] {process_utils.py:191} INFO - Requirement already satisfied: six in /tmp/cosmos_venv_ecom_marts/lib/python3.10/site-packages (from isodate>=0.5.4->agate<1.10,>=1.7.0->dbt-core>=1.9->dbt-clickhouse) (1.17.0)
[2025-09-14T14:34:27.360+0000] {process_utils.py:191} INFO - Requirement already satisfied: MarkupSafe>=2.0 in /tmp/cosmos_venv_ecom_marts/lib/python3.10/site-packages (from Jinja2<4,>=3.1.3->dbt-core>=1.9->dbt-clickhouse) (3.0.2)
[2025-09-14T14:34:27.367+0000] {process_utils.py:191} INFO - Requirement already satisfied: attrs>=22.2.0 in /tmp/cosmos_venv_ecom_marts/lib/python3.10/site-packages (from jsonschema<5.0,>=4.19.1->dbt-core>=1.9->dbt-clickhouse) (25.3.0)
[2025-09-14T14:34:27.367+0000] {process_utils.py:191} INFO - Requirement already satisfied: jsonschema-specifications>=2023.03.6 in /tmp/cosmos_venv_ecom_marts/lib/python3.10/site-packages (from jsonschema<5.0,>=4.19.1->dbt-core>=1.9->dbt-clickhouse) (2025.9.1)
[2025-09-14T14:34:27.368+0000] {process_utils.py:191} INFO - Requirement already satisfied: referencing>=0.28.4 in /tmp/cosmos_venv_ecom_marts/lib/python3.10/site-packages (from jsonschema<5.0,>=4.19.1->dbt-core>=1.9->dbt-clickhouse) (0.36.2)
[2025-09-14T14:34:27.368+0000] {process_utils.py:191} INFO - Requirement already satisfied: rpds-py>=0.7.1 in /tmp/cosmos_venv_ecom_marts/lib/python3.10/site-packages (from jsonschema<5.0,>=4.19.1->dbt-core>=1.9->dbt-clickhouse) (0.27.1)
[2025-09-14T14:34:27.378+0000] {process_utils.py:191} INFO - Requirement already satisfied: msgpack>=0.5.6 in /tmp/cosmos_venv_ecom_marts/lib/python3.10/site-packages (from mashumaro[msgpack]<3.15,>=3.9->dbt-core>=1.9->dbt-clickhouse) (1.1.1)
[2025-09-14T14:34:27.399+0000] {process_utils.py:191} INFO - Requirement already satisfied: annotated-types>=0.6.0 in /tmp/cosmos_venv_ecom_marts/lib/python3.10/site-packages (from pydantic<3->dbt-core>=1.9->dbt-clickhouse) (0.7.0)
[2025-09-14T14:34:27.400+0000] {process_utils.py:191} INFO - Requirement already satisfied: pydantic-core==2.33.2 in /tmp/cosmos_venv_ecom_marts/lib/python3.10/site-packages (from pydantic<3->dbt-core>=1.9->dbt-clickhouse) (2.33.2)
[2025-09-14T14:34:27.402+0000] {process_utils.py:191} INFO - Requirement already satisfied: typing-inspection>=0.4.0 in /tmp/cosmos_venv_ecom_marts/lib/python3.10/site-packages (from pydantic<3->dbt-core>=1.9->dbt-clickhouse) (0.4.1)
[2025-09-14T14:34:27.414+0000] {process_utils.py:191} INFO - Requirement already satisfied: charset_normalizer<4,>=2 in /tmp/cosmos_venv_ecom_marts/lib/python3.10/site-packages (from requests<3.0.0->dbt-core>=1.9->dbt-clickhouse) (3.4.3)
[2025-09-14T14:34:27.415+0000] {process_utils.py:191} INFO - Requirement already satisfied: idna<4,>=2.5 in /tmp/cosmos_venv_ecom_marts/lib/python3.10/site-packages (from requests<3.0.0->dbt-core>=1.9->dbt-clickhouse) (3.10)
[2025-09-14T14:34:27.466+0000] {process_utils.py:191} INFO - Requirement already satisfied: text-unidecode>=1.3 in /tmp/cosmos_venv_ecom_marts/lib/python3.10/site-packages (from python-slugify>=1.2.1->agate<1.10,>=1.7.0->dbt-core>=1.9->dbt-clickhouse) (1.3)
[2025-09-14T14:34:27.621+0000] {local.py:470} INFO - Cloning project to writable temp directory /tmp/tmp0iot2ti4 from /opt/airflow/dags/dbt/ecom_marts
[2025-09-14T14:34:27.632+0000] {local.py:490} INFO - Partial parse is enabled and the latest partial parse file is /tmp/cosmos/dbt_marts__marts/target/partial_parse.msgpack
[2025-09-14T14:34:27.643+0000] {config.py:362} INFO - Using user-supplied profiles.yml at /opt/airflow/dags/dbt/profiles.yml
[2025-09-14T14:34:27.657+0000] {virtualenv.py:99} INFO - Using Python binary from virtualenv: /tmp/cosmos_venv_ecom_marts/bin/python
[2025-09-14T14:34:27.658+0000] {local.py:434} INFO - Trying to run the command:
 ['/tmp/cosmos_venv_ecom_marts/bin/dbt', 'deps', '--project-dir', '/tmp/tmp0iot2ti4', '--profiles-dir', '/opt/***/dags/dbt', '--profile', 'ecom_marts', '--target', 'dev']
From /tmp/tmp0iot2ti4
[2025-09-14T14:34:27.658+0000] {subprocess.py:56} INFO - Tmp dir root location: 
 /tmp
[2025-09-14T14:34:27.659+0000] {subprocess.py:69} INFO - Running command: ['/tmp/cosmos_venv_ecom_marts/bin/dbt', 'deps', '--project-dir', '/tmp/tmp0iot2ti4', '--profiles-dir', '/opt/***/dags/dbt', '--profile', 'ecom_marts', '--target', 'dev']
[2025-09-14T14:34:27.671+0000] {subprocess.py:80} INFO - Command output:
[2025-09-14T14:34:30.427+0000] {subprocess.py:90} INFO - [0m14:34:30  Running with dbt=1.10.11
[2025-09-14T14:34:31.217+0000] {subprocess.py:90} INFO - [0m14:34:31  Installing dbt-labs/dbt_utils
[2025-09-14T14:34:31.844+0000] {subprocess.py:90} INFO - [0m14:34:31  Installed from version 1.3.0
[2025-09-14T14:34:31.844+0000] {subprocess.py:90} INFO - [0m14:34:31  Updated version available: 1.3.1
[2025-09-14T14:34:31.846+0000] {subprocess.py:90} INFO - [0m14:34:31
[2025-09-14T14:34:31.847+0000] {subprocess.py:90} INFO - [0m14:34:31  Updates available for packages: ['dbt-labs/dbt_utils']
[2025-09-14T14:34:31.848+0000] {subprocess.py:90} INFO - Update your versions in packages.yml, then run dbt deps
[2025-09-14T14:34:34.036+0000] {subprocess.py:94} INFO - Command exited with return code 0
[2025-09-14T14:34:34.037+0000] {local.py:441} INFO - Update your versions in packages.yml, then run dbt deps
[2025-09-14T14:34:34.038+0000] {virtualenv.py:99} INFO - Using Python binary from virtualenv: /tmp/cosmos_venv_ecom_marts/bin/python
[2025-09-14T14:34:34.038+0000] {local.py:434} INFO - Trying to run the command:
 ['/tmp/cosmos_venv_ecom_marts/bin/dbt', 'run', '--models', 'dim_products', '--project-dir', '/tmp/tmp0iot2ti4', '--profiles-dir', '/opt/***/dags/dbt', '--profile', 'ecom_marts', '--target', 'dev']
From /tmp/tmp0iot2ti4
[2025-09-14T14:34:34.039+0000] {subprocess.py:56} INFO - Tmp dir root location: 
 /tmp
[2025-09-14T14:34:34.039+0000] {subprocess.py:69} INFO - Running command: ['/tmp/cosmos_venv_ecom_marts/bin/dbt', 'run', '--models', 'dim_products', '--project-dir', '/tmp/tmp0iot2ti4', '--profiles-dir', '/opt/***/dags/dbt', '--profile', 'ecom_marts', '--target', 'dev']
[2025-09-14T14:34:34.052+0000] {subprocess.py:80} INFO - Command output:
[2025-09-14T14:34:36.194+0000] {subprocess.py:90} INFO - [0m14:34:36  Running with dbt=1.10.11
[2025-09-14T14:34:36.197+0000] {subprocess.py:90} INFO - [0m14:34:36  [[33mWARNING[0m]: Deprecated functionality
[2025-09-14T14:34:36.198+0000] {subprocess.py:90} INFO - Usage of `--models`, `--model`, and `-m` is deprecated in favor of `--select` or
[2025-09-14T14:34:36.207+0000] {subprocess.py:90} INFO - `-s`.
[2025-09-14T14:34:36.573+0000] {subprocess.py:90} INFO - [0m14:34:36  Registered adapter: clickhouse=1.9.3
[2025-09-14T14:34:36.858+0000] {subprocess.py:90} INFO - [0m14:34:36  Unable to do partial parsing because of a version mismatch
[2025-09-14T14:34:40.198+0000] {subprocess.py:90} INFO - [0m14:34:40  [[33mWARNING[0m][MissingArgumentsPropertyInGenericTestDeprecation]: Deprecated
[2025-09-14T14:34:40.199+0000] {subprocess.py:90} INFO - functionality
[2025-09-14T14:34:40.200+0000] {subprocess.py:90} INFO - Found top-level arguments to test `relationships`. Arguments to generic tests
[2025-09-14T14:34:40.201+0000] {subprocess.py:90} INFO - should be nested under the `arguments` property.`
[2025-09-14T14:34:40.840+0000] {subprocess.py:90} INFO - [0m14:34:40  Found 14 models, 38 data tests, 15 sources, 597 macros
[2025-09-14T14:34:40.844+0000] {subprocess.py:90} INFO - [0m14:34:40
[2025-09-14T14:34:40.845+0000] {subprocess.py:90} INFO - [0m14:34:40  Concurrency: 4 threads (target='dev')
[2025-09-14T14:34:40.845+0000] {subprocess.py:90} INFO - [0m14:34:40
[2025-09-14T14:34:41.005+0000] {subprocess.py:90} INFO - [0m14:34:41  1 of 1 START sql view model `ecom_db_marts`.`dim_products` ..................... [RUN]
[2025-09-14T14:34:41.109+0000] {subprocess.py:90} INFO - [0m14:34:41  1 of 1 OK created sql view model `ecom_db_marts`.`dim_products` ................ [[32mOK[0m in 0.10s]
[2025-09-14T14:34:41.113+0000] {subprocess.py:90} INFO - [0m14:34:41
[2025-09-14T14:34:41.114+0000] {subprocess.py:90} INFO - [0m14:34:41  Finished running 1 view model in 0 hours 0 minutes and 0.27 seconds (0.27s).
[2025-09-14T14:34:41.179+0000] {subprocess.py:90} INFO - [0m14:34:41
[2025-09-14T14:34:41.180+0000] {subprocess.py:90} INFO - [0m14:34:41  [32mCompleted successfully[0m
[2025-09-14T14:34:41.181+0000] {subprocess.py:90} INFO - [0m14:34:41
[2025-09-14T14:34:41.182+0000] {subprocess.py:90} INFO - [0m14:34:41  Done. PASS=1 WARN=0 ERROR=0 SKIP=0 NO-OP=0 TOTAL=1
[2025-09-14T14:34:41.183+0000] {subprocess.py:90} INFO - [0m14:34:41  [[33mWARNING[0m][DeprecationsSummary]: Deprecated functionality
[2025-09-14T14:34:41.184+0000] {subprocess.py:90} INFO - Summary of encountered deprecations:
[2025-09-14T14:34:41.184+0000] {subprocess.py:90} INFO - - ModelParamUsageDeprecation: 1 occurrence
[2025-09-14T14:34:41.185+0000] {subprocess.py:90} INFO - - MissingArgumentsPropertyInGenericTestDeprecation: 9 occurrences
[2025-09-14T14:34:41.186+0000] {subprocess.py:90} INFO - To see all deprecation instances instead of just the first occurrence of each,
[2025-09-14T14:34:41.186+0000] {subprocess.py:90} INFO - run command again with the `--show-all-deprecations` flag. You may also need to
[2025-09-14T14:34:41.187+0000] {subprocess.py:90} INFO - run with `--no-partial-parse` as some deprecations are only encountered during
[2025-09-14T14:34:41.187+0000] {subprocess.py:90} INFO - parsing.
[2025-09-14T14:34:43.569+0000] {subprocess.py:94} INFO - Command exited with return code 0
[2025-09-14T14:34:43.570+0000] {local.py:441} INFO - parsing.
[2025-09-14T14:34:43.587+0000] {local.py:196} WARNING - Artifact schema version: https://schemas.getdbt.com/dbt/manifest/v12.json is above dbt-ol supported version 7. This might cause errors.
[2025-09-14T14:34:43.588+0000] {local.py:196} WARNING - Artifact schema version: https://schemas.getdbt.com/dbt/run-results/v6.json is above dbt-ol supported version 5. This might cause errors.
[2025-09-14T14:34:43.595+0000] {local.py:547} INFO - Inlets: []
[2025-09-14T14:34:43.596+0000] {local.py:548} INFO - Outlets: []
[2025-09-14T14:34:43.597+0000] {local.py:772} INFO - Assigning inlets/outlets without DatasetAlias
[2025-09-14T14:34:43.598+0000] {dag.py:3089} INFO - Sync 1 DAGs
[2025-09-14T14:34:43.768+0000] {virtualenv.py:131} INFO - Releasing virtualenv lock
[2025-09-14T14:34:43.770+0000] {virtualenv.py:145} INFO - None
[2025-09-14T14:34:43.770+0000] {taskinstance.py:441} INFO - ::group::Post task execution logs
[2025-09-14T14:34:43.821+0000] {taskinstance.py:1206} INFO - Marking task as SUCCESS. dag_id=dbt_marts, task_id=marts.dim_products.run, run_id=manual__2025-09-14T14:34:20.423414+00:00, execution_date=20250914T143420, start_date=20250914T143423, end_date=20250914T143443
[2025-09-14T14:34:43.894+0000] {local_task_job_runner.py:243} INFO - Task exited with return code 0
[2025-09-14T14:34:43.966+0000] {taskinstance.py:3503} INFO - 1 downstream tasks scheduled from follow-on schedule check
[2025-09-14T14:34:43.979+0000] {local_task_job_runner.py:222} INFO - ::endgroup::
