[2025-09-13T09:34:36.334+0000] {local_task_job_runner.py:120} INFO - ::group::Pre task execution logs
[2025-09-13T09:34:37.374+0000] {taskinstance.py:2076} INFO - Dependencies all met for dep_context=non-requeueable deps ti=<TaskInstance: dbt_staging.dbt_ecom.stg_categories_run manual__2025-09-13T09:34:31.578167+00:00 [queued]>
[2025-09-13T09:34:37.442+0000] {taskinstance.py:2076} INFO - Dependencies all met for dep_context=requeueable deps ti=<TaskInstance: dbt_staging.dbt_ecom.stg_categories_run manual__2025-09-13T09:34:31.578167+00:00 [queued]>
[2025-09-13T09:34:37.444+0000] {taskinstance.py:2306} INFO - Starting attempt 1 of 1
[2025-09-13T09:34:37.498+0000] {taskinstance.py:2330} INFO - Executing <Task(DbtRunVirtualenvOperator): dbt_ecom.stg_categories_run> on 2025-09-13 09:34:31.578167+00:00
[2025-09-13T09:34:37.513+0000] {standard_task_runner.py:64} INFO - Started process 5341 to run task
[2025-09-13T09:34:37.517+0000] {standard_task_runner.py:90} INFO - Running: ['***', 'tasks', 'run', 'dbt_staging', 'dbt_ecom.stg_categories_run', 'manual__2025-09-13T09:34:31.578167+00:00', '--job-id', '178', '--raw', '--subdir', 'DAGS_FOLDER/dbt_staging.py', '--cfg-path', '/tmp/tmpq4ud22gh']
[2025-09-13T09:34:37.522+0000] {standard_task_runner.py:91} INFO - Job 178: Subtask dbt_ecom.stg_categories_run
[2025-09-13T09:34:38.206+0000] {task_command.py:426} INFO - Running <TaskInstance: dbt_staging.dbt_ecom.stg_categories_run manual__2025-09-13T09:34:31.578167+00:00 [running]> on host e95bde6b8d07
[2025-09-13T09:34:39.154+0000] {taskinstance.py:2648} INFO - Exporting env vars: AIRFLOW_CTX_DAG_OWNER='***' AIRFLOW_CTX_DAG_ID='dbt_staging' AIRFLOW_CTX_TASK_ID='dbt_ecom.stg_categories_run' AIRFLOW_CTX_EXECUTION_DATE='2025-09-13T09:34:31.578167+00:00' AIRFLOW_CTX_TRY_NUMBER='1' AIRFLOW_CTX_DAG_RUN_ID='manual__2025-09-13T09:34:31.578167+00:00'
[2025-09-13T09:34:39.157+0000] {taskinstance.py:430} INFO - ::endgroup::
[2025-09-13T09:34:39.186+0000] {virtualenv.py:120} INFO - Checking if the virtualenv lock /tmp/cosmos_venv_ecom/cosmos_virtualenv.lock exists
[2025-09-13T09:34:39.187+0000] {virtualenv.py:178} INFO - Checking for running process with PID 5333
[2025-09-13T09:34:39.188+0000] {virtualenv.py:181} INFO - Process 5333 running: True and has the lock /tmp/cosmos_venv_ecom/cosmos_virtualenv.lock.
[2025-09-13T09:34:39.189+0000] {virtualenv.py:122} INFO - Waiting for virtualenv lock to be released
[2025-09-13T09:34:40.190+0000] {virtualenv.py:178} INFO - Checking for running process with PID 5333
[2025-09-13T09:34:40.191+0000] {virtualenv.py:181} INFO - Process 5333 running: True and has the lock /tmp/cosmos_venv_ecom/cosmos_virtualenv.lock.
[2025-09-13T09:34:40.193+0000] {virtualenv.py:122} INFO - Waiting for virtualenv lock to be released
[2025-09-13T09:34:41.196+0000] {virtualenv.py:178} INFO - Checking for running process with PID 5333
[2025-09-13T09:34:41.197+0000] {virtualenv.py:181} INFO - Process 5333 running: True and has the lock /tmp/cosmos_venv_ecom/cosmos_virtualenv.lock.
[2025-09-13T09:34:41.197+0000] {virtualenv.py:122} INFO - Waiting for virtualenv lock to be released
[2025-09-13T09:34:42.198+0000] {virtualenv.py:178} INFO - Checking for running process with PID 5333
[2025-09-13T09:34:42.199+0000] {virtualenv.py:181} INFO - Process 5333 running: True and has the lock /tmp/cosmos_venv_ecom/cosmos_virtualenv.lock.
[2025-09-13T09:34:42.199+0000] {virtualenv.py:122} INFO - Waiting for virtualenv lock to be released
[2025-09-13T09:34:43.201+0000] {virtualenv.py:178} INFO - Checking for running process with PID 5333
[2025-09-13T09:34:43.202+0000] {virtualenv.py:181} INFO - Process 5333 running: True and has the lock /tmp/cosmos_venv_ecom/cosmos_virtualenv.lock.
[2025-09-13T09:34:43.203+0000] {virtualenv.py:122} INFO - Waiting for virtualenv lock to be released
[2025-09-13T09:34:44.204+0000] {virtualenv.py:178} INFO - Checking for running process with PID 5333
[2025-09-13T09:34:44.205+0000] {virtualenv.py:181} INFO - Process 5333 running: True and has the lock /tmp/cosmos_venv_ecom/cosmos_virtualenv.lock.
[2025-09-13T09:34:44.205+0000] {virtualenv.py:122} INFO - Waiting for virtualenv lock to be released
[2025-09-13T09:34:45.207+0000] {virtualenv.py:178} INFO - Checking for running process with PID 5333
[2025-09-13T09:34:45.208+0000] {virtualenv.py:181} INFO - Process 5333 running: True and has the lock /tmp/cosmos_venv_ecom/cosmos_virtualenv.lock.
[2025-09-13T09:34:45.208+0000] {virtualenv.py:122} INFO - Waiting for virtualenv lock to be released
[2025-09-13T09:34:46.210+0000] {virtualenv.py:178} INFO - Checking for running process with PID 5333
[2025-09-13T09:34:46.210+0000] {virtualenv.py:181} INFO - Process 5333 running: True and has the lock /tmp/cosmos_venv_ecom/cosmos_virtualenv.lock.
[2025-09-13T09:34:46.211+0000] {virtualenv.py:122} INFO - Waiting for virtualenv lock to be released
[2025-09-13T09:34:47.213+0000] {virtualenv.py:178} INFO - Checking for running process with PID 5333
[2025-09-13T09:34:47.214+0000] {virtualenv.py:181} INFO - Process 5333 running: True and has the lock /tmp/cosmos_venv_ecom/cosmos_virtualenv.lock.
[2025-09-13T09:34:47.215+0000] {virtualenv.py:122} INFO - Waiting for virtualenv lock to be released
[2025-09-13T09:34:48.217+0000] {virtualenv.py:178} INFO - Checking for running process with PID 5333
[2025-09-13T09:34:48.218+0000] {virtualenv.py:181} INFO - Process 5333 running: True and has the lock /tmp/cosmos_venv_ecom/cosmos_virtualenv.lock.
[2025-09-13T09:34:48.219+0000] {virtualenv.py:122} INFO - Waiting for virtualenv lock to be released
[2025-09-13T09:34:49.221+0000] {virtualenv.py:178} INFO - Checking for running process with PID 5333
[2025-09-13T09:34:49.221+0000] {virtualenv.py:181} INFO - Process 5333 running: True and has the lock /tmp/cosmos_venv_ecom/cosmos_virtualenv.lock.
[2025-09-13T09:34:49.222+0000] {virtualenv.py:122} INFO - Waiting for virtualenv lock to be released
[2025-09-13T09:34:50.224+0000] {virtualenv.py:178} INFO - Checking for running process with PID 5333
[2025-09-13T09:34:50.225+0000] {virtualenv.py:181} INFO - Process 5333 running: True and has the lock /tmp/cosmos_venv_ecom/cosmos_virtualenv.lock.
[2025-09-13T09:34:50.225+0000] {virtualenv.py:122} INFO - Waiting for virtualenv lock to be released
[2025-09-13T09:34:51.227+0000] {virtualenv.py:178} INFO - Checking for running process with PID 5333
[2025-09-13T09:34:51.228+0000] {virtualenv.py:181} INFO - Process 5333 running: True and has the lock /tmp/cosmos_venv_ecom/cosmos_virtualenv.lock.
[2025-09-13T09:34:51.229+0000] {virtualenv.py:122} INFO - Waiting for virtualenv lock to be released
[2025-09-13T09:34:52.231+0000] {virtualenv.py:178} INFO - Checking for running process with PID 5333
[2025-09-13T09:34:52.232+0000] {virtualenv.py:181} INFO - Process 5333 running: True and has the lock /tmp/cosmos_venv_ecom/cosmos_virtualenv.lock.
[2025-09-13T09:34:52.232+0000] {virtualenv.py:122} INFO - Waiting for virtualenv lock to be released
[2025-09-13T09:34:53.234+0000] {virtualenv.py:178} INFO - Checking for running process with PID 5333
[2025-09-13T09:34:53.235+0000] {virtualenv.py:181} INFO - Process 5333 running: True and has the lock /tmp/cosmos_venv_ecom/cosmos_virtualenv.lock.
[2025-09-13T09:34:53.235+0000] {virtualenv.py:122} INFO - Waiting for virtualenv lock to be released
[2025-09-13T09:34:54.237+0000] {virtualenv.py:178} INFO - Checking for running process with PID 5333
[2025-09-13T09:34:54.238+0000] {virtualenv.py:181} INFO - Process 5333 running: True and has the lock /tmp/cosmos_venv_ecom/cosmos_virtualenv.lock.
[2025-09-13T09:34:54.239+0000] {virtualenv.py:122} INFO - Waiting for virtualenv lock to be released
[2025-09-13T09:34:55.240+0000] {virtualenv.py:178} INFO - Checking for running process with PID 5333
[2025-09-13T09:34:55.240+0000] {virtualenv.py:181} INFO - Process 5333 running: True and has the lock /tmp/cosmos_venv_ecom/cosmos_virtualenv.lock.
[2025-09-13T09:34:55.241+0000] {virtualenv.py:122} INFO - Waiting for virtualenv lock to be released
[2025-09-13T09:34:56.242+0000] {virtualenv.py:178} INFO - Checking for running process with PID 5332
[2025-09-13T09:34:56.243+0000] {virtualenv.py:181} INFO - Process 5332 running: True and has the lock /tmp/cosmos_venv_ecom/cosmos_virtualenv.lock.
[2025-09-13T09:34:56.244+0000] {virtualenv.py:122} INFO - Waiting for virtualenv lock to be released
[2025-09-13T09:34:57.246+0000] {virtualenv.py:178} INFO - Checking for running process with PID 5332
[2025-09-13T09:34:57.246+0000] {virtualenv.py:181} INFO - Process 5332 running: True and has the lock /tmp/cosmos_venv_ecom/cosmos_virtualenv.lock.
[2025-09-13T09:34:57.247+0000] {virtualenv.py:122} INFO - Waiting for virtualenv lock to be released
[2025-09-13T09:34:58.247+0000] {virtualenv.py:178} INFO - Checking for running process with PID 5332
[2025-09-13T09:34:58.248+0000] {virtualenv.py:181} INFO - Process 5332 running: True and has the lock /tmp/cosmos_venv_ecom/cosmos_virtualenv.lock.
[2025-09-13T09:34:58.249+0000] {virtualenv.py:122} INFO - Waiting for virtualenv lock to be released
[2025-09-13T09:34:59.250+0000] {virtualenv.py:178} INFO - Checking for running process with PID 5332
[2025-09-13T09:34:59.251+0000] {virtualenv.py:181} INFO - Process 5332 running: True and has the lock /tmp/cosmos_venv_ecom/cosmos_virtualenv.lock.
[2025-09-13T09:34:59.252+0000] {virtualenv.py:122} INFO - Waiting for virtualenv lock to be released
[2025-09-13T09:35:00.254+0000] {virtualenv.py:178} INFO - Checking for running process with PID 5332
[2025-09-13T09:35:00.254+0000] {virtualenv.py:181} INFO - Process 5332 running: True and has the lock /tmp/cosmos_venv_ecom/cosmos_virtualenv.lock.
[2025-09-13T09:35:00.255+0000] {virtualenv.py:122} INFO - Waiting for virtualenv lock to be released
[2025-09-13T09:35:01.256+0000] {virtualenv.py:178} INFO - Checking for running process with PID 5332
[2025-09-13T09:35:01.257+0000] {virtualenv.py:181} INFO - Process 5332 running: True and has the lock /tmp/cosmos_venv_ecom/cosmos_virtualenv.lock.
[2025-09-13T09:35:01.258+0000] {virtualenv.py:122} INFO - Waiting for virtualenv lock to be released
[2025-09-13T09:35:02.259+0000] {virtualenv.py:178} INFO - Checking for running process with PID 5332
[2025-09-13T09:35:02.260+0000] {virtualenv.py:181} INFO - Process 5332 running: True and has the lock /tmp/cosmos_venv_ecom/cosmos_virtualenv.lock.
[2025-09-13T09:35:02.261+0000] {virtualenv.py:122} INFO - Waiting for virtualenv lock to be released
[2025-09-13T09:35:03.262+0000] {virtualenv.py:178} INFO - Checking for running process with PID 5332
[2025-09-13T09:35:03.264+0000] {virtualenv.py:181} INFO - Process 5332 running: True and has the lock /tmp/cosmos_venv_ecom/cosmos_virtualenv.lock.
[2025-09-13T09:35:03.264+0000] {virtualenv.py:122} INFO - Waiting for virtualenv lock to be released
[2025-09-13T09:35:04.266+0000] {virtualenv.py:178} INFO - Checking for running process with PID 5332
[2025-09-13T09:35:04.267+0000] {virtualenv.py:181} INFO - Process 5332 running: True and has the lock /tmp/cosmos_venv_ecom/cosmos_virtualenv.lock.
[2025-09-13T09:35:04.267+0000] {virtualenv.py:122} INFO - Waiting for virtualenv lock to be released
[2025-09-13T09:35:05.269+0000] {virtualenv.py:178} INFO - Checking for running process with PID 5332
[2025-09-13T09:35:05.269+0000] {virtualenv.py:181} INFO - Process 5332 running: True and has the lock /tmp/cosmos_venv_ecom/cosmos_virtualenv.lock.
[2025-09-13T09:35:05.270+0000] {virtualenv.py:122} INFO - Waiting for virtualenv lock to be released
[2025-09-13T09:35:06.272+0000] {virtualenv.py:178} INFO - Checking for running process with PID 5332
[2025-09-13T09:35:06.273+0000] {virtualenv.py:181} INFO - Process 5332 running: True and has the lock /tmp/cosmos_venv_ecom/cosmos_virtualenv.lock.
[2025-09-13T09:35:06.273+0000] {virtualenv.py:122} INFO - Waiting for virtualenv lock to be released
[2025-09-13T09:35:07.274+0000] {virtualenv.py:178} INFO - Checking for running process with PID 5332
[2025-09-13T09:35:07.275+0000] {virtualenv.py:181} INFO - Process 5332 running: True and has the lock /tmp/cosmos_venv_ecom/cosmos_virtualenv.lock.
[2025-09-13T09:35:07.276+0000] {virtualenv.py:122} INFO - Waiting for virtualenv lock to be released
[2025-09-13T09:35:08.277+0000] {virtualenv.py:178} INFO - Checking for running process with PID 5332
[2025-09-13T09:35:08.278+0000] {virtualenv.py:181} INFO - Process 5332 running: True and has the lock /tmp/cosmos_venv_ecom/cosmos_virtualenv.lock.
[2025-09-13T09:35:08.279+0000] {virtualenv.py:122} INFO - Waiting for virtualenv lock to be released
[2025-09-13T09:35:09.280+0000] {virtualenv.py:178} INFO - Checking for running process with PID 5332
[2025-09-13T09:35:09.281+0000] {virtualenv.py:181} INFO - Process 5332 running: True and has the lock /tmp/cosmos_venv_ecom/cosmos_virtualenv.lock.
[2025-09-13T09:35:09.281+0000] {virtualenv.py:122} INFO - Waiting for virtualenv lock to be released
[2025-09-13T09:35:10.283+0000] {virtualenv.py:178} INFO - Checking for running process with PID 5332
[2025-09-13T09:35:10.284+0000] {virtualenv.py:181} INFO - Process 5332 running: True and has the lock /tmp/cosmos_venv_ecom/cosmos_virtualenv.lock.
[2025-09-13T09:35:10.284+0000] {virtualenv.py:122} INFO - Waiting for virtualenv lock to be released
[2025-09-13T09:35:11.286+0000] {virtualenv.py:178} INFO - Checking for running process with PID 5334
[2025-09-13T09:35:11.286+0000] {virtualenv.py:181} INFO - Process 5334 running: True and has the lock /tmp/cosmos_venv_ecom/cosmos_virtualenv.lock.
[2025-09-13T09:35:11.287+0000] {virtualenv.py:122} INFO - Waiting for virtualenv lock to be released
[2025-09-13T09:35:12.288+0000] {virtualenv.py:178} INFO - Checking for running process with PID 5334
[2025-09-13T09:35:12.289+0000] {virtualenv.py:181} INFO - Process 5334 running: True and has the lock /tmp/cosmos_venv_ecom/cosmos_virtualenv.lock.
[2025-09-13T09:35:12.290+0000] {virtualenv.py:122} INFO - Waiting for virtualenv lock to be released
[2025-09-13T09:35:13.291+0000] {virtualenv.py:178} INFO - Checking for running process with PID 5334
[2025-09-13T09:35:13.292+0000] {virtualenv.py:181} INFO - Process 5334 running: True and has the lock /tmp/cosmos_venv_ecom/cosmos_virtualenv.lock.
[2025-09-13T09:35:13.293+0000] {virtualenv.py:122} INFO - Waiting for virtualenv lock to be released
[2025-09-13T09:35:14.294+0000] {virtualenv.py:178} INFO - Checking for running process with PID 5334
[2025-09-13T09:35:14.295+0000] {virtualenv.py:181} INFO - Process 5334 running: True and has the lock /tmp/cosmos_venv_ecom/cosmos_virtualenv.lock.
[2025-09-13T09:35:14.296+0000] {virtualenv.py:122} INFO - Waiting for virtualenv lock to be released
[2025-09-13T09:35:15.297+0000] {virtualenv.py:178} INFO - Checking for running process with PID 5334
[2025-09-13T09:35:15.298+0000] {virtualenv.py:181} INFO - Process 5334 running: True and has the lock /tmp/cosmos_venv_ecom/cosmos_virtualenv.lock.
[2025-09-13T09:35:15.299+0000] {virtualenv.py:122} INFO - Waiting for virtualenv lock to be released
[2025-09-13T09:35:16.301+0000] {virtualenv.py:178} INFO - Checking for running process with PID 5334
[2025-09-13T09:35:16.301+0000] {virtualenv.py:181} INFO - Process 5334 running: True and has the lock /tmp/cosmos_venv_ecom/cosmos_virtualenv.lock.
[2025-09-13T09:35:16.302+0000] {virtualenv.py:122} INFO - Waiting for virtualenv lock to be released
[2025-09-13T09:35:17.304+0000] {virtualenv.py:178} INFO - Checking for running process with PID 5334
[2025-09-13T09:35:17.304+0000] {virtualenv.py:181} INFO - Process 5334 running: True and has the lock /tmp/cosmos_venv_ecom/cosmos_virtualenv.lock.
[2025-09-13T09:35:17.305+0000] {virtualenv.py:122} INFO - Waiting for virtualenv lock to be released
[2025-09-13T09:35:18.307+0000] {virtualenv.py:178} INFO - Checking for running process with PID 5334
[2025-09-13T09:35:18.308+0000] {virtualenv.py:181} INFO - Process 5334 running: True and has the lock /tmp/cosmos_venv_ecom/cosmos_virtualenv.lock.
[2025-09-13T09:35:18.309+0000] {virtualenv.py:122} INFO - Waiting for virtualenv lock to be released
[2025-09-13T09:35:19.311+0000] {virtualenv.py:178} INFO - Checking for running process with PID 5334
[2025-09-13T09:35:19.312+0000] {virtualenv.py:181} INFO - Process 5334 running: True and has the lock /tmp/cosmos_venv_ecom/cosmos_virtualenv.lock.
[2025-09-13T09:35:19.312+0000] {virtualenv.py:122} INFO - Waiting for virtualenv lock to be released
[2025-09-13T09:35:20.313+0000] {virtualenv.py:178} INFO - Checking for running process with PID 5334
[2025-09-13T09:35:20.314+0000] {virtualenv.py:181} INFO - Process 5334 running: True and has the lock /tmp/cosmos_venv_ecom/cosmos_virtualenv.lock.
[2025-09-13T09:35:20.314+0000] {virtualenv.py:122} INFO - Waiting for virtualenv lock to be released
[2025-09-13T09:35:21.315+0000] {virtualenv.py:178} INFO - Checking for running process with PID 5334
[2025-09-13T09:35:21.315+0000] {virtualenv.py:181} INFO - Process 5334 running: True and has the lock /tmp/cosmos_venv_ecom/cosmos_virtualenv.lock.
[2025-09-13T09:35:21.316+0000] {virtualenv.py:122} INFO - Waiting for virtualenv lock to be released
[2025-09-13T09:35:22.317+0000] {virtualenv.py:178} INFO - Checking for running process with PID 5334
[2025-09-13T09:35:22.318+0000] {virtualenv.py:181} INFO - Process 5334 running: True and has the lock /tmp/cosmos_venv_ecom/cosmos_virtualenv.lock.
[2025-09-13T09:35:22.319+0000] {virtualenv.py:122} INFO - Waiting for virtualenv lock to be released
[2025-09-13T09:35:23.321+0000] {virtualenv.py:178} INFO - Checking for running process with PID 5334
[2025-09-13T09:35:23.321+0000] {virtualenv.py:181} INFO - Process 5334 running: True and has the lock /tmp/cosmos_venv_ecom/cosmos_virtualenv.lock.
[2025-09-13T09:35:23.322+0000] {virtualenv.py:122} INFO - Waiting for virtualenv lock to be released
[2025-09-13T09:35:24.323+0000] {virtualenv.py:178} INFO - Checking for running process with PID 5334
[2025-09-13T09:35:24.325+0000] {virtualenv.py:181} INFO - Process 5334 running: True and has the lock /tmp/cosmos_venv_ecom/cosmos_virtualenv.lock.
[2025-09-13T09:35:24.326+0000] {virtualenv.py:122} INFO - Waiting for virtualenv lock to be released
[2025-09-13T09:35:25.327+0000] {virtualenv.py:178} INFO - Checking for running process with PID 5348
[2025-09-13T09:35:25.328+0000] {virtualenv.py:181} INFO - Process 5348 running: True and has the lock /tmp/cosmos_venv_ecom/cosmos_virtualenv.lock.
[2025-09-13T09:35:25.329+0000] {virtualenv.py:122} INFO - Waiting for virtualenv lock to be released
[2025-09-13T09:35:26.331+0000] {virtualenv.py:178} INFO - Checking for running process with PID 5348
[2025-09-13T09:35:26.332+0000] {virtualenv.py:181} INFO - Process 5348 running: True and has the lock /tmp/cosmos_venv_ecom/cosmos_virtualenv.lock.
[2025-09-13T09:35:26.332+0000] {virtualenv.py:122} INFO - Waiting for virtualenv lock to be released
[2025-09-13T09:35:27.334+0000] {virtualenv.py:178} INFO - Checking for running process with PID 5348
[2025-09-13T09:35:27.335+0000] {virtualenv.py:181} INFO - Process 5348 running: True and has the lock /tmp/cosmos_venv_ecom/cosmos_virtualenv.lock.
[2025-09-13T09:35:27.335+0000] {virtualenv.py:122} INFO - Waiting for virtualenv lock to be released
[2025-09-13T09:35:28.337+0000] {virtualenv.py:178} INFO - Checking for running process with PID 5348
[2025-09-13T09:35:28.338+0000] {virtualenv.py:181} INFO - Process 5348 running: True and has the lock /tmp/cosmos_venv_ecom/cosmos_virtualenv.lock.
[2025-09-13T09:35:28.339+0000] {virtualenv.py:122} INFO - Waiting for virtualenv lock to be released
[2025-09-13T09:35:29.340+0000] {virtualenv.py:178} INFO - Checking for running process with PID 5348
[2025-09-13T09:35:29.341+0000] {virtualenv.py:181} INFO - Process 5348 running: True and has the lock /tmp/cosmos_venv_ecom/cosmos_virtualenv.lock.
[2025-09-13T09:35:29.341+0000] {virtualenv.py:122} INFO - Waiting for virtualenv lock to be released
[2025-09-13T09:35:30.343+0000] {virtualenv.py:178} INFO - Checking for running process with PID 5348
[2025-09-13T09:35:30.344+0000] {virtualenv.py:181} INFO - Process 5348 running: True and has the lock /tmp/cosmos_venv_ecom/cosmos_virtualenv.lock.
[2025-09-13T09:35:30.344+0000] {virtualenv.py:122} INFO - Waiting for virtualenv lock to be released
[2025-09-13T09:35:31.345+0000] {virtualenv.py:178} INFO - Checking for running process with PID 5348
[2025-09-13T09:35:31.346+0000] {virtualenv.py:181} INFO - Process 5348 running: True and has the lock /tmp/cosmos_venv_ecom/cosmos_virtualenv.lock.
[2025-09-13T09:35:31.346+0000] {virtualenv.py:122} INFO - Waiting for virtualenv lock to be released
[2025-09-13T09:35:32.348+0000] {virtualenv.py:178} INFO - Checking for running process with PID 5348
[2025-09-13T09:35:32.349+0000] {virtualenv.py:181} INFO - Process 5348 running: True and has the lock /tmp/cosmos_venv_ecom/cosmos_virtualenv.lock.
[2025-09-13T09:35:32.349+0000] {virtualenv.py:122} INFO - Waiting for virtualenv lock to be released
[2025-09-13T09:35:33.351+0000] {virtualenv.py:178} INFO - Checking for running process with PID 5348
[2025-09-13T09:35:33.352+0000] {virtualenv.py:181} INFO - Process 5348 running: True and has the lock /tmp/cosmos_venv_ecom/cosmos_virtualenv.lock.
[2025-09-13T09:35:33.352+0000] {virtualenv.py:122} INFO - Waiting for virtualenv lock to be released
[2025-09-13T09:35:34.354+0000] {virtualenv.py:178} INFO - Checking for running process with PID 5348
[2025-09-13T09:35:34.355+0000] {virtualenv.py:181} INFO - Process 5348 running: True and has the lock /tmp/cosmos_venv_ecom/cosmos_virtualenv.lock.
[2025-09-13T09:35:34.356+0000] {virtualenv.py:122} INFO - Waiting for virtualenv lock to be released
[2025-09-13T09:35:35.357+0000] {virtualenv.py:178} INFO - Checking for running process with PID 5348
[2025-09-13T09:35:35.358+0000] {virtualenv.py:181} INFO - Process 5348 running: True and has the lock /tmp/cosmos_venv_ecom/cosmos_virtualenv.lock.
[2025-09-13T09:35:35.359+0000] {virtualenv.py:122} INFO - Waiting for virtualenv lock to be released
[2025-09-13T09:35:36.360+0000] {virtualenv.py:178} INFO - Checking for running process with PID 5348
[2025-09-13T09:35:36.361+0000] {virtualenv.py:181} INFO - Process 5348 running: True and has the lock /tmp/cosmos_venv_ecom/cosmos_virtualenv.lock.
[2025-09-13T09:35:36.362+0000] {virtualenv.py:122} INFO - Waiting for virtualenv lock to be released
[2025-09-13T09:35:37.362+0000] {virtualenv.py:178} INFO - Checking for running process with PID 5348
[2025-09-13T09:35:37.363+0000] {virtualenv.py:181} INFO - Process 5348 running: True and has the lock /tmp/cosmos_venv_ecom/cosmos_virtualenv.lock.
[2025-09-13T09:35:37.363+0000] {virtualenv.py:122} INFO - Waiting for virtualenv lock to be released
[2025-09-13T09:35:38.364+0000] {virtualenv.py:178} INFO - Checking for running process with PID 5348
[2025-09-13T09:35:38.365+0000] {virtualenv.py:181} INFO - Process 5348 running: True and has the lock /tmp/cosmos_venv_ecom/cosmos_virtualenv.lock.
[2025-09-13T09:35:38.366+0000] {virtualenv.py:122} INFO - Waiting for virtualenv lock to be released
[2025-09-13T09:35:39.367+0000] {virtualenv.py:178} INFO - Checking for running process with PID 5348
[2025-09-13T09:35:39.368+0000] {virtualenv.py:181} INFO - Process 5348 running: True and has the lock /tmp/cosmos_venv_ecom/cosmos_virtualenv.lock.
[2025-09-13T09:35:39.369+0000] {virtualenv.py:122} INFO - Waiting for virtualenv lock to be released
[2025-09-13T09:35:40.370+0000] {virtualenv.py:178} INFO - Checking for running process with PID 5348
[2025-09-13T09:35:40.371+0000] {virtualenv.py:181} INFO - Process 5348 running: True and has the lock /tmp/cosmos_venv_ecom/cosmos_virtualenv.lock.
[2025-09-13T09:35:40.372+0000] {virtualenv.py:122} INFO - Waiting for virtualenv lock to be released
[2025-09-13T09:35:41.373+0000] {virtualenv.py:178} INFO - Checking for running process with PID 5336
[2025-09-13T09:35:41.374+0000] {virtualenv.py:181} INFO - Process 5336 running: True and has the lock /tmp/cosmos_venv_ecom/cosmos_virtualenv.lock.
[2025-09-13T09:35:41.375+0000] {virtualenv.py:122} INFO - Waiting for virtualenv lock to be released
[2025-09-13T09:35:42.376+0000] {virtualenv.py:178} INFO - Checking for running process with PID 5336
[2025-09-13T09:35:42.376+0000] {virtualenv.py:181} INFO - Process 5336 running: True and has the lock /tmp/cosmos_venv_ecom/cosmos_virtualenv.lock.
[2025-09-13T09:35:42.377+0000] {virtualenv.py:122} INFO - Waiting for virtualenv lock to be released
[2025-09-13T09:35:43.379+0000] {virtualenv.py:178} INFO - Checking for running process with PID 5336
[2025-09-13T09:35:43.379+0000] {virtualenv.py:181} INFO - Process 5336 running: True and has the lock /tmp/cosmos_venv_ecom/cosmos_virtualenv.lock.
[2025-09-13T09:35:43.380+0000] {virtualenv.py:122} INFO - Waiting for virtualenv lock to be released
[2025-09-13T09:35:44.382+0000] {virtualenv.py:178} INFO - Checking for running process with PID 5336
[2025-09-13T09:35:44.383+0000] {virtualenv.py:181} INFO - Process 5336 running: True and has the lock /tmp/cosmos_venv_ecom/cosmos_virtualenv.lock.
[2025-09-13T09:35:44.383+0000] {virtualenv.py:122} INFO - Waiting for virtualenv lock to be released
[2025-09-13T09:35:45.385+0000] {virtualenv.py:178} INFO - Checking for running process with PID 5336
[2025-09-13T09:35:45.386+0000] {virtualenv.py:181} INFO - Process 5336 running: True and has the lock /tmp/cosmos_venv_ecom/cosmos_virtualenv.lock.
[2025-09-13T09:35:45.386+0000] {virtualenv.py:122} INFO - Waiting for virtualenv lock to be released
[2025-09-13T09:35:46.388+0000] {virtualenv.py:178} INFO - Checking for running process with PID 5336
[2025-09-13T09:35:46.389+0000] {virtualenv.py:181} INFO - Process 5336 running: True and has the lock /tmp/cosmos_venv_ecom/cosmos_virtualenv.lock.
[2025-09-13T09:35:46.389+0000] {virtualenv.py:122} INFO - Waiting for virtualenv lock to be released
[2025-09-13T09:35:47.391+0000] {virtualenv.py:178} INFO - Checking for running process with PID 5336
[2025-09-13T09:35:47.391+0000] {virtualenv.py:181} INFO - Process 5336 running: True and has the lock /tmp/cosmos_venv_ecom/cosmos_virtualenv.lock.
[2025-09-13T09:35:47.392+0000] {virtualenv.py:122} INFO - Waiting for virtualenv lock to be released
[2025-09-13T09:35:48.394+0000] {virtualenv.py:178} INFO - Checking for running process with PID 5336
[2025-09-13T09:35:48.395+0000] {virtualenv.py:181} INFO - Process 5336 running: True and has the lock /tmp/cosmos_venv_ecom/cosmos_virtualenv.lock.
[2025-09-13T09:35:48.396+0000] {virtualenv.py:122} INFO - Waiting for virtualenv lock to be released
[2025-09-13T09:35:49.398+0000] {virtualenv.py:178} INFO - Checking for running process with PID 5336
[2025-09-13T09:35:49.399+0000] {virtualenv.py:181} INFO - Process 5336 running: True and has the lock /tmp/cosmos_venv_ecom/cosmos_virtualenv.lock.
[2025-09-13T09:35:49.399+0000] {virtualenv.py:122} INFO - Waiting for virtualenv lock to be released
[2025-09-13T09:35:50.401+0000] {virtualenv.py:178} INFO - Checking for running process with PID 5336
[2025-09-13T09:35:50.402+0000] {virtualenv.py:181} INFO - Process 5336 running: True and has the lock /tmp/cosmos_venv_ecom/cosmos_virtualenv.lock.
[2025-09-13T09:35:50.403+0000] {virtualenv.py:122} INFO - Waiting for virtualenv lock to be released
[2025-09-13T09:35:51.404+0000] {virtualenv.py:178} INFO - Checking for running process with PID 5336
[2025-09-13T09:35:51.404+0000] {virtualenv.py:181} INFO - Process 5336 running: True and has the lock /tmp/cosmos_venv_ecom/cosmos_virtualenv.lock.
[2025-09-13T09:35:51.405+0000] {virtualenv.py:122} INFO - Waiting for virtualenv lock to be released
[2025-09-13T09:35:52.406+0000] {virtualenv.py:178} INFO - Checking for running process with PID 5336
[2025-09-13T09:35:52.407+0000] {virtualenv.py:181} INFO - Process 5336 running: True and has the lock /tmp/cosmos_venv_ecom/cosmos_virtualenv.lock.
[2025-09-13T09:35:52.407+0000] {virtualenv.py:122} INFO - Waiting for virtualenv lock to be released
[2025-09-13T09:35:53.409+0000] {virtualenv.py:178} INFO - Checking for running process with PID 5336
[2025-09-13T09:35:53.410+0000] {virtualenv.py:181} INFO - Process 5336 running: True and has the lock /tmp/cosmos_venv_ecom/cosmos_virtualenv.lock.
[2025-09-13T09:35:53.410+0000] {virtualenv.py:122} INFO - Waiting for virtualenv lock to be released
[2025-09-13T09:35:54.412+0000] {virtualenv.py:178} INFO - Checking for running process with PID 5336
[2025-09-13T09:35:54.413+0000] {virtualenv.py:181} INFO - Process 5336 running: True and has the lock /tmp/cosmos_venv_ecom/cosmos_virtualenv.lock.
[2025-09-13T09:35:54.414+0000] {virtualenv.py:122} INFO - Waiting for virtualenv lock to be released
[2025-09-13T09:35:55.416+0000] {virtualenv.py:178} INFO - Checking for running process with PID 5336
[2025-09-13T09:35:55.416+0000] {virtualenv.py:181} INFO - Process 5336 running: True and has the lock /tmp/cosmos_venv_ecom/cosmos_virtualenv.lock.
[2025-09-13T09:35:55.417+0000] {virtualenv.py:122} INFO - Waiting for virtualenv lock to be released
[2025-09-13T09:35:56.419+0000] {virtualenv.py:178} INFO - Checking for running process with PID 5345
[2025-09-13T09:35:56.419+0000] {virtualenv.py:181} INFO - Process 5345 running: True and has the lock /tmp/cosmos_venv_ecom/cosmos_virtualenv.lock.
[2025-09-13T09:35:56.420+0000] {virtualenv.py:122} INFO - Waiting for virtualenv lock to be released
[2025-09-13T09:35:57.422+0000] {virtualenv.py:178} INFO - Checking for running process with PID 5345
[2025-09-13T09:35:57.424+0000] {virtualenv.py:181} INFO - Process 5345 running: True and has the lock /tmp/cosmos_venv_ecom/cosmos_virtualenv.lock.
[2025-09-13T09:35:57.424+0000] {virtualenv.py:122} INFO - Waiting for virtualenv lock to be released
[2025-09-13T09:35:58.427+0000] {virtualenv.py:178} INFO - Checking for running process with PID 5345
[2025-09-13T09:35:58.427+0000] {virtualenv.py:181} INFO - Process 5345 running: True and has the lock /tmp/cosmos_venv_ecom/cosmos_virtualenv.lock.
[2025-09-13T09:35:58.428+0000] {virtualenv.py:122} INFO - Waiting for virtualenv lock to be released
[2025-09-13T09:35:59.430+0000] {virtualenv.py:178} INFO - Checking for running process with PID 5345
[2025-09-13T09:35:59.431+0000] {virtualenv.py:181} INFO - Process 5345 running: True and has the lock /tmp/cosmos_venv_ecom/cosmos_virtualenv.lock.
[2025-09-13T09:35:59.432+0000] {virtualenv.py:122} INFO - Waiting for virtualenv lock to be released
[2025-09-13T09:36:00.434+0000] {virtualenv.py:178} INFO - Checking for running process with PID 5345
[2025-09-13T09:36:00.434+0000] {virtualenv.py:181} INFO - Process 5345 running: True and has the lock /tmp/cosmos_venv_ecom/cosmos_virtualenv.lock.
[2025-09-13T09:36:00.435+0000] {virtualenv.py:122} INFO - Waiting for virtualenv lock to be released
[2025-09-13T09:36:01.436+0000] {virtualenv.py:178} INFO - Checking for running process with PID 5345
[2025-09-13T09:36:01.436+0000] {virtualenv.py:181} INFO - Process 5345 running: True and has the lock /tmp/cosmos_venv_ecom/cosmos_virtualenv.lock.
[2025-09-13T09:36:01.437+0000] {virtualenv.py:122} INFO - Waiting for virtualenv lock to be released
[2025-09-13T09:36:02.439+0000] {virtualenv.py:178} INFO - Checking for running process with PID 5345
[2025-09-13T09:36:02.439+0000] {virtualenv.py:181} INFO - Process 5345 running: True and has the lock /tmp/cosmos_venv_ecom/cosmos_virtualenv.lock.
[2025-09-13T09:36:02.440+0000] {virtualenv.py:122} INFO - Waiting for virtualenv lock to be released
[2025-09-13T09:36:03.440+0000] {virtualenv.py:178} INFO - Checking for running process with PID 5345
[2025-09-13T09:36:03.441+0000] {virtualenv.py:181} INFO - Process 5345 running: True and has the lock /tmp/cosmos_venv_ecom/cosmos_virtualenv.lock.
[2025-09-13T09:36:03.442+0000] {virtualenv.py:122} INFO - Waiting for virtualenv lock to be released
[2025-09-13T09:36:04.444+0000] {virtualenv.py:178} INFO - Checking for running process with PID 5345
[2025-09-13T09:36:04.445+0000] {virtualenv.py:181} INFO - Process 5345 running: True and has the lock /tmp/cosmos_venv_ecom/cosmos_virtualenv.lock.
[2025-09-13T09:36:04.445+0000] {virtualenv.py:122} INFO - Waiting for virtualenv lock to be released
[2025-09-13T09:36:05.447+0000] {virtualenv.py:178} INFO - Checking for running process with PID 5345
[2025-09-13T09:36:05.448+0000] {virtualenv.py:181} INFO - Process 5345 running: True and has the lock /tmp/cosmos_venv_ecom/cosmos_virtualenv.lock.
[2025-09-13T09:36:05.449+0000] {virtualenv.py:122} INFO - Waiting for virtualenv lock to be released
[2025-09-13T09:36:06.451+0000] {virtualenv.py:178} INFO - Checking for running process with PID 5345
[2025-09-13T09:36:06.452+0000] {virtualenv.py:181} INFO - Process 5345 running: True and has the lock /tmp/cosmos_venv_ecom/cosmos_virtualenv.lock.
[2025-09-13T09:36:06.452+0000] {virtualenv.py:122} INFO - Waiting for virtualenv lock to be released
[2025-09-13T09:36:07.453+0000] {virtualenv.py:178} INFO - Checking for running process with PID 5345
[2025-09-13T09:36:07.454+0000] {virtualenv.py:181} INFO - Process 5345 running: True and has the lock /tmp/cosmos_venv_ecom/cosmos_virtualenv.lock.
[2025-09-13T09:36:07.454+0000] {virtualenv.py:122} INFO - Waiting for virtualenv lock to be released
[2025-09-13T09:36:08.455+0000] {virtualenv.py:178} INFO - Checking for running process with PID 5345
[2025-09-13T09:36:08.456+0000] {virtualenv.py:181} INFO - Process 5345 running: True and has the lock /tmp/cosmos_venv_ecom/cosmos_virtualenv.lock.
[2025-09-13T09:36:08.457+0000] {virtualenv.py:122} INFO - Waiting for virtualenv lock to be released
[2025-09-13T09:36:09.458+0000] {virtualenv.py:178} INFO - Checking for running process with PID 5345
[2025-09-13T09:36:09.459+0000] {virtualenv.py:181} INFO - Process 5345 running: True and has the lock /tmp/cosmos_venv_ecom/cosmos_virtualenv.lock.
[2025-09-13T09:36:09.460+0000] {virtualenv.py:122} INFO - Waiting for virtualenv lock to be released
[2025-09-13T09:36:10.461+0000] {virtualenv.py:178} INFO - Checking for running process with PID 5345
[2025-09-13T09:36:10.462+0000] {virtualenv.py:181} INFO - Process 5345 running: True and has the lock /tmp/cosmos_venv_ecom/cosmos_virtualenv.lock.
[2025-09-13T09:36:10.463+0000] {virtualenv.py:122} INFO - Waiting for virtualenv lock to be released
[2025-09-13T09:36:11.464+0000] {virtualenv.py:178} INFO - Checking for running process with PID 5345
[2025-09-13T09:36:11.465+0000] {virtualenv.py:181} INFO - Process 5345 running: True and has the lock /tmp/cosmos_venv_ecom/cosmos_virtualenv.lock.
[2025-09-13T09:36:11.465+0000] {virtualenv.py:122} INFO - Waiting for virtualenv lock to be released
[2025-09-13T09:36:12.468+0000] {virtualenv.py:178} INFO - Checking for running process with PID 5335
[2025-09-13T09:36:12.469+0000] {virtualenv.py:181} INFO - Process 5335 running: True and has the lock /tmp/cosmos_venv_ecom/cosmos_virtualenv.lock.
[2025-09-13T09:36:12.470+0000] {virtualenv.py:122} INFO - Waiting for virtualenv lock to be released
[2025-09-13T09:36:13.471+0000] {virtualenv.py:178} INFO - Checking for running process with PID 5335
[2025-09-13T09:36:13.472+0000] {virtualenv.py:181} INFO - Process 5335 running: True and has the lock /tmp/cosmos_venv_ecom/cosmos_virtualenv.lock.
[2025-09-13T09:36:13.472+0000] {virtualenv.py:122} INFO - Waiting for virtualenv lock to be released
[2025-09-13T09:36:14.474+0000] {virtualenv.py:178} INFO - Checking for running process with PID 5335
[2025-09-13T09:36:14.475+0000] {virtualenv.py:181} INFO - Process 5335 running: True and has the lock /tmp/cosmos_venv_ecom/cosmos_virtualenv.lock.
[2025-09-13T09:36:14.476+0000] {virtualenv.py:122} INFO - Waiting for virtualenv lock to be released
[2025-09-13T09:36:15.478+0000] {virtualenv.py:178} INFO - Checking for running process with PID 5335
[2025-09-13T09:36:15.478+0000] {virtualenv.py:181} INFO - Process 5335 running: True and has the lock /tmp/cosmos_venv_ecom/cosmos_virtualenv.lock.
[2025-09-13T09:36:15.479+0000] {virtualenv.py:122} INFO - Waiting for virtualenv lock to be released
[2025-09-13T09:36:16.481+0000] {virtualenv.py:178} INFO - Checking for running process with PID 5335
[2025-09-13T09:36:16.481+0000] {virtualenv.py:181} INFO - Process 5335 running: True and has the lock /tmp/cosmos_venv_ecom/cosmos_virtualenv.lock.
[2025-09-13T09:36:16.482+0000] {virtualenv.py:122} INFO - Waiting for virtualenv lock to be released
[2025-09-13T09:36:17.484+0000] {virtualenv.py:178} INFO - Checking for running process with PID 5335
[2025-09-13T09:36:17.485+0000] {virtualenv.py:181} INFO - Process 5335 running: True and has the lock /tmp/cosmos_venv_ecom/cosmos_virtualenv.lock.
[2025-09-13T09:36:17.485+0000] {virtualenv.py:122} INFO - Waiting for virtualenv lock to be released
[2025-09-13T09:36:18.487+0000] {virtualenv.py:178} INFO - Checking for running process with PID 5335
[2025-09-13T09:36:18.489+0000] {virtualenv.py:181} INFO - Process 5335 running: True and has the lock /tmp/cosmos_venv_ecom/cosmos_virtualenv.lock.
[2025-09-13T09:36:18.490+0000] {virtualenv.py:122} INFO - Waiting for virtualenv lock to be released
[2025-09-13T09:36:19.493+0000] {virtualenv.py:178} INFO - Checking for running process with PID 5335
[2025-09-13T09:36:19.493+0000] {virtualenv.py:181} INFO - Process 5335 running: True and has the lock /tmp/cosmos_venv_ecom/cosmos_virtualenv.lock.
[2025-09-13T09:36:19.494+0000] {virtualenv.py:122} INFO - Waiting for virtualenv lock to be released
[2025-09-13T09:36:20.496+0000] {virtualenv.py:178} INFO - Checking for running process with PID 5335
[2025-09-13T09:36:20.496+0000] {virtualenv.py:181} INFO - Process 5335 running: True and has the lock /tmp/cosmos_venv_ecom/cosmos_virtualenv.lock.
[2025-09-13T09:36:20.497+0000] {virtualenv.py:122} INFO - Waiting for virtualenv lock to be released
[2025-09-13T09:36:21.498+0000] {virtualenv.py:178} INFO - Checking for running process with PID 5335
[2025-09-13T09:36:21.499+0000] {virtualenv.py:181} INFO - Process 5335 running: True and has the lock /tmp/cosmos_venv_ecom/cosmos_virtualenv.lock.
[2025-09-13T09:36:21.500+0000] {virtualenv.py:122} INFO - Waiting for virtualenv lock to be released
[2025-09-13T09:36:22.501+0000] {virtualenv.py:178} INFO - Checking for running process with PID 5335
[2025-09-13T09:36:22.502+0000] {virtualenv.py:181} INFO - Process 5335 running: True and has the lock /tmp/cosmos_venv_ecom/cosmos_virtualenv.lock.
[2025-09-13T09:36:22.503+0000] {virtualenv.py:122} INFO - Waiting for virtualenv lock to be released
[2025-09-13T09:36:23.505+0000] {virtualenv.py:178} INFO - Checking for running process with PID 5335
[2025-09-13T09:36:23.506+0000] {virtualenv.py:181} INFO - Process 5335 running: True and has the lock /tmp/cosmos_venv_ecom/cosmos_virtualenv.lock.
[2025-09-13T09:36:23.507+0000] {virtualenv.py:122} INFO - Waiting for virtualenv lock to be released
[2025-09-13T09:36:24.508+0000] {virtualenv.py:178} INFO - Checking for running process with PID 5335
[2025-09-13T09:36:24.509+0000] {virtualenv.py:181} INFO - Process 5335 running: True and has the lock /tmp/cosmos_venv_ecom/cosmos_virtualenv.lock.
[2025-09-13T09:36:24.510+0000] {virtualenv.py:122} INFO - Waiting for virtualenv lock to be released
[2025-09-13T09:36:25.511+0000] {virtualenv.py:178} INFO - Checking for running process with PID 5335
[2025-09-13T09:36:25.512+0000] {virtualenv.py:181} INFO - Process 5335 running: True and has the lock /tmp/cosmos_venv_ecom/cosmos_virtualenv.lock.
[2025-09-13T09:36:25.513+0000] {virtualenv.py:122} INFO - Waiting for virtualenv lock to be released
[2025-09-13T09:36:26.515+0000] {virtualenv.py:178} INFO - Checking for running process with PID 5338
[2025-09-13T09:36:26.516+0000] {virtualenv.py:181} INFO - Process 5338 running: True and has the lock /tmp/cosmos_venv_ecom/cosmos_virtualenv.lock.
[2025-09-13T09:36:26.516+0000] {virtualenv.py:122} INFO - Waiting for virtualenv lock to be released
[2025-09-13T09:36:27.517+0000] {virtualenv.py:178} INFO - Checking for running process with PID 5338
[2025-09-13T09:36:27.518+0000] {virtualenv.py:181} INFO - Process 5338 running: True and has the lock /tmp/cosmos_venv_ecom/cosmos_virtualenv.lock.
[2025-09-13T09:36:27.518+0000] {virtualenv.py:122} INFO - Waiting for virtualenv lock to be released
[2025-09-13T09:36:28.519+0000] {virtualenv.py:178} INFO - Checking for running process with PID 5338
[2025-09-13T09:36:28.519+0000] {virtualenv.py:181} INFO - Process 5338 running: True and has the lock /tmp/cosmos_venv_ecom/cosmos_virtualenv.lock.
[2025-09-13T09:36:28.520+0000] {virtualenv.py:122} INFO - Waiting for virtualenv lock to be released
[2025-09-13T09:36:29.522+0000] {virtualenv.py:178} INFO - Checking for running process with PID 5338
[2025-09-13T09:36:29.523+0000] {virtualenv.py:181} INFO - Process 5338 running: True and has the lock /tmp/cosmos_venv_ecom/cosmos_virtualenv.lock.
[2025-09-13T09:36:29.523+0000] {virtualenv.py:122} INFO - Waiting for virtualenv lock to be released
[2025-09-13T09:36:30.525+0000] {virtualenv.py:178} INFO - Checking for running process with PID 5338
[2025-09-13T09:36:30.526+0000] {virtualenv.py:181} INFO - Process 5338 running: True and has the lock /tmp/cosmos_venv_ecom/cosmos_virtualenv.lock.
[2025-09-13T09:36:30.526+0000] {virtualenv.py:122} INFO - Waiting for virtualenv lock to be released
[2025-09-13T09:36:31.528+0000] {virtualenv.py:178} INFO - Checking for running process with PID 5338
[2025-09-13T09:36:31.528+0000] {virtualenv.py:181} INFO - Process 5338 running: True and has the lock /tmp/cosmos_venv_ecom/cosmos_virtualenv.lock.
[2025-09-13T09:36:31.529+0000] {virtualenv.py:122} INFO - Waiting for virtualenv lock to be released
[2025-09-13T09:36:32.529+0000] {virtualenv.py:178} INFO - Checking for running process with PID 5338
[2025-09-13T09:36:32.530+0000] {virtualenv.py:181} INFO - Process 5338 running: True and has the lock /tmp/cosmos_venv_ecom/cosmos_virtualenv.lock.
[2025-09-13T09:36:32.531+0000] {virtualenv.py:122} INFO - Waiting for virtualenv lock to be released
[2025-09-13T09:36:33.532+0000] {virtualenv.py:178} INFO - Checking for running process with PID 5338
[2025-09-13T09:36:33.533+0000] {virtualenv.py:181} INFO - Process 5338 running: True and has the lock /tmp/cosmos_venv_ecom/cosmos_virtualenv.lock.
[2025-09-13T09:36:33.534+0000] {virtualenv.py:122} INFO - Waiting for virtualenv lock to be released
[2025-09-13T09:36:34.535+0000] {virtualenv.py:178} INFO - Checking for running process with PID 5338
[2025-09-13T09:36:34.536+0000] {virtualenv.py:181} INFO - Process 5338 running: True and has the lock /tmp/cosmos_venv_ecom/cosmos_virtualenv.lock.
[2025-09-13T09:36:34.537+0000] {virtualenv.py:122} INFO - Waiting for virtualenv lock to be released
[2025-09-13T09:36:35.539+0000] {virtualenv.py:178} INFO - Checking for running process with PID 5338
[2025-09-13T09:36:35.540+0000] {virtualenv.py:181} INFO - Process 5338 running: True and has the lock /tmp/cosmos_venv_ecom/cosmos_virtualenv.lock.
[2025-09-13T09:36:35.541+0000] {virtualenv.py:122} INFO - Waiting for virtualenv lock to be released
[2025-09-13T09:36:36.542+0000] {virtualenv.py:178} INFO - Checking for running process with PID 5338
[2025-09-13T09:36:36.543+0000] {virtualenv.py:181} INFO - Process 5338 running: True and has the lock /tmp/cosmos_venv_ecom/cosmos_virtualenv.lock.
[2025-09-13T09:36:36.543+0000] {virtualenv.py:122} INFO - Waiting for virtualenv lock to be released
[2025-09-13T09:36:37.544+0000] {virtualenv.py:178} INFO - Checking for running process with PID 5338
[2025-09-13T09:36:37.546+0000] {virtualenv.py:181} INFO - Process 5338 running: True and has the lock /tmp/cosmos_venv_ecom/cosmos_virtualenv.lock.
[2025-09-13T09:36:37.547+0000] {virtualenv.py:122} INFO - Waiting for virtualenv lock to be released
[2025-09-13T09:36:38.549+0000] {virtualenv.py:178} INFO - Checking for running process with PID 5338
[2025-09-13T09:36:38.550+0000] {virtualenv.py:181} INFO - Process 5338 running: True and has the lock /tmp/cosmos_venv_ecom/cosmos_virtualenv.lock.
[2025-09-13T09:36:38.550+0000] {virtualenv.py:122} INFO - Waiting for virtualenv lock to be released
[2025-09-13T09:36:39.552+0000] {virtualenv.py:178} INFO - Checking for running process with PID 5340
[2025-09-13T09:36:39.553+0000] {virtualenv.py:181} INFO - Process 5340 running: True and has the lock /tmp/cosmos_venv_ecom/cosmos_virtualenv.lock.
[2025-09-13T09:36:39.553+0000] {virtualenv.py:126} INFO - Acquiring the virtualenv lock
[2025-09-13T09:36:39.554+0000] {virtualenv.py:195} INFO - Acquiring lock at /tmp/cosmos_venv_ecom/cosmos_virtualenv.lock with pid 5341
[2025-09-13T09:36:39.555+0000] {virtualenv.py:153} INFO - Creating or updating the virtualenv at `/tmp/cosmos_venv_ecom
[2025-09-13T09:36:39.555+0000] {process_utils.py:183} INFO - Executing cmd: /home/***/.local/bin/python -m virtualenv /tmp/cosmos_venv_ecom --python=python3
[2025-09-13T09:36:39.556+0000] {process_utils.py:187} INFO - Output:
[2025-09-13T09:36:42.086+0000] {process_utils.py:191} INFO - created virtual environment CPython3.10.14.final.0-64 in 1253ms
[2025-09-13T09:36:42.087+0000] {process_utils.py:191} INFO -   creator CPython3Posix(dest=/tmp/cosmos_venv_ecom, clear=False, no_vcs_ignore=False, global=False)
[2025-09-13T09:36:42.088+0000] {process_utils.py:191} INFO -   seeder FromAppData(download=False, pip=bundle, setuptools=bundle, wheel=bundle, via=copy, app_data_dir=/home/***/.local/share/virtualenv)
[2025-09-13T09:36:42.090+0000] {process_utils.py:191} INFO -     added seed packages: MarkupSafe==3.0.2, PyYAML==6.0.2, agate==1.9.1, annotated_types==0.7.0, attrs==25.3.0, babel==2.17.0, certifi==2025.8.3, charset_normalizer==3.4.3, click==8.2.1, clickhouse_connect==0.8.18, clickhouse_driver==0.2.9, colorama==0.4.6, daff==1.4.2, dbt_adapters==1.16.7, dbt_clickhouse==1.9.3, dbt_common==1.30.0, dbt_core==1.10.11, dbt_extractor==0.6.0, dbt_protos==1.0.375, dbt_semantic_interfaces==0.9.0, deepdiff==8.6.1, idna==3.10, importlib_metadata==8.7.0, isodate==0.6.1, jinja2==3.1.6, jsonschema==4.25.1, jsonschema_specifications==2025.9.1, leather==0.4.0, lz4==4.4.4, mashumaro==3.14, more_itertools==10.8.0, msgpack==1.1.1, networkx==3.4.2, orderly_set==5.5.0, packaging==25.0, parsedatetime==2.6, pathspec==0.12.1, pip==25.2, protobuf==6.32.1, pydantic==2.11.7, pydantic_core==2.33.2, python_dateutil==2.9.0.post0, python_slugify==8.0.4, pytimeparse==1.1.8, pytz==2025.2, referencing==0.36.2, requests==2.32.5, rpds_py==0.27.1, setuptools==80.9.0, six==1.17.0, snowplow_tracker==1.1.0, sqlparse==0.5.3, text_unidecode==1.3, typing_extensions==4.15.0, typing_inspection==0.4.1, tzlocal==5.3.1, urllib3==2.5.0, wheel==0.45.1, zipp==3.23.0, zstandard==0.24.0
[2025-09-13T09:36:42.091+0000] {process_utils.py:191} INFO -   activators BashActivator,CShellActivator,FishActivator,NushellActivator,PowerShellActivator,PythonActivator
[2025-09-13T09:36:42.191+0000] {process_utils.py:183} INFO - Executing cmd: /tmp/cosmos_venv_ecom/bin/pip install dbt-clickhouse
[2025-09-13T09:36:42.192+0000] {process_utils.py:187} INFO - Output:
[2025-09-13T09:36:43.528+0000] {process_utils.py:191} INFO - Requirement already satisfied: dbt-clickhouse in /tmp/cosmos_venv_ecom/lib/python3.10/site-packages (1.9.3)
[2025-09-13T09:36:43.531+0000] {process_utils.py:191} INFO - Requirement already satisfied: dbt-core>=1.9 in /tmp/cosmos_venv_ecom/lib/python3.10/site-packages (from dbt-clickhouse) (1.10.11)
[2025-09-13T09:36:43.532+0000] {process_utils.py:191} INFO - Requirement already satisfied: clickhouse-connect>=0.6.22 in /tmp/cosmos_venv_ecom/lib/python3.10/site-packages (from dbt-clickhouse) (0.8.18)
[2025-09-13T09:36:43.533+0000] {process_utils.py:191} INFO - Requirement already satisfied: clickhouse-driver>=0.2.6 in /tmp/cosmos_venv_ecom/lib/python3.10/site-packages (from dbt-clickhouse) (0.2.9)
[2025-09-13T09:36:43.534+0000] {process_utils.py:191} INFO - Requirement already satisfied: setuptools>=0.69 in /tmp/cosmos_venv_ecom/lib/python3.10/site-packages (from dbt-clickhouse) (80.9.0)
[2025-09-13T09:36:43.537+0000] {process_utils.py:191} INFO - Requirement already satisfied: certifi in /tmp/cosmos_venv_ecom/lib/python3.10/site-packages (from clickhouse-connect>=0.6.22->dbt-clickhouse) (2025.8.3)
[2025-09-13T09:36:43.538+0000] {process_utils.py:191} INFO - Requirement already satisfied: urllib3>=1.26 in /tmp/cosmos_venv_ecom/lib/python3.10/site-packages (from clickhouse-connect>=0.6.22->dbt-clickhouse) (2.5.0)
[2025-09-13T09:36:43.539+0000] {process_utils.py:191} INFO - Requirement already satisfied: pytz in /tmp/cosmos_venv_ecom/lib/python3.10/site-packages (from clickhouse-connect>=0.6.22->dbt-clickhouse) (2025.2)
[2025-09-13T09:36:43.540+0000] {process_utils.py:191} INFO - Requirement already satisfied: zstandard in /tmp/cosmos_venv_ecom/lib/python3.10/site-packages (from clickhouse-connect>=0.6.22->dbt-clickhouse) (0.24.0)
[2025-09-13T09:36:43.541+0000] {process_utils.py:191} INFO - Requirement already satisfied: lz4 in /tmp/cosmos_venv_ecom/lib/python3.10/site-packages (from clickhouse-connect>=0.6.22->dbt-clickhouse) (4.4.4)
[2025-09-13T09:36:43.551+0000] {process_utils.py:191} INFO - Requirement already satisfied: tzlocal in /tmp/cosmos_venv_ecom/lib/python3.10/site-packages (from clickhouse-driver>=0.2.6->dbt-clickhouse) (5.3.1)
[2025-09-13T09:36:43.556+0000] {process_utils.py:191} INFO - Requirement already satisfied: agate<1.10,>=1.7.0 in /tmp/cosmos_venv_ecom/lib/python3.10/site-packages (from dbt-core>=1.9->dbt-clickhouse) (1.9.1)
[2025-09-13T09:36:43.557+0000] {process_utils.py:191} INFO - Requirement already satisfied: Jinja2<4,>=3.1.3 in /tmp/cosmos_venv_ecom/lib/python3.10/site-packages (from dbt-core>=1.9->dbt-clickhouse) (3.1.6)
[2025-09-13T09:36:43.559+0000] {process_utils.py:191} INFO - Requirement already satisfied: mashumaro<3.15,>=3.9 in /tmp/cosmos_venv_ecom/lib/python3.10/site-packages (from mashumaro[msgpack]<3.15,>=3.9->dbt-core>=1.9->dbt-clickhouse) (3.14)
[2025-09-13T09:36:43.560+0000] {process_utils.py:191} INFO - Requirement already satisfied: click<9.0,>=8.0.2 in /tmp/cosmos_venv_ecom/lib/python3.10/site-packages (from dbt-core>=1.9->dbt-clickhouse) (8.2.1)
[2025-09-13T09:36:43.561+0000] {process_utils.py:191} INFO - Requirement already satisfied: jsonschema<5.0,>=4.19.1 in /tmp/cosmos_venv_ecom/lib/python3.10/site-packages (from dbt-core>=1.9->dbt-clickhouse) (4.25.1)
[2025-09-13T09:36:43.562+0000] {process_utils.py:191} INFO - Requirement already satisfied: networkx<4.0,>=2.3 in /tmp/cosmos_venv_ecom/lib/python3.10/site-packages (from dbt-core>=1.9->dbt-clickhouse) (3.4.2)
[2025-09-13T09:36:43.564+0000] {process_utils.py:191} INFO - Requirement already satisfied: protobuf<7.0,>=6.0 in /tmp/cosmos_venv_ecom/lib/python3.10/site-packages (from dbt-core>=1.9->dbt-clickhouse) (6.32.1)
[2025-09-13T09:36:43.565+0000] {process_utils.py:191} INFO - Requirement already satisfied: requests<3.0.0 in /tmp/cosmos_venv_ecom/lib/python3.10/site-packages (from dbt-core>=1.9->dbt-clickhouse) (2.32.5)
[2025-09-13T09:36:43.567+0000] {process_utils.py:191} INFO - Requirement already satisfied: snowplow-tracker<2.0,>=1.0.2 in /tmp/cosmos_venv_ecom/lib/python3.10/site-packages (from dbt-core>=1.9->dbt-clickhouse) (1.1.0)
[2025-09-13T09:36:43.568+0000] {process_utils.py:191} INFO - Requirement already satisfied: pathspec<0.13,>=0.9 in /tmp/cosmos_venv_ecom/lib/python3.10/site-packages (from dbt-core>=1.9->dbt-clickhouse) (0.12.1)
[2025-09-13T09:36:43.569+0000] {process_utils.py:191} INFO - Requirement already satisfied: sqlparse<0.6.0,>=0.5.0 in /tmp/cosmos_venv_ecom/lib/python3.10/site-packages (from dbt-core>=1.9->dbt-clickhouse) (0.5.3)
[2025-09-13T09:36:43.570+0000] {process_utils.py:191} INFO - Requirement already satisfied: dbt-extractor<=0.6,>=0.5.0 in /tmp/cosmos_venv_ecom/lib/python3.10/site-packages (from dbt-core>=1.9->dbt-clickhouse) (0.6.0)
[2025-09-13T09:36:43.571+0000] {process_utils.py:191} INFO - Requirement already satisfied: dbt-semantic-interfaces<0.10,>=0.9.0 in /tmp/cosmos_venv_ecom/lib/python3.10/site-packages (from dbt-core>=1.9->dbt-clickhouse) (0.9.0)
[2025-09-13T09:36:43.571+0000] {process_utils.py:191} INFO - Requirement already satisfied: dbt-common<2.0,>=1.27.0 in /tmp/cosmos_venv_ecom/lib/python3.10/site-packages (from dbt-core>=1.9->dbt-clickhouse) (1.30.0)
[2025-09-13T09:36:43.572+0000] {process_utils.py:191} INFO - Requirement already satisfied: dbt-adapters<2.0,>=1.15.5 in /tmp/cosmos_venv_ecom/lib/python3.10/site-packages (from dbt-core>=1.9->dbt-clickhouse) (1.16.7)
[2025-09-13T09:36:43.573+0000] {process_utils.py:191} INFO - Requirement already satisfied: dbt-protos<2.0,>=1.0.346 in /tmp/cosmos_venv_ecom/lib/python3.10/site-packages (from dbt-core>=1.9->dbt-clickhouse) (1.0.375)
[2025-09-13T09:36:43.574+0000] {process_utils.py:191} INFO - Requirement already satisfied: pydantic<3 in /tmp/cosmos_venv_ecom/lib/python3.10/site-packages (from dbt-core>=1.9->dbt-clickhouse) (2.11.7)
[2025-09-13T09:36:43.575+0000] {process_utils.py:191} INFO - Requirement already satisfied: packaging>20.9 in /tmp/cosmos_venv_ecom/lib/python3.10/site-packages (from dbt-core>=1.9->dbt-clickhouse) (25.0)
[2025-09-13T09:36:43.592+0000] {process_utils.py:191} INFO - Requirement already satisfied: pyyaml>=6.0 in /tmp/cosmos_venv_ecom/lib/python3.10/site-packages (from dbt-core>=1.9->dbt-clickhouse) (6.0.2)
[2025-09-13T09:36:43.593+0000] {process_utils.py:191} INFO - Requirement already satisfied: daff>=1.3.46 in /tmp/cosmos_venv_ecom/lib/python3.10/site-packages (from dbt-core>=1.9->dbt-clickhouse) (1.4.2)
[2025-09-13T09:36:43.593+0000] {process_utils.py:191} INFO - Requirement already satisfied: typing-extensions>=4.4 in /tmp/cosmos_venv_ecom/lib/python3.10/site-packages (from dbt-core>=1.9->dbt-clickhouse) (4.15.0)
[2025-09-13T09:36:43.597+0000] {process_utils.py:191} INFO - Requirement already satisfied: Babel>=2.0 in /tmp/cosmos_venv_ecom/lib/python3.10/site-packages (from agate<1.10,>=1.7.0->dbt-core>=1.9->dbt-clickhouse) (2.17.0)
[2025-09-13T09:36:43.598+0000] {process_utils.py:191} INFO - Requirement already satisfied: isodate>=0.5.4 in /tmp/cosmos_venv_ecom/lib/python3.10/site-packages (from agate<1.10,>=1.7.0->dbt-core>=1.9->dbt-clickhouse) (0.6.1)
[2025-09-13T09:36:43.599+0000] {process_utils.py:191} INFO - Requirement already satisfied: leather>=0.3.2 in /tmp/cosmos_venv_ecom/lib/python3.10/site-packages (from agate<1.10,>=1.7.0->dbt-core>=1.9->dbt-clickhouse) (0.4.0)
[2025-09-13T09:36:43.599+0000] {process_utils.py:191} INFO - Requirement already satisfied: parsedatetime!=2.5,>=2.1 in /tmp/cosmos_venv_ecom/lib/python3.10/site-packages (from agate<1.10,>=1.7.0->dbt-core>=1.9->dbt-clickhouse) (2.6)
[2025-09-13T09:36:43.600+0000] {process_utils.py:191} INFO - Requirement already satisfied: python-slugify>=1.2.1 in /tmp/cosmos_venv_ecom/lib/python3.10/site-packages (from agate<1.10,>=1.7.0->dbt-core>=1.9->dbt-clickhouse) (8.0.4)
[2025-09-13T09:36:43.601+0000] {process_utils.py:191} INFO - Requirement already satisfied: pytimeparse>=1.1.5 in /tmp/cosmos_venv_ecom/lib/python3.10/site-packages (from agate<1.10,>=1.7.0->dbt-core>=1.9->dbt-clickhouse) (1.1.8)
[2025-09-13T09:36:43.614+0000] {process_utils.py:191} INFO - Requirement already satisfied: colorama<0.5,>=0.3.9 in /tmp/cosmos_venv_ecom/lib/python3.10/site-packages (from dbt-common<2.0,>=1.27.0->dbt-core>=1.9->dbt-clickhouse) (0.4.6)
[2025-09-13T09:36:43.615+0000] {process_utils.py:191} INFO - Requirement already satisfied: deepdiff<9.0,>=7.0 in /tmp/cosmos_venv_ecom/lib/python3.10/site-packages (from dbt-common<2.0,>=1.27.0->dbt-core>=1.9->dbt-clickhouse) (8.6.1)
[2025-09-13T09:36:43.619+0000] {process_utils.py:191} INFO - Requirement already satisfied: python-dateutil<3.0,>=2.0 in /tmp/cosmos_venv_ecom/lib/python3.10/site-packages (from dbt-common<2.0,>=1.27.0->dbt-core>=1.9->dbt-clickhouse) (2.9.0.post0)
[2025-09-13T09:36:43.629+0000] {process_utils.py:191} INFO - Requirement already satisfied: importlib-metadata<9,>=6.0 in /tmp/cosmos_venv_ecom/lib/python3.10/site-packages (from dbt-semantic-interfaces<0.10,>=0.9.0->dbt-core>=1.9->dbt-clickhouse) (8.7.0)
[2025-09-13T09:36:43.631+0000] {process_utils.py:191} INFO - Requirement already satisfied: more-itertools<11.0,>=8.0 in /tmp/cosmos_venv_ecom/lib/python3.10/site-packages (from dbt-semantic-interfaces<0.10,>=0.9.0->dbt-core>=1.9->dbt-clickhouse) (10.8.0)
[2025-09-13T09:36:43.645+0000] {process_utils.py:191} INFO - Requirement already satisfied: orderly-set<6,>=5.4.1 in /tmp/cosmos_venv_ecom/lib/python3.10/site-packages (from deepdiff<9.0,>=7.0->dbt-common<2.0,>=1.27.0->dbt-core>=1.9->dbt-clickhouse) (5.5.0)
[2025-09-13T09:36:43.652+0000] {process_utils.py:191} INFO - Requirement already satisfied: zipp>=3.20 in /tmp/cosmos_venv_ecom/lib/python3.10/site-packages (from importlib-metadata<9,>=6.0->dbt-semantic-interfaces<0.10,>=0.9.0->dbt-core>=1.9->dbt-clickhouse) (3.23.0)
[2025-09-13T09:36:43.654+0000] {process_utils.py:191} INFO - Requirement already satisfied: six in /tmp/cosmos_venv_ecom/lib/python3.10/site-packages (from isodate>=0.5.4->agate<1.10,>=1.7.0->dbt-core>=1.9->dbt-clickhouse) (1.17.0)
[2025-09-13T09:36:43.657+0000] {process_utils.py:191} INFO - Requirement already satisfied: MarkupSafe>=2.0 in /tmp/cosmos_venv_ecom/lib/python3.10/site-packages (from Jinja2<4,>=3.1.3->dbt-core>=1.9->dbt-clickhouse) (3.0.2)
[2025-09-13T09:36:43.663+0000] {process_utils.py:191} INFO - Requirement already satisfied: attrs>=22.2.0 in /tmp/cosmos_venv_ecom/lib/python3.10/site-packages (from jsonschema<5.0,>=4.19.1->dbt-core>=1.9->dbt-clickhouse) (25.3.0)
[2025-09-13T09:36:43.664+0000] {process_utils.py:191} INFO - Requirement already satisfied: jsonschema-specifications>=2023.03.6 in /tmp/cosmos_venv_ecom/lib/python3.10/site-packages (from jsonschema<5.0,>=4.19.1->dbt-core>=1.9->dbt-clickhouse) (2025.9.1)
[2025-09-13T09:36:43.664+0000] {process_utils.py:191} INFO - Requirement already satisfied: referencing>=0.28.4 in /tmp/cosmos_venv_ecom/lib/python3.10/site-packages (from jsonschema<5.0,>=4.19.1->dbt-core>=1.9->dbt-clickhouse) (0.36.2)
[2025-09-13T09:36:43.665+0000] {process_utils.py:191} INFO - Requirement already satisfied: rpds-py>=0.7.1 in /tmp/cosmos_venv_ecom/lib/python3.10/site-packages (from jsonschema<5.0,>=4.19.1->dbt-core>=1.9->dbt-clickhouse) (0.27.1)
[2025-09-13T09:36:43.673+0000] {process_utils.py:191} INFO - Requirement already satisfied: msgpack>=0.5.6 in /tmp/cosmos_venv_ecom/lib/python3.10/site-packages (from mashumaro[msgpack]<3.15,>=3.9->dbt-core>=1.9->dbt-clickhouse) (1.1.1)
[2025-09-13T09:36:43.719+0000] {process_utils.py:191} INFO - Requirement already satisfied: annotated-types>=0.6.0 in /tmp/cosmos_venv_ecom/lib/python3.10/site-packages (from pydantic<3->dbt-core>=1.9->dbt-clickhouse) (0.7.0)
[2025-09-13T09:36:43.720+0000] {process_utils.py:191} INFO - Requirement already satisfied: pydantic-core==2.33.2 in /tmp/cosmos_venv_ecom/lib/python3.10/site-packages (from pydantic<3->dbt-core>=1.9->dbt-clickhouse) (2.33.2)
[2025-09-13T09:36:43.724+0000] {process_utils.py:191} INFO - Requirement already satisfied: typing-inspection>=0.4.0 in /tmp/cosmos_venv_ecom/lib/python3.10/site-packages (from pydantic<3->dbt-core>=1.9->dbt-clickhouse) (0.4.1)
[2025-09-13T09:36:43.731+0000] {process_utils.py:191} INFO - Requirement already satisfied: charset_normalizer<4,>=2 in /tmp/cosmos_venv_ecom/lib/python3.10/site-packages (from requests<3.0.0->dbt-core>=1.9->dbt-clickhouse) (3.4.3)
[2025-09-13T09:36:43.731+0000] {process_utils.py:191} INFO - Requirement already satisfied: idna<4,>=2.5 in /tmp/cosmos_venv_ecom/lib/python3.10/site-packages (from requests<3.0.0->dbt-core>=1.9->dbt-clickhouse) (3.10)
[2025-09-13T09:36:43.776+0000] {process_utils.py:191} INFO - Requirement already satisfied: text-unidecode>=1.3 in /tmp/cosmos_venv_ecom/lib/python3.10/site-packages (from python-slugify>=1.2.1->agate<1.10,>=1.7.0->dbt-core>=1.9->dbt-clickhouse) (1.3)
[2025-09-13T09:36:43.934+0000] {local.py:470} INFO - Cloning project to writable temp directory /tmp/tmpliy0yyb6 from /opt/airflow/dags/dbt/ecom_staging
[2025-09-13T09:36:43.947+0000] {local.py:490} INFO - Partial parse is enabled and the latest partial parse file is /tmp/cosmos/dbt_staging__dbt_ecom/target/partial_parse.msgpack
[2025-09-13T09:36:43.957+0000] {config.py:362} INFO - Using user-supplied profiles.yml at /opt/airflow/dags/dbt/profiles.yml
[2025-09-13T09:36:43.965+0000] {virtualenv.py:99} INFO - Using Python binary from virtualenv: /tmp/cosmos_venv_ecom/bin/python
[2025-09-13T09:36:43.965+0000] {local.py:434} INFO - Trying to run the command:
 ['/tmp/cosmos_venv_ecom/bin/dbt', 'deps', '--project-dir', '/tmp/tmpliy0yyb6', '--profiles-dir', '/opt/***/dags/dbt', '--profile', 'ecom_staging', '--target', 'dev']
From /tmp/tmpliy0yyb6
[2025-09-13T09:36:43.966+0000] {subprocess.py:56} INFO - Tmp dir root location: 
 /tmp
[2025-09-13T09:36:43.966+0000] {subprocess.py:69} INFO - Running command: ['/tmp/cosmos_venv_ecom/bin/dbt', 'deps', '--project-dir', '/tmp/tmpliy0yyb6', '--profiles-dir', '/opt/***/dags/dbt', '--profile', 'ecom_staging', '--target', 'dev']
[2025-09-13T09:36:43.977+0000] {subprocess.py:80} INFO - Command output:
[2025-09-13T09:36:46.127+0000] {subprocess.py:90} INFO - [0m09:36:46  Running with dbt=1.10.11
[2025-09-13T09:36:46.950+0000] {subprocess.py:90} INFO - [0m09:36:46  Installing dbt-labs/dbt_utils
[2025-09-13T09:36:47.534+0000] {subprocess.py:90} INFO - [0m09:36:47  Installed from version 1.3.0
[2025-09-13T09:36:47.535+0000] {subprocess.py:90} INFO - [0m09:36:47  Updated version available: 1.3.1
[2025-09-13T09:36:47.536+0000] {subprocess.py:90} INFO - [0m09:36:47
[2025-09-13T09:36:47.536+0000] {subprocess.py:90} INFO - [0m09:36:47  Updates available for packages: ['dbt-labs/dbt_utils']
[2025-09-13T09:36:47.537+0000] {subprocess.py:90} INFO - Update your versions in packages.yml, then run dbt deps
[2025-09-13T09:36:49.554+0000] {subprocess.py:94} INFO - Command exited with return code 0
[2025-09-13T09:36:49.554+0000] {local.py:441} INFO - Update your versions in packages.yml, then run dbt deps
[2025-09-13T09:36:49.554+0000] {virtualenv.py:99} INFO - Using Python binary from virtualenv: /tmp/cosmos_venv_ecom/bin/python
[2025-09-13T09:36:49.555+0000] {local.py:434} INFO - Trying to run the command:
 ['/tmp/cosmos_venv_ecom/bin/dbt', 'run', '--models', 'stg_categories', '--project-dir', '/tmp/tmpliy0yyb6', '--profiles-dir', '/opt/***/dags/dbt', '--profile', 'ecom_staging', '--target', 'dev']
From /tmp/tmpliy0yyb6
[2025-09-13T09:36:49.555+0000] {subprocess.py:56} INFO - Tmp dir root location: 
 /tmp
[2025-09-13T09:36:49.556+0000] {subprocess.py:69} INFO - Running command: ['/tmp/cosmos_venv_ecom/bin/dbt', 'run', '--models', 'stg_categories', '--project-dir', '/tmp/tmpliy0yyb6', '--profiles-dir', '/opt/***/dags/dbt', '--profile', 'ecom_staging', '--target', 'dev']
[2025-09-13T09:36:49.569+0000] {subprocess.py:80} INFO - Command output:
[2025-09-13T09:36:51.812+0000] {subprocess.py:90} INFO - [0m09:36:51  Running with dbt=1.10.11
[2025-09-13T09:36:51.815+0000] {subprocess.py:90} INFO - [0m09:36:51  [[33mWARNING[0m]: Deprecated functionality
[2025-09-13T09:36:51.816+0000] {subprocess.py:90} INFO - Usage of `--models`, `--model`, and `-m` is deprecated in favor of `--select` or
[2025-09-13T09:36:51.816+0000] {subprocess.py:90} INFO - `-s`.
[2025-09-13T09:36:52.185+0000] {subprocess.py:90} INFO - [0m09:36:52  Registered adapter: clickhouse=1.9.3
[2025-09-13T09:36:52.962+0000] {subprocess.py:90} INFO - [0m09:36:52  Found 8 models, 27 data tests, 8 sources, 597 macros
[2025-09-13T09:36:52.965+0000] {subprocess.py:90} INFO - [0m09:36:52
[2025-09-13T09:36:52.966+0000] {subprocess.py:90} INFO - [0m09:36:52  Concurrency: 4 threads (target='dev')
[2025-09-13T09:36:52.967+0000] {subprocess.py:90} INFO - [0m09:36:52
[2025-09-13T09:36:53.114+0000] {subprocess.py:90} INFO - [0m09:36:53  1 of 1 START sql view model `ecom_db_staging`.`stg_categories` ................. [RUN]
[2025-09-13T09:36:53.206+0000] {subprocess.py:90} INFO - [0m09:36:53  1 of 1 OK created sql view model `ecom_db_staging`.`stg_categories` ............ [[32mOK[0m in 0.09s]
[2025-09-13T09:36:53.211+0000] {subprocess.py:90} INFO - [0m09:36:53
[2025-09-13T09:36:53.212+0000] {subprocess.py:90} INFO - [0m09:36:53  Finished running 1 view model in 0 hours 0 minutes and 0.24 seconds (0.24s).
[2025-09-13T09:36:53.274+0000] {subprocess.py:90} INFO - [0m09:36:53
[2025-09-13T09:36:53.275+0000] {subprocess.py:90} INFO - [0m09:36:53  [32mCompleted successfully[0m
[2025-09-13T09:36:53.276+0000] {subprocess.py:90} INFO - [0m09:36:53
[2025-09-13T09:36:53.276+0000] {subprocess.py:90} INFO - [0m09:36:53  Done. PASS=1 WARN=0 ERROR=0 SKIP=0 NO-OP=0 TOTAL=1
[2025-09-13T09:36:53.277+0000] {subprocess.py:90} INFO - [0m09:36:53  [[33mWARNING[0m][DeprecationsSummary]: Deprecated functionality
[2025-09-13T09:36:53.278+0000] {subprocess.py:90} INFO - Summary of encountered deprecations:
[2025-09-13T09:36:53.278+0000] {subprocess.py:90} INFO - - ModelParamUsageDeprecation: 1 occurrence
[2025-09-13T09:36:53.278+0000] {subprocess.py:90} INFO - To see all deprecation instances instead of just the first occurrence of each,
[2025-09-13T09:36:53.279+0000] {subprocess.py:90} INFO - run command again with the `--show-all-deprecations` flag. You may also need to
[2025-09-13T09:36:53.279+0000] {subprocess.py:90} INFO - run with `--no-partial-parse` as some deprecations are only encountered during
[2025-09-13T09:36:53.279+0000] {subprocess.py:90} INFO - parsing.
[2025-09-13T09:36:55.447+0000] {subprocess.py:94} INFO - Command exited with return code 0
[2025-09-13T09:36:55.448+0000] {local.py:441} INFO - parsing.
[2025-09-13T09:36:55.464+0000] {local.py:196} WARNING - Artifact schema version: https://schemas.getdbt.com/dbt/manifest/v12.json is above dbt-ol supported version 7. This might cause errors.
[2025-09-13T09:36:55.465+0000] {local.py:196} WARNING - Artifact schema version: https://schemas.getdbt.com/dbt/run-results/v6.json is above dbt-ol supported version 5. This might cause errors.
[2025-09-13T09:36:55.475+0000] {local.py:547} INFO - Inlets: []
[2025-09-13T09:36:55.476+0000] {local.py:548} INFO - Outlets: []
[2025-09-13T09:36:55.477+0000] {local.py:772} INFO - Assigning inlets/outlets without DatasetAlias
[2025-09-13T09:36:55.477+0000] {dag.py:3089} INFO - Sync 1 DAGs
[2025-09-13T09:36:55.542+0000] {dag.py:3947} INFO - Setting next_dagrun for dbt_staging to 2025-09-13 00:00:00+00:00, run_after=2025-09-14 00:00:00+00:00
[2025-09-13T09:36:55.615+0000] {virtualenv.py:131} INFO - Releasing virtualenv lock
[2025-09-13T09:36:55.615+0000] {virtualenv.py:201} WARNING - Lockfile /tmp/cosmos_venv_ecom/cosmos_virtualenv.lock not found, perhaps deleted by other concurrent operator?
[2025-09-13T09:36:55.616+0000] {virtualenv.py:145} INFO - None
[2025-09-13T09:36:55.616+0000] {taskinstance.py:441} INFO - ::group::Post task execution logs
[2025-09-13T09:36:55.656+0000] {taskinstance.py:1206} INFO - Marking task as SUCCESS. dag_id=dbt_staging, task_id=dbt_ecom.stg_categories_run, run_id=manual__2025-09-13T09:34:31.578167+00:00, execution_date=20250913T093431, start_date=20250913T093437, end_date=20250913T093655
[2025-09-13T09:36:55.724+0000] {local_task_job_runner.py:243} INFO - Task exited with return code 0
[2025-09-13T09:36:55.778+0000] {taskinstance.py:3503} INFO - 0 downstream tasks scheduled from follow-on schedule check
[2025-09-13T09:36:55.780+0000] {local_task_job_runner.py:222} INFO - ::endgroup::
