[2025-09-12T16:51:07.588+0000] {local_task_job_runner.py:120} INFO - ::group::Pre task execution logs
[2025-09-12T16:51:07.640+0000] {taskinstance.py:2076} INFO - Dependencies all met for dep_context=non-requeueable deps ti=<TaskInstance: dbt_ecom_cosmos.dbt_ecom.stg_customers_run manual__2025-09-12T16:50:56.013773+00:00 [queued]>
[2025-09-12T16:51:07.649+0000] {taskinstance.py:2076} INFO - Dependencies all met for dep_context=requeueable deps ti=<TaskInstance: dbt_ecom_cosmos.dbt_ecom.stg_customers_run manual__2025-09-12T16:50:56.013773+00:00 [queued]>
[2025-09-12T16:51:07.650+0000] {taskinstance.py:2306} INFO - Starting attempt 1 of 1
[2025-09-12T16:51:07.666+0000] {taskinstance.py:2330} INFO - Executing <Task(DbtRunVirtualenvOperator): dbt_ecom.stg_customers_run> on 2025-09-12 16:50:56.013773+00:00
[2025-09-12T16:51:07.673+0000] {standard_task_runner.py:64} INFO - Started process 3311 to run task
[2025-09-12T16:51:07.677+0000] {standard_task_runner.py:90} INFO - Running: ['***', 'tasks', 'run', 'dbt_ecom_cosmos', 'dbt_ecom.stg_customers_run', 'manual__2025-09-12T16:50:56.013773+00:00', '--job-id', '109', '--raw', '--subdir', 'DAGS_FOLDER/dbt_staging.py', '--cfg-path', '/tmp/tmpho8a6yx4']
[2025-09-12T16:51:07.681+0000] {standard_task_runner.py:91} INFO - Job 109: Subtask dbt_ecom.stg_customers_run
[2025-09-12T16:51:07.854+0000] {task_command.py:426} INFO - Running <TaskInstance: dbt_ecom_cosmos.dbt_ecom.stg_customers_run manual__2025-09-12T16:50:56.013773+00:00 [running]> on host e95bde6b8d07
[2025-09-12T16:51:08.141+0000] {taskinstance.py:2648} INFO - Exporting env vars: AIRFLOW_CTX_DAG_OWNER='***' AIRFLOW_CTX_DAG_ID='dbt_ecom_cosmos' AIRFLOW_CTX_TASK_ID='dbt_ecom.stg_customers_run' AIRFLOW_CTX_EXECUTION_DATE='2025-09-12T16:50:56.013773+00:00' AIRFLOW_CTX_TRY_NUMBER='1' AIRFLOW_CTX_DAG_RUN_ID='manual__2025-09-12T16:50:56.013773+00:00'
[2025-09-12T16:51:08.143+0000] {taskinstance.py:430} INFO - ::endgroup::
[2025-09-12T16:51:08.161+0000] {virtualenv.py:120} INFO - Checking if the virtualenv lock /tmp/cosmos_venv_ecom/cosmos_virtualenv.lock exists
[2025-09-12T16:51:08.162+0000] {virtualenv.py:178} INFO - Checking for running process with PID 3295
[2025-09-12T16:51:08.162+0000] {virtualenv.py:181} INFO - Process 3295 running: True and has the lock /tmp/cosmos_venv_ecom/cosmos_virtualenv.lock.
[2025-09-12T16:51:08.163+0000] {virtualenv.py:122} INFO - Waiting for virtualenv lock to be released
[2025-09-12T16:51:09.164+0000] {virtualenv.py:178} INFO - Checking for running process with PID 3295
[2025-09-12T16:51:09.166+0000] {virtualenv.py:181} INFO - Process 3295 running: True and has the lock /tmp/cosmos_venv_ecom/cosmos_virtualenv.lock.
[2025-09-12T16:51:09.167+0000] {virtualenv.py:122} INFO - Waiting for virtualenv lock to be released
[2025-09-12T16:51:10.170+0000] {virtualenv.py:178} INFO - Checking for running process with PID 3295
[2025-09-12T16:51:10.172+0000] {virtualenv.py:181} INFO - Process 3295 running: True and has the lock /tmp/cosmos_venv_ecom/cosmos_virtualenv.lock.
[2025-09-12T16:51:10.173+0000] {virtualenv.py:122} INFO - Waiting for virtualenv lock to be released
[2025-09-12T16:51:11.175+0000] {virtualenv.py:178} INFO - Checking for running process with PID 3295
[2025-09-12T16:51:11.181+0000] {virtualenv.py:181} INFO - Process 3295 running: True and has the lock /tmp/cosmos_venv_ecom/cosmos_virtualenv.lock.
[2025-09-12T16:51:11.184+0000] {virtualenv.py:122} INFO - Waiting for virtualenv lock to be released
[2025-09-12T16:51:12.186+0000] {virtualenv.py:178} INFO - Checking for running process with PID 3295
[2025-09-12T16:51:12.188+0000] {virtualenv.py:181} INFO - Process 3295 running: True and has the lock /tmp/cosmos_venv_ecom/cosmos_virtualenv.lock.
[2025-09-12T16:51:12.189+0000] {virtualenv.py:122} INFO - Waiting for virtualenv lock to be released
[2025-09-12T16:51:13.190+0000] {virtualenv.py:178} INFO - Checking for running process with PID 3295
[2025-09-12T16:51:13.191+0000] {virtualenv.py:181} INFO - Process 3295 running: True and has the lock /tmp/cosmos_venv_ecom/cosmos_virtualenv.lock.
[2025-09-12T16:51:13.192+0000] {virtualenv.py:122} INFO - Waiting for virtualenv lock to be released
[2025-09-12T16:51:14.193+0000] {virtualenv.py:178} INFO - Checking for running process with PID 3295
[2025-09-12T16:51:14.194+0000] {virtualenv.py:181} INFO - Process 3295 running: True and has the lock /tmp/cosmos_venv_ecom/cosmos_virtualenv.lock.
[2025-09-12T16:51:14.195+0000] {virtualenv.py:122} INFO - Waiting for virtualenv lock to be released
[2025-09-12T16:51:15.196+0000] {virtualenv.py:178} INFO - Checking for running process with PID 3295
[2025-09-12T16:51:15.197+0000] {virtualenv.py:181} INFO - Process 3295 running: True and has the lock /tmp/cosmos_venv_ecom/cosmos_virtualenv.lock.
[2025-09-12T16:51:15.197+0000] {virtualenv.py:122} INFO - Waiting for virtualenv lock to be released
[2025-09-12T16:51:16.199+0000] {virtualenv.py:178} INFO - Checking for running process with PID 3295
[2025-09-12T16:51:16.200+0000] {virtualenv.py:181} INFO - Process 3295 running: True and has the lock /tmp/cosmos_venv_ecom/cosmos_virtualenv.lock.
[2025-09-12T16:51:16.201+0000] {virtualenv.py:122} INFO - Waiting for virtualenv lock to be released
[2025-09-12T16:51:17.203+0000] {virtualenv.py:178} INFO - Checking for running process with PID 3295
[2025-09-12T16:51:17.204+0000] {virtualenv.py:181} INFO - Process 3295 running: True and has the lock /tmp/cosmos_venv_ecom/cosmos_virtualenv.lock.
[2025-09-12T16:51:17.205+0000] {virtualenv.py:122} INFO - Waiting for virtualenv lock to be released
[2025-09-12T16:51:18.207+0000] {virtualenv.py:178} INFO - Checking for running process with PID 3295
[2025-09-12T16:51:18.208+0000] {virtualenv.py:181} INFO - Process 3295 running: True and has the lock /tmp/cosmos_venv_ecom/cosmos_virtualenv.lock.
[2025-09-12T16:51:18.208+0000] {virtualenv.py:122} INFO - Waiting for virtualenv lock to be released
[2025-09-12T16:51:19.209+0000] {virtualenv.py:178} INFO - Checking for running process with PID 3295
[2025-09-12T16:51:19.210+0000] {virtualenv.py:181} INFO - Process 3295 running: True and has the lock /tmp/cosmos_venv_ecom/cosmos_virtualenv.lock.
[2025-09-12T16:51:19.211+0000] {virtualenv.py:122} INFO - Waiting for virtualenv lock to be released
[2025-09-12T16:51:20.212+0000] {virtualenv.py:178} INFO - Checking for running process with PID 3295
[2025-09-12T16:51:20.215+0000] {virtualenv.py:181} INFO - Process 3295 running: True and has the lock /tmp/cosmos_venv_ecom/cosmos_virtualenv.lock.
[2025-09-12T16:51:20.216+0000] {virtualenv.py:122} INFO - Waiting for virtualenv lock to be released
[2025-09-12T16:51:21.217+0000] {virtualenv.py:178} INFO - Checking for running process with PID 3295
[2025-09-12T16:51:21.218+0000] {virtualenv.py:181} INFO - Process 3295 running: True and has the lock /tmp/cosmos_venv_ecom/cosmos_virtualenv.lock.
[2025-09-12T16:51:21.218+0000] {virtualenv.py:122} INFO - Waiting for virtualenv lock to be released
[2025-09-12T16:51:22.220+0000] {virtualenv.py:178} INFO - Checking for running process with PID 3295
[2025-09-12T16:51:22.221+0000] {virtualenv.py:181} INFO - Process 3295 running: True and has the lock /tmp/cosmos_venv_ecom/cosmos_virtualenv.lock.
[2025-09-12T16:51:22.222+0000] {virtualenv.py:122} INFO - Waiting for virtualenv lock to be released
[2025-09-12T16:51:23.222+0000] {virtualenv.py:178} INFO - Checking for running process with PID 3295
[2025-09-12T16:51:23.223+0000] {virtualenv.py:181} INFO - Process 3295 running: True and has the lock /tmp/cosmos_venv_ecom/cosmos_virtualenv.lock.
[2025-09-12T16:51:23.223+0000] {virtualenv.py:122} INFO - Waiting for virtualenv lock to be released
[2025-09-12T16:51:24.226+0000] {virtualenv.py:178} INFO - Checking for running process with PID 3295
[2025-09-12T16:51:24.227+0000] {virtualenv.py:181} INFO - Process 3295 running: True and has the lock /tmp/cosmos_venv_ecom/cosmos_virtualenv.lock.
[2025-09-12T16:51:24.227+0000] {virtualenv.py:122} INFO - Waiting for virtualenv lock to be released
[2025-09-12T16:51:25.229+0000] {virtualenv.py:178} INFO - Checking for running process with PID 3295
[2025-09-12T16:51:25.230+0000] {virtualenv.py:181} INFO - Process 3295 running: True and has the lock /tmp/cosmos_venv_ecom/cosmos_virtualenv.lock.
[2025-09-12T16:51:25.231+0000] {virtualenv.py:122} INFO - Waiting for virtualenv lock to be released
[2025-09-12T16:51:26.232+0000] {virtualenv.py:178} INFO - Checking for running process with PID 3295
[2025-09-12T16:51:26.233+0000] {virtualenv.py:181} INFO - Process 3295 running: True and has the lock /tmp/cosmos_venv_ecom/cosmos_virtualenv.lock.
[2025-09-12T16:51:26.234+0000] {virtualenv.py:122} INFO - Waiting for virtualenv lock to be released
[2025-09-12T16:51:27.236+0000] {virtualenv.py:178} INFO - Checking for running process with PID 3295
[2025-09-12T16:51:27.237+0000] {virtualenv.py:181} INFO - Process 3295 running: True and has the lock /tmp/cosmos_venv_ecom/cosmos_virtualenv.lock.
[2025-09-12T16:51:27.237+0000] {virtualenv.py:122} INFO - Waiting for virtualenv lock to be released
[2025-09-12T16:51:28.239+0000] {virtualenv.py:178} INFO - Checking for running process with PID 3295
[2025-09-12T16:51:28.240+0000] {virtualenv.py:181} INFO - Process 3295 running: True and has the lock /tmp/cosmos_venv_ecom/cosmos_virtualenv.lock.
[2025-09-12T16:51:28.240+0000] {virtualenv.py:122} INFO - Waiting for virtualenv lock to be released
[2025-09-12T16:51:29.242+0000] {virtualenv.py:178} INFO - Checking for running process with PID 3295
[2025-09-12T16:51:29.243+0000] {virtualenv.py:181} INFO - Process 3295 running: True and has the lock /tmp/cosmos_venv_ecom/cosmos_virtualenv.lock.
[2025-09-12T16:51:29.243+0000] {virtualenv.py:122} INFO - Waiting for virtualenv lock to be released
[2025-09-12T16:51:30.245+0000] {virtualenv.py:178} INFO - Checking for running process with PID 3295
[2025-09-12T16:51:30.246+0000] {virtualenv.py:181} INFO - Process 3295 running: True and has the lock /tmp/cosmos_venv_ecom/cosmos_virtualenv.lock.
[2025-09-12T16:51:30.246+0000] {virtualenv.py:122} INFO - Waiting for virtualenv lock to be released
[2025-09-12T16:51:31.248+0000] {virtualenv.py:178} INFO - Checking for running process with PID 3295
[2025-09-12T16:51:31.250+0000] {virtualenv.py:181} INFO - Process 3295 running: True and has the lock /tmp/cosmos_venv_ecom/cosmos_virtualenv.lock.
[2025-09-12T16:51:31.253+0000] {virtualenv.py:122} INFO - Waiting for virtualenv lock to be released
[2025-09-12T16:51:32.255+0000] {virtualenv.py:178} INFO - Checking for running process with PID 3295
[2025-09-12T16:51:32.256+0000] {virtualenv.py:181} INFO - Process 3295 running: True and has the lock /tmp/cosmos_venv_ecom/cosmos_virtualenv.lock.
[2025-09-12T16:51:32.256+0000] {virtualenv.py:122} INFO - Waiting for virtualenv lock to be released
[2025-09-12T16:51:33.257+0000] {virtualenv.py:178} INFO - Checking for running process with PID 3295
[2025-09-12T16:51:33.257+0000] {virtualenv.py:181} INFO - Process 3295 running: True and has the lock /tmp/cosmos_venv_ecom/cosmos_virtualenv.lock.
[2025-09-12T16:51:33.258+0000] {virtualenv.py:122} INFO - Waiting for virtualenv lock to be released
[2025-09-12T16:51:34.259+0000] {virtualenv.py:178} INFO - Checking for running process with PID 3295
[2025-09-12T16:51:34.260+0000] {virtualenv.py:181} INFO - Process 3295 running: True and has the lock /tmp/cosmos_venv_ecom/cosmos_virtualenv.lock.
[2025-09-12T16:51:34.261+0000] {virtualenv.py:122} INFO - Waiting for virtualenv lock to be released
[2025-09-12T16:51:35.262+0000] {virtualenv.py:178} INFO - Checking for running process with PID 3295
[2025-09-12T16:51:35.263+0000] {virtualenv.py:181} INFO - Process 3295 running: True and has the lock /tmp/cosmos_venv_ecom/cosmos_virtualenv.lock.
[2025-09-12T16:51:35.264+0000] {virtualenv.py:122} INFO - Waiting for virtualenv lock to be released
[2025-09-12T16:51:36.266+0000] {virtualenv.py:178} INFO - Checking for running process with PID 3295
[2025-09-12T16:51:36.267+0000] {virtualenv.py:181} INFO - Process 3295 running: True and has the lock /tmp/cosmos_venv_ecom/cosmos_virtualenv.lock.
[2025-09-12T16:51:36.267+0000] {virtualenv.py:122} INFO - Waiting for virtualenv lock to be released
[2025-09-12T16:51:37.269+0000] {virtualenv.py:178} INFO - Checking for running process with PID 3295
[2025-09-12T16:51:37.270+0000] {virtualenv.py:181} INFO - Process 3295 running: True and has the lock /tmp/cosmos_venv_ecom/cosmos_virtualenv.lock.
[2025-09-12T16:51:37.271+0000] {virtualenv.py:122} INFO - Waiting for virtualenv lock to be released
[2025-09-12T16:51:38.272+0000] {virtualenv.py:178} INFO - Checking for running process with PID 3295
[2025-09-12T16:51:38.273+0000] {virtualenv.py:181} INFO - Process 3295 running: True and has the lock /tmp/cosmos_venv_ecom/cosmos_virtualenv.lock.
[2025-09-12T16:51:38.274+0000] {virtualenv.py:122} INFO - Waiting for virtualenv lock to be released
[2025-09-12T16:51:39.276+0000] {virtualenv.py:178} INFO - Checking for running process with PID 3295
[2025-09-12T16:51:39.277+0000] {virtualenv.py:181} INFO - Process 3295 running: True and has the lock /tmp/cosmos_venv_ecom/cosmos_virtualenv.lock.
[2025-09-12T16:51:39.278+0000] {virtualenv.py:122} INFO - Waiting for virtualenv lock to be released
[2025-09-12T16:51:40.280+0000] {virtualenv.py:178} INFO - Checking for running process with PID 3295
[2025-09-12T16:51:40.281+0000] {virtualenv.py:181} INFO - Process 3295 running: True and has the lock /tmp/cosmos_venv_ecom/cosmos_virtualenv.lock.
[2025-09-12T16:51:40.281+0000] {virtualenv.py:122} INFO - Waiting for virtualenv lock to be released
[2025-09-12T16:51:41.283+0000] {virtualenv.py:178} INFO - Checking for running process with PID 3295
[2025-09-12T16:51:41.285+0000] {virtualenv.py:181} INFO - Process 3295 running: True and has the lock /tmp/cosmos_venv_ecom/cosmos_virtualenv.lock.
[2025-09-12T16:51:41.286+0000] {virtualenv.py:122} INFO - Waiting for virtualenv lock to be released
[2025-09-12T16:51:42.290+0000] {virtualenv.py:178} INFO - Checking for running process with PID 3295
[2025-09-12T16:51:42.291+0000] {virtualenv.py:181} INFO - Process 3295 running: True and has the lock /tmp/cosmos_venv_ecom/cosmos_virtualenv.lock.
[2025-09-12T16:51:42.291+0000] {virtualenv.py:122} INFO - Waiting for virtualenv lock to be released
[2025-09-12T16:51:43.293+0000] {virtualenv.py:178} INFO - Checking for running process with PID 3295
[2025-09-12T16:51:43.293+0000] {virtualenv.py:181} INFO - Process 3295 running: True and has the lock /tmp/cosmos_venv_ecom/cosmos_virtualenv.lock.
[2025-09-12T16:51:43.294+0000] {virtualenv.py:122} INFO - Waiting for virtualenv lock to be released
[2025-09-12T16:51:44.295+0000] {virtualenv.py:178} INFO - Checking for running process with PID 3295
[2025-09-12T16:51:44.296+0000] {virtualenv.py:181} INFO - Process 3295 running: True and has the lock /tmp/cosmos_venv_ecom/cosmos_virtualenv.lock.
[2025-09-12T16:51:44.297+0000] {virtualenv.py:122} INFO - Waiting for virtualenv lock to be released
[2025-09-12T16:51:45.298+0000] {virtualenv.py:178} INFO - Checking for running process with PID 3295
[2025-09-12T16:51:45.299+0000] {virtualenv.py:181} INFO - Process 3295 running: True and has the lock /tmp/cosmos_venv_ecom/cosmos_virtualenv.lock.
[2025-09-12T16:51:45.299+0000] {virtualenv.py:122} INFO - Waiting for virtualenv lock to be released
[2025-09-12T16:51:46.301+0000] {virtualenv.py:178} INFO - Checking for running process with PID 3295
[2025-09-12T16:51:46.302+0000] {virtualenv.py:181} INFO - Process 3295 running: True and has the lock /tmp/cosmos_venv_ecom/cosmos_virtualenv.lock.
[2025-09-12T16:51:46.303+0000] {virtualenv.py:122} INFO - Waiting for virtualenv lock to be released
[2025-09-12T16:51:47.305+0000] {virtualenv.py:178} INFO - Checking for running process with PID 3295
[2025-09-12T16:51:47.305+0000] {virtualenv.py:181} INFO - Process 3295 running: True and has the lock /tmp/cosmos_venv_ecom/cosmos_virtualenv.lock.
[2025-09-12T16:51:47.305+0000] {virtualenv.py:122} INFO - Waiting for virtualenv lock to be released
[2025-09-12T16:51:48.307+0000] {virtualenv.py:178} INFO - Checking for running process with PID 3295
[2025-09-12T16:51:48.307+0000] {virtualenv.py:181} INFO - Process 3295 running: True and has the lock /tmp/cosmos_venv_ecom/cosmos_virtualenv.lock.
[2025-09-12T16:51:48.308+0000] {virtualenv.py:122} INFO - Waiting for virtualenv lock to be released
[2025-09-12T16:51:49.309+0000] {virtualenv.py:178} INFO - Checking for running process with PID 3295
[2025-09-12T16:51:49.310+0000] {virtualenv.py:181} INFO - Process 3295 running: True and has the lock /tmp/cosmos_venv_ecom/cosmos_virtualenv.lock.
[2025-09-12T16:51:49.310+0000] {virtualenv.py:122} INFO - Waiting for virtualenv lock to be released
[2025-09-12T16:51:50.312+0000] {virtualenv.py:178} INFO - Checking for running process with PID 3295
[2025-09-12T16:51:50.313+0000] {virtualenv.py:181} INFO - Process 3295 running: True and has the lock /tmp/cosmos_venv_ecom/cosmos_virtualenv.lock.
[2025-09-12T16:51:50.314+0000] {virtualenv.py:122} INFO - Waiting for virtualenv lock to be released
[2025-09-12T16:51:51.316+0000] {virtualenv.py:178} INFO - Checking for running process with PID 3295
[2025-09-12T16:51:51.317+0000] {virtualenv.py:181} INFO - Process 3295 running: True and has the lock /tmp/cosmos_venv_ecom/cosmos_virtualenv.lock.
[2025-09-12T16:51:51.317+0000] {virtualenv.py:122} INFO - Waiting for virtualenv lock to be released
[2025-09-12T16:51:52.318+0000] {virtualenv.py:178} INFO - Checking for running process with PID 3295
[2025-09-12T16:51:52.319+0000] {virtualenv.py:181} INFO - Process 3295 running: True and has the lock /tmp/cosmos_venv_ecom/cosmos_virtualenv.lock.
[2025-09-12T16:51:52.320+0000] {virtualenv.py:122} INFO - Waiting for virtualenv lock to be released
[2025-09-12T16:51:53.321+0000] {virtualenv.py:178} INFO - Checking for running process with PID 3295
[2025-09-12T16:51:53.322+0000] {virtualenv.py:181} INFO - Process 3295 running: True and has the lock /tmp/cosmos_venv_ecom/cosmos_virtualenv.lock.
[2025-09-12T16:51:53.323+0000] {virtualenv.py:122} INFO - Waiting for virtualenv lock to be released
[2025-09-12T16:51:54.324+0000] {virtualenv.py:178} INFO - Checking for running process with PID 3295
[2025-09-12T16:51:54.325+0000] {virtualenv.py:181} INFO - Process 3295 running: True and has the lock /tmp/cosmos_venv_ecom/cosmos_virtualenv.lock.
[2025-09-12T16:51:54.326+0000] {virtualenv.py:122} INFO - Waiting for virtualenv lock to be released
[2025-09-12T16:51:55.327+0000] {virtualenv.py:178} INFO - Checking for running process with PID 3295
[2025-09-12T16:51:55.328+0000] {virtualenv.py:181} INFO - Process 3295 running: True and has the lock /tmp/cosmos_venv_ecom/cosmos_virtualenv.lock.
[2025-09-12T16:51:55.328+0000] {virtualenv.py:122} INFO - Waiting for virtualenv lock to be released
[2025-09-12T16:51:56.329+0000] {virtualenv.py:178} INFO - Checking for running process with PID 3310
[2025-09-12T16:51:56.333+0000] {virtualenv.py:181} INFO - Process 3310 running: True and has the lock /tmp/cosmos_venv_ecom/cosmos_virtualenv.lock.
[2025-09-12T16:51:56.333+0000] {virtualenv.py:122} INFO - Waiting for virtualenv lock to be released
[2025-09-12T16:51:57.335+0000] {virtualenv.py:178} INFO - Checking for running process with PID 3310
[2025-09-12T16:51:57.336+0000] {virtualenv.py:181} INFO - Process 3310 running: True and has the lock /tmp/cosmos_venv_ecom/cosmos_virtualenv.lock.
[2025-09-12T16:51:57.336+0000] {virtualenv.py:122} INFO - Waiting for virtualenv lock to be released
[2025-09-12T16:51:58.338+0000] {virtualenv.py:178} INFO - Checking for running process with PID 3310
[2025-09-12T16:51:58.339+0000] {virtualenv.py:181} INFO - Process 3310 running: True and has the lock /tmp/cosmos_venv_ecom/cosmos_virtualenv.lock.
[2025-09-12T16:51:58.340+0000] {virtualenv.py:122} INFO - Waiting for virtualenv lock to be released
[2025-09-12T16:51:59.341+0000] {virtualenv.py:178} INFO - Checking for running process with PID 3310
[2025-09-12T16:51:59.342+0000] {virtualenv.py:181} INFO - Process 3310 running: True and has the lock /tmp/cosmos_venv_ecom/cosmos_virtualenv.lock.
[2025-09-12T16:51:59.342+0000] {virtualenv.py:122} INFO - Waiting for virtualenv lock to be released
[2025-09-12T16:52:00.344+0000] {virtualenv.py:178} INFO - Checking for running process with PID 3310
[2025-09-12T16:52:00.345+0000] {virtualenv.py:181} INFO - Process 3310 running: True and has the lock /tmp/cosmos_venv_ecom/cosmos_virtualenv.lock.
[2025-09-12T16:52:00.346+0000] {virtualenv.py:122} INFO - Waiting for virtualenv lock to be released
[2025-09-12T16:52:01.347+0000] {virtualenv.py:178} INFO - Checking for running process with PID 3310
[2025-09-12T16:52:01.347+0000] {virtualenv.py:181} INFO - Process 3310 running: True and has the lock /tmp/cosmos_venv_ecom/cosmos_virtualenv.lock.
[2025-09-12T16:52:01.349+0000] {virtualenv.py:122} INFO - Waiting for virtualenv lock to be released
[2025-09-12T16:52:02.351+0000] {virtualenv.py:178} INFO - Checking for running process with PID 3310
[2025-09-12T16:52:02.353+0000] {virtualenv.py:181} INFO - Process 3310 running: True and has the lock /tmp/cosmos_venv_ecom/cosmos_virtualenv.lock.
[2025-09-12T16:52:02.353+0000] {virtualenv.py:122} INFO - Waiting for virtualenv lock to be released
[2025-09-12T16:52:03.355+0000] {virtualenv.py:178} INFO - Checking for running process with PID 3310
[2025-09-12T16:52:03.356+0000] {virtualenv.py:181} INFO - Process 3310 running: True and has the lock /tmp/cosmos_venv_ecom/cosmos_virtualenv.lock.
[2025-09-12T16:52:03.357+0000] {virtualenv.py:122} INFO - Waiting for virtualenv lock to be released
[2025-09-12T16:52:04.358+0000] {virtualenv.py:178} INFO - Checking for running process with PID 3310
[2025-09-12T16:52:04.359+0000] {virtualenv.py:181} INFO - Process 3310 running: True and has the lock /tmp/cosmos_venv_ecom/cosmos_virtualenv.lock.
[2025-09-12T16:52:04.360+0000] {virtualenv.py:122} INFO - Waiting for virtualenv lock to be released
[2025-09-12T16:52:05.361+0000] {virtualenv.py:178} INFO - Checking for running process with PID 3310
[2025-09-12T16:52:05.362+0000] {virtualenv.py:181} INFO - Process 3310 running: True and has the lock /tmp/cosmos_venv_ecom/cosmos_virtualenv.lock.
[2025-09-12T16:52:05.363+0000] {virtualenv.py:122} INFO - Waiting for virtualenv lock to be released
[2025-09-12T16:52:06.365+0000] {virtualenv.py:178} INFO - Checking for running process with PID 3310
[2025-09-12T16:52:06.366+0000] {virtualenv.py:181} INFO - Process 3310 running: True and has the lock /tmp/cosmos_venv_ecom/cosmos_virtualenv.lock.
[2025-09-12T16:52:06.366+0000] {virtualenv.py:122} INFO - Waiting for virtualenv lock to be released
[2025-09-12T16:52:07.368+0000] {virtualenv.py:178} INFO - Checking for running process with PID 3310
[2025-09-12T16:52:07.369+0000] {virtualenv.py:181} INFO - Process 3310 running: True and has the lock /tmp/cosmos_venv_ecom/cosmos_virtualenv.lock.
[2025-09-12T16:52:07.369+0000] {virtualenv.py:122} INFO - Waiting for virtualenv lock to be released
[2025-09-12T16:52:08.371+0000] {virtualenv.py:178} INFO - Checking for running process with PID 3310
[2025-09-12T16:52:08.371+0000] {virtualenv.py:181} INFO - Process 3310 running: True and has the lock /tmp/cosmos_venv_ecom/cosmos_virtualenv.lock.
[2025-09-12T16:52:08.372+0000] {virtualenv.py:122} INFO - Waiting for virtualenv lock to be released
[2025-09-12T16:52:09.373+0000] {virtualenv.py:178} INFO - Checking for running process with PID 3310
[2025-09-12T16:52:09.374+0000] {virtualenv.py:181} INFO - Process 3310 running: True and has the lock /tmp/cosmos_venv_ecom/cosmos_virtualenv.lock.
[2025-09-12T16:52:09.374+0000] {virtualenv.py:122} INFO - Waiting for virtualenv lock to be released
[2025-09-12T16:52:10.376+0000] {virtualenv.py:178} INFO - Checking for running process with PID 3298
[2025-09-12T16:52:10.377+0000] {virtualenv.py:181} INFO - Process 3298 running: True and has the lock /tmp/cosmos_venv_ecom/cosmos_virtualenv.lock.
[2025-09-12T16:52:10.377+0000] {virtualenv.py:122} INFO - Waiting for virtualenv lock to be released
[2025-09-12T16:52:11.378+0000] {virtualenv.py:178} INFO - Checking for running process with PID 3298
[2025-09-12T16:52:11.379+0000] {virtualenv.py:181} INFO - Process 3298 running: True and has the lock /tmp/cosmos_venv_ecom/cosmos_virtualenv.lock.
[2025-09-12T16:52:11.379+0000] {virtualenv.py:122} INFO - Waiting for virtualenv lock to be released
[2025-09-12T16:52:12.381+0000] {virtualenv.py:178} INFO - Checking for running process with PID 3298
[2025-09-12T16:52:12.382+0000] {virtualenv.py:181} INFO - Process 3298 running: True and has the lock /tmp/cosmos_venv_ecom/cosmos_virtualenv.lock.
[2025-09-12T16:52:12.383+0000] {virtualenv.py:122} INFO - Waiting for virtualenv lock to be released
[2025-09-12T16:52:13.385+0000] {virtualenv.py:178} INFO - Checking for running process with PID 3298
[2025-09-12T16:52:13.386+0000] {virtualenv.py:181} INFO - Process 3298 running: True and has the lock /tmp/cosmos_venv_ecom/cosmos_virtualenv.lock.
[2025-09-12T16:52:13.386+0000] {virtualenv.py:122} INFO - Waiting for virtualenv lock to be released
[2025-09-12T16:52:14.388+0000] {virtualenv.py:178} INFO - Checking for running process with PID 3298
[2025-09-12T16:52:14.389+0000] {virtualenv.py:181} INFO - Process 3298 running: True and has the lock /tmp/cosmos_venv_ecom/cosmos_virtualenv.lock.
[2025-09-12T16:52:14.389+0000] {virtualenv.py:122} INFO - Waiting for virtualenv lock to be released
[2025-09-12T16:52:15.391+0000] {virtualenv.py:178} INFO - Checking for running process with PID 3298
[2025-09-12T16:52:15.392+0000] {virtualenv.py:181} INFO - Process 3298 running: True and has the lock /tmp/cosmos_venv_ecom/cosmos_virtualenv.lock.
[2025-09-12T16:52:15.392+0000] {virtualenv.py:122} INFO - Waiting for virtualenv lock to be released
[2025-09-12T16:52:16.394+0000] {virtualenv.py:178} INFO - Checking for running process with PID 3298
[2025-09-12T16:52:16.401+0000] {virtualenv.py:181} INFO - Process 3298 running: True and has the lock /tmp/cosmos_venv_ecom/cosmos_virtualenv.lock.
[2025-09-12T16:52:16.403+0000] {virtualenv.py:122} INFO - Waiting for virtualenv lock to be released
[2025-09-12T16:52:17.405+0000] {virtualenv.py:178} INFO - Checking for running process with PID 3298
[2025-09-12T16:52:17.406+0000] {virtualenv.py:181} INFO - Process 3298 running: True and has the lock /tmp/cosmos_venv_ecom/cosmos_virtualenv.lock.
[2025-09-12T16:52:17.406+0000] {virtualenv.py:122} INFO - Waiting for virtualenv lock to be released
[2025-09-12T16:52:18.408+0000] {virtualenv.py:178} INFO - Checking for running process with PID 3298
[2025-09-12T16:52:18.410+0000] {virtualenv.py:181} INFO - Process 3298 running: True and has the lock /tmp/cosmos_venv_ecom/cosmos_virtualenv.lock.
[2025-09-12T16:52:18.411+0000] {virtualenv.py:122} INFO - Waiting for virtualenv lock to be released
[2025-09-12T16:52:19.413+0000] {virtualenv.py:178} INFO - Checking for running process with PID 3298
[2025-09-12T16:52:19.414+0000] {virtualenv.py:181} INFO - Process 3298 running: True and has the lock /tmp/cosmos_venv_ecom/cosmos_virtualenv.lock.
[2025-09-12T16:52:19.414+0000] {virtualenv.py:122} INFO - Waiting for virtualenv lock to be released
[2025-09-12T16:52:20.416+0000] {virtualenv.py:178} INFO - Checking for running process with PID 3298
[2025-09-12T16:52:20.417+0000] {virtualenv.py:181} INFO - Process 3298 running: True and has the lock /tmp/cosmos_venv_ecom/cosmos_virtualenv.lock.
[2025-09-12T16:52:20.418+0000] {virtualenv.py:122} INFO - Waiting for virtualenv lock to be released
[2025-09-12T16:52:21.419+0000] {virtualenv.py:178} INFO - Checking for running process with PID 3298
[2025-09-12T16:52:21.420+0000] {virtualenv.py:181} INFO - Process 3298 running: True and has the lock /tmp/cosmos_venv_ecom/cosmos_virtualenv.lock.
[2025-09-12T16:52:21.420+0000] {virtualenv.py:122} INFO - Waiting for virtualenv lock to be released
[2025-09-12T16:52:22.422+0000] {virtualenv.py:178} INFO - Checking for running process with PID 3298
[2025-09-12T16:52:22.423+0000] {virtualenv.py:181} INFO - Process 3298 running: True and has the lock /tmp/cosmos_venv_ecom/cosmos_virtualenv.lock.
[2025-09-12T16:52:22.424+0000] {virtualenv.py:122} INFO - Waiting for virtualenv lock to be released
[2025-09-12T16:52:23.424+0000] {virtualenv.py:178} INFO - Checking for running process with PID 3298
[2025-09-12T16:52:23.425+0000] {virtualenv.py:181} INFO - Process 3298 running: True and has the lock /tmp/cosmos_venv_ecom/cosmos_virtualenv.lock.
[2025-09-12T16:52:23.425+0000] {virtualenv.py:122} INFO - Waiting for virtualenv lock to be released
[2025-09-12T16:52:24.427+0000] {virtualenv.py:178} INFO - Checking for running process with PID 3298
[2025-09-12T16:52:24.428+0000] {virtualenv.py:181} INFO - Process 3298 running: True and has the lock /tmp/cosmos_venv_ecom/cosmos_virtualenv.lock.
[2025-09-12T16:52:24.428+0000] {virtualenv.py:122} INFO - Waiting for virtualenv lock to be released
[2025-09-12T16:52:25.430+0000] {virtualenv.py:178} INFO - Checking for running process with PID 3297
[2025-09-12T16:52:25.431+0000] {virtualenv.py:181} INFO - Process 3297 running: True and has the lock /tmp/cosmos_venv_ecom/cosmos_virtualenv.lock.
[2025-09-12T16:52:25.431+0000] {virtualenv.py:122} INFO - Waiting for virtualenv lock to be released
[2025-09-12T16:52:26.433+0000] {virtualenv.py:178} INFO - Checking for running process with PID 3297
[2025-09-12T16:52:26.434+0000] {virtualenv.py:181} INFO - Process 3297 running: True and has the lock /tmp/cosmos_venv_ecom/cosmos_virtualenv.lock.
[2025-09-12T16:52:26.434+0000] {virtualenv.py:122} INFO - Waiting for virtualenv lock to be released
[2025-09-12T16:52:27.435+0000] {virtualenv.py:178} INFO - Checking for running process with PID 3297
[2025-09-12T16:52:27.436+0000] {virtualenv.py:181} INFO - Process 3297 running: True and has the lock /tmp/cosmos_venv_ecom/cosmos_virtualenv.lock.
[2025-09-12T16:52:27.437+0000] {virtualenv.py:122} INFO - Waiting for virtualenv lock to be released
[2025-09-12T16:52:28.439+0000] {virtualenv.py:178} INFO - Checking for running process with PID 3297
[2025-09-12T16:52:28.439+0000] {virtualenv.py:181} INFO - Process 3297 running: True and has the lock /tmp/cosmos_venv_ecom/cosmos_virtualenv.lock.
[2025-09-12T16:52:28.440+0000] {virtualenv.py:122} INFO - Waiting for virtualenv lock to be released
[2025-09-12T16:52:29.442+0000] {virtualenv.py:178} INFO - Checking for running process with PID 3297
[2025-09-12T16:52:29.442+0000] {virtualenv.py:181} INFO - Process 3297 running: True and has the lock /tmp/cosmos_venv_ecom/cosmos_virtualenv.lock.
[2025-09-12T16:52:29.443+0000] {virtualenv.py:122} INFO - Waiting for virtualenv lock to be released
[2025-09-12T16:52:30.444+0000] {virtualenv.py:178} INFO - Checking for running process with PID 3297
[2025-09-12T16:52:30.445+0000] {virtualenv.py:181} INFO - Process 3297 running: True and has the lock /tmp/cosmos_venv_ecom/cosmos_virtualenv.lock.
[2025-09-12T16:52:30.445+0000] {virtualenv.py:122} INFO - Waiting for virtualenv lock to be released
[2025-09-12T16:52:31.446+0000] {virtualenv.py:178} INFO - Checking for running process with PID 3297
[2025-09-12T16:52:31.447+0000] {virtualenv.py:181} INFO - Process 3297 running: True and has the lock /tmp/cosmos_venv_ecom/cosmos_virtualenv.lock.
[2025-09-12T16:52:31.448+0000] {virtualenv.py:122} INFO - Waiting for virtualenv lock to be released
[2025-09-12T16:52:32.450+0000] {virtualenv.py:178} INFO - Checking for running process with PID 3297
[2025-09-12T16:52:32.452+0000] {virtualenv.py:181} INFO - Process 3297 running: True and has the lock /tmp/cosmos_venv_ecom/cosmos_virtualenv.lock.
[2025-09-12T16:52:32.453+0000] {virtualenv.py:122} INFO - Waiting for virtualenv lock to be released
[2025-09-12T16:52:33.455+0000] {virtualenv.py:178} INFO - Checking for running process with PID 3297
[2025-09-12T16:52:33.457+0000] {virtualenv.py:181} INFO - Process 3297 running: True and has the lock /tmp/cosmos_venv_ecom/cosmos_virtualenv.lock.
[2025-09-12T16:52:33.457+0000] {virtualenv.py:122} INFO - Waiting for virtualenv lock to be released
[2025-09-12T16:52:34.459+0000] {virtualenv.py:178} INFO - Checking for running process with PID 3297
[2025-09-12T16:52:34.460+0000] {virtualenv.py:181} INFO - Process 3297 running: True and has the lock /tmp/cosmos_venv_ecom/cosmos_virtualenv.lock.
[2025-09-12T16:52:34.461+0000] {virtualenv.py:122} INFO - Waiting for virtualenv lock to be released
[2025-09-12T16:52:35.462+0000] {virtualenv.py:178} INFO - Checking for running process with PID 3297
[2025-09-12T16:52:35.463+0000] {virtualenv.py:181} INFO - Process 3297 running: True and has the lock /tmp/cosmos_venv_ecom/cosmos_virtualenv.lock.
[2025-09-12T16:52:35.464+0000] {virtualenv.py:122} INFO - Waiting for virtualenv lock to be released
[2025-09-12T16:52:36.465+0000] {virtualenv.py:178} INFO - Checking for running process with PID 3297
[2025-09-12T16:52:36.466+0000] {virtualenv.py:181} INFO - Process 3297 running: True and has the lock /tmp/cosmos_venv_ecom/cosmos_virtualenv.lock.
[2025-09-12T16:52:36.466+0000] {virtualenv.py:122} INFO - Waiting for virtualenv lock to be released
[2025-09-12T16:52:37.468+0000] {virtualenv.py:178} INFO - Checking for running process with PID 3297
[2025-09-12T16:52:37.469+0000] {virtualenv.py:181} INFO - Process 3297 running: True and has the lock /tmp/cosmos_venv_ecom/cosmos_virtualenv.lock.
[2025-09-12T16:52:37.469+0000] {virtualenv.py:122} INFO - Waiting for virtualenv lock to be released
[2025-09-12T16:52:38.472+0000] {virtualenv.py:178} INFO - Checking for running process with PID 3297
[2025-09-12T16:52:38.473+0000] {virtualenv.py:181} INFO - Process 3297 running: True and has the lock /tmp/cosmos_venv_ecom/cosmos_virtualenv.lock.
[2025-09-12T16:52:38.475+0000] {virtualenv.py:122} INFO - Waiting for virtualenv lock to be released
[2025-09-12T16:52:39.477+0000] {virtualenv.py:178} INFO - Checking for running process with PID 3307
[2025-09-12T16:52:39.478+0000] {virtualenv.py:181} INFO - Process 3307 running: True and has the lock /tmp/cosmos_venv_ecom/cosmos_virtualenv.lock.
[2025-09-12T16:52:39.479+0000] {virtualenv.py:122} INFO - Waiting for virtualenv lock to be released
[2025-09-12T16:52:40.479+0000] {virtualenv.py:178} INFO - Checking for running process with PID 3307
[2025-09-12T16:52:40.483+0000] {virtualenv.py:181} INFO - Process 3307 running: True and has the lock /tmp/cosmos_venv_ecom/cosmos_virtualenv.lock.
[2025-09-12T16:52:40.484+0000] {virtualenv.py:122} INFO - Waiting for virtualenv lock to be released
[2025-09-12T16:52:41.486+0000] {virtualenv.py:178} INFO - Checking for running process with PID 3307
[2025-09-12T16:52:41.487+0000] {virtualenv.py:181} INFO - Process 3307 running: True and has the lock /tmp/cosmos_venv_ecom/cosmos_virtualenv.lock.
[2025-09-12T16:52:41.487+0000] {virtualenv.py:122} INFO - Waiting for virtualenv lock to be released
[2025-09-12T16:52:42.489+0000] {virtualenv.py:178} INFO - Checking for running process with PID 3307
[2025-09-12T16:52:42.490+0000] {virtualenv.py:181} INFO - Process 3307 running: True and has the lock /tmp/cosmos_venv_ecom/cosmos_virtualenv.lock.
[2025-09-12T16:52:42.491+0000] {virtualenv.py:122} INFO - Waiting for virtualenv lock to be released
[2025-09-12T16:52:43.492+0000] {virtualenv.py:178} INFO - Checking for running process with PID 3307
[2025-09-12T16:52:43.492+0000] {virtualenv.py:181} INFO - Process 3307 running: True and has the lock /tmp/cosmos_venv_ecom/cosmos_virtualenv.lock.
[2025-09-12T16:52:43.493+0000] {virtualenv.py:122} INFO - Waiting for virtualenv lock to be released
[2025-09-12T16:52:44.494+0000] {virtualenv.py:178} INFO - Checking for running process with PID 3307
[2025-09-12T16:52:44.495+0000] {virtualenv.py:181} INFO - Process 3307 running: True and has the lock /tmp/cosmos_venv_ecom/cosmos_virtualenv.lock.
[2025-09-12T16:52:44.496+0000] {virtualenv.py:122} INFO - Waiting for virtualenv lock to be released
[2025-09-12T16:52:45.497+0000] {virtualenv.py:178} INFO - Checking for running process with PID 3307
[2025-09-12T16:52:45.498+0000] {virtualenv.py:181} INFO - Process 3307 running: True and has the lock /tmp/cosmos_venv_ecom/cosmos_virtualenv.lock.
[2025-09-12T16:52:45.499+0000] {virtualenv.py:122} INFO - Waiting for virtualenv lock to be released
[2025-09-12T16:52:46.500+0000] {virtualenv.py:178} INFO - Checking for running process with PID 3307
[2025-09-12T16:52:46.501+0000] {virtualenv.py:181} INFO - Process 3307 running: True and has the lock /tmp/cosmos_venv_ecom/cosmos_virtualenv.lock.
[2025-09-12T16:52:46.502+0000] {virtualenv.py:122} INFO - Waiting for virtualenv lock to be released
[2025-09-12T16:52:47.504+0000] {virtualenv.py:178} INFO - Checking for running process with PID 3307
[2025-09-12T16:52:47.505+0000] {virtualenv.py:181} INFO - Process 3307 running: True and has the lock /tmp/cosmos_venv_ecom/cosmos_virtualenv.lock.
[2025-09-12T16:52:47.506+0000] {virtualenv.py:122} INFO - Waiting for virtualenv lock to be released
[2025-09-12T16:52:48.507+0000] {virtualenv.py:178} INFO - Checking for running process with PID 3307
[2025-09-12T16:52:48.508+0000] {virtualenv.py:181} INFO - Process 3307 running: True and has the lock /tmp/cosmos_venv_ecom/cosmos_virtualenv.lock.
[2025-09-12T16:52:48.509+0000] {virtualenv.py:122} INFO - Waiting for virtualenv lock to be released
[2025-09-12T16:52:49.511+0000] {virtualenv.py:178} INFO - Checking for running process with PID 3307
[2025-09-12T16:52:49.512+0000] {virtualenv.py:181} INFO - Process 3307 running: True and has the lock /tmp/cosmos_venv_ecom/cosmos_virtualenv.lock.
[2025-09-12T16:52:49.512+0000] {virtualenv.py:122} INFO - Waiting for virtualenv lock to be released
[2025-09-12T16:52:50.514+0000] {virtualenv.py:178} INFO - Checking for running process with PID 3307
[2025-09-12T16:52:50.515+0000] {virtualenv.py:181} INFO - Process 3307 running: True and has the lock /tmp/cosmos_venv_ecom/cosmos_virtualenv.lock.
[2025-09-12T16:52:50.515+0000] {virtualenv.py:122} INFO - Waiting for virtualenv lock to be released
[2025-09-12T16:52:51.517+0000] {virtualenv.py:178} INFO - Checking for running process with PID 3307
[2025-09-12T16:52:51.518+0000] {virtualenv.py:181} INFO - Process 3307 running: True and has the lock /tmp/cosmos_venv_ecom/cosmos_virtualenv.lock.
[2025-09-12T16:52:51.519+0000] {virtualenv.py:122} INFO - Waiting for virtualenv lock to be released
[2025-09-12T16:52:52.520+0000] {virtualenv.py:178} INFO - Checking for running process with PID 3307
[2025-09-12T16:52:52.521+0000] {virtualenv.py:181} INFO - Process 3307 running: True and has the lock /tmp/cosmos_venv_ecom/cosmos_virtualenv.lock.
[2025-09-12T16:52:52.522+0000] {virtualenv.py:122} INFO - Waiting for virtualenv lock to be released
[2025-09-12T16:52:53.522+0000] {virtualenv.py:178} INFO - Checking for running process with PID 3307
[2025-09-12T16:52:53.523+0000] {virtualenv.py:181} INFO - Process 3307 running: True and has the lock /tmp/cosmos_venv_ecom/cosmos_virtualenv.lock.
[2025-09-12T16:52:53.524+0000] {virtualenv.py:122} INFO - Waiting for virtualenv lock to be released
[2025-09-12T16:52:54.526+0000] {virtualenv.py:178} INFO - Checking for running process with PID 3308
[2025-09-12T16:52:54.526+0000] {virtualenv.py:181} INFO - Process 3308 running: True and has the lock /tmp/cosmos_venv_ecom/cosmos_virtualenv.lock.
[2025-09-12T16:52:54.527+0000] {virtualenv.py:122} INFO - Waiting for virtualenv lock to be released
[2025-09-12T16:52:55.529+0000] {virtualenv.py:178} INFO - Checking for running process with PID 3308
[2025-09-12T16:52:55.529+0000] {virtualenv.py:181} INFO - Process 3308 running: True and has the lock /tmp/cosmos_venv_ecom/cosmos_virtualenv.lock.
[2025-09-12T16:52:55.530+0000] {virtualenv.py:122} INFO - Waiting for virtualenv lock to be released
[2025-09-12T16:52:56.532+0000] {virtualenv.py:178} INFO - Checking for running process with PID 3308
[2025-09-12T16:52:56.533+0000] {virtualenv.py:181} INFO - Process 3308 running: True and has the lock /tmp/cosmos_venv_ecom/cosmos_virtualenv.lock.
[2025-09-12T16:52:56.533+0000] {virtualenv.py:122} INFO - Waiting for virtualenv lock to be released
[2025-09-12T16:52:57.534+0000] {virtualenv.py:178} INFO - Checking for running process with PID 3308
[2025-09-12T16:52:57.535+0000] {virtualenv.py:181} INFO - Process 3308 running: True and has the lock /tmp/cosmos_venv_ecom/cosmos_virtualenv.lock.
[2025-09-12T16:52:57.536+0000] {virtualenv.py:122} INFO - Waiting for virtualenv lock to be released
[2025-09-12T16:52:58.538+0000] {virtualenv.py:178} INFO - Checking for running process with PID 3308
[2025-09-12T16:52:58.539+0000] {virtualenv.py:181} INFO - Process 3308 running: True and has the lock /tmp/cosmos_venv_ecom/cosmos_virtualenv.lock.
[2025-09-12T16:52:58.539+0000] {virtualenv.py:122} INFO - Waiting for virtualenv lock to be released
[2025-09-12T16:52:59.541+0000] {virtualenv.py:178} INFO - Checking for running process with PID 3308
[2025-09-12T16:52:59.543+0000] {virtualenv.py:181} INFO - Process 3308 running: True and has the lock /tmp/cosmos_venv_ecom/cosmos_virtualenv.lock.
[2025-09-12T16:52:59.544+0000] {virtualenv.py:122} INFO - Waiting for virtualenv lock to be released
[2025-09-12T16:53:00.546+0000] {virtualenv.py:178} INFO - Checking for running process with PID 3308
[2025-09-12T16:53:00.547+0000] {virtualenv.py:181} INFO - Process 3308 running: True and has the lock /tmp/cosmos_venv_ecom/cosmos_virtualenv.lock.
[2025-09-12T16:53:00.548+0000] {virtualenv.py:122} INFO - Waiting for virtualenv lock to be released
[2025-09-12T16:53:01.548+0000] {virtualenv.py:178} INFO - Checking for running process with PID 3308
[2025-09-12T16:53:01.549+0000] {virtualenv.py:181} INFO - Process 3308 running: True and has the lock /tmp/cosmos_venv_ecom/cosmos_virtualenv.lock.
[2025-09-12T16:53:01.550+0000] {virtualenv.py:122} INFO - Waiting for virtualenv lock to be released
[2025-09-12T16:53:02.552+0000] {virtualenv.py:178} INFO - Checking for running process with PID 3308
[2025-09-12T16:53:02.553+0000] {virtualenv.py:181} INFO - Process 3308 running: True and has the lock /tmp/cosmos_venv_ecom/cosmos_virtualenv.lock.
[2025-09-12T16:53:02.554+0000] {virtualenv.py:122} INFO - Waiting for virtualenv lock to be released
[2025-09-12T16:53:03.556+0000] {virtualenv.py:178} INFO - Checking for running process with PID 3308
[2025-09-12T16:53:03.557+0000] {virtualenv.py:181} INFO - Process 3308 running: True and has the lock /tmp/cosmos_venv_ecom/cosmos_virtualenv.lock.
[2025-09-12T16:53:03.558+0000] {virtualenv.py:122} INFO - Waiting for virtualenv lock to be released
[2025-09-12T16:53:04.560+0000] {virtualenv.py:178} INFO - Checking for running process with PID 3308
[2025-09-12T16:53:04.561+0000] {virtualenv.py:181} INFO - Process 3308 running: True and has the lock /tmp/cosmos_venv_ecom/cosmos_virtualenv.lock.
[2025-09-12T16:53:04.561+0000] {virtualenv.py:122} INFO - Waiting for virtualenv lock to be released
[2025-09-12T16:53:05.563+0000] {virtualenv.py:178} INFO - Checking for running process with PID 3308
[2025-09-12T16:53:05.564+0000] {virtualenv.py:181} INFO - Process 3308 running: True and has the lock /tmp/cosmos_venv_ecom/cosmos_virtualenv.lock.
[2025-09-12T16:53:05.565+0000] {virtualenv.py:122} INFO - Waiting for virtualenv lock to be released
[2025-09-12T16:53:06.567+0000] {virtualenv.py:178} INFO - Checking for running process with PID 3308
[2025-09-12T16:53:06.567+0000] {virtualenv.py:181} INFO - Process 3308 running: True and has the lock /tmp/cosmos_venv_ecom/cosmos_virtualenv.lock.
[2025-09-12T16:53:06.568+0000] {virtualenv.py:122} INFO - Waiting for virtualenv lock to be released
[2025-09-12T16:53:07.574+0000] {virtualenv.py:178} INFO - Checking for running process with PID 3303
[2025-09-12T16:53:07.590+0000] {virtualenv.py:181} INFO - Process 3303 running: True and has the lock /tmp/cosmos_venv_ecom/cosmos_virtualenv.lock.
[2025-09-12T16:53:07.591+0000] {virtualenv.py:122} INFO - Waiting for virtualenv lock to be released
[2025-09-12T16:53:08.593+0000] {virtualenv.py:178} INFO - Checking for running process with PID 3303
[2025-09-12T16:53:08.594+0000] {virtualenv.py:181} INFO - Process 3303 running: True and has the lock /tmp/cosmos_venv_ecom/cosmos_virtualenv.lock.
[2025-09-12T16:53:08.595+0000] {virtualenv.py:126} INFO - Acquiring the virtualenv lock
[2025-09-12T16:53:08.596+0000] {virtualenv.py:195} INFO - Acquiring lock at /tmp/cosmos_venv_ecom/cosmos_virtualenv.lock with pid 3311
[2025-09-12T16:53:08.596+0000] {virtualenv.py:153} INFO - Creating or updating the virtualenv at `/tmp/cosmos_venv_ecom
[2025-09-12T16:53:08.596+0000] {process_utils.py:183} INFO - Executing cmd: /home/***/.local/bin/python -m virtualenv /tmp/cosmos_venv_ecom --python=python3
[2025-09-12T16:53:08.598+0000] {process_utils.py:187} INFO - Output:
[2025-09-12T16:53:10.528+0000] {process_utils.py:191} INFO - created virtual environment CPython3.10.14.final.0-64 in 516ms
[2025-09-12T16:53:10.529+0000] {process_utils.py:191} INFO -   creator CPython3Posix(dest=/tmp/cosmos_venv_ecom, clear=False, no_vcs_ignore=False, global=False)
[2025-09-12T16:53:10.529+0000] {process_utils.py:191} INFO -   seeder FromAppData(download=False, pip=bundle, setuptools=bundle, wheel=bundle, via=copy, app_data_dir=/home/***/.local/share/virtualenv)
[2025-09-12T16:53:10.531+0000] {process_utils.py:191} INFO -     added seed packages: MarkupSafe==3.0.2, PyYAML==6.0.2, agate==1.9.1, annotated_types==0.7.0, attrs==25.3.0, babel==2.17.0, certifi==2025.8.3, charset_normalizer==3.4.3, click==8.2.1, clickhouse_connect==0.8.18, clickhouse_driver==0.2.9, colorama==0.4.6, daff==1.4.2, dbt_adapters==1.16.7, dbt_clickhouse==1.9.3, dbt_common==1.30.0, dbt_core==1.10.11, dbt_extractor==0.6.0, dbt_protos==1.0.375, dbt_semantic_interfaces==0.9.0, deepdiff==8.6.1, idna==3.10, importlib_metadata==8.7.0, isodate==0.6.1, jinja2==3.1.6, jsonschema==4.25.1, jsonschema_specifications==2025.9.1, leather==0.4.0, lz4==4.4.4, mashumaro==3.14, more_itertools==10.8.0, msgpack==1.1.1, networkx==3.4.2, orderly_set==5.5.0, packaging==25.0, parsedatetime==2.6, pathspec==0.12.1, pip==24.1, protobuf==6.32.1, pydantic==2.11.7, pydantic_core==2.33.2, python_dateutil==2.9.0.post0, python_slugify==8.0.4, pytimeparse==1.1.8, pytz==2025.2, referencing==0.36.2, requests==2.32.5, rpds_py==0.27.1, setuptools==70.1.0, six==1.17.0, snowplow_tracker==1.1.0, sqlparse==0.5.3, text_unidecode==1.3, typing_extensions==4.15.0, typing_inspection==0.4.1, tzlocal==5.3.1, urllib3==2.5.0, wheel==0.43.0, zipp==3.23.0, zstandard==0.24.0
[2025-09-12T16:53:10.531+0000] {process_utils.py:191} INFO -   activators BashActivator,CShellActivator,FishActivator,NushellActivator,PowerShellActivator,PythonActivator
[2025-09-12T16:53:10.612+0000] {process_utils.py:183} INFO - Executing cmd: /tmp/cosmos_venv_ecom/bin/pip install dbt-clickhouse
[2025-09-12T16:53:10.613+0000] {process_utils.py:187} INFO - Output:
[2025-09-12T16:53:11.866+0000] {process_utils.py:191} INFO - Requirement already satisfied: dbt-clickhouse in /tmp/cosmos_venv_ecom/lib/python3.10/site-packages (1.9.3)
[2025-09-12T16:53:11.870+0000] {process_utils.py:191} INFO - Requirement already satisfied: dbt-core>=1.9 in /tmp/cosmos_venv_ecom/lib/python3.10/site-packages (from dbt-clickhouse) (1.10.11)
[2025-09-12T16:53:11.871+0000] {process_utils.py:191} INFO - Requirement already satisfied: clickhouse-connect>=0.6.22 in /tmp/cosmos_venv_ecom/lib/python3.10/site-packages (from dbt-clickhouse) (0.8.18)
[2025-09-12T16:53:11.872+0000] {process_utils.py:191} INFO - Requirement already satisfied: clickhouse-driver>=0.2.6 in /tmp/cosmos_venv_ecom/lib/python3.10/site-packages (from dbt-clickhouse) (0.2.9)
[2025-09-12T16:53:11.872+0000] {process_utils.py:191} INFO - Requirement already satisfied: setuptools>=0.69 in /tmp/cosmos_venv_ecom/lib/python3.10/site-packages (from dbt-clickhouse) (70.1.0)
[2025-09-12T16:53:11.873+0000] {process_utils.py:191} INFO - Requirement already satisfied: certifi in /tmp/cosmos_venv_ecom/lib/python3.10/site-packages (from clickhouse-connect>=0.6.22->dbt-clickhouse) (2025.8.3)
[2025-09-12T16:53:11.874+0000] {process_utils.py:191} INFO - Requirement already satisfied: urllib3>=1.26 in /tmp/cosmos_venv_ecom/lib/python3.10/site-packages (from clickhouse-connect>=0.6.22->dbt-clickhouse) (2.5.0)
[2025-09-12T16:53:11.874+0000] {process_utils.py:191} INFO - Requirement already satisfied: pytz in /tmp/cosmos_venv_ecom/lib/python3.10/site-packages (from clickhouse-connect>=0.6.22->dbt-clickhouse) (2025.2)
[2025-09-12T16:53:11.875+0000] {process_utils.py:191} INFO - Requirement already satisfied: zstandard in /tmp/cosmos_venv_ecom/lib/python3.10/site-packages (from clickhouse-connect>=0.6.22->dbt-clickhouse) (0.24.0)
[2025-09-12T16:53:11.875+0000] {process_utils.py:191} INFO - Requirement already satisfied: lz4 in /tmp/cosmos_venv_ecom/lib/python3.10/site-packages (from clickhouse-connect>=0.6.22->dbt-clickhouse) (4.4.4)
[2025-09-12T16:53:11.877+0000] {process_utils.py:191} INFO - Requirement already satisfied: tzlocal in /tmp/cosmos_venv_ecom/lib/python3.10/site-packages (from clickhouse-driver>=0.2.6->dbt-clickhouse) (5.3.1)
[2025-09-12T16:53:11.882+0000] {process_utils.py:191} INFO - Requirement already satisfied: agate<1.10,>=1.7.0 in /tmp/cosmos_venv_ecom/lib/python3.10/site-packages (from dbt-core>=1.9->dbt-clickhouse) (1.9.1)
[2025-09-12T16:53:11.883+0000] {process_utils.py:191} INFO - Requirement already satisfied: Jinja2<4,>=3.1.3 in /tmp/cosmos_venv_ecom/lib/python3.10/site-packages (from dbt-core>=1.9->dbt-clickhouse) (3.1.6)
[2025-09-12T16:53:11.883+0000] {process_utils.py:191} INFO - Requirement already satisfied: mashumaro<3.15,>=3.9 in /tmp/cosmos_venv_ecom/lib/python3.10/site-packages (from mashumaro[msgpack]<3.15,>=3.9->dbt-core>=1.9->dbt-clickhouse) (3.14)
[2025-09-12T16:53:11.884+0000] {process_utils.py:191} INFO - Requirement already satisfied: click<9.0,>=8.0.2 in /tmp/cosmos_venv_ecom/lib/python3.10/site-packages (from dbt-core>=1.9->dbt-clickhouse) (8.2.1)
[2025-09-12T16:53:11.885+0000] {process_utils.py:191} INFO - Requirement already satisfied: jsonschema<5.0,>=4.19.1 in /tmp/cosmos_venv_ecom/lib/python3.10/site-packages (from dbt-core>=1.9->dbt-clickhouse) (4.25.1)
[2025-09-12T16:53:11.885+0000] {process_utils.py:191} INFO - Requirement already satisfied: networkx<4.0,>=2.3 in /tmp/cosmos_venv_ecom/lib/python3.10/site-packages (from dbt-core>=1.9->dbt-clickhouse) (3.4.2)
[2025-09-12T16:53:11.886+0000] {process_utils.py:191} INFO - Requirement already satisfied: protobuf<7.0,>=6.0 in /tmp/cosmos_venv_ecom/lib/python3.10/site-packages (from dbt-core>=1.9->dbt-clickhouse) (6.32.1)
[2025-09-12T16:53:11.887+0000] {process_utils.py:191} INFO - Requirement already satisfied: requests<3.0.0 in /tmp/cosmos_venv_ecom/lib/python3.10/site-packages (from dbt-core>=1.9->dbt-clickhouse) (2.32.5)
[2025-09-12T16:53:11.887+0000] {process_utils.py:191} INFO - Requirement already satisfied: snowplow-tracker<2.0,>=1.0.2 in /tmp/cosmos_venv_ecom/lib/python3.10/site-packages (from dbt-core>=1.9->dbt-clickhouse) (1.1.0)
[2025-09-12T16:53:11.888+0000] {process_utils.py:191} INFO - Requirement already satisfied: pathspec<0.13,>=0.9 in /tmp/cosmos_venv_ecom/lib/python3.10/site-packages (from dbt-core>=1.9->dbt-clickhouse) (0.12.1)
[2025-09-12T16:53:11.888+0000] {process_utils.py:191} INFO - Requirement already satisfied: sqlparse<0.6.0,>=0.5.0 in /tmp/cosmos_venv_ecom/lib/python3.10/site-packages (from dbt-core>=1.9->dbt-clickhouse) (0.5.3)
[2025-09-12T16:53:11.889+0000] {process_utils.py:191} INFO - Requirement already satisfied: dbt-extractor<=0.6,>=0.5.0 in /tmp/cosmos_venv_ecom/lib/python3.10/site-packages (from dbt-core>=1.9->dbt-clickhouse) (0.6.0)
[2025-09-12T16:53:11.889+0000] {process_utils.py:191} INFO - Requirement already satisfied: dbt-semantic-interfaces<0.10,>=0.9.0 in /tmp/cosmos_venv_ecom/lib/python3.10/site-packages (from dbt-core>=1.9->dbt-clickhouse) (0.9.0)
[2025-09-12T16:53:11.890+0000] {process_utils.py:191} INFO - Requirement already satisfied: dbt-common<2.0,>=1.27.0 in /tmp/cosmos_venv_ecom/lib/python3.10/site-packages (from dbt-core>=1.9->dbt-clickhouse) (1.30.0)
[2025-09-12T16:53:11.890+0000] {process_utils.py:191} INFO - Requirement already satisfied: dbt-adapters<2.0,>=1.15.5 in /tmp/cosmos_venv_ecom/lib/python3.10/site-packages (from dbt-core>=1.9->dbt-clickhouse) (1.16.7)
[2025-09-12T16:53:11.891+0000] {process_utils.py:191} INFO - Requirement already satisfied: dbt-protos<2.0,>=1.0.346 in /tmp/cosmos_venv_ecom/lib/python3.10/site-packages (from dbt-core>=1.9->dbt-clickhouse) (1.0.375)
[2025-09-12T16:53:11.891+0000] {process_utils.py:191} INFO - Requirement already satisfied: pydantic<3 in /tmp/cosmos_venv_ecom/lib/python3.10/site-packages (from dbt-core>=1.9->dbt-clickhouse) (2.11.7)
[2025-09-12T16:53:11.891+0000] {process_utils.py:191} INFO - Requirement already satisfied: packaging>20.9 in /tmp/cosmos_venv_ecom/lib/python3.10/site-packages (from dbt-core>=1.9->dbt-clickhouse) (25.0)
[2025-09-12T16:53:11.892+0000] {process_utils.py:191} INFO - Requirement already satisfied: pyyaml>=6.0 in /tmp/cosmos_venv_ecom/lib/python3.10/site-packages (from dbt-core>=1.9->dbt-clickhouse) (6.0.2)
[2025-09-12T16:53:11.893+0000] {process_utils.py:191} INFO - Requirement already satisfied: daff>=1.3.46 in /tmp/cosmos_venv_ecom/lib/python3.10/site-packages (from dbt-core>=1.9->dbt-clickhouse) (1.4.2)
[2025-09-12T16:53:11.893+0000] {process_utils.py:191} INFO - Requirement already satisfied: typing-extensions>=4.4 in /tmp/cosmos_venv_ecom/lib/python3.10/site-packages (from dbt-core>=1.9->dbt-clickhouse) (4.15.0)
[2025-09-12T16:53:11.902+0000] {process_utils.py:191} INFO - Requirement already satisfied: Babel>=2.0 in /tmp/cosmos_venv_ecom/lib/python3.10/site-packages (from agate<1.10,>=1.7.0->dbt-core>=1.9->dbt-clickhouse) (2.17.0)
[2025-09-12T16:53:11.903+0000] {process_utils.py:191} INFO - Requirement already satisfied: isodate>=0.5.4 in /tmp/cosmos_venv_ecom/lib/python3.10/site-packages (from agate<1.10,>=1.7.0->dbt-core>=1.9->dbt-clickhouse) (0.6.1)
[2025-09-12T16:53:11.903+0000] {process_utils.py:191} INFO - Requirement already satisfied: leather>=0.3.2 in /tmp/cosmos_venv_ecom/lib/python3.10/site-packages (from agate<1.10,>=1.7.0->dbt-core>=1.9->dbt-clickhouse) (0.4.0)
[2025-09-12T16:53:11.904+0000] {process_utils.py:191} INFO - Requirement already satisfied: parsedatetime!=2.5,>=2.1 in /tmp/cosmos_venv_ecom/lib/python3.10/site-packages (from agate<1.10,>=1.7.0->dbt-core>=1.9->dbt-clickhouse) (2.6)
[2025-09-12T16:53:11.904+0000] {process_utils.py:191} INFO - Requirement already satisfied: python-slugify>=1.2.1 in /tmp/cosmos_venv_ecom/lib/python3.10/site-packages (from agate<1.10,>=1.7.0->dbt-core>=1.9->dbt-clickhouse) (8.0.4)
[2025-09-12T16:53:11.904+0000] {process_utils.py:191} INFO - Requirement already satisfied: pytimeparse>=1.1.5 in /tmp/cosmos_venv_ecom/lib/python3.10/site-packages (from agate<1.10,>=1.7.0->dbt-core>=1.9->dbt-clickhouse) (1.1.8)
[2025-09-12T16:53:11.914+0000] {process_utils.py:191} INFO - Requirement already satisfied: colorama<0.5,>=0.3.9 in /tmp/cosmos_venv_ecom/lib/python3.10/site-packages (from dbt-common<2.0,>=1.27.0->dbt-core>=1.9->dbt-clickhouse) (0.4.6)
[2025-09-12T16:53:11.915+0000] {process_utils.py:191} INFO - Requirement already satisfied: deepdiff<9.0,>=7.0 in /tmp/cosmos_venv_ecom/lib/python3.10/site-packages (from dbt-common<2.0,>=1.27.0->dbt-core>=1.9->dbt-clickhouse) (8.6.1)
[2025-09-12T16:53:11.916+0000] {process_utils.py:191} INFO - Requirement already satisfied: python-dateutil<3.0,>=2.0 in /tmp/cosmos_venv_ecom/lib/python3.10/site-packages (from dbt-common<2.0,>=1.27.0->dbt-core>=1.9->dbt-clickhouse) (2.9.0.post0)
[2025-09-12T16:53:11.921+0000] {process_utils.py:191} INFO - Requirement already satisfied: importlib-metadata<9,>=6.0 in /tmp/cosmos_venv_ecom/lib/python3.10/site-packages (from dbt-semantic-interfaces<0.10,>=0.9.0->dbt-core>=1.9->dbt-clickhouse) (8.7.0)
[2025-09-12T16:53:11.922+0000] {process_utils.py:191} INFO - Requirement already satisfied: more-itertools<11.0,>=8.0 in /tmp/cosmos_venv_ecom/lib/python3.10/site-packages (from dbt-semantic-interfaces<0.10,>=0.9.0->dbt-core>=1.9->dbt-clickhouse) (10.8.0)
[2025-09-12T16:53:11.924+0000] {process_utils.py:191} INFO - Requirement already satisfied: MarkupSafe>=2.0 in /tmp/cosmos_venv_ecom/lib/python3.10/site-packages (from Jinja2<4,>=3.1.3->dbt-core>=1.9->dbt-clickhouse) (3.0.2)
[2025-09-12T16:53:11.928+0000] {process_utils.py:191} INFO - Requirement already satisfied: attrs>=22.2.0 in /tmp/cosmos_venv_ecom/lib/python3.10/site-packages (from jsonschema<5.0,>=4.19.1->dbt-core>=1.9->dbt-clickhouse) (25.3.0)
[2025-09-12T16:53:11.929+0000] {process_utils.py:191} INFO - Requirement already satisfied: jsonschema-specifications>=2023.03.6 in /tmp/cosmos_venv_ecom/lib/python3.10/site-packages (from jsonschema<5.0,>=4.19.1->dbt-core>=1.9->dbt-clickhouse) (2025.9.1)
[2025-09-12T16:53:11.930+0000] {process_utils.py:191} INFO - Requirement already satisfied: referencing>=0.28.4 in /tmp/cosmos_venv_ecom/lib/python3.10/site-packages (from jsonschema<5.0,>=4.19.1->dbt-core>=1.9->dbt-clickhouse) (0.36.2)
[2025-09-12T16:53:11.930+0000] {process_utils.py:191} INFO - Requirement already satisfied: rpds-py>=0.7.1 in /tmp/cosmos_venv_ecom/lib/python3.10/site-packages (from jsonschema<5.0,>=4.19.1->dbt-core>=1.9->dbt-clickhouse) (0.27.1)
[2025-09-12T16:53:11.936+0000] {process_utils.py:191} INFO - Requirement already satisfied: msgpack>=0.5.6 in /tmp/cosmos_venv_ecom/lib/python3.10/site-packages (from mashumaro[msgpack]<3.15,>=3.9->dbt-core>=1.9->dbt-clickhouse) (1.1.1)
[2025-09-12T16:53:11.947+0000] {process_utils.py:191} INFO - Requirement already satisfied: annotated-types>=0.6.0 in /tmp/cosmos_venv_ecom/lib/python3.10/site-packages (from pydantic<3->dbt-core>=1.9->dbt-clickhouse) (0.7.0)
[2025-09-12T16:53:11.948+0000] {process_utils.py:191} INFO - Requirement already satisfied: pydantic-core==2.33.2 in /tmp/cosmos_venv_ecom/lib/python3.10/site-packages (from pydantic<3->dbt-core>=1.9->dbt-clickhouse) (2.33.2)
[2025-09-12T16:53:11.949+0000] {process_utils.py:191} INFO - Requirement already satisfied: typing-inspection>=0.4.0 in /tmp/cosmos_venv_ecom/lib/python3.10/site-packages (from pydantic<3->dbt-core>=1.9->dbt-clickhouse) (0.4.1)
[2025-09-12T16:53:11.955+0000] {process_utils.py:191} INFO - Requirement already satisfied: charset_normalizer<4,>=2 in /tmp/cosmos_venv_ecom/lib/python3.10/site-packages (from requests<3.0.0->dbt-core>=1.9->dbt-clickhouse) (3.4.3)
[2025-09-12T16:53:11.955+0000] {process_utils.py:191} INFO - Requirement already satisfied: idna<4,>=2.5 in /tmp/cosmos_venv_ecom/lib/python3.10/site-packages (from requests<3.0.0->dbt-core>=1.9->dbt-clickhouse) (3.10)
[2025-09-12T16:53:11.998+0000] {process_utils.py:191} INFO - Requirement already satisfied: orderly-set<6,>=5.4.1 in /tmp/cosmos_venv_ecom/lib/python3.10/site-packages (from deepdiff<9.0,>=7.0->dbt-common<2.0,>=1.27.0->dbt-core>=1.9->dbt-clickhouse) (5.5.0)
[2025-09-12T16:53:12.006+0000] {process_utils.py:191} INFO - Requirement already satisfied: zipp>=3.20 in /tmp/cosmos_venv_ecom/lib/python3.10/site-packages (from importlib-metadata<9,>=6.0->dbt-semantic-interfaces<0.10,>=0.9.0->dbt-core>=1.9->dbt-clickhouse) (3.23.0)
[2025-09-12T16:53:12.009+0000] {process_utils.py:191} INFO - Requirement already satisfied: six in /tmp/cosmos_venv_ecom/lib/python3.10/site-packages (from isodate>=0.5.4->agate<1.10,>=1.7.0->dbt-core>=1.9->dbt-clickhouse) (1.17.0)
[2025-09-12T16:53:12.023+0000] {process_utils.py:191} INFO - Requirement already satisfied: text-unidecode>=1.3 in /tmp/cosmos_venv_ecom/lib/python3.10/site-packages (from python-slugify>=1.2.1->agate<1.10,>=1.7.0->dbt-core>=1.9->dbt-clickhouse) (1.3)
[2025-09-12T16:53:12.067+0000] {process_utils.py:191} INFO - 
[2025-09-12T16:53:12.068+0000] {process_utils.py:191} INFO - [notice] A new release of pip is available: 24.1 -> 25.2
[2025-09-12T16:53:12.069+0000] {process_utils.py:191} INFO - [notice] To update, run: python -m pip install --upgrade pip
[2025-09-12T16:53:12.148+0000] {local.py:470} INFO - Cloning project to writable temp directory /tmp/tmp3_52mwwx from /opt/airflow/dags/dbt/ecom_staging
[2025-09-12T16:53:12.161+0000] {local.py:490} INFO - Partial parse is enabled and the latest partial parse file is /tmp/cosmos/dbt_ecom_cosmos__dbt_ecom/target/partial_parse.msgpack
[2025-09-12T16:53:12.170+0000] {config.py:362} INFO - Using user-supplied profiles.yml at /opt/airflow/dags/dbt/ecom_staging/profiles.yml
[2025-09-12T16:53:12.179+0000] {virtualenv.py:99} INFO - Using Python binary from virtualenv: /tmp/cosmos_venv_ecom/bin/python
[2025-09-12T16:53:12.179+0000] {local.py:434} INFO - Trying to run the command:
 ['/tmp/cosmos_venv_ecom/bin/dbt', 'deps', '--project-dir', '/tmp/tmp3_52mwwx', '--profiles-dir', '/opt/***/dags/dbt/ecom_staging', '--profile', 'ecom_staging', '--target', 'dev']
From /tmp/tmp3_52mwwx
[2025-09-12T16:53:12.180+0000] {subprocess.py:56} INFO - Tmp dir root location: 
 /tmp
[2025-09-12T16:53:12.180+0000] {subprocess.py:69} INFO - Running command: ['/tmp/cosmos_venv_ecom/bin/dbt', 'deps', '--project-dir', '/tmp/tmp3_52mwwx', '--profiles-dir', '/opt/***/dags/dbt/ecom_staging', '--profile', 'ecom_staging', '--target', 'dev']
[2025-09-12T16:53:12.189+0000] {subprocess.py:80} INFO - Command output:
[2025-09-12T16:53:14.287+0000] {subprocess.py:90} INFO - [0m16:53:14  Running with dbt=1.10.11
[2025-09-12T16:53:15.096+0000] {subprocess.py:90} INFO - [0m16:53:15  Installing dbt-labs/dbt_utils
[2025-09-12T16:53:15.945+0000] {subprocess.py:90} INFO - [0m16:53:15  Installed from version 1.3.0
[2025-09-12T16:53:15.946+0000] {subprocess.py:90} INFO - [0m16:53:15  Updated version available: 1.3.1
[2025-09-12T16:53:15.947+0000] {subprocess.py:90} INFO - [0m16:53:15
[2025-09-12T16:53:15.947+0000] {subprocess.py:90} INFO - [0m16:53:15  Updates available for packages: ['dbt-labs/dbt_utils']
[2025-09-12T16:53:15.948+0000] {subprocess.py:90} INFO - Update your versions in packages.yml, then run dbt deps
[2025-09-12T16:53:17.749+0000] {subprocess.py:94} INFO - Command exited with return code 0
[2025-09-12T16:53:17.750+0000] {local.py:441} INFO - Update your versions in packages.yml, then run dbt deps
[2025-09-12T16:53:17.750+0000] {virtualenv.py:99} INFO - Using Python binary from virtualenv: /tmp/cosmos_venv_ecom/bin/python
[2025-09-12T16:53:17.751+0000] {local.py:434} INFO - Trying to run the command:
 ['/tmp/cosmos_venv_ecom/bin/dbt', 'run', '--models', 'stg_customers', '--project-dir', '/tmp/tmp3_52mwwx', '--profiles-dir', '/opt/***/dags/dbt/ecom_staging', '--profile', 'ecom_staging', '--target', 'dev']
From /tmp/tmp3_52mwwx
[2025-09-12T16:53:17.751+0000] {subprocess.py:56} INFO - Tmp dir root location: 
 /tmp
[2025-09-12T16:53:17.752+0000] {subprocess.py:69} INFO - Running command: ['/tmp/cosmos_venv_ecom/bin/dbt', 'run', '--models', 'stg_customers', '--project-dir', '/tmp/tmp3_52mwwx', '--profiles-dir', '/opt/***/dags/dbt/ecom_staging', '--profile', 'ecom_staging', '--target', 'dev']
[2025-09-12T16:53:17.762+0000] {subprocess.py:80} INFO - Command output:
[2025-09-12T16:53:19.592+0000] {subprocess.py:90} INFO - [0m16:53:19  Running with dbt=1.10.11
[2025-09-12T16:53:19.594+0000] {subprocess.py:90} INFO - [0m16:53:19  [[33mWARNING[0m]: Deprecated functionality
[2025-09-12T16:53:19.595+0000] {subprocess.py:90} INFO - Usage of `--models`, `--model`, and `-m` is deprecated in favor of `--select` or
[2025-09-12T16:53:19.595+0000] {subprocess.py:90} INFO - `-s`.
[2025-09-12T16:53:19.868+0000] {subprocess.py:90} INFO - [0m16:53:19  Registered adapter: clickhouse=1.9.3
[2025-09-12T16:53:20.555+0000] {subprocess.py:90} INFO - [0m16:53:20  Found 8 models, 27 data tests, 8 sources, 597 macros
[2025-09-12T16:53:20.557+0000] {subprocess.py:90} INFO - [0m16:53:20
[2025-09-12T16:53:20.558+0000] {subprocess.py:90} INFO - [0m16:53:20  Concurrency: 4 threads (target='dev')
[2025-09-12T16:53:20.559+0000] {subprocess.py:90} INFO - [0m16:53:20
[2025-09-12T16:53:20.699+0000] {subprocess.py:90} INFO - [0m16:53:20  1 of 1 START sql view model `ecom_db_staging`.`stg_customers` .................. [RUN]
[2025-09-12T16:53:20.778+0000] {subprocess.py:90} INFO - [0m16:53:20  1 of 1 OK created sql view model `ecom_db_staging`.`stg_customers` ............. [[32mOK[0m in 0.08s]
[2025-09-12T16:53:20.783+0000] {subprocess.py:90} INFO - [0m16:53:20
[2025-09-12T16:53:20.790+0000] {subprocess.py:90} INFO - [0m16:53:20  Finished running 1 view model in 0 hours 0 minutes and 0.22 seconds (0.22s).
[2025-09-12T16:53:20.838+0000] {subprocess.py:90} INFO - [0m16:53:20
[2025-09-12T16:53:20.839+0000] {subprocess.py:90} INFO - [0m16:53:20  [32mCompleted successfully[0m
[2025-09-12T16:53:20.840+0000] {subprocess.py:90} INFO - [0m16:53:20
[2025-09-12T16:53:20.840+0000] {subprocess.py:90} INFO - [0m16:53:20  Done. PASS=1 WARN=0 ERROR=0 SKIP=0 NO-OP=0 TOTAL=1
[2025-09-12T16:53:20.841+0000] {subprocess.py:90} INFO - [0m16:53:20  [[33mWARNING[0m][DeprecationsSummary]: Deprecated functionality
[2025-09-12T16:53:20.842+0000] {subprocess.py:90} INFO - Summary of encountered deprecations:
[2025-09-12T16:53:20.842+0000] {subprocess.py:90} INFO - - ModelParamUsageDeprecation: 1 occurrence
[2025-09-12T16:53:20.843+0000] {subprocess.py:90} INFO - To see all deprecation instances instead of just the first occurrence of each,
[2025-09-12T16:53:20.843+0000] {subprocess.py:90} INFO - run command again with the `--show-all-deprecations` flag. You may also need to
[2025-09-12T16:53:20.844+0000] {subprocess.py:90} INFO - run with `--no-partial-parse` as some deprecations are only encountered during
[2025-09-12T16:53:20.845+0000] {subprocess.py:90} INFO - parsing.
[2025-09-12T16:53:22.586+0000] {subprocess.py:94} INFO - Command exited with return code 0
[2025-09-12T16:53:22.587+0000] {local.py:441} INFO - parsing.
[2025-09-12T16:53:22.601+0000] {local.py:196} WARNING - Artifact schema version: https://schemas.getdbt.com/dbt/manifest/v12.json is above dbt-ol supported version 7. This might cause errors.
[2025-09-12T16:53:22.602+0000] {local.py:196} WARNING - Artifact schema version: https://schemas.getdbt.com/dbt/run-results/v6.json is above dbt-ol supported version 5. This might cause errors.
[2025-09-12T16:53:22.609+0000] {local.py:547} INFO - Inlets: []
[2025-09-12T16:53:22.609+0000] {local.py:548} INFO - Outlets: []
[2025-09-12T16:53:22.610+0000] {local.py:772} INFO - Assigning inlets/outlets without DatasetAlias
[2025-09-12T16:53:22.610+0000] {dag.py:3089} INFO - Sync 1 DAGs
[2025-09-12T16:53:22.663+0000] {dag.py:3947} INFO - Setting next_dagrun for dbt_ecom_cosmos to 2025-09-12 00:00:00+00:00, run_after=2025-09-13 00:00:00+00:00
[2025-09-12T16:53:22.743+0000] {virtualenv.py:131} INFO - Releasing virtualenv lock
[2025-09-12T16:53:22.744+0000] {virtualenv.py:145} INFO - None
[2025-09-12T16:53:22.744+0000] {taskinstance.py:441} INFO - ::group::Post task execution logs
[2025-09-12T16:53:22.778+0000] {taskinstance.py:1206} INFO - Marking task as SUCCESS. dag_id=dbt_ecom_cosmos, task_id=dbt_ecom.stg_customers_run, run_id=manual__2025-09-12T16:50:56.013773+00:00, execution_date=20250912T165056, start_date=20250912T165107, end_date=20250912T165322
[2025-09-12T16:53:22.833+0000] {local_task_job_runner.py:243} INFO - Task exited with return code 0
[2025-09-12T16:53:22.895+0000] {taskinstance.py:3503} INFO - 0 downstream tasks scheduled from follow-on schedule check
[2025-09-12T16:53:22.906+0000] {local_task_job_runner.py:222} INFO - ::endgroup::
