[2025-09-19T10:04:53.012+0000] {local_task_job_runner.py:120} INFO - ::group::Pre task execution logs
[2025-09-19T10:04:53.438+0000] {taskinstance.py:2076} INFO - Dependencies all met for dep_context=non-requeueable deps ti=<TaskInstance: dbt_intermediate.intermediate.order_statuses.run manual__2025-09-19T10:00:34.117962+00:00 [queued]>
[2025-09-19T10:04:53.461+0000] {taskinstance.py:2076} INFO - Dependencies all met for dep_context=requeueable deps ti=<TaskInstance: dbt_intermediate.intermediate.order_statuses.run manual__2025-09-19T10:00:34.117962+00:00 [queued]>
[2025-09-19T10:04:53.464+0000] {taskinstance.py:2306} INFO - Starting attempt 1 of 1
[2025-09-19T10:04:53.510+0000] {taskinstance.py:2330} INFO - Executing <Task(DbtRunVirtualenvOperator): intermediate.order_statuses.run> on 2025-09-19 10:00:34.117962+00:00
[2025-09-19T10:04:53.525+0000] {standard_task_runner.py:64} INFO - Started process 1521 to run task
[2025-09-19T10:04:53.530+0000] {standard_task_runner.py:90} INFO - Running: ['***', 'tasks', 'run', 'dbt_intermediate', 'intermediate.order_statuses.run', 'manual__2025-09-19T10:00:34.117962+00:00', '--job-id', '540', '--raw', '--subdir', 'DAGS_FOLDER/dbt_intermediate.py', '--cfg-path', '/tmp/tmpmeqqgi__']
[2025-09-19T10:04:53.535+0000] {standard_task_runner.py:91} INFO - Job 540: Subtask intermediate.order_statuses.run
[2025-09-19T10:04:53.902+0000] {task_command.py:426} INFO - Running <TaskInstance: dbt_intermediate.intermediate.order_statuses.run manual__2025-09-19T10:00:34.117962+00:00 [running]> on host e95bde6b8d07
[2025-09-19T10:04:54.277+0000] {taskinstance.py:2648} INFO - Exporting env vars: AIRFLOW_CTX_DAG_OWNER='***' AIRFLOW_CTX_DAG_ID='dbt_intermediate' AIRFLOW_CTX_TASK_ID='intermediate.order_statuses.run' AIRFLOW_CTX_EXECUTION_DATE='2025-09-19T10:00:34.117962+00:00' AIRFLOW_CTX_TRY_NUMBER='1' AIRFLOW_CTX_DAG_RUN_ID='manual__2025-09-19T10:00:34.117962+00:00'
[2025-09-19T10:04:54.280+0000] {taskinstance.py:430} INFO - ::endgroup::
[2025-09-19T10:04:54.302+0000] {virtualenv.py:120} INFO - Checking if the virtualenv lock /tmp/cosmos_venv_ecom_intermediate/cosmos_virtualenv.lock exists
[2025-09-19T10:04:54.303+0000] {virtualenv.py:178} INFO - Checking for running process with PID 1514
[2025-09-19T10:04:54.304+0000] {virtualenv.py:181} INFO - Process 1514 running: True and has the lock /tmp/cosmos_venv_ecom_intermediate/cosmos_virtualenv.lock.
[2025-09-19T10:04:54.304+0000] {virtualenv.py:122} INFO - Waiting for virtualenv lock to be released
[2025-09-19T10:04:55.305+0000] {virtualenv.py:178} INFO - Checking for running process with PID 1514
[2025-09-19T10:04:55.307+0000] {virtualenv.py:181} INFO - Process 1514 running: True and has the lock /tmp/cosmos_venv_ecom_intermediate/cosmos_virtualenv.lock.
[2025-09-19T10:04:55.307+0000] {virtualenv.py:122} INFO - Waiting for virtualenv lock to be released
[2025-09-19T10:04:56.309+0000] {virtualenv.py:178} INFO - Checking for running process with PID 1514
[2025-09-19T10:04:56.310+0000] {virtualenv.py:181} INFO - Process 1514 running: True and has the lock /tmp/cosmos_venv_ecom_intermediate/cosmos_virtualenv.lock.
[2025-09-19T10:04:56.311+0000] {virtualenv.py:122} INFO - Waiting for virtualenv lock to be released
[2025-09-19T10:04:57.312+0000] {virtualenv.py:178} INFO - Checking for running process with PID 1514
[2025-09-19T10:04:57.314+0000] {virtualenv.py:181} INFO - Process 1514 running: True and has the lock /tmp/cosmos_venv_ecom_intermediate/cosmos_virtualenv.lock.
[2025-09-19T10:04:57.314+0000] {virtualenv.py:122} INFO - Waiting for virtualenv lock to be released
[2025-09-19T10:04:58.316+0000] {virtualenv.py:178} INFO - Checking for running process with PID 1514
[2025-09-19T10:04:58.317+0000] {virtualenv.py:181} INFO - Process 1514 running: True and has the lock /tmp/cosmos_venv_ecom_intermediate/cosmos_virtualenv.lock.
[2025-09-19T10:04:58.317+0000] {virtualenv.py:122} INFO - Waiting for virtualenv lock to be released
[2025-09-19T10:04:59.319+0000] {virtualenv.py:178} INFO - Checking for running process with PID 1514
[2025-09-19T10:04:59.320+0000] {virtualenv.py:181} INFO - Process 1514 running: True and has the lock /tmp/cosmos_venv_ecom_intermediate/cosmos_virtualenv.lock.
[2025-09-19T10:04:59.320+0000] {virtualenv.py:122} INFO - Waiting for virtualenv lock to be released
[2025-09-19T10:05:00.322+0000] {virtualenv.py:178} INFO - Checking for running process with PID 1514
[2025-09-19T10:05:00.322+0000] {virtualenv.py:181} INFO - Process 1514 running: True and has the lock /tmp/cosmos_venv_ecom_intermediate/cosmos_virtualenv.lock.
[2025-09-19T10:05:00.323+0000] {virtualenv.py:122} INFO - Waiting for virtualenv lock to be released
[2025-09-19T10:05:01.324+0000] {virtualenv.py:178} INFO - Checking for running process with PID 1514
[2025-09-19T10:05:01.325+0000] {virtualenv.py:181} INFO - Process 1514 running: True and has the lock /tmp/cosmos_venv_ecom_intermediate/cosmos_virtualenv.lock.
[2025-09-19T10:05:01.325+0000] {virtualenv.py:122} INFO - Waiting for virtualenv lock to be released
[2025-09-19T10:05:02.327+0000] {virtualenv.py:178} INFO - Checking for running process with PID 1514
[2025-09-19T10:05:02.328+0000] {virtualenv.py:181} INFO - Process 1514 running: True and has the lock /tmp/cosmos_venv_ecom_intermediate/cosmos_virtualenv.lock.
[2025-09-19T10:05:02.328+0000] {virtualenv.py:122} INFO - Waiting for virtualenv lock to be released
[2025-09-19T10:05:03.329+0000] {virtualenv.py:178} INFO - Checking for running process with PID 1514
[2025-09-19T10:05:03.330+0000] {virtualenv.py:181} INFO - Process 1514 running: True and has the lock /tmp/cosmos_venv_ecom_intermediate/cosmos_virtualenv.lock.
[2025-09-19T10:05:03.330+0000] {virtualenv.py:122} INFO - Waiting for virtualenv lock to be released
[2025-09-19T10:05:04.330+0000] {virtualenv.py:178} INFO - Checking for running process with PID 1514
[2025-09-19T10:05:04.331+0000] {virtualenv.py:181} INFO - Process 1514 running: True and has the lock /tmp/cosmos_venv_ecom_intermediate/cosmos_virtualenv.lock.
[2025-09-19T10:05:04.331+0000] {virtualenv.py:122} INFO - Waiting for virtualenv lock to be released
[2025-09-19T10:05:05.333+0000] {virtualenv.py:178} INFO - Checking for running process with PID 1514
[2025-09-19T10:05:05.334+0000] {virtualenv.py:181} INFO - Process 1514 running: True and has the lock /tmp/cosmos_venv_ecom_intermediate/cosmos_virtualenv.lock.
[2025-09-19T10:05:05.334+0000] {virtualenv.py:122} INFO - Waiting for virtualenv lock to be released
[2025-09-19T10:05:06.336+0000] {virtualenv.py:178} INFO - Checking for running process with PID 1514
[2025-09-19T10:05:06.336+0000] {virtualenv.py:181} INFO - Process 1514 running: True and has the lock /tmp/cosmos_venv_ecom_intermediate/cosmos_virtualenv.lock.
[2025-09-19T10:05:06.337+0000] {virtualenv.py:122} INFO - Waiting for virtualenv lock to be released
[2025-09-19T10:05:07.338+0000] {virtualenv.py:178} INFO - Checking for running process with PID 1514
[2025-09-19T10:05:07.339+0000] {virtualenv.py:181} INFO - Process 1514 running: True and has the lock /tmp/cosmos_venv_ecom_intermediate/cosmos_virtualenv.lock.
[2025-09-19T10:05:07.339+0000] {virtualenv.py:122} INFO - Waiting for virtualenv lock to be released
[2025-09-19T10:05:08.341+0000] {virtualenv.py:178} INFO - Checking for running process with PID 1514
[2025-09-19T10:05:08.342+0000] {virtualenv.py:181} INFO - Process 1514 running: True and has the lock /tmp/cosmos_venv_ecom_intermediate/cosmos_virtualenv.lock.
[2025-09-19T10:05:08.343+0000] {virtualenv.py:122} INFO - Waiting for virtualenv lock to be released
[2025-09-19T10:05:09.345+0000] {virtualenv.py:178} INFO - Checking for running process with PID 1514
[2025-09-19T10:05:09.346+0000] {virtualenv.py:181} INFO - Process 1514 running: True and has the lock /tmp/cosmos_venv_ecom_intermediate/cosmos_virtualenv.lock.
[2025-09-19T10:05:09.346+0000] {virtualenv.py:122} INFO - Waiting for virtualenv lock to be released
[2025-09-19T10:05:10.348+0000] {virtualenv.py:178} INFO - Checking for running process with PID 1523
[2025-09-19T10:05:10.349+0000] {virtualenv.py:181} INFO - Process 1523 running: True and has the lock /tmp/cosmos_venv_ecom_intermediate/cosmos_virtualenv.lock.
[2025-09-19T10:05:10.349+0000] {virtualenv.py:122} INFO - Waiting for virtualenv lock to be released
[2025-09-19T10:05:11.351+0000] {virtualenv.py:178} INFO - Checking for running process with PID 1523
[2025-09-19T10:05:11.352+0000] {virtualenv.py:181} INFO - Process 1523 running: True and has the lock /tmp/cosmos_venv_ecom_intermediate/cosmos_virtualenv.lock.
[2025-09-19T10:05:11.352+0000] {virtualenv.py:122} INFO - Waiting for virtualenv lock to be released
[2025-09-19T10:05:12.354+0000] {virtualenv.py:178} INFO - Checking for running process with PID 1523
[2025-09-19T10:05:12.354+0000] {virtualenv.py:181} INFO - Process 1523 running: True and has the lock /tmp/cosmos_venv_ecom_intermediate/cosmos_virtualenv.lock.
[2025-09-19T10:05:12.355+0000] {virtualenv.py:122} INFO - Waiting for virtualenv lock to be released
[2025-09-19T10:05:13.356+0000] {virtualenv.py:178} INFO - Checking for running process with PID 1523
[2025-09-19T10:05:13.357+0000] {virtualenv.py:181} INFO - Process 1523 running: True and has the lock /tmp/cosmos_venv_ecom_intermediate/cosmos_virtualenv.lock.
[2025-09-19T10:05:13.358+0000] {virtualenv.py:122} INFO - Waiting for virtualenv lock to be released
[2025-09-19T10:05:14.360+0000] {virtualenv.py:178} INFO - Checking for running process with PID 1523
[2025-09-19T10:05:14.360+0000] {virtualenv.py:181} INFO - Process 1523 running: True and has the lock /tmp/cosmos_venv_ecom_intermediate/cosmos_virtualenv.lock.
[2025-09-19T10:05:14.361+0000] {virtualenv.py:122} INFO - Waiting for virtualenv lock to be released
[2025-09-19T10:05:15.362+0000] {virtualenv.py:178} INFO - Checking for running process with PID 1523
[2025-09-19T10:05:15.363+0000] {virtualenv.py:181} INFO - Process 1523 running: True and has the lock /tmp/cosmos_venv_ecom_intermediate/cosmos_virtualenv.lock.
[2025-09-19T10:05:15.363+0000] {virtualenv.py:122} INFO - Waiting for virtualenv lock to be released
[2025-09-19T10:05:16.365+0000] {virtualenv.py:178} INFO - Checking for running process with PID 1523
[2025-09-19T10:05:16.366+0000] {virtualenv.py:181} INFO - Process 1523 running: True and has the lock /tmp/cosmos_venv_ecom_intermediate/cosmos_virtualenv.lock.
[2025-09-19T10:05:16.367+0000] {virtualenv.py:122} INFO - Waiting for virtualenv lock to be released
[2025-09-19T10:05:17.369+0000] {virtualenv.py:178} INFO - Checking for running process with PID 1523
[2025-09-19T10:05:17.370+0000] {virtualenv.py:181} INFO - Process 1523 running: True and has the lock /tmp/cosmos_venv_ecom_intermediate/cosmos_virtualenv.lock.
[2025-09-19T10:05:17.371+0000] {virtualenv.py:122} INFO - Waiting for virtualenv lock to be released
[2025-09-19T10:05:18.374+0000] {virtualenv.py:178} INFO - Checking for running process with PID 1523
[2025-09-19T10:05:18.375+0000] {virtualenv.py:181} INFO - Process 1523 running: True and has the lock /tmp/cosmos_venv_ecom_intermediate/cosmos_virtualenv.lock.
[2025-09-19T10:05:18.375+0000] {virtualenv.py:122} INFO - Waiting for virtualenv lock to be released
[2025-09-19T10:05:19.378+0000] {virtualenv.py:178} INFO - Checking for running process with PID 1523
[2025-09-19T10:05:19.378+0000] {virtualenv.py:181} INFO - Process 1523 running: True and has the lock /tmp/cosmos_venv_ecom_intermediate/cosmos_virtualenv.lock.
[2025-09-19T10:05:19.379+0000] {virtualenv.py:122} INFO - Waiting for virtualenv lock to be released
[2025-09-19T10:05:20.381+0000] {virtualenv.py:178} INFO - Checking for running process with PID 1523
[2025-09-19T10:05:20.382+0000] {virtualenv.py:181} INFO - Process 1523 running: True and has the lock /tmp/cosmos_venv_ecom_intermediate/cosmos_virtualenv.lock.
[2025-09-19T10:05:20.384+0000] {virtualenv.py:122} INFO - Waiting for virtualenv lock to be released
[2025-09-19T10:05:21.386+0000] {virtualenv.py:178} INFO - Checking for running process with PID 1523
[2025-09-19T10:05:21.387+0000] {virtualenv.py:181} INFO - Process 1523 running: True and has the lock /tmp/cosmos_venv_ecom_intermediate/cosmos_virtualenv.lock.
[2025-09-19T10:05:21.388+0000] {virtualenv.py:122} INFO - Waiting for virtualenv lock to be released
[2025-09-19T10:05:22.389+0000] {virtualenv.py:178} INFO - Checking for running process with PID 1523
[2025-09-19T10:05:22.390+0000] {virtualenv.py:181} INFO - Process 1523 running: True and has the lock /tmp/cosmos_venv_ecom_intermediate/cosmos_virtualenv.lock.
[2025-09-19T10:05:22.390+0000] {virtualenv.py:122} INFO - Waiting for virtualenv lock to be released
[2025-09-19T10:05:23.392+0000] {virtualenv.py:178} INFO - Checking for running process with PID 1523
[2025-09-19T10:05:23.393+0000] {virtualenv.py:181} INFO - Process 1523 running: True and has the lock /tmp/cosmos_venv_ecom_intermediate/cosmos_virtualenv.lock.
[2025-09-19T10:05:23.393+0000] {virtualenv.py:122} INFO - Waiting for virtualenv lock to be released
[2025-09-19T10:05:24.395+0000] {virtualenv.py:178} INFO - Checking for running process with PID 1516
[2025-09-19T10:05:24.396+0000] {virtualenv.py:181} INFO - Process 1516 running: True and has the lock /tmp/cosmos_venv_ecom_intermediate/cosmos_virtualenv.lock.
[2025-09-19T10:05:24.396+0000] {virtualenv.py:122} INFO - Waiting for virtualenv lock to be released
[2025-09-19T10:05:25.398+0000] {virtualenv.py:178} INFO - Checking for running process with PID 1516
[2025-09-19T10:05:25.399+0000] {virtualenv.py:181} INFO - Process 1516 running: True and has the lock /tmp/cosmos_venv_ecom_intermediate/cosmos_virtualenv.lock.
[2025-09-19T10:05:25.399+0000] {virtualenv.py:122} INFO - Waiting for virtualenv lock to be released
[2025-09-19T10:05:26.401+0000] {virtualenv.py:178} INFO - Checking for running process with PID 1516
[2025-09-19T10:05:26.402+0000] {virtualenv.py:181} INFO - Process 1516 running: True and has the lock /tmp/cosmos_venv_ecom_intermediate/cosmos_virtualenv.lock.
[2025-09-19T10:05:26.402+0000] {virtualenv.py:122} INFO - Waiting for virtualenv lock to be released
[2025-09-19T10:05:27.404+0000] {virtualenv.py:178} INFO - Checking for running process with PID 1516
[2025-09-19T10:05:27.405+0000] {virtualenv.py:181} INFO - Process 1516 running: True and has the lock /tmp/cosmos_venv_ecom_intermediate/cosmos_virtualenv.lock.
[2025-09-19T10:05:27.407+0000] {virtualenv.py:122} INFO - Waiting for virtualenv lock to be released
[2025-09-19T10:05:28.409+0000] {virtualenv.py:178} INFO - Checking for running process with PID 1516
[2025-09-19T10:05:28.411+0000] {virtualenv.py:181} INFO - Process 1516 running: True and has the lock /tmp/cosmos_venv_ecom_intermediate/cosmos_virtualenv.lock.
[2025-09-19T10:05:28.413+0000] {virtualenv.py:122} INFO - Waiting for virtualenv lock to be released
[2025-09-19T10:05:29.416+0000] {virtualenv.py:178} INFO - Checking for running process with PID 1516
[2025-09-19T10:05:29.417+0000] {virtualenv.py:181} INFO - Process 1516 running: True and has the lock /tmp/cosmos_venv_ecom_intermediate/cosmos_virtualenv.lock.
[2025-09-19T10:05:29.418+0000] {virtualenv.py:122} INFO - Waiting for virtualenv lock to be released
[2025-09-19T10:05:30.420+0000] {virtualenv.py:178} INFO - Checking for running process with PID 1516
[2025-09-19T10:05:30.421+0000] {virtualenv.py:181} INFO - Process 1516 running: True and has the lock /tmp/cosmos_venv_ecom_intermediate/cosmos_virtualenv.lock.
[2025-09-19T10:05:30.422+0000] {virtualenv.py:122} INFO - Waiting for virtualenv lock to be released
[2025-09-19T10:05:31.424+0000] {virtualenv.py:178} INFO - Checking for running process with PID 1516
[2025-09-19T10:05:31.425+0000] {virtualenv.py:181} INFO - Process 1516 running: True and has the lock /tmp/cosmos_venv_ecom_intermediate/cosmos_virtualenv.lock.
[2025-09-19T10:05:31.426+0000] {virtualenv.py:122} INFO - Waiting for virtualenv lock to be released
[2025-09-19T10:05:32.427+0000] {virtualenv.py:178} INFO - Checking for running process with PID 1516
[2025-09-19T10:05:32.428+0000] {virtualenv.py:181} INFO - Process 1516 running: True and has the lock /tmp/cosmos_venv_ecom_intermediate/cosmos_virtualenv.lock.
[2025-09-19T10:05:32.429+0000] {virtualenv.py:122} INFO - Waiting for virtualenv lock to be released
[2025-09-19T10:05:33.431+0000] {virtualenv.py:178} INFO - Checking for running process with PID 1516
[2025-09-19T10:05:33.433+0000] {virtualenv.py:181} INFO - Process 1516 running: True and has the lock /tmp/cosmos_venv_ecom_intermediate/cosmos_virtualenv.lock.
[2025-09-19T10:05:33.433+0000] {virtualenv.py:122} INFO - Waiting for virtualenv lock to be released
[2025-09-19T10:05:34.434+0000] {virtualenv.py:178} INFO - Checking for running process with PID 1516
[2025-09-19T10:05:34.435+0000] {virtualenv.py:181} INFO - Process 1516 running: True and has the lock /tmp/cosmos_venv_ecom_intermediate/cosmos_virtualenv.lock.
[2025-09-19T10:05:34.436+0000] {virtualenv.py:122} INFO - Waiting for virtualenv lock to be released
[2025-09-19T10:05:35.438+0000] {virtualenv.py:178} INFO - Checking for running process with PID 1516
[2025-09-19T10:05:35.439+0000] {virtualenv.py:181} INFO - Process 1516 running: True and has the lock /tmp/cosmos_venv_ecom_intermediate/cosmos_virtualenv.lock.
[2025-09-19T10:05:35.440+0000] {virtualenv.py:122} INFO - Waiting for virtualenv lock to be released
[2025-09-19T10:05:36.442+0000] {virtualenv.py:178} INFO - Checking for running process with PID 1516
[2025-09-19T10:05:36.443+0000] {virtualenv.py:181} INFO - Process 1516 running: True and has the lock /tmp/cosmos_venv_ecom_intermediate/cosmos_virtualenv.lock.
[2025-09-19T10:05:36.443+0000] {virtualenv.py:122} INFO - Waiting for virtualenv lock to be released
[2025-09-19T10:05:37.444+0000] {virtualenv.py:178} INFO - Checking for running process with PID 1516
[2025-09-19T10:05:37.445+0000] {virtualenv.py:181} INFO - Process 1516 running: True and has the lock /tmp/cosmos_venv_ecom_intermediate/cosmos_virtualenv.lock.
[2025-09-19T10:05:37.445+0000] {virtualenv.py:122} INFO - Waiting for virtualenv lock to be released
[2025-09-19T10:05:38.447+0000] {virtualenv.py:178} INFO - Checking for running process with PID 1516
[2025-09-19T10:05:38.447+0000] {virtualenv.py:181} INFO - Process 1516 running: True and has the lock /tmp/cosmos_venv_ecom_intermediate/cosmos_virtualenv.lock.
[2025-09-19T10:05:38.448+0000] {virtualenv.py:122} INFO - Waiting for virtualenv lock to be released
[2025-09-19T10:05:39.450+0000] {virtualenv.py:178} INFO - Checking for running process with PID 1516
[2025-09-19T10:05:39.451+0000] {virtualenv.py:181} INFO - Process 1516 running: True and has the lock /tmp/cosmos_venv_ecom_intermediate/cosmos_virtualenv.lock.
[2025-09-19T10:05:39.451+0000] {virtualenv.py:122} INFO - Waiting for virtualenv lock to be released
[2025-09-19T10:05:40.453+0000] {virtualenv.py:126} INFO - Acquiring the virtualenv lock
[2025-09-19T10:05:40.454+0000] {virtualenv.py:195} INFO - Acquiring lock at /tmp/cosmos_venv_ecom_intermediate/cosmos_virtualenv.lock with pid 1521
[2025-09-19T10:05:40.455+0000] {virtualenv.py:153} INFO - Creating or updating the virtualenv at `/tmp/cosmos_venv_ecom_intermediate
[2025-09-19T10:05:40.456+0000] {process_utils.py:183} INFO - Executing cmd: /home/***/.local/bin/python -m virtualenv /tmp/cosmos_venv_ecom_intermediate --python=python3
[2025-09-19T10:05:40.457+0000] {process_utils.py:187} INFO - Output:
[2025-09-19T10:05:41.930+0000] {process_utils.py:191} INFO - created virtual environment CPython3.10.14.final.0-64 in 584ms
[2025-09-19T10:05:41.931+0000] {process_utils.py:191} INFO -   creator CPython3Posix(dest=/tmp/cosmos_venv_ecom_intermediate, clear=False, no_vcs_ignore=False, global=False)
[2025-09-19T10:05:41.931+0000] {process_utils.py:191} INFO -   seeder FromAppData(download=False, pip=bundle, setuptools=bundle, wheel=bundle, via=copy, app_data_dir=/home/***/.local/share/virtualenv)
[2025-09-19T10:05:41.932+0000] {process_utils.py:191} INFO -     added seed packages: MarkupSafe==3.0.2, PyYAML==6.0.2, agate==1.9.1, annotated_types==0.7.0, attrs==25.3.0, babel==2.17.0, certifi==2025.8.3, charset_normalizer==3.4.3, click==8.2.1, clickhouse_connect==0.8.18, clickhouse_driver==0.2.9, colorama==0.4.6, daff==1.4.2, dbt_adapters==1.16.7, dbt_clickhouse==1.9.3, dbt_common==1.30.0, dbt_core==1.10.11, dbt_extractor==0.6.0, dbt_protos==1.0.375, dbt_semantic_interfaces==0.9.0, deepdiff==8.6.1, idna==3.10, importlib_metadata==8.7.0, isodate==0.6.1, jinja2==3.1.6, jsonschema==4.25.1, jsonschema_specifications==2025.9.1, leather==0.4.0, lz4==4.4.4, mashumaro==3.14, more_itertools==10.8.0, msgpack==1.1.1, networkx==3.4.2, orderly_set==5.5.0, packaging==25.0, parsedatetime==2.6, pathspec==0.12.1, pip==25.2, protobuf==6.32.1, pydantic==2.11.8, pydantic_core==2.33.2, python_dateutil==2.9.0.post0, python_slugify==8.0.4, pytimeparse==1.1.8, pytz==2025.2, referencing==0.36.2, requests==2.32.5, rpds_py==0.27.1, setuptools==80.9.0, six==1.17.0, snowplow_tracker==1.1.0, sqlparse==0.5.3, text_unidecode==1.3, typing_extensions==4.15.0, typing_inspection==0.4.1, tzlocal==5.3.1, urllib3==2.5.0, wheel==0.45.1, zipp==3.23.0, zstandard==0.24.0
[2025-09-19T10:05:41.933+0000] {process_utils.py:191} INFO -   activators BashActivator,CShellActivator,FishActivator,NushellActivator,PowerShellActivator,PythonActivator
[2025-09-19T10:05:42.029+0000] {process_utils.py:183} INFO - Executing cmd: /tmp/cosmos_venv_ecom_intermediate/bin/pip install dbt-clickhouse
[2025-09-19T10:05:42.030+0000] {process_utils.py:187} INFO - Output:
[2025-09-19T10:05:43.609+0000] {process_utils.py:191} INFO - Requirement already satisfied: dbt-clickhouse in /tmp/cosmos_venv_ecom_intermediate/lib/python3.10/site-packages (1.9.3)
[2025-09-19T10:05:43.612+0000] {process_utils.py:191} INFO - Requirement already satisfied: dbt-core>=1.9 in /tmp/cosmos_venv_ecom_intermediate/lib/python3.10/site-packages (from dbt-clickhouse) (1.10.11)
[2025-09-19T10:05:43.613+0000] {process_utils.py:191} INFO - Requirement already satisfied: clickhouse-connect>=0.6.22 in /tmp/cosmos_venv_ecom_intermediate/lib/python3.10/site-packages (from dbt-clickhouse) (0.8.18)
[2025-09-19T10:05:43.614+0000] {process_utils.py:191} INFO - Requirement already satisfied: clickhouse-driver>=0.2.6 in /tmp/cosmos_venv_ecom_intermediate/lib/python3.10/site-packages (from dbt-clickhouse) (0.2.9)
[2025-09-19T10:05:43.614+0000] {process_utils.py:191} INFO - Requirement already satisfied: setuptools>=0.69 in /tmp/cosmos_venv_ecom_intermediate/lib/python3.10/site-packages (from dbt-clickhouse) (80.9.0)
[2025-09-19T10:05:43.619+0000] {process_utils.py:191} INFO - Requirement already satisfied: certifi in /tmp/cosmos_venv_ecom_intermediate/lib/python3.10/site-packages (from clickhouse-connect>=0.6.22->dbt-clickhouse) (2025.8.3)
[2025-09-19T10:05:43.620+0000] {process_utils.py:191} INFO - Requirement already satisfied: urllib3>=1.26 in /tmp/cosmos_venv_ecom_intermediate/lib/python3.10/site-packages (from clickhouse-connect>=0.6.22->dbt-clickhouse) (2.5.0)
[2025-09-19T10:05:43.620+0000] {process_utils.py:191} INFO - Requirement already satisfied: pytz in /tmp/cosmos_venv_ecom_intermediate/lib/python3.10/site-packages (from clickhouse-connect>=0.6.22->dbt-clickhouse) (2025.2)
[2025-09-19T10:05:43.621+0000] {process_utils.py:191} INFO - Requirement already satisfied: zstandard in /tmp/cosmos_venv_ecom_intermediate/lib/python3.10/site-packages (from clickhouse-connect>=0.6.22->dbt-clickhouse) (0.24.0)
[2025-09-19T10:05:43.621+0000] {process_utils.py:191} INFO - Requirement already satisfied: lz4 in /tmp/cosmos_venv_ecom_intermediate/lib/python3.10/site-packages (from clickhouse-connect>=0.6.22->dbt-clickhouse) (4.4.4)
[2025-09-19T10:05:43.625+0000] {process_utils.py:191} INFO - Requirement already satisfied: tzlocal in /tmp/cosmos_venv_ecom_intermediate/lib/python3.10/site-packages (from clickhouse-driver>=0.2.6->dbt-clickhouse) (5.3.1)
[2025-09-19T10:05:43.630+0000] {process_utils.py:191} INFO - Requirement already satisfied: agate<1.10,>=1.7.0 in /tmp/cosmos_venv_ecom_intermediate/lib/python3.10/site-packages (from dbt-core>=1.9->dbt-clickhouse) (1.9.1)
[2025-09-19T10:05:43.632+0000] {process_utils.py:191} INFO - Requirement already satisfied: Jinja2<4,>=3.1.3 in /tmp/cosmos_venv_ecom_intermediate/lib/python3.10/site-packages (from dbt-core>=1.9->dbt-clickhouse) (3.1.6)
[2025-09-19T10:05:43.633+0000] {process_utils.py:191} INFO - Requirement already satisfied: mashumaro<3.15,>=3.9 in /tmp/cosmos_venv_ecom_intermediate/lib/python3.10/site-packages (from mashumaro[msgpack]<3.15,>=3.9->dbt-core>=1.9->dbt-clickhouse) (3.14)
[2025-09-19T10:05:43.635+0000] {process_utils.py:191} INFO - Requirement already satisfied: click<9.0,>=8.0.2 in /tmp/cosmos_venv_ecom_intermediate/lib/python3.10/site-packages (from dbt-core>=1.9->dbt-clickhouse) (8.2.1)
[2025-09-19T10:05:43.635+0000] {process_utils.py:191} INFO - Requirement already satisfied: jsonschema<5.0,>=4.19.1 in /tmp/cosmos_venv_ecom_intermediate/lib/python3.10/site-packages (from dbt-core>=1.9->dbt-clickhouse) (4.25.1)
[2025-09-19T10:05:43.636+0000] {process_utils.py:191} INFO - Requirement already satisfied: networkx<4.0,>=2.3 in /tmp/cosmos_venv_ecom_intermediate/lib/python3.10/site-packages (from dbt-core>=1.9->dbt-clickhouse) (3.4.2)
[2025-09-19T10:05:43.638+0000] {process_utils.py:191} INFO - Requirement already satisfied: protobuf<7.0,>=6.0 in /tmp/cosmos_venv_ecom_intermediate/lib/python3.10/site-packages (from dbt-core>=1.9->dbt-clickhouse) (6.32.1)
[2025-09-19T10:05:43.639+0000] {process_utils.py:191} INFO - Requirement already satisfied: requests<3.0.0 in /tmp/cosmos_venv_ecom_intermediate/lib/python3.10/site-packages (from dbt-core>=1.9->dbt-clickhouse) (2.32.5)
[2025-09-19T10:05:43.640+0000] {process_utils.py:191} INFO - Requirement already satisfied: snowplow-tracker<2.0,>=1.0.2 in /tmp/cosmos_venv_ecom_intermediate/lib/python3.10/site-packages (from dbt-core>=1.9->dbt-clickhouse) (1.1.0)
[2025-09-19T10:05:43.641+0000] {process_utils.py:191} INFO - Requirement already satisfied: pathspec<0.13,>=0.9 in /tmp/cosmos_venv_ecom_intermediate/lib/python3.10/site-packages (from dbt-core>=1.9->dbt-clickhouse) (0.12.1)
[2025-09-19T10:05:43.641+0000] {process_utils.py:191} INFO - Requirement already satisfied: sqlparse<0.6.0,>=0.5.0 in /tmp/cosmos_venv_ecom_intermediate/lib/python3.10/site-packages (from dbt-core>=1.9->dbt-clickhouse) (0.5.3)
[2025-09-19T10:05:43.642+0000] {process_utils.py:191} INFO - Requirement already satisfied: dbt-extractor<=0.6,>=0.5.0 in /tmp/cosmos_venv_ecom_intermediate/lib/python3.10/site-packages (from dbt-core>=1.9->dbt-clickhouse) (0.6.0)
[2025-09-19T10:05:43.643+0000] {process_utils.py:191} INFO - Requirement already satisfied: dbt-semantic-interfaces<0.10,>=0.9.0 in /tmp/cosmos_venv_ecom_intermediate/lib/python3.10/site-packages (from dbt-core>=1.9->dbt-clickhouse) (0.9.0)
[2025-09-19T10:05:43.643+0000] {process_utils.py:191} INFO - Requirement already satisfied: dbt-common<2.0,>=1.27.0 in /tmp/cosmos_venv_ecom_intermediate/lib/python3.10/site-packages (from dbt-core>=1.9->dbt-clickhouse) (1.30.0)
[2025-09-19T10:05:43.646+0000] {process_utils.py:191} INFO - Requirement already satisfied: dbt-adapters<2.0,>=1.15.5 in /tmp/cosmos_venv_ecom_intermediate/lib/python3.10/site-packages (from dbt-core>=1.9->dbt-clickhouse) (1.16.7)
[2025-09-19T10:05:43.647+0000] {process_utils.py:191} INFO - Requirement already satisfied: dbt-protos<2.0,>=1.0.346 in /tmp/cosmos_venv_ecom_intermediate/lib/python3.10/site-packages (from dbt-core>=1.9->dbt-clickhouse) (1.0.375)
[2025-09-19T10:05:43.648+0000] {process_utils.py:191} INFO - Requirement already satisfied: pydantic<3 in /tmp/cosmos_venv_ecom_intermediate/lib/python3.10/site-packages (from dbt-core>=1.9->dbt-clickhouse) (2.11.8)
[2025-09-19T10:05:43.649+0000] {process_utils.py:191} INFO - Requirement already satisfied: packaging>20.9 in /tmp/cosmos_venv_ecom_intermediate/lib/python3.10/site-packages (from dbt-core>=1.9->dbt-clickhouse) (25.0)
[2025-09-19T10:05:43.649+0000] {process_utils.py:191} INFO - Requirement already satisfied: pyyaml>=6.0 in /tmp/cosmos_venv_ecom_intermediate/lib/python3.10/site-packages (from dbt-core>=1.9->dbt-clickhouse) (6.0.2)
[2025-09-19T10:05:43.650+0000] {process_utils.py:191} INFO - Requirement already satisfied: daff>=1.3.46 in /tmp/cosmos_venv_ecom_intermediate/lib/python3.10/site-packages (from dbt-core>=1.9->dbt-clickhouse) (1.4.2)
[2025-09-19T10:05:43.652+0000] {process_utils.py:191} INFO - Requirement already satisfied: typing-extensions>=4.4 in /tmp/cosmos_venv_ecom_intermediate/lib/python3.10/site-packages (from dbt-core>=1.9->dbt-clickhouse) (4.15.0)
[2025-09-19T10:05:43.655+0000] {process_utils.py:191} INFO - Requirement already satisfied: Babel>=2.0 in /tmp/cosmos_venv_ecom_intermediate/lib/python3.10/site-packages (from agate<1.10,>=1.7.0->dbt-core>=1.9->dbt-clickhouse) (2.17.0)
[2025-09-19T10:05:43.656+0000] {process_utils.py:191} INFO - Requirement already satisfied: isodate>=0.5.4 in /tmp/cosmos_venv_ecom_intermediate/lib/python3.10/site-packages (from agate<1.10,>=1.7.0->dbt-core>=1.9->dbt-clickhouse) (0.6.1)
[2025-09-19T10:05:43.656+0000] {process_utils.py:191} INFO - Requirement already satisfied: leather>=0.3.2 in /tmp/cosmos_venv_ecom_intermediate/lib/python3.10/site-packages (from agate<1.10,>=1.7.0->dbt-core>=1.9->dbt-clickhouse) (0.4.0)
[2025-09-19T10:05:43.658+0000] {process_utils.py:191} INFO - Requirement already satisfied: parsedatetime!=2.5,>=2.1 in /tmp/cosmos_venv_ecom_intermediate/lib/python3.10/site-packages (from agate<1.10,>=1.7.0->dbt-core>=1.9->dbt-clickhouse) (2.6)
[2025-09-19T10:05:43.660+0000] {process_utils.py:191} INFO - Requirement already satisfied: python-slugify>=1.2.1 in /tmp/cosmos_venv_ecom_intermediate/lib/python3.10/site-packages (from agate<1.10,>=1.7.0->dbt-core>=1.9->dbt-clickhouse) (8.0.4)
[2025-09-19T10:05:43.661+0000] {process_utils.py:191} INFO - Requirement already satisfied: pytimeparse>=1.1.5 in /tmp/cosmos_venv_ecom_intermediate/lib/python3.10/site-packages (from agate<1.10,>=1.7.0->dbt-core>=1.9->dbt-clickhouse) (1.1.8)
[2025-09-19T10:05:43.677+0000] {process_utils.py:191} INFO - Requirement already satisfied: colorama<0.5,>=0.3.9 in /tmp/cosmos_venv_ecom_intermediate/lib/python3.10/site-packages (from dbt-common<2.0,>=1.27.0->dbt-core>=1.9->dbt-clickhouse) (0.4.6)
[2025-09-19T10:05:43.679+0000] {process_utils.py:191} INFO - Requirement already satisfied: deepdiff<9.0,>=7.0 in /tmp/cosmos_venv_ecom_intermediate/lib/python3.10/site-packages (from dbt-common<2.0,>=1.27.0->dbt-core>=1.9->dbt-clickhouse) (8.6.1)
[2025-09-19T10:05:43.683+0000] {process_utils.py:191} INFO - Requirement already satisfied: python-dateutil<3.0,>=2.0 in /tmp/cosmos_venv_ecom_intermediate/lib/python3.10/site-packages (from dbt-common<2.0,>=1.27.0->dbt-core>=1.9->dbt-clickhouse) (2.9.0.post0)
[2025-09-19T10:05:43.693+0000] {process_utils.py:191} INFO - Requirement already satisfied: importlib-metadata<9,>=6.0 in /tmp/cosmos_venv_ecom_intermediate/lib/python3.10/site-packages (from dbt-semantic-interfaces<0.10,>=0.9.0->dbt-core>=1.9->dbt-clickhouse) (8.7.0)
[2025-09-19T10:05:43.696+0000] {process_utils.py:191} INFO - Requirement already satisfied: more-itertools<11.0,>=8.0 in /tmp/cosmos_venv_ecom_intermediate/lib/python3.10/site-packages (from dbt-semantic-interfaces<0.10,>=0.9.0->dbt-core>=1.9->dbt-clickhouse) (10.8.0)
[2025-09-19T10:05:43.709+0000] {process_utils.py:191} INFO - Requirement already satisfied: orderly-set<6,>=5.4.1 in /tmp/cosmos_venv_ecom_intermediate/lib/python3.10/site-packages (from deepdiff<9.0,>=7.0->dbt-common<2.0,>=1.27.0->dbt-core>=1.9->dbt-clickhouse) (5.5.0)
[2025-09-19T10:05:43.716+0000] {process_utils.py:191} INFO - Requirement already satisfied: zipp>=3.20 in /tmp/cosmos_venv_ecom_intermediate/lib/python3.10/site-packages (from importlib-metadata<9,>=6.0->dbt-semantic-interfaces<0.10,>=0.9.0->dbt-core>=1.9->dbt-clickhouse) (3.23.0)
[2025-09-19T10:05:43.718+0000] {process_utils.py:191} INFO - Requirement already satisfied: six in /tmp/cosmos_venv_ecom_intermediate/lib/python3.10/site-packages (from isodate>=0.5.4->agate<1.10,>=1.7.0->dbt-core>=1.9->dbt-clickhouse) (1.17.0)
[2025-09-19T10:05:43.722+0000] {process_utils.py:191} INFO - Requirement already satisfied: MarkupSafe>=2.0 in /tmp/cosmos_venv_ecom_intermediate/lib/python3.10/site-packages (from Jinja2<4,>=3.1.3->dbt-core>=1.9->dbt-clickhouse) (3.0.2)
[2025-09-19T10:05:43.728+0000] {process_utils.py:191} INFO - Requirement already satisfied: attrs>=22.2.0 in /tmp/cosmos_venv_ecom_intermediate/lib/python3.10/site-packages (from jsonschema<5.0,>=4.19.1->dbt-core>=1.9->dbt-clickhouse) (25.3.0)
[2025-09-19T10:05:43.730+0000] {process_utils.py:191} INFO - Requirement already satisfied: jsonschema-specifications>=2023.03.6 in /tmp/cosmos_venv_ecom_intermediate/lib/python3.10/site-packages (from jsonschema<5.0,>=4.19.1->dbt-core>=1.9->dbt-clickhouse) (2025.9.1)
[2025-09-19T10:05:43.731+0000] {process_utils.py:191} INFO - Requirement already satisfied: referencing>=0.28.4 in /tmp/cosmos_venv_ecom_intermediate/lib/python3.10/site-packages (from jsonschema<5.0,>=4.19.1->dbt-core>=1.9->dbt-clickhouse) (0.36.2)
[2025-09-19T10:05:43.731+0000] {process_utils.py:191} INFO - Requirement already satisfied: rpds-py>=0.7.1 in /tmp/cosmos_venv_ecom_intermediate/lib/python3.10/site-packages (from jsonschema<5.0,>=4.19.1->dbt-core>=1.9->dbt-clickhouse) (0.27.1)
[2025-09-19T10:05:43.740+0000] {process_utils.py:191} INFO - Requirement already satisfied: msgpack>=0.5.6 in /tmp/cosmos_venv_ecom_intermediate/lib/python3.10/site-packages (from mashumaro[msgpack]<3.15,>=3.9->dbt-core>=1.9->dbt-clickhouse) (1.1.1)
[2025-09-19T10:05:43.767+0000] {process_utils.py:191} INFO - Requirement already satisfied: annotated-types>=0.6.0 in /tmp/cosmos_venv_ecom_intermediate/lib/python3.10/site-packages (from pydantic<3->dbt-core>=1.9->dbt-clickhouse) (0.7.0)
[2025-09-19T10:05:43.768+0000] {process_utils.py:191} INFO - Requirement already satisfied: pydantic-core==2.33.2 in /tmp/cosmos_venv_ecom_intermediate/lib/python3.10/site-packages (from pydantic<3->dbt-core>=1.9->dbt-clickhouse) (2.33.2)
[2025-09-19T10:05:43.770+0000] {process_utils.py:191} INFO - Requirement already satisfied: typing-inspection>=0.4.0 in /tmp/cosmos_venv_ecom_intermediate/lib/python3.10/site-packages (from pydantic<3->dbt-core>=1.9->dbt-clickhouse) (0.4.1)
[2025-09-19T10:05:43.782+0000] {process_utils.py:191} INFO - Requirement already satisfied: charset_normalizer<4,>=2 in /tmp/cosmos_venv_ecom_intermediate/lib/python3.10/site-packages (from requests<3.0.0->dbt-core>=1.9->dbt-clickhouse) (3.4.3)
[2025-09-19T10:05:43.783+0000] {process_utils.py:191} INFO - Requirement already satisfied: idna<4,>=2.5 in /tmp/cosmos_venv_ecom_intermediate/lib/python3.10/site-packages (from requests<3.0.0->dbt-core>=1.9->dbt-clickhouse) (3.10)
[2025-09-19T10:05:43.833+0000] {process_utils.py:191} INFO - Requirement already satisfied: text-unidecode>=1.3 in /tmp/cosmos_venv_ecom_intermediate/lib/python3.10/site-packages (from python-slugify>=1.2.1->agate<1.10,>=1.7.0->dbt-core>=1.9->dbt-clickhouse) (1.3)
[2025-09-19T10:05:43.994+0000] {local.py:470} INFO - Cloning project to writable temp directory /tmp/tmpg_lbnb5v from /opt/airflow/dags/dbt/ecom_intermediate
[2025-09-19T10:05:44.015+0000] {local.py:490} INFO - Partial parse is enabled and the latest partial parse file is /tmp/cosmos/dbt_intermediate__intermediate/target/partial_parse.msgpack
[2025-09-19T10:05:44.028+0000] {config.py:362} INFO - Using user-supplied profiles.yml at /opt/airflow/dags/dbt/profiles.yml
[2025-09-19T10:05:44.043+0000] {virtualenv.py:99} INFO - Using Python binary from virtualenv: /tmp/cosmos_venv_ecom_intermediate/bin/python
[2025-09-19T10:05:44.044+0000] {local.py:434} INFO - Trying to run the command:
 ['/tmp/cosmos_venv_ecom_intermediate/bin/dbt', 'deps', '--project-dir', '/tmp/tmpg_lbnb5v', '--profiles-dir', '/opt/***/dags/dbt', '--profile', 'ecom_intermediate', '--target', 'dev']
From /tmp/tmpg_lbnb5v
[2025-09-19T10:05:44.044+0000] {subprocess.py:56} INFO - Tmp dir root location: 
 /tmp
[2025-09-19T10:05:44.045+0000] {subprocess.py:69} INFO - Running command: ['/tmp/cosmos_venv_ecom_intermediate/bin/dbt', 'deps', '--project-dir', '/tmp/tmpg_lbnb5v', '--profiles-dir', '/opt/***/dags/dbt', '--profile', 'ecom_intermediate', '--target', 'dev']
[2025-09-19T10:05:44.055+0000] {subprocess.py:80} INFO - Command output:
[2025-09-19T10:05:46.572+0000] {subprocess.py:90} INFO - [0m10:05:46  Running with dbt=1.10.11
[2025-09-19T10:05:47.480+0000] {subprocess.py:90} INFO - [0m10:05:47  Installing dbt-labs/dbt_utils
[2025-09-19T10:05:48.287+0000] {subprocess.py:90} INFO - [0m10:05:48  Installed from version 1.3.0
[2025-09-19T10:05:48.288+0000] {subprocess.py:90} INFO - [0m10:05:48  Updated version available: 1.3.1
[2025-09-19T10:05:48.289+0000] {subprocess.py:90} INFO - [0m10:05:48
[2025-09-19T10:05:48.289+0000] {subprocess.py:90} INFO - [0m10:05:48  Updates available for packages: ['dbt-labs/dbt_utils']
[2025-09-19T10:05:48.290+0000] {subprocess.py:90} INFO - Update your versions in packages.yml, then run dbt deps
[2025-09-19T10:05:50.086+0000] {subprocess.py:94} INFO - Command exited with return code 0
[2025-09-19T10:05:50.086+0000] {local.py:441} INFO - Update your versions in packages.yml, then run dbt deps
[2025-09-19T10:05:50.087+0000] {virtualenv.py:99} INFO - Using Python binary from virtualenv: /tmp/cosmos_venv_ecom_intermediate/bin/python
[2025-09-19T10:05:50.087+0000] {local.py:434} INFO - Trying to run the command:
 ['/tmp/cosmos_venv_ecom_intermediate/bin/dbt', 'run', '--models', 'order_statuses', '--project-dir', '/tmp/tmpg_lbnb5v', '--profiles-dir', '/opt/***/dags/dbt', '--profile', 'ecom_intermediate', '--target', 'dev']
From /tmp/tmpg_lbnb5v
[2025-09-19T10:05:50.088+0000] {subprocess.py:56} INFO - Tmp dir root location: 
 /tmp
[2025-09-19T10:05:50.088+0000] {subprocess.py:69} INFO - Running command: ['/tmp/cosmos_venv_ecom_intermediate/bin/dbt', 'run', '--models', 'order_statuses', '--project-dir', '/tmp/tmpg_lbnb5v', '--profiles-dir', '/opt/***/dags/dbt', '--profile', 'ecom_intermediate', '--target', 'dev']
[2025-09-19T10:05:50.099+0000] {subprocess.py:80} INFO - Command output:
[2025-09-19T10:05:52.334+0000] {subprocess.py:90} INFO - [0m10:05:52  Running with dbt=1.10.11
[2025-09-19T10:05:52.336+0000] {subprocess.py:90} INFO - [0m10:05:52  [[33mWARNING[0m]: Deprecated functionality
[2025-09-19T10:05:52.337+0000] {subprocess.py:90} INFO - Usage of `--models`, `--model`, and `-m` is deprecated in favor of `--select` or
[2025-09-19T10:05:52.337+0000] {subprocess.py:90} INFO - `-s`.
[2025-09-19T10:05:52.663+0000] {subprocess.py:90} INFO - [0m10:05:52  Registered adapter: clickhouse=1.9.3
[2025-09-19T10:05:53.635+0000] {subprocess.py:90} INFO - [0m10:05:53  Found 15 models, 50 data tests, 8 sources, 597 macros
[2025-09-19T10:05:53.638+0000] {subprocess.py:90} INFO - [0m10:05:53
[2025-09-19T10:05:53.639+0000] {subprocess.py:90} INFO - [0m10:05:53  Concurrency: 4 threads (target='dev')
[2025-09-19T10:05:53.640+0000] {subprocess.py:90} INFO - [0m10:05:53
[2025-09-19T10:05:53.803+0000] {subprocess.py:90} INFO - [0m10:05:53  1 of 1 START sql table model `ecom_db_intermediate`.`order_statuses` ........... [RUN]
[2025-09-19T10:05:53.979+0000] {subprocess.py:90} INFO - [0m10:05:53  1 of 1 OK created sql table model `ecom_db_intermediate`.`order_statuses` ...... [[32mOK[0m in 0.17s]
[2025-09-19T10:05:53.982+0000] {subprocess.py:90} INFO - [0m10:05:53
[2025-09-19T10:05:53.986+0000] {subprocess.py:90} INFO - [0m10:05:53  Finished running 1 table model in 0 hours 0 minutes and 0.34 seconds (0.34s).
[2025-09-19T10:05:54.041+0000] {subprocess.py:90} INFO - [0m10:05:54
[2025-09-19T10:05:54.042+0000] {subprocess.py:90} INFO - [0m10:05:54  [32mCompleted successfully[0m
[2025-09-19T10:05:54.043+0000] {subprocess.py:90} INFO - [0m10:05:54
[2025-09-19T10:05:54.043+0000] {subprocess.py:90} INFO - [0m10:05:54  Done. PASS=1 WARN=0 ERROR=0 SKIP=0 NO-OP=0 TOTAL=1
[2025-09-19T10:05:54.044+0000] {subprocess.py:90} INFO - [0m10:05:54  [[33mWARNING[0m][DeprecationsSummary]: Deprecated functionality
[2025-09-19T10:05:54.044+0000] {subprocess.py:90} INFO - Summary of encountered deprecations:
[2025-09-19T10:05:54.045+0000] {subprocess.py:90} INFO - - ModelParamUsageDeprecation: 1 occurrence
[2025-09-19T10:05:54.045+0000] {subprocess.py:90} INFO - To see all deprecation instances instead of just the first occurrence of each,
[2025-09-19T10:05:54.046+0000] {subprocess.py:90} INFO - run command again with the `--show-all-deprecations` flag. You may also need to
[2025-09-19T10:05:54.046+0000] {subprocess.py:90} INFO - run with `--no-partial-parse` as some deprecations are only encountered during
[2025-09-19T10:05:54.047+0000] {subprocess.py:90} INFO - parsing.
[2025-09-19T10:05:55.710+0000] {subprocess.py:94} INFO - Command exited with return code 0
[2025-09-19T10:05:55.711+0000] {local.py:441} INFO - parsing.
[2025-09-19T10:05:55.728+0000] {local.py:196} WARNING - Artifact schema version: https://schemas.getdbt.com/dbt/manifest/v12.json is above dbt-ol supported version 7. This might cause errors.
[2025-09-19T10:05:55.729+0000] {local.py:196} WARNING - Artifact schema version: https://schemas.getdbt.com/dbt/run-results/v6.json is above dbt-ol supported version 5. This might cause errors.
[2025-09-19T10:05:55.739+0000] {local.py:547} INFO - Inlets: []
[2025-09-19T10:05:55.740+0000] {local.py:548} INFO - Outlets: []
[2025-09-19T10:05:55.741+0000] {local.py:772} INFO - Assigning inlets/outlets without DatasetAlias
[2025-09-19T10:05:55.742+0000] {dag.py:3089} INFO - Sync 1 DAGs
[2025-09-19T10:05:55.923+0000] {virtualenv.py:131} INFO - Releasing virtualenv lock
[2025-09-19T10:05:55.924+0000] {virtualenv.py:145} INFO - None
[2025-09-19T10:05:55.925+0000] {taskinstance.py:441} INFO - ::group::Post task execution logs
[2025-09-19T10:05:56.017+0000] {taskinstance.py:1206} INFO - Marking task as SUCCESS. dag_id=dbt_intermediate, task_id=intermediate.order_statuses.run, run_id=manual__2025-09-19T10:00:34.117962+00:00, execution_date=20250919T100034, start_date=20250919T100453, end_date=20250919T100556
[2025-09-19T10:05:56.091+0000] {local_task_job_runner.py:243} INFO - Task exited with return code 0
[2025-09-19T10:05:56.219+0000] {taskinstance.py:3503} INFO - 0 downstream tasks scheduled from follow-on schedule check
[2025-09-19T10:05:56.232+0000] {local_task_job_runner.py:222} INFO - ::endgroup::
