[2025-09-14T14:02:22.740+0000] {local_task_job_runner.py:120} INFO - ::group::Pre task execution logs
[2025-09-14T14:02:22.973+0000] {taskinstance.py:2076} INFO - Dependencies all met for dep_context=non-requeueable deps ti=<TaskInstance: dbt_intermediate.intermediate.products_enriched.run scheduled__2025-09-13T00:00:00+00:00 [queued]>
[2025-09-14T14:02:22.985+0000] {taskinstance.py:2076} INFO - Dependencies all met for dep_context=requeueable deps ti=<TaskInstance: dbt_intermediate.intermediate.products_enriched.run scheduled__2025-09-13T00:00:00+00:00 [queued]>
[2025-09-14T14:02:22.996+0000] {taskinstance.py:2306} INFO - Starting attempt 1 of 1
[2025-09-14T14:02:23.026+0000] {taskinstance.py:2330} INFO - Executing <Task(DbtRunVirtualenvOperator): intermediate.products_enriched.run> on 2025-09-13 00:00:00+00:00
[2025-09-14T14:02:23.036+0000] {standard_task_runner.py:64} INFO - Started process 4240 to run task
[2025-09-14T14:02:23.040+0000] {standard_task_runner.py:90} INFO - Running: ['***', 'tasks', 'run', 'dbt_intermediate', 'intermediate.products_enriched.run', 'scheduled__2025-09-13T00:00:00+00:00', '--job-id', '341', '--raw', '--subdir', 'DAGS_FOLDER/dbt_intermediate.py', '--cfg-path', '/tmp/tmpjmd4ogan']
[2025-09-14T14:02:23.043+0000] {standard_task_runner.py:91} INFO - Job 341: Subtask intermediate.products_enriched.run
[2025-09-14T14:02:23.207+0000] {task_command.py:426} INFO - Running <TaskInstance: dbt_intermediate.intermediate.products_enriched.run scheduled__2025-09-13T00:00:00+00:00 [running]> on host e95bde6b8d07
[2025-09-14T14:02:23.451+0000] {taskinstance.py:2648} INFO - Exporting env vars: AIRFLOW_CTX_DAG_OWNER='***' AIRFLOW_CTX_DAG_ID='dbt_intermediate' AIRFLOW_CTX_TASK_ID='intermediate.products_enriched.run' AIRFLOW_CTX_EXECUTION_DATE='2025-09-13T00:00:00+00:00' AIRFLOW_CTX_TRY_NUMBER='1' AIRFLOW_CTX_DAG_RUN_ID='scheduled__2025-09-13T00:00:00+00:00'
[2025-09-14T14:02:23.453+0000] {taskinstance.py:430} INFO - ::endgroup::
[2025-09-14T14:02:23.468+0000] {virtualenv.py:120} INFO - Checking if the virtualenv lock /tmp/cosmos_venv_ecom_intermediate/cosmos_virtualenv.lock exists
[2025-09-14T14:02:23.468+0000] {virtualenv.py:178} INFO - Checking for running process with PID 3738
[2025-09-14T14:02:23.469+0000] {virtualenv.py:181} INFO - Process 3738 running: True and has the lock /tmp/cosmos_venv_ecom_intermediate/cosmos_virtualenv.lock.
[2025-09-14T14:02:23.470+0000] {virtualenv.py:122} INFO - Waiting for virtualenv lock to be released
[2025-09-14T14:02:24.472+0000] {virtualenv.py:178} INFO - Checking for running process with PID 3738
[2025-09-14T14:02:24.473+0000] {virtualenv.py:181} INFO - Process 3738 running: True and has the lock /tmp/cosmos_venv_ecom_intermediate/cosmos_virtualenv.lock.
[2025-09-14T14:02:24.473+0000] {virtualenv.py:122} INFO - Waiting for virtualenv lock to be released
[2025-09-14T14:02:25.475+0000] {virtualenv.py:178} INFO - Checking for running process with PID 3738
[2025-09-14T14:02:25.476+0000] {virtualenv.py:181} INFO - Process 3738 running: True and has the lock /tmp/cosmos_venv_ecom_intermediate/cosmos_virtualenv.lock.
[2025-09-14T14:02:25.477+0000] {virtualenv.py:122} INFO - Waiting for virtualenv lock to be released
[2025-09-14T14:02:26.479+0000] {virtualenv.py:178} INFO - Checking for running process with PID 3738
[2025-09-14T14:02:26.480+0000] {virtualenv.py:181} INFO - Process 3738 running: True and has the lock /tmp/cosmos_venv_ecom_intermediate/cosmos_virtualenv.lock.
[2025-09-14T14:02:26.480+0000] {virtualenv.py:122} INFO - Waiting for virtualenv lock to be released
[2025-09-14T14:02:27.481+0000] {virtualenv.py:178} INFO - Checking for running process with PID 3738
[2025-09-14T14:02:27.483+0000] {virtualenv.py:181} INFO - Process 3738 running: True and has the lock /tmp/cosmos_venv_ecom_intermediate/cosmos_virtualenv.lock.
[2025-09-14T14:02:27.484+0000] {virtualenv.py:122} INFO - Waiting for virtualenv lock to be released
[2025-09-14T14:02:28.486+0000] {virtualenv.py:178} INFO - Checking for running process with PID 3738
[2025-09-14T14:02:28.488+0000] {virtualenv.py:181} INFO - Process 3738 running: True and has the lock /tmp/cosmos_venv_ecom_intermediate/cosmos_virtualenv.lock.
[2025-09-14T14:02:28.489+0000] {virtualenv.py:122} INFO - Waiting for virtualenv lock to be released
[2025-09-14T14:02:29.492+0000] {virtualenv.py:178} INFO - Checking for running process with PID 3738
[2025-09-14T14:02:29.495+0000] {virtualenv.py:181} INFO - Process 3738 running: True and has the lock /tmp/cosmos_venv_ecom_intermediate/cosmos_virtualenv.lock.
[2025-09-14T14:02:29.496+0000] {virtualenv.py:122} INFO - Waiting for virtualenv lock to be released
[2025-09-14T14:02:30.498+0000] {virtualenv.py:178} INFO - Checking for running process with PID 3738
[2025-09-14T14:02:30.499+0000] {virtualenv.py:181} INFO - Process 3738 running: True and has the lock /tmp/cosmos_venv_ecom_intermediate/cosmos_virtualenv.lock.
[2025-09-14T14:02:30.500+0000] {virtualenv.py:122} INFO - Waiting for virtualenv lock to be released
[2025-09-14T14:02:31.502+0000] {virtualenv.py:178} INFO - Checking for running process with PID 3738
[2025-09-14T14:02:31.503+0000] {virtualenv.py:181} INFO - Process 3738 running: True and has the lock /tmp/cosmos_venv_ecom_intermediate/cosmos_virtualenv.lock.
[2025-09-14T14:02:31.503+0000] {virtualenv.py:122} INFO - Waiting for virtualenv lock to be released
[2025-09-14T14:02:32.504+0000] {virtualenv.py:178} INFO - Checking for running process with PID 3738
[2025-09-14T14:02:32.505+0000] {virtualenv.py:181} INFO - Process 3738 running: True and has the lock /tmp/cosmos_venv_ecom_intermediate/cosmos_virtualenv.lock.
[2025-09-14T14:02:32.505+0000] {virtualenv.py:122} INFO - Waiting for virtualenv lock to be released
[2025-09-14T14:02:33.507+0000] {virtualenv.py:178} INFO - Checking for running process with PID 3738
[2025-09-14T14:02:33.507+0000] {virtualenv.py:181} INFO - Process 3738 running: True and has the lock /tmp/cosmos_venv_ecom_intermediate/cosmos_virtualenv.lock.
[2025-09-14T14:02:33.508+0000] {virtualenv.py:122} INFO - Waiting for virtualenv lock to be released
[2025-09-14T14:02:34.509+0000] {virtualenv.py:178} INFO - Checking for running process with PID 3738
[2025-09-14T14:02:34.510+0000] {virtualenv.py:181} INFO - Process 3738 running: True and has the lock /tmp/cosmos_venv_ecom_intermediate/cosmos_virtualenv.lock.
[2025-09-14T14:02:34.510+0000] {virtualenv.py:122} INFO - Waiting for virtualenv lock to be released
[2025-09-14T14:02:35.512+0000] {virtualenv.py:178} INFO - Checking for running process with PID 3738
[2025-09-14T14:02:35.512+0000] {virtualenv.py:181} INFO - Process 3738 running: True and has the lock /tmp/cosmos_venv_ecom_intermediate/cosmos_virtualenv.lock.
[2025-09-14T14:02:35.513+0000] {virtualenv.py:122} INFO - Waiting for virtualenv lock to be released
[2025-09-14T14:02:36.514+0000] {virtualenv.py:178} INFO - Checking for running process with PID 3738
[2025-09-14T14:02:36.515+0000] {virtualenv.py:181} INFO - Process 3738 running: True and has the lock /tmp/cosmos_venv_ecom_intermediate/cosmos_virtualenv.lock.
[2025-09-14T14:02:36.516+0000] {virtualenv.py:122} INFO - Waiting for virtualenv lock to be released
[2025-09-14T14:02:37.516+0000] {virtualenv.py:178} INFO - Checking for running process with PID 4088
[2025-09-14T14:02:37.517+0000] {virtualenv.py:181} INFO - Process 4088 running: True and has the lock /tmp/cosmos_venv_ecom_intermediate/cosmos_virtualenv.lock.
[2025-09-14T14:02:37.518+0000] {virtualenv.py:122} INFO - Waiting for virtualenv lock to be released
[2025-09-14T14:02:38.519+0000] {virtualenv.py:178} INFO - Checking for running process with PID 4088
[2025-09-14T14:02:38.519+0000] {virtualenv.py:181} INFO - Process 4088 running: True and has the lock /tmp/cosmos_venv_ecom_intermediate/cosmos_virtualenv.lock.
[2025-09-14T14:02:38.520+0000] {virtualenv.py:122} INFO - Waiting for virtualenv lock to be released
[2025-09-14T14:02:39.521+0000] {virtualenv.py:178} INFO - Checking for running process with PID 4088
[2025-09-14T14:02:39.522+0000] {virtualenv.py:181} INFO - Process 4088 running: True and has the lock /tmp/cosmos_venv_ecom_intermediate/cosmos_virtualenv.lock.
[2025-09-14T14:02:39.523+0000] {virtualenv.py:122} INFO - Waiting for virtualenv lock to be released
[2025-09-14T14:02:40.524+0000] {virtualenv.py:178} INFO - Checking for running process with PID 4088
[2025-09-14T14:02:40.525+0000] {virtualenv.py:181} INFO - Process 4088 running: True and has the lock /tmp/cosmos_venv_ecom_intermediate/cosmos_virtualenv.lock.
[2025-09-14T14:02:40.526+0000] {virtualenv.py:122} INFO - Waiting for virtualenv lock to be released
[2025-09-14T14:02:41.527+0000] {virtualenv.py:178} INFO - Checking for running process with PID 4088
[2025-09-14T14:02:41.528+0000] {virtualenv.py:181} INFO - Process 4088 running: True and has the lock /tmp/cosmos_venv_ecom_intermediate/cosmos_virtualenv.lock.
[2025-09-14T14:02:41.528+0000] {virtualenv.py:122} INFO - Waiting for virtualenv lock to be released
[2025-09-14T14:02:42.530+0000] {virtualenv.py:178} INFO - Checking for running process with PID 4088
[2025-09-14T14:02:42.531+0000] {virtualenv.py:181} INFO - Process 4088 running: True and has the lock /tmp/cosmos_venv_ecom_intermediate/cosmos_virtualenv.lock.
[2025-09-14T14:02:42.531+0000] {virtualenv.py:122} INFO - Waiting for virtualenv lock to be released
[2025-09-14T14:02:43.533+0000] {virtualenv.py:178} INFO - Checking for running process with PID 4088
[2025-09-14T14:02:43.534+0000] {virtualenv.py:181} INFO - Process 4088 running: True and has the lock /tmp/cosmos_venv_ecom_intermediate/cosmos_virtualenv.lock.
[2025-09-14T14:02:43.534+0000] {virtualenv.py:122} INFO - Waiting for virtualenv lock to be released
[2025-09-14T14:02:44.536+0000] {virtualenv.py:178} INFO - Checking for running process with PID 4088
[2025-09-14T14:02:44.537+0000] {virtualenv.py:181} INFO - Process 4088 running: True and has the lock /tmp/cosmos_venv_ecom_intermediate/cosmos_virtualenv.lock.
[2025-09-14T14:02:44.538+0000] {virtualenv.py:122} INFO - Waiting for virtualenv lock to be released
[2025-09-14T14:02:45.540+0000] {virtualenv.py:178} INFO - Checking for running process with PID 4088
[2025-09-14T14:02:45.540+0000] {virtualenv.py:181} INFO - Process 4088 running: True and has the lock /tmp/cosmos_venv_ecom_intermediate/cosmos_virtualenv.lock.
[2025-09-14T14:02:45.540+0000] {virtualenv.py:122} INFO - Waiting for virtualenv lock to be released
[2025-09-14T14:02:46.542+0000] {virtualenv.py:178} INFO - Checking for running process with PID 4088
[2025-09-14T14:02:46.543+0000] {virtualenv.py:181} INFO - Process 4088 running: True and has the lock /tmp/cosmos_venv_ecom_intermediate/cosmos_virtualenv.lock.
[2025-09-14T14:02:46.543+0000] {virtualenv.py:122} INFO - Waiting for virtualenv lock to be released
[2025-09-14T14:02:47.545+0000] {virtualenv.py:178} INFO - Checking for running process with PID 4088
[2025-09-14T14:02:47.546+0000] {virtualenv.py:181} INFO - Process 4088 running: True and has the lock /tmp/cosmos_venv_ecom_intermediate/cosmos_virtualenv.lock.
[2025-09-14T14:02:47.547+0000] {virtualenv.py:122} INFO - Waiting for virtualenv lock to be released
[2025-09-14T14:02:48.549+0000] {virtualenv.py:178} INFO - Checking for running process with PID 4088
[2025-09-14T14:02:48.550+0000] {virtualenv.py:181} INFO - Process 4088 running: True and has the lock /tmp/cosmos_venv_ecom_intermediate/cosmos_virtualenv.lock.
[2025-09-14T14:02:48.550+0000] {virtualenv.py:122} INFO - Waiting for virtualenv lock to be released
[2025-09-14T14:02:49.551+0000] {virtualenv.py:178} INFO - Checking for running process with PID 4088
[2025-09-14T14:02:49.552+0000] {virtualenv.py:181} INFO - Process 4088 running: True and has the lock /tmp/cosmos_venv_ecom_intermediate/cosmos_virtualenv.lock.
[2025-09-14T14:02:49.553+0000] {virtualenv.py:122} INFO - Waiting for virtualenv lock to be released
[2025-09-14T14:02:50.555+0000] {virtualenv.py:178} INFO - Checking for running process with PID 4088
[2025-09-14T14:02:50.556+0000] {virtualenv.py:181} INFO - Process 4088 running: True and has the lock /tmp/cosmos_venv_ecom_intermediate/cosmos_virtualenv.lock.
[2025-09-14T14:02:50.556+0000] {virtualenv.py:122} INFO - Waiting for virtualenv lock to be released
[2025-09-14T14:02:51.558+0000] {virtualenv.py:178} INFO - Checking for running process with PID 4028
[2025-09-14T14:02:51.559+0000] {virtualenv.py:181} INFO - Process 4028 running: True and has the lock /tmp/cosmos_venv_ecom_intermediate/cosmos_virtualenv.lock.
[2025-09-14T14:02:51.560+0000] {virtualenv.py:122} INFO - Waiting for virtualenv lock to be released
[2025-09-14T14:02:52.562+0000] {virtualenv.py:178} INFO - Checking for running process with PID 4028
[2025-09-14T14:02:52.563+0000] {virtualenv.py:181} INFO - Process 4028 running: True and has the lock /tmp/cosmos_venv_ecom_intermediate/cosmos_virtualenv.lock.
[2025-09-14T14:02:52.563+0000] {virtualenv.py:122} INFO - Waiting for virtualenv lock to be released
[2025-09-14T14:02:53.565+0000] {virtualenv.py:178} INFO - Checking for running process with PID 4028
[2025-09-14T14:02:53.567+0000] {virtualenv.py:181} INFO - Process 4028 running: True and has the lock /tmp/cosmos_venv_ecom_intermediate/cosmos_virtualenv.lock.
[2025-09-14T14:02:53.568+0000] {virtualenv.py:122} INFO - Waiting for virtualenv lock to be released
[2025-09-14T14:02:54.570+0000] {virtualenv.py:178} INFO - Checking for running process with PID 4028
[2025-09-14T14:02:54.570+0000] {virtualenv.py:181} INFO - Process 4028 running: True and has the lock /tmp/cosmos_venv_ecom_intermediate/cosmos_virtualenv.lock.
[2025-09-14T14:02:54.571+0000] {virtualenv.py:122} INFO - Waiting for virtualenv lock to be released
[2025-09-14T14:02:55.573+0000] {virtualenv.py:178} INFO - Checking for running process with PID 4028
[2025-09-14T14:02:55.574+0000] {virtualenv.py:181} INFO - Process 4028 running: True and has the lock /tmp/cosmos_venv_ecom_intermediate/cosmos_virtualenv.lock.
[2025-09-14T14:02:55.574+0000] {virtualenv.py:122} INFO - Waiting for virtualenv lock to be released
[2025-09-14T14:02:56.576+0000] {virtualenv.py:178} INFO - Checking for running process with PID 4028
[2025-09-14T14:02:56.577+0000] {virtualenv.py:181} INFO - Process 4028 running: True and has the lock /tmp/cosmos_venv_ecom_intermediate/cosmos_virtualenv.lock.
[2025-09-14T14:02:56.577+0000] {virtualenv.py:122} INFO - Waiting for virtualenv lock to be released
[2025-09-14T14:02:57.578+0000] {virtualenv.py:178} INFO - Checking for running process with PID 4028
[2025-09-14T14:02:57.579+0000] {virtualenv.py:181} INFO - Process 4028 running: True and has the lock /tmp/cosmos_venv_ecom_intermediate/cosmos_virtualenv.lock.
[2025-09-14T14:02:57.580+0000] {virtualenv.py:122} INFO - Waiting for virtualenv lock to be released
[2025-09-14T14:02:58.582+0000] {virtualenv.py:178} INFO - Checking for running process with PID 4028
[2025-09-14T14:02:58.583+0000] {virtualenv.py:181} INFO - Process 4028 running: True and has the lock /tmp/cosmos_venv_ecom_intermediate/cosmos_virtualenv.lock.
[2025-09-14T14:02:58.583+0000] {virtualenv.py:122} INFO - Waiting for virtualenv lock to be released
[2025-09-14T14:02:59.585+0000] {virtualenv.py:178} INFO - Checking for running process with PID 4028
[2025-09-14T14:02:59.587+0000] {virtualenv.py:181} INFO - Process 4028 running: True and has the lock /tmp/cosmos_venv_ecom_intermediate/cosmos_virtualenv.lock.
[2025-09-14T14:02:59.588+0000] {virtualenv.py:122} INFO - Waiting for virtualenv lock to be released
[2025-09-14T14:03:00.589+0000] {virtualenv.py:178} INFO - Checking for running process with PID 4028
[2025-09-14T14:03:00.590+0000] {virtualenv.py:181} INFO - Process 4028 running: True and has the lock /tmp/cosmos_venv_ecom_intermediate/cosmos_virtualenv.lock.
[2025-09-14T14:03:00.591+0000] {virtualenv.py:122} INFO - Waiting for virtualenv lock to be released
[2025-09-14T14:03:01.592+0000] {virtualenv.py:178} INFO - Checking for running process with PID 4028
[2025-09-14T14:03:01.593+0000] {virtualenv.py:181} INFO - Process 4028 running: True and has the lock /tmp/cosmos_venv_ecom_intermediate/cosmos_virtualenv.lock.
[2025-09-14T14:03:01.593+0000] {virtualenv.py:122} INFO - Waiting for virtualenv lock to be released
[2025-09-14T14:03:02.595+0000] {virtualenv.py:178} INFO - Checking for running process with PID 4028
[2025-09-14T14:03:02.596+0000] {virtualenv.py:181} INFO - Process 4028 running: True and has the lock /tmp/cosmos_venv_ecom_intermediate/cosmos_virtualenv.lock.
[2025-09-14T14:03:02.596+0000] {virtualenv.py:122} INFO - Waiting for virtualenv lock to be released
[2025-09-14T14:03:03.598+0000] {virtualenv.py:178} INFO - Checking for running process with PID 4028
[2025-09-14T14:03:03.599+0000] {virtualenv.py:181} INFO - Process 4028 running: True and has the lock /tmp/cosmos_venv_ecom_intermediate/cosmos_virtualenv.lock.
[2025-09-14T14:03:03.600+0000] {virtualenv.py:122} INFO - Waiting for virtualenv lock to be released
[2025-09-14T14:03:04.602+0000] {virtualenv.py:178} INFO - Checking for running process with PID 4330
[2025-09-14T14:03:04.603+0000] {virtualenv.py:181} INFO - Process 4330 running: True and has the lock /tmp/cosmos_venv_ecom_intermediate/cosmos_virtualenv.lock.
[2025-09-14T14:03:04.603+0000] {virtualenv.py:122} INFO - Waiting for virtualenv lock to be released
[2025-09-14T14:03:05.605+0000] {virtualenv.py:178} INFO - Checking for running process with PID 4330
[2025-09-14T14:03:05.605+0000] {virtualenv.py:181} INFO - Process 4330 running: True and has the lock /tmp/cosmos_venv_ecom_intermediate/cosmos_virtualenv.lock.
[2025-09-14T14:03:05.606+0000] {virtualenv.py:122} INFO - Waiting for virtualenv lock to be released
[2025-09-14T14:03:06.607+0000] {virtualenv.py:178} INFO - Checking for running process with PID 4330
[2025-09-14T14:03:06.608+0000] {virtualenv.py:181} INFO - Process 4330 running: True and has the lock /tmp/cosmos_venv_ecom_intermediate/cosmos_virtualenv.lock.
[2025-09-14T14:03:06.608+0000] {virtualenv.py:122} INFO - Waiting for virtualenv lock to be released
[2025-09-14T14:03:07.608+0000] {virtualenv.py:178} INFO - Checking for running process with PID 4330
[2025-09-14T14:03:07.610+0000] {virtualenv.py:181} INFO - Process 4330 running: True and has the lock /tmp/cosmos_venv_ecom_intermediate/cosmos_virtualenv.lock.
[2025-09-14T14:03:07.611+0000] {virtualenv.py:122} INFO - Waiting for virtualenv lock to be released
[2025-09-14T14:03:08.613+0000] {virtualenv.py:178} INFO - Checking for running process with PID 4330
[2025-09-14T14:03:08.613+0000] {virtualenv.py:181} INFO - Process 4330 running: True and has the lock /tmp/cosmos_venv_ecom_intermediate/cosmos_virtualenv.lock.
[2025-09-14T14:03:08.614+0000] {virtualenv.py:122} INFO - Waiting for virtualenv lock to be released
[2025-09-14T14:03:09.615+0000] {virtualenv.py:178} INFO - Checking for running process with PID 4330
[2025-09-14T14:03:09.615+0000] {virtualenv.py:181} INFO - Process 4330 running: True and has the lock /tmp/cosmos_venv_ecom_intermediate/cosmos_virtualenv.lock.
[2025-09-14T14:03:09.616+0000] {virtualenv.py:122} INFO - Waiting for virtualenv lock to be released
[2025-09-14T14:03:10.617+0000] {virtualenv.py:178} INFO - Checking for running process with PID 4330
[2025-09-14T14:03:10.619+0000] {virtualenv.py:181} INFO - Process 4330 running: True and has the lock /tmp/cosmos_venv_ecom_intermediate/cosmos_virtualenv.lock.
[2025-09-14T14:03:10.620+0000] {virtualenv.py:122} INFO - Waiting for virtualenv lock to be released
[2025-09-14T14:03:11.622+0000] {virtualenv.py:178} INFO - Checking for running process with PID 3891
[2025-09-14T14:03:11.623+0000] {virtualenv.py:181} INFO - Process 3891 running: True and has the lock /tmp/cosmos_venv_ecom_intermediate/cosmos_virtualenv.lock.
[2025-09-14T14:03:11.624+0000] {virtualenv.py:122} INFO - Waiting for virtualenv lock to be released
[2025-09-14T14:03:12.625+0000] {virtualenv.py:178} INFO - Checking for running process with PID 3891
[2025-09-14T14:03:12.626+0000] {virtualenv.py:181} INFO - Process 3891 running: True and has the lock /tmp/cosmos_venv_ecom_intermediate/cosmos_virtualenv.lock.
[2025-09-14T14:03:12.626+0000] {virtualenv.py:122} INFO - Waiting for virtualenv lock to be released
[2025-09-14T14:03:13.628+0000] {virtualenv.py:178} INFO - Checking for running process with PID 3891
[2025-09-14T14:03:13.629+0000] {virtualenv.py:181} INFO - Process 3891 running: True and has the lock /tmp/cosmos_venv_ecom_intermediate/cosmos_virtualenv.lock.
[2025-09-14T14:03:13.630+0000] {virtualenv.py:122} INFO - Waiting for virtualenv lock to be released
[2025-09-14T14:03:14.632+0000] {virtualenv.py:178} INFO - Checking for running process with PID 3891
[2025-09-14T14:03:14.632+0000] {virtualenv.py:181} INFO - Process 3891 running: True and has the lock /tmp/cosmos_venv_ecom_intermediate/cosmos_virtualenv.lock.
[2025-09-14T14:03:14.633+0000] {virtualenv.py:122} INFO - Waiting for virtualenv lock to be released
[2025-09-14T14:03:15.635+0000] {virtualenv.py:178} INFO - Checking for running process with PID 3891
[2025-09-14T14:03:15.636+0000] {virtualenv.py:181} INFO - Process 3891 running: True and has the lock /tmp/cosmos_venv_ecom_intermediate/cosmos_virtualenv.lock.
[2025-09-14T14:03:15.636+0000] {virtualenv.py:122} INFO - Waiting for virtualenv lock to be released
[2025-09-14T14:03:16.638+0000] {virtualenv.py:178} INFO - Checking for running process with PID 3891
[2025-09-14T14:03:16.639+0000] {virtualenv.py:181} INFO - Process 3891 running: True and has the lock /tmp/cosmos_venv_ecom_intermediate/cosmos_virtualenv.lock.
[2025-09-14T14:03:16.640+0000] {virtualenv.py:122} INFO - Waiting for virtualenv lock to be released
[2025-09-14T14:03:17.642+0000] {virtualenv.py:178} INFO - Checking for running process with PID 3891
[2025-09-14T14:03:17.643+0000] {virtualenv.py:181} INFO - Process 3891 running: True and has the lock /tmp/cosmos_venv_ecom_intermediate/cosmos_virtualenv.lock.
[2025-09-14T14:03:17.643+0000] {virtualenv.py:122} INFO - Waiting for virtualenv lock to be released
[2025-09-14T14:03:18.645+0000] {virtualenv.py:178} INFO - Checking for running process with PID 3891
[2025-09-14T14:03:18.646+0000] {virtualenv.py:181} INFO - Process 3891 running: True and has the lock /tmp/cosmos_venv_ecom_intermediate/cosmos_virtualenv.lock.
[2025-09-14T14:03:18.646+0000] {virtualenv.py:122} INFO - Waiting for virtualenv lock to be released
[2025-09-14T14:03:19.648+0000] {virtualenv.py:178} INFO - Checking for running process with PID 3891
[2025-09-14T14:03:19.649+0000] {virtualenv.py:181} INFO - Process 3891 running: True and has the lock /tmp/cosmos_venv_ecom_intermediate/cosmos_virtualenv.lock.
[2025-09-14T14:03:19.649+0000] {virtualenv.py:122} INFO - Waiting for virtualenv lock to be released
[2025-09-14T14:03:20.651+0000] {virtualenv.py:178} INFO - Checking for running process with PID 3891
[2025-09-14T14:03:20.651+0000] {virtualenv.py:181} INFO - Process 3891 running: True and has the lock /tmp/cosmos_venv_ecom_intermediate/cosmos_virtualenv.lock.
[2025-09-14T14:03:20.652+0000] {virtualenv.py:122} INFO - Waiting for virtualenv lock to be released
[2025-09-14T14:03:21.653+0000] {virtualenv.py:178} INFO - Checking for running process with PID 3891
[2025-09-14T14:03:21.654+0000] {virtualenv.py:181} INFO - Process 3891 running: True and has the lock /tmp/cosmos_venv_ecom_intermediate/cosmos_virtualenv.lock.
[2025-09-14T14:03:21.654+0000] {virtualenv.py:122} INFO - Waiting for virtualenv lock to be released
[2025-09-14T14:03:22.655+0000] {virtualenv.py:178} INFO - Checking for running process with PID 3891
[2025-09-14T14:03:22.657+0000] {virtualenv.py:181} INFO - Process 3891 running: True and has the lock /tmp/cosmos_venv_ecom_intermediate/cosmos_virtualenv.lock.
[2025-09-14T14:03:22.657+0000] {virtualenv.py:122} INFO - Waiting for virtualenv lock to be released
[2025-09-14T14:03:23.659+0000] {virtualenv.py:178} INFO - Checking for running process with PID 3891
[2025-09-14T14:03:23.660+0000] {virtualenv.py:181} INFO - Process 3891 running: True and has the lock /tmp/cosmos_venv_ecom_intermediate/cosmos_virtualenv.lock.
[2025-09-14T14:03:23.660+0000] {virtualenv.py:122} INFO - Waiting for virtualenv lock to be released
[2025-09-14T14:03:24.661+0000] {virtualenv.py:126} INFO - Acquiring the virtualenv lock
[2025-09-14T14:03:24.662+0000] {virtualenv.py:195} INFO - Acquiring lock at /tmp/cosmos_venv_ecom_intermediate/cosmos_virtualenv.lock with pid 4240
[2025-09-14T14:03:24.662+0000] {virtualenv.py:153} INFO - Creating or updating the virtualenv at `/tmp/cosmos_venv_ecom_intermediate
[2025-09-14T14:03:24.663+0000] {process_utils.py:183} INFO - Executing cmd: /home/***/.local/bin/python -m virtualenv /tmp/cosmos_venv_ecom_intermediate --python=python3
[2025-09-14T14:03:24.664+0000] {process_utils.py:187} INFO - Output:
[2025-09-14T14:03:26.074+0000] {process_utils.py:191} INFO - created virtual environment CPython3.10.14.final.0-64 in 617ms
[2025-09-14T14:03:26.074+0000] {process_utils.py:191} INFO -   creator CPython3Posix(dest=/tmp/cosmos_venv_ecom_intermediate, clear=False, no_vcs_ignore=False, global=False)
[2025-09-14T14:03:26.075+0000] {process_utils.py:191} INFO -   seeder FromAppData(download=False, pip=bundle, setuptools=bundle, wheel=bundle, via=copy, app_data_dir=/home/***/.local/share/virtualenv)
[2025-09-14T14:03:26.076+0000] {process_utils.py:191} INFO -     added seed packages: MarkupSafe==3.0.2, PyYAML==6.0.2, agate==1.9.1, annotated_types==0.7.0, attrs==25.3.0, babel==2.17.0, certifi==2025.8.3, charset_normalizer==3.4.3, click==8.2.1, clickhouse_connect==0.8.18, clickhouse_driver==0.2.9, colorama==0.4.6, daff==1.4.2, dbt_adapters==1.16.7, dbt_clickhouse==1.9.3, dbt_common==1.30.0, dbt_core==1.10.11, dbt_extractor==0.6.0, dbt_protos==1.0.375, dbt_semantic_interfaces==0.9.0, deepdiff==8.6.1, idna==3.10, importlib_metadata==8.7.0, isodate==0.6.1, jinja2==3.1.6, jsonschema==4.25.1, jsonschema_specifications==2025.9.1, leather==0.4.0, lz4==4.4.4, mashumaro==3.14, more_itertools==10.8.0, msgpack==1.1.1, networkx==3.4.2, orderly_set==5.5.0, packaging==25.0, parsedatetime==2.6, pathspec==0.12.1, pip==25.2, protobuf==6.32.1, pydantic==2.11.8, pydantic_core==2.33.2, python_dateutil==2.9.0.post0, python_slugify==8.0.4, pytimeparse==1.1.8, pytz==2025.2, referencing==0.36.2, requests==2.32.5, rpds_py==0.27.1, setuptools==80.9.0, six==1.17.0, snowplow_tracker==1.1.0, sqlparse==0.5.3, text_unidecode==1.3, typing_extensions==4.15.0, typing_inspection==0.4.1, tzlocal==5.3.1, urllib3==2.5.0, wheel==0.45.1, zipp==3.23.0, zstandard==0.24.0
[2025-09-14T14:03:26.077+0000] {process_utils.py:191} INFO -   activators BashActivator,CShellActivator,FishActivator,NushellActivator,PowerShellActivator,PythonActivator
[2025-09-14T14:03:26.141+0000] {process_utils.py:183} INFO - Executing cmd: /tmp/cosmos_venv_ecom_intermediate/bin/pip install dbt-clickhouse
[2025-09-14T14:03:26.142+0000] {process_utils.py:187} INFO - Output:
[2025-09-14T14:03:27.311+0000] {process_utils.py:191} INFO - Requirement already satisfied: dbt-clickhouse in /tmp/cosmos_venv_ecom_intermediate/lib/python3.10/site-packages (1.9.3)
[2025-09-14T14:03:27.312+0000] {process_utils.py:191} INFO - Requirement already satisfied: dbt-core>=1.9 in /tmp/cosmos_venv_ecom_intermediate/lib/python3.10/site-packages (from dbt-clickhouse) (1.10.11)
[2025-09-14T14:03:27.313+0000] {process_utils.py:191} INFO - Requirement already satisfied: clickhouse-connect>=0.6.22 in /tmp/cosmos_venv_ecom_intermediate/lib/python3.10/site-packages (from dbt-clickhouse) (0.8.18)
[2025-09-14T14:03:27.314+0000] {process_utils.py:191} INFO - Requirement already satisfied: clickhouse-driver>=0.2.6 in /tmp/cosmos_venv_ecom_intermediate/lib/python3.10/site-packages (from dbt-clickhouse) (0.2.9)
[2025-09-14T14:03:27.314+0000] {process_utils.py:191} INFO - Requirement already satisfied: setuptools>=0.69 in /tmp/cosmos_venv_ecom_intermediate/lib/python3.10/site-packages (from dbt-clickhouse) (80.9.0)
[2025-09-14T14:03:27.316+0000] {process_utils.py:191} INFO - Requirement already satisfied: certifi in /tmp/cosmos_venv_ecom_intermediate/lib/python3.10/site-packages (from clickhouse-connect>=0.6.22->dbt-clickhouse) (2025.8.3)
[2025-09-14T14:03:27.317+0000] {process_utils.py:191} INFO - Requirement already satisfied: urllib3>=1.26 in /tmp/cosmos_venv_ecom_intermediate/lib/python3.10/site-packages (from clickhouse-connect>=0.6.22->dbt-clickhouse) (2.5.0)
[2025-09-14T14:03:27.318+0000] {process_utils.py:191} INFO - Requirement already satisfied: pytz in /tmp/cosmos_venv_ecom_intermediate/lib/python3.10/site-packages (from clickhouse-connect>=0.6.22->dbt-clickhouse) (2025.2)
[2025-09-14T14:03:27.318+0000] {process_utils.py:191} INFO - Requirement already satisfied: zstandard in /tmp/cosmos_venv_ecom_intermediate/lib/python3.10/site-packages (from clickhouse-connect>=0.6.22->dbt-clickhouse) (0.24.0)
[2025-09-14T14:03:27.319+0000] {process_utils.py:191} INFO - Requirement already satisfied: lz4 in /tmp/cosmos_venv_ecom_intermediate/lib/python3.10/site-packages (from clickhouse-connect>=0.6.22->dbt-clickhouse) (4.4.4)
[2025-09-14T14:03:27.320+0000] {process_utils.py:191} INFO - Requirement already satisfied: tzlocal in /tmp/cosmos_venv_ecom_intermediate/lib/python3.10/site-packages (from clickhouse-driver>=0.2.6->dbt-clickhouse) (5.3.1)
[2025-09-14T14:03:27.325+0000] {process_utils.py:191} INFO - Requirement already satisfied: agate<1.10,>=1.7.0 in /tmp/cosmos_venv_ecom_intermediate/lib/python3.10/site-packages (from dbt-core>=1.9->dbt-clickhouse) (1.9.1)
[2025-09-14T14:03:27.327+0000] {process_utils.py:191} INFO - Requirement already satisfied: Jinja2<4,>=3.1.3 in /tmp/cosmos_venv_ecom_intermediate/lib/python3.10/site-packages (from dbt-core>=1.9->dbt-clickhouse) (3.1.6)
[2025-09-14T14:03:27.329+0000] {process_utils.py:191} INFO - Requirement already satisfied: mashumaro<3.15,>=3.9 in /tmp/cosmos_venv_ecom_intermediate/lib/python3.10/site-packages (from mashumaro[msgpack]<3.15,>=3.9->dbt-core>=1.9->dbt-clickhouse) (3.14)
[2025-09-14T14:03:27.332+0000] {process_utils.py:191} INFO - Requirement already satisfied: click<9.0,>=8.0.2 in /tmp/cosmos_venv_ecom_intermediate/lib/python3.10/site-packages (from dbt-core>=1.9->dbt-clickhouse) (8.2.1)
[2025-09-14T14:03:27.334+0000] {process_utils.py:191} INFO - Requirement already satisfied: jsonschema<5.0,>=4.19.1 in /tmp/cosmos_venv_ecom_intermediate/lib/python3.10/site-packages (from dbt-core>=1.9->dbt-clickhouse) (4.25.1)
[2025-09-14T14:03:27.337+0000] {process_utils.py:191} INFO - Requirement already satisfied: networkx<4.0,>=2.3 in /tmp/cosmos_venv_ecom_intermediate/lib/python3.10/site-packages (from dbt-core>=1.9->dbt-clickhouse) (3.4.2)
[2025-09-14T14:03:27.338+0000] {process_utils.py:191} INFO - Requirement already satisfied: protobuf<7.0,>=6.0 in /tmp/cosmos_venv_ecom_intermediate/lib/python3.10/site-packages (from dbt-core>=1.9->dbt-clickhouse) (6.32.1)
[2025-09-14T14:03:27.339+0000] {process_utils.py:191} INFO - Requirement already satisfied: requests<3.0.0 in /tmp/cosmos_venv_ecom_intermediate/lib/python3.10/site-packages (from dbt-core>=1.9->dbt-clickhouse) (2.32.5)
[2025-09-14T14:03:27.340+0000] {process_utils.py:191} INFO - Requirement already satisfied: snowplow-tracker<2.0,>=1.0.2 in /tmp/cosmos_venv_ecom_intermediate/lib/python3.10/site-packages (from dbt-core>=1.9->dbt-clickhouse) (1.1.0)
[2025-09-14T14:03:27.341+0000] {process_utils.py:191} INFO - Requirement already satisfied: pathspec<0.13,>=0.9 in /tmp/cosmos_venv_ecom_intermediate/lib/python3.10/site-packages (from dbt-core>=1.9->dbt-clickhouse) (0.12.1)
[2025-09-14T14:03:27.342+0000] {process_utils.py:191} INFO - Requirement already satisfied: sqlparse<0.6.0,>=0.5.0 in /tmp/cosmos_venv_ecom_intermediate/lib/python3.10/site-packages (from dbt-core>=1.9->dbt-clickhouse) (0.5.3)
[2025-09-14T14:03:27.345+0000] {process_utils.py:191} INFO - Requirement already satisfied: dbt-extractor<=0.6,>=0.5.0 in /tmp/cosmos_venv_ecom_intermediate/lib/python3.10/site-packages (from dbt-core>=1.9->dbt-clickhouse) (0.6.0)
[2025-09-14T14:03:27.347+0000] {process_utils.py:191} INFO - Requirement already satisfied: dbt-semantic-interfaces<0.10,>=0.9.0 in /tmp/cosmos_venv_ecom_intermediate/lib/python3.10/site-packages (from dbt-core>=1.9->dbt-clickhouse) (0.9.0)
[2025-09-14T14:03:27.348+0000] {process_utils.py:191} INFO - Requirement already satisfied: dbt-common<2.0,>=1.27.0 in /tmp/cosmos_venv_ecom_intermediate/lib/python3.10/site-packages (from dbt-core>=1.9->dbt-clickhouse) (1.30.0)
[2025-09-14T14:03:27.349+0000] {process_utils.py:191} INFO - Requirement already satisfied: dbt-adapters<2.0,>=1.15.5 in /tmp/cosmos_venv_ecom_intermediate/lib/python3.10/site-packages (from dbt-core>=1.9->dbt-clickhouse) (1.16.7)
[2025-09-14T14:03:27.350+0000] {process_utils.py:191} INFO - Requirement already satisfied: dbt-protos<2.0,>=1.0.346 in /tmp/cosmos_venv_ecom_intermediate/lib/python3.10/site-packages (from dbt-core>=1.9->dbt-clickhouse) (1.0.375)
[2025-09-14T14:03:27.351+0000] {process_utils.py:191} INFO - Requirement already satisfied: pydantic<3 in /tmp/cosmos_venv_ecom_intermediate/lib/python3.10/site-packages (from dbt-core>=1.9->dbt-clickhouse) (2.11.8)
[2025-09-14T14:03:27.352+0000] {process_utils.py:191} INFO - Requirement already satisfied: packaging>20.9 in /tmp/cosmos_venv_ecom_intermediate/lib/python3.10/site-packages (from dbt-core>=1.9->dbt-clickhouse) (25.0)
[2025-09-14T14:03:27.353+0000] {process_utils.py:191} INFO - Requirement already satisfied: pyyaml>=6.0 in /tmp/cosmos_venv_ecom_intermediate/lib/python3.10/site-packages (from dbt-core>=1.9->dbt-clickhouse) (6.0.2)
[2025-09-14T14:03:27.354+0000] {process_utils.py:191} INFO - Requirement already satisfied: daff>=1.3.46 in /tmp/cosmos_venv_ecom_intermediate/lib/python3.10/site-packages (from dbt-core>=1.9->dbt-clickhouse) (1.4.2)
[2025-09-14T14:03:27.356+0000] {process_utils.py:191} INFO - Requirement already satisfied: typing-extensions>=4.4 in /tmp/cosmos_venv_ecom_intermediate/lib/python3.10/site-packages (from dbt-core>=1.9->dbt-clickhouse) (4.15.0)
[2025-09-14T14:03:27.364+0000] {process_utils.py:191} INFO - Requirement already satisfied: Babel>=2.0 in /tmp/cosmos_venv_ecom_intermediate/lib/python3.10/site-packages (from agate<1.10,>=1.7.0->dbt-core>=1.9->dbt-clickhouse) (2.17.0)
[2025-09-14T14:03:27.366+0000] {process_utils.py:191} INFO - Requirement already satisfied: isodate>=0.5.4 in /tmp/cosmos_venv_ecom_intermediate/lib/python3.10/site-packages (from agate<1.10,>=1.7.0->dbt-core>=1.9->dbt-clickhouse) (0.6.1)
[2025-09-14T14:03:27.369+0000] {process_utils.py:191} INFO - Requirement already satisfied: leather>=0.3.2 in /tmp/cosmos_venv_ecom_intermediate/lib/python3.10/site-packages (from agate<1.10,>=1.7.0->dbt-core>=1.9->dbt-clickhouse) (0.4.0)
[2025-09-14T14:03:27.370+0000] {process_utils.py:191} INFO - Requirement already satisfied: parsedatetime!=2.5,>=2.1 in /tmp/cosmos_venv_ecom_intermediate/lib/python3.10/site-packages (from agate<1.10,>=1.7.0->dbt-core>=1.9->dbt-clickhouse) (2.6)
[2025-09-14T14:03:27.371+0000] {process_utils.py:191} INFO - Requirement already satisfied: python-slugify>=1.2.1 in /tmp/cosmos_venv_ecom_intermediate/lib/python3.10/site-packages (from agate<1.10,>=1.7.0->dbt-core>=1.9->dbt-clickhouse) (8.0.4)
[2025-09-14T14:03:27.372+0000] {process_utils.py:191} INFO - Requirement already satisfied: pytimeparse>=1.1.5 in /tmp/cosmos_venv_ecom_intermediate/lib/python3.10/site-packages (from agate<1.10,>=1.7.0->dbt-core>=1.9->dbt-clickhouse) (1.1.8)
[2025-09-14T14:03:27.392+0000] {process_utils.py:191} INFO - Requirement already satisfied: colorama<0.5,>=0.3.9 in /tmp/cosmos_venv_ecom_intermediate/lib/python3.10/site-packages (from dbt-common<2.0,>=1.27.0->dbt-core>=1.9->dbt-clickhouse) (0.4.6)
[2025-09-14T14:03:27.397+0000] {process_utils.py:191} INFO - Requirement already satisfied: deepdiff<9.0,>=7.0 in /tmp/cosmos_venv_ecom_intermediate/lib/python3.10/site-packages (from dbt-common<2.0,>=1.27.0->dbt-core>=1.9->dbt-clickhouse) (8.6.1)
[2025-09-14T14:03:27.401+0000] {process_utils.py:191} INFO - Requirement already satisfied: python-dateutil<3.0,>=2.0 in /tmp/cosmos_venv_ecom_intermediate/lib/python3.10/site-packages (from dbt-common<2.0,>=1.27.0->dbt-core>=1.9->dbt-clickhouse) (2.9.0.post0)
[2025-09-14T14:03:27.410+0000] {process_utils.py:191} INFO - Requirement already satisfied: importlib-metadata<9,>=6.0 in /tmp/cosmos_venv_ecom_intermediate/lib/python3.10/site-packages (from dbt-semantic-interfaces<0.10,>=0.9.0->dbt-core>=1.9->dbt-clickhouse) (8.7.0)
[2025-09-14T14:03:27.417+0000] {process_utils.py:191} INFO - Requirement already satisfied: more-itertools<11.0,>=8.0 in /tmp/cosmos_venv_ecom_intermediate/lib/python3.10/site-packages (from dbt-semantic-interfaces<0.10,>=0.9.0->dbt-core>=1.9->dbt-clickhouse) (10.8.0)
[2025-09-14T14:03:27.427+0000] {process_utils.py:191} INFO - Requirement already satisfied: orderly-set<6,>=5.4.1 in /tmp/cosmos_venv_ecom_intermediate/lib/python3.10/site-packages (from deepdiff<9.0,>=7.0->dbt-common<2.0,>=1.27.0->dbt-core>=1.9->dbt-clickhouse) (5.5.0)
[2025-09-14T14:03:27.510+0000] {process_utils.py:191} INFO - Requirement already satisfied: zipp>=3.20 in /tmp/cosmos_venv_ecom_intermediate/lib/python3.10/site-packages (from importlib-metadata<9,>=6.0->dbt-semantic-interfaces<0.10,>=0.9.0->dbt-core>=1.9->dbt-clickhouse) (3.23.0)
[2025-09-14T14:03:27.513+0000] {process_utils.py:191} INFO - Requirement already satisfied: six in /tmp/cosmos_venv_ecom_intermediate/lib/python3.10/site-packages (from isodate>=0.5.4->agate<1.10,>=1.7.0->dbt-core>=1.9->dbt-clickhouse) (1.17.0)
[2025-09-14T14:03:27.515+0000] {process_utils.py:191} INFO - Requirement already satisfied: MarkupSafe>=2.0 in /tmp/cosmos_venv_ecom_intermediate/lib/python3.10/site-packages (from Jinja2<4,>=3.1.3->dbt-core>=1.9->dbt-clickhouse) (3.0.2)
[2025-09-14T14:03:27.516+0000] {process_utils.py:191} INFO - Requirement already satisfied: attrs>=22.2.0 in /tmp/cosmos_venv_ecom_intermediate/lib/python3.10/site-packages (from jsonschema<5.0,>=4.19.1->dbt-core>=1.9->dbt-clickhouse) (25.3.0)
[2025-09-14T14:03:27.517+0000] {process_utils.py:191} INFO - Requirement already satisfied: jsonschema-specifications>=2023.03.6 in /tmp/cosmos_venv_ecom_intermediate/lib/python3.10/site-packages (from jsonschema<5.0,>=4.19.1->dbt-core>=1.9->dbt-clickhouse) (2025.9.1)
[2025-09-14T14:03:27.519+0000] {process_utils.py:191} INFO - Requirement already satisfied: referencing>=0.28.4 in /tmp/cosmos_venv_ecom_intermediate/lib/python3.10/site-packages (from jsonschema<5.0,>=4.19.1->dbt-core>=1.9->dbt-clickhouse) (0.36.2)
[2025-09-14T14:03:27.520+0000] {process_utils.py:191} INFO - Requirement already satisfied: rpds-py>=0.7.1 in /tmp/cosmos_venv_ecom_intermediate/lib/python3.10/site-packages (from jsonschema<5.0,>=4.19.1->dbt-core>=1.9->dbt-clickhouse) (0.27.1)
[2025-09-14T14:03:27.521+0000] {process_utils.py:191} INFO - Requirement already satisfied: msgpack>=0.5.6 in /tmp/cosmos_venv_ecom_intermediate/lib/python3.10/site-packages (from mashumaro[msgpack]<3.15,>=3.9->dbt-core>=1.9->dbt-clickhouse) (1.1.1)
[2025-09-14T14:03:27.522+0000] {process_utils.py:191} INFO - Requirement already satisfied: annotated-types>=0.6.0 in /tmp/cosmos_venv_ecom_intermediate/lib/python3.10/site-packages (from pydantic<3->dbt-core>=1.9->dbt-clickhouse) (0.7.0)
[2025-09-14T14:03:27.523+0000] {process_utils.py:191} INFO - Requirement already satisfied: pydantic-core==2.33.2 in /tmp/cosmos_venv_ecom_intermediate/lib/python3.10/site-packages (from pydantic<3->dbt-core>=1.9->dbt-clickhouse) (2.33.2)
[2025-09-14T14:03:27.524+0000] {process_utils.py:191} INFO - Requirement already satisfied: typing-inspection>=0.4.0 in /tmp/cosmos_venv_ecom_intermediate/lib/python3.10/site-packages (from pydantic<3->dbt-core>=1.9->dbt-clickhouse) (0.4.1)
[2025-09-14T14:03:27.526+0000] {process_utils.py:191} INFO - Requirement already satisfied: charset_normalizer<4,>=2 in /tmp/cosmos_venv_ecom_intermediate/lib/python3.10/site-packages (from requests<3.0.0->dbt-core>=1.9->dbt-clickhouse) (3.4.3)
[2025-09-14T14:03:27.526+0000] {process_utils.py:191} INFO - Requirement already satisfied: idna<4,>=2.5 in /tmp/cosmos_venv_ecom_intermediate/lib/python3.10/site-packages (from requests<3.0.0->dbt-core>=1.9->dbt-clickhouse) (3.10)
[2025-09-14T14:03:27.577+0000] {process_utils.py:191} INFO - Requirement already satisfied: text-unidecode>=1.3 in /tmp/cosmos_venv_ecom_intermediate/lib/python3.10/site-packages (from python-slugify>=1.2.1->agate<1.10,>=1.7.0->dbt-core>=1.9->dbt-clickhouse) (1.3)
[2025-09-14T14:03:27.791+0000] {local.py:470} INFO - Cloning project to writable temp directory /tmp/tmpozyz1e42 from /opt/airflow/dags/dbt/ecom_intermediate
[2025-09-14T14:03:27.802+0000] {local.py:490} INFO - Partial parse is enabled and the latest partial parse file is /tmp/cosmos/dbt_intermediate__intermediate/target/partial_parse.msgpack
[2025-09-14T14:03:27.816+0000] {config.py:362} INFO - Using user-supplied profiles.yml at /opt/airflow/dags/dbt/profiles.yml
[2025-09-14T14:03:27.826+0000] {virtualenv.py:99} INFO - Using Python binary from virtualenv: /tmp/cosmos_venv_ecom_intermediate/bin/python
[2025-09-14T14:03:27.827+0000] {local.py:434} INFO - Trying to run the command:
 ['/tmp/cosmos_venv_ecom_intermediate/bin/dbt', 'deps', '--project-dir', '/tmp/tmpozyz1e42', '--profiles-dir', '/opt/***/dags/dbt', '--profile', 'ecom_intermediate', '--target', 'dev']
From /tmp/tmpozyz1e42
[2025-09-14T14:03:27.828+0000] {subprocess.py:56} INFO - Tmp dir root location: 
 /tmp
[2025-09-14T14:03:27.830+0000] {subprocess.py:69} INFO - Running command: ['/tmp/cosmos_venv_ecom_intermediate/bin/dbt', 'deps', '--project-dir', '/tmp/tmpozyz1e42', '--profiles-dir', '/opt/***/dags/dbt', '--profile', 'ecom_intermediate', '--target', 'dev']
[2025-09-14T14:03:27.849+0000] {subprocess.py:80} INFO - Command output:
[2025-09-14T14:03:29.949+0000] {subprocess.py:90} INFO - [0m14:03:29  Running with dbt=1.10.11
[2025-09-14T14:03:30.842+0000] {subprocess.py:90} INFO - [0m14:03:30  Installing dbt-labs/dbt_utils
[2025-09-14T14:03:31.457+0000] {subprocess.py:90} INFO - [0m14:03:31  Installed from version 1.3.0
[2025-09-14T14:03:31.458+0000] {subprocess.py:90} INFO - [0m14:03:31  Updated version available: 1.3.1
[2025-09-14T14:03:31.458+0000] {subprocess.py:90} INFO - [0m14:03:31
[2025-09-14T14:03:31.459+0000] {subprocess.py:90} INFO - [0m14:03:31  Updates available for packages: ['dbt-labs/dbt_utils']
[2025-09-14T14:03:31.459+0000] {subprocess.py:90} INFO - Update your versions in packages.yml, then run dbt deps
[2025-09-14T14:03:33.306+0000] {subprocess.py:94} INFO - Command exited with return code 0
[2025-09-14T14:03:33.307+0000] {local.py:441} INFO - Update your versions in packages.yml, then run dbt deps
[2025-09-14T14:03:33.308+0000] {virtualenv.py:99} INFO - Using Python binary from virtualenv: /tmp/cosmos_venv_ecom_intermediate/bin/python
[2025-09-14T14:03:33.309+0000] {local.py:434} INFO - Trying to run the command:
 ['/tmp/cosmos_venv_ecom_intermediate/bin/dbt', 'run', '--models', 'products_enriched', '--project-dir', '/tmp/tmpozyz1e42', '--profiles-dir', '/opt/***/dags/dbt', '--profile', 'ecom_intermediate', '--target', 'dev']
From /tmp/tmpozyz1e42
[2025-09-14T14:03:33.309+0000] {subprocess.py:56} INFO - Tmp dir root location: 
 /tmp
[2025-09-14T14:03:33.310+0000] {subprocess.py:69} INFO - Running command: ['/tmp/cosmos_venv_ecom_intermediate/bin/dbt', 'run', '--models', 'products_enriched', '--project-dir', '/tmp/tmpozyz1e42', '--profiles-dir', '/opt/***/dags/dbt', '--profile', 'ecom_intermediate', '--target', 'dev']
[2025-09-14T14:03:33.322+0000] {subprocess.py:80} INFO - Command output:
[2025-09-14T14:03:35.412+0000] {subprocess.py:90} INFO - [0m14:03:35  Running with dbt=1.10.11
[2025-09-14T14:03:35.414+0000] {subprocess.py:90} INFO - [0m14:03:35  [[33mWARNING[0m]: Deprecated functionality
[2025-09-14T14:03:35.415+0000] {subprocess.py:90} INFO - Usage of `--models`, `--model`, and `-m` is deprecated in favor of `--select` or
[2025-09-14T14:03:35.415+0000] {subprocess.py:90} INFO - `-s`.
[2025-09-14T14:03:35.693+0000] {subprocess.py:90} INFO - [0m14:03:35  Registered adapter: clickhouse=1.9.3
[2025-09-14T14:03:36.470+0000] {subprocess.py:90} INFO - [0m14:03:36  Found 15 models, 50 data tests, 8 sources, 597 macros
[2025-09-14T14:03:36.472+0000] {subprocess.py:90} INFO - [0m14:03:36
[2025-09-14T14:03:36.473+0000] {subprocess.py:90} INFO - [0m14:03:36  Concurrency: 4 threads (target='dev')
[2025-09-14T14:03:36.474+0000] {subprocess.py:90} INFO - [0m14:03:36
[2025-09-14T14:03:36.615+0000] {subprocess.py:90} INFO - [0m14:03:36  1 of 1 START sql table model `ecom_db_intermediate`.`products_enriched` ........ [RUN]
[2025-09-14T14:03:36.902+0000] {subprocess.py:90} INFO - [0m14:03:36  1 of 1 OK created sql table model `ecom_db_intermediate`.`products_enriched` ... [[32mOK[0m in 0.28s]
[2025-09-14T14:03:36.906+0000] {subprocess.py:90} INFO - [0m14:03:36
[2025-09-14T14:03:36.906+0000] {subprocess.py:90} INFO - [0m14:03:36  Finished running 1 table model in 0 hours 0 minutes and 0.43 seconds (0.43s).
[2025-09-14T14:03:36.967+0000] {subprocess.py:90} INFO - [0m14:03:36
[2025-09-14T14:03:36.968+0000] {subprocess.py:90} INFO - [0m14:03:36  [32mCompleted successfully[0m
[2025-09-14T14:03:36.968+0000] {subprocess.py:90} INFO - [0m14:03:36
[2025-09-14T14:03:36.969+0000] {subprocess.py:90} INFO - [0m14:03:36  Done. PASS=1 WARN=0 ERROR=0 SKIP=0 NO-OP=0 TOTAL=1
[2025-09-14T14:03:36.969+0000] {subprocess.py:90} INFO - [0m14:03:36  [[33mWARNING[0m][DeprecationsSummary]: Deprecated functionality
[2025-09-14T14:03:36.970+0000] {subprocess.py:90} INFO - Summary of encountered deprecations:
[2025-09-14T14:03:36.970+0000] {subprocess.py:90} INFO - - ModelParamUsageDeprecation: 1 occurrence
[2025-09-14T14:03:36.971+0000] {subprocess.py:90} INFO - To see all deprecation instances instead of just the first occurrence of each,
[2025-09-14T14:03:36.971+0000] {subprocess.py:90} INFO - run command again with the `--show-all-deprecations` flag. You may also need to
[2025-09-14T14:03:36.971+0000] {subprocess.py:90} INFO - run with `--no-partial-parse` as some deprecations are only encountered during
[2025-09-14T14:03:36.972+0000] {subprocess.py:90} INFO - parsing.
[2025-09-14T14:03:39.205+0000] {subprocess.py:94} INFO - Command exited with return code 0
[2025-09-14T14:03:39.206+0000] {local.py:441} INFO - parsing.
[2025-09-14T14:03:39.224+0000] {local.py:196} WARNING - Artifact schema version: https://schemas.getdbt.com/dbt/manifest/v12.json is above dbt-ol supported version 7. This might cause errors.
[2025-09-14T14:03:39.226+0000] {local.py:196} WARNING - Artifact schema version: https://schemas.getdbt.com/dbt/run-results/v6.json is above dbt-ol supported version 5. This might cause errors.
[2025-09-14T14:03:39.236+0000] {local.py:547} INFO - Inlets: []
[2025-09-14T14:03:39.237+0000] {local.py:548} INFO - Outlets: []
[2025-09-14T14:03:39.237+0000] {local.py:772} INFO - Assigning inlets/outlets without DatasetAlias
[2025-09-14T14:03:39.238+0000] {dag.py:3089} INFO - Sync 1 DAGs
[2025-09-14T14:03:39.322+0000] {dag.py:3947} INFO - Setting next_dagrun for dbt_intermediate to 2025-09-14 00:00:00+00:00, run_after=2025-09-15 00:00:00+00:00
[2025-09-14T14:03:39.480+0000] {virtualenv.py:131} INFO - Releasing virtualenv lock
[2025-09-14T14:03:39.482+0000] {virtualenv.py:210} WARNING - Lockfile owned by process of pid 4090, while operator has pid 4240
[2025-09-14T14:03:39.482+0000] {virtualenv.py:145} INFO - None
[2025-09-14T14:03:39.483+0000] {taskinstance.py:441} INFO - ::group::Post task execution logs
[2025-09-14T14:03:39.552+0000] {taskinstance.py:1206} INFO - Marking task as SUCCESS. dag_id=dbt_intermediate, task_id=intermediate.products_enriched.run, run_id=scheduled__2025-09-13T00:00:00+00:00, execution_date=20250913T000000, start_date=20250914T140222, end_date=20250914T140339
[2025-09-14T14:03:39.606+0000] {local_task_job_runner.py:243} INFO - Task exited with return code 0
[2025-09-14T14:03:39.772+0000] {taskinstance.py:3503} INFO - 0 downstream tasks scheduled from follow-on schedule check
[2025-09-14T14:03:39.786+0000] {local_task_job_runner.py:222} INFO - ::endgroup::
