[2025-09-19T10:07:23.063+0000] {local_task_job_runner.py:120} INFO - ::group::Pre task execution logs
[2025-09-19T10:07:23.861+0000] {taskinstance.py:2076} INFO - Dependencies all met for dep_context=non-requeueable deps ti=<TaskInstance: dbt_intermediate.intermediate.locations.run manual__2025-09-19T10:07:12.196360+00:00 [None]>
[2025-09-19T10:07:23.923+0000] {taskinstance.py:2076} INFO - Dependencies all met for dep_context=requeueable deps ti=<TaskInstance: dbt_intermediate.intermediate.locations.run manual__2025-09-19T10:07:12.196360+00:00 [None]>
[2025-09-19T10:07:23.930+0000] {taskinstance.py:2306} INFO - Starting attempt 1 of 1
[2025-09-19T10:07:24.027+0000] {taskinstance.py:2330} INFO - Executing <Task(DbtRunVirtualenvOperator): intermediate.locations.run> on 2025-09-19 10:07:12.196360+00:00
[2025-09-19T10:07:24.041+0000] {standard_task_runner.py:64} INFO - Started process 2120 to run task
[2025-09-19T10:07:24.049+0000] {standard_task_runner.py:90} INFO - Running: ['***', 'tasks', 'run', 'dbt_intermediate', 'intermediate.locations.run', 'manual__2025-09-19T10:07:12.196360+00:00', '--job-id', '549', '--raw', '--subdir', 'DAGS_FOLDER/dbt_intermediate.py', '--cfg-path', '/tmp/tmplecg59m4']
[2025-09-19T10:07:24.054+0000] {standard_task_runner.py:91} INFO - Job 549: Subtask intermediate.locations.run
[2025-09-19T10:07:24.583+0000] {task_command.py:426} INFO - Running <TaskInstance: dbt_intermediate.intermediate.locations.run manual__2025-09-19T10:07:12.196360+00:00 [running]> on host e95bde6b8d07
[2025-09-19T10:07:25.397+0000] {taskinstance.py:2648} INFO - Exporting env vars: AIRFLOW_CTX_DAG_OWNER='***' AIRFLOW_CTX_DAG_ID='dbt_intermediate' AIRFLOW_CTX_TASK_ID='intermediate.locations.run' AIRFLOW_CTX_EXECUTION_DATE='2025-09-19T10:07:12.196360+00:00' AIRFLOW_CTX_TRY_NUMBER='1' AIRFLOW_CTX_DAG_RUN_ID='manual__2025-09-19T10:07:12.196360+00:00'
[2025-09-19T10:07:25.400+0000] {taskinstance.py:430} INFO - ::endgroup::
[2025-09-19T10:07:25.424+0000] {virtualenv.py:120} INFO - Checking if the virtualenv lock /tmp/cosmos_venv_ecom_intermediate/cosmos_virtualenv.lock exists
[2025-09-19T10:07:25.429+0000] {virtualenv.py:178} INFO - Checking for running process with PID 1611
[2025-09-19T10:07:25.437+0000] {virtualenv.py:181} INFO - Process 1611 running: True and has the lock /tmp/cosmos_venv_ecom_intermediate/cosmos_virtualenv.lock.
[2025-09-19T10:07:25.438+0000] {virtualenv.py:122} INFO - Waiting for virtualenv lock to be released
[2025-09-19T10:07:26.440+0000] {virtualenv.py:178} INFO - Checking for running process with PID 1611
[2025-09-19T10:07:26.459+0000] {virtualenv.py:181} INFO - Process 1611 running: True and has the lock /tmp/cosmos_venv_ecom_intermediate/cosmos_virtualenv.lock.
[2025-09-19T10:07:26.459+0000] {virtualenv.py:122} INFO - Waiting for virtualenv lock to be released
[2025-09-19T10:07:27.461+0000] {virtualenv.py:178} INFO - Checking for running process with PID 2123
[2025-09-19T10:07:27.462+0000] {virtualenv.py:181} INFO - Process 2123 running: True and has the lock /tmp/cosmos_venv_ecom_intermediate/cosmos_virtualenv.lock.
[2025-09-19T10:07:27.462+0000] {virtualenv.py:122} INFO - Waiting for virtualenv lock to be released
[2025-09-19T10:07:28.464+0000] {virtualenv.py:178} INFO - Checking for running process with PID 2123
[2025-09-19T10:07:28.465+0000] {virtualenv.py:181} INFO - Process 2123 running: True and has the lock /tmp/cosmos_venv_ecom_intermediate/cosmos_virtualenv.lock.
[2025-09-19T10:07:28.465+0000] {virtualenv.py:122} INFO - Waiting for virtualenv lock to be released
[2025-09-19T10:07:29.467+0000] {virtualenv.py:178} INFO - Checking for running process with PID 2123
[2025-09-19T10:07:29.468+0000] {virtualenv.py:181} INFO - Process 2123 running: True and has the lock /tmp/cosmos_venv_ecom_intermediate/cosmos_virtualenv.lock.
[2025-09-19T10:07:29.468+0000] {virtualenv.py:122} INFO - Waiting for virtualenv lock to be released
[2025-09-19T10:07:30.470+0000] {virtualenv.py:178} INFO - Checking for running process with PID 2123
[2025-09-19T10:07:30.471+0000] {virtualenv.py:181} INFO - Process 2123 running: True and has the lock /tmp/cosmos_venv_ecom_intermediate/cosmos_virtualenv.lock.
[2025-09-19T10:07:30.472+0000] {virtualenv.py:122} INFO - Waiting for virtualenv lock to be released
[2025-09-19T10:07:31.474+0000] {virtualenv.py:178} INFO - Checking for running process with PID 2123
[2025-09-19T10:07:31.475+0000] {virtualenv.py:181} INFO - Process 2123 running: True and has the lock /tmp/cosmos_venv_ecom_intermediate/cosmos_virtualenv.lock.
[2025-09-19T10:07:31.475+0000] {virtualenv.py:122} INFO - Waiting for virtualenv lock to be released
[2025-09-19T10:07:32.477+0000] {virtualenv.py:178} INFO - Checking for running process with PID 2123
[2025-09-19T10:07:32.479+0000] {virtualenv.py:181} INFO - Process 2123 running: True and has the lock /tmp/cosmos_venv_ecom_intermediate/cosmos_virtualenv.lock.
[2025-09-19T10:07:32.479+0000] {virtualenv.py:122} INFO - Waiting for virtualenv lock to be released
[2025-09-19T10:07:33.481+0000] {virtualenv.py:178} INFO - Checking for running process with PID 2123
[2025-09-19T10:07:33.482+0000] {virtualenv.py:181} INFO - Process 2123 running: True and has the lock /tmp/cosmos_venv_ecom_intermediate/cosmos_virtualenv.lock.
[2025-09-19T10:07:33.484+0000] {virtualenv.py:122} INFO - Waiting for virtualenv lock to be released
[2025-09-19T10:07:34.485+0000] {virtualenv.py:178} INFO - Checking for running process with PID 2123
[2025-09-19T10:07:34.487+0000] {virtualenv.py:181} INFO - Process 2123 running: True and has the lock /tmp/cosmos_venv_ecom_intermediate/cosmos_virtualenv.lock.
[2025-09-19T10:07:34.488+0000] {virtualenv.py:122} INFO - Waiting for virtualenv lock to be released
[2025-09-19T10:07:35.491+0000] {virtualenv.py:178} INFO - Checking for running process with PID 2123
[2025-09-19T10:07:35.492+0000] {virtualenv.py:181} INFO - Process 2123 running: True and has the lock /tmp/cosmos_venv_ecom_intermediate/cosmos_virtualenv.lock.
[2025-09-19T10:07:35.493+0000] {virtualenv.py:122} INFO - Waiting for virtualenv lock to be released
[2025-09-19T10:07:36.495+0000] {virtualenv.py:178} INFO - Checking for running process with PID 2123
[2025-09-19T10:07:36.496+0000] {virtualenv.py:181} INFO - Process 2123 running: True and has the lock /tmp/cosmos_venv_ecom_intermediate/cosmos_virtualenv.lock.
[2025-09-19T10:07:36.496+0000] {virtualenv.py:122} INFO - Waiting for virtualenv lock to be released
[2025-09-19T10:07:37.498+0000] {virtualenv.py:178} INFO - Checking for running process with PID 2123
[2025-09-19T10:07:37.499+0000] {virtualenv.py:181} INFO - Process 2123 running: True and has the lock /tmp/cosmos_venv_ecom_intermediate/cosmos_virtualenv.lock.
[2025-09-19T10:07:37.499+0000] {virtualenv.py:122} INFO - Waiting for virtualenv lock to be released
[2025-09-19T10:07:38.500+0000] {virtualenv.py:178} INFO - Checking for running process with PID 2123
[2025-09-19T10:07:38.501+0000] {virtualenv.py:181} INFO - Process 2123 running: True and has the lock /tmp/cosmos_venv_ecom_intermediate/cosmos_virtualenv.lock.
[2025-09-19T10:07:38.504+0000] {virtualenv.py:122} INFO - Waiting for virtualenv lock to be released
[2025-09-19T10:07:39.507+0000] {virtualenv.py:178} INFO - Checking for running process with PID 2123
[2025-09-19T10:07:39.508+0000] {virtualenv.py:181} INFO - Process 2123 running: True and has the lock /tmp/cosmos_venv_ecom_intermediate/cosmos_virtualenv.lock.
[2025-09-19T10:07:39.510+0000] {virtualenv.py:122} INFO - Waiting for virtualenv lock to be released
[2025-09-19T10:07:40.512+0000] {virtualenv.py:178} INFO - Checking for running process with PID 2123
[2025-09-19T10:07:40.513+0000] {virtualenv.py:181} INFO - Process 2123 running: True and has the lock /tmp/cosmos_venv_ecom_intermediate/cosmos_virtualenv.lock.
[2025-09-19T10:07:40.513+0000] {virtualenv.py:122} INFO - Waiting for virtualenv lock to be released
[2025-09-19T10:07:41.515+0000] {virtualenv.py:178} INFO - Checking for running process with PID 2121
[2025-09-19T10:07:41.516+0000] {virtualenv.py:181} INFO - Process 2121 running: True and has the lock /tmp/cosmos_venv_ecom_intermediate/cosmos_virtualenv.lock.
[2025-09-19T10:07:41.516+0000] {virtualenv.py:122} INFO - Waiting for virtualenv lock to be released
[2025-09-19T10:07:42.518+0000] {virtualenv.py:178} INFO - Checking for running process with PID 2121
[2025-09-19T10:07:42.519+0000] {virtualenv.py:181} INFO - Process 2121 running: True and has the lock /tmp/cosmos_venv_ecom_intermediate/cosmos_virtualenv.lock.
[2025-09-19T10:07:42.519+0000] {virtualenv.py:122} INFO - Waiting for virtualenv lock to be released
[2025-09-19T10:07:43.521+0000] {virtualenv.py:178} INFO - Checking for running process with PID 2121
[2025-09-19T10:07:43.524+0000] {virtualenv.py:181} INFO - Process 2121 running: True and has the lock /tmp/cosmos_venv_ecom_intermediate/cosmos_virtualenv.lock.
[2025-09-19T10:07:43.525+0000] {virtualenv.py:122} INFO - Waiting for virtualenv lock to be released
[2025-09-19T10:07:44.526+0000] {virtualenv.py:178} INFO - Checking for running process with PID 2121
[2025-09-19T10:07:44.527+0000] {virtualenv.py:181} INFO - Process 2121 running: True and has the lock /tmp/cosmos_venv_ecom_intermediate/cosmos_virtualenv.lock.
[2025-09-19T10:07:44.528+0000] {virtualenv.py:122} INFO - Waiting for virtualenv lock to be released
[2025-09-19T10:07:45.530+0000] {virtualenv.py:178} INFO - Checking for running process with PID 2121
[2025-09-19T10:07:45.531+0000] {virtualenv.py:181} INFO - Process 2121 running: True and has the lock /tmp/cosmos_venv_ecom_intermediate/cosmos_virtualenv.lock.
[2025-09-19T10:07:45.531+0000] {virtualenv.py:122} INFO - Waiting for virtualenv lock to be released
[2025-09-19T10:07:46.534+0000] {virtualenv.py:178} INFO - Checking for running process with PID 2121
[2025-09-19T10:07:46.535+0000] {virtualenv.py:181} INFO - Process 2121 running: True and has the lock /tmp/cosmos_venv_ecom_intermediate/cosmos_virtualenv.lock.
[2025-09-19T10:07:46.536+0000] {virtualenv.py:122} INFO - Waiting for virtualenv lock to be released
[2025-09-19T10:07:47.538+0000] {virtualenv.py:178} INFO - Checking for running process with PID 2121
[2025-09-19T10:07:47.539+0000] {virtualenv.py:181} INFO - Process 2121 running: True and has the lock /tmp/cosmos_venv_ecom_intermediate/cosmos_virtualenv.lock.
[2025-09-19T10:07:47.540+0000] {virtualenv.py:122} INFO - Waiting for virtualenv lock to be released
[2025-09-19T10:07:48.542+0000] {virtualenv.py:178} INFO - Checking for running process with PID 2121
[2025-09-19T10:07:48.543+0000] {virtualenv.py:181} INFO - Process 2121 running: True and has the lock /tmp/cosmos_venv_ecom_intermediate/cosmos_virtualenv.lock.
[2025-09-19T10:07:48.544+0000] {virtualenv.py:122} INFO - Waiting for virtualenv lock to be released
[2025-09-19T10:07:49.546+0000] {virtualenv.py:178} INFO - Checking for running process with PID 2121
[2025-09-19T10:07:49.547+0000] {virtualenv.py:181} INFO - Process 2121 running: True and has the lock /tmp/cosmos_venv_ecom_intermediate/cosmos_virtualenv.lock.
[2025-09-19T10:07:49.547+0000] {virtualenv.py:122} INFO - Waiting for virtualenv lock to be released
[2025-09-19T10:07:50.548+0000] {virtualenv.py:178} INFO - Checking for running process with PID 2121
[2025-09-19T10:07:50.549+0000] {virtualenv.py:181} INFO - Process 2121 running: True and has the lock /tmp/cosmos_venv_ecom_intermediate/cosmos_virtualenv.lock.
[2025-09-19T10:07:50.550+0000] {virtualenv.py:122} INFO - Waiting for virtualenv lock to be released
[2025-09-19T10:07:51.552+0000] {virtualenv.py:178} INFO - Checking for running process with PID 2121
[2025-09-19T10:07:51.553+0000] {virtualenv.py:181} INFO - Process 2121 running: True and has the lock /tmp/cosmos_venv_ecom_intermediate/cosmos_virtualenv.lock.
[2025-09-19T10:07:51.553+0000] {virtualenv.py:122} INFO - Waiting for virtualenv lock to be released
[2025-09-19T10:07:52.555+0000] {virtualenv.py:178} INFO - Checking for running process with PID 2121
[2025-09-19T10:07:52.556+0000] {virtualenv.py:181} INFO - Process 2121 running: True and has the lock /tmp/cosmos_venv_ecom_intermediate/cosmos_virtualenv.lock.
[2025-09-19T10:07:52.557+0000] {virtualenv.py:122} INFO - Waiting for virtualenv lock to be released
[2025-09-19T10:07:53.558+0000] {virtualenv.py:178} INFO - Checking for running process with PID 2121
[2025-09-19T10:07:53.559+0000] {virtualenv.py:181} INFO - Process 2121 running: True and has the lock /tmp/cosmos_venv_ecom_intermediate/cosmos_virtualenv.lock.
[2025-09-19T10:07:53.560+0000] {virtualenv.py:122} INFO - Waiting for virtualenv lock to be released
[2025-09-19T10:07:54.560+0000] {virtualenv.py:178} INFO - Checking for running process with PID 2121
[2025-09-19T10:07:54.561+0000] {virtualenv.py:181} INFO - Process 2121 running: True and has the lock /tmp/cosmos_venv_ecom_intermediate/cosmos_virtualenv.lock.
[2025-09-19T10:07:54.562+0000] {virtualenv.py:122} INFO - Waiting for virtualenv lock to be released
[2025-09-19T10:07:55.563+0000] {virtualenv.py:126} INFO - Acquiring the virtualenv lock
[2025-09-19T10:07:55.565+0000] {virtualenv.py:195} INFO - Acquiring lock at /tmp/cosmos_venv_ecom_intermediate/cosmos_virtualenv.lock with pid 2120
[2025-09-19T10:07:55.566+0000] {virtualenv.py:153} INFO - Creating or updating the virtualenv at `/tmp/cosmos_venv_ecom_intermediate
[2025-09-19T10:07:55.567+0000] {process_utils.py:183} INFO - Executing cmd: /home/***/.local/bin/python -m virtualenv /tmp/cosmos_venv_ecom_intermediate --python=python3
[2025-09-19T10:07:55.568+0000] {process_utils.py:187} INFO - Output:
[2025-09-19T10:07:57.031+0000] {process_utils.py:191} INFO - RuntimeError: failed to build image pip because:
[2025-09-19T10:07:57.032+0000] {process_utils.py:191} INFO - Traceback (most recent call last):
[2025-09-19T10:07:57.036+0000] {process_utils.py:191} INFO -   File "/home/***/.local/lib/python3.10/site-packages/virtualenv/seed/embed/via_app_data/via_app_data.py", line 57, in _install
[2025-09-19T10:07:57.037+0000] {process_utils.py:191} INFO -     installer.install(creator.interpreter.version_info)
[2025-09-19T10:07:57.038+0000] {process_utils.py:191} INFO -   File "/home/***/.local/lib/python3.10/site-packages/virtualenv/seed/embed/via_app_data/pip_install/base.py", line 37, in install
[2025-09-19T10:07:57.038+0000] {process_utils.py:191} INFO -     self._sync(filename, into)
[2025-09-19T10:07:57.039+0000] {process_utils.py:191} INFO -   File "/home/***/.local/lib/python3.10/site-packages/virtualenv/seed/embed/via_app_data/pip_install/copy.py", line 13, in _sync
[2025-09-19T10:07:57.040+0000] {process_utils.py:191} INFO -     copy(src, dst)
[2025-09-19T10:07:57.041+0000] {process_utils.py:191} INFO -   File "/home/***/.local/lib/python3.10/site-packages/virtualenv/util/path/_sync.py", line 41, in copy
[2025-09-19T10:07:57.041+0000] {process_utils.py:191} INFO -     method(str(src), str(dest))
[2025-09-19T10:07:57.042+0000] {process_utils.py:191} INFO -   File "/home/***/.local/lib/python3.10/site-packages/virtualenv/util/path/_sync.py", line 52, in copytree
[2025-09-19T10:07:57.042+0000] {process_utils.py:191} INFO -     shutil.copy(src_f, dest_f)
[2025-09-19T10:07:57.043+0000] {process_utils.py:191} INFO -   File "/usr/local/lib/python3.10/shutil.py", line 418, in copy
[2025-09-19T10:07:57.043+0000] {process_utils.py:191} INFO -     copymode(src, dst, follow_symlinks=follow_symlinks)
[2025-09-19T10:07:57.043+0000] {process_utils.py:191} INFO -   File "/usr/local/lib/python3.10/shutil.py", line 307, in copymode
[2025-09-19T10:07:57.044+0000] {process_utils.py:191} INFO -     chmod_func(dst, stat.S_IMODE(st.st_mode))
[2025-09-19T10:07:57.044+0000] {process_utils.py:191} INFO - FileNotFoundError: [Errno 2] No such file or directory: '/tmp/cosmos_venv_ecom_intermediate/lib/python3.10/site-packages/pip/_internal/cli/spinners.py'
[2025-09-19T10:07:57.045+0000] {process_utils.py:191} INFO - 
[2025-09-19T10:07:57.116+0000] {virtualenv.py:131} INFO - Releasing virtualenv lock
[2025-09-19T10:07:57.120+0000] {virtualenv.py:210} WARNING - Lockfile owned by process of pid 2117, while operator has pid 2120
[2025-09-19T10:07:57.121+0000] {taskinstance.py:441} INFO - ::group::Post task execution logs
[2025-09-19T10:07:57.122+0000] {taskinstance.py:2905} ERROR - Task failed with exception
Traceback (most recent call last):
  File "/home/airflow/.local/lib/python3.10/site-packages/airflow/models/taskinstance.py", line 465, in _execute_task
    result = _execute_callable(context=context, **execute_callable_kwargs)
  File "/home/airflow/.local/lib/python3.10/site-packages/airflow/models/taskinstance.py", line 432, in _execute_callable
    return execute_callable(context=context, **execute_callable_kwargs)
  File "/home/airflow/.local/lib/python3.10/site-packages/airflow/models/baseoperator.py", line 401, in wrapper
    return func(self, *args, **kwargs)
  File "/home/airflow/.local/lib/python3.10/site-packages/cosmos/operators/virtualenv.py", line 144, in execute
    output = super().execute(context)
  File "/home/airflow/.local/lib/python3.10/site-packages/cosmos/operators/base.py", line 310, in execute
    self.build_and_run_cmd(context=context, cmd_flags=self.add_cmd_flags())
  File "/home/airflow/.local/lib/python3.10/site-packages/cosmos/operators/local.py", line 853, in build_and_run_cmd
    result = self.run_command(
  File "/home/airflow/.local/lib/python3.10/site-packages/cosmos/operators/virtualenv.py", line 128, in run_command
    self._py_bin = self._prepare_virtualenv()
  File "/home/airflow/.local/lib/python3.10/site-packages/cosmos/operators/virtualenv.py", line 154, in _prepare_virtualenv
    py_bin = prepare_virtualenv(
  File "/home/airflow/.local/lib/python3.10/site-packages/airflow/utils/python_virtualenv.py", line 105, in prepare_virtualenv
    execute_in_subprocess(virtualenv_cmd)
  File "/home/airflow/.local/lib/python3.10/site-packages/airflow/utils/process_utils.py", line 172, in execute_in_subprocess
    execute_in_subprocess_with_kwargs(cmd, cwd=cwd)
  File "/home/airflow/.local/lib/python3.10/site-packages/airflow/utils/process_utils.py", line 195, in execute_in_subprocess_with_kwargs
    raise subprocess.CalledProcessError(exit_code, cmd)
subprocess.CalledProcessError: Command '['/home/airflow/.local/bin/python', '-m', 'virtualenv', '/tmp/cosmos_venv_ecom_intermediate', '--python=python3']' returned non-zero exit status 1.
[2025-09-19T10:07:57.173+0000] {taskinstance.py:1206} INFO - Marking task as FAILED. dag_id=dbt_intermediate, task_id=intermediate.locations.run, run_id=manual__2025-09-19T10:07:12.196360+00:00, execution_date=20250919T100712, start_date=20250919T100723, end_date=20250919T100757
[2025-09-19T10:07:57.202+0000] {standard_task_runner.py:110} ERROR - Failed to execute job 549 for task intermediate.locations.run (Command '['/home/airflow/.local/bin/python', '-m', 'virtualenv', '/tmp/cosmos_venv_ecom_intermediate', '--python=python3']' returned non-zero exit status 1.; 2120)
[2025-09-19T10:07:57.246+0000] {local_task_job_runner.py:243} INFO - Task exited with return code 1
[2025-09-19T10:07:57.309+0000] {taskinstance.py:3503} INFO - 0 downstream tasks scheduled from follow-on schedule check
[2025-09-19T10:07:57.321+0000] {local_task_job_runner.py:222} INFO - ::endgroup::
