[2025-09-11T17:42:05.989+0000] {local_task_job_runner.py:120} INFO - ::group::Pre task execution logs
[2025-09-11T17:42:06.054+0000] {taskinstance.py:2076} INFO - Dependencies all met for dep_context=non-requeueable deps ti=<TaskInstance: generate_append_latest_pipeline.generate_latest_data manual__2025-09-11T17:42:04.911324+00:00 [queued]>
[2025-09-11T17:42:06.066+0000] {taskinstance.py:2076} INFO - Dependencies all met for dep_context=requeueable deps ti=<TaskInstance: generate_append_latest_pipeline.generate_latest_data manual__2025-09-11T17:42:04.911324+00:00 [queued]>
[2025-09-11T17:42:06.076+0000] {taskinstance.py:2306} INFO - Starting attempt 1 of 2
[2025-09-11T17:42:06.093+0000] {taskinstance.py:2330} INFO - Executing <Task(PythonOperator): generate_latest_data> on 2025-09-11 17:42:04.911324+00:00
[2025-09-11T17:42:06.099+0000] {standard_task_runner.py:64} INFO - Started process 556 to run task
[2025-09-11T17:42:06.103+0000] {standard_task_runner.py:90} INFO - Running: ['***', 'tasks', 'run', 'generate_append_latest_pipeline', 'generate_latest_data', 'manual__2025-09-11T17:42:04.911324+00:00', '--job-id', '72', '--raw', '--subdir', 'DAGS_FOLDER/sync_data.py', '--cfg-path', '/tmp/tmpcsiv6f9j']
[2025-09-11T17:42:06.106+0000] {standard_task_runner.py:91} INFO - Job 72: Subtask generate_latest_data
[2025-09-11T17:42:06.255+0000] {task_command.py:426} INFO - Running <TaskInstance: generate_append_latest_pipeline.generate_latest_data manual__2025-09-11T17:42:04.911324+00:00 [running]> on host e95bde6b8d07
[2025-09-11T17:42:06.646+0000] {taskinstance.py:2648} INFO - Exporting env vars: AIRFLOW_CTX_DAG_OWNER='***' AIRFLOW_CTX_DAG_ID='generate_append_latest_pipeline' AIRFLOW_CTX_TASK_ID='generate_latest_data' AIRFLOW_CTX_EXECUTION_DATE='2025-09-11T17:42:04.911324+00:00' AIRFLOW_CTX_TRY_NUMBER='1' AIRFLOW_CTX_DAG_RUN_ID='manual__2025-09-11T17:42:04.911324+00:00'
[2025-09-11T17:42:06.646+0000] {taskinstance.py:430} INFO - ::endgroup::
[2025-09-11T17:42:06.676+0000] {logging_mixin.py:188} INFO - Generating data for period: 2025-08-12 to 2025-09-11
[2025-09-11T17:42:06.677+0000] {logging_mixin.py:188} INFO - Generating products...
[2025-09-11T17:42:07.533+0000] {logging_mixin.py:188} INFO - Generating customers...
[2025-09-11T17:42:07.534+0000] {logging_mixin.py:188} INFO - Historic customers file not found. Generating all new customers.
[2025-09-11T17:42:07.839+0000] {logging_mixin.py:188} INFO - Generated total of 1000 customers
[2025-09-11T17:42:07.840+0000] {logging_mixin.py:188} INFO - - Returning customers: 0
[2025-09-11T17:42:07.841+0000] {logging_mixin.py:188} INFO - - New customers: 1000
[2025-09-11T17:42:07.842+0000] {logging_mixin.py:188} INFO - Generating orders...
[2025-09-11T17:42:09.340+0000] {logging_mixin.py:188} INFO - Generating reviews...
[2025-09-11T17:42:16.927+0000] {logging_mixin.py:188} INFO - Generating customer interactions...
[2025-09-11T17:42:20.170+0000] {logging_mixin.py:188} INFO - Uploaded customers to S3: s3://latest-ecom/json/customers.json
[2025-09-11T17:42:20.192+0000] {logging_mixin.py:188} INFO - Uploaded products to S3: s3://latest-ecom/json/products.json
[2025-09-11T17:42:20.225+0000] {logging_mixin.py:188} INFO - Uploaded orders to S3: s3://latest-ecom/json/orders.json
[2025-09-11T17:42:20.264+0000] {logging_mixin.py:188} INFO - Uploaded reviews to S3: s3://latest-ecom/json/reviews.json
[2025-09-11T17:42:20.265+0000] {logging_mixin.py:188} INFO - Loading categories to PostgreSQL as latest_categories
[2025-09-11T17:42:20.370+0000] {logging_mixin.py:188} INFO - Loaded 5 rows to PostgreSQL table: latest_categories
[2025-09-11T17:42:20.370+0000] {logging_mixin.py:188} INFO - Loading subcategories to PostgreSQL as latest_subcategories
[2025-09-11T17:42:20.404+0000] {logging_mixin.py:188} INFO - Loaded 25 rows to PostgreSQL table: latest_subcategories
[2025-09-11T17:42:20.404+0000] {logging_mixin.py:188} INFO - Loading order_items to PostgreSQL as latest_order_items
[2025-09-11T17:42:20.476+0000] {logging_mixin.py:188} INFO - Loaded 6147 rows to PostgreSQL table: latest_order_items
[2025-09-11T17:42:20.477+0000] {logging_mixin.py:188} INFO - Loading interactions to PostgreSQL as latest_interactions
[2025-09-11T17:42:20.627+0000] {logging_mixin.py:188} INFO - Loaded 9882 rows to PostgreSQL table: latest_interactions
[2025-09-11T17:42:20.636+0000] {logging_mixin.py:188} INFO - Saved customers to generated_latest_data/customers.csv
[2025-09-11T17:42:20.644+0000] {logging_mixin.py:188} INFO - Saved products to generated_latest_data/products.csv
[2025-09-11T17:42:20.645+0000] {logging_mixin.py:188} INFO - Saved categories to generated_latest_data/categories.csv
[2025-09-11T17:42:20.647+0000] {logging_mixin.py:188} INFO - Saved subcategories to generated_latest_data/subcategories.csv
[2025-09-11T17:42:20.663+0000] {logging_mixin.py:188} INFO - Saved orders to generated_latest_data/orders.csv
[2025-09-11T17:42:20.685+0000] {logging_mixin.py:188} INFO - Saved order_items to generated_latest_data/order_items.csv
[2025-09-11T17:42:20.698+0000] {logging_mixin.py:188} INFO - Saved reviews to generated_latest_data/reviews.csv
[2025-09-11T17:42:20.739+0000] {logging_mixin.py:188} INFO - Saved interactions to generated_latest_data/interactions.csv
[2025-09-11T17:42:20.747+0000] {logging_mixin.py:188} INFO - Saved customers to generated_latest_data/customers.csv
[2025-09-11T17:42:20.755+0000] {logging_mixin.py:188} INFO - Saved products to generated_latest_data/products.csv
[2025-09-11T17:42:20.757+0000] {logging_mixin.py:188} INFO - Saved categories to generated_latest_data/categories.csv
[2025-09-11T17:42:20.758+0000] {logging_mixin.py:188} INFO - Saved subcategories to generated_latest_data/subcategories.csv
[2025-09-11T17:42:20.776+0000] {logging_mixin.py:188} INFO - Saved orders to generated_latest_data/orders.csv
[2025-09-11T17:42:20.801+0000] {logging_mixin.py:188} INFO - Saved order_items to generated_latest_data/order_items.csv
[2025-09-11T17:42:20.813+0000] {logging_mixin.py:188} INFO - Saved reviews to generated_latest_data/reviews.csv
[2025-09-11T17:42:20.856+0000] {logging_mixin.py:188} INFO - Saved interactions to generated_latest_data/interactions.csv
[2025-09-11T17:42:20.857+0000] {logging_mixin.py:188} INFO - Latest data generation completed successfully
[2025-09-11T17:42:20.859+0000] {python.py:237} INFO - Done. Returned value was: True
[2025-09-11T17:42:20.859+0000] {taskinstance.py:441} INFO - ::group::Post task execution logs
[2025-09-11T17:42:20.950+0000] {taskinstance.py:1206} INFO - Marking task as SUCCESS. dag_id=generate_append_latest_pipeline, task_id=generate_latest_data, run_id=manual__2025-09-11T17:42:04.911324+00:00, execution_date=20250911T174204, start_date=20250911T174206, end_date=20250911T174220
[2025-09-11T17:42:20.990+0000] {local_task_job_runner.py:243} INFO - Task exited with return code 0
[2025-09-11T17:42:21.046+0000] {taskinstance.py:3503} INFO - 1 downstream tasks scheduled from follow-on schedule check
[2025-09-11T17:42:21.048+0000] {local_task_job_runner.py:222} INFO - ::endgroup::
