[2025-09-13T09:28:42.904+0000] {local_task_job_runner.py:120} INFO - ::group::Pre task execution logs
[2025-09-13T09:28:43.313+0000] {taskinstance.py:2076} INFO - Dependencies all met for dep_context=non-requeueable deps ti=<TaskInstance: dbt_intermediate.intermediate.education_types.run scheduled__2025-09-12T00:00:00+00:00 [queued]>
[2025-09-13T09:28:43.339+0000] {taskinstance.py:2076} INFO - Dependencies all met for dep_context=requeueable deps ti=<TaskInstance: dbt_intermediate.intermediate.education_types.run scheduled__2025-09-12T00:00:00+00:00 [queued]>
[2025-09-13T09:28:43.341+0000] {taskinstance.py:2306} INFO - Starting attempt 1 of 1
[2025-09-13T09:28:43.394+0000] {taskinstance.py:2330} INFO - Executing <Task(DbtRunVirtualenvOperator): intermediate.education_types.run> on 2025-09-12 00:00:00+00:00
[2025-09-13T09:28:43.405+0000] {standard_task_runner.py:64} INFO - Started process 4148 to run task
[2025-09-13T09:28:43.412+0000] {standard_task_runner.py:90} INFO - Running: ['***', 'tasks', 'run', 'dbt_intermediate', 'intermediate.education_types.run', 'scheduled__2025-09-12T00:00:00+00:00', '--job-id', '150', '--raw', '--subdir', 'DAGS_FOLDER/dbt_intermediate.py', '--cfg-path', '/tmp/tmpq9fv9ly1']
[2025-09-13T09:28:43.418+0000] {standard_task_runner.py:91} INFO - Job 150: Subtask intermediate.education_types.run
[2025-09-13T09:28:44.380+0000] {task_command.py:426} INFO - Running <TaskInstance: dbt_intermediate.intermediate.education_types.run scheduled__2025-09-12T00:00:00+00:00 [running]> on host e95bde6b8d07
[2025-09-13T09:28:45.479+0000] {taskinstance.py:2648} INFO - Exporting env vars: AIRFLOW_CTX_DAG_OWNER='***' AIRFLOW_CTX_DAG_ID='dbt_intermediate' AIRFLOW_CTX_TASK_ID='intermediate.education_types.run' AIRFLOW_CTX_EXECUTION_DATE='2025-09-12T00:00:00+00:00' AIRFLOW_CTX_TRY_NUMBER='1' AIRFLOW_CTX_DAG_RUN_ID='scheduled__2025-09-12T00:00:00+00:00'
[2025-09-13T09:28:45.484+0000] {taskinstance.py:430} INFO - ::endgroup::
[2025-09-13T09:28:45.510+0000] {virtualenv.py:120} INFO - Checking if the virtualenv lock /tmp/cosmos_venv_ecom_intermediate/cosmos_virtualenv.lock exists
[2025-09-13T09:28:45.511+0000] {virtualenv.py:178} INFO - Checking for running process with PID 4135
[2025-09-13T09:28:45.513+0000] {virtualenv.py:181} INFO - Process 4135 running: True and has the lock /tmp/cosmos_venv_ecom_intermediate/cosmos_virtualenv.lock.
[2025-09-13T09:28:45.514+0000] {virtualenv.py:122} INFO - Waiting for virtualenv lock to be released
[2025-09-13T09:28:46.515+0000] {virtualenv.py:178} INFO - Checking for running process with PID 4135
[2025-09-13T09:28:46.516+0000] {virtualenv.py:181} INFO - Process 4135 running: True and has the lock /tmp/cosmos_venv_ecom_intermediate/cosmos_virtualenv.lock.
[2025-09-13T09:28:46.517+0000] {virtualenv.py:122} INFO - Waiting for virtualenv lock to be released
[2025-09-13T09:28:47.518+0000] {virtualenv.py:178} INFO - Checking for running process with PID 4135
[2025-09-13T09:28:47.519+0000] {virtualenv.py:181} INFO - Process 4135 running: True and has the lock /tmp/cosmos_venv_ecom_intermediate/cosmos_virtualenv.lock.
[2025-09-13T09:28:47.519+0000] {virtualenv.py:122} INFO - Waiting for virtualenv lock to be released
[2025-09-13T09:28:48.521+0000] {virtualenv.py:178} INFO - Checking for running process with PID 4135
[2025-09-13T09:28:48.522+0000] {virtualenv.py:181} INFO - Process 4135 running: True and has the lock /tmp/cosmos_venv_ecom_intermediate/cosmos_virtualenv.lock.
[2025-09-13T09:28:48.522+0000] {virtualenv.py:122} INFO - Waiting for virtualenv lock to be released
[2025-09-13T09:28:49.524+0000] {virtualenv.py:178} INFO - Checking for running process with PID 4135
[2025-09-13T09:28:49.525+0000] {virtualenv.py:181} INFO - Process 4135 running: True and has the lock /tmp/cosmos_venv_ecom_intermediate/cosmos_virtualenv.lock.
[2025-09-13T09:28:49.525+0000] {virtualenv.py:122} INFO - Waiting for virtualenv lock to be released
[2025-09-13T09:28:50.527+0000] {virtualenv.py:178} INFO - Checking for running process with PID 4135
[2025-09-13T09:28:50.528+0000] {virtualenv.py:181} INFO - Process 4135 running: True and has the lock /tmp/cosmos_venv_ecom_intermediate/cosmos_virtualenv.lock.
[2025-09-13T09:28:50.530+0000] {virtualenv.py:122} INFO - Waiting for virtualenv lock to be released
[2025-09-13T09:28:51.533+0000] {virtualenv.py:178} INFO - Checking for running process with PID 4135
[2025-09-13T09:28:51.533+0000] {virtualenv.py:181} INFO - Process 4135 running: True and has the lock /tmp/cosmos_venv_ecom_intermediate/cosmos_virtualenv.lock.
[2025-09-13T09:28:51.534+0000] {virtualenv.py:122} INFO - Waiting for virtualenv lock to be released
[2025-09-13T09:28:52.536+0000] {virtualenv.py:178} INFO - Checking for running process with PID 4135
[2025-09-13T09:28:52.536+0000] {virtualenv.py:181} INFO - Process 4135 running: True and has the lock /tmp/cosmos_venv_ecom_intermediate/cosmos_virtualenv.lock.
[2025-09-13T09:28:52.537+0000] {virtualenv.py:122} INFO - Waiting for virtualenv lock to be released
[2025-09-13T09:28:53.539+0000] {virtualenv.py:178} INFO - Checking for running process with PID 4135
[2025-09-13T09:28:53.539+0000] {virtualenv.py:181} INFO - Process 4135 running: True and has the lock /tmp/cosmos_venv_ecom_intermediate/cosmos_virtualenv.lock.
[2025-09-13T09:28:53.540+0000] {virtualenv.py:122} INFO - Waiting for virtualenv lock to be released
[2025-09-13T09:28:54.540+0000] {virtualenv.py:178} INFO - Checking for running process with PID 4135
[2025-09-13T09:28:54.541+0000] {virtualenv.py:181} INFO - Process 4135 running: True and has the lock /tmp/cosmos_venv_ecom_intermediate/cosmos_virtualenv.lock.
[2025-09-13T09:28:54.542+0000] {virtualenv.py:122} INFO - Waiting for virtualenv lock to be released
[2025-09-13T09:28:55.544+0000] {virtualenv.py:178} INFO - Checking for running process with PID 4135
[2025-09-13T09:28:55.545+0000] {virtualenv.py:181} INFO - Process 4135 running: True and has the lock /tmp/cosmos_venv_ecom_intermediate/cosmos_virtualenv.lock.
[2025-09-13T09:28:55.545+0000] {virtualenv.py:122} INFO - Waiting for virtualenv lock to be released
[2025-09-13T09:28:56.547+0000] {virtualenv.py:178} INFO - Checking for running process with PID 4135
[2025-09-13T09:28:56.548+0000] {virtualenv.py:181} INFO - Process 4135 running: True and has the lock /tmp/cosmos_venv_ecom_intermediate/cosmos_virtualenv.lock.
[2025-09-13T09:28:56.548+0000] {virtualenv.py:122} INFO - Waiting for virtualenv lock to be released
[2025-09-13T09:28:57.550+0000] {virtualenv.py:178} INFO - Checking for running process with PID 4135
[2025-09-13T09:28:57.551+0000] {virtualenv.py:181} INFO - Process 4135 running: True and has the lock /tmp/cosmos_venv_ecom_intermediate/cosmos_virtualenv.lock.
[2025-09-13T09:28:57.552+0000] {virtualenv.py:122} INFO - Waiting for virtualenv lock to be released
[2025-09-13T09:28:58.553+0000] {virtualenv.py:178} INFO - Checking for running process with PID 4135
[2025-09-13T09:28:58.554+0000] {virtualenv.py:181} INFO - Process 4135 running: True and has the lock /tmp/cosmos_venv_ecom_intermediate/cosmos_virtualenv.lock.
[2025-09-13T09:28:58.555+0000] {virtualenv.py:122} INFO - Waiting for virtualenv lock to be released
[2025-09-13T09:28:59.557+0000] {virtualenv.py:178} INFO - Checking for running process with PID 4135
[2025-09-13T09:28:59.557+0000] {virtualenv.py:181} INFO - Process 4135 running: True and has the lock /tmp/cosmos_venv_ecom_intermediate/cosmos_virtualenv.lock.
[2025-09-13T09:28:59.558+0000] {virtualenv.py:122} INFO - Waiting for virtualenv lock to be released
[2025-09-13T09:29:00.559+0000] {virtualenv.py:178} INFO - Checking for running process with PID 4135
[2025-09-13T09:29:00.560+0000] {virtualenv.py:181} INFO - Process 4135 running: True and has the lock /tmp/cosmos_venv_ecom_intermediate/cosmos_virtualenv.lock.
[2025-09-13T09:29:00.560+0000] {virtualenv.py:122} INFO - Waiting for virtualenv lock to be released
[2025-09-13T09:29:01.562+0000] {virtualenv.py:178} INFO - Checking for running process with PID 4135
[2025-09-13T09:29:01.563+0000] {virtualenv.py:181} INFO - Process 4135 running: True and has the lock /tmp/cosmos_venv_ecom_intermediate/cosmos_virtualenv.lock.
[2025-09-13T09:29:01.564+0000] {virtualenv.py:122} INFO - Waiting for virtualenv lock to be released
[2025-09-13T09:29:02.565+0000] {virtualenv.py:178} INFO - Checking for running process with PID 4135
[2025-09-13T09:29:02.566+0000] {virtualenv.py:181} INFO - Process 4135 running: True and has the lock /tmp/cosmos_venv_ecom_intermediate/cosmos_virtualenv.lock.
[2025-09-13T09:29:02.566+0000] {virtualenv.py:122} INFO - Waiting for virtualenv lock to be released
[2025-09-13T09:29:03.567+0000] {virtualenv.py:178} INFO - Checking for running process with PID 4135
[2025-09-13T09:29:03.568+0000] {virtualenv.py:181} INFO - Process 4135 running: True and has the lock /tmp/cosmos_venv_ecom_intermediate/cosmos_virtualenv.lock.
[2025-09-13T09:29:03.569+0000] {virtualenv.py:122} INFO - Waiting for virtualenv lock to be released
[2025-09-13T09:29:04.572+0000] {virtualenv.py:178} INFO - Checking for running process with PID 4135
[2025-09-13T09:29:04.572+0000] {virtualenv.py:181} INFO - Process 4135 running: True and has the lock /tmp/cosmos_venv_ecom_intermediate/cosmos_virtualenv.lock.
[2025-09-13T09:29:04.573+0000] {virtualenv.py:122} INFO - Waiting for virtualenv lock to be released
[2025-09-13T09:29:05.574+0000] {virtualenv.py:178} INFO - Checking for running process with PID 4135
[2025-09-13T09:29:05.575+0000] {virtualenv.py:181} INFO - Process 4135 running: True and has the lock /tmp/cosmos_venv_ecom_intermediate/cosmos_virtualenv.lock.
[2025-09-13T09:29:05.575+0000] {virtualenv.py:122} INFO - Waiting for virtualenv lock to be released
[2025-09-13T09:29:06.577+0000] {virtualenv.py:178} INFO - Checking for running process with PID 4135
[2025-09-13T09:29:06.578+0000] {virtualenv.py:181} INFO - Process 4135 running: True and has the lock /tmp/cosmos_venv_ecom_intermediate/cosmos_virtualenv.lock.
[2025-09-13T09:29:06.579+0000] {virtualenv.py:122} INFO - Waiting for virtualenv lock to be released
[2025-09-13T09:29:07.579+0000] {virtualenv.py:178} INFO - Checking for running process with PID 4135
[2025-09-13T09:29:07.580+0000] {virtualenv.py:181} INFO - Process 4135 running: True and has the lock /tmp/cosmos_venv_ecom_intermediate/cosmos_virtualenv.lock.
[2025-09-13T09:29:07.581+0000] {virtualenv.py:122} INFO - Waiting for virtualenv lock to be released
[2025-09-13T09:29:08.583+0000] {virtualenv.py:178} INFO - Checking for running process with PID 4135
[2025-09-13T09:29:08.584+0000] {virtualenv.py:181} INFO - Process 4135 running: True and has the lock /tmp/cosmos_venv_ecom_intermediate/cosmos_virtualenv.lock.
[2025-09-13T09:29:08.584+0000] {virtualenv.py:122} INFO - Waiting for virtualenv lock to be released
[2025-09-13T09:29:09.586+0000] {virtualenv.py:178} INFO - Checking for running process with PID 4135
[2025-09-13T09:29:09.587+0000] {virtualenv.py:181} INFO - Process 4135 running: True and has the lock /tmp/cosmos_venv_ecom_intermediate/cosmos_virtualenv.lock.
[2025-09-13T09:29:09.587+0000] {virtualenv.py:122} INFO - Waiting for virtualenv lock to be released
[2025-09-13T09:29:10.588+0000] {virtualenv.py:178} INFO - Checking for running process with PID 4135
[2025-09-13T09:29:10.589+0000] {virtualenv.py:181} INFO - Process 4135 running: True and has the lock /tmp/cosmos_venv_ecom_intermediate/cosmos_virtualenv.lock.
[2025-09-13T09:29:10.590+0000] {virtualenv.py:122} INFO - Waiting for virtualenv lock to be released
[2025-09-13T09:29:11.591+0000] {virtualenv.py:178} INFO - Checking for running process with PID 4135
[2025-09-13T09:29:11.592+0000] {virtualenv.py:181} INFO - Process 4135 running: True and has the lock /tmp/cosmos_venv_ecom_intermediate/cosmos_virtualenv.lock.
[2025-09-13T09:29:11.593+0000] {virtualenv.py:122} INFO - Waiting for virtualenv lock to be released
[2025-09-13T09:29:12.594+0000] {virtualenv.py:178} INFO - Checking for running process with PID 4135
[2025-09-13T09:29:12.595+0000] {virtualenv.py:181} INFO - Process 4135 running: True and has the lock /tmp/cosmos_venv_ecom_intermediate/cosmos_virtualenv.lock.
[2025-09-13T09:29:12.596+0000] {virtualenv.py:122} INFO - Waiting for virtualenv lock to be released
[2025-09-13T09:29:13.598+0000] {virtualenv.py:178} INFO - Checking for running process with PID 4135
[2025-09-13T09:29:13.598+0000] {virtualenv.py:181} INFO - Process 4135 running: True and has the lock /tmp/cosmos_venv_ecom_intermediate/cosmos_virtualenv.lock.
[2025-09-13T09:29:13.599+0000] {virtualenv.py:122} INFO - Waiting for virtualenv lock to be released
[2025-09-13T09:29:14.600+0000] {virtualenv.py:178} INFO - Checking for running process with PID 4135
[2025-09-13T09:29:14.601+0000] {virtualenv.py:181} INFO - Process 4135 running: True and has the lock /tmp/cosmos_venv_ecom_intermediate/cosmos_virtualenv.lock.
[2025-09-13T09:29:14.602+0000] {virtualenv.py:122} INFO - Waiting for virtualenv lock to be released
[2025-09-13T09:29:15.603+0000] {virtualenv.py:178} INFO - Checking for running process with PID 4135
[2025-09-13T09:29:15.604+0000] {virtualenv.py:181} INFO - Process 4135 running: True and has the lock /tmp/cosmos_venv_ecom_intermediate/cosmos_virtualenv.lock.
[2025-09-13T09:29:15.605+0000] {virtualenv.py:122} INFO - Waiting for virtualenv lock to be released
[2025-09-13T09:29:16.606+0000] {virtualenv.py:178} INFO - Checking for running process with PID 4135
[2025-09-13T09:29:16.607+0000] {virtualenv.py:181} INFO - Process 4135 running: True and has the lock /tmp/cosmos_venv_ecom_intermediate/cosmos_virtualenv.lock.
[2025-09-13T09:29:16.607+0000] {virtualenv.py:122} INFO - Waiting for virtualenv lock to be released
[2025-09-13T09:29:17.609+0000] {virtualenv.py:178} INFO - Checking for running process with PID 4135
[2025-09-13T09:29:17.610+0000] {virtualenv.py:181} INFO - Process 4135 running: True and has the lock /tmp/cosmos_venv_ecom_intermediate/cosmos_virtualenv.lock.
[2025-09-13T09:29:17.610+0000] {virtualenv.py:122} INFO - Waiting for virtualenv lock to be released
[2025-09-13T09:29:18.612+0000] {virtualenv.py:178} INFO - Checking for running process with PID 4138
[2025-09-13T09:29:18.613+0000] {virtualenv.py:181} INFO - Process 4138 running: True and has the lock /tmp/cosmos_venv_ecom_intermediate/cosmos_virtualenv.lock.
[2025-09-13T09:29:18.614+0000] {virtualenv.py:122} INFO - Waiting for virtualenv lock to be released
[2025-09-13T09:29:19.617+0000] {virtualenv.py:178} INFO - Checking for running process with PID 4138
[2025-09-13T09:29:19.618+0000] {virtualenv.py:181} INFO - Process 4138 running: True and has the lock /tmp/cosmos_venv_ecom_intermediate/cosmos_virtualenv.lock.
[2025-09-13T09:29:19.619+0000] {virtualenv.py:122} INFO - Waiting for virtualenv lock to be released
[2025-09-13T09:29:20.621+0000] {virtualenv.py:178} INFO - Checking for running process with PID 4138
[2025-09-13T09:29:20.622+0000] {virtualenv.py:181} INFO - Process 4138 running: True and has the lock /tmp/cosmos_venv_ecom_intermediate/cosmos_virtualenv.lock.
[2025-09-13T09:29:20.622+0000] {virtualenv.py:122} INFO - Waiting for virtualenv lock to be released
[2025-09-13T09:29:21.623+0000] {virtualenv.py:178} INFO - Checking for running process with PID 4138
[2025-09-13T09:29:21.623+0000] {virtualenv.py:181} INFO - Process 4138 running: True and has the lock /tmp/cosmos_venv_ecom_intermediate/cosmos_virtualenv.lock.
[2025-09-13T09:29:21.624+0000] {virtualenv.py:122} INFO - Waiting for virtualenv lock to be released
[2025-09-13T09:29:22.626+0000] {virtualenv.py:178} INFO - Checking for running process with PID 4138
[2025-09-13T09:29:22.626+0000] {virtualenv.py:181} INFO - Process 4138 running: True and has the lock /tmp/cosmos_venv_ecom_intermediate/cosmos_virtualenv.lock.
[2025-09-13T09:29:22.627+0000] {virtualenv.py:122} INFO - Waiting for virtualenv lock to be released
[2025-09-13T09:29:23.628+0000] {virtualenv.py:178} INFO - Checking for running process with PID 4138
[2025-09-13T09:29:23.629+0000] {virtualenv.py:181} INFO - Process 4138 running: True and has the lock /tmp/cosmos_venv_ecom_intermediate/cosmos_virtualenv.lock.
[2025-09-13T09:29:23.630+0000] {virtualenv.py:122} INFO - Waiting for virtualenv lock to be released
[2025-09-13T09:29:24.631+0000] {virtualenv.py:178} INFO - Checking for running process with PID 4138
[2025-09-13T09:29:24.632+0000] {virtualenv.py:181} INFO - Process 4138 running: True and has the lock /tmp/cosmos_venv_ecom_intermediate/cosmos_virtualenv.lock.
[2025-09-13T09:29:24.632+0000] {virtualenv.py:122} INFO - Waiting for virtualenv lock to be released
[2025-09-13T09:29:25.634+0000] {virtualenv.py:178} INFO - Checking for running process with PID 4138
[2025-09-13T09:29:25.634+0000] {virtualenv.py:181} INFO - Process 4138 running: True and has the lock /tmp/cosmos_venv_ecom_intermediate/cosmos_virtualenv.lock.
[2025-09-13T09:29:25.635+0000] {virtualenv.py:122} INFO - Waiting for virtualenv lock to be released
[2025-09-13T09:29:26.636+0000] {virtualenv.py:178} INFO - Checking for running process with PID 4138
[2025-09-13T09:29:26.637+0000] {virtualenv.py:181} INFO - Process 4138 running: True and has the lock /tmp/cosmos_venv_ecom_intermediate/cosmos_virtualenv.lock.
[2025-09-13T09:29:26.637+0000] {virtualenv.py:122} INFO - Waiting for virtualenv lock to be released
[2025-09-13T09:29:27.639+0000] {virtualenv.py:178} INFO - Checking for running process with PID 4138
[2025-09-13T09:29:27.640+0000] {virtualenv.py:181} INFO - Process 4138 running: True and has the lock /tmp/cosmos_venv_ecom_intermediate/cosmos_virtualenv.lock.
[2025-09-13T09:29:27.640+0000] {virtualenv.py:122} INFO - Waiting for virtualenv lock to be released
[2025-09-13T09:29:28.642+0000] {virtualenv.py:178} INFO - Checking for running process with PID 4138
[2025-09-13T09:29:28.642+0000] {virtualenv.py:181} INFO - Process 4138 running: True and has the lock /tmp/cosmos_venv_ecom_intermediate/cosmos_virtualenv.lock.
[2025-09-13T09:29:28.642+0000] {virtualenv.py:122} INFO - Waiting for virtualenv lock to be released
[2025-09-13T09:29:29.644+0000] {virtualenv.py:178} INFO - Checking for running process with PID 4138
[2025-09-13T09:29:29.645+0000] {virtualenv.py:181} INFO - Process 4138 running: True and has the lock /tmp/cosmos_venv_ecom_intermediate/cosmos_virtualenv.lock.
[2025-09-13T09:29:29.646+0000] {virtualenv.py:122} INFO - Waiting for virtualenv lock to be released
[2025-09-13T09:29:30.647+0000] {virtualenv.py:178} INFO - Checking for running process with PID 4138
[2025-09-13T09:29:30.647+0000] {virtualenv.py:181} INFO - Process 4138 running: True and has the lock /tmp/cosmos_venv_ecom_intermediate/cosmos_virtualenv.lock.
[2025-09-13T09:29:30.648+0000] {virtualenv.py:122} INFO - Waiting for virtualenv lock to be released
[2025-09-13T09:29:31.649+0000] {virtualenv.py:178} INFO - Checking for running process with PID 4138
[2025-09-13T09:29:31.650+0000] {virtualenv.py:181} INFO - Process 4138 running: True and has the lock /tmp/cosmos_venv_ecom_intermediate/cosmos_virtualenv.lock.
[2025-09-13T09:29:31.650+0000] {virtualenv.py:122} INFO - Waiting for virtualenv lock to be released
[2025-09-13T09:29:32.652+0000] {virtualenv.py:178} INFO - Checking for running process with PID 4138
[2025-09-13T09:29:32.653+0000] {virtualenv.py:181} INFO - Process 4138 running: True and has the lock /tmp/cosmos_venv_ecom_intermediate/cosmos_virtualenv.lock.
[2025-09-13T09:29:32.653+0000] {virtualenv.py:122} INFO - Waiting for virtualenv lock to be released
[2025-09-13T09:29:33.655+0000] {virtualenv.py:178} INFO - Checking for running process with PID 4138
[2025-09-13T09:29:33.656+0000] {virtualenv.py:181} INFO - Process 4138 running: True and has the lock /tmp/cosmos_venv_ecom_intermediate/cosmos_virtualenv.lock.
[2025-09-13T09:29:33.656+0000] {virtualenv.py:122} INFO - Waiting for virtualenv lock to be released
[2025-09-13T09:29:34.659+0000] {virtualenv.py:178} INFO - Checking for running process with PID 4138
[2025-09-13T09:29:34.662+0000] {virtualenv.py:181} INFO - Process 4138 running: True and has the lock /tmp/cosmos_venv_ecom_intermediate/cosmos_virtualenv.lock.
[2025-09-13T09:29:34.663+0000] {virtualenv.py:122} INFO - Waiting for virtualenv lock to be released
[2025-09-13T09:29:35.665+0000] {virtualenv.py:178} INFO - Checking for running process with PID 4149
[2025-09-13T09:29:35.666+0000] {virtualenv.py:181} INFO - Process 4149 running: True and has the lock /tmp/cosmos_venv_ecom_intermediate/cosmos_virtualenv.lock.
[2025-09-13T09:29:35.667+0000] {virtualenv.py:122} INFO - Waiting for virtualenv lock to be released
[2025-09-13T09:29:36.669+0000] {virtualenv.py:178} INFO - Checking for running process with PID 4149
[2025-09-13T09:29:36.670+0000] {virtualenv.py:181} INFO - Process 4149 running: True and has the lock /tmp/cosmos_venv_ecom_intermediate/cosmos_virtualenv.lock.
[2025-09-13T09:29:36.670+0000] {virtualenv.py:122} INFO - Waiting for virtualenv lock to be released
[2025-09-13T09:29:37.671+0000] {virtualenv.py:178} INFO - Checking for running process with PID 4149
[2025-09-13T09:29:37.672+0000] {virtualenv.py:181} INFO - Process 4149 running: True and has the lock /tmp/cosmos_venv_ecom_intermediate/cosmos_virtualenv.lock.
[2025-09-13T09:29:37.672+0000] {virtualenv.py:122} INFO - Waiting for virtualenv lock to be released
[2025-09-13T09:29:38.675+0000] {virtualenv.py:178} INFO - Checking for running process with PID 4149
[2025-09-13T09:29:38.676+0000] {virtualenv.py:181} INFO - Process 4149 running: True and has the lock /tmp/cosmos_venv_ecom_intermediate/cosmos_virtualenv.lock.
[2025-09-13T09:29:38.676+0000] {virtualenv.py:122} INFO - Waiting for virtualenv lock to be released
[2025-09-13T09:29:39.678+0000] {virtualenv.py:178} INFO - Checking for running process with PID 4149
[2025-09-13T09:29:39.679+0000] {virtualenv.py:181} INFO - Process 4149 running: True and has the lock /tmp/cosmos_venv_ecom_intermediate/cosmos_virtualenv.lock.
[2025-09-13T09:29:39.680+0000] {virtualenv.py:122} INFO - Waiting for virtualenv lock to be released
[2025-09-13T09:29:40.681+0000] {virtualenv.py:178} INFO - Checking for running process with PID 4149
[2025-09-13T09:29:40.682+0000] {virtualenv.py:181} INFO - Process 4149 running: True and has the lock /tmp/cosmos_venv_ecom_intermediate/cosmos_virtualenv.lock.
[2025-09-13T09:29:40.682+0000] {virtualenv.py:122} INFO - Waiting for virtualenv lock to be released
[2025-09-13T09:29:41.684+0000] {virtualenv.py:178} INFO - Checking for running process with PID 4149
[2025-09-13T09:29:41.684+0000] {virtualenv.py:181} INFO - Process 4149 running: True and has the lock /tmp/cosmos_venv_ecom_intermediate/cosmos_virtualenv.lock.
[2025-09-13T09:29:41.685+0000] {virtualenv.py:122} INFO - Waiting for virtualenv lock to be released
[2025-09-13T09:29:42.685+0000] {virtualenv.py:178} INFO - Checking for running process with PID 4149
[2025-09-13T09:29:42.686+0000] {virtualenv.py:181} INFO - Process 4149 running: True and has the lock /tmp/cosmos_venv_ecom_intermediate/cosmos_virtualenv.lock.
[2025-09-13T09:29:42.687+0000] {virtualenv.py:122} INFO - Waiting for virtualenv lock to be released
[2025-09-13T09:29:43.689+0000] {virtualenv.py:178} INFO - Checking for running process with PID 4149
[2025-09-13T09:29:43.690+0000] {virtualenv.py:181} INFO - Process 4149 running: True and has the lock /tmp/cosmos_venv_ecom_intermediate/cosmos_virtualenv.lock.
[2025-09-13T09:29:43.691+0000] {virtualenv.py:122} INFO - Waiting for virtualenv lock to be released
[2025-09-13T09:29:44.692+0000] {virtualenv.py:178} INFO - Checking for running process with PID 4149
[2025-09-13T09:29:44.694+0000] {virtualenv.py:181} INFO - Process 4149 running: True and has the lock /tmp/cosmos_venv_ecom_intermediate/cosmos_virtualenv.lock.
[2025-09-13T09:29:44.695+0000] {virtualenv.py:122} INFO - Waiting for virtualenv lock to be released
[2025-09-13T09:29:45.696+0000] {virtualenv.py:178} INFO - Checking for running process with PID 4149
[2025-09-13T09:29:45.697+0000] {virtualenv.py:181} INFO - Process 4149 running: True and has the lock /tmp/cosmos_venv_ecom_intermediate/cosmos_virtualenv.lock.
[2025-09-13T09:29:45.698+0000] {virtualenv.py:122} INFO - Waiting for virtualenv lock to be released
[2025-09-13T09:29:46.699+0000] {virtualenv.py:178} INFO - Checking for running process with PID 4149
[2025-09-13T09:29:46.699+0000] {virtualenv.py:181} INFO - Process 4149 running: True and has the lock /tmp/cosmos_venv_ecom_intermediate/cosmos_virtualenv.lock.
[2025-09-13T09:29:46.700+0000] {virtualenv.py:122} INFO - Waiting for virtualenv lock to be released
[2025-09-13T09:29:47.702+0000] {virtualenv.py:178} INFO - Checking for running process with PID 4149
[2025-09-13T09:29:47.703+0000] {virtualenv.py:181} INFO - Process 4149 running: True and has the lock /tmp/cosmos_venv_ecom_intermediate/cosmos_virtualenv.lock.
[2025-09-13T09:29:47.704+0000] {virtualenv.py:122} INFO - Waiting for virtualenv lock to be released
[2025-09-13T09:29:48.706+0000] {virtualenv.py:178} INFO - Checking for running process with PID 4149
[2025-09-13T09:29:48.707+0000] {virtualenv.py:181} INFO - Process 4149 running: True and has the lock /tmp/cosmos_venv_ecom_intermediate/cosmos_virtualenv.lock.
[2025-09-13T09:29:48.707+0000] {virtualenv.py:122} INFO - Waiting for virtualenv lock to be released
[2025-09-13T09:29:49.709+0000] {virtualenv.py:178} INFO - Checking for running process with PID 4146
[2025-09-13T09:29:49.710+0000] {virtualenv.py:181} INFO - Process 4146 running: True and has the lock /tmp/cosmos_venv_ecom_intermediate/cosmos_virtualenv.lock.
[2025-09-13T09:29:49.711+0000] {virtualenv.py:122} INFO - Waiting for virtualenv lock to be released
[2025-09-13T09:29:50.712+0000] {virtualenv.py:178} INFO - Checking for running process with PID 4146
[2025-09-13T09:29:50.713+0000] {virtualenv.py:181} INFO - Process 4146 running: True and has the lock /tmp/cosmos_venv_ecom_intermediate/cosmos_virtualenv.lock.
[2025-09-13T09:29:50.714+0000] {virtualenv.py:122} INFO - Waiting for virtualenv lock to be released
[2025-09-13T09:29:51.716+0000] {virtualenv.py:178} INFO - Checking for running process with PID 4146
[2025-09-13T09:29:51.717+0000] {virtualenv.py:181} INFO - Process 4146 running: True and has the lock /tmp/cosmos_venv_ecom_intermediate/cosmos_virtualenv.lock.
[2025-09-13T09:29:51.718+0000] {virtualenv.py:122} INFO - Waiting for virtualenv lock to be released
[2025-09-13T09:29:52.719+0000] {virtualenv.py:178} INFO - Checking for running process with PID 4146
[2025-09-13T09:29:52.721+0000] {virtualenv.py:181} INFO - Process 4146 running: True and has the lock /tmp/cosmos_venv_ecom_intermediate/cosmos_virtualenv.lock.
[2025-09-13T09:29:52.722+0000] {virtualenv.py:122} INFO - Waiting for virtualenv lock to be released
[2025-09-13T09:29:53.725+0000] {virtualenv.py:178} INFO - Checking for running process with PID 4146
[2025-09-13T09:29:53.726+0000] {virtualenv.py:181} INFO - Process 4146 running: True and has the lock /tmp/cosmos_venv_ecom_intermediate/cosmos_virtualenv.lock.
[2025-09-13T09:29:53.726+0000] {virtualenv.py:122} INFO - Waiting for virtualenv lock to be released
[2025-09-13T09:29:54.728+0000] {virtualenv.py:178} INFO - Checking for running process with PID 4146
[2025-09-13T09:29:54.731+0000] {virtualenv.py:181} INFO - Process 4146 running: True and has the lock /tmp/cosmos_venv_ecom_intermediate/cosmos_virtualenv.lock.
[2025-09-13T09:29:54.731+0000] {virtualenv.py:122} INFO - Waiting for virtualenv lock to be released
[2025-09-13T09:29:55.733+0000] {virtualenv.py:178} INFO - Checking for running process with PID 4146
[2025-09-13T09:29:55.734+0000] {virtualenv.py:181} INFO - Process 4146 running: True and has the lock /tmp/cosmos_venv_ecom_intermediate/cosmos_virtualenv.lock.
[2025-09-13T09:29:55.735+0000] {virtualenv.py:122} INFO - Waiting for virtualenv lock to be released
[2025-09-13T09:29:56.737+0000] {virtualenv.py:178} INFO - Checking for running process with PID 4146
[2025-09-13T09:29:56.737+0000] {virtualenv.py:181} INFO - Process 4146 running: True and has the lock /tmp/cosmos_venv_ecom_intermediate/cosmos_virtualenv.lock.
[2025-09-13T09:29:56.738+0000] {virtualenv.py:122} INFO - Waiting for virtualenv lock to be released
[2025-09-13T09:29:57.740+0000] {virtualenv.py:178} INFO - Checking for running process with PID 4146
[2025-09-13T09:29:57.741+0000] {virtualenv.py:181} INFO - Process 4146 running: True and has the lock /tmp/cosmos_venv_ecom_intermediate/cosmos_virtualenv.lock.
[2025-09-13T09:29:57.741+0000] {virtualenv.py:122} INFO - Waiting for virtualenv lock to be released
[2025-09-13T09:29:58.743+0000] {virtualenv.py:178} INFO - Checking for running process with PID 4146
[2025-09-13T09:29:58.746+0000] {virtualenv.py:181} INFO - Process 4146 running: True and has the lock /tmp/cosmos_venv_ecom_intermediate/cosmos_virtualenv.lock.
[2025-09-13T09:29:58.746+0000] {virtualenv.py:122} INFO - Waiting for virtualenv lock to be released
[2025-09-13T09:29:59.748+0000] {virtualenv.py:178} INFO - Checking for running process with PID 4146
[2025-09-13T09:29:59.749+0000] {virtualenv.py:181} INFO - Process 4146 running: True and has the lock /tmp/cosmos_venv_ecom_intermediate/cosmos_virtualenv.lock.
[2025-09-13T09:29:59.749+0000] {virtualenv.py:122} INFO - Waiting for virtualenv lock to be released
[2025-09-13T09:30:00.752+0000] {virtualenv.py:178} INFO - Checking for running process with PID 4146
[2025-09-13T09:30:00.753+0000] {virtualenv.py:181} INFO - Process 4146 running: True and has the lock /tmp/cosmos_venv_ecom_intermediate/cosmos_virtualenv.lock.
[2025-09-13T09:30:00.753+0000] {virtualenv.py:122} INFO - Waiting for virtualenv lock to be released
[2025-09-13T09:30:01.754+0000] {virtualenv.py:178} INFO - Checking for running process with PID 4146
[2025-09-13T09:30:01.755+0000] {virtualenv.py:181} INFO - Process 4146 running: True and has the lock /tmp/cosmos_venv_ecom_intermediate/cosmos_virtualenv.lock.
[2025-09-13T09:30:01.756+0000] {virtualenv.py:122} INFO - Waiting for virtualenv lock to be released
[2025-09-13T09:30:02.758+0000] {virtualenv.py:178} INFO - Checking for running process with PID 4146
[2025-09-13T09:30:02.759+0000] {virtualenv.py:181} INFO - Process 4146 running: True and has the lock /tmp/cosmos_venv_ecom_intermediate/cosmos_virtualenv.lock.
[2025-09-13T09:30:02.759+0000] {virtualenv.py:122} INFO - Waiting for virtualenv lock to be released
[2025-09-13T09:30:03.761+0000] {virtualenv.py:178} INFO - Checking for running process with PID 4146
[2025-09-13T09:30:03.762+0000] {virtualenv.py:181} INFO - Process 4146 running: True and has the lock /tmp/cosmos_venv_ecom_intermediate/cosmos_virtualenv.lock.
[2025-09-13T09:30:03.762+0000] {virtualenv.py:122} INFO - Waiting for virtualenv lock to be released
[2025-09-13T09:30:04.764+0000] {virtualenv.py:178} INFO - Checking for running process with PID 4146
[2025-09-13T09:30:04.764+0000] {virtualenv.py:181} INFO - Process 4146 running: True and has the lock /tmp/cosmos_venv_ecom_intermediate/cosmos_virtualenv.lock.
[2025-09-13T09:30:04.765+0000] {virtualenv.py:122} INFO - Waiting for virtualenv lock to be released
[2025-09-13T09:30:05.766+0000] {virtualenv.py:178} INFO - Checking for running process with PID 4146
[2025-09-13T09:30:05.766+0000] {virtualenv.py:181} INFO - Process 4146 running: True and has the lock /tmp/cosmos_venv_ecom_intermediate/cosmos_virtualenv.lock.
[2025-09-13T09:30:05.767+0000] {virtualenv.py:122} INFO - Waiting for virtualenv lock to be released
[2025-09-13T09:30:06.768+0000] {virtualenv.py:178} INFO - Checking for running process with PID 4146
[2025-09-13T09:30:06.772+0000] {virtualenv.py:181} INFO - Process 4146 running: True and has the lock /tmp/cosmos_venv_ecom_intermediate/cosmos_virtualenv.lock.
[2025-09-13T09:30:06.773+0000] {virtualenv.py:122} INFO - Waiting for virtualenv lock to be released
[2025-09-13T09:30:07.774+0000] {virtualenv.py:178} INFO - Checking for running process with PID 4249
[2025-09-13T09:30:07.778+0000] {virtualenv.py:181} INFO - Process 4249 running: True and has the lock /tmp/cosmos_venv_ecom_intermediate/cosmos_virtualenv.lock.
[2025-09-13T09:30:07.779+0000] {virtualenv.py:122} INFO - Waiting for virtualenv lock to be released
[2025-09-13T09:30:08.783+0000] {virtualenv.py:178} INFO - Checking for running process with PID 4249
[2025-09-13T09:30:08.784+0000] {virtualenv.py:181} INFO - Process 4249 running: True and has the lock /tmp/cosmos_venv_ecom_intermediate/cosmos_virtualenv.lock.
[2025-09-13T09:30:08.784+0000] {virtualenv.py:122} INFO - Waiting for virtualenv lock to be released
[2025-09-13T09:30:09.786+0000] {virtualenv.py:178} INFO - Checking for running process with PID 4249
[2025-09-13T09:30:09.787+0000] {virtualenv.py:181} INFO - Process 4249 running: True and has the lock /tmp/cosmos_venv_ecom_intermediate/cosmos_virtualenv.lock.
[2025-09-13T09:30:09.788+0000] {virtualenv.py:122} INFO - Waiting for virtualenv lock to be released
[2025-09-13T09:30:10.789+0000] {virtualenv.py:178} INFO - Checking for running process with PID 4249
[2025-09-13T09:30:10.790+0000] {virtualenv.py:181} INFO - Process 4249 running: True and has the lock /tmp/cosmos_venv_ecom_intermediate/cosmos_virtualenv.lock.
[2025-09-13T09:30:10.790+0000] {virtualenv.py:122} INFO - Waiting for virtualenv lock to be released
[2025-09-13T09:30:11.792+0000] {virtualenv.py:178} INFO - Checking for running process with PID 4249
[2025-09-13T09:30:11.793+0000] {virtualenv.py:181} INFO - Process 4249 running: True and has the lock /tmp/cosmos_venv_ecom_intermediate/cosmos_virtualenv.lock.
[2025-09-13T09:30:11.793+0000] {virtualenv.py:122} INFO - Waiting for virtualenv lock to be released
[2025-09-13T09:30:12.795+0000] {virtualenv.py:178} INFO - Checking for running process with PID 4249
[2025-09-13T09:30:12.795+0000] {virtualenv.py:181} INFO - Process 4249 running: True and has the lock /tmp/cosmos_venv_ecom_intermediate/cosmos_virtualenv.lock.
[2025-09-13T09:30:12.795+0000] {virtualenv.py:122} INFO - Waiting for virtualenv lock to be released
[2025-09-13T09:30:13.797+0000] {virtualenv.py:178} INFO - Checking for running process with PID 4249
[2025-09-13T09:30:13.797+0000] {virtualenv.py:181} INFO - Process 4249 running: True and has the lock /tmp/cosmos_venv_ecom_intermediate/cosmos_virtualenv.lock.
[2025-09-13T09:30:13.798+0000] {virtualenv.py:122} INFO - Waiting for virtualenv lock to be released
[2025-09-13T09:30:14.800+0000] {virtualenv.py:178} INFO - Checking for running process with PID 4249
[2025-09-13T09:30:14.805+0000] {virtualenv.py:181} INFO - Process 4249 running: True and has the lock /tmp/cosmos_venv_ecom_intermediate/cosmos_virtualenv.lock.
[2025-09-13T09:30:14.805+0000] {virtualenv.py:122} INFO - Waiting for virtualenv lock to be released
[2025-09-13T09:30:15.807+0000] {virtualenv.py:178} INFO - Checking for running process with PID 4249
[2025-09-13T09:30:15.808+0000] {virtualenv.py:181} INFO - Process 4249 running: True and has the lock /tmp/cosmos_venv_ecom_intermediate/cosmos_virtualenv.lock.
[2025-09-13T09:30:15.808+0000] {virtualenv.py:122} INFO - Waiting for virtualenv lock to be released
[2025-09-13T09:30:16.809+0000] {virtualenv.py:178} INFO - Checking for running process with PID 4249
[2025-09-13T09:30:16.810+0000] {virtualenv.py:181} INFO - Process 4249 running: True and has the lock /tmp/cosmos_venv_ecom_intermediate/cosmos_virtualenv.lock.
[2025-09-13T09:30:16.811+0000] {virtualenv.py:122} INFO - Waiting for virtualenv lock to be released
[2025-09-13T09:30:17.813+0000] {virtualenv.py:178} INFO - Checking for running process with PID 4249
[2025-09-13T09:30:17.814+0000] {virtualenv.py:181} INFO - Process 4249 running: True and has the lock /tmp/cosmos_venv_ecom_intermediate/cosmos_virtualenv.lock.
[2025-09-13T09:30:17.814+0000] {virtualenv.py:122} INFO - Waiting for virtualenv lock to be released
[2025-09-13T09:30:18.815+0000] {virtualenv.py:178} INFO - Checking for running process with PID 4249
[2025-09-13T09:30:18.816+0000] {virtualenv.py:181} INFO - Process 4249 running: True and has the lock /tmp/cosmos_venv_ecom_intermediate/cosmos_virtualenv.lock.
[2025-09-13T09:30:18.817+0000] {virtualenv.py:122} INFO - Waiting for virtualenv lock to be released
[2025-09-13T09:30:19.818+0000] {virtualenv.py:178} INFO - Checking for running process with PID 4249
[2025-09-13T09:30:19.819+0000] {virtualenv.py:181} INFO - Process 4249 running: True and has the lock /tmp/cosmos_venv_ecom_intermediate/cosmos_virtualenv.lock.
[2025-09-13T09:30:19.820+0000] {virtualenv.py:122} INFO - Waiting for virtualenv lock to be released
[2025-09-13T09:30:20.822+0000] {virtualenv.py:178} INFO - Checking for running process with PID 4249
[2025-09-13T09:30:20.823+0000] {virtualenv.py:181} INFO - Process 4249 running: True and has the lock /tmp/cosmos_venv_ecom_intermediate/cosmos_virtualenv.lock.
[2025-09-13T09:30:20.823+0000] {virtualenv.py:122} INFO - Waiting for virtualenv lock to be released
[2025-09-13T09:30:21.825+0000] {virtualenv.py:178} INFO - Checking for running process with PID 4249
[2025-09-13T09:30:21.826+0000] {virtualenv.py:181} INFO - Process 4249 running: True and has the lock /tmp/cosmos_venv_ecom_intermediate/cosmos_virtualenv.lock.
[2025-09-13T09:30:21.827+0000] {virtualenv.py:122} INFO - Waiting for virtualenv lock to be released
[2025-09-13T09:30:22.829+0000] {virtualenv.py:178} INFO - Checking for running process with PID 4249
[2025-09-13T09:30:22.830+0000] {virtualenv.py:181} INFO - Process 4249 running: True and has the lock /tmp/cosmos_venv_ecom_intermediate/cosmos_virtualenv.lock.
[2025-09-13T09:30:22.830+0000] {virtualenv.py:122} INFO - Waiting for virtualenv lock to be released
[2025-09-13T09:30:23.832+0000] {virtualenv.py:178} INFO - Checking for running process with PID 4136
[2025-09-13T09:30:23.833+0000] {virtualenv.py:181} INFO - Process 4136 running: True and has the lock /tmp/cosmos_venv_ecom_intermediate/cosmos_virtualenv.lock.
[2025-09-13T09:30:23.833+0000] {virtualenv.py:122} INFO - Waiting for virtualenv lock to be released
[2025-09-13T09:30:24.835+0000] {virtualenv.py:178} INFO - Checking for running process with PID 4136
[2025-09-13T09:30:24.836+0000] {virtualenv.py:181} INFO - Process 4136 running: True and has the lock /tmp/cosmos_venv_ecom_intermediate/cosmos_virtualenv.lock.
[2025-09-13T09:30:24.836+0000] {virtualenv.py:122} INFO - Waiting for virtualenv lock to be released
[2025-09-13T09:30:25.838+0000] {virtualenv.py:178} INFO - Checking for running process with PID 4136
[2025-09-13T09:30:25.839+0000] {virtualenv.py:181} INFO - Process 4136 running: True and has the lock /tmp/cosmos_venv_ecom_intermediate/cosmos_virtualenv.lock.
[2025-09-13T09:30:25.840+0000] {virtualenv.py:122} INFO - Waiting for virtualenv lock to be released
[2025-09-13T09:30:26.841+0000] {virtualenv.py:178} INFO - Checking for running process with PID 4136
[2025-09-13T09:30:26.842+0000] {virtualenv.py:181} INFO - Process 4136 running: True and has the lock /tmp/cosmos_venv_ecom_intermediate/cosmos_virtualenv.lock.
[2025-09-13T09:30:26.842+0000] {virtualenv.py:122} INFO - Waiting for virtualenv lock to be released
[2025-09-13T09:30:27.843+0000] {virtualenv.py:178} INFO - Checking for running process with PID 4136
[2025-09-13T09:30:27.844+0000] {virtualenv.py:181} INFO - Process 4136 running: True and has the lock /tmp/cosmos_venv_ecom_intermediate/cosmos_virtualenv.lock.
[2025-09-13T09:30:27.844+0000] {virtualenv.py:122} INFO - Waiting for virtualenv lock to be released
[2025-09-13T09:30:28.846+0000] {virtualenv.py:178} INFO - Checking for running process with PID 4136
[2025-09-13T09:30:28.847+0000] {virtualenv.py:181} INFO - Process 4136 running: True and has the lock /tmp/cosmos_venv_ecom_intermediate/cosmos_virtualenv.lock.
[2025-09-13T09:30:28.847+0000] {virtualenv.py:122} INFO - Waiting for virtualenv lock to be released
[2025-09-13T09:30:29.849+0000] {virtualenv.py:178} INFO - Checking for running process with PID 4136
[2025-09-13T09:30:29.849+0000] {virtualenv.py:181} INFO - Process 4136 running: True and has the lock /tmp/cosmos_venv_ecom_intermediate/cosmos_virtualenv.lock.
[2025-09-13T09:30:29.850+0000] {virtualenv.py:122} INFO - Waiting for virtualenv lock to be released
[2025-09-13T09:30:30.851+0000] {virtualenv.py:178} INFO - Checking for running process with PID 4136
[2025-09-13T09:30:30.852+0000] {virtualenv.py:181} INFO - Process 4136 running: True and has the lock /tmp/cosmos_venv_ecom_intermediate/cosmos_virtualenv.lock.
[2025-09-13T09:30:30.852+0000] {virtualenv.py:122} INFO - Waiting for virtualenv lock to be released
[2025-09-13T09:30:31.854+0000] {virtualenv.py:178} INFO - Checking for running process with PID 4136
[2025-09-13T09:30:31.855+0000] {virtualenv.py:181} INFO - Process 4136 running: True and has the lock /tmp/cosmos_venv_ecom_intermediate/cosmos_virtualenv.lock.
[2025-09-13T09:30:31.855+0000] {virtualenv.py:122} INFO - Waiting for virtualenv lock to be released
[2025-09-13T09:30:32.857+0000] {virtualenv.py:178} INFO - Checking for running process with PID 4136
[2025-09-13T09:30:32.858+0000] {virtualenv.py:181} INFO - Process 4136 running: True and has the lock /tmp/cosmos_venv_ecom_intermediate/cosmos_virtualenv.lock.
[2025-09-13T09:30:32.859+0000] {virtualenv.py:122} INFO - Waiting for virtualenv lock to be released
[2025-09-13T09:30:33.860+0000] {virtualenv.py:178} INFO - Checking for running process with PID 4136
[2025-09-13T09:30:33.861+0000] {virtualenv.py:181} INFO - Process 4136 running: True and has the lock /tmp/cosmos_venv_ecom_intermediate/cosmos_virtualenv.lock.
[2025-09-13T09:30:33.862+0000] {virtualenv.py:122} INFO - Waiting for virtualenv lock to be released
[2025-09-13T09:30:34.863+0000] {virtualenv.py:178} INFO - Checking for running process with PID 4136
[2025-09-13T09:30:34.864+0000] {virtualenv.py:181} INFO - Process 4136 running: True and has the lock /tmp/cosmos_venv_ecom_intermediate/cosmos_virtualenv.lock.
[2025-09-13T09:30:34.865+0000] {virtualenv.py:122} INFO - Waiting for virtualenv lock to be released
[2025-09-13T09:30:35.866+0000] {virtualenv.py:178} INFO - Checking for running process with PID 4136
[2025-09-13T09:30:35.867+0000] {virtualenv.py:181} INFO - Process 4136 running: True and has the lock /tmp/cosmos_venv_ecom_intermediate/cosmos_virtualenv.lock.
[2025-09-13T09:30:35.868+0000] {virtualenv.py:122} INFO - Waiting for virtualenv lock to be released
[2025-09-13T09:30:36.869+0000] {virtualenv.py:178} INFO - Checking for running process with PID 4136
[2025-09-13T09:30:36.870+0000] {virtualenv.py:181} INFO - Process 4136 running: True and has the lock /tmp/cosmos_venv_ecom_intermediate/cosmos_virtualenv.lock.
[2025-09-13T09:30:36.871+0000] {virtualenv.py:122} INFO - Waiting for virtualenv lock to be released
[2025-09-13T09:30:37.871+0000] {virtualenv.py:178} INFO - Checking for running process with PID 4136
[2025-09-13T09:30:37.872+0000] {virtualenv.py:181} INFO - Process 4136 running: True and has the lock /tmp/cosmos_venv_ecom_intermediate/cosmos_virtualenv.lock.
[2025-09-13T09:30:37.872+0000] {virtualenv.py:122} INFO - Waiting for virtualenv lock to be released
[2025-09-13T09:30:38.874+0000] {virtualenv.py:178} INFO - Checking for running process with PID 4137
[2025-09-13T09:30:38.874+0000] {virtualenv.py:181} INFO - Process 4137 running: True and has the lock /tmp/cosmos_venv_ecom_intermediate/cosmos_virtualenv.lock.
[2025-09-13T09:30:38.875+0000] {virtualenv.py:122} INFO - Waiting for virtualenv lock to be released
[2025-09-13T09:30:39.876+0000] {virtualenv.py:178} INFO - Checking for running process with PID 4137
[2025-09-13T09:30:39.876+0000] {virtualenv.py:181} INFO - Process 4137 running: True and has the lock /tmp/cosmos_venv_ecom_intermediate/cosmos_virtualenv.lock.
[2025-09-13T09:30:39.877+0000] {virtualenv.py:122} INFO - Waiting for virtualenv lock to be released
[2025-09-13T09:30:40.878+0000] {virtualenv.py:178} INFO - Checking for running process with PID 4137
[2025-09-13T09:30:40.879+0000] {virtualenv.py:181} INFO - Process 4137 running: True and has the lock /tmp/cosmos_venv_ecom_intermediate/cosmos_virtualenv.lock.
[2025-09-13T09:30:40.880+0000] {virtualenv.py:122} INFO - Waiting for virtualenv lock to be released
[2025-09-13T09:30:41.881+0000] {virtualenv.py:178} INFO - Checking for running process with PID 4137
[2025-09-13T09:30:41.882+0000] {virtualenv.py:181} INFO - Process 4137 running: True and has the lock /tmp/cosmos_venv_ecom_intermediate/cosmos_virtualenv.lock.
[2025-09-13T09:30:41.883+0000] {virtualenv.py:122} INFO - Waiting for virtualenv lock to be released
[2025-09-13T09:30:42.884+0000] {virtualenv.py:178} INFO - Checking for running process with PID 4137
[2025-09-13T09:30:42.885+0000] {virtualenv.py:181} INFO - Process 4137 running: True and has the lock /tmp/cosmos_venv_ecom_intermediate/cosmos_virtualenv.lock.
[2025-09-13T09:30:42.885+0000] {virtualenv.py:122} INFO - Waiting for virtualenv lock to be released
[2025-09-13T09:30:43.887+0000] {virtualenv.py:178} INFO - Checking for running process with PID 4137
[2025-09-13T09:30:43.888+0000] {virtualenv.py:181} INFO - Process 4137 running: True and has the lock /tmp/cosmos_venv_ecom_intermediate/cosmos_virtualenv.lock.
[2025-09-13T09:30:43.888+0000] {virtualenv.py:122} INFO - Waiting for virtualenv lock to be released
[2025-09-13T09:30:44.890+0000] {virtualenv.py:178} INFO - Checking for running process with PID 4137
[2025-09-13T09:30:44.892+0000] {virtualenv.py:181} INFO - Process 4137 running: True and has the lock /tmp/cosmos_venv_ecom_intermediate/cosmos_virtualenv.lock.
[2025-09-13T09:30:44.893+0000] {virtualenv.py:122} INFO - Waiting for virtualenv lock to be released
[2025-09-13T09:30:45.895+0000] {virtualenv.py:178} INFO - Checking for running process with PID 4143
[2025-09-13T09:30:45.900+0000] {virtualenv.py:181} INFO - Process 4143 running: True and has the lock /tmp/cosmos_venv_ecom_intermediate/cosmos_virtualenv.lock.
[2025-09-13T09:30:45.902+0000] {virtualenv.py:126} INFO - Acquiring the virtualenv lock
[2025-09-13T09:30:45.906+0000] {virtualenv.py:195} INFO - Acquiring lock at /tmp/cosmos_venv_ecom_intermediate/cosmos_virtualenv.lock with pid 4148
[2025-09-13T09:30:45.907+0000] {virtualenv.py:153} INFO - Creating or updating the virtualenv at `/tmp/cosmos_venv_ecom_intermediate
[2025-09-13T09:30:45.908+0000] {process_utils.py:183} INFO - Executing cmd: /home/***/.local/bin/python -m virtualenv /tmp/cosmos_venv_ecom_intermediate --python=python3
[2025-09-13T09:30:45.917+0000] {process_utils.py:187} INFO - Output:
[2025-09-13T09:30:49.167+0000] {process_utils.py:191} INFO - created virtual environment CPython3.10.14.final.0-64 in 1362ms
[2025-09-13T09:30:49.175+0000] {process_utils.py:191} INFO -   creator CPython3Posix(dest=/tmp/cosmos_venv_ecom_intermediate, clear=False, no_vcs_ignore=False, global=False)
[2025-09-13T09:30:49.179+0000] {process_utils.py:191} INFO -   seeder FromAppData(download=False, pip=bundle, setuptools=bundle, wheel=bundle, via=copy, app_data_dir=/home/***/.local/share/virtualenv)
[2025-09-13T09:30:49.184+0000] {process_utils.py:191} INFO -     added seed packages: MarkupSafe==3.0.2, PyYAML==6.0.2, agate==1.9.1, annotated_types==0.7.0, attrs==25.3.0, babel==2.17.0, certifi==2025.8.3, charset_normalizer==3.4.3, click==8.2.1, clickhouse_connect==0.8.18, clickhouse_driver==0.2.9, colorama==0.4.6, daff==1.4.2, dbt_adapters==1.16.7, dbt_clickhouse==1.9.3, dbt_common==1.30.0, dbt_core==1.10.11, dbt_extractor==0.6.0, dbt_protos==1.0.375, dbt_semantic_interfaces==0.9.0, deepdiff==8.6.1, idna==3.10, importlib_metadata==8.7.0, isodate==0.6.1, jinja2==3.1.6, jsonschema==4.25.1, jsonschema_specifications==2025.9.1, leather==0.4.0, lz4==4.4.4, mashumaro==3.14, more_itertools==10.8.0, msgpack==1.1.1, networkx==3.4.2, orderly_set==5.5.0, packaging==25.0, parsedatetime==2.6, pathspec==0.12.1, pip==25.2, protobuf==6.32.1, pydantic==2.11.8, pydantic_core==2.33.2, python_dateutil==2.9.0.post0, python_slugify==8.0.4, pytimeparse==1.1.8, pytz==2025.2, referencing==0.36.2, requests==2.32.5, rpds_py==0.27.1, setuptools==80.9.0, six==1.17.0, snowplow_tracker==1.1.0, sqlparse==0.5.3, text_unidecode==1.3, typing_extensions==4.15.0, typing_inspection==0.4.1, tzlocal==5.3.1, urllib3==2.5.0, wheel==0.45.1, zipp==3.23.0, zstandard==0.24.0
[2025-09-13T09:30:49.185+0000] {process_utils.py:191} INFO -   activators BashActivator,CShellActivator,FishActivator,NushellActivator,PowerShellActivator,PythonActivator
[2025-09-13T09:30:49.279+0000] {process_utils.py:183} INFO - Executing cmd: /tmp/cosmos_venv_ecom_intermediate/bin/pip install dbt-clickhouse
[2025-09-13T09:30:49.280+0000] {process_utils.py:187} INFO - Output:
[2025-09-13T09:30:49.554+0000] {process_utils.py:191} INFO - Traceback (most recent call last):
[2025-09-13T09:30:49.554+0000] {process_utils.py:191} INFO -   File "/tmp/cosmos_venv_ecom_intermediate/bin/pip", line 5, in <module>
[2025-09-13T09:30:49.555+0000] {process_utils.py:191} INFO -   File "/tmp/cosmos_venv_ecom_intermediate/lib/python3.10/site-packages/pip/_internal/cli/main.py", line 11, in <module>
[2025-09-13T09:30:49.556+0000] {process_utils.py:191} INFO -   File "/tmp/cosmos_venv_ecom_intermediate/lib/python3.10/site-packages/pip/_internal/cli/autocompletion.py", line 12, in <module>
[2025-09-13T09:30:49.557+0000] {process_utils.py:191} INFO -   File "/tmp/cosmos_venv_ecom_intermediate/lib/python3.10/site-packages/pip/_internal/cli/main_parser.py", line 9, in <module>
[2025-09-13T09:30:49.558+0000] {process_utils.py:191} INFO - ModuleNotFoundError: No module named 'pip._internal.build_env'
[2025-09-13T09:30:49.565+0000] {virtualenv.py:131} INFO - Releasing virtualenv lock
[2025-09-13T09:30:49.567+0000] {virtualenv.py:210} WARNING - Lockfile owned by process of pid 4157, while operator has pid 4148
[2025-09-13T09:30:49.567+0000] {taskinstance.py:441} INFO - ::group::Post task execution logs
[2025-09-13T09:30:49.569+0000] {taskinstance.py:2905} ERROR - Task failed with exception
Traceback (most recent call last):
  File "/home/airflow/.local/lib/python3.10/site-packages/airflow/models/taskinstance.py", line 465, in _execute_task
    result = _execute_callable(context=context, **execute_callable_kwargs)
  File "/home/airflow/.local/lib/python3.10/site-packages/airflow/models/taskinstance.py", line 432, in _execute_callable
    return execute_callable(context=context, **execute_callable_kwargs)
  File "/home/airflow/.local/lib/python3.10/site-packages/airflow/models/baseoperator.py", line 401, in wrapper
    return func(self, *args, **kwargs)
  File "/home/airflow/.local/lib/python3.10/site-packages/cosmos/operators/virtualenv.py", line 144, in execute
    output = super().execute(context)
  File "/home/airflow/.local/lib/python3.10/site-packages/cosmos/operators/base.py", line 310, in execute
    self.build_and_run_cmd(context=context, cmd_flags=self.add_cmd_flags())
  File "/home/airflow/.local/lib/python3.10/site-packages/cosmos/operators/local.py", line 853, in build_and_run_cmd
    result = self.run_command(
  File "/home/airflow/.local/lib/python3.10/site-packages/cosmos/operators/virtualenv.py", line 128, in run_command
    self._py_bin = self._prepare_virtualenv()
  File "/home/airflow/.local/lib/python3.10/site-packages/cosmos/operators/virtualenv.py", line 154, in _prepare_virtualenv
    py_bin = prepare_virtualenv(
  File "/home/airflow/.local/lib/python3.10/site-packages/airflow/utils/python_virtualenv.py", line 119, in prepare_virtualenv
    execute_in_subprocess(pip_cmd)
  File "/home/airflow/.local/lib/python3.10/site-packages/airflow/utils/process_utils.py", line 172, in execute_in_subprocess
    execute_in_subprocess_with_kwargs(cmd, cwd=cwd)
  File "/home/airflow/.local/lib/python3.10/site-packages/airflow/utils/process_utils.py", line 195, in execute_in_subprocess_with_kwargs
    raise subprocess.CalledProcessError(exit_code, cmd)
subprocess.CalledProcessError: Command '['/tmp/cosmos_venv_ecom_intermediate/bin/pip', 'install', 'dbt-clickhouse']' returned non-zero exit status 1.
[2025-09-13T09:30:49.640+0000] {taskinstance.py:1206} INFO - Marking task as FAILED. dag_id=dbt_intermediate, task_id=intermediate.education_types.run, run_id=scheduled__2025-09-12T00:00:00+00:00, execution_date=20250912T000000, start_date=20250913T092843, end_date=20250913T093049
[2025-09-13T09:30:49.665+0000] {standard_task_runner.py:110} ERROR - Failed to execute job 150 for task intermediate.education_types.run (Command '['/tmp/cosmos_venv_ecom_intermediate/bin/pip', 'install', 'dbt-clickhouse']' returned non-zero exit status 1.; 4148)
[2025-09-13T09:30:49.700+0000] {local_task_job_runner.py:243} INFO - Task exited with return code 1
[2025-09-13T09:30:49.842+0000] {taskinstance.py:3503} INFO - 0 downstream tasks scheduled from follow-on schedule check
[2025-09-13T09:30:49.849+0000] {local_task_job_runner.py:222} INFO - ::endgroup::
