[2025-09-13T09:30:51.690+0000] {local_task_job_runner.py:120} INFO - ::group::Pre task execution logs
[2025-09-13T09:30:51.761+0000] {taskinstance.py:2076} INFO - Dependencies all met for dep_context=non-requeueable deps ti=<TaskInstance: dbt_intermediate.intermediate.customer_interactions.run manual__2025-09-13T09:28:37.455030+00:00 [queued]>
[2025-09-13T09:30:51.775+0000] {taskinstance.py:2076} INFO - Dependencies all met for dep_context=requeueable deps ti=<TaskInstance: dbt_intermediate.intermediate.customer_interactions.run manual__2025-09-13T09:28:37.455030+00:00 [queued]>
[2025-09-13T09:30:51.776+0000] {taskinstance.py:2306} INFO - Starting attempt 1 of 1
[2025-09-13T09:30:51.801+0000] {taskinstance.py:2330} INFO - Executing <Task(DbtRunVirtualenvOperator): intermediate.customer_interactions.run> on 2025-09-13 09:28:37.455030+00:00
[2025-09-13T09:30:51.810+0000] {standard_task_runner.py:64} INFO - Started process 4693 to run task
[2025-09-13T09:30:51.815+0000] {standard_task_runner.py:90} INFO - Running: ['***', 'tasks', 'run', 'dbt_intermediate', 'intermediate.customer_interactions.run', 'manual__2025-09-13T09:28:37.455030+00:00', '--job-id', '163', '--raw', '--subdir', 'DAGS_FOLDER/dbt_intermediate.py', '--cfg-path', '/tmp/tmpzxd73l8a']
[2025-09-13T09:30:51.817+0000] {standard_task_runner.py:91} INFO - Job 163: Subtask intermediate.customer_interactions.run
[2025-09-13T09:30:51.982+0000] {task_command.py:426} INFO - Running <TaskInstance: dbt_intermediate.intermediate.customer_interactions.run manual__2025-09-13T09:28:37.455030+00:00 [running]> on host e95bde6b8d07
[2025-09-13T09:30:52.219+0000] {taskinstance.py:2648} INFO - Exporting env vars: AIRFLOW_CTX_DAG_OWNER='***' AIRFLOW_CTX_DAG_ID='dbt_intermediate' AIRFLOW_CTX_TASK_ID='intermediate.customer_interactions.run' AIRFLOW_CTX_EXECUTION_DATE='2025-09-13T09:28:37.455030+00:00' AIRFLOW_CTX_TRY_NUMBER='1' AIRFLOW_CTX_DAG_RUN_ID='manual__2025-09-13T09:28:37.455030+00:00'
[2025-09-13T09:30:52.221+0000] {taskinstance.py:430} INFO - ::endgroup::
[2025-09-13T09:30:52.235+0000] {virtualenv.py:120} INFO - Checking if the virtualenv lock /tmp/cosmos_venv_ecom_intermediate/cosmos_virtualenv.lock exists
[2025-09-13T09:30:52.236+0000] {virtualenv.py:178} INFO - Checking for running process with PID 4157
[2025-09-13T09:30:52.236+0000] {virtualenv.py:181} INFO - Process 4157 running: True and has the lock /tmp/cosmos_venv_ecom_intermediate/cosmos_virtualenv.lock.
[2025-09-13T09:30:52.237+0000] {virtualenv.py:122} INFO - Waiting for virtualenv lock to be released
[2025-09-13T09:30:53.238+0000] {virtualenv.py:178} INFO - Checking for running process with PID 4157
[2025-09-13T09:30:53.239+0000] {virtualenv.py:181} INFO - Process 4157 running: True and has the lock /tmp/cosmos_venv_ecom_intermediate/cosmos_virtualenv.lock.
[2025-09-13T09:30:53.240+0000] {virtualenv.py:122} INFO - Waiting for virtualenv lock to be released
[2025-09-13T09:30:54.242+0000] {virtualenv.py:178} INFO - Checking for running process with PID 4157
[2025-09-13T09:30:54.243+0000] {virtualenv.py:181} INFO - Process 4157 running: True and has the lock /tmp/cosmos_venv_ecom_intermediate/cosmos_virtualenv.lock.
[2025-09-13T09:30:54.244+0000] {virtualenv.py:122} INFO - Waiting for virtualenv lock to be released
[2025-09-13T09:30:55.246+0000] {virtualenv.py:178} INFO - Checking for running process with PID 4157
[2025-09-13T09:30:55.247+0000] {virtualenv.py:181} INFO - Process 4157 running: True and has the lock /tmp/cosmos_venv_ecom_intermediate/cosmos_virtualenv.lock.
[2025-09-13T09:30:55.247+0000] {virtualenv.py:122} INFO - Waiting for virtualenv lock to be released
[2025-09-13T09:30:56.249+0000] {virtualenv.py:178} INFO - Checking for running process with PID 4157
[2025-09-13T09:30:56.250+0000] {virtualenv.py:181} INFO - Process 4157 running: True and has the lock /tmp/cosmos_venv_ecom_intermediate/cosmos_virtualenv.lock.
[2025-09-13T09:30:56.250+0000] {virtualenv.py:122} INFO - Waiting for virtualenv lock to be released
[2025-09-13T09:30:57.251+0000] {virtualenv.py:178} INFO - Checking for running process with PID 4157
[2025-09-13T09:30:57.251+0000] {virtualenv.py:181} INFO - Process 4157 running: True and has the lock /tmp/cosmos_venv_ecom_intermediate/cosmos_virtualenv.lock.
[2025-09-13T09:30:57.252+0000] {virtualenv.py:122} INFO - Waiting for virtualenv lock to be released
[2025-09-13T09:30:58.254+0000] {virtualenv.py:178} INFO - Checking for running process with PID 4157
[2025-09-13T09:30:58.255+0000] {virtualenv.py:181} INFO - Process 4157 running: True and has the lock /tmp/cosmos_venv_ecom_intermediate/cosmos_virtualenv.lock.
[2025-09-13T09:30:58.256+0000] {virtualenv.py:122} INFO - Waiting for virtualenv lock to be released
[2025-09-13T09:30:59.257+0000] {virtualenv.py:178} INFO - Checking for running process with PID 4157
[2025-09-13T09:30:59.258+0000] {virtualenv.py:181} INFO - Process 4157 running: True and has the lock /tmp/cosmos_venv_ecom_intermediate/cosmos_virtualenv.lock.
[2025-09-13T09:30:59.258+0000] {virtualenv.py:122} INFO - Waiting for virtualenv lock to be released
[2025-09-13T09:31:00.260+0000] {virtualenv.py:178} INFO - Checking for running process with PID 4157
[2025-09-13T09:31:00.261+0000] {virtualenv.py:181} INFO - Process 4157 running: True and has the lock /tmp/cosmos_venv_ecom_intermediate/cosmos_virtualenv.lock.
[2025-09-13T09:31:00.261+0000] {virtualenv.py:122} INFO - Waiting for virtualenv lock to be released
[2025-09-13T09:31:01.262+0000] {virtualenv.py:178} INFO - Checking for running process with PID 4157
[2025-09-13T09:31:01.264+0000] {virtualenv.py:181} INFO - Process 4157 running: True and has the lock /tmp/cosmos_venv_ecom_intermediate/cosmos_virtualenv.lock.
[2025-09-13T09:31:01.265+0000] {virtualenv.py:122} INFO - Waiting for virtualenv lock to be released
[2025-09-13T09:31:02.268+0000] {virtualenv.py:178} INFO - Checking for running process with PID 4157
[2025-09-13T09:31:02.270+0000] {virtualenv.py:181} INFO - Process 4157 running: True and has the lock /tmp/cosmos_venv_ecom_intermediate/cosmos_virtualenv.lock.
[2025-09-13T09:31:02.271+0000] {virtualenv.py:122} INFO - Waiting for virtualenv lock to be released
[2025-09-13T09:31:03.273+0000] {virtualenv.py:178} INFO - Checking for running process with PID 4481
[2025-09-13T09:31:03.275+0000] {virtualenv.py:181} INFO - Process 4481 running: True and has the lock /tmp/cosmos_venv_ecom_intermediate/cosmos_virtualenv.lock.
[2025-09-13T09:31:03.275+0000] {virtualenv.py:122} INFO - Waiting for virtualenv lock to be released
[2025-09-13T09:31:04.277+0000] {virtualenv.py:178} INFO - Checking for running process with PID 4481
[2025-09-13T09:31:04.278+0000] {virtualenv.py:181} INFO - Process 4481 running: True and has the lock /tmp/cosmos_venv_ecom_intermediate/cosmos_virtualenv.lock.
[2025-09-13T09:31:04.278+0000] {virtualenv.py:122} INFO - Waiting for virtualenv lock to be released
[2025-09-13T09:31:05.280+0000] {virtualenv.py:178} INFO - Checking for running process with PID 4481
[2025-09-13T09:31:05.281+0000] {virtualenv.py:181} INFO - Process 4481 running: True and has the lock /tmp/cosmos_venv_ecom_intermediate/cosmos_virtualenv.lock.
[2025-09-13T09:31:05.281+0000] {virtualenv.py:122} INFO - Waiting for virtualenv lock to be released
[2025-09-13T09:31:06.283+0000] {virtualenv.py:178} INFO - Checking for running process with PID 4481
[2025-09-13T09:31:06.284+0000] {virtualenv.py:181} INFO - Process 4481 running: True and has the lock /tmp/cosmos_venv_ecom_intermediate/cosmos_virtualenv.lock.
[2025-09-13T09:31:06.284+0000] {virtualenv.py:122} INFO - Waiting for virtualenv lock to be released
[2025-09-13T09:31:07.285+0000] {virtualenv.py:178} INFO - Checking for running process with PID 4481
[2025-09-13T09:31:07.286+0000] {virtualenv.py:181} INFO - Process 4481 running: True and has the lock /tmp/cosmos_venv_ecom_intermediate/cosmos_virtualenv.lock.
[2025-09-13T09:31:07.286+0000] {virtualenv.py:122} INFO - Waiting for virtualenv lock to be released
[2025-09-13T09:31:08.288+0000] {virtualenv.py:178} INFO - Checking for running process with PID 4481
[2025-09-13T09:31:08.289+0000] {virtualenv.py:181} INFO - Process 4481 running: True and has the lock /tmp/cosmos_venv_ecom_intermediate/cosmos_virtualenv.lock.
[2025-09-13T09:31:08.290+0000] {virtualenv.py:122} INFO - Waiting for virtualenv lock to be released
[2025-09-13T09:31:09.292+0000] {virtualenv.py:178} INFO - Checking for running process with PID 4481
[2025-09-13T09:31:09.293+0000] {virtualenv.py:181} INFO - Process 4481 running: True and has the lock /tmp/cosmos_venv_ecom_intermediate/cosmos_virtualenv.lock.
[2025-09-13T09:31:09.293+0000] {virtualenv.py:122} INFO - Waiting for virtualenv lock to be released
[2025-09-13T09:31:10.295+0000] {virtualenv.py:178} INFO - Checking for running process with PID 4481
[2025-09-13T09:31:10.299+0000] {virtualenv.py:181} INFO - Process 4481 running: True and has the lock /tmp/cosmos_venv_ecom_intermediate/cosmos_virtualenv.lock.
[2025-09-13T09:31:10.299+0000] {virtualenv.py:122} INFO - Waiting for virtualenv lock to be released
[2025-09-13T09:31:11.301+0000] {virtualenv.py:178} INFO - Checking for running process with PID 4481
[2025-09-13T09:31:11.301+0000] {virtualenv.py:181} INFO - Process 4481 running: True and has the lock /tmp/cosmos_venv_ecom_intermediate/cosmos_virtualenv.lock.
[2025-09-13T09:31:11.302+0000] {virtualenv.py:122} INFO - Waiting for virtualenv lock to be released
[2025-09-13T09:31:12.304+0000] {virtualenv.py:178} INFO - Checking for running process with PID 4481
[2025-09-13T09:31:12.305+0000] {virtualenv.py:181} INFO - Process 4481 running: True and has the lock /tmp/cosmos_venv_ecom_intermediate/cosmos_virtualenv.lock.
[2025-09-13T09:31:12.305+0000] {virtualenv.py:122} INFO - Waiting for virtualenv lock to be released
[2025-09-13T09:31:13.307+0000] {virtualenv.py:178} INFO - Checking for running process with PID 4481
[2025-09-13T09:31:13.308+0000] {virtualenv.py:181} INFO - Process 4481 running: True and has the lock /tmp/cosmos_venv_ecom_intermediate/cosmos_virtualenv.lock.
[2025-09-13T09:31:13.308+0000] {virtualenv.py:122} INFO - Waiting for virtualenv lock to be released
[2025-09-13T09:31:14.310+0000] {virtualenv.py:178} INFO - Checking for running process with PID 4481
[2025-09-13T09:31:14.311+0000] {virtualenv.py:181} INFO - Process 4481 running: True and has the lock /tmp/cosmos_venv_ecom_intermediate/cosmos_virtualenv.lock.
[2025-09-13T09:31:14.311+0000] {virtualenv.py:122} INFO - Waiting for virtualenv lock to be released
[2025-09-13T09:31:15.313+0000] {virtualenv.py:178} INFO - Checking for running process with PID 4481
[2025-09-13T09:31:15.314+0000] {virtualenv.py:181} INFO - Process 4481 running: True and has the lock /tmp/cosmos_venv_ecom_intermediate/cosmos_virtualenv.lock.
[2025-09-13T09:31:15.314+0000] {virtualenv.py:122} INFO - Waiting for virtualenv lock to be released
[2025-09-13T09:31:16.315+0000] {virtualenv.py:178} INFO - Checking for running process with PID 4481
[2025-09-13T09:31:16.316+0000] {virtualenv.py:181} INFO - Process 4481 running: True and has the lock /tmp/cosmos_venv_ecom_intermediate/cosmos_virtualenv.lock.
[2025-09-13T09:31:16.317+0000] {virtualenv.py:122} INFO - Waiting for virtualenv lock to be released
[2025-09-13T09:31:17.319+0000] {virtualenv.py:178} INFO - Checking for running process with PID 4406
[2025-09-13T09:31:17.320+0000] {virtualenv.py:181} INFO - Process 4406 running: True and has the lock /tmp/cosmos_venv_ecom_intermediate/cosmos_virtualenv.lock.
[2025-09-13T09:31:17.320+0000] {virtualenv.py:122} INFO - Waiting for virtualenv lock to be released
[2025-09-13T09:31:18.322+0000] {virtualenv.py:178} INFO - Checking for running process with PID 4406
[2025-09-13T09:31:18.323+0000] {virtualenv.py:181} INFO - Process 4406 running: True and has the lock /tmp/cosmos_venv_ecom_intermediate/cosmos_virtualenv.lock.
[2025-09-13T09:31:18.324+0000] {virtualenv.py:122} INFO - Waiting for virtualenv lock to be released
[2025-09-13T09:31:19.325+0000] {virtualenv.py:178} INFO - Checking for running process with PID 4406
[2025-09-13T09:31:19.326+0000] {virtualenv.py:181} INFO - Process 4406 running: True and has the lock /tmp/cosmos_venv_ecom_intermediate/cosmos_virtualenv.lock.
[2025-09-13T09:31:19.326+0000] {virtualenv.py:122} INFO - Waiting for virtualenv lock to be released
[2025-09-13T09:31:20.327+0000] {virtualenv.py:178} INFO - Checking for running process with PID 4406
[2025-09-13T09:31:20.328+0000] {virtualenv.py:181} INFO - Process 4406 running: True and has the lock /tmp/cosmos_venv_ecom_intermediate/cosmos_virtualenv.lock.
[2025-09-13T09:31:20.329+0000] {virtualenv.py:122} INFO - Waiting for virtualenv lock to be released
[2025-09-13T09:31:21.331+0000] {virtualenv.py:178} INFO - Checking for running process with PID 4406
[2025-09-13T09:31:21.332+0000] {virtualenv.py:181} INFO - Process 4406 running: True and has the lock /tmp/cosmos_venv_ecom_intermediate/cosmos_virtualenv.lock.
[2025-09-13T09:31:21.332+0000] {virtualenv.py:122} INFO - Waiting for virtualenv lock to be released
[2025-09-13T09:31:22.334+0000] {virtualenv.py:178} INFO - Checking for running process with PID 4406
[2025-09-13T09:31:22.335+0000] {virtualenv.py:181} INFO - Process 4406 running: True and has the lock /tmp/cosmos_venv_ecom_intermediate/cosmos_virtualenv.lock.
[2025-09-13T09:31:22.335+0000] {virtualenv.py:122} INFO - Waiting for virtualenv lock to be released
[2025-09-13T09:31:23.337+0000] {virtualenv.py:178} INFO - Checking for running process with PID 4406
[2025-09-13T09:31:23.338+0000] {virtualenv.py:181} INFO - Process 4406 running: True and has the lock /tmp/cosmos_venv_ecom_intermediate/cosmos_virtualenv.lock.
[2025-09-13T09:31:23.339+0000] {virtualenv.py:122} INFO - Waiting for virtualenv lock to be released
[2025-09-13T09:31:24.341+0000] {virtualenv.py:178} INFO - Checking for running process with PID 4406
[2025-09-13T09:31:24.342+0000] {virtualenv.py:181} INFO - Process 4406 running: True and has the lock /tmp/cosmos_venv_ecom_intermediate/cosmos_virtualenv.lock.
[2025-09-13T09:31:24.343+0000] {virtualenv.py:122} INFO - Waiting for virtualenv lock to be released
[2025-09-13T09:31:25.344+0000] {virtualenv.py:178} INFO - Checking for running process with PID 4406
[2025-09-13T09:31:25.345+0000] {virtualenv.py:181} INFO - Process 4406 running: True and has the lock /tmp/cosmos_venv_ecom_intermediate/cosmos_virtualenv.lock.
[2025-09-13T09:31:25.346+0000] {virtualenv.py:122} INFO - Waiting for virtualenv lock to be released
[2025-09-13T09:31:26.346+0000] {virtualenv.py:178} INFO - Checking for running process with PID 4406
[2025-09-13T09:31:26.347+0000] {virtualenv.py:181} INFO - Process 4406 running: True and has the lock /tmp/cosmos_venv_ecom_intermediate/cosmos_virtualenv.lock.
[2025-09-13T09:31:26.348+0000] {virtualenv.py:122} INFO - Waiting for virtualenv lock to be released
[2025-09-13T09:31:27.349+0000] {virtualenv.py:178} INFO - Checking for running process with PID 4406
[2025-09-13T09:31:27.350+0000] {virtualenv.py:181} INFO - Process 4406 running: True and has the lock /tmp/cosmos_venv_ecom_intermediate/cosmos_virtualenv.lock.
[2025-09-13T09:31:27.351+0000] {virtualenv.py:122} INFO - Waiting for virtualenv lock to be released
[2025-09-13T09:31:28.353+0000] {virtualenv.py:178} INFO - Checking for running process with PID 4406
[2025-09-13T09:31:28.354+0000] {virtualenv.py:181} INFO - Process 4406 running: True and has the lock /tmp/cosmos_venv_ecom_intermediate/cosmos_virtualenv.lock.
[2025-09-13T09:31:28.354+0000] {virtualenv.py:122} INFO - Waiting for virtualenv lock to be released
[2025-09-13T09:31:29.356+0000] {virtualenv.py:178} INFO - Checking for running process with PID 4406
[2025-09-13T09:31:29.357+0000] {virtualenv.py:181} INFO - Process 4406 running: True and has the lock /tmp/cosmos_venv_ecom_intermediate/cosmos_virtualenv.lock.
[2025-09-13T09:31:29.357+0000] {virtualenv.py:122} INFO - Waiting for virtualenv lock to be released
[2025-09-13T09:31:30.359+0000] {virtualenv.py:178} INFO - Checking for running process with PID 4406
[2025-09-13T09:31:30.360+0000] {virtualenv.py:181} INFO - Process 4406 running: True and has the lock /tmp/cosmos_venv_ecom_intermediate/cosmos_virtualenv.lock.
[2025-09-13T09:31:30.360+0000] {virtualenv.py:122} INFO - Waiting for virtualenv lock to be released
[2025-09-13T09:31:31.362+0000] {virtualenv.py:178} INFO - Checking for running process with PID 4406
[2025-09-13T09:31:31.363+0000] {virtualenv.py:181} INFO - Process 4406 running: True and has the lock /tmp/cosmos_venv_ecom_intermediate/cosmos_virtualenv.lock.
[2025-09-13T09:31:31.364+0000] {virtualenv.py:122} INFO - Waiting for virtualenv lock to be released
[2025-09-13T09:31:32.365+0000] {virtualenv.py:178} INFO - Checking for running process with PID 4406
[2025-09-13T09:31:32.366+0000] {virtualenv.py:181} INFO - Process 4406 running: True and has the lock /tmp/cosmos_venv_ecom_intermediate/cosmos_virtualenv.lock.
[2025-09-13T09:31:32.368+0000] {virtualenv.py:122} INFO - Waiting for virtualenv lock to be released
[2025-09-13T09:31:33.369+0000] {virtualenv.py:178} INFO - Checking for running process with PID 4315
[2025-09-13T09:31:33.370+0000] {virtualenv.py:181} INFO - Process 4315 running: True and has the lock /tmp/cosmos_venv_ecom_intermediate/cosmos_virtualenv.lock.
[2025-09-13T09:31:33.371+0000] {virtualenv.py:122} INFO - Waiting for virtualenv lock to be released
[2025-09-13T09:31:34.373+0000] {virtualenv.py:178} INFO - Checking for running process with PID 4315
[2025-09-13T09:31:34.374+0000] {virtualenv.py:181} INFO - Process 4315 running: True and has the lock /tmp/cosmos_venv_ecom_intermediate/cosmos_virtualenv.lock.
[2025-09-13T09:31:34.375+0000] {virtualenv.py:122} INFO - Waiting for virtualenv lock to be released
[2025-09-13T09:31:35.377+0000] {virtualenv.py:178} INFO - Checking for running process with PID 4315
[2025-09-13T09:31:35.378+0000] {virtualenv.py:181} INFO - Process 4315 running: True and has the lock /tmp/cosmos_venv_ecom_intermediate/cosmos_virtualenv.lock.
[2025-09-13T09:31:35.378+0000] {virtualenv.py:122} INFO - Waiting for virtualenv lock to be released
[2025-09-13T09:31:36.380+0000] {virtualenv.py:178} INFO - Checking for running process with PID 4315
[2025-09-13T09:31:36.381+0000] {virtualenv.py:181} INFO - Process 4315 running: True and has the lock /tmp/cosmos_venv_ecom_intermediate/cosmos_virtualenv.lock.
[2025-09-13T09:31:36.382+0000] {virtualenv.py:122} INFO - Waiting for virtualenv lock to be released
[2025-09-13T09:31:37.382+0000] {virtualenv.py:178} INFO - Checking for running process with PID 4315
[2025-09-13T09:31:37.383+0000] {virtualenv.py:181} INFO - Process 4315 running: True and has the lock /tmp/cosmos_venv_ecom_intermediate/cosmos_virtualenv.lock.
[2025-09-13T09:31:37.384+0000] {virtualenv.py:122} INFO - Waiting for virtualenv lock to be released
[2025-09-13T09:31:38.385+0000] {virtualenv.py:178} INFO - Checking for running process with PID 4315
[2025-09-13T09:31:38.386+0000] {virtualenv.py:181} INFO - Process 4315 running: True and has the lock /tmp/cosmos_venv_ecom_intermediate/cosmos_virtualenv.lock.
[2025-09-13T09:31:38.386+0000] {virtualenv.py:122} INFO - Waiting for virtualenv lock to be released
[2025-09-13T09:31:39.388+0000] {virtualenv.py:178} INFO - Checking for running process with PID 4315
[2025-09-13T09:31:39.389+0000] {virtualenv.py:181} INFO - Process 4315 running: True and has the lock /tmp/cosmos_venv_ecom_intermediate/cosmos_virtualenv.lock.
[2025-09-13T09:31:39.390+0000] {virtualenv.py:122} INFO - Waiting for virtualenv lock to be released
[2025-09-13T09:31:40.392+0000] {virtualenv.py:178} INFO - Checking for running process with PID 4315
[2025-09-13T09:31:40.393+0000] {virtualenv.py:181} INFO - Process 4315 running: True and has the lock /tmp/cosmos_venv_ecom_intermediate/cosmos_virtualenv.lock.
[2025-09-13T09:31:40.393+0000] {virtualenv.py:122} INFO - Waiting for virtualenv lock to be released
[2025-09-13T09:31:41.395+0000] {virtualenv.py:178} INFO - Checking for running process with PID 4315
[2025-09-13T09:31:41.396+0000] {virtualenv.py:181} INFO - Process 4315 running: True and has the lock /tmp/cosmos_venv_ecom_intermediate/cosmos_virtualenv.lock.
[2025-09-13T09:31:41.397+0000] {virtualenv.py:122} INFO - Waiting for virtualenv lock to be released
[2025-09-13T09:31:42.398+0000] {virtualenv.py:178} INFO - Checking for running process with PID 4315
[2025-09-13T09:31:42.399+0000] {virtualenv.py:181} INFO - Process 4315 running: True and has the lock /tmp/cosmos_venv_ecom_intermediate/cosmos_virtualenv.lock.
[2025-09-13T09:31:42.400+0000] {virtualenv.py:122} INFO - Waiting for virtualenv lock to be released
[2025-09-13T09:31:43.401+0000] {virtualenv.py:178} INFO - Checking for running process with PID 4315
[2025-09-13T09:31:43.402+0000] {virtualenv.py:181} INFO - Process 4315 running: True and has the lock /tmp/cosmos_venv_ecom_intermediate/cosmos_virtualenv.lock.
[2025-09-13T09:31:43.403+0000] {virtualenv.py:122} INFO - Waiting for virtualenv lock to be released
[2025-09-13T09:31:44.405+0000] {virtualenv.py:178} INFO - Checking for running process with PID 4315
[2025-09-13T09:31:44.406+0000] {virtualenv.py:181} INFO - Process 4315 running: True and has the lock /tmp/cosmos_venv_ecom_intermediate/cosmos_virtualenv.lock.
[2025-09-13T09:31:44.406+0000] {virtualenv.py:122} INFO - Waiting for virtualenv lock to be released
[2025-09-13T09:31:45.408+0000] {virtualenv.py:178} INFO - Checking for running process with PID 4315
[2025-09-13T09:31:45.409+0000] {virtualenv.py:181} INFO - Process 4315 running: True and has the lock /tmp/cosmos_venv_ecom_intermediate/cosmos_virtualenv.lock.
[2025-09-13T09:31:45.409+0000] {virtualenv.py:122} INFO - Waiting for virtualenv lock to be released
[2025-09-13T09:31:46.411+0000] {virtualenv.py:178} INFO - Checking for running process with PID 4483
[2025-09-13T09:31:46.412+0000] {virtualenv.py:181} INFO - Process 4483 running: True and has the lock /tmp/cosmos_venv_ecom_intermediate/cosmos_virtualenv.lock.
[2025-09-13T09:31:46.412+0000] {virtualenv.py:122} INFO - Waiting for virtualenv lock to be released
[2025-09-13T09:31:47.414+0000] {virtualenv.py:178} INFO - Checking for running process with PID 4483
[2025-09-13T09:31:47.415+0000] {virtualenv.py:181} INFO - Process 4483 running: True and has the lock /tmp/cosmos_venv_ecom_intermediate/cosmos_virtualenv.lock.
[2025-09-13T09:31:47.415+0000] {virtualenv.py:122} INFO - Waiting for virtualenv lock to be released
[2025-09-13T09:31:48.417+0000] {virtualenv.py:178} INFO - Checking for running process with PID 4483
[2025-09-13T09:31:48.417+0000] {virtualenv.py:181} INFO - Process 4483 running: True and has the lock /tmp/cosmos_venv_ecom_intermediate/cosmos_virtualenv.lock.
[2025-09-13T09:31:48.418+0000] {virtualenv.py:122} INFO - Waiting for virtualenv lock to be released
[2025-09-13T09:31:49.419+0000] {virtualenv.py:178} INFO - Checking for running process with PID 4483
[2025-09-13T09:31:49.420+0000] {virtualenv.py:181} INFO - Process 4483 running: True and has the lock /tmp/cosmos_venv_ecom_intermediate/cosmos_virtualenv.lock.
[2025-09-13T09:31:49.421+0000] {virtualenv.py:122} INFO - Waiting for virtualenv lock to be released
[2025-09-13T09:31:50.423+0000] {virtualenv.py:178} INFO - Checking for running process with PID 4483
[2025-09-13T09:31:50.425+0000] {virtualenv.py:181} INFO - Process 4483 running: True and has the lock /tmp/cosmos_venv_ecom_intermediate/cosmos_virtualenv.lock.
[2025-09-13T09:31:50.425+0000] {virtualenv.py:122} INFO - Waiting for virtualenv lock to be released
[2025-09-13T09:31:51.427+0000] {virtualenv.py:178} INFO - Checking for running process with PID 4483
[2025-09-13T09:31:51.429+0000] {virtualenv.py:181} INFO - Process 4483 running: True and has the lock /tmp/cosmos_venv_ecom_intermediate/cosmos_virtualenv.lock.
[2025-09-13T09:31:51.430+0000] {virtualenv.py:122} INFO - Waiting for virtualenv lock to be released
[2025-09-13T09:31:52.433+0000] {virtualenv.py:178} INFO - Checking for running process with PID 4483
[2025-09-13T09:31:52.434+0000] {virtualenv.py:181} INFO - Process 4483 running: True and has the lock /tmp/cosmos_venv_ecom_intermediate/cosmos_virtualenv.lock.
[2025-09-13T09:31:52.434+0000] {virtualenv.py:122} INFO - Waiting for virtualenv lock to be released
[2025-09-13T09:31:53.436+0000] {virtualenv.py:178} INFO - Checking for running process with PID 4483
[2025-09-13T09:31:53.437+0000] {virtualenv.py:181} INFO - Process 4483 running: True and has the lock /tmp/cosmos_venv_ecom_intermediate/cosmos_virtualenv.lock.
[2025-09-13T09:31:53.437+0000] {virtualenv.py:122} INFO - Waiting for virtualenv lock to be released
[2025-09-13T09:31:54.439+0000] {virtualenv.py:178} INFO - Checking for running process with PID 4483
[2025-09-13T09:31:54.440+0000] {virtualenv.py:181} INFO - Process 4483 running: True and has the lock /tmp/cosmos_venv_ecom_intermediate/cosmos_virtualenv.lock.
[2025-09-13T09:31:54.441+0000] {virtualenv.py:122} INFO - Waiting for virtualenv lock to be released
[2025-09-13T09:31:55.443+0000] {virtualenv.py:178} INFO - Checking for running process with PID 4483
[2025-09-13T09:31:55.443+0000] {virtualenv.py:181} INFO - Process 4483 running: True and has the lock /tmp/cosmos_venv_ecom_intermediate/cosmos_virtualenv.lock.
[2025-09-13T09:31:55.444+0000] {virtualenv.py:122} INFO - Waiting for virtualenv lock to be released
[2025-09-13T09:31:56.445+0000] {virtualenv.py:178} INFO - Checking for running process with PID 4483
[2025-09-13T09:31:56.446+0000] {virtualenv.py:181} INFO - Process 4483 running: True and has the lock /tmp/cosmos_venv_ecom_intermediate/cosmos_virtualenv.lock.
[2025-09-13T09:31:56.446+0000] {virtualenv.py:122} INFO - Waiting for virtualenv lock to be released
[2025-09-13T09:31:57.448+0000] {virtualenv.py:178} INFO - Checking for running process with PID 4483
[2025-09-13T09:31:57.449+0000] {virtualenv.py:181} INFO - Process 4483 running: True and has the lock /tmp/cosmos_venv_ecom_intermediate/cosmos_virtualenv.lock.
[2025-09-13T09:31:57.450+0000] {virtualenv.py:122} INFO - Waiting for virtualenv lock to be released
[2025-09-13T09:31:58.452+0000] {virtualenv.py:178} INFO - Checking for running process with PID 4540
[2025-09-13T09:31:58.453+0000] {virtualenv.py:181} INFO - Process 4540 running: True and has the lock /tmp/cosmos_venv_ecom_intermediate/cosmos_virtualenv.lock.
[2025-09-13T09:31:58.453+0000] {virtualenv.py:122} INFO - Waiting for virtualenv lock to be released
[2025-09-13T09:31:59.455+0000] {virtualenv.py:178} INFO - Checking for running process with PID 4540
[2025-09-13T09:31:59.456+0000] {virtualenv.py:181} INFO - Process 4540 running: True and has the lock /tmp/cosmos_venv_ecom_intermediate/cosmos_virtualenv.lock.
[2025-09-13T09:31:59.456+0000] {virtualenv.py:122} INFO - Waiting for virtualenv lock to be released
[2025-09-13T09:32:00.457+0000] {virtualenv.py:178} INFO - Checking for running process with PID 4540
[2025-09-13T09:32:00.458+0000] {virtualenv.py:181} INFO - Process 4540 running: True and has the lock /tmp/cosmos_venv_ecom_intermediate/cosmos_virtualenv.lock.
[2025-09-13T09:32:00.461+0000] {virtualenv.py:122} INFO - Waiting for virtualenv lock to be released
[2025-09-13T09:32:01.463+0000] {virtualenv.py:178} INFO - Checking for running process with PID 4540
[2025-09-13T09:32:01.464+0000] {virtualenv.py:181} INFO - Process 4540 running: True and has the lock /tmp/cosmos_venv_ecom_intermediate/cosmos_virtualenv.lock.
[2025-09-13T09:32:01.465+0000] {virtualenv.py:122} INFO - Waiting for virtualenv lock to be released
[2025-09-13T09:32:02.467+0000] {virtualenv.py:178} INFO - Checking for running process with PID 4540
[2025-09-13T09:32:02.468+0000] {virtualenv.py:181} INFO - Process 4540 running: True and has the lock /tmp/cosmos_venv_ecom_intermediate/cosmos_virtualenv.lock.
[2025-09-13T09:32:02.468+0000] {virtualenv.py:122} INFO - Waiting for virtualenv lock to be released
[2025-09-13T09:32:03.470+0000] {virtualenv.py:178} INFO - Checking for running process with PID 4540
[2025-09-13T09:32:03.471+0000] {virtualenv.py:181} INFO - Process 4540 running: True and has the lock /tmp/cosmos_venv_ecom_intermediate/cosmos_virtualenv.lock.
[2025-09-13T09:32:03.471+0000] {virtualenv.py:122} INFO - Waiting for virtualenv lock to be released
[2025-09-13T09:32:04.473+0000] {virtualenv.py:178} INFO - Checking for running process with PID 4540
[2025-09-13T09:32:04.474+0000] {virtualenv.py:181} INFO - Process 4540 running: True and has the lock /tmp/cosmos_venv_ecom_intermediate/cosmos_virtualenv.lock.
[2025-09-13T09:32:04.474+0000] {virtualenv.py:122} INFO - Waiting for virtualenv lock to be released
[2025-09-13T09:32:05.476+0000] {virtualenv.py:178} INFO - Checking for running process with PID 4540
[2025-09-13T09:32:05.477+0000] {virtualenv.py:181} INFO - Process 4540 running: True and has the lock /tmp/cosmos_venv_ecom_intermediate/cosmos_virtualenv.lock.
[2025-09-13T09:32:05.478+0000] {virtualenv.py:122} INFO - Waiting for virtualenv lock to be released
[2025-09-13T09:32:06.480+0000] {virtualenv.py:178} INFO - Checking for running process with PID 4540
[2025-09-13T09:32:06.481+0000] {virtualenv.py:181} INFO - Process 4540 running: True and has the lock /tmp/cosmos_venv_ecom_intermediate/cosmos_virtualenv.lock.
[2025-09-13T09:32:06.481+0000] {virtualenv.py:122} INFO - Waiting for virtualenv lock to be released
[2025-09-13T09:32:07.482+0000] {virtualenv.py:178} INFO - Checking for running process with PID 4540
[2025-09-13T09:32:07.483+0000] {virtualenv.py:181} INFO - Process 4540 running: True and has the lock /tmp/cosmos_venv_ecom_intermediate/cosmos_virtualenv.lock.
[2025-09-13T09:32:07.483+0000] {virtualenv.py:122} INFO - Waiting for virtualenv lock to be released
[2025-09-13T09:32:08.485+0000] {virtualenv.py:178} INFO - Checking for running process with PID 4540
[2025-09-13T09:32:08.485+0000] {virtualenv.py:181} INFO - Process 4540 running: True and has the lock /tmp/cosmos_venv_ecom_intermediate/cosmos_virtualenv.lock.
[2025-09-13T09:32:08.486+0000] {virtualenv.py:122} INFO - Waiting for virtualenv lock to be released
[2025-09-13T09:32:09.488+0000] {virtualenv.py:178} INFO - Checking for running process with PID 4540
[2025-09-13T09:32:09.489+0000] {virtualenv.py:181} INFO - Process 4540 running: True and has the lock /tmp/cosmos_venv_ecom_intermediate/cosmos_virtualenv.lock.
[2025-09-13T09:32:09.490+0000] {virtualenv.py:122} INFO - Waiting for virtualenv lock to be released
[2025-09-13T09:32:10.492+0000] {virtualenv.py:178} INFO - Checking for running process with PID 4540
[2025-09-13T09:32:10.493+0000] {virtualenv.py:181} INFO - Process 4540 running: True and has the lock /tmp/cosmos_venv_ecom_intermediate/cosmos_virtualenv.lock.
[2025-09-13T09:32:10.493+0000] {virtualenv.py:122} INFO - Waiting for virtualenv lock to be released
[2025-09-13T09:32:11.495+0000] {virtualenv.py:178} INFO - Checking for running process with PID 4482
[2025-09-13T09:32:11.495+0000] {virtualenv.py:181} INFO - Process 4482 running: True and has the lock /tmp/cosmos_venv_ecom_intermediate/cosmos_virtualenv.lock.
[2025-09-13T09:32:11.496+0000] {virtualenv.py:122} INFO - Waiting for virtualenv lock to be released
[2025-09-13T09:32:12.497+0000] {virtualenv.py:178} INFO - Checking for running process with PID 4482
[2025-09-13T09:32:12.498+0000] {virtualenv.py:181} INFO - Process 4482 running: True and has the lock /tmp/cosmos_venv_ecom_intermediate/cosmos_virtualenv.lock.
[2025-09-13T09:32:12.498+0000] {virtualenv.py:122} INFO - Waiting for virtualenv lock to be released
[2025-09-13T09:32:13.500+0000] {virtualenv.py:178} INFO - Checking for running process with PID 4482
[2025-09-13T09:32:13.500+0000] {virtualenv.py:181} INFO - Process 4482 running: True and has the lock /tmp/cosmos_venv_ecom_intermediate/cosmos_virtualenv.lock.
[2025-09-13T09:32:13.501+0000] {virtualenv.py:122} INFO - Waiting for virtualenv lock to be released
[2025-09-13T09:32:14.502+0000] {virtualenv.py:178} INFO - Checking for running process with PID 4482
[2025-09-13T09:32:14.503+0000] {virtualenv.py:181} INFO - Process 4482 running: True and has the lock /tmp/cosmos_venv_ecom_intermediate/cosmos_virtualenv.lock.
[2025-09-13T09:32:14.503+0000] {virtualenv.py:122} INFO - Waiting for virtualenv lock to be released
[2025-09-13T09:32:15.505+0000] {virtualenv.py:178} INFO - Checking for running process with PID 4482
[2025-09-13T09:32:15.506+0000] {virtualenv.py:181} INFO - Process 4482 running: True and has the lock /tmp/cosmos_venv_ecom_intermediate/cosmos_virtualenv.lock.
[2025-09-13T09:32:15.506+0000] {virtualenv.py:122} INFO - Waiting for virtualenv lock to be released
[2025-09-13T09:32:16.508+0000] {virtualenv.py:178} INFO - Checking for running process with PID 4482
[2025-09-13T09:32:16.509+0000] {virtualenv.py:181} INFO - Process 4482 running: True and has the lock /tmp/cosmos_venv_ecom_intermediate/cosmos_virtualenv.lock.
[2025-09-13T09:32:16.509+0000] {virtualenv.py:122} INFO - Waiting for virtualenv lock to be released
[2025-09-13T09:32:17.510+0000] {virtualenv.py:178} INFO - Checking for running process with PID 4482
[2025-09-13T09:32:17.511+0000] {virtualenv.py:181} INFO - Process 4482 running: True and has the lock /tmp/cosmos_venv_ecom_intermediate/cosmos_virtualenv.lock.
[2025-09-13T09:32:17.512+0000] {virtualenv.py:122} INFO - Waiting for virtualenv lock to be released
[2025-09-13T09:32:18.513+0000] {virtualenv.py:178} INFO - Checking for running process with PID 4482
[2025-09-13T09:32:18.514+0000] {virtualenv.py:181} INFO - Process 4482 running: True and has the lock /tmp/cosmos_venv_ecom_intermediate/cosmos_virtualenv.lock.
[2025-09-13T09:32:18.514+0000] {virtualenv.py:122} INFO - Waiting for virtualenv lock to be released
[2025-09-13T09:32:19.516+0000] {virtualenv.py:178} INFO - Checking for running process with PID 4482
[2025-09-13T09:32:19.517+0000] {virtualenv.py:181} INFO - Process 4482 running: True and has the lock /tmp/cosmos_venv_ecom_intermediate/cosmos_virtualenv.lock.
[2025-09-13T09:32:19.517+0000] {virtualenv.py:122} INFO - Waiting for virtualenv lock to be released
[2025-09-13T09:32:20.518+0000] {virtualenv.py:178} INFO - Checking for running process with PID 4482
[2025-09-13T09:32:20.519+0000] {virtualenv.py:181} INFO - Process 4482 running: True and has the lock /tmp/cosmos_venv_ecom_intermediate/cosmos_virtualenv.lock.
[2025-09-13T09:32:20.520+0000] {virtualenv.py:122} INFO - Waiting for virtualenv lock to be released
[2025-09-13T09:32:21.522+0000] {virtualenv.py:178} INFO - Checking for running process with PID 4482
[2025-09-13T09:32:21.522+0000] {virtualenv.py:181} INFO - Process 4482 running: True and has the lock /tmp/cosmos_venv_ecom_intermediate/cosmos_virtualenv.lock.
[2025-09-13T09:32:21.523+0000] {virtualenv.py:122} INFO - Waiting for virtualenv lock to be released
[2025-09-13T09:32:22.525+0000] {virtualenv.py:178} INFO - Checking for running process with PID 4482
[2025-09-13T09:32:22.526+0000] {virtualenv.py:181} INFO - Process 4482 running: True and has the lock /tmp/cosmos_venv_ecom_intermediate/cosmos_virtualenv.lock.
[2025-09-13T09:32:22.526+0000] {virtualenv.py:122} INFO - Waiting for virtualenv lock to be released
[2025-09-13T09:32:23.528+0000] {virtualenv.py:178} INFO - Checking for running process with PID 4482
[2025-09-13T09:32:23.530+0000] {virtualenv.py:181} INFO - Process 4482 running: True and has the lock /tmp/cosmos_venv_ecom_intermediate/cosmos_virtualenv.lock.
[2025-09-13T09:32:23.531+0000] {virtualenv.py:122} INFO - Waiting for virtualenv lock to be released
[2025-09-13T09:32:24.533+0000] {virtualenv.py:178} INFO - Checking for running process with PID 4482
[2025-09-13T09:32:24.535+0000] {virtualenv.py:181} INFO - Process 4482 running: True and has the lock /tmp/cosmos_venv_ecom_intermediate/cosmos_virtualenv.lock.
[2025-09-13T09:32:24.537+0000] {virtualenv.py:122} INFO - Waiting for virtualenv lock to be released
[2025-09-13T09:32:25.540+0000] {virtualenv.py:178} INFO - Checking for running process with PID 4745
[2025-09-13T09:32:25.541+0000] {virtualenv.py:181} INFO - Process 4745 running: True and has the lock /tmp/cosmos_venv_ecom_intermediate/cosmos_virtualenv.lock.
[2025-09-13T09:32:25.541+0000] {virtualenv.py:122} INFO - Waiting for virtualenv lock to be released
[2025-09-13T09:32:26.543+0000] {virtualenv.py:178} INFO - Checking for running process with PID 4745
[2025-09-13T09:32:26.544+0000] {virtualenv.py:181} INFO - Process 4745 running: True and has the lock /tmp/cosmos_venv_ecom_intermediate/cosmos_virtualenv.lock.
[2025-09-13T09:32:26.545+0000] {virtualenv.py:122} INFO - Waiting for virtualenv lock to be released
[2025-09-13T09:32:27.547+0000] {virtualenv.py:178} INFO - Checking for running process with PID 4745
[2025-09-13T09:32:27.548+0000] {virtualenv.py:181} INFO - Process 4745 running: True and has the lock /tmp/cosmos_venv_ecom_intermediate/cosmos_virtualenv.lock.
[2025-09-13T09:32:27.549+0000] {virtualenv.py:122} INFO - Waiting for virtualenv lock to be released
[2025-09-13T09:32:28.550+0000] {virtualenv.py:178} INFO - Checking for running process with PID 4745
[2025-09-13T09:32:28.551+0000] {virtualenv.py:181} INFO - Process 4745 running: True and has the lock /tmp/cosmos_venv_ecom_intermediate/cosmos_virtualenv.lock.
[2025-09-13T09:32:28.552+0000] {virtualenv.py:122} INFO - Waiting for virtualenv lock to be released
[2025-09-13T09:32:29.553+0000] {virtualenv.py:178} INFO - Checking for running process with PID 4745
[2025-09-13T09:32:29.554+0000] {virtualenv.py:181} INFO - Process 4745 running: True and has the lock /tmp/cosmos_venv_ecom_intermediate/cosmos_virtualenv.lock.
[2025-09-13T09:32:29.555+0000] {virtualenv.py:122} INFO - Waiting for virtualenv lock to be released
[2025-09-13T09:32:30.556+0000] {virtualenv.py:178} INFO - Checking for running process with PID 4745
[2025-09-13T09:32:30.557+0000] {virtualenv.py:181} INFO - Process 4745 running: True and has the lock /tmp/cosmos_venv_ecom_intermediate/cosmos_virtualenv.lock.
[2025-09-13T09:32:30.558+0000] {virtualenv.py:122} INFO - Waiting for virtualenv lock to be released
[2025-09-13T09:32:31.559+0000] {virtualenv.py:178} INFO - Checking for running process with PID 4745
[2025-09-13T09:32:31.560+0000] {virtualenv.py:181} INFO - Process 4745 running: True and has the lock /tmp/cosmos_venv_ecom_intermediate/cosmos_virtualenv.lock.
[2025-09-13T09:32:31.561+0000] {virtualenv.py:122} INFO - Waiting for virtualenv lock to be released
[2025-09-13T09:32:32.562+0000] {virtualenv.py:178} INFO - Checking for running process with PID 4745
[2025-09-13T09:32:32.563+0000] {virtualenv.py:181} INFO - Process 4745 running: True and has the lock /tmp/cosmos_venv_ecom_intermediate/cosmos_virtualenv.lock.
[2025-09-13T09:32:32.563+0000] {virtualenv.py:122} INFO - Waiting for virtualenv lock to be released
[2025-09-13T09:32:33.565+0000] {virtualenv.py:178} INFO - Checking for running process with PID 4745
[2025-09-13T09:32:33.566+0000] {virtualenv.py:181} INFO - Process 4745 running: True and has the lock /tmp/cosmos_venv_ecom_intermediate/cosmos_virtualenv.lock.
[2025-09-13T09:32:33.566+0000] {virtualenv.py:122} INFO - Waiting for virtualenv lock to be released
[2025-09-13T09:32:34.568+0000] {virtualenv.py:178} INFO - Checking for running process with PID 4745
[2025-09-13T09:32:34.569+0000] {virtualenv.py:181} INFO - Process 4745 running: True and has the lock /tmp/cosmos_venv_ecom_intermediate/cosmos_virtualenv.lock.
[2025-09-13T09:32:34.569+0000] {virtualenv.py:122} INFO - Waiting for virtualenv lock to be released
[2025-09-13T09:32:35.571+0000] {virtualenv.py:178} INFO - Checking for running process with PID 4745
[2025-09-13T09:32:35.573+0000] {virtualenv.py:181} INFO - Process 4745 running: True and has the lock /tmp/cosmos_venv_ecom_intermediate/cosmos_virtualenv.lock.
[2025-09-13T09:32:35.573+0000] {virtualenv.py:122} INFO - Waiting for virtualenv lock to be released
[2025-09-13T09:32:36.575+0000] {virtualenv.py:178} INFO - Checking for running process with PID 4745
[2025-09-13T09:32:36.576+0000] {virtualenv.py:181} INFO - Process 4745 running: True and has the lock /tmp/cosmos_venv_ecom_intermediate/cosmos_virtualenv.lock.
[2025-09-13T09:32:36.577+0000] {virtualenv.py:122} INFO - Waiting for virtualenv lock to be released
[2025-09-13T09:32:37.578+0000] {virtualenv.py:178} INFO - Checking for running process with PID 4745
[2025-09-13T09:32:37.579+0000] {virtualenv.py:181} INFO - Process 4745 running: True and has the lock /tmp/cosmos_venv_ecom_intermediate/cosmos_virtualenv.lock.
[2025-09-13T09:32:37.580+0000] {virtualenv.py:122} INFO - Waiting for virtualenv lock to be released
[2025-09-13T09:32:38.581+0000] {virtualenv.py:178} INFO - Checking for running process with PID 4745
[2025-09-13T09:32:38.582+0000] {virtualenv.py:181} INFO - Process 4745 running: True and has the lock /tmp/cosmos_venv_ecom_intermediate/cosmos_virtualenv.lock.
[2025-09-13T09:32:38.583+0000] {virtualenv.py:122} INFO - Waiting for virtualenv lock to be released
[2025-09-13T09:32:39.584+0000] {virtualenv.py:126} INFO - Acquiring the virtualenv lock
[2025-09-13T09:32:39.584+0000] {virtualenv.py:195} INFO - Acquiring lock at /tmp/cosmos_venv_ecom_intermediate/cosmos_virtualenv.lock with pid 4693
[2025-09-13T09:32:39.585+0000] {virtualenv.py:153} INFO - Creating or updating the virtualenv at `/tmp/cosmos_venv_ecom_intermediate
[2025-09-13T09:32:39.585+0000] {process_utils.py:183} INFO - Executing cmd: /home/***/.local/bin/python -m virtualenv /tmp/cosmos_venv_ecom_intermediate --python=python3
[2025-09-13T09:32:39.586+0000] {process_utils.py:187} INFO - Output:
[2025-09-13T09:32:40.876+0000] {process_utils.py:191} INFO - created virtual environment CPython3.10.14.final.0-64 in 553ms
[2025-09-13T09:32:40.877+0000] {process_utils.py:191} INFO -   creator CPython3Posix(dest=/tmp/cosmos_venv_ecom_intermediate, clear=False, no_vcs_ignore=False, global=False)
[2025-09-13T09:32:40.877+0000] {process_utils.py:191} INFO -   seeder FromAppData(download=False, pip=bundle, setuptools=bundle, wheel=bundle, via=copy, app_data_dir=/home/***/.local/share/virtualenv)
[2025-09-13T09:32:40.878+0000] {process_utils.py:191} INFO -     added seed packages: MarkupSafe==3.0.2, PyYAML==6.0.2, agate==1.9.1, annotated_types==0.7.0, attrs==25.3.0, babel==2.17.0, certifi==2025.8.3, charset_normalizer==3.4.3, click==8.2.1, clickhouse_connect==0.8.18, clickhouse_driver==0.2.9, colorama==0.4.6, daff==1.4.2, dbt_adapters==1.16.7, dbt_clickhouse==1.9.3, dbt_common==1.30.0, dbt_core==1.10.11, dbt_extractor==0.6.0, dbt_protos==1.0.375, dbt_semantic_interfaces==0.9.0, deepdiff==8.6.1, idna==3.10, importlib_metadata==8.7.0, isodate==0.6.1, jinja2==3.1.6, jsonschema==4.25.1, jsonschema_specifications==2025.9.1, leather==0.4.0, lz4==4.4.4, mashumaro==3.14, more_itertools==10.8.0, msgpack==1.1.1, networkx==3.4.2, orderly_set==5.5.0, packaging==25.0, parsedatetime==2.6, pathspec==0.12.1, pip==25.2, protobuf==6.32.1, pydantic==2.11.8, pydantic_core==2.33.2, python_dateutil==2.9.0.post0, python_slugify==8.0.4, pytimeparse==1.1.8, pytz==2025.2, referencing==0.36.2, requests==2.32.5, rpds_py==0.27.1, setuptools==80.9.0, six==1.17.0, snowplow_tracker==1.1.0, sqlparse==0.5.3, text_unidecode==1.3, typing_extensions==4.15.0, typing_inspection==0.4.1, tzlocal==5.3.1, urllib3==2.5.0, wheel==0.45.1, zipp==3.23.0, zstandard==0.24.0
[2025-09-13T09:32:40.879+0000] {process_utils.py:191} INFO -   activators BashActivator,CShellActivator,FishActivator,NushellActivator,PowerShellActivator,PythonActivator
[2025-09-13T09:32:40.942+0000] {process_utils.py:183} INFO - Executing cmd: /tmp/cosmos_venv_ecom_intermediate/bin/pip install dbt-clickhouse
[2025-09-13T09:32:40.943+0000] {process_utils.py:187} INFO - Output:
[2025-09-13T09:32:42.126+0000] {process_utils.py:191} INFO - Requirement already satisfied: dbt-clickhouse in /tmp/cosmos_venv_ecom_intermediate/lib/python3.10/site-packages (1.9.3)
[2025-09-13T09:32:42.128+0000] {process_utils.py:191} INFO - Requirement already satisfied: dbt-core>=1.9 in /tmp/cosmos_venv_ecom_intermediate/lib/python3.10/site-packages (from dbt-clickhouse) (1.10.11)
[2025-09-13T09:32:42.129+0000] {process_utils.py:191} INFO - Requirement already satisfied: clickhouse-connect>=0.6.22 in /tmp/cosmos_venv_ecom_intermediate/lib/python3.10/site-packages (from dbt-clickhouse) (0.8.18)
[2025-09-13T09:32:42.130+0000] {process_utils.py:191} INFO - Requirement already satisfied: clickhouse-driver>=0.2.6 in /tmp/cosmos_venv_ecom_intermediate/lib/python3.10/site-packages (from dbt-clickhouse) (0.2.9)
[2025-09-13T09:32:42.131+0000] {process_utils.py:191} INFO - Requirement already satisfied: setuptools>=0.69 in /tmp/cosmos_venv_ecom_intermediate/lib/python3.10/site-packages (from dbt-clickhouse) (80.9.0)
[2025-09-13T09:32:42.133+0000] {process_utils.py:191} INFO - Requirement already satisfied: certifi in /tmp/cosmos_venv_ecom_intermediate/lib/python3.10/site-packages (from clickhouse-connect>=0.6.22->dbt-clickhouse) (2025.8.3)
[2025-09-13T09:32:42.134+0000] {process_utils.py:191} INFO - Requirement already satisfied: urllib3>=1.26 in /tmp/cosmos_venv_ecom_intermediate/lib/python3.10/site-packages (from clickhouse-connect>=0.6.22->dbt-clickhouse) (2.5.0)
[2025-09-13T09:32:42.134+0000] {process_utils.py:191} INFO - Requirement already satisfied: pytz in /tmp/cosmos_venv_ecom_intermediate/lib/python3.10/site-packages (from clickhouse-connect>=0.6.22->dbt-clickhouse) (2025.2)
[2025-09-13T09:32:42.135+0000] {process_utils.py:191} INFO - Requirement already satisfied: zstandard in /tmp/cosmos_venv_ecom_intermediate/lib/python3.10/site-packages (from clickhouse-connect>=0.6.22->dbt-clickhouse) (0.24.0)
[2025-09-13T09:32:42.136+0000] {process_utils.py:191} INFO - Requirement already satisfied: lz4 in /tmp/cosmos_venv_ecom_intermediate/lib/python3.10/site-packages (from clickhouse-connect>=0.6.22->dbt-clickhouse) (4.4.4)
[2025-09-13T09:32:42.138+0000] {process_utils.py:191} INFO - Requirement already satisfied: tzlocal in /tmp/cosmos_venv_ecom_intermediate/lib/python3.10/site-packages (from clickhouse-driver>=0.2.6->dbt-clickhouse) (5.3.1)
[2025-09-13T09:32:42.141+0000] {process_utils.py:191} INFO - Requirement already satisfied: agate<1.10,>=1.7.0 in /tmp/cosmos_venv_ecom_intermediate/lib/python3.10/site-packages (from dbt-core>=1.9->dbt-clickhouse) (1.9.1)
[2025-09-13T09:32:42.142+0000] {process_utils.py:191} INFO - Requirement already satisfied: Jinja2<4,>=3.1.3 in /tmp/cosmos_venv_ecom_intermediate/lib/python3.10/site-packages (from dbt-core>=1.9->dbt-clickhouse) (3.1.6)
[2025-09-13T09:32:42.143+0000] {process_utils.py:191} INFO - Requirement already satisfied: mashumaro<3.15,>=3.9 in /tmp/cosmos_venv_ecom_intermediate/lib/python3.10/site-packages (from mashumaro[msgpack]<3.15,>=3.9->dbt-core>=1.9->dbt-clickhouse) (3.14)
[2025-09-13T09:32:42.144+0000] {process_utils.py:191} INFO - Requirement already satisfied: click<9.0,>=8.0.2 in /tmp/cosmos_venv_ecom_intermediate/lib/python3.10/site-packages (from dbt-core>=1.9->dbt-clickhouse) (8.2.1)
[2025-09-13T09:32:42.145+0000] {process_utils.py:191} INFO - Requirement already satisfied: jsonschema<5.0,>=4.19.1 in /tmp/cosmos_venv_ecom_intermediate/lib/python3.10/site-packages (from dbt-core>=1.9->dbt-clickhouse) (4.25.1)
[2025-09-13T09:32:42.145+0000] {process_utils.py:191} INFO - Requirement already satisfied: networkx<4.0,>=2.3 in /tmp/cosmos_venv_ecom_intermediate/lib/python3.10/site-packages (from dbt-core>=1.9->dbt-clickhouse) (3.4.2)
[2025-09-13T09:32:42.146+0000] {process_utils.py:191} INFO - Requirement already satisfied: protobuf<7.0,>=6.0 in /tmp/cosmos_venv_ecom_intermediate/lib/python3.10/site-packages (from dbt-core>=1.9->dbt-clickhouse) (6.32.1)
[2025-09-13T09:32:42.147+0000] {process_utils.py:191} INFO - Requirement already satisfied: requests<3.0.0 in /tmp/cosmos_venv_ecom_intermediate/lib/python3.10/site-packages (from dbt-core>=1.9->dbt-clickhouse) (2.32.5)
[2025-09-13T09:32:42.148+0000] {process_utils.py:191} INFO - Requirement already satisfied: snowplow-tracker<2.0,>=1.0.2 in /tmp/cosmos_venv_ecom_intermediate/lib/python3.10/site-packages (from dbt-core>=1.9->dbt-clickhouse) (1.1.0)
[2025-09-13T09:32:42.149+0000] {process_utils.py:191} INFO - Requirement already satisfied: pathspec<0.13,>=0.9 in /tmp/cosmos_venv_ecom_intermediate/lib/python3.10/site-packages (from dbt-core>=1.9->dbt-clickhouse) (0.12.1)
[2025-09-13T09:32:42.150+0000] {process_utils.py:191} INFO - Requirement already satisfied: sqlparse<0.6.0,>=0.5.0 in /tmp/cosmos_venv_ecom_intermediate/lib/python3.10/site-packages (from dbt-core>=1.9->dbt-clickhouse) (0.5.3)
[2025-09-13T09:32:42.150+0000] {process_utils.py:191} INFO - Requirement already satisfied: dbt-extractor<=0.6,>=0.5.0 in /tmp/cosmos_venv_ecom_intermediate/lib/python3.10/site-packages (from dbt-core>=1.9->dbt-clickhouse) (0.6.0)
[2025-09-13T09:32:42.151+0000] {process_utils.py:191} INFO - Requirement already satisfied: dbt-semantic-interfaces<0.10,>=0.9.0 in /tmp/cosmos_venv_ecom_intermediate/lib/python3.10/site-packages (from dbt-core>=1.9->dbt-clickhouse) (0.9.0)
[2025-09-13T09:32:42.152+0000] {process_utils.py:191} INFO - Requirement already satisfied: dbt-common<2.0,>=1.27.0 in /tmp/cosmos_venv_ecom_intermediate/lib/python3.10/site-packages (from dbt-core>=1.9->dbt-clickhouse) (1.30.0)
[2025-09-13T09:32:42.152+0000] {process_utils.py:191} INFO - Requirement already satisfied: dbt-adapters<2.0,>=1.15.5 in /tmp/cosmos_venv_ecom_intermediate/lib/python3.10/site-packages (from dbt-core>=1.9->dbt-clickhouse) (1.16.7)
[2025-09-13T09:32:42.153+0000] {process_utils.py:191} INFO - Requirement already satisfied: dbt-protos<2.0,>=1.0.346 in /tmp/cosmos_venv_ecom_intermediate/lib/python3.10/site-packages (from dbt-core>=1.9->dbt-clickhouse) (1.0.375)
[2025-09-13T09:32:42.154+0000] {process_utils.py:191} INFO - Requirement already satisfied: pydantic<3 in /tmp/cosmos_venv_ecom_intermediate/lib/python3.10/site-packages (from dbt-core>=1.9->dbt-clickhouse) (2.11.8)
[2025-09-13T09:32:42.155+0000] {process_utils.py:191} INFO - Requirement already satisfied: packaging>20.9 in /tmp/cosmos_venv_ecom_intermediate/lib/python3.10/site-packages (from dbt-core>=1.9->dbt-clickhouse) (25.0)
[2025-09-13T09:32:42.156+0000] {process_utils.py:191} INFO - Requirement already satisfied: pyyaml>=6.0 in /tmp/cosmos_venv_ecom_intermediate/lib/python3.10/site-packages (from dbt-core>=1.9->dbt-clickhouse) (6.0.2)
[2025-09-13T09:32:42.156+0000] {process_utils.py:191} INFO - Requirement already satisfied: daff>=1.3.46 in /tmp/cosmos_venv_ecom_intermediate/lib/python3.10/site-packages (from dbt-core>=1.9->dbt-clickhouse) (1.4.2)
[2025-09-13T09:32:42.157+0000] {process_utils.py:191} INFO - Requirement already satisfied: typing-extensions>=4.4 in /tmp/cosmos_venv_ecom_intermediate/lib/python3.10/site-packages (from dbt-core>=1.9->dbt-clickhouse) (4.15.0)
[2025-09-13T09:32:42.160+0000] {process_utils.py:191} INFO - Requirement already satisfied: Babel>=2.0 in /tmp/cosmos_venv_ecom_intermediate/lib/python3.10/site-packages (from agate<1.10,>=1.7.0->dbt-core>=1.9->dbt-clickhouse) (2.17.0)
[2025-09-13T09:32:42.160+0000] {process_utils.py:191} INFO - Requirement already satisfied: isodate>=0.5.4 in /tmp/cosmos_venv_ecom_intermediate/lib/python3.10/site-packages (from agate<1.10,>=1.7.0->dbt-core>=1.9->dbt-clickhouse) (0.6.1)
[2025-09-13T09:32:42.161+0000] {process_utils.py:191} INFO - Requirement already satisfied: leather>=0.3.2 in /tmp/cosmos_venv_ecom_intermediate/lib/python3.10/site-packages (from agate<1.10,>=1.7.0->dbt-core>=1.9->dbt-clickhouse) (0.4.0)
[2025-09-13T09:32:42.161+0000] {process_utils.py:191} INFO - Requirement already satisfied: parsedatetime!=2.5,>=2.1 in /tmp/cosmos_venv_ecom_intermediate/lib/python3.10/site-packages (from agate<1.10,>=1.7.0->dbt-core>=1.9->dbt-clickhouse) (2.6)
[2025-09-13T09:32:42.162+0000] {process_utils.py:191} INFO - Requirement already satisfied: python-slugify>=1.2.1 in /tmp/cosmos_venv_ecom_intermediate/lib/python3.10/site-packages (from agate<1.10,>=1.7.0->dbt-core>=1.9->dbt-clickhouse) (8.0.4)
[2025-09-13T09:32:42.162+0000] {process_utils.py:191} INFO - Requirement already satisfied: pytimeparse>=1.1.5 in /tmp/cosmos_venv_ecom_intermediate/lib/python3.10/site-packages (from agate<1.10,>=1.7.0->dbt-core>=1.9->dbt-clickhouse) (1.1.8)
[2025-09-13T09:32:42.174+0000] {process_utils.py:191} INFO - Requirement already satisfied: colorama<0.5,>=0.3.9 in /tmp/cosmos_venv_ecom_intermediate/lib/python3.10/site-packages (from dbt-common<2.0,>=1.27.0->dbt-core>=1.9->dbt-clickhouse) (0.4.6)
[2025-09-13T09:32:42.175+0000] {process_utils.py:191} INFO - Requirement already satisfied: deepdiff<9.0,>=7.0 in /tmp/cosmos_venv_ecom_intermediate/lib/python3.10/site-packages (from dbt-common<2.0,>=1.27.0->dbt-core>=1.9->dbt-clickhouse) (8.6.1)
[2025-09-13T09:32:42.177+0000] {process_utils.py:191} INFO - Requirement already satisfied: python-dateutil<3.0,>=2.0 in /tmp/cosmos_venv_ecom_intermediate/lib/python3.10/site-packages (from dbt-common<2.0,>=1.27.0->dbt-core>=1.9->dbt-clickhouse) (2.9.0.post0)
[2025-09-13T09:32:42.184+0000] {process_utils.py:191} INFO - Requirement already satisfied: importlib-metadata<9,>=6.0 in /tmp/cosmos_venv_ecom_intermediate/lib/python3.10/site-packages (from dbt-semantic-interfaces<0.10,>=0.9.0->dbt-core>=1.9->dbt-clickhouse) (8.7.0)
[2025-09-13T09:32:42.185+0000] {process_utils.py:191} INFO - Requirement already satisfied: more-itertools<11.0,>=8.0 in /tmp/cosmos_venv_ecom_intermediate/lib/python3.10/site-packages (from dbt-semantic-interfaces<0.10,>=0.9.0->dbt-core>=1.9->dbt-clickhouse) (10.8.0)
[2025-09-13T09:32:42.194+0000] {process_utils.py:191} INFO - Requirement already satisfied: orderly-set<6,>=5.4.1 in /tmp/cosmos_venv_ecom_intermediate/lib/python3.10/site-packages (from deepdiff<9.0,>=7.0->dbt-common<2.0,>=1.27.0->dbt-core>=1.9->dbt-clickhouse) (5.5.0)
[2025-09-13T09:32:42.200+0000] {process_utils.py:191} INFO - Requirement already satisfied: zipp>=3.20 in /tmp/cosmos_venv_ecom_intermediate/lib/python3.10/site-packages (from importlib-metadata<9,>=6.0->dbt-semantic-interfaces<0.10,>=0.9.0->dbt-core>=1.9->dbt-clickhouse) (3.23.0)
[2025-09-13T09:32:42.202+0000] {process_utils.py:191} INFO - Requirement already satisfied: six in /tmp/cosmos_venv_ecom_intermediate/lib/python3.10/site-packages (from isodate>=0.5.4->agate<1.10,>=1.7.0->dbt-core>=1.9->dbt-clickhouse) (1.17.0)
[2025-09-13T09:32:42.204+0000] {process_utils.py:191} INFO - Requirement already satisfied: MarkupSafe>=2.0 in /tmp/cosmos_venv_ecom_intermediate/lib/python3.10/site-packages (from Jinja2<4,>=3.1.3->dbt-core>=1.9->dbt-clickhouse) (3.0.2)
[2025-09-13T09:32:42.209+0000] {process_utils.py:191} INFO - Requirement already satisfied: attrs>=22.2.0 in /tmp/cosmos_venv_ecom_intermediate/lib/python3.10/site-packages (from jsonschema<5.0,>=4.19.1->dbt-core>=1.9->dbt-clickhouse) (25.3.0)
[2025-09-13T09:32:42.209+0000] {process_utils.py:191} INFO - Requirement already satisfied: jsonschema-specifications>=2023.03.6 in /tmp/cosmos_venv_ecom_intermediate/lib/python3.10/site-packages (from jsonschema<5.0,>=4.19.1->dbt-core>=1.9->dbt-clickhouse) (2025.9.1)
[2025-09-13T09:32:42.210+0000] {process_utils.py:191} INFO - Requirement already satisfied: referencing>=0.28.4 in /tmp/cosmos_venv_ecom_intermediate/lib/python3.10/site-packages (from jsonschema<5.0,>=4.19.1->dbt-core>=1.9->dbt-clickhouse) (0.36.2)
[2025-09-13T09:32:42.211+0000] {process_utils.py:191} INFO - Requirement already satisfied: rpds-py>=0.7.1 in /tmp/cosmos_venv_ecom_intermediate/lib/python3.10/site-packages (from jsonschema<5.0,>=4.19.1->dbt-core>=1.9->dbt-clickhouse) (0.27.1)
[2025-09-13T09:32:42.218+0000] {process_utils.py:191} INFO - Requirement already satisfied: msgpack>=0.5.6 in /tmp/cosmos_venv_ecom_intermediate/lib/python3.10/site-packages (from mashumaro[msgpack]<3.15,>=3.9->dbt-core>=1.9->dbt-clickhouse) (1.1.1)
[2025-09-13T09:32:42.235+0000] {process_utils.py:191} INFO - Requirement already satisfied: annotated-types>=0.6.0 in /tmp/cosmos_venv_ecom_intermediate/lib/python3.10/site-packages (from pydantic<3->dbt-core>=1.9->dbt-clickhouse) (0.7.0)
[2025-09-13T09:32:42.236+0000] {process_utils.py:191} INFO - Requirement already satisfied: pydantic-core==2.33.2 in /tmp/cosmos_venv_ecom_intermediate/lib/python3.10/site-packages (from pydantic<3->dbt-core>=1.9->dbt-clickhouse) (2.33.2)
[2025-09-13T09:32:42.238+0000] {process_utils.py:191} INFO - Requirement already satisfied: typing-inspection>=0.4.0 in /tmp/cosmos_venv_ecom_intermediate/lib/python3.10/site-packages (from pydantic<3->dbt-core>=1.9->dbt-clickhouse) (0.4.1)
[2025-09-13T09:32:42.250+0000] {process_utils.py:191} INFO - Requirement already satisfied: charset_normalizer<4,>=2 in /tmp/cosmos_venv_ecom_intermediate/lib/python3.10/site-packages (from requests<3.0.0->dbt-core>=1.9->dbt-clickhouse) (3.4.3)
[2025-09-13T09:32:42.250+0000] {process_utils.py:191} INFO - Requirement already satisfied: idna<4,>=2.5 in /tmp/cosmos_venv_ecom_intermediate/lib/python3.10/site-packages (from requests<3.0.0->dbt-core>=1.9->dbt-clickhouse) (3.10)
[2025-09-13T09:32:42.296+0000] {process_utils.py:191} INFO - Requirement already satisfied: text-unidecode>=1.3 in /tmp/cosmos_venv_ecom_intermediate/lib/python3.10/site-packages (from python-slugify>=1.2.1->agate<1.10,>=1.7.0->dbt-core>=1.9->dbt-clickhouse) (1.3)
[2025-09-13T09:32:42.477+0000] {local.py:470} INFO - Cloning project to writable temp directory /tmp/tmpdhig0elm from /opt/airflow/dags/dbt/ecom_intermediate
[2025-09-13T09:32:42.490+0000] {local.py:490} INFO - Partial parse is enabled and the latest partial parse file is /tmp/cosmos/dbt_intermediate__intermediate/target/partial_parse.msgpack
[2025-09-13T09:32:42.502+0000] {config.py:362} INFO - Using user-supplied profiles.yml at /opt/airflow/dags/dbt/profiles.yml
[2025-09-13T09:32:42.512+0000] {virtualenv.py:99} INFO - Using Python binary from virtualenv: /tmp/cosmos_venv_ecom_intermediate/bin/python
[2025-09-13T09:32:42.513+0000] {local.py:434} INFO - Trying to run the command:
 ['/tmp/cosmos_venv_ecom_intermediate/bin/dbt', 'deps', '--project-dir', '/tmp/tmpdhig0elm', '--profiles-dir', '/opt/***/dags/dbt', '--profile', 'ecom_intermediate', '--target', 'dev']
From /tmp/tmpdhig0elm
[2025-09-13T09:32:42.514+0000] {subprocess.py:56} INFO - Tmp dir root location: 
 /tmp
[2025-09-13T09:32:42.514+0000] {subprocess.py:69} INFO - Running command: ['/tmp/cosmos_venv_ecom_intermediate/bin/dbt', 'deps', '--project-dir', '/tmp/tmpdhig0elm', '--profiles-dir', '/opt/***/dags/dbt', '--profile', 'ecom_intermediate', '--target', 'dev']
[2025-09-13T09:32:42.526+0000] {subprocess.py:80} INFO - Command output:
[2025-09-13T09:32:44.539+0000] {subprocess.py:90} INFO - [0m09:32:44  Running with dbt=1.10.11
[2025-09-13T09:32:45.204+0000] {subprocess.py:90} INFO - [0m09:32:45  Installing dbt-labs/dbt_utils
[2025-09-13T09:32:45.747+0000] {subprocess.py:90} INFO - [0m09:32:45  Installed from version 1.3.0
[2025-09-13T09:32:45.747+0000] {subprocess.py:90} INFO - [0m09:32:45  Updated version available: 1.3.1
[2025-09-13T09:32:45.748+0000] {subprocess.py:90} INFO - [0m09:32:45
[2025-09-13T09:32:45.748+0000] {subprocess.py:90} INFO - [0m09:32:45  Updates available for packages: ['dbt-labs/dbt_utils']
[2025-09-13T09:32:45.749+0000] {subprocess.py:90} INFO - Update your versions in packages.yml, then run dbt deps
[2025-09-13T09:32:47.695+0000] {subprocess.py:94} INFO - Command exited with return code 0
[2025-09-13T09:32:47.695+0000] {local.py:441} INFO - Update your versions in packages.yml, then run dbt deps
[2025-09-13T09:32:47.696+0000] {virtualenv.py:99} INFO - Using Python binary from virtualenv: /tmp/cosmos_venv_ecom_intermediate/bin/python
[2025-09-13T09:32:47.696+0000] {local.py:434} INFO - Trying to run the command:
 ['/tmp/cosmos_venv_ecom_intermediate/bin/dbt', 'run', '--models', 'customer_interactions', '--project-dir', '/tmp/tmpdhig0elm', '--profiles-dir', '/opt/***/dags/dbt', '--profile', 'ecom_intermediate', '--target', 'dev']
From /tmp/tmpdhig0elm
[2025-09-13T09:32:47.697+0000] {subprocess.py:56} INFO - Tmp dir root location: 
 /tmp
[2025-09-13T09:32:47.698+0000] {subprocess.py:69} INFO - Running command: ['/tmp/cosmos_venv_ecom_intermediate/bin/dbt', 'run', '--models', 'customer_interactions', '--project-dir', '/tmp/tmpdhig0elm', '--profiles-dir', '/opt/***/dags/dbt', '--profile', 'ecom_intermediate', '--target', 'dev']
[2025-09-13T09:32:47.709+0000] {subprocess.py:80} INFO - Command output:
[2025-09-13T09:32:50.207+0000] {subprocess.py:90} INFO - [0m09:32:50  Running with dbt=1.10.11
[2025-09-13T09:32:50.209+0000] {subprocess.py:90} INFO - [0m09:32:50  [[33mWARNING[0m]: Deprecated functionality
[2025-09-13T09:32:50.210+0000] {subprocess.py:90} INFO - Usage of `--models`, `--model`, and `-m` is deprecated in favor of `--select` or
[2025-09-13T09:32:50.211+0000] {subprocess.py:90} INFO - `-s`.
[2025-09-13T09:32:50.603+0000] {subprocess.py:90} INFO - [0m09:32:50  Registered adapter: clickhouse=1.9.3
[2025-09-13T09:32:51.702+0000] {subprocess.py:90} INFO - [0m09:32:51  Found 15 models, 50 data tests, 8 sources, 597 macros
[2025-09-13T09:32:51.706+0000] {subprocess.py:90} INFO - [0m09:32:51
[2025-09-13T09:32:51.707+0000] {subprocess.py:90} INFO - [0m09:32:51  Concurrency: 4 threads (target='dev')
[2025-09-13T09:32:51.708+0000] {subprocess.py:90} INFO - [0m09:32:51
[2025-09-13T09:32:51.846+0000] {subprocess.py:90} INFO - [0m09:32:51  1 of 1 START sql table model `ecom_db_intermediate`.`customer_interactions` .... [RUN]
[2025-09-13T09:32:52.294+0000] {subprocess.py:90} INFO - [0m09:32:52  1 of 1 OK created sql table model `ecom_db_intermediate`.`customer_interactions`  [[32mOK[0m in 0.45s]
[2025-09-13T09:32:52.299+0000] {subprocess.py:90} INFO - [0m09:32:52
[2025-09-13T09:32:52.299+0000] {subprocess.py:90} INFO - [0m09:32:52  Finished running 1 table model in 0 hours 0 minutes and 0.59 seconds (0.59s).
[2025-09-13T09:32:52.362+0000] {subprocess.py:90} INFO - [0m09:32:52
[2025-09-13T09:32:52.363+0000] {subprocess.py:90} INFO - [0m09:32:52  [32mCompleted successfully[0m
[2025-09-13T09:32:52.364+0000] {subprocess.py:90} INFO - [0m09:32:52
[2025-09-13T09:32:52.364+0000] {subprocess.py:90} INFO - [0m09:32:52  Done. PASS=1 WARN=0 ERROR=0 SKIP=0 NO-OP=0 TOTAL=1
[2025-09-13T09:32:52.365+0000] {subprocess.py:90} INFO - [0m09:32:52  [[33mWARNING[0m][DeprecationsSummary]: Deprecated functionality
[2025-09-13T09:32:52.365+0000] {subprocess.py:90} INFO - Summary of encountered deprecations:
[2025-09-13T09:32:52.365+0000] {subprocess.py:90} INFO - - ModelParamUsageDeprecation: 1 occurrence
[2025-09-13T09:32:52.366+0000] {subprocess.py:90} INFO - To see all deprecation instances instead of just the first occurrence of each,
[2025-09-13T09:32:52.366+0000] {subprocess.py:90} INFO - run command again with the `--show-all-deprecations` flag. You may also need to
[2025-09-13T09:32:52.366+0000] {subprocess.py:90} INFO - run with `--no-partial-parse` as some deprecations are only encountered during
[2025-09-13T09:32:52.367+0000] {subprocess.py:90} INFO - parsing.
[2025-09-13T09:32:54.190+0000] {subprocess.py:94} INFO - Command exited with return code 0
[2025-09-13T09:32:54.191+0000] {local.py:441} INFO - parsing.
[2025-09-13T09:32:54.208+0000] {local.py:196} WARNING - Artifact schema version: https://schemas.getdbt.com/dbt/manifest/v12.json is above dbt-ol supported version 7. This might cause errors.
[2025-09-13T09:32:54.209+0000] {local.py:196} WARNING - Artifact schema version: https://schemas.getdbt.com/dbt/run-results/v6.json is above dbt-ol supported version 5. This might cause errors.
[2025-09-13T09:32:54.219+0000] {local.py:547} INFO - Inlets: []
[2025-09-13T09:32:54.220+0000] {local.py:548} INFO - Outlets: []
[2025-09-13T09:32:54.221+0000] {local.py:772} INFO - Assigning inlets/outlets without DatasetAlias
[2025-09-13T09:32:54.222+0000] {dag.py:3089} INFO - Sync 1 DAGs
[2025-09-13T09:32:54.297+0000] {dag.py:3947} INFO - Setting next_dagrun for dbt_intermediate to 2025-09-13 00:00:00+00:00, run_after=2025-09-14 00:00:00+00:00
[2025-09-13T09:32:54.380+0000] {virtualenv.py:131} INFO - Releasing virtualenv lock
[2025-09-13T09:32:54.385+0000] {virtualenv.py:145} INFO - None
[2025-09-13T09:32:54.385+0000] {taskinstance.py:441} INFO - ::group::Post task execution logs
[2025-09-13T09:32:54.429+0000] {taskinstance.py:1206} INFO - Marking task as SUCCESS. dag_id=dbt_intermediate, task_id=intermediate.customer_interactions.run, run_id=manual__2025-09-13T09:28:37.455030+00:00, execution_date=20250913T092837, start_date=20250913T093051, end_date=20250913T093254
[2025-09-13T09:32:54.488+0000] {local_task_job_runner.py:243} INFO - Task exited with return code 0
[2025-09-13T09:32:54.553+0000] {taskinstance.py:3503} INFO - 1 downstream tasks scheduled from follow-on schedule check
[2025-09-13T09:32:54.557+0000] {local_task_job_runner.py:222} INFO - ::endgroup::
