[2025-09-22T08:31:35.028+0000] {local_task_job_runner.py:120} INFO - ::group::Pre task execution logs
[2025-09-22T08:31:35.284+0000] {taskinstance.py:2076} INFO - Dependencies all met for dep_context=non-requeueable deps ti=<TaskInstance: dbt_intermediate.intermediate.products_enriched.run manual__2025-09-22T08:28:03.359463+00:00 [queued]>
[2025-09-22T08:31:35.297+0000] {taskinstance.py:2076} INFO - Dependencies all met for dep_context=requeueable deps ti=<TaskInstance: dbt_intermediate.intermediate.products_enriched.run manual__2025-09-22T08:28:03.359463+00:00 [queued]>
[2025-09-22T08:31:35.308+0000] {taskinstance.py:2306} INFO - Starting attempt 1 of 1
[2025-09-22T08:31:35.325+0000] {taskinstance.py:2330} INFO - Executing <Task(DbtRunVirtualenvOperator): intermediate.products_enriched.run> on 2025-09-22 08:28:03.359463+00:00
[2025-09-22T08:31:35.333+0000] {standard_task_runner.py:64} INFO - Started process 5831 to run task
[2025-09-22T08:31:35.337+0000] {standard_task_runner.py:90} INFO - Running: ['***', 'tasks', 'run', 'dbt_intermediate', 'intermediate.products_enriched.run', 'manual__2025-09-22T08:28:03.359463+00:00', '--job-id', '719', '--raw', '--subdir', 'DAGS_FOLDER/dbt_intermediate.py', '--cfg-path', '/tmp/tmpcp0z0_2n']
[2025-09-22T08:31:35.340+0000] {standard_task_runner.py:91} INFO - Job 719: Subtask intermediate.products_enriched.run
[2025-09-22T08:31:35.503+0000] {task_command.py:426} INFO - Running <TaskInstance: dbt_intermediate.intermediate.products_enriched.run manual__2025-09-22T08:28:03.359463+00:00 [running]> on host e95bde6b8d07
[2025-09-22T08:31:35.778+0000] {taskinstance.py:2648} INFO - Exporting env vars: AIRFLOW_CTX_DAG_OWNER='***' AIRFLOW_CTX_DAG_ID='dbt_intermediate' AIRFLOW_CTX_TASK_ID='intermediate.products_enriched.run' AIRFLOW_CTX_EXECUTION_DATE='2025-09-22T08:28:03.359463+00:00' AIRFLOW_CTX_TRY_NUMBER='1' AIRFLOW_CTX_DAG_RUN_ID='manual__2025-09-22T08:28:03.359463+00:00'
[2025-09-22T08:31:35.779+0000] {taskinstance.py:430} INFO - ::endgroup::
[2025-09-22T08:31:35.792+0000] {virtualenv.py:120} INFO - Checking if the virtualenv lock /opt/***/cosmos_venvs/ecom_intermediate/cosmos_virtualenv.lock exists
[2025-09-22T08:31:35.793+0000] {virtualenv.py:178} INFO - Checking for running process with PID 5660
[2025-09-22T08:31:35.794+0000] {virtualenv.py:181} INFO - Process 5660 running: True and has the lock /opt/***/cosmos_venvs/ecom_intermediate/cosmos_virtualenv.lock.
[2025-09-22T08:31:35.795+0000] {virtualenv.py:122} INFO - Waiting for virtualenv lock to be released
[2025-09-22T08:31:36.797+0000] {virtualenv.py:178} INFO - Checking for running process with PID 5660
[2025-09-22T08:31:36.798+0000] {virtualenv.py:181} INFO - Process 5660 running: True and has the lock /opt/***/cosmos_venvs/ecom_intermediate/cosmos_virtualenv.lock.
[2025-09-22T08:31:36.799+0000] {virtualenv.py:122} INFO - Waiting for virtualenv lock to be released
[2025-09-22T08:31:37.800+0000] {virtualenv.py:178} INFO - Checking for running process with PID 5660
[2025-09-22T08:31:37.802+0000] {virtualenv.py:181} INFO - Process 5660 running: True and has the lock /opt/***/cosmos_venvs/ecom_intermediate/cosmos_virtualenv.lock.
[2025-09-22T08:31:37.803+0000] {virtualenv.py:122} INFO - Waiting for virtualenv lock to be released
[2025-09-22T08:31:38.807+0000] {virtualenv.py:178} INFO - Checking for running process with PID 5660
[2025-09-22T08:31:38.808+0000] {virtualenv.py:181} INFO - Process 5660 running: True and has the lock /opt/***/cosmos_venvs/ecom_intermediate/cosmos_virtualenv.lock.
[2025-09-22T08:31:38.809+0000] {virtualenv.py:122} INFO - Waiting for virtualenv lock to be released
[2025-09-22T08:31:39.811+0000] {virtualenv.py:178} INFO - Checking for running process with PID 5660
[2025-09-22T08:31:39.812+0000] {virtualenv.py:181} INFO - Process 5660 running: True and has the lock /opt/***/cosmos_venvs/ecom_intermediate/cosmos_virtualenv.lock.
[2025-09-22T08:31:39.812+0000] {virtualenv.py:122} INFO - Waiting for virtualenv lock to be released
[2025-09-22T08:31:40.814+0000] {virtualenv.py:178} INFO - Checking for running process with PID 5660
[2025-09-22T08:31:40.815+0000] {virtualenv.py:181} INFO - Process 5660 running: True and has the lock /opt/***/cosmos_venvs/ecom_intermediate/cosmos_virtualenv.lock.
[2025-09-22T08:31:40.816+0000] {virtualenv.py:122} INFO - Waiting for virtualenv lock to be released
[2025-09-22T08:31:41.817+0000] {virtualenv.py:178} INFO - Checking for running process with PID 5660
[2025-09-22T08:31:41.818+0000] {virtualenv.py:181} INFO - Process 5660 running: True and has the lock /opt/***/cosmos_venvs/ecom_intermediate/cosmos_virtualenv.lock.
[2025-09-22T08:31:41.819+0000] {virtualenv.py:122} INFO - Waiting for virtualenv lock to be released
[2025-09-22T08:31:42.821+0000] {virtualenv.py:178} INFO - Checking for running process with PID 5660
[2025-09-22T08:31:42.822+0000] {virtualenv.py:181} INFO - Process 5660 running: True and has the lock /opt/***/cosmos_venvs/ecom_intermediate/cosmos_virtualenv.lock.
[2025-09-22T08:31:42.823+0000] {virtualenv.py:122} INFO - Waiting for virtualenv lock to be released
[2025-09-22T08:31:43.824+0000] {virtualenv.py:178} INFO - Checking for running process with PID 5660
[2025-09-22T08:31:43.825+0000] {virtualenv.py:181} INFO - Process 5660 running: True and has the lock /opt/***/cosmos_venvs/ecom_intermediate/cosmos_virtualenv.lock.
[2025-09-22T08:31:43.826+0000] {virtualenv.py:122} INFO - Waiting for virtualenv lock to be released
[2025-09-22T08:31:44.827+0000] {virtualenv.py:178} INFO - Checking for running process with PID 5660
[2025-09-22T08:31:44.828+0000] {virtualenv.py:181} INFO - Process 5660 running: True and has the lock /opt/***/cosmos_venvs/ecom_intermediate/cosmos_virtualenv.lock.
[2025-09-22T08:31:44.829+0000] {virtualenv.py:122} INFO - Waiting for virtualenv lock to be released
[2025-09-22T08:31:45.831+0000] {virtualenv.py:178} INFO - Checking for running process with PID 5660
[2025-09-22T08:31:45.832+0000] {virtualenv.py:181} INFO - Process 5660 running: True and has the lock /opt/***/cosmos_venvs/ecom_intermediate/cosmos_virtualenv.lock.
[2025-09-22T08:31:45.833+0000] {virtualenv.py:122} INFO - Waiting for virtualenv lock to be released
[2025-09-22T08:31:46.835+0000] {virtualenv.py:178} INFO - Checking for running process with PID 5747
[2025-09-22T08:31:46.836+0000] {virtualenv.py:181} INFO - Process 5747 running: True and has the lock /opt/***/cosmos_venvs/ecom_intermediate/cosmos_virtualenv.lock.
[2025-09-22T08:31:46.837+0000] {virtualenv.py:122} INFO - Waiting for virtualenv lock to be released
[2025-09-22T08:31:47.839+0000] {virtualenv.py:178} INFO - Checking for running process with PID 5747
[2025-09-22T08:31:47.839+0000] {virtualenv.py:181} INFO - Process 5747 running: True and has the lock /opt/***/cosmos_venvs/ecom_intermediate/cosmos_virtualenv.lock.
[2025-09-22T08:31:47.840+0000] {virtualenv.py:122} INFO - Waiting for virtualenv lock to be released
[2025-09-22T08:31:48.841+0000] {virtualenv.py:178} INFO - Checking for running process with PID 5747
[2025-09-22T08:31:48.842+0000] {virtualenv.py:181} INFO - Process 5747 running: True and has the lock /opt/***/cosmos_venvs/ecom_intermediate/cosmos_virtualenv.lock.
[2025-09-22T08:31:48.843+0000] {virtualenv.py:122} INFO - Waiting for virtualenv lock to be released
[2025-09-22T08:31:49.843+0000] {virtualenv.py:178} INFO - Checking for running process with PID 5747
[2025-09-22T08:31:49.844+0000] {virtualenv.py:181} INFO - Process 5747 running: True and has the lock /opt/***/cosmos_venvs/ecom_intermediate/cosmos_virtualenv.lock.
[2025-09-22T08:31:49.845+0000] {virtualenv.py:122} INFO - Waiting for virtualenv lock to be released
[2025-09-22T08:31:50.846+0000] {virtualenv.py:178} INFO - Checking for running process with PID 5747
[2025-09-22T08:31:50.847+0000] {virtualenv.py:181} INFO - Process 5747 running: True and has the lock /opt/***/cosmos_venvs/ecom_intermediate/cosmos_virtualenv.lock.
[2025-09-22T08:31:50.847+0000] {virtualenv.py:122} INFO - Waiting for virtualenv lock to be released
[2025-09-22T08:31:51.848+0000] {virtualenv.py:178} INFO - Checking for running process with PID 5747
[2025-09-22T08:31:51.849+0000] {virtualenv.py:181} INFO - Process 5747 running: True and has the lock /opt/***/cosmos_venvs/ecom_intermediate/cosmos_virtualenv.lock.
[2025-09-22T08:31:51.850+0000] {virtualenv.py:122} INFO - Waiting for virtualenv lock to be released
[2025-09-22T08:31:52.852+0000] {virtualenv.py:178} INFO - Checking for running process with PID 5747
[2025-09-22T08:31:52.854+0000] {virtualenv.py:181} INFO - Process 5747 running: True and has the lock /opt/***/cosmos_venvs/ecom_intermediate/cosmos_virtualenv.lock.
[2025-09-22T08:31:52.854+0000] {virtualenv.py:122} INFO - Waiting for virtualenv lock to be released
[2025-09-22T08:31:53.856+0000] {virtualenv.py:178} INFO - Checking for running process with PID 5747
[2025-09-22T08:31:53.858+0000] {virtualenv.py:181} INFO - Process 5747 running: True and has the lock /opt/***/cosmos_venvs/ecom_intermediate/cosmos_virtualenv.lock.
[2025-09-22T08:31:53.860+0000] {virtualenv.py:122} INFO - Waiting for virtualenv lock to be released
[2025-09-22T08:31:54.863+0000] {virtualenv.py:178} INFO - Checking for running process with PID 5747
[2025-09-22T08:31:54.864+0000] {virtualenv.py:181} INFO - Process 5747 running: True and has the lock /opt/***/cosmos_venvs/ecom_intermediate/cosmos_virtualenv.lock.
[2025-09-22T08:31:54.865+0000] {virtualenv.py:122} INFO - Waiting for virtualenv lock to be released
[2025-09-22T08:31:55.867+0000] {virtualenv.py:178} INFO - Checking for running process with PID 5747
[2025-09-22T08:31:55.868+0000] {virtualenv.py:181} INFO - Process 5747 running: True and has the lock /opt/***/cosmos_venvs/ecom_intermediate/cosmos_virtualenv.lock.
[2025-09-22T08:31:55.869+0000] {virtualenv.py:122} INFO - Waiting for virtualenv lock to be released
[2025-09-22T08:31:56.870+0000] {virtualenv.py:178} INFO - Checking for running process with PID 5747
[2025-09-22T08:31:56.871+0000] {virtualenv.py:181} INFO - Process 5747 running: True and has the lock /opt/***/cosmos_venvs/ecom_intermediate/cosmos_virtualenv.lock.
[2025-09-22T08:31:56.872+0000] {virtualenv.py:122} INFO - Waiting for virtualenv lock to be released
[2025-09-22T08:31:57.874+0000] {virtualenv.py:178} INFO - Checking for running process with PID 5747
[2025-09-22T08:31:57.875+0000] {virtualenv.py:181} INFO - Process 5747 running: True and has the lock /opt/***/cosmos_venvs/ecom_intermediate/cosmos_virtualenv.lock.
[2025-09-22T08:31:57.876+0000] {virtualenv.py:122} INFO - Waiting for virtualenv lock to be released
[2025-09-22T08:31:58.877+0000] {virtualenv.py:178} INFO - Checking for running process with PID 5747
[2025-09-22T08:31:58.879+0000] {virtualenv.py:181} INFO - Process 5747 running: True and has the lock /opt/***/cosmos_venvs/ecom_intermediate/cosmos_virtualenv.lock.
[2025-09-22T08:31:58.881+0000] {virtualenv.py:122} INFO - Waiting for virtualenv lock to be released
[2025-09-22T08:31:59.883+0000] {virtualenv.py:178} INFO - Checking for running process with PID 5747
[2025-09-22T08:31:59.884+0000] {virtualenv.py:181} INFO - Process 5747 running: True and has the lock /opt/***/cosmos_venvs/ecom_intermediate/cosmos_virtualenv.lock.
[2025-09-22T08:31:59.884+0000] {virtualenv.py:122} INFO - Waiting for virtualenv lock to be released
[2025-09-22T08:32:00.886+0000] {virtualenv.py:126} INFO - Acquiring the virtualenv lock
[2025-09-22T08:32:00.887+0000] {virtualenv.py:195} INFO - Acquiring lock at /opt/***/cosmos_venvs/ecom_intermediate/cosmos_virtualenv.lock with pid 5831
[2025-09-22T08:32:00.887+0000] {virtualenv.py:153} INFO - Creating or updating the virtualenv at `/opt/***/cosmos_venvs/ecom_intermediate
[2025-09-22T08:32:00.888+0000] {process_utils.py:183} INFO - Executing cmd: /home/***/.local/bin/python -m virtualenv /opt/***/cosmos_venvs/ecom_intermediate --python=python3
[2025-09-22T08:32:00.889+0000] {process_utils.py:187} INFO - Output:
[2025-09-22T08:32:02.347+0000] {process_utils.py:191} INFO - created virtual environment CPython3.10.14.final.0-64 in 544ms
[2025-09-22T08:32:02.348+0000] {process_utils.py:191} INFO -   creator CPython3Posix(dest=/opt/***/cosmos_venvs/ecom_intermediate, clear=False, no_vcs_ignore=False, global=False)
[2025-09-22T08:32:02.349+0000] {process_utils.py:191} INFO -   seeder FromAppData(download=False, pip=bundle, setuptools=bundle, wheel=bundle, via=copy, app_data_dir=/home/***/.local/share/virtualenv)
[2025-09-22T08:32:02.350+0000] {process_utils.py:191} INFO -     added seed packages: MarkupSafe==3.0.2, PyYAML==6.0.2, agate==1.9.1, annotated_types==0.7.0, attrs==25.3.0, babel==2.17.0, certifi==2025.8.3, charset_normalizer==3.4.3, click==8.3.0, clickhouse_connect==0.9.1, clickhouse_driver==0.2.9, colorama==0.4.6, daff==1.4.2, dbt_adapters==1.16.7, dbt_clickhouse==1.9.3, dbt_common==1.31.0, dbt_core==1.10.11, dbt_extractor==0.6.0, dbt_protos==1.0.375, dbt_semantic_interfaces==0.9.0, deepdiff==8.6.1, idna==3.10, importlib_metadata==8.7.0, isodate==0.6.1, jinja2==3.1.6, jsonschema==4.25.1, jsonschema_specifications==2025.9.1, leather==0.4.0, lz4==4.4.4, mashumaro==3.14, more_itertools==10.8.0, msgpack==1.1.1, networkx==3.4.2, orderly_set==5.5.0, packaging==25.0, parsedatetime==2.6, pathspec==0.12.1, pip==25.2, protobuf==6.32.1, pydantic==2.11.9, pydantic_core==2.33.2, python_dateutil==2.9.0.post0, python_slugify==8.0.4, pytimeparse==1.1.8, pytz==2025.2, referencing==0.36.2, requests==2.32.5, rpds_py==0.27.1, setuptools==80.9.0, six==1.17.0, snowplow_tracker==1.1.0, sqlparse==0.5.3, text_unidecode==1.3, typing_extensions==4.15.0, typing_inspection==0.4.1, tzlocal==5.3.1, urllib3==2.5.0, wheel==0.45.1, zipp==3.23.0, zstandard==0.25.0
[2025-09-22T08:32:02.350+0000] {process_utils.py:191} INFO -   activators BashActivator,CShellActivator,FishActivator,NushellActivator,PowerShellActivator,PythonActivator
[2025-09-22T08:32:02.410+0000] {process_utils.py:183} INFO - Executing cmd: /opt/***/cosmos_venvs/ecom_intermediate/bin/pip install dbt-clickhouse
[2025-09-22T08:32:02.412+0000] {process_utils.py:187} INFO - Output:
[2025-09-22T08:32:03.789+0000] {process_utils.py:191} INFO - Requirement already satisfied: dbt-clickhouse in ./cosmos_venvs/ecom_intermediate/lib/python3.10/site-packages (1.9.3)
[2025-09-22T08:32:03.792+0000] {process_utils.py:191} INFO - Requirement already satisfied: dbt-core>=1.9 in ./cosmos_venvs/ecom_intermediate/lib/python3.10/site-packages (from dbt-clickhouse) (1.10.11)
[2025-09-22T08:32:03.793+0000] {process_utils.py:191} INFO - Requirement already satisfied: clickhouse-connect>=0.6.22 in ./cosmos_venvs/ecom_intermediate/lib/python3.10/site-packages (from dbt-clickhouse) (0.9.1)
[2025-09-22T08:32:03.794+0000] {process_utils.py:191} INFO - Requirement already satisfied: clickhouse-driver>=0.2.6 in ./cosmos_venvs/ecom_intermediate/lib/python3.10/site-packages (from dbt-clickhouse) (0.2.9)
[2025-09-22T08:32:03.795+0000] {process_utils.py:191} INFO - Requirement already satisfied: setuptools>=0.69 in ./cosmos_venvs/ecom_intermediate/lib/python3.10/site-packages (from dbt-clickhouse) (80.9.0)
[2025-09-22T08:32:03.798+0000] {process_utils.py:191} INFO - Requirement already satisfied: certifi in ./cosmos_venvs/ecom_intermediate/lib/python3.10/site-packages (from clickhouse-connect>=0.6.22->dbt-clickhouse) (2025.8.3)
[2025-09-22T08:32:03.799+0000] {process_utils.py:191} INFO - Requirement already satisfied: urllib3>=1.26 in ./cosmos_venvs/ecom_intermediate/lib/python3.10/site-packages (from clickhouse-connect>=0.6.22->dbt-clickhouse) (2.5.0)
[2025-09-22T08:32:03.800+0000] {process_utils.py:191} INFO - Requirement already satisfied: pytz in ./cosmos_venvs/ecom_intermediate/lib/python3.10/site-packages (from clickhouse-connect>=0.6.22->dbt-clickhouse) (2025.2)
[2025-09-22T08:32:03.801+0000] {process_utils.py:191} INFO - Requirement already satisfied: zstandard in ./cosmos_venvs/ecom_intermediate/lib/python3.10/site-packages (from clickhouse-connect>=0.6.22->dbt-clickhouse) (0.25.0)
[2025-09-22T08:32:03.802+0000] {process_utils.py:191} INFO - Requirement already satisfied: lz4 in ./cosmos_venvs/ecom_intermediate/lib/python3.10/site-packages (from clickhouse-connect>=0.6.22->dbt-clickhouse) (4.4.4)
[2025-09-22T08:32:03.806+0000] {process_utils.py:191} INFO - Requirement already satisfied: tzlocal in ./cosmos_venvs/ecom_intermediate/lib/python3.10/site-packages (from clickhouse-driver>=0.2.6->dbt-clickhouse) (5.3.1)
[2025-09-22T08:32:03.813+0000] {process_utils.py:191} INFO - Requirement already satisfied: agate<1.10,>=1.7.0 in ./cosmos_venvs/ecom_intermediate/lib/python3.10/site-packages (from dbt-core>=1.9->dbt-clickhouse) (1.9.1)
[2025-09-22T08:32:03.814+0000] {process_utils.py:191} INFO - Requirement already satisfied: Jinja2<4,>=3.1.3 in ./cosmos_venvs/ecom_intermediate/lib/python3.10/site-packages (from dbt-core>=1.9->dbt-clickhouse) (3.1.6)
[2025-09-22T08:32:03.817+0000] {process_utils.py:191} INFO - Requirement already satisfied: mashumaro<3.15,>=3.9 in ./cosmos_venvs/ecom_intermediate/lib/python3.10/site-packages (from mashumaro[msgpack]<3.15,>=3.9->dbt-core>=1.9->dbt-clickhouse) (3.14)
[2025-09-22T08:32:03.818+0000] {process_utils.py:191} INFO - Requirement already satisfied: click<9.0,>=8.0.2 in ./cosmos_venvs/ecom_intermediate/lib/python3.10/site-packages (from dbt-core>=1.9->dbt-clickhouse) (8.3.0)
[2025-09-22T08:32:03.820+0000] {process_utils.py:191} INFO - Requirement already satisfied: jsonschema<5.0,>=4.19.1 in ./cosmos_venvs/ecom_intermediate/lib/python3.10/site-packages (from dbt-core>=1.9->dbt-clickhouse) (4.25.1)
[2025-09-22T08:32:03.820+0000] {process_utils.py:191} INFO - Requirement already satisfied: networkx<4.0,>=2.3 in ./cosmos_venvs/ecom_intermediate/lib/python3.10/site-packages (from dbt-core>=1.9->dbt-clickhouse) (3.4.2)
[2025-09-22T08:32:03.821+0000] {process_utils.py:191} INFO - Requirement already satisfied: protobuf<7.0,>=6.0 in ./cosmos_venvs/ecom_intermediate/lib/python3.10/site-packages (from dbt-core>=1.9->dbt-clickhouse) (6.32.1)
[2025-09-22T08:32:03.822+0000] {process_utils.py:191} INFO - Requirement already satisfied: requests<3.0.0 in ./cosmos_venvs/ecom_intermediate/lib/python3.10/site-packages (from dbt-core>=1.9->dbt-clickhouse) (2.32.5)
[2025-09-22T08:32:03.823+0000] {process_utils.py:191} INFO - Requirement already satisfied: snowplow-tracker<2.0,>=1.0.2 in ./cosmos_venvs/ecom_intermediate/lib/python3.10/site-packages (from dbt-core>=1.9->dbt-clickhouse) (1.1.0)
[2025-09-22T08:32:03.823+0000] {process_utils.py:191} INFO - Requirement already satisfied: pathspec<0.13,>=0.9 in ./cosmos_venvs/ecom_intermediate/lib/python3.10/site-packages (from dbt-core>=1.9->dbt-clickhouse) (0.12.1)
[2025-09-22T08:32:03.824+0000] {process_utils.py:191} INFO - Requirement already satisfied: sqlparse<0.6.0,>=0.5.0 in ./cosmos_venvs/ecom_intermediate/lib/python3.10/site-packages (from dbt-core>=1.9->dbt-clickhouse) (0.5.3)
[2025-09-22T08:32:03.825+0000] {process_utils.py:191} INFO - Requirement already satisfied: dbt-extractor<=0.6,>=0.5.0 in ./cosmos_venvs/ecom_intermediate/lib/python3.10/site-packages (from dbt-core>=1.9->dbt-clickhouse) (0.6.0)
[2025-09-22T08:32:03.826+0000] {process_utils.py:191} INFO - Requirement already satisfied: dbt-semantic-interfaces<0.10,>=0.9.0 in ./cosmos_venvs/ecom_intermediate/lib/python3.10/site-packages (from dbt-core>=1.9->dbt-clickhouse) (0.9.0)
[2025-09-22T08:32:03.827+0000] {process_utils.py:191} INFO - Requirement already satisfied: dbt-common<2.0,>=1.27.0 in ./cosmos_venvs/ecom_intermediate/lib/python3.10/site-packages (from dbt-core>=1.9->dbt-clickhouse) (1.31.0)
[2025-09-22T08:32:03.828+0000] {process_utils.py:191} INFO - Requirement already satisfied: dbt-adapters<2.0,>=1.15.5 in ./cosmos_venvs/ecom_intermediate/lib/python3.10/site-packages (from dbt-core>=1.9->dbt-clickhouse) (1.16.7)
[2025-09-22T08:32:03.828+0000] {process_utils.py:191} INFO - Requirement already satisfied: dbt-protos<2.0,>=1.0.346 in ./cosmos_venvs/ecom_intermediate/lib/python3.10/site-packages (from dbt-core>=1.9->dbt-clickhouse) (1.0.375)
[2025-09-22T08:32:03.829+0000] {process_utils.py:191} INFO - Requirement already satisfied: pydantic<3 in ./cosmos_venvs/ecom_intermediate/lib/python3.10/site-packages (from dbt-core>=1.9->dbt-clickhouse) (2.11.9)
[2025-09-22T08:32:03.830+0000] {process_utils.py:191} INFO - Requirement already satisfied: packaging>20.9 in ./cosmos_venvs/ecom_intermediate/lib/python3.10/site-packages (from dbt-core>=1.9->dbt-clickhouse) (25.0)
[2025-09-22T08:32:03.831+0000] {process_utils.py:191} INFO - Requirement already satisfied: pyyaml>=6.0 in ./cosmos_venvs/ecom_intermediate/lib/python3.10/site-packages (from dbt-core>=1.9->dbt-clickhouse) (6.0.2)
[2025-09-22T08:32:03.832+0000] {process_utils.py:191} INFO - Requirement already satisfied: daff>=1.3.46 in ./cosmos_venvs/ecom_intermediate/lib/python3.10/site-packages (from dbt-core>=1.9->dbt-clickhouse) (1.4.2)
[2025-09-22T08:32:03.833+0000] {process_utils.py:191} INFO - Requirement already satisfied: typing-extensions>=4.4 in ./cosmos_venvs/ecom_intermediate/lib/python3.10/site-packages (from dbt-core>=1.9->dbt-clickhouse) (4.15.0)
[2025-09-22T08:32:03.838+0000] {process_utils.py:191} INFO - Requirement already satisfied: Babel>=2.0 in ./cosmos_venvs/ecom_intermediate/lib/python3.10/site-packages (from agate<1.10,>=1.7.0->dbt-core>=1.9->dbt-clickhouse) (2.17.0)
[2025-09-22T08:32:03.839+0000] {process_utils.py:191} INFO - Requirement already satisfied: isodate>=0.5.4 in ./cosmos_venvs/ecom_intermediate/lib/python3.10/site-packages (from agate<1.10,>=1.7.0->dbt-core>=1.9->dbt-clickhouse) (0.6.1)
[2025-09-22T08:32:03.840+0000] {process_utils.py:191} INFO - Requirement already satisfied: leather>=0.3.2 in ./cosmos_venvs/ecom_intermediate/lib/python3.10/site-packages (from agate<1.10,>=1.7.0->dbt-core>=1.9->dbt-clickhouse) (0.4.0)
[2025-09-22T08:32:03.841+0000] {process_utils.py:191} INFO - Requirement already satisfied: parsedatetime!=2.5,>=2.1 in ./cosmos_venvs/ecom_intermediate/lib/python3.10/site-packages (from agate<1.10,>=1.7.0->dbt-core>=1.9->dbt-clickhouse) (2.6)
[2025-09-22T08:32:03.842+0000] {process_utils.py:191} INFO - Requirement already satisfied: python-slugify>=1.2.1 in ./cosmos_venvs/ecom_intermediate/lib/python3.10/site-packages (from agate<1.10,>=1.7.0->dbt-core>=1.9->dbt-clickhouse) (8.0.4)
[2025-09-22T08:32:03.843+0000] {process_utils.py:191} INFO - Requirement already satisfied: pytimeparse>=1.1.5 in ./cosmos_venvs/ecom_intermediate/lib/python3.10/site-packages (from agate<1.10,>=1.7.0->dbt-core>=1.9->dbt-clickhouse) (1.1.8)
[2025-09-22T08:32:03.859+0000] {process_utils.py:191} INFO - Requirement already satisfied: colorama<0.5,>=0.3.9 in ./cosmos_venvs/ecom_intermediate/lib/python3.10/site-packages (from dbt-common<2.0,>=1.27.0->dbt-core>=1.9->dbt-clickhouse) (0.4.6)
[2025-09-22T08:32:03.861+0000] {process_utils.py:191} INFO - Requirement already satisfied: deepdiff<9.0,>=7.0 in ./cosmos_venvs/ecom_intermediate/lib/python3.10/site-packages (from dbt-common<2.0,>=1.27.0->dbt-core>=1.9->dbt-clickhouse) (8.6.1)
[2025-09-22T08:32:03.865+0000] {process_utils.py:191} INFO - Requirement already satisfied: python-dateutil<3.0,>=2.0 in ./cosmos_venvs/ecom_intermediate/lib/python3.10/site-packages (from dbt-common<2.0,>=1.27.0->dbt-core>=1.9->dbt-clickhouse) (2.9.0.post0)
[2025-09-22T08:32:03.876+0000] {process_utils.py:191} INFO - Requirement already satisfied: importlib-metadata<9,>=6.0 in ./cosmos_venvs/ecom_intermediate/lib/python3.10/site-packages (from dbt-semantic-interfaces<0.10,>=0.9.0->dbt-core>=1.9->dbt-clickhouse) (8.7.0)
[2025-09-22T08:32:03.878+0000] {process_utils.py:191} INFO - Requirement already satisfied: more-itertools<11.0,>=8.0 in ./cosmos_venvs/ecom_intermediate/lib/python3.10/site-packages (from dbt-semantic-interfaces<0.10,>=0.9.0->dbt-core>=1.9->dbt-clickhouse) (10.8.0)
[2025-09-22T08:32:03.893+0000] {process_utils.py:191} INFO - Requirement already satisfied: orderly-set<6,>=5.4.1 in ./cosmos_venvs/ecom_intermediate/lib/python3.10/site-packages (from deepdiff<9.0,>=7.0->dbt-common<2.0,>=1.27.0->dbt-core>=1.9->dbt-clickhouse) (5.5.0)
[2025-09-22T08:32:03.902+0000] {process_utils.py:191} INFO - Requirement already satisfied: zipp>=3.20 in ./cosmos_venvs/ecom_intermediate/lib/python3.10/site-packages (from importlib-metadata<9,>=6.0->dbt-semantic-interfaces<0.10,>=0.9.0->dbt-core>=1.9->dbt-clickhouse) (3.23.0)
[2025-09-22T08:32:03.904+0000] {process_utils.py:191} INFO - Requirement already satisfied: six in ./cosmos_venvs/ecom_intermediate/lib/python3.10/site-packages (from isodate>=0.5.4->agate<1.10,>=1.7.0->dbt-core>=1.9->dbt-clickhouse) (1.17.0)
[2025-09-22T08:32:03.908+0000] {process_utils.py:191} INFO - Requirement already satisfied: MarkupSafe>=2.0 in ./cosmos_venvs/ecom_intermediate/lib/python3.10/site-packages (from Jinja2<4,>=3.1.3->dbt-core>=1.9->dbt-clickhouse) (3.0.2)
[2025-09-22T08:32:03.915+0000] {process_utils.py:191} INFO - Requirement already satisfied: attrs>=22.2.0 in ./cosmos_venvs/ecom_intermediate/lib/python3.10/site-packages (from jsonschema<5.0,>=4.19.1->dbt-core>=1.9->dbt-clickhouse) (25.3.0)
[2025-09-22T08:32:03.916+0000] {process_utils.py:191} INFO - Requirement already satisfied: jsonschema-specifications>=2023.03.6 in ./cosmos_venvs/ecom_intermediate/lib/python3.10/site-packages (from jsonschema<5.0,>=4.19.1->dbt-core>=1.9->dbt-clickhouse) (2025.9.1)
[2025-09-22T08:32:03.917+0000] {process_utils.py:191} INFO - Requirement already satisfied: referencing>=0.28.4 in ./cosmos_venvs/ecom_intermediate/lib/python3.10/site-packages (from jsonschema<5.0,>=4.19.1->dbt-core>=1.9->dbt-clickhouse) (0.36.2)
[2025-09-22T08:32:03.918+0000] {process_utils.py:191} INFO - Requirement already satisfied: rpds-py>=0.7.1 in ./cosmos_venvs/ecom_intermediate/lib/python3.10/site-packages (from jsonschema<5.0,>=4.19.1->dbt-core>=1.9->dbt-clickhouse) (0.27.1)
[2025-09-22T08:32:03.930+0000] {process_utils.py:191} INFO - Requirement already satisfied: msgpack>=0.5.6 in ./cosmos_venvs/ecom_intermediate/lib/python3.10/site-packages (from mashumaro[msgpack]<3.15,>=3.9->dbt-core>=1.9->dbt-clickhouse) (1.1.1)
[2025-09-22T08:32:03.957+0000] {process_utils.py:191} INFO - Requirement already satisfied: annotated-types>=0.6.0 in ./cosmos_venvs/ecom_intermediate/lib/python3.10/site-packages (from pydantic<3->dbt-core>=1.9->dbt-clickhouse) (0.7.0)
[2025-09-22T08:32:03.959+0000] {process_utils.py:191} INFO - Requirement already satisfied: pydantic-core==2.33.2 in ./cosmos_venvs/ecom_intermediate/lib/python3.10/site-packages (from pydantic<3->dbt-core>=1.9->dbt-clickhouse) (2.33.2)
[2025-09-22T08:32:03.961+0000] {process_utils.py:191} INFO - Requirement already satisfied: typing-inspection>=0.4.0 in ./cosmos_venvs/ecom_intermediate/lib/python3.10/site-packages (from pydantic<3->dbt-core>=1.9->dbt-clickhouse) (0.4.1)
[2025-09-22T08:32:03.972+0000] {process_utils.py:191} INFO - Requirement already satisfied: charset_normalizer<4,>=2 in ./cosmos_venvs/ecom_intermediate/lib/python3.10/site-packages (from requests<3.0.0->dbt-core>=1.9->dbt-clickhouse) (3.4.3)
[2025-09-22T08:32:03.975+0000] {process_utils.py:191} INFO - Requirement already satisfied: idna<4,>=2.5 in ./cosmos_venvs/ecom_intermediate/lib/python3.10/site-packages (from requests<3.0.0->dbt-core>=1.9->dbt-clickhouse) (3.10)
[2025-09-22T08:32:04.038+0000] {process_utils.py:191} INFO - Requirement already satisfied: text-unidecode>=1.3 in ./cosmos_venvs/ecom_intermediate/lib/python3.10/site-packages (from python-slugify>=1.2.1->agate<1.10,>=1.7.0->dbt-core>=1.9->dbt-clickhouse) (1.3)
[2025-09-22T08:32:04.198+0000] {local.py:470} INFO - Cloning project to writable temp directory /tmp/tmp3q1r7v2e from /opt/airflow/dags/dbt/ecom_intermediate
[2025-09-22T08:32:04.209+0000] {local.py:490} INFO - Partial parse is enabled and the latest partial parse file is /tmp/cosmos/dbt_intermediate__intermediate/target/partial_parse.msgpack
[2025-09-22T08:32:04.221+0000] {config.py:362} INFO - Using user-supplied profiles.yml at /opt/airflow/dags/dbt/profiles.yml
[2025-09-22T08:32:04.230+0000] {virtualenv.py:99} INFO - Using Python binary from virtualenv: /opt/***/cosmos_venvs/ecom_intermediate/bin/python
[2025-09-22T08:32:04.231+0000] {local.py:434} INFO - Trying to run the command:
 ['/opt/***/cosmos_venvs/ecom_intermediate/bin/dbt', 'deps', '--project-dir', '/tmp/tmp3q1r7v2e', '--profiles-dir', '/opt/***/dags/dbt', '--profile', 'ecom_intermediate', '--target', 'dev']
From /tmp/tmp3q1r7v2e
[2025-09-22T08:32:04.232+0000] {subprocess.py:56} INFO - Tmp dir root location: 
 /tmp
[2025-09-22T08:32:04.232+0000] {subprocess.py:69} INFO - Running command: ['/opt/***/cosmos_venvs/ecom_intermediate/bin/dbt', 'deps', '--project-dir', '/tmp/tmp3q1r7v2e', '--profiles-dir', '/opt/***/dags/dbt', '--profile', 'ecom_intermediate', '--target', 'dev']
[2025-09-22T08:32:04.247+0000] {subprocess.py:80} INFO - Command output:
[2025-09-22T08:32:06.523+0000] {subprocess.py:90} INFO - [0m08:32:06  Running with dbt=1.10.11
[2025-09-22T08:32:07.169+0000] {subprocess.py:90} INFO - [0m08:32:07  Installing dbt-labs/dbt_utils
[2025-09-22T08:32:07.935+0000] {subprocess.py:90} INFO - [0m08:32:07  Installed from version 1.3.0
[2025-09-22T08:32:07.939+0000] {subprocess.py:90} INFO - [0m08:32:07  Updated version available: 1.3.1
[2025-09-22T08:32:07.940+0000] {subprocess.py:90} INFO - [0m08:32:07
[2025-09-22T08:32:07.940+0000] {subprocess.py:90} INFO - [0m08:32:07  Updates available for packages: ['dbt-labs/dbt_utils']
[2025-09-22T08:32:07.941+0000] {subprocess.py:90} INFO - Update your versions in packages.yml, then run dbt deps
[2025-09-22T08:32:09.618+0000] {subprocess.py:94} INFO - Command exited with return code 0
[2025-09-22T08:32:09.618+0000] {local.py:441} INFO - Update your versions in packages.yml, then run dbt deps
[2025-09-22T08:32:09.619+0000] {virtualenv.py:99} INFO - Using Python binary from virtualenv: /opt/***/cosmos_venvs/ecom_intermediate/bin/python
[2025-09-22T08:32:09.620+0000] {local.py:434} INFO - Trying to run the command:
 ['/opt/***/cosmos_venvs/ecom_intermediate/bin/dbt', 'run', '--models', 'products_enriched', '--project-dir', '/tmp/tmp3q1r7v2e', '--profiles-dir', '/opt/***/dags/dbt', '--profile', 'ecom_intermediate', '--target', 'dev']
From /tmp/tmp3q1r7v2e
[2025-09-22T08:32:09.620+0000] {subprocess.py:56} INFO - Tmp dir root location: 
 /tmp
[2025-09-22T08:32:09.621+0000] {subprocess.py:69} INFO - Running command: ['/opt/***/cosmos_venvs/ecom_intermediate/bin/dbt', 'run', '--models', 'products_enriched', '--project-dir', '/tmp/tmp3q1r7v2e', '--profiles-dir', '/opt/***/dags/dbt', '--profile', 'ecom_intermediate', '--target', 'dev']
[2025-09-22T08:32:09.634+0000] {subprocess.py:80} INFO - Command output:
[2025-09-22T08:32:11.677+0000] {subprocess.py:90} INFO - [0m08:32:11  Running with dbt=1.10.11
[2025-09-22T08:32:11.678+0000] {subprocess.py:90} INFO - [0m08:32:11  [[33mWARNING[0m]: Deprecated functionality
[2025-09-22T08:32:11.679+0000] {subprocess.py:90} INFO - Usage of `--models`, `--model`, and `-m` is deprecated in favor of `--select` or
[2025-09-22T08:32:11.680+0000] {subprocess.py:90} INFO - `-s`.
[2025-09-22T08:32:11.976+0000] {subprocess.py:90} INFO - [0m08:32:11  Registered adapter: clickhouse=1.9.3
[2025-09-22T08:32:13.002+0000] {subprocess.py:90} INFO - [0m08:32:13  Found 15 models, 50 data tests, 8 sources, 597 macros
[2025-09-22T08:32:13.005+0000] {subprocess.py:90} INFO - [0m08:32:13
[2025-09-22T08:32:13.006+0000] {subprocess.py:90} INFO - [0m08:32:13  Concurrency: 4 threads (target='dev')
[2025-09-22T08:32:13.006+0000] {subprocess.py:90} INFO - [0m08:32:13
[2025-09-22T08:32:13.160+0000] {subprocess.py:90} INFO - [0m08:32:13  1 of 1 START sql table model `ecom_db_intermediate`.`products_enriched` ........ [RUN]
[2025-09-22T08:32:14.065+0000] {subprocess.py:90} INFO - [0m08:32:14  1 of 1 OK created sql table model `ecom_db_intermediate`.`products_enriched` ... [[32mOK[0m in 0.90s]
[2025-09-22T08:32:14.070+0000] {subprocess.py:90} INFO - [0m08:32:14
[2025-09-22T08:32:14.071+0000] {subprocess.py:90} INFO - [0m08:32:14  Finished running 1 table model in 0 hours 0 minutes and 1.06 seconds (1.06s).
[2025-09-22T08:32:14.147+0000] {subprocess.py:90} INFO - [0m08:32:14
[2025-09-22T08:32:14.147+0000] {subprocess.py:90} INFO - [0m08:32:14  [32mCompleted successfully[0m
[2025-09-22T08:32:14.148+0000] {subprocess.py:90} INFO - [0m08:32:14
[2025-09-22T08:32:14.148+0000] {subprocess.py:90} INFO - [0m08:32:14  Done. PASS=1 WARN=0 ERROR=0 SKIP=0 NO-OP=0 TOTAL=1
[2025-09-22T08:32:14.149+0000] {subprocess.py:90} INFO - [0m08:32:14  [[33mWARNING[0m][DeprecationsSummary]: Deprecated functionality
[2025-09-22T08:32:14.149+0000] {subprocess.py:90} INFO - Summary of encountered deprecations:
[2025-09-22T08:32:14.150+0000] {subprocess.py:90} INFO - - ModelParamUsageDeprecation: 1 occurrence
[2025-09-22T08:32:14.150+0000] {subprocess.py:90} INFO - To see all deprecation instances instead of just the first occurrence of each,
[2025-09-22T08:32:14.151+0000] {subprocess.py:90} INFO - run command again with the `--show-all-deprecations` flag. You may also need to
[2025-09-22T08:32:14.151+0000] {subprocess.py:90} INFO - run with `--no-partial-parse` as some deprecations are only encountered during
[2025-09-22T08:32:14.152+0000] {subprocess.py:90} INFO - parsing.
[2025-09-22T08:32:15.925+0000] {subprocess.py:94} INFO - Command exited with return code 0
[2025-09-22T08:32:15.926+0000] {local.py:441} INFO - parsing.
[2025-09-22T08:32:15.940+0000] {local.py:196} WARNING - Artifact schema version: https://schemas.getdbt.com/dbt/manifest/v12.json is above dbt-ol supported version 7. This might cause errors.
[2025-09-22T08:32:15.941+0000] {local.py:196} WARNING - Artifact schema version: https://schemas.getdbt.com/dbt/run-results/v6.json is above dbt-ol supported version 5. This might cause errors.
[2025-09-22T08:32:15.950+0000] {local.py:547} INFO - Inlets: []
[2025-09-22T08:32:15.951+0000] {local.py:548} INFO - Outlets: []
[2025-09-22T08:32:15.951+0000] {local.py:772} INFO - Assigning inlets/outlets without DatasetAlias
[2025-09-22T08:32:15.952+0000] {dag.py:3089} INFO - Sync 1 DAGs
[2025-09-22T08:32:16.103+0000] {virtualenv.py:131} INFO - Releasing virtualenv lock
[2025-09-22T08:32:16.104+0000] {virtualenv.py:210} WARNING - Lockfile owned by process of pid 5390, while operator has pid 5831
[2025-09-22T08:32:16.104+0000] {virtualenv.py:145} INFO - None
[2025-09-22T08:32:16.105+0000] {taskinstance.py:441} INFO - ::group::Post task execution logs
[2025-09-22T08:32:16.145+0000] {taskinstance.py:1206} INFO - Marking task as SUCCESS. dag_id=dbt_intermediate, task_id=intermediate.products_enriched.run, run_id=manual__2025-09-22T08:28:03.359463+00:00, execution_date=20250922T082803, start_date=20250922T083135, end_date=20250922T083216
[2025-09-22T08:32:16.204+0000] {local_task_job_runner.py:243} INFO - Task exited with return code 0
[2025-09-22T08:32:16.270+0000] {taskinstance.py:3503} INFO - 1 downstream tasks scheduled from follow-on schedule check
[2025-09-22T08:32:16.274+0000] {local_task_job_runner.py:222} INFO - ::endgroup::
