[2025-09-13T09:56:54.662+0000] {local_task_job_runner.py:120} INFO - ::group::Pre task execution logs
[2025-09-13T09:56:55.250+0000] {taskinstance.py:2076} INFO - Dependencies all met for dep_context=non-requeueable deps ti=<TaskInstance: dbt_staging.dbt_ecom.STG_CATEGORIES_run manual__2025-09-13T09:56:51.761502+00:00 [queued]>
[2025-09-13T09:56:55.273+0000] {taskinstance.py:2076} INFO - Dependencies all met for dep_context=requeueable deps ti=<TaskInstance: dbt_staging.dbt_ecom.STG_CATEGORIES_run manual__2025-09-13T09:56:51.761502+00:00 [queued]>
[2025-09-13T09:56:55.274+0000] {taskinstance.py:2306} INFO - Starting attempt 1 of 1
[2025-09-13T09:56:55.326+0000] {taskinstance.py:2330} INFO - Executing <Task(DbtRunVirtualenvOperator): dbt_ecom.STG_CATEGORIES_run> on 2025-09-13 09:56:51.761502+00:00
[2025-09-13T09:56:55.344+0000] {standard_task_runner.py:64} INFO - Started process 8720 to run task
[2025-09-13T09:56:55.352+0000] {standard_task_runner.py:90} INFO - Running: ['***', 'tasks', 'run', 'dbt_staging', 'dbt_ecom.STG_CATEGORIES_run', 'manual__2025-09-13T09:56:51.761502+00:00', '--job-id', '256', '--raw', '--subdir', 'DAGS_FOLDER/dbt_staging.py', '--cfg-path', '/tmp/tmpn6hb61me']
[2025-09-13T09:56:55.357+0000] {standard_task_runner.py:91} INFO - Job 256: Subtask dbt_ecom.STG_CATEGORIES_run
[2025-09-13T09:56:55.762+0000] {task_command.py:426} INFO - Running <TaskInstance: dbt_staging.dbt_ecom.STG_CATEGORIES_run manual__2025-09-13T09:56:51.761502+00:00 [running]> on host e95bde6b8d07
[2025-09-13T09:56:56.358+0000] {taskinstance.py:2648} INFO - Exporting env vars: AIRFLOW_CTX_DAG_OWNER='***' AIRFLOW_CTX_DAG_ID='dbt_staging' AIRFLOW_CTX_TASK_ID='dbt_ecom.STG_CATEGORIES_run' AIRFLOW_CTX_EXECUTION_DATE='2025-09-13T09:56:51.761502+00:00' AIRFLOW_CTX_TRY_NUMBER='1' AIRFLOW_CTX_DAG_RUN_ID='manual__2025-09-13T09:56:51.761502+00:00'
[2025-09-13T09:56:56.360+0000] {taskinstance.py:430} INFO - ::endgroup::
[2025-09-13T09:56:56.380+0000] {virtualenv.py:120} INFO - Checking if the virtualenv lock /tmp/cosmos_venv_ecom/cosmos_virtualenv.lock exists
[2025-09-13T09:56:56.381+0000] {virtualenv.py:178} INFO - Checking for running process with PID 8713
[2025-09-13T09:56:56.382+0000] {virtualenv.py:181} INFO - Process 8713 running: True and has the lock /tmp/cosmos_venv_ecom/cosmos_virtualenv.lock.
[2025-09-13T09:56:56.383+0000] {virtualenv.py:122} INFO - Waiting for virtualenv lock to be released
[2025-09-13T09:56:57.385+0000] {virtualenv.py:178} INFO - Checking for running process with PID 8713
[2025-09-13T09:56:57.386+0000] {virtualenv.py:181} INFO - Process 8713 running: True and has the lock /tmp/cosmos_venv_ecom/cosmos_virtualenv.lock.
[2025-09-13T09:56:57.388+0000] {virtualenv.py:122} INFO - Waiting for virtualenv lock to be released
[2025-09-13T09:56:58.390+0000] {virtualenv.py:178} INFO - Checking for running process with PID 8713
[2025-09-13T09:56:58.391+0000] {virtualenv.py:181} INFO - Process 8713 running: True and has the lock /tmp/cosmos_venv_ecom/cosmos_virtualenv.lock.
[2025-09-13T09:56:58.392+0000] {virtualenv.py:122} INFO - Waiting for virtualenv lock to be released
[2025-09-13T09:56:59.393+0000] {virtualenv.py:178} INFO - Checking for running process with PID 8713
[2025-09-13T09:56:59.394+0000] {virtualenv.py:181} INFO - Process 8713 running: True and has the lock /tmp/cosmos_venv_ecom/cosmos_virtualenv.lock.
[2025-09-13T09:56:59.395+0000] {virtualenv.py:122} INFO - Waiting for virtualenv lock to be released
[2025-09-13T09:57:00.397+0000] {virtualenv.py:178} INFO - Checking for running process with PID 8713
[2025-09-13T09:57:00.398+0000] {virtualenv.py:181} INFO - Process 8713 running: True and has the lock /tmp/cosmos_venv_ecom/cosmos_virtualenv.lock.
[2025-09-13T09:57:00.399+0000] {virtualenv.py:122} INFO - Waiting for virtualenv lock to be released
[2025-09-13T09:57:01.401+0000] {virtualenv.py:178} INFO - Checking for running process with PID 8713
[2025-09-13T09:57:01.402+0000] {virtualenv.py:181} INFO - Process 8713 running: True and has the lock /tmp/cosmos_venv_ecom/cosmos_virtualenv.lock.
[2025-09-13T09:57:01.402+0000] {virtualenv.py:122} INFO - Waiting for virtualenv lock to be released
[2025-09-13T09:57:02.404+0000] {virtualenv.py:178} INFO - Checking for running process with PID 8713
[2025-09-13T09:57:02.405+0000] {virtualenv.py:181} INFO - Process 8713 running: True and has the lock /tmp/cosmos_venv_ecom/cosmos_virtualenv.lock.
[2025-09-13T09:57:02.406+0000] {virtualenv.py:122} INFO - Waiting for virtualenv lock to be released
[2025-09-13T09:57:03.407+0000] {virtualenv.py:178} INFO - Checking for running process with PID 8713
[2025-09-13T09:57:03.408+0000] {virtualenv.py:181} INFO - Process 8713 running: True and has the lock /tmp/cosmos_venv_ecom/cosmos_virtualenv.lock.
[2025-09-13T09:57:03.409+0000] {virtualenv.py:122} INFO - Waiting for virtualenv lock to be released
[2025-09-13T09:57:04.411+0000] {virtualenv.py:178} INFO - Checking for running process with PID 8713
[2025-09-13T09:57:04.412+0000] {virtualenv.py:181} INFO - Process 8713 running: True and has the lock /tmp/cosmos_venv_ecom/cosmos_virtualenv.lock.
[2025-09-13T09:57:04.413+0000] {virtualenv.py:122} INFO - Waiting for virtualenv lock to be released
[2025-09-13T09:57:05.413+0000] {virtualenv.py:178} INFO - Checking for running process with PID 8713
[2025-09-13T09:57:05.415+0000] {virtualenv.py:181} INFO - Process 8713 running: True and has the lock /tmp/cosmos_venv_ecom/cosmos_virtualenv.lock.
[2025-09-13T09:57:05.415+0000] {virtualenv.py:122} INFO - Waiting for virtualenv lock to be released
[2025-09-13T09:57:06.417+0000] {virtualenv.py:178} INFO - Checking for running process with PID 8713
[2025-09-13T09:57:06.418+0000] {virtualenv.py:181} INFO - Process 8713 running: True and has the lock /tmp/cosmos_venv_ecom/cosmos_virtualenv.lock.
[2025-09-13T09:57:06.419+0000] {virtualenv.py:122} INFO - Waiting for virtualenv lock to be released
[2025-09-13T09:57:07.419+0000] {virtualenv.py:178} INFO - Checking for running process with PID 8713
[2025-09-13T09:57:07.420+0000] {virtualenv.py:181} INFO - Process 8713 running: True and has the lock /tmp/cosmos_venv_ecom/cosmos_virtualenv.lock.
[2025-09-13T09:57:07.420+0000] {virtualenv.py:122} INFO - Waiting for virtualenv lock to be released
[2025-09-13T09:57:08.422+0000] {virtualenv.py:178} INFO - Checking for running process with PID 8713
[2025-09-13T09:57:08.422+0000] {virtualenv.py:181} INFO - Process 8713 running: True and has the lock /tmp/cosmos_venv_ecom/cosmos_virtualenv.lock.
[2025-09-13T09:57:08.423+0000] {virtualenv.py:122} INFO - Waiting for virtualenv lock to be released
[2025-09-13T09:57:09.425+0000] {virtualenv.py:178} INFO - Checking for running process with PID 8713
[2025-09-13T09:57:09.425+0000] {virtualenv.py:181} INFO - Process 8713 running: True and has the lock /tmp/cosmos_venv_ecom/cosmos_virtualenv.lock.
[2025-09-13T09:57:09.426+0000] {virtualenv.py:122} INFO - Waiting for virtualenv lock to be released
[2025-09-13T09:57:10.428+0000] {virtualenv.py:178} INFO - Checking for running process with PID 8713
[2025-09-13T09:57:10.428+0000] {virtualenv.py:181} INFO - Process 8713 running: True and has the lock /tmp/cosmos_venv_ecom/cosmos_virtualenv.lock.
[2025-09-13T09:57:10.429+0000] {virtualenv.py:122} INFO - Waiting for virtualenv lock to be released
[2025-09-13T09:57:11.430+0000] {virtualenv.py:178} INFO - Checking for running process with PID 8714
[2025-09-13T09:57:11.431+0000] {virtualenv.py:181} INFO - Process 8714 running: True and has the lock /tmp/cosmos_venv_ecom/cosmos_virtualenv.lock.
[2025-09-13T09:57:11.432+0000] {virtualenv.py:122} INFO - Waiting for virtualenv lock to be released
[2025-09-13T09:57:12.434+0000] {virtualenv.py:178} INFO - Checking for running process with PID 8714
[2025-09-13T09:57:12.435+0000] {virtualenv.py:181} INFO - Process 8714 running: True and has the lock /tmp/cosmos_venv_ecom/cosmos_virtualenv.lock.
[2025-09-13T09:57:12.435+0000] {virtualenv.py:122} INFO - Waiting for virtualenv lock to be released
[2025-09-13T09:57:13.437+0000] {virtualenv.py:178} INFO - Checking for running process with PID 8714
[2025-09-13T09:57:13.437+0000] {virtualenv.py:181} INFO - Process 8714 running: True and has the lock /tmp/cosmos_venv_ecom/cosmos_virtualenv.lock.
[2025-09-13T09:57:13.438+0000] {virtualenv.py:122} INFO - Waiting for virtualenv lock to be released
[2025-09-13T09:57:14.440+0000] {virtualenv.py:178} INFO - Checking for running process with PID 8714
[2025-09-13T09:57:14.440+0000] {virtualenv.py:181} INFO - Process 8714 running: True and has the lock /tmp/cosmos_venv_ecom/cosmos_virtualenv.lock.
[2025-09-13T09:57:14.440+0000] {virtualenv.py:122} INFO - Waiting for virtualenv lock to be released
[2025-09-13T09:57:15.442+0000] {virtualenv.py:178} INFO - Checking for running process with PID 8714
[2025-09-13T09:57:15.443+0000] {virtualenv.py:181} INFO - Process 8714 running: True and has the lock /tmp/cosmos_venv_ecom/cosmos_virtualenv.lock.
[2025-09-13T09:57:15.444+0000] {virtualenv.py:122} INFO - Waiting for virtualenv lock to be released
[2025-09-13T09:57:16.446+0000] {virtualenv.py:178} INFO - Checking for running process with PID 8714
[2025-09-13T09:57:16.446+0000] {virtualenv.py:181} INFO - Process 8714 running: True and has the lock /tmp/cosmos_venv_ecom/cosmos_virtualenv.lock.
[2025-09-13T09:57:16.447+0000] {virtualenv.py:122} INFO - Waiting for virtualenv lock to be released
[2025-09-13T09:57:17.448+0000] {virtualenv.py:178} INFO - Checking for running process with PID 8714
[2025-09-13T09:57:17.449+0000] {virtualenv.py:181} INFO - Process 8714 running: True and has the lock /tmp/cosmos_venv_ecom/cosmos_virtualenv.lock.
[2025-09-13T09:57:17.449+0000] {virtualenv.py:122} INFO - Waiting for virtualenv lock to be released
[2025-09-13T09:57:18.451+0000] {virtualenv.py:178} INFO - Checking for running process with PID 8714
[2025-09-13T09:57:18.452+0000] {virtualenv.py:181} INFO - Process 8714 running: True and has the lock /tmp/cosmos_venv_ecom/cosmos_virtualenv.lock.
[2025-09-13T09:57:18.452+0000] {virtualenv.py:122} INFO - Waiting for virtualenv lock to be released
[2025-09-13T09:57:19.454+0000] {virtualenv.py:178} INFO - Checking for running process with PID 8714
[2025-09-13T09:57:19.455+0000] {virtualenv.py:181} INFO - Process 8714 running: True and has the lock /tmp/cosmos_venv_ecom/cosmos_virtualenv.lock.
[2025-09-13T09:57:19.456+0000] {virtualenv.py:122} INFO - Waiting for virtualenv lock to be released
[2025-09-13T09:57:20.458+0000] {virtualenv.py:178} INFO - Checking for running process with PID 8714
[2025-09-13T09:57:20.460+0000] {virtualenv.py:181} INFO - Process 8714 running: True and has the lock /tmp/cosmos_venv_ecom/cosmos_virtualenv.lock.
[2025-09-13T09:57:20.461+0000] {virtualenv.py:122} INFO - Waiting for virtualenv lock to be released
[2025-09-13T09:57:21.462+0000] {virtualenv.py:178} INFO - Checking for running process with PID 8714
[2025-09-13T09:57:21.463+0000] {virtualenv.py:181} INFO - Process 8714 running: True and has the lock /tmp/cosmos_venv_ecom/cosmos_virtualenv.lock.
[2025-09-13T09:57:21.464+0000] {virtualenv.py:122} INFO - Waiting for virtualenv lock to be released
[2025-09-13T09:57:22.466+0000] {virtualenv.py:178} INFO - Checking for running process with PID 8714
[2025-09-13T09:57:22.466+0000] {virtualenv.py:181} INFO - Process 8714 running: True and has the lock /tmp/cosmos_venv_ecom/cosmos_virtualenv.lock.
[2025-09-13T09:57:22.466+0000] {virtualenv.py:122} INFO - Waiting for virtualenv lock to be released
[2025-09-13T09:57:23.468+0000] {virtualenv.py:178} INFO - Checking for running process with PID 8714
[2025-09-13T09:57:23.469+0000] {virtualenv.py:181} INFO - Process 8714 running: True and has the lock /tmp/cosmos_venv_ecom/cosmos_virtualenv.lock.
[2025-09-13T09:57:23.470+0000] {virtualenv.py:122} INFO - Waiting for virtualenv lock to be released
[2025-09-13T09:57:24.472+0000] {virtualenv.py:178} INFO - Checking for running process with PID 8714
[2025-09-13T09:57:24.473+0000] {virtualenv.py:181} INFO - Process 8714 running: True and has the lock /tmp/cosmos_venv_ecom/cosmos_virtualenv.lock.
[2025-09-13T09:57:24.473+0000] {virtualenv.py:122} INFO - Waiting for virtualenv lock to be released
[2025-09-13T09:57:25.475+0000] {virtualenv.py:178} INFO - Checking for running process with PID 8717
[2025-09-13T09:57:25.476+0000] {virtualenv.py:181} INFO - Process 8717 running: True and has the lock /tmp/cosmos_venv_ecom/cosmos_virtualenv.lock.
[2025-09-13T09:57:25.477+0000] {virtualenv.py:122} INFO - Waiting for virtualenv lock to be released
[2025-09-13T09:57:26.478+0000] {virtualenv.py:178} INFO - Checking for running process with PID 8717
[2025-09-13T09:57:26.479+0000] {virtualenv.py:181} INFO - Process 8717 running: True and has the lock /tmp/cosmos_venv_ecom/cosmos_virtualenv.lock.
[2025-09-13T09:57:26.479+0000] {virtualenv.py:122} INFO - Waiting for virtualenv lock to be released
[2025-09-13T09:57:27.481+0000] {virtualenv.py:178} INFO - Checking for running process with PID 8717
[2025-09-13T09:57:27.482+0000] {virtualenv.py:181} INFO - Process 8717 running: True and has the lock /tmp/cosmos_venv_ecom/cosmos_virtualenv.lock.
[2025-09-13T09:57:27.482+0000] {virtualenv.py:122} INFO - Waiting for virtualenv lock to be released
[2025-09-13T09:57:28.484+0000] {virtualenv.py:178} INFO - Checking for running process with PID 8717
[2025-09-13T09:57:28.485+0000] {virtualenv.py:181} INFO - Process 8717 running: True and has the lock /tmp/cosmos_venv_ecom/cosmos_virtualenv.lock.
[2025-09-13T09:57:28.485+0000] {virtualenv.py:122} INFO - Waiting for virtualenv lock to be released
[2025-09-13T09:57:29.487+0000] {virtualenv.py:178} INFO - Checking for running process with PID 8717
[2025-09-13T09:57:29.488+0000] {virtualenv.py:181} INFO - Process 8717 running: True and has the lock /tmp/cosmos_venv_ecom/cosmos_virtualenv.lock.
[2025-09-13T09:57:29.488+0000] {virtualenv.py:122} INFO - Waiting for virtualenv lock to be released
[2025-09-13T09:57:30.490+0000] {virtualenv.py:178} INFO - Checking for running process with PID 8717
[2025-09-13T09:57:30.491+0000] {virtualenv.py:181} INFO - Process 8717 running: True and has the lock /tmp/cosmos_venv_ecom/cosmos_virtualenv.lock.
[2025-09-13T09:57:30.491+0000] {virtualenv.py:122} INFO - Waiting for virtualenv lock to be released
[2025-09-13T09:57:31.492+0000] {virtualenv.py:178} INFO - Checking for running process with PID 8717
[2025-09-13T09:57:31.493+0000] {virtualenv.py:181} INFO - Process 8717 running: True and has the lock /tmp/cosmos_venv_ecom/cosmos_virtualenv.lock.
[2025-09-13T09:57:31.493+0000] {virtualenv.py:122} INFO - Waiting for virtualenv lock to be released
[2025-09-13T09:57:32.495+0000] {virtualenv.py:178} INFO - Checking for running process with PID 8717
[2025-09-13T09:57:32.496+0000] {virtualenv.py:181} INFO - Process 8717 running: True and has the lock /tmp/cosmos_venv_ecom/cosmos_virtualenv.lock.
[2025-09-13T09:57:32.496+0000] {virtualenv.py:122} INFO - Waiting for virtualenv lock to be released
[2025-09-13T09:57:33.498+0000] {virtualenv.py:178} INFO - Checking for running process with PID 8717
[2025-09-13T09:57:33.499+0000] {virtualenv.py:181} INFO - Process 8717 running: True and has the lock /tmp/cosmos_venv_ecom/cosmos_virtualenv.lock.
[2025-09-13T09:57:33.499+0000] {virtualenv.py:122} INFO - Waiting for virtualenv lock to be released
[2025-09-13T09:57:34.501+0000] {virtualenv.py:178} INFO - Checking for running process with PID 8717
[2025-09-13T09:57:34.502+0000] {virtualenv.py:181} INFO - Process 8717 running: True and has the lock /tmp/cosmos_venv_ecom/cosmos_virtualenv.lock.
[2025-09-13T09:57:34.503+0000] {virtualenv.py:122} INFO - Waiting for virtualenv lock to be released
[2025-09-13T09:57:35.504+0000] {virtualenv.py:178} INFO - Checking for running process with PID 8717
[2025-09-13T09:57:35.505+0000] {virtualenv.py:181} INFO - Process 8717 running: True and has the lock /tmp/cosmos_venv_ecom/cosmos_virtualenv.lock.
[2025-09-13T09:57:35.506+0000] {virtualenv.py:122} INFO - Waiting for virtualenv lock to be released
[2025-09-13T09:57:36.507+0000] {virtualenv.py:178} INFO - Checking for running process with PID 8717
[2025-09-13T09:57:36.508+0000] {virtualenv.py:181} INFO - Process 8717 running: True and has the lock /tmp/cosmos_venv_ecom/cosmos_virtualenv.lock.
[2025-09-13T09:57:36.508+0000] {virtualenv.py:122} INFO - Waiting for virtualenv lock to be released
[2025-09-13T09:57:37.508+0000] {virtualenv.py:178} INFO - Checking for running process with PID 8717
[2025-09-13T09:57:37.509+0000] {virtualenv.py:181} INFO - Process 8717 running: True and has the lock /tmp/cosmos_venv_ecom/cosmos_virtualenv.lock.
[2025-09-13T09:57:37.509+0000] {virtualenv.py:122} INFO - Waiting for virtualenv lock to be released
[2025-09-13T09:57:38.511+0000] {virtualenv.py:178} INFO - Checking for running process with PID 8718
[2025-09-13T09:57:38.516+0000] {virtualenv.py:181} INFO - Process 8718 running: True and has the lock /tmp/cosmos_venv_ecom/cosmos_virtualenv.lock.
[2025-09-13T09:57:38.523+0000] {virtualenv.py:122} INFO - Waiting for virtualenv lock to be released
[2025-09-13T09:57:39.525+0000] {virtualenv.py:178} INFO - Checking for running process with PID 8718
[2025-09-13T09:57:39.526+0000] {virtualenv.py:181} INFO - Process 8718 running: True and has the lock /tmp/cosmos_venv_ecom/cosmos_virtualenv.lock.
[2025-09-13T09:57:39.526+0000] {virtualenv.py:122} INFO - Waiting for virtualenv lock to be released
[2025-09-13T09:57:40.528+0000] {virtualenv.py:178} INFO - Checking for running process with PID 8718
[2025-09-13T09:57:40.529+0000] {virtualenv.py:181} INFO - Process 8718 running: True and has the lock /tmp/cosmos_venv_ecom/cosmos_virtualenv.lock.
[2025-09-13T09:57:40.529+0000] {virtualenv.py:122} INFO - Waiting for virtualenv lock to be released
[2025-09-13T09:57:41.531+0000] {virtualenv.py:178} INFO - Checking for running process with PID 8718
[2025-09-13T09:57:41.532+0000] {virtualenv.py:181} INFO - Process 8718 running: True and has the lock /tmp/cosmos_venv_ecom/cosmos_virtualenv.lock.
[2025-09-13T09:57:41.532+0000] {virtualenv.py:122} INFO - Waiting for virtualenv lock to be released
[2025-09-13T09:57:42.534+0000] {virtualenv.py:178} INFO - Checking for running process with PID 8718
[2025-09-13T09:57:42.535+0000] {virtualenv.py:181} INFO - Process 8718 running: True and has the lock /tmp/cosmos_venv_ecom/cosmos_virtualenv.lock.
[2025-09-13T09:57:42.535+0000] {virtualenv.py:122} INFO - Waiting for virtualenv lock to be released
[2025-09-13T09:57:43.537+0000] {virtualenv.py:178} INFO - Checking for running process with PID 8718
[2025-09-13T09:57:43.538+0000] {virtualenv.py:181} INFO - Process 8718 running: True and has the lock /tmp/cosmos_venv_ecom/cosmos_virtualenv.lock.
[2025-09-13T09:57:43.542+0000] {virtualenv.py:122} INFO - Waiting for virtualenv lock to be released
[2025-09-13T09:57:44.544+0000] {virtualenv.py:178} INFO - Checking for running process with PID 8718
[2025-09-13T09:57:44.545+0000] {virtualenv.py:181} INFO - Process 8718 running: True and has the lock /tmp/cosmos_venv_ecom/cosmos_virtualenv.lock.
[2025-09-13T09:57:44.546+0000] {virtualenv.py:122} INFO - Waiting for virtualenv lock to be released
[2025-09-13T09:57:45.548+0000] {virtualenv.py:178} INFO - Checking for running process with PID 8718
[2025-09-13T09:57:45.548+0000] {virtualenv.py:181} INFO - Process 8718 running: True and has the lock /tmp/cosmos_venv_ecom/cosmos_virtualenv.lock.
[2025-09-13T09:57:45.549+0000] {virtualenv.py:122} INFO - Waiting for virtualenv lock to be released
[2025-09-13T09:57:46.550+0000] {virtualenv.py:178} INFO - Checking for running process with PID 8718
[2025-09-13T09:57:46.551+0000] {virtualenv.py:181} INFO - Process 8718 running: True and has the lock /tmp/cosmos_venv_ecom/cosmos_virtualenv.lock.
[2025-09-13T09:57:46.551+0000] {virtualenv.py:122} INFO - Waiting for virtualenv lock to be released
[2025-09-13T09:57:47.553+0000] {virtualenv.py:178} INFO - Checking for running process with PID 8718
[2025-09-13T09:57:47.553+0000] {virtualenv.py:181} INFO - Process 8718 running: True and has the lock /tmp/cosmos_venv_ecom/cosmos_virtualenv.lock.
[2025-09-13T09:57:47.554+0000] {virtualenv.py:122} INFO - Waiting for virtualenv lock to be released
[2025-09-13T09:57:48.555+0000] {virtualenv.py:178} INFO - Checking for running process with PID 8718
[2025-09-13T09:57:48.556+0000] {virtualenv.py:181} INFO - Process 8718 running: True and has the lock /tmp/cosmos_venv_ecom/cosmos_virtualenv.lock.
[2025-09-13T09:57:48.557+0000] {virtualenv.py:122} INFO - Waiting for virtualenv lock to be released
[2025-09-13T09:57:49.558+0000] {virtualenv.py:178} INFO - Checking for running process with PID 8718
[2025-09-13T09:57:49.559+0000] {virtualenv.py:181} INFO - Process 8718 running: True and has the lock /tmp/cosmos_venv_ecom/cosmos_virtualenv.lock.
[2025-09-13T09:57:49.560+0000] {virtualenv.py:122} INFO - Waiting for virtualenv lock to be released
[2025-09-13T09:57:50.561+0000] {virtualenv.py:178} INFO - Checking for running process with PID 8718
[2025-09-13T09:57:50.562+0000] {virtualenv.py:181} INFO - Process 8718 running: True and has the lock /tmp/cosmos_venv_ecom/cosmos_virtualenv.lock.
[2025-09-13T09:57:50.563+0000] {virtualenv.py:122} INFO - Waiting for virtualenv lock to be released
[2025-09-13T09:57:51.564+0000] {virtualenv.py:178} INFO - Checking for running process with PID 8718
[2025-09-13T09:57:51.565+0000] {virtualenv.py:181} INFO - Process 8718 running: True and has the lock /tmp/cosmos_venv_ecom/cosmos_virtualenv.lock.
[2025-09-13T09:57:51.566+0000] {virtualenv.py:122} INFO - Waiting for virtualenv lock to be released
[2025-09-13T09:57:52.568+0000] {virtualenv.py:178} INFO - Checking for running process with PID 8718
[2025-09-13T09:57:52.570+0000] {virtualenv.py:181} INFO - Process 8718 running: True and has the lock /tmp/cosmos_venv_ecom/cosmos_virtualenv.lock.
[2025-09-13T09:57:52.571+0000] {virtualenv.py:122} INFO - Waiting for virtualenv lock to be released
[2025-09-13T09:57:53.573+0000] {virtualenv.py:126} INFO - Acquiring the virtualenv lock
[2025-09-13T09:57:53.574+0000] {virtualenv.py:195} INFO - Acquiring lock at /tmp/cosmos_venv_ecom/cosmos_virtualenv.lock with pid 8720
[2025-09-13T09:57:53.575+0000] {virtualenv.py:153} INFO - Creating or updating the virtualenv at `/tmp/cosmos_venv_ecom
[2025-09-13T09:57:53.575+0000] {process_utils.py:183} INFO - Executing cmd: /home/***/.local/bin/python -m virtualenv /tmp/cosmos_venv_ecom --python=python3
[2025-09-13T09:57:53.576+0000] {process_utils.py:187} INFO - Output:
[2025-09-13T09:57:54.716+0000] {process_utils.py:191} INFO - created virtual environment CPython3.10.14.final.0-64 in 431ms
[2025-09-13T09:57:54.717+0000] {process_utils.py:191} INFO -   creator CPython3Posix(dest=/tmp/cosmos_venv_ecom, clear=False, no_vcs_ignore=False, global=False)
[2025-09-13T09:57:54.717+0000] {process_utils.py:191} INFO -   seeder FromAppData(download=False, pip=bundle, setuptools=bundle, wheel=bundle, via=copy, app_data_dir=/home/***/.local/share/virtualenv)
[2025-09-13T09:57:54.718+0000] {process_utils.py:191} INFO -     added seed packages: MarkupSafe==3.0.2, PyYAML==6.0.2, agate==1.9.1, annotated_types==0.7.0, attrs==25.3.0, babel==2.17.0, certifi==2025.8.3, charset_normalizer==3.4.3, click==8.2.1, clickhouse_connect==0.8.18, clickhouse_driver==0.2.9, colorama==0.4.6, daff==1.4.2, dbt_adapters==1.16.7, dbt_clickhouse==1.9.3, dbt_common==1.30.0, dbt_core==1.10.11, dbt_extractor==0.6.0, dbt_protos==1.0.375, dbt_semantic_interfaces==0.9.0, deepdiff==8.6.1, idna==3.10, importlib_metadata==8.7.0, isodate==0.6.1, jinja2==3.1.6, jsonschema==4.25.1, jsonschema_specifications==2025.9.1, leather==0.4.0, lz4==4.4.4, mashumaro==3.14, more_itertools==10.8.0, msgpack==1.1.1, networkx==3.4.2, orderly_set==5.5.0, packaging==25.0, parsedatetime==2.6, pathspec==0.12.1, pip==25.2, protobuf==6.32.1, pydantic==2.11.7, pydantic_core==2.33.2, python_dateutil==2.9.0.post0, python_slugify==8.0.4, pytimeparse==1.1.8, pytz==2025.2, referencing==0.36.2, requests==2.32.5, rpds_py==0.27.1, setuptools==80.9.0, six==1.17.0, snowplow_tracker==1.1.0, sqlparse==0.5.3, text_unidecode==1.3, typing_extensions==4.15.0, typing_inspection==0.4.1, tzlocal==5.3.1, urllib3==2.5.0, wheel==0.45.1, zipp==3.23.0, zstandard==0.24.0
[2025-09-13T09:57:54.719+0000] {process_utils.py:191} INFO -   activators BashActivator,CShellActivator,FishActivator,NushellActivator,PowerShellActivator,PythonActivator
[2025-09-13T09:57:54.772+0000] {process_utils.py:183} INFO - Executing cmd: /tmp/cosmos_venv_ecom/bin/pip install dbt-clickhouse
[2025-09-13T09:57:54.773+0000] {process_utils.py:187} INFO - Output:
[2025-09-13T09:57:56.049+0000] {process_utils.py:191} INFO - Requirement already satisfied: dbt-clickhouse in /tmp/cosmos_venv_ecom/lib/python3.10/site-packages (1.9.3)
[2025-09-13T09:57:56.051+0000] {process_utils.py:191} INFO - Requirement already satisfied: dbt-core>=1.9 in /tmp/cosmos_venv_ecom/lib/python3.10/site-packages (from dbt-clickhouse) (1.10.11)
[2025-09-13T09:57:56.053+0000] {process_utils.py:191} INFO - Requirement already satisfied: clickhouse-connect>=0.6.22 in /tmp/cosmos_venv_ecom/lib/python3.10/site-packages (from dbt-clickhouse) (0.8.18)
[2025-09-13T09:57:56.054+0000] {process_utils.py:191} INFO - Requirement already satisfied: clickhouse-driver>=0.2.6 in /tmp/cosmos_venv_ecom/lib/python3.10/site-packages (from dbt-clickhouse) (0.2.9)
[2025-09-13T09:57:56.054+0000] {process_utils.py:191} INFO - Requirement already satisfied: setuptools>=0.69 in /tmp/cosmos_venv_ecom/lib/python3.10/site-packages (from dbt-clickhouse) (80.9.0)
[2025-09-13T09:57:56.057+0000] {process_utils.py:191} INFO - Requirement already satisfied: certifi in /tmp/cosmos_venv_ecom/lib/python3.10/site-packages (from clickhouse-connect>=0.6.22->dbt-clickhouse) (2025.8.3)
[2025-09-13T09:57:56.058+0000] {process_utils.py:191} INFO - Requirement already satisfied: urllib3>=1.26 in /tmp/cosmos_venv_ecom/lib/python3.10/site-packages (from clickhouse-connect>=0.6.22->dbt-clickhouse) (2.5.0)
[2025-09-13T09:57:56.058+0000] {process_utils.py:191} INFO - Requirement already satisfied: pytz in /tmp/cosmos_venv_ecom/lib/python3.10/site-packages (from clickhouse-connect>=0.6.22->dbt-clickhouse) (2025.2)
[2025-09-13T09:57:56.058+0000] {process_utils.py:191} INFO - Requirement already satisfied: zstandard in /tmp/cosmos_venv_ecom/lib/python3.10/site-packages (from clickhouse-connect>=0.6.22->dbt-clickhouse) (0.24.0)
[2025-09-13T09:57:56.059+0000] {process_utils.py:191} INFO - Requirement already satisfied: lz4 in /tmp/cosmos_venv_ecom/lib/python3.10/site-packages (from clickhouse-connect>=0.6.22->dbt-clickhouse) (4.4.4)
[2025-09-13T09:57:56.063+0000] {process_utils.py:191} INFO - Requirement already satisfied: tzlocal in /tmp/cosmos_venv_ecom/lib/python3.10/site-packages (from clickhouse-driver>=0.2.6->dbt-clickhouse) (5.3.1)
[2025-09-13T09:57:56.068+0000] {process_utils.py:191} INFO - Requirement already satisfied: agate<1.10,>=1.7.0 in /tmp/cosmos_venv_ecom/lib/python3.10/site-packages (from dbt-core>=1.9->dbt-clickhouse) (1.9.1)
[2025-09-13T09:57:56.069+0000] {process_utils.py:191} INFO - Requirement already satisfied: Jinja2<4,>=3.1.3 in /tmp/cosmos_venv_ecom/lib/python3.10/site-packages (from dbt-core>=1.9->dbt-clickhouse) (3.1.6)
[2025-09-13T09:57:56.071+0000] {process_utils.py:191} INFO - Requirement already satisfied: mashumaro<3.15,>=3.9 in /tmp/cosmos_venv_ecom/lib/python3.10/site-packages (from mashumaro[msgpack]<3.15,>=3.9->dbt-core>=1.9->dbt-clickhouse) (3.14)
[2025-09-13T09:57:56.072+0000] {process_utils.py:191} INFO - Requirement already satisfied: click<9.0,>=8.0.2 in /tmp/cosmos_venv_ecom/lib/python3.10/site-packages (from dbt-core>=1.9->dbt-clickhouse) (8.2.1)
[2025-09-13T09:57:56.073+0000] {process_utils.py:191} INFO - Requirement already satisfied: jsonschema<5.0,>=4.19.1 in /tmp/cosmos_venv_ecom/lib/python3.10/site-packages (from dbt-core>=1.9->dbt-clickhouse) (4.25.1)
[2025-09-13T09:57:56.074+0000] {process_utils.py:191} INFO - Requirement already satisfied: networkx<4.0,>=2.3 in /tmp/cosmos_venv_ecom/lib/python3.10/site-packages (from dbt-core>=1.9->dbt-clickhouse) (3.4.2)
[2025-09-13T09:57:56.075+0000] {process_utils.py:191} INFO - Requirement already satisfied: protobuf<7.0,>=6.0 in /tmp/cosmos_venv_ecom/lib/python3.10/site-packages (from dbt-core>=1.9->dbt-clickhouse) (6.32.1)
[2025-09-13T09:57:56.075+0000] {process_utils.py:191} INFO - Requirement already satisfied: requests<3.0.0 in /tmp/cosmos_venv_ecom/lib/python3.10/site-packages (from dbt-core>=1.9->dbt-clickhouse) (2.32.5)
[2025-09-13T09:57:56.076+0000] {process_utils.py:191} INFO - Requirement already satisfied: snowplow-tracker<2.0,>=1.0.2 in /tmp/cosmos_venv_ecom/lib/python3.10/site-packages (from dbt-core>=1.9->dbt-clickhouse) (1.1.0)
[2025-09-13T09:57:56.077+0000] {process_utils.py:191} INFO - Requirement already satisfied: pathspec<0.13,>=0.9 in /tmp/cosmos_venv_ecom/lib/python3.10/site-packages (from dbt-core>=1.9->dbt-clickhouse) (0.12.1)
[2025-09-13T09:57:56.078+0000] {process_utils.py:191} INFO - Requirement already satisfied: sqlparse<0.6.0,>=0.5.0 in /tmp/cosmos_venv_ecom/lib/python3.10/site-packages (from dbt-core>=1.9->dbt-clickhouse) (0.5.3)
[2025-09-13T09:57:56.079+0000] {process_utils.py:191} INFO - Requirement already satisfied: dbt-extractor<=0.6,>=0.5.0 in /tmp/cosmos_venv_ecom/lib/python3.10/site-packages (from dbt-core>=1.9->dbt-clickhouse) (0.6.0)
[2025-09-13T09:57:56.080+0000] {process_utils.py:191} INFO - Requirement already satisfied: dbt-semantic-interfaces<0.10,>=0.9.0 in /tmp/cosmos_venv_ecom/lib/python3.10/site-packages (from dbt-core>=1.9->dbt-clickhouse) (0.9.0)
[2025-09-13T09:57:56.081+0000] {process_utils.py:191} INFO - Requirement already satisfied: dbt-common<2.0,>=1.27.0 in /tmp/cosmos_venv_ecom/lib/python3.10/site-packages (from dbt-core>=1.9->dbt-clickhouse) (1.30.0)
[2025-09-13T09:57:56.083+0000] {process_utils.py:191} INFO - Requirement already satisfied: dbt-adapters<2.0,>=1.15.5 in /tmp/cosmos_venv_ecom/lib/python3.10/site-packages (from dbt-core>=1.9->dbt-clickhouse) (1.16.7)
[2025-09-13T09:57:56.084+0000] {process_utils.py:191} INFO - Requirement already satisfied: dbt-protos<2.0,>=1.0.346 in /tmp/cosmos_venv_ecom/lib/python3.10/site-packages (from dbt-core>=1.9->dbt-clickhouse) (1.0.375)
[2025-09-13T09:57:56.084+0000] {process_utils.py:191} INFO - Requirement already satisfied: pydantic<3 in /tmp/cosmos_venv_ecom/lib/python3.10/site-packages (from dbt-core>=1.9->dbt-clickhouse) (2.11.7)
[2025-09-13T09:57:56.085+0000] {process_utils.py:191} INFO - Requirement already satisfied: packaging>20.9 in /tmp/cosmos_venv_ecom/lib/python3.10/site-packages (from dbt-core>=1.9->dbt-clickhouse) (25.0)
[2025-09-13T09:57:56.086+0000] {process_utils.py:191} INFO - Requirement already satisfied: pyyaml>=6.0 in /tmp/cosmos_venv_ecom/lib/python3.10/site-packages (from dbt-core>=1.9->dbt-clickhouse) (6.0.2)
[2025-09-13T09:57:56.086+0000] {process_utils.py:191} INFO - Requirement already satisfied: daff>=1.3.46 in /tmp/cosmos_venv_ecom/lib/python3.10/site-packages (from dbt-core>=1.9->dbt-clickhouse) (1.4.2)
[2025-09-13T09:57:56.087+0000] {process_utils.py:191} INFO - Requirement already satisfied: typing-extensions>=4.4 in /tmp/cosmos_venv_ecom/lib/python3.10/site-packages (from dbt-core>=1.9->dbt-clickhouse) (4.15.0)
[2025-09-13T09:57:56.091+0000] {process_utils.py:191} INFO - Requirement already satisfied: Babel>=2.0 in /tmp/cosmos_venv_ecom/lib/python3.10/site-packages (from agate<1.10,>=1.7.0->dbt-core>=1.9->dbt-clickhouse) (2.17.0)
[2025-09-13T09:57:56.092+0000] {process_utils.py:191} INFO - Requirement already satisfied: isodate>=0.5.4 in /tmp/cosmos_venv_ecom/lib/python3.10/site-packages (from agate<1.10,>=1.7.0->dbt-core>=1.9->dbt-clickhouse) (0.6.1)
[2025-09-13T09:57:56.093+0000] {process_utils.py:191} INFO - Requirement already satisfied: leather>=0.3.2 in /tmp/cosmos_venv_ecom/lib/python3.10/site-packages (from agate<1.10,>=1.7.0->dbt-core>=1.9->dbt-clickhouse) (0.4.0)
[2025-09-13T09:57:56.103+0000] {process_utils.py:191} INFO - Requirement already satisfied: parsedatetime!=2.5,>=2.1 in /tmp/cosmos_venv_ecom/lib/python3.10/site-packages (from agate<1.10,>=1.7.0->dbt-core>=1.9->dbt-clickhouse) (2.6)
[2025-09-13T09:57:56.104+0000] {process_utils.py:191} INFO - Requirement already satisfied: python-slugify>=1.2.1 in /tmp/cosmos_venv_ecom/lib/python3.10/site-packages (from agate<1.10,>=1.7.0->dbt-core>=1.9->dbt-clickhouse) (8.0.4)
[2025-09-13T09:57:56.104+0000] {process_utils.py:191} INFO - Requirement already satisfied: pytimeparse>=1.1.5 in /tmp/cosmos_venv_ecom/lib/python3.10/site-packages (from agate<1.10,>=1.7.0->dbt-core>=1.9->dbt-clickhouse) (1.1.8)
[2025-09-13T09:57:56.117+0000] {process_utils.py:191} INFO - Requirement already satisfied: colorama<0.5,>=0.3.9 in /tmp/cosmos_venv_ecom/lib/python3.10/site-packages (from dbt-common<2.0,>=1.27.0->dbt-core>=1.9->dbt-clickhouse) (0.4.6)
[2025-09-13T09:57:56.118+0000] {process_utils.py:191} INFO - Requirement already satisfied: deepdiff<9.0,>=7.0 in /tmp/cosmos_venv_ecom/lib/python3.10/site-packages (from dbt-common<2.0,>=1.27.0->dbt-core>=1.9->dbt-clickhouse) (8.6.1)
[2025-09-13T09:57:56.122+0000] {process_utils.py:191} INFO - Requirement already satisfied: python-dateutil<3.0,>=2.0 in /tmp/cosmos_venv_ecom/lib/python3.10/site-packages (from dbt-common<2.0,>=1.27.0->dbt-core>=1.9->dbt-clickhouse) (2.9.0.post0)
[2025-09-13T09:57:56.130+0000] {process_utils.py:191} INFO - Requirement already satisfied: importlib-metadata<9,>=6.0 in /tmp/cosmos_venv_ecom/lib/python3.10/site-packages (from dbt-semantic-interfaces<0.10,>=0.9.0->dbt-core>=1.9->dbt-clickhouse) (8.7.0)
[2025-09-13T09:57:56.132+0000] {process_utils.py:191} INFO - Requirement already satisfied: more-itertools<11.0,>=8.0 in /tmp/cosmos_venv_ecom/lib/python3.10/site-packages (from dbt-semantic-interfaces<0.10,>=0.9.0->dbt-core>=1.9->dbt-clickhouse) (10.8.0)
[2025-09-13T09:57:56.141+0000] {process_utils.py:191} INFO - Requirement already satisfied: orderly-set<6,>=5.4.1 in /tmp/cosmos_venv_ecom/lib/python3.10/site-packages (from deepdiff<9.0,>=7.0->dbt-common<2.0,>=1.27.0->dbt-core>=1.9->dbt-clickhouse) (5.5.0)
[2025-09-13T09:57:56.147+0000] {process_utils.py:191} INFO - Requirement already satisfied: zipp>=3.20 in /tmp/cosmos_venv_ecom/lib/python3.10/site-packages (from importlib-metadata<9,>=6.0->dbt-semantic-interfaces<0.10,>=0.9.0->dbt-core>=1.9->dbt-clickhouse) (3.23.0)
[2025-09-13T09:57:56.149+0000] {process_utils.py:191} INFO - Requirement already satisfied: six in /tmp/cosmos_venv_ecom/lib/python3.10/site-packages (from isodate>=0.5.4->agate<1.10,>=1.7.0->dbt-core>=1.9->dbt-clickhouse) (1.17.0)
[2025-09-13T09:57:56.151+0000] {process_utils.py:191} INFO - Requirement already satisfied: MarkupSafe>=2.0 in /tmp/cosmos_venv_ecom/lib/python3.10/site-packages (from Jinja2<4,>=3.1.3->dbt-core>=1.9->dbt-clickhouse) (3.0.2)
[2025-09-13T09:57:56.155+0000] {process_utils.py:191} INFO - Requirement already satisfied: attrs>=22.2.0 in /tmp/cosmos_venv_ecom/lib/python3.10/site-packages (from jsonschema<5.0,>=4.19.1->dbt-core>=1.9->dbt-clickhouse) (25.3.0)
[2025-09-13T09:57:56.156+0000] {process_utils.py:191} INFO - Requirement already satisfied: jsonschema-specifications>=2023.03.6 in /tmp/cosmos_venv_ecom/lib/python3.10/site-packages (from jsonschema<5.0,>=4.19.1->dbt-core>=1.9->dbt-clickhouse) (2025.9.1)
[2025-09-13T09:57:56.157+0000] {process_utils.py:191} INFO - Requirement already satisfied: referencing>=0.28.4 in /tmp/cosmos_venv_ecom/lib/python3.10/site-packages (from jsonschema<5.0,>=4.19.1->dbt-core>=1.9->dbt-clickhouse) (0.36.2)
[2025-09-13T09:57:56.158+0000] {process_utils.py:191} INFO - Requirement already satisfied: rpds-py>=0.7.1 in /tmp/cosmos_venv_ecom/lib/python3.10/site-packages (from jsonschema<5.0,>=4.19.1->dbt-core>=1.9->dbt-clickhouse) (0.27.1)
[2025-09-13T09:57:56.167+0000] {process_utils.py:191} INFO - Requirement already satisfied: msgpack>=0.5.6 in /tmp/cosmos_venv_ecom/lib/python3.10/site-packages (from mashumaro[msgpack]<3.15,>=3.9->dbt-core>=1.9->dbt-clickhouse) (1.1.1)
[2025-09-13T09:57:56.184+0000] {process_utils.py:191} INFO - Requirement already satisfied: annotated-types>=0.6.0 in /tmp/cosmos_venv_ecom/lib/python3.10/site-packages (from pydantic<3->dbt-core>=1.9->dbt-clickhouse) (0.7.0)
[2025-09-13T09:57:56.185+0000] {process_utils.py:191} INFO - Requirement already satisfied: pydantic-core==2.33.2 in /tmp/cosmos_venv_ecom/lib/python3.10/site-packages (from pydantic<3->dbt-core>=1.9->dbt-clickhouse) (2.33.2)
[2025-09-13T09:57:56.187+0000] {process_utils.py:191} INFO - Requirement already satisfied: typing-inspection>=0.4.0 in /tmp/cosmos_venv_ecom/lib/python3.10/site-packages (from pydantic<3->dbt-core>=1.9->dbt-clickhouse) (0.4.1)
[2025-09-13T09:57:56.196+0000] {process_utils.py:191} INFO - Requirement already satisfied: charset_normalizer<4,>=2 in /tmp/cosmos_venv_ecom/lib/python3.10/site-packages (from requests<3.0.0->dbt-core>=1.9->dbt-clickhouse) (3.4.3)
[2025-09-13T09:57:56.197+0000] {process_utils.py:191} INFO - Requirement already satisfied: idna<4,>=2.5 in /tmp/cosmos_venv_ecom/lib/python3.10/site-packages (from requests<3.0.0->dbt-core>=1.9->dbt-clickhouse) (3.10)
[2025-09-13T09:57:56.242+0000] {process_utils.py:191} INFO - Requirement already satisfied: text-unidecode>=1.3 in /tmp/cosmos_venv_ecom/lib/python3.10/site-packages (from python-slugify>=1.2.1->agate<1.10,>=1.7.0->dbt-core>=1.9->dbt-clickhouse) (1.3)
[2025-09-13T09:57:56.368+0000] {local.py:470} INFO - Cloning project to writable temp directory /tmp/tmphgrcg7r6 from /opt/airflow/dags/dbt/ecom_staging
[2025-09-13T09:57:56.382+0000] {local.py:490} INFO - Partial parse is enabled and the latest partial parse file is /tmp/cosmos/dbt_staging__dbt_ecom/target/partial_parse.msgpack
[2025-09-13T09:57:56.392+0000] {config.py:362} INFO - Using user-supplied profiles.yml at /opt/airflow/dags/dbt/profiles.yml
[2025-09-13T09:57:56.401+0000] {virtualenv.py:99} INFO - Using Python binary from virtualenv: /tmp/cosmos_venv_ecom/bin/python
[2025-09-13T09:57:56.401+0000] {local.py:434} INFO - Trying to run the command:
 ['/tmp/cosmos_venv_ecom/bin/dbt', 'deps', '--project-dir', '/tmp/tmphgrcg7r6', '--profiles-dir', '/opt/***/dags/dbt', '--profile', 'ecom_staging', '--target', 'dev']
From /tmp/tmphgrcg7r6
[2025-09-13T09:57:56.402+0000] {subprocess.py:56} INFO - Tmp dir root location: 
 /tmp
[2025-09-13T09:57:56.402+0000] {subprocess.py:69} INFO - Running command: ['/tmp/cosmos_venv_ecom/bin/dbt', 'deps', '--project-dir', '/tmp/tmphgrcg7r6', '--profiles-dir', '/opt/***/dags/dbt', '--profile', 'ecom_staging', '--target', 'dev']
[2025-09-13T09:57:56.411+0000] {subprocess.py:80} INFO - Command output:
[2025-09-13T09:57:58.475+0000] {subprocess.py:90} INFO - [0m09:57:58  Running with dbt=1.10.11
[2025-09-13T09:57:59.117+0000] {subprocess.py:90} INFO - [0m09:57:59  Installing dbt-labs/dbt_utils
[2025-09-13T09:57:59.912+0000] {subprocess.py:90} INFO - [0m09:57:59  Installed from version 1.3.0
[2025-09-13T09:57:59.913+0000] {subprocess.py:90} INFO - [0m09:57:59  Updated version available: 1.3.1
[2025-09-13T09:57:59.914+0000] {subprocess.py:90} INFO - [0m09:57:59
[2025-09-13T09:57:59.915+0000] {subprocess.py:90} INFO - [0m09:57:59  Updates available for packages: ['dbt-labs/dbt_utils']
[2025-09-13T09:57:59.915+0000] {subprocess.py:90} INFO - Update your versions in packages.yml, then run dbt deps
[2025-09-13T09:58:01.829+0000] {subprocess.py:94} INFO - Command exited with return code 0
[2025-09-13T09:58:01.831+0000] {local.py:441} INFO - Update your versions in packages.yml, then run dbt deps
[2025-09-13T09:58:01.832+0000] {virtualenv.py:99} INFO - Using Python binary from virtualenv: /tmp/cosmos_venv_ecom/bin/python
[2025-09-13T09:58:01.833+0000] {local.py:434} INFO - Trying to run the command:
 ['/tmp/cosmos_venv_ecom/bin/dbt', 'run', '--models', 'STG_CATEGORIES', '--project-dir', '/tmp/tmphgrcg7r6', '--profiles-dir', '/opt/***/dags/dbt', '--profile', 'ecom_staging', '--target', 'dev']
From /tmp/tmphgrcg7r6
[2025-09-13T09:58:01.834+0000] {subprocess.py:56} INFO - Tmp dir root location: 
 /tmp
[2025-09-13T09:58:01.834+0000] {subprocess.py:69} INFO - Running command: ['/tmp/cosmos_venv_ecom/bin/dbt', 'run', '--models', 'STG_CATEGORIES', '--project-dir', '/tmp/tmphgrcg7r6', '--profiles-dir', '/opt/***/dags/dbt', '--profile', 'ecom_staging', '--target', 'dev']
[2025-09-13T09:58:01.849+0000] {subprocess.py:80} INFO - Command output:
[2025-09-13T09:58:03.897+0000] {subprocess.py:90} INFO - [0m09:58:03  Running with dbt=1.10.11
[2025-09-13T09:58:03.904+0000] {subprocess.py:90} INFO - [0m09:58:03  [[33mWARNING[0m]: Deprecated functionality
[2025-09-13T09:58:03.905+0000] {subprocess.py:90} INFO - Usage of `--models`, `--model`, and `-m` is deprecated in favor of `--select` or
[2025-09-13T09:58:03.906+0000] {subprocess.py:90} INFO - `-s`.
[2025-09-13T09:58:04.298+0000] {subprocess.py:90} INFO - [0m09:58:04  Registered adapter: clickhouse=1.9.3
[2025-09-13T09:58:05.109+0000] {subprocess.py:90} INFO - [0m09:58:05  Found 8 models, 54 data tests, 8 sources, 597 macros
[2025-09-13T09:58:05.111+0000] {subprocess.py:90} INFO - [0m09:58:05
[2025-09-13T09:58:05.112+0000] {subprocess.py:90} INFO - [0m09:58:05  Concurrency: 4 threads (target='dev')
[2025-09-13T09:58:05.113+0000] {subprocess.py:90} INFO - [0m09:58:05
[2025-09-13T09:58:05.242+0000] {subprocess.py:90} INFO - [0m09:58:05  1 of 1 START sql view model `ecom_db_staging`.`STG_CATEGORIES` ................. [RUN]
[2025-09-13T09:58:05.313+0000] {subprocess.py:90} INFO - [0m09:58:05  1 of 1 OK created sql view model `ecom_db_staging`.`STG_CATEGORIES` ............ [[32mOK[0m in 0.07s]
[2025-09-13T09:58:05.318+0000] {subprocess.py:90} INFO - [0m09:58:05
[2025-09-13T09:58:05.319+0000] {subprocess.py:90} INFO - [0m09:58:05  Finished running 1 view model in 0 hours 0 minutes and 0.21 seconds (0.21s).
[2025-09-13T09:58:05.371+0000] {subprocess.py:90} INFO - [0m09:58:05
[2025-09-13T09:58:05.371+0000] {subprocess.py:90} INFO - [0m09:58:05  [32mCompleted successfully[0m
[2025-09-13T09:58:05.372+0000] {subprocess.py:90} INFO - [0m09:58:05
[2025-09-13T09:58:05.373+0000] {subprocess.py:90} INFO - [0m09:58:05  Done. PASS=1 WARN=0 ERROR=0 SKIP=0 NO-OP=0 TOTAL=1
[2025-09-13T09:58:05.373+0000] {subprocess.py:90} INFO - [0m09:58:05  [[33mWARNING[0m][DeprecationsSummary]: Deprecated functionality
[2025-09-13T09:58:05.374+0000] {subprocess.py:90} INFO - Summary of encountered deprecations:
[2025-09-13T09:58:05.374+0000] {subprocess.py:90} INFO - - ModelParamUsageDeprecation: 1 occurrence
[2025-09-13T09:58:05.375+0000] {subprocess.py:90} INFO - To see all deprecation instances instead of just the first occurrence of each,
[2025-09-13T09:58:05.375+0000] {subprocess.py:90} INFO - run command again with the `--show-all-deprecations` flag. You may also need to
[2025-09-13T09:58:05.376+0000] {subprocess.py:90} INFO - run with `--no-partial-parse` as some deprecations are only encountered during
[2025-09-13T09:58:05.376+0000] {subprocess.py:90} INFO - parsing.
[2025-09-13T09:58:07.594+0000] {subprocess.py:94} INFO - Command exited with return code 0
[2025-09-13T09:58:07.595+0000] {local.py:441} INFO - parsing.
[2025-09-13T09:58:07.617+0000] {local.py:196} WARNING - Artifact schema version: https://schemas.getdbt.com/dbt/manifest/v12.json is above dbt-ol supported version 7. This might cause errors.
[2025-09-13T09:58:07.618+0000] {local.py:196} WARNING - Artifact schema version: https://schemas.getdbt.com/dbt/run-results/v6.json is above dbt-ol supported version 5. This might cause errors.
[2025-09-13T09:58:07.630+0000] {local.py:547} INFO - Inlets: []
[2025-09-13T09:58:07.631+0000] {local.py:548} INFO - Outlets: []
[2025-09-13T09:58:07.631+0000] {local.py:772} INFO - Assigning inlets/outlets without DatasetAlias
[2025-09-13T09:58:07.632+0000] {dag.py:3089} INFO - Sync 1 DAGs
[2025-09-13T09:58:07.712+0000] {dag.py:3947} INFO - Setting next_dagrun for dbt_staging to 2025-09-13 00:00:00+00:00, run_after=2025-09-14 00:00:00+00:00
[2025-09-13T09:58:07.928+0000] {virtualenv.py:131} INFO - Releasing virtualenv lock
[2025-09-13T09:58:07.930+0000] {virtualenv.py:145} INFO - None
[2025-09-13T09:58:07.931+0000] {taskinstance.py:441} INFO - ::group::Post task execution logs
[2025-09-13T09:58:08.027+0000] {taskinstance.py:1206} INFO - Marking task as SUCCESS. dag_id=dbt_staging, task_id=dbt_ecom.STG_CATEGORIES_run, run_id=manual__2025-09-13T09:56:51.761502+00:00, execution_date=20250913T095651, start_date=20250913T095655, end_date=20250913T095808
[2025-09-13T09:58:08.105+0000] {local_task_job_runner.py:243} INFO - Task exited with return code 0
[2025-09-13T09:58:08.153+0000] {taskinstance.py:3503} INFO - 0 downstream tasks scheduled from follow-on schedule check
[2025-09-13T09:58:08.165+0000] {local_task_job_runner.py:222} INFO - ::endgroup::
