[2025-09-12T16:34:25.798+0000] {local_task_job_runner.py:120} INFO - ::group::Pre task execution logs
[2025-09-12T16:34:25.919+0000] {taskinstance.py:2076} INFO - Dependencies all met for dep_context=non-requeueable deps ti=<TaskInstance: update_income_aggregate.update_income_aggregate scheduled__2025-09-11T00:00:00+00:00 [queued]>
[2025-09-12T16:34:25.931+0000] {taskinstance.py:2076} INFO - Dependencies all met for dep_context=requeueable deps ti=<TaskInstance: update_income_aggregate.update_income_aggregate scheduled__2025-09-11T00:00:00+00:00 [queued]>
[2025-09-12T16:34:25.942+0000] {taskinstance.py:2306} INFO - Starting attempt 1 of 1
[2025-09-12T16:34:25.966+0000] {taskinstance.py:2330} INFO - Executing <Task(ClickHouseOperator): update_income_aggregate> on 2025-09-11 00:00:00+00:00
[2025-09-12T16:34:25.973+0000] {standard_task_runner.py:64} INFO - Started process 2814 to run task
[2025-09-12T16:34:25.978+0000] {standard_task_runner.py:90} INFO - Running: ['***', 'tasks', 'run', 'update_income_aggregate', 'update_income_aggregate', 'scheduled__2025-09-11T00:00:00+00:00', '--job-id', '89', '--raw', '--subdir', 'DAGS_FOLDER/dd.py', '--cfg-path', '/tmp/tmpanozoc6w']
[2025-09-12T16:34:25.981+0000] {standard_task_runner.py:91} INFO - Job 89: Subtask update_income_aggregate
[2025-09-12T16:34:26.170+0000] {task_command.py:426} INFO - Running <TaskInstance: update_income_aggregate.update_income_aggregate scheduled__2025-09-11T00:00:00+00:00 [running]> on host e95bde6b8d07
[2025-09-12T16:34:26.467+0000] {taskinstance.py:2648} INFO - Exporting env vars: AIRFLOW_CTX_DAG_OWNER='***' AIRFLOW_CTX_DAG_ID='update_income_aggregate' AIRFLOW_CTX_TASK_ID='update_income_aggregate' AIRFLOW_CTX_EXECUTION_DATE='2025-09-11T00:00:00+00:00' AIRFLOW_CTX_TRY_NUMBER='1' AIRFLOW_CTX_DAG_RUN_ID='scheduled__2025-09-11T00:00:00+00:00'
[2025-09-12T16:34:26.468+0000] {taskinstance.py:430} INFO - ::endgroup::
[2025-09-12T16:34:26.530+0000] {base.py:84} INFO - Using connection ID 'ch_ecom_staging_conn' for task execution.
[2025-09-12T16:34:26.531+0000] {clickhouse.py:79} INFO - 
                Select * from stg_categories
            
[2025-09-12T16:34:26.534+0000] {taskinstance.py:441} INFO - ::group::Post task execution logs
[2025-09-12T16:34:26.534+0000] {taskinstance.py:2905} ERROR - Task failed with exception
Traceback (most recent call last):
  File "/home/airflow/.local/lib/python3.10/site-packages/airflow/models/taskinstance.py", line 465, in _execute_task
    result = _execute_callable(context=context, **execute_callable_kwargs)
  File "/home/airflow/.local/lib/python3.10/site-packages/airflow/models/taskinstance.py", line 432, in _execute_callable
    return execute_callable(context=context, **execute_callable_kwargs)
  File "/home/airflow/.local/lib/python3.10/site-packages/airflow/models/baseoperator.py", line 401, in wrapper
    return func(self, *args, **kwargs)
  File "/home/airflow/.local/lib/python3.10/site-packages/airflow_clickhouse_plugin/operators/clickhouse.py", line 83, in execute
    return self._hook_execute()
  File "/home/airflow/.local/lib/python3.10/site-packages/airflow_clickhouse_plugin/operators/clickhouse.py", line 69, in _hook_execute
    return hook.execute(
  File "/home/airflow/.local/lib/python3.10/site-packages/airflow_clickhouse_plugin/hooks/clickhouse.py", line 80, in execute
    last_result = conn.execute(
  File "/home/airflow/.local/lib/python3.10/site-packages/clickhouse_driver/client.py", line 370, in execute
    with self.disconnect_on_error(query, settings):
  File "/usr/local/lib/python3.10/contextlib.py", line 135, in __enter__
    return next(self.gen)
  File "/home/airflow/.local/lib/python3.10/site-packages/clickhouse_driver/client.py", line 313, in disconnect_on_error
    self.establish_connection(settings)
  File "/home/airflow/.local/lib/python3.10/site-packages/clickhouse_driver/client.py", line 300, in establish_connection
    self.connection.force_connect()
  File "/home/airflow/.local/lib/python3.10/site-packages/clickhouse_driver/connection.py", line 258, in force_connect
    self.connect()
  File "/home/airflow/.local/lib/python3.10/site-packages/clickhouse_driver/connection.py", line 399, in connect
    return self._init_connection(host, port)
  File "/home/airflow/.local/lib/python3.10/site-packages/clickhouse_driver/connection.py", line 343, in _init_connection
    self.receive_hello()
  File "/home/airflow/.local/lib/python3.10/site-packages/clickhouse_driver/connection.py", line 534, in receive_hello
    raise errors.UnexpectedPacketFromServerError(message)
clickhouse_driver.errors.UnexpectedPacketFromServerError: Code: 102. Unexpected packet from server clickhouse:8123 (expected Hello or Exception, got Unknown packet)
[2025-09-12T16:34:26.580+0000] {taskinstance.py:1206} INFO - Marking task as FAILED. dag_id=update_income_aggregate, task_id=update_income_aggregate, run_id=scheduled__2025-09-11T00:00:00+00:00, execution_date=20250911T000000, start_date=20250912T163425, end_date=20250912T163426
[2025-09-12T16:34:26.603+0000] {standard_task_runner.py:110} ERROR - Failed to execute job 89 for task update_income_aggregate (Code: 102. Unexpected packet from server clickhouse:8123 (expected Hello or Exception, got Unknown packet); 2814)
[2025-09-12T16:34:26.632+0000] {local_task_job_runner.py:243} INFO - Task exited with return code 1
[2025-09-12T16:34:26.693+0000] {taskinstance.py:3503} INFO - 0 downstream tasks scheduled from follow-on schedule check
[2025-09-12T16:34:26.710+0000] {local_task_job_runner.py:222} INFO - ::endgroup::
