[2025-09-19T10:07:23.069+0000] {local_task_job_runner.py:120} INFO - ::group::Pre task execution logs
[2025-09-19T10:07:23.833+0000] {taskinstance.py:2076} INFO - Dependencies all met for dep_context=non-requeueable deps ti=<TaskInstance: dbt_intermediate.intermediate.marital_statuses.run manual__2025-09-19T10:07:12.196360+00:00 [None]>
[2025-09-19T10:07:23.910+0000] {taskinstance.py:2076} INFO - Dependencies all met for dep_context=requeueable deps ti=<TaskInstance: dbt_intermediate.intermediate.marital_statuses.run manual__2025-09-19T10:07:12.196360+00:00 [None]>
[2025-09-19T10:07:23.916+0000] {taskinstance.py:2306} INFO - Starting attempt 1 of 1
[2025-09-19T10:07:24.010+0000] {taskinstance.py:2330} INFO - Executing <Task(DbtRunVirtualenvOperator): intermediate.marital_statuses.run> on 2025-09-19 10:07:12.196360+00:00
[2025-09-19T10:07:24.022+0000] {standard_task_runner.py:64} INFO - Started process 2119 to run task
[2025-09-19T10:07:24.028+0000] {standard_task_runner.py:90} INFO - Running: ['***', 'tasks', 'run', 'dbt_intermediate', 'intermediate.marital_statuses.run', 'manual__2025-09-19T10:07:12.196360+00:00', '--job-id', '550', '--raw', '--subdir', 'DAGS_FOLDER/dbt_intermediate.py', '--cfg-path', '/tmp/tmpi5t89w9c']
[2025-09-19T10:07:24.040+0000] {standard_task_runner.py:91} INFO - Job 550: Subtask intermediate.marital_statuses.run
[2025-09-19T10:07:24.585+0000] {task_command.py:426} INFO - Running <TaskInstance: dbt_intermediate.intermediate.marital_statuses.run manual__2025-09-19T10:07:12.196360+00:00 [running]> on host e95bde6b8d07
[2025-09-19T10:07:25.424+0000] {taskinstance.py:2648} INFO - Exporting env vars: AIRFLOW_CTX_DAG_OWNER='***' AIRFLOW_CTX_DAG_ID='dbt_intermediate' AIRFLOW_CTX_TASK_ID='intermediate.marital_statuses.run' AIRFLOW_CTX_EXECUTION_DATE='2025-09-19T10:07:12.196360+00:00' AIRFLOW_CTX_TRY_NUMBER='1' AIRFLOW_CTX_DAG_RUN_ID='manual__2025-09-19T10:07:12.196360+00:00'
[2025-09-19T10:07:25.438+0000] {taskinstance.py:430} INFO - ::endgroup::
[2025-09-19T10:07:25.464+0000] {virtualenv.py:120} INFO - Checking if the virtualenv lock /tmp/cosmos_venv_ecom_intermediate/cosmos_virtualenv.lock exists
[2025-09-19T10:07:25.465+0000] {virtualenv.py:178} INFO - Checking for running process with PID 1611
[2025-09-19T10:07:25.466+0000] {virtualenv.py:181} INFO - Process 1611 running: True and has the lock /tmp/cosmos_venv_ecom_intermediate/cosmos_virtualenv.lock.
[2025-09-19T10:07:25.467+0000] {virtualenv.py:122} INFO - Waiting for virtualenv lock to be released
[2025-09-19T10:07:26.469+0000] {virtualenv.py:178} INFO - Checking for running process with PID 1611
[2025-09-19T10:07:26.470+0000] {virtualenv.py:181} INFO - Process 1611 running: True and has the lock /tmp/cosmos_venv_ecom_intermediate/cosmos_virtualenv.lock.
[2025-09-19T10:07:26.470+0000] {virtualenv.py:122} INFO - Waiting for virtualenv lock to be released
[2025-09-19T10:07:27.472+0000] {virtualenv.py:178} INFO - Checking for running process with PID 2123
[2025-09-19T10:07:27.473+0000] {virtualenv.py:181} INFO - Process 2123 running: True and has the lock /tmp/cosmos_venv_ecom_intermediate/cosmos_virtualenv.lock.
[2025-09-19T10:07:27.473+0000] {virtualenv.py:122} INFO - Waiting for virtualenv lock to be released
[2025-09-19T10:07:28.475+0000] {virtualenv.py:178} INFO - Checking for running process with PID 2123
[2025-09-19T10:07:28.476+0000] {virtualenv.py:181} INFO - Process 2123 running: True and has the lock /tmp/cosmos_venv_ecom_intermediate/cosmos_virtualenv.lock.
[2025-09-19T10:07:28.477+0000] {virtualenv.py:122} INFO - Waiting for virtualenv lock to be released
[2025-09-19T10:07:29.478+0000] {virtualenv.py:178} INFO - Checking for running process with PID 2123
[2025-09-19T10:07:29.480+0000] {virtualenv.py:181} INFO - Process 2123 running: True and has the lock /tmp/cosmos_venv_ecom_intermediate/cosmos_virtualenv.lock.
[2025-09-19T10:07:29.480+0000] {virtualenv.py:122} INFO - Waiting for virtualenv lock to be released
[2025-09-19T10:07:30.482+0000] {virtualenv.py:178} INFO - Checking for running process with PID 2123
[2025-09-19T10:07:30.483+0000] {virtualenv.py:181} INFO - Process 2123 running: True and has the lock /tmp/cosmos_venv_ecom_intermediate/cosmos_virtualenv.lock.
[2025-09-19T10:07:30.483+0000] {virtualenv.py:122} INFO - Waiting for virtualenv lock to be released
[2025-09-19T10:07:31.485+0000] {virtualenv.py:178} INFO - Checking for running process with PID 2123
[2025-09-19T10:07:31.486+0000] {virtualenv.py:181} INFO - Process 2123 running: True and has the lock /tmp/cosmos_venv_ecom_intermediate/cosmos_virtualenv.lock.
[2025-09-19T10:07:31.487+0000] {virtualenv.py:122} INFO - Waiting for virtualenv lock to be released
[2025-09-19T10:07:32.488+0000] {virtualenv.py:178} INFO - Checking for running process with PID 2123
[2025-09-19T10:07:32.489+0000] {virtualenv.py:181} INFO - Process 2123 running: True and has the lock /tmp/cosmos_venv_ecom_intermediate/cosmos_virtualenv.lock.
[2025-09-19T10:07:32.490+0000] {virtualenv.py:122} INFO - Waiting for virtualenv lock to be released
[2025-09-19T10:07:33.491+0000] {virtualenv.py:178} INFO - Checking for running process with PID 2123
[2025-09-19T10:07:33.492+0000] {virtualenv.py:181} INFO - Process 2123 running: True and has the lock /tmp/cosmos_venv_ecom_intermediate/cosmos_virtualenv.lock.
[2025-09-19T10:07:33.493+0000] {virtualenv.py:122} INFO - Waiting for virtualenv lock to be released
[2025-09-19T10:07:34.494+0000] {virtualenv.py:178} INFO - Checking for running process with PID 2123
[2025-09-19T10:07:34.495+0000] {virtualenv.py:181} INFO - Process 2123 running: True and has the lock /tmp/cosmos_venv_ecom_intermediate/cosmos_virtualenv.lock.
[2025-09-19T10:07:34.497+0000] {virtualenv.py:122} INFO - Waiting for virtualenv lock to be released
[2025-09-19T10:07:35.499+0000] {virtualenv.py:178} INFO - Checking for running process with PID 2123
[2025-09-19T10:07:35.500+0000] {virtualenv.py:181} INFO - Process 2123 running: True and has the lock /tmp/cosmos_venv_ecom_intermediate/cosmos_virtualenv.lock.
[2025-09-19T10:07:35.501+0000] {virtualenv.py:122} INFO - Waiting for virtualenv lock to be released
[2025-09-19T10:07:36.502+0000] {virtualenv.py:178} INFO - Checking for running process with PID 2123
[2025-09-19T10:07:36.504+0000] {virtualenv.py:181} INFO - Process 2123 running: True and has the lock /tmp/cosmos_venv_ecom_intermediate/cosmos_virtualenv.lock.
[2025-09-19T10:07:36.504+0000] {virtualenv.py:122} INFO - Waiting for virtualenv lock to be released
[2025-09-19T10:07:37.506+0000] {virtualenv.py:178} INFO - Checking for running process with PID 2123
[2025-09-19T10:07:37.507+0000] {virtualenv.py:181} INFO - Process 2123 running: True and has the lock /tmp/cosmos_venv_ecom_intermediate/cosmos_virtualenv.lock.
[2025-09-19T10:07:37.507+0000] {virtualenv.py:122} INFO - Waiting for virtualenv lock to be released
[2025-09-19T10:07:38.508+0000] {virtualenv.py:178} INFO - Checking for running process with PID 2123
[2025-09-19T10:07:38.509+0000] {virtualenv.py:181} INFO - Process 2123 running: True and has the lock /tmp/cosmos_venv_ecom_intermediate/cosmos_virtualenv.lock.
[2025-09-19T10:07:38.510+0000] {virtualenv.py:122} INFO - Waiting for virtualenv lock to be released
[2025-09-19T10:07:39.512+0000] {virtualenv.py:178} INFO - Checking for running process with PID 2123
[2025-09-19T10:07:39.513+0000] {virtualenv.py:181} INFO - Process 2123 running: True and has the lock /tmp/cosmos_venv_ecom_intermediate/cosmos_virtualenv.lock.
[2025-09-19T10:07:39.515+0000] {virtualenv.py:122} INFO - Waiting for virtualenv lock to be released
[2025-09-19T10:07:40.516+0000] {virtualenv.py:178} INFO - Checking for running process with PID 2123
[2025-09-19T10:07:40.517+0000] {virtualenv.py:181} INFO - Process 2123 running: True and has the lock /tmp/cosmos_venv_ecom_intermediate/cosmos_virtualenv.lock.
[2025-09-19T10:07:40.518+0000] {virtualenv.py:122} INFO - Waiting for virtualenv lock to be released
[2025-09-19T10:07:41.519+0000] {virtualenv.py:178} INFO - Checking for running process with PID 2121
[2025-09-19T10:07:41.520+0000] {virtualenv.py:181} INFO - Process 2121 running: True and has the lock /tmp/cosmos_venv_ecom_intermediate/cosmos_virtualenv.lock.
[2025-09-19T10:07:41.520+0000] {virtualenv.py:122} INFO - Waiting for virtualenv lock to be released
[2025-09-19T10:07:42.522+0000] {virtualenv.py:178} INFO - Checking for running process with PID 2121
[2025-09-19T10:07:42.523+0000] {virtualenv.py:181} INFO - Process 2121 running: True and has the lock /tmp/cosmos_venv_ecom_intermediate/cosmos_virtualenv.lock.
[2025-09-19T10:07:42.523+0000] {virtualenv.py:122} INFO - Waiting for virtualenv lock to be released
[2025-09-19T10:07:43.524+0000] {virtualenv.py:178} INFO - Checking for running process with PID 2121
[2025-09-19T10:07:43.525+0000] {virtualenv.py:181} INFO - Process 2121 running: True and has the lock /tmp/cosmos_venv_ecom_intermediate/cosmos_virtualenv.lock.
[2025-09-19T10:07:43.526+0000] {virtualenv.py:122} INFO - Waiting for virtualenv lock to be released
[2025-09-19T10:07:44.527+0000] {virtualenv.py:178} INFO - Checking for running process with PID 2121
[2025-09-19T10:07:44.528+0000] {virtualenv.py:181} INFO - Process 2121 running: True and has the lock /tmp/cosmos_venv_ecom_intermediate/cosmos_virtualenv.lock.
[2025-09-19T10:07:44.529+0000] {virtualenv.py:122} INFO - Waiting for virtualenv lock to be released
[2025-09-19T10:07:45.530+0000] {virtualenv.py:178} INFO - Checking for running process with PID 2121
[2025-09-19T10:07:45.531+0000] {virtualenv.py:181} INFO - Process 2121 running: True and has the lock /tmp/cosmos_venv_ecom_intermediate/cosmos_virtualenv.lock.
[2025-09-19T10:07:45.531+0000] {virtualenv.py:122} INFO - Waiting for virtualenv lock to be released
[2025-09-19T10:07:46.534+0000] {virtualenv.py:178} INFO - Checking for running process with PID 2121
[2025-09-19T10:07:46.535+0000] {virtualenv.py:181} INFO - Process 2121 running: True and has the lock /tmp/cosmos_venv_ecom_intermediate/cosmos_virtualenv.lock.
[2025-09-19T10:07:46.536+0000] {virtualenv.py:122} INFO - Waiting for virtualenv lock to be released
[2025-09-19T10:07:47.538+0000] {virtualenv.py:178} INFO - Checking for running process with PID 2121
[2025-09-19T10:07:47.539+0000] {virtualenv.py:181} INFO - Process 2121 running: True and has the lock /tmp/cosmos_venv_ecom_intermediate/cosmos_virtualenv.lock.
[2025-09-19T10:07:47.540+0000] {virtualenv.py:122} INFO - Waiting for virtualenv lock to be released
[2025-09-19T10:07:48.542+0000] {virtualenv.py:178} INFO - Checking for running process with PID 2121
[2025-09-19T10:07:48.543+0000] {virtualenv.py:181} INFO - Process 2121 running: True and has the lock /tmp/cosmos_venv_ecom_intermediate/cosmos_virtualenv.lock.
[2025-09-19T10:07:48.544+0000] {virtualenv.py:122} INFO - Waiting for virtualenv lock to be released
[2025-09-19T10:07:49.546+0000] {virtualenv.py:178} INFO - Checking for running process with PID 2121
[2025-09-19T10:07:49.547+0000] {virtualenv.py:181} INFO - Process 2121 running: True and has the lock /tmp/cosmos_venv_ecom_intermediate/cosmos_virtualenv.lock.
[2025-09-19T10:07:49.547+0000] {virtualenv.py:122} INFO - Waiting for virtualenv lock to be released
[2025-09-19T10:07:50.548+0000] {virtualenv.py:178} INFO - Checking for running process with PID 2121
[2025-09-19T10:07:50.549+0000] {virtualenv.py:181} INFO - Process 2121 running: True and has the lock /tmp/cosmos_venv_ecom_intermediate/cosmos_virtualenv.lock.
[2025-09-19T10:07:50.550+0000] {virtualenv.py:122} INFO - Waiting for virtualenv lock to be released
[2025-09-19T10:07:51.552+0000] {virtualenv.py:178} INFO - Checking for running process with PID 2121
[2025-09-19T10:07:51.553+0000] {virtualenv.py:181} INFO - Process 2121 running: True and has the lock /tmp/cosmos_venv_ecom_intermediate/cosmos_virtualenv.lock.
[2025-09-19T10:07:51.553+0000] {virtualenv.py:122} INFO - Waiting for virtualenv lock to be released
[2025-09-19T10:07:52.555+0000] {virtualenv.py:178} INFO - Checking for running process with PID 2121
[2025-09-19T10:07:52.556+0000] {virtualenv.py:181} INFO - Process 2121 running: True and has the lock /tmp/cosmos_venv_ecom_intermediate/cosmos_virtualenv.lock.
[2025-09-19T10:07:52.557+0000] {virtualenv.py:122} INFO - Waiting for virtualenv lock to be released
[2025-09-19T10:07:53.558+0000] {virtualenv.py:178} INFO - Checking for running process with PID 2121
[2025-09-19T10:07:53.559+0000] {virtualenv.py:181} INFO - Process 2121 running: True and has the lock /tmp/cosmos_venv_ecom_intermediate/cosmos_virtualenv.lock.
[2025-09-19T10:07:53.560+0000] {virtualenv.py:122} INFO - Waiting for virtualenv lock to be released
[2025-09-19T10:07:54.560+0000] {virtualenv.py:178} INFO - Checking for running process with PID 2121
[2025-09-19T10:07:54.561+0000] {virtualenv.py:181} INFO - Process 2121 running: True and has the lock /tmp/cosmos_venv_ecom_intermediate/cosmos_virtualenv.lock.
[2025-09-19T10:07:54.562+0000] {virtualenv.py:122} INFO - Waiting for virtualenv lock to be released
[2025-09-19T10:07:55.563+0000] {virtualenv.py:126} INFO - Acquiring the virtualenv lock
[2025-09-19T10:07:55.565+0000] {virtualenv.py:195} INFO - Acquiring lock at /tmp/cosmos_venv_ecom_intermediate/cosmos_virtualenv.lock with pid 2119
[2025-09-19T10:07:55.566+0000] {virtualenv.py:153} INFO - Creating or updating the virtualenv at `/tmp/cosmos_venv_ecom_intermediate
[2025-09-19T10:07:55.567+0000] {process_utils.py:183} INFO - Executing cmd: /home/***/.local/bin/python -m virtualenv /tmp/cosmos_venv_ecom_intermediate --python=python3
[2025-09-19T10:07:55.568+0000] {process_utils.py:187} INFO - Output:
[2025-09-19T10:07:56.970+0000] {process_utils.py:191} INFO - created virtual environment CPython3.10.14.final.0-64 in 495ms
[2025-09-19T10:07:56.970+0000] {process_utils.py:191} INFO -   creator CPython3Posix(dest=/tmp/cosmos_venv_ecom_intermediate, clear=False, no_vcs_ignore=False, global=False)
[2025-09-19T10:07:56.971+0000] {process_utils.py:191} INFO -   seeder FromAppData(download=False, pip=bundle, setuptools=bundle, wheel=bundle, via=copy, app_data_dir=/home/***/.local/share/virtualenv)
[2025-09-19T10:07:56.973+0000] {process_utils.py:191} INFO -     added seed packages: MarkupSafe==3.0.2, PyYAML==6.0.2, agate==1.9.1, annotated_types==0.7.0, attrs==25.3.0, babel==2.17.0, certifi==2025.8.3, charset_normalizer==3.4.3, click==8.2.1, clickhouse_connect==0.8.18, clickhouse_driver==0.2.9, colorama==0.4.6, daff==1.4.2, dbt_adapters==1.16.7, dbt_clickhouse==1.9.3, dbt_common==1.30.0, dbt_core==1.10.11, dbt_extractor==0.6.0, dbt_protos==1.0.375, dbt_semantic_interfaces==0.9.0, deepdiff==8.6.1, idna==3.10, importlib_metadata==8.7.0, isodate==0.6.1, jinja2==3.1.6, jsonschema==4.25.1, jsonschema_specifications==2025.9.1, leather==0.4.0, lz4==4.4.4, mashumaro==3.14, more_itertools==10.8.0, msgpack==1.1.1, networkx==3.4.2, orderly_set==5.5.0, packaging==25.0, parsedatetime==2.6, pathspec==0.12.1, pip==25.2, protobuf==6.32.1, pydantic==2.11.8, pydantic_core==2.33.2, python_dateutil==2.9.0.post0, python_slugify==8.0.4, pytimeparse==1.1.8, pytz==2025.2, referencing==0.36.2, requests==2.32.5, rpds_py==0.27.1, setuptools==80.9.0, six==1.17.0, snowplow_tracker==1.1.0, sqlparse==0.5.3, text_unidecode==1.3, typing_extensions==4.15.0, typing_inspection==0.4.1, tzlocal==5.3.1, urllib3==2.5.0, wheel==0.45.1, zipp==3.23.0, zstandard==0.24.0
[2025-09-19T10:07:56.973+0000] {process_utils.py:191} INFO -   activators BashActivator,CShellActivator,FishActivator,NushellActivator,PowerShellActivator,PythonActivator
[2025-09-19T10:07:57.074+0000] {process_utils.py:183} INFO - Executing cmd: /tmp/cosmos_venv_ecom_intermediate/bin/pip install dbt-clickhouse
[2025-09-19T10:07:57.076+0000] {process_utils.py:187} INFO - Output:
[2025-09-19T10:07:58.499+0000] {process_utils.py:191} INFO - Requirement already satisfied: dbt-clickhouse in /tmp/cosmos_venv_ecom_intermediate/lib/python3.10/site-packages (1.9.3)
[2025-09-19T10:07:58.501+0000] {process_utils.py:191} INFO - Requirement already satisfied: dbt-core>=1.9 in /tmp/cosmos_venv_ecom_intermediate/lib/python3.10/site-packages (from dbt-clickhouse) (1.10.11)
[2025-09-19T10:07:58.502+0000] {process_utils.py:191} INFO - Requirement already satisfied: clickhouse-connect>=0.6.22 in /tmp/cosmos_venv_ecom_intermediate/lib/python3.10/site-packages (from dbt-clickhouse) (0.8.18)
[2025-09-19T10:07:58.503+0000] {process_utils.py:191} INFO - Requirement already satisfied: clickhouse-driver>=0.2.6 in /tmp/cosmos_venv_ecom_intermediate/lib/python3.10/site-packages (from dbt-clickhouse) (0.2.9)
[2025-09-19T10:07:58.503+0000] {process_utils.py:191} INFO - Requirement already satisfied: setuptools>=0.69 in /tmp/cosmos_venv_ecom_intermediate/lib/python3.10/site-packages (from dbt-clickhouse) (80.9.0)
[2025-09-19T10:07:58.506+0000] {process_utils.py:191} INFO - Requirement already satisfied: certifi in /tmp/cosmos_venv_ecom_intermediate/lib/python3.10/site-packages (from clickhouse-connect>=0.6.22->dbt-clickhouse) (2025.8.3)
[2025-09-19T10:07:58.507+0000] {process_utils.py:191} INFO - Requirement already satisfied: urllib3>=1.26 in /tmp/cosmos_venv_ecom_intermediate/lib/python3.10/site-packages (from clickhouse-connect>=0.6.22->dbt-clickhouse) (2.5.0)
[2025-09-19T10:07:58.507+0000] {process_utils.py:191} INFO - Requirement already satisfied: pytz in /tmp/cosmos_venv_ecom_intermediate/lib/python3.10/site-packages (from clickhouse-connect>=0.6.22->dbt-clickhouse) (2025.2)
[2025-09-19T10:07:58.508+0000] {process_utils.py:191} INFO - Requirement already satisfied: zstandard in /tmp/cosmos_venv_ecom_intermediate/lib/python3.10/site-packages (from clickhouse-connect>=0.6.22->dbt-clickhouse) (0.24.0)
[2025-09-19T10:07:58.508+0000] {process_utils.py:191} INFO - Requirement already satisfied: lz4 in /tmp/cosmos_venv_ecom_intermediate/lib/python3.10/site-packages (from clickhouse-connect>=0.6.22->dbt-clickhouse) (4.4.4)
[2025-09-19T10:07:58.511+0000] {process_utils.py:191} INFO - Requirement already satisfied: tzlocal in /tmp/cosmos_venv_ecom_intermediate/lib/python3.10/site-packages (from clickhouse-driver>=0.2.6->dbt-clickhouse) (5.3.1)
[2025-09-19T10:07:58.515+0000] {process_utils.py:191} INFO - Requirement already satisfied: agate<1.10,>=1.7.0 in /tmp/cosmos_venv_ecom_intermediate/lib/python3.10/site-packages (from dbt-core>=1.9->dbt-clickhouse) (1.9.1)
[2025-09-19T10:07:58.515+0000] {process_utils.py:191} INFO - Requirement already satisfied: Jinja2<4,>=3.1.3 in /tmp/cosmos_venv_ecom_intermediate/lib/python3.10/site-packages (from dbt-core>=1.9->dbt-clickhouse) (3.1.6)
[2025-09-19T10:07:58.517+0000] {process_utils.py:191} INFO - Requirement already satisfied: mashumaro<3.15,>=3.9 in /tmp/cosmos_venv_ecom_intermediate/lib/python3.10/site-packages (from mashumaro[msgpack]<3.15,>=3.9->dbt-core>=1.9->dbt-clickhouse) (3.14)
[2025-09-19T10:07:58.518+0000] {process_utils.py:191} INFO - Requirement already satisfied: click<9.0,>=8.0.2 in /tmp/cosmos_venv_ecom_intermediate/lib/python3.10/site-packages (from dbt-core>=1.9->dbt-clickhouse) (8.2.1)
[2025-09-19T10:07:58.518+0000] {process_utils.py:191} INFO - Requirement already satisfied: jsonschema<5.0,>=4.19.1 in /tmp/cosmos_venv_ecom_intermediate/lib/python3.10/site-packages (from dbt-core>=1.9->dbt-clickhouse) (4.25.1)
[2025-09-19T10:07:58.519+0000] {process_utils.py:191} INFO - Requirement already satisfied: networkx<4.0,>=2.3 in /tmp/cosmos_venv_ecom_intermediate/lib/python3.10/site-packages (from dbt-core>=1.9->dbt-clickhouse) (3.4.2)
[2025-09-19T10:07:58.520+0000] {process_utils.py:191} INFO - Requirement already satisfied: protobuf<7.0,>=6.0 in /tmp/cosmos_venv_ecom_intermediate/lib/python3.10/site-packages (from dbt-core>=1.9->dbt-clickhouse) (6.32.1)
[2025-09-19T10:07:58.520+0000] {process_utils.py:191} INFO - Requirement already satisfied: requests<3.0.0 in /tmp/cosmos_venv_ecom_intermediate/lib/python3.10/site-packages (from dbt-core>=1.9->dbt-clickhouse) (2.32.5)
[2025-09-19T10:07:58.521+0000] {process_utils.py:191} INFO - Requirement already satisfied: snowplow-tracker<2.0,>=1.0.2 in /tmp/cosmos_venv_ecom_intermediate/lib/python3.10/site-packages (from dbt-core>=1.9->dbt-clickhouse) (1.1.0)
[2025-09-19T10:07:58.522+0000] {process_utils.py:191} INFO - Requirement already satisfied: pathspec<0.13,>=0.9 in /tmp/cosmos_venv_ecom_intermediate/lib/python3.10/site-packages (from dbt-core>=1.9->dbt-clickhouse) (0.12.1)
[2025-09-19T10:07:58.523+0000] {process_utils.py:191} INFO - Requirement already satisfied: sqlparse<0.6.0,>=0.5.0 in /tmp/cosmos_venv_ecom_intermediate/lib/python3.10/site-packages (from dbt-core>=1.9->dbt-clickhouse) (0.5.3)
[2025-09-19T10:07:58.523+0000] {process_utils.py:191} INFO - Requirement already satisfied: dbt-extractor<=0.6,>=0.5.0 in /tmp/cosmos_venv_ecom_intermediate/lib/python3.10/site-packages (from dbt-core>=1.9->dbt-clickhouse) (0.6.0)
[2025-09-19T10:07:58.524+0000] {process_utils.py:191} INFO - Requirement already satisfied: dbt-semantic-interfaces<0.10,>=0.9.0 in /tmp/cosmos_venv_ecom_intermediate/lib/python3.10/site-packages (from dbt-core>=1.9->dbt-clickhouse) (0.9.0)
[2025-09-19T10:07:58.525+0000] {process_utils.py:191} INFO - Requirement already satisfied: dbt-common<2.0,>=1.27.0 in /tmp/cosmos_venv_ecom_intermediate/lib/python3.10/site-packages (from dbt-core>=1.9->dbt-clickhouse) (1.30.0)
[2025-09-19T10:07:58.526+0000] {process_utils.py:191} INFO - Requirement already satisfied: dbt-adapters<2.0,>=1.15.5 in /tmp/cosmos_venv_ecom_intermediate/lib/python3.10/site-packages (from dbt-core>=1.9->dbt-clickhouse) (1.16.7)
[2025-09-19T10:07:58.527+0000] {process_utils.py:191} INFO - Requirement already satisfied: dbt-protos<2.0,>=1.0.346 in /tmp/cosmos_venv_ecom_intermediate/lib/python3.10/site-packages (from dbt-core>=1.9->dbt-clickhouse) (1.0.375)
[2025-09-19T10:07:58.528+0000] {process_utils.py:191} INFO - Requirement already satisfied: pydantic<3 in /tmp/cosmos_venv_ecom_intermediate/lib/python3.10/site-packages (from dbt-core>=1.9->dbt-clickhouse) (2.11.8)
[2025-09-19T10:07:58.529+0000] {process_utils.py:191} INFO - Requirement already satisfied: packaging>20.9 in /tmp/cosmos_venv_ecom_intermediate/lib/python3.10/site-packages (from dbt-core>=1.9->dbt-clickhouse) (25.0)
[2025-09-19T10:07:58.530+0000] {process_utils.py:191} INFO - Requirement already satisfied: pyyaml>=6.0 in /tmp/cosmos_venv_ecom_intermediate/lib/python3.10/site-packages (from dbt-core>=1.9->dbt-clickhouse) (6.0.2)
[2025-09-19T10:07:58.531+0000] {process_utils.py:191} INFO - Requirement already satisfied: daff>=1.3.46 in /tmp/cosmos_venv_ecom_intermediate/lib/python3.10/site-packages (from dbt-core>=1.9->dbt-clickhouse) (1.4.2)
[2025-09-19T10:07:58.531+0000] {process_utils.py:191} INFO - Requirement already satisfied: typing-extensions>=4.4 in /tmp/cosmos_venv_ecom_intermediate/lib/python3.10/site-packages (from dbt-core>=1.9->dbt-clickhouse) (4.15.0)
[2025-09-19T10:07:58.535+0000] {process_utils.py:191} INFO - Requirement already satisfied: Babel>=2.0 in /tmp/cosmos_venv_ecom_intermediate/lib/python3.10/site-packages (from agate<1.10,>=1.7.0->dbt-core>=1.9->dbt-clickhouse) (2.17.0)
[2025-09-19T10:07:58.536+0000] {process_utils.py:191} INFO - Requirement already satisfied: isodate>=0.5.4 in /tmp/cosmos_venv_ecom_intermediate/lib/python3.10/site-packages (from agate<1.10,>=1.7.0->dbt-core>=1.9->dbt-clickhouse) (0.6.1)
[2025-09-19T10:07:58.537+0000] {process_utils.py:191} INFO - Requirement already satisfied: leather>=0.3.2 in /tmp/cosmos_venv_ecom_intermediate/lib/python3.10/site-packages (from agate<1.10,>=1.7.0->dbt-core>=1.9->dbt-clickhouse) (0.4.0)
[2025-09-19T10:07:58.538+0000] {process_utils.py:191} INFO - Requirement already satisfied: parsedatetime!=2.5,>=2.1 in /tmp/cosmos_venv_ecom_intermediate/lib/python3.10/site-packages (from agate<1.10,>=1.7.0->dbt-core>=1.9->dbt-clickhouse) (2.6)
[2025-09-19T10:07:58.539+0000] {process_utils.py:191} INFO - Requirement already satisfied: python-slugify>=1.2.1 in /tmp/cosmos_venv_ecom_intermediate/lib/python3.10/site-packages (from agate<1.10,>=1.7.0->dbt-core>=1.9->dbt-clickhouse) (8.0.4)
[2025-09-19T10:07:58.539+0000] {process_utils.py:191} INFO - Requirement already satisfied: pytimeparse>=1.1.5 in /tmp/cosmos_venv_ecom_intermediate/lib/python3.10/site-packages (from agate<1.10,>=1.7.0->dbt-core>=1.9->dbt-clickhouse) (1.1.8)
[2025-09-19T10:07:58.552+0000] {process_utils.py:191} INFO - Requirement already satisfied: colorama<0.5,>=0.3.9 in /tmp/cosmos_venv_ecom_intermediate/lib/python3.10/site-packages (from dbt-common<2.0,>=1.27.0->dbt-core>=1.9->dbt-clickhouse) (0.4.6)
[2025-09-19T10:07:58.553+0000] {process_utils.py:191} INFO - Requirement already satisfied: deepdiff<9.0,>=7.0 in /tmp/cosmos_venv_ecom_intermediate/lib/python3.10/site-packages (from dbt-common<2.0,>=1.27.0->dbt-core>=1.9->dbt-clickhouse) (8.6.1)
[2025-09-19T10:07:58.555+0000] {process_utils.py:191} INFO - Requirement already satisfied: python-dateutil<3.0,>=2.0 in /tmp/cosmos_venv_ecom_intermediate/lib/python3.10/site-packages (from dbt-common<2.0,>=1.27.0->dbt-core>=1.9->dbt-clickhouse) (2.9.0.post0)
[2025-09-19T10:07:58.560+0000] {process_utils.py:191} INFO - Requirement already satisfied: importlib-metadata<9,>=6.0 in /tmp/cosmos_venv_ecom_intermediate/lib/python3.10/site-packages (from dbt-semantic-interfaces<0.10,>=0.9.0->dbt-core>=1.9->dbt-clickhouse) (8.7.0)
[2025-09-19T10:07:58.562+0000] {process_utils.py:191} INFO - Requirement already satisfied: more-itertools<11.0,>=8.0 in /tmp/cosmos_venv_ecom_intermediate/lib/python3.10/site-packages (from dbt-semantic-interfaces<0.10,>=0.9.0->dbt-core>=1.9->dbt-clickhouse) (10.8.0)
[2025-09-19T10:07:58.571+0000] {process_utils.py:191} INFO - Requirement already satisfied: orderly-set<6,>=5.4.1 in /tmp/cosmos_venv_ecom_intermediate/lib/python3.10/site-packages (from deepdiff<9.0,>=7.0->dbt-common<2.0,>=1.27.0->dbt-core>=1.9->dbt-clickhouse) (5.5.0)
[2025-09-19T10:07:58.578+0000] {process_utils.py:191} INFO - Requirement already satisfied: zipp>=3.20 in /tmp/cosmos_venv_ecom_intermediate/lib/python3.10/site-packages (from importlib-metadata<9,>=6.0->dbt-semantic-interfaces<0.10,>=0.9.0->dbt-core>=1.9->dbt-clickhouse) (3.23.0)
[2025-09-19T10:07:58.580+0000] {process_utils.py:191} INFO - Requirement already satisfied: six in /tmp/cosmos_venv_ecom_intermediate/lib/python3.10/site-packages (from isodate>=0.5.4->agate<1.10,>=1.7.0->dbt-core>=1.9->dbt-clickhouse) (1.17.0)
[2025-09-19T10:07:58.583+0000] {process_utils.py:191} INFO - Requirement already satisfied: MarkupSafe>=2.0 in /tmp/cosmos_venv_ecom_intermediate/lib/python3.10/site-packages (from Jinja2<4,>=3.1.3->dbt-core>=1.9->dbt-clickhouse) (3.0.2)
[2025-09-19T10:07:58.587+0000] {process_utils.py:191} INFO - Requirement already satisfied: attrs>=22.2.0 in /tmp/cosmos_venv_ecom_intermediate/lib/python3.10/site-packages (from jsonschema<5.0,>=4.19.1->dbt-core>=1.9->dbt-clickhouse) (25.3.0)
[2025-09-19T10:07:58.588+0000] {process_utils.py:191} INFO - Requirement already satisfied: jsonschema-specifications>=2023.03.6 in /tmp/cosmos_venv_ecom_intermediate/lib/python3.10/site-packages (from jsonschema<5.0,>=4.19.1->dbt-core>=1.9->dbt-clickhouse) (2025.9.1)
[2025-09-19T10:07:58.589+0000] {process_utils.py:191} INFO - Requirement already satisfied: referencing>=0.28.4 in /tmp/cosmos_venv_ecom_intermediate/lib/python3.10/site-packages (from jsonschema<5.0,>=4.19.1->dbt-core>=1.9->dbt-clickhouse) (0.36.2)
[2025-09-19T10:07:58.590+0000] {process_utils.py:191} INFO - Requirement already satisfied: rpds-py>=0.7.1 in /tmp/cosmos_venv_ecom_intermediate/lib/python3.10/site-packages (from jsonschema<5.0,>=4.19.1->dbt-core>=1.9->dbt-clickhouse) (0.27.1)
[2025-09-19T10:07:58.599+0000] {process_utils.py:191} INFO - Requirement already satisfied: msgpack>=0.5.6 in /tmp/cosmos_venv_ecom_intermediate/lib/python3.10/site-packages (from mashumaro[msgpack]<3.15,>=3.9->dbt-core>=1.9->dbt-clickhouse) (1.1.1)
[2025-09-19T10:07:58.621+0000] {process_utils.py:191} INFO - Requirement already satisfied: annotated-types>=0.6.0 in /tmp/cosmos_venv_ecom_intermediate/lib/python3.10/site-packages (from pydantic<3->dbt-core>=1.9->dbt-clickhouse) (0.7.0)
[2025-09-19T10:07:58.622+0000] {process_utils.py:191} INFO - Requirement already satisfied: pydantic-core==2.33.2 in /tmp/cosmos_venv_ecom_intermediate/lib/python3.10/site-packages (from pydantic<3->dbt-core>=1.9->dbt-clickhouse) (2.33.2)
[2025-09-19T10:07:58.624+0000] {process_utils.py:191} INFO - Requirement already satisfied: typing-inspection>=0.4.0 in /tmp/cosmos_venv_ecom_intermediate/lib/python3.10/site-packages (from pydantic<3->dbt-core>=1.9->dbt-clickhouse) (0.4.1)
[2025-09-19T10:07:58.635+0000] {process_utils.py:191} INFO - Requirement already satisfied: charset_normalizer<4,>=2 in /tmp/cosmos_venv_ecom_intermediate/lib/python3.10/site-packages (from requests<3.0.0->dbt-core>=1.9->dbt-clickhouse) (3.4.3)
[2025-09-19T10:07:58.636+0000] {process_utils.py:191} INFO - Requirement already satisfied: idna<4,>=2.5 in /tmp/cosmos_venv_ecom_intermediate/lib/python3.10/site-packages (from requests<3.0.0->dbt-core>=1.9->dbt-clickhouse) (3.10)
[2025-09-19T10:07:58.677+0000] {process_utils.py:191} INFO - Requirement already satisfied: text-unidecode>=1.3 in /tmp/cosmos_venv_ecom_intermediate/lib/python3.10/site-packages (from python-slugify>=1.2.1->agate<1.10,>=1.7.0->dbt-core>=1.9->dbt-clickhouse) (1.3)
[2025-09-19T10:07:58.809+0000] {local.py:470} INFO - Cloning project to writable temp directory /tmp/tmp2upo08xk from /opt/airflow/dags/dbt/ecom_intermediate
[2025-09-19T10:07:58.828+0000] {local.py:490} INFO - Partial parse is enabled and the latest partial parse file is /tmp/cosmos/dbt_intermediate__intermediate/target/partial_parse.msgpack
[2025-09-19T10:07:58.838+0000] {config.py:362} INFO - Using user-supplied profiles.yml at /opt/airflow/dags/dbt/profiles.yml
[2025-09-19T10:07:58.851+0000] {virtualenv.py:99} INFO - Using Python binary from virtualenv: /tmp/cosmos_venv_ecom_intermediate/bin/python
[2025-09-19T10:07:58.852+0000] {local.py:434} INFO - Trying to run the command:
 ['/tmp/cosmos_venv_ecom_intermediate/bin/dbt', 'deps', '--project-dir', '/tmp/tmp2upo08xk', '--profiles-dir', '/opt/***/dags/dbt', '--profile', 'ecom_intermediate', '--target', 'dev']
From /tmp/tmp2upo08xk
[2025-09-19T10:07:58.853+0000] {subprocess.py:56} INFO - Tmp dir root location: 
 /tmp
[2025-09-19T10:07:58.853+0000] {subprocess.py:69} INFO - Running command: ['/tmp/cosmos_venv_ecom_intermediate/bin/dbt', 'deps', '--project-dir', '/tmp/tmp2upo08xk', '--profiles-dir', '/opt/***/dags/dbt', '--profile', 'ecom_intermediate', '--target', 'dev']
[2025-09-19T10:07:58.863+0000] {subprocess.py:80} INFO - Command output:
[2025-09-19T10:08:01.062+0000] {subprocess.py:90} INFO - [0m10:08:01  Running with dbt=1.10.11
[2025-09-19T10:08:01.753+0000] {subprocess.py:90} INFO - [0m10:08:01  Installing dbt-labs/dbt_utils
[2025-09-19T10:08:02.604+0000] {subprocess.py:90} INFO - [0m10:08:02  Installed from version 1.3.0
[2025-09-19T10:08:02.605+0000] {subprocess.py:90} INFO - [0m10:08:02  Updated version available: 1.3.1
[2025-09-19T10:08:02.605+0000] {subprocess.py:90} INFO - [0m10:08:02
[2025-09-19T10:08:02.606+0000] {subprocess.py:90} INFO - [0m10:08:02  Updates available for packages: ['dbt-labs/dbt_utils']
[2025-09-19T10:08:02.607+0000] {subprocess.py:90} INFO - Update your versions in packages.yml, then run dbt deps
[2025-09-19T10:08:04.348+0000] {subprocess.py:94} INFO - Command exited with return code 0
[2025-09-19T10:08:04.348+0000] {local.py:441} INFO - Update your versions in packages.yml, then run dbt deps
[2025-09-19T10:08:04.349+0000] {virtualenv.py:99} INFO - Using Python binary from virtualenv: /tmp/cosmos_venv_ecom_intermediate/bin/python
[2025-09-19T10:08:04.350+0000] {local.py:434} INFO - Trying to run the command:
 ['/tmp/cosmos_venv_ecom_intermediate/bin/dbt', 'run', '--models', 'marital_statuses', '--project-dir', '/tmp/tmp2upo08xk', '--profiles-dir', '/opt/***/dags/dbt', '--profile', 'ecom_intermediate', '--target', 'dev']
From /tmp/tmp2upo08xk
[2025-09-19T10:08:04.350+0000] {subprocess.py:56} INFO - Tmp dir root location: 
 /tmp
[2025-09-19T10:08:04.351+0000] {subprocess.py:69} INFO - Running command: ['/tmp/cosmos_venv_ecom_intermediate/bin/dbt', 'run', '--models', 'marital_statuses', '--project-dir', '/tmp/tmp2upo08xk', '--profiles-dir', '/opt/***/dags/dbt', '--profile', 'ecom_intermediate', '--target', 'dev']
[2025-09-19T10:08:04.361+0000] {subprocess.py:80} INFO - Command output:
[2025-09-19T10:08:06.652+0000] {subprocess.py:90} INFO - [0m10:08:06  Running with dbt=1.10.11
[2025-09-19T10:08:06.655+0000] {subprocess.py:90} INFO - [0m10:08:06  [[33mWARNING[0m]: Deprecated functionality
[2025-09-19T10:08:06.656+0000] {subprocess.py:90} INFO - Usage of `--models`, `--model`, and `-m` is deprecated in favor of `--select` or
[2025-09-19T10:08:06.657+0000] {subprocess.py:90} INFO - `-s`.
[2025-09-19T10:08:07.014+0000] {subprocess.py:90} INFO - [0m10:08:07  Registered adapter: clickhouse=1.9.3
[2025-09-19T10:08:07.771+0000] {subprocess.py:90} INFO - [0m10:08:07  Found 15 models, 50 data tests, 8 sources, 597 macros
[2025-09-19T10:08:07.773+0000] {subprocess.py:90} INFO - [0m10:08:07
[2025-09-19T10:08:07.774+0000] {subprocess.py:90} INFO - [0m10:08:07  Concurrency: 4 threads (target='dev')
[2025-09-19T10:08:07.775+0000] {subprocess.py:90} INFO - [0m10:08:07
[2025-09-19T10:08:07.912+0000] {subprocess.py:90} INFO - [0m10:08:07  1 of 1 START sql table model `ecom_db_intermediate`.`marital_statuses` ......... [RUN]
[2025-09-19T10:08:08.088+0000] {subprocess.py:90} INFO - [0m10:08:08  1 of 1 OK created sql table model `ecom_db_intermediate`.`marital_statuses` .... [[32mOK[0m in 0.17s]
[2025-09-19T10:08:08.093+0000] {subprocess.py:90} INFO - [0m10:08:08
[2025-09-19T10:08:08.094+0000] {subprocess.py:90} INFO - [0m10:08:08  Finished running 1 table model in 0 hours 0 minutes and 0.32 seconds (0.32s).
[2025-09-19T10:08:08.162+0000] {subprocess.py:90} INFO - [0m10:08:08
[2025-09-19T10:08:08.162+0000] {subprocess.py:90} INFO - [0m10:08:08  [32mCompleted successfully[0m
[2025-09-19T10:08:08.163+0000] {subprocess.py:90} INFO - [0m10:08:08
[2025-09-19T10:08:08.164+0000] {subprocess.py:90} INFO - [0m10:08:08  Done. PASS=1 WARN=0 ERROR=0 SKIP=0 NO-OP=0 TOTAL=1
[2025-09-19T10:08:08.164+0000] {subprocess.py:90} INFO - [0m10:08:08  [[33mWARNING[0m][DeprecationsSummary]: Deprecated functionality
[2025-09-19T10:08:08.165+0000] {subprocess.py:90} INFO - Summary of encountered deprecations:
[2025-09-19T10:08:08.166+0000] {subprocess.py:90} INFO - - ModelParamUsageDeprecation: 1 occurrence
[2025-09-19T10:08:08.166+0000] {subprocess.py:90} INFO - To see all deprecation instances instead of just the first occurrence of each,
[2025-09-19T10:08:08.167+0000] {subprocess.py:90} INFO - run command again with the `--show-all-deprecations` flag. You may also need to
[2025-09-19T10:08:08.169+0000] {subprocess.py:90} INFO - run with `--no-partial-parse` as some deprecations are only encountered during
[2025-09-19T10:08:08.169+0000] {subprocess.py:90} INFO - parsing.
[2025-09-19T10:08:09.806+0000] {subprocess.py:94} INFO - Command exited with return code 0
[2025-09-19T10:08:09.807+0000] {local.py:441} INFO - parsing.
[2025-09-19T10:08:09.823+0000] {local.py:196} WARNING - Artifact schema version: https://schemas.getdbt.com/dbt/manifest/v12.json is above dbt-ol supported version 7. This might cause errors.
[2025-09-19T10:08:09.824+0000] {local.py:196} WARNING - Artifact schema version: https://schemas.getdbt.com/dbt/run-results/v6.json is above dbt-ol supported version 5. This might cause errors.
[2025-09-19T10:08:09.832+0000] {local.py:547} INFO - Inlets: []
[2025-09-19T10:08:09.833+0000] {local.py:548} INFO - Outlets: []
[2025-09-19T10:08:09.834+0000] {local.py:772} INFO - Assigning inlets/outlets without DatasetAlias
[2025-09-19T10:08:09.835+0000] {dag.py:3089} INFO - Sync 1 DAGs
[2025-09-19T10:08:10.008+0000] {virtualenv.py:131} INFO - Releasing virtualenv lock
[2025-09-19T10:08:10.009+0000] {virtualenv.py:210} WARNING - Lockfile owned by process of pid 2117, while operator has pid 2119
[2025-09-19T10:08:10.010+0000] {virtualenv.py:145} INFO - None
[2025-09-19T10:08:10.010+0000] {taskinstance.py:441} INFO - ::group::Post task execution logs
[2025-09-19T10:08:10.062+0000] {taskinstance.py:1206} INFO - Marking task as SUCCESS. dag_id=dbt_intermediate, task_id=intermediate.marital_statuses.run, run_id=manual__2025-09-19T10:07:12.196360+00:00, execution_date=20250919T100712, start_date=20250919T100723, end_date=20250919T100810
[2025-09-19T10:08:10.124+0000] {local_task_job_runner.py:243} INFO - Task exited with return code 0
[2025-09-19T10:08:10.205+0000] {taskinstance.py:3503} INFO - 0 downstream tasks scheduled from follow-on schedule check
[2025-09-19T10:08:10.208+0000] {local_task_job_runner.py:222} INFO - ::endgroup::
