[2025-09-19T10:04:51.566+0000] {local_task_job_runner.py:120} INFO - ::group::Pre task execution logs
[2025-09-19T10:04:52.167+0000] {taskinstance.py:2076} INFO - Dependencies all met for dep_context=non-requeueable deps ti=<TaskInstance: dbt_intermediate.intermediate.subcategories_enriched.run manual__2025-09-19T10:00:34.117962+00:00 [queued]>
[2025-09-19T10:04:52.203+0000] {taskinstance.py:2076} INFO - Dependencies all met for dep_context=requeueable deps ti=<TaskInstance: dbt_intermediate.intermediate.subcategories_enriched.run manual__2025-09-19T10:00:34.117962+00:00 [queued]>
[2025-09-19T10:04:52.217+0000] {taskinstance.py:2306} INFO - Starting attempt 1 of 1
[2025-09-19T10:04:52.321+0000] {taskinstance.py:2330} INFO - Executing <Task(DbtRunVirtualenvOperator): intermediate.subcategories_enriched.run> on 2025-09-19 10:00:34.117962+00:00
[2025-09-19T10:04:52.339+0000] {standard_task_runner.py:64} INFO - Started process 1515 to run task
[2025-09-19T10:04:52.350+0000] {standard_task_runner.py:90} INFO - Running: ['***', 'tasks', 'run', 'dbt_intermediate', 'intermediate.subcategories_enriched.run', 'manual__2025-09-19T10:00:34.117962+00:00', '--job-id', '533', '--raw', '--subdir', 'DAGS_FOLDER/dbt_intermediate.py', '--cfg-path', '/tmp/tmpmjlr7ami']
[2025-09-19T10:04:52.363+0000] {standard_task_runner.py:91} INFO - Job 533: Subtask intermediate.subcategories_enriched.run
[2025-09-19T10:04:52.906+0000] {task_command.py:426} INFO - Running <TaskInstance: dbt_intermediate.intermediate.subcategories_enriched.run manual__2025-09-19T10:00:34.117962+00:00 [running]> on host e95bde6b8d07
[2025-09-19T10:04:53.677+0000] {taskinstance.py:2648} INFO - Exporting env vars: AIRFLOW_CTX_DAG_OWNER='***' AIRFLOW_CTX_DAG_ID='dbt_intermediate' AIRFLOW_CTX_TASK_ID='intermediate.subcategories_enriched.run' AIRFLOW_CTX_EXECUTION_DATE='2025-09-19T10:00:34.117962+00:00' AIRFLOW_CTX_TRY_NUMBER='1' AIRFLOW_CTX_DAG_RUN_ID='manual__2025-09-19T10:00:34.117962+00:00'
[2025-09-19T10:04:53.682+0000] {taskinstance.py:430} INFO - ::endgroup::
[2025-09-19T10:04:53.710+0000] {virtualenv.py:120} INFO - Checking if the virtualenv lock /tmp/cosmos_venv_ecom_intermediate/cosmos_virtualenv.lock exists
[2025-09-19T10:04:53.711+0000] {virtualenv.py:178} INFO - Checking for running process with PID 1514
[2025-09-19T10:04:53.714+0000] {virtualenv.py:181} INFO - Process 1514 running: True and has the lock /tmp/cosmos_venv_ecom_intermediate/cosmos_virtualenv.lock.
[2025-09-19T10:04:53.716+0000] {virtualenv.py:122} INFO - Waiting for virtualenv lock to be released
[2025-09-19T10:04:54.719+0000] {virtualenv.py:178} INFO - Checking for running process with PID 1514
[2025-09-19T10:04:54.720+0000] {virtualenv.py:181} INFO - Process 1514 running: True and has the lock /tmp/cosmos_venv_ecom_intermediate/cosmos_virtualenv.lock.
[2025-09-19T10:04:54.720+0000] {virtualenv.py:122} INFO - Waiting for virtualenv lock to be released
[2025-09-19T10:04:55.722+0000] {virtualenv.py:178} INFO - Checking for running process with PID 1514
[2025-09-19T10:04:55.723+0000] {virtualenv.py:181} INFO - Process 1514 running: True and has the lock /tmp/cosmos_venv_ecom_intermediate/cosmos_virtualenv.lock.
[2025-09-19T10:04:55.724+0000] {virtualenv.py:122} INFO - Waiting for virtualenv lock to be released
[2025-09-19T10:04:56.725+0000] {virtualenv.py:178} INFO - Checking for running process with PID 1514
[2025-09-19T10:04:56.726+0000] {virtualenv.py:181} INFO - Process 1514 running: True and has the lock /tmp/cosmos_venv_ecom_intermediate/cosmos_virtualenv.lock.
[2025-09-19T10:04:56.726+0000] {virtualenv.py:122} INFO - Waiting for virtualenv lock to be released
[2025-09-19T10:04:57.728+0000] {virtualenv.py:178} INFO - Checking for running process with PID 1514
[2025-09-19T10:04:57.729+0000] {virtualenv.py:181} INFO - Process 1514 running: True and has the lock /tmp/cosmos_venv_ecom_intermediate/cosmos_virtualenv.lock.
[2025-09-19T10:04:57.729+0000] {virtualenv.py:122} INFO - Waiting for virtualenv lock to be released
[2025-09-19T10:04:58.731+0000] {virtualenv.py:178} INFO - Checking for running process with PID 1514
[2025-09-19T10:04:58.732+0000] {virtualenv.py:181} INFO - Process 1514 running: True and has the lock /tmp/cosmos_venv_ecom_intermediate/cosmos_virtualenv.lock.
[2025-09-19T10:04:58.732+0000] {virtualenv.py:122} INFO - Waiting for virtualenv lock to be released
[2025-09-19T10:04:59.733+0000] {virtualenv.py:178} INFO - Checking for running process with PID 1514
[2025-09-19T10:04:59.734+0000] {virtualenv.py:181} INFO - Process 1514 running: True and has the lock /tmp/cosmos_venv_ecom_intermediate/cosmos_virtualenv.lock.
[2025-09-19T10:04:59.734+0000] {virtualenv.py:122} INFO - Waiting for virtualenv lock to be released
[2025-09-19T10:05:00.736+0000] {virtualenv.py:178} INFO - Checking for running process with PID 1514
[2025-09-19T10:05:00.737+0000] {virtualenv.py:181} INFO - Process 1514 running: True and has the lock /tmp/cosmos_venv_ecom_intermediate/cosmos_virtualenv.lock.
[2025-09-19T10:05:00.738+0000] {virtualenv.py:122} INFO - Waiting for virtualenv lock to be released
[2025-09-19T10:05:01.739+0000] {virtualenv.py:178} INFO - Checking for running process with PID 1514
[2025-09-19T10:05:01.740+0000] {virtualenv.py:181} INFO - Process 1514 running: True and has the lock /tmp/cosmos_venv_ecom_intermediate/cosmos_virtualenv.lock.
[2025-09-19T10:05:01.741+0000] {virtualenv.py:122} INFO - Waiting for virtualenv lock to be released
[2025-09-19T10:05:02.742+0000] {virtualenv.py:178} INFO - Checking for running process with PID 1514
[2025-09-19T10:05:02.744+0000] {virtualenv.py:181} INFO - Process 1514 running: True and has the lock /tmp/cosmos_venv_ecom_intermediate/cosmos_virtualenv.lock.
[2025-09-19T10:05:02.744+0000] {virtualenv.py:122} INFO - Waiting for virtualenv lock to be released
[2025-09-19T10:05:03.748+0000] {virtualenv.py:178} INFO - Checking for running process with PID 1514
[2025-09-19T10:05:03.749+0000] {virtualenv.py:181} INFO - Process 1514 running: True and has the lock /tmp/cosmos_venv_ecom_intermediate/cosmos_virtualenv.lock.
[2025-09-19T10:05:03.749+0000] {virtualenv.py:122} INFO - Waiting for virtualenv lock to be released
[2025-09-19T10:05:04.750+0000] {virtualenv.py:178} INFO - Checking for running process with PID 1514
[2025-09-19T10:05:04.751+0000] {virtualenv.py:181} INFO - Process 1514 running: True and has the lock /tmp/cosmos_venv_ecom_intermediate/cosmos_virtualenv.lock.
[2025-09-19T10:05:04.751+0000] {virtualenv.py:122} INFO - Waiting for virtualenv lock to be released
[2025-09-19T10:05:05.753+0000] {virtualenv.py:178} INFO - Checking for running process with PID 1514
[2025-09-19T10:05:05.754+0000] {virtualenv.py:181} INFO - Process 1514 running: True and has the lock /tmp/cosmos_venv_ecom_intermediate/cosmos_virtualenv.lock.
[2025-09-19T10:05:05.754+0000] {virtualenv.py:122} INFO - Waiting for virtualenv lock to be released
[2025-09-19T10:05:06.756+0000] {virtualenv.py:178} INFO - Checking for running process with PID 1514
[2025-09-19T10:05:06.756+0000] {virtualenv.py:181} INFO - Process 1514 running: True and has the lock /tmp/cosmos_venv_ecom_intermediate/cosmos_virtualenv.lock.
[2025-09-19T10:05:06.757+0000] {virtualenv.py:122} INFO - Waiting for virtualenv lock to be released
[2025-09-19T10:05:07.758+0000] {virtualenv.py:178} INFO - Checking for running process with PID 1514
[2025-09-19T10:05:07.759+0000] {virtualenv.py:181} INFO - Process 1514 running: True and has the lock /tmp/cosmos_venv_ecom_intermediate/cosmos_virtualenv.lock.
[2025-09-19T10:05:07.760+0000] {virtualenv.py:122} INFO - Waiting for virtualenv lock to be released
[2025-09-19T10:05:08.761+0000] {virtualenv.py:178} INFO - Checking for running process with PID 1514
[2025-09-19T10:05:08.762+0000] {virtualenv.py:181} INFO - Process 1514 running: True and has the lock /tmp/cosmos_venv_ecom_intermediate/cosmos_virtualenv.lock.
[2025-09-19T10:05:08.763+0000] {virtualenv.py:122} INFO - Waiting for virtualenv lock to be released
[2025-09-19T10:05:09.765+0000] {virtualenv.py:178} INFO - Checking for running process with PID 1523
[2025-09-19T10:05:09.766+0000] {virtualenv.py:181} INFO - Process 1523 running: True and has the lock /tmp/cosmos_venv_ecom_intermediate/cosmos_virtualenv.lock.
[2025-09-19T10:05:09.767+0000] {virtualenv.py:122} INFO - Waiting for virtualenv lock to be released
[2025-09-19T10:05:10.768+0000] {virtualenv.py:178} INFO - Checking for running process with PID 1523
[2025-09-19T10:05:10.769+0000] {virtualenv.py:181} INFO - Process 1523 running: True and has the lock /tmp/cosmos_venv_ecom_intermediate/cosmos_virtualenv.lock.
[2025-09-19T10:05:10.769+0000] {virtualenv.py:122} INFO - Waiting for virtualenv lock to be released
[2025-09-19T10:05:11.770+0000] {virtualenv.py:178} INFO - Checking for running process with PID 1523
[2025-09-19T10:05:11.771+0000] {virtualenv.py:181} INFO - Process 1523 running: True and has the lock /tmp/cosmos_venv_ecom_intermediate/cosmos_virtualenv.lock.
[2025-09-19T10:05:11.771+0000] {virtualenv.py:122} INFO - Waiting for virtualenv lock to be released
[2025-09-19T10:05:12.772+0000] {virtualenv.py:178} INFO - Checking for running process with PID 1523
[2025-09-19T10:05:12.773+0000] {virtualenv.py:181} INFO - Process 1523 running: True and has the lock /tmp/cosmos_venv_ecom_intermediate/cosmos_virtualenv.lock.
[2025-09-19T10:05:12.773+0000] {virtualenv.py:122} INFO - Waiting for virtualenv lock to be released
[2025-09-19T10:05:13.776+0000] {virtualenv.py:178} INFO - Checking for running process with PID 1523
[2025-09-19T10:05:13.777+0000] {virtualenv.py:181} INFO - Process 1523 running: True and has the lock /tmp/cosmos_venv_ecom_intermediate/cosmos_virtualenv.lock.
[2025-09-19T10:05:13.777+0000] {virtualenv.py:122} INFO - Waiting for virtualenv lock to be released
[2025-09-19T10:05:14.779+0000] {virtualenv.py:178} INFO - Checking for running process with PID 1523
[2025-09-19T10:05:14.780+0000] {virtualenv.py:181} INFO - Process 1523 running: True and has the lock /tmp/cosmos_venv_ecom_intermediate/cosmos_virtualenv.lock.
[2025-09-19T10:05:14.781+0000] {virtualenv.py:122} INFO - Waiting for virtualenv lock to be released
[2025-09-19T10:05:15.783+0000] {virtualenv.py:178} INFO - Checking for running process with PID 1523
[2025-09-19T10:05:15.784+0000] {virtualenv.py:181} INFO - Process 1523 running: True and has the lock /tmp/cosmos_venv_ecom_intermediate/cosmos_virtualenv.lock.
[2025-09-19T10:05:15.785+0000] {virtualenv.py:122} INFO - Waiting for virtualenv lock to be released
[2025-09-19T10:05:16.788+0000] {virtualenv.py:178} INFO - Checking for running process with PID 1523
[2025-09-19T10:05:16.789+0000] {virtualenv.py:181} INFO - Process 1523 running: True and has the lock /tmp/cosmos_venv_ecom_intermediate/cosmos_virtualenv.lock.
[2025-09-19T10:05:16.790+0000] {virtualenv.py:122} INFO - Waiting for virtualenv lock to be released
[2025-09-19T10:05:17.791+0000] {virtualenv.py:178} INFO - Checking for running process with PID 1523
[2025-09-19T10:05:17.792+0000] {virtualenv.py:181} INFO - Process 1523 running: True and has the lock /tmp/cosmos_venv_ecom_intermediate/cosmos_virtualenv.lock.
[2025-09-19T10:05:17.793+0000] {virtualenv.py:122} INFO - Waiting for virtualenv lock to be released
[2025-09-19T10:05:18.794+0000] {virtualenv.py:178} INFO - Checking for running process with PID 1523
[2025-09-19T10:05:18.795+0000] {virtualenv.py:181} INFO - Process 1523 running: True and has the lock /tmp/cosmos_venv_ecom_intermediate/cosmos_virtualenv.lock.
[2025-09-19T10:05:18.796+0000] {virtualenv.py:122} INFO - Waiting for virtualenv lock to be released
[2025-09-19T10:05:19.798+0000] {virtualenv.py:178} INFO - Checking for running process with PID 1523
[2025-09-19T10:05:19.799+0000] {virtualenv.py:181} INFO - Process 1523 running: True and has the lock /tmp/cosmos_venv_ecom_intermediate/cosmos_virtualenv.lock.
[2025-09-19T10:05:19.800+0000] {virtualenv.py:122} INFO - Waiting for virtualenv lock to be released
[2025-09-19T10:05:20.801+0000] {virtualenv.py:178} INFO - Checking for running process with PID 1523
[2025-09-19T10:05:20.802+0000] {virtualenv.py:181} INFO - Process 1523 running: True and has the lock /tmp/cosmos_venv_ecom_intermediate/cosmos_virtualenv.lock.
[2025-09-19T10:05:20.803+0000] {virtualenv.py:122} INFO - Waiting for virtualenv lock to be released
[2025-09-19T10:05:21.804+0000] {virtualenv.py:178} INFO - Checking for running process with PID 1523
[2025-09-19T10:05:21.805+0000] {virtualenv.py:181} INFO - Process 1523 running: True and has the lock /tmp/cosmos_venv_ecom_intermediate/cosmos_virtualenv.lock.
[2025-09-19T10:05:21.806+0000] {virtualenv.py:122} INFO - Waiting for virtualenv lock to be released
[2025-09-19T10:05:22.808+0000] {virtualenv.py:178} INFO - Checking for running process with PID 1523
[2025-09-19T10:05:22.809+0000] {virtualenv.py:181} INFO - Process 1523 running: True and has the lock /tmp/cosmos_venv_ecom_intermediate/cosmos_virtualenv.lock.
[2025-09-19T10:05:22.809+0000] {virtualenv.py:122} INFO - Waiting for virtualenv lock to be released
[2025-09-19T10:05:23.811+0000] {virtualenv.py:178} INFO - Checking for running process with PID 1516
[2025-09-19T10:05:23.812+0000] {virtualenv.py:181} INFO - Process 1516 running: True and has the lock /tmp/cosmos_venv_ecom_intermediate/cosmos_virtualenv.lock.
[2025-09-19T10:05:23.812+0000] {virtualenv.py:122} INFO - Waiting for virtualenv lock to be released
[2025-09-19T10:05:24.814+0000] {virtualenv.py:178} INFO - Checking for running process with PID 1516
[2025-09-19T10:05:24.815+0000] {virtualenv.py:181} INFO - Process 1516 running: True and has the lock /tmp/cosmos_venv_ecom_intermediate/cosmos_virtualenv.lock.
[2025-09-19T10:05:24.815+0000] {virtualenv.py:122} INFO - Waiting for virtualenv lock to be released
[2025-09-19T10:05:25.817+0000] {virtualenv.py:178} INFO - Checking for running process with PID 1516
[2025-09-19T10:05:25.818+0000] {virtualenv.py:181} INFO - Process 1516 running: True and has the lock /tmp/cosmos_venv_ecom_intermediate/cosmos_virtualenv.lock.
[2025-09-19T10:05:25.819+0000] {virtualenv.py:122} INFO - Waiting for virtualenv lock to be released
[2025-09-19T10:05:26.820+0000] {virtualenv.py:178} INFO - Checking for running process with PID 1516
[2025-09-19T10:05:26.821+0000] {virtualenv.py:181} INFO - Process 1516 running: True and has the lock /tmp/cosmos_venv_ecom_intermediate/cosmos_virtualenv.lock.
[2025-09-19T10:05:26.821+0000] {virtualenv.py:122} INFO - Waiting for virtualenv lock to be released
[2025-09-19T10:05:27.823+0000] {virtualenv.py:178} INFO - Checking for running process with PID 1516
[2025-09-19T10:05:27.824+0000] {virtualenv.py:181} INFO - Process 1516 running: True and has the lock /tmp/cosmos_venv_ecom_intermediate/cosmos_virtualenv.lock.
[2025-09-19T10:05:27.824+0000] {virtualenv.py:122} INFO - Waiting for virtualenv lock to be released
[2025-09-19T10:05:28.827+0000] {virtualenv.py:178} INFO - Checking for running process with PID 1516
[2025-09-19T10:05:28.828+0000] {virtualenv.py:181} INFO - Process 1516 running: True and has the lock /tmp/cosmos_venv_ecom_intermediate/cosmos_virtualenv.lock.
[2025-09-19T10:05:28.829+0000] {virtualenv.py:122} INFO - Waiting for virtualenv lock to be released
[2025-09-19T10:05:29.831+0000] {virtualenv.py:178} INFO - Checking for running process with PID 1516
[2025-09-19T10:05:29.832+0000] {virtualenv.py:181} INFO - Process 1516 running: True and has the lock /tmp/cosmos_venv_ecom_intermediate/cosmos_virtualenv.lock.
[2025-09-19T10:05:29.833+0000] {virtualenv.py:122} INFO - Waiting for virtualenv lock to be released
[2025-09-19T10:05:30.835+0000] {virtualenv.py:178} INFO - Checking for running process with PID 1516
[2025-09-19T10:05:30.836+0000] {virtualenv.py:181} INFO - Process 1516 running: True and has the lock /tmp/cosmos_venv_ecom_intermediate/cosmos_virtualenv.lock.
[2025-09-19T10:05:30.836+0000] {virtualenv.py:122} INFO - Waiting for virtualenv lock to be released
[2025-09-19T10:05:31.838+0000] {virtualenv.py:178} INFO - Checking for running process with PID 1516
[2025-09-19T10:05:31.840+0000] {virtualenv.py:181} INFO - Process 1516 running: True and has the lock /tmp/cosmos_venv_ecom_intermediate/cosmos_virtualenv.lock.
[2025-09-19T10:05:31.840+0000] {virtualenv.py:122} INFO - Waiting for virtualenv lock to be released
[2025-09-19T10:05:32.843+0000] {virtualenv.py:178} INFO - Checking for running process with PID 1516
[2025-09-19T10:05:32.844+0000] {virtualenv.py:181} INFO - Process 1516 running: True and has the lock /tmp/cosmos_venv_ecom_intermediate/cosmos_virtualenv.lock.
[2025-09-19T10:05:32.845+0000] {virtualenv.py:122} INFO - Waiting for virtualenv lock to be released
[2025-09-19T10:05:33.844+0000] {virtualenv.py:178} INFO - Checking for running process with PID 1516
[2025-09-19T10:05:33.857+0000] {virtualenv.py:181} INFO - Process 1516 running: True and has the lock /tmp/cosmos_venv_ecom_intermediate/cosmos_virtualenv.lock.
[2025-09-19T10:05:33.864+0000] {virtualenv.py:122} INFO - Waiting for virtualenv lock to be released
[2025-09-19T10:05:34.870+0000] {virtualenv.py:178} INFO - Checking for running process with PID 1516
[2025-09-19T10:05:34.870+0000] {virtualenv.py:181} INFO - Process 1516 running: True and has the lock /tmp/cosmos_venv_ecom_intermediate/cosmos_virtualenv.lock.
[2025-09-19T10:05:34.871+0000] {virtualenv.py:122} INFO - Waiting for virtualenv lock to be released
[2025-09-19T10:05:35.873+0000] {virtualenv.py:178} INFO - Checking for running process with PID 1516
[2025-09-19T10:05:35.874+0000] {virtualenv.py:181} INFO - Process 1516 running: True and has the lock /tmp/cosmos_venv_ecom_intermediate/cosmos_virtualenv.lock.
[2025-09-19T10:05:35.874+0000] {virtualenv.py:122} INFO - Waiting for virtualenv lock to be released
[2025-09-19T10:05:36.882+0000] {virtualenv.py:178} INFO - Checking for running process with PID 1516
[2025-09-19T10:05:36.883+0000] {virtualenv.py:181} INFO - Process 1516 running: True and has the lock /tmp/cosmos_venv_ecom_intermediate/cosmos_virtualenv.lock.
[2025-09-19T10:05:36.883+0000] {virtualenv.py:122} INFO - Waiting for virtualenv lock to be released
[2025-09-19T10:05:37.885+0000] {virtualenv.py:178} INFO - Checking for running process with PID 1516
[2025-09-19T10:05:37.886+0000] {virtualenv.py:181} INFO - Process 1516 running: True and has the lock /tmp/cosmos_venv_ecom_intermediate/cosmos_virtualenv.lock.
[2025-09-19T10:05:37.887+0000] {virtualenv.py:122} INFO - Waiting for virtualenv lock to be released
[2025-09-19T10:05:38.888+0000] {virtualenv.py:178} INFO - Checking for running process with PID 1516
[2025-09-19T10:05:38.888+0000] {virtualenv.py:181} INFO - Process 1516 running: True and has the lock /tmp/cosmos_venv_ecom_intermediate/cosmos_virtualenv.lock.
[2025-09-19T10:05:38.889+0000] {virtualenv.py:122} INFO - Waiting for virtualenv lock to be released
[2025-09-19T10:05:39.890+0000] {virtualenv.py:178} INFO - Checking for running process with PID 1516
[2025-09-19T10:05:39.891+0000] {virtualenv.py:181} INFO - Process 1516 running: True and has the lock /tmp/cosmos_venv_ecom_intermediate/cosmos_virtualenv.lock.
[2025-09-19T10:05:39.891+0000] {virtualenv.py:122} INFO - Waiting for virtualenv lock to be released
[2025-09-19T10:05:40.893+0000] {virtualenv.py:178} INFO - Checking for running process with PID 1521
[2025-09-19T10:05:40.894+0000] {virtualenv.py:181} INFO - Process 1521 running: True and has the lock /tmp/cosmos_venv_ecom_intermediate/cosmos_virtualenv.lock.
[2025-09-19T10:05:40.895+0000] {virtualenv.py:122} INFO - Waiting for virtualenv lock to be released
[2025-09-19T10:05:41.897+0000] {virtualenv.py:178} INFO - Checking for running process with PID 1521
[2025-09-19T10:05:41.898+0000] {virtualenv.py:181} INFO - Process 1521 running: True and has the lock /tmp/cosmos_venv_ecom_intermediate/cosmos_virtualenv.lock.
[2025-09-19T10:05:41.898+0000] {virtualenv.py:122} INFO - Waiting for virtualenv lock to be released
[2025-09-19T10:05:42.900+0000] {virtualenv.py:178} INFO - Checking for running process with PID 1521
[2025-09-19T10:05:42.901+0000] {virtualenv.py:181} INFO - Process 1521 running: True and has the lock /tmp/cosmos_venv_ecom_intermediate/cosmos_virtualenv.lock.
[2025-09-19T10:05:42.902+0000] {virtualenv.py:122} INFO - Waiting for virtualenv lock to be released
[2025-09-19T10:05:43.904+0000] {virtualenv.py:178} INFO - Checking for running process with PID 1521
[2025-09-19T10:05:43.905+0000] {virtualenv.py:181} INFO - Process 1521 running: True and has the lock /tmp/cosmos_venv_ecom_intermediate/cosmos_virtualenv.lock.
[2025-09-19T10:05:43.905+0000] {virtualenv.py:122} INFO - Waiting for virtualenv lock to be released
[2025-09-19T10:05:44.906+0000] {virtualenv.py:178} INFO - Checking for running process with PID 1521
[2025-09-19T10:05:44.907+0000] {virtualenv.py:181} INFO - Process 1521 running: True and has the lock /tmp/cosmos_venv_ecom_intermediate/cosmos_virtualenv.lock.
[2025-09-19T10:05:44.908+0000] {virtualenv.py:122} INFO - Waiting for virtualenv lock to be released
[2025-09-19T10:05:45.910+0000] {virtualenv.py:178} INFO - Checking for running process with PID 1521
[2025-09-19T10:05:45.911+0000] {virtualenv.py:181} INFO - Process 1521 running: True and has the lock /tmp/cosmos_venv_ecom_intermediate/cosmos_virtualenv.lock.
[2025-09-19T10:05:45.912+0000] {virtualenv.py:122} INFO - Waiting for virtualenv lock to be released
[2025-09-19T10:05:46.913+0000] {virtualenv.py:178} INFO - Checking for running process with PID 1521
[2025-09-19T10:05:46.914+0000] {virtualenv.py:181} INFO - Process 1521 running: True and has the lock /tmp/cosmos_venv_ecom_intermediate/cosmos_virtualenv.lock.
[2025-09-19T10:05:46.915+0000] {virtualenv.py:122} INFO - Waiting for virtualenv lock to be released
[2025-09-19T10:05:47.917+0000] {virtualenv.py:178} INFO - Checking for running process with PID 1521
[2025-09-19T10:05:47.918+0000] {virtualenv.py:181} INFO - Process 1521 running: True and has the lock /tmp/cosmos_venv_ecom_intermediate/cosmos_virtualenv.lock.
[2025-09-19T10:05:47.918+0000] {virtualenv.py:122} INFO - Waiting for virtualenv lock to be released
[2025-09-19T10:05:48.920+0000] {virtualenv.py:178} INFO - Checking for running process with PID 1521
[2025-09-19T10:05:48.922+0000] {virtualenv.py:181} INFO - Process 1521 running: True and has the lock /tmp/cosmos_venv_ecom_intermediate/cosmos_virtualenv.lock.
[2025-09-19T10:05:48.923+0000] {virtualenv.py:122} INFO - Waiting for virtualenv lock to be released
[2025-09-19T10:05:49.925+0000] {virtualenv.py:178} INFO - Checking for running process with PID 1521
[2025-09-19T10:05:49.926+0000] {virtualenv.py:181} INFO - Process 1521 running: True and has the lock /tmp/cosmos_venv_ecom_intermediate/cosmos_virtualenv.lock.
[2025-09-19T10:05:49.926+0000] {virtualenv.py:122} INFO - Waiting for virtualenv lock to be released
[2025-09-19T10:05:50.928+0000] {virtualenv.py:178} INFO - Checking for running process with PID 1521
[2025-09-19T10:05:50.929+0000] {virtualenv.py:181} INFO - Process 1521 running: True and has the lock /tmp/cosmos_venv_ecom_intermediate/cosmos_virtualenv.lock.
[2025-09-19T10:05:50.930+0000] {virtualenv.py:122} INFO - Waiting for virtualenv lock to be released
[2025-09-19T10:05:51.932+0000] {virtualenv.py:178} INFO - Checking for running process with PID 1521
[2025-09-19T10:05:51.933+0000] {virtualenv.py:181} INFO - Process 1521 running: True and has the lock /tmp/cosmos_venv_ecom_intermediate/cosmos_virtualenv.lock.
[2025-09-19T10:05:51.934+0000] {virtualenv.py:122} INFO - Waiting for virtualenv lock to be released
[2025-09-19T10:05:52.936+0000] {virtualenv.py:178} INFO - Checking for running process with PID 1521
[2025-09-19T10:05:52.936+0000] {virtualenv.py:181} INFO - Process 1521 running: True and has the lock /tmp/cosmos_venv_ecom_intermediate/cosmos_virtualenv.lock.
[2025-09-19T10:05:52.937+0000] {virtualenv.py:122} INFO - Waiting for virtualenv lock to be released
[2025-09-19T10:05:53.938+0000] {virtualenv.py:178} INFO - Checking for running process with PID 1521
[2025-09-19T10:05:53.939+0000] {virtualenv.py:181} INFO - Process 1521 running: True and has the lock /tmp/cosmos_venv_ecom_intermediate/cosmos_virtualenv.lock.
[2025-09-19T10:05:53.939+0000] {virtualenv.py:122} INFO - Waiting for virtualenv lock to be released
[2025-09-19T10:05:54.941+0000] {virtualenv.py:178} INFO - Checking for running process with PID 1521
[2025-09-19T10:05:54.942+0000] {virtualenv.py:181} INFO - Process 1521 running: True and has the lock /tmp/cosmos_venv_ecom_intermediate/cosmos_virtualenv.lock.
[2025-09-19T10:05:54.943+0000] {virtualenv.py:122} INFO - Waiting for virtualenv lock to be released
[2025-09-19T10:05:55.944+0000] {virtualenv.py:178} INFO - Checking for running process with PID 1517
[2025-09-19T10:05:55.945+0000] {virtualenv.py:181} INFO - Process 1517 running: True and has the lock /tmp/cosmos_venv_ecom_intermediate/cosmos_virtualenv.lock.
[2025-09-19T10:05:55.945+0000] {virtualenv.py:122} INFO - Waiting for virtualenv lock to be released
[2025-09-19T10:05:56.947+0000] {virtualenv.py:178} INFO - Checking for running process with PID 1517
[2025-09-19T10:05:56.948+0000] {virtualenv.py:181} INFO - Process 1517 running: True and has the lock /tmp/cosmos_venv_ecom_intermediate/cosmos_virtualenv.lock.
[2025-09-19T10:05:56.948+0000] {virtualenv.py:122} INFO - Waiting for virtualenv lock to be released
[2025-09-19T10:05:57.950+0000] {virtualenv.py:178} INFO - Checking for running process with PID 1517
[2025-09-19T10:05:57.951+0000] {virtualenv.py:181} INFO - Process 1517 running: True and has the lock /tmp/cosmos_venv_ecom_intermediate/cosmos_virtualenv.lock.
[2025-09-19T10:05:57.951+0000] {virtualenv.py:122} INFO - Waiting for virtualenv lock to be released
[2025-09-19T10:05:58.952+0000] {virtualenv.py:178} INFO - Checking for running process with PID 1517
[2025-09-19T10:05:58.953+0000] {virtualenv.py:181} INFO - Process 1517 running: True and has the lock /tmp/cosmos_venv_ecom_intermediate/cosmos_virtualenv.lock.
[2025-09-19T10:05:58.953+0000] {virtualenv.py:122} INFO - Waiting for virtualenv lock to be released
[2025-09-19T10:05:59.955+0000] {virtualenv.py:178} INFO - Checking for running process with PID 1517
[2025-09-19T10:05:59.956+0000] {virtualenv.py:181} INFO - Process 1517 running: True and has the lock /tmp/cosmos_venv_ecom_intermediate/cosmos_virtualenv.lock.
[2025-09-19T10:05:59.956+0000] {virtualenv.py:122} INFO - Waiting for virtualenv lock to be released
[2025-09-19T10:06:00.958+0000] {virtualenv.py:178} INFO - Checking for running process with PID 1517
[2025-09-19T10:06:00.959+0000] {virtualenv.py:181} INFO - Process 1517 running: True and has the lock /tmp/cosmos_venv_ecom_intermediate/cosmos_virtualenv.lock.
[2025-09-19T10:06:00.960+0000] {virtualenv.py:122} INFO - Waiting for virtualenv lock to be released
[2025-09-19T10:06:01.962+0000] {virtualenv.py:178} INFO - Checking for running process with PID 1517
[2025-09-19T10:06:01.963+0000] {virtualenv.py:181} INFO - Process 1517 running: True and has the lock /tmp/cosmos_venv_ecom_intermediate/cosmos_virtualenv.lock.
[2025-09-19T10:06:01.963+0000] {virtualenv.py:122} INFO - Waiting for virtualenv lock to be released
[2025-09-19T10:06:02.964+0000] {virtualenv.py:178} INFO - Checking for running process with PID 1517
[2025-09-19T10:06:02.965+0000] {virtualenv.py:181} INFO - Process 1517 running: True and has the lock /tmp/cosmos_venv_ecom_intermediate/cosmos_virtualenv.lock.
[2025-09-19T10:06:02.965+0000] {virtualenv.py:122} INFO - Waiting for virtualenv lock to be released
[2025-09-19T10:06:03.966+0000] {virtualenv.py:178} INFO - Checking for running process with PID 1517
[2025-09-19T10:06:03.967+0000] {virtualenv.py:181} INFO - Process 1517 running: True and has the lock /tmp/cosmos_venv_ecom_intermediate/cosmos_virtualenv.lock.
[2025-09-19T10:06:03.967+0000] {virtualenv.py:122} INFO - Waiting for virtualenv lock to be released
[2025-09-19T10:06:04.968+0000] {virtualenv.py:178} INFO - Checking for running process with PID 1517
[2025-09-19T10:06:04.969+0000] {virtualenv.py:181} INFO - Process 1517 running: True and has the lock /tmp/cosmos_venv_ecom_intermediate/cosmos_virtualenv.lock.
[2025-09-19T10:06:04.970+0000] {virtualenv.py:122} INFO - Waiting for virtualenv lock to be released
[2025-09-19T10:06:05.971+0000] {virtualenv.py:178} INFO - Checking for running process with PID 1517
[2025-09-19T10:06:05.972+0000] {virtualenv.py:181} INFO - Process 1517 running: True and has the lock /tmp/cosmos_venv_ecom_intermediate/cosmos_virtualenv.lock.
[2025-09-19T10:06:05.973+0000] {virtualenv.py:122} INFO - Waiting for virtualenv lock to be released
[2025-09-19T10:06:06.975+0000] {virtualenv.py:178} INFO - Checking for running process with PID 1517
[2025-09-19T10:06:06.975+0000] {virtualenv.py:181} INFO - Process 1517 running: True and has the lock /tmp/cosmos_venv_ecom_intermediate/cosmos_virtualenv.lock.
[2025-09-19T10:06:06.976+0000] {virtualenv.py:122} INFO - Waiting for virtualenv lock to be released
[2025-09-19T10:06:07.977+0000] {virtualenv.py:178} INFO - Checking for running process with PID 1517
[2025-09-19T10:06:07.978+0000] {virtualenv.py:181} INFO - Process 1517 running: True and has the lock /tmp/cosmos_venv_ecom_intermediate/cosmos_virtualenv.lock.
[2025-09-19T10:06:07.978+0000] {virtualenv.py:122} INFO - Waiting for virtualenv lock to be released
[2025-09-19T10:06:08.980+0000] {virtualenv.py:178} INFO - Checking for running process with PID 1517
[2025-09-19T10:06:08.981+0000] {virtualenv.py:181} INFO - Process 1517 running: True and has the lock /tmp/cosmos_venv_ecom_intermediate/cosmos_virtualenv.lock.
[2025-09-19T10:06:08.982+0000] {virtualenv.py:122} INFO - Waiting for virtualenv lock to be released
[2025-09-19T10:06:09.982+0000] {virtualenv.py:178} INFO - Checking for running process with PID 1517
[2025-09-19T10:06:09.983+0000] {virtualenv.py:181} INFO - Process 1517 running: True and has the lock /tmp/cosmos_venv_ecom_intermediate/cosmos_virtualenv.lock.
[2025-09-19T10:06:09.984+0000] {virtualenv.py:122} INFO - Waiting for virtualenv lock to be released
[2025-09-19T10:06:10.985+0000] {virtualenv.py:178} INFO - Checking for running process with PID 1517
[2025-09-19T10:06:10.989+0000] {virtualenv.py:181} INFO - Process 1517 running: True and has the lock /tmp/cosmos_venv_ecom_intermediate/cosmos_virtualenv.lock.
[2025-09-19T10:06:10.990+0000] {virtualenv.py:122} INFO - Waiting for virtualenv lock to be released
[2025-09-19T10:06:11.992+0000] {virtualenv.py:178} INFO - Checking for running process with PID 1652
[2025-09-19T10:06:11.992+0000] {virtualenv.py:181} INFO - Process 1652 running: True and has the lock /tmp/cosmos_venv_ecom_intermediate/cosmos_virtualenv.lock.
[2025-09-19T10:06:11.993+0000] {virtualenv.py:122} INFO - Waiting for virtualenv lock to be released
[2025-09-19T10:06:12.994+0000] {virtualenv.py:178} INFO - Checking for running process with PID 1652
[2025-09-19T10:06:12.995+0000] {virtualenv.py:181} INFO - Process 1652 running: True and has the lock /tmp/cosmos_venv_ecom_intermediate/cosmos_virtualenv.lock.
[2025-09-19T10:06:12.995+0000] {virtualenv.py:122} INFO - Waiting for virtualenv lock to be released
[2025-09-19T10:06:13.996+0000] {virtualenv.py:178} INFO - Checking for running process with PID 1652
[2025-09-19T10:06:13.997+0000] {virtualenv.py:181} INFO - Process 1652 running: True and has the lock /tmp/cosmos_venv_ecom_intermediate/cosmos_virtualenv.lock.
[2025-09-19T10:06:13.998+0000] {virtualenv.py:122} INFO - Waiting for virtualenv lock to be released
[2025-09-19T10:06:14.999+0000] {virtualenv.py:178} INFO - Checking for running process with PID 1652
[2025-09-19T10:06:14.999+0000] {virtualenv.py:181} INFO - Process 1652 running: True and has the lock /tmp/cosmos_venv_ecom_intermediate/cosmos_virtualenv.lock.
[2025-09-19T10:06:15.000+0000] {virtualenv.py:122} INFO - Waiting for virtualenv lock to be released
[2025-09-19T10:06:16.002+0000] {virtualenv.py:178} INFO - Checking for running process with PID 1652
[2025-09-19T10:06:16.002+0000] {virtualenv.py:181} INFO - Process 1652 running: True and has the lock /tmp/cosmos_venv_ecom_intermediate/cosmos_virtualenv.lock.
[2025-09-19T10:06:16.003+0000] {virtualenv.py:122} INFO - Waiting for virtualenv lock to be released
[2025-09-19T10:06:17.005+0000] {virtualenv.py:178} INFO - Checking for running process with PID 1652
[2025-09-19T10:06:17.006+0000] {virtualenv.py:181} INFO - Process 1652 running: True and has the lock /tmp/cosmos_venv_ecom_intermediate/cosmos_virtualenv.lock.
[2025-09-19T10:06:17.006+0000] {virtualenv.py:122} INFO - Waiting for virtualenv lock to be released
[2025-09-19T10:06:18.008+0000] {virtualenv.py:178} INFO - Checking for running process with PID 1652
[2025-09-19T10:06:18.009+0000] {virtualenv.py:181} INFO - Process 1652 running: True and has the lock /tmp/cosmos_venv_ecom_intermediate/cosmos_virtualenv.lock.
[2025-09-19T10:06:18.010+0000] {virtualenv.py:122} INFO - Waiting for virtualenv lock to be released
[2025-09-19T10:06:19.012+0000] {virtualenv.py:178} INFO - Checking for running process with PID 1652
[2025-09-19T10:06:19.017+0000] {virtualenv.py:181} INFO - Process 1652 running: True and has the lock /tmp/cosmos_venv_ecom_intermediate/cosmos_virtualenv.lock.
[2025-09-19T10:06:19.018+0000] {virtualenv.py:122} INFO - Waiting for virtualenv lock to be released
[2025-09-19T10:06:20.020+0000] {virtualenv.py:178} INFO - Checking for running process with PID 1652
[2025-09-19T10:06:20.021+0000] {virtualenv.py:181} INFO - Process 1652 running: True and has the lock /tmp/cosmos_venv_ecom_intermediate/cosmos_virtualenv.lock.
[2025-09-19T10:06:20.022+0000] {virtualenv.py:122} INFO - Waiting for virtualenv lock to be released
[2025-09-19T10:06:21.024+0000] {virtualenv.py:178} INFO - Checking for running process with PID 1652
[2025-09-19T10:06:21.026+0000] {virtualenv.py:181} INFO - Process 1652 running: True and has the lock /tmp/cosmos_venv_ecom_intermediate/cosmos_virtualenv.lock.
[2025-09-19T10:06:21.026+0000] {virtualenv.py:122} INFO - Waiting for virtualenv lock to be released
[2025-09-19T10:06:22.028+0000] {virtualenv.py:178} INFO - Checking for running process with PID 1652
[2025-09-19T10:06:22.029+0000] {virtualenv.py:181} INFO - Process 1652 running: True and has the lock /tmp/cosmos_venv_ecom_intermediate/cosmos_virtualenv.lock.
[2025-09-19T10:06:22.030+0000] {virtualenv.py:122} INFO - Waiting for virtualenv lock to be released
[2025-09-19T10:06:23.031+0000] {virtualenv.py:178} INFO - Checking for running process with PID 1652
[2025-09-19T10:06:23.032+0000] {virtualenv.py:181} INFO - Process 1652 running: True and has the lock /tmp/cosmos_venv_ecom_intermediate/cosmos_virtualenv.lock.
[2025-09-19T10:06:23.033+0000] {virtualenv.py:122} INFO - Waiting for virtualenv lock to be released
[2025-09-19T10:06:24.035+0000] {virtualenv.py:178} INFO - Checking for running process with PID 1652
[2025-09-19T10:06:24.036+0000] {virtualenv.py:181} INFO - Process 1652 running: True and has the lock /tmp/cosmos_venv_ecom_intermediate/cosmos_virtualenv.lock.
[2025-09-19T10:06:24.037+0000] {virtualenv.py:122} INFO - Waiting for virtualenv lock to be released
[2025-09-19T10:06:25.039+0000] {virtualenv.py:178} INFO - Checking for running process with PID 1652
[2025-09-19T10:06:25.040+0000] {virtualenv.py:181} INFO - Process 1652 running: True and has the lock /tmp/cosmos_venv_ecom_intermediate/cosmos_virtualenv.lock.
[2025-09-19T10:06:25.040+0000] {virtualenv.py:122} INFO - Waiting for virtualenv lock to be released
[2025-09-19T10:06:26.042+0000] {virtualenv.py:178} INFO - Checking for running process with PID 1652
[2025-09-19T10:06:26.043+0000] {virtualenv.py:181} INFO - Process 1652 running: True and has the lock /tmp/cosmos_venv_ecom_intermediate/cosmos_virtualenv.lock.
[2025-09-19T10:06:26.043+0000] {virtualenv.py:122} INFO - Waiting for virtualenv lock to be released
[2025-09-19T10:06:27.045+0000] {virtualenv.py:178} INFO - Checking for running process with PID 1716
[2025-09-19T10:06:27.046+0000] {virtualenv.py:181} INFO - Process 1716 running: True and has the lock /tmp/cosmos_venv_ecom_intermediate/cosmos_virtualenv.lock.
[2025-09-19T10:06:27.047+0000] {virtualenv.py:122} INFO - Waiting for virtualenv lock to be released
[2025-09-19T10:06:28.048+0000] {virtualenv.py:178} INFO - Checking for running process with PID 1716
[2025-09-19T10:06:28.049+0000] {virtualenv.py:181} INFO - Process 1716 running: True and has the lock /tmp/cosmos_venv_ecom_intermediate/cosmos_virtualenv.lock.
[2025-09-19T10:06:28.049+0000] {virtualenv.py:122} INFO - Waiting for virtualenv lock to be released
[2025-09-19T10:06:29.051+0000] {virtualenv.py:178} INFO - Checking for running process with PID 1716
[2025-09-19T10:06:29.052+0000] {virtualenv.py:181} INFO - Process 1716 running: True and has the lock /tmp/cosmos_venv_ecom_intermediate/cosmos_virtualenv.lock.
[2025-09-19T10:06:29.053+0000] {virtualenv.py:122} INFO - Waiting for virtualenv lock to be released
[2025-09-19T10:06:30.055+0000] {virtualenv.py:178} INFO - Checking for running process with PID 1716
[2025-09-19T10:06:30.056+0000] {virtualenv.py:181} INFO - Process 1716 running: True and has the lock /tmp/cosmos_venv_ecom_intermediate/cosmos_virtualenv.lock.
[2025-09-19T10:06:30.056+0000] {virtualenv.py:122} INFO - Waiting for virtualenv lock to be released
[2025-09-19T10:06:31.058+0000] {virtualenv.py:178} INFO - Checking for running process with PID 1716
[2025-09-19T10:06:31.059+0000] {virtualenv.py:181} INFO - Process 1716 running: True and has the lock /tmp/cosmos_venv_ecom_intermediate/cosmos_virtualenv.lock.
[2025-09-19T10:06:31.060+0000] {virtualenv.py:122} INFO - Waiting for virtualenv lock to be released
[2025-09-19T10:06:32.062+0000] {virtualenv.py:178} INFO - Checking for running process with PID 1716
[2025-09-19T10:06:32.063+0000] {virtualenv.py:181} INFO - Process 1716 running: True and has the lock /tmp/cosmos_venv_ecom_intermediate/cosmos_virtualenv.lock.
[2025-09-19T10:06:32.063+0000] {virtualenv.py:122} INFO - Waiting for virtualenv lock to be released
[2025-09-19T10:06:33.065+0000] {virtualenv.py:178} INFO - Checking for running process with PID 1716
[2025-09-19T10:06:33.065+0000] {virtualenv.py:181} INFO - Process 1716 running: True and has the lock /tmp/cosmos_venv_ecom_intermediate/cosmos_virtualenv.lock.
[2025-09-19T10:06:33.066+0000] {virtualenv.py:122} INFO - Waiting for virtualenv lock to be released
[2025-09-19T10:06:34.066+0000] {virtualenv.py:178} INFO - Checking for running process with PID 1716
[2025-09-19T10:06:34.067+0000] {virtualenv.py:181} INFO - Process 1716 running: True and has the lock /tmp/cosmos_venv_ecom_intermediate/cosmos_virtualenv.lock.
[2025-09-19T10:06:34.068+0000] {virtualenv.py:122} INFO - Waiting for virtualenv lock to be released
[2025-09-19T10:06:35.071+0000] {virtualenv.py:178} INFO - Checking for running process with PID 1716
[2025-09-19T10:06:35.072+0000] {virtualenv.py:181} INFO - Process 1716 running: True and has the lock /tmp/cosmos_venv_ecom_intermediate/cosmos_virtualenv.lock.
[2025-09-19T10:06:35.072+0000] {virtualenv.py:122} INFO - Waiting for virtualenv lock to be released
[2025-09-19T10:06:36.074+0000] {virtualenv.py:178} INFO - Checking for running process with PID 1716
[2025-09-19T10:06:36.075+0000] {virtualenv.py:181} INFO - Process 1716 running: True and has the lock /tmp/cosmos_venv_ecom_intermediate/cosmos_virtualenv.lock.
[2025-09-19T10:06:36.076+0000] {virtualenv.py:122} INFO - Waiting for virtualenv lock to be released
[2025-09-19T10:06:37.078+0000] {virtualenv.py:178} INFO - Checking for running process with PID 1716
[2025-09-19T10:06:37.078+0000] {virtualenv.py:181} INFO - Process 1716 running: True and has the lock /tmp/cosmos_venv_ecom_intermediate/cosmos_virtualenv.lock.
[2025-09-19T10:06:37.079+0000] {virtualenv.py:122} INFO - Waiting for virtualenv lock to be released
[2025-09-19T10:06:38.081+0000] {virtualenv.py:178} INFO - Checking for running process with PID 1716
[2025-09-19T10:06:38.082+0000] {virtualenv.py:181} INFO - Process 1716 running: True and has the lock /tmp/cosmos_venv_ecom_intermediate/cosmos_virtualenv.lock.
[2025-09-19T10:06:38.082+0000] {virtualenv.py:122} INFO - Waiting for virtualenv lock to be released
[2025-09-19T10:06:39.084+0000] {virtualenv.py:178} INFO - Checking for running process with PID 1716
[2025-09-19T10:06:39.086+0000] {virtualenv.py:181} INFO - Process 1716 running: True and has the lock /tmp/cosmos_venv_ecom_intermediate/cosmos_virtualenv.lock.
[2025-09-19T10:06:39.087+0000] {virtualenv.py:122} INFO - Waiting for virtualenv lock to be released
[2025-09-19T10:06:40.090+0000] {virtualenv.py:178} INFO - Checking for running process with PID 1716
[2025-09-19T10:06:40.091+0000] {virtualenv.py:181} INFO - Process 1716 running: True and has the lock /tmp/cosmos_venv_ecom_intermediate/cosmos_virtualenv.lock.
[2025-09-19T10:06:40.091+0000] {virtualenv.py:122} INFO - Waiting for virtualenv lock to be released
[2025-09-19T10:06:41.094+0000] {virtualenv.py:178} INFO - Checking for running process with PID 1756
[2025-09-19T10:06:41.095+0000] {virtualenv.py:181} INFO - Process 1756 running: True and has the lock /tmp/cosmos_venv_ecom_intermediate/cosmos_virtualenv.lock.
[2025-09-19T10:06:41.095+0000] {virtualenv.py:122} INFO - Waiting for virtualenv lock to be released
[2025-09-19T10:06:42.097+0000] {virtualenv.py:178} INFO - Checking for running process with PID 1756
[2025-09-19T10:06:42.098+0000] {virtualenv.py:181} INFO - Process 1756 running: True and has the lock /tmp/cosmos_venv_ecom_intermediate/cosmos_virtualenv.lock.
[2025-09-19T10:06:42.099+0000] {virtualenv.py:122} INFO - Waiting for virtualenv lock to be released
[2025-09-19T10:06:43.100+0000] {virtualenv.py:178} INFO - Checking for running process with PID 1756
[2025-09-19T10:06:43.101+0000] {virtualenv.py:181} INFO - Process 1756 running: True and has the lock /tmp/cosmos_venv_ecom_intermediate/cosmos_virtualenv.lock.
[2025-09-19T10:06:43.101+0000] {virtualenv.py:122} INFO - Waiting for virtualenv lock to be released
[2025-09-19T10:06:44.103+0000] {virtualenv.py:178} INFO - Checking for running process with PID 1756
[2025-09-19T10:06:44.104+0000] {virtualenv.py:181} INFO - Process 1756 running: True and has the lock /tmp/cosmos_venv_ecom_intermediate/cosmos_virtualenv.lock.
[2025-09-19T10:06:44.105+0000] {virtualenv.py:122} INFO - Waiting for virtualenv lock to be released
[2025-09-19T10:06:45.107+0000] {virtualenv.py:178} INFO - Checking for running process with PID 1756
[2025-09-19T10:06:45.108+0000] {virtualenv.py:181} INFO - Process 1756 running: True and has the lock /tmp/cosmos_venv_ecom_intermediate/cosmos_virtualenv.lock.
[2025-09-19T10:06:45.108+0000] {virtualenv.py:122} INFO - Waiting for virtualenv lock to be released
[2025-09-19T10:06:46.110+0000] {virtualenv.py:178} INFO - Checking for running process with PID 1756
[2025-09-19T10:06:46.110+0000] {virtualenv.py:181} INFO - Process 1756 running: True and has the lock /tmp/cosmos_venv_ecom_intermediate/cosmos_virtualenv.lock.
[2025-09-19T10:06:46.111+0000] {virtualenv.py:122} INFO - Waiting for virtualenv lock to be released
[2025-09-19T10:06:47.112+0000] {virtualenv.py:178} INFO - Checking for running process with PID 1756
[2025-09-19T10:06:47.113+0000] {virtualenv.py:181} INFO - Process 1756 running: True and has the lock /tmp/cosmos_venv_ecom_intermediate/cosmos_virtualenv.lock.
[2025-09-19T10:06:47.113+0000] {virtualenv.py:122} INFO - Waiting for virtualenv lock to be released
[2025-09-19T10:06:48.115+0000] {virtualenv.py:178} INFO - Checking for running process with PID 1756
[2025-09-19T10:06:48.116+0000] {virtualenv.py:181} INFO - Process 1756 running: True and has the lock /tmp/cosmos_venv_ecom_intermediate/cosmos_virtualenv.lock.
[2025-09-19T10:06:48.117+0000] {virtualenv.py:122} INFO - Waiting for virtualenv lock to be released
[2025-09-19T10:06:49.118+0000] {virtualenv.py:178} INFO - Checking for running process with PID 1756
[2025-09-19T10:06:49.119+0000] {virtualenv.py:181} INFO - Process 1756 running: True and has the lock /tmp/cosmos_venv_ecom_intermediate/cosmos_virtualenv.lock.
[2025-09-19T10:06:49.120+0000] {virtualenv.py:122} INFO - Waiting for virtualenv lock to be released
[2025-09-19T10:06:50.123+0000] {virtualenv.py:178} INFO - Checking for running process with PID 1756
[2025-09-19T10:06:50.123+0000] {virtualenv.py:181} INFO - Process 1756 running: True and has the lock /tmp/cosmos_venv_ecom_intermediate/cosmos_virtualenv.lock.
[2025-09-19T10:06:50.124+0000] {virtualenv.py:122} INFO - Waiting for virtualenv lock to be released
[2025-09-19T10:06:51.126+0000] {virtualenv.py:178} INFO - Checking for running process with PID 1756
[2025-09-19T10:06:51.127+0000] {virtualenv.py:181} INFO - Process 1756 running: True and has the lock /tmp/cosmos_venv_ecom_intermediate/cosmos_virtualenv.lock.
[2025-09-19T10:06:51.127+0000] {virtualenv.py:122} INFO - Waiting for virtualenv lock to be released
[2025-09-19T10:06:52.129+0000] {virtualenv.py:178} INFO - Checking for running process with PID 1756
[2025-09-19T10:06:52.130+0000] {virtualenv.py:181} INFO - Process 1756 running: True and has the lock /tmp/cosmos_venv_ecom_intermediate/cosmos_virtualenv.lock.
[2025-09-19T10:06:52.131+0000] {virtualenv.py:122} INFO - Waiting for virtualenv lock to be released
[2025-09-19T10:06:53.132+0000] {virtualenv.py:178} INFO - Checking for running process with PID 1756
[2025-09-19T10:06:53.135+0000] {virtualenv.py:181} INFO - Process 1756 running: True and has the lock /tmp/cosmos_venv_ecom_intermediate/cosmos_virtualenv.lock.
[2025-09-19T10:06:53.136+0000] {virtualenv.py:122} INFO - Waiting for virtualenv lock to be released
[2025-09-19T10:06:54.137+0000] {virtualenv.py:178} INFO - Checking for running process with PID 1756
[2025-09-19T10:06:54.139+0000] {virtualenv.py:181} INFO - Process 1756 running: True and has the lock /tmp/cosmos_venv_ecom_intermediate/cosmos_virtualenv.lock.
[2025-09-19T10:06:54.140+0000] {virtualenv.py:126} INFO - Acquiring the virtualenv lock
[2025-09-19T10:06:54.141+0000] {virtualenv.py:195} INFO - Acquiring lock at /tmp/cosmos_venv_ecom_intermediate/cosmos_virtualenv.lock with pid 1515
[2025-09-19T10:06:54.141+0000] {virtualenv.py:153} INFO - Creating or updating the virtualenv at `/tmp/cosmos_venv_ecom_intermediate
[2025-09-19T10:06:54.142+0000] {process_utils.py:183} INFO - Executing cmd: /home/***/.local/bin/python -m virtualenv /tmp/cosmos_venv_ecom_intermediate --python=python3
[2025-09-19T10:06:54.143+0000] {process_utils.py:187} INFO - Output:
[2025-09-19T10:06:56.082+0000] {process_utils.py:191} INFO - created virtual environment CPython3.10.14.final.0-64 in 757ms
[2025-09-19T10:06:56.083+0000] {process_utils.py:191} INFO -   creator CPython3Posix(dest=/tmp/cosmos_venv_ecom_intermediate, clear=False, no_vcs_ignore=False, global=False)
[2025-09-19T10:06:56.084+0000] {process_utils.py:191} INFO -   seeder FromAppData(download=False, pip=bundle, setuptools=bundle, wheel=bundle, via=copy, app_data_dir=/home/***/.local/share/virtualenv)
[2025-09-19T10:06:56.085+0000] {process_utils.py:191} INFO -     added seed packages: MarkupSafe==3.0.2, PyYAML==6.0.2, agate==1.9.1, annotated_types==0.7.0, attrs==25.3.0, babel==2.17.0, certifi==2025.8.3, charset_normalizer==3.4.3, click==8.2.1, clickhouse_connect==0.8.18, clickhouse_driver==0.2.9, colorama==0.4.6, daff==1.4.2, dbt_adapters==1.16.7, dbt_clickhouse==1.9.3, dbt_common==1.30.0, dbt_core==1.10.11, dbt_extractor==0.6.0, dbt_protos==1.0.375, dbt_semantic_interfaces==0.9.0, deepdiff==8.6.1, idna==3.10, importlib_metadata==8.7.0, isodate==0.6.1, jinja2==3.1.6, jsonschema==4.25.1, jsonschema_specifications==2025.9.1, leather==0.4.0, lz4==4.4.4, mashumaro==3.14, more_itertools==10.8.0, msgpack==1.1.1, networkx==3.4.2, orderly_set==5.5.0, packaging==25.0, parsedatetime==2.6, pathspec==0.12.1, pip==25.2, protobuf==6.32.1, pydantic==2.11.8, pydantic_core==2.33.2, python_dateutil==2.9.0.post0, python_slugify==8.0.4, pytimeparse==1.1.8, pytz==2025.2, referencing==0.36.2, requests==2.32.5, rpds_py==0.27.1, setuptools==80.9.0, six==1.17.0, snowplow_tracker==1.1.0, sqlparse==0.5.3, text_unidecode==1.3, typing_extensions==4.15.0, typing_inspection==0.4.1, tzlocal==5.3.1, urllib3==2.5.0, wheel==0.45.1, zipp==3.23.0, zstandard==0.24.0
[2025-09-19T10:06:56.086+0000] {process_utils.py:191} INFO -   activators BashActivator,CShellActivator,FishActivator,NushellActivator,PowerShellActivator,PythonActivator
[2025-09-19T10:06:56.184+0000] {process_utils.py:183} INFO - Executing cmd: /tmp/cosmos_venv_ecom_intermediate/bin/pip install dbt-clickhouse
[2025-09-19T10:06:56.185+0000] {process_utils.py:187} INFO - Output:
[2025-09-19T10:06:57.545+0000] {process_utils.py:191} INFO - Requirement already satisfied: dbt-clickhouse in /tmp/cosmos_venv_ecom_intermediate/lib/python3.10/site-packages (1.9.3)
[2025-09-19T10:06:57.548+0000] {process_utils.py:191} INFO - Requirement already satisfied: dbt-core>=1.9 in /tmp/cosmos_venv_ecom_intermediate/lib/python3.10/site-packages (from dbt-clickhouse) (1.10.11)
[2025-09-19T10:06:57.548+0000] {process_utils.py:191} INFO - Requirement already satisfied: clickhouse-connect>=0.6.22 in /tmp/cosmos_venv_ecom_intermediate/lib/python3.10/site-packages (from dbt-clickhouse) (0.8.18)
[2025-09-19T10:06:57.549+0000] {process_utils.py:191} INFO - Requirement already satisfied: clickhouse-driver>=0.2.6 in /tmp/cosmos_venv_ecom_intermediate/lib/python3.10/site-packages (from dbt-clickhouse) (0.2.9)
[2025-09-19T10:06:57.550+0000] {process_utils.py:191} INFO - Requirement already satisfied: setuptools>=0.69 in /tmp/cosmos_venv_ecom_intermediate/lib/python3.10/site-packages (from dbt-clickhouse) (80.9.0)
[2025-09-19T10:06:57.552+0000] {process_utils.py:191} INFO - Requirement already satisfied: certifi in /tmp/cosmos_venv_ecom_intermediate/lib/python3.10/site-packages (from clickhouse-connect>=0.6.22->dbt-clickhouse) (2025.8.3)
[2025-09-19T10:06:57.553+0000] {process_utils.py:191} INFO - Requirement already satisfied: urllib3>=1.26 in /tmp/cosmos_venv_ecom_intermediate/lib/python3.10/site-packages (from clickhouse-connect>=0.6.22->dbt-clickhouse) (2.5.0)
[2025-09-19T10:06:57.554+0000] {process_utils.py:191} INFO - Requirement already satisfied: pytz in /tmp/cosmos_venv_ecom_intermediate/lib/python3.10/site-packages (from clickhouse-connect>=0.6.22->dbt-clickhouse) (2025.2)
[2025-09-19T10:06:57.555+0000] {process_utils.py:191} INFO - Requirement already satisfied: zstandard in /tmp/cosmos_venv_ecom_intermediate/lib/python3.10/site-packages (from clickhouse-connect>=0.6.22->dbt-clickhouse) (0.24.0)
[2025-09-19T10:06:57.555+0000] {process_utils.py:191} INFO - Requirement already satisfied: lz4 in /tmp/cosmos_venv_ecom_intermediate/lib/python3.10/site-packages (from clickhouse-connect>=0.6.22->dbt-clickhouse) (4.4.4)
[2025-09-19T10:06:57.557+0000] {process_utils.py:191} INFO - Requirement already satisfied: tzlocal in /tmp/cosmos_venv_ecom_intermediate/lib/python3.10/site-packages (from clickhouse-driver>=0.2.6->dbt-clickhouse) (5.3.1)
[2025-09-19T10:06:57.560+0000] {process_utils.py:191} INFO - Requirement already satisfied: agate<1.10,>=1.7.0 in /tmp/cosmos_venv_ecom_intermediate/lib/python3.10/site-packages (from dbt-core>=1.9->dbt-clickhouse) (1.9.1)
[2025-09-19T10:06:57.561+0000] {process_utils.py:191} INFO - Requirement already satisfied: Jinja2<4,>=3.1.3 in /tmp/cosmos_venv_ecom_intermediate/lib/python3.10/site-packages (from dbt-core>=1.9->dbt-clickhouse) (3.1.6)
[2025-09-19T10:06:57.562+0000] {process_utils.py:191} INFO - Requirement already satisfied: mashumaro<3.15,>=3.9 in /tmp/cosmos_venv_ecom_intermediate/lib/python3.10/site-packages (from mashumaro[msgpack]<3.15,>=3.9->dbt-core>=1.9->dbt-clickhouse) (3.14)
[2025-09-19T10:06:57.563+0000] {process_utils.py:191} INFO - Requirement already satisfied: click<9.0,>=8.0.2 in /tmp/cosmos_venv_ecom_intermediate/lib/python3.10/site-packages (from dbt-core>=1.9->dbt-clickhouse) (8.2.1)
[2025-09-19T10:06:57.564+0000] {process_utils.py:191} INFO - Requirement already satisfied: jsonschema<5.0,>=4.19.1 in /tmp/cosmos_venv_ecom_intermediate/lib/python3.10/site-packages (from dbt-core>=1.9->dbt-clickhouse) (4.25.1)
[2025-09-19T10:06:57.565+0000] {process_utils.py:191} INFO - Requirement already satisfied: networkx<4.0,>=2.3 in /tmp/cosmos_venv_ecom_intermediate/lib/python3.10/site-packages (from dbt-core>=1.9->dbt-clickhouse) (3.4.2)
[2025-09-19T10:06:57.565+0000] {process_utils.py:191} INFO - Requirement already satisfied: protobuf<7.0,>=6.0 in /tmp/cosmos_venv_ecom_intermediate/lib/python3.10/site-packages (from dbt-core>=1.9->dbt-clickhouse) (6.32.1)
[2025-09-19T10:06:57.566+0000] {process_utils.py:191} INFO - Requirement already satisfied: requests<3.0.0 in /tmp/cosmos_venv_ecom_intermediate/lib/python3.10/site-packages (from dbt-core>=1.9->dbt-clickhouse) (2.32.5)
[2025-09-19T10:06:57.567+0000] {process_utils.py:191} INFO - Requirement already satisfied: snowplow-tracker<2.0,>=1.0.2 in /tmp/cosmos_venv_ecom_intermediate/lib/python3.10/site-packages (from dbt-core>=1.9->dbt-clickhouse) (1.1.0)
[2025-09-19T10:06:57.567+0000] {process_utils.py:191} INFO - Requirement already satisfied: pathspec<0.13,>=0.9 in /tmp/cosmos_venv_ecom_intermediate/lib/python3.10/site-packages (from dbt-core>=1.9->dbt-clickhouse) (0.12.1)
[2025-09-19T10:06:57.568+0000] {process_utils.py:191} INFO - Requirement already satisfied: sqlparse<0.6.0,>=0.5.0 in /tmp/cosmos_venv_ecom_intermediate/lib/python3.10/site-packages (from dbt-core>=1.9->dbt-clickhouse) (0.5.3)
[2025-09-19T10:06:57.569+0000] {process_utils.py:191} INFO - Requirement already satisfied: dbt-extractor<=0.6,>=0.5.0 in /tmp/cosmos_venv_ecom_intermediate/lib/python3.10/site-packages (from dbt-core>=1.9->dbt-clickhouse) (0.6.0)
[2025-09-19T10:06:57.570+0000] {process_utils.py:191} INFO - Requirement already satisfied: dbt-semantic-interfaces<0.10,>=0.9.0 in /tmp/cosmos_venv_ecom_intermediate/lib/python3.10/site-packages (from dbt-core>=1.9->dbt-clickhouse) (0.9.0)
[2025-09-19T10:06:57.570+0000] {process_utils.py:191} INFO - Requirement already satisfied: dbt-common<2.0,>=1.27.0 in /tmp/cosmos_venv_ecom_intermediate/lib/python3.10/site-packages (from dbt-core>=1.9->dbt-clickhouse) (1.30.0)
[2025-09-19T10:06:57.571+0000] {process_utils.py:191} INFO - Requirement already satisfied: dbt-adapters<2.0,>=1.15.5 in /tmp/cosmos_venv_ecom_intermediate/lib/python3.10/site-packages (from dbt-core>=1.9->dbt-clickhouse) (1.16.7)
[2025-09-19T10:06:57.572+0000] {process_utils.py:191} INFO - Requirement already satisfied: dbt-protos<2.0,>=1.0.346 in /tmp/cosmos_venv_ecom_intermediate/lib/python3.10/site-packages (from dbt-core>=1.9->dbt-clickhouse) (1.0.375)
[2025-09-19T10:06:57.573+0000] {process_utils.py:191} INFO - Requirement already satisfied: pydantic<3 in /tmp/cosmos_venv_ecom_intermediate/lib/python3.10/site-packages (from dbt-core>=1.9->dbt-clickhouse) (2.11.8)
[2025-09-19T10:06:57.573+0000] {process_utils.py:191} INFO - Requirement already satisfied: packaging>20.9 in /tmp/cosmos_venv_ecom_intermediate/lib/python3.10/site-packages (from dbt-core>=1.9->dbt-clickhouse) (25.0)
[2025-09-19T10:06:57.574+0000] {process_utils.py:191} INFO - Requirement already satisfied: pyyaml>=6.0 in /tmp/cosmos_venv_ecom_intermediate/lib/python3.10/site-packages (from dbt-core>=1.9->dbt-clickhouse) (6.0.2)
[2025-09-19T10:06:57.575+0000] {process_utils.py:191} INFO - Requirement already satisfied: daff>=1.3.46 in /tmp/cosmos_venv_ecom_intermediate/lib/python3.10/site-packages (from dbt-core>=1.9->dbt-clickhouse) (1.4.2)
[2025-09-19T10:06:57.576+0000] {process_utils.py:191} INFO - Requirement already satisfied: typing-extensions>=4.4 in /tmp/cosmos_venv_ecom_intermediate/lib/python3.10/site-packages (from dbt-core>=1.9->dbt-clickhouse) (4.15.0)
[2025-09-19T10:06:57.577+0000] {process_utils.py:191} INFO - Requirement already satisfied: Babel>=2.0 in /tmp/cosmos_venv_ecom_intermediate/lib/python3.10/site-packages (from agate<1.10,>=1.7.0->dbt-core>=1.9->dbt-clickhouse) (2.17.0)
[2025-09-19T10:06:57.577+0000] {process_utils.py:191} INFO - Requirement already satisfied: isodate>=0.5.4 in /tmp/cosmos_venv_ecom_intermediate/lib/python3.10/site-packages (from agate<1.10,>=1.7.0->dbt-core>=1.9->dbt-clickhouse) (0.6.1)
[2025-09-19T10:06:57.578+0000] {process_utils.py:191} INFO - Requirement already satisfied: leather>=0.3.2 in /tmp/cosmos_venv_ecom_intermediate/lib/python3.10/site-packages (from agate<1.10,>=1.7.0->dbt-core>=1.9->dbt-clickhouse) (0.4.0)
[2025-09-19T10:06:57.579+0000] {process_utils.py:191} INFO - Requirement already satisfied: parsedatetime!=2.5,>=2.1 in /tmp/cosmos_venv_ecom_intermediate/lib/python3.10/site-packages (from agate<1.10,>=1.7.0->dbt-core>=1.9->dbt-clickhouse) (2.6)
[2025-09-19T10:06:57.580+0000] {process_utils.py:191} INFO - Requirement already satisfied: python-slugify>=1.2.1 in /tmp/cosmos_venv_ecom_intermediate/lib/python3.10/site-packages (from agate<1.10,>=1.7.0->dbt-core>=1.9->dbt-clickhouse) (8.0.4)
[2025-09-19T10:06:57.581+0000] {process_utils.py:191} INFO - Requirement already satisfied: pytimeparse>=1.1.5 in /tmp/cosmos_venv_ecom_intermediate/lib/python3.10/site-packages (from agate<1.10,>=1.7.0->dbt-core>=1.9->dbt-clickhouse) (1.1.8)
[2025-09-19T10:06:57.592+0000] {process_utils.py:191} INFO - Requirement already satisfied: colorama<0.5,>=0.3.9 in /tmp/cosmos_venv_ecom_intermediate/lib/python3.10/site-packages (from dbt-common<2.0,>=1.27.0->dbt-core>=1.9->dbt-clickhouse) (0.4.6)
[2025-09-19T10:06:57.593+0000] {process_utils.py:191} INFO - Requirement already satisfied: deepdiff<9.0,>=7.0 in /tmp/cosmos_venv_ecom_intermediate/lib/python3.10/site-packages (from dbt-common<2.0,>=1.27.0->dbt-core>=1.9->dbt-clickhouse) (8.6.1)
[2025-09-19T10:06:57.595+0000] {process_utils.py:191} INFO - Requirement already satisfied: python-dateutil<3.0,>=2.0 in /tmp/cosmos_venv_ecom_intermediate/lib/python3.10/site-packages (from dbt-common<2.0,>=1.27.0->dbt-core>=1.9->dbt-clickhouse) (2.9.0.post0)
[2025-09-19T10:06:57.602+0000] {process_utils.py:191} INFO - Requirement already satisfied: importlib-metadata<9,>=6.0 in /tmp/cosmos_venv_ecom_intermediate/lib/python3.10/site-packages (from dbt-semantic-interfaces<0.10,>=0.9.0->dbt-core>=1.9->dbt-clickhouse) (8.7.0)
[2025-09-19T10:06:57.604+0000] {process_utils.py:191} INFO - Requirement already satisfied: more-itertools<11.0,>=8.0 in /tmp/cosmos_venv_ecom_intermediate/lib/python3.10/site-packages (from dbt-semantic-interfaces<0.10,>=0.9.0->dbt-core>=1.9->dbt-clickhouse) (10.8.0)
[2025-09-19T10:06:57.613+0000] {process_utils.py:191} INFO - Requirement already satisfied: orderly-set<6,>=5.4.1 in /tmp/cosmos_venv_ecom_intermediate/lib/python3.10/site-packages (from deepdiff<9.0,>=7.0->dbt-common<2.0,>=1.27.0->dbt-core>=1.9->dbt-clickhouse) (5.5.0)
[2025-09-19T10:06:57.619+0000] {process_utils.py:191} INFO - Requirement already satisfied: zipp>=3.20 in /tmp/cosmos_venv_ecom_intermediate/lib/python3.10/site-packages (from importlib-metadata<9,>=6.0->dbt-semantic-interfaces<0.10,>=0.9.0->dbt-core>=1.9->dbt-clickhouse) (3.23.0)
[2025-09-19T10:06:57.621+0000] {process_utils.py:191} INFO - Requirement already satisfied: six in /tmp/cosmos_venv_ecom_intermediate/lib/python3.10/site-packages (from isodate>=0.5.4->agate<1.10,>=1.7.0->dbt-core>=1.9->dbt-clickhouse) (1.17.0)
[2025-09-19T10:06:57.623+0000] {process_utils.py:191} INFO - Requirement already satisfied: MarkupSafe>=2.0 in /tmp/cosmos_venv_ecom_intermediate/lib/python3.10/site-packages (from Jinja2<4,>=3.1.3->dbt-core>=1.9->dbt-clickhouse) (3.0.2)
[2025-09-19T10:06:57.628+0000] {process_utils.py:191} INFO - Requirement already satisfied: attrs>=22.2.0 in /tmp/cosmos_venv_ecom_intermediate/lib/python3.10/site-packages (from jsonschema<5.0,>=4.19.1->dbt-core>=1.9->dbt-clickhouse) (25.3.0)
[2025-09-19T10:06:57.629+0000] {process_utils.py:191} INFO - Requirement already satisfied: jsonschema-specifications>=2023.03.6 in /tmp/cosmos_venv_ecom_intermediate/lib/python3.10/site-packages (from jsonschema<5.0,>=4.19.1->dbt-core>=1.9->dbt-clickhouse) (2025.9.1)
[2025-09-19T10:06:57.629+0000] {process_utils.py:191} INFO - Requirement already satisfied: referencing>=0.28.4 in /tmp/cosmos_venv_ecom_intermediate/lib/python3.10/site-packages (from jsonschema<5.0,>=4.19.1->dbt-core>=1.9->dbt-clickhouse) (0.36.2)
[2025-09-19T10:06:57.630+0000] {process_utils.py:191} INFO - Requirement already satisfied: rpds-py>=0.7.1 in /tmp/cosmos_venv_ecom_intermediate/lib/python3.10/site-packages (from jsonschema<5.0,>=4.19.1->dbt-core>=1.9->dbt-clickhouse) (0.27.1)
[2025-09-19T10:06:57.638+0000] {process_utils.py:191} INFO - Requirement already satisfied: msgpack>=0.5.6 in /tmp/cosmos_venv_ecom_intermediate/lib/python3.10/site-packages (from mashumaro[msgpack]<3.15,>=3.9->dbt-core>=1.9->dbt-clickhouse) (1.1.1)
[2025-09-19T10:06:57.658+0000] {process_utils.py:191} INFO - Requirement already satisfied: annotated-types>=0.6.0 in /tmp/cosmos_venv_ecom_intermediate/lib/python3.10/site-packages (from pydantic<3->dbt-core>=1.9->dbt-clickhouse) (0.7.0)
[2025-09-19T10:06:57.659+0000] {process_utils.py:191} INFO - Requirement already satisfied: pydantic-core==2.33.2 in /tmp/cosmos_venv_ecom_intermediate/lib/python3.10/site-packages (from pydantic<3->dbt-core>=1.9->dbt-clickhouse) (2.33.2)
[2025-09-19T10:06:57.661+0000] {process_utils.py:191} INFO - Requirement already satisfied: typing-inspection>=0.4.0 in /tmp/cosmos_venv_ecom_intermediate/lib/python3.10/site-packages (from pydantic<3->dbt-core>=1.9->dbt-clickhouse) (0.4.1)
[2025-09-19T10:06:57.672+0000] {process_utils.py:191} INFO - Requirement already satisfied: charset_normalizer<4,>=2 in /tmp/cosmos_venv_ecom_intermediate/lib/python3.10/site-packages (from requests<3.0.0->dbt-core>=1.9->dbt-clickhouse) (3.4.3)
[2025-09-19T10:06:57.673+0000] {process_utils.py:191} INFO - Requirement already satisfied: idna<4,>=2.5 in /tmp/cosmos_venv_ecom_intermediate/lib/python3.10/site-packages (from requests<3.0.0->dbt-core>=1.9->dbt-clickhouse) (3.10)
[2025-09-19T10:06:57.712+0000] {process_utils.py:191} INFO - Requirement already satisfied: text-unidecode>=1.3 in /tmp/cosmos_venv_ecom_intermediate/lib/python3.10/site-packages (from python-slugify>=1.2.1->agate<1.10,>=1.7.0->dbt-core>=1.9->dbt-clickhouse) (1.3)
[2025-09-19T10:06:57.849+0000] {local.py:470} INFO - Cloning project to writable temp directory /tmp/tmp3f5g5fx6 from /opt/airflow/dags/dbt/ecom_intermediate
[2025-09-19T10:06:57.863+0000] {local.py:490} INFO - Partial parse is enabled and the latest partial parse file is /tmp/cosmos/dbt_intermediate__intermediate/target/partial_parse.msgpack
[2025-09-19T10:06:57.876+0000] {config.py:362} INFO - Using user-supplied profiles.yml at /opt/airflow/dags/dbt/profiles.yml
[2025-09-19T10:06:57.886+0000] {virtualenv.py:99} INFO - Using Python binary from virtualenv: /tmp/cosmos_venv_ecom_intermediate/bin/python
[2025-09-19T10:06:57.887+0000] {local.py:434} INFO - Trying to run the command:
 ['/tmp/cosmos_venv_ecom_intermediate/bin/dbt', 'deps', '--project-dir', '/tmp/tmp3f5g5fx6', '--profiles-dir', '/opt/***/dags/dbt', '--profile', 'ecom_intermediate', '--target', 'dev']
From /tmp/tmp3f5g5fx6
[2025-09-19T10:06:57.887+0000] {subprocess.py:56} INFO - Tmp dir root location: 
 /tmp
[2025-09-19T10:06:57.888+0000] {subprocess.py:69} INFO - Running command: ['/tmp/cosmos_venv_ecom_intermediate/bin/dbt', 'deps', '--project-dir', '/tmp/tmp3f5g5fx6', '--profiles-dir', '/opt/***/dags/dbt', '--profile', 'ecom_intermediate', '--target', 'dev']
[2025-09-19T10:06:57.898+0000] {subprocess.py:80} INFO - Command output:
[2025-09-19T10:07:00.034+0000] {subprocess.py:90} INFO - [0m10:07:00  Running with dbt=1.10.11
[2025-09-19T10:07:00.953+0000] {subprocess.py:90} INFO - [0m10:07:00  Installing dbt-labs/dbt_utils
[2025-09-19T10:07:01.727+0000] {subprocess.py:90} INFO - [0m10:07:01  Installed from version 1.3.0
[2025-09-19T10:07:01.728+0000] {subprocess.py:90} INFO - [0m10:07:01  Updated version available: 1.3.1
[2025-09-19T10:07:01.729+0000] {subprocess.py:90} INFO - [0m10:07:01
[2025-09-19T10:07:01.729+0000] {subprocess.py:90} INFO - [0m10:07:01  Updates available for packages: ['dbt-labs/dbt_utils']
[2025-09-19T10:07:01.730+0000] {subprocess.py:90} INFO - Update your versions in packages.yml, then run dbt deps
[2025-09-19T10:07:03.491+0000] {subprocess.py:94} INFO - Command exited with return code 0
[2025-09-19T10:07:03.492+0000] {local.py:441} INFO - Update your versions in packages.yml, then run dbt deps
[2025-09-19T10:07:03.493+0000] {virtualenv.py:99} INFO - Using Python binary from virtualenv: /tmp/cosmos_venv_ecom_intermediate/bin/python
[2025-09-19T10:07:03.494+0000] {local.py:434} INFO - Trying to run the command:
 ['/tmp/cosmos_venv_ecom_intermediate/bin/dbt', 'run', '--models', 'subcategories_enriched', '--project-dir', '/tmp/tmp3f5g5fx6', '--profiles-dir', '/opt/***/dags/dbt', '--profile', 'ecom_intermediate', '--target', 'dev']
From /tmp/tmp3f5g5fx6
[2025-09-19T10:07:03.494+0000] {subprocess.py:56} INFO - Tmp dir root location: 
 /tmp
[2025-09-19T10:07:03.495+0000] {subprocess.py:69} INFO - Running command: ['/tmp/cosmos_venv_ecom_intermediate/bin/dbt', 'run', '--models', 'subcategories_enriched', '--project-dir', '/tmp/tmp3f5g5fx6', '--profiles-dir', '/opt/***/dags/dbt', '--profile', 'ecom_intermediate', '--target', 'dev']
[2025-09-19T10:07:03.507+0000] {subprocess.py:80} INFO - Command output:
[2025-09-19T10:07:05.850+0000] {subprocess.py:90} INFO - [0m10:07:05  Running with dbt=1.10.11
[2025-09-19T10:07:05.852+0000] {subprocess.py:90} INFO - [0m10:07:05  [[33mWARNING[0m]: Deprecated functionality
[2025-09-19T10:07:05.853+0000] {subprocess.py:90} INFO - Usage of `--models`, `--model`, and `-m` is deprecated in favor of `--select` or
[2025-09-19T10:07:05.853+0000] {subprocess.py:90} INFO - `-s`.
[2025-09-19T10:07:06.203+0000] {subprocess.py:90} INFO - [0m10:07:06  Registered adapter: clickhouse=1.9.3
[2025-09-19T10:07:07.202+0000] {subprocess.py:90} INFO - [0m10:07:07  Found 15 models, 50 data tests, 8 sources, 597 macros
[2025-09-19T10:07:07.207+0000] {subprocess.py:90} INFO - [0m10:07:07
[2025-09-19T10:07:07.208+0000] {subprocess.py:90} INFO - [0m10:07:07  Concurrency: 4 threads (target='dev')
[2025-09-19T10:07:07.209+0000] {subprocess.py:90} INFO - [0m10:07:07
[2025-09-19T10:07:07.375+0000] {subprocess.py:90} INFO - [0m10:07:07  1 of 1 START sql table model `ecom_db_intermediate`.`subcategories_enriched` ... [RUN]
[2025-09-19T10:07:07.561+0000] {subprocess.py:90} INFO - [0m10:07:07  1 of 1 OK created sql table model `ecom_db_intermediate`.`subcategories_enriched`  [[32mOK[0m in 0.18s]
[2025-09-19T10:07:07.567+0000] {subprocess.py:90} INFO - [0m10:07:07
[2025-09-19T10:07:07.569+0000] {subprocess.py:90} INFO - [0m10:07:07  Finished running 1 table model in 0 hours 0 minutes and 0.36 seconds (0.36s).
[2025-09-19T10:07:07.644+0000] {subprocess.py:90} INFO - [0m10:07:07
[2025-09-19T10:07:07.645+0000] {subprocess.py:90} INFO - [0m10:07:07  [32mCompleted successfully[0m
[2025-09-19T10:07:07.650+0000] {subprocess.py:90} INFO - [0m10:07:07
[2025-09-19T10:07:07.651+0000] {subprocess.py:90} INFO - [0m10:07:07  Done. PASS=1 WARN=0 ERROR=0 SKIP=0 NO-OP=0 TOTAL=1
[2025-09-19T10:07:07.651+0000] {subprocess.py:90} INFO - [0m10:07:07  [[33mWARNING[0m][DeprecationsSummary]: Deprecated functionality
[2025-09-19T10:07:07.652+0000] {subprocess.py:90} INFO - Summary of encountered deprecations:
[2025-09-19T10:07:07.653+0000] {subprocess.py:90} INFO - - ModelParamUsageDeprecation: 1 occurrence
[2025-09-19T10:07:07.653+0000] {subprocess.py:90} INFO - To see all deprecation instances instead of just the first occurrence of each,
[2025-09-19T10:07:07.654+0000] {subprocess.py:90} INFO - run command again with the `--show-all-deprecations` flag. You may also need to
[2025-09-19T10:07:07.654+0000] {subprocess.py:90} INFO - run with `--no-partial-parse` as some deprecations are only encountered during
[2025-09-19T10:07:07.654+0000] {subprocess.py:90} INFO - parsing.
[2025-09-19T10:07:09.427+0000] {subprocess.py:94} INFO - Command exited with return code 0
[2025-09-19T10:07:09.428+0000] {local.py:441} INFO - parsing.
[2025-09-19T10:07:09.442+0000] {local.py:196} WARNING - Artifact schema version: https://schemas.getdbt.com/dbt/manifest/v12.json is above dbt-ol supported version 7. This might cause errors.
[2025-09-19T10:07:09.443+0000] {local.py:196} WARNING - Artifact schema version: https://schemas.getdbt.com/dbt/run-results/v6.json is above dbt-ol supported version 5. This might cause errors.
[2025-09-19T10:07:09.450+0000] {local.py:547} INFO - Inlets: []
[2025-09-19T10:07:09.451+0000] {local.py:548} INFO - Outlets: []
[2025-09-19T10:07:09.451+0000] {local.py:772} INFO - Assigning inlets/outlets without DatasetAlias
[2025-09-19T10:07:09.452+0000] {dag.py:3089} INFO - Sync 1 DAGs
[2025-09-19T10:07:09.625+0000] {virtualenv.py:131} INFO - Releasing virtualenv lock
[2025-09-19T10:07:09.626+0000] {virtualenv.py:201} WARNING - Lockfile /tmp/cosmos_venv_ecom_intermediate/cosmos_virtualenv.lock not found, perhaps deleted by other concurrent operator?
[2025-09-19T10:07:09.627+0000] {virtualenv.py:145} INFO - None
[2025-09-19T10:07:09.627+0000] {taskinstance.py:441} INFO - ::group::Post task execution logs
[2025-09-19T10:07:09.673+0000] {taskinstance.py:1206} INFO - Marking task as SUCCESS. dag_id=dbt_intermediate, task_id=intermediate.subcategories_enriched.run, run_id=manual__2025-09-19T10:00:34.117962+00:00, execution_date=20250919T100034, start_date=20250919T100452, end_date=20250919T100709
[2025-09-19T10:07:09.737+0000] {local_task_job_runner.py:243} INFO - Task exited with return code 0
[2025-09-19T10:07:09.786+0000] {local_task_job_runner.py:222} INFO - ::endgroup::
