[2025-09-14T13:59:10.872+0000] {local_task_job_runner.py:120} INFO - ::group::Pre task execution logs
[2025-09-14T13:59:11.729+0000] {taskinstance.py:2076} INFO - Dependencies all met for dep_context=non-requeueable deps ti=<TaskInstance: dbt_intermediate.intermediate.order_statuses.run scheduled__2025-09-13T00:00:00+00:00 [queued]>
[2025-09-14T13:59:11.776+0000] {taskinstance.py:2076} INFO - Dependencies all met for dep_context=requeueable deps ti=<TaskInstance: dbt_intermediate.intermediate.order_statuses.run scheduled__2025-09-13T00:00:00+00:00 [queued]>
[2025-09-14T13:59:11.778+0000] {taskinstance.py:2306} INFO - Starting attempt 1 of 1
[2025-09-14T13:59:11.852+0000] {taskinstance.py:2330} INFO - Executing <Task(DbtRunVirtualenvOperator): intermediate.order_statuses.run> on 2025-09-13 00:00:00+00:00
[2025-09-14T13:59:11.863+0000] {standard_task_runner.py:64} INFO - Started process 3471 to run task
[2025-09-14T13:59:11.877+0000] {standard_task_runner.py:90} INFO - Running: ['***', 'tasks', 'run', 'dbt_intermediate', 'intermediate.order_statuses.run', 'scheduled__2025-09-13T00:00:00+00:00', '--job-id', '311', '--raw', '--subdir', 'DAGS_FOLDER/dbt_intermediate.py', '--cfg-path', '/tmp/tmpkxl2mjw0']
[2025-09-14T13:59:11.892+0000] {standard_task_runner.py:91} INFO - Job 311: Subtask intermediate.order_statuses.run
[2025-09-14T13:59:12.870+0000] {task_command.py:426} INFO - Running <TaskInstance: dbt_intermediate.intermediate.order_statuses.run scheduled__2025-09-13T00:00:00+00:00 [running]> on host e95bde6b8d07
[2025-09-14T13:59:14.505+0000] {taskinstance.py:2648} INFO - Exporting env vars: AIRFLOW_CTX_DAG_OWNER='***' AIRFLOW_CTX_DAG_ID='dbt_intermediate' AIRFLOW_CTX_TASK_ID='intermediate.order_statuses.run' AIRFLOW_CTX_EXECUTION_DATE='2025-09-13T00:00:00+00:00' AIRFLOW_CTX_TRY_NUMBER='1' AIRFLOW_CTX_DAG_RUN_ID='scheduled__2025-09-13T00:00:00+00:00'
[2025-09-14T13:59:14.512+0000] {taskinstance.py:430} INFO - ::endgroup::
[2025-09-14T13:59:14.544+0000] {virtualenv.py:120} INFO - Checking if the virtualenv lock /tmp/cosmos_venv_ecom_intermediate/cosmos_virtualenv.lock exists
[2025-09-14T13:59:14.546+0000] {virtualenv.py:178} INFO - Checking for running process with PID 3470
[2025-09-14T13:59:14.548+0000] {virtualenv.py:181} INFO - Process 3470 running: True and has the lock /tmp/cosmos_venv_ecom_intermediate/cosmos_virtualenv.lock.
[2025-09-14T13:59:14.557+0000] {virtualenv.py:122} INFO - Waiting for virtualenv lock to be released
[2025-09-14T13:59:15.560+0000] {virtualenv.py:178} INFO - Checking for running process with PID 3470
[2025-09-14T13:59:15.562+0000] {virtualenv.py:181} INFO - Process 3470 running: True and has the lock /tmp/cosmos_venv_ecom_intermediate/cosmos_virtualenv.lock.
[2025-09-14T13:59:15.564+0000] {virtualenv.py:122} INFO - Waiting for virtualenv lock to be released
[2025-09-14T13:59:16.566+0000] {virtualenv.py:178} INFO - Checking for running process with PID 3470
[2025-09-14T13:59:16.567+0000] {virtualenv.py:181} INFO - Process 3470 running: True and has the lock /tmp/cosmos_venv_ecom_intermediate/cosmos_virtualenv.lock.
[2025-09-14T13:59:16.567+0000] {virtualenv.py:122} INFO - Waiting for virtualenv lock to be released
[2025-09-14T13:59:17.569+0000] {virtualenv.py:178} INFO - Checking for running process with PID 3470
[2025-09-14T13:59:17.577+0000] {virtualenv.py:181} INFO - Process 3470 running: True and has the lock /tmp/cosmos_venv_ecom_intermediate/cosmos_virtualenv.lock.
[2025-09-14T13:59:17.578+0000] {virtualenv.py:122} INFO - Waiting for virtualenv lock to be released
[2025-09-14T13:59:18.581+0000] {virtualenv.py:178} INFO - Checking for running process with PID 3470
[2025-09-14T13:59:18.582+0000] {virtualenv.py:181} INFO - Process 3470 running: True and has the lock /tmp/cosmos_venv_ecom_intermediate/cosmos_virtualenv.lock.
[2025-09-14T13:59:18.582+0000] {virtualenv.py:122} INFO - Waiting for virtualenv lock to be released
[2025-09-14T13:59:19.584+0000] {virtualenv.py:178} INFO - Checking for running process with PID 3470
[2025-09-14T13:59:19.585+0000] {virtualenv.py:181} INFO - Process 3470 running: True and has the lock /tmp/cosmos_venv_ecom_intermediate/cosmos_virtualenv.lock.
[2025-09-14T13:59:19.585+0000] {virtualenv.py:122} INFO - Waiting for virtualenv lock to be released
[2025-09-14T13:59:20.587+0000] {virtualenv.py:178} INFO - Checking for running process with PID 3470
[2025-09-14T13:59:20.588+0000] {virtualenv.py:181} INFO - Process 3470 running: True and has the lock /tmp/cosmos_venv_ecom_intermediate/cosmos_virtualenv.lock.
[2025-09-14T13:59:20.588+0000] {virtualenv.py:122} INFO - Waiting for virtualenv lock to be released
[2025-09-14T13:59:21.590+0000] {virtualenv.py:178} INFO - Checking for running process with PID 3470
[2025-09-14T13:59:21.591+0000] {virtualenv.py:181} INFO - Process 3470 running: True and has the lock /tmp/cosmos_venv_ecom_intermediate/cosmos_virtualenv.lock.
[2025-09-14T13:59:21.591+0000] {virtualenv.py:122} INFO - Waiting for virtualenv lock to be released
[2025-09-14T13:59:22.593+0000] {virtualenv.py:178} INFO - Checking for running process with PID 3470
[2025-09-14T13:59:22.594+0000] {virtualenv.py:181} INFO - Process 3470 running: True and has the lock /tmp/cosmos_venv_ecom_intermediate/cosmos_virtualenv.lock.
[2025-09-14T13:59:22.594+0000] {virtualenv.py:122} INFO - Waiting for virtualenv lock to be released
[2025-09-14T13:59:23.596+0000] {virtualenv.py:178} INFO - Checking for running process with PID 3470
[2025-09-14T13:59:23.597+0000] {virtualenv.py:181} INFO - Process 3470 running: True and has the lock /tmp/cosmos_venv_ecom_intermediate/cosmos_virtualenv.lock.
[2025-09-14T13:59:23.598+0000] {virtualenv.py:122} INFO - Waiting for virtualenv lock to be released
[2025-09-14T13:59:24.600+0000] {virtualenv.py:178} INFO - Checking for running process with PID 3470
[2025-09-14T13:59:24.601+0000] {virtualenv.py:181} INFO - Process 3470 running: True and has the lock /tmp/cosmos_venv_ecom_intermediate/cosmos_virtualenv.lock.
[2025-09-14T13:59:24.602+0000] {virtualenv.py:122} INFO - Waiting for virtualenv lock to be released
[2025-09-14T13:59:25.603+0000] {virtualenv.py:178} INFO - Checking for running process with PID 3470
[2025-09-14T13:59:25.605+0000] {virtualenv.py:181} INFO - Process 3470 running: True and has the lock /tmp/cosmos_venv_ecom_intermediate/cosmos_virtualenv.lock.
[2025-09-14T13:59:25.605+0000] {virtualenv.py:122} INFO - Waiting for virtualenv lock to be released
[2025-09-14T13:59:26.607+0000] {virtualenv.py:178} INFO - Checking for running process with PID 3470
[2025-09-14T13:59:26.608+0000] {virtualenv.py:181} INFO - Process 3470 running: True and has the lock /tmp/cosmos_venv_ecom_intermediate/cosmos_virtualenv.lock.
[2025-09-14T13:59:26.609+0000] {virtualenv.py:122} INFO - Waiting for virtualenv lock to be released
[2025-09-14T13:59:27.610+0000] {virtualenv.py:178} INFO - Checking for running process with PID 3470
[2025-09-14T13:59:27.610+0000] {virtualenv.py:181} INFO - Process 3470 running: True and has the lock /tmp/cosmos_venv_ecom_intermediate/cosmos_virtualenv.lock.
[2025-09-14T13:59:27.611+0000] {virtualenv.py:122} INFO - Waiting for virtualenv lock to be released
[2025-09-14T13:59:28.612+0000] {virtualenv.py:178} INFO - Checking for running process with PID 3470
[2025-09-14T13:59:28.613+0000] {virtualenv.py:181} INFO - Process 3470 running: True and has the lock /tmp/cosmos_venv_ecom_intermediate/cosmos_virtualenv.lock.
[2025-09-14T13:59:28.614+0000] {virtualenv.py:122} INFO - Waiting for virtualenv lock to be released
[2025-09-14T13:59:29.615+0000] {virtualenv.py:178} INFO - Checking for running process with PID 3470
[2025-09-14T13:59:29.617+0000] {virtualenv.py:181} INFO - Process 3470 running: True and has the lock /tmp/cosmos_venv_ecom_intermediate/cosmos_virtualenv.lock.
[2025-09-14T13:59:29.617+0000] {virtualenv.py:122} INFO - Waiting for virtualenv lock to be released
[2025-09-14T13:59:30.619+0000] {virtualenv.py:178} INFO - Checking for running process with PID 3470
[2025-09-14T13:59:30.620+0000] {virtualenv.py:181} INFO - Process 3470 running: True and has the lock /tmp/cosmos_venv_ecom_intermediate/cosmos_virtualenv.lock.
[2025-09-14T13:59:30.621+0000] {virtualenv.py:122} INFO - Waiting for virtualenv lock to be released
[2025-09-14T13:59:31.622+0000] {virtualenv.py:178} INFO - Checking for running process with PID 3486
[2025-09-14T13:59:31.623+0000] {virtualenv.py:181} INFO - Process 3486 running: True and has the lock /tmp/cosmos_venv_ecom_intermediate/cosmos_virtualenv.lock.
[2025-09-14T13:59:31.624+0000] {virtualenv.py:122} INFO - Waiting for virtualenv lock to be released
[2025-09-14T13:59:32.625+0000] {virtualenv.py:178} INFO - Checking for running process with PID 3486
[2025-09-14T13:59:32.626+0000] {virtualenv.py:181} INFO - Process 3486 running: True and has the lock /tmp/cosmos_venv_ecom_intermediate/cosmos_virtualenv.lock.
[2025-09-14T13:59:32.626+0000] {virtualenv.py:122} INFO - Waiting for virtualenv lock to be released
[2025-09-14T13:59:33.628+0000] {virtualenv.py:178} INFO - Checking for running process with PID 3486
[2025-09-14T13:59:33.628+0000] {virtualenv.py:181} INFO - Process 3486 running: True and has the lock /tmp/cosmos_venv_ecom_intermediate/cosmos_virtualenv.lock.
[2025-09-14T13:59:33.629+0000] {virtualenv.py:122} INFO - Waiting for virtualenv lock to be released
[2025-09-14T13:59:34.630+0000] {virtualenv.py:178} INFO - Checking for running process with PID 3486
[2025-09-14T13:59:34.631+0000] {virtualenv.py:181} INFO - Process 3486 running: True and has the lock /tmp/cosmos_venv_ecom_intermediate/cosmos_virtualenv.lock.
[2025-09-14T13:59:34.632+0000] {virtualenv.py:122} INFO - Waiting for virtualenv lock to be released
[2025-09-14T13:59:35.633+0000] {virtualenv.py:178} INFO - Checking for running process with PID 3486
[2025-09-14T13:59:35.634+0000] {virtualenv.py:181} INFO - Process 3486 running: True and has the lock /tmp/cosmos_venv_ecom_intermediate/cosmos_virtualenv.lock.
[2025-09-14T13:59:35.635+0000] {virtualenv.py:122} INFO - Waiting for virtualenv lock to be released
[2025-09-14T13:59:36.637+0000] {virtualenv.py:178} INFO - Checking for running process with PID 3486
[2025-09-14T13:59:36.637+0000] {virtualenv.py:181} INFO - Process 3486 running: True and has the lock /tmp/cosmos_venv_ecom_intermediate/cosmos_virtualenv.lock.
[2025-09-14T13:59:36.638+0000] {virtualenv.py:122} INFO - Waiting for virtualenv lock to be released
[2025-09-14T13:59:37.642+0000] {virtualenv.py:178} INFO - Checking for running process with PID 3486
[2025-09-14T13:59:37.642+0000] {virtualenv.py:181} INFO - Process 3486 running: True and has the lock /tmp/cosmos_venv_ecom_intermediate/cosmos_virtualenv.lock.
[2025-09-14T13:59:37.643+0000] {virtualenv.py:122} INFO - Waiting for virtualenv lock to be released
[2025-09-14T13:59:38.645+0000] {virtualenv.py:178} INFO - Checking for running process with PID 3486
[2025-09-14T13:59:38.645+0000] {virtualenv.py:181} INFO - Process 3486 running: True and has the lock /tmp/cosmos_venv_ecom_intermediate/cosmos_virtualenv.lock.
[2025-09-14T13:59:38.646+0000] {virtualenv.py:122} INFO - Waiting for virtualenv lock to be released
[2025-09-14T13:59:39.647+0000] {virtualenv.py:178} INFO - Checking for running process with PID 3486
[2025-09-14T13:59:39.648+0000] {virtualenv.py:181} INFO - Process 3486 running: True and has the lock /tmp/cosmos_venv_ecom_intermediate/cosmos_virtualenv.lock.
[2025-09-14T13:59:39.648+0000] {virtualenv.py:122} INFO - Waiting for virtualenv lock to be released
[2025-09-14T13:59:40.649+0000] {virtualenv.py:178} INFO - Checking for running process with PID 3486
[2025-09-14T13:59:40.650+0000] {virtualenv.py:181} INFO - Process 3486 running: True and has the lock /tmp/cosmos_venv_ecom_intermediate/cosmos_virtualenv.lock.
[2025-09-14T13:59:40.651+0000] {virtualenv.py:122} INFO - Waiting for virtualenv lock to be released
[2025-09-14T13:59:41.653+0000] {virtualenv.py:178} INFO - Checking for running process with PID 3486
[2025-09-14T13:59:41.654+0000] {virtualenv.py:181} INFO - Process 3486 running: True and has the lock /tmp/cosmos_venv_ecom_intermediate/cosmos_virtualenv.lock.
[2025-09-14T13:59:41.654+0000] {virtualenv.py:122} INFO - Waiting for virtualenv lock to be released
[2025-09-14T13:59:42.656+0000] {virtualenv.py:178} INFO - Checking for running process with PID 3486
[2025-09-14T13:59:42.657+0000] {virtualenv.py:181} INFO - Process 3486 running: True and has the lock /tmp/cosmos_venv_ecom_intermediate/cosmos_virtualenv.lock.
[2025-09-14T13:59:42.657+0000] {virtualenv.py:122} INFO - Waiting for virtualenv lock to be released
[2025-09-14T13:59:43.659+0000] {virtualenv.py:178} INFO - Checking for running process with PID 3486
[2025-09-14T13:59:43.660+0000] {virtualenv.py:181} INFO - Process 3486 running: True and has the lock /tmp/cosmos_venv_ecom_intermediate/cosmos_virtualenv.lock.
[2025-09-14T13:59:43.661+0000] {virtualenv.py:122} INFO - Waiting for virtualenv lock to be released
[2025-09-14T13:59:44.662+0000] {virtualenv.py:178} INFO - Checking for running process with PID 3486
[2025-09-14T13:59:44.663+0000] {virtualenv.py:181} INFO - Process 3486 running: True and has the lock /tmp/cosmos_venv_ecom_intermediate/cosmos_virtualenv.lock.
[2025-09-14T13:59:44.664+0000] {virtualenv.py:122} INFO - Waiting for virtualenv lock to be released
[2025-09-14T13:59:45.665+0000] {virtualenv.py:178} INFO - Checking for running process with PID 3486
[2025-09-14T13:59:45.666+0000] {virtualenv.py:181} INFO - Process 3486 running: True and has the lock /tmp/cosmos_venv_ecom_intermediate/cosmos_virtualenv.lock.
[2025-09-14T13:59:45.666+0000] {virtualenv.py:122} INFO - Waiting for virtualenv lock to be released
[2025-09-14T13:59:46.668+0000] {virtualenv.py:178} INFO - Checking for running process with PID 3473
[2025-09-14T13:59:46.669+0000] {virtualenv.py:181} INFO - Process 3473 running: True and has the lock /tmp/cosmos_venv_ecom_intermediate/cosmos_virtualenv.lock.
[2025-09-14T13:59:46.669+0000] {virtualenv.py:122} INFO - Waiting for virtualenv lock to be released
[2025-09-14T13:59:47.671+0000] {virtualenv.py:178} INFO - Checking for running process with PID 3473
[2025-09-14T13:59:47.672+0000] {virtualenv.py:181} INFO - Process 3473 running: True and has the lock /tmp/cosmos_venv_ecom_intermediate/cosmos_virtualenv.lock.
[2025-09-14T13:59:47.672+0000] {virtualenv.py:122} INFO - Waiting for virtualenv lock to be released
[2025-09-14T13:59:48.674+0000] {virtualenv.py:178} INFO - Checking for running process with PID 3473
[2025-09-14T13:59:48.674+0000] {virtualenv.py:181} INFO - Process 3473 running: True and has the lock /tmp/cosmos_venv_ecom_intermediate/cosmos_virtualenv.lock.
[2025-09-14T13:59:48.675+0000] {virtualenv.py:122} INFO - Waiting for virtualenv lock to be released
[2025-09-14T13:59:49.675+0000] {virtualenv.py:178} INFO - Checking for running process with PID 3473
[2025-09-14T13:59:49.676+0000] {virtualenv.py:181} INFO - Process 3473 running: True and has the lock /tmp/cosmos_venv_ecom_intermediate/cosmos_virtualenv.lock.
[2025-09-14T13:59:49.676+0000] {virtualenv.py:122} INFO - Waiting for virtualenv lock to be released
[2025-09-14T13:59:50.678+0000] {virtualenv.py:178} INFO - Checking for running process with PID 3473
[2025-09-14T13:59:50.679+0000] {virtualenv.py:181} INFO - Process 3473 running: True and has the lock /tmp/cosmos_venv_ecom_intermediate/cosmos_virtualenv.lock.
[2025-09-14T13:59:50.679+0000] {virtualenv.py:122} INFO - Waiting for virtualenv lock to be released
[2025-09-14T13:59:51.681+0000] {virtualenv.py:178} INFO - Checking for running process with PID 3473
[2025-09-14T13:59:51.681+0000] {virtualenv.py:181} INFO - Process 3473 running: True and has the lock /tmp/cosmos_venv_ecom_intermediate/cosmos_virtualenv.lock.
[2025-09-14T13:59:51.682+0000] {virtualenv.py:122} INFO - Waiting for virtualenv lock to be released
[2025-09-14T13:59:52.683+0000] {virtualenv.py:178} INFO - Checking for running process with PID 3473
[2025-09-14T13:59:52.684+0000] {virtualenv.py:181} INFO - Process 3473 running: True and has the lock /tmp/cosmos_venv_ecom_intermediate/cosmos_virtualenv.lock.
[2025-09-14T13:59:52.685+0000] {virtualenv.py:122} INFO - Waiting for virtualenv lock to be released
[2025-09-14T13:59:53.687+0000] {virtualenv.py:178} INFO - Checking for running process with PID 3473
[2025-09-14T13:59:53.688+0000] {virtualenv.py:181} INFO - Process 3473 running: True and has the lock /tmp/cosmos_venv_ecom_intermediate/cosmos_virtualenv.lock.
[2025-09-14T13:59:53.688+0000] {virtualenv.py:122} INFO - Waiting for virtualenv lock to be released
[2025-09-14T13:59:54.689+0000] {virtualenv.py:178} INFO - Checking for running process with PID 3473
[2025-09-14T13:59:54.690+0000] {virtualenv.py:181} INFO - Process 3473 running: True and has the lock /tmp/cosmos_venv_ecom_intermediate/cosmos_virtualenv.lock.
[2025-09-14T13:59:54.691+0000] {virtualenv.py:122} INFO - Waiting for virtualenv lock to be released
[2025-09-14T13:59:55.692+0000] {virtualenv.py:178} INFO - Checking for running process with PID 3473
[2025-09-14T13:59:55.700+0000] {virtualenv.py:181} INFO - Process 3473 running: True and has the lock /tmp/cosmos_venv_ecom_intermediate/cosmos_virtualenv.lock.
[2025-09-14T13:59:55.701+0000] {virtualenv.py:122} INFO - Waiting for virtualenv lock to be released
[2025-09-14T13:59:56.702+0000] {virtualenv.py:178} INFO - Checking for running process with PID 3473
[2025-09-14T13:59:56.703+0000] {virtualenv.py:181} INFO - Process 3473 running: True and has the lock /tmp/cosmos_venv_ecom_intermediate/cosmos_virtualenv.lock.
[2025-09-14T13:59:56.704+0000] {virtualenv.py:122} INFO - Waiting for virtualenv lock to be released
[2025-09-14T13:59:57.705+0000] {virtualenv.py:178} INFO - Checking for running process with PID 3473
[2025-09-14T13:59:57.706+0000] {virtualenv.py:181} INFO - Process 3473 running: True and has the lock /tmp/cosmos_venv_ecom_intermediate/cosmos_virtualenv.lock.
[2025-09-14T13:59:57.706+0000] {virtualenv.py:122} INFO - Waiting for virtualenv lock to be released
[2025-09-14T13:59:58.708+0000] {virtualenv.py:178} INFO - Checking for running process with PID 3473
[2025-09-14T13:59:58.709+0000] {virtualenv.py:181} INFO - Process 3473 running: True and has the lock /tmp/cosmos_venv_ecom_intermediate/cosmos_virtualenv.lock.
[2025-09-14T13:59:58.710+0000] {virtualenv.py:122} INFO - Waiting for virtualenv lock to be released
[2025-09-14T13:59:59.711+0000] {virtualenv.py:178} INFO - Checking for running process with PID 3473
[2025-09-14T13:59:59.712+0000] {virtualenv.py:181} INFO - Process 3473 running: True and has the lock /tmp/cosmos_venv_ecom_intermediate/cosmos_virtualenv.lock.
[2025-09-14T13:59:59.712+0000] {virtualenv.py:122} INFO - Waiting for virtualenv lock to be released
[2025-09-14T14:00:00.714+0000] {virtualenv.py:178} INFO - Checking for running process with PID 3473
[2025-09-14T14:00:00.715+0000] {virtualenv.py:181} INFO - Process 3473 running: True and has the lock /tmp/cosmos_venv_ecom_intermediate/cosmos_virtualenv.lock.
[2025-09-14T14:00:00.715+0000] {virtualenv.py:122} INFO - Waiting for virtualenv lock to be released
[2025-09-14T14:00:01.718+0000] {virtualenv.py:178} INFO - Checking for running process with PID 3473
[2025-09-14T14:00:01.719+0000] {virtualenv.py:181} INFO - Process 3473 running: True and has the lock /tmp/cosmos_venv_ecom_intermediate/cosmos_virtualenv.lock.
[2025-09-14T14:00:01.719+0000] {virtualenv.py:122} INFO - Waiting for virtualenv lock to be released
[2025-09-14T14:00:02.721+0000] {virtualenv.py:178} INFO - Checking for running process with PID 3483
[2025-09-14T14:00:02.721+0000] {virtualenv.py:181} INFO - Process 3483 running: True and has the lock /tmp/cosmos_venv_ecom_intermediate/cosmos_virtualenv.lock.
[2025-09-14T14:00:02.722+0000] {virtualenv.py:122} INFO - Waiting for virtualenv lock to be released
[2025-09-14T14:00:03.723+0000] {virtualenv.py:178} INFO - Checking for running process with PID 3483
[2025-09-14T14:00:03.724+0000] {virtualenv.py:181} INFO - Process 3483 running: True and has the lock /tmp/cosmos_venv_ecom_intermediate/cosmos_virtualenv.lock.
[2025-09-14T14:00:03.724+0000] {virtualenv.py:122} INFO - Waiting for virtualenv lock to be released
[2025-09-14T14:00:04.726+0000] {virtualenv.py:178} INFO - Checking for running process with PID 3483
[2025-09-14T14:00:04.727+0000] {virtualenv.py:181} INFO - Process 3483 running: True and has the lock /tmp/cosmos_venv_ecom_intermediate/cosmos_virtualenv.lock.
[2025-09-14T14:00:04.727+0000] {virtualenv.py:122} INFO - Waiting for virtualenv lock to be released
[2025-09-14T14:00:05.729+0000] {virtualenv.py:178} INFO - Checking for running process with PID 3483
[2025-09-14T14:00:05.731+0000] {virtualenv.py:181} INFO - Process 3483 running: True and has the lock /tmp/cosmos_venv_ecom_intermediate/cosmos_virtualenv.lock.
[2025-09-14T14:00:05.732+0000] {virtualenv.py:122} INFO - Waiting for virtualenv lock to be released
[2025-09-14T14:00:06.733+0000] {virtualenv.py:178} INFO - Checking for running process with PID 3483
[2025-09-14T14:00:06.734+0000] {virtualenv.py:181} INFO - Process 3483 running: True and has the lock /tmp/cosmos_venv_ecom_intermediate/cosmos_virtualenv.lock.
[2025-09-14T14:00:06.735+0000] {virtualenv.py:122} INFO - Waiting for virtualenv lock to be released
[2025-09-14T14:00:07.735+0000] {virtualenv.py:178} INFO - Checking for running process with PID 3483
[2025-09-14T14:00:07.736+0000] {virtualenv.py:181} INFO - Process 3483 running: True and has the lock /tmp/cosmos_venv_ecom_intermediate/cosmos_virtualenv.lock.
[2025-09-14T14:00:07.737+0000] {virtualenv.py:122} INFO - Waiting for virtualenv lock to be released
[2025-09-14T14:00:08.738+0000] {virtualenv.py:178} INFO - Checking for running process with PID 3483
[2025-09-14T14:00:08.739+0000] {virtualenv.py:181} INFO - Process 3483 running: True and has the lock /tmp/cosmos_venv_ecom_intermediate/cosmos_virtualenv.lock.
[2025-09-14T14:00:08.739+0000] {virtualenv.py:122} INFO - Waiting for virtualenv lock to be released
[2025-09-14T14:00:09.741+0000] {virtualenv.py:178} INFO - Checking for running process with PID 3483
[2025-09-14T14:00:09.741+0000] {virtualenv.py:181} INFO - Process 3483 running: True and has the lock /tmp/cosmos_venv_ecom_intermediate/cosmos_virtualenv.lock.
[2025-09-14T14:00:09.742+0000] {virtualenv.py:122} INFO - Waiting for virtualenv lock to be released
[2025-09-14T14:00:10.744+0000] {virtualenv.py:178} INFO - Checking for running process with PID 3483
[2025-09-14T14:00:10.744+0000] {virtualenv.py:181} INFO - Process 3483 running: True and has the lock /tmp/cosmos_venv_ecom_intermediate/cosmos_virtualenv.lock.
[2025-09-14T14:00:10.745+0000] {virtualenv.py:122} INFO - Waiting for virtualenv lock to be released
[2025-09-14T14:00:11.747+0000] {virtualenv.py:178} INFO - Checking for running process with PID 3483
[2025-09-14T14:00:11.752+0000] {virtualenv.py:181} INFO - Process 3483 running: True and has the lock /tmp/cosmos_venv_ecom_intermediate/cosmos_virtualenv.lock.
[2025-09-14T14:00:11.752+0000] {virtualenv.py:122} INFO - Waiting for virtualenv lock to be released
[2025-09-14T14:00:12.754+0000] {virtualenv.py:178} INFO - Checking for running process with PID 3483
[2025-09-14T14:00:12.755+0000] {virtualenv.py:181} INFO - Process 3483 running: True and has the lock /tmp/cosmos_venv_ecom_intermediate/cosmos_virtualenv.lock.
[2025-09-14T14:00:12.755+0000] {virtualenv.py:122} INFO - Waiting for virtualenv lock to be released
[2025-09-14T14:00:13.757+0000] {virtualenv.py:178} INFO - Checking for running process with PID 3483
[2025-09-14T14:00:13.758+0000] {virtualenv.py:181} INFO - Process 3483 running: True and has the lock /tmp/cosmos_venv_ecom_intermediate/cosmos_virtualenv.lock.
[2025-09-14T14:00:13.759+0000] {virtualenv.py:122} INFO - Waiting for virtualenv lock to be released
[2025-09-14T14:00:14.760+0000] {virtualenv.py:178} INFO - Checking for running process with PID 3483
[2025-09-14T14:00:14.761+0000] {virtualenv.py:181} INFO - Process 3483 running: True and has the lock /tmp/cosmos_venv_ecom_intermediate/cosmos_virtualenv.lock.
[2025-09-14T14:00:14.762+0000] {virtualenv.py:122} INFO - Waiting for virtualenv lock to be released
[2025-09-14T14:00:15.763+0000] {virtualenv.py:178} INFO - Checking for running process with PID 3483
[2025-09-14T14:00:15.764+0000] {virtualenv.py:181} INFO - Process 3483 running: True and has the lock /tmp/cosmos_venv_ecom_intermediate/cosmos_virtualenv.lock.
[2025-09-14T14:00:15.764+0000] {virtualenv.py:122} INFO - Waiting for virtualenv lock to be released
[2025-09-14T14:00:16.766+0000] {virtualenv.py:178} INFO - Checking for running process with PID 3483
[2025-09-14T14:00:16.766+0000] {virtualenv.py:181} INFO - Process 3483 running: True and has the lock /tmp/cosmos_venv_ecom_intermediate/cosmos_virtualenv.lock.
[2025-09-14T14:00:16.768+0000] {virtualenv.py:122} INFO - Waiting for virtualenv lock to be released
[2025-09-14T14:00:17.769+0000] {virtualenv.py:178} INFO - Checking for running process with PID 3481
[2025-09-14T14:00:17.770+0000] {virtualenv.py:181} INFO - Process 3481 running: True and has the lock /tmp/cosmos_venv_ecom_intermediate/cosmos_virtualenv.lock.
[2025-09-14T14:00:17.770+0000] {virtualenv.py:122} INFO - Waiting for virtualenv lock to be released
[2025-09-14T14:00:18.772+0000] {virtualenv.py:178} INFO - Checking for running process with PID 3481
[2025-09-14T14:00:18.773+0000] {virtualenv.py:181} INFO - Process 3481 running: True and has the lock /tmp/cosmos_venv_ecom_intermediate/cosmos_virtualenv.lock.
[2025-09-14T14:00:18.774+0000] {virtualenv.py:122} INFO - Waiting for virtualenv lock to be released
[2025-09-14T14:00:19.779+0000] {virtualenv.py:178} INFO - Checking for running process with PID 3481
[2025-09-14T14:00:19.780+0000] {virtualenv.py:181} INFO - Process 3481 running: True and has the lock /tmp/cosmos_venv_ecom_intermediate/cosmos_virtualenv.lock.
[2025-09-14T14:00:19.781+0000] {virtualenv.py:122} INFO - Waiting for virtualenv lock to be released
[2025-09-14T14:00:20.782+0000] {virtualenv.py:178} INFO - Checking for running process with PID 3481
[2025-09-14T14:00:20.783+0000] {virtualenv.py:181} INFO - Process 3481 running: True and has the lock /tmp/cosmos_venv_ecom_intermediate/cosmos_virtualenv.lock.
[2025-09-14T14:00:20.784+0000] {virtualenv.py:122} INFO - Waiting for virtualenv lock to be released
[2025-09-14T14:00:21.786+0000] {virtualenv.py:178} INFO - Checking for running process with PID 3481
[2025-09-14T14:00:21.787+0000] {virtualenv.py:181} INFO - Process 3481 running: True and has the lock /tmp/cosmos_venv_ecom_intermediate/cosmos_virtualenv.lock.
[2025-09-14T14:00:21.787+0000] {virtualenv.py:122} INFO - Waiting for virtualenv lock to be released
[2025-09-14T14:00:22.788+0000] {virtualenv.py:178} INFO - Checking for running process with PID 3481
[2025-09-14T14:00:22.789+0000] {virtualenv.py:181} INFO - Process 3481 running: True and has the lock /tmp/cosmos_venv_ecom_intermediate/cosmos_virtualenv.lock.
[2025-09-14T14:00:22.789+0000] {virtualenv.py:122} INFO - Waiting for virtualenv lock to be released
[2025-09-14T14:00:23.791+0000] {virtualenv.py:178} INFO - Checking for running process with PID 3481
[2025-09-14T14:00:23.792+0000] {virtualenv.py:181} INFO - Process 3481 running: True and has the lock /tmp/cosmos_venv_ecom_intermediate/cosmos_virtualenv.lock.
[2025-09-14T14:00:23.793+0000] {virtualenv.py:122} INFO - Waiting for virtualenv lock to be released
[2025-09-14T14:00:24.794+0000] {virtualenv.py:178} INFO - Checking for running process with PID 3481
[2025-09-14T14:00:24.795+0000] {virtualenv.py:181} INFO - Process 3481 running: True and has the lock /tmp/cosmos_venv_ecom_intermediate/cosmos_virtualenv.lock.
[2025-09-14T14:00:24.796+0000] {virtualenv.py:122} INFO - Waiting for virtualenv lock to be released
[2025-09-14T14:00:25.798+0000] {virtualenv.py:178} INFO - Checking for running process with PID 3481
[2025-09-14T14:00:25.798+0000] {virtualenv.py:181} INFO - Process 3481 running: True and has the lock /tmp/cosmos_venv_ecom_intermediate/cosmos_virtualenv.lock.
[2025-09-14T14:00:25.799+0000] {virtualenv.py:122} INFO - Waiting for virtualenv lock to be released
[2025-09-14T14:00:26.801+0000] {virtualenv.py:178} INFO - Checking for running process with PID 3481
[2025-09-14T14:00:26.801+0000] {virtualenv.py:181} INFO - Process 3481 running: True and has the lock /tmp/cosmos_venv_ecom_intermediate/cosmos_virtualenv.lock.
[2025-09-14T14:00:26.802+0000] {virtualenv.py:122} INFO - Waiting for virtualenv lock to be released
[2025-09-14T14:00:27.804+0000] {virtualenv.py:178} INFO - Checking for running process with PID 3481
[2025-09-14T14:00:27.805+0000] {virtualenv.py:181} INFO - Process 3481 running: True and has the lock /tmp/cosmos_venv_ecom_intermediate/cosmos_virtualenv.lock.
[2025-09-14T14:00:27.806+0000] {virtualenv.py:122} INFO - Waiting for virtualenv lock to be released
[2025-09-14T14:00:28.808+0000] {virtualenv.py:178} INFO - Checking for running process with PID 3481
[2025-09-14T14:00:28.809+0000] {virtualenv.py:181} INFO - Process 3481 running: True and has the lock /tmp/cosmos_venv_ecom_intermediate/cosmos_virtualenv.lock.
[2025-09-14T14:00:28.809+0000] {virtualenv.py:122} INFO - Waiting for virtualenv lock to be released
[2025-09-14T14:00:29.811+0000] {virtualenv.py:178} INFO - Checking for running process with PID 3481
[2025-09-14T14:00:29.811+0000] {virtualenv.py:181} INFO - Process 3481 running: True and has the lock /tmp/cosmos_venv_ecom_intermediate/cosmos_virtualenv.lock.
[2025-09-14T14:00:29.812+0000] {virtualenv.py:122} INFO - Waiting for virtualenv lock to be released
[2025-09-14T14:00:30.814+0000] {virtualenv.py:178} INFO - Checking for running process with PID 3481
[2025-09-14T14:00:30.814+0000] {virtualenv.py:181} INFO - Process 3481 running: True and has the lock /tmp/cosmos_venv_ecom_intermediate/cosmos_virtualenv.lock.
[2025-09-14T14:00:30.815+0000] {virtualenv.py:122} INFO - Waiting for virtualenv lock to be released
[2025-09-14T14:00:31.817+0000] {virtualenv.py:178} INFO - Checking for running process with PID 3481
[2025-09-14T14:00:31.817+0000] {virtualenv.py:181} INFO - Process 3481 running: True and has the lock /tmp/cosmos_venv_ecom_intermediate/cosmos_virtualenv.lock.
[2025-09-14T14:00:31.818+0000] {virtualenv.py:122} INFO - Waiting for virtualenv lock to be released
[2025-09-14T14:00:32.819+0000] {virtualenv.py:178} INFO - Checking for running process with PID 3481
[2025-09-14T14:00:32.821+0000] {virtualenv.py:181} INFO - Process 3481 running: True and has the lock /tmp/cosmos_venv_ecom_intermediate/cosmos_virtualenv.lock.
[2025-09-14T14:00:32.822+0000] {virtualenv.py:122} INFO - Waiting for virtualenv lock to be released
[2025-09-14T14:00:33.824+0000] {virtualenv.py:178} INFO - Checking for running process with PID 3481
[2025-09-14T14:00:33.825+0000] {virtualenv.py:181} INFO - Process 3481 running: True and has the lock /tmp/cosmos_venv_ecom_intermediate/cosmos_virtualenv.lock.
[2025-09-14T14:00:33.826+0000] {virtualenv.py:122} INFO - Waiting for virtualenv lock to be released
[2025-09-14T14:00:34.827+0000] {virtualenv.py:178} INFO - Checking for running process with PID 3484
[2025-09-14T14:00:34.828+0000] {virtualenv.py:181} INFO - Process 3484 running: True and has the lock /tmp/cosmos_venv_ecom_intermediate/cosmos_virtualenv.lock.
[2025-09-14T14:00:34.829+0000] {virtualenv.py:122} INFO - Waiting for virtualenv lock to be released
[2025-09-14T14:00:35.830+0000] {virtualenv.py:178} INFO - Checking for running process with PID 3484
[2025-09-14T14:00:35.830+0000] {virtualenv.py:181} INFO - Process 3484 running: True and has the lock /tmp/cosmos_venv_ecom_intermediate/cosmos_virtualenv.lock.
[2025-09-14T14:00:35.831+0000] {virtualenv.py:122} INFO - Waiting for virtualenv lock to be released
[2025-09-14T14:00:36.832+0000] {virtualenv.py:178} INFO - Checking for running process with PID 3484
[2025-09-14T14:00:36.833+0000] {virtualenv.py:181} INFO - Process 3484 running: True and has the lock /tmp/cosmos_venv_ecom_intermediate/cosmos_virtualenv.lock.
[2025-09-14T14:00:36.834+0000] {virtualenv.py:122} INFO - Waiting for virtualenv lock to be released
[2025-09-14T14:00:37.835+0000] {virtualenv.py:178} INFO - Checking for running process with PID 3484
[2025-09-14T14:00:37.835+0000] {virtualenv.py:181} INFO - Process 3484 running: True and has the lock /tmp/cosmos_venv_ecom_intermediate/cosmos_virtualenv.lock.
[2025-09-14T14:00:37.836+0000] {virtualenv.py:122} INFO - Waiting for virtualenv lock to be released
[2025-09-14T14:00:38.838+0000] {virtualenv.py:178} INFO - Checking for running process with PID 3484
[2025-09-14T14:00:38.838+0000] {virtualenv.py:181} INFO - Process 3484 running: True and has the lock /tmp/cosmos_venv_ecom_intermediate/cosmos_virtualenv.lock.
[2025-09-14T14:00:38.838+0000] {virtualenv.py:122} INFO - Waiting for virtualenv lock to be released
[2025-09-14T14:00:39.840+0000] {virtualenv.py:178} INFO - Checking for running process with PID 3484
[2025-09-14T14:00:39.841+0000] {virtualenv.py:181} INFO - Process 3484 running: True and has the lock /tmp/cosmos_venv_ecom_intermediate/cosmos_virtualenv.lock.
[2025-09-14T14:00:39.841+0000] {virtualenv.py:122} INFO - Waiting for virtualenv lock to be released
[2025-09-14T14:00:40.842+0000] {virtualenv.py:178} INFO - Checking for running process with PID 3484
[2025-09-14T14:00:40.843+0000] {virtualenv.py:181} INFO - Process 3484 running: True and has the lock /tmp/cosmos_venv_ecom_intermediate/cosmos_virtualenv.lock.
[2025-09-14T14:00:40.844+0000] {virtualenv.py:122} INFO - Waiting for virtualenv lock to be released
[2025-09-14T14:00:41.847+0000] {virtualenv.py:178} INFO - Checking for running process with PID 3484
[2025-09-14T14:00:41.848+0000] {virtualenv.py:181} INFO - Process 3484 running: True and has the lock /tmp/cosmos_venv_ecom_intermediate/cosmos_virtualenv.lock.
[2025-09-14T14:00:41.849+0000] {virtualenv.py:122} INFO - Waiting for virtualenv lock to be released
[2025-09-14T14:00:42.852+0000] {virtualenv.py:178} INFO - Checking for running process with PID 3484
[2025-09-14T14:00:42.852+0000] {virtualenv.py:181} INFO - Process 3484 running: True and has the lock /tmp/cosmos_venv_ecom_intermediate/cosmos_virtualenv.lock.
[2025-09-14T14:00:42.853+0000] {virtualenv.py:122} INFO - Waiting for virtualenv lock to be released
[2025-09-14T14:00:43.854+0000] {virtualenv.py:178} INFO - Checking for running process with PID 3484
[2025-09-14T14:00:43.856+0000] {virtualenv.py:181} INFO - Process 3484 running: True and has the lock /tmp/cosmos_venv_ecom_intermediate/cosmos_virtualenv.lock.
[2025-09-14T14:00:43.863+0000] {virtualenv.py:122} INFO - Waiting for virtualenv lock to be released
[2025-09-14T14:00:44.865+0000] {virtualenv.py:178} INFO - Checking for running process with PID 3484
[2025-09-14T14:00:44.866+0000] {virtualenv.py:181} INFO - Process 3484 running: True and has the lock /tmp/cosmos_venv_ecom_intermediate/cosmos_virtualenv.lock.
[2025-09-14T14:00:44.867+0000] {virtualenv.py:122} INFO - Waiting for virtualenv lock to be released
[2025-09-14T14:00:45.868+0000] {virtualenv.py:178} INFO - Checking for running process with PID 3484
[2025-09-14T14:00:45.869+0000] {virtualenv.py:181} INFO - Process 3484 running: True and has the lock /tmp/cosmos_venv_ecom_intermediate/cosmos_virtualenv.lock.
[2025-09-14T14:00:45.870+0000] {virtualenv.py:122} INFO - Waiting for virtualenv lock to be released
[2025-09-14T14:00:46.871+0000] {virtualenv.py:178} INFO - Checking for running process with PID 3484
[2025-09-14T14:00:46.872+0000] {virtualenv.py:181} INFO - Process 3484 running: True and has the lock /tmp/cosmos_venv_ecom_intermediate/cosmos_virtualenv.lock.
[2025-09-14T14:00:46.873+0000] {virtualenv.py:122} INFO - Waiting for virtualenv lock to be released
[2025-09-14T14:00:47.875+0000] {virtualenv.py:178} INFO - Checking for running process with PID 3484
[2025-09-14T14:00:47.876+0000] {virtualenv.py:181} INFO - Process 3484 running: True and has the lock /tmp/cosmos_venv_ecom_intermediate/cosmos_virtualenv.lock.
[2025-09-14T14:00:47.876+0000] {virtualenv.py:122} INFO - Waiting for virtualenv lock to be released
[2025-09-14T14:00:48.878+0000] {virtualenv.py:178} INFO - Checking for running process with PID 3484
[2025-09-14T14:00:48.879+0000] {virtualenv.py:181} INFO - Process 3484 running: True and has the lock /tmp/cosmos_venv_ecom_intermediate/cosmos_virtualenv.lock.
[2025-09-14T14:00:48.879+0000] {virtualenv.py:122} INFO - Waiting for virtualenv lock to be released
[2025-09-14T14:00:49.880+0000] {virtualenv.py:178} INFO - Checking for running process with PID 3610
[2025-09-14T14:00:49.881+0000] {virtualenv.py:181} INFO - Process 3610 running: True and has the lock /tmp/cosmos_venv_ecom_intermediate/cosmos_virtualenv.lock.
[2025-09-14T14:00:49.882+0000] {virtualenv.py:122} INFO - Waiting for virtualenv lock to be released
[2025-09-14T14:00:50.884+0000] {virtualenv.py:178} INFO - Checking for running process with PID 3610
[2025-09-14T14:00:50.885+0000] {virtualenv.py:181} INFO - Process 3610 running: True and has the lock /tmp/cosmos_venv_ecom_intermediate/cosmos_virtualenv.lock.
[2025-09-14T14:00:50.885+0000] {virtualenv.py:122} INFO - Waiting for virtualenv lock to be released
[2025-09-14T14:00:51.887+0000] {virtualenv.py:178} INFO - Checking for running process with PID 3610
[2025-09-14T14:00:51.888+0000] {virtualenv.py:181} INFO - Process 3610 running: True and has the lock /tmp/cosmos_venv_ecom_intermediate/cosmos_virtualenv.lock.
[2025-09-14T14:00:51.889+0000] {virtualenv.py:122} INFO - Waiting for virtualenv lock to be released
[2025-09-14T14:00:52.892+0000] {virtualenv.py:178} INFO - Checking for running process with PID 3610
[2025-09-14T14:00:52.892+0000] {virtualenv.py:181} INFO - Process 3610 running: True and has the lock /tmp/cosmos_venv_ecom_intermediate/cosmos_virtualenv.lock.
[2025-09-14T14:00:52.893+0000] {virtualenv.py:122} INFO - Waiting for virtualenv lock to be released
[2025-09-14T14:00:53.894+0000] {virtualenv.py:178} INFO - Checking for running process with PID 3610
[2025-09-14T14:00:53.895+0000] {virtualenv.py:181} INFO - Process 3610 running: True and has the lock /tmp/cosmos_venv_ecom_intermediate/cosmos_virtualenv.lock.
[2025-09-14T14:00:53.896+0000] {virtualenv.py:122} INFO - Waiting for virtualenv lock to be released
[2025-09-14T14:00:54.898+0000] {virtualenv.py:178} INFO - Checking for running process with PID 3610
[2025-09-14T14:00:54.898+0000] {virtualenv.py:181} INFO - Process 3610 running: True and has the lock /tmp/cosmos_venv_ecom_intermediate/cosmos_virtualenv.lock.
[2025-09-14T14:00:54.899+0000] {virtualenv.py:122} INFO - Waiting for virtualenv lock to be released
[2025-09-14T14:00:55.901+0000] {virtualenv.py:178} INFO - Checking for running process with PID 3610
[2025-09-14T14:00:55.901+0000] {virtualenv.py:181} INFO - Process 3610 running: True and has the lock /tmp/cosmos_venv_ecom_intermediate/cosmos_virtualenv.lock.
[2025-09-14T14:00:55.902+0000] {virtualenv.py:122} INFO - Waiting for virtualenv lock to be released
[2025-09-14T14:00:56.904+0000] {virtualenv.py:178} INFO - Checking for running process with PID 3610
[2025-09-14T14:00:56.905+0000] {virtualenv.py:181} INFO - Process 3610 running: True and has the lock /tmp/cosmos_venv_ecom_intermediate/cosmos_virtualenv.lock.
[2025-09-14T14:00:56.905+0000] {virtualenv.py:122} INFO - Waiting for virtualenv lock to be released
[2025-09-14T14:00:57.907+0000] {virtualenv.py:178} INFO - Checking for running process with PID 3610
[2025-09-14T14:00:57.907+0000] {virtualenv.py:181} INFO - Process 3610 running: True and has the lock /tmp/cosmos_venv_ecom_intermediate/cosmos_virtualenv.lock.
[2025-09-14T14:00:57.908+0000] {virtualenv.py:122} INFO - Waiting for virtualenv lock to be released
[2025-09-14T14:00:58.909+0000] {virtualenv.py:178} INFO - Checking for running process with PID 3610
[2025-09-14T14:00:58.910+0000] {virtualenv.py:181} INFO - Process 3610 running: True and has the lock /tmp/cosmos_venv_ecom_intermediate/cosmos_virtualenv.lock.
[2025-09-14T14:00:58.910+0000] {virtualenv.py:122} INFO - Waiting for virtualenv lock to be released
[2025-09-14T14:00:59.912+0000] {virtualenv.py:178} INFO - Checking for running process with PID 3610
[2025-09-14T14:00:59.913+0000] {virtualenv.py:181} INFO - Process 3610 running: True and has the lock /tmp/cosmos_venv_ecom_intermediate/cosmos_virtualenv.lock.
[2025-09-14T14:00:59.913+0000] {virtualenv.py:122} INFO - Waiting for virtualenv lock to be released
[2025-09-14T14:01:00.915+0000] {virtualenv.py:178} INFO - Checking for running process with PID 3610
[2025-09-14T14:01:00.915+0000] {virtualenv.py:181} INFO - Process 3610 running: True and has the lock /tmp/cosmos_venv_ecom_intermediate/cosmos_virtualenv.lock.
[2025-09-14T14:01:00.916+0000] {virtualenv.py:122} INFO - Waiting for virtualenv lock to be released
[2025-09-14T14:01:01.918+0000] {virtualenv.py:178} INFO - Checking for running process with PID 3610
[2025-09-14T14:01:01.918+0000] {virtualenv.py:181} INFO - Process 3610 running: True and has the lock /tmp/cosmos_venv_ecom_intermediate/cosmos_virtualenv.lock.
[2025-09-14T14:01:01.919+0000] {virtualenv.py:122} INFO - Waiting for virtualenv lock to be released
[2025-09-14T14:01:02.921+0000] {virtualenv.py:178} INFO - Checking for running process with PID 3610
[2025-09-14T14:01:02.922+0000] {virtualenv.py:181} INFO - Process 3610 running: True and has the lock /tmp/cosmos_venv_ecom_intermediate/cosmos_virtualenv.lock.
[2025-09-14T14:01:02.922+0000] {virtualenv.py:122} INFO - Waiting for virtualenv lock to be released
[2025-09-14T14:01:03.924+0000] {virtualenv.py:178} INFO - Checking for running process with PID 3610
[2025-09-14T14:01:03.925+0000] {virtualenv.py:181} INFO - Process 3610 running: True and has the lock /tmp/cosmos_venv_ecom_intermediate/cosmos_virtualenv.lock.
[2025-09-14T14:01:03.926+0000] {virtualenv.py:122} INFO - Waiting for virtualenv lock to be released
[2025-09-14T14:01:04.928+0000] {virtualenv.py:178} INFO - Checking for running process with PID 3610
[2025-09-14T14:01:04.928+0000] {virtualenv.py:181} INFO - Process 3610 running: True and has the lock /tmp/cosmos_venv_ecom_intermediate/cosmos_virtualenv.lock.
[2025-09-14T14:01:04.929+0000] {virtualenv.py:122} INFO - Waiting for virtualenv lock to be released
[2025-09-14T14:01:05.930+0000] {virtualenv.py:178} INFO - Checking for running process with PID 3610
[2025-09-14T14:01:05.931+0000] {virtualenv.py:181} INFO - Process 3610 running: True and has the lock /tmp/cosmos_venv_ecom_intermediate/cosmos_virtualenv.lock.
[2025-09-14T14:01:05.931+0000] {virtualenv.py:122} INFO - Waiting for virtualenv lock to be released
[2025-09-14T14:01:06.932+0000] {virtualenv.py:178} INFO - Checking for running process with PID 3475
[2025-09-14T14:01:06.933+0000] {virtualenv.py:181} INFO - Process 3475 running: True and has the lock /tmp/cosmos_venv_ecom_intermediate/cosmos_virtualenv.lock.
[2025-09-14T14:01:06.934+0000] {virtualenv.py:122} INFO - Waiting for virtualenv lock to be released
[2025-09-14T14:01:07.933+0000] {virtualenv.py:178} INFO - Checking for running process with PID 3475
[2025-09-14T14:01:07.934+0000] {virtualenv.py:181} INFO - Process 3475 running: True and has the lock /tmp/cosmos_venv_ecom_intermediate/cosmos_virtualenv.lock.
[2025-09-14T14:01:07.934+0000] {virtualenv.py:122} INFO - Waiting for virtualenv lock to be released
[2025-09-14T14:01:08.936+0000] {virtualenv.py:178} INFO - Checking for running process with PID 3475
[2025-09-14T14:01:08.937+0000] {virtualenv.py:181} INFO - Process 3475 running: True and has the lock /tmp/cosmos_venv_ecom_intermediate/cosmos_virtualenv.lock.
[2025-09-14T14:01:08.937+0000] {virtualenv.py:122} INFO - Waiting for virtualenv lock to be released
[2025-09-14T14:01:09.939+0000] {virtualenv.py:178} INFO - Checking for running process with PID 3475
[2025-09-14T14:01:09.941+0000] {virtualenv.py:181} INFO - Process 3475 running: True and has the lock /tmp/cosmos_venv_ecom_intermediate/cosmos_virtualenv.lock.
[2025-09-14T14:01:09.941+0000] {virtualenv.py:122} INFO - Waiting for virtualenv lock to be released
[2025-09-14T14:01:10.943+0000] {virtualenv.py:178} INFO - Checking for running process with PID 3475
[2025-09-14T14:01:10.944+0000] {virtualenv.py:181} INFO - Process 3475 running: True and has the lock /tmp/cosmos_venv_ecom_intermediate/cosmos_virtualenv.lock.
[2025-09-14T14:01:10.944+0000] {virtualenv.py:122} INFO - Waiting for virtualenv lock to be released
[2025-09-14T14:01:11.946+0000] {virtualenv.py:178} INFO - Checking for running process with PID 3475
[2025-09-14T14:01:11.947+0000] {virtualenv.py:181} INFO - Process 3475 running: True and has the lock /tmp/cosmos_venv_ecom_intermediate/cosmos_virtualenv.lock.
[2025-09-14T14:01:11.948+0000] {virtualenv.py:122} INFO - Waiting for virtualenv lock to be released
[2025-09-14T14:01:12.949+0000] {virtualenv.py:178} INFO - Checking for running process with PID 3475
[2025-09-14T14:01:12.950+0000] {virtualenv.py:181} INFO - Process 3475 running: True and has the lock /tmp/cosmos_venv_ecom_intermediate/cosmos_virtualenv.lock.
[2025-09-14T14:01:12.950+0000] {virtualenv.py:122} INFO - Waiting for virtualenv lock to be released
[2025-09-14T14:01:13.952+0000] {virtualenv.py:178} INFO - Checking for running process with PID 3475
[2025-09-14T14:01:13.953+0000] {virtualenv.py:181} INFO - Process 3475 running: True and has the lock /tmp/cosmos_venv_ecom_intermediate/cosmos_virtualenv.lock.
[2025-09-14T14:01:13.953+0000] {virtualenv.py:122} INFO - Waiting for virtualenv lock to be released
[2025-09-14T14:01:14.954+0000] {virtualenv.py:178} INFO - Checking for running process with PID 3475
[2025-09-14T14:01:14.955+0000] {virtualenv.py:181} INFO - Process 3475 running: True and has the lock /tmp/cosmos_venv_ecom_intermediate/cosmos_virtualenv.lock.
[2025-09-14T14:01:14.956+0000] {virtualenv.py:126} INFO - Acquiring the virtualenv lock
[2025-09-14T14:01:14.956+0000] {virtualenv.py:195} INFO - Acquiring lock at /tmp/cosmos_venv_ecom_intermediate/cosmos_virtualenv.lock with pid 3471
[2025-09-14T14:01:14.957+0000] {virtualenv.py:153} INFO - Creating or updating the virtualenv at `/tmp/cosmos_venv_ecom_intermediate
[2025-09-14T14:01:14.957+0000] {process_utils.py:183} INFO - Executing cmd: /home/***/.local/bin/python -m virtualenv /tmp/cosmos_venv_ecom_intermediate --python=python3
[2025-09-14T14:01:14.959+0000] {process_utils.py:187} INFO - Output:
[2025-09-14T14:01:16.877+0000] {process_utils.py:191} INFO - created virtual environment CPython3.10.14.final.0-64 in 743ms
[2025-09-14T14:01:16.879+0000] {process_utils.py:191} INFO -   creator CPython3Posix(dest=/tmp/cosmos_venv_ecom_intermediate, clear=False, no_vcs_ignore=False, global=False)
[2025-09-14T14:01:16.880+0000] {process_utils.py:191} INFO -   seeder FromAppData(download=False, pip=bundle, setuptools=bundle, wheel=bundle, via=copy, app_data_dir=/home/***/.local/share/virtualenv)
[2025-09-14T14:01:16.884+0000] {process_utils.py:191} INFO -     added seed packages: MarkupSafe==3.0.2, PyYAML==6.0.2, agate==1.9.1, annotated_types==0.7.0, attrs==25.3.0, babel==2.17.0, certifi==2025.8.3, charset_normalizer==3.4.3, click==8.2.1, clickhouse_connect==0.8.18, clickhouse_driver==0.2.9, colorama==0.4.6, daff==1.4.2, dbt_adapters==1.16.7, dbt_clickhouse==1.9.3, dbt_common==1.30.0, dbt_core==1.10.11, dbt_extractor==0.6.0, dbt_protos==1.0.375, dbt_semantic_interfaces==0.9.0, deepdiff==8.6.1, idna==3.10, importlib_metadata==8.7.0, isodate==0.6.1, jinja2==3.1.6, jsonschema==4.25.1, jsonschema_specifications==2025.9.1, leather==0.4.0, lz4==4.4.4, mashumaro==3.14, more_itertools==10.8.0, msgpack==1.1.1, networkx==3.4.2, orderly_set==5.5.0, packaging==25.0, parsedatetime==2.6, pathspec==0.12.1, pip==25.2, protobuf==6.32.1, pydantic==2.11.8, pydantic_core==2.33.2, python_dateutil==2.9.0.post0, python_slugify==8.0.4, pytimeparse==1.1.8, pytz==2025.2, referencing==0.36.2, requests==2.32.5, rpds_py==0.27.1, setuptools==80.9.0, six==1.17.0, snowplow_tracker==1.1.0, sqlparse==0.5.3, text_unidecode==1.3, typing_extensions==4.15.0, typing_inspection==0.4.1, tzlocal==5.3.1, urllib3==2.5.0, wheel==0.45.1, zipp==3.23.0, zstandard==0.24.0
[2025-09-14T14:01:16.892+0000] {process_utils.py:191} INFO -   activators BashActivator,CShellActivator,FishActivator,NushellActivator,PowerShellActivator,PythonActivator
[2025-09-14T14:01:16.998+0000] {process_utils.py:183} INFO - Executing cmd: /tmp/cosmos_venv_ecom_intermediate/bin/pip install dbt-clickhouse
[2025-09-14T14:01:17.004+0000] {process_utils.py:187} INFO - Output:
[2025-09-14T14:01:17.103+0000] {process_utils.py:191} INFO - /tmp/cosmos_venv_ecom_intermediate/bin/python: can't open file '/tmp/cosmos_venv_ecom_intermediate/bin/pip': [Errno 2] No such file or directory
[2025-09-14T14:01:17.107+0000] {virtualenv.py:131} INFO - Releasing virtualenv lock
[2025-09-14T14:01:17.108+0000] {virtualenv.py:210} WARNING - Lockfile owned by process of pid 3479, while operator has pid 3471
[2025-09-14T14:01:17.109+0000] {taskinstance.py:441} INFO - ::group::Post task execution logs
[2025-09-14T14:01:17.114+0000] {taskinstance.py:2905} ERROR - Task failed with exception
Traceback (most recent call last):
  File "/home/airflow/.local/lib/python3.10/site-packages/airflow/models/taskinstance.py", line 465, in _execute_task
    result = _execute_callable(context=context, **execute_callable_kwargs)
  File "/home/airflow/.local/lib/python3.10/site-packages/airflow/models/taskinstance.py", line 432, in _execute_callable
    return execute_callable(context=context, **execute_callable_kwargs)
  File "/home/airflow/.local/lib/python3.10/site-packages/airflow/models/baseoperator.py", line 401, in wrapper
    return func(self, *args, **kwargs)
  File "/home/airflow/.local/lib/python3.10/site-packages/cosmos/operators/virtualenv.py", line 144, in execute
    output = super().execute(context)
  File "/home/airflow/.local/lib/python3.10/site-packages/cosmos/operators/base.py", line 310, in execute
    self.build_and_run_cmd(context=context, cmd_flags=self.add_cmd_flags())
  File "/home/airflow/.local/lib/python3.10/site-packages/cosmos/operators/local.py", line 853, in build_and_run_cmd
    result = self.run_command(
  File "/home/airflow/.local/lib/python3.10/site-packages/cosmos/operators/virtualenv.py", line 128, in run_command
    self._py_bin = self._prepare_virtualenv()
  File "/home/airflow/.local/lib/python3.10/site-packages/cosmos/operators/virtualenv.py", line 154, in _prepare_virtualenv
    py_bin = prepare_virtualenv(
  File "/home/airflow/.local/lib/python3.10/site-packages/airflow/utils/python_virtualenv.py", line 119, in prepare_virtualenv
    execute_in_subprocess(pip_cmd)
  File "/home/airflow/.local/lib/python3.10/site-packages/airflow/utils/process_utils.py", line 172, in execute_in_subprocess
    execute_in_subprocess_with_kwargs(cmd, cwd=cwd)
  File "/home/airflow/.local/lib/python3.10/site-packages/airflow/utils/process_utils.py", line 195, in execute_in_subprocess_with_kwargs
    raise subprocess.CalledProcessError(exit_code, cmd)
subprocess.CalledProcessError: Command '['/tmp/cosmos_venv_ecom_intermediate/bin/pip', 'install', 'dbt-clickhouse']' returned non-zero exit status 2.
[2025-09-14T14:01:17.230+0000] {taskinstance.py:1206} INFO - Marking task as FAILED. dag_id=dbt_intermediate, task_id=intermediate.order_statuses.run, run_id=scheduled__2025-09-13T00:00:00+00:00, execution_date=20250913T000000, start_date=20250914T135911, end_date=20250914T140117
[2025-09-14T14:01:17.451+0000] {standard_task_runner.py:110} ERROR - Failed to execute job 311 for task intermediate.order_statuses.run (Command '['/tmp/cosmos_venv_ecom_intermediate/bin/pip', 'install', 'dbt-clickhouse']' returned non-zero exit status 2.; 3471)
[2025-09-14T14:01:17.510+0000] {local_task_job_runner.py:243} INFO - Task exited with return code 1
[2025-09-14T14:01:17.821+0000] {taskinstance.py:3503} INFO - 0 downstream tasks scheduled from follow-on schedule check
[2025-09-14T14:01:17.859+0000] {local_task_job_runner.py:222} INFO - ::endgroup::
