[2025-09-22T07:54:45.726+0000] {processor.py:161} INFO - Started process (PID=215) to work on /opt/airflow/dags/dd.py
[2025-09-22T07:54:45.727+0000] {processor.py:830} INFO - Processing file /opt/airflow/dags/dd.py for tasks to queue
[2025-09-22T07:54:45.730+0000] {logging_mixin.py:188} INFO - [2025-09-22T07:54:45.730+0000] {dagbag.py:545} INFO - Filling up the DagBag from /opt/airflow/dags/dd.py
[2025-09-22T07:54:45.741+0000] {processor.py:842} WARNING - No viable dags retrieved from /opt/airflow/dags/dd.py
[2025-09-22T07:54:45.799+0000] {processor.py:183} INFO - Processing /opt/airflow/dags/dd.py took 0.083 seconds
[2025-09-22T07:55:16.237+0000] {processor.py:161} INFO - Started process (PID=298) to work on /opt/airflow/dags/dd.py
[2025-09-22T07:55:16.238+0000] {processor.py:830} INFO - Processing file /opt/airflow/dags/dd.py for tasks to queue
[2025-09-22T07:55:16.242+0000] {logging_mixin.py:188} INFO - [2025-09-22T07:55:16.241+0000] {dagbag.py:545} INFO - Filling up the DagBag from /opt/airflow/dags/dd.py
[2025-09-22T07:55:16.256+0000] {processor.py:842} WARNING - No viable dags retrieved from /opt/airflow/dags/dd.py
[2025-09-22T07:55:16.317+0000] {processor.py:183} INFO - Processing /opt/airflow/dags/dd.py took 0.087 seconds
[2025-09-22T07:55:46.547+0000] {processor.py:161} INFO - Started process (PID=394) to work on /opt/airflow/dags/dd.py
[2025-09-22T07:55:46.549+0000] {processor.py:830} INFO - Processing file /opt/airflow/dags/dd.py for tasks to queue
[2025-09-22T07:55:46.553+0000] {logging_mixin.py:188} INFO - [2025-09-22T07:55:46.553+0000] {dagbag.py:545} INFO - Filling up the DagBag from /opt/airflow/dags/dd.py
[2025-09-22T07:55:46.583+0000] {processor.py:842} WARNING - No viable dags retrieved from /opt/airflow/dags/dd.py
[2025-09-22T07:55:46.693+0000] {processor.py:183} INFO - Processing /opt/airflow/dags/dd.py took 0.157 seconds
[2025-09-22T07:56:16.831+0000] {processor.py:161} INFO - Started process (PID=499) to work on /opt/airflow/dags/dd.py
[2025-09-22T07:56:16.832+0000] {processor.py:830} INFO - Processing file /opt/airflow/dags/dd.py for tasks to queue
[2025-09-22T07:56:16.835+0000] {logging_mixin.py:188} INFO - [2025-09-22T07:56:16.834+0000] {dagbag.py:545} INFO - Filling up the DagBag from /opt/airflow/dags/dd.py
[2025-09-22T07:56:16.848+0000] {processor.py:842} WARNING - No viable dags retrieved from /opt/airflow/dags/dd.py
[2025-09-22T07:56:16.897+0000] {processor.py:183} INFO - Processing /opt/airflow/dags/dd.py took 0.072 seconds
[2025-09-22T07:56:47.623+0000] {processor.py:161} INFO - Started process (PID=592) to work on /opt/airflow/dags/dd.py
[2025-09-22T07:56:47.624+0000] {processor.py:830} INFO - Processing file /opt/airflow/dags/dd.py for tasks to queue
[2025-09-22T07:56:47.626+0000] {logging_mixin.py:188} INFO - [2025-09-22T07:56:47.626+0000] {dagbag.py:545} INFO - Filling up the DagBag from /opt/airflow/dags/dd.py
[2025-09-22T07:56:47.635+0000] {processor.py:842} WARNING - No viable dags retrieved from /opt/airflow/dags/dd.py
[2025-09-22T07:56:47.681+0000] {processor.py:183} INFO - Processing /opt/airflow/dags/dd.py took 0.064 seconds
[2025-09-22T07:57:17.815+0000] {processor.py:161} INFO - Started process (PID=728) to work on /opt/airflow/dags/dd.py
[2025-09-22T07:57:17.816+0000] {processor.py:830} INFO - Processing file /opt/airflow/dags/dd.py for tasks to queue
[2025-09-22T07:57:17.818+0000] {logging_mixin.py:188} INFO - [2025-09-22T07:57:17.818+0000] {dagbag.py:545} INFO - Filling up the DagBag from /opt/airflow/dags/dd.py
[2025-09-22T07:57:17.827+0000] {processor.py:842} WARNING - No viable dags retrieved from /opt/airflow/dags/dd.py
[2025-09-22T07:57:17.871+0000] {processor.py:183} INFO - Processing /opt/airflow/dags/dd.py took 0.061 seconds
[2025-09-22T07:57:48.381+0000] {processor.py:161} INFO - Started process (PID=904) to work on /opt/airflow/dags/dd.py
[2025-09-22T07:57:48.383+0000] {processor.py:830} INFO - Processing file /opt/airflow/dags/dd.py for tasks to queue
[2025-09-22T07:57:48.385+0000] {logging_mixin.py:188} INFO - [2025-09-22T07:57:48.385+0000] {dagbag.py:545} INFO - Filling up the DagBag from /opt/airflow/dags/dd.py
[2025-09-22T07:57:48.399+0000] {processor.py:842} WARNING - No viable dags retrieved from /opt/airflow/dags/dd.py
[2025-09-22T07:57:48.446+0000] {processor.py:183} INFO - Processing /opt/airflow/dags/dd.py took 0.073 seconds
[2025-09-22T07:58:19.205+0000] {processor.py:161} INFO - Started process (PID=1098) to work on /opt/airflow/dags/dd.py
[2025-09-22T07:58:19.207+0000] {processor.py:830} INFO - Processing file /opt/airflow/dags/dd.py for tasks to queue
[2025-09-22T07:58:19.210+0000] {logging_mixin.py:188} INFO - [2025-09-22T07:58:19.209+0000] {dagbag.py:545} INFO - Filling up the DagBag from /opt/airflow/dags/dd.py
[2025-09-22T07:58:19.222+0000] {processor.py:842} WARNING - No viable dags retrieved from /opt/airflow/dags/dd.py
[2025-09-22T07:58:19.269+0000] {processor.py:183} INFO - Processing /opt/airflow/dags/dd.py took 0.070 seconds
[2025-09-22T07:58:49.614+0000] {processor.py:161} INFO - Started process (PID=1214) to work on /opt/airflow/dags/dd.py
[2025-09-22T07:58:49.615+0000] {processor.py:830} INFO - Processing file /opt/airflow/dags/dd.py for tasks to queue
[2025-09-22T07:58:49.618+0000] {logging_mixin.py:188} INFO - [2025-09-22T07:58:49.618+0000] {dagbag.py:545} INFO - Filling up the DagBag from /opt/airflow/dags/dd.py
[2025-09-22T07:58:49.629+0000] {processor.py:842} WARNING - No viable dags retrieved from /opt/airflow/dags/dd.py
[2025-09-22T07:58:49.676+0000] {processor.py:183} INFO - Processing /opt/airflow/dags/dd.py took 0.069 seconds
[2025-09-22T07:59:19.954+0000] {processor.py:161} INFO - Started process (PID=1290) to work on /opt/airflow/dags/dd.py
[2025-09-22T07:59:19.955+0000] {processor.py:830} INFO - Processing file /opt/airflow/dags/dd.py for tasks to queue
[2025-09-22T07:59:19.958+0000] {logging_mixin.py:188} INFO - [2025-09-22T07:59:19.957+0000] {dagbag.py:545} INFO - Filling up the DagBag from /opt/airflow/dags/dd.py
[2025-09-22T07:59:19.970+0000] {processor.py:842} WARNING - No viable dags retrieved from /opt/airflow/dags/dd.py
[2025-09-22T07:59:20.011+0000] {processor.py:183} INFO - Processing /opt/airflow/dags/dd.py took 0.063 seconds
[2025-09-22T07:59:50.155+0000] {processor.py:161} INFO - Started process (PID=1321) to work on /opt/airflow/dags/dd.py
[2025-09-22T07:59:50.157+0000] {processor.py:830} INFO - Processing file /opt/airflow/dags/dd.py for tasks to queue
[2025-09-22T07:59:50.159+0000] {logging_mixin.py:188} INFO - [2025-09-22T07:59:50.159+0000] {dagbag.py:545} INFO - Filling up the DagBag from /opt/airflow/dags/dd.py
[2025-09-22T07:59:50.171+0000] {processor.py:842} WARNING - No viable dags retrieved from /opt/airflow/dags/dd.py
[2025-09-22T07:59:50.218+0000] {processor.py:183} INFO - Processing /opt/airflow/dags/dd.py took 0.070 seconds
[2025-09-22T08:00:20.644+0000] {processor.py:161} INFO - Started process (PID=1350) to work on /opt/airflow/dags/dd.py
[2025-09-22T08:00:20.645+0000] {processor.py:830} INFO - Processing file /opt/airflow/dags/dd.py for tasks to queue
[2025-09-22T08:00:20.648+0000] {logging_mixin.py:188} INFO - [2025-09-22T08:00:20.648+0000] {dagbag.py:545} INFO - Filling up the DagBag from /opt/airflow/dags/dd.py
[2025-09-22T08:00:20.663+0000] {processor.py:842} WARNING - No viable dags retrieved from /opt/airflow/dags/dd.py
[2025-09-22T08:00:20.715+0000] {processor.py:183} INFO - Processing /opt/airflow/dags/dd.py took 0.081 seconds
[2025-09-22T08:00:50.808+0000] {processor.py:161} INFO - Started process (PID=1378) to work on /opt/airflow/dags/dd.py
[2025-09-22T08:00:50.809+0000] {processor.py:830} INFO - Processing file /opt/airflow/dags/dd.py for tasks to queue
[2025-09-22T08:00:50.813+0000] {logging_mixin.py:188} INFO - [2025-09-22T08:00:50.812+0000] {dagbag.py:545} INFO - Filling up the DagBag from /opt/airflow/dags/dd.py
[2025-09-22T08:00:50.833+0000] {processor.py:842} WARNING - No viable dags retrieved from /opt/airflow/dags/dd.py
[2025-09-22T08:00:50.885+0000] {processor.py:183} INFO - Processing /opt/airflow/dags/dd.py took 0.084 seconds
[2025-09-22T08:01:21.295+0000] {processor.py:161} INFO - Started process (PID=1407) to work on /opt/airflow/dags/dd.py
[2025-09-22T08:01:21.297+0000] {processor.py:830} INFO - Processing file /opt/airflow/dags/dd.py for tasks to queue
[2025-09-22T08:01:21.299+0000] {logging_mixin.py:188} INFO - [2025-09-22T08:01:21.299+0000] {dagbag.py:545} INFO - Filling up the DagBag from /opt/airflow/dags/dd.py
[2025-09-22T08:01:21.319+0000] {processor.py:842} WARNING - No viable dags retrieved from /opt/airflow/dags/dd.py
[2025-09-22T08:01:21.368+0000] {processor.py:183} INFO - Processing /opt/airflow/dags/dd.py took 0.081 seconds
[2025-09-22T08:01:53.912+0000] {processor.py:161} INFO - Started process (PID=1449) to work on /opt/airflow/dags/dd.py
[2025-09-22T08:01:53.914+0000] {processor.py:830} INFO - Processing file /opt/airflow/dags/dd.py for tasks to queue
[2025-09-22T08:01:53.916+0000] {logging_mixin.py:188} INFO - [2025-09-22T08:01:53.915+0000] {dagbag.py:545} INFO - Filling up the DagBag from /opt/airflow/dags/dd.py
[2025-09-22T08:01:53.933+0000] {processor.py:842} WARNING - No viable dags retrieved from /opt/airflow/dags/dd.py
[2025-09-22T08:01:53.972+0000] {processor.py:183} INFO - Processing /opt/airflow/dags/dd.py took 0.065 seconds
[2025-09-22T08:02:26.608+0000] {processor.py:161} INFO - Started process (PID=1480) to work on /opt/airflow/dags/dd.py
[2025-09-22T08:02:26.609+0000] {processor.py:830} INFO - Processing file /opt/airflow/dags/dd.py for tasks to queue
[2025-09-22T08:02:26.611+0000] {logging_mixin.py:188} INFO - [2025-09-22T08:02:26.611+0000] {dagbag.py:545} INFO - Filling up the DagBag from /opt/airflow/dags/dd.py
[2025-09-22T08:02:26.629+0000] {processor.py:842} WARNING - No viable dags retrieved from /opt/airflow/dags/dd.py
[2025-09-22T08:02:26.687+0000] {processor.py:183} INFO - Processing /opt/airflow/dags/dd.py took 0.085 seconds
[2025-09-22T08:02:59.440+0000] {processor.py:161} INFO - Started process (PID=1511) to work on /opt/airflow/dags/dd.py
[2025-09-22T08:02:59.441+0000] {processor.py:830} INFO - Processing file /opt/airflow/dags/dd.py for tasks to queue
[2025-09-22T08:02:59.444+0000] {logging_mixin.py:188} INFO - [2025-09-22T08:02:59.443+0000] {dagbag.py:545} INFO - Filling up the DagBag from /opt/airflow/dags/dd.py
[2025-09-22T08:02:59.465+0000] {processor.py:842} WARNING - No viable dags retrieved from /opt/airflow/dags/dd.py
[2025-09-22T08:02:59.524+0000] {processor.py:183} INFO - Processing /opt/airflow/dags/dd.py took 0.090 seconds
[2025-09-22T08:03:32.336+0000] {processor.py:161} INFO - Started process (PID=1542) to work on /opt/airflow/dags/dd.py
[2025-09-22T08:03:32.338+0000] {processor.py:830} INFO - Processing file /opt/airflow/dags/dd.py for tasks to queue
[2025-09-22T08:03:32.340+0000] {logging_mixin.py:188} INFO - [2025-09-22T08:03:32.340+0000] {dagbag.py:545} INFO - Filling up the DagBag from /opt/airflow/dags/dd.py
[2025-09-22T08:03:32.356+0000] {processor.py:842} WARNING - No viable dags retrieved from /opt/airflow/dags/dd.py
[2025-09-22T08:03:32.394+0000] {processor.py:183} INFO - Processing /opt/airflow/dags/dd.py took 0.064 seconds
[2025-09-22T08:04:04.790+0000] {processor.py:161} INFO - Started process (PID=1573) to work on /opt/airflow/dags/dd.py
[2025-09-22T08:04:04.792+0000] {processor.py:830} INFO - Processing file /opt/airflow/dags/dd.py for tasks to queue
[2025-09-22T08:04:04.794+0000] {logging_mixin.py:188} INFO - [2025-09-22T08:04:04.794+0000] {dagbag.py:545} INFO - Filling up the DagBag from /opt/airflow/dags/dd.py
[2025-09-22T08:04:04.813+0000] {processor.py:842} WARNING - No viable dags retrieved from /opt/airflow/dags/dd.py
[2025-09-22T08:04:04.856+0000] {processor.py:183} INFO - Processing /opt/airflow/dags/dd.py took 0.071 seconds
[2025-09-22T08:04:44.203+0000] {processor.py:161} INFO - Started process (PID=1608) to work on /opt/airflow/dags/dd.py
[2025-09-22T08:04:44.204+0000] {processor.py:830} INFO - Processing file /opt/airflow/dags/dd.py for tasks to queue
[2025-09-22T08:04:44.206+0000] {logging_mixin.py:188} INFO - [2025-09-22T08:04:44.206+0000] {dagbag.py:545} INFO - Filling up the DagBag from /opt/airflow/dags/dd.py
[2025-09-22T08:04:44.215+0000] {processor.py:842} WARNING - No viable dags retrieved from /opt/airflow/dags/dd.py
[2025-09-22T08:04:44.259+0000] {processor.py:183} INFO - Processing /opt/airflow/dags/dd.py took 0.062 seconds
[2025-09-22T08:05:15.719+0000] {processor.py:161} INFO - Started process (PID=1634) to work on /opt/airflow/dags/dd.py
[2025-09-22T08:05:15.720+0000] {processor.py:830} INFO - Processing file /opt/airflow/dags/dd.py for tasks to queue
[2025-09-22T08:05:15.722+0000] {logging_mixin.py:188} INFO - [2025-09-22T08:05:15.722+0000] {dagbag.py:545} INFO - Filling up the DagBag from /opt/airflow/dags/dd.py
[2025-09-22T08:05:15.732+0000] {processor.py:842} WARNING - No viable dags retrieved from /opt/airflow/dags/dd.py
[2025-09-22T08:05:15.779+0000] {processor.py:183} INFO - Processing /opt/airflow/dags/dd.py took 0.066 seconds
[2025-09-22T08:05:46.401+0000] {processor.py:161} INFO - Started process (PID=1660) to work on /opt/airflow/dags/dd.py
[2025-09-22T08:05:46.402+0000] {processor.py:830} INFO - Processing file /opt/airflow/dags/dd.py for tasks to queue
[2025-09-22T08:05:46.404+0000] {logging_mixin.py:188} INFO - [2025-09-22T08:05:46.404+0000] {dagbag.py:545} INFO - Filling up the DagBag from /opt/airflow/dags/dd.py
[2025-09-22T08:05:46.413+0000] {processor.py:842} WARNING - No viable dags retrieved from /opt/airflow/dags/dd.py
[2025-09-22T08:05:46.457+0000] {processor.py:183} INFO - Processing /opt/airflow/dags/dd.py took 0.063 seconds
[2025-09-22T08:06:16.665+0000] {processor.py:161} INFO - Started process (PID=1688) to work on /opt/airflow/dags/dd.py
[2025-09-22T08:06:16.666+0000] {processor.py:830} INFO - Processing file /opt/airflow/dags/dd.py for tasks to queue
[2025-09-22T08:06:16.668+0000] {logging_mixin.py:188} INFO - [2025-09-22T08:06:16.668+0000] {dagbag.py:545} INFO - Filling up the DagBag from /opt/airflow/dags/dd.py
[2025-09-22T08:06:16.680+0000] {processor.py:842} WARNING - No viable dags retrieved from /opt/airflow/dags/dd.py
[2025-09-22T08:06:16.725+0000] {processor.py:183} INFO - Processing /opt/airflow/dags/dd.py took 0.066 seconds
[2025-09-22T08:06:47.171+0000] {processor.py:161} INFO - Started process (PID=1719) to work on /opt/airflow/dags/dd.py
[2025-09-22T08:06:47.172+0000] {processor.py:830} INFO - Processing file /opt/airflow/dags/dd.py for tasks to queue
[2025-09-22T08:06:47.174+0000] {logging_mixin.py:188} INFO - [2025-09-22T08:06:47.174+0000] {dagbag.py:545} INFO - Filling up the DagBag from /opt/airflow/dags/dd.py
[2025-09-22T08:06:47.184+0000] {processor.py:842} WARNING - No viable dags retrieved from /opt/airflow/dags/dd.py
[2025-09-22T08:06:47.229+0000] {processor.py:183} INFO - Processing /opt/airflow/dags/dd.py took 0.065 seconds
[2025-09-22T08:07:17.353+0000] {processor.py:161} INFO - Started process (PID=1750) to work on /opt/airflow/dags/dd.py
[2025-09-22T08:07:17.354+0000] {processor.py:830} INFO - Processing file /opt/airflow/dags/dd.py for tasks to queue
[2025-09-22T08:07:17.357+0000] {logging_mixin.py:188} INFO - [2025-09-22T08:07:17.357+0000] {dagbag.py:545} INFO - Filling up the DagBag from /opt/airflow/dags/dd.py
[2025-09-22T08:07:17.378+0000] {processor.py:842} WARNING - No viable dags retrieved from /opt/airflow/dags/dd.py
[2025-09-22T08:07:17.423+0000] {processor.py:183} INFO - Processing /opt/airflow/dags/dd.py took 0.076 seconds
[2025-09-22T08:07:47.589+0000] {processor.py:161} INFO - Started process (PID=1778) to work on /opt/airflow/dags/dd.py
[2025-09-22T08:07:47.590+0000] {processor.py:830} INFO - Processing file /opt/airflow/dags/dd.py for tasks to queue
[2025-09-22T08:07:47.593+0000] {logging_mixin.py:188} INFO - [2025-09-22T08:07:47.593+0000] {dagbag.py:545} INFO - Filling up the DagBag from /opt/airflow/dags/dd.py
[2025-09-22T08:07:47.605+0000] {processor.py:842} WARNING - No viable dags retrieved from /opt/airflow/dags/dd.py
[2025-09-22T08:07:47.655+0000] {processor.py:183} INFO - Processing /opt/airflow/dags/dd.py took 0.072 seconds
[2025-09-22T08:08:17.764+0000] {processor.py:161} INFO - Started process (PID=1806) to work on /opt/airflow/dags/dd.py
[2025-09-22T08:08:17.766+0000] {processor.py:830} INFO - Processing file /opt/airflow/dags/dd.py for tasks to queue
[2025-09-22T08:08:17.768+0000] {logging_mixin.py:188} INFO - [2025-09-22T08:08:17.768+0000] {dagbag.py:545} INFO - Filling up the DagBag from /opt/airflow/dags/dd.py
[2025-09-22T08:08:17.779+0000] {processor.py:842} WARNING - No viable dags retrieved from /opt/airflow/dags/dd.py
[2025-09-22T08:08:17.850+0000] {processor.py:183} INFO - Processing /opt/airflow/dags/dd.py took 0.092 seconds
[2025-09-22T08:08:48.415+0000] {processor.py:161} INFO - Started process (PID=1837) to work on /opt/airflow/dags/dd.py
[2025-09-22T08:08:48.416+0000] {processor.py:830} INFO - Processing file /opt/airflow/dags/dd.py for tasks to queue
[2025-09-22T08:08:48.418+0000] {logging_mixin.py:188} INFO - [2025-09-22T08:08:48.418+0000] {dagbag.py:545} INFO - Filling up the DagBag from /opt/airflow/dags/dd.py
[2025-09-22T08:08:48.428+0000] {processor.py:842} WARNING - No viable dags retrieved from /opt/airflow/dags/dd.py
[2025-09-22T08:08:48.472+0000] {processor.py:183} INFO - Processing /opt/airflow/dags/dd.py took 0.062 seconds
[2025-09-22T08:09:18.615+0000] {processor.py:161} INFO - Started process (PID=1868) to work on /opt/airflow/dags/dd.py
[2025-09-22T08:09:18.616+0000] {processor.py:830} INFO - Processing file /opt/airflow/dags/dd.py for tasks to queue
[2025-09-22T08:09:18.619+0000] {logging_mixin.py:188} INFO - [2025-09-22T08:09:18.619+0000] {dagbag.py:545} INFO - Filling up the DagBag from /opt/airflow/dags/dd.py
[2025-09-22T08:09:18.636+0000] {processor.py:842} WARNING - No viable dags retrieved from /opt/airflow/dags/dd.py
[2025-09-22T08:09:18.677+0000] {processor.py:183} INFO - Processing /opt/airflow/dags/dd.py took 0.068 seconds
[2025-09-22T08:09:48.768+0000] {processor.py:161} INFO - Started process (PID=1897) to work on /opt/airflow/dags/dd.py
[2025-09-22T08:09:48.769+0000] {processor.py:830} INFO - Processing file /opt/airflow/dags/dd.py for tasks to queue
[2025-09-22T08:09:48.772+0000] {logging_mixin.py:188} INFO - [2025-09-22T08:09:48.771+0000] {dagbag.py:545} INFO - Filling up the DagBag from /opt/airflow/dags/dd.py
[2025-09-22T08:09:48.781+0000] {processor.py:842} WARNING - No viable dags retrieved from /opt/airflow/dags/dd.py
[2025-09-22T08:09:48.825+0000] {processor.py:183} INFO - Processing /opt/airflow/dags/dd.py took 0.064 seconds
[2025-09-22T08:10:19.578+0000] {processor.py:161} INFO - Started process (PID=2016) to work on /opt/airflow/dags/dd.py
[2025-09-22T08:10:19.579+0000] {processor.py:830} INFO - Processing file /opt/airflow/dags/dd.py for tasks to queue
[2025-09-22T08:10:19.581+0000] {logging_mixin.py:188} INFO - [2025-09-22T08:10:19.581+0000] {dagbag.py:545} INFO - Filling up the DagBag from /opt/airflow/dags/dd.py
[2025-09-22T08:10:19.598+0000] {processor.py:842} WARNING - No viable dags retrieved from /opt/airflow/dags/dd.py
[2025-09-22T08:10:19.645+0000] {processor.py:183} INFO - Processing /opt/airflow/dags/dd.py took 0.072 seconds
[2025-09-22T08:10:50.094+0000] {processor.py:161} INFO - Started process (PID=2131) to work on /opt/airflow/dags/dd.py
[2025-09-22T08:10:50.095+0000] {processor.py:830} INFO - Processing file /opt/airflow/dags/dd.py for tasks to queue
[2025-09-22T08:10:50.107+0000] {logging_mixin.py:188} INFO - [2025-09-22T08:10:50.098+0000] {dagbag.py:545} INFO - Filling up the DagBag from /opt/airflow/dags/dd.py
[2025-09-22T08:10:50.119+0000] {processor.py:842} WARNING - No viable dags retrieved from /opt/airflow/dags/dd.py
[2025-09-22T08:10:50.175+0000] {processor.py:183} INFO - Processing /opt/airflow/dags/dd.py took 0.090 seconds
[2025-09-22T08:11:20.705+0000] {processor.py:161} INFO - Started process (PID=2242) to work on /opt/airflow/dags/dd.py
[2025-09-22T08:11:20.706+0000] {processor.py:830} INFO - Processing file /opt/airflow/dags/dd.py for tasks to queue
[2025-09-22T08:11:20.708+0000] {logging_mixin.py:188} INFO - [2025-09-22T08:11:20.707+0000] {dagbag.py:545} INFO - Filling up the DagBag from /opt/airflow/dags/dd.py
[2025-09-22T08:11:20.716+0000] {processor.py:842} WARNING - No viable dags retrieved from /opt/airflow/dags/dd.py
[2025-09-22T08:11:20.761+0000] {processor.py:183} INFO - Processing /opt/airflow/dags/dd.py took 0.063 seconds
[2025-09-22T08:11:51.369+0000] {processor.py:161} INFO - Started process (PID=2270) to work on /opt/airflow/dags/dd.py
[2025-09-22T08:11:51.370+0000] {processor.py:830} INFO - Processing file /opt/airflow/dags/dd.py for tasks to queue
[2025-09-22T08:11:51.373+0000] {logging_mixin.py:188} INFO - [2025-09-22T08:11:51.372+0000] {dagbag.py:545} INFO - Filling up the DagBag from /opt/airflow/dags/dd.py
[2025-09-22T08:11:51.385+0000] {processor.py:842} WARNING - No viable dags retrieved from /opt/airflow/dags/dd.py
[2025-09-22T08:11:51.427+0000] {processor.py:183} INFO - Processing /opt/airflow/dags/dd.py took 0.066 seconds
[2025-09-22T08:12:21.975+0000] {processor.py:161} INFO - Started process (PID=2301) to work on /opt/airflow/dags/dd.py
[2025-09-22T08:12:21.976+0000] {processor.py:830} INFO - Processing file /opt/airflow/dags/dd.py for tasks to queue
[2025-09-22T08:12:21.978+0000] {logging_mixin.py:188} INFO - [2025-09-22T08:12:21.978+0000] {dagbag.py:545} INFO - Filling up the DagBag from /opt/airflow/dags/dd.py
[2025-09-22T08:12:21.993+0000] {processor.py:842} WARNING - No viable dags retrieved from /opt/airflow/dags/dd.py
[2025-09-22T08:12:22.034+0000] {processor.py:183} INFO - Processing /opt/airflow/dags/dd.py took 0.065 seconds
[2025-09-22T08:12:52.268+0000] {processor.py:161} INFO - Started process (PID=2332) to work on /opt/airflow/dags/dd.py
[2025-09-22T08:12:52.269+0000] {processor.py:830} INFO - Processing file /opt/airflow/dags/dd.py for tasks to queue
[2025-09-22T08:12:52.272+0000] {logging_mixin.py:188} INFO - [2025-09-22T08:12:52.271+0000] {dagbag.py:545} INFO - Filling up the DagBag from /opt/airflow/dags/dd.py
[2025-09-22T08:12:52.290+0000] {processor.py:842} WARNING - No viable dags retrieved from /opt/airflow/dags/dd.py
[2025-09-22T08:12:52.334+0000] {processor.py:183} INFO - Processing /opt/airflow/dags/dd.py took 0.072 seconds
[2025-09-22T08:13:22.612+0000] {processor.py:161} INFO - Started process (PID=2363) to work on /opt/airflow/dags/dd.py
[2025-09-22T08:13:22.613+0000] {processor.py:830} INFO - Processing file /opt/airflow/dags/dd.py for tasks to queue
[2025-09-22T08:13:22.615+0000] {logging_mixin.py:188} INFO - [2025-09-22T08:13:22.615+0000] {dagbag.py:545} INFO - Filling up the DagBag from /opt/airflow/dags/dd.py
[2025-09-22T08:13:22.625+0000] {processor.py:842} WARNING - No viable dags retrieved from /opt/airflow/dags/dd.py
[2025-09-22T08:13:22.680+0000] {processor.py:183} INFO - Processing /opt/airflow/dags/dd.py took 0.074 seconds
[2025-09-22T08:13:52.731+0000] {processor.py:161} INFO - Started process (PID=2392) to work on /opt/airflow/dags/dd.py
[2025-09-22T08:13:52.732+0000] {processor.py:830} INFO - Processing file /opt/airflow/dags/dd.py for tasks to queue
[2025-09-22T08:13:52.734+0000] {logging_mixin.py:188} INFO - [2025-09-22T08:13:52.734+0000] {dagbag.py:545} INFO - Filling up the DagBag from /opt/airflow/dags/dd.py
[2025-09-22T08:13:52.745+0000] {processor.py:842} WARNING - No viable dags retrieved from /opt/airflow/dags/dd.py
[2025-09-22T08:13:52.796+0000] {processor.py:183} INFO - Processing /opt/airflow/dags/dd.py took 0.071 seconds
[2025-09-22T08:14:23.204+0000] {processor.py:161} INFO - Started process (PID=2420) to work on /opt/airflow/dags/dd.py
[2025-09-22T08:14:23.205+0000] {processor.py:830} INFO - Processing file /opt/airflow/dags/dd.py for tasks to queue
[2025-09-22T08:14:23.207+0000] {logging_mixin.py:188} INFO - [2025-09-22T08:14:23.207+0000] {dagbag.py:545} INFO - Filling up the DagBag from /opt/airflow/dags/dd.py
[2025-09-22T08:14:23.217+0000] {processor.py:842} WARNING - No viable dags retrieved from /opt/airflow/dags/dd.py
[2025-09-22T08:14:23.258+0000] {processor.py:183} INFO - Processing /opt/airflow/dags/dd.py took 0.060 seconds
[2025-09-22T08:14:53.537+0000] {processor.py:161} INFO - Started process (PID=2451) to work on /opt/airflow/dags/dd.py
[2025-09-22T08:14:53.539+0000] {processor.py:830} INFO - Processing file /opt/airflow/dags/dd.py for tasks to queue
[2025-09-22T08:14:53.542+0000] {logging_mixin.py:188} INFO - [2025-09-22T08:14:53.541+0000] {dagbag.py:545} INFO - Filling up the DagBag from /opt/airflow/dags/dd.py
[2025-09-22T08:14:53.559+0000] {processor.py:842} WARNING - No viable dags retrieved from /opt/airflow/dags/dd.py
[2025-09-22T08:14:53.602+0000] {processor.py:183} INFO - Processing /opt/airflow/dags/dd.py took 0.072 seconds
[2025-09-22T08:15:24.188+0000] {processor.py:161} INFO - Started process (PID=2487) to work on /opt/airflow/dags/dd.py
[2025-09-22T08:15:24.190+0000] {processor.py:830} INFO - Processing file /opt/airflow/dags/dd.py for tasks to queue
[2025-09-22T08:15:24.193+0000] {logging_mixin.py:188} INFO - [2025-09-22T08:15:24.193+0000] {dagbag.py:545} INFO - Filling up the DagBag from /opt/airflow/dags/dd.py
[2025-09-22T08:15:24.207+0000] {processor.py:842} WARNING - No viable dags retrieved from /opt/airflow/dags/dd.py
[2025-09-22T08:15:24.265+0000] {processor.py:183} INFO - Processing /opt/airflow/dags/dd.py took 0.086 seconds
[2025-09-22T08:15:54.891+0000] {processor.py:161} INFO - Started process (PID=2602) to work on /opt/airflow/dags/dd.py
[2025-09-22T08:15:54.892+0000] {processor.py:830} INFO - Processing file /opt/airflow/dags/dd.py for tasks to queue
[2025-09-22T08:15:54.897+0000] {logging_mixin.py:188} INFO - [2025-09-22T08:15:54.896+0000] {dagbag.py:545} INFO - Filling up the DagBag from /opt/airflow/dags/dd.py
[2025-09-22T08:15:54.915+0000] {processor.py:842} WARNING - No viable dags retrieved from /opt/airflow/dags/dd.py
[2025-09-22T08:15:54.991+0000] {processor.py:183} INFO - Processing /opt/airflow/dags/dd.py took 0.109 seconds
[2025-09-22T08:16:25.511+0000] {processor.py:161} INFO - Started process (PID=2710) to work on /opt/airflow/dags/dd.py
[2025-09-22T08:16:25.512+0000] {processor.py:830} INFO - Processing file /opt/airflow/dags/dd.py for tasks to queue
[2025-09-22T08:16:25.514+0000] {logging_mixin.py:188} INFO - [2025-09-22T08:16:25.514+0000] {dagbag.py:545} INFO - Filling up the DagBag from /opt/airflow/dags/dd.py
[2025-09-22T08:16:25.526+0000] {processor.py:842} WARNING - No viable dags retrieved from /opt/airflow/dags/dd.py
[2025-09-22T08:16:25.577+0000] {processor.py:183} INFO - Processing /opt/airflow/dags/dd.py took 0.073 seconds
[2025-09-22T08:16:55.763+0000] {processor.py:161} INFO - Started process (PID=2824) to work on /opt/airflow/dags/dd.py
[2025-09-22T08:16:55.764+0000] {processor.py:830} INFO - Processing file /opt/airflow/dags/dd.py for tasks to queue
[2025-09-22T08:16:55.766+0000] {logging_mixin.py:188} INFO - [2025-09-22T08:16:55.766+0000] {dagbag.py:545} INFO - Filling up the DagBag from /opt/airflow/dags/dd.py
[2025-09-22T08:16:55.777+0000] {processor.py:842} WARNING - No viable dags retrieved from /opt/airflow/dags/dd.py
[2025-09-22T08:16:55.827+0000] {processor.py:183} INFO - Processing /opt/airflow/dags/dd.py took 0.072 seconds
[2025-09-22T08:17:25.921+0000] {processor.py:161} INFO - Started process (PID=2942) to work on /opt/airflow/dags/dd.py
[2025-09-22T08:17:25.922+0000] {processor.py:830} INFO - Processing file /opt/airflow/dags/dd.py for tasks to queue
[2025-09-22T08:17:25.926+0000] {logging_mixin.py:188} INFO - [2025-09-22T08:17:25.925+0000] {dagbag.py:545} INFO - Filling up the DagBag from /opt/airflow/dags/dd.py
[2025-09-22T08:17:25.937+0000] {processor.py:842} WARNING - No viable dags retrieved from /opt/airflow/dags/dd.py
[2025-09-22T08:17:25.986+0000] {processor.py:183} INFO - Processing /opt/airflow/dags/dd.py took 0.073 seconds
[2025-09-22T08:17:56.325+0000] {processor.py:161} INFO - Started process (PID=3032) to work on /opt/airflow/dags/dd.py
[2025-09-22T08:17:56.326+0000] {processor.py:830} INFO - Processing file /opt/airflow/dags/dd.py for tasks to queue
[2025-09-22T08:17:56.329+0000] {logging_mixin.py:188} INFO - [2025-09-22T08:17:56.329+0000] {dagbag.py:545} INFO - Filling up the DagBag from /opt/airflow/dags/dd.py
[2025-09-22T08:17:56.339+0000] {processor.py:842} WARNING - No viable dags retrieved from /opt/airflow/dags/dd.py
[2025-09-22T08:17:56.389+0000] {processor.py:183} INFO - Processing /opt/airflow/dags/dd.py took 0.071 seconds
[2025-09-22T08:18:26.690+0000] {processor.py:161} INFO - Started process (PID=3149) to work on /opt/airflow/dags/dd.py
[2025-09-22T08:18:26.691+0000] {processor.py:830} INFO - Processing file /opt/airflow/dags/dd.py for tasks to queue
[2025-09-22T08:18:26.694+0000] {logging_mixin.py:188} INFO - [2025-09-22T08:18:26.694+0000] {dagbag.py:545} INFO - Filling up the DagBag from /opt/airflow/dags/dd.py
[2025-09-22T08:18:26.706+0000] {processor.py:842} WARNING - No viable dags retrieved from /opt/airflow/dags/dd.py
[2025-09-22T08:18:26.766+0000] {processor.py:183} INFO - Processing /opt/airflow/dags/dd.py took 0.086 seconds
[2025-09-22T08:18:57.231+0000] {processor.py:161} INFO - Started process (PID=3277) to work on /opt/airflow/dags/dd.py
[2025-09-22T08:18:57.232+0000] {processor.py:830} INFO - Processing file /opt/airflow/dags/dd.py for tasks to queue
[2025-09-22T08:18:57.236+0000] {logging_mixin.py:188} INFO - [2025-09-22T08:18:57.236+0000] {dagbag.py:545} INFO - Filling up the DagBag from /opt/airflow/dags/dd.py
[2025-09-22T08:18:57.251+0000] {processor.py:842} WARNING - No viable dags retrieved from /opt/airflow/dags/dd.py
[2025-09-22T08:18:57.302+0000] {processor.py:183} INFO - Processing /opt/airflow/dags/dd.py took 0.078 seconds
[2025-09-22T08:19:27.749+0000] {processor.py:161} INFO - Started process (PID=3389) to work on /opt/airflow/dags/dd.py
[2025-09-22T08:19:27.751+0000] {processor.py:830} INFO - Processing file /opt/airflow/dags/dd.py for tasks to queue
[2025-09-22T08:19:27.754+0000] {logging_mixin.py:188} INFO - [2025-09-22T08:19:27.753+0000] {dagbag.py:545} INFO - Filling up the DagBag from /opt/airflow/dags/dd.py
[2025-09-22T08:19:27.763+0000] {processor.py:842} WARNING - No viable dags retrieved from /opt/airflow/dags/dd.py
[2025-09-22T08:19:27.807+0000] {processor.py:183} INFO - Processing /opt/airflow/dags/dd.py took 0.066 seconds
[2025-09-22T08:19:57.916+0000] {processor.py:161} INFO - Started process (PID=3500) to work on /opt/airflow/dags/dd.py
[2025-09-22T08:19:57.917+0000] {processor.py:830} INFO - Processing file /opt/airflow/dags/dd.py for tasks to queue
[2025-09-22T08:19:57.919+0000] {logging_mixin.py:188} INFO - [2025-09-22T08:19:57.919+0000] {dagbag.py:545} INFO - Filling up the DagBag from /opt/airflow/dags/dd.py
[2025-09-22T08:19:57.933+0000] {processor.py:842} WARNING - No viable dags retrieved from /opt/airflow/dags/dd.py
[2025-09-22T08:19:57.995+0000] {processor.py:183} INFO - Processing /opt/airflow/dags/dd.py took 0.087 seconds
[2025-09-22T08:20:28.122+0000] {processor.py:161} INFO - Started process (PID=3609) to work on /opt/airflow/dags/dd.py
[2025-09-22T08:20:28.125+0000] {processor.py:830} INFO - Processing file /opt/airflow/dags/dd.py for tasks to queue
[2025-09-22T08:20:28.131+0000] {logging_mixin.py:188} INFO - [2025-09-22T08:20:28.129+0000] {dagbag.py:545} INFO - Filling up the DagBag from /opt/airflow/dags/dd.py
[2025-09-22T08:20:28.157+0000] {processor.py:842} WARNING - No viable dags retrieved from /opt/airflow/dags/dd.py
[2025-09-22T08:20:28.231+0000] {processor.py:183} INFO - Processing /opt/airflow/dags/dd.py took 0.118 seconds
[2025-09-22T08:20:58.276+0000] {processor.py:161} INFO - Started process (PID=3713) to work on /opt/airflow/dags/dd.py
[2025-09-22T08:20:58.277+0000] {processor.py:830} INFO - Processing file /opt/airflow/dags/dd.py for tasks to queue
[2025-09-22T08:20:58.280+0000] {logging_mixin.py:188} INFO - [2025-09-22T08:20:58.279+0000] {dagbag.py:545} INFO - Filling up the DagBag from /opt/airflow/dags/dd.py
[2025-09-22T08:20:58.289+0000] {processor.py:842} WARNING - No viable dags retrieved from /opt/airflow/dags/dd.py
[2025-09-22T08:20:58.339+0000] {processor.py:183} INFO - Processing /opt/airflow/dags/dd.py took 0.070 seconds
[2025-09-22T08:21:28.460+0000] {processor.py:161} INFO - Started process (PID=3826) to work on /opt/airflow/dags/dd.py
[2025-09-22T08:21:28.461+0000] {processor.py:830} INFO - Processing file /opt/airflow/dags/dd.py for tasks to queue
[2025-09-22T08:21:28.464+0000] {logging_mixin.py:188} INFO - [2025-09-22T08:21:28.463+0000] {dagbag.py:545} INFO - Filling up the DagBag from /opt/airflow/dags/dd.py
[2025-09-22T08:21:28.476+0000] {processor.py:842} WARNING - No viable dags retrieved from /opt/airflow/dags/dd.py
[2025-09-22T08:21:28.526+0000] {processor.py:183} INFO - Processing /opt/airflow/dags/dd.py took 0.073 seconds
[2025-09-22T08:21:58.756+0000] {processor.py:161} INFO - Started process (PID=3857) to work on /opt/airflow/dags/dd.py
[2025-09-22T08:21:58.757+0000] {processor.py:830} INFO - Processing file /opt/airflow/dags/dd.py for tasks to queue
[2025-09-22T08:21:58.760+0000] {logging_mixin.py:188} INFO - [2025-09-22T08:21:58.759+0000] {dagbag.py:545} INFO - Filling up the DagBag from /opt/airflow/dags/dd.py
[2025-09-22T08:21:58.771+0000] {processor.py:842} WARNING - No viable dags retrieved from /opt/airflow/dags/dd.py
[2025-09-22T08:21:58.814+0000] {processor.py:183} INFO - Processing /opt/airflow/dags/dd.py took 0.065 seconds
[2025-09-22T08:22:30.733+0000] {processor.py:161} INFO - Started process (PID=3886) to work on /opt/airflow/dags/dd.py
[2025-09-22T08:22:30.739+0000] {processor.py:830} INFO - Processing file /opt/airflow/dags/dd.py for tasks to queue
[2025-09-22T08:22:30.743+0000] {logging_mixin.py:188} INFO - [2025-09-22T08:22:30.742+0000] {dagbag.py:545} INFO - Filling up the DagBag from /opt/airflow/dags/dd.py
[2025-09-22T08:22:30.756+0000] {processor.py:842} WARNING - No viable dags retrieved from /opt/airflow/dags/dd.py
[2025-09-22T08:22:30.810+0000] {processor.py:183} INFO - Processing /opt/airflow/dags/dd.py took 0.087 seconds
[2025-09-22T08:23:03.597+0000] {processor.py:161} INFO - Started process (PID=3916) to work on /opt/airflow/dags/dd.py
[2025-09-22T08:23:03.598+0000] {processor.py:830} INFO - Processing file /opt/airflow/dags/dd.py for tasks to queue
[2025-09-22T08:23:03.602+0000] {logging_mixin.py:188} INFO - [2025-09-22T08:23:03.601+0000] {dagbag.py:545} INFO - Filling up the DagBag from /opt/airflow/dags/dd.py
[2025-09-22T08:23:03.613+0000] {processor.py:842} WARNING - No viable dags retrieved from /opt/airflow/dags/dd.py
[2025-09-22T08:23:03.666+0000] {processor.py:183} INFO - Processing /opt/airflow/dags/dd.py took 0.076 seconds
[2025-09-22T08:23:37.072+0000] {processor.py:161} INFO - Started process (PID=4072) to work on /opt/airflow/dags/dd.py
[2025-09-22T08:23:37.073+0000] {processor.py:830} INFO - Processing file /opt/airflow/dags/dd.py for tasks to queue
[2025-09-22T08:23:37.075+0000] {logging_mixin.py:188} INFO - [2025-09-22T08:23:37.075+0000] {dagbag.py:545} INFO - Filling up the DagBag from /opt/airflow/dags/dd.py
[2025-09-22T08:23:37.086+0000] {processor.py:842} WARNING - No viable dags retrieved from /opt/airflow/dags/dd.py
[2025-09-22T08:23:37.134+0000] {processor.py:183} INFO - Processing /opt/airflow/dags/dd.py took 0.071 seconds
[2025-09-22T08:24:10.707+0000] {processor.py:161} INFO - Started process (PID=4183) to work on /opt/airflow/dags/dd.py
[2025-09-22T08:24:10.708+0000] {processor.py:830} INFO - Processing file /opt/airflow/dags/dd.py for tasks to queue
[2025-09-22T08:24:10.713+0000] {logging_mixin.py:188} INFO - [2025-09-22T08:24:10.712+0000] {dagbag.py:545} INFO - Filling up the DagBag from /opt/airflow/dags/dd.py
[2025-09-22T08:24:10.724+0000] {processor.py:842} WARNING - No viable dags retrieved from /opt/airflow/dags/dd.py
[2025-09-22T08:24:10.777+0000] {processor.py:183} INFO - Processing /opt/airflow/dags/dd.py took 0.078 seconds
[2025-09-22T08:24:46.796+0000] {processor.py:161} INFO - Started process (PID=4338) to work on /opt/airflow/dags/dd.py
[2025-09-22T08:24:46.797+0000] {processor.py:830} INFO - Processing file /opt/airflow/dags/dd.py for tasks to queue
[2025-09-22T08:24:46.799+0000] {logging_mixin.py:188} INFO - [2025-09-22T08:24:46.799+0000] {dagbag.py:545} INFO - Filling up the DagBag from /opt/airflow/dags/dd.py
[2025-09-22T08:24:46.811+0000] {processor.py:842} WARNING - No viable dags retrieved from /opt/airflow/dags/dd.py
[2025-09-22T08:24:46.860+0000] {processor.py:183} INFO - Processing /opt/airflow/dags/dd.py took 0.072 seconds
[2025-09-22T08:25:20.223+0000] {processor.py:161} INFO - Started process (PID=4457) to work on /opt/airflow/dags/dd.py
[2025-09-22T08:25:20.224+0000] {processor.py:830} INFO - Processing file /opt/airflow/dags/dd.py for tasks to queue
[2025-09-22T08:25:20.228+0000] {logging_mixin.py:188} INFO - [2025-09-22T08:25:20.227+0000] {dagbag.py:545} INFO - Filling up the DagBag from /opt/airflow/dags/dd.py
[2025-09-22T08:25:20.247+0000] {processor.py:842} WARNING - No viable dags retrieved from /opt/airflow/dags/dd.py
[2025-09-22T08:25:20.300+0000] {processor.py:183} INFO - Processing /opt/airflow/dags/dd.py took 0.095 seconds
[2025-09-22T08:25:52.944+0000] {processor.py:161} INFO - Started process (PID=4576) to work on /opt/airflow/dags/dd.py
[2025-09-22T08:25:52.945+0000] {processor.py:830} INFO - Processing file /opt/airflow/dags/dd.py for tasks to queue
[2025-09-22T08:25:52.948+0000] {logging_mixin.py:188} INFO - [2025-09-22T08:25:52.947+0000] {dagbag.py:545} INFO - Filling up the DagBag from /opt/airflow/dags/dd.py
[2025-09-22T08:25:52.959+0000] {processor.py:842} WARNING - No viable dags retrieved from /opt/airflow/dags/dd.py
[2025-09-22T08:25:53.011+0000] {processor.py:183} INFO - Processing /opt/airflow/dags/dd.py took 0.074 seconds
[2025-09-22T08:26:25.746+0000] {processor.py:161} INFO - Started process (PID=4721) to work on /opt/airflow/dags/dd.py
[2025-09-22T08:26:25.747+0000] {processor.py:830} INFO - Processing file /opt/airflow/dags/dd.py for tasks to queue
[2025-09-22T08:26:25.750+0000] {logging_mixin.py:188} INFO - [2025-09-22T08:26:25.750+0000] {dagbag.py:545} INFO - Filling up the DagBag from /opt/airflow/dags/dd.py
[2025-09-22T08:26:25.764+0000] {processor.py:842} WARNING - No viable dags retrieved from /opt/airflow/dags/dd.py
[2025-09-22T08:26:25.807+0000] {processor.py:183} INFO - Processing /opt/airflow/dags/dd.py took 0.071 seconds
[2025-09-22T08:26:59.286+0000] {processor.py:161} INFO - Started process (PID=4846) to work on /opt/airflow/dags/dd.py
[2025-09-22T08:26:59.288+0000] {processor.py:830} INFO - Processing file /opt/airflow/dags/dd.py for tasks to queue
[2025-09-22T08:26:59.291+0000] {logging_mixin.py:188} INFO - [2025-09-22T08:26:59.290+0000] {dagbag.py:545} INFO - Filling up the DagBag from /opt/airflow/dags/dd.py
[2025-09-22T08:26:59.307+0000] {processor.py:842} WARNING - No viable dags retrieved from /opt/airflow/dags/dd.py
[2025-09-22T08:26:59.362+0000] {processor.py:183} INFO - Processing /opt/airflow/dags/dd.py took 0.087 seconds
[2025-09-22T08:27:32.101+0000] {processor.py:161} INFO - Started process (PID=4889) to work on /opt/airflow/dags/dd.py
[2025-09-22T08:27:32.102+0000] {processor.py:830} INFO - Processing file /opt/airflow/dags/dd.py for tasks to queue
[2025-09-22T08:27:32.105+0000] {logging_mixin.py:188} INFO - [2025-09-22T08:27:32.105+0000] {dagbag.py:545} INFO - Filling up the DagBag from /opt/airflow/dags/dd.py
[2025-09-22T08:27:32.117+0000] {processor.py:842} WARNING - No viable dags retrieved from /opt/airflow/dags/dd.py
[2025-09-22T08:27:32.160+0000] {processor.py:183} INFO - Processing /opt/airflow/dags/dd.py took 0.067 seconds
[2025-09-22T08:28:06.454+0000] {processor.py:161} INFO - Started process (PID=4927) to work on /opt/airflow/dags/dd.py
[2025-09-22T08:28:06.456+0000] {processor.py:830} INFO - Processing file /opt/airflow/dags/dd.py for tasks to queue
[2025-09-22T08:28:06.459+0000] {logging_mixin.py:188} INFO - [2025-09-22T08:28:06.459+0000] {dagbag.py:545} INFO - Filling up the DagBag from /opt/airflow/dags/dd.py
[2025-09-22T08:28:06.498+0000] {processor.py:842} WARNING - No viable dags retrieved from /opt/airflow/dags/dd.py
[2025-09-22T08:28:06.632+0000] {processor.py:183} INFO - Processing /opt/airflow/dags/dd.py took 0.189 seconds
[2025-09-22T08:28:39.750+0000] {processor.py:161} INFO - Started process (PID=5048) to work on /opt/airflow/dags/dd.py
[2025-09-22T08:28:39.752+0000] {processor.py:830} INFO - Processing file /opt/airflow/dags/dd.py for tasks to queue
[2025-09-22T08:28:39.755+0000] {logging_mixin.py:188} INFO - [2025-09-22T08:28:39.754+0000] {dagbag.py:545} INFO - Filling up the DagBag from /opt/airflow/dags/dd.py
[2025-09-22T08:28:39.767+0000] {processor.py:842} WARNING - No viable dags retrieved from /opt/airflow/dags/dd.py
[2025-09-22T08:28:39.827+0000] {processor.py:183} INFO - Processing /opt/airflow/dags/dd.py took 0.089 seconds
[2025-09-22T08:29:09.961+0000] {processor.py:161} INFO - Started process (PID=5192) to work on /opt/airflow/dags/dd.py
[2025-09-22T08:29:09.962+0000] {processor.py:830} INFO - Processing file /opt/airflow/dags/dd.py for tasks to queue
[2025-09-22T08:29:09.966+0000] {logging_mixin.py:188} INFO - [2025-09-22T08:29:09.965+0000] {dagbag.py:545} INFO - Filling up the DagBag from /opt/airflow/dags/dd.py
[2025-09-22T08:29:09.980+0000] {processor.py:842} WARNING - No viable dags retrieved from /opt/airflow/dags/dd.py
[2025-09-22T08:29:10.042+0000] {processor.py:183} INFO - Processing /opt/airflow/dags/dd.py took 0.090 seconds
[2025-09-22T08:29:48.203+0000] {processor.py:161} INFO - Started process (PID=5330) to work on /opt/airflow/dags/dd.py
[2025-09-22T08:29:48.205+0000] {processor.py:830} INFO - Processing file /opt/airflow/dags/dd.py for tasks to queue
[2025-09-22T08:29:48.210+0000] {logging_mixin.py:188} INFO - [2025-09-22T08:29:48.208+0000] {dagbag.py:545} INFO - Filling up the DagBag from /opt/airflow/dags/dd.py
[2025-09-22T08:29:48.233+0000] {processor.py:842} WARNING - No viable dags retrieved from /opt/airflow/dags/dd.py
[2025-09-22T08:29:48.415+0000] {processor.py:183} INFO - Processing /opt/airflow/dags/dd.py took 0.222 seconds
[2025-09-22T08:30:22.459+0000] {processor.py:161} INFO - Started process (PID=5470) to work on /opt/airflow/dags/dd.py
[2025-09-22T08:30:22.460+0000] {processor.py:830} INFO - Processing file /opt/airflow/dags/dd.py for tasks to queue
[2025-09-22T08:30:22.462+0000] {logging_mixin.py:188} INFO - [2025-09-22T08:30:22.461+0000] {dagbag.py:545} INFO - Filling up the DagBag from /opt/airflow/dags/dd.py
[2025-09-22T08:30:22.473+0000] {processor.py:842} WARNING - No viable dags retrieved from /opt/airflow/dags/dd.py
[2025-09-22T08:30:22.519+0000] {processor.py:183} INFO - Processing /opt/airflow/dags/dd.py took 0.067 seconds
[2025-09-22T08:30:55.106+0000] {processor.py:161} INFO - Started process (PID=5633) to work on /opt/airflow/dags/dd.py
[2025-09-22T08:30:55.107+0000] {processor.py:830} INFO - Processing file /opt/airflow/dags/dd.py for tasks to queue
[2025-09-22T08:30:55.110+0000] {logging_mixin.py:188} INFO - [2025-09-22T08:30:55.109+0000] {dagbag.py:545} INFO - Filling up the DagBag from /opt/airflow/dags/dd.py
[2025-09-22T08:30:55.125+0000] {processor.py:842} WARNING - No viable dags retrieved from /opt/airflow/dags/dd.py
[2025-09-22T08:30:55.183+0000] {processor.py:183} INFO - Processing /opt/airflow/dags/dd.py took 0.086 seconds
[2025-09-22T08:31:28.667+0000] {processor.py:161} INFO - Started process (PID=5773) to work on /opt/airflow/dags/dd.py
[2025-09-22T08:31:28.668+0000] {processor.py:830} INFO - Processing file /opt/airflow/dags/dd.py for tasks to queue
[2025-09-22T08:31:28.672+0000] {logging_mixin.py:188} INFO - [2025-09-22T08:31:28.671+0000] {dagbag.py:545} INFO - Filling up the DagBag from /opt/airflow/dags/dd.py
[2025-09-22T08:31:28.695+0000] {processor.py:842} WARNING - No viable dags retrieved from /opt/airflow/dags/dd.py
[2025-09-22T08:31:28.799+0000] {processor.py:183} INFO - Processing /opt/airflow/dags/dd.py took 0.140 seconds
[2025-09-22T08:31:59.293+0000] {processor.py:161} INFO - Started process (PID=5893) to work on /opt/airflow/dags/dd.py
[2025-09-22T08:31:59.295+0000] {processor.py:830} INFO - Processing file /opt/airflow/dags/dd.py for tasks to queue
[2025-09-22T08:31:59.300+0000] {logging_mixin.py:188} INFO - [2025-09-22T08:31:59.299+0000] {dagbag.py:545} INFO - Filling up the DagBag from /opt/airflow/dags/dd.py
[2025-09-22T08:31:59.308+0000] {processor.py:842} WARNING - No viable dags retrieved from /opt/airflow/dags/dd.py
[2025-09-22T08:31:59.352+0000] {processor.py:183} INFO - Processing /opt/airflow/dags/dd.py took 0.065 seconds
[2025-09-22T08:32:29.779+0000] {processor.py:161} INFO - Started process (PID=6037) to work on /opt/airflow/dags/dd.py
[2025-09-22T08:32:29.780+0000] {processor.py:830} INFO - Processing file /opt/airflow/dags/dd.py for tasks to queue
[2025-09-22T08:32:29.782+0000] {logging_mixin.py:188} INFO - [2025-09-22T08:32:29.782+0000] {dagbag.py:545} INFO - Filling up the DagBag from /opt/airflow/dags/dd.py
[2025-09-22T08:32:29.791+0000] {processor.py:842} WARNING - No viable dags retrieved from /opt/airflow/dags/dd.py
[2025-09-22T08:32:29.833+0000] {processor.py:183} INFO - Processing /opt/airflow/dags/dd.py took 0.060 seconds
[2025-09-22T08:33:00.460+0000] {processor.py:161} INFO - Started process (PID=6145) to work on /opt/airflow/dags/dd.py
[2025-09-22T08:33:00.462+0000] {processor.py:830} INFO - Processing file /opt/airflow/dags/dd.py for tasks to queue
[2025-09-22T08:33:00.465+0000] {logging_mixin.py:188} INFO - [2025-09-22T08:33:00.464+0000] {dagbag.py:545} INFO - Filling up the DagBag from /opt/airflow/dags/dd.py
[2025-09-22T08:33:00.481+0000] {processor.py:842} WARNING - No viable dags retrieved from /opt/airflow/dags/dd.py
[2025-09-22T08:33:00.531+0000] {processor.py:183} INFO - Processing /opt/airflow/dags/dd.py took 0.077 seconds
[2025-09-22T08:33:30.722+0000] {processor.py:161} INFO - Started process (PID=6242) to work on /opt/airflow/dags/dd.py
[2025-09-22T08:33:30.724+0000] {processor.py:830} INFO - Processing file /opt/airflow/dags/dd.py for tasks to queue
[2025-09-22T08:33:30.726+0000] {logging_mixin.py:188} INFO - [2025-09-22T08:33:30.726+0000] {dagbag.py:545} INFO - Filling up the DagBag from /opt/airflow/dags/dd.py
[2025-09-22T08:33:30.748+0000] {processor.py:842} WARNING - No viable dags retrieved from /opt/airflow/dags/dd.py
[2025-09-22T08:33:30.800+0000] {processor.py:183} INFO - Processing /opt/airflow/dags/dd.py took 0.084 seconds
[2025-09-22T08:34:01.039+0000] {processor.py:161} INFO - Started process (PID=6283) to work on /opt/airflow/dags/dd.py
[2025-09-22T08:34:01.040+0000] {processor.py:830} INFO - Processing file /opt/airflow/dags/dd.py for tasks to queue
[2025-09-22T08:34:01.044+0000] {logging_mixin.py:188} INFO - [2025-09-22T08:34:01.043+0000] {dagbag.py:545} INFO - Filling up the DagBag from /opt/airflow/dags/dd.py
[2025-09-22T08:34:01.061+0000] {processor.py:842} WARNING - No viable dags retrieved from /opt/airflow/dags/dd.py
[2025-09-22T08:34:01.119+0000] {processor.py:183} INFO - Processing /opt/airflow/dags/dd.py took 0.087 seconds
[2025-09-22T08:34:43.129+0000] {processor.py:161} INFO - Started process (PID=6323) to work on /opt/airflow/dags/dd.py
[2025-09-22T08:34:43.130+0000] {processor.py:830} INFO - Processing file /opt/airflow/dags/dd.py for tasks to queue
[2025-09-22T08:34:43.132+0000] {logging_mixin.py:188} INFO - [2025-09-22T08:34:43.132+0000] {dagbag.py:545} INFO - Filling up the DagBag from /opt/airflow/dags/dd.py
[2025-09-22T08:34:43.141+0000] {processor.py:842} WARNING - No viable dags retrieved from /opt/airflow/dags/dd.py
[2025-09-22T08:34:43.185+0000] {processor.py:183} INFO - Processing /opt/airflow/dags/dd.py took 0.062 seconds
[2025-09-22T08:35:13.846+0000] {processor.py:161} INFO - Started process (PID=6348) to work on /opt/airflow/dags/dd.py
[2025-09-22T08:35:13.847+0000] {processor.py:830} INFO - Processing file /opt/airflow/dags/dd.py for tasks to queue
[2025-09-22T08:35:13.849+0000] {logging_mixin.py:188} INFO - [2025-09-22T08:35:13.849+0000] {dagbag.py:545} INFO - Filling up the DagBag from /opt/airflow/dags/dd.py
[2025-09-22T08:35:13.858+0000] {processor.py:842} WARNING - No viable dags retrieved from /opt/airflow/dags/dd.py
[2025-09-22T08:35:13.902+0000] {processor.py:183} INFO - Processing /opt/airflow/dags/dd.py took 0.062 seconds
[2025-09-22T08:35:44.325+0000] {processor.py:161} INFO - Started process (PID=6376) to work on /opt/airflow/dags/dd.py
[2025-09-22T08:35:44.326+0000] {processor.py:830} INFO - Processing file /opt/airflow/dags/dd.py for tasks to queue
[2025-09-22T08:35:44.328+0000] {logging_mixin.py:188} INFO - [2025-09-22T08:35:44.328+0000] {dagbag.py:545} INFO - Filling up the DagBag from /opt/airflow/dags/dd.py
[2025-09-22T08:35:44.349+0000] {processor.py:842} WARNING - No viable dags retrieved from /opt/airflow/dags/dd.py
[2025-09-22T08:35:44.414+0000] {processor.py:183} INFO - Processing /opt/airflow/dags/dd.py took 0.095 seconds
[2025-09-22T12:32:52.400+0000] {processor.py:161} INFO - Started process (PID=6440) to work on /opt/airflow/dags/dd.py
[2025-09-22T12:32:52.401+0000] {processor.py:830} INFO - Processing file /opt/airflow/dags/dd.py for tasks to queue
[2025-09-22T12:32:52.403+0000] {logging_mixin.py:188} INFO - [2025-09-22T12:32:52.403+0000] {dagbag.py:545} INFO - Filling up the DagBag from /opt/airflow/dags/dd.py
[2025-09-22T12:32:52.414+0000] {processor.py:842} WARNING - No viable dags retrieved from /opt/airflow/dags/dd.py
[2025-09-22T12:32:52.464+0000] {processor.py:183} INFO - Processing /opt/airflow/dags/dd.py took 0.072 seconds
[2025-09-22T12:33:23.753+0000] {processor.py:161} INFO - Started process (PID=6466) to work on /opt/airflow/dags/dd.py
[2025-09-22T12:33:23.755+0000] {processor.py:830} INFO - Processing file /opt/airflow/dags/dd.py for tasks to queue
[2025-09-22T12:33:23.757+0000] {logging_mixin.py:188} INFO - [2025-09-22T12:33:23.756+0000] {dagbag.py:545} INFO - Filling up the DagBag from /opt/airflow/dags/dd.py
[2025-09-22T12:33:23.778+0000] {processor.py:842} WARNING - No viable dags retrieved from /opt/airflow/dags/dd.py
[2025-09-22T12:33:23.858+0000] {processor.py:183} INFO - Processing /opt/airflow/dags/dd.py took 0.116 seconds
[2025-09-22T12:33:54.250+0000] {processor.py:161} INFO - Started process (PID=6492) to work on /opt/airflow/dags/dd.py
[2025-09-22T12:33:54.251+0000] {processor.py:830} INFO - Processing file /opt/airflow/dags/dd.py for tasks to queue
[2025-09-22T12:33:54.253+0000] {logging_mixin.py:188} INFO - [2025-09-22T12:33:54.252+0000] {dagbag.py:545} INFO - Filling up the DagBag from /opt/airflow/dags/dd.py
[2025-09-22T12:33:54.268+0000] {processor.py:842} WARNING - No viable dags retrieved from /opt/airflow/dags/dd.py
[2025-09-22T12:33:54.345+0000] {processor.py:183} INFO - Processing /opt/airflow/dags/dd.py took 0.104 seconds
[2025-09-22T12:34:24.939+0000] {processor.py:161} INFO - Started process (PID=6520) to work on /opt/airflow/dags/dd.py
[2025-09-22T12:34:24.941+0000] {processor.py:830} INFO - Processing file /opt/airflow/dags/dd.py for tasks to queue
[2025-09-22T12:34:24.941+0000] {logging_mixin.py:188} INFO - [2025-09-22T12:34:24.941+0000] {dagbag.py:545} INFO - Filling up the DagBag from /opt/airflow/dags/dd.py
[2025-09-22T12:34:24.950+0000] {processor.py:842} WARNING - No viable dags retrieved from /opt/airflow/dags/dd.py
[2025-09-22T12:34:24.989+0000] {processor.py:183} INFO - Processing /opt/airflow/dags/dd.py took 0.056 seconds
[2025-09-22T12:34:55.460+0000] {processor.py:161} INFO - Started process (PID=6551) to work on /opt/airflow/dags/dd.py
[2025-09-22T12:34:55.461+0000] {processor.py:830} INFO - Processing file /opt/airflow/dags/dd.py for tasks to queue
[2025-09-22T12:34:55.462+0000] {logging_mixin.py:188} INFO - [2025-09-22T12:34:55.462+0000] {dagbag.py:545} INFO - Filling up the DagBag from /opt/airflow/dags/dd.py
[2025-09-22T12:34:55.470+0000] {processor.py:842} WARNING - No viable dags retrieved from /opt/airflow/dags/dd.py
[2025-09-22T12:34:55.507+0000] {processor.py:183} INFO - Processing /opt/airflow/dags/dd.py took 0.054 seconds
[2025-09-22T12:35:25.693+0000] {processor.py:161} INFO - Started process (PID=6582) to work on /opt/airflow/dags/dd.py
[2025-09-22T12:35:25.694+0000] {processor.py:830} INFO - Processing file /opt/airflow/dags/dd.py for tasks to queue
[2025-09-22T12:35:25.695+0000] {logging_mixin.py:188} INFO - [2025-09-22T12:35:25.695+0000] {dagbag.py:545} INFO - Filling up the DagBag from /opt/airflow/dags/dd.py
[2025-09-22T12:35:25.703+0000] {processor.py:842} WARNING - No viable dags retrieved from /opt/airflow/dags/dd.py
[2025-09-22T12:35:25.741+0000] {processor.py:183} INFO - Processing /opt/airflow/dags/dd.py took 0.054 seconds
[2025-09-22T12:35:56.326+0000] {processor.py:161} INFO - Started process (PID=6613) to work on /opt/airflow/dags/dd.py
[2025-09-22T12:35:56.327+0000] {processor.py:830} INFO - Processing file /opt/airflow/dags/dd.py for tasks to queue
[2025-09-22T12:35:56.328+0000] {logging_mixin.py:188} INFO - [2025-09-22T12:35:56.328+0000] {dagbag.py:545} INFO - Filling up the DagBag from /opt/airflow/dags/dd.py
[2025-09-22T12:35:56.335+0000] {processor.py:842} WARNING - No viable dags retrieved from /opt/airflow/dags/dd.py
[2025-09-22T12:35:56.374+0000] {processor.py:183} INFO - Processing /opt/airflow/dags/dd.py took 0.055 seconds
[2025-09-22T12:36:26.707+0000] {processor.py:161} INFO - Started process (PID=6644) to work on /opt/airflow/dags/dd.py
[2025-09-22T12:36:26.708+0000] {processor.py:830} INFO - Processing file /opt/airflow/dags/dd.py for tasks to queue
[2025-09-22T12:36:26.709+0000] {logging_mixin.py:188} INFO - [2025-09-22T12:36:26.709+0000] {dagbag.py:545} INFO - Filling up the DagBag from /opt/airflow/dags/dd.py
[2025-09-22T12:36:26.721+0000] {processor.py:842} WARNING - No viable dags retrieved from /opt/airflow/dags/dd.py
[2025-09-22T12:36:26.773+0000] {processor.py:183} INFO - Processing /opt/airflow/dags/dd.py took 0.073 seconds
[2025-09-22T12:36:57.033+0000] {processor.py:161} INFO - Started process (PID=6672) to work on /opt/airflow/dags/dd.py
[2025-09-22T12:36:57.034+0000] {processor.py:830} INFO - Processing file /opt/airflow/dags/dd.py for tasks to queue
[2025-09-22T12:36:57.035+0000] {logging_mixin.py:188} INFO - [2025-09-22T12:36:57.035+0000] {dagbag.py:545} INFO - Filling up the DagBag from /opt/airflow/dags/dd.py
[2025-09-22T12:36:57.043+0000] {processor.py:842} WARNING - No viable dags retrieved from /opt/airflow/dags/dd.py
[2025-09-22T12:36:57.085+0000] {processor.py:183} INFO - Processing /opt/airflow/dags/dd.py took 0.058 seconds
[2025-09-22T12:37:27.398+0000] {processor.py:161} INFO - Started process (PID=6700) to work on /opt/airflow/dags/dd.py
[2025-09-22T12:37:27.399+0000] {processor.py:830} INFO - Processing file /opt/airflow/dags/dd.py for tasks to queue
[2025-09-22T12:37:27.400+0000] {logging_mixin.py:188} INFO - [2025-09-22T12:37:27.400+0000] {dagbag.py:545} INFO - Filling up the DagBag from /opt/airflow/dags/dd.py
[2025-09-22T12:37:27.408+0000] {processor.py:842} WARNING - No viable dags retrieved from /opt/airflow/dags/dd.py
[2025-09-22T12:37:27.447+0000] {processor.py:183} INFO - Processing /opt/airflow/dags/dd.py took 0.055 seconds
[2025-09-22T12:37:58.177+0000] {processor.py:161} INFO - Started process (PID=6731) to work on /opt/airflow/dags/dd.py
[2025-09-22T12:37:58.178+0000] {processor.py:830} INFO - Processing file /opt/airflow/dags/dd.py for tasks to queue
[2025-09-22T12:37:58.179+0000] {logging_mixin.py:188} INFO - [2025-09-22T12:37:58.178+0000] {dagbag.py:545} INFO - Filling up the DagBag from /opt/airflow/dags/dd.py
[2025-09-22T12:37:58.186+0000] {processor.py:842} WARNING - No viable dags retrieved from /opt/airflow/dags/dd.py
[2025-09-22T12:37:58.225+0000] {processor.py:183} INFO - Processing /opt/airflow/dags/dd.py took 0.055 seconds
[2025-09-22T12:38:28.560+0000] {processor.py:161} INFO - Started process (PID=6762) to work on /opt/airflow/dags/dd.py
[2025-09-22T12:38:28.562+0000] {processor.py:830} INFO - Processing file /opt/airflow/dags/dd.py for tasks to queue
[2025-09-22T12:38:28.563+0000] {logging_mixin.py:188} INFO - [2025-09-22T12:38:28.562+0000] {dagbag.py:545} INFO - Filling up the DagBag from /opt/airflow/dags/dd.py
[2025-09-22T12:38:28.573+0000] {processor.py:842} WARNING - No viable dags retrieved from /opt/airflow/dags/dd.py
[2025-09-22T12:38:28.617+0000] {processor.py:183} INFO - Processing /opt/airflow/dags/dd.py took 0.064 seconds
[2025-09-22T12:38:59.134+0000] {processor.py:161} INFO - Started process (PID=6793) to work on /opt/airflow/dags/dd.py
[2025-09-22T12:38:59.135+0000] {processor.py:830} INFO - Processing file /opt/airflow/dags/dd.py for tasks to queue
[2025-09-22T12:38:59.136+0000] {logging_mixin.py:188} INFO - [2025-09-22T12:38:59.136+0000] {dagbag.py:545} INFO - Filling up the DagBag from /opt/airflow/dags/dd.py
[2025-09-22T12:38:59.143+0000] {processor.py:842} WARNING - No viable dags retrieved from /opt/airflow/dags/dd.py
[2025-09-22T12:38:59.183+0000] {processor.py:183} INFO - Processing /opt/airflow/dags/dd.py took 0.056 seconds
[2025-09-22T12:39:29.372+0000] {processor.py:161} INFO - Started process (PID=6824) to work on /opt/airflow/dags/dd.py
[2025-09-22T12:39:29.374+0000] {processor.py:830} INFO - Processing file /opt/airflow/dags/dd.py for tasks to queue
[2025-09-22T12:39:29.376+0000] {logging_mixin.py:188} INFO - [2025-09-22T12:39:29.375+0000] {dagbag.py:545} INFO - Filling up the DagBag from /opt/airflow/dags/dd.py
[2025-09-22T12:39:29.387+0000] {processor.py:842} WARNING - No viable dags retrieved from /opt/airflow/dags/dd.py
[2025-09-22T12:39:29.452+0000] {processor.py:183} INFO - Processing /opt/airflow/dags/dd.py took 0.087 seconds
