[2025-09-12T16:51:04.722+0000] {local_task_job_runner.py:120} INFO - ::group::Pre task execution logs
[2025-09-12T16:51:04.942+0000] {taskinstance.py:2076} INFO - Dependencies all met for dep_context=non-requeueable deps ti=<TaskInstance: dbt_ecom_cosmos.dbt_ecom.stg_products_run manual__2025-09-12T16:50:56.013773+00:00 [queued]>
[2025-09-12T16:51:04.962+0000] {taskinstance.py:2076} INFO - Dependencies all met for dep_context=requeueable deps ti=<TaskInstance: dbt_ecom_cosmos.dbt_ecom.stg_products_run manual__2025-09-12T16:50:56.013773+00:00 [queued]>
[2025-09-12T16:51:04.963+0000] {taskinstance.py:2306} INFO - Starting attempt 1 of 1
[2025-09-12T16:51:05.039+0000] {taskinstance.py:2330} INFO - Executing <Task(DbtRunVirtualenvOperator): dbt_ecom.stg_products_run> on 2025-09-12 16:50:56.013773+00:00
[2025-09-12T16:51:05.052+0000] {standard_task_runner.py:64} INFO - Started process 3302 to run task
[2025-09-12T16:51:05.057+0000] {standard_task_runner.py:90} INFO - Running: ['***', 'tasks', 'run', 'dbt_ecom_cosmos', 'dbt_ecom.stg_products_run', 'manual__2025-09-12T16:50:56.013773+00:00', '--job-id', '101', '--raw', '--subdir', 'DAGS_FOLDER/dbt_staging.py', '--cfg-path', '/tmp/tmpzx_b78mv']
[2025-09-12T16:51:05.062+0000] {standard_task_runner.py:91} INFO - Job 101: Subtask dbt_ecom.stg_products_run
[2025-09-12T16:51:05.772+0000] {task_command.py:426} INFO - Running <TaskInstance: dbt_ecom_cosmos.dbt_ecom.stg_products_run manual__2025-09-12T16:50:56.013773+00:00 [running]> on host e95bde6b8d07
[2025-09-12T16:51:06.740+0000] {taskinstance.py:2648} INFO - Exporting env vars: AIRFLOW_CTX_DAG_OWNER='***' AIRFLOW_CTX_DAG_ID='dbt_ecom_cosmos' AIRFLOW_CTX_TASK_ID='dbt_ecom.stg_products_run' AIRFLOW_CTX_EXECUTION_DATE='2025-09-12T16:50:56.013773+00:00' AIRFLOW_CTX_TRY_NUMBER='1' AIRFLOW_CTX_DAG_RUN_ID='manual__2025-09-12T16:50:56.013773+00:00'
[2025-09-12T16:51:06.746+0000] {taskinstance.py:430} INFO - ::endgroup::
[2025-09-12T16:51:06.775+0000] {virtualenv.py:120} INFO - Checking if the virtualenv lock /tmp/cosmos_venv_ecom/cosmos_virtualenv.lock exists
[2025-09-12T16:51:06.778+0000] {virtualenv.py:178} INFO - Checking for running process with PID 3295
[2025-09-12T16:51:06.781+0000] {virtualenv.py:181} INFO - Process 3295 running: True and has the lock /tmp/cosmos_venv_ecom/cosmos_virtualenv.lock.
[2025-09-12T16:51:06.782+0000] {virtualenv.py:122} INFO - Waiting for virtualenv lock to be released
[2025-09-12T16:51:07.787+0000] {virtualenv.py:178} INFO - Checking for running process with PID 3295
[2025-09-12T16:51:07.788+0000] {virtualenv.py:181} INFO - Process 3295 running: True and has the lock /tmp/cosmos_venv_ecom/cosmos_virtualenv.lock.
[2025-09-12T16:51:07.789+0000] {virtualenv.py:122} INFO - Waiting for virtualenv lock to be released
[2025-09-12T16:51:08.790+0000] {virtualenv.py:178} INFO - Checking for running process with PID 3295
[2025-09-12T16:51:08.791+0000] {virtualenv.py:181} INFO - Process 3295 running: True and has the lock /tmp/cosmos_venv_ecom/cosmos_virtualenv.lock.
[2025-09-12T16:51:08.792+0000] {virtualenv.py:122} INFO - Waiting for virtualenv lock to be released
[2025-09-12T16:51:09.794+0000] {virtualenv.py:178} INFO - Checking for running process with PID 3295
[2025-09-12T16:51:09.795+0000] {virtualenv.py:181} INFO - Process 3295 running: True and has the lock /tmp/cosmos_venv_ecom/cosmos_virtualenv.lock.
[2025-09-12T16:51:09.807+0000] {virtualenv.py:122} INFO - Waiting for virtualenv lock to be released
[2025-09-12T16:51:10.809+0000] {virtualenv.py:178} INFO - Checking for running process with PID 3295
[2025-09-12T16:51:10.810+0000] {virtualenv.py:181} INFO - Process 3295 running: True and has the lock /tmp/cosmos_venv_ecom/cosmos_virtualenv.lock.
[2025-09-12T16:51:10.811+0000] {virtualenv.py:122} INFO - Waiting for virtualenv lock to be released
[2025-09-12T16:51:11.813+0000] {virtualenv.py:178} INFO - Checking for running process with PID 3295
[2025-09-12T16:51:11.814+0000] {virtualenv.py:181} INFO - Process 3295 running: True and has the lock /tmp/cosmos_venv_ecom/cosmos_virtualenv.lock.
[2025-09-12T16:51:11.814+0000] {virtualenv.py:122} INFO - Waiting for virtualenv lock to be released
[2025-09-12T16:51:12.815+0000] {virtualenv.py:178} INFO - Checking for running process with PID 3295
[2025-09-12T16:51:12.816+0000] {virtualenv.py:181} INFO - Process 3295 running: True and has the lock /tmp/cosmos_venv_ecom/cosmos_virtualenv.lock.
[2025-09-12T16:51:12.816+0000] {virtualenv.py:122} INFO - Waiting for virtualenv lock to be released
[2025-09-12T16:51:13.817+0000] {virtualenv.py:178} INFO - Checking for running process with PID 3295
[2025-09-12T16:51:13.818+0000] {virtualenv.py:181} INFO - Process 3295 running: True and has the lock /tmp/cosmos_venv_ecom/cosmos_virtualenv.lock.
[2025-09-12T16:51:13.819+0000] {virtualenv.py:122} INFO - Waiting for virtualenv lock to be released
[2025-09-12T16:51:14.821+0000] {virtualenv.py:178} INFO - Checking for running process with PID 3295
[2025-09-12T16:51:14.822+0000] {virtualenv.py:181} INFO - Process 3295 running: True and has the lock /tmp/cosmos_venv_ecom/cosmos_virtualenv.lock.
[2025-09-12T16:51:14.823+0000] {virtualenv.py:122} INFO - Waiting for virtualenv lock to be released
[2025-09-12T16:51:15.824+0000] {virtualenv.py:178} INFO - Checking for running process with PID 3295
[2025-09-12T16:51:15.825+0000] {virtualenv.py:181} INFO - Process 3295 running: True and has the lock /tmp/cosmos_venv_ecom/cosmos_virtualenv.lock.
[2025-09-12T16:51:15.826+0000] {virtualenv.py:122} INFO - Waiting for virtualenv lock to be released
[2025-09-12T16:51:16.828+0000] {virtualenv.py:178} INFO - Checking for running process with PID 3295
[2025-09-12T16:51:16.829+0000] {virtualenv.py:181} INFO - Process 3295 running: True and has the lock /tmp/cosmos_venv_ecom/cosmos_virtualenv.lock.
[2025-09-12T16:51:16.829+0000] {virtualenv.py:122} INFO - Waiting for virtualenv lock to be released
[2025-09-12T16:51:17.831+0000] {virtualenv.py:178} INFO - Checking for running process with PID 3295
[2025-09-12T16:51:17.831+0000] {virtualenv.py:181} INFO - Process 3295 running: True and has the lock /tmp/cosmos_venv_ecom/cosmos_virtualenv.lock.
[2025-09-12T16:51:17.832+0000] {virtualenv.py:122} INFO - Waiting for virtualenv lock to be released
[2025-09-12T16:51:18.834+0000] {virtualenv.py:178} INFO - Checking for running process with PID 3295
[2025-09-12T16:51:18.835+0000] {virtualenv.py:181} INFO - Process 3295 running: True and has the lock /tmp/cosmos_venv_ecom/cosmos_virtualenv.lock.
[2025-09-12T16:51:18.835+0000] {virtualenv.py:122} INFO - Waiting for virtualenv lock to be released
[2025-09-12T16:51:19.837+0000] {virtualenv.py:178} INFO - Checking for running process with PID 3295
[2025-09-12T16:51:19.838+0000] {virtualenv.py:181} INFO - Process 3295 running: True and has the lock /tmp/cosmos_venv_ecom/cosmos_virtualenv.lock.
[2025-09-12T16:51:19.838+0000] {virtualenv.py:122} INFO - Waiting for virtualenv lock to be released
[2025-09-12T16:51:20.840+0000] {virtualenv.py:178} INFO - Checking for running process with PID 3295
[2025-09-12T16:51:20.841+0000] {virtualenv.py:181} INFO - Process 3295 running: True and has the lock /tmp/cosmos_venv_ecom/cosmos_virtualenv.lock.
[2025-09-12T16:51:20.841+0000] {virtualenv.py:122} INFO - Waiting for virtualenv lock to be released
[2025-09-12T16:51:21.843+0000] {virtualenv.py:178} INFO - Checking for running process with PID 3295
[2025-09-12T16:51:21.844+0000] {virtualenv.py:181} INFO - Process 3295 running: True and has the lock /tmp/cosmos_venv_ecom/cosmos_virtualenv.lock.
[2025-09-12T16:51:21.845+0000] {virtualenv.py:122} INFO - Waiting for virtualenv lock to be released
[2025-09-12T16:51:22.846+0000] {virtualenv.py:178} INFO - Checking for running process with PID 3295
[2025-09-12T16:51:22.847+0000] {virtualenv.py:181} INFO - Process 3295 running: True and has the lock /tmp/cosmos_venv_ecom/cosmos_virtualenv.lock.
[2025-09-12T16:51:22.847+0000] {virtualenv.py:122} INFO - Waiting for virtualenv lock to be released
[2025-09-12T16:51:23.848+0000] {virtualenv.py:178} INFO - Checking for running process with PID 3295
[2025-09-12T16:51:23.849+0000] {virtualenv.py:181} INFO - Process 3295 running: True and has the lock /tmp/cosmos_venv_ecom/cosmos_virtualenv.lock.
[2025-09-12T16:51:23.849+0000] {virtualenv.py:122} INFO - Waiting for virtualenv lock to be released
[2025-09-12T16:51:24.851+0000] {virtualenv.py:178} INFO - Checking for running process with PID 3295
[2025-09-12T16:51:24.852+0000] {virtualenv.py:181} INFO - Process 3295 running: True and has the lock /tmp/cosmos_venv_ecom/cosmos_virtualenv.lock.
[2025-09-12T16:51:24.853+0000] {virtualenv.py:122} INFO - Waiting for virtualenv lock to be released
[2025-09-12T16:51:25.854+0000] {virtualenv.py:178} INFO - Checking for running process with PID 3295
[2025-09-12T16:51:25.855+0000] {virtualenv.py:181} INFO - Process 3295 running: True and has the lock /tmp/cosmos_venv_ecom/cosmos_virtualenv.lock.
[2025-09-12T16:51:25.855+0000] {virtualenv.py:122} INFO - Waiting for virtualenv lock to be released
[2025-09-12T16:51:26.857+0000] {virtualenv.py:178} INFO - Checking for running process with PID 3295
[2025-09-12T16:51:26.858+0000] {virtualenv.py:181} INFO - Process 3295 running: True and has the lock /tmp/cosmos_venv_ecom/cosmos_virtualenv.lock.
[2025-09-12T16:51:26.858+0000] {virtualenv.py:122} INFO - Waiting for virtualenv lock to be released
[2025-09-12T16:51:27.859+0000] {virtualenv.py:178} INFO - Checking for running process with PID 3295
[2025-09-12T16:51:27.860+0000] {virtualenv.py:181} INFO - Process 3295 running: True and has the lock /tmp/cosmos_venv_ecom/cosmos_virtualenv.lock.
[2025-09-12T16:51:27.861+0000] {virtualenv.py:122} INFO - Waiting for virtualenv lock to be released
[2025-09-12T16:51:28.862+0000] {virtualenv.py:178} INFO - Checking for running process with PID 3295
[2025-09-12T16:51:28.863+0000] {virtualenv.py:181} INFO - Process 3295 running: True and has the lock /tmp/cosmos_venv_ecom/cosmos_virtualenv.lock.
[2025-09-12T16:51:28.863+0000] {virtualenv.py:122} INFO - Waiting for virtualenv lock to be released
[2025-09-12T16:51:29.865+0000] {virtualenv.py:178} INFO - Checking for running process with PID 3295
[2025-09-12T16:51:29.866+0000] {virtualenv.py:181} INFO - Process 3295 running: True and has the lock /tmp/cosmos_venv_ecom/cosmos_virtualenv.lock.
[2025-09-12T16:51:29.867+0000] {virtualenv.py:122} INFO - Waiting for virtualenv lock to be released
[2025-09-12T16:51:30.869+0000] {virtualenv.py:178} INFO - Checking for running process with PID 3295
[2025-09-12T16:51:30.870+0000] {virtualenv.py:181} INFO - Process 3295 running: True and has the lock /tmp/cosmos_venv_ecom/cosmos_virtualenv.lock.
[2025-09-12T16:51:30.871+0000] {virtualenv.py:122} INFO - Waiting for virtualenv lock to be released
[2025-09-12T16:51:31.873+0000] {virtualenv.py:178} INFO - Checking for running process with PID 3295
[2025-09-12T16:51:31.874+0000] {virtualenv.py:181} INFO - Process 3295 running: True and has the lock /tmp/cosmos_venv_ecom/cosmos_virtualenv.lock.
[2025-09-12T16:51:31.875+0000] {virtualenv.py:122} INFO - Waiting for virtualenv lock to be released
[2025-09-12T16:51:32.877+0000] {virtualenv.py:178} INFO - Checking for running process with PID 3295
[2025-09-12T16:51:32.877+0000] {virtualenv.py:181} INFO - Process 3295 running: True and has the lock /tmp/cosmos_venv_ecom/cosmos_virtualenv.lock.
[2025-09-12T16:51:32.878+0000] {virtualenv.py:122} INFO - Waiting for virtualenv lock to be released
[2025-09-12T16:51:33.880+0000] {virtualenv.py:178} INFO - Checking for running process with PID 3295
[2025-09-12T16:51:33.881+0000] {virtualenv.py:181} INFO - Process 3295 running: True and has the lock /tmp/cosmos_venv_ecom/cosmos_virtualenv.lock.
[2025-09-12T16:51:33.881+0000] {virtualenv.py:122} INFO - Waiting for virtualenv lock to be released
[2025-09-12T16:51:34.883+0000] {virtualenv.py:178} INFO - Checking for running process with PID 3295
[2025-09-12T16:51:34.884+0000] {virtualenv.py:181} INFO - Process 3295 running: True and has the lock /tmp/cosmos_venv_ecom/cosmos_virtualenv.lock.
[2025-09-12T16:51:34.885+0000] {virtualenv.py:122} INFO - Waiting for virtualenv lock to be released
[2025-09-12T16:51:35.886+0000] {virtualenv.py:178} INFO - Checking for running process with PID 3295
[2025-09-12T16:51:35.889+0000] {virtualenv.py:181} INFO - Process 3295 running: True and has the lock /tmp/cosmos_venv_ecom/cosmos_virtualenv.lock.
[2025-09-12T16:51:35.890+0000] {virtualenv.py:122} INFO - Waiting for virtualenv lock to be released
[2025-09-12T16:51:36.892+0000] {virtualenv.py:178} INFO - Checking for running process with PID 3295
[2025-09-12T16:51:36.892+0000] {virtualenv.py:181} INFO - Process 3295 running: True and has the lock /tmp/cosmos_venv_ecom/cosmos_virtualenv.lock.
[2025-09-12T16:51:36.893+0000] {virtualenv.py:122} INFO - Waiting for virtualenv lock to be released
[2025-09-12T16:51:37.894+0000] {virtualenv.py:178} INFO - Checking for running process with PID 3295
[2025-09-12T16:51:37.895+0000] {virtualenv.py:181} INFO - Process 3295 running: True and has the lock /tmp/cosmos_venv_ecom/cosmos_virtualenv.lock.
[2025-09-12T16:51:37.896+0000] {virtualenv.py:122} INFO - Waiting for virtualenv lock to be released
[2025-09-12T16:51:38.898+0000] {virtualenv.py:178} INFO - Checking for running process with PID 3295
[2025-09-12T16:51:38.899+0000] {virtualenv.py:181} INFO - Process 3295 running: True and has the lock /tmp/cosmos_venv_ecom/cosmos_virtualenv.lock.
[2025-09-12T16:51:38.899+0000] {virtualenv.py:122} INFO - Waiting for virtualenv lock to be released
[2025-09-12T16:51:39.901+0000] {virtualenv.py:178} INFO - Checking for running process with PID 3295
[2025-09-12T16:51:39.902+0000] {virtualenv.py:181} INFO - Process 3295 running: True and has the lock /tmp/cosmos_venv_ecom/cosmos_virtualenv.lock.
[2025-09-12T16:51:39.902+0000] {virtualenv.py:122} INFO - Waiting for virtualenv lock to be released
[2025-09-12T16:51:40.903+0000] {virtualenv.py:178} INFO - Checking for running process with PID 3295
[2025-09-12T16:51:40.904+0000] {virtualenv.py:181} INFO - Process 3295 running: True and has the lock /tmp/cosmos_venv_ecom/cosmos_virtualenv.lock.
[2025-09-12T16:51:40.905+0000] {virtualenv.py:122} INFO - Waiting for virtualenv lock to be released
[2025-09-12T16:51:41.907+0000] {virtualenv.py:178} INFO - Checking for running process with PID 3295
[2025-09-12T16:51:41.907+0000] {virtualenv.py:181} INFO - Process 3295 running: True and has the lock /tmp/cosmos_venv_ecom/cosmos_virtualenv.lock.
[2025-09-12T16:51:41.908+0000] {virtualenv.py:122} INFO - Waiting for virtualenv lock to be released
[2025-09-12T16:51:42.910+0000] {virtualenv.py:178} INFO - Checking for running process with PID 3295
[2025-09-12T16:51:42.911+0000] {virtualenv.py:181} INFO - Process 3295 running: True and has the lock /tmp/cosmos_venv_ecom/cosmos_virtualenv.lock.
[2025-09-12T16:51:42.911+0000] {virtualenv.py:122} INFO - Waiting for virtualenv lock to be released
[2025-09-12T16:51:43.913+0000] {virtualenv.py:178} INFO - Checking for running process with PID 3295
[2025-09-12T16:51:43.914+0000] {virtualenv.py:181} INFO - Process 3295 running: True and has the lock /tmp/cosmos_venv_ecom/cosmos_virtualenv.lock.
[2025-09-12T16:51:43.915+0000] {virtualenv.py:122} INFO - Waiting for virtualenv lock to be released
[2025-09-12T16:51:44.916+0000] {virtualenv.py:178} INFO - Checking for running process with PID 3295
[2025-09-12T16:51:44.917+0000] {virtualenv.py:181} INFO - Process 3295 running: True and has the lock /tmp/cosmos_venv_ecom/cosmos_virtualenv.lock.
[2025-09-12T16:51:44.918+0000] {virtualenv.py:122} INFO - Waiting for virtualenv lock to be released
[2025-09-12T16:51:45.919+0000] {virtualenv.py:178} INFO - Checking for running process with PID 3295
[2025-09-12T16:51:45.919+0000] {virtualenv.py:181} INFO - Process 3295 running: True and has the lock /tmp/cosmos_venv_ecom/cosmos_virtualenv.lock.
[2025-09-12T16:51:45.920+0000] {virtualenv.py:122} INFO - Waiting for virtualenv lock to be released
[2025-09-12T16:51:46.922+0000] {virtualenv.py:178} INFO - Checking for running process with PID 3295
[2025-09-12T16:51:46.923+0000] {virtualenv.py:181} INFO - Process 3295 running: True and has the lock /tmp/cosmos_venv_ecom/cosmos_virtualenv.lock.
[2025-09-12T16:51:46.923+0000] {virtualenv.py:122} INFO - Waiting for virtualenv lock to be released
[2025-09-12T16:51:47.924+0000] {virtualenv.py:178} INFO - Checking for running process with PID 3295
[2025-09-12T16:51:47.925+0000] {virtualenv.py:181} INFO - Process 3295 running: True and has the lock /tmp/cosmos_venv_ecom/cosmos_virtualenv.lock.
[2025-09-12T16:51:47.925+0000] {virtualenv.py:122} INFO - Waiting for virtualenv lock to be released
[2025-09-12T16:51:48.926+0000] {virtualenv.py:178} INFO - Checking for running process with PID 3295
[2025-09-12T16:51:48.927+0000] {virtualenv.py:181} INFO - Process 3295 running: True and has the lock /tmp/cosmos_venv_ecom/cosmos_virtualenv.lock.
[2025-09-12T16:51:48.927+0000] {virtualenv.py:122} INFO - Waiting for virtualenv lock to be released
[2025-09-12T16:51:49.928+0000] {virtualenv.py:178} INFO - Checking for running process with PID 3295
[2025-09-12T16:51:49.929+0000] {virtualenv.py:181} INFO - Process 3295 running: True and has the lock /tmp/cosmos_venv_ecom/cosmos_virtualenv.lock.
[2025-09-12T16:51:49.930+0000] {virtualenv.py:122} INFO - Waiting for virtualenv lock to be released
[2025-09-12T16:51:50.932+0000] {virtualenv.py:178} INFO - Checking for running process with PID 3295
[2025-09-12T16:51:50.933+0000] {virtualenv.py:181} INFO - Process 3295 running: True and has the lock /tmp/cosmos_venv_ecom/cosmos_virtualenv.lock.
[2025-09-12T16:51:50.934+0000] {virtualenv.py:122} INFO - Waiting for virtualenv lock to be released
[2025-09-12T16:51:51.938+0000] {virtualenv.py:178} INFO - Checking for running process with PID 3295
[2025-09-12T16:51:51.939+0000] {virtualenv.py:181} INFO - Process 3295 running: True and has the lock /tmp/cosmos_venv_ecom/cosmos_virtualenv.lock.
[2025-09-12T16:51:51.939+0000] {virtualenv.py:122} INFO - Waiting for virtualenv lock to be released
[2025-09-12T16:51:52.940+0000] {virtualenv.py:178} INFO - Checking for running process with PID 3295
[2025-09-12T16:51:52.941+0000] {virtualenv.py:181} INFO - Process 3295 running: True and has the lock /tmp/cosmos_venv_ecom/cosmos_virtualenv.lock.
[2025-09-12T16:51:52.941+0000] {virtualenv.py:122} INFO - Waiting for virtualenv lock to be released
[2025-09-12T16:51:53.942+0000] {virtualenv.py:178} INFO - Checking for running process with PID 3295
[2025-09-12T16:51:53.943+0000] {virtualenv.py:181} INFO - Process 3295 running: True and has the lock /tmp/cosmos_venv_ecom/cosmos_virtualenv.lock.
[2025-09-12T16:51:53.943+0000] {virtualenv.py:122} INFO - Waiting for virtualenv lock to be released
[2025-09-12T16:51:54.945+0000] {virtualenv.py:178} INFO - Checking for running process with PID 3295
[2025-09-12T16:51:54.946+0000] {virtualenv.py:181} INFO - Process 3295 running: True and has the lock /tmp/cosmos_venv_ecom/cosmos_virtualenv.lock.
[2025-09-12T16:51:54.946+0000] {virtualenv.py:122} INFO - Waiting for virtualenv lock to be released
[2025-09-12T16:51:55.947+0000] {virtualenv.py:178} INFO - Checking for running process with PID 3310
[2025-09-12T16:51:55.948+0000] {virtualenv.py:181} INFO - Process 3310 running: True and has the lock /tmp/cosmos_venv_ecom/cosmos_virtualenv.lock.
[2025-09-12T16:51:55.949+0000] {virtualenv.py:122} INFO - Waiting for virtualenv lock to be released
[2025-09-12T16:51:56.951+0000] {virtualenv.py:178} INFO - Checking for running process with PID 3310
[2025-09-12T16:51:56.952+0000] {virtualenv.py:181} INFO - Process 3310 running: True and has the lock /tmp/cosmos_venv_ecom/cosmos_virtualenv.lock.
[2025-09-12T16:51:56.952+0000] {virtualenv.py:122} INFO - Waiting for virtualenv lock to be released
[2025-09-12T16:51:57.954+0000] {virtualenv.py:178} INFO - Checking for running process with PID 3310
[2025-09-12T16:51:57.955+0000] {virtualenv.py:181} INFO - Process 3310 running: True and has the lock /tmp/cosmos_venv_ecom/cosmos_virtualenv.lock.
[2025-09-12T16:51:57.955+0000] {virtualenv.py:122} INFO - Waiting for virtualenv lock to be released
[2025-09-12T16:51:58.957+0000] {virtualenv.py:178} INFO - Checking for running process with PID 3310
[2025-09-12T16:51:58.958+0000] {virtualenv.py:181} INFO - Process 3310 running: True and has the lock /tmp/cosmos_venv_ecom/cosmos_virtualenv.lock.
[2025-09-12T16:51:58.958+0000] {virtualenv.py:122} INFO - Waiting for virtualenv lock to be released
[2025-09-12T16:51:59.960+0000] {virtualenv.py:178} INFO - Checking for running process with PID 3310
[2025-09-12T16:51:59.961+0000] {virtualenv.py:181} INFO - Process 3310 running: True and has the lock /tmp/cosmos_venv_ecom/cosmos_virtualenv.lock.
[2025-09-12T16:51:59.962+0000] {virtualenv.py:122} INFO - Waiting for virtualenv lock to be released
[2025-09-12T16:52:00.964+0000] {virtualenv.py:178} INFO - Checking for running process with PID 3310
[2025-09-12T16:52:00.965+0000] {virtualenv.py:181} INFO - Process 3310 running: True and has the lock /tmp/cosmos_venv_ecom/cosmos_virtualenv.lock.
[2025-09-12T16:52:00.966+0000] {virtualenv.py:122} INFO - Waiting for virtualenv lock to be released
[2025-09-12T16:52:01.968+0000] {virtualenv.py:178} INFO - Checking for running process with PID 3310
[2025-09-12T16:52:01.968+0000] {virtualenv.py:181} INFO - Process 3310 running: True and has the lock /tmp/cosmos_venv_ecom/cosmos_virtualenv.lock.
[2025-09-12T16:52:01.969+0000] {virtualenv.py:122} INFO - Waiting for virtualenv lock to be released
[2025-09-12T16:52:02.971+0000] {virtualenv.py:178} INFO - Checking for running process with PID 3310
[2025-09-12T16:52:02.972+0000] {virtualenv.py:181} INFO - Process 3310 running: True and has the lock /tmp/cosmos_venv_ecom/cosmos_virtualenv.lock.
[2025-09-12T16:52:02.972+0000] {virtualenv.py:122} INFO - Waiting for virtualenv lock to be released
[2025-09-12T16:52:03.973+0000] {virtualenv.py:178} INFO - Checking for running process with PID 3310
[2025-09-12T16:52:03.974+0000] {virtualenv.py:181} INFO - Process 3310 running: True and has the lock /tmp/cosmos_venv_ecom/cosmos_virtualenv.lock.
[2025-09-12T16:52:03.974+0000] {virtualenv.py:122} INFO - Waiting for virtualenv lock to be released
[2025-09-12T16:52:04.976+0000] {virtualenv.py:178} INFO - Checking for running process with PID 3310
[2025-09-12T16:52:04.977+0000] {virtualenv.py:181} INFO - Process 3310 running: True and has the lock /tmp/cosmos_venv_ecom/cosmos_virtualenv.lock.
[2025-09-12T16:52:04.978+0000] {virtualenv.py:122} INFO - Waiting for virtualenv lock to be released
[2025-09-12T16:52:05.980+0000] {virtualenv.py:178} INFO - Checking for running process with PID 3310
[2025-09-12T16:52:05.981+0000] {virtualenv.py:181} INFO - Process 3310 running: True and has the lock /tmp/cosmos_venv_ecom/cosmos_virtualenv.lock.
[2025-09-12T16:52:05.982+0000] {virtualenv.py:122} INFO - Waiting for virtualenv lock to be released
[2025-09-12T16:52:06.983+0000] {virtualenv.py:178} INFO - Checking for running process with PID 3310
[2025-09-12T16:52:06.984+0000] {virtualenv.py:181} INFO - Process 3310 running: True and has the lock /tmp/cosmos_venv_ecom/cosmos_virtualenv.lock.
[2025-09-12T16:52:06.985+0000] {virtualenv.py:122} INFO - Waiting for virtualenv lock to be released
[2025-09-12T16:52:07.987+0000] {virtualenv.py:178} INFO - Checking for running process with PID 3310
[2025-09-12T16:52:07.988+0000] {virtualenv.py:181} INFO - Process 3310 running: True and has the lock /tmp/cosmos_venv_ecom/cosmos_virtualenv.lock.
[2025-09-12T16:52:07.989+0000] {virtualenv.py:122} INFO - Waiting for virtualenv lock to be released
[2025-09-12T16:52:08.990+0000] {virtualenv.py:178} INFO - Checking for running process with PID 3310
[2025-09-12T16:52:08.991+0000] {virtualenv.py:181} INFO - Process 3310 running: True and has the lock /tmp/cosmos_venv_ecom/cosmos_virtualenv.lock.
[2025-09-12T16:52:08.992+0000] {virtualenv.py:122} INFO - Waiting for virtualenv lock to be released
[2025-09-12T16:52:09.993+0000] {virtualenv.py:178} INFO - Checking for running process with PID 3298
[2025-09-12T16:52:09.995+0000] {virtualenv.py:181} INFO - Process 3298 running: True and has the lock /tmp/cosmos_venv_ecom/cosmos_virtualenv.lock.
[2025-09-12T16:52:09.995+0000] {virtualenv.py:122} INFO - Waiting for virtualenv lock to be released
[2025-09-12T16:52:10.997+0000] {virtualenv.py:178} INFO - Checking for running process with PID 3298
[2025-09-12T16:52:10.999+0000] {virtualenv.py:181} INFO - Process 3298 running: True and has the lock /tmp/cosmos_venv_ecom/cosmos_virtualenv.lock.
[2025-09-12T16:52:11.000+0000] {virtualenv.py:122} INFO - Waiting for virtualenv lock to be released
[2025-09-12T16:52:12.003+0000] {virtualenv.py:178} INFO - Checking for running process with PID 3298
[2025-09-12T16:52:12.004+0000] {virtualenv.py:181} INFO - Process 3298 running: True and has the lock /tmp/cosmos_venv_ecom/cosmos_virtualenv.lock.
[2025-09-12T16:52:12.004+0000] {virtualenv.py:122} INFO - Waiting for virtualenv lock to be released
[2025-09-12T16:52:13.006+0000] {virtualenv.py:178} INFO - Checking for running process with PID 3298
[2025-09-12T16:52:13.007+0000] {virtualenv.py:181} INFO - Process 3298 running: True and has the lock /tmp/cosmos_venv_ecom/cosmos_virtualenv.lock.
[2025-09-12T16:52:13.007+0000] {virtualenv.py:122} INFO - Waiting for virtualenv lock to be released
[2025-09-12T16:52:14.009+0000] {virtualenv.py:178} INFO - Checking for running process with PID 3298
[2025-09-12T16:52:14.010+0000] {virtualenv.py:181} INFO - Process 3298 running: True and has the lock /tmp/cosmos_venv_ecom/cosmos_virtualenv.lock.
[2025-09-12T16:52:14.011+0000] {virtualenv.py:122} INFO - Waiting for virtualenv lock to be released
[2025-09-12T16:52:15.012+0000] {virtualenv.py:178} INFO - Checking for running process with PID 3298
[2025-09-12T16:52:15.013+0000] {virtualenv.py:181} INFO - Process 3298 running: True and has the lock /tmp/cosmos_venv_ecom/cosmos_virtualenv.lock.
[2025-09-12T16:52:15.014+0000] {virtualenv.py:122} INFO - Waiting for virtualenv lock to be released
[2025-09-12T16:52:16.015+0000] {virtualenv.py:178} INFO - Checking for running process with PID 3298
[2025-09-12T16:52:16.016+0000] {virtualenv.py:181} INFO - Process 3298 running: True and has the lock /tmp/cosmos_venv_ecom/cosmos_virtualenv.lock.
[2025-09-12T16:52:16.017+0000] {virtualenv.py:122} INFO - Waiting for virtualenv lock to be released
[2025-09-12T16:52:17.018+0000] {virtualenv.py:178} INFO - Checking for running process with PID 3298
[2025-09-12T16:52:17.018+0000] {virtualenv.py:181} INFO - Process 3298 running: True and has the lock /tmp/cosmos_venv_ecom/cosmos_virtualenv.lock.
[2025-09-12T16:52:17.019+0000] {virtualenv.py:122} INFO - Waiting for virtualenv lock to be released
[2025-09-12T16:52:18.021+0000] {virtualenv.py:178} INFO - Checking for running process with PID 3298
[2025-09-12T16:52:18.021+0000] {virtualenv.py:181} INFO - Process 3298 running: True and has the lock /tmp/cosmos_venv_ecom/cosmos_virtualenv.lock.
[2025-09-12T16:52:18.022+0000] {virtualenv.py:122} INFO - Waiting for virtualenv lock to be released
[2025-09-12T16:52:19.024+0000] {virtualenv.py:178} INFO - Checking for running process with PID 3298
[2025-09-12T16:52:19.024+0000] {virtualenv.py:181} INFO - Process 3298 running: True and has the lock /tmp/cosmos_venv_ecom/cosmos_virtualenv.lock.
[2025-09-12T16:52:19.025+0000] {virtualenv.py:122} INFO - Waiting for virtualenv lock to be released
[2025-09-12T16:52:20.027+0000] {virtualenv.py:178} INFO - Checking for running process with PID 3298
[2025-09-12T16:52:20.027+0000] {virtualenv.py:181} INFO - Process 3298 running: True and has the lock /tmp/cosmos_venv_ecom/cosmos_virtualenv.lock.
[2025-09-12T16:52:20.028+0000] {virtualenv.py:122} INFO - Waiting for virtualenv lock to be released
[2025-09-12T16:52:21.029+0000] {virtualenv.py:178} INFO - Checking for running process with PID 3298
[2025-09-12T16:52:21.030+0000] {virtualenv.py:181} INFO - Process 3298 running: True and has the lock /tmp/cosmos_venv_ecom/cosmos_virtualenv.lock.
[2025-09-12T16:52:21.031+0000] {virtualenv.py:122} INFO - Waiting for virtualenv lock to be released
[2025-09-12T16:52:22.033+0000] {virtualenv.py:178} INFO - Checking for running process with PID 3298
[2025-09-12T16:52:22.034+0000] {virtualenv.py:181} INFO - Process 3298 running: True and has the lock /tmp/cosmos_venv_ecom/cosmos_virtualenv.lock.
[2025-09-12T16:52:22.034+0000] {virtualenv.py:122} INFO - Waiting for virtualenv lock to be released
[2025-09-12T16:52:23.034+0000] {virtualenv.py:178} INFO - Checking for running process with PID 3298
[2025-09-12T16:52:23.035+0000] {virtualenv.py:181} INFO - Process 3298 running: True and has the lock /tmp/cosmos_venv_ecom/cosmos_virtualenv.lock.
[2025-09-12T16:52:23.036+0000] {virtualenv.py:122} INFO - Waiting for virtualenv lock to be released
[2025-09-12T16:52:24.038+0000] {virtualenv.py:178} INFO - Checking for running process with PID 3298
[2025-09-12T16:52:24.039+0000] {virtualenv.py:181} INFO - Process 3298 running: True and has the lock /tmp/cosmos_venv_ecom/cosmos_virtualenv.lock.
[2025-09-12T16:52:24.040+0000] {virtualenv.py:122} INFO - Waiting for virtualenv lock to be released
[2025-09-12T16:52:25.041+0000] {virtualenv.py:178} INFO - Checking for running process with PID 3297
[2025-09-12T16:52:25.042+0000] {virtualenv.py:181} INFO - Process 3297 running: True and has the lock /tmp/cosmos_venv_ecom/cosmos_virtualenv.lock.
[2025-09-12T16:52:25.043+0000] {virtualenv.py:122} INFO - Waiting for virtualenv lock to be released
[2025-09-12T16:52:26.044+0000] {virtualenv.py:178} INFO - Checking for running process with PID 3297
[2025-09-12T16:52:26.045+0000] {virtualenv.py:181} INFO - Process 3297 running: True and has the lock /tmp/cosmos_venv_ecom/cosmos_virtualenv.lock.
[2025-09-12T16:52:26.046+0000] {virtualenv.py:122} INFO - Waiting for virtualenv lock to be released
[2025-09-12T16:52:27.048+0000] {virtualenv.py:178} INFO - Checking for running process with PID 3297
[2025-09-12T16:52:27.048+0000] {virtualenv.py:181} INFO - Process 3297 running: True and has the lock /tmp/cosmos_venv_ecom/cosmos_virtualenv.lock.
[2025-09-12T16:52:27.049+0000] {virtualenv.py:122} INFO - Waiting for virtualenv lock to be released
[2025-09-12T16:52:28.050+0000] {virtualenv.py:178} INFO - Checking for running process with PID 3297
[2025-09-12T16:52:28.051+0000] {virtualenv.py:181} INFO - Process 3297 running: True and has the lock /tmp/cosmos_venv_ecom/cosmos_virtualenv.lock.
[2025-09-12T16:52:28.051+0000] {virtualenv.py:122} INFO - Waiting for virtualenv lock to be released
[2025-09-12T16:52:29.053+0000] {virtualenv.py:178} INFO - Checking for running process with PID 3297
[2025-09-12T16:52:29.054+0000] {virtualenv.py:181} INFO - Process 3297 running: True and has the lock /tmp/cosmos_venv_ecom/cosmos_virtualenv.lock.
[2025-09-12T16:52:29.055+0000] {virtualenv.py:122} INFO - Waiting for virtualenv lock to be released
[2025-09-12T16:52:30.057+0000] {virtualenv.py:178} INFO - Checking for running process with PID 3297
[2025-09-12T16:52:30.057+0000] {virtualenv.py:181} INFO - Process 3297 running: True and has the lock /tmp/cosmos_venv_ecom/cosmos_virtualenv.lock.
[2025-09-12T16:52:30.058+0000] {virtualenv.py:122} INFO - Waiting for virtualenv lock to be released
[2025-09-12T16:52:31.059+0000] {virtualenv.py:178} INFO - Checking for running process with PID 3297
[2025-09-12T16:52:31.064+0000] {virtualenv.py:181} INFO - Process 3297 running: True and has the lock /tmp/cosmos_venv_ecom/cosmos_virtualenv.lock.
[2025-09-12T16:52:31.064+0000] {virtualenv.py:122} INFO - Waiting for virtualenv lock to be released
[2025-09-12T16:52:32.066+0000] {virtualenv.py:178} INFO - Checking for running process with PID 3297
[2025-09-12T16:52:32.067+0000] {virtualenv.py:181} INFO - Process 3297 running: True and has the lock /tmp/cosmos_venv_ecom/cosmos_virtualenv.lock.
[2025-09-12T16:52:32.067+0000] {virtualenv.py:122} INFO - Waiting for virtualenv lock to be released
[2025-09-12T16:52:33.068+0000] {virtualenv.py:178} INFO - Checking for running process with PID 3297
[2025-09-12T16:52:33.069+0000] {virtualenv.py:181} INFO - Process 3297 running: True and has the lock /tmp/cosmos_venv_ecom/cosmos_virtualenv.lock.
[2025-09-12T16:52:33.070+0000] {virtualenv.py:122} INFO - Waiting for virtualenv lock to be released
[2025-09-12T16:52:34.072+0000] {virtualenv.py:178} INFO - Checking for running process with PID 3297
[2025-09-12T16:52:34.072+0000] {virtualenv.py:181} INFO - Process 3297 running: True and has the lock /tmp/cosmos_venv_ecom/cosmos_virtualenv.lock.
[2025-09-12T16:52:34.073+0000] {virtualenv.py:122} INFO - Waiting for virtualenv lock to be released
[2025-09-12T16:52:35.075+0000] {virtualenv.py:178} INFO - Checking for running process with PID 3297
[2025-09-12T16:52:35.076+0000] {virtualenv.py:181} INFO - Process 3297 running: True and has the lock /tmp/cosmos_venv_ecom/cosmos_virtualenv.lock.
[2025-09-12T16:52:35.076+0000] {virtualenv.py:122} INFO - Waiting for virtualenv lock to be released
[2025-09-12T16:52:36.077+0000] {virtualenv.py:178} INFO - Checking for running process with PID 3297
[2025-09-12T16:52:36.078+0000] {virtualenv.py:181} INFO - Process 3297 running: True and has the lock /tmp/cosmos_venv_ecom/cosmos_virtualenv.lock.
[2025-09-12T16:52:36.079+0000] {virtualenv.py:122} INFO - Waiting for virtualenv lock to be released
[2025-09-12T16:52:37.080+0000] {virtualenv.py:178} INFO - Checking for running process with PID 3297
[2025-09-12T16:52:37.081+0000] {virtualenv.py:181} INFO - Process 3297 running: True and has the lock /tmp/cosmos_venv_ecom/cosmos_virtualenv.lock.
[2025-09-12T16:52:37.082+0000] {virtualenv.py:122} INFO - Waiting for virtualenv lock to be released
[2025-09-12T16:52:38.083+0000] {virtualenv.py:178} INFO - Checking for running process with PID 3297
[2025-09-12T16:52:38.084+0000] {virtualenv.py:181} INFO - Process 3297 running: True and has the lock /tmp/cosmos_venv_ecom/cosmos_virtualenv.lock.
[2025-09-12T16:52:38.085+0000] {virtualenv.py:122} INFO - Waiting for virtualenv lock to be released
[2025-09-12T16:52:39.087+0000] {virtualenv.py:178} INFO - Checking for running process with PID 3297
[2025-09-12T16:52:39.088+0000] {virtualenv.py:181} INFO - Process 3297 running: True and has the lock /tmp/cosmos_venv_ecom/cosmos_virtualenv.lock.
[2025-09-12T16:52:39.089+0000] {virtualenv.py:122} INFO - Waiting for virtualenv lock to be released
[2025-09-12T16:52:40.090+0000] {virtualenv.py:178} INFO - Checking for running process with PID 3307
[2025-09-12T16:52:40.091+0000] {virtualenv.py:181} INFO - Process 3307 running: True and has the lock /tmp/cosmos_venv_ecom/cosmos_virtualenv.lock.
[2025-09-12T16:52:40.091+0000] {virtualenv.py:122} INFO - Waiting for virtualenv lock to be released
[2025-09-12T16:52:41.093+0000] {virtualenv.py:178} INFO - Checking for running process with PID 3307
[2025-09-12T16:52:41.095+0000] {virtualenv.py:181} INFO - Process 3307 running: True and has the lock /tmp/cosmos_venv_ecom/cosmos_virtualenv.lock.
[2025-09-12T16:52:41.096+0000] {virtualenv.py:122} INFO - Waiting for virtualenv lock to be released
[2025-09-12T16:52:42.097+0000] {virtualenv.py:178} INFO - Checking for running process with PID 3307
[2025-09-12T16:52:42.098+0000] {virtualenv.py:181} INFO - Process 3307 running: True and has the lock /tmp/cosmos_venv_ecom/cosmos_virtualenv.lock.
[2025-09-12T16:52:42.099+0000] {virtualenv.py:122} INFO - Waiting for virtualenv lock to be released
[2025-09-12T16:52:43.101+0000] {virtualenv.py:178} INFO - Checking for running process with PID 3307
[2025-09-12T16:52:43.102+0000] {virtualenv.py:181} INFO - Process 3307 running: True and has the lock /tmp/cosmos_venv_ecom/cosmos_virtualenv.lock.
[2025-09-12T16:52:43.102+0000] {virtualenv.py:122} INFO - Waiting for virtualenv lock to be released
[2025-09-12T16:52:44.104+0000] {virtualenv.py:178} INFO - Checking for running process with PID 3307
[2025-09-12T16:52:44.105+0000] {virtualenv.py:181} INFO - Process 3307 running: True and has the lock /tmp/cosmos_venv_ecom/cosmos_virtualenv.lock.
[2025-09-12T16:52:44.105+0000] {virtualenv.py:122} INFO - Waiting for virtualenv lock to be released
[2025-09-12T16:52:45.107+0000] {virtualenv.py:178} INFO - Checking for running process with PID 3307
[2025-09-12T16:52:45.108+0000] {virtualenv.py:181} INFO - Process 3307 running: True and has the lock /tmp/cosmos_venv_ecom/cosmos_virtualenv.lock.
[2025-09-12T16:52:45.109+0000] {virtualenv.py:122} INFO - Waiting for virtualenv lock to be released
[2025-09-12T16:52:46.110+0000] {virtualenv.py:178} INFO - Checking for running process with PID 3307
[2025-09-12T16:52:46.111+0000] {virtualenv.py:181} INFO - Process 3307 running: True and has the lock /tmp/cosmos_venv_ecom/cosmos_virtualenv.lock.
[2025-09-12T16:52:46.112+0000] {virtualenv.py:122} INFO - Waiting for virtualenv lock to be released
[2025-09-12T16:52:47.113+0000] {virtualenv.py:178} INFO - Checking for running process with PID 3307
[2025-09-12T16:52:47.115+0000] {virtualenv.py:181} INFO - Process 3307 running: True and has the lock /tmp/cosmos_venv_ecom/cosmos_virtualenv.lock.
[2025-09-12T16:52:47.115+0000] {virtualenv.py:122} INFO - Waiting for virtualenv lock to be released
[2025-09-12T16:52:48.117+0000] {virtualenv.py:178} INFO - Checking for running process with PID 3307
[2025-09-12T16:52:48.118+0000] {virtualenv.py:181} INFO - Process 3307 running: True and has the lock /tmp/cosmos_venv_ecom/cosmos_virtualenv.lock.
[2025-09-12T16:52:48.119+0000] {virtualenv.py:122} INFO - Waiting for virtualenv lock to be released
[2025-09-12T16:52:49.121+0000] {virtualenv.py:178} INFO - Checking for running process with PID 3307
[2025-09-12T16:52:49.122+0000] {virtualenv.py:181} INFO - Process 3307 running: True and has the lock /tmp/cosmos_venv_ecom/cosmos_virtualenv.lock.
[2025-09-12T16:52:49.123+0000] {virtualenv.py:122} INFO - Waiting for virtualenv lock to be released
[2025-09-12T16:52:50.124+0000] {virtualenv.py:178} INFO - Checking for running process with PID 3307
[2025-09-12T16:52:50.125+0000] {virtualenv.py:181} INFO - Process 3307 running: True and has the lock /tmp/cosmos_venv_ecom/cosmos_virtualenv.lock.
[2025-09-12T16:52:50.125+0000] {virtualenv.py:122} INFO - Waiting for virtualenv lock to be released
[2025-09-12T16:52:51.127+0000] {virtualenv.py:178} INFO - Checking for running process with PID 3307
[2025-09-12T16:52:51.128+0000] {virtualenv.py:181} INFO - Process 3307 running: True and has the lock /tmp/cosmos_venv_ecom/cosmos_virtualenv.lock.
[2025-09-12T16:52:51.129+0000] {virtualenv.py:122} INFO - Waiting for virtualenv lock to be released
[2025-09-12T16:52:52.131+0000] {virtualenv.py:178} INFO - Checking for running process with PID 3307
[2025-09-12T16:52:52.132+0000] {virtualenv.py:181} INFO - Process 3307 running: True and has the lock /tmp/cosmos_venv_ecom/cosmos_virtualenv.lock.
[2025-09-12T16:52:52.135+0000] {virtualenv.py:122} INFO - Waiting for virtualenv lock to be released
[2025-09-12T16:52:53.136+0000] {virtualenv.py:178} INFO - Checking for running process with PID 3307
[2025-09-12T16:52:53.136+0000] {virtualenv.py:181} INFO - Process 3307 running: True and has the lock /tmp/cosmos_venv_ecom/cosmos_virtualenv.lock.
[2025-09-12T16:52:53.136+0000] {virtualenv.py:122} INFO - Waiting for virtualenv lock to be released
[2025-09-12T16:52:54.138+0000] {virtualenv.py:178} INFO - Checking for running process with PID 3307
[2025-09-12T16:52:54.139+0000] {virtualenv.py:181} INFO - Process 3307 running: True and has the lock /tmp/cosmos_venv_ecom/cosmos_virtualenv.lock.
[2025-09-12T16:52:54.139+0000] {virtualenv.py:122} INFO - Waiting for virtualenv lock to be released
[2025-09-12T16:52:55.141+0000] {virtualenv.py:178} INFO - Checking for running process with PID 3308
[2025-09-12T16:52:55.142+0000] {virtualenv.py:181} INFO - Process 3308 running: True and has the lock /tmp/cosmos_venv_ecom/cosmos_virtualenv.lock.
[2025-09-12T16:52:55.142+0000] {virtualenv.py:122} INFO - Waiting for virtualenv lock to be released
[2025-09-12T16:52:56.143+0000] {virtualenv.py:178} INFO - Checking for running process with PID 3308
[2025-09-12T16:52:56.144+0000] {virtualenv.py:181} INFO - Process 3308 running: True and has the lock /tmp/cosmos_venv_ecom/cosmos_virtualenv.lock.
[2025-09-12T16:52:56.144+0000] {virtualenv.py:122} INFO - Waiting for virtualenv lock to be released
[2025-09-12T16:52:57.146+0000] {virtualenv.py:178} INFO - Checking for running process with PID 3308
[2025-09-12T16:52:57.147+0000] {virtualenv.py:181} INFO - Process 3308 running: True and has the lock /tmp/cosmos_venv_ecom/cosmos_virtualenv.lock.
[2025-09-12T16:52:57.148+0000] {virtualenv.py:122} INFO - Waiting for virtualenv lock to be released
[2025-09-12T16:52:58.149+0000] {virtualenv.py:178} INFO - Checking for running process with PID 3308
[2025-09-12T16:52:58.150+0000] {virtualenv.py:181} INFO - Process 3308 running: True and has the lock /tmp/cosmos_venv_ecom/cosmos_virtualenv.lock.
[2025-09-12T16:52:58.151+0000] {virtualenv.py:122} INFO - Waiting for virtualenv lock to be released
[2025-09-12T16:52:59.153+0000] {virtualenv.py:178} INFO - Checking for running process with PID 3308
[2025-09-12T16:52:59.153+0000] {virtualenv.py:181} INFO - Process 3308 running: True and has the lock /tmp/cosmos_venv_ecom/cosmos_virtualenv.lock.
[2025-09-12T16:52:59.154+0000] {virtualenv.py:122} INFO - Waiting for virtualenv lock to be released
[2025-09-12T16:53:00.156+0000] {virtualenv.py:178} INFO - Checking for running process with PID 3308
[2025-09-12T16:53:00.157+0000] {virtualenv.py:181} INFO - Process 3308 running: True and has the lock /tmp/cosmos_venv_ecom/cosmos_virtualenv.lock.
[2025-09-12T16:53:00.157+0000] {virtualenv.py:122} INFO - Waiting for virtualenv lock to be released
[2025-09-12T16:53:01.158+0000] {virtualenv.py:178} INFO - Checking for running process with PID 3308
[2025-09-12T16:53:01.160+0000] {virtualenv.py:181} INFO - Process 3308 running: True and has the lock /tmp/cosmos_venv_ecom/cosmos_virtualenv.lock.
[2025-09-12T16:53:01.160+0000] {virtualenv.py:122} INFO - Waiting for virtualenv lock to be released
[2025-09-12T16:53:02.161+0000] {virtualenv.py:178} INFO - Checking for running process with PID 3308
[2025-09-12T16:53:02.163+0000] {virtualenv.py:181} INFO - Process 3308 running: True and has the lock /tmp/cosmos_venv_ecom/cosmos_virtualenv.lock.
[2025-09-12T16:53:02.164+0000] {virtualenv.py:122} INFO - Waiting for virtualenv lock to be released
[2025-09-12T16:53:03.165+0000] {virtualenv.py:178} INFO - Checking for running process with PID 3308
[2025-09-12T16:53:03.166+0000] {virtualenv.py:181} INFO - Process 3308 running: True and has the lock /tmp/cosmos_venv_ecom/cosmos_virtualenv.lock.
[2025-09-12T16:53:03.167+0000] {virtualenv.py:122} INFO - Waiting for virtualenv lock to be released
[2025-09-12T16:53:04.169+0000] {virtualenv.py:178} INFO - Checking for running process with PID 3308
[2025-09-12T16:53:04.170+0000] {virtualenv.py:181} INFO - Process 3308 running: True and has the lock /tmp/cosmos_venv_ecom/cosmos_virtualenv.lock.
[2025-09-12T16:53:04.170+0000] {virtualenv.py:122} INFO - Waiting for virtualenv lock to be released
[2025-09-12T16:53:05.171+0000] {virtualenv.py:178} INFO - Checking for running process with PID 3308
[2025-09-12T16:53:05.172+0000] {virtualenv.py:181} INFO - Process 3308 running: True and has the lock /tmp/cosmos_venv_ecom/cosmos_virtualenv.lock.
[2025-09-12T16:53:05.173+0000] {virtualenv.py:122} INFO - Waiting for virtualenv lock to be released
[2025-09-12T16:53:06.175+0000] {virtualenv.py:178} INFO - Checking for running process with PID 3308
[2025-09-12T16:53:06.176+0000] {virtualenv.py:181} INFO - Process 3308 running: True and has the lock /tmp/cosmos_venv_ecom/cosmos_virtualenv.lock.
[2025-09-12T16:53:06.176+0000] {virtualenv.py:122} INFO - Waiting for virtualenv lock to be released
[2025-09-12T16:53:07.178+0000] {virtualenv.py:178} INFO - Checking for running process with PID 3301
[2025-09-12T16:53:07.178+0000] {virtualenv.py:181} INFO - Process 3301 running: True and has the lock /tmp/cosmos_venv_ecom/cosmos_virtualenv.lock.
[2025-09-12T16:53:07.179+0000] {virtualenv.py:126} INFO - Acquiring the virtualenv lock
[2025-09-12T16:53:07.179+0000] {virtualenv.py:195} INFO - Acquiring lock at /tmp/cosmos_venv_ecom/cosmos_virtualenv.lock with pid 3302
[2025-09-12T16:53:07.180+0000] {virtualenv.py:153} INFO - Creating or updating the virtualenv at `/tmp/cosmos_venv_ecom
[2025-09-12T16:53:07.180+0000] {process_utils.py:183} INFO - Executing cmd: /home/***/.local/bin/python -m virtualenv /tmp/cosmos_venv_ecom --python=python3
[2025-09-12T16:53:07.181+0000] {process_utils.py:187} INFO - Output:
[2025-09-12T16:53:09.622+0000] {process_utils.py:191} INFO - created virtual environment CPython3.10.14.final.0-64 in 1170ms
[2025-09-12T16:53:09.623+0000] {process_utils.py:191} INFO -   creator CPython3Posix(dest=/tmp/cosmos_venv_ecom, clear=False, no_vcs_ignore=False, global=False)
[2025-09-12T16:53:09.625+0000] {process_utils.py:191} INFO -   seeder FromAppData(download=False, pip=bundle, setuptools=bundle, wheel=bundle, via=copy, app_data_dir=/home/***/.local/share/virtualenv)
[2025-09-12T16:53:09.627+0000] {process_utils.py:191} INFO -     added seed packages: MarkupSafe==3.0.2, PyYAML==6.0.2, agate==1.9.1, annotated_types==0.7.0, attrs==25.3.0, babel==2.17.0, certifi==2025.8.3, charset_normalizer==3.4.3, click==8.2.1, clickhouse_connect==0.8.18, clickhouse_driver==0.2.9, colorama==0.4.6, daff==1.4.2, dbt_adapters==1.16.7, dbt_clickhouse==1.9.3, dbt_common==1.30.0, dbt_core==1.10.11, dbt_extractor==0.6.0, dbt_protos==1.0.375, dbt_semantic_interfaces==0.9.0, deepdiff==8.6.1, idna==3.10, importlib_metadata==8.7.0, isodate==0.6.1, jinja2==3.1.6, jsonschema==4.25.1, jsonschema_specifications==2025.9.1, leather==0.4.0, lz4==4.4.4, mashumaro==3.14, more_itertools==10.8.0, msgpack==1.1.1, networkx==3.4.2, orderly_set==5.5.0, packaging==25.0, parsedatetime==2.6, pathspec==0.12.1, pip==24.1, protobuf==6.32.1, pydantic==2.11.7, pydantic_core==2.33.2, python_dateutil==2.9.0.post0, python_slugify==8.0.4, pytimeparse==1.1.8, pytz==2025.2, referencing==0.36.2, requests==2.32.5, rpds_py==0.27.1, setuptools==70.1.0, six==1.17.0, snowplow_tracker==1.1.0, sqlparse==0.5.3, text_unidecode==1.3, typing_extensions==4.15.0, typing_inspection==0.4.1, tzlocal==5.3.1, urllib3==2.5.0, wheel==0.43.0, zipp==3.23.0, zstandard==0.24.0
[2025-09-12T16:53:09.628+0000] {process_utils.py:191} INFO -   activators BashActivator,CShellActivator,FishActivator,NushellActivator,PowerShellActivator,PythonActivator
[2025-09-12T16:53:09.742+0000] {process_utils.py:183} INFO - Executing cmd: /tmp/cosmos_venv_ecom/bin/pip install dbt-clickhouse
[2025-09-12T16:53:09.747+0000] {process_utils.py:187} INFO - Output:
[2025-09-12T16:53:09.971+0000] {process_utils.py:191} INFO - Traceback (most recent call last):
[2025-09-12T16:53:09.975+0000] {process_utils.py:191} INFO -   File "/tmp/cosmos_venv_ecom/bin/pip", line 5, in <module>
[2025-09-12T16:53:09.976+0000] {process_utils.py:191} INFO -     from pip._internal.cli.main import main
[2025-09-12T16:53:09.977+0000] {process_utils.py:191} INFO - ModuleNotFoundError: No module named 'pip._internal.cli'
[2025-09-12T16:53:09.986+0000] {virtualenv.py:131} INFO - Releasing virtualenv lock
[2025-09-12T16:53:09.987+0000] {virtualenv.py:210} WARNING - Lockfile owned by process of pid 3311, while operator has pid 3302
[2025-09-12T16:53:09.988+0000] {taskinstance.py:441} INFO - ::group::Post task execution logs
[2025-09-12T16:53:09.990+0000] {taskinstance.py:2905} ERROR - Task failed with exception
Traceback (most recent call last):
  File "/home/airflow/.local/lib/python3.10/site-packages/airflow/models/taskinstance.py", line 465, in _execute_task
    result = _execute_callable(context=context, **execute_callable_kwargs)
  File "/home/airflow/.local/lib/python3.10/site-packages/airflow/models/taskinstance.py", line 432, in _execute_callable
    return execute_callable(context=context, **execute_callable_kwargs)
  File "/home/airflow/.local/lib/python3.10/site-packages/airflow/models/baseoperator.py", line 401, in wrapper
    return func(self, *args, **kwargs)
  File "/home/airflow/.local/lib/python3.10/site-packages/cosmos/operators/virtualenv.py", line 144, in execute
    output = super().execute(context)
  File "/home/airflow/.local/lib/python3.10/site-packages/cosmos/operators/base.py", line 310, in execute
    self.build_and_run_cmd(context=context, cmd_flags=self.add_cmd_flags())
  File "/home/airflow/.local/lib/python3.10/site-packages/cosmos/operators/local.py", line 853, in build_and_run_cmd
    result = self.run_command(
  File "/home/airflow/.local/lib/python3.10/site-packages/cosmos/operators/virtualenv.py", line 128, in run_command
    self._py_bin = self._prepare_virtualenv()
  File "/home/airflow/.local/lib/python3.10/site-packages/cosmos/operators/virtualenv.py", line 154, in _prepare_virtualenv
    py_bin = prepare_virtualenv(
  File "/home/airflow/.local/lib/python3.10/site-packages/airflow/utils/python_virtualenv.py", line 119, in prepare_virtualenv
    execute_in_subprocess(pip_cmd)
  File "/home/airflow/.local/lib/python3.10/site-packages/airflow/utils/process_utils.py", line 172, in execute_in_subprocess
    execute_in_subprocess_with_kwargs(cmd, cwd=cwd)
  File "/home/airflow/.local/lib/python3.10/site-packages/airflow/utils/process_utils.py", line 195, in execute_in_subprocess_with_kwargs
    raise subprocess.CalledProcessError(exit_code, cmd)
subprocess.CalledProcessError: Command '['/tmp/cosmos_venv_ecom/bin/pip', 'install', 'dbt-clickhouse']' returned non-zero exit status 1.
[2025-09-12T16:53:10.056+0000] {taskinstance.py:1206} INFO - Marking task as FAILED. dag_id=dbt_ecom_cosmos, task_id=dbt_ecom.stg_products_run, run_id=manual__2025-09-12T16:50:56.013773+00:00, execution_date=20250912T165056, start_date=20250912T165104, end_date=20250912T165310
[2025-09-12T16:53:10.094+0000] {standard_task_runner.py:110} ERROR - Failed to execute job 101 for task dbt_ecom.stg_products_run (Command '['/tmp/cosmos_venv_ecom/bin/pip', 'install', 'dbt-clickhouse']' returned non-zero exit status 1.; 3302)
[2025-09-12T16:53:10.110+0000] {local_task_job_runner.py:243} INFO - Task exited with return code 1
[2025-09-12T16:53:10.191+0000] {taskinstance.py:3503} INFO - 0 downstream tasks scheduled from follow-on schedule check
[2025-09-12T16:53:10.193+0000] {local_task_job_runner.py:222} INFO - ::endgroup::
