[2025-09-12T16:51:04.698+0000] {local_task_job_runner.py:120} INFO - ::group::Pre task execution logs
[2025-09-12T16:51:04.935+0000] {taskinstance.py:2076} INFO - Dependencies all met for dep_context=non-requeueable deps ti=<TaskInstance: dbt_ecom_cosmos.dbt_ecom.stg_subcategories_run scheduled__2025-09-11T00:00:00+00:00 [queued]>
[2025-09-12T16:51:04.960+0000] {taskinstance.py:2076} INFO - Dependencies all met for dep_context=requeueable deps ti=<TaskInstance: dbt_ecom_cosmos.dbt_ecom.stg_subcategories_run scheduled__2025-09-11T00:00:00+00:00 [queued]>
[2025-09-12T16:51:04.962+0000] {taskinstance.py:2306} INFO - Starting attempt 1 of 1
[2025-09-12T16:51:05.010+0000] {taskinstance.py:2330} INFO - Executing <Task(DbtRunVirtualenvOperator): dbt_ecom.stg_subcategories_run> on 2025-09-11 00:00:00+00:00
[2025-09-12T16:51:05.032+0000] {standard_task_runner.py:64} INFO - Started process 3301 to run task
[2025-09-12T16:51:05.041+0000] {standard_task_runner.py:90} INFO - Running: ['***', 'tasks', 'run', 'dbt_ecom_cosmos', 'dbt_ecom.stg_subcategories_run', 'scheduled__2025-09-11T00:00:00+00:00', '--job-id', '100', '--raw', '--subdir', 'DAGS_FOLDER/dbt_staging.py', '--cfg-path', '/tmp/tmp70aojcok']
[2025-09-12T16:51:05.056+0000] {standard_task_runner.py:91} INFO - Job 100: Subtask dbt_ecom.stg_subcategories_run
[2025-09-12T16:51:05.747+0000] {task_command.py:426} INFO - Running <TaskInstance: dbt_ecom_cosmos.dbt_ecom.stg_subcategories_run scheduled__2025-09-11T00:00:00+00:00 [running]> on host e95bde6b8d07
[2025-09-12T16:51:06.700+0000] {taskinstance.py:2648} INFO - Exporting env vars: AIRFLOW_CTX_DAG_OWNER='***' AIRFLOW_CTX_DAG_ID='dbt_ecom_cosmos' AIRFLOW_CTX_TASK_ID='dbt_ecom.stg_subcategories_run' AIRFLOW_CTX_EXECUTION_DATE='2025-09-11T00:00:00+00:00' AIRFLOW_CTX_TRY_NUMBER='1' AIRFLOW_CTX_DAG_RUN_ID='scheduled__2025-09-11T00:00:00+00:00'
[2025-09-12T16:51:06.704+0000] {taskinstance.py:430} INFO - ::endgroup::
[2025-09-12T16:51:06.734+0000] {virtualenv.py:120} INFO - Checking if the virtualenv lock /tmp/cosmos_venv_ecom/cosmos_virtualenv.lock exists
[2025-09-12T16:51:06.735+0000] {virtualenv.py:178} INFO - Checking for running process with PID 3295
[2025-09-12T16:51:06.736+0000] {virtualenv.py:181} INFO - Process 3295 running: True and has the lock /tmp/cosmos_venv_ecom/cosmos_virtualenv.lock.
[2025-09-12T16:51:06.737+0000] {virtualenv.py:122} INFO - Waiting for virtualenv lock to be released
[2025-09-12T16:51:07.741+0000] {virtualenv.py:178} INFO - Checking for running process with PID 3295
[2025-09-12T16:51:07.742+0000] {virtualenv.py:181} INFO - Process 3295 running: True and has the lock /tmp/cosmos_venv_ecom/cosmos_virtualenv.lock.
[2025-09-12T16:51:07.742+0000] {virtualenv.py:122} INFO - Waiting for virtualenv lock to be released
[2025-09-12T16:51:08.744+0000] {virtualenv.py:178} INFO - Checking for running process with PID 3295
[2025-09-12T16:51:08.745+0000] {virtualenv.py:181} INFO - Process 3295 running: True and has the lock /tmp/cosmos_venv_ecom/cosmos_virtualenv.lock.
[2025-09-12T16:51:08.746+0000] {virtualenv.py:122} INFO - Waiting for virtualenv lock to be released
[2025-09-12T16:51:09.747+0000] {virtualenv.py:178} INFO - Checking for running process with PID 3295
[2025-09-12T16:51:09.748+0000] {virtualenv.py:181} INFO - Process 3295 running: True and has the lock /tmp/cosmos_venv_ecom/cosmos_virtualenv.lock.
[2025-09-12T16:51:09.749+0000] {virtualenv.py:122} INFO - Waiting for virtualenv lock to be released
[2025-09-12T16:51:10.751+0000] {virtualenv.py:178} INFO - Checking for running process with PID 3295
[2025-09-12T16:51:10.752+0000] {virtualenv.py:181} INFO - Process 3295 running: True and has the lock /tmp/cosmos_venv_ecom/cosmos_virtualenv.lock.
[2025-09-12T16:51:10.755+0000] {virtualenv.py:122} INFO - Waiting for virtualenv lock to be released
[2025-09-12T16:51:11.757+0000] {virtualenv.py:178} INFO - Checking for running process with PID 3295
[2025-09-12T16:51:11.758+0000] {virtualenv.py:181} INFO - Process 3295 running: True and has the lock /tmp/cosmos_venv_ecom/cosmos_virtualenv.lock.
[2025-09-12T16:51:11.759+0000] {virtualenv.py:122} INFO - Waiting for virtualenv lock to be released
[2025-09-12T16:51:12.760+0000] {virtualenv.py:178} INFO - Checking for running process with PID 3295
[2025-09-12T16:51:12.761+0000] {virtualenv.py:181} INFO - Process 3295 running: True and has the lock /tmp/cosmos_venv_ecom/cosmos_virtualenv.lock.
[2025-09-12T16:51:12.761+0000] {virtualenv.py:122} INFO - Waiting for virtualenv lock to be released
[2025-09-12T16:51:13.763+0000] {virtualenv.py:178} INFO - Checking for running process with PID 3295
[2025-09-12T16:51:13.764+0000] {virtualenv.py:181} INFO - Process 3295 running: True and has the lock /tmp/cosmos_venv_ecom/cosmos_virtualenv.lock.
[2025-09-12T16:51:13.764+0000] {virtualenv.py:122} INFO - Waiting for virtualenv lock to be released
[2025-09-12T16:51:14.766+0000] {virtualenv.py:178} INFO - Checking for running process with PID 3295
[2025-09-12T16:51:14.766+0000] {virtualenv.py:181} INFO - Process 3295 running: True and has the lock /tmp/cosmos_venv_ecom/cosmos_virtualenv.lock.
[2025-09-12T16:51:14.767+0000] {virtualenv.py:122} INFO - Waiting for virtualenv lock to be released
[2025-09-12T16:51:15.768+0000] {virtualenv.py:178} INFO - Checking for running process with PID 3295
[2025-09-12T16:51:15.769+0000] {virtualenv.py:181} INFO - Process 3295 running: True and has the lock /tmp/cosmos_venv_ecom/cosmos_virtualenv.lock.
[2025-09-12T16:51:15.770+0000] {virtualenv.py:122} INFO - Waiting for virtualenv lock to be released
[2025-09-12T16:51:16.772+0000] {virtualenv.py:178} INFO - Checking for running process with PID 3295
[2025-09-12T16:51:16.772+0000] {virtualenv.py:181} INFO - Process 3295 running: True and has the lock /tmp/cosmos_venv_ecom/cosmos_virtualenv.lock.
[2025-09-12T16:51:16.773+0000] {virtualenv.py:122} INFO - Waiting for virtualenv lock to be released
[2025-09-12T16:51:17.774+0000] {virtualenv.py:178} INFO - Checking for running process with PID 3295
[2025-09-12T16:51:17.775+0000] {virtualenv.py:181} INFO - Process 3295 running: True and has the lock /tmp/cosmos_venv_ecom/cosmos_virtualenv.lock.
[2025-09-12T16:51:17.776+0000] {virtualenv.py:122} INFO - Waiting for virtualenv lock to be released
[2025-09-12T16:51:18.778+0000] {virtualenv.py:178} INFO - Checking for running process with PID 3295
[2025-09-12T16:51:18.779+0000] {virtualenv.py:181} INFO - Process 3295 running: True and has the lock /tmp/cosmos_venv_ecom/cosmos_virtualenv.lock.
[2025-09-12T16:51:18.779+0000] {virtualenv.py:122} INFO - Waiting for virtualenv lock to be released
[2025-09-12T16:51:19.781+0000] {virtualenv.py:178} INFO - Checking for running process with PID 3295
[2025-09-12T16:51:19.782+0000] {virtualenv.py:181} INFO - Process 3295 running: True and has the lock /tmp/cosmos_venv_ecom/cosmos_virtualenv.lock.
[2025-09-12T16:51:19.783+0000] {virtualenv.py:122} INFO - Waiting for virtualenv lock to be released
[2025-09-12T16:51:20.785+0000] {virtualenv.py:178} INFO - Checking for running process with PID 3295
[2025-09-12T16:51:20.786+0000] {virtualenv.py:181} INFO - Process 3295 running: True and has the lock /tmp/cosmos_venv_ecom/cosmos_virtualenv.lock.
[2025-09-12T16:51:20.786+0000] {virtualenv.py:122} INFO - Waiting for virtualenv lock to be released
[2025-09-12T16:51:21.788+0000] {virtualenv.py:178} INFO - Checking for running process with PID 3295
[2025-09-12T16:51:21.788+0000] {virtualenv.py:181} INFO - Process 3295 running: True and has the lock /tmp/cosmos_venv_ecom/cosmos_virtualenv.lock.
[2025-09-12T16:51:21.789+0000] {virtualenv.py:122} INFO - Waiting for virtualenv lock to be released
[2025-09-12T16:51:22.789+0000] {virtualenv.py:178} INFO - Checking for running process with PID 3295
[2025-09-12T16:51:22.791+0000] {virtualenv.py:181} INFO - Process 3295 running: True and has the lock /tmp/cosmos_venv_ecom/cosmos_virtualenv.lock.
[2025-09-12T16:51:22.791+0000] {virtualenv.py:122} INFO - Waiting for virtualenv lock to be released
[2025-09-12T16:51:23.792+0000] {virtualenv.py:178} INFO - Checking for running process with PID 3295
[2025-09-12T16:51:23.793+0000] {virtualenv.py:181} INFO - Process 3295 running: True and has the lock /tmp/cosmos_venv_ecom/cosmos_virtualenv.lock.
[2025-09-12T16:51:23.793+0000] {virtualenv.py:122} INFO - Waiting for virtualenv lock to be released
[2025-09-12T16:51:24.795+0000] {virtualenv.py:178} INFO - Checking for running process with PID 3295
[2025-09-12T16:51:24.796+0000] {virtualenv.py:181} INFO - Process 3295 running: True and has the lock /tmp/cosmos_venv_ecom/cosmos_virtualenv.lock.
[2025-09-12T16:51:24.796+0000] {virtualenv.py:122} INFO - Waiting for virtualenv lock to be released
[2025-09-12T16:51:25.798+0000] {virtualenv.py:178} INFO - Checking for running process with PID 3295
[2025-09-12T16:51:25.799+0000] {virtualenv.py:181} INFO - Process 3295 running: True and has the lock /tmp/cosmos_venv_ecom/cosmos_virtualenv.lock.
[2025-09-12T16:51:25.799+0000] {virtualenv.py:122} INFO - Waiting for virtualenv lock to be released
[2025-09-12T16:51:26.801+0000] {virtualenv.py:178} INFO - Checking for running process with PID 3295
[2025-09-12T16:51:26.802+0000] {virtualenv.py:181} INFO - Process 3295 running: True and has the lock /tmp/cosmos_venv_ecom/cosmos_virtualenv.lock.
[2025-09-12T16:51:26.802+0000] {virtualenv.py:122} INFO - Waiting for virtualenv lock to be released
[2025-09-12T16:51:27.804+0000] {virtualenv.py:178} INFO - Checking for running process with PID 3295
[2025-09-12T16:51:27.805+0000] {virtualenv.py:181} INFO - Process 3295 running: True and has the lock /tmp/cosmos_venv_ecom/cosmos_virtualenv.lock.
[2025-09-12T16:51:27.805+0000] {virtualenv.py:122} INFO - Waiting for virtualenv lock to be released
[2025-09-12T16:51:28.806+0000] {virtualenv.py:178} INFO - Checking for running process with PID 3295
[2025-09-12T16:51:28.807+0000] {virtualenv.py:181} INFO - Process 3295 running: True and has the lock /tmp/cosmos_venv_ecom/cosmos_virtualenv.lock.
[2025-09-12T16:51:28.808+0000] {virtualenv.py:122} INFO - Waiting for virtualenv lock to be released
[2025-09-12T16:51:29.810+0000] {virtualenv.py:178} INFO - Checking for running process with PID 3295
[2025-09-12T16:51:29.811+0000] {virtualenv.py:181} INFO - Process 3295 running: True and has the lock /tmp/cosmos_venv_ecom/cosmos_virtualenv.lock.
[2025-09-12T16:51:29.811+0000] {virtualenv.py:122} INFO - Waiting for virtualenv lock to be released
[2025-09-12T16:51:30.813+0000] {virtualenv.py:178} INFO - Checking for running process with PID 3295
[2025-09-12T16:51:30.814+0000] {virtualenv.py:181} INFO - Process 3295 running: True and has the lock /tmp/cosmos_venv_ecom/cosmos_virtualenv.lock.
[2025-09-12T16:51:30.815+0000] {virtualenv.py:122} INFO - Waiting for virtualenv lock to be released
[2025-09-12T16:51:31.817+0000] {virtualenv.py:178} INFO - Checking for running process with PID 3295
[2025-09-12T16:51:31.818+0000] {virtualenv.py:181} INFO - Process 3295 running: True and has the lock /tmp/cosmos_venv_ecom/cosmos_virtualenv.lock.
[2025-09-12T16:51:31.818+0000] {virtualenv.py:122} INFO - Waiting for virtualenv lock to be released
[2025-09-12T16:51:32.820+0000] {virtualenv.py:178} INFO - Checking for running process with PID 3295
[2025-09-12T16:51:32.821+0000] {virtualenv.py:181} INFO - Process 3295 running: True and has the lock /tmp/cosmos_venv_ecom/cosmos_virtualenv.lock.
[2025-09-12T16:51:32.821+0000] {virtualenv.py:122} INFO - Waiting for virtualenv lock to be released
[2025-09-12T16:51:33.823+0000] {virtualenv.py:178} INFO - Checking for running process with PID 3295
[2025-09-12T16:51:33.824+0000] {virtualenv.py:181} INFO - Process 3295 running: True and has the lock /tmp/cosmos_venv_ecom/cosmos_virtualenv.lock.
[2025-09-12T16:51:33.824+0000] {virtualenv.py:122} INFO - Waiting for virtualenv lock to be released
[2025-09-12T16:51:34.826+0000] {virtualenv.py:178} INFO - Checking for running process with PID 3295
[2025-09-12T16:51:34.827+0000] {virtualenv.py:181} INFO - Process 3295 running: True and has the lock /tmp/cosmos_venv_ecom/cosmos_virtualenv.lock.
[2025-09-12T16:51:34.828+0000] {virtualenv.py:122} INFO - Waiting for virtualenv lock to be released
[2025-09-12T16:51:35.830+0000] {virtualenv.py:178} INFO - Checking for running process with PID 3295
[2025-09-12T16:51:35.831+0000] {virtualenv.py:181} INFO - Process 3295 running: True and has the lock /tmp/cosmos_venv_ecom/cosmos_virtualenv.lock.
[2025-09-12T16:51:35.832+0000] {virtualenv.py:122} INFO - Waiting for virtualenv lock to be released
[2025-09-12T16:51:36.834+0000] {virtualenv.py:178} INFO - Checking for running process with PID 3295
[2025-09-12T16:51:36.835+0000] {virtualenv.py:181} INFO - Process 3295 running: True and has the lock /tmp/cosmos_venv_ecom/cosmos_virtualenv.lock.
[2025-09-12T16:51:36.835+0000] {virtualenv.py:122} INFO - Waiting for virtualenv lock to be released
[2025-09-12T16:51:37.837+0000] {virtualenv.py:178} INFO - Checking for running process with PID 3295
[2025-09-12T16:51:37.838+0000] {virtualenv.py:181} INFO - Process 3295 running: True and has the lock /tmp/cosmos_venv_ecom/cosmos_virtualenv.lock.
[2025-09-12T16:51:37.839+0000] {virtualenv.py:122} INFO - Waiting for virtualenv lock to be released
[2025-09-12T16:51:38.841+0000] {virtualenv.py:178} INFO - Checking for running process with PID 3295
[2025-09-12T16:51:38.843+0000] {virtualenv.py:181} INFO - Process 3295 running: True and has the lock /tmp/cosmos_venv_ecom/cosmos_virtualenv.lock.
[2025-09-12T16:51:38.843+0000] {virtualenv.py:122} INFO - Waiting for virtualenv lock to be released
[2025-09-12T16:51:39.845+0000] {virtualenv.py:178} INFO - Checking for running process with PID 3295
[2025-09-12T16:51:39.846+0000] {virtualenv.py:181} INFO - Process 3295 running: True and has the lock /tmp/cosmos_venv_ecom/cosmos_virtualenv.lock.
[2025-09-12T16:51:39.846+0000] {virtualenv.py:122} INFO - Waiting for virtualenv lock to be released
[2025-09-12T16:51:40.848+0000] {virtualenv.py:178} INFO - Checking for running process with PID 3295
[2025-09-12T16:51:40.849+0000] {virtualenv.py:181} INFO - Process 3295 running: True and has the lock /tmp/cosmos_venv_ecom/cosmos_virtualenv.lock.
[2025-09-12T16:51:40.849+0000] {virtualenv.py:122} INFO - Waiting for virtualenv lock to be released
[2025-09-12T16:51:41.851+0000] {virtualenv.py:178} INFO - Checking for running process with PID 3295
[2025-09-12T16:51:41.851+0000] {virtualenv.py:181} INFO - Process 3295 running: True and has the lock /tmp/cosmos_venv_ecom/cosmos_virtualenv.lock.
[2025-09-12T16:51:41.852+0000] {virtualenv.py:122} INFO - Waiting for virtualenv lock to be released
[2025-09-12T16:51:42.854+0000] {virtualenv.py:178} INFO - Checking for running process with PID 3295
[2025-09-12T16:51:42.854+0000] {virtualenv.py:181} INFO - Process 3295 running: True and has the lock /tmp/cosmos_venv_ecom/cosmos_virtualenv.lock.
[2025-09-12T16:51:42.855+0000] {virtualenv.py:122} INFO - Waiting for virtualenv lock to be released
[2025-09-12T16:51:43.857+0000] {virtualenv.py:178} INFO - Checking for running process with PID 3295
[2025-09-12T16:51:43.858+0000] {virtualenv.py:181} INFO - Process 3295 running: True and has the lock /tmp/cosmos_venv_ecom/cosmos_virtualenv.lock.
[2025-09-12T16:51:43.859+0000] {virtualenv.py:122} INFO - Waiting for virtualenv lock to be released
[2025-09-12T16:51:44.861+0000] {virtualenv.py:178} INFO - Checking for running process with PID 3295
[2025-09-12T16:51:44.862+0000] {virtualenv.py:181} INFO - Process 3295 running: True and has the lock /tmp/cosmos_venv_ecom/cosmos_virtualenv.lock.
[2025-09-12T16:51:44.862+0000] {virtualenv.py:122} INFO - Waiting for virtualenv lock to be released
[2025-09-12T16:51:45.864+0000] {virtualenv.py:178} INFO - Checking for running process with PID 3295
[2025-09-12T16:51:45.864+0000] {virtualenv.py:181} INFO - Process 3295 running: True and has the lock /tmp/cosmos_venv_ecom/cosmos_virtualenv.lock.
[2025-09-12T16:51:45.865+0000] {virtualenv.py:122} INFO - Waiting for virtualenv lock to be released
[2025-09-12T16:51:46.866+0000] {virtualenv.py:178} INFO - Checking for running process with PID 3295
[2025-09-12T16:51:46.866+0000] {virtualenv.py:181} INFO - Process 3295 running: True and has the lock /tmp/cosmos_venv_ecom/cosmos_virtualenv.lock.
[2025-09-12T16:51:46.867+0000] {virtualenv.py:122} INFO - Waiting for virtualenv lock to be released
[2025-09-12T16:51:47.868+0000] {virtualenv.py:178} INFO - Checking for running process with PID 3295
[2025-09-12T16:51:47.869+0000] {virtualenv.py:181} INFO - Process 3295 running: True and has the lock /tmp/cosmos_venv_ecom/cosmos_virtualenv.lock.
[2025-09-12T16:51:47.870+0000] {virtualenv.py:122} INFO - Waiting for virtualenv lock to be released
[2025-09-12T16:51:48.872+0000] {virtualenv.py:178} INFO - Checking for running process with PID 3295
[2025-09-12T16:51:48.872+0000] {virtualenv.py:181} INFO - Process 3295 running: True and has the lock /tmp/cosmos_venv_ecom/cosmos_virtualenv.lock.
[2025-09-12T16:51:48.873+0000] {virtualenv.py:122} INFO - Waiting for virtualenv lock to be released
[2025-09-12T16:51:49.874+0000] {virtualenv.py:178} INFO - Checking for running process with PID 3295
[2025-09-12T16:51:49.875+0000] {virtualenv.py:181} INFO - Process 3295 running: True and has the lock /tmp/cosmos_venv_ecom/cosmos_virtualenv.lock.
[2025-09-12T16:51:49.875+0000] {virtualenv.py:122} INFO - Waiting for virtualenv lock to be released
[2025-09-12T16:51:50.877+0000] {virtualenv.py:178} INFO - Checking for running process with PID 3295
[2025-09-12T16:51:50.878+0000] {virtualenv.py:181} INFO - Process 3295 running: True and has the lock /tmp/cosmos_venv_ecom/cosmos_virtualenv.lock.
[2025-09-12T16:51:50.878+0000] {virtualenv.py:122} INFO - Waiting for virtualenv lock to be released
[2025-09-12T16:51:51.880+0000] {virtualenv.py:178} INFO - Checking for running process with PID 3295
[2025-09-12T16:51:51.881+0000] {virtualenv.py:181} INFO - Process 3295 running: True and has the lock /tmp/cosmos_venv_ecom/cosmos_virtualenv.lock.
[2025-09-12T16:51:51.881+0000] {virtualenv.py:122} INFO - Waiting for virtualenv lock to be released
[2025-09-12T16:51:52.883+0000] {virtualenv.py:178} INFO - Checking for running process with PID 3295
[2025-09-12T16:51:52.884+0000] {virtualenv.py:181} INFO - Process 3295 running: True and has the lock /tmp/cosmos_venv_ecom/cosmos_virtualenv.lock.
[2025-09-12T16:51:52.885+0000] {virtualenv.py:122} INFO - Waiting for virtualenv lock to be released
[2025-09-12T16:51:53.886+0000] {virtualenv.py:178} INFO - Checking for running process with PID 3295
[2025-09-12T16:51:53.887+0000] {virtualenv.py:181} INFO - Process 3295 running: True and has the lock /tmp/cosmos_venv_ecom/cosmos_virtualenv.lock.
[2025-09-12T16:51:53.887+0000] {virtualenv.py:122} INFO - Waiting for virtualenv lock to be released
[2025-09-12T16:51:54.889+0000] {virtualenv.py:178} INFO - Checking for running process with PID 3295
[2025-09-12T16:51:54.890+0000] {virtualenv.py:181} INFO - Process 3295 running: True and has the lock /tmp/cosmos_venv_ecom/cosmos_virtualenv.lock.
[2025-09-12T16:51:54.890+0000] {virtualenv.py:122} INFO - Waiting for virtualenv lock to be released
[2025-09-12T16:51:55.893+0000] {virtualenv.py:178} INFO - Checking for running process with PID 3310
[2025-09-12T16:51:55.894+0000] {virtualenv.py:181} INFO - Process 3310 running: True and has the lock /tmp/cosmos_venv_ecom/cosmos_virtualenv.lock.
[2025-09-12T16:51:55.894+0000] {virtualenv.py:122} INFO - Waiting for virtualenv lock to be released
[2025-09-12T16:51:56.896+0000] {virtualenv.py:178} INFO - Checking for running process with PID 3310
[2025-09-12T16:51:56.897+0000] {virtualenv.py:181} INFO - Process 3310 running: True and has the lock /tmp/cosmos_venv_ecom/cosmos_virtualenv.lock.
[2025-09-12T16:51:56.897+0000] {virtualenv.py:122} INFO - Waiting for virtualenv lock to be released
[2025-09-12T16:51:57.899+0000] {virtualenv.py:178} INFO - Checking for running process with PID 3310
[2025-09-12T16:51:57.900+0000] {virtualenv.py:181} INFO - Process 3310 running: True and has the lock /tmp/cosmos_venv_ecom/cosmos_virtualenv.lock.
[2025-09-12T16:51:57.901+0000] {virtualenv.py:122} INFO - Waiting for virtualenv lock to be released
[2025-09-12T16:51:58.902+0000] {virtualenv.py:178} INFO - Checking for running process with PID 3310
[2025-09-12T16:51:58.903+0000] {virtualenv.py:181} INFO - Process 3310 running: True and has the lock /tmp/cosmos_venv_ecom/cosmos_virtualenv.lock.
[2025-09-12T16:51:58.904+0000] {virtualenv.py:122} INFO - Waiting for virtualenv lock to be released
[2025-09-12T16:51:59.906+0000] {virtualenv.py:178} INFO - Checking for running process with PID 3310
[2025-09-12T16:51:59.907+0000] {virtualenv.py:181} INFO - Process 3310 running: True and has the lock /tmp/cosmos_venv_ecom/cosmos_virtualenv.lock.
[2025-09-12T16:51:59.908+0000] {virtualenv.py:122} INFO - Waiting for virtualenv lock to be released
[2025-09-12T16:52:00.910+0000] {virtualenv.py:178} INFO - Checking for running process with PID 3310
[2025-09-12T16:52:00.911+0000] {virtualenv.py:181} INFO - Process 3310 running: True and has the lock /tmp/cosmos_venv_ecom/cosmos_virtualenv.lock.
[2025-09-12T16:52:00.912+0000] {virtualenv.py:122} INFO - Waiting for virtualenv lock to be released
[2025-09-12T16:52:01.913+0000] {virtualenv.py:178} INFO - Checking for running process with PID 3310
[2025-09-12T16:52:01.914+0000] {virtualenv.py:181} INFO - Process 3310 running: True and has the lock /tmp/cosmos_venv_ecom/cosmos_virtualenv.lock.
[2025-09-12T16:52:01.916+0000] {virtualenv.py:122} INFO - Waiting for virtualenv lock to be released
[2025-09-12T16:52:02.918+0000] {virtualenv.py:178} INFO - Checking for running process with PID 3310
[2025-09-12T16:52:02.918+0000] {virtualenv.py:181} INFO - Process 3310 running: True and has the lock /tmp/cosmos_venv_ecom/cosmos_virtualenv.lock.
[2025-09-12T16:52:02.919+0000] {virtualenv.py:122} INFO - Waiting for virtualenv lock to be released
[2025-09-12T16:52:03.921+0000] {virtualenv.py:178} INFO - Checking for running process with PID 3310
[2025-09-12T16:52:03.922+0000] {virtualenv.py:181} INFO - Process 3310 running: True and has the lock /tmp/cosmos_venv_ecom/cosmos_virtualenv.lock.
[2025-09-12T16:52:03.922+0000] {virtualenv.py:122} INFO - Waiting for virtualenv lock to be released
[2025-09-12T16:52:04.924+0000] {virtualenv.py:178} INFO - Checking for running process with PID 3310
[2025-09-12T16:52:04.925+0000] {virtualenv.py:181} INFO - Process 3310 running: True and has the lock /tmp/cosmos_venv_ecom/cosmos_virtualenv.lock.
[2025-09-12T16:52:04.926+0000] {virtualenv.py:122} INFO - Waiting for virtualenv lock to be released
[2025-09-12T16:52:05.928+0000] {virtualenv.py:178} INFO - Checking for running process with PID 3310
[2025-09-12T16:52:05.929+0000] {virtualenv.py:181} INFO - Process 3310 running: True and has the lock /tmp/cosmos_venv_ecom/cosmos_virtualenv.lock.
[2025-09-12T16:52:05.930+0000] {virtualenv.py:122} INFO - Waiting for virtualenv lock to be released
[2025-09-12T16:52:06.932+0000] {virtualenv.py:178} INFO - Checking for running process with PID 3310
[2025-09-12T16:52:06.932+0000] {virtualenv.py:181} INFO - Process 3310 running: True and has the lock /tmp/cosmos_venv_ecom/cosmos_virtualenv.lock.
[2025-09-12T16:52:06.933+0000] {virtualenv.py:122} INFO - Waiting for virtualenv lock to be released
[2025-09-12T16:52:07.935+0000] {virtualenv.py:178} INFO - Checking for running process with PID 3310
[2025-09-12T16:52:07.936+0000] {virtualenv.py:181} INFO - Process 3310 running: True and has the lock /tmp/cosmos_venv_ecom/cosmos_virtualenv.lock.
[2025-09-12T16:52:07.936+0000] {virtualenv.py:122} INFO - Waiting for virtualenv lock to be released
[2025-09-12T16:52:08.938+0000] {virtualenv.py:178} INFO - Checking for running process with PID 3310
[2025-09-12T16:52:08.939+0000] {virtualenv.py:181} INFO - Process 3310 running: True and has the lock /tmp/cosmos_venv_ecom/cosmos_virtualenv.lock.
[2025-09-12T16:52:08.939+0000] {virtualenv.py:122} INFO - Waiting for virtualenv lock to be released
[2025-09-12T16:52:09.941+0000] {virtualenv.py:178} INFO - Checking for running process with PID 3298
[2025-09-12T16:52:09.942+0000] {virtualenv.py:181} INFO - Process 3298 running: True and has the lock /tmp/cosmos_venv_ecom/cosmos_virtualenv.lock.
[2025-09-12T16:52:09.943+0000] {virtualenv.py:122} INFO - Waiting for virtualenv lock to be released
[2025-09-12T16:52:10.944+0000] {virtualenv.py:178} INFO - Checking for running process with PID 3298
[2025-09-12T16:52:10.945+0000] {virtualenv.py:181} INFO - Process 3298 running: True and has the lock /tmp/cosmos_venv_ecom/cosmos_virtualenv.lock.
[2025-09-12T16:52:10.946+0000] {virtualenv.py:122} INFO - Waiting for virtualenv lock to be released
[2025-09-12T16:52:11.948+0000] {virtualenv.py:178} INFO - Checking for running process with PID 3298
[2025-09-12T16:52:11.949+0000] {virtualenv.py:181} INFO - Process 3298 running: True and has the lock /tmp/cosmos_venv_ecom/cosmos_virtualenv.lock.
[2025-09-12T16:52:11.950+0000] {virtualenv.py:122} INFO - Waiting for virtualenv lock to be released
[2025-09-12T16:52:12.952+0000] {virtualenv.py:178} INFO - Checking for running process with PID 3298
[2025-09-12T16:52:12.953+0000] {virtualenv.py:181} INFO - Process 3298 running: True and has the lock /tmp/cosmos_venv_ecom/cosmos_virtualenv.lock.
[2025-09-12T16:52:12.953+0000] {virtualenv.py:122} INFO - Waiting for virtualenv lock to be released
[2025-09-12T16:52:13.954+0000] {virtualenv.py:178} INFO - Checking for running process with PID 3298
[2025-09-12T16:52:13.955+0000] {virtualenv.py:181} INFO - Process 3298 running: True and has the lock /tmp/cosmos_venv_ecom/cosmos_virtualenv.lock.
[2025-09-12T16:52:13.956+0000] {virtualenv.py:122} INFO - Waiting for virtualenv lock to be released
[2025-09-12T16:52:14.958+0000] {virtualenv.py:178} INFO - Checking for running process with PID 3298
[2025-09-12T16:52:14.959+0000] {virtualenv.py:181} INFO - Process 3298 running: True and has the lock /tmp/cosmos_venv_ecom/cosmos_virtualenv.lock.
[2025-09-12T16:52:14.960+0000] {virtualenv.py:122} INFO - Waiting for virtualenv lock to be released
[2025-09-12T16:52:15.961+0000] {virtualenv.py:178} INFO - Checking for running process with PID 3298
[2025-09-12T16:52:15.962+0000] {virtualenv.py:181} INFO - Process 3298 running: True and has the lock /tmp/cosmos_venv_ecom/cosmos_virtualenv.lock.
[2025-09-12T16:52:15.963+0000] {virtualenv.py:122} INFO - Waiting for virtualenv lock to be released
[2025-09-12T16:52:16.964+0000] {virtualenv.py:178} INFO - Checking for running process with PID 3298
[2025-09-12T16:52:16.965+0000] {virtualenv.py:181} INFO - Process 3298 running: True and has the lock /tmp/cosmos_venv_ecom/cosmos_virtualenv.lock.
[2025-09-12T16:52:16.965+0000] {virtualenv.py:122} INFO - Waiting for virtualenv lock to be released
[2025-09-12T16:52:17.967+0000] {virtualenv.py:178} INFO - Checking for running process with PID 3298
[2025-09-12T16:52:17.967+0000] {virtualenv.py:181} INFO - Process 3298 running: True and has the lock /tmp/cosmos_venv_ecom/cosmos_virtualenv.lock.
[2025-09-12T16:52:17.968+0000] {virtualenv.py:122} INFO - Waiting for virtualenv lock to be released
[2025-09-12T16:52:18.970+0000] {virtualenv.py:178} INFO - Checking for running process with PID 3298
[2025-09-12T16:52:18.971+0000] {virtualenv.py:181} INFO - Process 3298 running: True and has the lock /tmp/cosmos_venv_ecom/cosmos_virtualenv.lock.
[2025-09-12T16:52:18.971+0000] {virtualenv.py:122} INFO - Waiting for virtualenv lock to be released
[2025-09-12T16:52:19.973+0000] {virtualenv.py:178} INFO - Checking for running process with PID 3298
[2025-09-12T16:52:19.974+0000] {virtualenv.py:181} INFO - Process 3298 running: True and has the lock /tmp/cosmos_venv_ecom/cosmos_virtualenv.lock.
[2025-09-12T16:52:19.974+0000] {virtualenv.py:122} INFO - Waiting for virtualenv lock to be released
[2025-09-12T16:52:20.976+0000] {virtualenv.py:178} INFO - Checking for running process with PID 3298
[2025-09-12T16:52:20.977+0000] {virtualenv.py:181} INFO - Process 3298 running: True and has the lock /tmp/cosmos_venv_ecom/cosmos_virtualenv.lock.
[2025-09-12T16:52:20.977+0000] {virtualenv.py:122} INFO - Waiting for virtualenv lock to be released
[2025-09-12T16:52:21.979+0000] {virtualenv.py:178} INFO - Checking for running process with PID 3298
[2025-09-12T16:52:21.980+0000] {virtualenv.py:181} INFO - Process 3298 running: True and has the lock /tmp/cosmos_venv_ecom/cosmos_virtualenv.lock.
[2025-09-12T16:52:21.981+0000] {virtualenv.py:122} INFO - Waiting for virtualenv lock to be released
[2025-09-12T16:52:22.981+0000] {virtualenv.py:178} INFO - Checking for running process with PID 3298
[2025-09-12T16:52:22.983+0000] {virtualenv.py:181} INFO - Process 3298 running: True and has the lock /tmp/cosmos_venv_ecom/cosmos_virtualenv.lock.
[2025-09-12T16:52:22.983+0000] {virtualenv.py:122} INFO - Waiting for virtualenv lock to be released
[2025-09-12T16:52:23.985+0000] {virtualenv.py:178} INFO - Checking for running process with PID 3298
[2025-09-12T16:52:23.986+0000] {virtualenv.py:181} INFO - Process 3298 running: True and has the lock /tmp/cosmos_venv_ecom/cosmos_virtualenv.lock.
[2025-09-12T16:52:23.986+0000] {virtualenv.py:122} INFO - Waiting for virtualenv lock to be released
[2025-09-12T16:52:24.988+0000] {virtualenv.py:178} INFO - Checking for running process with PID 3297
[2025-09-12T16:52:24.989+0000] {virtualenv.py:181} INFO - Process 3297 running: True and has the lock /tmp/cosmos_venv_ecom/cosmos_virtualenv.lock.
[2025-09-12T16:52:24.990+0000] {virtualenv.py:122} INFO - Waiting for virtualenv lock to be released
[2025-09-12T16:52:25.991+0000] {virtualenv.py:178} INFO - Checking for running process with PID 3297
[2025-09-12T16:52:25.992+0000] {virtualenv.py:181} INFO - Process 3297 running: True and has the lock /tmp/cosmos_venv_ecom/cosmos_virtualenv.lock.
[2025-09-12T16:52:25.993+0000] {virtualenv.py:122} INFO - Waiting for virtualenv lock to be released
[2025-09-12T16:52:26.995+0000] {virtualenv.py:178} INFO - Checking for running process with PID 3297
[2025-09-12T16:52:26.996+0000] {virtualenv.py:181} INFO - Process 3297 running: True and has the lock /tmp/cosmos_venv_ecom/cosmos_virtualenv.lock.
[2025-09-12T16:52:26.997+0000] {virtualenv.py:122} INFO - Waiting for virtualenv lock to be released
[2025-09-12T16:52:27.998+0000] {virtualenv.py:178} INFO - Checking for running process with PID 3297
[2025-09-12T16:52:27.999+0000] {virtualenv.py:181} INFO - Process 3297 running: True and has the lock /tmp/cosmos_venv_ecom/cosmos_virtualenv.lock.
[2025-09-12T16:52:27.999+0000] {virtualenv.py:122} INFO - Waiting for virtualenv lock to be released
[2025-09-12T16:52:29.001+0000] {virtualenv.py:178} INFO - Checking for running process with PID 3297
[2025-09-12T16:52:29.002+0000] {virtualenv.py:181} INFO - Process 3297 running: True and has the lock /tmp/cosmos_venv_ecom/cosmos_virtualenv.lock.
[2025-09-12T16:52:29.003+0000] {virtualenv.py:122} INFO - Waiting for virtualenv lock to be released
[2025-09-12T16:52:30.005+0000] {virtualenv.py:178} INFO - Checking for running process with PID 3297
[2025-09-12T16:52:30.005+0000] {virtualenv.py:181} INFO - Process 3297 running: True and has the lock /tmp/cosmos_venv_ecom/cosmos_virtualenv.lock.
[2025-09-12T16:52:30.006+0000] {virtualenv.py:122} INFO - Waiting for virtualenv lock to be released
[2025-09-12T16:52:31.007+0000] {virtualenv.py:178} INFO - Checking for running process with PID 3297
[2025-09-12T16:52:31.008+0000] {virtualenv.py:181} INFO - Process 3297 running: True and has the lock /tmp/cosmos_venv_ecom/cosmos_virtualenv.lock.
[2025-09-12T16:52:31.009+0000] {virtualenv.py:122} INFO - Waiting for virtualenv lock to be released
[2025-09-12T16:52:32.014+0000] {virtualenv.py:178} INFO - Checking for running process with PID 3297
[2025-09-12T16:52:32.015+0000] {virtualenv.py:181} INFO - Process 3297 running: True and has the lock /tmp/cosmos_venv_ecom/cosmos_virtualenv.lock.
[2025-09-12T16:52:32.015+0000] {virtualenv.py:122} INFO - Waiting for virtualenv lock to be released
[2025-09-12T16:52:33.017+0000] {virtualenv.py:178} INFO - Checking for running process with PID 3297
[2025-09-12T16:52:33.018+0000] {virtualenv.py:181} INFO - Process 3297 running: True and has the lock /tmp/cosmos_venv_ecom/cosmos_virtualenv.lock.
[2025-09-12T16:52:33.019+0000] {virtualenv.py:122} INFO - Waiting for virtualenv lock to be released
[2025-09-12T16:52:34.021+0000] {virtualenv.py:178} INFO - Checking for running process with PID 3297
[2025-09-12T16:52:34.021+0000] {virtualenv.py:181} INFO - Process 3297 running: True and has the lock /tmp/cosmos_venv_ecom/cosmos_virtualenv.lock.
[2025-09-12T16:52:34.022+0000] {virtualenv.py:122} INFO - Waiting for virtualenv lock to be released
[2025-09-12T16:52:35.023+0000] {virtualenv.py:178} INFO - Checking for running process with PID 3297
[2025-09-12T16:52:35.025+0000] {virtualenv.py:181} INFO - Process 3297 running: True and has the lock /tmp/cosmos_venv_ecom/cosmos_virtualenv.lock.
[2025-09-12T16:52:35.025+0000] {virtualenv.py:122} INFO - Waiting for virtualenv lock to be released
[2025-09-12T16:52:36.027+0000] {virtualenv.py:178} INFO - Checking for running process with PID 3297
[2025-09-12T16:52:36.028+0000] {virtualenv.py:181} INFO - Process 3297 running: True and has the lock /tmp/cosmos_venv_ecom/cosmos_virtualenv.lock.
[2025-09-12T16:52:36.028+0000] {virtualenv.py:122} INFO - Waiting for virtualenv lock to be released
[2025-09-12T16:52:37.030+0000] {virtualenv.py:178} INFO - Checking for running process with PID 3297
[2025-09-12T16:52:37.031+0000] {virtualenv.py:181} INFO - Process 3297 running: True and has the lock /tmp/cosmos_venv_ecom/cosmos_virtualenv.lock.
[2025-09-12T16:52:37.031+0000] {virtualenv.py:122} INFO - Waiting for virtualenv lock to be released
[2025-09-12T16:52:38.033+0000] {virtualenv.py:178} INFO - Checking for running process with PID 3297
[2025-09-12T16:52:38.034+0000] {virtualenv.py:181} INFO - Process 3297 running: True and has the lock /tmp/cosmos_venv_ecom/cosmos_virtualenv.lock.
[2025-09-12T16:52:38.035+0000] {virtualenv.py:122} INFO - Waiting for virtualenv lock to be released
[2025-09-12T16:52:39.037+0000] {virtualenv.py:178} INFO - Checking for running process with PID 3297
[2025-09-12T16:52:39.037+0000] {virtualenv.py:181} INFO - Process 3297 running: True and has the lock /tmp/cosmos_venv_ecom/cosmos_virtualenv.lock.
[2025-09-12T16:52:39.038+0000] {virtualenv.py:122} INFO - Waiting for virtualenv lock to be released
[2025-09-12T16:52:40.039+0000] {virtualenv.py:178} INFO - Checking for running process with PID 3307
[2025-09-12T16:52:40.040+0000] {virtualenv.py:181} INFO - Process 3307 running: True and has the lock /tmp/cosmos_venv_ecom/cosmos_virtualenv.lock.
[2025-09-12T16:52:40.041+0000] {virtualenv.py:122} INFO - Waiting for virtualenv lock to be released
[2025-09-12T16:52:41.041+0000] {virtualenv.py:178} INFO - Checking for running process with PID 3307
[2025-09-12T16:52:41.043+0000] {virtualenv.py:181} INFO - Process 3307 running: True and has the lock /tmp/cosmos_venv_ecom/cosmos_virtualenv.lock.
[2025-09-12T16:52:41.044+0000] {virtualenv.py:122} INFO - Waiting for virtualenv lock to be released
[2025-09-12T16:52:42.046+0000] {virtualenv.py:178} INFO - Checking for running process with PID 3307
[2025-09-12T16:52:42.047+0000] {virtualenv.py:181} INFO - Process 3307 running: True and has the lock /tmp/cosmos_venv_ecom/cosmos_virtualenv.lock.
[2025-09-12T16:52:42.047+0000] {virtualenv.py:122} INFO - Waiting for virtualenv lock to be released
[2025-09-12T16:52:43.049+0000] {virtualenv.py:178} INFO - Checking for running process with PID 3307
[2025-09-12T16:52:43.050+0000] {virtualenv.py:181} INFO - Process 3307 running: True and has the lock /tmp/cosmos_venv_ecom/cosmos_virtualenv.lock.
[2025-09-12T16:52:43.051+0000] {virtualenv.py:122} INFO - Waiting for virtualenv lock to be released
[2025-09-12T16:52:44.052+0000] {virtualenv.py:178} INFO - Checking for running process with PID 3307
[2025-09-12T16:52:44.053+0000] {virtualenv.py:181} INFO - Process 3307 running: True and has the lock /tmp/cosmos_venv_ecom/cosmos_virtualenv.lock.
[2025-09-12T16:52:44.054+0000] {virtualenv.py:122} INFO - Waiting for virtualenv lock to be released
[2025-09-12T16:52:45.054+0000] {virtualenv.py:178} INFO - Checking for running process with PID 3307
[2025-09-12T16:52:45.056+0000] {virtualenv.py:181} INFO - Process 3307 running: True and has the lock /tmp/cosmos_venv_ecom/cosmos_virtualenv.lock.
[2025-09-12T16:52:45.056+0000] {virtualenv.py:122} INFO - Waiting for virtualenv lock to be released
[2025-09-12T16:52:46.058+0000] {virtualenv.py:178} INFO - Checking for running process with PID 3307
[2025-09-12T16:52:46.059+0000] {virtualenv.py:181} INFO - Process 3307 running: True and has the lock /tmp/cosmos_venv_ecom/cosmos_virtualenv.lock.
[2025-09-12T16:52:46.060+0000] {virtualenv.py:122} INFO - Waiting for virtualenv lock to be released
[2025-09-12T16:52:47.062+0000] {virtualenv.py:178} INFO - Checking for running process with PID 3307
[2025-09-12T16:52:47.063+0000] {virtualenv.py:181} INFO - Process 3307 running: True and has the lock /tmp/cosmos_venv_ecom/cosmos_virtualenv.lock.
[2025-09-12T16:52:47.064+0000] {virtualenv.py:122} INFO - Waiting for virtualenv lock to be released
[2025-09-12T16:52:48.065+0000] {virtualenv.py:178} INFO - Checking for running process with PID 3307
[2025-09-12T16:52:48.067+0000] {virtualenv.py:181} INFO - Process 3307 running: True and has the lock /tmp/cosmos_venv_ecom/cosmos_virtualenv.lock.
[2025-09-12T16:52:48.068+0000] {virtualenv.py:122} INFO - Waiting for virtualenv lock to be released
[2025-09-12T16:52:49.070+0000] {virtualenv.py:178} INFO - Checking for running process with PID 3307
[2025-09-12T16:52:49.071+0000] {virtualenv.py:181} INFO - Process 3307 running: True and has the lock /tmp/cosmos_venv_ecom/cosmos_virtualenv.lock.
[2025-09-12T16:52:49.071+0000] {virtualenv.py:122} INFO - Waiting for virtualenv lock to be released
[2025-09-12T16:52:50.073+0000] {virtualenv.py:178} INFO - Checking for running process with PID 3307
[2025-09-12T16:52:50.074+0000] {virtualenv.py:181} INFO - Process 3307 running: True and has the lock /tmp/cosmos_venv_ecom/cosmos_virtualenv.lock.
[2025-09-12T16:52:50.074+0000] {virtualenv.py:122} INFO - Waiting for virtualenv lock to be released
[2025-09-12T16:52:51.076+0000] {virtualenv.py:178} INFO - Checking for running process with PID 3307
[2025-09-12T16:52:51.077+0000] {virtualenv.py:181} INFO - Process 3307 running: True and has the lock /tmp/cosmos_venv_ecom/cosmos_virtualenv.lock.
[2025-09-12T16:52:51.077+0000] {virtualenv.py:122} INFO - Waiting for virtualenv lock to be released
[2025-09-12T16:52:52.079+0000] {virtualenv.py:178} INFO - Checking for running process with PID 3307
[2025-09-12T16:52:52.080+0000] {virtualenv.py:181} INFO - Process 3307 running: True and has the lock /tmp/cosmos_venv_ecom/cosmos_virtualenv.lock.
[2025-09-12T16:52:52.080+0000] {virtualenv.py:122} INFO - Waiting for virtualenv lock to be released
[2025-09-12T16:52:53.081+0000] {virtualenv.py:178} INFO - Checking for running process with PID 3307
[2025-09-12T16:52:53.082+0000] {virtualenv.py:181} INFO - Process 3307 running: True and has the lock /tmp/cosmos_venv_ecom/cosmos_virtualenv.lock.
[2025-09-12T16:52:53.083+0000] {virtualenv.py:122} INFO - Waiting for virtualenv lock to be released
[2025-09-12T16:52:54.085+0000] {virtualenv.py:178} INFO - Checking for running process with PID 3307
[2025-09-12T16:52:54.085+0000] {virtualenv.py:181} INFO - Process 3307 running: True and has the lock /tmp/cosmos_venv_ecom/cosmos_virtualenv.lock.
[2025-09-12T16:52:54.086+0000] {virtualenv.py:122} INFO - Waiting for virtualenv lock to be released
[2025-09-12T16:52:55.088+0000] {virtualenv.py:178} INFO - Checking for running process with PID 3308
[2025-09-12T16:52:55.088+0000] {virtualenv.py:181} INFO - Process 3308 running: True and has the lock /tmp/cosmos_venv_ecom/cosmos_virtualenv.lock.
[2025-09-12T16:52:55.089+0000] {virtualenv.py:122} INFO - Waiting for virtualenv lock to be released
[2025-09-12T16:52:56.090+0000] {virtualenv.py:178} INFO - Checking for running process with PID 3308
[2025-09-12T16:52:56.091+0000] {virtualenv.py:181} INFO - Process 3308 running: True and has the lock /tmp/cosmos_venv_ecom/cosmos_virtualenv.lock.
[2025-09-12T16:52:56.092+0000] {virtualenv.py:122} INFO - Waiting for virtualenv lock to be released
[2025-09-12T16:52:57.094+0000] {virtualenv.py:178} INFO - Checking for running process with PID 3308
[2025-09-12T16:52:57.095+0000] {virtualenv.py:181} INFO - Process 3308 running: True and has the lock /tmp/cosmos_venv_ecom/cosmos_virtualenv.lock.
[2025-09-12T16:52:57.095+0000] {virtualenv.py:122} INFO - Waiting for virtualenv lock to be released
[2025-09-12T16:52:58.097+0000] {virtualenv.py:178} INFO - Checking for running process with PID 3308
[2025-09-12T16:52:58.098+0000] {virtualenv.py:181} INFO - Process 3308 running: True and has the lock /tmp/cosmos_venv_ecom/cosmos_virtualenv.lock.
[2025-09-12T16:52:58.098+0000] {virtualenv.py:122} INFO - Waiting for virtualenv lock to be released
[2025-09-12T16:52:59.101+0000] {virtualenv.py:178} INFO - Checking for running process with PID 3308
[2025-09-12T16:52:59.101+0000] {virtualenv.py:181} INFO - Process 3308 running: True and has the lock /tmp/cosmos_venv_ecom/cosmos_virtualenv.lock.
[2025-09-12T16:52:59.102+0000] {virtualenv.py:122} INFO - Waiting for virtualenv lock to be released
[2025-09-12T16:53:00.103+0000] {virtualenv.py:178} INFO - Checking for running process with PID 3308
[2025-09-12T16:53:00.104+0000] {virtualenv.py:181} INFO - Process 3308 running: True and has the lock /tmp/cosmos_venv_ecom/cosmos_virtualenv.lock.
[2025-09-12T16:53:00.105+0000] {virtualenv.py:122} INFO - Waiting for virtualenv lock to be released
[2025-09-12T16:53:01.106+0000] {virtualenv.py:178} INFO - Checking for running process with PID 3308
[2025-09-12T16:53:01.107+0000] {virtualenv.py:181} INFO - Process 3308 running: True and has the lock /tmp/cosmos_venv_ecom/cosmos_virtualenv.lock.
[2025-09-12T16:53:01.111+0000] {virtualenv.py:122} INFO - Waiting for virtualenv lock to be released
[2025-09-12T16:53:02.112+0000] {virtualenv.py:178} INFO - Checking for running process with PID 3308
[2025-09-12T16:53:02.114+0000] {virtualenv.py:181} INFO - Process 3308 running: True and has the lock /tmp/cosmos_venv_ecom/cosmos_virtualenv.lock.
[2025-09-12T16:53:02.115+0000] {virtualenv.py:122} INFO - Waiting for virtualenv lock to be released
[2025-09-12T16:53:03.117+0000] {virtualenv.py:178} INFO - Checking for running process with PID 3308
[2025-09-12T16:53:03.123+0000] {virtualenv.py:181} INFO - Process 3308 running: True and has the lock /tmp/cosmos_venv_ecom/cosmos_virtualenv.lock.
[2025-09-12T16:53:03.123+0000] {virtualenv.py:122} INFO - Waiting for virtualenv lock to be released
[2025-09-12T16:53:04.125+0000] {virtualenv.py:178} INFO - Checking for running process with PID 3308
[2025-09-12T16:53:04.126+0000] {virtualenv.py:181} INFO - Process 3308 running: True and has the lock /tmp/cosmos_venv_ecom/cosmos_virtualenv.lock.
[2025-09-12T16:53:04.127+0000] {virtualenv.py:122} INFO - Waiting for virtualenv lock to be released
[2025-09-12T16:53:05.128+0000] {virtualenv.py:178} INFO - Checking for running process with PID 3308
[2025-09-12T16:53:05.129+0000] {virtualenv.py:181} INFO - Process 3308 running: True and has the lock /tmp/cosmos_venv_ecom/cosmos_virtualenv.lock.
[2025-09-12T16:53:05.129+0000] {virtualenv.py:122} INFO - Waiting for virtualenv lock to be released
[2025-09-12T16:53:06.131+0000] {virtualenv.py:178} INFO - Checking for running process with PID 3308
[2025-09-12T16:53:06.132+0000] {virtualenv.py:181} INFO - Process 3308 running: True and has the lock /tmp/cosmos_venv_ecom/cosmos_virtualenv.lock.
[2025-09-12T16:53:06.132+0000] {virtualenv.py:122} INFO - Waiting for virtualenv lock to be released
[2025-09-12T16:53:07.133+0000] {virtualenv.py:178} INFO - Checking for running process with PID 3308
[2025-09-12T16:53:07.134+0000] {virtualenv.py:181} INFO - Process 3308 running: True and has the lock /tmp/cosmos_venv_ecom/cosmos_virtualenv.lock.
[2025-09-12T16:53:07.135+0000] {virtualenv.py:126} INFO - Acquiring the virtualenv lock
[2025-09-12T16:53:07.135+0000] {virtualenv.py:195} INFO - Acquiring lock at /tmp/cosmos_venv_ecom/cosmos_virtualenv.lock with pid 3301
[2025-09-12T16:53:07.136+0000] {virtualenv.py:153} INFO - Creating or updating the virtualenv at `/tmp/cosmos_venv_ecom
[2025-09-12T16:53:07.137+0000] {process_utils.py:183} INFO - Executing cmd: /home/***/.local/bin/python -m virtualenv /tmp/cosmos_venv_ecom --python=python3
[2025-09-12T16:53:07.138+0000] {process_utils.py:187} INFO - Output:
[2025-09-12T16:53:09.081+0000] {process_utils.py:191} INFO - created virtual environment CPython3.10.14.final.0-64 in 653ms
[2025-09-12T16:53:09.083+0000] {process_utils.py:191} INFO -   creator CPython3Posix(dest=/tmp/cosmos_venv_ecom, clear=False, no_vcs_ignore=False, global=False)
[2025-09-12T16:53:09.084+0000] {process_utils.py:191} INFO -   seeder FromAppData(download=False, pip=bundle, setuptools=bundle, wheel=bundle, via=copy, app_data_dir=/home/***/.local/share/virtualenv)
[2025-09-12T16:53:09.092+0000] {process_utils.py:191} INFO -     added seed packages: MarkupSafe==3.0.2, PyYAML==6.0.2, agate==1.9.1, annotated_types==0.7.0, attrs==25.3.0, babel==2.17.0, certifi==2025.8.3, charset_normalizer==3.4.3, click==8.2.1, clickhouse_connect==0.8.18, clickhouse_driver==0.2.9, colorama==0.4.6, daff==1.4.2, dbt_adapters==1.16.7, dbt_clickhouse==1.9.3, dbt_common==1.30.0, dbt_core==1.10.11, dbt_extractor==0.6.0, dbt_protos==1.0.375, dbt_semantic_interfaces==0.9.0, deepdiff==8.6.1, idna==3.10, importlib_metadata==8.7.0, isodate==0.6.1, jinja2==3.1.6, jsonschema==4.25.1, jsonschema_specifications==2025.9.1, leather==0.4.0, lz4==4.4.4, mashumaro==3.14, more_itertools==10.8.0, msgpack==1.1.1, networkx==3.4.2, orderly_set==5.5.0, packaging==25.0, parsedatetime==2.6, pathspec==0.12.1, pip==24.1, protobuf==6.32.1, pydantic==2.11.7, pydantic_core==2.33.2, python_dateutil==2.9.0.post0, python_slugify==8.0.4, pytimeparse==1.1.8, pytz==2025.2, referencing==0.36.2, requests==2.32.5, rpds_py==0.27.1, setuptools==70.1.0, six==1.17.0, snowplow_tracker==1.1.0, sqlparse==0.5.3, text_unidecode==1.3, typing_extensions==4.15.0, typing_inspection==0.4.1, tzlocal==5.3.1, urllib3==2.5.0, zipp==3.23.0, zstandard==0.24.0
[2025-09-12T16:53:09.094+0000] {process_utils.py:191} INFO -   activators BashActivator,CShellActivator,FishActivator,NushellActivator,PowerShellActivator,PythonActivator
[2025-09-12T16:53:09.232+0000] {process_utils.py:183} INFO - Executing cmd: /tmp/cosmos_venv_ecom/bin/pip install dbt-clickhouse
[2025-09-12T16:53:09.234+0000] {process_utils.py:187} INFO - Output:
[2025-09-12T16:53:09.513+0000] {process_utils.py:191} INFO - Traceback (most recent call last):
[2025-09-12T16:53:09.514+0000] {process_utils.py:191} INFO -   File "/tmp/cosmos_venv_ecom/bin/pip", line 5, in <module>
[2025-09-12T16:53:09.516+0000] {process_utils.py:191} INFO - ModuleNotFoundError: No module named 'pip._internal.cli'
[2025-09-12T16:53:09.526+0000] {virtualenv.py:131} INFO - Releasing virtualenv lock
[2025-09-12T16:53:09.527+0000] {virtualenv.py:210} WARNING - Lockfile owned by process of pid 3311, while operator has pid 3301
[2025-09-12T16:53:09.528+0000] {taskinstance.py:441} INFO - ::group::Post task execution logs
[2025-09-12T16:53:09.529+0000] {taskinstance.py:2905} ERROR - Task failed with exception
Traceback (most recent call last):
  File "/home/airflow/.local/lib/python3.10/site-packages/airflow/models/taskinstance.py", line 465, in _execute_task
    result = _execute_callable(context=context, **execute_callable_kwargs)
  File "/home/airflow/.local/lib/python3.10/site-packages/airflow/models/taskinstance.py", line 432, in _execute_callable
    return execute_callable(context=context, **execute_callable_kwargs)
  File "/home/airflow/.local/lib/python3.10/site-packages/airflow/models/baseoperator.py", line 401, in wrapper
    return func(self, *args, **kwargs)
  File "/home/airflow/.local/lib/python3.10/site-packages/cosmos/operators/virtualenv.py", line 144, in execute
    output = super().execute(context)
  File "/home/airflow/.local/lib/python3.10/site-packages/cosmos/operators/base.py", line 310, in execute
    self.build_and_run_cmd(context=context, cmd_flags=self.add_cmd_flags())
  File "/home/airflow/.local/lib/python3.10/site-packages/cosmos/operators/local.py", line 853, in build_and_run_cmd
    result = self.run_command(
  File "/home/airflow/.local/lib/python3.10/site-packages/cosmos/operators/virtualenv.py", line 128, in run_command
    self._py_bin = self._prepare_virtualenv()
  File "/home/airflow/.local/lib/python3.10/site-packages/cosmos/operators/virtualenv.py", line 154, in _prepare_virtualenv
    py_bin = prepare_virtualenv(
  File "/home/airflow/.local/lib/python3.10/site-packages/airflow/utils/python_virtualenv.py", line 119, in prepare_virtualenv
    execute_in_subprocess(pip_cmd)
  File "/home/airflow/.local/lib/python3.10/site-packages/airflow/utils/process_utils.py", line 172, in execute_in_subprocess
    execute_in_subprocess_with_kwargs(cmd, cwd=cwd)
  File "/home/airflow/.local/lib/python3.10/site-packages/airflow/utils/process_utils.py", line 195, in execute_in_subprocess_with_kwargs
    raise subprocess.CalledProcessError(exit_code, cmd)
subprocess.CalledProcessError: Command '['/tmp/cosmos_venv_ecom/bin/pip', 'install', 'dbt-clickhouse']' returned non-zero exit status 1.
[2025-09-12T16:53:09.613+0000] {taskinstance.py:1206} INFO - Marking task as FAILED. dag_id=dbt_ecom_cosmos, task_id=dbt_ecom.stg_subcategories_run, run_id=scheduled__2025-09-11T00:00:00+00:00, execution_date=20250911T000000, start_date=20250912T165104, end_date=20250912T165309
[2025-09-12T16:53:09.688+0000] {standard_task_runner.py:110} ERROR - Failed to execute job 100 for task dbt_ecom.stg_subcategories_run (Command '['/tmp/cosmos_venv_ecom/bin/pip', 'install', 'dbt-clickhouse']' returned non-zero exit status 1.; 3301)
[2025-09-12T16:53:09.755+0000] {local_task_job_runner.py:243} INFO - Task exited with return code 1
[2025-09-12T16:53:09.898+0000] {taskinstance.py:3503} INFO - 0 downstream tasks scheduled from follow-on schedule check
[2025-09-12T16:53:09.901+0000] {local_task_job_runner.py:222} INFO - ::endgroup::
