[2025-09-22T08:30:59.530+0000] {local_task_job_runner.py:120} INFO - ::group::Pre task execution logs
[2025-09-22T08:30:59.852+0000] {taskinstance.py:2076} INFO - Dependencies all met for dep_context=non-requeueable deps ti=<TaskInstance: dbt_intermediate.intermediate.addresses.run manual__2025-09-22T08:28:03.359463+00:00 [queued]>
[2025-09-22T08:30:59.864+0000] {taskinstance.py:2076} INFO - Dependencies all met for dep_context=requeueable deps ti=<TaskInstance: dbt_intermediate.intermediate.addresses.run manual__2025-09-22T08:28:03.359463+00:00 [queued]>
[2025-09-22T08:30:59.875+0000] {taskinstance.py:2306} INFO - Starting attempt 1 of 1
[2025-09-22T08:30:59.899+0000] {taskinstance.py:2330} INFO - Executing <Task(DbtRunVirtualenvOperator): intermediate.addresses.run> on 2025-09-22 08:28:03.359463+00:00
[2025-09-22T08:30:59.905+0000] {standard_task_runner.py:64} INFO - Started process 5660 to run task
[2025-09-22T08:30:59.909+0000] {standard_task_runner.py:90} INFO - Running: ['***', 'tasks', 'run', 'dbt_intermediate', 'intermediate.addresses.run', 'manual__2025-09-22T08:28:03.359463+00:00', '--job-id', '717', '--raw', '--subdir', 'DAGS_FOLDER/dbt_intermediate.py', '--cfg-path', '/tmp/tmpj419mmsp']
[2025-09-22T08:30:59.912+0000] {standard_task_runner.py:91} INFO - Job 717: Subtask intermediate.addresses.run
[2025-09-22T08:31:00.095+0000] {task_command.py:426} INFO - Running <TaskInstance: dbt_intermediate.intermediate.addresses.run manual__2025-09-22T08:28:03.359463+00:00 [running]> on host e95bde6b8d07
[2025-09-22T08:31:00.341+0000] {taskinstance.py:2648} INFO - Exporting env vars: AIRFLOW_CTX_DAG_OWNER='***' AIRFLOW_CTX_DAG_ID='dbt_intermediate' AIRFLOW_CTX_TASK_ID='intermediate.addresses.run' AIRFLOW_CTX_EXECUTION_DATE='2025-09-22T08:28:03.359463+00:00' AIRFLOW_CTX_TRY_NUMBER='1' AIRFLOW_CTX_DAG_RUN_ID='manual__2025-09-22T08:28:03.359463+00:00'
[2025-09-22T08:31:00.343+0000] {taskinstance.py:430} INFO - ::endgroup::
[2025-09-22T08:31:00.356+0000] {virtualenv.py:120} INFO - Checking if the virtualenv lock /opt/***/cosmos_venvs/ecom_intermediate/cosmos_virtualenv.lock exists
[2025-09-22T08:31:00.357+0000] {virtualenv.py:178} INFO - Checking for running process with PID 5104
[2025-09-22T08:31:00.357+0000] {virtualenv.py:181} INFO - Process 5104 running: True and has the lock /opt/***/cosmos_venvs/ecom_intermediate/cosmos_virtualenv.lock.
[2025-09-22T08:31:00.358+0000] {virtualenv.py:122} INFO - Waiting for virtualenv lock to be released
[2025-09-22T08:31:01.360+0000] {virtualenv.py:178} INFO - Checking for running process with PID 5104
[2025-09-22T08:31:01.361+0000] {virtualenv.py:181} INFO - Process 5104 running: True and has the lock /opt/***/cosmos_venvs/ecom_intermediate/cosmos_virtualenv.lock.
[2025-09-22T08:31:01.362+0000] {virtualenv.py:122} INFO - Waiting for virtualenv lock to be released
[2025-09-22T08:31:02.364+0000] {virtualenv.py:178} INFO - Checking for running process with PID 5104
[2025-09-22T08:31:02.365+0000] {virtualenv.py:181} INFO - Process 5104 running: True and has the lock /opt/***/cosmos_venvs/ecom_intermediate/cosmos_virtualenv.lock.
[2025-09-22T08:31:02.366+0000] {virtualenv.py:122} INFO - Waiting for virtualenv lock to be released
[2025-09-22T08:31:03.367+0000] {virtualenv.py:178} INFO - Checking for running process with PID 5226
[2025-09-22T08:31:03.368+0000] {virtualenv.py:181} INFO - Process 5226 running: True and has the lock /opt/***/cosmos_venvs/ecom_intermediate/cosmos_virtualenv.lock.
[2025-09-22T08:31:03.369+0000] {virtualenv.py:122} INFO - Waiting for virtualenv lock to be released
[2025-09-22T08:31:04.370+0000] {virtualenv.py:178} INFO - Checking for running process with PID 5226
[2025-09-22T08:31:04.371+0000] {virtualenv.py:181} INFO - Process 5226 running: True and has the lock /opt/***/cosmos_venvs/ecom_intermediate/cosmos_virtualenv.lock.
[2025-09-22T08:31:04.372+0000] {virtualenv.py:122} INFO - Waiting for virtualenv lock to be released
[2025-09-22T08:31:05.374+0000] {virtualenv.py:178} INFO - Checking for running process with PID 5226
[2025-09-22T08:31:05.375+0000] {virtualenv.py:181} INFO - Process 5226 running: True and has the lock /opt/***/cosmos_venvs/ecom_intermediate/cosmos_virtualenv.lock.
[2025-09-22T08:31:05.376+0000] {virtualenv.py:122} INFO - Waiting for virtualenv lock to be released
[2025-09-22T08:31:06.378+0000] {virtualenv.py:178} INFO - Checking for running process with PID 5226
[2025-09-22T08:31:06.381+0000] {virtualenv.py:181} INFO - Process 5226 running: True and has the lock /opt/***/cosmos_venvs/ecom_intermediate/cosmos_virtualenv.lock.
[2025-09-22T08:31:06.382+0000] {virtualenv.py:122} INFO - Waiting for virtualenv lock to be released
[2025-09-22T08:31:07.384+0000] {virtualenv.py:178} INFO - Checking for running process with PID 5226
[2025-09-22T08:31:07.385+0000] {virtualenv.py:181} INFO - Process 5226 running: True and has the lock /opt/***/cosmos_venvs/ecom_intermediate/cosmos_virtualenv.lock.
[2025-09-22T08:31:07.386+0000] {virtualenv.py:122} INFO - Waiting for virtualenv lock to be released
[2025-09-22T08:31:08.388+0000] {virtualenv.py:178} INFO - Checking for running process with PID 5226
[2025-09-22T08:31:08.389+0000] {virtualenv.py:181} INFO - Process 5226 running: True and has the lock /opt/***/cosmos_venvs/ecom_intermediate/cosmos_virtualenv.lock.
[2025-09-22T08:31:08.390+0000] {virtualenv.py:122} INFO - Waiting for virtualenv lock to be released
[2025-09-22T08:31:09.391+0000] {virtualenv.py:178} INFO - Checking for running process with PID 5226
[2025-09-22T08:31:09.391+0000] {virtualenv.py:181} INFO - Process 5226 running: True and has the lock /opt/***/cosmos_venvs/ecom_intermediate/cosmos_virtualenv.lock.
[2025-09-22T08:31:09.392+0000] {virtualenv.py:122} INFO - Waiting for virtualenv lock to be released
[2025-09-22T08:31:10.394+0000] {virtualenv.py:178} INFO - Checking for running process with PID 5226
[2025-09-22T08:31:10.395+0000] {virtualenv.py:181} INFO - Process 5226 running: True and has the lock /opt/***/cosmos_venvs/ecom_intermediate/cosmos_virtualenv.lock.
[2025-09-22T08:31:10.396+0000] {virtualenv.py:122} INFO - Waiting for virtualenv lock to be released
[2025-09-22T08:31:11.398+0000] {virtualenv.py:178} INFO - Checking for running process with PID 5226
[2025-09-22T08:31:11.399+0000] {virtualenv.py:181} INFO - Process 5226 running: True and has the lock /opt/***/cosmos_venvs/ecom_intermediate/cosmos_virtualenv.lock.
[2025-09-22T08:31:11.399+0000] {virtualenv.py:122} INFO - Waiting for virtualenv lock to be released
[2025-09-22T08:31:12.401+0000] {virtualenv.py:178} INFO - Checking for running process with PID 5226
[2025-09-22T08:31:12.402+0000] {virtualenv.py:181} INFO - Process 5226 running: True and has the lock /opt/***/cosmos_venvs/ecom_intermediate/cosmos_virtualenv.lock.
[2025-09-22T08:31:12.402+0000] {virtualenv.py:122} INFO - Waiting for virtualenv lock to be released
[2025-09-22T08:31:13.403+0000] {virtualenv.py:178} INFO - Checking for running process with PID 5226
[2025-09-22T08:31:13.404+0000] {virtualenv.py:181} INFO - Process 5226 running: True and has the lock /opt/***/cosmos_venvs/ecom_intermediate/cosmos_virtualenv.lock.
[2025-09-22T08:31:13.405+0000] {virtualenv.py:122} INFO - Waiting for virtualenv lock to be released
[2025-09-22T08:31:14.407+0000] {virtualenv.py:178} INFO - Checking for running process with PID 5226
[2025-09-22T08:31:14.409+0000] {virtualenv.py:181} INFO - Process 5226 running: True and has the lock /opt/***/cosmos_venvs/ecom_intermediate/cosmos_virtualenv.lock.
[2025-09-22T08:31:14.410+0000] {virtualenv.py:122} INFO - Waiting for virtualenv lock to be released
[2025-09-22T08:31:15.412+0000] {virtualenv.py:178} INFO - Checking for running process with PID 5226
[2025-09-22T08:31:15.413+0000] {virtualenv.py:181} INFO - Process 5226 running: True and has the lock /opt/***/cosmos_venvs/ecom_intermediate/cosmos_virtualenv.lock.
[2025-09-22T08:31:15.414+0000] {virtualenv.py:122} INFO - Waiting for virtualenv lock to be released
[2025-09-22T08:31:16.416+0000] {virtualenv.py:178} INFO - Checking for running process with PID 5524
[2025-09-22T08:31:16.416+0000] {virtualenv.py:181} INFO - Process 5524 running: True and has the lock /opt/***/cosmos_venvs/ecom_intermediate/cosmos_virtualenv.lock.
[2025-09-22T08:31:16.417+0000] {virtualenv.py:122} INFO - Waiting for virtualenv lock to be released
[2025-09-22T08:31:17.419+0000] {virtualenv.py:178} INFO - Checking for running process with PID 5524
[2025-09-22T08:31:17.420+0000] {virtualenv.py:181} INFO - Process 5524 running: True and has the lock /opt/***/cosmos_venvs/ecom_intermediate/cosmos_virtualenv.lock.
[2025-09-22T08:31:17.420+0000] {virtualenv.py:122} INFO - Waiting for virtualenv lock to be released
[2025-09-22T08:31:18.421+0000] {virtualenv.py:178} INFO - Checking for running process with PID 5524
[2025-09-22T08:31:18.422+0000] {virtualenv.py:181} INFO - Process 5524 running: True and has the lock /opt/***/cosmos_venvs/ecom_intermediate/cosmos_virtualenv.lock.
[2025-09-22T08:31:18.423+0000] {virtualenv.py:122} INFO - Waiting for virtualenv lock to be released
[2025-09-22T08:31:19.424+0000] {virtualenv.py:178} INFO - Checking for running process with PID 5524
[2025-09-22T08:31:19.425+0000] {virtualenv.py:181} INFO - Process 5524 running: True and has the lock /opt/***/cosmos_venvs/ecom_intermediate/cosmos_virtualenv.lock.
[2025-09-22T08:31:19.426+0000] {virtualenv.py:122} INFO - Waiting for virtualenv lock to be released
[2025-09-22T08:31:20.427+0000] {virtualenv.py:178} INFO - Checking for running process with PID 5524
[2025-09-22T08:31:20.428+0000] {virtualenv.py:181} INFO - Process 5524 running: True and has the lock /opt/***/cosmos_venvs/ecom_intermediate/cosmos_virtualenv.lock.
[2025-09-22T08:31:20.429+0000] {virtualenv.py:122} INFO - Waiting for virtualenv lock to be released
[2025-09-22T08:31:21.431+0000] {virtualenv.py:178} INFO - Checking for running process with PID 5524
[2025-09-22T08:31:21.432+0000] {virtualenv.py:181} INFO - Process 5524 running: True and has the lock /opt/***/cosmos_venvs/ecom_intermediate/cosmos_virtualenv.lock.
[2025-09-22T08:31:21.433+0000] {virtualenv.py:122} INFO - Waiting for virtualenv lock to be released
[2025-09-22T08:31:22.435+0000] {virtualenv.py:178} INFO - Checking for running process with PID 5524
[2025-09-22T08:31:22.437+0000] {virtualenv.py:181} INFO - Process 5524 running: True and has the lock /opt/***/cosmos_venvs/ecom_intermediate/cosmos_virtualenv.lock.
[2025-09-22T08:31:22.437+0000] {virtualenv.py:122} INFO - Waiting for virtualenv lock to be released
[2025-09-22T08:31:23.439+0000] {virtualenv.py:178} INFO - Checking for running process with PID 5524
[2025-09-22T08:31:23.441+0000] {virtualenv.py:181} INFO - Process 5524 running: True and has the lock /opt/***/cosmos_venvs/ecom_intermediate/cosmos_virtualenv.lock.
[2025-09-22T08:31:23.443+0000] {virtualenv.py:122} INFO - Waiting for virtualenv lock to be released
[2025-09-22T08:31:24.445+0000] {virtualenv.py:178} INFO - Checking for running process with PID 5524
[2025-09-22T08:31:24.446+0000] {virtualenv.py:181} INFO - Process 5524 running: True and has the lock /opt/***/cosmos_venvs/ecom_intermediate/cosmos_virtualenv.lock.
[2025-09-22T08:31:24.447+0000] {virtualenv.py:122} INFO - Waiting for virtualenv lock to be released
[2025-09-22T08:31:25.449+0000] {virtualenv.py:178} INFO - Checking for running process with PID 5524
[2025-09-22T08:31:25.449+0000] {virtualenv.py:181} INFO - Process 5524 running: True and has the lock /opt/***/cosmos_venvs/ecom_intermediate/cosmos_virtualenv.lock.
[2025-09-22T08:31:25.450+0000] {virtualenv.py:122} INFO - Waiting for virtualenv lock to be released
[2025-09-22T08:31:26.452+0000] {virtualenv.py:178} INFO - Checking for running process with PID 5524
[2025-09-22T08:31:26.453+0000] {virtualenv.py:181} INFO - Process 5524 running: True and has the lock /opt/***/cosmos_venvs/ecom_intermediate/cosmos_virtualenv.lock.
[2025-09-22T08:31:26.453+0000] {virtualenv.py:122} INFO - Waiting for virtualenv lock to be released
[2025-09-22T08:31:27.455+0000] {virtualenv.py:178} INFO - Checking for running process with PID 5524
[2025-09-22T08:31:27.456+0000] {virtualenv.py:181} INFO - Process 5524 running: True and has the lock /opt/***/cosmos_venvs/ecom_intermediate/cosmos_virtualenv.lock.
[2025-09-22T08:31:27.456+0000] {virtualenv.py:122} INFO - Waiting for virtualenv lock to be released
[2025-09-22T08:31:28.457+0000] {virtualenv.py:178} INFO - Checking for running process with PID 5524
[2025-09-22T08:31:28.459+0000] {virtualenv.py:181} INFO - Process 5524 running: True and has the lock /opt/***/cosmos_venvs/ecom_intermediate/cosmos_virtualenv.lock.
[2025-09-22T08:31:28.460+0000] {virtualenv.py:122} INFO - Waiting for virtualenv lock to be released
[2025-09-22T08:31:29.463+0000] {virtualenv.py:178} INFO - Checking for running process with PID 5524
[2025-09-22T08:31:29.464+0000] {virtualenv.py:181} INFO - Process 5524 running: True and has the lock /opt/***/cosmos_venvs/ecom_intermediate/cosmos_virtualenv.lock.
[2025-09-22T08:31:29.465+0000] {virtualenv.py:122} INFO - Waiting for virtualenv lock to be released
[2025-09-22T08:31:30.467+0000] {virtualenv.py:178} INFO - Checking for running process with PID 5524
[2025-09-22T08:31:30.468+0000] {virtualenv.py:181} INFO - Process 5524 running: True and has the lock /opt/***/cosmos_venvs/ecom_intermediate/cosmos_virtualenv.lock.
[2025-09-22T08:31:30.468+0000] {virtualenv.py:122} INFO - Waiting for virtualenv lock to be released
[2025-09-22T08:31:31.470+0000] {virtualenv.py:126} INFO - Acquiring the virtualenv lock
[2025-09-22T08:31:31.471+0000] {virtualenv.py:195} INFO - Acquiring lock at /opt/***/cosmos_venvs/ecom_intermediate/cosmos_virtualenv.lock with pid 5660
[2025-09-22T08:31:31.471+0000] {virtualenv.py:153} INFO - Creating or updating the virtualenv at `/opt/***/cosmos_venvs/ecom_intermediate
[2025-09-22T08:31:31.472+0000] {process_utils.py:183} INFO - Executing cmd: /home/***/.local/bin/python -m virtualenv /opt/***/cosmos_venvs/ecom_intermediate --python=python3
[2025-09-22T08:31:31.473+0000] {process_utils.py:187} INFO - Output:
[2025-09-22T08:31:33.043+0000] {process_utils.py:191} INFO - created virtual environment CPython3.10.14.final.0-64 in 598ms
[2025-09-22T08:31:33.044+0000] {process_utils.py:191} INFO -   creator CPython3Posix(dest=/opt/***/cosmos_venvs/ecom_intermediate, clear=False, no_vcs_ignore=False, global=False)
[2025-09-22T08:31:33.045+0000] {process_utils.py:191} INFO -   seeder FromAppData(download=False, pip=bundle, setuptools=bundle, wheel=bundle, via=copy, app_data_dir=/home/***/.local/share/virtualenv)
[2025-09-22T08:31:33.047+0000] {process_utils.py:191} INFO -     added seed packages: MarkupSafe==3.0.2, PyYAML==6.0.2, agate==1.9.1, annotated_types==0.7.0, attrs==25.3.0, babel==2.17.0, certifi==2025.8.3, charset_normalizer==3.4.3, click==8.3.0, clickhouse_connect==0.9.1, clickhouse_driver==0.2.9, colorama==0.4.6, daff==1.4.2, dbt_adapters==1.16.7, dbt_clickhouse==1.9.3, dbt_common==1.31.0, dbt_core==1.10.11, dbt_extractor==0.6.0, dbt_protos==1.0.375, dbt_semantic_interfaces==0.9.0, deepdiff==8.6.1, idna==3.10, importlib_metadata==8.7.0, isodate==0.6.1, jinja2==3.1.6, jsonschema==4.25.1, jsonschema_specifications==2025.9.1, leather==0.4.0, lz4==4.4.4, mashumaro==3.14, more_itertools==10.8.0, msgpack==1.1.1, networkx==3.4.2, orderly_set==5.5.0, packaging==25.0, parsedatetime==2.6, pathspec==0.12.1, pip==25.2, protobuf==6.32.1, pydantic==2.11.9, pydantic_core==2.33.2, python_dateutil==2.9.0.post0, python_slugify==8.0.4, pytimeparse==1.1.8, pytz==2025.2, referencing==0.36.2, requests==2.32.5, rpds_py==0.27.1, setuptools==80.9.0, six==1.17.0, snowplow_tracker==1.1.0, sqlparse==0.5.3, text_unidecode==1.3, typing_extensions==4.15.0, typing_inspection==0.4.1, tzlocal==5.3.1, urllib3==2.5.0, wheel==0.45.1, zipp==3.23.0, zstandard==0.25.0
[2025-09-22T08:31:33.048+0000] {process_utils.py:191} INFO -   activators BashActivator,CShellActivator,FishActivator,NushellActivator,PowerShellActivator,PythonActivator
[2025-09-22T08:31:33.130+0000] {process_utils.py:183} INFO - Executing cmd: /opt/***/cosmos_venvs/ecom_intermediate/bin/pip install dbt-clickhouse
[2025-09-22T08:31:33.132+0000] {process_utils.py:187} INFO - Output:
[2025-09-22T08:31:34.661+0000] {process_utils.py:191} INFO - Requirement already satisfied: dbt-clickhouse in ./cosmos_venvs/ecom_intermediate/lib/python3.10/site-packages (1.9.3)
[2025-09-22T08:31:34.664+0000] {process_utils.py:191} INFO - Requirement already satisfied: dbt-core>=1.9 in ./cosmos_venvs/ecom_intermediate/lib/python3.10/site-packages (from dbt-clickhouse) (1.10.11)
[2025-09-22T08:31:34.665+0000] {process_utils.py:191} INFO - Requirement already satisfied: clickhouse-connect>=0.6.22 in ./cosmos_venvs/ecom_intermediate/lib/python3.10/site-packages (from dbt-clickhouse) (0.9.1)
[2025-09-22T08:31:34.666+0000] {process_utils.py:191} INFO - Requirement already satisfied: clickhouse-driver>=0.2.6 in ./cosmos_venvs/ecom_intermediate/lib/python3.10/site-packages (from dbt-clickhouse) (0.2.9)
[2025-09-22T08:31:34.667+0000] {process_utils.py:191} INFO - Requirement already satisfied: setuptools>=0.69 in ./cosmos_venvs/ecom_intermediate/lib/python3.10/site-packages (from dbt-clickhouse) (80.9.0)
[2025-09-22T08:31:34.671+0000] {process_utils.py:191} INFO - Requirement already satisfied: certifi in ./cosmos_venvs/ecom_intermediate/lib/python3.10/site-packages (from clickhouse-connect>=0.6.22->dbt-clickhouse) (2025.8.3)
[2025-09-22T08:31:34.672+0000] {process_utils.py:191} INFO - Requirement already satisfied: urllib3>=1.26 in ./cosmos_venvs/ecom_intermediate/lib/python3.10/site-packages (from clickhouse-connect>=0.6.22->dbt-clickhouse) (2.5.0)
[2025-09-22T08:31:34.673+0000] {process_utils.py:191} INFO - Requirement already satisfied: pytz in ./cosmos_venvs/ecom_intermediate/lib/python3.10/site-packages (from clickhouse-connect>=0.6.22->dbt-clickhouse) (2025.2)
[2025-09-22T08:31:34.673+0000] {process_utils.py:191} INFO - Requirement already satisfied: zstandard in ./cosmos_venvs/ecom_intermediate/lib/python3.10/site-packages (from clickhouse-connect>=0.6.22->dbt-clickhouse) (0.25.0)
[2025-09-22T08:31:34.674+0000] {process_utils.py:191} INFO - Requirement already satisfied: lz4 in ./cosmos_venvs/ecom_intermediate/lib/python3.10/site-packages (from clickhouse-connect>=0.6.22->dbt-clickhouse) (4.4.4)
[2025-09-22T08:31:34.677+0000] {process_utils.py:191} INFO - Requirement already satisfied: tzlocal in ./cosmos_venvs/ecom_intermediate/lib/python3.10/site-packages (from clickhouse-driver>=0.2.6->dbt-clickhouse) (5.3.1)
[2025-09-22T08:31:34.682+0000] {process_utils.py:191} INFO - Requirement already satisfied: agate<1.10,>=1.7.0 in ./cosmos_venvs/ecom_intermediate/lib/python3.10/site-packages (from dbt-core>=1.9->dbt-clickhouse) (1.9.1)
[2025-09-22T08:31:34.683+0000] {process_utils.py:191} INFO - Requirement already satisfied: Jinja2<4,>=3.1.3 in ./cosmos_venvs/ecom_intermediate/lib/python3.10/site-packages (from dbt-core>=1.9->dbt-clickhouse) (3.1.6)
[2025-09-22T08:31:34.685+0000] {process_utils.py:191} INFO - Requirement already satisfied: mashumaro<3.15,>=3.9 in ./cosmos_venvs/ecom_intermediate/lib/python3.10/site-packages (from mashumaro[msgpack]<3.15,>=3.9->dbt-core>=1.9->dbt-clickhouse) (3.14)
[2025-09-22T08:31:34.687+0000] {process_utils.py:191} INFO - Requirement already satisfied: click<9.0,>=8.0.2 in ./cosmos_venvs/ecom_intermediate/lib/python3.10/site-packages (from dbt-core>=1.9->dbt-clickhouse) (8.3.0)
[2025-09-22T08:31:34.688+0000] {process_utils.py:191} INFO - Requirement already satisfied: jsonschema<5.0,>=4.19.1 in ./cosmos_venvs/ecom_intermediate/lib/python3.10/site-packages (from dbt-core>=1.9->dbt-clickhouse) (4.25.1)
[2025-09-22T08:31:34.689+0000] {process_utils.py:191} INFO - Requirement already satisfied: networkx<4.0,>=2.3 in ./cosmos_venvs/ecom_intermediate/lib/python3.10/site-packages (from dbt-core>=1.9->dbt-clickhouse) (3.4.2)
[2025-09-22T08:31:34.690+0000] {process_utils.py:191} INFO - Requirement already satisfied: protobuf<7.0,>=6.0 in ./cosmos_venvs/ecom_intermediate/lib/python3.10/site-packages (from dbt-core>=1.9->dbt-clickhouse) (6.32.1)
[2025-09-22T08:31:34.691+0000] {process_utils.py:191} INFO - Requirement already satisfied: requests<3.0.0 in ./cosmos_venvs/ecom_intermediate/lib/python3.10/site-packages (from dbt-core>=1.9->dbt-clickhouse) (2.32.5)
[2025-09-22T08:31:34.692+0000] {process_utils.py:191} INFO - Requirement already satisfied: snowplow-tracker<2.0,>=1.0.2 in ./cosmos_venvs/ecom_intermediate/lib/python3.10/site-packages (from dbt-core>=1.9->dbt-clickhouse) (1.1.0)
[2025-09-22T08:31:34.693+0000] {process_utils.py:191} INFO - Requirement already satisfied: pathspec<0.13,>=0.9 in ./cosmos_venvs/ecom_intermediate/lib/python3.10/site-packages (from dbt-core>=1.9->dbt-clickhouse) (0.12.1)
[2025-09-22T08:31:34.694+0000] {process_utils.py:191} INFO - Requirement already satisfied: sqlparse<0.6.0,>=0.5.0 in ./cosmos_venvs/ecom_intermediate/lib/python3.10/site-packages (from dbt-core>=1.9->dbt-clickhouse) (0.5.3)
[2025-09-22T08:31:34.694+0000] {process_utils.py:191} INFO - Requirement already satisfied: dbt-extractor<=0.6,>=0.5.0 in ./cosmos_venvs/ecom_intermediate/lib/python3.10/site-packages (from dbt-core>=1.9->dbt-clickhouse) (0.6.0)
[2025-09-22T08:31:34.695+0000] {process_utils.py:191} INFO - Requirement already satisfied: dbt-semantic-interfaces<0.10,>=0.9.0 in ./cosmos_venvs/ecom_intermediate/lib/python3.10/site-packages (from dbt-core>=1.9->dbt-clickhouse) (0.9.0)
[2025-09-22T08:31:34.696+0000] {process_utils.py:191} INFO - Requirement already satisfied: dbt-common<2.0,>=1.27.0 in ./cosmos_venvs/ecom_intermediate/lib/python3.10/site-packages (from dbt-core>=1.9->dbt-clickhouse) (1.31.0)
[2025-09-22T08:31:34.697+0000] {process_utils.py:191} INFO - Requirement already satisfied: dbt-adapters<2.0,>=1.15.5 in ./cosmos_venvs/ecom_intermediate/lib/python3.10/site-packages (from dbt-core>=1.9->dbt-clickhouse) (1.16.7)
[2025-09-22T08:31:34.698+0000] {process_utils.py:191} INFO - Requirement already satisfied: dbt-protos<2.0,>=1.0.346 in ./cosmos_venvs/ecom_intermediate/lib/python3.10/site-packages (from dbt-core>=1.9->dbt-clickhouse) (1.0.375)
[2025-09-22T08:31:34.698+0000] {process_utils.py:191} INFO - Requirement already satisfied: pydantic<3 in ./cosmos_venvs/ecom_intermediate/lib/python3.10/site-packages (from dbt-core>=1.9->dbt-clickhouse) (2.11.9)
[2025-09-22T08:31:34.699+0000] {process_utils.py:191} INFO - Requirement already satisfied: packaging>20.9 in ./cosmos_venvs/ecom_intermediate/lib/python3.10/site-packages (from dbt-core>=1.9->dbt-clickhouse) (25.0)
[2025-09-22T08:31:34.700+0000] {process_utils.py:191} INFO - Requirement already satisfied: pyyaml>=6.0 in ./cosmos_venvs/ecom_intermediate/lib/python3.10/site-packages (from dbt-core>=1.9->dbt-clickhouse) (6.0.2)
[2025-09-22T08:31:34.701+0000] {process_utils.py:191} INFO - Requirement already satisfied: daff>=1.3.46 in ./cosmos_venvs/ecom_intermediate/lib/python3.10/site-packages (from dbt-core>=1.9->dbt-clickhouse) (1.4.2)
[2025-09-22T08:31:34.701+0000] {process_utils.py:191} INFO - Requirement already satisfied: typing-extensions>=4.4 in ./cosmos_venvs/ecom_intermediate/lib/python3.10/site-packages (from dbt-core>=1.9->dbt-clickhouse) (4.15.0)
[2025-09-22T08:31:34.705+0000] {process_utils.py:191} INFO - Requirement already satisfied: Babel>=2.0 in ./cosmos_venvs/ecom_intermediate/lib/python3.10/site-packages (from agate<1.10,>=1.7.0->dbt-core>=1.9->dbt-clickhouse) (2.17.0)
[2025-09-22T08:31:34.707+0000] {process_utils.py:191} INFO - Requirement already satisfied: isodate>=0.5.4 in ./cosmos_venvs/ecom_intermediate/lib/python3.10/site-packages (from agate<1.10,>=1.7.0->dbt-core>=1.9->dbt-clickhouse) (0.6.1)
[2025-09-22T08:31:34.707+0000] {process_utils.py:191} INFO - Requirement already satisfied: leather>=0.3.2 in ./cosmos_venvs/ecom_intermediate/lib/python3.10/site-packages (from agate<1.10,>=1.7.0->dbt-core>=1.9->dbt-clickhouse) (0.4.0)
[2025-09-22T08:31:34.708+0000] {process_utils.py:191} INFO - Requirement already satisfied: parsedatetime!=2.5,>=2.1 in ./cosmos_venvs/ecom_intermediate/lib/python3.10/site-packages (from agate<1.10,>=1.7.0->dbt-core>=1.9->dbt-clickhouse) (2.6)
[2025-09-22T08:31:34.709+0000] {process_utils.py:191} INFO - Requirement already satisfied: python-slugify>=1.2.1 in ./cosmos_venvs/ecom_intermediate/lib/python3.10/site-packages (from agate<1.10,>=1.7.0->dbt-core>=1.9->dbt-clickhouse) (8.0.4)
[2025-09-22T08:31:34.710+0000] {process_utils.py:191} INFO - Requirement already satisfied: pytimeparse>=1.1.5 in ./cosmos_venvs/ecom_intermediate/lib/python3.10/site-packages (from agate<1.10,>=1.7.0->dbt-core>=1.9->dbt-clickhouse) (1.1.8)
[2025-09-22T08:31:34.725+0000] {process_utils.py:191} INFO - Requirement already satisfied: colorama<0.5,>=0.3.9 in ./cosmos_venvs/ecom_intermediate/lib/python3.10/site-packages (from dbt-common<2.0,>=1.27.0->dbt-core>=1.9->dbt-clickhouse) (0.4.6)
[2025-09-22T08:31:34.726+0000] {process_utils.py:191} INFO - Requirement already satisfied: deepdiff<9.0,>=7.0 in ./cosmos_venvs/ecom_intermediate/lib/python3.10/site-packages (from dbt-common<2.0,>=1.27.0->dbt-core>=1.9->dbt-clickhouse) (8.6.1)
[2025-09-22T08:31:34.730+0000] {process_utils.py:191} INFO - Requirement already satisfied: python-dateutil<3.0,>=2.0 in ./cosmos_venvs/ecom_intermediate/lib/python3.10/site-packages (from dbt-common<2.0,>=1.27.0->dbt-core>=1.9->dbt-clickhouse) (2.9.0.post0)
[2025-09-22T08:31:34.738+0000] {process_utils.py:191} INFO - Requirement already satisfied: importlib-metadata<9,>=6.0 in ./cosmos_venvs/ecom_intermediate/lib/python3.10/site-packages (from dbt-semantic-interfaces<0.10,>=0.9.0->dbt-core>=1.9->dbt-clickhouse) (8.7.0)
[2025-09-22T08:31:34.740+0000] {process_utils.py:191} INFO - Requirement already satisfied: more-itertools<11.0,>=8.0 in ./cosmos_venvs/ecom_intermediate/lib/python3.10/site-packages (from dbt-semantic-interfaces<0.10,>=0.9.0->dbt-core>=1.9->dbt-clickhouse) (10.8.0)
[2025-09-22T08:31:34.750+0000] {process_utils.py:191} INFO - Requirement already satisfied: orderly-set<6,>=5.4.1 in ./cosmos_venvs/ecom_intermediate/lib/python3.10/site-packages (from deepdiff<9.0,>=7.0->dbt-common<2.0,>=1.27.0->dbt-core>=1.9->dbt-clickhouse) (5.5.0)
[2025-09-22T08:31:34.757+0000] {process_utils.py:191} INFO - Requirement already satisfied: zipp>=3.20 in ./cosmos_venvs/ecom_intermediate/lib/python3.10/site-packages (from importlib-metadata<9,>=6.0->dbt-semantic-interfaces<0.10,>=0.9.0->dbt-core>=1.9->dbt-clickhouse) (3.23.0)
[2025-09-22T08:31:34.760+0000] {process_utils.py:191} INFO - Requirement already satisfied: six in ./cosmos_venvs/ecom_intermediate/lib/python3.10/site-packages (from isodate>=0.5.4->agate<1.10,>=1.7.0->dbt-core>=1.9->dbt-clickhouse) (1.17.0)
[2025-09-22T08:31:34.763+0000] {process_utils.py:191} INFO - Requirement already satisfied: MarkupSafe>=2.0 in ./cosmos_venvs/ecom_intermediate/lib/python3.10/site-packages (from Jinja2<4,>=3.1.3->dbt-core>=1.9->dbt-clickhouse) (3.0.2)
[2025-09-22T08:31:34.768+0000] {process_utils.py:191} INFO - Requirement already satisfied: attrs>=22.2.0 in ./cosmos_venvs/ecom_intermediate/lib/python3.10/site-packages (from jsonschema<5.0,>=4.19.1->dbt-core>=1.9->dbt-clickhouse) (25.3.0)
[2025-09-22T08:31:34.769+0000] {process_utils.py:191} INFO - Requirement already satisfied: jsonschema-specifications>=2023.03.6 in ./cosmos_venvs/ecom_intermediate/lib/python3.10/site-packages (from jsonschema<5.0,>=4.19.1->dbt-core>=1.9->dbt-clickhouse) (2025.9.1)
[2025-09-22T08:31:34.770+0000] {process_utils.py:191} INFO - Requirement already satisfied: referencing>=0.28.4 in ./cosmos_venvs/ecom_intermediate/lib/python3.10/site-packages (from jsonschema<5.0,>=4.19.1->dbt-core>=1.9->dbt-clickhouse) (0.36.2)
[2025-09-22T08:31:34.771+0000] {process_utils.py:191} INFO - Requirement already satisfied: rpds-py>=0.7.1 in ./cosmos_venvs/ecom_intermediate/lib/python3.10/site-packages (from jsonschema<5.0,>=4.19.1->dbt-core>=1.9->dbt-clickhouse) (0.27.1)
[2025-09-22T08:31:34.781+0000] {process_utils.py:191} INFO - Requirement already satisfied: msgpack>=0.5.6 in ./cosmos_venvs/ecom_intermediate/lib/python3.10/site-packages (from mashumaro[msgpack]<3.15,>=3.9->dbt-core>=1.9->dbt-clickhouse) (1.1.1)
[2025-09-22T08:31:34.803+0000] {process_utils.py:191} INFO - Requirement already satisfied: annotated-types>=0.6.0 in ./cosmos_venvs/ecom_intermediate/lib/python3.10/site-packages (from pydantic<3->dbt-core>=1.9->dbt-clickhouse) (0.7.0)
[2025-09-22T08:31:34.805+0000] {process_utils.py:191} INFO - Requirement already satisfied: pydantic-core==2.33.2 in ./cosmos_venvs/ecom_intermediate/lib/python3.10/site-packages (from pydantic<3->dbt-core>=1.9->dbt-clickhouse) (2.33.2)
[2025-09-22T08:31:34.806+0000] {process_utils.py:191} INFO - Requirement already satisfied: typing-inspection>=0.4.0 in ./cosmos_venvs/ecom_intermediate/lib/python3.10/site-packages (from pydantic<3->dbt-core>=1.9->dbt-clickhouse) (0.4.1)
[2025-09-22T08:31:34.817+0000] {process_utils.py:191} INFO - Requirement already satisfied: charset_normalizer<4,>=2 in ./cosmos_venvs/ecom_intermediate/lib/python3.10/site-packages (from requests<3.0.0->dbt-core>=1.9->dbt-clickhouse) (3.4.3)
[2025-09-22T08:31:34.820+0000] {process_utils.py:191} INFO - Requirement already satisfied: idna<4,>=2.5 in ./cosmos_venvs/ecom_intermediate/lib/python3.10/site-packages (from requests<3.0.0->dbt-core>=1.9->dbt-clickhouse) (3.10)
[2025-09-22T08:31:34.882+0000] {process_utils.py:191} INFO - Requirement already satisfied: text-unidecode>=1.3 in ./cosmos_venvs/ecom_intermediate/lib/python3.10/site-packages (from python-slugify>=1.2.1->agate<1.10,>=1.7.0->dbt-core>=1.9->dbt-clickhouse) (1.3)
[2025-09-22T08:31:35.066+0000] {local.py:470} INFO - Cloning project to writable temp directory /tmp/tmpjyaafvm6 from /opt/airflow/dags/dbt/ecom_intermediate
[2025-09-22T08:31:35.077+0000] {local.py:490} INFO - Partial parse is enabled and the latest partial parse file is /tmp/cosmos/dbt_intermediate__intermediate/target/partial_parse.msgpack
[2025-09-22T08:31:35.091+0000] {config.py:362} INFO - Using user-supplied profiles.yml at /opt/airflow/dags/dbt/profiles.yml
[2025-09-22T08:31:35.102+0000] {virtualenv.py:99} INFO - Using Python binary from virtualenv: /opt/***/cosmos_venvs/ecom_intermediate/bin/python
[2025-09-22T08:31:35.103+0000] {local.py:434} INFO - Trying to run the command:
 ['/opt/***/cosmos_venvs/ecom_intermediate/bin/dbt', 'deps', '--project-dir', '/tmp/tmpjyaafvm6', '--profiles-dir', '/opt/***/dags/dbt', '--profile', 'ecom_intermediate', '--target', 'dev']
From /tmp/tmpjyaafvm6
[2025-09-22T08:31:35.104+0000] {subprocess.py:56} INFO - Tmp dir root location: 
 /tmp
[2025-09-22T08:31:35.104+0000] {subprocess.py:69} INFO - Running command: ['/opt/***/cosmos_venvs/ecom_intermediate/bin/dbt', 'deps', '--project-dir', '/tmp/tmpjyaafvm6', '--profiles-dir', '/opt/***/dags/dbt', '--profile', 'ecom_intermediate', '--target', 'dev']
[2025-09-22T08:31:35.115+0000] {subprocess.py:80} INFO - Command output:
[2025-09-22T08:31:37.197+0000] {subprocess.py:90} INFO - [0m08:31:37  Running with dbt=1.10.11
[2025-09-22T08:31:38.180+0000] {subprocess.py:90} INFO - [0m08:31:38  Installing dbt-labs/dbt_utils
[2025-09-22T08:31:38.906+0000] {subprocess.py:90} INFO - [0m08:31:38  Installed from version 1.3.0
[2025-09-22T08:31:38.907+0000] {subprocess.py:90} INFO - [0m08:31:38  Updated version available: 1.3.1
[2025-09-22T08:31:38.907+0000] {subprocess.py:90} INFO - [0m08:31:38
[2025-09-22T08:31:38.908+0000] {subprocess.py:90} INFO - [0m08:31:38  Updates available for packages: ['dbt-labs/dbt_utils']
[2025-09-22T08:31:38.909+0000] {subprocess.py:90} INFO - Update your versions in packages.yml, then run dbt deps
[2025-09-22T08:31:40.860+0000] {subprocess.py:94} INFO - Command exited with return code 0
[2025-09-22T08:31:40.861+0000] {local.py:441} INFO - Update your versions in packages.yml, then run dbt deps
[2025-09-22T08:31:40.862+0000] {virtualenv.py:99} INFO - Using Python binary from virtualenv: /opt/***/cosmos_venvs/ecom_intermediate/bin/python
[2025-09-22T08:31:40.863+0000] {local.py:434} INFO - Trying to run the command:
 ['/opt/***/cosmos_venvs/ecom_intermediate/bin/dbt', 'run', '--models', 'addresses', '--project-dir', '/tmp/tmpjyaafvm6', '--profiles-dir', '/opt/***/dags/dbt', '--profile', 'ecom_intermediate', '--target', 'dev']
From /tmp/tmpjyaafvm6
[2025-09-22T08:31:40.863+0000] {subprocess.py:56} INFO - Tmp dir root location: 
 /tmp
[2025-09-22T08:31:40.864+0000] {subprocess.py:69} INFO - Running command: ['/opt/***/cosmos_venvs/ecom_intermediate/bin/dbt', 'run', '--models', 'addresses', '--project-dir', '/tmp/tmpjyaafvm6', '--profiles-dir', '/opt/***/dags/dbt', '--profile', 'ecom_intermediate', '--target', 'dev']
[2025-09-22T08:31:40.881+0000] {subprocess.py:80} INFO - Command output:
[2025-09-22T08:31:42.996+0000] {subprocess.py:90} INFO - [0m08:31:42  Running with dbt=1.10.11
[2025-09-22T08:31:42.997+0000] {subprocess.py:90} INFO - [0m08:31:42  [[33mWARNING[0m]: Deprecated functionality
[2025-09-22T08:31:42.998+0000] {subprocess.py:90} INFO - Usage of `--models`, `--model`, and `-m` is deprecated in favor of `--select` or
[2025-09-22T08:31:42.998+0000] {subprocess.py:90} INFO - `-s`.
[2025-09-22T08:31:43.268+0000] {subprocess.py:90} INFO - [0m08:31:43  Registered adapter: clickhouse=1.9.3
[2025-09-22T08:31:44.265+0000] {subprocess.py:90} INFO - [0m08:31:44  Found 15 models, 50 data tests, 8 sources, 597 macros
[2025-09-22T08:31:44.269+0000] {subprocess.py:90} INFO - [0m08:31:44
[2025-09-22T08:31:44.270+0000] {subprocess.py:90} INFO - [0m08:31:44  Concurrency: 4 threads (target='dev')
[2025-09-22T08:31:44.270+0000] {subprocess.py:90} INFO - [0m08:31:44
[2025-09-22T08:31:44.420+0000] {subprocess.py:90} INFO - [0m08:31:44  1 of 1 START sql table model `ecom_db_intermediate`.`addresses` ................ [RUN]
[2025-09-22T08:31:44.672+0000] {subprocess.py:90} INFO - [0m08:31:44  1 of 1 OK created sql table model `ecom_db_intermediate`.`addresses` ........... [[32mOK[0m in 0.25s]
[2025-09-22T08:31:44.677+0000] {subprocess.py:90} INFO - [0m08:31:44
[2025-09-22T08:31:44.678+0000] {subprocess.py:90} INFO - [0m08:31:44  Finished running 1 table model in 0 hours 0 minutes and 0.41 seconds (0.41s).
[2025-09-22T08:31:44.758+0000] {subprocess.py:90} INFO - [0m08:31:44
[2025-09-22T08:31:44.759+0000] {subprocess.py:90} INFO - [0m08:31:44  [32mCompleted successfully[0m
[2025-09-22T08:31:44.759+0000] {subprocess.py:90} INFO - [0m08:31:44
[2025-09-22T08:31:44.760+0000] {subprocess.py:90} INFO - [0m08:31:44  Done. PASS=1 WARN=0 ERROR=0 SKIP=0 NO-OP=0 TOTAL=1
[2025-09-22T08:31:44.761+0000] {subprocess.py:90} INFO - [0m08:31:44  [[33mWARNING[0m][DeprecationsSummary]: Deprecated functionality
[2025-09-22T08:31:44.761+0000] {subprocess.py:90} INFO - Summary of encountered deprecations:
[2025-09-22T08:31:44.762+0000] {subprocess.py:90} INFO - - ModelParamUsageDeprecation: 1 occurrence
[2025-09-22T08:31:44.763+0000] {subprocess.py:90} INFO - To see all deprecation instances instead of just the first occurrence of each,
[2025-09-22T08:31:44.763+0000] {subprocess.py:90} INFO - run command again with the `--show-all-deprecations` flag. You may also need to
[2025-09-22T08:31:44.764+0000] {subprocess.py:90} INFO - run with `--no-partial-parse` as some deprecations are only encountered during
[2025-09-22T08:31:44.765+0000] {subprocess.py:90} INFO - parsing.
[2025-09-22T08:31:46.585+0000] {subprocess.py:94} INFO - Command exited with return code 0
[2025-09-22T08:31:46.586+0000] {local.py:441} INFO - parsing.
[2025-09-22T08:31:46.604+0000] {local.py:196} WARNING - Artifact schema version: https://schemas.getdbt.com/dbt/manifest/v12.json is above dbt-ol supported version 7. This might cause errors.
[2025-09-22T08:31:46.605+0000] {local.py:196} WARNING - Artifact schema version: https://schemas.getdbt.com/dbt/run-results/v6.json is above dbt-ol supported version 5. This might cause errors.
[2025-09-22T08:31:46.614+0000] {local.py:547} INFO - Inlets: []
[2025-09-22T08:31:46.615+0000] {local.py:548} INFO - Outlets: []
[2025-09-22T08:31:46.616+0000] {local.py:772} INFO - Assigning inlets/outlets without DatasetAlias
[2025-09-22T08:31:46.617+0000] {dag.py:3089} INFO - Sync 1 DAGs
[2025-09-22T08:31:46.760+0000] {virtualenv.py:131} INFO - Releasing virtualenv lock
[2025-09-22T08:31:46.761+0000] {virtualenv.py:145} INFO - None
[2025-09-22T08:31:46.762+0000] {taskinstance.py:441} INFO - ::group::Post task execution logs
[2025-09-22T08:31:46.800+0000] {taskinstance.py:1206} INFO - Marking task as SUCCESS. dag_id=dbt_intermediate, task_id=intermediate.addresses.run, run_id=manual__2025-09-22T08:28:03.359463+00:00, execution_date=20250922T082803, start_date=20250922T083059, end_date=20250922T083146
[2025-09-22T08:31:46.856+0000] {local_task_job_runner.py:243} INFO - Task exited with return code 0
[2025-09-22T08:31:46.933+0000] {taskinstance.py:3503} INFO - 1 downstream tasks scheduled from follow-on schedule check
[2025-09-22T08:31:46.947+0000] {local_task_job_runner.py:222} INFO - ::endgroup::
