[2025-09-13T10:10:32.281+0000] {local_task_job_runner.py:120} INFO - ::group::Pre task execution logs
[2025-09-13T10:10:32.444+0000] {taskinstance.py:2076} INFO - Dependencies all met for dep_context=non-requeueable deps ti=<TaskInstance: dbt_staging.dbt_ecom.stg_orders.run manual__2025-09-13T10:10:29.534586+00:00 [queued]>
[2025-09-13T10:10:32.477+0000] {taskinstance.py:2076} INFO - Dependencies all met for dep_context=requeueable deps ti=<TaskInstance: dbt_staging.dbt_ecom.stg_orders.run manual__2025-09-13T10:10:29.534586+00:00 [queued]>
[2025-09-13T10:10:32.478+0000] {taskinstance.py:2306} INFO - Starting attempt 1 of 1
[2025-09-13T10:10:32.528+0000] {taskinstance.py:2330} INFO - Executing <Task(DbtRunVirtualenvOperator): dbt_ecom.stg_orders.run> on 2025-09-13 10:10:29.534586+00:00
[2025-09-13T10:10:32.550+0000] {standard_task_runner.py:64} INFO - Started process 9610 to run task
[2025-09-13T10:10:32.554+0000] {standard_task_runner.py:90} INFO - Running: ['***', 'tasks', 'run', 'dbt_staging', 'dbt_ecom.stg_orders.run', 'manual__2025-09-13T10:10:29.534586+00:00', '--job-id', '262', '--raw', '--subdir', 'DAGS_FOLDER/dbt_staging.py', '--cfg-path', '/tmp/tmprdhtnr8z']
[2025-09-13T10:10:32.559+0000] {standard_task_runner.py:91} INFO - Job 262: Subtask dbt_ecom.stg_orders.run
[2025-09-13T10:10:32.925+0000] {task_command.py:426} INFO - Running <TaskInstance: dbt_staging.dbt_ecom.stg_orders.run manual__2025-09-13T10:10:29.534586+00:00 [running]> on host e95bde6b8d07
[2025-09-13T10:10:33.517+0000] {taskinstance.py:2648} INFO - Exporting env vars: AIRFLOW_CTX_DAG_OWNER='***' AIRFLOW_CTX_DAG_ID='dbt_staging' AIRFLOW_CTX_TASK_ID='dbt_ecom.stg_orders.run' AIRFLOW_CTX_EXECUTION_DATE='2025-09-13T10:10:29.534586+00:00' AIRFLOW_CTX_TRY_NUMBER='1' AIRFLOW_CTX_DAG_RUN_ID='manual__2025-09-13T10:10:29.534586+00:00'
[2025-09-13T10:10:33.521+0000] {taskinstance.py:430} INFO - ::endgroup::
[2025-09-13T10:10:33.551+0000] {virtualenv.py:120} INFO - Checking if the virtualenv lock /tmp/cosmos_venv_ecom/cosmos_virtualenv.lock exists
[2025-09-13T10:10:33.552+0000] {virtualenv.py:126} INFO - Acquiring the virtualenv lock
[2025-09-13T10:10:33.552+0000] {virtualenv.py:195} INFO - Acquiring lock at /tmp/cosmos_venv_ecom/cosmos_virtualenv.lock with pid 9610
[2025-09-13T10:10:33.553+0000] {virtualenv.py:153} INFO - Creating or updating the virtualenv at `/tmp/cosmos_venv_ecom
[2025-09-13T10:10:33.554+0000] {process_utils.py:183} INFO - Executing cmd: /home/***/.local/bin/python -m virtualenv /tmp/cosmos_venv_ecom --python=python3
[2025-09-13T10:10:33.556+0000] {process_utils.py:187} INFO - Output:
[2025-09-13T10:10:34.856+0000] {process_utils.py:191} INFO - created virtual environment CPython3.10.14.final.0-64 in 471ms
[2025-09-13T10:10:34.856+0000] {process_utils.py:191} INFO -   creator CPython3Posix(dest=/tmp/cosmos_venv_ecom, clear=False, no_vcs_ignore=False, global=False)
[2025-09-13T10:10:34.857+0000] {process_utils.py:191} INFO -   seeder FromAppData(download=False, pip=bundle, setuptools=bundle, wheel=bundle, via=copy, app_data_dir=/home/***/.local/share/virtualenv)
[2025-09-13T10:10:34.858+0000] {process_utils.py:191} INFO -     added seed packages: MarkupSafe==3.0.2, PyYAML==6.0.2, agate==1.9.1, annotated_types==0.7.0, attrs==25.3.0, babel==2.17.0, certifi==2025.8.3, charset_normalizer==3.4.3, click==8.2.1, clickhouse_connect==0.8.18, clickhouse_driver==0.2.9, colorama==0.4.6, daff==1.4.2, dbt_adapters==1.16.7, dbt_clickhouse==1.9.3, dbt_common==1.30.0, dbt_core==1.10.11, dbt_extractor==0.6.0, dbt_protos==1.0.375, dbt_semantic_interfaces==0.9.0, deepdiff==8.6.1, idna==3.10, importlib_metadata==8.7.0, isodate==0.6.1, jinja2==3.1.6, jsonschema==4.25.1, jsonschema_specifications==2025.9.1, leather==0.4.0, lz4==4.4.4, mashumaro==3.14, more_itertools==10.8.0, msgpack==1.1.1, networkx==3.4.2, orderly_set==5.5.0, packaging==25.0, parsedatetime==2.6, pathspec==0.12.1, pip==25.2, protobuf==6.32.1, pydantic==2.11.7, pydantic_core==2.33.2, python_dateutil==2.9.0.post0, python_slugify==8.0.4, pytimeparse==1.1.8, pytz==2025.2, referencing==0.36.2, requests==2.32.5, rpds_py==0.27.1, setuptools==80.9.0, six==1.17.0, snowplow_tracker==1.1.0, sqlparse==0.5.3, text_unidecode==1.3, typing_extensions==4.15.0, typing_inspection==0.4.1, tzlocal==5.3.1, urllib3==2.5.0, wheel==0.45.1, zipp==3.23.0, zstandard==0.24.0
[2025-09-13T10:10:34.858+0000] {process_utils.py:191} INFO -   activators BashActivator,CShellActivator,FishActivator,NushellActivator,PowerShellActivator,PythonActivator
[2025-09-13T10:10:34.907+0000] {process_utils.py:183} INFO - Executing cmd: /tmp/cosmos_venv_ecom/bin/pip install dbt-clickhouse
[2025-09-13T10:10:34.908+0000] {process_utils.py:187} INFO - Output:
[2025-09-13T10:10:36.120+0000] {process_utils.py:191} INFO - Requirement already satisfied: dbt-clickhouse in /tmp/cosmos_venv_ecom/lib/python3.10/site-packages (1.9.3)
[2025-09-13T10:10:36.122+0000] {process_utils.py:191} INFO - Requirement already satisfied: dbt-core>=1.9 in /tmp/cosmos_venv_ecom/lib/python3.10/site-packages (from dbt-clickhouse) (1.10.11)
[2025-09-13T10:10:36.123+0000] {process_utils.py:191} INFO - Requirement already satisfied: clickhouse-connect>=0.6.22 in /tmp/cosmos_venv_ecom/lib/python3.10/site-packages (from dbt-clickhouse) (0.8.18)
[2025-09-13T10:10:36.123+0000] {process_utils.py:191} INFO - Requirement already satisfied: clickhouse-driver>=0.2.6 in /tmp/cosmos_venv_ecom/lib/python3.10/site-packages (from dbt-clickhouse) (0.2.9)
[2025-09-13T10:10:36.124+0000] {process_utils.py:191} INFO - Requirement already satisfied: setuptools>=0.69 in /tmp/cosmos_venv_ecom/lib/python3.10/site-packages (from dbt-clickhouse) (80.9.0)
[2025-09-13T10:10:36.127+0000] {process_utils.py:191} INFO - Requirement already satisfied: certifi in /tmp/cosmos_venv_ecom/lib/python3.10/site-packages (from clickhouse-connect>=0.6.22->dbt-clickhouse) (2025.8.3)
[2025-09-13T10:10:36.127+0000] {process_utils.py:191} INFO - Requirement already satisfied: urllib3>=1.26 in /tmp/cosmos_venv_ecom/lib/python3.10/site-packages (from clickhouse-connect>=0.6.22->dbt-clickhouse) (2.5.0)
[2025-09-13T10:10:36.128+0000] {process_utils.py:191} INFO - Requirement already satisfied: pytz in /tmp/cosmos_venv_ecom/lib/python3.10/site-packages (from clickhouse-connect>=0.6.22->dbt-clickhouse) (2025.2)
[2025-09-13T10:10:36.128+0000] {process_utils.py:191} INFO - Requirement already satisfied: zstandard in /tmp/cosmos_venv_ecom/lib/python3.10/site-packages (from clickhouse-connect>=0.6.22->dbt-clickhouse) (0.24.0)
[2025-09-13T10:10:36.129+0000] {process_utils.py:191} INFO - Requirement already satisfied: lz4 in /tmp/cosmos_venv_ecom/lib/python3.10/site-packages (from clickhouse-connect>=0.6.22->dbt-clickhouse) (4.4.4)
[2025-09-13T10:10:36.131+0000] {process_utils.py:191} INFO - Requirement already satisfied: tzlocal in /tmp/cosmos_venv_ecom/lib/python3.10/site-packages (from clickhouse-driver>=0.2.6->dbt-clickhouse) (5.3.1)
[2025-09-13T10:10:36.135+0000] {process_utils.py:191} INFO - Requirement already satisfied: agate<1.10,>=1.7.0 in /tmp/cosmos_venv_ecom/lib/python3.10/site-packages (from dbt-core>=1.9->dbt-clickhouse) (1.9.1)
[2025-09-13T10:10:36.135+0000] {process_utils.py:191} INFO - Requirement already satisfied: Jinja2<4,>=3.1.3 in /tmp/cosmos_venv_ecom/lib/python3.10/site-packages (from dbt-core>=1.9->dbt-clickhouse) (3.1.6)
[2025-09-13T10:10:36.137+0000] {process_utils.py:191} INFO - Requirement already satisfied: mashumaro<3.15,>=3.9 in /tmp/cosmos_venv_ecom/lib/python3.10/site-packages (from mashumaro[msgpack]<3.15,>=3.9->dbt-core>=1.9->dbt-clickhouse) (3.14)
[2025-09-13T10:10:36.137+0000] {process_utils.py:191} INFO - Requirement already satisfied: click<9.0,>=8.0.2 in /tmp/cosmos_venv_ecom/lib/python3.10/site-packages (from dbt-core>=1.9->dbt-clickhouse) (8.2.1)
[2025-09-13T10:10:36.138+0000] {process_utils.py:191} INFO - Requirement already satisfied: jsonschema<5.0,>=4.19.1 in /tmp/cosmos_venv_ecom/lib/python3.10/site-packages (from dbt-core>=1.9->dbt-clickhouse) (4.25.1)
[2025-09-13T10:10:36.138+0000] {process_utils.py:191} INFO - Requirement already satisfied: networkx<4.0,>=2.3 in /tmp/cosmos_venv_ecom/lib/python3.10/site-packages (from dbt-core>=1.9->dbt-clickhouse) (3.4.2)
[2025-09-13T10:10:36.139+0000] {process_utils.py:191} INFO - Requirement already satisfied: protobuf<7.0,>=6.0 in /tmp/cosmos_venv_ecom/lib/python3.10/site-packages (from dbt-core>=1.9->dbt-clickhouse) (6.32.1)
[2025-09-13T10:10:36.140+0000] {process_utils.py:191} INFO - Requirement already satisfied: requests<3.0.0 in /tmp/cosmos_venv_ecom/lib/python3.10/site-packages (from dbt-core>=1.9->dbt-clickhouse) (2.32.5)
[2025-09-13T10:10:36.140+0000] {process_utils.py:191} INFO - Requirement already satisfied: snowplow-tracker<2.0,>=1.0.2 in /tmp/cosmos_venv_ecom/lib/python3.10/site-packages (from dbt-core>=1.9->dbt-clickhouse) (1.1.0)
[2025-09-13T10:10:36.141+0000] {process_utils.py:191} INFO - Requirement already satisfied: pathspec<0.13,>=0.9 in /tmp/cosmos_venv_ecom/lib/python3.10/site-packages (from dbt-core>=1.9->dbt-clickhouse) (0.12.1)
[2025-09-13T10:10:36.142+0000] {process_utils.py:191} INFO - Requirement already satisfied: sqlparse<0.6.0,>=0.5.0 in /tmp/cosmos_venv_ecom/lib/python3.10/site-packages (from dbt-core>=1.9->dbt-clickhouse) (0.5.3)
[2025-09-13T10:10:36.142+0000] {process_utils.py:191} INFO - Requirement already satisfied: dbt-extractor<=0.6,>=0.5.0 in /tmp/cosmos_venv_ecom/lib/python3.10/site-packages (from dbt-core>=1.9->dbt-clickhouse) (0.6.0)
[2025-09-13T10:10:36.142+0000] {process_utils.py:191} INFO - Requirement already satisfied: dbt-semantic-interfaces<0.10,>=0.9.0 in /tmp/cosmos_venv_ecom/lib/python3.10/site-packages (from dbt-core>=1.9->dbt-clickhouse) (0.9.0)
[2025-09-13T10:10:36.143+0000] {process_utils.py:191} INFO - Requirement already satisfied: dbt-common<2.0,>=1.27.0 in /tmp/cosmos_venv_ecom/lib/python3.10/site-packages (from dbt-core>=1.9->dbt-clickhouse) (1.30.0)
[2025-09-13T10:10:36.143+0000] {process_utils.py:191} INFO - Requirement already satisfied: dbt-adapters<2.0,>=1.15.5 in /tmp/cosmos_venv_ecom/lib/python3.10/site-packages (from dbt-core>=1.9->dbt-clickhouse) (1.16.7)
[2025-09-13T10:10:36.144+0000] {process_utils.py:191} INFO - Requirement already satisfied: dbt-protos<2.0,>=1.0.346 in /tmp/cosmos_venv_ecom/lib/python3.10/site-packages (from dbt-core>=1.9->dbt-clickhouse) (1.0.375)
[2025-09-13T10:10:36.144+0000] {process_utils.py:191} INFO - Requirement already satisfied: pydantic<3 in /tmp/cosmos_venv_ecom/lib/python3.10/site-packages (from dbt-core>=1.9->dbt-clickhouse) (2.11.7)
[2025-09-13T10:10:36.145+0000] {process_utils.py:191} INFO - Requirement already satisfied: packaging>20.9 in /tmp/cosmos_venv_ecom/lib/python3.10/site-packages (from dbt-core>=1.9->dbt-clickhouse) (25.0)
[2025-09-13T10:10:36.145+0000] {process_utils.py:191} INFO - Requirement already satisfied: pyyaml>=6.0 in /tmp/cosmos_venv_ecom/lib/python3.10/site-packages (from dbt-core>=1.9->dbt-clickhouse) (6.0.2)
[2025-09-13T10:10:36.146+0000] {process_utils.py:191} INFO - Requirement already satisfied: daff>=1.3.46 in /tmp/cosmos_venv_ecom/lib/python3.10/site-packages (from dbt-core>=1.9->dbt-clickhouse) (1.4.2)
[2025-09-13T10:10:36.146+0000] {process_utils.py:191} INFO - Requirement already satisfied: typing-extensions>=4.4 in /tmp/cosmos_venv_ecom/lib/python3.10/site-packages (from dbt-core>=1.9->dbt-clickhouse) (4.15.0)
[2025-09-13T10:10:36.149+0000] {process_utils.py:191} INFO - Requirement already satisfied: Babel>=2.0 in /tmp/cosmos_venv_ecom/lib/python3.10/site-packages (from agate<1.10,>=1.7.0->dbt-core>=1.9->dbt-clickhouse) (2.17.0)
[2025-09-13T10:10:36.150+0000] {process_utils.py:191} INFO - Requirement already satisfied: isodate>=0.5.4 in /tmp/cosmos_venv_ecom/lib/python3.10/site-packages (from agate<1.10,>=1.7.0->dbt-core>=1.9->dbt-clickhouse) (0.6.1)
[2025-09-13T10:10:36.150+0000] {process_utils.py:191} INFO - Requirement already satisfied: leather>=0.3.2 in /tmp/cosmos_venv_ecom/lib/python3.10/site-packages (from agate<1.10,>=1.7.0->dbt-core>=1.9->dbt-clickhouse) (0.4.0)
[2025-09-13T10:10:36.151+0000] {process_utils.py:191} INFO - Requirement already satisfied: parsedatetime!=2.5,>=2.1 in /tmp/cosmos_venv_ecom/lib/python3.10/site-packages (from agate<1.10,>=1.7.0->dbt-core>=1.9->dbt-clickhouse) (2.6)
[2025-09-13T10:10:36.151+0000] {process_utils.py:191} INFO - Requirement already satisfied: python-slugify>=1.2.1 in /tmp/cosmos_venv_ecom/lib/python3.10/site-packages (from agate<1.10,>=1.7.0->dbt-core>=1.9->dbt-clickhouse) (8.0.4)
[2025-09-13T10:10:36.152+0000] {process_utils.py:191} INFO - Requirement already satisfied: pytimeparse>=1.1.5 in /tmp/cosmos_venv_ecom/lib/python3.10/site-packages (from agate<1.10,>=1.7.0->dbt-core>=1.9->dbt-clickhouse) (1.1.8)
[2025-09-13T10:10:36.161+0000] {process_utils.py:191} INFO - Requirement already satisfied: colorama<0.5,>=0.3.9 in /tmp/cosmos_venv_ecom/lib/python3.10/site-packages (from dbt-common<2.0,>=1.27.0->dbt-core>=1.9->dbt-clickhouse) (0.4.6)
[2025-09-13T10:10:36.162+0000] {process_utils.py:191} INFO - Requirement already satisfied: deepdiff<9.0,>=7.0 in /tmp/cosmos_venv_ecom/lib/python3.10/site-packages (from dbt-common<2.0,>=1.27.0->dbt-core>=1.9->dbt-clickhouse) (8.6.1)
[2025-09-13T10:10:36.165+0000] {process_utils.py:191} INFO - Requirement already satisfied: python-dateutil<3.0,>=2.0 in /tmp/cosmos_venv_ecom/lib/python3.10/site-packages (from dbt-common<2.0,>=1.27.0->dbt-core>=1.9->dbt-clickhouse) (2.9.0.post0)
[2025-09-13T10:10:36.170+0000] {process_utils.py:191} INFO - Requirement already satisfied: importlib-metadata<9,>=6.0 in /tmp/cosmos_venv_ecom/lib/python3.10/site-packages (from dbt-semantic-interfaces<0.10,>=0.9.0->dbt-core>=1.9->dbt-clickhouse) (8.7.0)
[2025-09-13T10:10:36.171+0000] {process_utils.py:191} INFO - Requirement already satisfied: more-itertools<11.0,>=8.0 in /tmp/cosmos_venv_ecom/lib/python3.10/site-packages (from dbt-semantic-interfaces<0.10,>=0.9.0->dbt-core>=1.9->dbt-clickhouse) (10.8.0)
[2025-09-13T10:10:36.179+0000] {process_utils.py:191} INFO - Requirement already satisfied: orderly-set<6,>=5.4.1 in /tmp/cosmos_venv_ecom/lib/python3.10/site-packages (from deepdiff<9.0,>=7.0->dbt-common<2.0,>=1.27.0->dbt-core>=1.9->dbt-clickhouse) (5.5.0)
[2025-09-13T10:10:36.185+0000] {process_utils.py:191} INFO - Requirement already satisfied: zipp>=3.20 in /tmp/cosmos_venv_ecom/lib/python3.10/site-packages (from importlib-metadata<9,>=6.0->dbt-semantic-interfaces<0.10,>=0.9.0->dbt-core>=1.9->dbt-clickhouse) (3.23.0)
[2025-09-13T10:10:36.186+0000] {process_utils.py:191} INFO - Requirement already satisfied: six in /tmp/cosmos_venv_ecom/lib/python3.10/site-packages (from isodate>=0.5.4->agate<1.10,>=1.7.0->dbt-core>=1.9->dbt-clickhouse) (1.17.0)
[2025-09-13T10:10:36.188+0000] {process_utils.py:191} INFO - Requirement already satisfied: MarkupSafe>=2.0 in /tmp/cosmos_venv_ecom/lib/python3.10/site-packages (from Jinja2<4,>=3.1.3->dbt-core>=1.9->dbt-clickhouse) (3.0.2)
[2025-09-13T10:10:36.192+0000] {process_utils.py:191} INFO - Requirement already satisfied: attrs>=22.2.0 in /tmp/cosmos_venv_ecom/lib/python3.10/site-packages (from jsonschema<5.0,>=4.19.1->dbt-core>=1.9->dbt-clickhouse) (25.3.0)
[2025-09-13T10:10:36.193+0000] {process_utils.py:191} INFO - Requirement already satisfied: jsonschema-specifications>=2023.03.6 in /tmp/cosmos_venv_ecom/lib/python3.10/site-packages (from jsonschema<5.0,>=4.19.1->dbt-core>=1.9->dbt-clickhouse) (2025.9.1)
[2025-09-13T10:10:36.193+0000] {process_utils.py:191} INFO - Requirement already satisfied: referencing>=0.28.4 in /tmp/cosmos_venv_ecom/lib/python3.10/site-packages (from jsonschema<5.0,>=4.19.1->dbt-core>=1.9->dbt-clickhouse) (0.36.2)
[2025-09-13T10:10:36.194+0000] {process_utils.py:191} INFO - Requirement already satisfied: rpds-py>=0.7.1 in /tmp/cosmos_venv_ecom/lib/python3.10/site-packages (from jsonschema<5.0,>=4.19.1->dbt-core>=1.9->dbt-clickhouse) (0.27.1)
[2025-09-13T10:10:36.200+0000] {process_utils.py:191} INFO - Requirement already satisfied: msgpack>=0.5.6 in /tmp/cosmos_venv_ecom/lib/python3.10/site-packages (from mashumaro[msgpack]<3.15,>=3.9->dbt-core>=1.9->dbt-clickhouse) (1.1.1)
[2025-09-13T10:10:36.216+0000] {process_utils.py:191} INFO - Requirement already satisfied: annotated-types>=0.6.0 in /tmp/cosmos_venv_ecom/lib/python3.10/site-packages (from pydantic<3->dbt-core>=1.9->dbt-clickhouse) (0.7.0)
[2025-09-13T10:10:36.217+0000] {process_utils.py:191} INFO - Requirement already satisfied: pydantic-core==2.33.2 in /tmp/cosmos_venv_ecom/lib/python3.10/site-packages (from pydantic<3->dbt-core>=1.9->dbt-clickhouse) (2.33.2)
[2025-09-13T10:10:36.218+0000] {process_utils.py:191} INFO - Requirement already satisfied: typing-inspection>=0.4.0 in /tmp/cosmos_venv_ecom/lib/python3.10/site-packages (from pydantic<3->dbt-core>=1.9->dbt-clickhouse) (0.4.1)
[2025-09-13T10:10:36.226+0000] {process_utils.py:191} INFO - Requirement already satisfied: charset_normalizer<4,>=2 in /tmp/cosmos_venv_ecom/lib/python3.10/site-packages (from requests<3.0.0->dbt-core>=1.9->dbt-clickhouse) (3.4.3)
[2025-09-13T10:10:36.227+0000] {process_utils.py:191} INFO - Requirement already satisfied: idna<4,>=2.5 in /tmp/cosmos_venv_ecom/lib/python3.10/site-packages (from requests<3.0.0->dbt-core>=1.9->dbt-clickhouse) (3.10)
[2025-09-13T10:10:36.270+0000] {process_utils.py:191} INFO - Requirement already satisfied: text-unidecode>=1.3 in /tmp/cosmos_venv_ecom/lib/python3.10/site-packages (from python-slugify>=1.2.1->agate<1.10,>=1.7.0->dbt-core>=1.9->dbt-clickhouse) (1.3)
[2025-09-13T10:10:36.404+0000] {local.py:470} INFO - Cloning project to writable temp directory /tmp/tmpg5sq7qfq from /opt/airflow/dags/dbt/ecom_staging
[2025-09-13T10:10:36.414+0000] {local.py:490} INFO - Partial parse is enabled and the latest partial parse file is /tmp/cosmos/dbt_staging__dbt_ecom/target/partial_parse.msgpack
[2025-09-13T10:10:36.424+0000] {config.py:362} INFO - Using user-supplied profiles.yml at /opt/airflow/dags/dbt/profiles.yml
[2025-09-13T10:10:36.432+0000] {virtualenv.py:99} INFO - Using Python binary from virtualenv: /tmp/cosmos_venv_ecom/bin/python
[2025-09-13T10:10:36.433+0000] {local.py:434} INFO - Trying to run the command:
 ['/tmp/cosmos_venv_ecom/bin/dbt', 'deps', '--project-dir', '/tmp/tmpg5sq7qfq', '--profiles-dir', '/opt/***/dags/dbt', '--profile', 'ecom_staging', '--target', 'dev']
From /tmp/tmpg5sq7qfq
[2025-09-13T10:10:36.433+0000] {subprocess.py:56} INFO - Tmp dir root location: 
 /tmp
[2025-09-13T10:10:36.433+0000] {subprocess.py:69} INFO - Running command: ['/tmp/cosmos_venv_ecom/bin/dbt', 'deps', '--project-dir', '/tmp/tmpg5sq7qfq', '--profiles-dir', '/opt/***/dags/dbt', '--profile', 'ecom_staging', '--target', 'dev']
[2025-09-13T10:10:36.443+0000] {subprocess.py:80} INFO - Command output:
[2025-09-13T10:10:38.606+0000] {subprocess.py:90} INFO - [0m10:10:38  Running with dbt=1.10.11
[2025-09-13T10:10:39.306+0000] {subprocess.py:90} INFO - [0m10:10:39  Installing dbt-labs/dbt_utils
[2025-09-13T10:10:39.869+0000] {subprocess.py:90} INFO - [0m10:10:39  Installed from version 1.3.0
[2025-09-13T10:10:39.870+0000] {subprocess.py:90} INFO - [0m10:10:39  Updated version available: 1.3.1
[2025-09-13T10:10:39.871+0000] {subprocess.py:90} INFO - [0m10:10:39
[2025-09-13T10:10:39.871+0000] {subprocess.py:90} INFO - [0m10:10:39  Updates available for packages: ['dbt-labs/dbt_utils']
[2025-09-13T10:10:39.872+0000] {subprocess.py:90} INFO - Update your versions in packages.yml, then run dbt deps
[2025-09-13T10:10:41.677+0000] {subprocess.py:94} INFO - Command exited with return code 0
[2025-09-13T10:10:41.678+0000] {local.py:441} INFO - Update your versions in packages.yml, then run dbt deps
[2025-09-13T10:10:41.679+0000] {virtualenv.py:99} INFO - Using Python binary from virtualenv: /tmp/cosmos_venv_ecom/bin/python
[2025-09-13T10:10:41.679+0000] {local.py:434} INFO - Trying to run the command:
 ['/tmp/cosmos_venv_ecom/bin/dbt', 'run', '--models', 'stg_orders', '--project-dir', '/tmp/tmpg5sq7qfq', '--profiles-dir', '/opt/***/dags/dbt', '--profile', 'ecom_staging', '--target', 'dev']
From /tmp/tmpg5sq7qfq
[2025-09-13T10:10:41.680+0000] {subprocess.py:56} INFO - Tmp dir root location: 
 /tmp
[2025-09-13T10:10:41.680+0000] {subprocess.py:69} INFO - Running command: ['/tmp/cosmos_venv_ecom/bin/dbt', 'run', '--models', 'stg_orders', '--project-dir', '/tmp/tmpg5sq7qfq', '--profiles-dir', '/opt/***/dags/dbt', '--profile', 'ecom_staging', '--target', 'dev']
[2025-09-13T10:10:41.692+0000] {subprocess.py:80} INFO - Command output:
[2025-09-13T10:10:43.791+0000] {subprocess.py:90} INFO - [0m10:10:43  Running with dbt=1.10.11
[2025-09-13T10:10:43.794+0000] {subprocess.py:90} INFO - [0m10:10:43  [[33mWARNING[0m]: Deprecated functionality
[2025-09-13T10:10:43.794+0000] {subprocess.py:90} INFO - Usage of `--models`, `--model`, and `-m` is deprecated in favor of `--select` or
[2025-09-13T10:10:43.794+0000] {subprocess.py:90} INFO - `-s`.
[2025-09-13T10:10:44.136+0000] {subprocess.py:90} INFO - [0m10:10:44  Registered adapter: clickhouse=1.9.3
[2025-09-13T10:10:44.389+0000] {subprocess.py:90} INFO - [0m10:10:44  Unable to do partial parsing because of a version mismatch
[2025-09-13T10:10:46.838+0000] {subprocess.py:90} INFO - [0m10:10:46  [[33mWARNING[0m][MissingArgumentsPropertyInGenericTestDeprecation]: Deprecated
[2025-09-13T10:10:46.838+0000] {subprocess.py:90} INFO - functionality
[2025-09-13T10:10:46.839+0000] {subprocess.py:90} INFO - Found top-level arguments to test `relationships`. Arguments to generic tests
[2025-09-13T10:10:46.840+0000] {subprocess.py:90} INFO - should be nested under the `arguments` property.`
[2025-09-13T10:10:46.996+0000] {subprocess.py:90} INFO - [0m10:10:46  [[33mWARNING[0m]: Test 'test.ecom_staging.source_relationships_ecom_raw_INTERACTIONS_CUSTOMER_ID__CUSTOMER_ID__source_ECOM_RAW_CUSTOMERS_.451a97967e' (models/ecom_staging/schema.yml) depends on a source named 'ECOM_RAW.CUSTOMERS' in package '' which was not found
[2025-09-13T10:10:46.997+0000] {subprocess.py:90} INFO - [0m10:10:46  [[33mWARNING[0m]: Test 'test.ecom_staging.source_relationships_ecom_raw_INTERACTIONS_PRODUCT_ID__PRODUCT_ID__source_ECOM_RAW_PRODUCTS_.0359070622' (models/ecom_staging/schema.yml) depends on a source named 'ECOM_RAW.PRODUCTS' in package '' which was not found
[2025-09-13T10:10:46.998+0000] {subprocess.py:90} INFO - [0m10:10:46  [[33mWARNING[0m]: Test 'test.ecom_staging.source_relationships_ecom_raw_ORDER_ITEMS_ORDER_ID__ORDER_ID__source_ECOM_RAW_ORDERS_.e0d3c59cff' (models/ecom_staging/schema.yml) depends on a source named 'ECOM_RAW.ORDERS' in package '' which was not found
[2025-09-13T10:10:47.000+0000] {subprocess.py:90} INFO - [0m10:10:46  [[33mWARNING[0m]: Test 'test.ecom_staging.source_relationships_ecom_raw_ORDER_ITEMS_PRODUCT_ID__PRODUCT_ID__source_ECOM_RAW_PRODUCTS_.15c1438d51' (models/ecom_staging/schema.yml) depends on a source named 'ECOM_RAW.PRODUCTS' in package '' which was not found
[2025-09-13T10:10:47.002+0000] {subprocess.py:90} INFO - [0m10:10:46  [[33mWARNING[0m]: Test 'test.ecom_staging.source_relationships_ecom_raw_ORDERS_CUSTOMER_ID__CUSTOMER_ID__source_ECOM_RAW_CUSTOMERS_.0c32667e5c' (models/ecom_staging/schema.yml) depends on a source named 'ECOM_RAW.CUSTOMERS' in package '' which was not found
[2025-09-13T10:10:47.003+0000] {subprocess.py:90} INFO - [0m10:10:46  [[33mWARNING[0m]: Test 'test.ecom_staging.source_relationships_ecom_raw_PRODUCTS_CATEGORY_ID__CATEGORY_ID__source_ECOM_RAW_CATEGORIES_.6b5c6d18a5' (models/ecom_staging/schema.yml) depends on a source named 'ECOM_RAW.CATEGORIES' in package '' which was not found
[2025-09-13T10:10:47.004+0000] {subprocess.py:90} INFO - [0m10:10:46  [[33mWARNING[0m]: Test 'test.ecom_staging.source_relationships_ecom_raw_PRODUCTS_SUBCATEGORY_ID__SUBCATEGORY_ID__source_ECOM_RAW_SUBCATEGORIES_.1baa4c1cd4' (models/ecom_staging/schema.yml) depends on a source named 'ECOM_RAW.SUBCATEGORIES' in package '' which was not found
[2025-09-13T10:10:47.006+0000] {subprocess.py:90} INFO - [0m10:10:47  [[33mWARNING[0m]: Test 'test.ecom_staging.source_relationships_ecom_raw_REVIEWS_PRODUCT_ID__PRODUCT_ID__source_ECOM_RAW_PRODUCTS_.7950c1b0b6' (models/ecom_staging/schema.yml) depends on a source named 'ECOM_RAW.PRODUCTS' in package '' which was not found
[2025-09-13T10:10:47.008+0000] {subprocess.py:90} INFO - [0m10:10:47  [[33mWARNING[0m]: Test 'test.ecom_staging.source_relationships_ecom_raw_REVIEWS_ORDER_ID__ORDER_ID__source_ECOM_RAW_ORDERS_.91980bc058' (models/ecom_staging/schema.yml) depends on a source named 'ECOM_RAW.ORDERS' in package '' which was not found
[2025-09-13T10:10:47.008+0000] {subprocess.py:90} INFO - [0m10:10:47  [[33mWARNING[0m]: Test 'test.ecom_staging.source_relationships_ecom_raw_REVIEWS_CUSTOMER_ID__CUSTOMER_ID__source_ECOM_RAW_CUSTOMERS_.99ec8fb2dc' (models/ecom_staging/schema.yml) depends on a source named 'ECOM_RAW.CUSTOMERS' in package '' which was not found
[2025-09-13T10:10:47.009+0000] {subprocess.py:90} INFO - [0m10:10:47  [[33mWARNING[0m]: Test 'test.ecom_staging.source_relationships_ecom_raw_SUBCATEGORIES_CATEGORY_ID__CATEGORY_ID__source_ECOM_RAW_CATEGORIES_.2b696d3416' (models/ecom_staging/schema.yml) depends on a source named 'ECOM_RAW.CATEGORIES' in package '' which was not found
[2025-09-13T10:10:47.361+0000] {subprocess.py:90} INFO - [0m10:10:47  Found 8 models, 54 data tests, 8 sources, 597 macros
[2025-09-13T10:10:47.364+0000] {subprocess.py:90} INFO - [0m10:10:47
[2025-09-13T10:10:47.365+0000] {subprocess.py:90} INFO - [0m10:10:47  Concurrency: 4 threads (target='dev')
[2025-09-13T10:10:47.366+0000] {subprocess.py:90} INFO - [0m10:10:47
[2025-09-13T10:10:47.515+0000] {subprocess.py:90} INFO - [0m10:10:47  1 of 1 START sql view model `ecom_db_staging`.`stg_orders` ..................... [RUN]
[2025-09-13T10:10:47.619+0000] {subprocess.py:90} INFO - [0m10:10:47  1 of 1 OK created sql view model `ecom_db_staging`.`stg_orders` ................ [[32mOK[0m in 0.10s]
[2025-09-13T10:10:47.624+0000] {subprocess.py:90} INFO - [0m10:10:47
[2025-09-13T10:10:47.624+0000] {subprocess.py:90} INFO - [0m10:10:47  Finished running 1 view model in 0 hours 0 minutes and 0.26 seconds (0.26s).
[2025-09-13T10:10:47.755+0000] {subprocess.py:90} INFO - [0m10:10:47
[2025-09-13T10:10:47.756+0000] {subprocess.py:90} INFO - [0m10:10:47  [32mCompleted successfully[0m
[2025-09-13T10:10:47.757+0000] {subprocess.py:90} INFO - [0m10:10:47
[2025-09-13T10:10:47.757+0000] {subprocess.py:90} INFO - [0m10:10:47  Done. PASS=1 WARN=0 ERROR=0 SKIP=0 NO-OP=0 TOTAL=1
[2025-09-13T10:10:47.758+0000] {subprocess.py:90} INFO - [0m10:10:47  [[33mWARNING[0m][DeprecationsSummary]: Deprecated functionality
[2025-09-13T10:10:47.759+0000] {subprocess.py:90} INFO - Summary of encountered deprecations:
[2025-09-13T10:10:47.759+0000] {subprocess.py:90} INFO - - ModelParamUsageDeprecation: 1 occurrence
[2025-09-13T10:10:47.760+0000] {subprocess.py:90} INFO - - MissingArgumentsPropertyInGenericTestDeprecation: 11 occurrences
[2025-09-13T10:10:47.760+0000] {subprocess.py:90} INFO - To see all deprecation instances instead of just the first occurrence of each,
[2025-09-13T10:10:47.760+0000] {subprocess.py:90} INFO - run command again with the `--show-all-deprecations` flag. You may also need to
[2025-09-13T10:10:47.761+0000] {subprocess.py:90} INFO - run with `--no-partial-parse` as some deprecations are only encountered during
[2025-09-13T10:10:47.761+0000] {subprocess.py:90} INFO - parsing.
[2025-09-13T10:10:49.542+0000] {subprocess.py:94} INFO - Command exited with return code 0
[2025-09-13T10:10:49.543+0000] {local.py:441} INFO - parsing.
[2025-09-13T10:10:49.558+0000] {local.py:196} WARNING - Artifact schema version: https://schemas.getdbt.com/dbt/manifest/v12.json is above dbt-ol supported version 7. This might cause errors.
[2025-09-13T10:10:49.559+0000] {local.py:196} WARNING - Artifact schema version: https://schemas.getdbt.com/dbt/run-results/v6.json is above dbt-ol supported version 5. This might cause errors.
[2025-09-13T10:10:49.566+0000] {local.py:547} INFO - Inlets: []
[2025-09-13T10:10:49.567+0000] {local.py:548} INFO - Outlets: []
[2025-09-13T10:10:49.568+0000] {local.py:772} INFO - Assigning inlets/outlets without DatasetAlias
[2025-09-13T10:10:49.568+0000] {dag.py:3089} INFO - Sync 1 DAGs
[2025-09-13T10:10:49.627+0000] {dag.py:3947} INFO - Setting next_dagrun for dbt_staging to 2025-09-13 00:00:00+00:00, run_after=2025-09-14 00:00:00+00:00
[2025-09-13T10:10:49.718+0000] {virtualenv.py:131} INFO - Releasing virtualenv lock
[2025-09-13T10:10:49.719+0000] {virtualenv.py:145} INFO - None
[2025-09-13T10:10:49.719+0000] {taskinstance.py:441} INFO - ::group::Post task execution logs
[2025-09-13T10:10:49.758+0000] {taskinstance.py:1206} INFO - Marking task as SUCCESS. dag_id=dbt_staging, task_id=dbt_ecom.stg_orders.run, run_id=manual__2025-09-13T10:10:29.534586+00:00, execution_date=20250913T101029, start_date=20250913T101032, end_date=20250913T101049
[2025-09-13T10:10:49.800+0000] {local_task_job_runner.py:243} INFO - Task exited with return code 0
[2025-09-13T10:10:49.859+0000] {taskinstance.py:3503} INFO - 1 downstream tasks scheduled from follow-on schedule check
[2025-09-13T10:10:49.871+0000] {local_task_job_runner.py:222} INFO - ::endgroup::
