[2025-09-11T17:23:21.860+0000] {local_task_job_runner.py:120} INFO - ::group::Pre task execution logs
[2025-09-11T17:23:21.932+0000] {taskinstance.py:2076} INFO - Dependencies all met for dep_context=non-requeueable deps ti=<TaskInstance: generate_append_latest_pipeline.generate_latest_data manual__2025-09-11T17:23:19.884475+00:00 [queued]>
[2025-09-11T17:23:21.943+0000] {taskinstance.py:2076} INFO - Dependencies all met for dep_context=requeueable deps ti=<TaskInstance: generate_append_latest_pipeline.generate_latest_data manual__2025-09-11T17:23:19.884475+00:00 [queued]>
[2025-09-11T17:23:21.944+0000] {taskinstance.py:2306} INFO - Starting attempt 1 of 2
[2025-09-11T17:23:21.971+0000] {taskinstance.py:2330} INFO - Executing <Task(PythonOperator): generate_latest_data> on 2025-09-11 17:23:19.884475+00:00
[2025-09-11T17:23:21.978+0000] {standard_task_runner.py:64} INFO - Started process 330 to run task
[2025-09-11T17:23:21.984+0000] {standard_task_runner.py:90} INFO - Running: ['***', 'tasks', 'run', 'generate_append_latest_pipeline', 'generate_latest_data', 'manual__2025-09-11T17:23:19.884475+00:00', '--job-id', '69', '--raw', '--subdir', 'DAGS_FOLDER/sync_data.py', '--cfg-path', '/tmp/tmpvw47t98g']
[2025-09-11T17:23:21.988+0000] {standard_task_runner.py:91} INFO - Job 69: Subtask generate_latest_data
[2025-09-11T17:23:22.166+0000] {task_command.py:426} INFO - Running <TaskInstance: generate_append_latest_pipeline.generate_latest_data manual__2025-09-11T17:23:19.884475+00:00 [running]> on host e95bde6b8d07
[2025-09-11T17:23:22.780+0000] {taskinstance.py:2648} INFO - Exporting env vars: AIRFLOW_CTX_DAG_OWNER='***' AIRFLOW_CTX_DAG_ID='generate_append_latest_pipeline' AIRFLOW_CTX_TASK_ID='generate_latest_data' AIRFLOW_CTX_EXECUTION_DATE='2025-09-11T17:23:19.884475+00:00' AIRFLOW_CTX_TRY_NUMBER='1' AIRFLOW_CTX_DAG_RUN_ID='manual__2025-09-11T17:23:19.884475+00:00'
[2025-09-11T17:23:22.781+0000] {taskinstance.py:430} INFO - ::endgroup::
[2025-09-11T17:23:22.840+0000] {logging_mixin.py:188} INFO - Generating data for period: 2025-08-12 to 2025-09-11
[2025-09-11T17:23:22.841+0000] {logging_mixin.py:188} INFO - Generating products...
[2025-09-11T17:23:23.976+0000] {logging_mixin.py:188} INFO - Generating customers...
[2025-09-11T17:23:23.977+0000] {logging_mixin.py:188} INFO - Historic customers file not found. Generating all new customers.
[2025-09-11T17:23:24.368+0000] {logging_mixin.py:188} INFO - Generated total of 1000 customers
[2025-09-11T17:23:24.369+0000] {logging_mixin.py:188} INFO - - Returning customers: 0
[2025-09-11T17:23:24.370+0000] {logging_mixin.py:188} INFO - - New customers: 1000
[2025-09-11T17:23:24.371+0000] {logging_mixin.py:188} INFO - Generating orders...
[2025-09-11T17:23:26.689+0000] {logging_mixin.py:188} INFO - Generating reviews...
[2025-09-11T17:23:36.222+0000] {logging_mixin.py:188} INFO - Generating customer interactions...
[2025-09-11T17:23:39.990+0000] {logging_mixin.py:188} INFO - Uploaded customers to S3: s3://latest-ecom/json/customers.json
[2025-09-11T17:23:40.049+0000] {logging_mixin.py:188} INFO - Uploaded products to S3: s3://latest-ecom/json/products.json
[2025-09-11T17:23:40.086+0000] {logging_mixin.py:188} INFO - Uploaded orders to S3: s3://latest-ecom/json/orders.json
[2025-09-11T17:23:40.128+0000] {logging_mixin.py:188} INFO - Uploaded reviews to S3: s3://latest-ecom/json/reviews.json
[2025-09-11T17:23:40.129+0000] {logging_mixin.py:188} INFO - Loading categories to PostgreSQL as latest_categories
[2025-09-11T17:23:40.887+0000] {logging_mixin.py:188} INFO - Loaded 5 rows to PostgreSQL table: latest_categories
[2025-09-11T17:23:40.888+0000] {logging_mixin.py:188} INFO - Loading subcategories to PostgreSQL as latest_subcategories
[2025-09-11T17:23:40.951+0000] {logging_mixin.py:188} INFO - Loaded 25 rows to PostgreSQL table: latest_subcategories
[2025-09-11T17:23:40.952+0000] {logging_mixin.py:188} INFO - Loading order_items to PostgreSQL as latest_order_items
[2025-09-11T17:23:41.033+0000] {logging_mixin.py:188} INFO - Loaded 6147 rows to PostgreSQL table: latest_order_items
[2025-09-11T17:23:41.033+0000] {logging_mixin.py:188} INFO - Loading interactions to PostgreSQL as latest_interactions
[2025-09-11T17:23:41.255+0000] {logging_mixin.py:188} INFO - Loaded 9882 rows to PostgreSQL table: latest_interactions
[2025-09-11T17:23:41.266+0000] {logging_mixin.py:188} INFO - Saved customers to generated_latest_data/customers.csv
[2025-09-11T17:23:41.278+0000] {logging_mixin.py:188} INFO - Saved products to generated_latest_data/products.csv
[2025-09-11T17:23:41.280+0000] {logging_mixin.py:188} INFO - Saved categories to generated_latest_data/categories.csv
[2025-09-11T17:23:41.281+0000] {logging_mixin.py:188} INFO - Saved subcategories to generated_latest_data/subcategories.csv
[2025-09-11T17:23:41.302+0000] {logging_mixin.py:188} INFO - Saved orders to generated_latest_data/orders.csv
[2025-09-11T17:23:41.335+0000] {logging_mixin.py:188} INFO - Saved order_items to generated_latest_data/order_items.csv
[2025-09-11T17:23:41.348+0000] {logging_mixin.py:188} INFO - Saved reviews to generated_latest_data/reviews.csv
[2025-09-11T17:23:41.401+0000] {logging_mixin.py:188} INFO - Saved interactions to generated_latest_data/interactions.csv
[2025-09-11T17:23:41.409+0000] {logging_mixin.py:188} INFO - Saved customers to generated_latest_data/customers.csv
[2025-09-11T17:23:41.419+0000] {logging_mixin.py:188} INFO - Saved products to generated_latest_data/products.csv
[2025-09-11T17:23:41.420+0000] {logging_mixin.py:188} INFO - Saved categories to generated_latest_data/categories.csv
[2025-09-11T17:23:41.422+0000] {logging_mixin.py:188} INFO - Saved subcategories to generated_latest_data/subcategories.csv
[2025-09-11T17:23:41.440+0000] {logging_mixin.py:188} INFO - Saved orders to generated_latest_data/orders.csv
[2025-09-11T17:23:41.472+0000] {logging_mixin.py:188} INFO - Saved order_items to generated_latest_data/order_items.csv
[2025-09-11T17:23:41.490+0000] {logging_mixin.py:188} INFO - Saved reviews to generated_latest_data/reviews.csv
[2025-09-11T17:23:41.598+0000] {logging_mixin.py:188} INFO - Saved interactions to generated_latest_data/interactions.csv
[2025-09-11T17:23:41.599+0000] {logging_mixin.py:188} INFO - Latest data generation completed successfully
[2025-09-11T17:23:41.601+0000] {python.py:237} INFO - Done. Returned value was: True
[2025-09-11T17:23:41.602+0000] {taskinstance.py:441} INFO - ::group::Post task execution logs
[2025-09-11T17:23:41.764+0000] {taskinstance.py:1206} INFO - Marking task as SUCCESS. dag_id=generate_append_latest_pipeline, task_id=generate_latest_data, run_id=manual__2025-09-11T17:23:19.884475+00:00, execution_date=20250911T172319, start_date=20250911T172321, end_date=20250911T172341
[2025-09-11T17:23:41.813+0000] {local_task_job_runner.py:243} INFO - Task exited with return code 0
[2025-09-11T17:23:41.932+0000] {taskinstance.py:3503} INFO - 1 downstream tasks scheduled from follow-on schedule check
[2025-09-11T17:23:41.942+0000] {local_task_job_runner.py:222} INFO - ::endgroup::
