[2025-09-22T08:23:13.554+0000] {local_task_job_runner.py:120} INFO - ::group::Pre task execution logs
[2025-09-22T08:23:13.986+0000] {taskinstance.py:2076} INFO - Dependencies all met for dep_context=non-requeueable deps ti=<TaskInstance: dbt_intermediate.intermediate.order_statuses.run scheduled__2025-09-21T00:00:00+00:00 [queued]>
[2025-09-22T08:23:14.007+0000] {taskinstance.py:2076} INFO - Dependencies all met for dep_context=requeueable deps ti=<TaskInstance: dbt_intermediate.intermediate.order_statuses.run scheduled__2025-09-21T00:00:00+00:00 [queued]>
[2025-09-22T08:23:14.018+0000] {taskinstance.py:2306} INFO - Starting attempt 1 of 1
[2025-09-22T08:23:14.046+0000] {taskinstance.py:2330} INFO - Executing <Task(DbtRunVirtualenvOperator): intermediate.order_statuses.run> on 2025-09-21 00:00:00+00:00
[2025-09-22T08:23:14.055+0000] {standard_task_runner.py:64} INFO - Started process 3938 to run task
[2025-09-22T08:23:14.060+0000] {standard_task_runner.py:90} INFO - Running: ['***', 'tasks', 'run', 'dbt_intermediate', 'intermediate.order_statuses.run', 'scheduled__2025-09-21T00:00:00+00:00', '--job-id', '681', '--raw', '--subdir', 'DAGS_FOLDER/dbt_intermediate.py', '--cfg-path', '/tmp/tmpq9qrusdk']
[2025-09-22T08:23:14.064+0000] {standard_task_runner.py:91} INFO - Job 681: Subtask intermediate.order_statuses.run
[2025-09-22T08:23:14.527+0000] {task_command.py:426} INFO - Running <TaskInstance: dbt_intermediate.intermediate.order_statuses.run scheduled__2025-09-21T00:00:00+00:00 [running]> on host e95bde6b8d07
[2025-09-22T08:23:15.174+0000] {taskinstance.py:2648} INFO - Exporting env vars: AIRFLOW_CTX_DAG_OWNER='***' AIRFLOW_CTX_DAG_ID='dbt_intermediate' AIRFLOW_CTX_TASK_ID='intermediate.order_statuses.run' AIRFLOW_CTX_EXECUTION_DATE='2025-09-21T00:00:00+00:00' AIRFLOW_CTX_TRY_NUMBER='1' AIRFLOW_CTX_DAG_RUN_ID='scheduled__2025-09-21T00:00:00+00:00'
[2025-09-22T08:23:15.181+0000] {taskinstance.py:430} INFO - ::endgroup::
[2025-09-22T08:23:15.215+0000] {virtualenv.py:120} INFO - Checking if the virtualenv lock /opt/***/cosmos_venvs/ecom_intermediate/cosmos_virtualenv.lock exists
[2025-09-22T08:23:15.216+0000] {virtualenv.py:178} INFO - Checking for running process with PID 3942
[2025-09-22T08:23:15.220+0000] {virtualenv.py:181} INFO - Process 3942 running: True and has the lock /opt/***/cosmos_venvs/ecom_intermediate/cosmos_virtualenv.lock.
[2025-09-22T08:23:15.220+0000] {virtualenv.py:122} INFO - Waiting for virtualenv lock to be released
[2025-09-22T08:23:16.224+0000] {virtualenv.py:178} INFO - Checking for running process with PID 3942
[2025-09-22T08:23:16.225+0000] {virtualenv.py:181} INFO - Process 3942 running: True and has the lock /opt/***/cosmos_venvs/ecom_intermediate/cosmos_virtualenv.lock.
[2025-09-22T08:23:16.229+0000] {virtualenv.py:122} INFO - Waiting for virtualenv lock to be released
[2025-09-22T08:23:17.231+0000] {virtualenv.py:178} INFO - Checking for running process with PID 3942
[2025-09-22T08:23:17.232+0000] {virtualenv.py:181} INFO - Process 3942 running: True and has the lock /opt/***/cosmos_venvs/ecom_intermediate/cosmos_virtualenv.lock.
[2025-09-22T08:23:17.232+0000] {virtualenv.py:122} INFO - Waiting for virtualenv lock to be released
[2025-09-22T08:23:18.235+0000] {virtualenv.py:178} INFO - Checking for running process with PID 3942
[2025-09-22T08:23:18.237+0000] {virtualenv.py:181} INFO - Process 3942 running: True and has the lock /opt/***/cosmos_venvs/ecom_intermediate/cosmos_virtualenv.lock.
[2025-09-22T08:23:18.238+0000] {virtualenv.py:122} INFO - Waiting for virtualenv lock to be released
[2025-09-22T08:23:19.241+0000] {virtualenv.py:178} INFO - Checking for running process with PID 3942
[2025-09-22T08:23:19.242+0000] {virtualenv.py:181} INFO - Process 3942 running: True and has the lock /opt/***/cosmos_venvs/ecom_intermediate/cosmos_virtualenv.lock.
[2025-09-22T08:23:19.244+0000] {virtualenv.py:122} INFO - Waiting for virtualenv lock to be released
[2025-09-22T08:23:20.245+0000] {virtualenv.py:178} INFO - Checking for running process with PID 3942
[2025-09-22T08:23:20.246+0000] {virtualenv.py:181} INFO - Process 3942 running: True and has the lock /opt/***/cosmos_venvs/ecom_intermediate/cosmos_virtualenv.lock.
[2025-09-22T08:23:20.247+0000] {virtualenv.py:122} INFO - Waiting for virtualenv lock to be released
[2025-09-22T08:23:21.249+0000] {virtualenv.py:178} INFO - Checking for running process with PID 3942
[2025-09-22T08:23:21.250+0000] {virtualenv.py:181} INFO - Process 3942 running: True and has the lock /opt/***/cosmos_venvs/ecom_intermediate/cosmos_virtualenv.lock.
[2025-09-22T08:23:21.250+0000] {virtualenv.py:122} INFO - Waiting for virtualenv lock to be released
[2025-09-22T08:23:22.252+0000] {virtualenv.py:178} INFO - Checking for running process with PID 3942
[2025-09-22T08:23:22.254+0000] {virtualenv.py:181} INFO - Process 3942 running: True and has the lock /opt/***/cosmos_venvs/ecom_intermediate/cosmos_virtualenv.lock.
[2025-09-22T08:23:22.255+0000] {virtualenv.py:122} INFO - Waiting for virtualenv lock to be released
[2025-09-22T08:23:23.258+0000] {virtualenv.py:178} INFO - Checking for running process with PID 3942
[2025-09-22T08:23:23.259+0000] {virtualenv.py:181} INFO - Process 3942 running: True and has the lock /opt/***/cosmos_venvs/ecom_intermediate/cosmos_virtualenv.lock.
[2025-09-22T08:23:23.260+0000] {virtualenv.py:122} INFO - Waiting for virtualenv lock to be released
[2025-09-22T08:23:24.261+0000] {virtualenv.py:178} INFO - Checking for running process with PID 3942
[2025-09-22T08:23:24.262+0000] {virtualenv.py:181} INFO - Process 3942 running: True and has the lock /opt/***/cosmos_venvs/ecom_intermediate/cosmos_virtualenv.lock.
[2025-09-22T08:23:24.267+0000] {virtualenv.py:122} INFO - Waiting for virtualenv lock to be released
[2025-09-22T08:23:25.268+0000] {virtualenv.py:178} INFO - Checking for running process with PID 3942
[2025-09-22T08:23:25.269+0000] {virtualenv.py:181} INFO - Process 3942 running: True and has the lock /opt/***/cosmos_venvs/ecom_intermediate/cosmos_virtualenv.lock.
[2025-09-22T08:23:25.270+0000] {virtualenv.py:122} INFO - Waiting for virtualenv lock to be released
[2025-09-22T08:23:26.271+0000] {virtualenv.py:178} INFO - Checking for running process with PID 3942
[2025-09-22T08:23:26.272+0000] {virtualenv.py:181} INFO - Process 3942 running: True and has the lock /opt/***/cosmos_venvs/ecom_intermediate/cosmos_virtualenv.lock.
[2025-09-22T08:23:26.273+0000] {virtualenv.py:122} INFO - Waiting for virtualenv lock to be released
[2025-09-22T08:23:27.275+0000] {virtualenv.py:178} INFO - Checking for running process with PID 3942
[2025-09-22T08:23:27.275+0000] {virtualenv.py:181} INFO - Process 3942 running: True and has the lock /opt/***/cosmos_venvs/ecom_intermediate/cosmos_virtualenv.lock.
[2025-09-22T08:23:27.276+0000] {virtualenv.py:122} INFO - Waiting for virtualenv lock to be released
[2025-09-22T08:23:28.274+0000] {virtualenv.py:178} INFO - Checking for running process with PID 3942
[2025-09-22T08:23:28.276+0000] {virtualenv.py:181} INFO - Process 3942 running: True and has the lock /opt/***/cosmos_venvs/ecom_intermediate/cosmos_virtualenv.lock.
[2025-09-22T08:23:28.277+0000] {virtualenv.py:122} INFO - Waiting for virtualenv lock to be released
[2025-09-22T08:23:29.280+0000] {virtualenv.py:178} INFO - Checking for running process with PID 3942
[2025-09-22T08:23:29.281+0000] {virtualenv.py:181} INFO - Process 3942 running: True and has the lock /opt/***/cosmos_venvs/ecom_intermediate/cosmos_virtualenv.lock.
[2025-09-22T08:23:29.282+0000] {virtualenv.py:122} INFO - Waiting for virtualenv lock to be released
[2025-09-22T08:23:30.284+0000] {virtualenv.py:178} INFO - Checking for running process with PID 3942
[2025-09-22T08:23:30.285+0000] {virtualenv.py:181} INFO - Process 3942 running: True and has the lock /opt/***/cosmos_venvs/ecom_intermediate/cosmos_virtualenv.lock.
[2025-09-22T08:23:30.286+0000] {virtualenv.py:122} INFO - Waiting for virtualenv lock to be released
[2025-09-22T08:23:31.287+0000] {virtualenv.py:178} INFO - Checking for running process with PID 3942
[2025-09-22T08:23:31.288+0000] {virtualenv.py:181} INFO - Process 3942 running: True and has the lock /opt/***/cosmos_venvs/ecom_intermediate/cosmos_virtualenv.lock.
[2025-09-22T08:23:31.289+0000] {virtualenv.py:122} INFO - Waiting for virtualenv lock to be released
[2025-09-22T08:23:32.292+0000] {virtualenv.py:178} INFO - Checking for running process with PID 3949
[2025-09-22T08:23:32.293+0000] {virtualenv.py:181} INFO - Process 3949 running: True and has the lock /opt/***/cosmos_venvs/ecom_intermediate/cosmos_virtualenv.lock.
[2025-09-22T08:23:32.294+0000] {virtualenv.py:122} INFO - Waiting for virtualenv lock to be released
[2025-09-22T08:23:33.296+0000] {virtualenv.py:178} INFO - Checking for running process with PID 3949
[2025-09-22T08:23:33.296+0000] {virtualenv.py:181} INFO - Process 3949 running: True and has the lock /opt/***/cosmos_venvs/ecom_intermediate/cosmos_virtualenv.lock.
[2025-09-22T08:23:33.298+0000] {virtualenv.py:122} INFO - Waiting for virtualenv lock to be released
[2025-09-22T08:23:34.300+0000] {virtualenv.py:178} INFO - Checking for running process with PID 3949
[2025-09-22T08:23:34.302+0000] {virtualenv.py:181} INFO - Process 3949 running: True and has the lock /opt/***/cosmos_venvs/ecom_intermediate/cosmos_virtualenv.lock.
[2025-09-22T08:23:34.308+0000] {virtualenv.py:122} INFO - Waiting for virtualenv lock to be released
[2025-09-22T08:23:35.309+0000] {virtualenv.py:178} INFO - Checking for running process with PID 3949
[2025-09-22T08:23:35.310+0000] {virtualenv.py:181} INFO - Process 3949 running: True and has the lock /opt/***/cosmos_venvs/ecom_intermediate/cosmos_virtualenv.lock.
[2025-09-22T08:23:35.311+0000] {virtualenv.py:122} INFO - Waiting for virtualenv lock to be released
[2025-09-22T08:23:36.312+0000] {virtualenv.py:178} INFO - Checking for running process with PID 3949
[2025-09-22T08:23:36.313+0000] {virtualenv.py:181} INFO - Process 3949 running: True and has the lock /opt/***/cosmos_venvs/ecom_intermediate/cosmos_virtualenv.lock.
[2025-09-22T08:23:36.313+0000] {virtualenv.py:122} INFO - Waiting for virtualenv lock to be released
[2025-09-22T08:23:37.315+0000] {virtualenv.py:178} INFO - Checking for running process with PID 3949
[2025-09-22T08:23:37.316+0000] {virtualenv.py:181} INFO - Process 3949 running: True and has the lock /opt/***/cosmos_venvs/ecom_intermediate/cosmos_virtualenv.lock.
[2025-09-22T08:23:37.316+0000] {virtualenv.py:122} INFO - Waiting for virtualenv lock to be released
[2025-09-22T08:23:38.318+0000] {virtualenv.py:178} INFO - Checking for running process with PID 3949
[2025-09-22T08:23:38.319+0000] {virtualenv.py:181} INFO - Process 3949 running: True and has the lock /opt/***/cosmos_venvs/ecom_intermediate/cosmos_virtualenv.lock.
[2025-09-22T08:23:38.322+0000] {virtualenv.py:122} INFO - Waiting for virtualenv lock to be released
[2025-09-22T08:23:39.325+0000] {virtualenv.py:178} INFO - Checking for running process with PID 3949
[2025-09-22T08:23:39.326+0000] {virtualenv.py:181} INFO - Process 3949 running: True and has the lock /opt/***/cosmos_venvs/ecom_intermediate/cosmos_virtualenv.lock.
[2025-09-22T08:23:39.326+0000] {virtualenv.py:122} INFO - Waiting for virtualenv lock to be released
[2025-09-22T08:23:40.328+0000] {virtualenv.py:178} INFO - Checking for running process with PID 3949
[2025-09-22T08:23:40.329+0000] {virtualenv.py:181} INFO - Process 3949 running: True and has the lock /opt/***/cosmos_venvs/ecom_intermediate/cosmos_virtualenv.lock.
[2025-09-22T08:23:40.329+0000] {virtualenv.py:122} INFO - Waiting for virtualenv lock to be released
[2025-09-22T08:23:41.331+0000] {virtualenv.py:178} INFO - Checking for running process with PID 3949
[2025-09-22T08:23:41.332+0000] {virtualenv.py:181} INFO - Process 3949 running: True and has the lock /opt/***/cosmos_venvs/ecom_intermediate/cosmos_virtualenv.lock.
[2025-09-22T08:23:41.332+0000] {virtualenv.py:122} INFO - Waiting for virtualenv lock to be released
[2025-09-22T08:23:42.334+0000] {virtualenv.py:178} INFO - Checking for running process with PID 3949
[2025-09-22T08:23:42.334+0000] {virtualenv.py:181} INFO - Process 3949 running: True and has the lock /opt/***/cosmos_venvs/ecom_intermediate/cosmos_virtualenv.lock.
[2025-09-22T08:23:42.334+0000] {virtualenv.py:122} INFO - Waiting for virtualenv lock to be released
[2025-09-22T08:23:43.336+0000] {virtualenv.py:178} INFO - Checking for running process with PID 3949
[2025-09-22T08:23:43.337+0000] {virtualenv.py:181} INFO - Process 3949 running: True and has the lock /opt/***/cosmos_venvs/ecom_intermediate/cosmos_virtualenv.lock.
[2025-09-22T08:23:43.338+0000] {virtualenv.py:122} INFO - Waiting for virtualenv lock to be released
[2025-09-22T08:23:44.339+0000] {virtualenv.py:178} INFO - Checking for running process with PID 3949
[2025-09-22T08:23:44.340+0000] {virtualenv.py:181} INFO - Process 3949 running: True and has the lock /opt/***/cosmos_venvs/ecom_intermediate/cosmos_virtualenv.lock.
[2025-09-22T08:23:44.341+0000] {virtualenv.py:122} INFO - Waiting for virtualenv lock to be released
[2025-09-22T08:23:45.343+0000] {virtualenv.py:178} INFO - Checking for running process with PID 3949
[2025-09-22T08:23:45.343+0000] {virtualenv.py:181} INFO - Process 3949 running: True and has the lock /opt/***/cosmos_venvs/ecom_intermediate/cosmos_virtualenv.lock.
[2025-09-22T08:23:45.344+0000] {virtualenv.py:122} INFO - Waiting for virtualenv lock to be released
[2025-09-22T08:23:46.345+0000] {virtualenv.py:178} INFO - Checking for running process with PID 3949
[2025-09-22T08:23:46.346+0000] {virtualenv.py:181} INFO - Process 3949 running: True and has the lock /opt/***/cosmos_venvs/ecom_intermediate/cosmos_virtualenv.lock.
[2025-09-22T08:23:46.347+0000] {virtualenv.py:122} INFO - Waiting for virtualenv lock to be released
[2025-09-22T08:23:47.349+0000] {virtualenv.py:178} INFO - Checking for running process with PID 3949
[2025-09-22T08:23:47.350+0000] {virtualenv.py:181} INFO - Process 3949 running: True and has the lock /opt/***/cosmos_venvs/ecom_intermediate/cosmos_virtualenv.lock.
[2025-09-22T08:23:47.350+0000] {virtualenv.py:122} INFO - Waiting for virtualenv lock to be released
[2025-09-22T08:23:48.352+0000] {virtualenv.py:178} INFO - Checking for running process with PID 3949
[2025-09-22T08:23:48.357+0000] {virtualenv.py:181} INFO - Process 3949 running: True and has the lock /opt/***/cosmos_venvs/ecom_intermediate/cosmos_virtualenv.lock.
[2025-09-22T08:23:48.358+0000] {virtualenv.py:122} INFO - Waiting for virtualenv lock to be released
[2025-09-22T08:23:49.359+0000] {virtualenv.py:178} INFO - Checking for running process with PID 3944
[2025-09-22T08:23:49.360+0000] {virtualenv.py:181} INFO - Process 3944 running: True and has the lock /opt/***/cosmos_venvs/ecom_intermediate/cosmos_virtualenv.lock.
[2025-09-22T08:23:49.361+0000] {virtualenv.py:122} INFO - Waiting for virtualenv lock to be released
[2025-09-22T08:23:50.362+0000] {virtualenv.py:178} INFO - Checking for running process with PID 3944
[2025-09-22T08:23:50.363+0000] {virtualenv.py:181} INFO - Process 3944 running: True and has the lock /opt/***/cosmos_venvs/ecom_intermediate/cosmos_virtualenv.lock.
[2025-09-22T08:23:50.363+0000] {virtualenv.py:122} INFO - Waiting for virtualenv lock to be released
[2025-09-22T08:23:51.365+0000] {virtualenv.py:178} INFO - Checking for running process with PID 3944
[2025-09-22T08:23:51.366+0000] {virtualenv.py:181} INFO - Process 3944 running: True and has the lock /opt/***/cosmos_venvs/ecom_intermediate/cosmos_virtualenv.lock.
[2025-09-22T08:23:51.367+0000] {virtualenv.py:122} INFO - Waiting for virtualenv lock to be released
[2025-09-22T08:23:52.368+0000] {virtualenv.py:178} INFO - Checking for running process with PID 3944
[2025-09-22T08:23:52.370+0000] {virtualenv.py:181} INFO - Process 3944 running: True and has the lock /opt/***/cosmos_venvs/ecom_intermediate/cosmos_virtualenv.lock.
[2025-09-22T08:23:52.370+0000] {virtualenv.py:122} INFO - Waiting for virtualenv lock to be released
[2025-09-22T08:23:53.372+0000] {virtualenv.py:178} INFO - Checking for running process with PID 3944
[2025-09-22T08:23:53.373+0000] {virtualenv.py:181} INFO - Process 3944 running: True and has the lock /opt/***/cosmos_venvs/ecom_intermediate/cosmos_virtualenv.lock.
[2025-09-22T08:23:53.373+0000] {virtualenv.py:122} INFO - Waiting for virtualenv lock to be released
[2025-09-22T08:23:54.375+0000] {virtualenv.py:178} INFO - Checking for running process with PID 3944
[2025-09-22T08:23:54.376+0000] {virtualenv.py:181} INFO - Process 3944 running: True and has the lock /opt/***/cosmos_venvs/ecom_intermediate/cosmos_virtualenv.lock.
[2025-09-22T08:23:54.377+0000] {virtualenv.py:122} INFO - Waiting for virtualenv lock to be released
[2025-09-22T08:23:55.378+0000] {virtualenv.py:178} INFO - Checking for running process with PID 3944
[2025-09-22T08:23:55.379+0000] {virtualenv.py:181} INFO - Process 3944 running: True and has the lock /opt/***/cosmos_venvs/ecom_intermediate/cosmos_virtualenv.lock.
[2025-09-22T08:23:55.380+0000] {virtualenv.py:122} INFO - Waiting for virtualenv lock to be released
[2025-09-22T08:23:56.382+0000] {virtualenv.py:178} INFO - Checking for running process with PID 3944
[2025-09-22T08:23:56.382+0000] {virtualenv.py:181} INFO - Process 3944 running: True and has the lock /opt/***/cosmos_venvs/ecom_intermediate/cosmos_virtualenv.lock.
[2025-09-22T08:23:56.383+0000] {virtualenv.py:122} INFO - Waiting for virtualenv lock to be released
[2025-09-22T08:23:57.385+0000] {virtualenv.py:178} INFO - Checking for running process with PID 3944
[2025-09-22T08:23:57.385+0000] {virtualenv.py:181} INFO - Process 3944 running: True and has the lock /opt/***/cosmos_venvs/ecom_intermediate/cosmos_virtualenv.lock.
[2025-09-22T08:23:57.386+0000] {virtualenv.py:122} INFO - Waiting for virtualenv lock to be released
[2025-09-22T08:23:58.388+0000] {virtualenv.py:178} INFO - Checking for running process with PID 3944
[2025-09-22T08:23:58.389+0000] {virtualenv.py:181} INFO - Process 3944 running: True and has the lock /opt/***/cosmos_venvs/ecom_intermediate/cosmos_virtualenv.lock.
[2025-09-22T08:23:58.390+0000] {virtualenv.py:122} INFO - Waiting for virtualenv lock to be released
[2025-09-22T08:23:59.392+0000] {virtualenv.py:178} INFO - Checking for running process with PID 3944
[2025-09-22T08:23:59.393+0000] {virtualenv.py:181} INFO - Process 3944 running: True and has the lock /opt/***/cosmos_venvs/ecom_intermediate/cosmos_virtualenv.lock.
[2025-09-22T08:23:59.393+0000] {virtualenv.py:122} INFO - Waiting for virtualenv lock to be released
[2025-09-22T08:24:00.395+0000] {virtualenv.py:178} INFO - Checking for running process with PID 3944
[2025-09-22T08:24:00.395+0000] {virtualenv.py:181} INFO - Process 3944 running: True and has the lock /opt/***/cosmos_venvs/ecom_intermediate/cosmos_virtualenv.lock.
[2025-09-22T08:24:00.395+0000] {virtualenv.py:122} INFO - Waiting for virtualenv lock to be released
[2025-09-22T08:24:01.397+0000] {virtualenv.py:178} INFO - Checking for running process with PID 3944
[2025-09-22T08:24:01.398+0000] {virtualenv.py:181} INFO - Process 3944 running: True and has the lock /opt/***/cosmos_venvs/ecom_intermediate/cosmos_virtualenv.lock.
[2025-09-22T08:24:01.399+0000] {virtualenv.py:122} INFO - Waiting for virtualenv lock to be released
[2025-09-22T08:24:02.400+0000] {virtualenv.py:178} INFO - Checking for running process with PID 3944
[2025-09-22T08:24:02.402+0000] {virtualenv.py:181} INFO - Process 3944 running: True and has the lock /opt/***/cosmos_venvs/ecom_intermediate/cosmos_virtualenv.lock.
[2025-09-22T08:24:02.403+0000] {virtualenv.py:122} INFO - Waiting for virtualenv lock to be released
[2025-09-22T08:24:03.404+0000] {virtualenv.py:178} INFO - Checking for running process with PID 3944
[2025-09-22T08:24:03.405+0000] {virtualenv.py:181} INFO - Process 3944 running: True and has the lock /opt/***/cosmos_venvs/ecom_intermediate/cosmos_virtualenv.lock.
[2025-09-22T08:24:03.407+0000] {virtualenv.py:122} INFO - Waiting for virtualenv lock to be released
[2025-09-22T08:24:04.409+0000] {virtualenv.py:131} INFO - Releasing virtualenv lock
[2025-09-22T08:24:04.410+0000] {virtualenv.py:210} WARNING - Lockfile owned by process of pid 3941, while operator has pid 3938
[2025-09-22T08:24:04.410+0000] {taskinstance.py:441} INFO - ::group::Post task execution logs
[2025-09-22T08:24:04.411+0000] {taskinstance.py:2905} ERROR - Task failed with exception
Traceback (most recent call last):
  File "/home/airflow/.local/lib/python3.10/site-packages/airflow/models/taskinstance.py", line 465, in _execute_task
    result = _execute_callable(context=context, **execute_callable_kwargs)
  File "/home/airflow/.local/lib/python3.10/site-packages/airflow/models/taskinstance.py", line 432, in _execute_callable
    return execute_callable(context=context, **execute_callable_kwargs)
  File "/home/airflow/.local/lib/python3.10/site-packages/airflow/models/baseoperator.py", line 401, in wrapper
    return func(self, *args, **kwargs)
  File "/home/airflow/.local/lib/python3.10/site-packages/cosmos/operators/virtualenv.py", line 144, in execute
    output = super().execute(context)
  File "/home/airflow/.local/lib/python3.10/site-packages/cosmos/operators/base.py", line 310, in execute
    self.build_and_run_cmd(context=context, cmd_flags=self.add_cmd_flags())
  File "/home/airflow/.local/lib/python3.10/site-packages/cosmos/operators/local.py", line 853, in build_and_run_cmd
    result = self.run_command(
  File "/home/airflow/.local/lib/python3.10/site-packages/cosmos/operators/virtualenv.py", line 121, in run_command
    while not self._is_lock_available() and self.max_retries_lock:
  File "/home/airflow/.local/lib/python3.10/site-packages/cosmos/operators/virtualenv.py", line 52, in wrapper
    return method(operator, *args)
  File "/home/airflow/.local/lib/python3.10/site-packages/cosmos/operators/virtualenv.py", line 177, in _is_lock_available
    pid = int(lf.read())
ValueError: invalid literal for int() with base 10: ''
[2025-09-22T08:24:04.457+0000] {taskinstance.py:1206} INFO - Marking task as FAILED. dag_id=dbt_intermediate, task_id=intermediate.order_statuses.run, run_id=scheduled__2025-09-21T00:00:00+00:00, execution_date=20250921T000000, start_date=20250922T082313, end_date=20250922T082404
[2025-09-22T08:24:04.481+0000] {standard_task_runner.py:110} ERROR - Failed to execute job 681 for task intermediate.order_statuses.run (invalid literal for int() with base 10: ''; 3938)
[2025-09-22T08:24:04.512+0000] {local_task_job_runner.py:243} INFO - Task exited with return code 1
[2025-09-22T08:24:04.594+0000] {taskinstance.py:3503} INFO - 0 downstream tasks scheduled from follow-on schedule check
[2025-09-22T08:24:04.601+0000] {local_task_job_runner.py:222} INFO - ::endgroup::
