[2025-09-19T10:14:58.382+0000] {local_task_job_runner.py:120} INFO - ::group::Pre task execution logs
[2025-09-19T10:14:58.974+0000] {taskinstance.py:2076} INFO - Dependencies all met for dep_context=non-requeueable deps ti=<TaskInstance: dbt_intermediate.intermediate.subcategories_enriched.run manual__2025-09-19T10:14:55.158074+00:00 [queued]>
[2025-09-19T10:14:59.015+0000] {taskinstance.py:2076} INFO - Dependencies all met for dep_context=requeueable deps ti=<TaskInstance: dbt_intermediate.intermediate.subcategories_enriched.run manual__2025-09-19T10:14:55.158074+00:00 [queued]>
[2025-09-19T10:14:59.016+0000] {taskinstance.py:2306} INFO - Starting attempt 1 of 1
[2025-09-19T10:14:59.059+0000] {taskinstance.py:2330} INFO - Executing <Task(DbtRunVirtualenvOperator): intermediate.subcategories_enriched.run> on 2025-09-19 10:14:55.158074+00:00
[2025-09-19T10:14:59.068+0000] {standard_task_runner.py:64} INFO - Started process 2678 to run task
[2025-09-19T10:14:59.081+0000] {standard_task_runner.py:90} INFO - Running: ['***', 'tasks', 'run', 'dbt_intermediate', 'intermediate.subcategories_enriched.run', 'manual__2025-09-19T10:14:55.158074+00:00', '--job-id', '557', '--raw', '--subdir', 'DAGS_FOLDER/dbt_intermediate.py', '--cfg-path', '/tmp/tmp68vhif1b']
[2025-09-19T10:14:59.086+0000] {standard_task_runner.py:91} INFO - Job 557: Subtask intermediate.subcategories_enriched.run
[2025-09-19T10:14:59.458+0000] {task_command.py:426} INFO - Running <TaskInstance: dbt_intermediate.intermediate.subcategories_enriched.run manual__2025-09-19T10:14:55.158074+00:00 [running]> on host e95bde6b8d07
[2025-09-19T10:15:00.059+0000] {taskinstance.py:2648} INFO - Exporting env vars: AIRFLOW_CTX_DAG_OWNER='***' AIRFLOW_CTX_DAG_ID='dbt_intermediate' AIRFLOW_CTX_TASK_ID='intermediate.subcategories_enriched.run' AIRFLOW_CTX_EXECUTION_DATE='2025-09-19T10:14:55.158074+00:00' AIRFLOW_CTX_TRY_NUMBER='1' AIRFLOW_CTX_DAG_RUN_ID='manual__2025-09-19T10:14:55.158074+00:00'
[2025-09-19T10:15:00.061+0000] {taskinstance.py:430} INFO - ::endgroup::
[2025-09-19T10:15:00.089+0000] {virtualenv.py:120} INFO - Checking if the virtualenv lock /opt/***/cosmos_venvs/ecom_intermediate/cosmos_virtualenv.lock exists
[2025-09-19T10:15:00.090+0000] {virtualenv.py:178} INFO - Checking for running process with PID 2675
[2025-09-19T10:15:00.091+0000] {virtualenv.py:181} INFO - Process 2675 running: True and has the lock /opt/***/cosmos_venvs/ecom_intermediate/cosmos_virtualenv.lock.
[2025-09-19T10:15:00.092+0000] {virtualenv.py:122} INFO - Waiting for virtualenv lock to be released
[2025-09-19T10:15:01.093+0000] {virtualenv.py:178} INFO - Checking for running process with PID 2675
[2025-09-19T10:15:01.094+0000] {virtualenv.py:181} INFO - Process 2675 running: True and has the lock /opt/***/cosmos_venvs/ecom_intermediate/cosmos_virtualenv.lock.
[2025-09-19T10:15:01.094+0000] {virtualenv.py:122} INFO - Waiting for virtualenv lock to be released
[2025-09-19T10:15:02.095+0000] {virtualenv.py:178} INFO - Checking for running process with PID 2675
[2025-09-19T10:15:02.096+0000] {virtualenv.py:181} INFO - Process 2675 running: True and has the lock /opt/***/cosmos_venvs/ecom_intermediate/cosmos_virtualenv.lock.
[2025-09-19T10:15:02.096+0000] {virtualenv.py:122} INFO - Waiting for virtualenv lock to be released
[2025-09-19T10:15:03.098+0000] {virtualenv.py:178} INFO - Checking for running process with PID 2675
[2025-09-19T10:15:03.099+0000] {virtualenv.py:181} INFO - Process 2675 running: True and has the lock /opt/***/cosmos_venvs/ecom_intermediate/cosmos_virtualenv.lock.
[2025-09-19T10:15:03.100+0000] {virtualenv.py:122} INFO - Waiting for virtualenv lock to be released
[2025-09-19T10:15:04.099+0000] {virtualenv.py:178} INFO - Checking for running process with PID 2675
[2025-09-19T10:15:04.100+0000] {virtualenv.py:181} INFO - Process 2675 running: True and has the lock /opt/***/cosmos_venvs/ecom_intermediate/cosmos_virtualenv.lock.
[2025-09-19T10:15:04.101+0000] {virtualenv.py:122} INFO - Waiting for virtualenv lock to be released
[2025-09-19T10:15:05.102+0000] {virtualenv.py:178} INFO - Checking for running process with PID 2675
[2025-09-19T10:15:05.103+0000] {virtualenv.py:181} INFO - Process 2675 running: True and has the lock /opt/***/cosmos_venvs/ecom_intermediate/cosmos_virtualenv.lock.
[2025-09-19T10:15:05.103+0000] {virtualenv.py:122} INFO - Waiting for virtualenv lock to be released
[2025-09-19T10:15:06.105+0000] {virtualenv.py:178} INFO - Checking for running process with PID 2675
[2025-09-19T10:15:06.106+0000] {virtualenv.py:181} INFO - Process 2675 running: True and has the lock /opt/***/cosmos_venvs/ecom_intermediate/cosmos_virtualenv.lock.
[2025-09-19T10:15:06.106+0000] {virtualenv.py:122} INFO - Waiting for virtualenv lock to be released
[2025-09-19T10:15:07.108+0000] {virtualenv.py:178} INFO - Checking for running process with PID 2675
[2025-09-19T10:15:07.108+0000] {virtualenv.py:181} INFO - Process 2675 running: True and has the lock /opt/***/cosmos_venvs/ecom_intermediate/cosmos_virtualenv.lock.
[2025-09-19T10:15:07.109+0000] {virtualenv.py:122} INFO - Waiting for virtualenv lock to be released
[2025-09-19T10:15:08.110+0000] {virtualenv.py:178} INFO - Checking for running process with PID 2675
[2025-09-19T10:15:08.111+0000] {virtualenv.py:181} INFO - Process 2675 running: True and has the lock /opt/***/cosmos_venvs/ecom_intermediate/cosmos_virtualenv.lock.
[2025-09-19T10:15:08.112+0000] {virtualenv.py:122} INFO - Waiting for virtualenv lock to be released
[2025-09-19T10:15:09.113+0000] {virtualenv.py:178} INFO - Checking for running process with PID 2675
[2025-09-19T10:15:09.114+0000] {virtualenv.py:181} INFO - Process 2675 running: True and has the lock /opt/***/cosmos_venvs/ecom_intermediate/cosmos_virtualenv.lock.
[2025-09-19T10:15:09.114+0000] {virtualenv.py:122} INFO - Waiting for virtualenv lock to be released
[2025-09-19T10:15:10.115+0000] {virtualenv.py:178} INFO - Checking for running process with PID 2675
[2025-09-19T10:15:10.115+0000] {virtualenv.py:181} INFO - Process 2675 running: True and has the lock /opt/***/cosmos_venvs/ecom_intermediate/cosmos_virtualenv.lock.
[2025-09-19T10:15:10.116+0000] {virtualenv.py:122} INFO - Waiting for virtualenv lock to be released
[2025-09-19T10:15:11.117+0000] {virtualenv.py:178} INFO - Checking for running process with PID 2675
[2025-09-19T10:15:11.118+0000] {virtualenv.py:181} INFO - Process 2675 running: True and has the lock /opt/***/cosmos_venvs/ecom_intermediate/cosmos_virtualenv.lock.
[2025-09-19T10:15:11.119+0000] {virtualenv.py:122} INFO - Waiting for virtualenv lock to be released
[2025-09-19T10:15:12.120+0000] {virtualenv.py:178} INFO - Checking for running process with PID 2675
[2025-09-19T10:15:12.121+0000] {virtualenv.py:181} INFO - Process 2675 running: True and has the lock /opt/***/cosmos_venvs/ecom_intermediate/cosmos_virtualenv.lock.
[2025-09-19T10:15:12.122+0000] {virtualenv.py:122} INFO - Waiting for virtualenv lock to be released
[2025-09-19T10:15:13.124+0000] {virtualenv.py:178} INFO - Checking for running process with PID 2675
[2025-09-19T10:15:13.125+0000] {virtualenv.py:181} INFO - Process 2675 running: True and has the lock /opt/***/cosmos_venvs/ecom_intermediate/cosmos_virtualenv.lock.
[2025-09-19T10:15:13.125+0000] {virtualenv.py:122} INFO - Waiting for virtualenv lock to be released
[2025-09-19T10:15:14.126+0000] {virtualenv.py:178} INFO - Checking for running process with PID 2675
[2025-09-19T10:15:14.127+0000] {virtualenv.py:181} INFO - Process 2675 running: True and has the lock /opt/***/cosmos_venvs/ecom_intermediate/cosmos_virtualenv.lock.
[2025-09-19T10:15:14.127+0000] {virtualenv.py:122} INFO - Waiting for virtualenv lock to be released
[2025-09-19T10:15:15.129+0000] {virtualenv.py:178} INFO - Checking for running process with PID 2675
[2025-09-19T10:15:15.129+0000] {virtualenv.py:181} INFO - Process 2675 running: True and has the lock /opt/***/cosmos_venvs/ecom_intermediate/cosmos_virtualenv.lock.
[2025-09-19T10:15:15.130+0000] {virtualenv.py:122} INFO - Waiting for virtualenv lock to be released
[2025-09-19T10:15:16.131+0000] {virtualenv.py:178} INFO - Checking for running process with PID 2675
[2025-09-19T10:15:16.132+0000] {virtualenv.py:181} INFO - Process 2675 running: True and has the lock /opt/***/cosmos_venvs/ecom_intermediate/cosmos_virtualenv.lock.
[2025-09-19T10:15:16.133+0000] {virtualenv.py:122} INFO - Waiting for virtualenv lock to be released
[2025-09-19T10:15:17.135+0000] {virtualenv.py:178} INFO - Checking for running process with PID 2675
[2025-09-19T10:15:17.135+0000] {virtualenv.py:181} INFO - Process 2675 running: True and has the lock /opt/***/cosmos_venvs/ecom_intermediate/cosmos_virtualenv.lock.
[2025-09-19T10:15:17.136+0000] {virtualenv.py:122} INFO - Waiting for virtualenv lock to be released
[2025-09-19T10:15:18.138+0000] {virtualenv.py:178} INFO - Checking for running process with PID 2675
[2025-09-19T10:15:18.139+0000] {virtualenv.py:181} INFO - Process 2675 running: True and has the lock /opt/***/cosmos_venvs/ecom_intermediate/cosmos_virtualenv.lock.
[2025-09-19T10:15:18.139+0000] {virtualenv.py:122} INFO - Waiting for virtualenv lock to be released
[2025-09-19T10:15:19.141+0000] {virtualenv.py:178} INFO - Checking for running process with PID 2675
[2025-09-19T10:15:19.142+0000] {virtualenv.py:181} INFO - Process 2675 running: True and has the lock /opt/***/cosmos_venvs/ecom_intermediate/cosmos_virtualenv.lock.
[2025-09-19T10:15:19.142+0000] {virtualenv.py:122} INFO - Waiting for virtualenv lock to be released
[2025-09-19T10:15:20.143+0000] {virtualenv.py:178} INFO - Checking for running process with PID 2675
[2025-09-19T10:15:20.144+0000] {virtualenv.py:181} INFO - Process 2675 running: True and has the lock /opt/***/cosmos_venvs/ecom_intermediate/cosmos_virtualenv.lock.
[2025-09-19T10:15:20.145+0000] {virtualenv.py:122} INFO - Waiting for virtualenv lock to be released
[2025-09-19T10:15:21.146+0000] {virtualenv.py:178} INFO - Checking for running process with PID 2675
[2025-09-19T10:15:21.147+0000] {virtualenv.py:181} INFO - Process 2675 running: True and has the lock /opt/***/cosmos_venvs/ecom_intermediate/cosmos_virtualenv.lock.
[2025-09-19T10:15:21.148+0000] {virtualenv.py:122} INFO - Waiting for virtualenv lock to be released
[2025-09-19T10:15:22.150+0000] {virtualenv.py:178} INFO - Checking for running process with PID 2675
[2025-09-19T10:15:22.151+0000] {virtualenv.py:181} INFO - Process 2675 running: True and has the lock /opt/***/cosmos_venvs/ecom_intermediate/cosmos_virtualenv.lock.
[2025-09-19T10:15:22.152+0000] {virtualenv.py:122} INFO - Waiting for virtualenv lock to be released
[2025-09-19T10:15:23.154+0000] {virtualenv.py:178} INFO - Checking for running process with PID 2675
[2025-09-19T10:15:23.155+0000] {virtualenv.py:181} INFO - Process 2675 running: True and has the lock /opt/***/cosmos_venvs/ecom_intermediate/cosmos_virtualenv.lock.
[2025-09-19T10:15:23.156+0000] {virtualenv.py:122} INFO - Waiting for virtualenv lock to be released
[2025-09-19T10:15:24.159+0000] {virtualenv.py:178} INFO - Checking for running process with PID 2675
[2025-09-19T10:15:24.160+0000] {virtualenv.py:181} INFO - Process 2675 running: True and has the lock /opt/***/cosmos_venvs/ecom_intermediate/cosmos_virtualenv.lock.
[2025-09-19T10:15:24.161+0000] {virtualenv.py:122} INFO - Waiting for virtualenv lock to be released
[2025-09-19T10:15:25.163+0000] {virtualenv.py:178} INFO - Checking for running process with PID 2675
[2025-09-19T10:15:25.164+0000] {virtualenv.py:181} INFO - Process 2675 running: True and has the lock /opt/***/cosmos_venvs/ecom_intermediate/cosmos_virtualenv.lock.
[2025-09-19T10:15:25.164+0000] {virtualenv.py:122} INFO - Waiting for virtualenv lock to be released
[2025-09-19T10:15:26.166+0000] {virtualenv.py:178} INFO - Checking for running process with PID 2675
[2025-09-19T10:15:26.167+0000] {virtualenv.py:181} INFO - Process 2675 running: True and has the lock /opt/***/cosmos_venvs/ecom_intermediate/cosmos_virtualenv.lock.
[2025-09-19T10:15:26.168+0000] {virtualenv.py:122} INFO - Waiting for virtualenv lock to be released
[2025-09-19T10:15:27.169+0000] {virtualenv.py:178} INFO - Checking for running process with PID 2675
[2025-09-19T10:15:27.170+0000] {virtualenv.py:181} INFO - Process 2675 running: True and has the lock /opt/***/cosmos_venvs/ecom_intermediate/cosmos_virtualenv.lock.
[2025-09-19T10:15:27.171+0000] {virtualenv.py:122} INFO - Waiting for virtualenv lock to be released
[2025-09-19T10:15:28.172+0000] {virtualenv.py:178} INFO - Checking for running process with PID 2675
[2025-09-19T10:15:28.173+0000] {virtualenv.py:181} INFO - Process 2675 running: True and has the lock /opt/***/cosmos_venvs/ecom_intermediate/cosmos_virtualenv.lock.
[2025-09-19T10:15:28.173+0000] {virtualenv.py:122} INFO - Waiting for virtualenv lock to be released
[2025-09-19T10:15:29.175+0000] {virtualenv.py:178} INFO - Checking for running process with PID 2675
[2025-09-19T10:15:29.176+0000] {virtualenv.py:181} INFO - Process 2675 running: True and has the lock /opt/***/cosmos_venvs/ecom_intermediate/cosmos_virtualenv.lock.
[2025-09-19T10:15:29.176+0000] {virtualenv.py:122} INFO - Waiting for virtualenv lock to be released
[2025-09-19T10:15:30.178+0000] {virtualenv.py:178} INFO - Checking for running process with PID 2675
[2025-09-19T10:15:30.179+0000] {virtualenv.py:181} INFO - Process 2675 running: True and has the lock /opt/***/cosmos_venvs/ecom_intermediate/cosmos_virtualenv.lock.
[2025-09-19T10:15:30.180+0000] {virtualenv.py:122} INFO - Waiting for virtualenv lock to be released
[2025-09-19T10:15:31.182+0000] {virtualenv.py:178} INFO - Checking for running process with PID 2677
[2025-09-19T10:15:31.182+0000] {virtualenv.py:181} INFO - Process 2677 running: True and has the lock /opt/***/cosmos_venvs/ecom_intermediate/cosmos_virtualenv.lock.
[2025-09-19T10:15:31.183+0000] {virtualenv.py:122} INFO - Waiting for virtualenv lock to be released
[2025-09-19T10:15:32.184+0000] {virtualenv.py:178} INFO - Checking for running process with PID 2677
[2025-09-19T10:15:32.185+0000] {virtualenv.py:181} INFO - Process 2677 running: True and has the lock /opt/***/cosmos_venvs/ecom_intermediate/cosmos_virtualenv.lock.
[2025-09-19T10:15:32.185+0000] {virtualenv.py:122} INFO - Waiting for virtualenv lock to be released
[2025-09-19T10:15:33.187+0000] {virtualenv.py:178} INFO - Checking for running process with PID 2677
[2025-09-19T10:15:33.188+0000] {virtualenv.py:181} INFO - Process 2677 running: True and has the lock /opt/***/cosmos_venvs/ecom_intermediate/cosmos_virtualenv.lock.
[2025-09-19T10:15:33.189+0000] {virtualenv.py:122} INFO - Waiting for virtualenv lock to be released
[2025-09-19T10:15:34.190+0000] {virtualenv.py:178} INFO - Checking for running process with PID 2677
[2025-09-19T10:15:34.190+0000] {virtualenv.py:181} INFO - Process 2677 running: True and has the lock /opt/***/cosmos_venvs/ecom_intermediate/cosmos_virtualenv.lock.
[2025-09-19T10:15:34.191+0000] {virtualenv.py:122} INFO - Waiting for virtualenv lock to be released
[2025-09-19T10:15:35.191+0000] {virtualenv.py:178} INFO - Checking for running process with PID 2677
[2025-09-19T10:15:35.192+0000] {virtualenv.py:181} INFO - Process 2677 running: True and has the lock /opt/***/cosmos_venvs/ecom_intermediate/cosmos_virtualenv.lock.
[2025-09-19T10:15:35.193+0000] {virtualenv.py:122} INFO - Waiting for virtualenv lock to be released
[2025-09-19T10:15:36.194+0000] {virtualenv.py:178} INFO - Checking for running process with PID 2677
[2025-09-19T10:15:36.195+0000] {virtualenv.py:181} INFO - Process 2677 running: True and has the lock /opt/***/cosmos_venvs/ecom_intermediate/cosmos_virtualenv.lock.
[2025-09-19T10:15:36.195+0000] {virtualenv.py:122} INFO - Waiting for virtualenv lock to be released
[2025-09-19T10:15:37.197+0000] {virtualenv.py:178} INFO - Checking for running process with PID 2677
[2025-09-19T10:15:37.198+0000] {virtualenv.py:181} INFO - Process 2677 running: True and has the lock /opt/***/cosmos_venvs/ecom_intermediate/cosmos_virtualenv.lock.
[2025-09-19T10:15:37.198+0000] {virtualenv.py:122} INFO - Waiting for virtualenv lock to be released
[2025-09-19T10:15:38.200+0000] {virtualenv.py:178} INFO - Checking for running process with PID 2677
[2025-09-19T10:15:38.200+0000] {virtualenv.py:181} INFO - Process 2677 running: True and has the lock /opt/***/cosmos_venvs/ecom_intermediate/cosmos_virtualenv.lock.
[2025-09-19T10:15:38.201+0000] {virtualenv.py:122} INFO - Waiting for virtualenv lock to be released
[2025-09-19T10:15:39.202+0000] {virtualenv.py:178} INFO - Checking for running process with PID 2677
[2025-09-19T10:15:39.203+0000] {virtualenv.py:181} INFO - Process 2677 running: True and has the lock /opt/***/cosmos_venvs/ecom_intermediate/cosmos_virtualenv.lock.
[2025-09-19T10:15:39.203+0000] {virtualenv.py:122} INFO - Waiting for virtualenv lock to be released
[2025-09-19T10:15:40.205+0000] {virtualenv.py:178} INFO - Checking for running process with PID 2677
[2025-09-19T10:15:40.205+0000] {virtualenv.py:181} INFO - Process 2677 running: True and has the lock /opt/***/cosmos_venvs/ecom_intermediate/cosmos_virtualenv.lock.
[2025-09-19T10:15:40.206+0000] {virtualenv.py:122} INFO - Waiting for virtualenv lock to be released
[2025-09-19T10:15:41.208+0000] {virtualenv.py:178} INFO - Checking for running process with PID 2677
[2025-09-19T10:15:41.209+0000] {virtualenv.py:181} INFO - Process 2677 running: True and has the lock /opt/***/cosmos_venvs/ecom_intermediate/cosmos_virtualenv.lock.
[2025-09-19T10:15:41.209+0000] {virtualenv.py:122} INFO - Waiting for virtualenv lock to be released
[2025-09-19T10:15:42.211+0000] {virtualenv.py:178} INFO - Checking for running process with PID 2677
[2025-09-19T10:15:42.212+0000] {virtualenv.py:181} INFO - Process 2677 running: True and has the lock /opt/***/cosmos_venvs/ecom_intermediate/cosmos_virtualenv.lock.
[2025-09-19T10:15:42.213+0000] {virtualenv.py:122} INFO - Waiting for virtualenv lock to be released
[2025-09-19T10:15:43.215+0000] {virtualenv.py:178} INFO - Checking for running process with PID 2677
[2025-09-19T10:15:43.216+0000] {virtualenv.py:181} INFO - Process 2677 running: True and has the lock /opt/***/cosmos_venvs/ecom_intermediate/cosmos_virtualenv.lock.
[2025-09-19T10:15:43.216+0000] {virtualenv.py:122} INFO - Waiting for virtualenv lock to be released
[2025-09-19T10:15:44.217+0000] {virtualenv.py:178} INFO - Checking for running process with PID 2677
[2025-09-19T10:15:44.218+0000] {virtualenv.py:181} INFO - Process 2677 running: True and has the lock /opt/***/cosmos_venvs/ecom_intermediate/cosmos_virtualenv.lock.
[2025-09-19T10:15:44.219+0000] {virtualenv.py:122} INFO - Waiting for virtualenv lock to be released
[2025-09-19T10:15:45.221+0000] {virtualenv.py:178} INFO - Checking for running process with PID 2677
[2025-09-19T10:15:45.222+0000] {virtualenv.py:181} INFO - Process 2677 running: True and has the lock /opt/***/cosmos_venvs/ecom_intermediate/cosmos_virtualenv.lock.
[2025-09-19T10:15:45.223+0000] {virtualenv.py:122} INFO - Waiting for virtualenv lock to be released
[2025-09-19T10:15:46.224+0000] {virtualenv.py:178} INFO - Checking for running process with PID 2800
[2025-09-19T10:15:46.225+0000] {virtualenv.py:181} INFO - Process 2800 running: True and has the lock /opt/***/cosmos_venvs/ecom_intermediate/cosmos_virtualenv.lock.
[2025-09-19T10:15:46.225+0000] {virtualenv.py:122} INFO - Waiting for virtualenv lock to be released
[2025-09-19T10:15:47.227+0000] {virtualenv.py:178} INFO - Checking for running process with PID 2800
[2025-09-19T10:15:47.228+0000] {virtualenv.py:181} INFO - Process 2800 running: True and has the lock /opt/***/cosmos_venvs/ecom_intermediate/cosmos_virtualenv.lock.
[2025-09-19T10:15:47.229+0000] {virtualenv.py:122} INFO - Waiting for virtualenv lock to be released
[2025-09-19T10:15:48.230+0000] {virtualenv.py:178} INFO - Checking for running process with PID 2800
[2025-09-19T10:15:48.231+0000] {virtualenv.py:181} INFO - Process 2800 running: True and has the lock /opt/***/cosmos_venvs/ecom_intermediate/cosmos_virtualenv.lock.
[2025-09-19T10:15:48.232+0000] {virtualenv.py:122} INFO - Waiting for virtualenv lock to be released
[2025-09-19T10:15:49.233+0000] {virtualenv.py:178} INFO - Checking for running process with PID 2800
[2025-09-19T10:15:49.233+0000] {virtualenv.py:181} INFO - Process 2800 running: True and has the lock /opt/***/cosmos_venvs/ecom_intermediate/cosmos_virtualenv.lock.
[2025-09-19T10:15:49.234+0000] {virtualenv.py:122} INFO - Waiting for virtualenv lock to be released
[2025-09-19T10:15:50.236+0000] {virtualenv.py:178} INFO - Checking for running process with PID 2800
[2025-09-19T10:15:50.237+0000] {virtualenv.py:181} INFO - Process 2800 running: True and has the lock /opt/***/cosmos_venvs/ecom_intermediate/cosmos_virtualenv.lock.
[2025-09-19T10:15:50.238+0000] {virtualenv.py:122} INFO - Waiting for virtualenv lock to be released
[2025-09-19T10:15:51.240+0000] {virtualenv.py:178} INFO - Checking for running process with PID 2800
[2025-09-19T10:15:51.241+0000] {virtualenv.py:181} INFO - Process 2800 running: True and has the lock /opt/***/cosmos_venvs/ecom_intermediate/cosmos_virtualenv.lock.
[2025-09-19T10:15:51.241+0000] {virtualenv.py:122} INFO - Waiting for virtualenv lock to be released
[2025-09-19T10:15:52.243+0000] {virtualenv.py:178} INFO - Checking for running process with PID 2800
[2025-09-19T10:15:52.244+0000] {virtualenv.py:181} INFO - Process 2800 running: True and has the lock /opt/***/cosmos_venvs/ecom_intermediate/cosmos_virtualenv.lock.
[2025-09-19T10:15:52.245+0000] {virtualenv.py:122} INFO - Waiting for virtualenv lock to be released
[2025-09-19T10:15:53.247+0000] {virtualenv.py:178} INFO - Checking for running process with PID 2800
[2025-09-19T10:15:53.248+0000] {virtualenv.py:181} INFO - Process 2800 running: True and has the lock /opt/***/cosmos_venvs/ecom_intermediate/cosmos_virtualenv.lock.
[2025-09-19T10:15:53.250+0000] {virtualenv.py:122} INFO - Waiting for virtualenv lock to be released
[2025-09-19T10:15:54.252+0000] {virtualenv.py:178} INFO - Checking for running process with PID 2800
[2025-09-19T10:15:54.253+0000] {virtualenv.py:181} INFO - Process 2800 running: True and has the lock /opt/***/cosmos_venvs/ecom_intermediate/cosmos_virtualenv.lock.
[2025-09-19T10:15:54.254+0000] {virtualenv.py:122} INFO - Waiting for virtualenv lock to be released
[2025-09-19T10:15:55.255+0000] {virtualenv.py:178} INFO - Checking for running process with PID 2800
[2025-09-19T10:15:55.256+0000] {virtualenv.py:181} INFO - Process 2800 running: True and has the lock /opt/***/cosmos_venvs/ecom_intermediate/cosmos_virtualenv.lock.
[2025-09-19T10:15:55.257+0000] {virtualenv.py:122} INFO - Waiting for virtualenv lock to be released
[2025-09-19T10:15:56.259+0000] {virtualenv.py:178} INFO - Checking for running process with PID 2800
[2025-09-19T10:15:56.260+0000] {virtualenv.py:181} INFO - Process 2800 running: True and has the lock /opt/***/cosmos_venvs/ecom_intermediate/cosmos_virtualenv.lock.
[2025-09-19T10:15:56.260+0000] {virtualenv.py:122} INFO - Waiting for virtualenv lock to be released
[2025-09-19T10:15:57.262+0000] {virtualenv.py:178} INFO - Checking for running process with PID 2800
[2025-09-19T10:15:57.264+0000] {virtualenv.py:181} INFO - Process 2800 running: True and has the lock /opt/***/cosmos_venvs/ecom_intermediate/cosmos_virtualenv.lock.
[2025-09-19T10:15:57.265+0000] {virtualenv.py:122} INFO - Waiting for virtualenv lock to be released
[2025-09-19T10:15:58.267+0000] {virtualenv.py:178} INFO - Checking for running process with PID 2800
[2025-09-19T10:15:58.268+0000] {virtualenv.py:181} INFO - Process 2800 running: True and has the lock /opt/***/cosmos_venvs/ecom_intermediate/cosmos_virtualenv.lock.
[2025-09-19T10:15:58.268+0000] {virtualenv.py:122} INFO - Waiting for virtualenv lock to be released
[2025-09-19T10:15:59.270+0000] {virtualenv.py:178} INFO - Checking for running process with PID 2800
[2025-09-19T10:15:59.271+0000] {virtualenv.py:181} INFO - Process 2800 running: True and has the lock /opt/***/cosmos_venvs/ecom_intermediate/cosmos_virtualenv.lock.
[2025-09-19T10:15:59.271+0000] {virtualenv.py:122} INFO - Waiting for virtualenv lock to be released
[2025-09-19T10:16:00.273+0000] {virtualenv.py:178} INFO - Checking for running process with PID 2800
[2025-09-19T10:16:00.274+0000] {virtualenv.py:181} INFO - Process 2800 running: True and has the lock /opt/***/cosmos_venvs/ecom_intermediate/cosmos_virtualenv.lock.
[2025-09-19T10:16:00.275+0000] {virtualenv.py:122} INFO - Waiting for virtualenv lock to be released
[2025-09-19T10:16:01.277+0000] {virtualenv.py:178} INFO - Checking for running process with PID 2883
[2025-09-19T10:16:01.278+0000] {virtualenv.py:181} INFO - Process 2883 running: True and has the lock /opt/***/cosmos_venvs/ecom_intermediate/cosmos_virtualenv.lock.
[2025-09-19T10:16:01.278+0000] {virtualenv.py:122} INFO - Waiting for virtualenv lock to be released
[2025-09-19T10:16:02.280+0000] {virtualenv.py:178} INFO - Checking for running process with PID 2883
[2025-09-19T10:16:02.281+0000] {virtualenv.py:181} INFO - Process 2883 running: True and has the lock /opt/***/cosmos_venvs/ecom_intermediate/cosmos_virtualenv.lock.
[2025-09-19T10:16:02.282+0000] {virtualenv.py:122} INFO - Waiting for virtualenv lock to be released
[2025-09-19T10:16:03.283+0000] {virtualenv.py:178} INFO - Checking for running process with PID 2883
[2025-09-19T10:16:03.284+0000] {virtualenv.py:181} INFO - Process 2883 running: True and has the lock /opt/***/cosmos_venvs/ecom_intermediate/cosmos_virtualenv.lock.
[2025-09-19T10:16:03.284+0000] {virtualenv.py:122} INFO - Waiting for virtualenv lock to be released
[2025-09-19T10:16:04.284+0000] {virtualenv.py:178} INFO - Checking for running process with PID 2883
[2025-09-19T10:16:04.285+0000] {virtualenv.py:181} INFO - Process 2883 running: True and has the lock /opt/***/cosmos_venvs/ecom_intermediate/cosmos_virtualenv.lock.
[2025-09-19T10:16:04.286+0000] {virtualenv.py:122} INFO - Waiting for virtualenv lock to be released
[2025-09-19T10:16:05.288+0000] {virtualenv.py:178} INFO - Checking for running process with PID 2883
[2025-09-19T10:16:05.289+0000] {virtualenv.py:181} INFO - Process 2883 running: True and has the lock /opt/***/cosmos_venvs/ecom_intermediate/cosmos_virtualenv.lock.
[2025-09-19T10:16:05.289+0000] {virtualenv.py:122} INFO - Waiting for virtualenv lock to be released
[2025-09-19T10:16:06.291+0000] {virtualenv.py:178} INFO - Checking for running process with PID 2883
[2025-09-19T10:16:06.292+0000] {virtualenv.py:181} INFO - Process 2883 running: True and has the lock /opt/***/cosmos_venvs/ecom_intermediate/cosmos_virtualenv.lock.
[2025-09-19T10:16:06.292+0000] {virtualenv.py:122} INFO - Waiting for virtualenv lock to be released
[2025-09-19T10:16:07.294+0000] {virtualenv.py:178} INFO - Checking for running process with PID 2883
[2025-09-19T10:16:07.295+0000] {virtualenv.py:181} INFO - Process 2883 running: True and has the lock /opt/***/cosmos_venvs/ecom_intermediate/cosmos_virtualenv.lock.
[2025-09-19T10:16:07.295+0000] {virtualenv.py:122} INFO - Waiting for virtualenv lock to be released
[2025-09-19T10:16:08.297+0000] {virtualenv.py:178} INFO - Checking for running process with PID 2883
[2025-09-19T10:16:08.298+0000] {virtualenv.py:181} INFO - Process 2883 running: True and has the lock /opt/***/cosmos_venvs/ecom_intermediate/cosmos_virtualenv.lock.
[2025-09-19T10:16:08.299+0000] {virtualenv.py:122} INFO - Waiting for virtualenv lock to be released
[2025-09-19T10:16:09.300+0000] {virtualenv.py:178} INFO - Checking for running process with PID 2883
[2025-09-19T10:16:09.301+0000] {virtualenv.py:181} INFO - Process 2883 running: True and has the lock /opt/***/cosmos_venvs/ecom_intermediate/cosmos_virtualenv.lock.
[2025-09-19T10:16:09.301+0000] {virtualenv.py:122} INFO - Waiting for virtualenv lock to be released
[2025-09-19T10:16:10.303+0000] {virtualenv.py:178} INFO - Checking for running process with PID 2883
[2025-09-19T10:16:10.304+0000] {virtualenv.py:181} INFO - Process 2883 running: True and has the lock /opt/***/cosmos_venvs/ecom_intermediate/cosmos_virtualenv.lock.
[2025-09-19T10:16:10.304+0000] {virtualenv.py:122} INFO - Waiting for virtualenv lock to be released
[2025-09-19T10:16:11.305+0000] {virtualenv.py:178} INFO - Checking for running process with PID 2883
[2025-09-19T10:16:11.306+0000] {virtualenv.py:181} INFO - Process 2883 running: True and has the lock /opt/***/cosmos_venvs/ecom_intermediate/cosmos_virtualenv.lock.
[2025-09-19T10:16:11.307+0000] {virtualenv.py:122} INFO - Waiting for virtualenv lock to be released
[2025-09-19T10:16:12.308+0000] {virtualenv.py:178} INFO - Checking for running process with PID 2883
[2025-09-19T10:16:12.309+0000] {virtualenv.py:181} INFO - Process 2883 running: True and has the lock /opt/***/cosmos_venvs/ecom_intermediate/cosmos_virtualenv.lock.
[2025-09-19T10:16:12.310+0000] {virtualenv.py:122} INFO - Waiting for virtualenv lock to be released
[2025-09-19T10:16:13.312+0000] {virtualenv.py:178} INFO - Checking for running process with PID 2883
[2025-09-19T10:16:13.313+0000] {virtualenv.py:181} INFO - Process 2883 running: True and has the lock /opt/***/cosmos_venvs/ecom_intermediate/cosmos_virtualenv.lock.
[2025-09-19T10:16:13.313+0000] {virtualenv.py:122} INFO - Waiting for virtualenv lock to be released
[2025-09-19T10:16:14.315+0000] {virtualenv.py:178} INFO - Checking for running process with PID 2883
[2025-09-19T10:16:14.316+0000] {virtualenv.py:181} INFO - Process 2883 running: True and has the lock /opt/***/cosmos_venvs/ecom_intermediate/cosmos_virtualenv.lock.
[2025-09-19T10:16:14.317+0000] {virtualenv.py:122} INFO - Waiting for virtualenv lock to be released
[2025-09-19T10:16:15.318+0000] {virtualenv.py:178} INFO - Checking for running process with PID 2801
[2025-09-19T10:16:15.318+0000] {virtualenv.py:181} INFO - Process 2801 running: True and has the lock /opt/***/cosmos_venvs/ecom_intermediate/cosmos_virtualenv.lock.
[2025-09-19T10:16:15.319+0000] {virtualenv.py:122} INFO - Waiting for virtualenv lock to be released
[2025-09-19T10:16:16.321+0000] {virtualenv.py:178} INFO - Checking for running process with PID 2801
[2025-09-19T10:16:16.322+0000] {virtualenv.py:181} INFO - Process 2801 running: True and has the lock /opt/***/cosmos_venvs/ecom_intermediate/cosmos_virtualenv.lock.
[2025-09-19T10:16:16.322+0000] {virtualenv.py:122} INFO - Waiting for virtualenv lock to be released
[2025-09-19T10:16:17.324+0000] {virtualenv.py:178} INFO - Checking for running process with PID 2801
[2025-09-19T10:16:17.325+0000] {virtualenv.py:181} INFO - Process 2801 running: True and has the lock /opt/***/cosmos_venvs/ecom_intermediate/cosmos_virtualenv.lock.
[2025-09-19T10:16:17.325+0000] {virtualenv.py:122} INFO - Waiting for virtualenv lock to be released
[2025-09-19T10:16:18.327+0000] {virtualenv.py:178} INFO - Checking for running process with PID 2801
[2025-09-19T10:16:18.328+0000] {virtualenv.py:181} INFO - Process 2801 running: True and has the lock /opt/***/cosmos_venvs/ecom_intermediate/cosmos_virtualenv.lock.
[2025-09-19T10:16:18.329+0000] {virtualenv.py:122} INFO - Waiting for virtualenv lock to be released
[2025-09-19T10:16:19.331+0000] {virtualenv.py:178} INFO - Checking for running process with PID 2801
[2025-09-19T10:16:19.332+0000] {virtualenv.py:181} INFO - Process 2801 running: True and has the lock /opt/***/cosmos_venvs/ecom_intermediate/cosmos_virtualenv.lock.
[2025-09-19T10:16:19.332+0000] {virtualenv.py:122} INFO - Waiting for virtualenv lock to be released
[2025-09-19T10:16:20.334+0000] {virtualenv.py:178} INFO - Checking for running process with PID 2801
[2025-09-19T10:16:20.335+0000] {virtualenv.py:181} INFO - Process 2801 running: True and has the lock /opt/***/cosmos_venvs/ecom_intermediate/cosmos_virtualenv.lock.
[2025-09-19T10:16:20.335+0000] {virtualenv.py:122} INFO - Waiting for virtualenv lock to be released
[2025-09-19T10:16:21.337+0000] {virtualenv.py:178} INFO - Checking for running process with PID 2801
[2025-09-19T10:16:21.338+0000] {virtualenv.py:181} INFO - Process 2801 running: True and has the lock /opt/***/cosmos_venvs/ecom_intermediate/cosmos_virtualenv.lock.
[2025-09-19T10:16:21.339+0000] {virtualenv.py:122} INFO - Waiting for virtualenv lock to be released
[2025-09-19T10:16:22.339+0000] {virtualenv.py:178} INFO - Checking for running process with PID 2801
[2025-09-19T10:16:22.341+0000] {virtualenv.py:181} INFO - Process 2801 running: True and has the lock /opt/***/cosmos_venvs/ecom_intermediate/cosmos_virtualenv.lock.
[2025-09-19T10:16:22.342+0000] {virtualenv.py:122} INFO - Waiting for virtualenv lock to be released
[2025-09-19T10:16:23.345+0000] {virtualenv.py:178} INFO - Checking for running process with PID 2801
[2025-09-19T10:16:23.346+0000] {virtualenv.py:181} INFO - Process 2801 running: True and has the lock /opt/***/cosmos_venvs/ecom_intermediate/cosmos_virtualenv.lock.
[2025-09-19T10:16:23.347+0000] {virtualenv.py:122} INFO - Waiting for virtualenv lock to be released
[2025-09-19T10:16:24.348+0000] {virtualenv.py:178} INFO - Checking for running process with PID 2801
[2025-09-19T10:16:24.349+0000] {virtualenv.py:181} INFO - Process 2801 running: True and has the lock /opt/***/cosmos_venvs/ecom_intermediate/cosmos_virtualenv.lock.
[2025-09-19T10:16:24.349+0000] {virtualenv.py:122} INFO - Waiting for virtualenv lock to be released
[2025-09-19T10:16:25.351+0000] {virtualenv.py:178} INFO - Checking for running process with PID 2801
[2025-09-19T10:16:25.352+0000] {virtualenv.py:181} INFO - Process 2801 running: True and has the lock /opt/***/cosmos_venvs/ecom_intermediate/cosmos_virtualenv.lock.
[2025-09-19T10:16:25.352+0000] {virtualenv.py:122} INFO - Waiting for virtualenv lock to be released
[2025-09-19T10:16:26.353+0000] {virtualenv.py:178} INFO - Checking for running process with PID 2801
[2025-09-19T10:16:26.354+0000] {virtualenv.py:181} INFO - Process 2801 running: True and has the lock /opt/***/cosmos_venvs/ecom_intermediate/cosmos_virtualenv.lock.
[2025-09-19T10:16:26.354+0000] {virtualenv.py:122} INFO - Waiting for virtualenv lock to be released
[2025-09-19T10:16:27.356+0000] {virtualenv.py:178} INFO - Checking for running process with PID 2801
[2025-09-19T10:16:27.357+0000] {virtualenv.py:181} INFO - Process 2801 running: True and has the lock /opt/***/cosmos_venvs/ecom_intermediate/cosmos_virtualenv.lock.
[2025-09-19T10:16:27.357+0000] {virtualenv.py:122} INFO - Waiting for virtualenv lock to be released
[2025-09-19T10:16:28.359+0000] {virtualenv.py:178} INFO - Checking for running process with PID 2801
[2025-09-19T10:16:28.360+0000] {virtualenv.py:181} INFO - Process 2801 running: True and has the lock /opt/***/cosmos_venvs/ecom_intermediate/cosmos_virtualenv.lock.
[2025-09-19T10:16:28.361+0000] {virtualenv.py:122} INFO - Waiting for virtualenv lock to be released
[2025-09-19T10:16:29.363+0000] {virtualenv.py:126} INFO - Acquiring the virtualenv lock
[2025-09-19T10:16:29.389+0000] {virtualenv.py:195} INFO - Acquiring lock at /opt/***/cosmos_venvs/ecom_intermediate/cosmos_virtualenv.lock with pid 2678
[2025-09-19T10:16:29.390+0000] {virtualenv.py:153} INFO - Creating or updating the virtualenv at `/opt/***/cosmos_venvs/ecom_intermediate
[2025-09-19T10:16:29.391+0000] {process_utils.py:183} INFO - Executing cmd: /home/***/.local/bin/python -m virtualenv /opt/***/cosmos_venvs/ecom_intermediate --python=python3
[2025-09-19T10:16:29.393+0000] {process_utils.py:187} INFO - Output:
[2025-09-19T10:16:30.823+0000] {process_utils.py:191} INFO - created virtual environment CPython3.10.14.final.0-64 in 562ms
[2025-09-19T10:16:30.823+0000] {process_utils.py:191} INFO -   creator CPython3Posix(dest=/opt/***/cosmos_venvs/ecom_intermediate, clear=False, no_vcs_ignore=False, global=False)
[2025-09-19T10:16:30.824+0000] {process_utils.py:191} INFO -   seeder FromAppData(download=False, pip=bundle, setuptools=bundle, wheel=bundle, via=copy, app_data_dir=/home/***/.local/share/virtualenv)
[2025-09-19T10:16:30.826+0000] {process_utils.py:191} INFO -     added seed packages: MarkupSafe==3.0.2, PyYAML==6.0.2, agate==1.9.1, annotated_types==0.7.0, attrs==25.3.0, babel==2.17.0, certifi==2025.8.3, charset_normalizer==3.4.3, click==8.3.0, clickhouse_connect==0.9.1, clickhouse_driver==0.2.9, colorama==0.4.6, daff==1.4.2, dbt_adapters==1.16.7, dbt_clickhouse==1.9.3, dbt_common==1.31.0, dbt_core==1.10.11, dbt_extractor==0.6.0, dbt_protos==1.0.375, dbt_semantic_interfaces==0.9.0, deepdiff==8.6.1, idna==3.10, importlib_metadata==8.7.0, isodate==0.6.1, jinja2==3.1.6, jsonschema==4.25.1, jsonschema_specifications==2025.9.1, leather==0.4.0, lz4==4.4.4, mashumaro==3.14, more_itertools==10.8.0, msgpack==1.1.1, networkx==3.4.2, orderly_set==5.5.0, packaging==25.0, parsedatetime==2.6, pathspec==0.12.1, pip==25.2, protobuf==6.32.1, pydantic==2.11.9, pydantic_core==2.33.2, python_dateutil==2.9.0.post0, python_slugify==8.0.4, pytimeparse==1.1.8, pytz==2025.2, referencing==0.36.2, requests==2.32.5, rpds_py==0.27.1, setuptools==80.9.0, six==1.17.0, snowplow_tracker==1.1.0, sqlparse==0.5.3, text_unidecode==1.3, typing_extensions==4.15.0, typing_inspection==0.4.1, tzlocal==5.3.1, urllib3==2.5.0, wheel==0.45.1, zipp==3.23.0, zstandard==0.25.0
[2025-09-19T10:16:30.826+0000] {process_utils.py:191} INFO -   activators BashActivator,CShellActivator,FishActivator,NushellActivator,PowerShellActivator,PythonActivator
[2025-09-19T10:16:30.907+0000] {process_utils.py:183} INFO - Executing cmd: /opt/***/cosmos_venvs/ecom_intermediate/bin/pip install dbt-clickhouse
[2025-09-19T10:16:30.909+0000] {process_utils.py:187} INFO - Output:
[2025-09-19T10:16:32.477+0000] {process_utils.py:191} INFO - Requirement already satisfied: dbt-clickhouse in ./cosmos_venvs/ecom_intermediate/lib/python3.10/site-packages (1.9.3)
[2025-09-19T10:16:32.480+0000] {process_utils.py:191} INFO - Requirement already satisfied: dbt-core>=1.9 in ./cosmos_venvs/ecom_intermediate/lib/python3.10/site-packages (from dbt-clickhouse) (1.10.11)
[2025-09-19T10:16:32.481+0000] {process_utils.py:191} INFO - Requirement already satisfied: clickhouse-connect>=0.6.22 in ./cosmos_venvs/ecom_intermediate/lib/python3.10/site-packages (from dbt-clickhouse) (0.9.1)
[2025-09-19T10:16:32.481+0000] {process_utils.py:191} INFO - Requirement already satisfied: clickhouse-driver>=0.2.6 in ./cosmos_venvs/ecom_intermediate/lib/python3.10/site-packages (from dbt-clickhouse) (0.2.9)
[2025-09-19T10:16:32.482+0000] {process_utils.py:191} INFO - Requirement already satisfied: setuptools>=0.69 in ./cosmos_venvs/ecom_intermediate/lib/python3.10/site-packages (from dbt-clickhouse) (80.9.0)
[2025-09-19T10:16:32.489+0000] {process_utils.py:191} INFO - Requirement already satisfied: certifi in ./cosmos_venvs/ecom_intermediate/lib/python3.10/site-packages (from clickhouse-connect>=0.6.22->dbt-clickhouse) (2025.8.3)
[2025-09-19T10:16:32.490+0000] {process_utils.py:191} INFO - Requirement already satisfied: urllib3>=1.26 in ./cosmos_venvs/ecom_intermediate/lib/python3.10/site-packages (from clickhouse-connect>=0.6.22->dbt-clickhouse) (2.5.0)
[2025-09-19T10:16:32.491+0000] {process_utils.py:191} INFO - Requirement already satisfied: pytz in ./cosmos_venvs/ecom_intermediate/lib/python3.10/site-packages (from clickhouse-connect>=0.6.22->dbt-clickhouse) (2025.2)
[2025-09-19T10:16:32.492+0000] {process_utils.py:191} INFO - Requirement already satisfied: zstandard in ./cosmos_venvs/ecom_intermediate/lib/python3.10/site-packages (from clickhouse-connect>=0.6.22->dbt-clickhouse) (0.25.0)
[2025-09-19T10:16:32.493+0000] {process_utils.py:191} INFO - Requirement already satisfied: lz4 in ./cosmos_venvs/ecom_intermediate/lib/python3.10/site-packages (from clickhouse-connect>=0.6.22->dbt-clickhouse) (4.4.4)
[2025-09-19T10:16:32.497+0000] {process_utils.py:191} INFO - Requirement already satisfied: tzlocal in ./cosmos_venvs/ecom_intermediate/lib/python3.10/site-packages (from clickhouse-driver>=0.2.6->dbt-clickhouse) (5.3.1)
[2025-09-19T10:16:32.502+0000] {process_utils.py:191} INFO - Requirement already satisfied: agate<1.10,>=1.7.0 in ./cosmos_venvs/ecom_intermediate/lib/python3.10/site-packages (from dbt-core>=1.9->dbt-clickhouse) (1.9.1)
[2025-09-19T10:16:32.503+0000] {process_utils.py:191} INFO - Requirement already satisfied: Jinja2<4,>=3.1.3 in ./cosmos_venvs/ecom_intermediate/lib/python3.10/site-packages (from dbt-core>=1.9->dbt-clickhouse) (3.1.6)
[2025-09-19T10:16:32.505+0000] {process_utils.py:191} INFO - Requirement already satisfied: mashumaro<3.15,>=3.9 in ./cosmos_venvs/ecom_intermediate/lib/python3.10/site-packages (from mashumaro[msgpack]<3.15,>=3.9->dbt-core>=1.9->dbt-clickhouse) (3.14)
[2025-09-19T10:16:32.506+0000] {process_utils.py:191} INFO - Requirement already satisfied: click<9.0,>=8.0.2 in ./cosmos_venvs/ecom_intermediate/lib/python3.10/site-packages (from dbt-core>=1.9->dbt-clickhouse) (8.3.0)
[2025-09-19T10:16:32.507+0000] {process_utils.py:191} INFO - Requirement already satisfied: jsonschema<5.0,>=4.19.1 in ./cosmos_venvs/ecom_intermediate/lib/python3.10/site-packages (from dbt-core>=1.9->dbt-clickhouse) (4.25.1)
[2025-09-19T10:16:32.508+0000] {process_utils.py:191} INFO - Requirement already satisfied: networkx<4.0,>=2.3 in ./cosmos_venvs/ecom_intermediate/lib/python3.10/site-packages (from dbt-core>=1.9->dbt-clickhouse) (3.4.2)
[2025-09-19T10:16:32.509+0000] {process_utils.py:191} INFO - Requirement already satisfied: protobuf<7.0,>=6.0 in ./cosmos_venvs/ecom_intermediate/lib/python3.10/site-packages (from dbt-core>=1.9->dbt-clickhouse) (6.32.1)
[2025-09-19T10:16:32.510+0000] {process_utils.py:191} INFO - Requirement already satisfied: requests<3.0.0 in ./cosmos_venvs/ecom_intermediate/lib/python3.10/site-packages (from dbt-core>=1.9->dbt-clickhouse) (2.32.5)
[2025-09-19T10:16:32.511+0000] {process_utils.py:191} INFO - Requirement already satisfied: snowplow-tracker<2.0,>=1.0.2 in ./cosmos_venvs/ecom_intermediate/lib/python3.10/site-packages (from dbt-core>=1.9->dbt-clickhouse) (1.1.0)
[2025-09-19T10:16:32.512+0000] {process_utils.py:191} INFO - Requirement already satisfied: pathspec<0.13,>=0.9 in ./cosmos_venvs/ecom_intermediate/lib/python3.10/site-packages (from dbt-core>=1.9->dbt-clickhouse) (0.12.1)
[2025-09-19T10:16:32.512+0000] {process_utils.py:191} INFO - Requirement already satisfied: sqlparse<0.6.0,>=0.5.0 in ./cosmos_venvs/ecom_intermediate/lib/python3.10/site-packages (from dbt-core>=1.9->dbt-clickhouse) (0.5.3)
[2025-09-19T10:16:32.513+0000] {process_utils.py:191} INFO - Requirement already satisfied: dbt-extractor<=0.6,>=0.5.0 in ./cosmos_venvs/ecom_intermediate/lib/python3.10/site-packages (from dbt-core>=1.9->dbt-clickhouse) (0.6.0)
[2025-09-19T10:16:32.514+0000] {process_utils.py:191} INFO - Requirement already satisfied: dbt-semantic-interfaces<0.10,>=0.9.0 in ./cosmos_venvs/ecom_intermediate/lib/python3.10/site-packages (from dbt-core>=1.9->dbt-clickhouse) (0.9.0)
[2025-09-19T10:16:32.515+0000] {process_utils.py:191} INFO - Requirement already satisfied: dbt-common<2.0,>=1.27.0 in ./cosmos_venvs/ecom_intermediate/lib/python3.10/site-packages (from dbt-core>=1.9->dbt-clickhouse) (1.31.0)
[2025-09-19T10:16:32.515+0000] {process_utils.py:191} INFO - Requirement already satisfied: dbt-adapters<2.0,>=1.15.5 in ./cosmos_venvs/ecom_intermediate/lib/python3.10/site-packages (from dbt-core>=1.9->dbt-clickhouse) (1.16.7)
[2025-09-19T10:16:32.516+0000] {process_utils.py:191} INFO - Requirement already satisfied: dbt-protos<2.0,>=1.0.346 in ./cosmos_venvs/ecom_intermediate/lib/python3.10/site-packages (from dbt-core>=1.9->dbt-clickhouse) (1.0.375)
[2025-09-19T10:16:32.517+0000] {process_utils.py:191} INFO - Requirement already satisfied: pydantic<3 in ./cosmos_venvs/ecom_intermediate/lib/python3.10/site-packages (from dbt-core>=1.9->dbt-clickhouse) (2.11.9)
[2025-09-19T10:16:32.517+0000] {process_utils.py:191} INFO - Requirement already satisfied: packaging>20.9 in ./cosmos_venvs/ecom_intermediate/lib/python3.10/site-packages (from dbt-core>=1.9->dbt-clickhouse) (25.0)
[2025-09-19T10:16:32.519+0000] {process_utils.py:191} INFO - Requirement already satisfied: pyyaml>=6.0 in ./cosmos_venvs/ecom_intermediate/lib/python3.10/site-packages (from dbt-core>=1.9->dbt-clickhouse) (6.0.2)
[2025-09-19T10:16:32.520+0000] {process_utils.py:191} INFO - Requirement already satisfied: daff>=1.3.46 in ./cosmos_venvs/ecom_intermediate/lib/python3.10/site-packages (from dbt-core>=1.9->dbt-clickhouse) (1.4.2)
[2025-09-19T10:16:32.521+0000] {process_utils.py:191} INFO - Requirement already satisfied: typing-extensions>=4.4 in ./cosmos_venvs/ecom_intermediate/lib/python3.10/site-packages (from dbt-core>=1.9->dbt-clickhouse) (4.15.0)
[2025-09-19T10:16:32.525+0000] {process_utils.py:191} INFO - Requirement already satisfied: Babel>=2.0 in ./cosmos_venvs/ecom_intermediate/lib/python3.10/site-packages (from agate<1.10,>=1.7.0->dbt-core>=1.9->dbt-clickhouse) (2.17.0)
[2025-09-19T10:16:32.525+0000] {process_utils.py:191} INFO - Requirement already satisfied: isodate>=0.5.4 in ./cosmos_venvs/ecom_intermediate/lib/python3.10/site-packages (from agate<1.10,>=1.7.0->dbt-core>=1.9->dbt-clickhouse) (0.6.1)
[2025-09-19T10:16:32.526+0000] {process_utils.py:191} INFO - Requirement already satisfied: leather>=0.3.2 in ./cosmos_venvs/ecom_intermediate/lib/python3.10/site-packages (from agate<1.10,>=1.7.0->dbt-core>=1.9->dbt-clickhouse) (0.4.0)
[2025-09-19T10:16:32.527+0000] {process_utils.py:191} INFO - Requirement already satisfied: parsedatetime!=2.5,>=2.1 in ./cosmos_venvs/ecom_intermediate/lib/python3.10/site-packages (from agate<1.10,>=1.7.0->dbt-core>=1.9->dbt-clickhouse) (2.6)
[2025-09-19T10:16:32.528+0000] {process_utils.py:191} INFO - Requirement already satisfied: python-slugify>=1.2.1 in ./cosmos_venvs/ecom_intermediate/lib/python3.10/site-packages (from agate<1.10,>=1.7.0->dbt-core>=1.9->dbt-clickhouse) (8.0.4)
[2025-09-19T10:16:32.529+0000] {process_utils.py:191} INFO - Requirement already satisfied: pytimeparse>=1.1.5 in ./cosmos_venvs/ecom_intermediate/lib/python3.10/site-packages (from agate<1.10,>=1.7.0->dbt-core>=1.9->dbt-clickhouse) (1.1.8)
[2025-09-19T10:16:32.551+0000] {process_utils.py:191} INFO - Requirement already satisfied: colorama<0.5,>=0.3.9 in ./cosmos_venvs/ecom_intermediate/lib/python3.10/site-packages (from dbt-common<2.0,>=1.27.0->dbt-core>=1.9->dbt-clickhouse) (0.4.6)
[2025-09-19T10:16:32.555+0000] {process_utils.py:191} INFO - Requirement already satisfied: deepdiff<9.0,>=7.0 in ./cosmos_venvs/ecom_intermediate/lib/python3.10/site-packages (from dbt-common<2.0,>=1.27.0->dbt-core>=1.9->dbt-clickhouse) (8.6.1)
[2025-09-19T10:16:32.559+0000] {process_utils.py:191} INFO - Requirement already satisfied: python-dateutil<3.0,>=2.0 in ./cosmos_venvs/ecom_intermediate/lib/python3.10/site-packages (from dbt-common<2.0,>=1.27.0->dbt-core>=1.9->dbt-clickhouse) (2.9.0.post0)
[2025-09-19T10:16:32.568+0000] {process_utils.py:191} INFO - Requirement already satisfied: importlib-metadata<9,>=6.0 in ./cosmos_venvs/ecom_intermediate/lib/python3.10/site-packages (from dbt-semantic-interfaces<0.10,>=0.9.0->dbt-core>=1.9->dbt-clickhouse) (8.7.0)
[2025-09-19T10:16:32.570+0000] {process_utils.py:191} INFO - Requirement already satisfied: more-itertools<11.0,>=8.0 in ./cosmos_venvs/ecom_intermediate/lib/python3.10/site-packages (from dbt-semantic-interfaces<0.10,>=0.9.0->dbt-core>=1.9->dbt-clickhouse) (10.8.0)
[2025-09-19T10:16:32.584+0000] {process_utils.py:191} INFO - Requirement already satisfied: orderly-set<6,>=5.4.1 in ./cosmos_venvs/ecom_intermediate/lib/python3.10/site-packages (from deepdiff<9.0,>=7.0->dbt-common<2.0,>=1.27.0->dbt-core>=1.9->dbt-clickhouse) (5.5.0)
[2025-09-19T10:16:32.598+0000] {process_utils.py:191} INFO - Requirement already satisfied: zipp>=3.20 in ./cosmos_venvs/ecom_intermediate/lib/python3.10/site-packages (from importlib-metadata<9,>=6.0->dbt-semantic-interfaces<0.10,>=0.9.0->dbt-core>=1.9->dbt-clickhouse) (3.23.0)
[2025-09-19T10:16:32.599+0000] {process_utils.py:191} INFO - Requirement already satisfied: six in ./cosmos_venvs/ecom_intermediate/lib/python3.10/site-packages (from isodate>=0.5.4->agate<1.10,>=1.7.0->dbt-core>=1.9->dbt-clickhouse) (1.17.0)
[2025-09-19T10:16:32.603+0000] {process_utils.py:191} INFO - Requirement already satisfied: MarkupSafe>=2.0 in ./cosmos_venvs/ecom_intermediate/lib/python3.10/site-packages (from Jinja2<4,>=3.1.3->dbt-core>=1.9->dbt-clickhouse) (3.0.2)
[2025-09-19T10:16:32.615+0000] {process_utils.py:191} INFO - Requirement already satisfied: attrs>=22.2.0 in ./cosmos_venvs/ecom_intermediate/lib/python3.10/site-packages (from jsonschema<5.0,>=4.19.1->dbt-core>=1.9->dbt-clickhouse) (25.3.0)
[2025-09-19T10:16:32.616+0000] {process_utils.py:191} INFO - Requirement already satisfied: jsonschema-specifications>=2023.03.6 in ./cosmos_venvs/ecom_intermediate/lib/python3.10/site-packages (from jsonschema<5.0,>=4.19.1->dbt-core>=1.9->dbt-clickhouse) (2025.9.1)
[2025-09-19T10:16:32.617+0000] {process_utils.py:191} INFO - Requirement already satisfied: referencing>=0.28.4 in ./cosmos_venvs/ecom_intermediate/lib/python3.10/site-packages (from jsonschema<5.0,>=4.19.1->dbt-core>=1.9->dbt-clickhouse) (0.36.2)
[2025-09-19T10:16:32.618+0000] {process_utils.py:191} INFO - Requirement already satisfied: rpds-py>=0.7.1 in ./cosmos_venvs/ecom_intermediate/lib/python3.10/site-packages (from jsonschema<5.0,>=4.19.1->dbt-core>=1.9->dbt-clickhouse) (0.27.1)
[2025-09-19T10:16:32.625+0000] {process_utils.py:191} INFO - Requirement already satisfied: msgpack>=0.5.6 in ./cosmos_venvs/ecom_intermediate/lib/python3.10/site-packages (from mashumaro[msgpack]<3.15,>=3.9->dbt-core>=1.9->dbt-clickhouse) (1.1.1)
[2025-09-19T10:16:32.656+0000] {process_utils.py:191} INFO - Requirement already satisfied: annotated-types>=0.6.0 in ./cosmos_venvs/ecom_intermediate/lib/python3.10/site-packages (from pydantic<3->dbt-core>=1.9->dbt-clickhouse) (0.7.0)
[2025-09-19T10:16:32.658+0000] {process_utils.py:191} INFO - Requirement already satisfied: pydantic-core==2.33.2 in ./cosmos_venvs/ecom_intermediate/lib/python3.10/site-packages (from pydantic<3->dbt-core>=1.9->dbt-clickhouse) (2.33.2)
[2025-09-19T10:16:32.660+0000] {process_utils.py:191} INFO - Requirement already satisfied: typing-inspection>=0.4.0 in ./cosmos_venvs/ecom_intermediate/lib/python3.10/site-packages (from pydantic<3->dbt-core>=1.9->dbt-clickhouse) (0.4.1)
[2025-09-19T10:16:32.668+0000] {process_utils.py:191} INFO - Requirement already satisfied: charset_normalizer<4,>=2 in ./cosmos_venvs/ecom_intermediate/lib/python3.10/site-packages (from requests<3.0.0->dbt-core>=1.9->dbt-clickhouse) (3.4.3)
[2025-09-19T10:16:32.669+0000] {process_utils.py:191} INFO - Requirement already satisfied: idna<4,>=2.5 in ./cosmos_venvs/ecom_intermediate/lib/python3.10/site-packages (from requests<3.0.0->dbt-core>=1.9->dbt-clickhouse) (3.10)
[2025-09-19T10:16:32.722+0000] {process_utils.py:191} INFO - Requirement already satisfied: text-unidecode>=1.3 in ./cosmos_venvs/ecom_intermediate/lib/python3.10/site-packages (from python-slugify>=1.2.1->agate<1.10,>=1.7.0->dbt-core>=1.9->dbt-clickhouse) (1.3)
[2025-09-19T10:16:32.857+0000] {local.py:470} INFO - Cloning project to writable temp directory /tmp/tmp_74u6woo from /opt/airflow/dags/dbt/ecom_intermediate
[2025-09-19T10:16:32.875+0000] {local.py:490} INFO - Partial parse is enabled and the latest partial parse file is /tmp/cosmos/dbt_intermediate__intermediate/target/partial_parse.msgpack
[2025-09-19T10:16:32.885+0000] {config.py:362} INFO - Using user-supplied profiles.yml at /opt/airflow/dags/dbt/profiles.yml
[2025-09-19T10:16:32.899+0000] {virtualenv.py:99} INFO - Using Python binary from virtualenv: /opt/***/cosmos_venvs/ecom_intermediate/bin/python
[2025-09-19T10:16:32.900+0000] {local.py:434} INFO - Trying to run the command:
 ['/opt/***/cosmos_venvs/ecom_intermediate/bin/dbt', 'deps', '--project-dir', '/tmp/tmp_74u6woo', '--profiles-dir', '/opt/***/dags/dbt', '--profile', 'ecom_intermediate', '--target', 'dev']
From /tmp/tmp_74u6woo
[2025-09-19T10:16:32.900+0000] {subprocess.py:56} INFO - Tmp dir root location: 
 /tmp
[2025-09-19T10:16:32.901+0000] {subprocess.py:69} INFO - Running command: ['/opt/***/cosmos_venvs/ecom_intermediate/bin/dbt', 'deps', '--project-dir', '/tmp/tmp_74u6woo', '--profiles-dir', '/opt/***/dags/dbt', '--profile', 'ecom_intermediate', '--target', 'dev']
[2025-09-19T10:16:32.910+0000] {subprocess.py:80} INFO - Command output:
[2025-09-19T10:16:35.165+0000] {subprocess.py:90} INFO - [0m10:16:35  Running with dbt=1.10.11
[2025-09-19T10:16:36.167+0000] {subprocess.py:90} INFO - [0m10:16:36  Installing dbt-labs/dbt_utils
[2025-09-19T10:16:36.906+0000] {subprocess.py:90} INFO - [0m10:16:36  Installed from version 1.3.0
[2025-09-19T10:16:36.907+0000] {subprocess.py:90} INFO - [0m10:16:36  Updated version available: 1.3.1
[2025-09-19T10:16:36.908+0000] {subprocess.py:90} INFO - [0m10:16:36
[2025-09-19T10:16:36.908+0000] {subprocess.py:90} INFO - [0m10:16:36  Updates available for packages: ['dbt-labs/dbt_utils']
[2025-09-19T10:16:36.909+0000] {subprocess.py:90} INFO - Update your versions in packages.yml, then run dbt deps
[2025-09-19T10:16:38.653+0000] {subprocess.py:94} INFO - Command exited with return code 0
[2025-09-19T10:16:38.654+0000] {local.py:441} INFO - Update your versions in packages.yml, then run dbt deps
[2025-09-19T10:16:38.655+0000] {virtualenv.py:99} INFO - Using Python binary from virtualenv: /opt/***/cosmos_venvs/ecom_intermediate/bin/python
[2025-09-19T10:16:38.656+0000] {local.py:434} INFO - Trying to run the command:
 ['/opt/***/cosmos_venvs/ecom_intermediate/bin/dbt', 'run', '--models', 'subcategories_enriched', '--project-dir', '/tmp/tmp_74u6woo', '--profiles-dir', '/opt/***/dags/dbt', '--profile', 'ecom_intermediate', '--target', 'dev']
From /tmp/tmp_74u6woo
[2025-09-19T10:16:38.657+0000] {subprocess.py:56} INFO - Tmp dir root location: 
 /tmp
[2025-09-19T10:16:38.658+0000] {subprocess.py:69} INFO - Running command: ['/opt/***/cosmos_venvs/ecom_intermediate/bin/dbt', 'run', '--models', 'subcategories_enriched', '--project-dir', '/tmp/tmp_74u6woo', '--profiles-dir', '/opt/***/dags/dbt', '--profile', 'ecom_intermediate', '--target', 'dev']
[2025-09-19T10:16:38.668+0000] {subprocess.py:80} INFO - Command output:
[2025-09-19T10:16:40.754+0000] {subprocess.py:90} INFO - [0m10:16:40  Running with dbt=1.10.11
[2025-09-19T10:16:40.755+0000] {subprocess.py:90} INFO - [0m10:16:40  [[33mWARNING[0m]: Deprecated functionality
[2025-09-19T10:16:40.756+0000] {subprocess.py:90} INFO - Usage of `--models`, `--model`, and `-m` is deprecated in favor of `--select` or
[2025-09-19T10:16:40.756+0000] {subprocess.py:90} INFO - `-s`.
[2025-09-19T10:16:41.134+0000] {subprocess.py:90} INFO - [0m10:16:41  Registered adapter: clickhouse=1.9.3
[2025-09-19T10:16:42.249+0000] {subprocess.py:90} INFO - [0m10:16:42  Found 15 models, 50 data tests, 8 sources, 597 macros
[2025-09-19T10:16:42.254+0000] {subprocess.py:90} INFO - [0m10:16:42
[2025-09-19T10:16:42.254+0000] {subprocess.py:90} INFO - [0m10:16:42  Concurrency: 4 threads (target='dev')
[2025-09-19T10:16:42.255+0000] {subprocess.py:90} INFO - [0m10:16:42
[2025-09-19T10:16:42.433+0000] {subprocess.py:90} INFO - [0m10:16:42  1 of 1 START sql table model `ecom_db_intermediate`.`subcategories_enriched` ... [RUN]
[2025-09-19T10:16:42.793+0000] {subprocess.py:90} INFO - [0m10:16:42  1 of 1 OK created sql table model `ecom_db_intermediate`.`subcategories_enriched`  [[32mOK[0m in 0.36s]
[2025-09-19T10:16:42.798+0000] {subprocess.py:90} INFO - [0m10:16:42
[2025-09-19T10:16:42.798+0000] {subprocess.py:90} INFO - [0m10:16:42  Finished running 1 table model in 0 hours 0 minutes and 0.54 seconds (0.54s).
[2025-09-19T10:16:42.884+0000] {subprocess.py:90} INFO - [0m10:16:42
[2025-09-19T10:16:42.885+0000] {subprocess.py:90} INFO - [0m10:16:42  [32mCompleted successfully[0m
[2025-09-19T10:16:42.885+0000] {subprocess.py:90} INFO - [0m10:16:42
[2025-09-19T10:16:42.886+0000] {subprocess.py:90} INFO - [0m10:16:42  Done. PASS=1 WARN=0 ERROR=0 SKIP=0 NO-OP=0 TOTAL=1
[2025-09-19T10:16:42.887+0000] {subprocess.py:90} INFO - [0m10:16:42  [[33mWARNING[0m][DeprecationsSummary]: Deprecated functionality
[2025-09-19T10:16:42.890+0000] {subprocess.py:90} INFO - Summary of encountered deprecations:
[2025-09-19T10:16:42.890+0000] {subprocess.py:90} INFO - - ModelParamUsageDeprecation: 1 occurrence
[2025-09-19T10:16:42.891+0000] {subprocess.py:90} INFO - To see all deprecation instances instead of just the first occurrence of each,
[2025-09-19T10:16:42.891+0000] {subprocess.py:90} INFO - run command again with the `--show-all-deprecations` flag. You may also need to
[2025-09-19T10:16:42.892+0000] {subprocess.py:90} INFO - run with `--no-partial-parse` as some deprecations are only encountered during
[2025-09-19T10:16:42.892+0000] {subprocess.py:90} INFO - parsing.
[2025-09-19T10:16:44.768+0000] {subprocess.py:94} INFO - Command exited with return code 0
[2025-09-19T10:16:44.769+0000] {local.py:441} INFO - parsing.
[2025-09-19T10:16:44.782+0000] {local.py:196} WARNING - Artifact schema version: https://schemas.getdbt.com/dbt/manifest/v12.json is above dbt-ol supported version 7. This might cause errors.
[2025-09-19T10:16:44.783+0000] {local.py:196} WARNING - Artifact schema version: https://schemas.getdbt.com/dbt/run-results/v6.json is above dbt-ol supported version 5. This might cause errors.
[2025-09-19T10:16:44.794+0000] {local.py:547} INFO - Inlets: []
[2025-09-19T10:16:44.795+0000] {local.py:548} INFO - Outlets: []
[2025-09-19T10:16:44.796+0000] {local.py:772} INFO - Assigning inlets/outlets without DatasetAlias
[2025-09-19T10:16:44.797+0000] {dag.py:3089} INFO - Sync 1 DAGs
[2025-09-19T10:16:44.958+0000] {virtualenv.py:131} INFO - Releasing virtualenv lock
[2025-09-19T10:16:44.959+0000] {virtualenv.py:145} INFO - None
[2025-09-19T10:16:44.960+0000] {taskinstance.py:441} INFO - ::group::Post task execution logs
[2025-09-19T10:16:45.038+0000] {taskinstance.py:1206} INFO - Marking task as SUCCESS. dag_id=dbt_intermediate, task_id=intermediate.subcategories_enriched.run, run_id=manual__2025-09-19T10:14:55.158074+00:00, execution_date=20250919T101455, start_date=20250919T101458, end_date=20250919T101645
[2025-09-19T10:16:45.117+0000] {local_task_job_runner.py:243} INFO - Task exited with return code 0
[2025-09-19T10:16:45.195+0000] {taskinstance.py:3503} INFO - 0 downstream tasks scheduled from follow-on schedule check
[2025-09-19T10:16:45.207+0000] {local_task_job_runner.py:222} INFO - ::endgroup::
