[2025-09-22T08:25:53.698+0000] {local_task_job_runner.py:120} INFO - ::group::Pre task execution logs
[2025-09-22T08:25:53.933+0000] {taskinstance.py:2076} INFO - Dependencies all met for dep_context=non-requeueable deps ti=<TaskInstance: dbt_intermediate.intermediate.addresses.run scheduled__2025-09-21T00:00:00+00:00 [queued]>
[2025-09-22T08:25:53.946+0000] {taskinstance.py:2076} INFO - Dependencies all met for dep_context=requeueable deps ti=<TaskInstance: dbt_intermediate.intermediate.addresses.run scheduled__2025-09-21T00:00:00+00:00 [queued]>
[2025-09-22T08:25:53.957+0000] {taskinstance.py:2306} INFO - Starting attempt 1 of 1
[2025-09-22T08:25:53.974+0000] {taskinstance.py:2330} INFO - Executing <Task(DbtRunVirtualenvOperator): intermediate.addresses.run> on 2025-09-21 00:00:00+00:00
[2025-09-22T08:25:53.981+0000] {standard_task_runner.py:64} INFO - Started process 4603 to run task
[2025-09-22T08:25:53.984+0000] {standard_task_runner.py:90} INFO - Running: ['***', 'tasks', 'run', 'dbt_intermediate', 'intermediate.addresses.run', 'scheduled__2025-09-21T00:00:00+00:00', '--job-id', '697', '--raw', '--subdir', 'DAGS_FOLDER/dbt_intermediate.py', '--cfg-path', '/tmp/tmpp1bfjkdw']
[2025-09-22T08:25:53.988+0000] {standard_task_runner.py:91} INFO - Job 697: Subtask intermediate.addresses.run
[2025-09-22T08:25:54.171+0000] {task_command.py:426} INFO - Running <TaskInstance: dbt_intermediate.intermediate.addresses.run scheduled__2025-09-21T00:00:00+00:00 [running]> on host e95bde6b8d07
[2025-09-22T08:25:54.488+0000] {taskinstance.py:2648} INFO - Exporting env vars: AIRFLOW_CTX_DAG_OWNER='***' AIRFLOW_CTX_DAG_ID='dbt_intermediate' AIRFLOW_CTX_TASK_ID='intermediate.addresses.run' AIRFLOW_CTX_EXECUTION_DATE='2025-09-21T00:00:00+00:00' AIRFLOW_CTX_TRY_NUMBER='1' AIRFLOW_CTX_DAG_RUN_ID='scheduled__2025-09-21T00:00:00+00:00'
[2025-09-22T08:25:54.491+0000] {taskinstance.py:430} INFO - ::endgroup::
[2025-09-22T08:25:54.507+0000] {virtualenv.py:120} INFO - Checking if the virtualenv lock /opt/***/cosmos_venvs/ecom_intermediate/cosmos_virtualenv.lock exists
[2025-09-22T08:25:54.508+0000] {virtualenv.py:178} INFO - Checking for running process with PID 4128
[2025-09-22T08:25:54.509+0000] {virtualenv.py:181} INFO - Process 4128 running: True and has the lock /opt/***/cosmos_venvs/ecom_intermediate/cosmos_virtualenv.lock.
[2025-09-22T08:25:54.509+0000] {virtualenv.py:122} INFO - Waiting for virtualenv lock to be released
[2025-09-22T08:25:55.511+0000] {virtualenv.py:178} INFO - Checking for running process with PID 4128
[2025-09-22T08:25:55.511+0000] {virtualenv.py:181} INFO - Process 4128 running: True and has the lock /opt/***/cosmos_venvs/ecom_intermediate/cosmos_virtualenv.lock.
[2025-09-22T08:25:55.512+0000] {virtualenv.py:122} INFO - Waiting for virtualenv lock to be released
[2025-09-22T08:25:56.514+0000] {virtualenv.py:178} INFO - Checking for running process with PID 4128
[2025-09-22T08:25:56.515+0000] {virtualenv.py:181} INFO - Process 4128 running: True and has the lock /opt/***/cosmos_venvs/ecom_intermediate/cosmos_virtualenv.lock.
[2025-09-22T08:25:56.516+0000] {virtualenv.py:122} INFO - Waiting for virtualenv lock to be released
[2025-09-22T08:25:57.518+0000] {virtualenv.py:178} INFO - Checking for running process with PID 4128
[2025-09-22T08:25:57.519+0000] {virtualenv.py:181} INFO - Process 4128 running: True and has the lock /opt/***/cosmos_venvs/ecom_intermediate/cosmos_virtualenv.lock.
[2025-09-22T08:25:57.519+0000] {virtualenv.py:122} INFO - Waiting for virtualenv lock to be released
[2025-09-22T08:25:58.520+0000] {virtualenv.py:178} INFO - Checking for running process with PID 4128
[2025-09-22T08:25:58.526+0000] {virtualenv.py:181} INFO - Process 4128 running: True and has the lock /opt/***/cosmos_venvs/ecom_intermediate/cosmos_virtualenv.lock.
[2025-09-22T08:25:58.526+0000] {virtualenv.py:122} INFO - Waiting for virtualenv lock to be released
[2025-09-22T08:25:59.528+0000] {virtualenv.py:178} INFO - Checking for running process with PID 4128
[2025-09-22T08:25:59.529+0000] {virtualenv.py:181} INFO - Process 4128 running: True and has the lock /opt/***/cosmos_venvs/ecom_intermediate/cosmos_virtualenv.lock.
[2025-09-22T08:25:59.531+0000] {virtualenv.py:122} INFO - Waiting for virtualenv lock to be released
[2025-09-22T08:26:00.533+0000] {virtualenv.py:178} INFO - Checking for running process with PID 4128
[2025-09-22T08:26:00.534+0000] {virtualenv.py:181} INFO - Process 4128 running: True and has the lock /opt/***/cosmos_venvs/ecom_intermediate/cosmos_virtualenv.lock.
[2025-09-22T08:26:00.534+0000] {virtualenv.py:122} INFO - Waiting for virtualenv lock to be released
[2025-09-22T08:26:01.536+0000] {virtualenv.py:178} INFO - Checking for running process with PID 4128
[2025-09-22T08:26:01.537+0000] {virtualenv.py:181} INFO - Process 4128 running: True and has the lock /opt/***/cosmos_venvs/ecom_intermediate/cosmos_virtualenv.lock.
[2025-09-22T08:26:01.538+0000] {virtualenv.py:122} INFO - Waiting for virtualenv lock to be released
[2025-09-22T08:26:02.540+0000] {virtualenv.py:178} INFO - Checking for running process with PID 4128
[2025-09-22T08:26:02.541+0000] {virtualenv.py:181} INFO - Process 4128 running: True and has the lock /opt/***/cosmos_venvs/ecom_intermediate/cosmos_virtualenv.lock.
[2025-09-22T08:26:02.542+0000] {virtualenv.py:122} INFO - Waiting for virtualenv lock to be released
[2025-09-22T08:26:03.544+0000] {virtualenv.py:178} INFO - Checking for running process with PID 4128
[2025-09-22T08:26:03.546+0000] {virtualenv.py:181} INFO - Process 4128 running: True and has the lock /opt/***/cosmos_venvs/ecom_intermediate/cosmos_virtualenv.lock.
[2025-09-22T08:26:03.547+0000] {virtualenv.py:122} INFO - Waiting for virtualenv lock to be released
[2025-09-22T08:26:04.549+0000] {virtualenv.py:178} INFO - Checking for running process with PID 4128
[2025-09-22T08:26:04.550+0000] {virtualenv.py:181} INFO - Process 4128 running: True and has the lock /opt/***/cosmos_venvs/ecom_intermediate/cosmos_virtualenv.lock.
[2025-09-22T08:26:04.558+0000] {virtualenv.py:122} INFO - Waiting for virtualenv lock to be released
[2025-09-22T08:26:05.561+0000] {virtualenv.py:178} INFO - Checking for running process with PID 4128
[2025-09-22T08:26:05.562+0000] {virtualenv.py:181} INFO - Process 4128 running: True and has the lock /opt/***/cosmos_venvs/ecom_intermediate/cosmos_virtualenv.lock.
[2025-09-22T08:26:05.563+0000] {virtualenv.py:122} INFO - Waiting for virtualenv lock to be released
[2025-09-22T08:26:06.564+0000] {virtualenv.py:178} INFO - Checking for running process with PID 4128
[2025-09-22T08:26:06.566+0000] {virtualenv.py:181} INFO - Process 4128 running: True and has the lock /opt/***/cosmos_venvs/ecom_intermediate/cosmos_virtualenv.lock.
[2025-09-22T08:26:06.567+0000] {virtualenv.py:122} INFO - Waiting for virtualenv lock to be released
[2025-09-22T08:26:07.568+0000] {virtualenv.py:178} INFO - Checking for running process with PID 4128
[2025-09-22T08:26:07.569+0000] {virtualenv.py:181} INFO - Process 4128 running: True and has the lock /opt/***/cosmos_venvs/ecom_intermediate/cosmos_virtualenv.lock.
[2025-09-22T08:26:07.574+0000] {virtualenv.py:122} INFO - Waiting for virtualenv lock to be released
[2025-09-22T08:26:08.575+0000] {virtualenv.py:178} INFO - Checking for running process with PID 4128
[2025-09-22T08:26:08.576+0000] {virtualenv.py:181} INFO - Process 4128 running: True and has the lock /opt/***/cosmos_venvs/ecom_intermediate/cosmos_virtualenv.lock.
[2025-09-22T08:26:08.576+0000] {virtualenv.py:122} INFO - Waiting for virtualenv lock to be released
[2025-09-22T08:26:09.578+0000] {virtualenv.py:178} INFO - Checking for running process with PID 4495
[2025-09-22T08:26:09.579+0000] {virtualenv.py:181} INFO - Process 4495 running: True and has the lock /opt/***/cosmos_venvs/ecom_intermediate/cosmos_virtualenv.lock.
[2025-09-22T08:26:09.580+0000] {virtualenv.py:122} INFO - Waiting for virtualenv lock to be released
[2025-09-22T08:26:10.582+0000] {virtualenv.py:178} INFO - Checking for running process with PID 4495
[2025-09-22T08:26:10.583+0000] {virtualenv.py:181} INFO - Process 4495 running: True and has the lock /opt/***/cosmos_venvs/ecom_intermediate/cosmos_virtualenv.lock.
[2025-09-22T08:26:10.583+0000] {virtualenv.py:122} INFO - Waiting for virtualenv lock to be released
[2025-09-22T08:26:11.585+0000] {virtualenv.py:178} INFO - Checking for running process with PID 4495
[2025-09-22T08:26:11.586+0000] {virtualenv.py:181} INFO - Process 4495 running: True and has the lock /opt/***/cosmos_venvs/ecom_intermediate/cosmos_virtualenv.lock.
[2025-09-22T08:26:11.587+0000] {virtualenv.py:122} INFO - Waiting for virtualenv lock to be released
[2025-09-22T08:26:12.588+0000] {virtualenv.py:178} INFO - Checking for running process with PID 4495
[2025-09-22T08:26:12.589+0000] {virtualenv.py:181} INFO - Process 4495 running: True and has the lock /opt/***/cosmos_venvs/ecom_intermediate/cosmos_virtualenv.lock.
[2025-09-22T08:26:12.590+0000] {virtualenv.py:122} INFO - Waiting for virtualenv lock to be released
[2025-09-22T08:26:13.592+0000] {virtualenv.py:178} INFO - Checking for running process with PID 4495
[2025-09-22T08:26:13.593+0000] {virtualenv.py:181} INFO - Process 4495 running: True and has the lock /opt/***/cosmos_venvs/ecom_intermediate/cosmos_virtualenv.lock.
[2025-09-22T08:26:13.594+0000] {virtualenv.py:122} INFO - Waiting for virtualenv lock to be released
[2025-09-22T08:26:14.596+0000] {virtualenv.py:178} INFO - Checking for running process with PID 4495
[2025-09-22T08:26:14.597+0000] {virtualenv.py:181} INFO - Process 4495 running: True and has the lock /opt/***/cosmos_venvs/ecom_intermediate/cosmos_virtualenv.lock.
[2025-09-22T08:26:14.597+0000] {virtualenv.py:122} INFO - Waiting for virtualenv lock to be released
[2025-09-22T08:26:15.599+0000] {virtualenv.py:178} INFO - Checking for running process with PID 4495
[2025-09-22T08:26:15.600+0000] {virtualenv.py:181} INFO - Process 4495 running: True and has the lock /opt/***/cosmos_venvs/ecom_intermediate/cosmos_virtualenv.lock.
[2025-09-22T08:26:15.601+0000] {virtualenv.py:122} INFO - Waiting for virtualenv lock to be released
[2025-09-22T08:26:16.603+0000] {virtualenv.py:178} INFO - Checking for running process with PID 4495
[2025-09-22T08:26:16.604+0000] {virtualenv.py:181} INFO - Process 4495 running: True and has the lock /opt/***/cosmos_venvs/ecom_intermediate/cosmos_virtualenv.lock.
[2025-09-22T08:26:16.604+0000] {virtualenv.py:122} INFO - Waiting for virtualenv lock to be released
[2025-09-22T08:26:17.606+0000] {virtualenv.py:178} INFO - Checking for running process with PID 4495
[2025-09-22T08:26:17.607+0000] {virtualenv.py:181} INFO - Process 4495 running: True and has the lock /opt/***/cosmos_venvs/ecom_intermediate/cosmos_virtualenv.lock.
[2025-09-22T08:26:17.607+0000] {virtualenv.py:122} INFO - Waiting for virtualenv lock to be released
[2025-09-22T08:26:18.609+0000] {virtualenv.py:178} INFO - Checking for running process with PID 4495
[2025-09-22T08:26:18.610+0000] {virtualenv.py:181} INFO - Process 4495 running: True and has the lock /opt/***/cosmos_venvs/ecom_intermediate/cosmos_virtualenv.lock.
[2025-09-22T08:26:18.611+0000] {virtualenv.py:122} INFO - Waiting for virtualenv lock to be released
[2025-09-22T08:26:19.613+0000] {virtualenv.py:178} INFO - Checking for running process with PID 4495
[2025-09-22T08:26:19.614+0000] {virtualenv.py:181} INFO - Process 4495 running: True and has the lock /opt/***/cosmos_venvs/ecom_intermediate/cosmos_virtualenv.lock.
[2025-09-22T08:26:19.614+0000] {virtualenv.py:122} INFO - Waiting for virtualenv lock to be released
[2025-09-22T08:26:20.616+0000] {virtualenv.py:178} INFO - Checking for running process with PID 4495
[2025-09-22T08:26:20.617+0000] {virtualenv.py:181} INFO - Process 4495 running: True and has the lock /opt/***/cosmos_venvs/ecom_intermediate/cosmos_virtualenv.lock.
[2025-09-22T08:26:20.617+0000] {virtualenv.py:122} INFO - Waiting for virtualenv lock to be released
[2025-09-22T08:26:21.619+0000] {virtualenv.py:178} INFO - Checking for running process with PID 4495
[2025-09-22T08:26:21.621+0000] {virtualenv.py:181} INFO - Process 4495 running: True and has the lock /opt/***/cosmos_venvs/ecom_intermediate/cosmos_virtualenv.lock.
[2025-09-22T08:26:21.623+0000] {virtualenv.py:122} INFO - Waiting for virtualenv lock to be released
[2025-09-22T08:26:22.626+0000] {virtualenv.py:178} INFO - Checking for running process with PID 4495
[2025-09-22T08:26:22.628+0000] {virtualenv.py:181} INFO - Process 4495 running: True and has the lock /opt/***/cosmos_venvs/ecom_intermediate/cosmos_virtualenv.lock.
[2025-09-22T08:26:22.629+0000] {virtualenv.py:122} INFO - Waiting for virtualenv lock to be released
[2025-09-22T08:26:23.631+0000] {virtualenv.py:178} INFO - Checking for running process with PID 4386
[2025-09-22T08:26:23.632+0000] {virtualenv.py:181} INFO - Process 4386 running: True and has the lock /opt/***/cosmos_venvs/ecom_intermediate/cosmos_virtualenv.lock.
[2025-09-22T08:26:23.633+0000] {virtualenv.py:122} INFO - Waiting for virtualenv lock to be released
[2025-09-22T08:26:24.634+0000] {virtualenv.py:178} INFO - Checking for running process with PID 4386
[2025-09-22T08:26:24.634+0000] {virtualenv.py:181} INFO - Process 4386 running: True and has the lock /opt/***/cosmos_venvs/ecom_intermediate/cosmos_virtualenv.lock.
[2025-09-22T08:26:24.635+0000] {virtualenv.py:122} INFO - Waiting for virtualenv lock to be released
[2025-09-22T08:26:25.637+0000] {virtualenv.py:178} INFO - Checking for running process with PID 4386
[2025-09-22T08:26:25.638+0000] {virtualenv.py:181} INFO - Process 4386 running: True and has the lock /opt/***/cosmos_venvs/ecom_intermediate/cosmos_virtualenv.lock.
[2025-09-22T08:26:25.638+0000] {virtualenv.py:122} INFO - Waiting for virtualenv lock to be released
[2025-09-22T08:26:26.639+0000] {virtualenv.py:178} INFO - Checking for running process with PID 4386
[2025-09-22T08:26:26.641+0000] {virtualenv.py:181} INFO - Process 4386 running: True and has the lock /opt/***/cosmos_venvs/ecom_intermediate/cosmos_virtualenv.lock.
[2025-09-22T08:26:26.642+0000] {virtualenv.py:122} INFO - Waiting for virtualenv lock to be released
[2025-09-22T08:26:27.643+0000] {virtualenv.py:178} INFO - Checking for running process with PID 4386
[2025-09-22T08:26:27.644+0000] {virtualenv.py:181} INFO - Process 4386 running: True and has the lock /opt/***/cosmos_venvs/ecom_intermediate/cosmos_virtualenv.lock.
[2025-09-22T08:26:27.645+0000] {virtualenv.py:122} INFO - Waiting for virtualenv lock to be released
[2025-09-22T08:26:28.645+0000] {virtualenv.py:178} INFO - Checking for running process with PID 4386
[2025-09-22T08:26:28.646+0000] {virtualenv.py:181} INFO - Process 4386 running: True and has the lock /opt/***/cosmos_venvs/ecom_intermediate/cosmos_virtualenv.lock.
[2025-09-22T08:26:28.646+0000] {virtualenv.py:122} INFO - Waiting for virtualenv lock to be released
[2025-09-22T08:26:29.647+0000] {virtualenv.py:178} INFO - Checking for running process with PID 4386
[2025-09-22T08:26:29.649+0000] {virtualenv.py:181} INFO - Process 4386 running: True and has the lock /opt/***/cosmos_venvs/ecom_intermediate/cosmos_virtualenv.lock.
[2025-09-22T08:26:29.649+0000] {virtualenv.py:122} INFO - Waiting for virtualenv lock to be released
[2025-09-22T08:26:30.652+0000] {virtualenv.py:178} INFO - Checking for running process with PID 4386
[2025-09-22T08:26:30.653+0000] {virtualenv.py:181} INFO - Process 4386 running: True and has the lock /opt/***/cosmos_venvs/ecom_intermediate/cosmos_virtualenv.lock.
[2025-09-22T08:26:30.654+0000] {virtualenv.py:122} INFO - Waiting for virtualenv lock to be released
[2025-09-22T08:26:31.656+0000] {virtualenv.py:178} INFO - Checking for running process with PID 4386
[2025-09-22T08:26:31.658+0000] {virtualenv.py:181} INFO - Process 4386 running: True and has the lock /opt/***/cosmos_venvs/ecom_intermediate/cosmos_virtualenv.lock.
[2025-09-22T08:26:31.660+0000] {virtualenv.py:122} INFO - Waiting for virtualenv lock to be released
[2025-09-22T08:26:32.663+0000] {virtualenv.py:178} INFO - Checking for running process with PID 4386
[2025-09-22T08:26:32.664+0000] {virtualenv.py:181} INFO - Process 4386 running: True and has the lock /opt/***/cosmos_venvs/ecom_intermediate/cosmos_virtualenv.lock.
[2025-09-22T08:26:32.665+0000] {virtualenv.py:122} INFO - Waiting for virtualenv lock to be released
[2025-09-22T08:26:33.667+0000] {virtualenv.py:178} INFO - Checking for running process with PID 4386
[2025-09-22T08:26:33.668+0000] {virtualenv.py:181} INFO - Process 4386 running: True and has the lock /opt/***/cosmos_venvs/ecom_intermediate/cosmos_virtualenv.lock.
[2025-09-22T08:26:33.668+0000] {virtualenv.py:122} INFO - Waiting for virtualenv lock to be released
[2025-09-22T08:26:34.670+0000] {virtualenv.py:178} INFO - Checking for running process with PID 4386
[2025-09-22T08:26:34.671+0000] {virtualenv.py:181} INFO - Process 4386 running: True and has the lock /opt/***/cosmos_venvs/ecom_intermediate/cosmos_virtualenv.lock.
[2025-09-22T08:26:34.672+0000] {virtualenv.py:122} INFO - Waiting for virtualenv lock to be released
[2025-09-22T08:26:35.674+0000] {virtualenv.py:178} INFO - Checking for running process with PID 4386
[2025-09-22T08:26:35.676+0000] {virtualenv.py:181} INFO - Process 4386 running: True and has the lock /opt/***/cosmos_venvs/ecom_intermediate/cosmos_virtualenv.lock.
[2025-09-22T08:26:35.677+0000] {virtualenv.py:122} INFO - Waiting for virtualenv lock to be released
[2025-09-22T08:26:36.680+0000] {virtualenv.py:178} INFO - Checking for running process with PID 4386
[2025-09-22T08:26:36.681+0000] {virtualenv.py:181} INFO - Process 4386 running: True and has the lock /opt/***/cosmos_venvs/ecom_intermediate/cosmos_virtualenv.lock.
[2025-09-22T08:26:36.681+0000] {virtualenv.py:122} INFO - Waiting for virtualenv lock to be released
[2025-09-22T08:26:37.682+0000] {virtualenv.py:126} INFO - Acquiring the virtualenv lock
[2025-09-22T08:26:37.683+0000] {virtualenv.py:195} INFO - Acquiring lock at /opt/***/cosmos_venvs/ecom_intermediate/cosmos_virtualenv.lock with pid 4603
[2025-09-22T08:26:37.683+0000] {virtualenv.py:153} INFO - Creating or updating the virtualenv at `/opt/***/cosmos_venvs/ecom_intermediate
[2025-09-22T08:26:37.684+0000] {process_utils.py:183} INFO - Executing cmd: /home/***/.local/bin/python -m virtualenv /opt/***/cosmos_venvs/ecom_intermediate --python=python3
[2025-09-22T08:26:37.685+0000] {process_utils.py:187} INFO - Output:
[2025-09-22T08:26:39.150+0000] {process_utils.py:191} INFO - created virtual environment CPython3.10.14.final.0-64 in 417ms
[2025-09-22T08:26:39.151+0000] {process_utils.py:191} INFO -   creator CPython3Posix(dest=/opt/***/cosmos_venvs/ecom_intermediate, clear=False, no_vcs_ignore=False, global=False)
[2025-09-22T08:26:39.151+0000] {process_utils.py:191} INFO -   seeder FromAppData(download=False, pip=bundle, setuptools=bundle, wheel=bundle, via=copy, app_data_dir=/home/***/.local/share/virtualenv)
[2025-09-22T08:26:39.153+0000] {process_utils.py:191} INFO -     added seed packages: MarkupSafe==3.0.2, PyYAML==6.0.2, agate==1.9.1, annotated_types==0.7.0, attrs==25.3.0, babel==2.17.0, certifi==2025.8.3, charset_normalizer==3.4.3, click==8.3.0, clickhouse_connect==0.9.1, clickhouse_driver==0.2.9, colorama==0.4.6, daff==1.4.2, dbt_adapters==1.16.7, dbt_clickhouse==1.9.3, dbt_common==1.31.0, dbt_core==1.10.11, dbt_extractor==0.6.0, dbt_protos==1.0.375, dbt_semantic_interfaces==0.9.0, deepdiff==8.6.1, idna==3.10, importlib_metadata==8.7.0, isodate==0.6.1, jinja2==3.1.6, jsonschema==4.25.1, jsonschema_specifications==2025.9.1, leather==0.4.0, lz4==4.4.4, mashumaro==3.14, more_itertools==10.8.0, msgpack==1.1.1, networkx==3.4.2, orderly_set==5.5.0, packaging==25.0, parsedatetime==2.6, pathspec==0.12.1, pip==25.2, protobuf==6.32.1, pydantic==2.11.9, pydantic_core==2.33.2, python_dateutil==2.9.0.post0, python_slugify==8.0.4, pytimeparse==1.1.8, pytz==2025.2, referencing==0.36.2, requests==2.32.5, rpds_py==0.27.1, setuptools==80.9.0, six==1.17.0, snowplow_tracker==1.1.0, sqlparse==0.5.3, text_unidecode==1.3, typing_extensions==4.15.0, typing_inspection==0.4.1, tzlocal==5.3.1, urllib3==2.5.0, wheel==0.45.1, zipp==3.23.0, zstandard==0.25.0
[2025-09-22T08:26:39.153+0000] {process_utils.py:191} INFO -   activators BashActivator,CShellActivator,FishActivator,NushellActivator,PowerShellActivator,PythonActivator
[2025-09-22T08:26:39.214+0000] {process_utils.py:183} INFO - Executing cmd: /opt/***/cosmos_venvs/ecom_intermediate/bin/pip install dbt-clickhouse
[2025-09-22T08:26:39.215+0000] {process_utils.py:187} INFO - Output:
[2025-09-22T08:26:40.289+0000] {process_utils.py:191} INFO - Requirement already satisfied: dbt-clickhouse in ./cosmos_venvs/ecom_intermediate/lib/python3.10/site-packages (1.9.3)
[2025-09-22T08:26:40.291+0000] {process_utils.py:191} INFO - Requirement already satisfied: dbt-core>=1.9 in ./cosmos_venvs/ecom_intermediate/lib/python3.10/site-packages (from dbt-clickhouse) (1.10.11)
[2025-09-22T08:26:40.291+0000] {process_utils.py:191} INFO - Requirement already satisfied: clickhouse-connect>=0.6.22 in ./cosmos_venvs/ecom_intermediate/lib/python3.10/site-packages (from dbt-clickhouse) (0.9.1)
[2025-09-22T08:26:40.292+0000] {process_utils.py:191} INFO - Requirement already satisfied: clickhouse-driver>=0.2.6 in ./cosmos_venvs/ecom_intermediate/lib/python3.10/site-packages (from dbt-clickhouse) (0.2.9)
[2025-09-22T08:26:40.293+0000] {process_utils.py:191} INFO - Requirement already satisfied: setuptools>=0.69 in ./cosmos_venvs/ecom_intermediate/lib/python3.10/site-packages (from dbt-clickhouse) (80.9.0)
[2025-09-22T08:26:40.294+0000] {process_utils.py:191} INFO - Requirement already satisfied: certifi in ./cosmos_venvs/ecom_intermediate/lib/python3.10/site-packages (from clickhouse-connect>=0.6.22->dbt-clickhouse) (2025.8.3)
[2025-09-22T08:26:40.295+0000] {process_utils.py:191} INFO - Requirement already satisfied: urllib3>=1.26 in ./cosmos_venvs/ecom_intermediate/lib/python3.10/site-packages (from clickhouse-connect>=0.6.22->dbt-clickhouse) (2.5.0)
[2025-09-22T08:26:40.296+0000] {process_utils.py:191} INFO - Requirement already satisfied: pytz in ./cosmos_venvs/ecom_intermediate/lib/python3.10/site-packages (from clickhouse-connect>=0.6.22->dbt-clickhouse) (2025.2)
[2025-09-22T08:26:40.296+0000] {process_utils.py:191} INFO - Requirement already satisfied: zstandard in ./cosmos_venvs/ecom_intermediate/lib/python3.10/site-packages (from clickhouse-connect>=0.6.22->dbt-clickhouse) (0.25.0)
[2025-09-22T08:26:40.297+0000] {process_utils.py:191} INFO - Requirement already satisfied: lz4 in ./cosmos_venvs/ecom_intermediate/lib/python3.10/site-packages (from clickhouse-connect>=0.6.22->dbt-clickhouse) (4.4.4)
[2025-09-22T08:26:40.298+0000] {process_utils.py:191} INFO - Requirement already satisfied: tzlocal in ./cosmos_venvs/ecom_intermediate/lib/python3.10/site-packages (from clickhouse-driver>=0.2.6->dbt-clickhouse) (5.3.1)
[2025-09-22T08:26:40.301+0000] {process_utils.py:191} INFO - Requirement already satisfied: agate<1.10,>=1.7.0 in ./cosmos_venvs/ecom_intermediate/lib/python3.10/site-packages (from dbt-core>=1.9->dbt-clickhouse) (1.9.1)
[2025-09-22T08:26:40.302+0000] {process_utils.py:191} INFO - Requirement already satisfied: Jinja2<4,>=3.1.3 in ./cosmos_venvs/ecom_intermediate/lib/python3.10/site-packages (from dbt-core>=1.9->dbt-clickhouse) (3.1.6)
[2025-09-22T08:26:40.303+0000] {process_utils.py:191} INFO - Requirement already satisfied: mashumaro<3.15,>=3.9 in ./cosmos_venvs/ecom_intermediate/lib/python3.10/site-packages (from mashumaro[msgpack]<3.15,>=3.9->dbt-core>=1.9->dbt-clickhouse) (3.14)
[2025-09-22T08:26:40.304+0000] {process_utils.py:191} INFO - Requirement already satisfied: click<9.0,>=8.0.2 in ./cosmos_venvs/ecom_intermediate/lib/python3.10/site-packages (from dbt-core>=1.9->dbt-clickhouse) (8.3.0)
[2025-09-22T08:26:40.305+0000] {process_utils.py:191} INFO - Requirement already satisfied: jsonschema<5.0,>=4.19.1 in ./cosmos_venvs/ecom_intermediate/lib/python3.10/site-packages (from dbt-core>=1.9->dbt-clickhouse) (4.25.1)
[2025-09-22T08:26:40.306+0000] {process_utils.py:191} INFO - Requirement already satisfied: networkx<4.0,>=2.3 in ./cosmos_venvs/ecom_intermediate/lib/python3.10/site-packages (from dbt-core>=1.9->dbt-clickhouse) (3.4.2)
[2025-09-22T08:26:40.306+0000] {process_utils.py:191} INFO - Requirement already satisfied: protobuf<7.0,>=6.0 in ./cosmos_venvs/ecom_intermediate/lib/python3.10/site-packages (from dbt-core>=1.9->dbt-clickhouse) (6.32.1)
[2025-09-22T08:26:40.307+0000] {process_utils.py:191} INFO - Requirement already satisfied: requests<3.0.0 in ./cosmos_venvs/ecom_intermediate/lib/python3.10/site-packages (from dbt-core>=1.9->dbt-clickhouse) (2.32.5)
[2025-09-22T08:26:40.308+0000] {process_utils.py:191} INFO - Requirement already satisfied: snowplow-tracker<2.0,>=1.0.2 in ./cosmos_venvs/ecom_intermediate/lib/python3.10/site-packages (from dbt-core>=1.9->dbt-clickhouse) (1.1.0)
[2025-09-22T08:26:40.308+0000] {process_utils.py:191} INFO - Requirement already satisfied: pathspec<0.13,>=0.9 in ./cosmos_venvs/ecom_intermediate/lib/python3.10/site-packages (from dbt-core>=1.9->dbt-clickhouse) (0.12.1)
[2025-09-22T08:26:40.309+0000] {process_utils.py:191} INFO - Requirement already satisfied: sqlparse<0.6.0,>=0.5.0 in ./cosmos_venvs/ecom_intermediate/lib/python3.10/site-packages (from dbt-core>=1.9->dbt-clickhouse) (0.5.3)
[2025-09-22T08:26:40.309+0000] {process_utils.py:191} INFO - Requirement already satisfied: dbt-extractor<=0.6,>=0.5.0 in ./cosmos_venvs/ecom_intermediate/lib/python3.10/site-packages (from dbt-core>=1.9->dbt-clickhouse) (0.6.0)
[2025-09-22T08:26:40.310+0000] {process_utils.py:191} INFO - Requirement already satisfied: dbt-semantic-interfaces<0.10,>=0.9.0 in ./cosmos_venvs/ecom_intermediate/lib/python3.10/site-packages (from dbt-core>=1.9->dbt-clickhouse) (0.9.0)
[2025-09-22T08:26:40.311+0000] {process_utils.py:191} INFO - Requirement already satisfied: dbt-common<2.0,>=1.27.0 in ./cosmos_venvs/ecom_intermediate/lib/python3.10/site-packages (from dbt-core>=1.9->dbt-clickhouse) (1.31.0)
[2025-09-22T08:26:40.311+0000] {process_utils.py:191} INFO - Requirement already satisfied: dbt-adapters<2.0,>=1.15.5 in ./cosmos_venvs/ecom_intermediate/lib/python3.10/site-packages (from dbt-core>=1.9->dbt-clickhouse) (1.16.7)
[2025-09-22T08:26:40.312+0000] {process_utils.py:191} INFO - Requirement already satisfied: dbt-protos<2.0,>=1.0.346 in ./cosmos_venvs/ecom_intermediate/lib/python3.10/site-packages (from dbt-core>=1.9->dbt-clickhouse) (1.0.375)
[2025-09-22T08:26:40.312+0000] {process_utils.py:191} INFO - Requirement already satisfied: pydantic<3 in ./cosmos_venvs/ecom_intermediate/lib/python3.10/site-packages (from dbt-core>=1.9->dbt-clickhouse) (2.11.9)
[2025-09-22T08:26:40.313+0000] {process_utils.py:191} INFO - Requirement already satisfied: packaging>20.9 in ./cosmos_venvs/ecom_intermediate/lib/python3.10/site-packages (from dbt-core>=1.9->dbt-clickhouse) (25.0)
[2025-09-22T08:26:40.314+0000] {process_utils.py:191} INFO - Requirement already satisfied: pyyaml>=6.0 in ./cosmos_venvs/ecom_intermediate/lib/python3.10/site-packages (from dbt-core>=1.9->dbt-clickhouse) (6.0.2)
[2025-09-22T08:26:40.314+0000] {process_utils.py:191} INFO - Requirement already satisfied: daff>=1.3.46 in ./cosmos_venvs/ecom_intermediate/lib/python3.10/site-packages (from dbt-core>=1.9->dbt-clickhouse) (1.4.2)
[2025-09-22T08:26:40.315+0000] {process_utils.py:191} INFO - Requirement already satisfied: typing-extensions>=4.4 in ./cosmos_venvs/ecom_intermediate/lib/python3.10/site-packages (from dbt-core>=1.9->dbt-clickhouse) (4.15.0)
[2025-09-22T08:26:40.318+0000] {process_utils.py:191} INFO - Requirement already satisfied: Babel>=2.0 in ./cosmos_venvs/ecom_intermediate/lib/python3.10/site-packages (from agate<1.10,>=1.7.0->dbt-core>=1.9->dbt-clickhouse) (2.17.0)
[2025-09-22T08:26:40.318+0000] {process_utils.py:191} INFO - Requirement already satisfied: isodate>=0.5.4 in ./cosmos_venvs/ecom_intermediate/lib/python3.10/site-packages (from agate<1.10,>=1.7.0->dbt-core>=1.9->dbt-clickhouse) (0.6.1)
[2025-09-22T08:26:40.319+0000] {process_utils.py:191} INFO - Requirement already satisfied: leather>=0.3.2 in ./cosmos_venvs/ecom_intermediate/lib/python3.10/site-packages (from agate<1.10,>=1.7.0->dbt-core>=1.9->dbt-clickhouse) (0.4.0)
[2025-09-22T08:26:40.319+0000] {process_utils.py:191} INFO - Requirement already satisfied: parsedatetime!=2.5,>=2.1 in ./cosmos_venvs/ecom_intermediate/lib/python3.10/site-packages (from agate<1.10,>=1.7.0->dbt-core>=1.9->dbt-clickhouse) (2.6)
[2025-09-22T08:26:40.320+0000] {process_utils.py:191} INFO - Requirement already satisfied: python-slugify>=1.2.1 in ./cosmos_venvs/ecom_intermediate/lib/python3.10/site-packages (from agate<1.10,>=1.7.0->dbt-core>=1.9->dbt-clickhouse) (8.0.4)
[2025-09-22T08:26:40.321+0000] {process_utils.py:191} INFO - Requirement already satisfied: pytimeparse>=1.1.5 in ./cosmos_venvs/ecom_intermediate/lib/python3.10/site-packages (from agate<1.10,>=1.7.0->dbt-core>=1.9->dbt-clickhouse) (1.1.8)
[2025-09-22T08:26:40.330+0000] {process_utils.py:191} INFO - Requirement already satisfied: colorama<0.5,>=0.3.9 in ./cosmos_venvs/ecom_intermediate/lib/python3.10/site-packages (from dbt-common<2.0,>=1.27.0->dbt-core>=1.9->dbt-clickhouse) (0.4.6)
[2025-09-22T08:26:40.331+0000] {process_utils.py:191} INFO - Requirement already satisfied: deepdiff<9.0,>=7.0 in ./cosmos_venvs/ecom_intermediate/lib/python3.10/site-packages (from dbt-common<2.0,>=1.27.0->dbt-core>=1.9->dbt-clickhouse) (8.6.1)
[2025-09-22T08:26:40.334+0000] {process_utils.py:191} INFO - Requirement already satisfied: python-dateutil<3.0,>=2.0 in ./cosmos_venvs/ecom_intermediate/lib/python3.10/site-packages (from dbt-common<2.0,>=1.27.0->dbt-core>=1.9->dbt-clickhouse) (2.9.0.post0)
[2025-09-22T08:26:40.341+0000] {process_utils.py:191} INFO - Requirement already satisfied: importlib-metadata<9,>=6.0 in ./cosmos_venvs/ecom_intermediate/lib/python3.10/site-packages (from dbt-semantic-interfaces<0.10,>=0.9.0->dbt-core>=1.9->dbt-clickhouse) (8.7.0)
[2025-09-22T08:26:40.342+0000] {process_utils.py:191} INFO - Requirement already satisfied: more-itertools<11.0,>=8.0 in ./cosmos_venvs/ecom_intermediate/lib/python3.10/site-packages (from dbt-semantic-interfaces<0.10,>=0.9.0->dbt-core>=1.9->dbt-clickhouse) (10.8.0)
[2025-09-22T08:26:40.350+0000] {process_utils.py:191} INFO - Requirement already satisfied: orderly-set<6,>=5.4.1 in ./cosmos_venvs/ecom_intermediate/lib/python3.10/site-packages (from deepdiff<9.0,>=7.0->dbt-common<2.0,>=1.27.0->dbt-core>=1.9->dbt-clickhouse) (5.5.0)
[2025-09-22T08:26:40.355+0000] {process_utils.py:191} INFO - Requirement already satisfied: zipp>=3.20 in ./cosmos_venvs/ecom_intermediate/lib/python3.10/site-packages (from importlib-metadata<9,>=6.0->dbt-semantic-interfaces<0.10,>=0.9.0->dbt-core>=1.9->dbt-clickhouse) (3.23.0)
[2025-09-22T08:26:40.356+0000] {process_utils.py:191} INFO - Requirement already satisfied: six in ./cosmos_venvs/ecom_intermediate/lib/python3.10/site-packages (from isodate>=0.5.4->agate<1.10,>=1.7.0->dbt-core>=1.9->dbt-clickhouse) (1.17.0)
[2025-09-22T08:26:40.358+0000] {process_utils.py:191} INFO - Requirement already satisfied: MarkupSafe>=2.0 in ./cosmos_venvs/ecom_intermediate/lib/python3.10/site-packages (from Jinja2<4,>=3.1.3->dbt-core>=1.9->dbt-clickhouse) (3.0.2)
[2025-09-22T08:26:40.361+0000] {process_utils.py:191} INFO - Requirement already satisfied: attrs>=22.2.0 in ./cosmos_venvs/ecom_intermediate/lib/python3.10/site-packages (from jsonschema<5.0,>=4.19.1->dbt-core>=1.9->dbt-clickhouse) (25.3.0)
[2025-09-22T08:26:40.362+0000] {process_utils.py:191} INFO - Requirement already satisfied: jsonschema-specifications>=2023.03.6 in ./cosmos_venvs/ecom_intermediate/lib/python3.10/site-packages (from jsonschema<5.0,>=4.19.1->dbt-core>=1.9->dbt-clickhouse) (2025.9.1)
[2025-09-22T08:26:40.363+0000] {process_utils.py:191} INFO - Requirement already satisfied: referencing>=0.28.4 in ./cosmos_venvs/ecom_intermediate/lib/python3.10/site-packages (from jsonschema<5.0,>=4.19.1->dbt-core>=1.9->dbt-clickhouse) (0.36.2)
[2025-09-22T08:26:40.363+0000] {process_utils.py:191} INFO - Requirement already satisfied: rpds-py>=0.7.1 in ./cosmos_venvs/ecom_intermediate/lib/python3.10/site-packages (from jsonschema<5.0,>=4.19.1->dbt-core>=1.9->dbt-clickhouse) (0.27.1)
[2025-09-22T08:26:40.370+0000] {process_utils.py:191} INFO - Requirement already satisfied: msgpack>=0.5.6 in ./cosmos_venvs/ecom_intermediate/lib/python3.10/site-packages (from mashumaro[msgpack]<3.15,>=3.9->dbt-core>=1.9->dbt-clickhouse) (1.1.1)
[2025-09-22T08:26:40.386+0000] {process_utils.py:191} INFO - Requirement already satisfied: annotated-types>=0.6.0 in ./cosmos_venvs/ecom_intermediate/lib/python3.10/site-packages (from pydantic<3->dbt-core>=1.9->dbt-clickhouse) (0.7.0)
[2025-09-22T08:26:40.387+0000] {process_utils.py:191} INFO - Requirement already satisfied: pydantic-core==2.33.2 in ./cosmos_venvs/ecom_intermediate/lib/python3.10/site-packages (from pydantic<3->dbt-core>=1.9->dbt-clickhouse) (2.33.2)
[2025-09-22T08:26:40.388+0000] {process_utils.py:191} INFO - Requirement already satisfied: typing-inspection>=0.4.0 in ./cosmos_venvs/ecom_intermediate/lib/python3.10/site-packages (from pydantic<3->dbt-core>=1.9->dbt-clickhouse) (0.4.1)
[2025-09-22T08:26:40.395+0000] {process_utils.py:191} INFO - Requirement already satisfied: charset_normalizer<4,>=2 in ./cosmos_venvs/ecom_intermediate/lib/python3.10/site-packages (from requests<3.0.0->dbt-core>=1.9->dbt-clickhouse) (3.4.3)
[2025-09-22T08:26:40.396+0000] {process_utils.py:191} INFO - Requirement already satisfied: idna<4,>=2.5 in ./cosmos_venvs/ecom_intermediate/lib/python3.10/site-packages (from requests<3.0.0->dbt-core>=1.9->dbt-clickhouse) (3.10)
[2025-09-22T08:26:40.433+0000] {process_utils.py:191} INFO - Requirement already satisfied: text-unidecode>=1.3 in ./cosmos_venvs/ecom_intermediate/lib/python3.10/site-packages (from python-slugify>=1.2.1->agate<1.10,>=1.7.0->dbt-core>=1.9->dbt-clickhouse) (1.3)
[2025-09-22T08:26:40.545+0000] {local.py:470} INFO - Cloning project to writable temp directory /tmp/tmpl4j7sict from /opt/airflow/dags/dbt/ecom_intermediate
[2025-09-22T08:26:40.568+0000] {local.py:490} INFO - Partial parse is enabled and the latest partial parse file is /tmp/cosmos/dbt_intermediate__intermediate/target/partial_parse.msgpack
[2025-09-22T08:26:40.577+0000] {config.py:362} INFO - Using user-supplied profiles.yml at /opt/airflow/dags/dbt/profiles.yml
[2025-09-22T08:26:40.597+0000] {virtualenv.py:99} INFO - Using Python binary from virtualenv: /opt/***/cosmos_venvs/ecom_intermediate/bin/python
[2025-09-22T08:26:40.597+0000] {local.py:434} INFO - Trying to run the command:
 ['/opt/***/cosmos_venvs/ecom_intermediate/bin/dbt', 'deps', '--project-dir', '/tmp/tmpl4j7sict', '--profiles-dir', '/opt/***/dags/dbt', '--profile', 'ecom_intermediate', '--target', 'dev']
From /tmp/tmpl4j7sict
[2025-09-22T08:26:40.598+0000] {subprocess.py:56} INFO - Tmp dir root location: 
 /tmp
[2025-09-22T08:26:40.598+0000] {subprocess.py:69} INFO - Running command: ['/opt/***/cosmos_venvs/ecom_intermediate/bin/dbt', 'deps', '--project-dir', '/tmp/tmpl4j7sict', '--profiles-dir', '/opt/***/dags/dbt', '--profile', 'ecom_intermediate', '--target', 'dev']
[2025-09-22T08:26:40.608+0000] {subprocess.py:80} INFO - Command output:
[2025-09-22T08:26:42.503+0000] {subprocess.py:90} INFO - [0m08:26:42  Running with dbt=1.10.11
[2025-09-22T08:26:43.399+0000] {subprocess.py:90} INFO - [0m08:26:43  Installing dbt-labs/dbt_utils
[2025-09-22T08:26:44.120+0000] {subprocess.py:90} INFO - [0m08:26:44  Installed from version 1.3.0
[2025-09-22T08:26:44.121+0000] {subprocess.py:90} INFO - [0m08:26:44  Updated version available: 1.3.1
[2025-09-22T08:26:44.122+0000] {subprocess.py:90} INFO - [0m08:26:44
[2025-09-22T08:26:44.123+0000] {subprocess.py:90} INFO - [0m08:26:44  Updates available for packages: ['dbt-labs/dbt_utils']
[2025-09-22T08:26:44.123+0000] {subprocess.py:90} INFO - Update your versions in packages.yml, then run dbt deps
[2025-09-22T08:26:45.698+0000] {subprocess.py:94} INFO - Command exited with return code 0
[2025-09-22T08:26:45.700+0000] {local.py:441} INFO - Update your versions in packages.yml, then run dbt deps
[2025-09-22T08:26:45.700+0000] {virtualenv.py:99} INFO - Using Python binary from virtualenv: /opt/***/cosmos_venvs/ecom_intermediate/bin/python
[2025-09-22T08:26:45.701+0000] {local.py:434} INFO - Trying to run the command:
 ['/opt/***/cosmos_venvs/ecom_intermediate/bin/dbt', 'run', '--models', 'addresses', '--project-dir', '/tmp/tmpl4j7sict', '--profiles-dir', '/opt/***/dags/dbt', '--profile', 'ecom_intermediate', '--target', 'dev']
From /tmp/tmpl4j7sict
[2025-09-22T08:26:45.702+0000] {subprocess.py:56} INFO - Tmp dir root location: 
 /tmp
[2025-09-22T08:26:45.703+0000] {subprocess.py:69} INFO - Running command: ['/opt/***/cosmos_venvs/ecom_intermediate/bin/dbt', 'run', '--models', 'addresses', '--project-dir', '/tmp/tmpl4j7sict', '--profiles-dir', '/opt/***/dags/dbt', '--profile', 'ecom_intermediate', '--target', 'dev']
[2025-09-22T08:26:45.714+0000] {subprocess.py:80} INFO - Command output:
[2025-09-22T08:26:47.509+0000] {subprocess.py:90} INFO - [0m08:26:47  Running with dbt=1.10.11
[2025-09-22T08:26:47.510+0000] {subprocess.py:90} INFO - [0m08:26:47  [[33mWARNING[0m]: Deprecated functionality
[2025-09-22T08:26:47.510+0000] {subprocess.py:90} INFO - Usage of `--models`, `--model`, and `-m` is deprecated in favor of `--select` or
[2025-09-22T08:26:47.511+0000] {subprocess.py:90} INFO - `-s`.
[2025-09-22T08:26:47.794+0000] {subprocess.py:90} INFO - [0m08:26:47  Registered adapter: clickhouse=1.9.3
[2025-09-22T08:26:49.035+0000] {subprocess.py:90} INFO - [0m08:26:49  Found 15 models, 50 data tests, 8 sources, 597 macros
[2025-09-22T08:26:49.038+0000] {subprocess.py:90} INFO - [0m08:26:49
[2025-09-22T08:26:49.038+0000] {subprocess.py:90} INFO - [0m08:26:49  Concurrency: 4 threads (target='dev')
[2025-09-22T08:26:49.039+0000] {subprocess.py:90} INFO - [0m08:26:49
[2025-09-22T08:26:49.186+0000] {subprocess.py:90} INFO - [0m08:26:49  1 of 1 START sql table model `ecom_db_intermediate`.`addresses` ................ [RUN]
[2025-09-22T08:26:49.365+0000] {subprocess.py:90} INFO - [0m08:26:49  1 of 1 OK created sql table model `ecom_db_intermediate`.`addresses` ........... [[32mOK[0m in 0.18s]
[2025-09-22T08:26:49.369+0000] {subprocess.py:90} INFO - [0m08:26:49
[2025-09-22T08:26:49.370+0000] {subprocess.py:90} INFO - [0m08:26:49  Finished running 1 table model in 0 hours 0 minutes and 0.33 seconds (0.33s).
[2025-09-22T08:26:49.414+0000] {subprocess.py:90} INFO - [0m08:26:49
[2025-09-22T08:26:49.415+0000] {subprocess.py:90} INFO - [0m08:26:49  [32mCompleted successfully[0m
[2025-09-22T08:26:49.416+0000] {subprocess.py:90} INFO - [0m08:26:49
[2025-09-22T08:26:49.417+0000] {subprocess.py:90} INFO - [0m08:26:49  Done. PASS=1 WARN=0 ERROR=0 SKIP=0 NO-OP=0 TOTAL=1
[2025-09-22T08:26:49.418+0000] {subprocess.py:90} INFO - [0m08:26:49  [[33mWARNING[0m][DeprecationsSummary]: Deprecated functionality
[2025-09-22T08:26:49.418+0000] {subprocess.py:90} INFO - Summary of encountered deprecations:
[2025-09-22T08:26:49.419+0000] {subprocess.py:90} INFO - - ModelParamUsageDeprecation: 1 occurrence
[2025-09-22T08:26:49.420+0000] {subprocess.py:90} INFO - To see all deprecation instances instead of just the first occurrence of each,
[2025-09-22T08:26:49.420+0000] {subprocess.py:90} INFO - run command again with the `--show-all-deprecations` flag. You may also need to
[2025-09-22T08:26:49.421+0000] {subprocess.py:90} INFO - run with `--no-partial-parse` as some deprecations are only encountered during
[2025-09-22T08:26:49.422+0000] {subprocess.py:90} INFO - parsing.
[2025-09-22T08:26:51.224+0000] {subprocess.py:94} INFO - Command exited with return code 0
[2025-09-22T08:26:51.225+0000] {local.py:441} INFO - parsing.
[2025-09-22T08:26:51.242+0000] {local.py:196} WARNING - Artifact schema version: https://schemas.getdbt.com/dbt/manifest/v12.json is above dbt-ol supported version 7. This might cause errors.
[2025-09-22T08:26:51.243+0000] {local.py:196} WARNING - Artifact schema version: https://schemas.getdbt.com/dbt/run-results/v6.json is above dbt-ol supported version 5. This might cause errors.
[2025-09-22T08:26:51.253+0000] {local.py:547} INFO - Inlets: []
[2025-09-22T08:26:51.254+0000] {local.py:548} INFO - Outlets: []
[2025-09-22T08:26:51.255+0000] {local.py:772} INFO - Assigning inlets/outlets without DatasetAlias
[2025-09-22T08:26:51.256+0000] {dag.py:3089} INFO - Sync 1 DAGs
[2025-09-22T08:26:51.405+0000] {virtualenv.py:131} INFO - Releasing virtualenv lock
[2025-09-22T08:26:51.406+0000] {virtualenv.py:145} INFO - None
[2025-09-22T08:26:51.407+0000] {taskinstance.py:441} INFO - ::group::Post task execution logs
[2025-09-22T08:26:51.449+0000] {taskinstance.py:1206} INFO - Marking task as SUCCESS. dag_id=dbt_intermediate, task_id=intermediate.addresses.run, run_id=scheduled__2025-09-21T00:00:00+00:00, execution_date=20250921T000000, start_date=20250922T082553, end_date=20250922T082651
[2025-09-22T08:26:51.499+0000] {local_task_job_runner.py:243} INFO - Task exited with return code 0
[2025-09-22T08:26:51.578+0000] {taskinstance.py:3503} INFO - 1 downstream tasks scheduled from follow-on schedule check
[2025-09-22T08:26:51.592+0000] {local_task_job_runner.py:222} INFO - ::endgroup::
