[2025-09-19T10:04:51.561+0000] {local_task_job_runner.py:120} INFO - ::group::Pre task execution logs
[2025-09-19T10:04:52.205+0000] {taskinstance.py:2076} INFO - Dependencies all met for dep_context=non-requeueable deps ti=<TaskInstance: dbt_intermediate.intermediate.education_types.run manual__2025-09-19T10:00:34.117962+00:00 [queued]>
[2025-09-19T10:04:52.237+0000] {taskinstance.py:2076} INFO - Dependencies all met for dep_context=requeueable deps ti=<TaskInstance: dbt_intermediate.intermediate.education_types.run manual__2025-09-19T10:00:34.117962+00:00 [queued]>
[2025-09-19T10:04:52.240+0000] {taskinstance.py:2306} INFO - Starting attempt 1 of 1
[2025-09-19T10:04:52.387+0000] {taskinstance.py:2330} INFO - Executing <Task(DbtRunVirtualenvOperator): intermediate.education_types.run> on 2025-09-19 10:00:34.117962+00:00
[2025-09-19T10:04:52.403+0000] {standard_task_runner.py:64} INFO - Started process 1518 to run task
[2025-09-19T10:04:52.410+0000] {standard_task_runner.py:90} INFO - Running: ['***', 'tasks', 'run', 'dbt_intermediate', 'intermediate.education_types.run', 'manual__2025-09-19T10:00:34.117962+00:00', '--job-id', '537', '--raw', '--subdir', 'DAGS_FOLDER/dbt_intermediate.py', '--cfg-path', '/tmp/tmp96jabe6h']
[2025-09-19T10:04:52.417+0000] {standard_task_runner.py:91} INFO - Job 537: Subtask intermediate.education_types.run
[2025-09-19T10:04:52.926+0000] {task_command.py:426} INFO - Running <TaskInstance: dbt_intermediate.intermediate.education_types.run manual__2025-09-19T10:00:34.117962+00:00 [running]> on host e95bde6b8d07
[2025-09-19T10:04:53.726+0000] {taskinstance.py:2648} INFO - Exporting env vars: AIRFLOW_CTX_DAG_OWNER='***' AIRFLOW_CTX_DAG_ID='dbt_intermediate' AIRFLOW_CTX_TASK_ID='intermediate.education_types.run' AIRFLOW_CTX_EXECUTION_DATE='2025-09-19T10:00:34.117962+00:00' AIRFLOW_CTX_TRY_NUMBER='1' AIRFLOW_CTX_DAG_RUN_ID='manual__2025-09-19T10:00:34.117962+00:00'
[2025-09-19T10:04:53.733+0000] {taskinstance.py:430} INFO - ::endgroup::
[2025-09-19T10:04:53.757+0000] {virtualenv.py:120} INFO - Checking if the virtualenv lock /tmp/cosmos_venv_ecom_intermediate/cosmos_virtualenv.lock exists
[2025-09-19T10:04:53.758+0000] {virtualenv.py:178} INFO - Checking for running process with PID 1514
[2025-09-19T10:04:53.758+0000] {virtualenv.py:181} INFO - Process 1514 running: True and has the lock /tmp/cosmos_venv_ecom_intermediate/cosmos_virtualenv.lock.
[2025-09-19T10:04:53.759+0000] {virtualenv.py:122} INFO - Waiting for virtualenv lock to be released
[2025-09-19T10:04:54.761+0000] {virtualenv.py:178} INFO - Checking for running process with PID 1514
[2025-09-19T10:04:54.761+0000] {virtualenv.py:181} INFO - Process 1514 running: True and has the lock /tmp/cosmos_venv_ecom_intermediate/cosmos_virtualenv.lock.
[2025-09-19T10:04:54.762+0000] {virtualenv.py:122} INFO - Waiting for virtualenv lock to be released
[2025-09-19T10:04:55.763+0000] {virtualenv.py:178} INFO - Checking for running process with PID 1514
[2025-09-19T10:04:55.765+0000] {virtualenv.py:181} INFO - Process 1514 running: True and has the lock /tmp/cosmos_venv_ecom_intermediate/cosmos_virtualenv.lock.
[2025-09-19T10:04:55.765+0000] {virtualenv.py:122} INFO - Waiting for virtualenv lock to be released
[2025-09-19T10:04:56.767+0000] {virtualenv.py:178} INFO - Checking for running process with PID 1514
[2025-09-19T10:04:56.767+0000] {virtualenv.py:181} INFO - Process 1514 running: True and has the lock /tmp/cosmos_venv_ecom_intermediate/cosmos_virtualenv.lock.
[2025-09-19T10:04:56.768+0000] {virtualenv.py:122} INFO - Waiting for virtualenv lock to be released
[2025-09-19T10:04:57.769+0000] {virtualenv.py:178} INFO - Checking for running process with PID 1514
[2025-09-19T10:04:57.770+0000] {virtualenv.py:181} INFO - Process 1514 running: True and has the lock /tmp/cosmos_venv_ecom_intermediate/cosmos_virtualenv.lock.
[2025-09-19T10:04:57.770+0000] {virtualenv.py:122} INFO - Waiting for virtualenv lock to be released
[2025-09-19T10:04:58.772+0000] {virtualenv.py:178} INFO - Checking for running process with PID 1514
[2025-09-19T10:04:58.773+0000] {virtualenv.py:181} INFO - Process 1514 running: True and has the lock /tmp/cosmos_venv_ecom_intermediate/cosmos_virtualenv.lock.
[2025-09-19T10:04:58.773+0000] {virtualenv.py:122} INFO - Waiting for virtualenv lock to be released
[2025-09-19T10:04:59.775+0000] {virtualenv.py:178} INFO - Checking for running process with PID 1514
[2025-09-19T10:04:59.775+0000] {virtualenv.py:181} INFO - Process 1514 running: True and has the lock /tmp/cosmos_venv_ecom_intermediate/cosmos_virtualenv.lock.
[2025-09-19T10:04:59.776+0000] {virtualenv.py:122} INFO - Waiting for virtualenv lock to be released
[2025-09-19T10:05:00.778+0000] {virtualenv.py:178} INFO - Checking for running process with PID 1514
[2025-09-19T10:05:00.778+0000] {virtualenv.py:181} INFO - Process 1514 running: True and has the lock /tmp/cosmos_venv_ecom_intermediate/cosmos_virtualenv.lock.
[2025-09-19T10:05:00.779+0000] {virtualenv.py:122} INFO - Waiting for virtualenv lock to be released
[2025-09-19T10:05:01.780+0000] {virtualenv.py:178} INFO - Checking for running process with PID 1514
[2025-09-19T10:05:01.781+0000] {virtualenv.py:181} INFO - Process 1514 running: True and has the lock /tmp/cosmos_venv_ecom_intermediate/cosmos_virtualenv.lock.
[2025-09-19T10:05:01.781+0000] {virtualenv.py:122} INFO - Waiting for virtualenv lock to be released
[2025-09-19T10:05:02.783+0000] {virtualenv.py:178} INFO - Checking for running process with PID 1514
[2025-09-19T10:05:02.784+0000] {virtualenv.py:181} INFO - Process 1514 running: True and has the lock /tmp/cosmos_venv_ecom_intermediate/cosmos_virtualenv.lock.
[2025-09-19T10:05:02.786+0000] {virtualenv.py:122} INFO - Waiting for virtualenv lock to be released
[2025-09-19T10:05:03.787+0000] {virtualenv.py:178} INFO - Checking for running process with PID 1514
[2025-09-19T10:05:03.788+0000] {virtualenv.py:181} INFO - Process 1514 running: True and has the lock /tmp/cosmos_venv_ecom_intermediate/cosmos_virtualenv.lock.
[2025-09-19T10:05:03.788+0000] {virtualenv.py:122} INFO - Waiting for virtualenv lock to be released
[2025-09-19T10:05:04.790+0000] {virtualenv.py:178} INFO - Checking for running process with PID 1514
[2025-09-19T10:05:04.791+0000] {virtualenv.py:181} INFO - Process 1514 running: True and has the lock /tmp/cosmos_venv_ecom_intermediate/cosmos_virtualenv.lock.
[2025-09-19T10:05:04.792+0000] {virtualenv.py:122} INFO - Waiting for virtualenv lock to be released
[2025-09-19T10:05:05.793+0000] {virtualenv.py:178} INFO - Checking for running process with PID 1514
[2025-09-19T10:05:05.794+0000] {virtualenv.py:181} INFO - Process 1514 running: True and has the lock /tmp/cosmos_venv_ecom_intermediate/cosmos_virtualenv.lock.
[2025-09-19T10:05:05.794+0000] {virtualenv.py:122} INFO - Waiting for virtualenv lock to be released
[2025-09-19T10:05:06.796+0000] {virtualenv.py:178} INFO - Checking for running process with PID 1514
[2025-09-19T10:05:06.796+0000] {virtualenv.py:181} INFO - Process 1514 running: True and has the lock /tmp/cosmos_venv_ecom_intermediate/cosmos_virtualenv.lock.
[2025-09-19T10:05:06.797+0000] {virtualenv.py:122} INFO - Waiting for virtualenv lock to be released
[2025-09-19T10:05:07.798+0000] {virtualenv.py:178} INFO - Checking for running process with PID 1514
[2025-09-19T10:05:07.799+0000] {virtualenv.py:181} INFO - Process 1514 running: True and has the lock /tmp/cosmos_venv_ecom_intermediate/cosmos_virtualenv.lock.
[2025-09-19T10:05:07.800+0000] {virtualenv.py:122} INFO - Waiting for virtualenv lock to be released
[2025-09-19T10:05:08.801+0000] {virtualenv.py:178} INFO - Checking for running process with PID 1514
[2025-09-19T10:05:08.803+0000] {virtualenv.py:181} INFO - Process 1514 running: True and has the lock /tmp/cosmos_venv_ecom_intermediate/cosmos_virtualenv.lock.
[2025-09-19T10:05:08.804+0000] {virtualenv.py:122} INFO - Waiting for virtualenv lock to be released
[2025-09-19T10:05:09.805+0000] {virtualenv.py:178} INFO - Checking for running process with PID 1523
[2025-09-19T10:05:09.806+0000] {virtualenv.py:181} INFO - Process 1523 running: True and has the lock /tmp/cosmos_venv_ecom_intermediate/cosmos_virtualenv.lock.
[2025-09-19T10:05:09.806+0000] {virtualenv.py:122} INFO - Waiting for virtualenv lock to be released
[2025-09-19T10:05:10.808+0000] {virtualenv.py:178} INFO - Checking for running process with PID 1523
[2025-09-19T10:05:10.808+0000] {virtualenv.py:181} INFO - Process 1523 running: True and has the lock /tmp/cosmos_venv_ecom_intermediate/cosmos_virtualenv.lock.
[2025-09-19T10:05:10.809+0000] {virtualenv.py:122} INFO - Waiting for virtualenv lock to be released
[2025-09-19T10:05:11.810+0000] {virtualenv.py:178} INFO - Checking for running process with PID 1523
[2025-09-19T10:05:11.811+0000] {virtualenv.py:181} INFO - Process 1523 running: True and has the lock /tmp/cosmos_venv_ecom_intermediate/cosmos_virtualenv.lock.
[2025-09-19T10:05:11.812+0000] {virtualenv.py:122} INFO - Waiting for virtualenv lock to be released
[2025-09-19T10:05:12.813+0000] {virtualenv.py:178} INFO - Checking for running process with PID 1523
[2025-09-19T10:05:12.817+0000] {virtualenv.py:181} INFO - Process 1523 running: True and has the lock /tmp/cosmos_venv_ecom_intermediate/cosmos_virtualenv.lock.
[2025-09-19T10:05:12.817+0000] {virtualenv.py:122} INFO - Waiting for virtualenv lock to be released
[2025-09-19T10:05:13.819+0000] {virtualenv.py:178} INFO - Checking for running process with PID 1523
[2025-09-19T10:05:13.820+0000] {virtualenv.py:181} INFO - Process 1523 running: True and has the lock /tmp/cosmos_venv_ecom_intermediate/cosmos_virtualenv.lock.
[2025-09-19T10:05:13.821+0000] {virtualenv.py:122} INFO - Waiting for virtualenv lock to be released
[2025-09-19T10:05:14.823+0000] {virtualenv.py:178} INFO - Checking for running process with PID 1523
[2025-09-19T10:05:14.823+0000] {virtualenv.py:181} INFO - Process 1523 running: True and has the lock /tmp/cosmos_venv_ecom_intermediate/cosmos_virtualenv.lock.
[2025-09-19T10:05:14.824+0000] {virtualenv.py:122} INFO - Waiting for virtualenv lock to be released
[2025-09-19T10:05:15.825+0000] {virtualenv.py:178} INFO - Checking for running process with PID 1523
[2025-09-19T10:05:15.827+0000] {virtualenv.py:181} INFO - Process 1523 running: True and has the lock /tmp/cosmos_venv_ecom_intermediate/cosmos_virtualenv.lock.
[2025-09-19T10:05:15.827+0000] {virtualenv.py:122} INFO - Waiting for virtualenv lock to be released
[2025-09-19T10:05:16.829+0000] {virtualenv.py:178} INFO - Checking for running process with PID 1523
[2025-09-19T10:05:16.830+0000] {virtualenv.py:181} INFO - Process 1523 running: True and has the lock /tmp/cosmos_venv_ecom_intermediate/cosmos_virtualenv.lock.
[2025-09-19T10:05:16.831+0000] {virtualenv.py:122} INFO - Waiting for virtualenv lock to be released
[2025-09-19T10:05:17.833+0000] {virtualenv.py:178} INFO - Checking for running process with PID 1523
[2025-09-19T10:05:17.834+0000] {virtualenv.py:181} INFO - Process 1523 running: True and has the lock /tmp/cosmos_venv_ecom_intermediate/cosmos_virtualenv.lock.
[2025-09-19T10:05:17.834+0000] {virtualenv.py:122} INFO - Waiting for virtualenv lock to be released
[2025-09-19T10:05:18.836+0000] {virtualenv.py:178} INFO - Checking for running process with PID 1523
[2025-09-19T10:05:18.837+0000] {virtualenv.py:181} INFO - Process 1523 running: True and has the lock /tmp/cosmos_venv_ecom_intermediate/cosmos_virtualenv.lock.
[2025-09-19T10:05:18.838+0000] {virtualenv.py:122} INFO - Waiting for virtualenv lock to be released
[2025-09-19T10:05:19.840+0000] {virtualenv.py:178} INFO - Checking for running process with PID 1523
[2025-09-19T10:05:19.841+0000] {virtualenv.py:181} INFO - Process 1523 running: True and has the lock /tmp/cosmos_venv_ecom_intermediate/cosmos_virtualenv.lock.
[2025-09-19T10:05:19.841+0000] {virtualenv.py:122} INFO - Waiting for virtualenv lock to be released
[2025-09-19T10:05:20.843+0000] {virtualenv.py:178} INFO - Checking for running process with PID 1523
[2025-09-19T10:05:20.844+0000] {virtualenv.py:181} INFO - Process 1523 running: True and has the lock /tmp/cosmos_venv_ecom_intermediate/cosmos_virtualenv.lock.
[2025-09-19T10:05:20.844+0000] {virtualenv.py:122} INFO - Waiting for virtualenv lock to be released
[2025-09-19T10:05:21.846+0000] {virtualenv.py:178} INFO - Checking for running process with PID 1523
[2025-09-19T10:05:21.847+0000] {virtualenv.py:181} INFO - Process 1523 running: True and has the lock /tmp/cosmos_venv_ecom_intermediate/cosmos_virtualenv.lock.
[2025-09-19T10:05:21.847+0000] {virtualenv.py:122} INFO - Waiting for virtualenv lock to be released
[2025-09-19T10:05:22.849+0000] {virtualenv.py:178} INFO - Checking for running process with PID 1523
[2025-09-19T10:05:22.850+0000] {virtualenv.py:181} INFO - Process 1523 running: True and has the lock /tmp/cosmos_venv_ecom_intermediate/cosmos_virtualenv.lock.
[2025-09-19T10:05:22.850+0000] {virtualenv.py:122} INFO - Waiting for virtualenv lock to be released
[2025-09-19T10:05:23.852+0000] {virtualenv.py:178} INFO - Checking for running process with PID 1516
[2025-09-19T10:05:23.852+0000] {virtualenv.py:181} INFO - Process 1516 running: True and has the lock /tmp/cosmos_venv_ecom_intermediate/cosmos_virtualenv.lock.
[2025-09-19T10:05:23.853+0000] {virtualenv.py:122} INFO - Waiting for virtualenv lock to be released
[2025-09-19T10:05:24.854+0000] {virtualenv.py:178} INFO - Checking for running process with PID 1516
[2025-09-19T10:05:24.855+0000] {virtualenv.py:181} INFO - Process 1516 running: True and has the lock /tmp/cosmos_venv_ecom_intermediate/cosmos_virtualenv.lock.
[2025-09-19T10:05:24.856+0000] {virtualenv.py:122} INFO - Waiting for virtualenv lock to be released
[2025-09-19T10:05:25.857+0000] {virtualenv.py:178} INFO - Checking for running process with PID 1516
[2025-09-19T10:05:25.858+0000] {virtualenv.py:181} INFO - Process 1516 running: True and has the lock /tmp/cosmos_venv_ecom_intermediate/cosmos_virtualenv.lock.
[2025-09-19T10:05:25.859+0000] {virtualenv.py:122} INFO - Waiting for virtualenv lock to be released
[2025-09-19T10:05:26.861+0000] {virtualenv.py:178} INFO - Checking for running process with PID 1516
[2025-09-19T10:05:26.862+0000] {virtualenv.py:181} INFO - Process 1516 running: True and has the lock /tmp/cosmos_venv_ecom_intermediate/cosmos_virtualenv.lock.
[2025-09-19T10:05:26.862+0000] {virtualenv.py:122} INFO - Waiting for virtualenv lock to be released
[2025-09-19T10:05:27.864+0000] {virtualenv.py:178} INFO - Checking for running process with PID 1516
[2025-09-19T10:05:27.865+0000] {virtualenv.py:181} INFO - Process 1516 running: True and has the lock /tmp/cosmos_venv_ecom_intermediate/cosmos_virtualenv.lock.
[2025-09-19T10:05:27.865+0000] {virtualenv.py:122} INFO - Waiting for virtualenv lock to be released
[2025-09-19T10:05:28.867+0000] {virtualenv.py:178} INFO - Checking for running process with PID 1516
[2025-09-19T10:05:28.868+0000] {virtualenv.py:181} INFO - Process 1516 running: True and has the lock /tmp/cosmos_venv_ecom_intermediate/cosmos_virtualenv.lock.
[2025-09-19T10:05:28.869+0000] {virtualenv.py:122} INFO - Waiting for virtualenv lock to be released
[2025-09-19T10:05:29.871+0000] {virtualenv.py:178} INFO - Checking for running process with PID 1516
[2025-09-19T10:05:29.871+0000] {virtualenv.py:181} INFO - Process 1516 running: True and has the lock /tmp/cosmos_venv_ecom_intermediate/cosmos_virtualenv.lock.
[2025-09-19T10:05:29.872+0000] {virtualenv.py:122} INFO - Waiting for virtualenv lock to be released
[2025-09-19T10:05:30.875+0000] {virtualenv.py:178} INFO - Checking for running process with PID 1516
[2025-09-19T10:05:30.876+0000] {virtualenv.py:181} INFO - Process 1516 running: True and has the lock /tmp/cosmos_venv_ecom_intermediate/cosmos_virtualenv.lock.
[2025-09-19T10:05:30.877+0000] {virtualenv.py:122} INFO - Waiting for virtualenv lock to be released
[2025-09-19T10:05:31.879+0000] {virtualenv.py:178} INFO - Checking for running process with PID 1516
[2025-09-19T10:05:31.880+0000] {virtualenv.py:181} INFO - Process 1516 running: True and has the lock /tmp/cosmos_venv_ecom_intermediate/cosmos_virtualenv.lock.
[2025-09-19T10:05:31.880+0000] {virtualenv.py:122} INFO - Waiting for virtualenv lock to be released
[2025-09-19T10:05:32.882+0000] {virtualenv.py:178} INFO - Checking for running process with PID 1516
[2025-09-19T10:05:32.883+0000] {virtualenv.py:181} INFO - Process 1516 running: True and has the lock /tmp/cosmos_venv_ecom_intermediate/cosmos_virtualenv.lock.
[2025-09-19T10:05:32.884+0000] {virtualenv.py:122} INFO - Waiting for virtualenv lock to be released
[2025-09-19T10:05:33.884+0000] {virtualenv.py:178} INFO - Checking for running process with PID 1516
[2025-09-19T10:05:33.889+0000] {virtualenv.py:181} INFO - Process 1516 running: True and has the lock /tmp/cosmos_venv_ecom_intermediate/cosmos_virtualenv.lock.
[2025-09-19T10:05:33.890+0000] {virtualenv.py:122} INFO - Waiting for virtualenv lock to be released
[2025-09-19T10:05:34.892+0000] {virtualenv.py:178} INFO - Checking for running process with PID 1516
[2025-09-19T10:05:34.893+0000] {virtualenv.py:181} INFO - Process 1516 running: True and has the lock /tmp/cosmos_venv_ecom_intermediate/cosmos_virtualenv.lock.
[2025-09-19T10:05:34.895+0000] {virtualenv.py:122} INFO - Waiting for virtualenv lock to be released
[2025-09-19T10:05:35.897+0000] {virtualenv.py:178} INFO - Checking for running process with PID 1516
[2025-09-19T10:05:35.897+0000] {virtualenv.py:181} INFO - Process 1516 running: True and has the lock /tmp/cosmos_venv_ecom_intermediate/cosmos_virtualenv.lock.
[2025-09-19T10:05:35.898+0000] {virtualenv.py:122} INFO - Waiting for virtualenv lock to be released
[2025-09-19T10:05:36.899+0000] {virtualenv.py:178} INFO - Checking for running process with PID 1516
[2025-09-19T10:05:36.900+0000] {virtualenv.py:181} INFO - Process 1516 running: True and has the lock /tmp/cosmos_venv_ecom_intermediate/cosmos_virtualenv.lock.
[2025-09-19T10:05:36.901+0000] {virtualenv.py:122} INFO - Waiting for virtualenv lock to be released
[2025-09-19T10:05:37.902+0000] {virtualenv.py:178} INFO - Checking for running process with PID 1516
[2025-09-19T10:05:37.903+0000] {virtualenv.py:181} INFO - Process 1516 running: True and has the lock /tmp/cosmos_venv_ecom_intermediate/cosmos_virtualenv.lock.
[2025-09-19T10:05:37.903+0000] {virtualenv.py:122} INFO - Waiting for virtualenv lock to be released
[2025-09-19T10:05:38.904+0000] {virtualenv.py:178} INFO - Checking for running process with PID 1516
[2025-09-19T10:05:38.905+0000] {virtualenv.py:181} INFO - Process 1516 running: True and has the lock /tmp/cosmos_venv_ecom_intermediate/cosmos_virtualenv.lock.
[2025-09-19T10:05:38.905+0000] {virtualenv.py:122} INFO - Waiting for virtualenv lock to be released
[2025-09-19T10:05:39.906+0000] {virtualenv.py:178} INFO - Checking for running process with PID 1516
[2025-09-19T10:05:39.907+0000] {virtualenv.py:181} INFO - Process 1516 running: True and has the lock /tmp/cosmos_venv_ecom_intermediate/cosmos_virtualenv.lock.
[2025-09-19T10:05:39.908+0000] {virtualenv.py:122} INFO - Waiting for virtualenv lock to be released
[2025-09-19T10:05:40.909+0000] {virtualenv.py:178} INFO - Checking for running process with PID 1521
[2025-09-19T10:05:40.910+0000] {virtualenv.py:181} INFO - Process 1521 running: True and has the lock /tmp/cosmos_venv_ecom_intermediate/cosmos_virtualenv.lock.
[2025-09-19T10:05:40.911+0000] {virtualenv.py:122} INFO - Waiting for virtualenv lock to be released
[2025-09-19T10:05:41.912+0000] {virtualenv.py:178} INFO - Checking for running process with PID 1521
[2025-09-19T10:05:41.913+0000] {virtualenv.py:181} INFO - Process 1521 running: True and has the lock /tmp/cosmos_venv_ecom_intermediate/cosmos_virtualenv.lock.
[2025-09-19T10:05:41.913+0000] {virtualenv.py:122} INFO - Waiting for virtualenv lock to be released
[2025-09-19T10:05:42.915+0000] {virtualenv.py:178} INFO - Checking for running process with PID 1521
[2025-09-19T10:05:42.916+0000] {virtualenv.py:181} INFO - Process 1521 running: True and has the lock /tmp/cosmos_venv_ecom_intermediate/cosmos_virtualenv.lock.
[2025-09-19T10:05:42.916+0000] {virtualenv.py:122} INFO - Waiting for virtualenv lock to be released
[2025-09-19T10:05:43.918+0000] {virtualenv.py:178} INFO - Checking for running process with PID 1521
[2025-09-19T10:05:43.919+0000] {virtualenv.py:181} INFO - Process 1521 running: True and has the lock /tmp/cosmos_venv_ecom_intermediate/cosmos_virtualenv.lock.
[2025-09-19T10:05:43.920+0000] {virtualenv.py:122} INFO - Waiting for virtualenv lock to be released
[2025-09-19T10:05:44.921+0000] {virtualenv.py:178} INFO - Checking for running process with PID 1521
[2025-09-19T10:05:44.922+0000] {virtualenv.py:181} INFO - Process 1521 running: True and has the lock /tmp/cosmos_venv_ecom_intermediate/cosmos_virtualenv.lock.
[2025-09-19T10:05:44.923+0000] {virtualenv.py:122} INFO - Waiting for virtualenv lock to be released
[2025-09-19T10:05:45.925+0000] {virtualenv.py:178} INFO - Checking for running process with PID 1521
[2025-09-19T10:05:45.926+0000] {virtualenv.py:181} INFO - Process 1521 running: True and has the lock /tmp/cosmos_venv_ecom_intermediate/cosmos_virtualenv.lock.
[2025-09-19T10:05:45.927+0000] {virtualenv.py:122} INFO - Waiting for virtualenv lock to be released
[2025-09-19T10:05:46.929+0000] {virtualenv.py:178} INFO - Checking for running process with PID 1521
[2025-09-19T10:05:46.930+0000] {virtualenv.py:181} INFO - Process 1521 running: True and has the lock /tmp/cosmos_venv_ecom_intermediate/cosmos_virtualenv.lock.
[2025-09-19T10:05:46.931+0000] {virtualenv.py:122} INFO - Waiting for virtualenv lock to be released
[2025-09-19T10:05:47.932+0000] {virtualenv.py:178} INFO - Checking for running process with PID 1521
[2025-09-19T10:05:47.933+0000] {virtualenv.py:181} INFO - Process 1521 running: True and has the lock /tmp/cosmos_venv_ecom_intermediate/cosmos_virtualenv.lock.
[2025-09-19T10:05:47.934+0000] {virtualenv.py:122} INFO - Waiting for virtualenv lock to be released
[2025-09-19T10:05:48.936+0000] {virtualenv.py:178} INFO - Checking for running process with PID 1521
[2025-09-19T10:05:48.937+0000] {virtualenv.py:181} INFO - Process 1521 running: True and has the lock /tmp/cosmos_venv_ecom_intermediate/cosmos_virtualenv.lock.
[2025-09-19T10:05:48.938+0000] {virtualenv.py:122} INFO - Waiting for virtualenv lock to be released
[2025-09-19T10:05:49.939+0000] {virtualenv.py:178} INFO - Checking for running process with PID 1521
[2025-09-19T10:05:49.940+0000] {virtualenv.py:181} INFO - Process 1521 running: True and has the lock /tmp/cosmos_venv_ecom_intermediate/cosmos_virtualenv.lock.
[2025-09-19T10:05:49.941+0000] {virtualenv.py:122} INFO - Waiting for virtualenv lock to be released
[2025-09-19T10:05:50.942+0000] {virtualenv.py:178} INFO - Checking for running process with PID 1521
[2025-09-19T10:05:50.943+0000] {virtualenv.py:181} INFO - Process 1521 running: True and has the lock /tmp/cosmos_venv_ecom_intermediate/cosmos_virtualenv.lock.
[2025-09-19T10:05:50.944+0000] {virtualenv.py:122} INFO - Waiting for virtualenv lock to be released
[2025-09-19T10:05:51.946+0000] {virtualenv.py:178} INFO - Checking for running process with PID 1521
[2025-09-19T10:05:51.947+0000] {virtualenv.py:181} INFO - Process 1521 running: True and has the lock /tmp/cosmos_venv_ecom_intermediate/cosmos_virtualenv.lock.
[2025-09-19T10:05:51.947+0000] {virtualenv.py:122} INFO - Waiting for virtualenv lock to be released
[2025-09-19T10:05:52.949+0000] {virtualenv.py:178} INFO - Checking for running process with PID 1521
[2025-09-19T10:05:52.950+0000] {virtualenv.py:181} INFO - Process 1521 running: True and has the lock /tmp/cosmos_venv_ecom_intermediate/cosmos_virtualenv.lock.
[2025-09-19T10:05:52.951+0000] {virtualenv.py:122} INFO - Waiting for virtualenv lock to be released
[2025-09-19T10:05:53.952+0000] {virtualenv.py:178} INFO - Checking for running process with PID 1521
[2025-09-19T10:05:53.953+0000] {virtualenv.py:181} INFO - Process 1521 running: True and has the lock /tmp/cosmos_venv_ecom_intermediate/cosmos_virtualenv.lock.
[2025-09-19T10:05:53.954+0000] {virtualenv.py:122} INFO - Waiting for virtualenv lock to be released
[2025-09-19T10:05:54.955+0000] {virtualenv.py:178} INFO - Checking for running process with PID 1521
[2025-09-19T10:05:54.956+0000] {virtualenv.py:181} INFO - Process 1521 running: True and has the lock /tmp/cosmos_venv_ecom_intermediate/cosmos_virtualenv.lock.
[2025-09-19T10:05:54.956+0000] {virtualenv.py:122} INFO - Waiting for virtualenv lock to be released
[2025-09-19T10:05:55.957+0000] {virtualenv.py:178} INFO - Checking for running process with PID 1517
[2025-09-19T10:05:55.960+0000] {virtualenv.py:181} INFO - Process 1517 running: True and has the lock /tmp/cosmos_venv_ecom_intermediate/cosmos_virtualenv.lock.
[2025-09-19T10:05:55.961+0000] {virtualenv.py:122} INFO - Waiting for virtualenv lock to be released
[2025-09-19T10:05:56.963+0000] {virtualenv.py:178} INFO - Checking for running process with PID 1517
[2025-09-19T10:05:56.964+0000] {virtualenv.py:181} INFO - Process 1517 running: True and has the lock /tmp/cosmos_venv_ecom_intermediate/cosmos_virtualenv.lock.
[2025-09-19T10:05:56.964+0000] {virtualenv.py:122} INFO - Waiting for virtualenv lock to be released
[2025-09-19T10:05:57.966+0000] {virtualenv.py:178} INFO - Checking for running process with PID 1517
[2025-09-19T10:05:57.967+0000] {virtualenv.py:181} INFO - Process 1517 running: True and has the lock /tmp/cosmos_venv_ecom_intermediate/cosmos_virtualenv.lock.
[2025-09-19T10:05:57.967+0000] {virtualenv.py:122} INFO - Waiting for virtualenv lock to be released
[2025-09-19T10:05:58.969+0000] {virtualenv.py:178} INFO - Checking for running process with PID 1517
[2025-09-19T10:05:58.970+0000] {virtualenv.py:181} INFO - Process 1517 running: True and has the lock /tmp/cosmos_venv_ecom_intermediate/cosmos_virtualenv.lock.
[2025-09-19T10:05:58.974+0000] {virtualenv.py:122} INFO - Waiting for virtualenv lock to be released
[2025-09-19T10:05:59.976+0000] {virtualenv.py:178} INFO - Checking for running process with PID 1517
[2025-09-19T10:05:59.977+0000] {virtualenv.py:181} INFO - Process 1517 running: True and has the lock /tmp/cosmos_venv_ecom_intermediate/cosmos_virtualenv.lock.
[2025-09-19T10:05:59.977+0000] {virtualenv.py:122} INFO - Waiting for virtualenv lock to be released
[2025-09-19T10:06:00.978+0000] {virtualenv.py:178} INFO - Checking for running process with PID 1517
[2025-09-19T10:06:00.979+0000] {virtualenv.py:181} INFO - Process 1517 running: True and has the lock /tmp/cosmos_venv_ecom_intermediate/cosmos_virtualenv.lock.
[2025-09-19T10:06:00.980+0000] {virtualenv.py:122} INFO - Waiting for virtualenv lock to be released
[2025-09-19T10:06:01.982+0000] {virtualenv.py:178} INFO - Checking for running process with PID 1517
[2025-09-19T10:06:01.983+0000] {virtualenv.py:181} INFO - Process 1517 running: True and has the lock /tmp/cosmos_venv_ecom_intermediate/cosmos_virtualenv.lock.
[2025-09-19T10:06:01.983+0000] {virtualenv.py:122} INFO - Waiting for virtualenv lock to be released
[2025-09-19T10:06:02.985+0000] {virtualenv.py:178} INFO - Checking for running process with PID 1517
[2025-09-19T10:06:02.985+0000] {virtualenv.py:181} INFO - Process 1517 running: True and has the lock /tmp/cosmos_venv_ecom_intermediate/cosmos_virtualenv.lock.
[2025-09-19T10:06:02.986+0000] {virtualenv.py:122} INFO - Waiting for virtualenv lock to be released
[2025-09-19T10:06:03.986+0000] {virtualenv.py:178} INFO - Checking for running process with PID 1517
[2025-09-19T10:06:03.987+0000] {virtualenv.py:181} INFO - Process 1517 running: True and has the lock /tmp/cosmos_venv_ecom_intermediate/cosmos_virtualenv.lock.
[2025-09-19T10:06:03.987+0000] {virtualenv.py:122} INFO - Waiting for virtualenv lock to be released
[2025-09-19T10:06:04.989+0000] {virtualenv.py:178} INFO - Checking for running process with PID 1517
[2025-09-19T10:06:04.990+0000] {virtualenv.py:181} INFO - Process 1517 running: True and has the lock /tmp/cosmos_venv_ecom_intermediate/cosmos_virtualenv.lock.
[2025-09-19T10:06:04.991+0000] {virtualenv.py:122} INFO - Waiting for virtualenv lock to be released
[2025-09-19T10:06:05.993+0000] {virtualenv.py:178} INFO - Checking for running process with PID 1517
[2025-09-19T10:06:05.994+0000] {virtualenv.py:181} INFO - Process 1517 running: True and has the lock /tmp/cosmos_venv_ecom_intermediate/cosmos_virtualenv.lock.
[2025-09-19T10:06:05.995+0000] {virtualenv.py:122} INFO - Waiting for virtualenv lock to be released
[2025-09-19T10:06:06.996+0000] {virtualenv.py:178} INFO - Checking for running process with PID 1517
[2025-09-19T10:06:06.998+0000] {virtualenv.py:181} INFO - Process 1517 running: True and has the lock /tmp/cosmos_venv_ecom_intermediate/cosmos_virtualenv.lock.
[2025-09-19T10:06:06.998+0000] {virtualenv.py:122} INFO - Waiting for virtualenv lock to be released
[2025-09-19T10:06:08.000+0000] {virtualenv.py:178} INFO - Checking for running process with PID 1517
[2025-09-19T10:06:08.001+0000] {virtualenv.py:181} INFO - Process 1517 running: True and has the lock /tmp/cosmos_venv_ecom_intermediate/cosmos_virtualenv.lock.
[2025-09-19T10:06:08.002+0000] {virtualenv.py:122} INFO - Waiting for virtualenv lock to be released
[2025-09-19T10:06:09.003+0000] {virtualenv.py:178} INFO - Checking for running process with PID 1517
[2025-09-19T10:06:09.004+0000] {virtualenv.py:181} INFO - Process 1517 running: True and has the lock /tmp/cosmos_venv_ecom_intermediate/cosmos_virtualenv.lock.
[2025-09-19T10:06:09.005+0000] {virtualenv.py:122} INFO - Waiting for virtualenv lock to be released
[2025-09-19T10:06:10.007+0000] {virtualenv.py:178} INFO - Checking for running process with PID 1517
[2025-09-19T10:06:10.007+0000] {virtualenv.py:181} INFO - Process 1517 running: True and has the lock /tmp/cosmos_venv_ecom_intermediate/cosmos_virtualenv.lock.
[2025-09-19T10:06:10.008+0000] {virtualenv.py:122} INFO - Waiting for virtualenv lock to be released
[2025-09-19T10:06:11.009+0000] {virtualenv.py:178} INFO - Checking for running process with PID 1517
[2025-09-19T10:06:11.010+0000] {virtualenv.py:181} INFO - Process 1517 running: True and has the lock /tmp/cosmos_venv_ecom_intermediate/cosmos_virtualenv.lock.
[2025-09-19T10:06:11.010+0000] {virtualenv.py:122} INFO - Waiting for virtualenv lock to be released
[2025-09-19T10:06:12.011+0000] {virtualenv.py:178} INFO - Checking for running process with PID 1652
[2025-09-19T10:06:12.012+0000] {virtualenv.py:181} INFO - Process 1652 running: True and has the lock /tmp/cosmos_venv_ecom_intermediate/cosmos_virtualenv.lock.
[2025-09-19T10:06:12.013+0000] {virtualenv.py:122} INFO - Waiting for virtualenv lock to be released
[2025-09-19T10:06:13.027+0000] {virtualenv.py:178} INFO - Checking for running process with PID 1652
[2025-09-19T10:06:13.029+0000] {virtualenv.py:181} INFO - Process 1652 running: True and has the lock /tmp/cosmos_venv_ecom_intermediate/cosmos_virtualenv.lock.
[2025-09-19T10:06:13.029+0000] {virtualenv.py:122} INFO - Waiting for virtualenv lock to be released
[2025-09-19T10:06:14.031+0000] {virtualenv.py:178} INFO - Checking for running process with PID 1652
[2025-09-19T10:06:14.032+0000] {virtualenv.py:181} INFO - Process 1652 running: True and has the lock /tmp/cosmos_venv_ecom_intermediate/cosmos_virtualenv.lock.
[2025-09-19T10:06:14.032+0000] {virtualenv.py:122} INFO - Waiting for virtualenv lock to be released
[2025-09-19T10:06:15.034+0000] {virtualenv.py:178} INFO - Checking for running process with PID 1652
[2025-09-19T10:06:15.035+0000] {virtualenv.py:181} INFO - Process 1652 running: True and has the lock /tmp/cosmos_venv_ecom_intermediate/cosmos_virtualenv.lock.
[2025-09-19T10:06:15.035+0000] {virtualenv.py:122} INFO - Waiting for virtualenv lock to be released
[2025-09-19T10:06:16.037+0000] {virtualenv.py:178} INFO - Checking for running process with PID 1652
[2025-09-19T10:06:16.038+0000] {virtualenv.py:181} INFO - Process 1652 running: True and has the lock /tmp/cosmos_venv_ecom_intermediate/cosmos_virtualenv.lock.
[2025-09-19T10:06:16.038+0000] {virtualenv.py:122} INFO - Waiting for virtualenv lock to be released
[2025-09-19T10:06:17.040+0000] {virtualenv.py:178} INFO - Checking for running process with PID 1652
[2025-09-19T10:06:17.041+0000] {virtualenv.py:181} INFO - Process 1652 running: True and has the lock /tmp/cosmos_venv_ecom_intermediate/cosmos_virtualenv.lock.
[2025-09-19T10:06:17.042+0000] {virtualenv.py:122} INFO - Waiting for virtualenv lock to be released
[2025-09-19T10:06:18.044+0000] {virtualenv.py:178} INFO - Checking for running process with PID 1652
[2025-09-19T10:06:18.045+0000] {virtualenv.py:181} INFO - Process 1652 running: True and has the lock /tmp/cosmos_venv_ecom_intermediate/cosmos_virtualenv.lock.
[2025-09-19T10:06:18.045+0000] {virtualenv.py:122} INFO - Waiting for virtualenv lock to be released
[2025-09-19T10:06:19.047+0000] {virtualenv.py:178} INFO - Checking for running process with PID 1652
[2025-09-19T10:06:19.048+0000] {virtualenv.py:181} INFO - Process 1652 running: True and has the lock /tmp/cosmos_venv_ecom_intermediate/cosmos_virtualenv.lock.
[2025-09-19T10:06:19.049+0000] {virtualenv.py:122} INFO - Waiting for virtualenv lock to be released
[2025-09-19T10:06:20.051+0000] {virtualenv.py:178} INFO - Checking for running process with PID 1652
[2025-09-19T10:06:20.052+0000] {virtualenv.py:181} INFO - Process 1652 running: True and has the lock /tmp/cosmos_venv_ecom_intermediate/cosmos_virtualenv.lock.
[2025-09-19T10:06:20.052+0000] {virtualenv.py:122} INFO - Waiting for virtualenv lock to be released
[2025-09-19T10:06:21.054+0000] {virtualenv.py:178} INFO - Checking for running process with PID 1652
[2025-09-19T10:06:21.055+0000] {virtualenv.py:181} INFO - Process 1652 running: True and has the lock /tmp/cosmos_venv_ecom_intermediate/cosmos_virtualenv.lock.
[2025-09-19T10:06:21.056+0000] {virtualenv.py:122} INFO - Waiting for virtualenv lock to be released
[2025-09-19T10:06:22.058+0000] {virtualenv.py:178} INFO - Checking for running process with PID 1652
[2025-09-19T10:06:22.059+0000] {virtualenv.py:181} INFO - Process 1652 running: True and has the lock /tmp/cosmos_venv_ecom_intermediate/cosmos_virtualenv.lock.
[2025-09-19T10:06:22.060+0000] {virtualenv.py:122} INFO - Waiting for virtualenv lock to be released
[2025-09-19T10:06:23.061+0000] {virtualenv.py:178} INFO - Checking for running process with PID 1652
[2025-09-19T10:06:23.062+0000] {virtualenv.py:181} INFO - Process 1652 running: True and has the lock /tmp/cosmos_venv_ecom_intermediate/cosmos_virtualenv.lock.
[2025-09-19T10:06:23.063+0000] {virtualenv.py:122} INFO - Waiting for virtualenv lock to be released
[2025-09-19T10:06:24.065+0000] {virtualenv.py:178} INFO - Checking for running process with PID 1652
[2025-09-19T10:06:24.065+0000] {virtualenv.py:181} INFO - Process 1652 running: True and has the lock /tmp/cosmos_venv_ecom_intermediate/cosmos_virtualenv.lock.
[2025-09-19T10:06:24.066+0000] {virtualenv.py:122} INFO - Waiting for virtualenv lock to be released
[2025-09-19T10:06:25.067+0000] {virtualenv.py:178} INFO - Checking for running process with PID 1652
[2025-09-19T10:06:25.068+0000] {virtualenv.py:181} INFO - Process 1652 running: True and has the lock /tmp/cosmos_venv_ecom_intermediate/cosmos_virtualenv.lock.
[2025-09-19T10:06:25.069+0000] {virtualenv.py:122} INFO - Waiting for virtualenv lock to be released
[2025-09-19T10:06:26.071+0000] {virtualenv.py:178} INFO - Checking for running process with PID 1652
[2025-09-19T10:06:26.071+0000] {virtualenv.py:181} INFO - Process 1652 running: True and has the lock /tmp/cosmos_venv_ecom_intermediate/cosmos_virtualenv.lock.
[2025-09-19T10:06:26.072+0000] {virtualenv.py:122} INFO - Waiting for virtualenv lock to be released
[2025-09-19T10:06:27.073+0000] {virtualenv.py:178} INFO - Checking for running process with PID 1716
[2025-09-19T10:06:27.074+0000] {virtualenv.py:181} INFO - Process 1716 running: True and has the lock /tmp/cosmos_venv_ecom_intermediate/cosmos_virtualenv.lock.
[2025-09-19T10:06:27.074+0000] {virtualenv.py:122} INFO - Waiting for virtualenv lock to be released
[2025-09-19T10:06:28.076+0000] {virtualenv.py:178} INFO - Checking for running process with PID 1716
[2025-09-19T10:06:28.077+0000] {virtualenv.py:181} INFO - Process 1716 running: True and has the lock /tmp/cosmos_venv_ecom_intermediate/cosmos_virtualenv.lock.
[2025-09-19T10:06:28.077+0000] {virtualenv.py:122} INFO - Waiting for virtualenv lock to be released
[2025-09-19T10:06:29.079+0000] {virtualenv.py:178} INFO - Checking for running process with PID 1716
[2025-09-19T10:06:29.080+0000] {virtualenv.py:181} INFO - Process 1716 running: True and has the lock /tmp/cosmos_venv_ecom_intermediate/cosmos_virtualenv.lock.
[2025-09-19T10:06:29.080+0000] {virtualenv.py:122} INFO - Waiting for virtualenv lock to be released
[2025-09-19T10:06:30.082+0000] {virtualenv.py:178} INFO - Checking for running process with PID 1716
[2025-09-19T10:06:30.083+0000] {virtualenv.py:181} INFO - Process 1716 running: True and has the lock /tmp/cosmos_venv_ecom_intermediate/cosmos_virtualenv.lock.
[2025-09-19T10:06:30.084+0000] {virtualenv.py:122} INFO - Waiting for virtualenv lock to be released
[2025-09-19T10:06:31.085+0000] {virtualenv.py:178} INFO - Checking for running process with PID 1716
[2025-09-19T10:06:31.086+0000] {virtualenv.py:181} INFO - Process 1716 running: True and has the lock /tmp/cosmos_venv_ecom_intermediate/cosmos_virtualenv.lock.
[2025-09-19T10:06:31.087+0000] {virtualenv.py:122} INFO - Waiting for virtualenv lock to be released
[2025-09-19T10:06:32.089+0000] {virtualenv.py:178} INFO - Checking for running process with PID 1716
[2025-09-19T10:06:32.090+0000] {virtualenv.py:181} INFO - Process 1716 running: True and has the lock /tmp/cosmos_venv_ecom_intermediate/cosmos_virtualenv.lock.
[2025-09-19T10:06:32.090+0000] {virtualenv.py:122} INFO - Waiting for virtualenv lock to be released
[2025-09-19T10:06:33.092+0000] {virtualenv.py:178} INFO - Checking for running process with PID 1716
[2025-09-19T10:06:33.093+0000] {virtualenv.py:181} INFO - Process 1716 running: True and has the lock /tmp/cosmos_venv_ecom_intermediate/cosmos_virtualenv.lock.
[2025-09-19T10:06:33.093+0000] {virtualenv.py:122} INFO - Waiting for virtualenv lock to be released
[2025-09-19T10:06:34.092+0000] {virtualenv.py:178} INFO - Checking for running process with PID 1716
[2025-09-19T10:06:34.093+0000] {virtualenv.py:181} INFO - Process 1716 running: True and has the lock /tmp/cosmos_venv_ecom_intermediate/cosmos_virtualenv.lock.
[2025-09-19T10:06:34.093+0000] {virtualenv.py:122} INFO - Waiting for virtualenv lock to be released
[2025-09-19T10:06:35.095+0000] {virtualenv.py:178} INFO - Checking for running process with PID 1716
[2025-09-19T10:06:35.096+0000] {virtualenv.py:181} INFO - Process 1716 running: True and has the lock /tmp/cosmos_venv_ecom_intermediate/cosmos_virtualenv.lock.
[2025-09-19T10:06:35.097+0000] {virtualenv.py:122} INFO - Waiting for virtualenv lock to be released
[2025-09-19T10:06:36.099+0000] {virtualenv.py:178} INFO - Checking for running process with PID 1716
[2025-09-19T10:06:36.100+0000] {virtualenv.py:181} INFO - Process 1716 running: True and has the lock /tmp/cosmos_venv_ecom_intermediate/cosmos_virtualenv.lock.
[2025-09-19T10:06:36.101+0000] {virtualenv.py:122} INFO - Waiting for virtualenv lock to be released
[2025-09-19T10:06:37.103+0000] {virtualenv.py:178} INFO - Checking for running process with PID 1716
[2025-09-19T10:06:37.104+0000] {virtualenv.py:181} INFO - Process 1716 running: True and has the lock /tmp/cosmos_venv_ecom_intermediate/cosmos_virtualenv.lock.
[2025-09-19T10:06:37.104+0000] {virtualenv.py:122} INFO - Waiting for virtualenv lock to be released
[2025-09-19T10:06:38.105+0000] {virtualenv.py:178} INFO - Checking for running process with PID 1716
[2025-09-19T10:06:38.106+0000] {virtualenv.py:181} INFO - Process 1716 running: True and has the lock /tmp/cosmos_venv_ecom_intermediate/cosmos_virtualenv.lock.
[2025-09-19T10:06:38.107+0000] {virtualenv.py:122} INFO - Waiting for virtualenv lock to be released
[2025-09-19T10:06:39.109+0000] {virtualenv.py:178} INFO - Checking for running process with PID 1716
[2025-09-19T10:06:39.111+0000] {virtualenv.py:181} INFO - Process 1716 running: True and has the lock /tmp/cosmos_venv_ecom_intermediate/cosmos_virtualenv.lock.
[2025-09-19T10:06:39.112+0000] {virtualenv.py:122} INFO - Waiting for virtualenv lock to be released
[2025-09-19T10:06:40.114+0000] {virtualenv.py:178} INFO - Checking for running process with PID 1716
[2025-09-19T10:06:40.115+0000] {virtualenv.py:181} INFO - Process 1716 running: True and has the lock /tmp/cosmos_venv_ecom_intermediate/cosmos_virtualenv.lock.
[2025-09-19T10:06:40.116+0000] {virtualenv.py:122} INFO - Waiting for virtualenv lock to be released
[2025-09-19T10:06:41.117+0000] {virtualenv.py:178} INFO - Checking for running process with PID 1756
[2025-09-19T10:06:41.118+0000] {virtualenv.py:181} INFO - Process 1756 running: True and has the lock /tmp/cosmos_venv_ecom_intermediate/cosmos_virtualenv.lock.
[2025-09-19T10:06:41.118+0000] {virtualenv.py:122} INFO - Waiting for virtualenv lock to be released
[2025-09-19T10:06:42.120+0000] {virtualenv.py:178} INFO - Checking for running process with PID 1756
[2025-09-19T10:06:42.121+0000] {virtualenv.py:181} INFO - Process 1756 running: True and has the lock /tmp/cosmos_venv_ecom_intermediate/cosmos_virtualenv.lock.
[2025-09-19T10:06:42.121+0000] {virtualenv.py:122} INFO - Waiting for virtualenv lock to be released
[2025-09-19T10:06:43.123+0000] {virtualenv.py:178} INFO - Checking for running process with PID 1756
[2025-09-19T10:06:43.124+0000] {virtualenv.py:181} INFO - Process 1756 running: True and has the lock /tmp/cosmos_venv_ecom_intermediate/cosmos_virtualenv.lock.
[2025-09-19T10:06:43.124+0000] {virtualenv.py:122} INFO - Waiting for virtualenv lock to be released
[2025-09-19T10:06:44.126+0000] {virtualenv.py:178} INFO - Checking for running process with PID 1756
[2025-09-19T10:06:44.127+0000] {virtualenv.py:181} INFO - Process 1756 running: True and has the lock /tmp/cosmos_venv_ecom_intermediate/cosmos_virtualenv.lock.
[2025-09-19T10:06:44.128+0000] {virtualenv.py:122} INFO - Waiting for virtualenv lock to be released
[2025-09-19T10:06:45.130+0000] {virtualenv.py:178} INFO - Checking for running process with PID 1756
[2025-09-19T10:06:45.130+0000] {virtualenv.py:181} INFO - Process 1756 running: True and has the lock /tmp/cosmos_venv_ecom_intermediate/cosmos_virtualenv.lock.
[2025-09-19T10:06:45.131+0000] {virtualenv.py:122} INFO - Waiting for virtualenv lock to be released
[2025-09-19T10:06:46.132+0000] {virtualenv.py:178} INFO - Checking for running process with PID 1756
[2025-09-19T10:06:46.133+0000] {virtualenv.py:181} INFO - Process 1756 running: True and has the lock /tmp/cosmos_venv_ecom_intermediate/cosmos_virtualenv.lock.
[2025-09-19T10:06:46.133+0000] {virtualenv.py:122} INFO - Waiting for virtualenv lock to be released
[2025-09-19T10:06:47.135+0000] {virtualenv.py:178} INFO - Checking for running process with PID 1756
[2025-09-19T10:06:47.136+0000] {virtualenv.py:181} INFO - Process 1756 running: True and has the lock /tmp/cosmos_venv_ecom_intermediate/cosmos_virtualenv.lock.
[2025-09-19T10:06:47.136+0000] {virtualenv.py:122} INFO - Waiting for virtualenv lock to be released
[2025-09-19T10:06:48.138+0000] {virtualenv.py:178} INFO - Checking for running process with PID 1756
[2025-09-19T10:06:48.139+0000] {virtualenv.py:181} INFO - Process 1756 running: True and has the lock /tmp/cosmos_venv_ecom_intermediate/cosmos_virtualenv.lock.
[2025-09-19T10:06:48.139+0000] {virtualenv.py:122} INFO - Waiting for virtualenv lock to be released
[2025-09-19T10:06:49.141+0000] {virtualenv.py:178} INFO - Checking for running process with PID 1756
[2025-09-19T10:06:49.142+0000] {virtualenv.py:181} INFO - Process 1756 running: True and has the lock /tmp/cosmos_venv_ecom_intermediate/cosmos_virtualenv.lock.
[2025-09-19T10:06:49.143+0000] {virtualenv.py:122} INFO - Waiting for virtualenv lock to be released
[2025-09-19T10:06:50.145+0000] {virtualenv.py:178} INFO - Checking for running process with PID 1756
[2025-09-19T10:06:50.146+0000] {virtualenv.py:181} INFO - Process 1756 running: True and has the lock /tmp/cosmos_venv_ecom_intermediate/cosmos_virtualenv.lock.
[2025-09-19T10:06:50.147+0000] {virtualenv.py:122} INFO - Waiting for virtualenv lock to be released
[2025-09-19T10:06:51.149+0000] {virtualenv.py:178} INFO - Checking for running process with PID 1756
[2025-09-19T10:06:51.150+0000] {virtualenv.py:181} INFO - Process 1756 running: True and has the lock /tmp/cosmos_venv_ecom_intermediate/cosmos_virtualenv.lock.
[2025-09-19T10:06:51.150+0000] {virtualenv.py:122} INFO - Waiting for virtualenv lock to be released
[2025-09-19T10:06:52.152+0000] {virtualenv.py:178} INFO - Checking for running process with PID 1756
[2025-09-19T10:06:52.153+0000] {virtualenv.py:181} INFO - Process 1756 running: True and has the lock /tmp/cosmos_venv_ecom_intermediate/cosmos_virtualenv.lock.
[2025-09-19T10:06:52.153+0000] {virtualenv.py:122} INFO - Waiting for virtualenv lock to be released
[2025-09-19T10:06:53.155+0000] {virtualenv.py:178} INFO - Checking for running process with PID 1756
[2025-09-19T10:06:53.156+0000] {virtualenv.py:181} INFO - Process 1756 running: True and has the lock /tmp/cosmos_venv_ecom_intermediate/cosmos_virtualenv.lock.
[2025-09-19T10:06:53.156+0000] {virtualenv.py:122} INFO - Waiting for virtualenv lock to be released
[2025-09-19T10:06:54.157+0000] {virtualenv.py:178} INFO - Checking for running process with PID 1515
[2025-09-19T10:06:54.158+0000] {virtualenv.py:181} INFO - Process 1515 running: True and has the lock /tmp/cosmos_venv_ecom_intermediate/cosmos_virtualenv.lock.
[2025-09-19T10:06:54.159+0000] {virtualenv.py:126} INFO - Acquiring the virtualenv lock
[2025-09-19T10:06:54.159+0000] {virtualenv.py:195} INFO - Acquiring lock at /tmp/cosmos_venv_ecom_intermediate/cosmos_virtualenv.lock with pid 1518
[2025-09-19T10:06:54.160+0000] {virtualenv.py:153} INFO - Creating or updating the virtualenv at `/tmp/cosmos_venv_ecom_intermediate
[2025-09-19T10:06:54.160+0000] {process_utils.py:183} INFO - Executing cmd: /home/***/.local/bin/python -m virtualenv /tmp/cosmos_venv_ecom_intermediate --python=python3
[2025-09-19T10:06:54.161+0000] {process_utils.py:187} INFO - Output:
[2025-09-19T10:06:55.891+0000] {process_utils.py:191} INFO - created virtual environment CPython3.10.14.final.0-64 in 577ms
[2025-09-19T10:06:55.892+0000] {process_utils.py:191} INFO -   creator CPython3Posix(dest=/tmp/cosmos_venv_ecom_intermediate, clear=False, no_vcs_ignore=False, global=False)
[2025-09-19T10:06:55.893+0000] {process_utils.py:191} INFO -   seeder FromAppData(download=False, pip=bundle, setuptools=bundle, wheel=bundle, via=copy, app_data_dir=/home/***/.local/share/virtualenv)
[2025-09-19T10:06:55.894+0000] {process_utils.py:191} INFO -     added seed packages: MarkupSafe==3.0.2, PyYAML==6.0.2, agate==1.9.1, annotated_types==0.7.0, attrs==25.3.0, babel==2.17.0, certifi==2025.8.3, charset_normalizer==3.4.3, click==8.2.1, clickhouse_connect==0.8.18, clickhouse_driver==0.2.9, colorama==0.4.6, daff==1.4.2, dbt_adapters==1.16.7, dbt_clickhouse==1.9.3, dbt_common==1.30.0, dbt_core==1.10.11, dbt_extractor==0.6.0, dbt_protos==1.0.375, dbt_semantic_interfaces==0.9.0, deepdiff==8.6.1, idna==3.10, importlib_metadata==8.7.0, isodate==0.6.1, jinja2==3.1.6, jsonschema==4.25.1, jsonschema_specifications==2025.9.1, leather==0.4.0, lz4==4.4.4, mashumaro==3.14, more_itertools==10.8.0, msgpack==1.1.1, networkx==3.4.2, orderly_set==5.5.0, packaging==25.0, parsedatetime==2.6, pathspec==0.12.1, pip==25.2, protobuf==6.32.1, pydantic==2.11.8, pydantic_core==2.33.2, python_dateutil==2.9.0.post0, python_slugify==8.0.4, pytimeparse==1.1.8, pytz==2025.2, referencing==0.36.2, requests==2.32.5, rpds_py==0.27.1, six==1.17.0, snowplow_tracker==1.1.0, sqlparse==0.5.3, text_unidecode==1.3, typing_extensions==4.15.0, typing_inspection==0.4.1, tzlocal==5.3.1, urllib3==2.5.0, wheel==0.45.1, zipp==3.23.0, zstandard==0.24.0
[2025-09-19T10:06:55.895+0000] {process_utils.py:191} INFO -   activators BashActivator,CShellActivator,FishActivator,NushellActivator,PowerShellActivator,PythonActivator
[2025-09-19T10:06:55.976+0000] {process_utils.py:183} INFO - Executing cmd: /tmp/cosmos_venv_ecom_intermediate/bin/pip install dbt-clickhouse
[2025-09-19T10:06:55.977+0000] {virtualenv.py:131} INFO - Releasing virtualenv lock
[2025-09-19T10:06:55.978+0000] {virtualenv.py:210} WARNING - Lockfile owned by process of pid 1520, while operator has pid 1518
[2025-09-19T10:06:55.979+0000] {taskinstance.py:441} INFO - ::group::Post task execution logs
[2025-09-19T10:06:55.979+0000] {taskinstance.py:2905} ERROR - Task failed with exception
Traceback (most recent call last):
  File "/home/airflow/.local/lib/python3.10/site-packages/airflow/models/taskinstance.py", line 465, in _execute_task
    result = _execute_callable(context=context, **execute_callable_kwargs)
  File "/home/airflow/.local/lib/python3.10/site-packages/airflow/models/taskinstance.py", line 432, in _execute_callable
    return execute_callable(context=context, **execute_callable_kwargs)
  File "/home/airflow/.local/lib/python3.10/site-packages/airflow/models/baseoperator.py", line 401, in wrapper
    return func(self, *args, **kwargs)
  File "/home/airflow/.local/lib/python3.10/site-packages/cosmos/operators/virtualenv.py", line 144, in execute
    output = super().execute(context)
  File "/home/airflow/.local/lib/python3.10/site-packages/cosmos/operators/base.py", line 310, in execute
    self.build_and_run_cmd(context=context, cmd_flags=self.add_cmd_flags())
  File "/home/airflow/.local/lib/python3.10/site-packages/cosmos/operators/local.py", line 853, in build_and_run_cmd
    result = self.run_command(
  File "/home/airflow/.local/lib/python3.10/site-packages/cosmos/operators/virtualenv.py", line 128, in run_command
    self._py_bin = self._prepare_virtualenv()
  File "/home/airflow/.local/lib/python3.10/site-packages/cosmos/operators/virtualenv.py", line 154, in _prepare_virtualenv
    py_bin = prepare_virtualenv(
  File "/home/airflow/.local/lib/python3.10/site-packages/airflow/utils/python_virtualenv.py", line 119, in prepare_virtualenv
    execute_in_subprocess(pip_cmd)
  File "/home/airflow/.local/lib/python3.10/site-packages/airflow/utils/process_utils.py", line 172, in execute_in_subprocess
    execute_in_subprocess_with_kwargs(cmd, cwd=cwd)
  File "/home/airflow/.local/lib/python3.10/site-packages/airflow/utils/process_utils.py", line 184, in execute_in_subprocess_with_kwargs
    with subprocess.Popen(
  File "/usr/local/lib/python3.10/subprocess.py", line 971, in __init__
    self._execute_child(args, executable, preexec_fn, close_fds,
  File "/usr/local/lib/python3.10/subprocess.py", line 1863, in _execute_child
    raise child_exception_type(errno_num, err_msg, err_filename)
FileNotFoundError: [Errno 2] No such file or directory: '/tmp/cosmos_venv_ecom_intermediate/bin/pip'
[2025-09-19T10:06:56.034+0000] {taskinstance.py:1206} INFO - Marking task as FAILED. dag_id=dbt_intermediate, task_id=intermediate.education_types.run, run_id=manual__2025-09-19T10:00:34.117962+00:00, execution_date=20250919T100034, start_date=20250919T100452, end_date=20250919T100656
[2025-09-19T10:06:56.060+0000] {standard_task_runner.py:110} ERROR - Failed to execute job 537 for task intermediate.education_types.run ([Errno 2] No such file or directory: '/tmp/cosmos_venv_ecom_intermediate/bin/pip'; 1518)
[2025-09-19T10:06:56.083+0000] {local_task_job_runner.py:243} INFO - Task exited with return code 1
[2025-09-19T10:06:56.205+0000] {taskinstance.py:3503} INFO - 0 downstream tasks scheduled from follow-on schedule check
[2025-09-19T10:06:56.229+0000] {local_task_job_runner.py:222} INFO - ::endgroup::
