[2025-09-13T09:28:42.611+0000] {local_task_job_runner.py:120} INFO - ::group::Pre task execution logs
[2025-09-13T09:28:42.892+0000] {taskinstance.py:2076} INFO - Dependencies all met for dep_context=non-requeueable deps ti=<TaskInstance: dbt_intermediate.intermediate.brands.run scheduled__2025-09-12T00:00:00+00:00 [queued]>
[2025-09-13T09:28:42.938+0000] {taskinstance.py:2076} INFO - Dependencies all met for dep_context=requeueable deps ti=<TaskInstance: dbt_intermediate.intermediate.brands.run scheduled__2025-09-12T00:00:00+00:00 [queued]>
[2025-09-13T09:28:42.940+0000] {taskinstance.py:2306} INFO - Starting attempt 1 of 1
[2025-09-13T09:28:42.997+0000] {taskinstance.py:2330} INFO - Executing <Task(DbtRunVirtualenvOperator): intermediate.brands.run> on 2025-09-12 00:00:00+00:00
[2025-09-13T09:28:43.011+0000] {standard_task_runner.py:64} INFO - Started process 4141 to run task
[2025-09-13T09:28:43.013+0000] {standard_task_runner.py:90} INFO - Running: ['***', 'tasks', 'run', 'dbt_intermediate', 'intermediate.brands.run', 'scheduled__2025-09-12T00:00:00+00:00', '--job-id', '148', '--raw', '--subdir', 'DAGS_FOLDER/dbt_intermediate.py', '--cfg-path', '/tmp/tmpz2qql7p1']
[2025-09-13T09:28:43.025+0000] {standard_task_runner.py:91} INFO - Job 148: Subtask intermediate.brands.run
[2025-09-13T09:28:43.976+0000] {task_command.py:426} INFO - Running <TaskInstance: dbt_intermediate.intermediate.brands.run scheduled__2025-09-12T00:00:00+00:00 [running]> on host e95bde6b8d07
[2025-09-13T09:28:45.365+0000] {taskinstance.py:2648} INFO - Exporting env vars: AIRFLOW_CTX_DAG_OWNER='***' AIRFLOW_CTX_DAG_ID='dbt_intermediate' AIRFLOW_CTX_TASK_ID='intermediate.brands.run' AIRFLOW_CTX_EXECUTION_DATE='2025-09-12T00:00:00+00:00' AIRFLOW_CTX_TRY_NUMBER='1' AIRFLOW_CTX_DAG_RUN_ID='scheduled__2025-09-12T00:00:00+00:00'
[2025-09-13T09:28:45.370+0000] {taskinstance.py:430} INFO - ::endgroup::
[2025-09-13T09:28:45.412+0000] {virtualenv.py:120} INFO - Checking if the virtualenv lock /tmp/cosmos_venv_ecom_intermediate/cosmos_virtualenv.lock exists
[2025-09-13T09:28:45.412+0000] {virtualenv.py:178} INFO - Checking for running process with PID 4135
[2025-09-13T09:28:45.414+0000] {virtualenv.py:181} INFO - Process 4135 running: True and has the lock /tmp/cosmos_venv_ecom_intermediate/cosmos_virtualenv.lock.
[2025-09-13T09:28:45.414+0000] {virtualenv.py:122} INFO - Waiting for virtualenv lock to be released
[2025-09-13T09:28:46.415+0000] {virtualenv.py:178} INFO - Checking for running process with PID 4135
[2025-09-13T09:28:46.417+0000] {virtualenv.py:181} INFO - Process 4135 running: True and has the lock /tmp/cosmos_venv_ecom_intermediate/cosmos_virtualenv.lock.
[2025-09-13T09:28:46.418+0000] {virtualenv.py:122} INFO - Waiting for virtualenv lock to be released
[2025-09-13T09:28:47.420+0000] {virtualenv.py:178} INFO - Checking for running process with PID 4135
[2025-09-13T09:28:47.420+0000] {virtualenv.py:181} INFO - Process 4135 running: True and has the lock /tmp/cosmos_venv_ecom_intermediate/cosmos_virtualenv.lock.
[2025-09-13T09:28:47.421+0000] {virtualenv.py:122} INFO - Waiting for virtualenv lock to be released
[2025-09-13T09:28:48.422+0000] {virtualenv.py:178} INFO - Checking for running process with PID 4135
[2025-09-13T09:28:48.423+0000] {virtualenv.py:181} INFO - Process 4135 running: True and has the lock /tmp/cosmos_venv_ecom_intermediate/cosmos_virtualenv.lock.
[2025-09-13T09:28:48.423+0000] {virtualenv.py:122} INFO - Waiting for virtualenv lock to be released
[2025-09-13T09:28:49.424+0000] {virtualenv.py:178} INFO - Checking for running process with PID 4135
[2025-09-13T09:28:49.425+0000] {virtualenv.py:181} INFO - Process 4135 running: True and has the lock /tmp/cosmos_venv_ecom_intermediate/cosmos_virtualenv.lock.
[2025-09-13T09:28:49.426+0000] {virtualenv.py:122} INFO - Waiting for virtualenv lock to be released
[2025-09-13T09:28:50.432+0000] {virtualenv.py:178} INFO - Checking for running process with PID 4135
[2025-09-13T09:28:50.432+0000] {virtualenv.py:181} INFO - Process 4135 running: True and has the lock /tmp/cosmos_venv_ecom_intermediate/cosmos_virtualenv.lock.
[2025-09-13T09:28:50.433+0000] {virtualenv.py:122} INFO - Waiting for virtualenv lock to be released
[2025-09-13T09:28:51.435+0000] {virtualenv.py:178} INFO - Checking for running process with PID 4135
[2025-09-13T09:28:51.435+0000] {virtualenv.py:181} INFO - Process 4135 running: True and has the lock /tmp/cosmos_venv_ecom_intermediate/cosmos_virtualenv.lock.
[2025-09-13T09:28:51.436+0000] {virtualenv.py:122} INFO - Waiting for virtualenv lock to be released
[2025-09-13T09:28:52.437+0000] {virtualenv.py:178} INFO - Checking for running process with PID 4135
[2025-09-13T09:28:52.438+0000] {virtualenv.py:181} INFO - Process 4135 running: True and has the lock /tmp/cosmos_venv_ecom_intermediate/cosmos_virtualenv.lock.
[2025-09-13T09:28:52.439+0000] {virtualenv.py:122} INFO - Waiting for virtualenv lock to be released
[2025-09-13T09:28:53.440+0000] {virtualenv.py:178} INFO - Checking for running process with PID 4135
[2025-09-13T09:28:53.440+0000] {virtualenv.py:181} INFO - Process 4135 running: True and has the lock /tmp/cosmos_venv_ecom_intermediate/cosmos_virtualenv.lock.
[2025-09-13T09:28:53.441+0000] {virtualenv.py:122} INFO - Waiting for virtualenv lock to be released
[2025-09-13T09:28:54.443+0000] {virtualenv.py:178} INFO - Checking for running process with PID 4135
[2025-09-13T09:28:54.444+0000] {virtualenv.py:181} INFO - Process 4135 running: True and has the lock /tmp/cosmos_venv_ecom_intermediate/cosmos_virtualenv.lock.
[2025-09-13T09:28:54.444+0000] {virtualenv.py:122} INFO - Waiting for virtualenv lock to be released
[2025-09-13T09:28:55.446+0000] {virtualenv.py:178} INFO - Checking for running process with PID 4135
[2025-09-13T09:28:55.447+0000] {virtualenv.py:181} INFO - Process 4135 running: True and has the lock /tmp/cosmos_venv_ecom_intermediate/cosmos_virtualenv.lock.
[2025-09-13T09:28:55.448+0000] {virtualenv.py:122} INFO - Waiting for virtualenv lock to be released
[2025-09-13T09:28:56.450+0000] {virtualenv.py:178} INFO - Checking for running process with PID 4135
[2025-09-13T09:28:56.451+0000] {virtualenv.py:181} INFO - Process 4135 running: True and has the lock /tmp/cosmos_venv_ecom_intermediate/cosmos_virtualenv.lock.
[2025-09-13T09:28:56.452+0000] {virtualenv.py:122} INFO - Waiting for virtualenv lock to be released
[2025-09-13T09:28:57.453+0000] {virtualenv.py:178} INFO - Checking for running process with PID 4135
[2025-09-13T09:28:57.454+0000] {virtualenv.py:181} INFO - Process 4135 running: True and has the lock /tmp/cosmos_venv_ecom_intermediate/cosmos_virtualenv.lock.
[2025-09-13T09:28:57.455+0000] {virtualenv.py:122} INFO - Waiting for virtualenv lock to be released
[2025-09-13T09:28:58.456+0000] {virtualenv.py:178} INFO - Checking for running process with PID 4135
[2025-09-13T09:28:58.456+0000] {virtualenv.py:181} INFO - Process 4135 running: True and has the lock /tmp/cosmos_venv_ecom_intermediate/cosmos_virtualenv.lock.
[2025-09-13T09:28:58.457+0000] {virtualenv.py:122} INFO - Waiting for virtualenv lock to be released
[2025-09-13T09:28:59.459+0000] {virtualenv.py:178} INFO - Checking for running process with PID 4135
[2025-09-13T09:28:59.460+0000] {virtualenv.py:181} INFO - Process 4135 running: True and has the lock /tmp/cosmos_venv_ecom_intermediate/cosmos_virtualenv.lock.
[2025-09-13T09:28:59.463+0000] {virtualenv.py:122} INFO - Waiting for virtualenv lock to be released
[2025-09-13T09:29:00.466+0000] {virtualenv.py:178} INFO - Checking for running process with PID 4135
[2025-09-13T09:29:00.466+0000] {virtualenv.py:181} INFO - Process 4135 running: True and has the lock /tmp/cosmos_venv_ecom_intermediate/cosmos_virtualenv.lock.
[2025-09-13T09:29:00.467+0000] {virtualenv.py:122} INFO - Waiting for virtualenv lock to be released
[2025-09-13T09:29:01.469+0000] {virtualenv.py:178} INFO - Checking for running process with PID 4135
[2025-09-13T09:29:01.470+0000] {virtualenv.py:181} INFO - Process 4135 running: True and has the lock /tmp/cosmos_venv_ecom_intermediate/cosmos_virtualenv.lock.
[2025-09-13T09:29:01.470+0000] {virtualenv.py:122} INFO - Waiting for virtualenv lock to be released
[2025-09-13T09:29:02.472+0000] {virtualenv.py:178} INFO - Checking for running process with PID 4135
[2025-09-13T09:29:02.473+0000] {virtualenv.py:181} INFO - Process 4135 running: True and has the lock /tmp/cosmos_venv_ecom_intermediate/cosmos_virtualenv.lock.
[2025-09-13T09:29:02.473+0000] {virtualenv.py:122} INFO - Waiting for virtualenv lock to be released
[2025-09-13T09:29:03.475+0000] {virtualenv.py:178} INFO - Checking for running process with PID 4135
[2025-09-13T09:29:03.476+0000] {virtualenv.py:181} INFO - Process 4135 running: True and has the lock /tmp/cosmos_venv_ecom_intermediate/cosmos_virtualenv.lock.
[2025-09-13T09:29:03.476+0000] {virtualenv.py:122} INFO - Waiting for virtualenv lock to be released
[2025-09-13T09:29:04.478+0000] {virtualenv.py:178} INFO - Checking for running process with PID 4135
[2025-09-13T09:29:04.479+0000] {virtualenv.py:181} INFO - Process 4135 running: True and has the lock /tmp/cosmos_venv_ecom_intermediate/cosmos_virtualenv.lock.
[2025-09-13T09:29:04.479+0000] {virtualenv.py:122} INFO - Waiting for virtualenv lock to be released
[2025-09-13T09:29:05.481+0000] {virtualenv.py:178} INFO - Checking for running process with PID 4135
[2025-09-13T09:29:05.482+0000] {virtualenv.py:181} INFO - Process 4135 running: True and has the lock /tmp/cosmos_venv_ecom_intermediate/cosmos_virtualenv.lock.
[2025-09-13T09:29:05.482+0000] {virtualenv.py:122} INFO - Waiting for virtualenv lock to be released
[2025-09-13T09:29:06.484+0000] {virtualenv.py:178} INFO - Checking for running process with PID 4135
[2025-09-13T09:29:06.485+0000] {virtualenv.py:181} INFO - Process 4135 running: True and has the lock /tmp/cosmos_venv_ecom_intermediate/cosmos_virtualenv.lock.
[2025-09-13T09:29:06.486+0000] {virtualenv.py:122} INFO - Waiting for virtualenv lock to be released
[2025-09-13T09:29:07.486+0000] {virtualenv.py:178} INFO - Checking for running process with PID 4135
[2025-09-13T09:29:07.491+0000] {virtualenv.py:181} INFO - Process 4135 running: True and has the lock /tmp/cosmos_venv_ecom_intermediate/cosmos_virtualenv.lock.
[2025-09-13T09:29:07.492+0000] {virtualenv.py:122} INFO - Waiting for virtualenv lock to be released
[2025-09-13T09:29:08.493+0000] {virtualenv.py:178} INFO - Checking for running process with PID 4135
[2025-09-13T09:29:08.494+0000] {virtualenv.py:181} INFO - Process 4135 running: True and has the lock /tmp/cosmos_venv_ecom_intermediate/cosmos_virtualenv.lock.
[2025-09-13T09:29:08.494+0000] {virtualenv.py:122} INFO - Waiting for virtualenv lock to be released
[2025-09-13T09:29:09.496+0000] {virtualenv.py:178} INFO - Checking for running process with PID 4135
[2025-09-13T09:29:09.497+0000] {virtualenv.py:181} INFO - Process 4135 running: True and has the lock /tmp/cosmos_venv_ecom_intermediate/cosmos_virtualenv.lock.
[2025-09-13T09:29:09.498+0000] {virtualenv.py:122} INFO - Waiting for virtualenv lock to be released
[2025-09-13T09:29:10.499+0000] {virtualenv.py:178} INFO - Checking for running process with PID 4135
[2025-09-13T09:29:10.500+0000] {virtualenv.py:181} INFO - Process 4135 running: True and has the lock /tmp/cosmos_venv_ecom_intermediate/cosmos_virtualenv.lock.
[2025-09-13T09:29:10.500+0000] {virtualenv.py:122} INFO - Waiting for virtualenv lock to be released
[2025-09-13T09:29:11.501+0000] {virtualenv.py:178} INFO - Checking for running process with PID 4135
[2025-09-13T09:29:11.502+0000] {virtualenv.py:181} INFO - Process 4135 running: True and has the lock /tmp/cosmos_venv_ecom_intermediate/cosmos_virtualenv.lock.
[2025-09-13T09:29:11.503+0000] {virtualenv.py:122} INFO - Waiting for virtualenv lock to be released
[2025-09-13T09:29:12.504+0000] {virtualenv.py:178} INFO - Checking for running process with PID 4135
[2025-09-13T09:29:12.505+0000] {virtualenv.py:181} INFO - Process 4135 running: True and has the lock /tmp/cosmos_venv_ecom_intermediate/cosmos_virtualenv.lock.
[2025-09-13T09:29:12.507+0000] {virtualenv.py:122} INFO - Waiting for virtualenv lock to be released
[2025-09-13T09:29:13.510+0000] {virtualenv.py:178} INFO - Checking for running process with PID 4135
[2025-09-13T09:29:13.511+0000] {virtualenv.py:181} INFO - Process 4135 running: True and has the lock /tmp/cosmos_venv_ecom_intermediate/cosmos_virtualenv.lock.
[2025-09-13T09:29:13.511+0000] {virtualenv.py:122} INFO - Waiting for virtualenv lock to be released
[2025-09-13T09:29:14.513+0000] {virtualenv.py:178} INFO - Checking for running process with PID 4135
[2025-09-13T09:29:14.514+0000] {virtualenv.py:181} INFO - Process 4135 running: True and has the lock /tmp/cosmos_venv_ecom_intermediate/cosmos_virtualenv.lock.
[2025-09-13T09:29:14.514+0000] {virtualenv.py:122} INFO - Waiting for virtualenv lock to be released
[2025-09-13T09:29:15.516+0000] {virtualenv.py:178} INFO - Checking for running process with PID 4135
[2025-09-13T09:29:15.517+0000] {virtualenv.py:181} INFO - Process 4135 running: True and has the lock /tmp/cosmos_venv_ecom_intermediate/cosmos_virtualenv.lock.
[2025-09-13T09:29:15.517+0000] {virtualenv.py:122} INFO - Waiting for virtualenv lock to be released
[2025-09-13T09:29:16.518+0000] {virtualenv.py:178} INFO - Checking for running process with PID 4135
[2025-09-13T09:29:16.518+0000] {virtualenv.py:181} INFO - Process 4135 running: True and has the lock /tmp/cosmos_venv_ecom_intermediate/cosmos_virtualenv.lock.
[2025-09-13T09:29:16.519+0000] {virtualenv.py:122} INFO - Waiting for virtualenv lock to be released
[2025-09-13T09:29:17.521+0000] {virtualenv.py:178} INFO - Checking for running process with PID 4135
[2025-09-13T09:29:17.522+0000] {virtualenv.py:181} INFO - Process 4135 running: True and has the lock /tmp/cosmos_venv_ecom_intermediate/cosmos_virtualenv.lock.
[2025-09-13T09:29:17.522+0000] {virtualenv.py:122} INFO - Waiting for virtualenv lock to be released
[2025-09-13T09:29:18.523+0000] {virtualenv.py:178} INFO - Checking for running process with PID 4138
[2025-09-13T09:29:18.525+0000] {virtualenv.py:181} INFO - Process 4138 running: True and has the lock /tmp/cosmos_venv_ecom_intermediate/cosmos_virtualenv.lock.
[2025-09-13T09:29:18.525+0000] {virtualenv.py:122} INFO - Waiting for virtualenv lock to be released
[2025-09-13T09:29:19.527+0000] {virtualenv.py:178} INFO - Checking for running process with PID 4138
[2025-09-13T09:29:19.528+0000] {virtualenv.py:181} INFO - Process 4138 running: True and has the lock /tmp/cosmos_venv_ecom_intermediate/cosmos_virtualenv.lock.
[2025-09-13T09:29:19.529+0000] {virtualenv.py:122} INFO - Waiting for virtualenv lock to be released
[2025-09-13T09:29:20.530+0000] {virtualenv.py:178} INFO - Checking for running process with PID 4138
[2025-09-13T09:29:20.531+0000] {virtualenv.py:181} INFO - Process 4138 running: True and has the lock /tmp/cosmos_venv_ecom_intermediate/cosmos_virtualenv.lock.
[2025-09-13T09:29:20.531+0000] {virtualenv.py:122} INFO - Waiting for virtualenv lock to be released
[2025-09-13T09:29:21.534+0000] {virtualenv.py:178} INFO - Checking for running process with PID 4138
[2025-09-13T09:29:21.536+0000] {virtualenv.py:181} INFO - Process 4138 running: True and has the lock /tmp/cosmos_venv_ecom_intermediate/cosmos_virtualenv.lock.
[2025-09-13T09:29:21.536+0000] {virtualenv.py:122} INFO - Waiting for virtualenv lock to be released
[2025-09-13T09:29:22.537+0000] {virtualenv.py:178} INFO - Checking for running process with PID 4138
[2025-09-13T09:29:22.538+0000] {virtualenv.py:181} INFO - Process 4138 running: True and has the lock /tmp/cosmos_venv_ecom_intermediate/cosmos_virtualenv.lock.
[2025-09-13T09:29:22.539+0000] {virtualenv.py:122} INFO - Waiting for virtualenv lock to be released
[2025-09-13T09:29:23.539+0000] {virtualenv.py:178} INFO - Checking for running process with PID 4138
[2025-09-13T09:29:23.540+0000] {virtualenv.py:181} INFO - Process 4138 running: True and has the lock /tmp/cosmos_venv_ecom_intermediate/cosmos_virtualenv.lock.
[2025-09-13T09:29:23.540+0000] {virtualenv.py:122} INFO - Waiting for virtualenv lock to be released
[2025-09-13T09:29:24.542+0000] {virtualenv.py:178} INFO - Checking for running process with PID 4138
[2025-09-13T09:29:24.543+0000] {virtualenv.py:181} INFO - Process 4138 running: True and has the lock /tmp/cosmos_venv_ecom_intermediate/cosmos_virtualenv.lock.
[2025-09-13T09:29:24.544+0000] {virtualenv.py:122} INFO - Waiting for virtualenv lock to be released
[2025-09-13T09:29:25.546+0000] {virtualenv.py:178} INFO - Checking for running process with PID 4138
[2025-09-13T09:29:25.546+0000] {virtualenv.py:181} INFO - Process 4138 running: True and has the lock /tmp/cosmos_venv_ecom_intermediate/cosmos_virtualenv.lock.
[2025-09-13T09:29:25.547+0000] {virtualenv.py:122} INFO - Waiting for virtualenv lock to be released
[2025-09-13T09:29:26.548+0000] {virtualenv.py:178} INFO - Checking for running process with PID 4138
[2025-09-13T09:29:26.549+0000] {virtualenv.py:181} INFO - Process 4138 running: True and has the lock /tmp/cosmos_venv_ecom_intermediate/cosmos_virtualenv.lock.
[2025-09-13T09:29:26.549+0000] {virtualenv.py:122} INFO - Waiting for virtualenv lock to be released
[2025-09-13T09:29:27.551+0000] {virtualenv.py:178} INFO - Checking for running process with PID 4138
[2025-09-13T09:29:27.551+0000] {virtualenv.py:181} INFO - Process 4138 running: True and has the lock /tmp/cosmos_venv_ecom_intermediate/cosmos_virtualenv.lock.
[2025-09-13T09:29:27.552+0000] {virtualenv.py:122} INFO - Waiting for virtualenv lock to be released
[2025-09-13T09:29:28.553+0000] {virtualenv.py:178} INFO - Checking for running process with PID 4138
[2025-09-13T09:29:28.554+0000] {virtualenv.py:181} INFO - Process 4138 running: True and has the lock /tmp/cosmos_venv_ecom_intermediate/cosmos_virtualenv.lock.
[2025-09-13T09:29:28.554+0000] {virtualenv.py:122} INFO - Waiting for virtualenv lock to be released
[2025-09-13T09:29:29.556+0000] {virtualenv.py:178} INFO - Checking for running process with PID 4138
[2025-09-13T09:29:29.557+0000] {virtualenv.py:181} INFO - Process 4138 running: True and has the lock /tmp/cosmos_venv_ecom_intermediate/cosmos_virtualenv.lock.
[2025-09-13T09:29:29.557+0000] {virtualenv.py:122} INFO - Waiting for virtualenv lock to be released
[2025-09-13T09:29:30.559+0000] {virtualenv.py:178} INFO - Checking for running process with PID 4138
[2025-09-13T09:29:30.560+0000] {virtualenv.py:181} INFO - Process 4138 running: True and has the lock /tmp/cosmos_venv_ecom_intermediate/cosmos_virtualenv.lock.
[2025-09-13T09:29:30.561+0000] {virtualenv.py:122} INFO - Waiting for virtualenv lock to be released
[2025-09-13T09:29:31.562+0000] {virtualenv.py:178} INFO - Checking for running process with PID 4138
[2025-09-13T09:29:31.563+0000] {virtualenv.py:181} INFO - Process 4138 running: True and has the lock /tmp/cosmos_venv_ecom_intermediate/cosmos_virtualenv.lock.
[2025-09-13T09:29:31.564+0000] {virtualenv.py:122} INFO - Waiting for virtualenv lock to be released
[2025-09-13T09:29:32.565+0000] {virtualenv.py:178} INFO - Checking for running process with PID 4138
[2025-09-13T09:29:32.566+0000] {virtualenv.py:181} INFO - Process 4138 running: True and has the lock /tmp/cosmos_venv_ecom_intermediate/cosmos_virtualenv.lock.
[2025-09-13T09:29:32.567+0000] {virtualenv.py:122} INFO - Waiting for virtualenv lock to be released
[2025-09-13T09:29:33.569+0000] {virtualenv.py:178} INFO - Checking for running process with PID 4138
[2025-09-13T09:29:33.570+0000] {virtualenv.py:181} INFO - Process 4138 running: True and has the lock /tmp/cosmos_venv_ecom_intermediate/cosmos_virtualenv.lock.
[2025-09-13T09:29:33.571+0000] {virtualenv.py:122} INFO - Waiting for virtualenv lock to be released
[2025-09-13T09:29:34.573+0000] {virtualenv.py:178} INFO - Checking for running process with PID 4138
[2025-09-13T09:29:34.574+0000] {virtualenv.py:181} INFO - Process 4138 running: True and has the lock /tmp/cosmos_venv_ecom_intermediate/cosmos_virtualenv.lock.
[2025-09-13T09:29:34.575+0000] {virtualenv.py:122} INFO - Waiting for virtualenv lock to be released
[2025-09-13T09:29:35.577+0000] {virtualenv.py:178} INFO - Checking for running process with PID 4149
[2025-09-13T09:29:35.578+0000] {virtualenv.py:181} INFO - Process 4149 running: True and has the lock /tmp/cosmos_venv_ecom_intermediate/cosmos_virtualenv.lock.
[2025-09-13T09:29:35.578+0000] {virtualenv.py:122} INFO - Waiting for virtualenv lock to be released
[2025-09-13T09:29:36.580+0000] {virtualenv.py:178} INFO - Checking for running process with PID 4149
[2025-09-13T09:29:36.581+0000] {virtualenv.py:181} INFO - Process 4149 running: True and has the lock /tmp/cosmos_venv_ecom_intermediate/cosmos_virtualenv.lock.
[2025-09-13T09:29:36.582+0000] {virtualenv.py:122} INFO - Waiting for virtualenv lock to be released
[2025-09-13T09:29:37.582+0000] {virtualenv.py:178} INFO - Checking for running process with PID 4149
[2025-09-13T09:29:37.583+0000] {virtualenv.py:181} INFO - Process 4149 running: True and has the lock /tmp/cosmos_venv_ecom_intermediate/cosmos_virtualenv.lock.
[2025-09-13T09:29:37.584+0000] {virtualenv.py:122} INFO - Waiting for virtualenv lock to be released
[2025-09-13T09:29:38.586+0000] {virtualenv.py:178} INFO - Checking for running process with PID 4149
[2025-09-13T09:29:38.587+0000] {virtualenv.py:181} INFO - Process 4149 running: True and has the lock /tmp/cosmos_venv_ecom_intermediate/cosmos_virtualenv.lock.
[2025-09-13T09:29:38.587+0000] {virtualenv.py:122} INFO - Waiting for virtualenv lock to be released
[2025-09-13T09:29:39.588+0000] {virtualenv.py:178} INFO - Checking for running process with PID 4149
[2025-09-13T09:29:39.590+0000] {virtualenv.py:181} INFO - Process 4149 running: True and has the lock /tmp/cosmos_venv_ecom_intermediate/cosmos_virtualenv.lock.
[2025-09-13T09:29:39.590+0000] {virtualenv.py:122} INFO - Waiting for virtualenv lock to be released
[2025-09-13T09:29:40.592+0000] {virtualenv.py:178} INFO - Checking for running process with PID 4149
[2025-09-13T09:29:40.593+0000] {virtualenv.py:181} INFO - Process 4149 running: True and has the lock /tmp/cosmos_venv_ecom_intermediate/cosmos_virtualenv.lock.
[2025-09-13T09:29:40.593+0000] {virtualenv.py:122} INFO - Waiting for virtualenv lock to be released
[2025-09-13T09:29:41.594+0000] {virtualenv.py:178} INFO - Checking for running process with PID 4149
[2025-09-13T09:29:41.595+0000] {virtualenv.py:181} INFO - Process 4149 running: True and has the lock /tmp/cosmos_venv_ecom_intermediate/cosmos_virtualenv.lock.
[2025-09-13T09:29:41.595+0000] {virtualenv.py:122} INFO - Waiting for virtualenv lock to be released
[2025-09-13T09:29:42.596+0000] {virtualenv.py:178} INFO - Checking for running process with PID 4149
[2025-09-13T09:29:42.596+0000] {virtualenv.py:181} INFO - Process 4149 running: True and has the lock /tmp/cosmos_venv_ecom_intermediate/cosmos_virtualenv.lock.
[2025-09-13T09:29:42.597+0000] {virtualenv.py:122} INFO - Waiting for virtualenv lock to be released
[2025-09-13T09:29:43.598+0000] {virtualenv.py:178} INFO - Checking for running process with PID 4149
[2025-09-13T09:29:43.600+0000] {virtualenv.py:181} INFO - Process 4149 running: True and has the lock /tmp/cosmos_venv_ecom_intermediate/cosmos_virtualenv.lock.
[2025-09-13T09:29:43.600+0000] {virtualenv.py:122} INFO - Waiting for virtualenv lock to be released
[2025-09-13T09:29:44.602+0000] {virtualenv.py:178} INFO - Checking for running process with PID 4149
[2025-09-13T09:29:44.603+0000] {virtualenv.py:181} INFO - Process 4149 running: True and has the lock /tmp/cosmos_venv_ecom_intermediate/cosmos_virtualenv.lock.
[2025-09-13T09:29:44.603+0000] {virtualenv.py:122} INFO - Waiting for virtualenv lock to be released
[2025-09-13T09:29:45.605+0000] {virtualenv.py:178} INFO - Checking for running process with PID 4149
[2025-09-13T09:29:45.606+0000] {virtualenv.py:181} INFO - Process 4149 running: True and has the lock /tmp/cosmos_venv_ecom_intermediate/cosmos_virtualenv.lock.
[2025-09-13T09:29:45.606+0000] {virtualenv.py:122} INFO - Waiting for virtualenv lock to be released
[2025-09-13T09:29:46.607+0000] {virtualenv.py:178} INFO - Checking for running process with PID 4149
[2025-09-13T09:29:46.608+0000] {virtualenv.py:181} INFO - Process 4149 running: True and has the lock /tmp/cosmos_venv_ecom_intermediate/cosmos_virtualenv.lock.
[2025-09-13T09:29:46.608+0000] {virtualenv.py:122} INFO - Waiting for virtualenv lock to be released
[2025-09-13T09:29:47.610+0000] {virtualenv.py:178} INFO - Checking for running process with PID 4149
[2025-09-13T09:29:47.611+0000] {virtualenv.py:181} INFO - Process 4149 running: True and has the lock /tmp/cosmos_venv_ecom_intermediate/cosmos_virtualenv.lock.
[2025-09-13T09:29:47.611+0000] {virtualenv.py:122} INFO - Waiting for virtualenv lock to be released
[2025-09-13T09:29:48.613+0000] {virtualenv.py:178} INFO - Checking for running process with PID 4149
[2025-09-13T09:29:48.614+0000] {virtualenv.py:181} INFO - Process 4149 running: True and has the lock /tmp/cosmos_venv_ecom_intermediate/cosmos_virtualenv.lock.
[2025-09-13T09:29:48.615+0000] {virtualenv.py:122} INFO - Waiting for virtualenv lock to be released
[2025-09-13T09:29:49.616+0000] {virtualenv.py:178} INFO - Checking for running process with PID 4149
[2025-09-13T09:29:49.617+0000] {virtualenv.py:181} INFO - Process 4149 running: True and has the lock /tmp/cosmos_venv_ecom_intermediate/cosmos_virtualenv.lock.
[2025-09-13T09:29:49.618+0000] {virtualenv.py:122} INFO - Waiting for virtualenv lock to be released
[2025-09-13T09:29:50.619+0000] {virtualenv.py:178} INFO - Checking for running process with PID 4146
[2025-09-13T09:29:50.620+0000] {virtualenv.py:181} INFO - Process 4146 running: True and has the lock /tmp/cosmos_venv_ecom_intermediate/cosmos_virtualenv.lock.
[2025-09-13T09:29:50.620+0000] {virtualenv.py:122} INFO - Waiting for virtualenv lock to be released
[2025-09-13T09:29:51.622+0000] {virtualenv.py:178} INFO - Checking for running process with PID 4146
[2025-09-13T09:29:51.633+0000] {virtualenv.py:181} INFO - Process 4146 running: True and has the lock /tmp/cosmos_venv_ecom_intermediate/cosmos_virtualenv.lock.
[2025-09-13T09:29:51.634+0000] {virtualenv.py:122} INFO - Waiting for virtualenv lock to be released
[2025-09-13T09:29:52.636+0000] {virtualenv.py:178} INFO - Checking for running process with PID 4146
[2025-09-13T09:29:52.636+0000] {virtualenv.py:181} INFO - Process 4146 running: True and has the lock /tmp/cosmos_venv_ecom_intermediate/cosmos_virtualenv.lock.
[2025-09-13T09:29:52.637+0000] {virtualenv.py:122} INFO - Waiting for virtualenv lock to be released
[2025-09-13T09:29:53.638+0000] {virtualenv.py:178} INFO - Checking for running process with PID 4146
[2025-09-13T09:29:53.639+0000] {virtualenv.py:181} INFO - Process 4146 running: True and has the lock /tmp/cosmos_venv_ecom_intermediate/cosmos_virtualenv.lock.
[2025-09-13T09:29:53.640+0000] {virtualenv.py:122} INFO - Waiting for virtualenv lock to be released
[2025-09-13T09:29:54.642+0000] {virtualenv.py:178} INFO - Checking for running process with PID 4146
[2025-09-13T09:29:54.643+0000] {virtualenv.py:181} INFO - Process 4146 running: True and has the lock /tmp/cosmos_venv_ecom_intermediate/cosmos_virtualenv.lock.
[2025-09-13T09:29:54.644+0000] {virtualenv.py:122} INFO - Waiting for virtualenv lock to be released
[2025-09-13T09:29:55.646+0000] {virtualenv.py:178} INFO - Checking for running process with PID 4146
[2025-09-13T09:29:55.647+0000] {virtualenv.py:181} INFO - Process 4146 running: True and has the lock /tmp/cosmos_venv_ecom_intermediate/cosmos_virtualenv.lock.
[2025-09-13T09:29:55.647+0000] {virtualenv.py:122} INFO - Waiting for virtualenv lock to be released
[2025-09-13T09:29:56.649+0000] {virtualenv.py:178} INFO - Checking for running process with PID 4146
[2025-09-13T09:29:56.650+0000] {virtualenv.py:181} INFO - Process 4146 running: True and has the lock /tmp/cosmos_venv_ecom_intermediate/cosmos_virtualenv.lock.
[2025-09-13T09:29:56.653+0000] {virtualenv.py:122} INFO - Waiting for virtualenv lock to be released
[2025-09-13T09:29:57.655+0000] {virtualenv.py:178} INFO - Checking for running process with PID 4146
[2025-09-13T09:29:57.656+0000] {virtualenv.py:181} INFO - Process 4146 running: True and has the lock /tmp/cosmos_venv_ecom_intermediate/cosmos_virtualenv.lock.
[2025-09-13T09:29:57.657+0000] {virtualenv.py:122} INFO - Waiting for virtualenv lock to be released
[2025-09-13T09:29:58.659+0000] {virtualenv.py:178} INFO - Checking for running process with PID 4146
[2025-09-13T09:29:58.659+0000] {virtualenv.py:181} INFO - Process 4146 running: True and has the lock /tmp/cosmos_venv_ecom_intermediate/cosmos_virtualenv.lock.
[2025-09-13T09:29:58.660+0000] {virtualenv.py:122} INFO - Waiting for virtualenv lock to be released
[2025-09-13T09:29:59.662+0000] {virtualenv.py:178} INFO - Checking for running process with PID 4146
[2025-09-13T09:29:59.662+0000] {virtualenv.py:181} INFO - Process 4146 running: True and has the lock /tmp/cosmos_venv_ecom_intermediate/cosmos_virtualenv.lock.
[2025-09-13T09:29:59.663+0000] {virtualenv.py:122} INFO - Waiting for virtualenv lock to be released
[2025-09-13T09:30:00.665+0000] {virtualenv.py:178} INFO - Checking for running process with PID 4146
[2025-09-13T09:30:00.674+0000] {virtualenv.py:181} INFO - Process 4146 running: True and has the lock /tmp/cosmos_venv_ecom_intermediate/cosmos_virtualenv.lock.
[2025-09-13T09:30:00.675+0000] {virtualenv.py:122} INFO - Waiting for virtualenv lock to be released
[2025-09-13T09:30:01.677+0000] {virtualenv.py:178} INFO - Checking for running process with PID 4146
[2025-09-13T09:30:01.678+0000] {virtualenv.py:181} INFO - Process 4146 running: True and has the lock /tmp/cosmos_venv_ecom_intermediate/cosmos_virtualenv.lock.
[2025-09-13T09:30:01.678+0000] {virtualenv.py:122} INFO - Waiting for virtualenv lock to be released
[2025-09-13T09:30:02.680+0000] {virtualenv.py:178} INFO - Checking for running process with PID 4146
[2025-09-13T09:30:02.681+0000] {virtualenv.py:181} INFO - Process 4146 running: True and has the lock /tmp/cosmos_venv_ecom_intermediate/cosmos_virtualenv.lock.
[2025-09-13T09:30:02.683+0000] {virtualenv.py:122} INFO - Waiting for virtualenv lock to be released
[2025-09-13T09:30:03.685+0000] {virtualenv.py:178} INFO - Checking for running process with PID 4146
[2025-09-13T09:30:03.686+0000] {virtualenv.py:181} INFO - Process 4146 running: True and has the lock /tmp/cosmos_venv_ecom_intermediate/cosmos_virtualenv.lock.
[2025-09-13T09:30:03.687+0000] {virtualenv.py:122} INFO - Waiting for virtualenv lock to be released
[2025-09-13T09:30:04.689+0000] {virtualenv.py:178} INFO - Checking for running process with PID 4146
[2025-09-13T09:30:04.689+0000] {virtualenv.py:181} INFO - Process 4146 running: True and has the lock /tmp/cosmos_venv_ecom_intermediate/cosmos_virtualenv.lock.
[2025-09-13T09:30:04.690+0000] {virtualenv.py:122} INFO - Waiting for virtualenv lock to be released
[2025-09-13T09:30:05.691+0000] {virtualenv.py:178} INFO - Checking for running process with PID 4146
[2025-09-13T09:30:05.692+0000] {virtualenv.py:181} INFO - Process 4146 running: True and has the lock /tmp/cosmos_venv_ecom_intermediate/cosmos_virtualenv.lock.
[2025-09-13T09:30:05.693+0000] {virtualenv.py:122} INFO - Waiting for virtualenv lock to be released
[2025-09-13T09:30:06.695+0000] {virtualenv.py:178} INFO - Checking for running process with PID 4146
[2025-09-13T09:30:06.696+0000] {virtualenv.py:181} INFO - Process 4146 running: True and has the lock /tmp/cosmos_venv_ecom_intermediate/cosmos_virtualenv.lock.
[2025-09-13T09:30:06.697+0000] {virtualenv.py:122} INFO - Waiting for virtualenv lock to be released
[2025-09-13T09:30:07.699+0000] {virtualenv.py:178} INFO - Checking for running process with PID 4249
[2025-09-13T09:30:07.701+0000] {virtualenv.py:181} INFO - Process 4249 running: True and has the lock /tmp/cosmos_venv_ecom_intermediate/cosmos_virtualenv.lock.
[2025-09-13T09:30:07.703+0000] {virtualenv.py:122} INFO - Waiting for virtualenv lock to be released
[2025-09-13T09:30:08.705+0000] {virtualenv.py:178} INFO - Checking for running process with PID 4249
[2025-09-13T09:30:08.706+0000] {virtualenv.py:181} INFO - Process 4249 running: True and has the lock /tmp/cosmos_venv_ecom_intermediate/cosmos_virtualenv.lock.
[2025-09-13T09:30:08.707+0000] {virtualenv.py:122} INFO - Waiting for virtualenv lock to be released
[2025-09-13T09:30:09.708+0000] {virtualenv.py:178} INFO - Checking for running process with PID 4249
[2025-09-13T09:30:09.710+0000] {virtualenv.py:181} INFO - Process 4249 running: True and has the lock /tmp/cosmos_venv_ecom_intermediate/cosmos_virtualenv.lock.
[2025-09-13T09:30:09.710+0000] {virtualenv.py:122} INFO - Waiting for virtualenv lock to be released
[2025-09-13T09:30:10.712+0000] {virtualenv.py:178} INFO - Checking for running process with PID 4249
[2025-09-13T09:30:10.713+0000] {virtualenv.py:181} INFO - Process 4249 running: True and has the lock /tmp/cosmos_venv_ecom_intermediate/cosmos_virtualenv.lock.
[2025-09-13T09:30:10.714+0000] {virtualenv.py:122} INFO - Waiting for virtualenv lock to be released
[2025-09-13T09:30:11.716+0000] {virtualenv.py:178} INFO - Checking for running process with PID 4249
[2025-09-13T09:30:11.716+0000] {virtualenv.py:181} INFO - Process 4249 running: True and has the lock /tmp/cosmos_venv_ecom_intermediate/cosmos_virtualenv.lock.
[2025-09-13T09:30:11.717+0000] {virtualenv.py:122} INFO - Waiting for virtualenv lock to be released
[2025-09-13T09:30:12.718+0000] {virtualenv.py:178} INFO - Checking for running process with PID 4249
[2025-09-13T09:30:12.718+0000] {virtualenv.py:181} INFO - Process 4249 running: True and has the lock /tmp/cosmos_venv_ecom_intermediate/cosmos_virtualenv.lock.
[2025-09-13T09:30:12.719+0000] {virtualenv.py:122} INFO - Waiting for virtualenv lock to be released
[2025-09-13T09:30:13.721+0000] {virtualenv.py:178} INFO - Checking for running process with PID 4249
[2025-09-13T09:30:13.722+0000] {virtualenv.py:181} INFO - Process 4249 running: True and has the lock /tmp/cosmos_venv_ecom_intermediate/cosmos_virtualenv.lock.
[2025-09-13T09:30:13.722+0000] {virtualenv.py:122} INFO - Waiting for virtualenv lock to be released
[2025-09-13T09:30:14.724+0000] {virtualenv.py:178} INFO - Checking for running process with PID 4249
[2025-09-13T09:30:14.725+0000] {virtualenv.py:181} INFO - Process 4249 running: True and has the lock /tmp/cosmos_venv_ecom_intermediate/cosmos_virtualenv.lock.
[2025-09-13T09:30:14.725+0000] {virtualenv.py:122} INFO - Waiting for virtualenv lock to be released
[2025-09-13T09:30:15.727+0000] {virtualenv.py:178} INFO - Checking for running process with PID 4249
[2025-09-13T09:30:15.728+0000] {virtualenv.py:181} INFO - Process 4249 running: True and has the lock /tmp/cosmos_venv_ecom_intermediate/cosmos_virtualenv.lock.
[2025-09-13T09:30:15.729+0000] {virtualenv.py:122} INFO - Waiting for virtualenv lock to be released
[2025-09-13T09:30:16.730+0000] {virtualenv.py:178} INFO - Checking for running process with PID 4249
[2025-09-13T09:30:16.731+0000] {virtualenv.py:181} INFO - Process 4249 running: True and has the lock /tmp/cosmos_venv_ecom_intermediate/cosmos_virtualenv.lock.
[2025-09-13T09:30:16.732+0000] {virtualenv.py:122} INFO - Waiting for virtualenv lock to be released
[2025-09-13T09:30:17.734+0000] {virtualenv.py:178} INFO - Checking for running process with PID 4249
[2025-09-13T09:30:17.735+0000] {virtualenv.py:181} INFO - Process 4249 running: True and has the lock /tmp/cosmos_venv_ecom_intermediate/cosmos_virtualenv.lock.
[2025-09-13T09:30:17.736+0000] {virtualenv.py:122} INFO - Waiting for virtualenv lock to be released
[2025-09-13T09:30:18.737+0000] {virtualenv.py:178} INFO - Checking for running process with PID 4249
[2025-09-13T09:30:18.739+0000] {virtualenv.py:181} INFO - Process 4249 running: True and has the lock /tmp/cosmos_venv_ecom_intermediate/cosmos_virtualenv.lock.
[2025-09-13T09:30:18.740+0000] {virtualenv.py:122} INFO - Waiting for virtualenv lock to be released
[2025-09-13T09:30:19.742+0000] {virtualenv.py:178} INFO - Checking for running process with PID 4249
[2025-09-13T09:30:19.743+0000] {virtualenv.py:181} INFO - Process 4249 running: True and has the lock /tmp/cosmos_venv_ecom_intermediate/cosmos_virtualenv.lock.
[2025-09-13T09:30:19.744+0000] {virtualenv.py:122} INFO - Waiting for virtualenv lock to be released
[2025-09-13T09:30:20.745+0000] {virtualenv.py:178} INFO - Checking for running process with PID 4249
[2025-09-13T09:30:20.746+0000] {virtualenv.py:181} INFO - Process 4249 running: True and has the lock /tmp/cosmos_venv_ecom_intermediate/cosmos_virtualenv.lock.
[2025-09-13T09:30:20.747+0000] {virtualenv.py:122} INFO - Waiting for virtualenv lock to be released
[2025-09-13T09:30:21.748+0000] {virtualenv.py:178} INFO - Checking for running process with PID 4249
[2025-09-13T09:30:21.749+0000] {virtualenv.py:181} INFO - Process 4249 running: True and has the lock /tmp/cosmos_venv_ecom_intermediate/cosmos_virtualenv.lock.
[2025-09-13T09:30:21.750+0000] {virtualenv.py:122} INFO - Waiting for virtualenv lock to be released
[2025-09-13T09:30:22.751+0000] {virtualenv.py:178} INFO - Checking for running process with PID 4249
[2025-09-13T09:30:22.752+0000] {virtualenv.py:181} INFO - Process 4249 running: True and has the lock /tmp/cosmos_venv_ecom_intermediate/cosmos_virtualenv.lock.
[2025-09-13T09:30:22.753+0000] {virtualenv.py:122} INFO - Waiting for virtualenv lock to be released
[2025-09-13T09:30:23.754+0000] {virtualenv.py:178} INFO - Checking for running process with PID 4136
[2025-09-13T09:30:23.755+0000] {virtualenv.py:181} INFO - Process 4136 running: True and has the lock /tmp/cosmos_venv_ecom_intermediate/cosmos_virtualenv.lock.
[2025-09-13T09:30:23.756+0000] {virtualenv.py:122} INFO - Waiting for virtualenv lock to be released
[2025-09-13T09:30:24.757+0000] {virtualenv.py:178} INFO - Checking for running process with PID 4136
[2025-09-13T09:30:24.758+0000] {virtualenv.py:181} INFO - Process 4136 running: True and has the lock /tmp/cosmos_venv_ecom_intermediate/cosmos_virtualenv.lock.
[2025-09-13T09:30:24.759+0000] {virtualenv.py:122} INFO - Waiting for virtualenv lock to be released
[2025-09-13T09:30:25.760+0000] {virtualenv.py:178} INFO - Checking for running process with PID 4136
[2025-09-13T09:30:25.761+0000] {virtualenv.py:181} INFO - Process 4136 running: True and has the lock /tmp/cosmos_venv_ecom_intermediate/cosmos_virtualenv.lock.
[2025-09-13T09:30:25.761+0000] {virtualenv.py:122} INFO - Waiting for virtualenv lock to be released
[2025-09-13T09:30:26.763+0000] {virtualenv.py:178} INFO - Checking for running process with PID 4136
[2025-09-13T09:30:26.764+0000] {virtualenv.py:181} INFO - Process 4136 running: True and has the lock /tmp/cosmos_venv_ecom_intermediate/cosmos_virtualenv.lock.
[2025-09-13T09:30:26.764+0000] {virtualenv.py:122} INFO - Waiting for virtualenv lock to be released
[2025-09-13T09:30:27.766+0000] {virtualenv.py:178} INFO - Checking for running process with PID 4136
[2025-09-13T09:30:27.767+0000] {virtualenv.py:181} INFO - Process 4136 running: True and has the lock /tmp/cosmos_venv_ecom_intermediate/cosmos_virtualenv.lock.
[2025-09-13T09:30:27.768+0000] {virtualenv.py:122} INFO - Waiting for virtualenv lock to be released
[2025-09-13T09:30:28.770+0000] {virtualenv.py:178} INFO - Checking for running process with PID 4136
[2025-09-13T09:30:28.771+0000] {virtualenv.py:181} INFO - Process 4136 running: True and has the lock /tmp/cosmos_venv_ecom_intermediate/cosmos_virtualenv.lock.
[2025-09-13T09:30:28.771+0000] {virtualenv.py:122} INFO - Waiting for virtualenv lock to be released
[2025-09-13T09:30:29.772+0000] {virtualenv.py:178} INFO - Checking for running process with PID 4136
[2025-09-13T09:30:29.773+0000] {virtualenv.py:181} INFO - Process 4136 running: True and has the lock /tmp/cosmos_venv_ecom_intermediate/cosmos_virtualenv.lock.
[2025-09-13T09:30:29.774+0000] {virtualenv.py:122} INFO - Waiting for virtualenv lock to be released
[2025-09-13T09:30:30.775+0000] {virtualenv.py:178} INFO - Checking for running process with PID 4136
[2025-09-13T09:30:30.776+0000] {virtualenv.py:181} INFO - Process 4136 running: True and has the lock /tmp/cosmos_venv_ecom_intermediate/cosmos_virtualenv.lock.
[2025-09-13T09:30:30.777+0000] {virtualenv.py:122} INFO - Waiting for virtualenv lock to be released
[2025-09-13T09:30:31.778+0000] {virtualenv.py:178} INFO - Checking for running process with PID 4136
[2025-09-13T09:30:31.779+0000] {virtualenv.py:181} INFO - Process 4136 running: True and has the lock /tmp/cosmos_venv_ecom_intermediate/cosmos_virtualenv.lock.
[2025-09-13T09:30:31.780+0000] {virtualenv.py:122} INFO - Waiting for virtualenv lock to be released
[2025-09-13T09:30:32.780+0000] {virtualenv.py:178} INFO - Checking for running process with PID 4136
[2025-09-13T09:30:32.782+0000] {virtualenv.py:181} INFO - Process 4136 running: True and has the lock /tmp/cosmos_venv_ecom_intermediate/cosmos_virtualenv.lock.
[2025-09-13T09:30:32.782+0000] {virtualenv.py:122} INFO - Waiting for virtualenv lock to be released
[2025-09-13T09:30:33.784+0000] {virtualenv.py:178} INFO - Checking for running process with PID 4136
[2025-09-13T09:30:33.785+0000] {virtualenv.py:181} INFO - Process 4136 running: True and has the lock /tmp/cosmos_venv_ecom_intermediate/cosmos_virtualenv.lock.
[2025-09-13T09:30:33.785+0000] {virtualenv.py:122} INFO - Waiting for virtualenv lock to be released
[2025-09-13T09:30:34.787+0000] {virtualenv.py:178} INFO - Checking for running process with PID 4136
[2025-09-13T09:30:34.788+0000] {virtualenv.py:181} INFO - Process 4136 running: True and has the lock /tmp/cosmos_venv_ecom_intermediate/cosmos_virtualenv.lock.
[2025-09-13T09:30:34.788+0000] {virtualenv.py:122} INFO - Waiting for virtualenv lock to be released
[2025-09-13T09:30:35.790+0000] {virtualenv.py:178} INFO - Checking for running process with PID 4136
[2025-09-13T09:30:35.791+0000] {virtualenv.py:181} INFO - Process 4136 running: True and has the lock /tmp/cosmos_venv_ecom_intermediate/cosmos_virtualenv.lock.
[2025-09-13T09:30:35.791+0000] {virtualenv.py:122} INFO - Waiting for virtualenv lock to be released
[2025-09-13T09:30:36.792+0000] {virtualenv.py:178} INFO - Checking for running process with PID 4136
[2025-09-13T09:30:36.793+0000] {virtualenv.py:181} INFO - Process 4136 running: True and has the lock /tmp/cosmos_venv_ecom_intermediate/cosmos_virtualenv.lock.
[2025-09-13T09:30:36.794+0000] {virtualenv.py:122} INFO - Waiting for virtualenv lock to be released
[2025-09-13T09:30:37.794+0000] {virtualenv.py:178} INFO - Checking for running process with PID 4136
[2025-09-13T09:30:37.795+0000] {virtualenv.py:181} INFO - Process 4136 running: True and has the lock /tmp/cosmos_venv_ecom_intermediate/cosmos_virtualenv.lock.
[2025-09-13T09:30:37.795+0000] {virtualenv.py:122} INFO - Waiting for virtualenv lock to be released
[2025-09-13T09:30:38.797+0000] {virtualenv.py:178} INFO - Checking for running process with PID 4137
[2025-09-13T09:30:38.798+0000] {virtualenv.py:181} INFO - Process 4137 running: True and has the lock /tmp/cosmos_venv_ecom_intermediate/cosmos_virtualenv.lock.
[2025-09-13T09:30:38.798+0000] {virtualenv.py:122} INFO - Waiting for virtualenv lock to be released
[2025-09-13T09:30:39.799+0000] {virtualenv.py:178} INFO - Checking for running process with PID 4137
[2025-09-13T09:30:39.800+0000] {virtualenv.py:181} INFO - Process 4137 running: True and has the lock /tmp/cosmos_venv_ecom_intermediate/cosmos_virtualenv.lock.
[2025-09-13T09:30:39.800+0000] {virtualenv.py:122} INFO - Waiting for virtualenv lock to be released
[2025-09-13T09:30:40.801+0000] {virtualenv.py:178} INFO - Checking for running process with PID 4137
[2025-09-13T09:30:40.802+0000] {virtualenv.py:181} INFO - Process 4137 running: True and has the lock /tmp/cosmos_venv_ecom_intermediate/cosmos_virtualenv.lock.
[2025-09-13T09:30:40.803+0000] {virtualenv.py:122} INFO - Waiting for virtualenv lock to be released
[2025-09-13T09:30:41.804+0000] {virtualenv.py:178} INFO - Checking for running process with PID 4137
[2025-09-13T09:30:41.805+0000] {virtualenv.py:181} INFO - Process 4137 running: True and has the lock /tmp/cosmos_venv_ecom_intermediate/cosmos_virtualenv.lock.
[2025-09-13T09:30:41.806+0000] {virtualenv.py:122} INFO - Waiting for virtualenv lock to be released
[2025-09-13T09:30:42.807+0000] {virtualenv.py:178} INFO - Checking for running process with PID 4137
[2025-09-13T09:30:42.807+0000] {virtualenv.py:181} INFO - Process 4137 running: True and has the lock /tmp/cosmos_venv_ecom_intermediate/cosmos_virtualenv.lock.
[2025-09-13T09:30:42.808+0000] {virtualenv.py:122} INFO - Waiting for virtualenv lock to be released
[2025-09-13T09:30:43.809+0000] {virtualenv.py:178} INFO - Checking for running process with PID 4137
[2025-09-13T09:30:43.812+0000] {virtualenv.py:181} INFO - Process 4137 running: True and has the lock /tmp/cosmos_venv_ecom_intermediate/cosmos_virtualenv.lock.
[2025-09-13T09:30:43.813+0000] {virtualenv.py:122} INFO - Waiting for virtualenv lock to be released
[2025-09-13T09:30:44.815+0000] {virtualenv.py:178} INFO - Checking for running process with PID 4137
[2025-09-13T09:30:44.816+0000] {virtualenv.py:181} INFO - Process 4137 running: True and has the lock /tmp/cosmos_venv_ecom_intermediate/cosmos_virtualenv.lock.
[2025-09-13T09:30:44.816+0000] {virtualenv.py:122} INFO - Waiting for virtualenv lock to be released
[2025-09-13T09:30:45.818+0000] {virtualenv.py:178} INFO - Checking for running process with PID 4139
[2025-09-13T09:30:45.819+0000] {virtualenv.py:181} INFO - Process 4139 running: True and has the lock /tmp/cosmos_venv_ecom_intermediate/cosmos_virtualenv.lock.
[2025-09-13T09:30:45.819+0000] {virtualenv.py:126} INFO - Acquiring the virtualenv lock
[2025-09-13T09:30:45.820+0000] {virtualenv.py:195} INFO - Acquiring lock at /tmp/cosmos_venv_ecom_intermediate/cosmos_virtualenv.lock with pid 4141
[2025-09-13T09:30:45.821+0000] {virtualenv.py:153} INFO - Creating or updating the virtualenv at `/tmp/cosmos_venv_ecom_intermediate
[2025-09-13T09:30:45.821+0000] {process_utils.py:183} INFO - Executing cmd: /home/***/.local/bin/python -m virtualenv /tmp/cosmos_venv_ecom_intermediate --python=python3
[2025-09-13T09:30:45.822+0000] {process_utils.py:187} INFO - Output:
[2025-09-13T09:30:48.908+0000] {process_utils.py:191} INFO - created virtual environment CPython3.10.14.final.0-64 in 1484ms
[2025-09-13T09:30:48.909+0000] {process_utils.py:191} INFO -   creator CPython3Posix(dest=/tmp/cosmos_venv_ecom_intermediate, clear=False, no_vcs_ignore=False, global=False)
[2025-09-13T09:30:48.910+0000] {process_utils.py:191} INFO -   seeder FromAppData(download=False, pip=bundle, setuptools=bundle, wheel=bundle, via=copy, app_data_dir=/home/***/.local/share/virtualenv)
[2025-09-13T09:30:48.912+0000] {process_utils.py:191} INFO -     added seed packages: MarkupSafe==3.0.2, PyYAML==6.0.2, agate==1.9.1, annotated_types==0.7.0, attrs==25.3.0, babel==2.17.0, certifi==2025.8.3, charset_normalizer==3.4.3, click==8.2.1, clickhouse_connect==0.8.18, clickhouse_driver==0.2.9, colorama==0.4.6, daff==1.4.2, dbt_adapters==1.16.7, dbt_clickhouse==1.9.3, dbt_common==1.30.0, dbt_core==1.10.11, dbt_extractor==0.6.0, dbt_protos==1.0.375, dbt_semantic_interfaces==0.9.0, deepdiff==8.6.1, idna==3.10, importlib_metadata==8.7.0, isodate==0.6.1, jinja2==3.1.6, jsonschema==4.25.1, jsonschema_specifications==2025.9.1, leather==0.4.0, lz4==4.4.4, mashumaro==3.14, more_itertools==10.8.0, msgpack==1.1.1, networkx==3.4.2, orderly_set==5.5.0, packaging==25.0, parsedatetime==2.6, pathspec==0.12.1, protobuf==6.32.1, pydantic==2.11.8, pydantic_core==2.33.2, python_dateutil==2.9.0.post0, python_slugify==8.0.4, pytimeparse==1.1.8, pytz==2025.2, referencing==0.36.2, requests==2.32.5, rpds_py==0.27.1, setuptools==80.9.0, six==1.17.0, snowplow_tracker==1.1.0, sqlparse==0.5.3, text_unidecode==1.3, typing_extensions==4.15.0, typing_inspection==0.4.1, tzlocal==5.3.1, urllib3==2.5.0, wheel==0.45.1, zipp==3.23.0, zstandard==0.24.0
[2025-09-13T09:30:48.914+0000] {process_utils.py:191} INFO -   activators BashActivator,CShellActivator,FishActivator,NushellActivator,PowerShellActivator,PythonActivator
[2025-09-13T09:30:49.044+0000] {process_utils.py:183} INFO - Executing cmd: /tmp/cosmos_venv_ecom_intermediate/bin/pip install dbt-clickhouse
[2025-09-13T09:30:49.046+0000] {process_utils.py:187} INFO - Output:
[2025-09-13T09:30:49.574+0000] {process_utils.py:191} INFO - Traceback (most recent call last):
[2025-09-13T09:30:49.574+0000] {process_utils.py:191} INFO -   File "/tmp/cosmos_venv_ecom_intermediate/bin/pip", line 5, in <module>
[2025-09-13T09:30:49.575+0000] {process_utils.py:191} INFO -   File "/tmp/cosmos_venv_ecom_intermediate/lib/python3.10/site-packages/pip/_internal/cli/main.py", line 11, in <module>
[2025-09-13T09:30:49.576+0000] {process_utils.py:191} INFO -   File "/tmp/cosmos_venv_ecom_intermediate/lib/python3.10/site-packages/pip/_internal/cli/autocompletion.py", line 12, in <module>
[2025-09-13T09:30:49.576+0000] {process_utils.py:191} INFO -   File "/tmp/cosmos_venv_ecom_intermediate/lib/python3.10/site-packages/pip/_internal/cli/main_parser.py", line 9, in <module>
[2025-09-13T09:30:49.577+0000] {process_utils.py:191} INFO -   File "/tmp/cosmos_venv_ecom_intermediate/lib/python3.10/site-packages/pip/_internal/build_env.py", line 19, in <module>
[2025-09-13T09:30:49.578+0000] {process_utils.py:191} INFO -   File "/tmp/cosmos_venv_ecom_intermediate/lib/python3.10/site-packages/pip/_internal/cli/spinners.py", line 11, in <module>
[2025-09-13T09:30:49.578+0000] {process_utils.py:191} INFO -   File "/tmp/cosmos_venv_ecom_intermediate/lib/python3.10/site-packages/pip/_vendor/rich/console.py", line 38, in <module>
[2025-09-13T09:30:49.579+0000] {process_utils.py:191} INFO - ModuleNotFoundError: No module named 'pip._vendor.rich._null_file'
[2025-09-13T09:30:49.590+0000] {virtualenv.py:131} INFO - Releasing virtualenv lock
[2025-09-13T09:30:49.591+0000] {virtualenv.py:210} WARNING - Lockfile owned by process of pid 4157, while operator has pid 4141
[2025-09-13T09:30:49.591+0000] {taskinstance.py:441} INFO - ::group::Post task execution logs
[2025-09-13T09:30:49.592+0000] {taskinstance.py:2905} ERROR - Task failed with exception
Traceback (most recent call last):
  File "/home/airflow/.local/lib/python3.10/site-packages/airflow/models/taskinstance.py", line 465, in _execute_task
    result = _execute_callable(context=context, **execute_callable_kwargs)
  File "/home/airflow/.local/lib/python3.10/site-packages/airflow/models/taskinstance.py", line 432, in _execute_callable
    return execute_callable(context=context, **execute_callable_kwargs)
  File "/home/airflow/.local/lib/python3.10/site-packages/airflow/models/baseoperator.py", line 401, in wrapper
    return func(self, *args, **kwargs)
  File "/home/airflow/.local/lib/python3.10/site-packages/cosmos/operators/virtualenv.py", line 144, in execute
    output = super().execute(context)
  File "/home/airflow/.local/lib/python3.10/site-packages/cosmos/operators/base.py", line 310, in execute
    self.build_and_run_cmd(context=context, cmd_flags=self.add_cmd_flags())
  File "/home/airflow/.local/lib/python3.10/site-packages/cosmos/operators/local.py", line 853, in build_and_run_cmd
    result = self.run_command(
  File "/home/airflow/.local/lib/python3.10/site-packages/cosmos/operators/virtualenv.py", line 128, in run_command
    self._py_bin = self._prepare_virtualenv()
  File "/home/airflow/.local/lib/python3.10/site-packages/cosmos/operators/virtualenv.py", line 154, in _prepare_virtualenv
    py_bin = prepare_virtualenv(
  File "/home/airflow/.local/lib/python3.10/site-packages/airflow/utils/python_virtualenv.py", line 119, in prepare_virtualenv
    execute_in_subprocess(pip_cmd)
  File "/home/airflow/.local/lib/python3.10/site-packages/airflow/utils/process_utils.py", line 172, in execute_in_subprocess
    execute_in_subprocess_with_kwargs(cmd, cwd=cwd)
  File "/home/airflow/.local/lib/python3.10/site-packages/airflow/utils/process_utils.py", line 195, in execute_in_subprocess_with_kwargs
    raise subprocess.CalledProcessError(exit_code, cmd)
subprocess.CalledProcessError: Command '['/tmp/cosmos_venv_ecom_intermediate/bin/pip', 'install', 'dbt-clickhouse']' returned non-zero exit status 1.
[2025-09-13T09:30:49.661+0000] {taskinstance.py:1206} INFO - Marking task as FAILED. dag_id=dbt_intermediate, task_id=intermediate.brands.run, run_id=scheduled__2025-09-12T00:00:00+00:00, execution_date=20250912T000000, start_date=20250913T092842, end_date=20250913T093049
[2025-09-13T09:30:49.689+0000] {standard_task_runner.py:110} ERROR - Failed to execute job 148 for task intermediate.brands.run (Command '['/tmp/cosmos_venv_ecom_intermediate/bin/pip', 'install', 'dbt-clickhouse']' returned non-zero exit status 1.; 4141)
[2025-09-13T09:30:49.740+0000] {local_task_job_runner.py:243} INFO - Task exited with return code 1
[2025-09-13T09:30:49.838+0000] {local_task_job_runner.py:222} INFO - ::endgroup::
