[2025-09-14T12:48:12.698+0000] {local_task_job_runner.py:120} INFO - ::group::Pre task execution logs
[2025-09-14T12:48:14.895+0000] {taskinstance.py:2076} INFO - Dependencies all met for dep_context=non-requeueable deps ti=<TaskInstance: dbt_marts.marts.fct_customer_activity.run manual__2025-09-14T12:48:04.032802+00:00 [queued]>
[2025-09-14T12:48:14.928+0000] {taskinstance.py:2076} INFO - Dependencies all met for dep_context=requeueable deps ti=<TaskInstance: dbt_marts.marts.fct_customer_activity.run manual__2025-09-14T12:48:04.032802+00:00 [queued]>
[2025-09-14T12:48:14.931+0000] {taskinstance.py:2306} INFO - Starting attempt 1 of 1
[2025-09-14T12:48:15.223+0000] {taskinstance.py:2330} INFO - Executing <Task(DbtRunVirtualenvOperator): marts.fct_customer_activity.run> on 2025-09-14 12:48:04.032802+00:00
[2025-09-14T12:48:15.269+0000] {standard_task_runner.py:64} INFO - Started process 1215 to run task
[2025-09-14T12:48:15.281+0000] {standard_task_runner.py:90} INFO - Running: ['***', 'tasks', 'run', 'dbt_marts', 'marts.fct_customer_activity.run', 'manual__2025-09-14T12:48:04.032802+00:00', '--job-id', '290', '--raw', '--subdir', 'DAGS_FOLDER/dbt_marts.py', '--cfg-path', '/tmp/tmp0ftg5npz']
[2025-09-14T12:48:15.288+0000] {standard_task_runner.py:91} INFO - Job 290: Subtask marts.fct_customer_activity.run
[2025-09-14T12:48:16.933+0000] {task_command.py:426} INFO - Running <TaskInstance: dbt_marts.marts.fct_customer_activity.run manual__2025-09-14T12:48:04.032802+00:00 [running]> on host e95bde6b8d07
[2025-09-14T12:48:18.850+0000] {taskinstance.py:2648} INFO - Exporting env vars: AIRFLOW_CTX_DAG_OWNER='***' AIRFLOW_CTX_DAG_ID='dbt_marts' AIRFLOW_CTX_TASK_ID='marts.fct_customer_activity.run' AIRFLOW_CTX_EXECUTION_DATE='2025-09-14T12:48:04.032802+00:00' AIRFLOW_CTX_TRY_NUMBER='1' AIRFLOW_CTX_DAG_RUN_ID='manual__2025-09-14T12:48:04.032802+00:00'
[2025-09-14T12:48:18.854+0000] {taskinstance.py:430} INFO - ::endgroup::
[2025-09-14T12:48:18.895+0000] {virtualenv.py:120} INFO - Checking if the virtualenv lock /tmp/cosmos_venv_ecom_marts/cosmos_virtualenv.lock exists
[2025-09-14T12:48:18.896+0000] {virtualenv.py:178} INFO - Checking for running process with PID 1198
[2025-09-14T12:48:18.897+0000] {virtualenv.py:181} INFO - Process 1198 running: True and has the lock /tmp/cosmos_venv_ecom_marts/cosmos_virtualenv.lock.
[2025-09-14T12:48:18.897+0000] {virtualenv.py:122} INFO - Waiting for virtualenv lock to be released
[2025-09-14T12:48:19.899+0000] {virtualenv.py:178} INFO - Checking for running process with PID 1198
[2025-09-14T12:48:19.900+0000] {virtualenv.py:181} INFO - Process 1198 running: True and has the lock /tmp/cosmos_venv_ecom_marts/cosmos_virtualenv.lock.
[2025-09-14T12:48:19.900+0000] {virtualenv.py:122} INFO - Waiting for virtualenv lock to be released
[2025-09-14T12:48:20.901+0000] {virtualenv.py:178} INFO - Checking for running process with PID 1198
[2025-09-14T12:48:20.903+0000] {virtualenv.py:181} INFO - Process 1198 running: True and has the lock /tmp/cosmos_venv_ecom_marts/cosmos_virtualenv.lock.
[2025-09-14T12:48:20.904+0000] {virtualenv.py:122} INFO - Waiting for virtualenv lock to be released
[2025-09-14T12:48:21.903+0000] {virtualenv.py:178} INFO - Checking for running process with PID 1198
[2025-09-14T12:48:21.904+0000] {virtualenv.py:181} INFO - Process 1198 running: True and has the lock /tmp/cosmos_venv_ecom_marts/cosmos_virtualenv.lock.
[2025-09-14T12:48:21.904+0000] {virtualenv.py:122} INFO - Waiting for virtualenv lock to be released
[2025-09-14T12:48:22.905+0000] {virtualenv.py:178} INFO - Checking for running process with PID 1198
[2025-09-14T12:48:22.906+0000] {virtualenv.py:181} INFO - Process 1198 running: True and has the lock /tmp/cosmos_venv_ecom_marts/cosmos_virtualenv.lock.
[2025-09-14T12:48:22.907+0000] {virtualenv.py:122} INFO - Waiting for virtualenv lock to be released
[2025-09-14T12:48:23.909+0000] {virtualenv.py:178} INFO - Checking for running process with PID 1198
[2025-09-14T12:48:23.910+0000] {virtualenv.py:181} INFO - Process 1198 running: True and has the lock /tmp/cosmos_venv_ecom_marts/cosmos_virtualenv.lock.
[2025-09-14T12:48:23.910+0000] {virtualenv.py:122} INFO - Waiting for virtualenv lock to be released
[2025-09-14T12:48:24.912+0000] {virtualenv.py:178} INFO - Checking for running process with PID 1198
[2025-09-14T12:48:24.914+0000] {virtualenv.py:181} INFO - Process 1198 running: True and has the lock /tmp/cosmos_venv_ecom_marts/cosmos_virtualenv.lock.
[2025-09-14T12:48:24.915+0000] {virtualenv.py:122} INFO - Waiting for virtualenv lock to be released
[2025-09-14T12:48:25.916+0000] {virtualenv.py:178} INFO - Checking for running process with PID 1198
[2025-09-14T12:48:25.921+0000] {virtualenv.py:181} INFO - Process 1198 running: True and has the lock /tmp/cosmos_venv_ecom_marts/cosmos_virtualenv.lock.
[2025-09-14T12:48:25.923+0000] {virtualenv.py:122} INFO - Waiting for virtualenv lock to be released
[2025-09-14T12:48:26.925+0000] {virtualenv.py:178} INFO - Checking for running process with PID 1198
[2025-09-14T12:48:26.926+0000] {virtualenv.py:181} INFO - Process 1198 running: True and has the lock /tmp/cosmos_venv_ecom_marts/cosmos_virtualenv.lock.
[2025-09-14T12:48:26.926+0000] {virtualenv.py:122} INFO - Waiting for virtualenv lock to be released
[2025-09-14T12:48:27.928+0000] {virtualenv.py:178} INFO - Checking for running process with PID 1198
[2025-09-14T12:48:27.929+0000] {virtualenv.py:181} INFO - Process 1198 running: True and has the lock /tmp/cosmos_venv_ecom_marts/cosmos_virtualenv.lock.
[2025-09-14T12:48:27.931+0000] {virtualenv.py:122} INFO - Waiting for virtualenv lock to be released
[2025-09-14T12:48:28.933+0000] {virtualenv.py:178} INFO - Checking for running process with PID 1198
[2025-09-14T12:48:28.933+0000] {virtualenv.py:181} INFO - Process 1198 running: True and has the lock /tmp/cosmos_venv_ecom_marts/cosmos_virtualenv.lock.
[2025-09-14T12:48:28.934+0000] {virtualenv.py:122} INFO - Waiting for virtualenv lock to be released
[2025-09-14T12:48:29.936+0000] {virtualenv.py:178} INFO - Checking for running process with PID 1198
[2025-09-14T12:48:29.937+0000] {virtualenv.py:181} INFO - Process 1198 running: True and has the lock /tmp/cosmos_venv_ecom_marts/cosmos_virtualenv.lock.
[2025-09-14T12:48:29.938+0000] {virtualenv.py:122} INFO - Waiting for virtualenv lock to be released
[2025-09-14T12:48:30.940+0000] {virtualenv.py:178} INFO - Checking for running process with PID 1198
[2025-09-14T12:48:30.941+0000] {virtualenv.py:181} INFO - Process 1198 running: True and has the lock /tmp/cosmos_venv_ecom_marts/cosmos_virtualenv.lock.
[2025-09-14T12:48:30.941+0000] {virtualenv.py:122} INFO - Waiting for virtualenv lock to be released
[2025-09-14T12:48:31.943+0000] {virtualenv.py:178} INFO - Checking for running process with PID 1198
[2025-09-14T12:48:31.944+0000] {virtualenv.py:181} INFO - Process 1198 running: True and has the lock /tmp/cosmos_venv_ecom_marts/cosmos_virtualenv.lock.
[2025-09-14T12:48:31.945+0000] {virtualenv.py:122} INFO - Waiting for virtualenv lock to be released
[2025-09-14T12:48:32.947+0000] {virtualenv.py:178} INFO - Checking for running process with PID 1198
[2025-09-14T12:48:32.948+0000] {virtualenv.py:181} INFO - Process 1198 running: True and has the lock /tmp/cosmos_venv_ecom_marts/cosmos_virtualenv.lock.
[2025-09-14T12:48:32.949+0000] {virtualenv.py:122} INFO - Waiting for virtualenv lock to be released
[2025-09-14T12:48:33.951+0000] {virtualenv.py:178} INFO - Checking for running process with PID 1198
[2025-09-14T12:48:33.952+0000] {virtualenv.py:181} INFO - Process 1198 running: True and has the lock /tmp/cosmos_venv_ecom_marts/cosmos_virtualenv.lock.
[2025-09-14T12:48:33.952+0000] {virtualenv.py:122} INFO - Waiting for virtualenv lock to be released
[2025-09-14T12:48:34.954+0000] {virtualenv.py:178} INFO - Checking for running process with PID 1198
[2025-09-14T12:48:34.954+0000] {virtualenv.py:181} INFO - Process 1198 running: True and has the lock /tmp/cosmos_venv_ecom_marts/cosmos_virtualenv.lock.
[2025-09-14T12:48:34.955+0000] {virtualenv.py:122} INFO - Waiting for virtualenv lock to be released
[2025-09-14T12:48:35.957+0000] {virtualenv.py:178} INFO - Checking for running process with PID 1198
[2025-09-14T12:48:35.958+0000] {virtualenv.py:181} INFO - Process 1198 running: True and has the lock /tmp/cosmos_venv_ecom_marts/cosmos_virtualenv.lock.
[2025-09-14T12:48:35.958+0000] {virtualenv.py:122} INFO - Waiting for virtualenv lock to be released
[2025-09-14T12:48:36.959+0000] {virtualenv.py:178} INFO - Checking for running process with PID 1198
[2025-09-14T12:48:36.960+0000] {virtualenv.py:181} INFO - Process 1198 running: True and has the lock /tmp/cosmos_venv_ecom_marts/cosmos_virtualenv.lock.
[2025-09-14T12:48:36.961+0000] {virtualenv.py:122} INFO - Waiting for virtualenv lock to be released
[2025-09-14T12:48:37.962+0000] {virtualenv.py:178} INFO - Checking for running process with PID 1198
[2025-09-14T12:48:37.963+0000] {virtualenv.py:181} INFO - Process 1198 running: True and has the lock /tmp/cosmos_venv_ecom_marts/cosmos_virtualenv.lock.
[2025-09-14T12:48:37.964+0000] {virtualenv.py:122} INFO - Waiting for virtualenv lock to be released
[2025-09-14T12:48:38.965+0000] {virtualenv.py:178} INFO - Checking for running process with PID 1198
[2025-09-14T12:48:38.966+0000] {virtualenv.py:181} INFO - Process 1198 running: True and has the lock /tmp/cosmos_venv_ecom_marts/cosmos_virtualenv.lock.
[2025-09-14T12:48:38.966+0000] {virtualenv.py:122} INFO - Waiting for virtualenv lock to be released
[2025-09-14T12:48:39.968+0000] {virtualenv.py:178} INFO - Checking for running process with PID 1198
[2025-09-14T12:48:39.969+0000] {virtualenv.py:181} INFO - Process 1198 running: True and has the lock /tmp/cosmos_venv_ecom_marts/cosmos_virtualenv.lock.
[2025-09-14T12:48:39.970+0000] {virtualenv.py:122} INFO - Waiting for virtualenv lock to be released
[2025-09-14T12:48:40.971+0000] {virtualenv.py:178} INFO - Checking for running process with PID 1198
[2025-09-14T12:48:40.972+0000] {virtualenv.py:181} INFO - Process 1198 running: True and has the lock /tmp/cosmos_venv_ecom_marts/cosmos_virtualenv.lock.
[2025-09-14T12:48:40.972+0000] {virtualenv.py:122} INFO - Waiting for virtualenv lock to be released
[2025-09-14T12:48:41.975+0000] {virtualenv.py:178} INFO - Checking for running process with PID 1198
[2025-09-14T12:48:41.976+0000] {virtualenv.py:181} INFO - Process 1198 running: True and has the lock /tmp/cosmos_venv_ecom_marts/cosmos_virtualenv.lock.
[2025-09-14T12:48:41.977+0000] {virtualenv.py:122} INFO - Waiting for virtualenv lock to be released
[2025-09-14T12:48:42.979+0000] {virtualenv.py:178} INFO - Checking for running process with PID 1198
[2025-09-14T12:48:42.979+0000] {virtualenv.py:181} INFO - Process 1198 running: True and has the lock /tmp/cosmos_venv_ecom_marts/cosmos_virtualenv.lock.
[2025-09-14T12:48:42.980+0000] {virtualenv.py:122} INFO - Waiting for virtualenv lock to be released
[2025-09-14T12:48:43.981+0000] {virtualenv.py:178} INFO - Checking for running process with PID 1198
[2025-09-14T12:48:43.982+0000] {virtualenv.py:181} INFO - Process 1198 running: True and has the lock /tmp/cosmos_venv_ecom_marts/cosmos_virtualenv.lock.
[2025-09-14T12:48:43.982+0000] {virtualenv.py:122} INFO - Waiting for virtualenv lock to be released
[2025-09-14T12:48:44.983+0000] {virtualenv.py:178} INFO - Checking for running process with PID 1198
[2025-09-14T12:48:44.984+0000] {virtualenv.py:181} INFO - Process 1198 running: True and has the lock /tmp/cosmos_venv_ecom_marts/cosmos_virtualenv.lock.
[2025-09-14T12:48:44.985+0000] {virtualenv.py:122} INFO - Waiting for virtualenv lock to be released
[2025-09-14T12:48:45.985+0000] {virtualenv.py:178} INFO - Checking for running process with PID 1198
[2025-09-14T12:48:45.986+0000] {virtualenv.py:181} INFO - Process 1198 running: True and has the lock /tmp/cosmos_venv_ecom_marts/cosmos_virtualenv.lock.
[2025-09-14T12:48:45.987+0000] {virtualenv.py:122} INFO - Waiting for virtualenv lock to be released
[2025-09-14T12:48:46.988+0000] {virtualenv.py:178} INFO - Checking for running process with PID 1198
[2025-09-14T12:48:46.989+0000] {virtualenv.py:181} INFO - Process 1198 running: True and has the lock /tmp/cosmos_venv_ecom_marts/cosmos_virtualenv.lock.
[2025-09-14T12:48:46.989+0000] {virtualenv.py:122} INFO - Waiting for virtualenv lock to be released
[2025-09-14T12:48:47.991+0000] {virtualenv.py:178} INFO - Checking for running process with PID 1198
[2025-09-14T12:48:47.991+0000] {virtualenv.py:181} INFO - Process 1198 running: True and has the lock /tmp/cosmos_venv_ecom_marts/cosmos_virtualenv.lock.
[2025-09-14T12:48:47.992+0000] {virtualenv.py:122} INFO - Waiting for virtualenv lock to be released
[2025-09-14T12:48:48.993+0000] {virtualenv.py:178} INFO - Checking for running process with PID 1198
[2025-09-14T12:48:48.994+0000] {virtualenv.py:181} INFO - Process 1198 running: True and has the lock /tmp/cosmos_venv_ecom_marts/cosmos_virtualenv.lock.
[2025-09-14T12:48:48.995+0000] {virtualenv.py:122} INFO - Waiting for virtualenv lock to be released
[2025-09-14T12:48:49.996+0000] {virtualenv.py:178} INFO - Checking for running process with PID 1198
[2025-09-14T12:48:49.997+0000] {virtualenv.py:181} INFO - Process 1198 running: True and has the lock /tmp/cosmos_venv_ecom_marts/cosmos_virtualenv.lock.
[2025-09-14T12:48:49.998+0000] {virtualenv.py:122} INFO - Waiting for virtualenv lock to be released
[2025-09-14T12:48:51.000+0000] {virtualenv.py:178} INFO - Checking for running process with PID 1198
[2025-09-14T12:48:51.002+0000] {virtualenv.py:181} INFO - Process 1198 running: True and has the lock /tmp/cosmos_venv_ecom_marts/cosmos_virtualenv.lock.
[2025-09-14T12:48:51.003+0000] {virtualenv.py:122} INFO - Waiting for virtualenv lock to be released
[2025-09-14T12:48:52.003+0000] {virtualenv.py:178} INFO - Checking for running process with PID 1198
[2025-09-14T12:48:52.004+0000] {virtualenv.py:181} INFO - Process 1198 running: True and has the lock /tmp/cosmos_venv_ecom_marts/cosmos_virtualenv.lock.
[2025-09-14T12:48:52.005+0000] {virtualenv.py:122} INFO - Waiting for virtualenv lock to be released
[2025-09-14T12:48:53.006+0000] {virtualenv.py:178} INFO - Checking for running process with PID 1198
[2025-09-14T12:48:53.007+0000] {virtualenv.py:181} INFO - Process 1198 running: True and has the lock /tmp/cosmos_venv_ecom_marts/cosmos_virtualenv.lock.
[2025-09-14T12:48:53.008+0000] {virtualenv.py:122} INFO - Waiting for virtualenv lock to be released
[2025-09-14T12:48:54.009+0000] {virtualenv.py:178} INFO - Checking for running process with PID 1198
[2025-09-14T12:48:54.010+0000] {virtualenv.py:181} INFO - Process 1198 running: True and has the lock /tmp/cosmos_venv_ecom_marts/cosmos_virtualenv.lock.
[2025-09-14T12:48:54.011+0000] {virtualenv.py:122} INFO - Waiting for virtualenv lock to be released
[2025-09-14T12:48:55.013+0000] {virtualenv.py:178} INFO - Checking for running process with PID 1203
[2025-09-14T12:48:55.013+0000] {virtualenv.py:181} INFO - Process 1203 running: True and has the lock /tmp/cosmos_venv_ecom_marts/cosmos_virtualenv.lock.
[2025-09-14T12:48:55.014+0000] {virtualenv.py:122} INFO - Waiting for virtualenv lock to be released
[2025-09-14T12:48:56.016+0000] {virtualenv.py:178} INFO - Checking for running process with PID 1203
[2025-09-14T12:48:56.018+0000] {virtualenv.py:181} INFO - Process 1203 running: True and has the lock /tmp/cosmos_venv_ecom_marts/cosmos_virtualenv.lock.
[2025-09-14T12:48:56.019+0000] {virtualenv.py:122} INFO - Waiting for virtualenv lock to be released
[2025-09-14T12:48:57.021+0000] {virtualenv.py:178} INFO - Checking for running process with PID 1203
[2025-09-14T12:48:57.022+0000] {virtualenv.py:181} INFO - Process 1203 running: True and has the lock /tmp/cosmos_venv_ecom_marts/cosmos_virtualenv.lock.
[2025-09-14T12:48:57.022+0000] {virtualenv.py:122} INFO - Waiting for virtualenv lock to be released
[2025-09-14T12:48:58.023+0000] {virtualenv.py:178} INFO - Checking for running process with PID 1203
[2025-09-14T12:48:58.024+0000] {virtualenv.py:181} INFO - Process 1203 running: True and has the lock /tmp/cosmos_venv_ecom_marts/cosmos_virtualenv.lock.
[2025-09-14T12:48:58.024+0000] {virtualenv.py:122} INFO - Waiting for virtualenv lock to be released
[2025-09-14T12:48:59.025+0000] {virtualenv.py:178} INFO - Checking for running process with PID 1203
[2025-09-14T12:48:59.026+0000] {virtualenv.py:181} INFO - Process 1203 running: True and has the lock /tmp/cosmos_venv_ecom_marts/cosmos_virtualenv.lock.
[2025-09-14T12:48:59.026+0000] {virtualenv.py:122} INFO - Waiting for virtualenv lock to be released
[2025-09-14T12:49:00.028+0000] {virtualenv.py:178} INFO - Checking for running process with PID 1203
[2025-09-14T12:49:00.029+0000] {virtualenv.py:181} INFO - Process 1203 running: True and has the lock /tmp/cosmos_venv_ecom_marts/cosmos_virtualenv.lock.
[2025-09-14T12:49:00.029+0000] {virtualenv.py:122} INFO - Waiting for virtualenv lock to be released
[2025-09-14T12:49:01.030+0000] {virtualenv.py:178} INFO - Checking for running process with PID 1203
[2025-09-14T12:49:01.031+0000] {virtualenv.py:181} INFO - Process 1203 running: True and has the lock /tmp/cosmos_venv_ecom_marts/cosmos_virtualenv.lock.
[2025-09-14T12:49:01.032+0000] {virtualenv.py:122} INFO - Waiting for virtualenv lock to be released
[2025-09-14T12:49:02.034+0000] {virtualenv.py:178} INFO - Checking for running process with PID 1203
[2025-09-14T12:49:02.035+0000] {virtualenv.py:181} INFO - Process 1203 running: True and has the lock /tmp/cosmos_venv_ecom_marts/cosmos_virtualenv.lock.
[2025-09-14T12:49:02.035+0000] {virtualenv.py:122} INFO - Waiting for virtualenv lock to be released
[2025-09-14T12:49:03.037+0000] {virtualenv.py:178} INFO - Checking for running process with PID 1203
[2025-09-14T12:49:03.038+0000] {virtualenv.py:181} INFO - Process 1203 running: True and has the lock /tmp/cosmos_venv_ecom_marts/cosmos_virtualenv.lock.
[2025-09-14T12:49:03.038+0000] {virtualenv.py:122} INFO - Waiting for virtualenv lock to be released
[2025-09-14T12:49:04.040+0000] {virtualenv.py:178} INFO - Checking for running process with PID 1203
[2025-09-14T12:49:04.041+0000] {virtualenv.py:181} INFO - Process 1203 running: True and has the lock /tmp/cosmos_venv_ecom_marts/cosmos_virtualenv.lock.
[2025-09-14T12:49:04.041+0000] {virtualenv.py:122} INFO - Waiting for virtualenv lock to be released
[2025-09-14T12:49:05.043+0000] {virtualenv.py:178} INFO - Checking for running process with PID 1203
[2025-09-14T12:49:05.044+0000] {virtualenv.py:181} INFO - Process 1203 running: True and has the lock /tmp/cosmos_venv_ecom_marts/cosmos_virtualenv.lock.
[2025-09-14T12:49:05.044+0000] {virtualenv.py:122} INFO - Waiting for virtualenv lock to be released
[2025-09-14T12:49:06.046+0000] {virtualenv.py:178} INFO - Checking for running process with PID 1203
[2025-09-14T12:49:06.047+0000] {virtualenv.py:181} INFO - Process 1203 running: True and has the lock /tmp/cosmos_venv_ecom_marts/cosmos_virtualenv.lock.
[2025-09-14T12:49:06.047+0000] {virtualenv.py:122} INFO - Waiting for virtualenv lock to be released
[2025-09-14T12:49:07.049+0000] {virtualenv.py:178} INFO - Checking for running process with PID 1203
[2025-09-14T12:49:07.051+0000] {virtualenv.py:181} INFO - Process 1203 running: True and has the lock /tmp/cosmos_venv_ecom_marts/cosmos_virtualenv.lock.
[2025-09-14T12:49:07.052+0000] {virtualenv.py:122} INFO - Waiting for virtualenv lock to be released
[2025-09-14T12:49:08.054+0000] {virtualenv.py:178} INFO - Checking for running process with PID 1203
[2025-09-14T12:49:08.055+0000] {virtualenv.py:181} INFO - Process 1203 running: True and has the lock /tmp/cosmos_venv_ecom_marts/cosmos_virtualenv.lock.
[2025-09-14T12:49:08.055+0000] {virtualenv.py:122} INFO - Waiting for virtualenv lock to be released
[2025-09-14T12:49:09.057+0000] {virtualenv.py:178} INFO - Checking for running process with PID 1203
[2025-09-14T12:49:09.058+0000] {virtualenv.py:181} INFO - Process 1203 running: True and has the lock /tmp/cosmos_venv_ecom_marts/cosmos_virtualenv.lock.
[2025-09-14T12:49:09.058+0000] {virtualenv.py:122} INFO - Waiting for virtualenv lock to be released
[2025-09-14T12:49:10.060+0000] {virtualenv.py:178} INFO - Checking for running process with PID 1203
[2025-09-14T12:49:10.061+0000] {virtualenv.py:181} INFO - Process 1203 running: True and has the lock /tmp/cosmos_venv_ecom_marts/cosmos_virtualenv.lock.
[2025-09-14T12:49:10.061+0000] {virtualenv.py:122} INFO - Waiting for virtualenv lock to be released
[2025-09-14T12:49:11.062+0000] {virtualenv.py:178} INFO - Checking for running process with PID 1203
[2025-09-14T12:49:11.063+0000] {virtualenv.py:181} INFO - Process 1203 running: True and has the lock /tmp/cosmos_venv_ecom_marts/cosmos_virtualenv.lock.
[2025-09-14T12:49:11.064+0000] {virtualenv.py:122} INFO - Waiting for virtualenv lock to be released
[2025-09-14T12:49:12.066+0000] {virtualenv.py:178} INFO - Checking for running process with PID 1203
[2025-09-14T12:49:12.068+0000] {virtualenv.py:181} INFO - Process 1203 running: True and has the lock /tmp/cosmos_venv_ecom_marts/cosmos_virtualenv.lock.
[2025-09-14T12:49:12.068+0000] {virtualenv.py:122} INFO - Waiting for virtualenv lock to be released
[2025-09-14T12:49:13.069+0000] {virtualenv.py:178} INFO - Checking for running process with PID 1199
[2025-09-14T12:49:13.070+0000] {virtualenv.py:181} INFO - Process 1199 running: True and has the lock /tmp/cosmos_venv_ecom_marts/cosmos_virtualenv.lock.
[2025-09-14T12:49:13.070+0000] {virtualenv.py:122} INFO - Waiting for virtualenv lock to be released
[2025-09-14T12:49:14.071+0000] {virtualenv.py:178} INFO - Checking for running process with PID 1199
[2025-09-14T12:49:14.073+0000] {virtualenv.py:181} INFO - Process 1199 running: True and has the lock /tmp/cosmos_venv_ecom_marts/cosmos_virtualenv.lock.
[2025-09-14T12:49:14.074+0000] {virtualenv.py:122} INFO - Waiting for virtualenv lock to be released
[2025-09-14T12:49:15.076+0000] {virtualenv.py:178} INFO - Checking for running process with PID 1199
[2025-09-14T12:49:15.077+0000] {virtualenv.py:181} INFO - Process 1199 running: True and has the lock /tmp/cosmos_venv_ecom_marts/cosmos_virtualenv.lock.
[2025-09-14T12:49:15.077+0000] {virtualenv.py:122} INFO - Waiting for virtualenv lock to be released
[2025-09-14T12:49:16.078+0000] {virtualenv.py:178} INFO - Checking for running process with PID 1199
[2025-09-14T12:49:16.079+0000] {virtualenv.py:181} INFO - Process 1199 running: True and has the lock /tmp/cosmos_venv_ecom_marts/cosmos_virtualenv.lock.
[2025-09-14T12:49:16.080+0000] {virtualenv.py:122} INFO - Waiting for virtualenv lock to be released
[2025-09-14T12:49:17.081+0000] {virtualenv.py:178} INFO - Checking for running process with PID 1199
[2025-09-14T12:49:17.082+0000] {virtualenv.py:181} INFO - Process 1199 running: True and has the lock /tmp/cosmos_venv_ecom_marts/cosmos_virtualenv.lock.
[2025-09-14T12:49:17.082+0000] {virtualenv.py:122} INFO - Waiting for virtualenv lock to be released
[2025-09-14T12:49:18.084+0000] {virtualenv.py:178} INFO - Checking for running process with PID 1199
[2025-09-14T12:49:18.085+0000] {virtualenv.py:181} INFO - Process 1199 running: True and has the lock /tmp/cosmos_venv_ecom_marts/cosmos_virtualenv.lock.
[2025-09-14T12:49:18.085+0000] {virtualenv.py:122} INFO - Waiting for virtualenv lock to be released
[2025-09-14T12:49:19.086+0000] {virtualenv.py:178} INFO - Checking for running process with PID 1199
[2025-09-14T12:49:19.087+0000] {virtualenv.py:181} INFO - Process 1199 running: True and has the lock /tmp/cosmos_venv_ecom_marts/cosmos_virtualenv.lock.
[2025-09-14T12:49:19.088+0000] {virtualenv.py:122} INFO - Waiting for virtualenv lock to be released
[2025-09-14T12:49:20.089+0000] {virtualenv.py:178} INFO - Checking for running process with PID 1199
[2025-09-14T12:49:20.090+0000] {virtualenv.py:181} INFO - Process 1199 running: True and has the lock /tmp/cosmos_venv_ecom_marts/cosmos_virtualenv.lock.
[2025-09-14T12:49:20.091+0000] {virtualenv.py:122} INFO - Waiting for virtualenv lock to be released
[2025-09-14T12:49:21.090+0000] {virtualenv.py:178} INFO - Checking for running process with PID 1199
[2025-09-14T12:49:21.091+0000] {virtualenv.py:181} INFO - Process 1199 running: True and has the lock /tmp/cosmos_venv_ecom_marts/cosmos_virtualenv.lock.
[2025-09-14T12:49:21.092+0000] {virtualenv.py:122} INFO - Waiting for virtualenv lock to be released
[2025-09-14T12:49:22.094+0000] {virtualenv.py:178} INFO - Checking for running process with PID 1199
[2025-09-14T12:49:22.095+0000] {virtualenv.py:181} INFO - Process 1199 running: True and has the lock /tmp/cosmos_venv_ecom_marts/cosmos_virtualenv.lock.
[2025-09-14T12:49:22.096+0000] {virtualenv.py:122} INFO - Waiting for virtualenv lock to be released
[2025-09-14T12:49:23.097+0000] {virtualenv.py:178} INFO - Checking for running process with PID 1199
[2025-09-14T12:49:23.098+0000] {virtualenv.py:181} INFO - Process 1199 running: True and has the lock /tmp/cosmos_venv_ecom_marts/cosmos_virtualenv.lock.
[2025-09-14T12:49:23.099+0000] {virtualenv.py:122} INFO - Waiting for virtualenv lock to be released
[2025-09-14T12:49:24.100+0000] {virtualenv.py:178} INFO - Checking for running process with PID 1199
[2025-09-14T12:49:24.101+0000] {virtualenv.py:181} INFO - Process 1199 running: True and has the lock /tmp/cosmos_venv_ecom_marts/cosmos_virtualenv.lock.
[2025-09-14T12:49:24.102+0000] {virtualenv.py:122} INFO - Waiting for virtualenv lock to be released
[2025-09-14T12:49:25.103+0000] {virtualenv.py:178} INFO - Checking for running process with PID 1199
[2025-09-14T12:49:25.105+0000] {virtualenv.py:181} INFO - Process 1199 running: True and has the lock /tmp/cosmos_venv_ecom_marts/cosmos_virtualenv.lock.
[2025-09-14T12:49:25.105+0000] {virtualenv.py:122} INFO - Waiting for virtualenv lock to be released
[2025-09-14T12:49:26.107+0000] {virtualenv.py:178} INFO - Checking for running process with PID 1199
[2025-09-14T12:49:26.107+0000] {virtualenv.py:181} INFO - Process 1199 running: True and has the lock /tmp/cosmos_venv_ecom_marts/cosmos_virtualenv.lock.
[2025-09-14T12:49:26.108+0000] {virtualenv.py:122} INFO - Waiting for virtualenv lock to be released
[2025-09-14T12:49:27.110+0000] {virtualenv.py:178} INFO - Checking for running process with PID 1199
[2025-09-14T12:49:27.110+0000] {virtualenv.py:181} INFO - Process 1199 running: True and has the lock /tmp/cosmos_venv_ecom_marts/cosmos_virtualenv.lock.
[2025-09-14T12:49:27.111+0000] {virtualenv.py:122} INFO - Waiting for virtualenv lock to be released
[2025-09-14T12:49:28.112+0000] {virtualenv.py:178} INFO - Checking for running process with PID 1199
[2025-09-14T12:49:28.113+0000] {virtualenv.py:181} INFO - Process 1199 running: True and has the lock /tmp/cosmos_venv_ecom_marts/cosmos_virtualenv.lock.
[2025-09-14T12:49:28.114+0000] {virtualenv.py:122} INFO - Waiting for virtualenv lock to be released
[2025-09-14T12:49:29.116+0000] {virtualenv.py:178} INFO - Checking for running process with PID 1199
[2025-09-14T12:49:29.116+0000] {virtualenv.py:181} INFO - Process 1199 running: True and has the lock /tmp/cosmos_venv_ecom_marts/cosmos_virtualenv.lock.
[2025-09-14T12:49:29.117+0000] {virtualenv.py:122} INFO - Waiting for virtualenv lock to be released
[2025-09-14T12:49:30.118+0000] {virtualenv.py:178} INFO - Checking for running process with PID 1199
[2025-09-14T12:49:30.119+0000] {virtualenv.py:181} INFO - Process 1199 running: True and has the lock /tmp/cosmos_venv_ecom_marts/cosmos_virtualenv.lock.
[2025-09-14T12:49:30.119+0000] {virtualenv.py:122} INFO - Waiting for virtualenv lock to be released
[2025-09-14T12:49:31.120+0000] {virtualenv.py:178} INFO - Checking for running process with PID 1199
[2025-09-14T12:49:31.121+0000] {virtualenv.py:181} INFO - Process 1199 running: True and has the lock /tmp/cosmos_venv_ecom_marts/cosmos_virtualenv.lock.
[2025-09-14T12:49:31.122+0000] {virtualenv.py:122} INFO - Waiting for virtualenv lock to be released
[2025-09-14T12:49:32.123+0000] {virtualenv.py:178} INFO - Checking for running process with PID 1199
[2025-09-14T12:49:32.124+0000] {virtualenv.py:181} INFO - Process 1199 running: True and has the lock /tmp/cosmos_venv_ecom_marts/cosmos_virtualenv.lock.
[2025-09-14T12:49:32.125+0000] {virtualenv.py:122} INFO - Waiting for virtualenv lock to be released
[2025-09-14T12:49:33.127+0000] {virtualenv.py:178} INFO - Checking for running process with PID 1199
[2025-09-14T12:49:33.128+0000] {virtualenv.py:181} INFO - Process 1199 running: True and has the lock /tmp/cosmos_venv_ecom_marts/cosmos_virtualenv.lock.
[2025-09-14T12:49:33.128+0000] {virtualenv.py:122} INFO - Waiting for virtualenv lock to be released
[2025-09-14T12:49:34.130+0000] {virtualenv.py:178} INFO - Checking for running process with PID 1199
[2025-09-14T12:49:34.131+0000] {virtualenv.py:181} INFO - Process 1199 running: True and has the lock /tmp/cosmos_venv_ecom_marts/cosmos_virtualenv.lock.
[2025-09-14T12:49:34.131+0000] {virtualenv.py:122} INFO - Waiting for virtualenv lock to be released
[2025-09-14T12:49:35.132+0000] {virtualenv.py:178} INFO - Checking for running process with PID 1199
[2025-09-14T12:49:35.133+0000] {virtualenv.py:181} INFO - Process 1199 running: True and has the lock /tmp/cosmos_venv_ecom_marts/cosmos_virtualenv.lock.
[2025-09-14T12:49:35.133+0000] {virtualenv.py:122} INFO - Waiting for virtualenv lock to be released
[2025-09-14T12:49:36.135+0000] {virtualenv.py:178} INFO - Checking for running process with PID 1199
[2025-09-14T12:49:36.136+0000] {virtualenv.py:181} INFO - Process 1199 running: True and has the lock /tmp/cosmos_venv_ecom_marts/cosmos_virtualenv.lock.
[2025-09-14T12:49:36.136+0000] {virtualenv.py:122} INFO - Waiting for virtualenv lock to be released
[2025-09-14T12:49:37.138+0000] {virtualenv.py:178} INFO - Checking for running process with PID 1199
[2025-09-14T12:49:37.138+0000] {virtualenv.py:181} INFO - Process 1199 running: True and has the lock /tmp/cosmos_venv_ecom_marts/cosmos_virtualenv.lock.
[2025-09-14T12:49:37.139+0000] {virtualenv.py:122} INFO - Waiting for virtualenv lock to be released
[2025-09-14T12:49:38.140+0000] {virtualenv.py:178} INFO - Checking for running process with PID 1199
[2025-09-14T12:49:38.144+0000] {virtualenv.py:181} INFO - Process 1199 running: True and has the lock /tmp/cosmos_venv_ecom_marts/cosmos_virtualenv.lock.
[2025-09-14T12:49:38.145+0000] {virtualenv.py:122} INFO - Waiting for virtualenv lock to be released
[2025-09-14T12:49:39.146+0000] {virtualenv.py:178} INFO - Checking for running process with PID 1199
[2025-09-14T12:49:39.147+0000] {virtualenv.py:181} INFO - Process 1199 running: True and has the lock /tmp/cosmos_venv_ecom_marts/cosmos_virtualenv.lock.
[2025-09-14T12:49:39.147+0000] {virtualenv.py:122} INFO - Waiting for virtualenv lock to be released
[2025-09-14T12:49:40.148+0000] {virtualenv.py:178} INFO - Checking for running process with PID 1391
[2025-09-14T12:49:40.149+0000] {virtualenv.py:181} INFO - Process 1391 running: True and has the lock /tmp/cosmos_venv_ecom_marts/cosmos_virtualenv.lock.
[2025-09-14T12:49:40.150+0000] {virtualenv.py:122} INFO - Waiting for virtualenv lock to be released
[2025-09-14T12:49:41.151+0000] {virtualenv.py:178} INFO - Checking for running process with PID 1391
[2025-09-14T12:49:41.152+0000] {virtualenv.py:181} INFO - Process 1391 running: True and has the lock /tmp/cosmos_venv_ecom_marts/cosmos_virtualenv.lock.
[2025-09-14T12:49:41.152+0000] {virtualenv.py:122} INFO - Waiting for virtualenv lock to be released
[2025-09-14T12:49:42.154+0000] {virtualenv.py:178} INFO - Checking for running process with PID 1391
[2025-09-14T12:49:42.154+0000] {virtualenv.py:181} INFO - Process 1391 running: True and has the lock /tmp/cosmos_venv_ecom_marts/cosmos_virtualenv.lock.
[2025-09-14T12:49:42.155+0000] {virtualenv.py:122} INFO - Waiting for virtualenv lock to be released
[2025-09-14T12:49:43.156+0000] {virtualenv.py:178} INFO - Checking for running process with PID 1391
[2025-09-14T12:49:43.157+0000] {virtualenv.py:181} INFO - Process 1391 running: True and has the lock /tmp/cosmos_venv_ecom_marts/cosmos_virtualenv.lock.
[2025-09-14T12:49:43.157+0000] {virtualenv.py:122} INFO - Waiting for virtualenv lock to be released
[2025-09-14T12:49:44.159+0000] {virtualenv.py:178} INFO - Checking for running process with PID 1391
[2025-09-14T12:49:44.160+0000] {virtualenv.py:181} INFO - Process 1391 running: True and has the lock /tmp/cosmos_venv_ecom_marts/cosmos_virtualenv.lock.
[2025-09-14T12:49:44.161+0000] {virtualenv.py:122} INFO - Waiting for virtualenv lock to be released
[2025-09-14T12:49:45.163+0000] {virtualenv.py:178} INFO - Checking for running process with PID 1391
[2025-09-14T12:49:45.164+0000] {virtualenv.py:181} INFO - Process 1391 running: True and has the lock /tmp/cosmos_venv_ecom_marts/cosmos_virtualenv.lock.
[2025-09-14T12:49:45.164+0000] {virtualenv.py:122} INFO - Waiting for virtualenv lock to be released
[2025-09-14T12:49:46.166+0000] {virtualenv.py:178} INFO - Checking for running process with PID 1391
[2025-09-14T12:49:46.166+0000] {virtualenv.py:181} INFO - Process 1391 running: True and has the lock /tmp/cosmos_venv_ecom_marts/cosmos_virtualenv.lock.
[2025-09-14T12:49:46.167+0000] {virtualenv.py:122} INFO - Waiting for virtualenv lock to be released
[2025-09-14T12:49:47.168+0000] {virtualenv.py:178} INFO - Checking for running process with PID 1391
[2025-09-14T12:49:47.169+0000] {virtualenv.py:181} INFO - Process 1391 running: True and has the lock /tmp/cosmos_venv_ecom_marts/cosmos_virtualenv.lock.
[2025-09-14T12:49:47.169+0000] {virtualenv.py:122} INFO - Waiting for virtualenv lock to be released
[2025-09-14T12:49:48.170+0000] {virtualenv.py:178} INFO - Checking for running process with PID 1391
[2025-09-14T12:49:48.171+0000] {virtualenv.py:181} INFO - Process 1391 running: True and has the lock /tmp/cosmos_venv_ecom_marts/cosmos_virtualenv.lock.
[2025-09-14T12:49:48.172+0000] {virtualenv.py:122} INFO - Waiting for virtualenv lock to be released
[2025-09-14T12:49:49.173+0000] {virtualenv.py:178} INFO - Checking for running process with PID 1391
[2025-09-14T12:49:49.174+0000] {virtualenv.py:181} INFO - Process 1391 running: True and has the lock /tmp/cosmos_venv_ecom_marts/cosmos_virtualenv.lock.
[2025-09-14T12:49:49.175+0000] {virtualenv.py:122} INFO - Waiting for virtualenv lock to be released
[2025-09-14T12:49:50.175+0000] {virtualenv.py:178} INFO - Checking for running process with PID 1391
[2025-09-14T12:49:50.176+0000] {virtualenv.py:181} INFO - Process 1391 running: True and has the lock /tmp/cosmos_venv_ecom_marts/cosmos_virtualenv.lock.
[2025-09-14T12:49:50.177+0000] {virtualenv.py:122} INFO - Waiting for virtualenv lock to be released
[2025-09-14T12:49:51.176+0000] {virtualenv.py:178} INFO - Checking for running process with PID 1391
[2025-09-14T12:49:51.177+0000] {virtualenv.py:181} INFO - Process 1391 running: True and has the lock /tmp/cosmos_venv_ecom_marts/cosmos_virtualenv.lock.
[2025-09-14T12:49:51.178+0000] {virtualenv.py:122} INFO - Waiting for virtualenv lock to be released
[2025-09-14T12:49:52.178+0000] {virtualenv.py:178} INFO - Checking for running process with PID 1391
[2025-09-14T12:49:52.179+0000] {virtualenv.py:181} INFO - Process 1391 running: True and has the lock /tmp/cosmos_venv_ecom_marts/cosmos_virtualenv.lock.
[2025-09-14T12:49:52.179+0000] {virtualenv.py:122} INFO - Waiting for virtualenv lock to be released
[2025-09-14T12:49:53.180+0000] {virtualenv.py:178} INFO - Checking for running process with PID 1391
[2025-09-14T12:49:53.181+0000] {virtualenv.py:181} INFO - Process 1391 running: True and has the lock /tmp/cosmos_venv_ecom_marts/cosmos_virtualenv.lock.
[2025-09-14T12:49:53.181+0000] {virtualenv.py:122} INFO - Waiting for virtualenv lock to be released
[2025-09-14T12:49:54.182+0000] {virtualenv.py:178} INFO - Checking for running process with PID 1391
[2025-09-14T12:49:54.183+0000] {virtualenv.py:181} INFO - Process 1391 running: True and has the lock /tmp/cosmos_venv_ecom_marts/cosmos_virtualenv.lock.
[2025-09-14T12:49:54.183+0000] {virtualenv.py:122} INFO - Waiting for virtualenv lock to be released
[2025-09-14T12:49:55.184+0000] {virtualenv.py:178} INFO - Checking for running process with PID 1391
[2025-09-14T12:49:55.185+0000] {virtualenv.py:181} INFO - Process 1391 running: True and has the lock /tmp/cosmos_venv_ecom_marts/cosmos_virtualenv.lock.
[2025-09-14T12:49:55.185+0000] {virtualenv.py:122} INFO - Waiting for virtualenv lock to be released
[2025-09-14T12:49:56.186+0000] {virtualenv.py:178} INFO - Checking for running process with PID 1205
[2025-09-14T12:49:56.187+0000] {virtualenv.py:181} INFO - Process 1205 running: True and has the lock /tmp/cosmos_venv_ecom_marts/cosmos_virtualenv.lock.
[2025-09-14T12:49:56.188+0000] {virtualenv.py:122} INFO - Waiting for virtualenv lock to be released
[2025-09-14T12:49:57.189+0000] {virtualenv.py:178} INFO - Checking for running process with PID 1205
[2025-09-14T12:49:57.190+0000] {virtualenv.py:181} INFO - Process 1205 running: True and has the lock /tmp/cosmos_venv_ecom_marts/cosmos_virtualenv.lock.
[2025-09-14T12:49:57.190+0000] {virtualenv.py:122} INFO - Waiting for virtualenv lock to be released
[2025-09-14T12:49:58.193+0000] {virtualenv.py:178} INFO - Checking for running process with PID 1205
[2025-09-14T12:49:58.193+0000] {virtualenv.py:181} INFO - Process 1205 running: True and has the lock /tmp/cosmos_venv_ecom_marts/cosmos_virtualenv.lock.
[2025-09-14T12:49:58.194+0000] {virtualenv.py:122} INFO - Waiting for virtualenv lock to be released
[2025-09-14T12:49:59.196+0000] {virtualenv.py:178} INFO - Checking for running process with PID 1205
[2025-09-14T12:49:59.196+0000] {virtualenv.py:181} INFO - Process 1205 running: True and has the lock /tmp/cosmos_venv_ecom_marts/cosmos_virtualenv.lock.
[2025-09-14T12:49:59.197+0000] {virtualenv.py:122} INFO - Waiting for virtualenv lock to be released
[2025-09-14T12:50:00.198+0000] {virtualenv.py:178} INFO - Checking for running process with PID 1205
[2025-09-14T12:50:00.199+0000] {virtualenv.py:181} INFO - Process 1205 running: True and has the lock /tmp/cosmos_venv_ecom_marts/cosmos_virtualenv.lock.
[2025-09-14T12:50:00.199+0000] {virtualenv.py:122} INFO - Waiting for virtualenv lock to be released
[2025-09-14T12:50:01.201+0000] {virtualenv.py:178} INFO - Checking for running process with PID 1205
[2025-09-14T12:50:01.202+0000] {virtualenv.py:181} INFO - Process 1205 running: True and has the lock /tmp/cosmos_venv_ecom_marts/cosmos_virtualenv.lock.
[2025-09-14T12:50:01.203+0000] {virtualenv.py:122} INFO - Waiting for virtualenv lock to be released
[2025-09-14T12:50:02.205+0000] {virtualenv.py:178} INFO - Checking for running process with PID 1205
[2025-09-14T12:50:02.205+0000] {virtualenv.py:181} INFO - Process 1205 running: True and has the lock /tmp/cosmos_venv_ecom_marts/cosmos_virtualenv.lock.
[2025-09-14T12:50:02.206+0000] {virtualenv.py:122} INFO - Waiting for virtualenv lock to be released
[2025-09-14T12:50:03.207+0000] {virtualenv.py:178} INFO - Checking for running process with PID 1205
[2025-09-14T12:50:03.208+0000] {virtualenv.py:181} INFO - Process 1205 running: True and has the lock /tmp/cosmos_venv_ecom_marts/cosmos_virtualenv.lock.
[2025-09-14T12:50:03.208+0000] {virtualenv.py:122} INFO - Waiting for virtualenv lock to be released
[2025-09-14T12:50:04.210+0000] {virtualenv.py:178} INFO - Checking for running process with PID 1205
[2025-09-14T12:50:04.211+0000] {virtualenv.py:181} INFO - Process 1205 running: True and has the lock /tmp/cosmos_venv_ecom_marts/cosmos_virtualenv.lock.
[2025-09-14T12:50:04.211+0000] {virtualenv.py:122} INFO - Waiting for virtualenv lock to be released
[2025-09-14T12:50:05.213+0000] {virtualenv.py:178} INFO - Checking for running process with PID 1205
[2025-09-14T12:50:05.215+0000] {virtualenv.py:181} INFO - Process 1205 running: True and has the lock /tmp/cosmos_venv_ecom_marts/cosmos_virtualenv.lock.
[2025-09-14T12:50:05.216+0000] {virtualenv.py:122} INFO - Waiting for virtualenv lock to be released
[2025-09-14T12:50:06.218+0000] {virtualenv.py:178} INFO - Checking for running process with PID 1205
[2025-09-14T12:50:06.219+0000] {virtualenv.py:181} INFO - Process 1205 running: True and has the lock /tmp/cosmos_venv_ecom_marts/cosmos_virtualenv.lock.
[2025-09-14T12:50:06.219+0000] {virtualenv.py:122} INFO - Waiting for virtualenv lock to be released
[2025-09-14T12:50:07.221+0000] {virtualenv.py:178} INFO - Checking for running process with PID 1205
[2025-09-14T12:50:07.222+0000] {virtualenv.py:181} INFO - Process 1205 running: True and has the lock /tmp/cosmos_venv_ecom_marts/cosmos_virtualenv.lock.
[2025-09-14T12:50:07.223+0000] {virtualenv.py:122} INFO - Waiting for virtualenv lock to be released
[2025-09-14T12:50:08.225+0000] {virtualenv.py:178} INFO - Checking for running process with PID 1205
[2025-09-14T12:50:08.227+0000] {virtualenv.py:181} INFO - Process 1205 running: True and has the lock /tmp/cosmos_venv_ecom_marts/cosmos_virtualenv.lock.
[2025-09-14T12:50:08.227+0000] {virtualenv.py:122} INFO - Waiting for virtualenv lock to be released
[2025-09-14T12:50:09.228+0000] {virtualenv.py:178} INFO - Checking for running process with PID 1205
[2025-09-14T12:50:09.229+0000] {virtualenv.py:181} INFO - Process 1205 running: True and has the lock /tmp/cosmos_venv_ecom_marts/cosmos_virtualenv.lock.
[2025-09-14T12:50:09.230+0000] {virtualenv.py:122} INFO - Waiting for virtualenv lock to be released
[2025-09-14T12:50:10.235+0000] {virtualenv.py:178} INFO - Checking for running process with PID 1205
[2025-09-14T12:50:10.236+0000] {virtualenv.py:181} INFO - Process 1205 running: True and has the lock /tmp/cosmos_venv_ecom_marts/cosmos_virtualenv.lock.
[2025-09-14T12:50:10.236+0000] {virtualenv.py:122} INFO - Waiting for virtualenv lock to be released
[2025-09-14T12:50:11.238+0000] {virtualenv.py:178} INFO - Checking for running process with PID 1205
[2025-09-14T12:50:11.239+0000] {virtualenv.py:181} INFO - Process 1205 running: True and has the lock /tmp/cosmos_venv_ecom_marts/cosmos_virtualenv.lock.
[2025-09-14T12:50:11.240+0000] {virtualenv.py:122} INFO - Waiting for virtualenv lock to be released
[2025-09-14T12:50:12.241+0000] {virtualenv.py:178} INFO - Checking for running process with PID 1200
[2025-09-14T12:50:12.242+0000] {virtualenv.py:181} INFO - Process 1200 running: True and has the lock /tmp/cosmos_venv_ecom_marts/cosmos_virtualenv.lock.
[2025-09-14T12:50:12.243+0000] {virtualenv.py:122} INFO - Waiting for virtualenv lock to be released
[2025-09-14T12:50:13.245+0000] {virtualenv.py:178} INFO - Checking for running process with PID 1200
[2025-09-14T12:50:13.246+0000] {virtualenv.py:181} INFO - Process 1200 running: True and has the lock /tmp/cosmos_venv_ecom_marts/cosmos_virtualenv.lock.
[2025-09-14T12:50:13.247+0000] {virtualenv.py:122} INFO - Waiting for virtualenv lock to be released
[2025-09-14T12:50:14.249+0000] {virtualenv.py:178} INFO - Checking for running process with PID 1200
[2025-09-14T12:50:14.251+0000] {virtualenv.py:181} INFO - Process 1200 running: True and has the lock /tmp/cosmos_venv_ecom_marts/cosmos_virtualenv.lock.
[2025-09-14T12:50:14.253+0000] {virtualenv.py:122} INFO - Waiting for virtualenv lock to be released
[2025-09-14T12:50:15.255+0000] {virtualenv.py:178} INFO - Checking for running process with PID 1200
[2025-09-14T12:50:15.257+0000] {virtualenv.py:181} INFO - Process 1200 running: True and has the lock /tmp/cosmos_venv_ecom_marts/cosmos_virtualenv.lock.
[2025-09-14T12:50:15.258+0000] {virtualenv.py:122} INFO - Waiting for virtualenv lock to be released
[2025-09-14T12:50:16.260+0000] {virtualenv.py:178} INFO - Checking for running process with PID 1200
[2025-09-14T12:50:16.261+0000] {virtualenv.py:181} INFO - Process 1200 running: True and has the lock /tmp/cosmos_venv_ecom_marts/cosmos_virtualenv.lock.
[2025-09-14T12:50:16.261+0000] {virtualenv.py:122} INFO - Waiting for virtualenv lock to be released
[2025-09-14T12:50:17.262+0000] {virtualenv.py:178} INFO - Checking for running process with PID 1200
[2025-09-14T12:50:17.263+0000] {virtualenv.py:181} INFO - Process 1200 running: True and has the lock /tmp/cosmos_venv_ecom_marts/cosmos_virtualenv.lock.
[2025-09-14T12:50:17.263+0000] {virtualenv.py:122} INFO - Waiting for virtualenv lock to be released
[2025-09-14T12:50:18.264+0000] {virtualenv.py:178} INFO - Checking for running process with PID 1200
[2025-09-14T12:50:18.265+0000] {virtualenv.py:181} INFO - Process 1200 running: True and has the lock /tmp/cosmos_venv_ecom_marts/cosmos_virtualenv.lock.
[2025-09-14T12:50:18.265+0000] {virtualenv.py:122} INFO - Waiting for virtualenv lock to be released
[2025-09-14T12:50:19.270+0000] {virtualenv.py:178} INFO - Checking for running process with PID 1214
[2025-09-14T12:50:19.271+0000] {virtualenv.py:181} INFO - Process 1214 running: True and has the lock /tmp/cosmos_venv_ecom_marts/cosmos_virtualenv.lock.
[2025-09-14T12:50:19.271+0000] {virtualenv.py:126} INFO - Acquiring the virtualenv lock
[2025-09-14T12:50:19.272+0000] {virtualenv.py:195} INFO - Acquiring lock at /tmp/cosmos_venv_ecom_marts/cosmos_virtualenv.lock with pid 1215
[2025-09-14T12:50:19.272+0000] {virtualenv.py:153} INFO - Creating or updating the virtualenv at `/tmp/cosmos_venv_ecom_marts
[2025-09-14T12:50:19.276+0000] {process_utils.py:183} INFO - Executing cmd: /home/***/.local/bin/python -m virtualenv /tmp/cosmos_venv_ecom_marts --python=python3
[2025-09-14T12:50:19.310+0000] {process_utils.py:187} INFO - Output:
[2025-09-14T12:50:23.790+0000] {process_utils.py:191} INFO - created virtual environment CPython3.10.14.final.0-64 in 902ms
[2025-09-14T12:50:23.791+0000] {process_utils.py:191} INFO -   creator CPython3Posix(dest=/tmp/cosmos_venv_ecom_marts, clear=False, no_vcs_ignore=False, global=False)
[2025-09-14T12:50:23.792+0000] {process_utils.py:191} INFO -   seeder FromAppData(download=False, pip=bundle, setuptools=bundle, wheel=bundle, via=copy, app_data_dir=/home/***/.local/share/virtualenv)
[2025-09-14T12:50:23.795+0000] {process_utils.py:191} INFO -     added seed packages: MarkupSafe==3.0.2, PyYAML==6.0.2, agate==1.9.1, annotated_types==0.7.0, attrs==25.3.0, babel==2.17.0, certifi==2025.8.3, charset_normalizer==3.4.3, click==8.2.1, clickhouse_connect==0.8.18, clickhouse_driver==0.2.9, colorama==0.4.6, daff==1.4.2, dbt_adapters==1.16.7, dbt_clickhouse==1.9.3, dbt_common==1.30.0, dbt_core==1.10.11, dbt_extractor==0.6.0, dbt_protos==1.0.375, dbt_semantic_interfaces==0.9.0, deepdiff==8.6.1, idna==3.10, importlib_metadata==8.7.0, isodate==0.6.1, jinja2==3.1.6, jsonschema==4.25.1, jsonschema_specifications==2025.9.1, leather==0.4.0, lz4==4.4.4, mashumaro==3.14, more_itertools==10.8.0, msgpack==1.1.1, networkx==3.4.2, orderly_set==5.5.0, packaging==25.0, parsedatetime==2.6, pathspec==0.12.1, pip==25.2, protobuf==6.32.1, pydantic==2.11.9, pydantic_core==2.33.2, python_dateutil==2.9.0.post0, python_slugify==8.0.4, pytimeparse==1.1.8, pytz==2025.2, referencing==0.36.2, requests==2.32.5, rpds_py==0.27.1, setuptools==80.9.0, six==1.17.0, snowplow_tracker==1.1.0, sqlparse==0.5.3, text_unidecode==1.3, typing_extensions==4.15.0, typing_inspection==0.4.1, tzlocal==5.3.1, urllib3==2.5.0, wheel==0.45.1, zipp==3.23.0, zstandard==0.24.0
[2025-09-14T12:50:23.800+0000] {process_utils.py:191} INFO -   activators BashActivator,CShellActivator,FishActivator,NushellActivator,PowerShellActivator,PythonActivator
[2025-09-14T12:50:23.953+0000] {process_utils.py:183} INFO - Executing cmd: /tmp/cosmos_venv_ecom_marts/bin/pip install dbt-clickhouse
[2025-09-14T12:50:23.966+0000] {process_utils.py:187} INFO - Output:
[2025-09-14T12:50:24.154+0000] {process_utils.py:191} INFO - Traceback (most recent call last):
[2025-09-14T12:50:24.156+0000] {process_utils.py:191} INFO -   File "/tmp/cosmos_venv_ecom_marts/bin/pip", line 5, in <module>
[2025-09-14T12:50:24.160+0000] {process_utils.py:191} INFO -     from pip._internal.cli.main import main
[2025-09-14T12:50:24.161+0000] {process_utils.py:191} INFO - ModuleNotFoundError: No module named 'pip._internal.cli'
[2025-09-14T12:50:24.164+0000] {virtualenv.py:131} INFO - Releasing virtualenv lock
[2025-09-14T12:50:24.165+0000] {virtualenv.py:210} WARNING - Lockfile owned by process of pid 1221, while operator has pid 1215
[2025-09-14T12:50:24.165+0000] {taskinstance.py:441} INFO - ::group::Post task execution logs
[2025-09-14T12:50:24.166+0000] {taskinstance.py:2905} ERROR - Task failed with exception
Traceback (most recent call last):
  File "/home/airflow/.local/lib/python3.10/site-packages/airflow/models/taskinstance.py", line 465, in _execute_task
    result = _execute_callable(context=context, **execute_callable_kwargs)
  File "/home/airflow/.local/lib/python3.10/site-packages/airflow/models/taskinstance.py", line 432, in _execute_callable
    return execute_callable(context=context, **execute_callable_kwargs)
  File "/home/airflow/.local/lib/python3.10/site-packages/airflow/models/baseoperator.py", line 401, in wrapper
    return func(self, *args, **kwargs)
  File "/home/airflow/.local/lib/python3.10/site-packages/cosmos/operators/virtualenv.py", line 144, in execute
    output = super().execute(context)
  File "/home/airflow/.local/lib/python3.10/site-packages/cosmos/operators/base.py", line 310, in execute
    self.build_and_run_cmd(context=context, cmd_flags=self.add_cmd_flags())
  File "/home/airflow/.local/lib/python3.10/site-packages/cosmos/operators/local.py", line 853, in build_and_run_cmd
    result = self.run_command(
  File "/home/airflow/.local/lib/python3.10/site-packages/cosmos/operators/virtualenv.py", line 128, in run_command
    self._py_bin = self._prepare_virtualenv()
  File "/home/airflow/.local/lib/python3.10/site-packages/cosmos/operators/virtualenv.py", line 154, in _prepare_virtualenv
    py_bin = prepare_virtualenv(
  File "/home/airflow/.local/lib/python3.10/site-packages/airflow/utils/python_virtualenv.py", line 119, in prepare_virtualenv
    execute_in_subprocess(pip_cmd)
  File "/home/airflow/.local/lib/python3.10/site-packages/airflow/utils/process_utils.py", line 172, in execute_in_subprocess
    execute_in_subprocess_with_kwargs(cmd, cwd=cwd)
  File "/home/airflow/.local/lib/python3.10/site-packages/airflow/utils/process_utils.py", line 195, in execute_in_subprocess_with_kwargs
    raise subprocess.CalledProcessError(exit_code, cmd)
subprocess.CalledProcessError: Command '['/tmp/cosmos_venv_ecom_marts/bin/pip', 'install', 'dbt-clickhouse']' returned non-zero exit status 1.
[2025-09-14T12:50:24.256+0000] {taskinstance.py:1206} INFO - Marking task as FAILED. dag_id=dbt_marts, task_id=marts.fct_customer_activity.run, run_id=manual__2025-09-14T12:48:04.032802+00:00, execution_date=20250914T124804, start_date=20250914T124814, end_date=20250914T125024
[2025-09-14T12:50:24.307+0000] {standard_task_runner.py:110} ERROR - Failed to execute job 290 for task marts.fct_customer_activity.run (Command '['/tmp/cosmos_venv_ecom_marts/bin/pip', 'install', 'dbt-clickhouse']' returned non-zero exit status 1.; 1215)
[2025-09-14T12:50:24.365+0000] {local_task_job_runner.py:243} INFO - Task exited with return code 1
[2025-09-14T12:50:24.545+0000] {taskinstance.py:3503} INFO - 0 downstream tasks scheduled from follow-on schedule check
[2025-09-14T12:50:24.585+0000] {local_task_job_runner.py:222} INFO - ::endgroup::
