[2025-09-22T08:28:06.753+0000] {local_task_job_runner.py:120} INFO - ::group::Pre task execution logs
[2025-09-22T08:28:07.249+0000] {taskinstance.py:2076} INFO - Dependencies all met for dep_context=non-requeueable deps ti=<TaskInstance: dbt_intermediate.intermediate.categories_enriched.run manual__2025-09-22T08:28:03.359463+00:00 [queued]>
[2025-09-22T08:28:07.270+0000] {taskinstance.py:2076} INFO - Dependencies all met for dep_context=requeueable deps ti=<TaskInstance: dbt_intermediate.intermediate.categories_enriched.run manual__2025-09-22T08:28:03.359463+00:00 [queued]>
[2025-09-22T08:28:07.271+0000] {taskinstance.py:2306} INFO - Starting attempt 1 of 1
[2025-09-22T08:28:07.411+0000] {taskinstance.py:2330} INFO - Executing <Task(DbtRunVirtualenvOperator): intermediate.categories_enriched.run> on 2025-09-22 08:28:03.359463+00:00
[2025-09-22T08:28:07.429+0000] {standard_task_runner.py:64} INFO - Started process 4942 to run task
[2025-09-22T08:28:07.437+0000] {standard_task_runner.py:90} INFO - Running: ['***', 'tasks', 'run', 'dbt_intermediate', 'intermediate.categories_enriched.run', 'manual__2025-09-22T08:28:03.359463+00:00', '--job-id', '701', '--raw', '--subdir', 'DAGS_FOLDER/dbt_intermediate.py', '--cfg-path', '/tmp/tmp8csy1egf']
[2025-09-22T08:28:07.442+0000] {standard_task_runner.py:91} INFO - Job 701: Subtask intermediate.categories_enriched.run
[2025-09-22T08:28:08.026+0000] {task_command.py:426} INFO - Running <TaskInstance: dbt_intermediate.intermediate.categories_enriched.run manual__2025-09-22T08:28:03.359463+00:00 [running]> on host e95bde6b8d07
[2025-09-22T08:28:08.999+0000] {taskinstance.py:2648} INFO - Exporting env vars: AIRFLOW_CTX_DAG_OWNER='***' AIRFLOW_CTX_DAG_ID='dbt_intermediate' AIRFLOW_CTX_TASK_ID='intermediate.categories_enriched.run' AIRFLOW_CTX_EXECUTION_DATE='2025-09-22T08:28:03.359463+00:00' AIRFLOW_CTX_TRY_NUMBER='1' AIRFLOW_CTX_DAG_RUN_ID='manual__2025-09-22T08:28:03.359463+00:00'
[2025-09-22T08:28:09.005+0000] {taskinstance.py:430} INFO - ::endgroup::
[2025-09-22T08:28:09.031+0000] {virtualenv.py:120} INFO - Checking if the virtualenv lock /opt/***/cosmos_venvs/ecom_intermediate/cosmos_virtualenv.lock exists
[2025-09-22T08:28:09.032+0000] {virtualenv.py:178} INFO - Checking for running process with PID 4939
[2025-09-22T08:28:09.034+0000] {virtualenv.py:181} INFO - Process 4939 running: True and has the lock /opt/***/cosmos_venvs/ecom_intermediate/cosmos_virtualenv.lock.
[2025-09-22T08:28:09.035+0000] {virtualenv.py:122} INFO - Waiting for virtualenv lock to be released
[2025-09-22T08:28:10.037+0000] {virtualenv.py:178} INFO - Checking for running process with PID 4939
[2025-09-22T08:28:10.038+0000] {virtualenv.py:181} INFO - Process 4939 running: True and has the lock /opt/***/cosmos_venvs/ecom_intermediate/cosmos_virtualenv.lock.
[2025-09-22T08:28:10.038+0000] {virtualenv.py:122} INFO - Waiting for virtualenv lock to be released
[2025-09-22T08:28:11.040+0000] {virtualenv.py:178} INFO - Checking for running process with PID 4939
[2025-09-22T08:28:11.041+0000] {virtualenv.py:181} INFO - Process 4939 running: True and has the lock /opt/***/cosmos_venvs/ecom_intermediate/cosmos_virtualenv.lock.
[2025-09-22T08:28:11.042+0000] {virtualenv.py:122} INFO - Waiting for virtualenv lock to be released
[2025-09-22T08:28:12.043+0000] {virtualenv.py:178} INFO - Checking for running process with PID 4939
[2025-09-22T08:28:12.044+0000] {virtualenv.py:181} INFO - Process 4939 running: True and has the lock /opt/***/cosmos_venvs/ecom_intermediate/cosmos_virtualenv.lock.
[2025-09-22T08:28:12.045+0000] {virtualenv.py:122} INFO - Waiting for virtualenv lock to be released
[2025-09-22T08:28:13.047+0000] {virtualenv.py:178} INFO - Checking for running process with PID 4939
[2025-09-22T08:28:13.048+0000] {virtualenv.py:181} INFO - Process 4939 running: True and has the lock /opt/***/cosmos_venvs/ecom_intermediate/cosmos_virtualenv.lock.
[2025-09-22T08:28:13.049+0000] {virtualenv.py:122} INFO - Waiting for virtualenv lock to be released
[2025-09-22T08:28:14.051+0000] {virtualenv.py:178} INFO - Checking for running process with PID 4939
[2025-09-22T08:28:14.052+0000] {virtualenv.py:181} INFO - Process 4939 running: True and has the lock /opt/***/cosmos_venvs/ecom_intermediate/cosmos_virtualenv.lock.
[2025-09-22T08:28:14.053+0000] {virtualenv.py:122} INFO - Waiting for virtualenv lock to be released
[2025-09-22T08:28:15.055+0000] {virtualenv.py:178} INFO - Checking for running process with PID 4939
[2025-09-22T08:28:15.056+0000] {virtualenv.py:181} INFO - Process 4939 running: True and has the lock /opt/***/cosmos_venvs/ecom_intermediate/cosmos_virtualenv.lock.
[2025-09-22T08:28:15.058+0000] {virtualenv.py:122} INFO - Waiting for virtualenv lock to be released
[2025-09-22T08:28:16.060+0000] {virtualenv.py:178} INFO - Checking for running process with PID 4939
[2025-09-22T08:28:16.061+0000] {virtualenv.py:181} INFO - Process 4939 running: True and has the lock /opt/***/cosmos_venvs/ecom_intermediate/cosmos_virtualenv.lock.
[2025-09-22T08:28:16.061+0000] {virtualenv.py:122} INFO - Waiting for virtualenv lock to be released
[2025-09-22T08:28:17.063+0000] {virtualenv.py:178} INFO - Checking for running process with PID 4939
[2025-09-22T08:28:17.064+0000] {virtualenv.py:181} INFO - Process 4939 running: True and has the lock /opt/***/cosmos_venvs/ecom_intermediate/cosmos_virtualenv.lock.
[2025-09-22T08:28:17.065+0000] {virtualenv.py:122} INFO - Waiting for virtualenv lock to be released
[2025-09-22T08:28:18.067+0000] {virtualenv.py:178} INFO - Checking for running process with PID 4939
[2025-09-22T08:28:18.069+0000] {virtualenv.py:181} INFO - Process 4939 running: True and has the lock /opt/***/cosmos_venvs/ecom_intermediate/cosmos_virtualenv.lock.
[2025-09-22T08:28:18.070+0000] {virtualenv.py:122} INFO - Waiting for virtualenv lock to be released
[2025-09-22T08:28:19.072+0000] {virtualenv.py:178} INFO - Checking for running process with PID 4939
[2025-09-22T08:28:19.073+0000] {virtualenv.py:181} INFO - Process 4939 running: True and has the lock /opt/***/cosmos_venvs/ecom_intermediate/cosmos_virtualenv.lock.
[2025-09-22T08:28:19.074+0000] {virtualenv.py:122} INFO - Waiting for virtualenv lock to be released
[2025-09-22T08:28:20.076+0000] {virtualenv.py:178} INFO - Checking for running process with PID 4939
[2025-09-22T08:28:20.076+0000] {virtualenv.py:181} INFO - Process 4939 running: True and has the lock /opt/***/cosmos_venvs/ecom_intermediate/cosmos_virtualenv.lock.
[2025-09-22T08:28:20.077+0000] {virtualenv.py:122} INFO - Waiting for virtualenv lock to be released
[2025-09-22T08:28:21.078+0000] {virtualenv.py:178} INFO - Checking for running process with PID 4939
[2025-09-22T08:28:21.079+0000] {virtualenv.py:181} INFO - Process 4939 running: True and has the lock /opt/***/cosmos_venvs/ecom_intermediate/cosmos_virtualenv.lock.
[2025-09-22T08:28:21.080+0000] {virtualenv.py:122} INFO - Waiting for virtualenv lock to be released
[2025-09-22T08:28:22.082+0000] {virtualenv.py:178} INFO - Checking for running process with PID 4939
[2025-09-22T08:28:22.082+0000] {virtualenv.py:181} INFO - Process 4939 running: True and has the lock /opt/***/cosmos_venvs/ecom_intermediate/cosmos_virtualenv.lock.
[2025-09-22T08:28:22.083+0000] {virtualenv.py:122} INFO - Waiting for virtualenv lock to be released
[2025-09-22T08:28:23.085+0000] {virtualenv.py:178} INFO - Checking for running process with PID 4939
[2025-09-22T08:28:23.087+0000] {virtualenv.py:181} INFO - Process 4939 running: True and has the lock /opt/***/cosmos_venvs/ecom_intermediate/cosmos_virtualenv.lock.
[2025-09-22T08:28:23.088+0000] {virtualenv.py:122} INFO - Waiting for virtualenv lock to be released
[2025-09-22T08:28:24.090+0000] {virtualenv.py:178} INFO - Checking for running process with PID 4939
[2025-09-22T08:28:24.090+0000] {virtualenv.py:181} INFO - Process 4939 running: True and has the lock /opt/***/cosmos_venvs/ecom_intermediate/cosmos_virtualenv.lock.
[2025-09-22T08:28:24.091+0000] {virtualenv.py:122} INFO - Waiting for virtualenv lock to be released
[2025-09-22T08:28:25.092+0000] {virtualenv.py:178} INFO - Checking for running process with PID 4946
[2025-09-22T08:28:25.093+0000] {virtualenv.py:181} INFO - Process 4946 running: True and has the lock /opt/***/cosmos_venvs/ecom_intermediate/cosmos_virtualenv.lock.
[2025-09-22T08:28:25.093+0000] {virtualenv.py:122} INFO - Waiting for virtualenv lock to be released
[2025-09-22T08:28:26.095+0000] {virtualenv.py:178} INFO - Checking for running process with PID 4946
[2025-09-22T08:28:26.095+0000] {virtualenv.py:181} INFO - Process 4946 running: True and has the lock /opt/***/cosmos_venvs/ecom_intermediate/cosmos_virtualenv.lock.
[2025-09-22T08:28:26.096+0000] {virtualenv.py:122} INFO - Waiting for virtualenv lock to be released
[2025-09-22T08:28:27.097+0000] {virtualenv.py:178} INFO - Checking for running process with PID 4946
[2025-09-22T08:28:27.098+0000] {virtualenv.py:181} INFO - Process 4946 running: True and has the lock /opt/***/cosmos_venvs/ecom_intermediate/cosmos_virtualenv.lock.
[2025-09-22T08:28:27.098+0000] {virtualenv.py:122} INFO - Waiting for virtualenv lock to be released
[2025-09-22T08:28:28.099+0000] {virtualenv.py:178} INFO - Checking for running process with PID 4946
[2025-09-22T08:28:28.100+0000] {virtualenv.py:181} INFO - Process 4946 running: True and has the lock /opt/***/cosmos_venvs/ecom_intermediate/cosmos_virtualenv.lock.
[2025-09-22T08:28:28.100+0000] {virtualenv.py:122} INFO - Waiting for virtualenv lock to be released
[2025-09-22T08:28:29.102+0000] {virtualenv.py:178} INFO - Checking for running process with PID 4946
[2025-09-22T08:28:29.103+0000] {virtualenv.py:181} INFO - Process 4946 running: True and has the lock /opt/***/cosmos_venvs/ecom_intermediate/cosmos_virtualenv.lock.
[2025-09-22T08:28:29.103+0000] {virtualenv.py:122} INFO - Waiting for virtualenv lock to be released
[2025-09-22T08:28:30.105+0000] {virtualenv.py:178} INFO - Checking for running process with PID 4946
[2025-09-22T08:28:30.106+0000] {virtualenv.py:181} INFO - Process 4946 running: True and has the lock /opt/***/cosmos_venvs/ecom_intermediate/cosmos_virtualenv.lock.
[2025-09-22T08:28:30.106+0000] {virtualenv.py:122} INFO - Waiting for virtualenv lock to be released
[2025-09-22T08:28:31.108+0000] {virtualenv.py:178} INFO - Checking for running process with PID 4946
[2025-09-22T08:28:31.109+0000] {virtualenv.py:181} INFO - Process 4946 running: True and has the lock /opt/***/cosmos_venvs/ecom_intermediate/cosmos_virtualenv.lock.
[2025-09-22T08:28:31.109+0000] {virtualenv.py:122} INFO - Waiting for virtualenv lock to be released
[2025-09-22T08:28:32.111+0000] {virtualenv.py:178} INFO - Checking for running process with PID 4946
[2025-09-22T08:28:32.112+0000] {virtualenv.py:181} INFO - Process 4946 running: True and has the lock /opt/***/cosmos_venvs/ecom_intermediate/cosmos_virtualenv.lock.
[2025-09-22T08:28:32.113+0000] {virtualenv.py:122} INFO - Waiting for virtualenv lock to be released
[2025-09-22T08:28:33.115+0000] {virtualenv.py:178} INFO - Checking for running process with PID 4946
[2025-09-22T08:28:33.116+0000] {virtualenv.py:181} INFO - Process 4946 running: True and has the lock /opt/***/cosmos_venvs/ecom_intermediate/cosmos_virtualenv.lock.
[2025-09-22T08:28:33.117+0000] {virtualenv.py:122} INFO - Waiting for virtualenv lock to be released
[2025-09-22T08:28:34.119+0000] {virtualenv.py:178} INFO - Checking for running process with PID 4946
[2025-09-22T08:28:34.120+0000] {virtualenv.py:181} INFO - Process 4946 running: True and has the lock /opt/***/cosmos_venvs/ecom_intermediate/cosmos_virtualenv.lock.
[2025-09-22T08:28:34.121+0000] {virtualenv.py:122} INFO - Waiting for virtualenv lock to be released
[2025-09-22T08:28:35.123+0000] {virtualenv.py:178} INFO - Checking for running process with PID 4946
[2025-09-22T08:28:35.124+0000] {virtualenv.py:181} INFO - Process 4946 running: True and has the lock /opt/***/cosmos_venvs/ecom_intermediate/cosmos_virtualenv.lock.
[2025-09-22T08:28:35.124+0000] {virtualenv.py:122} INFO - Waiting for virtualenv lock to be released
[2025-09-22T08:28:36.126+0000] {virtualenv.py:178} INFO - Checking for running process with PID 4946
[2025-09-22T08:28:36.127+0000] {virtualenv.py:181} INFO - Process 4946 running: True and has the lock /opt/***/cosmos_venvs/ecom_intermediate/cosmos_virtualenv.lock.
[2025-09-22T08:28:36.128+0000] {virtualenv.py:122} INFO - Waiting for virtualenv lock to be released
[2025-09-22T08:28:37.129+0000] {virtualenv.py:178} INFO - Checking for running process with PID 4946
[2025-09-22T08:28:37.130+0000] {virtualenv.py:181} INFO - Process 4946 running: True and has the lock /opt/***/cosmos_venvs/ecom_intermediate/cosmos_virtualenv.lock.
[2025-09-22T08:28:37.130+0000] {virtualenv.py:122} INFO - Waiting for virtualenv lock to be released
[2025-09-22T08:28:38.131+0000] {virtualenv.py:178} INFO - Checking for running process with PID 4946
[2025-09-22T08:28:38.133+0000] {virtualenv.py:181} INFO - Process 4946 running: True and has the lock /opt/***/cosmos_venvs/ecom_intermediate/cosmos_virtualenv.lock.
[2025-09-22T08:28:38.134+0000] {virtualenv.py:122} INFO - Waiting for virtualenv lock to be released
[2025-09-22T08:28:39.135+0000] {virtualenv.py:178} INFO - Checking for running process with PID 4937
[2025-09-22T08:28:39.136+0000] {virtualenv.py:181} INFO - Process 4937 running: True and has the lock /opt/***/cosmos_venvs/ecom_intermediate/cosmos_virtualenv.lock.
[2025-09-22T08:28:39.138+0000] {virtualenv.py:122} INFO - Waiting for virtualenv lock to be released
[2025-09-22T08:28:40.139+0000] {virtualenv.py:178} INFO - Checking for running process with PID 4937
[2025-09-22T08:28:40.140+0000] {virtualenv.py:181} INFO - Process 4937 running: True and has the lock /opt/***/cosmos_venvs/ecom_intermediate/cosmos_virtualenv.lock.
[2025-09-22T08:28:40.141+0000] {virtualenv.py:122} INFO - Waiting for virtualenv lock to be released
[2025-09-22T08:28:41.142+0000] {virtualenv.py:178} INFO - Checking for running process with PID 4937
[2025-09-22T08:28:41.143+0000] {virtualenv.py:181} INFO - Process 4937 running: True and has the lock /opt/***/cosmos_venvs/ecom_intermediate/cosmos_virtualenv.lock.
[2025-09-22T08:28:41.145+0000] {virtualenv.py:122} INFO - Waiting for virtualenv lock to be released
[2025-09-22T08:28:42.147+0000] {virtualenv.py:178} INFO - Checking for running process with PID 4937
[2025-09-22T08:28:42.148+0000] {virtualenv.py:181} INFO - Process 4937 running: True and has the lock /opt/***/cosmos_venvs/ecom_intermediate/cosmos_virtualenv.lock.
[2025-09-22T08:28:42.149+0000] {virtualenv.py:122} INFO - Waiting for virtualenv lock to be released
[2025-09-22T08:28:43.150+0000] {virtualenv.py:178} INFO - Checking for running process with PID 4937
[2025-09-22T08:28:43.151+0000] {virtualenv.py:181} INFO - Process 4937 running: True and has the lock /opt/***/cosmos_venvs/ecom_intermediate/cosmos_virtualenv.lock.
[2025-09-22T08:28:43.152+0000] {virtualenv.py:122} INFO - Waiting for virtualenv lock to be released
[2025-09-22T08:28:44.153+0000] {virtualenv.py:178} INFO - Checking for running process with PID 4937
[2025-09-22T08:28:44.153+0000] {virtualenv.py:181} INFO - Process 4937 running: True and has the lock /opt/***/cosmos_venvs/ecom_intermediate/cosmos_virtualenv.lock.
[2025-09-22T08:28:44.154+0000] {virtualenv.py:122} INFO - Waiting for virtualenv lock to be released
[2025-09-22T08:28:45.155+0000] {virtualenv.py:178} INFO - Checking for running process with PID 4937
[2025-09-22T08:28:45.156+0000] {virtualenv.py:181} INFO - Process 4937 running: True and has the lock /opt/***/cosmos_venvs/ecom_intermediate/cosmos_virtualenv.lock.
[2025-09-22T08:28:45.157+0000] {virtualenv.py:122} INFO - Waiting for virtualenv lock to be released
[2025-09-22T08:28:46.159+0000] {virtualenv.py:178} INFO - Checking for running process with PID 4937
[2025-09-22T08:28:46.161+0000] {virtualenv.py:181} INFO - Process 4937 running: True and has the lock /opt/***/cosmos_venvs/ecom_intermediate/cosmos_virtualenv.lock.
[2025-09-22T08:28:46.162+0000] {virtualenv.py:122} INFO - Waiting for virtualenv lock to be released
[2025-09-22T08:28:47.164+0000] {virtualenv.py:178} INFO - Checking for running process with PID 4937
[2025-09-22T08:28:47.166+0000] {virtualenv.py:181} INFO - Process 4937 running: True and has the lock /opt/***/cosmos_venvs/ecom_intermediate/cosmos_virtualenv.lock.
[2025-09-22T08:28:47.167+0000] {virtualenv.py:122} INFO - Waiting for virtualenv lock to be released
[2025-09-22T08:28:48.168+0000] {virtualenv.py:178} INFO - Checking for running process with PID 4937
[2025-09-22T08:28:48.169+0000] {virtualenv.py:181} INFO - Process 4937 running: True and has the lock /opt/***/cosmos_venvs/ecom_intermediate/cosmos_virtualenv.lock.
[2025-09-22T08:28:48.170+0000] {virtualenv.py:122} INFO - Waiting for virtualenv lock to be released
[2025-09-22T08:28:49.171+0000] {virtualenv.py:178} INFO - Checking for running process with PID 4937
[2025-09-22T08:28:49.172+0000] {virtualenv.py:181} INFO - Process 4937 running: True and has the lock /opt/***/cosmos_venvs/ecom_intermediate/cosmos_virtualenv.lock.
[2025-09-22T08:28:49.172+0000] {virtualenv.py:122} INFO - Waiting for virtualenv lock to be released
[2025-09-22T08:28:50.174+0000] {virtualenv.py:178} INFO - Checking for running process with PID 4937
[2025-09-22T08:28:50.174+0000] {virtualenv.py:181} INFO - Process 4937 running: True and has the lock /opt/***/cosmos_venvs/ecom_intermediate/cosmos_virtualenv.lock.
[2025-09-22T08:28:50.175+0000] {virtualenv.py:122} INFO - Waiting for virtualenv lock to be released
[2025-09-22T08:28:51.176+0000] {virtualenv.py:178} INFO - Checking for running process with PID 4937
[2025-09-22T08:28:51.177+0000] {virtualenv.py:181} INFO - Process 4937 running: True and has the lock /opt/***/cosmos_venvs/ecom_intermediate/cosmos_virtualenv.lock.
[2025-09-22T08:28:51.178+0000] {virtualenv.py:122} INFO - Waiting for virtualenv lock to be released
[2025-09-22T08:28:52.179+0000] {virtualenv.py:178} INFO - Checking for running process with PID 4937
[2025-09-22T08:28:52.180+0000] {virtualenv.py:181} INFO - Process 4937 running: True and has the lock /opt/***/cosmos_venvs/ecom_intermediate/cosmos_virtualenv.lock.
[2025-09-22T08:28:52.181+0000] {virtualenv.py:122} INFO - Waiting for virtualenv lock to be released
[2025-09-22T08:28:53.182+0000] {virtualenv.py:178} INFO - Checking for running process with PID 4937
[2025-09-22T08:28:53.183+0000] {virtualenv.py:181} INFO - Process 4937 running: True and has the lock /opt/***/cosmos_venvs/ecom_intermediate/cosmos_virtualenv.lock.
[2025-09-22T08:28:53.184+0000] {virtualenv.py:122} INFO - Waiting for virtualenv lock to be released
[2025-09-22T08:28:54.186+0000] {virtualenv.py:178} INFO - Checking for running process with PID 4937
[2025-09-22T08:28:54.187+0000] {virtualenv.py:181} INFO - Process 4937 running: True and has the lock /opt/***/cosmos_venvs/ecom_intermediate/cosmos_virtualenv.lock.
[2025-09-22T08:28:54.187+0000] {virtualenv.py:122} INFO - Waiting for virtualenv lock to be released
[2025-09-22T08:28:55.189+0000] {virtualenv.py:178} INFO - Checking for running process with PID 4943
[2025-09-22T08:28:55.190+0000] {virtualenv.py:181} INFO - Process 4943 running: True and has the lock /opt/***/cosmos_venvs/ecom_intermediate/cosmos_virtualenv.lock.
[2025-09-22T08:28:55.191+0000] {virtualenv.py:122} INFO - Waiting for virtualenv lock to be released
[2025-09-22T08:28:56.193+0000] {virtualenv.py:178} INFO - Checking for running process with PID 4943
[2025-09-22T08:28:56.193+0000] {virtualenv.py:181} INFO - Process 4943 running: True and has the lock /opt/***/cosmos_venvs/ecom_intermediate/cosmos_virtualenv.lock.
[2025-09-22T08:28:56.194+0000] {virtualenv.py:122} INFO - Waiting for virtualenv lock to be released
[2025-09-22T08:28:57.196+0000] {virtualenv.py:178} INFO - Checking for running process with PID 4943
[2025-09-22T08:28:57.196+0000] {virtualenv.py:181} INFO - Process 4943 running: True and has the lock /opt/***/cosmos_venvs/ecom_intermediate/cosmos_virtualenv.lock.
[2025-09-22T08:28:57.197+0000] {virtualenv.py:122} INFO - Waiting for virtualenv lock to be released
[2025-09-22T08:28:58.198+0000] {virtualenv.py:178} INFO - Checking for running process with PID 4943
[2025-09-22T08:28:58.200+0000] {virtualenv.py:181} INFO - Process 4943 running: True and has the lock /opt/***/cosmos_venvs/ecom_intermediate/cosmos_virtualenv.lock.
[2025-09-22T08:28:58.203+0000] {virtualenv.py:122} INFO - Waiting for virtualenv lock to be released
[2025-09-22T08:28:59.207+0000] {virtualenv.py:178} INFO - Checking for running process with PID 4943
[2025-09-22T08:28:59.209+0000] {virtualenv.py:181} INFO - Process 4943 running: True and has the lock /opt/***/cosmos_venvs/ecom_intermediate/cosmos_virtualenv.lock.
[2025-09-22T08:28:59.211+0000] {virtualenv.py:122} INFO - Waiting for virtualenv lock to be released
[2025-09-22T08:29:00.213+0000] {virtualenv.py:178} INFO - Checking for running process with PID 4943
[2025-09-22T08:29:00.214+0000] {virtualenv.py:181} INFO - Process 4943 running: True and has the lock /opt/***/cosmos_venvs/ecom_intermediate/cosmos_virtualenv.lock.
[2025-09-22T08:29:00.214+0000] {virtualenv.py:122} INFO - Waiting for virtualenv lock to be released
[2025-09-22T08:29:01.215+0000] {virtualenv.py:178} INFO - Checking for running process with PID 4943
[2025-09-22T08:29:01.217+0000] {virtualenv.py:181} INFO - Process 4943 running: True and has the lock /opt/***/cosmos_venvs/ecom_intermediate/cosmos_virtualenv.lock.
[2025-09-22T08:29:01.218+0000] {virtualenv.py:122} INFO - Waiting for virtualenv lock to be released
[2025-09-22T08:29:02.219+0000] {virtualenv.py:178} INFO - Checking for running process with PID 4943
[2025-09-22T08:29:02.220+0000] {virtualenv.py:181} INFO - Process 4943 running: True and has the lock /opt/***/cosmos_venvs/ecom_intermediate/cosmos_virtualenv.lock.
[2025-09-22T08:29:02.221+0000] {virtualenv.py:122} INFO - Waiting for virtualenv lock to be released
[2025-09-22T08:29:03.223+0000] {virtualenv.py:178} INFO - Checking for running process with PID 4943
[2025-09-22T08:29:03.225+0000] {virtualenv.py:181} INFO - Process 4943 running: True and has the lock /opt/***/cosmos_venvs/ecom_intermediate/cosmos_virtualenv.lock.
[2025-09-22T08:29:03.226+0000] {virtualenv.py:122} INFO - Waiting for virtualenv lock to be released
[2025-09-22T08:29:04.228+0000] {virtualenv.py:178} INFO - Checking for running process with PID 4943
[2025-09-22T08:29:04.229+0000] {virtualenv.py:181} INFO - Process 4943 running: True and has the lock /opt/***/cosmos_venvs/ecom_intermediate/cosmos_virtualenv.lock.
[2025-09-22T08:29:04.229+0000] {virtualenv.py:122} INFO - Waiting for virtualenv lock to be released
[2025-09-22T08:29:05.231+0000] {virtualenv.py:178} INFO - Checking for running process with PID 4943
[2025-09-22T08:29:05.232+0000] {virtualenv.py:181} INFO - Process 4943 running: True and has the lock /opt/***/cosmos_venvs/ecom_intermediate/cosmos_virtualenv.lock.
[2025-09-22T08:29:05.233+0000] {virtualenv.py:122} INFO - Waiting for virtualenv lock to be released
[2025-09-22T08:29:06.234+0000] {virtualenv.py:178} INFO - Checking for running process with PID 4943
[2025-09-22T08:29:06.235+0000] {virtualenv.py:181} INFO - Process 4943 running: True and has the lock /opt/***/cosmos_venvs/ecom_intermediate/cosmos_virtualenv.lock.
[2025-09-22T08:29:06.236+0000] {virtualenv.py:122} INFO - Waiting for virtualenv lock to be released
[2025-09-22T08:29:07.238+0000] {virtualenv.py:178} INFO - Checking for running process with PID 4943
[2025-09-22T08:29:07.238+0000] {virtualenv.py:181} INFO - Process 4943 running: True and has the lock /opt/***/cosmos_venvs/ecom_intermediate/cosmos_virtualenv.lock.
[2025-09-22T08:29:07.239+0000] {virtualenv.py:122} INFO - Waiting for virtualenv lock to be released
[2025-09-22T08:29:08.241+0000] {virtualenv.py:178} INFO - Checking for running process with PID 4943
[2025-09-22T08:29:08.243+0000] {virtualenv.py:181} INFO - Process 4943 running: True and has the lock /opt/***/cosmos_venvs/ecom_intermediate/cosmos_virtualenv.lock.
[2025-09-22T08:29:08.244+0000] {virtualenv.py:122} INFO - Waiting for virtualenv lock to be released
[2025-09-22T08:29:09.246+0000] {virtualenv.py:178} INFO - Checking for running process with PID 4943
[2025-09-22T08:29:09.246+0000] {virtualenv.py:181} INFO - Process 4943 running: True and has the lock /opt/***/cosmos_venvs/ecom_intermediate/cosmos_virtualenv.lock.
[2025-09-22T08:29:09.247+0000] {virtualenv.py:122} INFO - Waiting for virtualenv lock to be released
[2025-09-22T08:29:10.249+0000] {virtualenv.py:178} INFO - Checking for running process with PID 5022
[2025-09-22T08:29:10.249+0000] {virtualenv.py:181} INFO - Process 5022 running: True and has the lock /opt/***/cosmos_venvs/ecom_intermediate/cosmos_virtualenv.lock.
[2025-09-22T08:29:10.250+0000] {virtualenv.py:122} INFO - Waiting for virtualenv lock to be released
[2025-09-22T08:29:11.252+0000] {virtualenv.py:178} INFO - Checking for running process with PID 5022
[2025-09-22T08:29:11.253+0000] {virtualenv.py:181} INFO - Process 5022 running: True and has the lock /opt/***/cosmos_venvs/ecom_intermediate/cosmos_virtualenv.lock.
[2025-09-22T08:29:11.254+0000] {virtualenv.py:122} INFO - Waiting for virtualenv lock to be released
[2025-09-22T08:29:12.255+0000] {virtualenv.py:178} INFO - Checking for running process with PID 5022
[2025-09-22T08:29:12.256+0000] {virtualenv.py:181} INFO - Process 5022 running: True and has the lock /opt/***/cosmos_venvs/ecom_intermediate/cosmos_virtualenv.lock.
[2025-09-22T08:29:12.257+0000] {virtualenv.py:122} INFO - Waiting for virtualenv lock to be released
[2025-09-22T08:29:13.258+0000] {virtualenv.py:178} INFO - Checking for running process with PID 5022
[2025-09-22T08:29:13.258+0000] {virtualenv.py:181} INFO - Process 5022 running: True and has the lock /opt/***/cosmos_venvs/ecom_intermediate/cosmos_virtualenv.lock.
[2025-09-22T08:29:13.259+0000] {virtualenv.py:122} INFO - Waiting for virtualenv lock to be released
[2025-09-22T08:29:14.260+0000] {virtualenv.py:178} INFO - Checking for running process with PID 5022
[2025-09-22T08:29:14.261+0000] {virtualenv.py:181} INFO - Process 5022 running: True and has the lock /opt/***/cosmos_venvs/ecom_intermediate/cosmos_virtualenv.lock.
[2025-09-22T08:29:14.261+0000] {virtualenv.py:122} INFO - Waiting for virtualenv lock to be released
[2025-09-22T08:29:15.263+0000] {virtualenv.py:178} INFO - Checking for running process with PID 5022
[2025-09-22T08:29:15.263+0000] {virtualenv.py:181} INFO - Process 5022 running: True and has the lock /opt/***/cosmos_venvs/ecom_intermediate/cosmos_virtualenv.lock.
[2025-09-22T08:29:15.263+0000] {virtualenv.py:122} INFO - Waiting for virtualenv lock to be released
[2025-09-22T08:29:16.264+0000] {virtualenv.py:178} INFO - Checking for running process with PID 5022
[2025-09-22T08:29:16.265+0000] {virtualenv.py:181} INFO - Process 5022 running: True and has the lock /opt/***/cosmos_venvs/ecom_intermediate/cosmos_virtualenv.lock.
[2025-09-22T08:29:16.266+0000] {virtualenv.py:122} INFO - Waiting for virtualenv lock to be released
[2025-09-22T08:29:17.268+0000] {virtualenv.py:178} INFO - Checking for running process with PID 5022
[2025-09-22T08:29:17.268+0000] {virtualenv.py:181} INFO - Process 5022 running: True and has the lock /opt/***/cosmos_venvs/ecom_intermediate/cosmos_virtualenv.lock.
[2025-09-22T08:29:17.269+0000] {virtualenv.py:122} INFO - Waiting for virtualenv lock to be released
[2025-09-22T08:29:18.270+0000] {virtualenv.py:178} INFO - Checking for running process with PID 5022
[2025-09-22T08:29:18.271+0000] {virtualenv.py:181} INFO - Process 5022 running: True and has the lock /opt/***/cosmos_venvs/ecom_intermediate/cosmos_virtualenv.lock.
[2025-09-22T08:29:18.272+0000] {virtualenv.py:122} INFO - Waiting for virtualenv lock to be released
[2025-09-22T08:29:19.272+0000] {virtualenv.py:178} INFO - Checking for running process with PID 5022
[2025-09-22T08:29:19.273+0000] {virtualenv.py:181} INFO - Process 5022 running: True and has the lock /opt/***/cosmos_venvs/ecom_intermediate/cosmos_virtualenv.lock.
[2025-09-22T08:29:19.274+0000] {virtualenv.py:122} INFO - Waiting for virtualenv lock to be released
[2025-09-22T08:29:20.275+0000] {virtualenv.py:178} INFO - Checking for running process with PID 5022
[2025-09-22T08:29:20.276+0000] {virtualenv.py:181} INFO - Process 5022 running: True and has the lock /opt/***/cosmos_venvs/ecom_intermediate/cosmos_virtualenv.lock.
[2025-09-22T08:29:20.277+0000] {virtualenv.py:122} INFO - Waiting for virtualenv lock to be released
[2025-09-22T08:29:21.278+0000] {virtualenv.py:178} INFO - Checking for running process with PID 5022
[2025-09-22T08:29:21.279+0000] {virtualenv.py:181} INFO - Process 5022 running: True and has the lock /opt/***/cosmos_venvs/ecom_intermediate/cosmos_virtualenv.lock.
[2025-09-22T08:29:21.279+0000] {virtualenv.py:122} INFO - Waiting for virtualenv lock to be released
[2025-09-22T08:29:22.281+0000] {virtualenv.py:178} INFO - Checking for running process with PID 5022
[2025-09-22T08:29:22.282+0000] {virtualenv.py:181} INFO - Process 5022 running: True and has the lock /opt/***/cosmos_venvs/ecom_intermediate/cosmos_virtualenv.lock.
[2025-09-22T08:29:22.283+0000] {virtualenv.py:122} INFO - Waiting for virtualenv lock to be released
[2025-09-22T08:29:23.285+0000] {virtualenv.py:178} INFO - Checking for running process with PID 5022
[2025-09-22T08:29:23.285+0000] {virtualenv.py:181} INFO - Process 5022 running: True and has the lock /opt/***/cosmos_venvs/ecom_intermediate/cosmos_virtualenv.lock.
[2025-09-22T08:29:23.286+0000] {virtualenv.py:122} INFO - Waiting for virtualenv lock to be released
[2025-09-22T08:29:24.288+0000] {virtualenv.py:178} INFO - Checking for running process with PID 5022
[2025-09-22T08:29:24.288+0000] {virtualenv.py:181} INFO - Process 5022 running: True and has the lock /opt/***/cosmos_venvs/ecom_intermediate/cosmos_virtualenv.lock.
[2025-09-22T08:29:24.289+0000] {virtualenv.py:122} INFO - Waiting for virtualenv lock to be released
[2025-09-22T08:29:25.291+0000] {virtualenv.py:178} INFO - Checking for running process with PID 5022
[2025-09-22T08:29:25.293+0000] {virtualenv.py:181} INFO - Process 5022 running: True and has the lock /opt/***/cosmos_venvs/ecom_intermediate/cosmos_virtualenv.lock.
[2025-09-22T08:29:25.294+0000] {virtualenv.py:122} INFO - Waiting for virtualenv lock to be released
[2025-09-22T08:29:26.296+0000] {virtualenv.py:178} INFO - Checking for running process with PID 5156
[2025-09-22T08:29:26.298+0000] {virtualenv.py:181} INFO - Process 5156 running: True and has the lock /opt/***/cosmos_venvs/ecom_intermediate/cosmos_virtualenv.lock.
[2025-09-22T08:29:26.298+0000] {virtualenv.py:122} INFO - Waiting for virtualenv lock to be released
[2025-09-22T08:29:27.300+0000] {virtualenv.py:178} INFO - Checking for running process with PID 5156
[2025-09-22T08:29:27.301+0000] {virtualenv.py:181} INFO - Process 5156 running: True and has the lock /opt/***/cosmos_venvs/ecom_intermediate/cosmos_virtualenv.lock.
[2025-09-22T08:29:27.301+0000] {virtualenv.py:122} INFO - Waiting for virtualenv lock to be released
[2025-09-22T08:29:28.301+0000] {virtualenv.py:178} INFO - Checking for running process with PID 5156
[2025-09-22T08:29:28.302+0000] {virtualenv.py:181} INFO - Process 5156 running: True and has the lock /opt/***/cosmos_venvs/ecom_intermediate/cosmos_virtualenv.lock.
[2025-09-22T08:29:28.303+0000] {virtualenv.py:122} INFO - Waiting for virtualenv lock to be released
[2025-09-22T08:29:29.305+0000] {virtualenv.py:178} INFO - Checking for running process with PID 5156
[2025-09-22T08:29:29.306+0000] {virtualenv.py:181} INFO - Process 5156 running: True and has the lock /opt/***/cosmos_venvs/ecom_intermediate/cosmos_virtualenv.lock.
[2025-09-22T08:29:29.306+0000] {virtualenv.py:122} INFO - Waiting for virtualenv lock to be released
[2025-09-22T08:29:30.308+0000] {virtualenv.py:178} INFO - Checking for running process with PID 5156
[2025-09-22T08:29:30.309+0000] {virtualenv.py:181} INFO - Process 5156 running: True and has the lock /opt/***/cosmos_venvs/ecom_intermediate/cosmos_virtualenv.lock.
[2025-09-22T08:29:30.310+0000] {virtualenv.py:122} INFO - Waiting for virtualenv lock to be released
[2025-09-22T08:29:31.312+0000] {virtualenv.py:178} INFO - Checking for running process with PID 5156
[2025-09-22T08:29:31.313+0000] {virtualenv.py:181} INFO - Process 5156 running: True and has the lock /opt/***/cosmos_venvs/ecom_intermediate/cosmos_virtualenv.lock.
[2025-09-22T08:29:31.313+0000] {virtualenv.py:122} INFO - Waiting for virtualenv lock to be released
[2025-09-22T08:29:32.315+0000] {virtualenv.py:178} INFO - Checking for running process with PID 5156
[2025-09-22T08:29:32.316+0000] {virtualenv.py:181} INFO - Process 5156 running: True and has the lock /opt/***/cosmos_venvs/ecom_intermediate/cosmos_virtualenv.lock.
[2025-09-22T08:29:32.316+0000] {virtualenv.py:122} INFO - Waiting for virtualenv lock to be released
[2025-09-22T08:29:33.317+0000] {virtualenv.py:178} INFO - Checking for running process with PID 5156
[2025-09-22T08:29:33.317+0000] {virtualenv.py:181} INFO - Process 5156 running: True and has the lock /opt/***/cosmos_venvs/ecom_intermediate/cosmos_virtualenv.lock.
[2025-09-22T08:29:33.318+0000] {virtualenv.py:122} INFO - Waiting for virtualenv lock to be released
[2025-09-22T08:29:34.319+0000] {virtualenv.py:178} INFO - Checking for running process with PID 5156
[2025-09-22T08:29:34.320+0000] {virtualenv.py:181} INFO - Process 5156 running: True and has the lock /opt/***/cosmos_venvs/ecom_intermediate/cosmos_virtualenv.lock.
[2025-09-22T08:29:34.321+0000] {virtualenv.py:122} INFO - Waiting for virtualenv lock to be released
[2025-09-22T08:29:35.322+0000] {virtualenv.py:178} INFO - Checking for running process with PID 5156
[2025-09-22T08:29:35.323+0000] {virtualenv.py:181} INFO - Process 5156 running: True and has the lock /opt/***/cosmos_venvs/ecom_intermediate/cosmos_virtualenv.lock.
[2025-09-22T08:29:35.323+0000] {virtualenv.py:122} INFO - Waiting for virtualenv lock to be released
[2025-09-22T08:29:36.325+0000] {virtualenv.py:178} INFO - Checking for running process with PID 5156
[2025-09-22T08:29:36.325+0000] {virtualenv.py:181} INFO - Process 5156 running: True and has the lock /opt/***/cosmos_venvs/ecom_intermediate/cosmos_virtualenv.lock.
[2025-09-22T08:29:36.326+0000] {virtualenv.py:122} INFO - Waiting for virtualenv lock to be released
[2025-09-22T08:29:37.327+0000] {virtualenv.py:178} INFO - Checking for running process with PID 5156
[2025-09-22T08:29:37.328+0000] {virtualenv.py:181} INFO - Process 5156 running: True and has the lock /opt/***/cosmos_venvs/ecom_intermediate/cosmos_virtualenv.lock.
[2025-09-22T08:29:37.329+0000] {virtualenv.py:122} INFO - Waiting for virtualenv lock to be released
[2025-09-22T08:29:38.330+0000] {virtualenv.py:178} INFO - Checking for running process with PID 5156
[2025-09-22T08:29:38.332+0000] {virtualenv.py:181} INFO - Process 5156 running: True and has the lock /opt/***/cosmos_venvs/ecom_intermediate/cosmos_virtualenv.lock.
[2025-09-22T08:29:38.336+0000] {virtualenv.py:122} INFO - Waiting for virtualenv lock to be released
[2025-09-22T08:29:39.339+0000] {virtualenv.py:178} INFO - Checking for running process with PID 5156
[2025-09-22T08:29:39.339+0000] {virtualenv.py:181} INFO - Process 5156 running: True and has the lock /opt/***/cosmos_venvs/ecom_intermediate/cosmos_virtualenv.lock.
[2025-09-22T08:29:39.340+0000] {virtualenv.py:122} INFO - Waiting for virtualenv lock to be released
[2025-09-22T08:29:40.342+0000] {virtualenv.py:178} INFO - Checking for running process with PID 5156
[2025-09-22T08:29:40.345+0000] {virtualenv.py:181} INFO - Process 5156 running: True and has the lock /opt/***/cosmos_venvs/ecom_intermediate/cosmos_virtualenv.lock.
[2025-09-22T08:29:40.346+0000] {virtualenv.py:122} INFO - Waiting for virtualenv lock to be released
[2025-09-22T08:29:41.347+0000] {virtualenv.py:178} INFO - Checking for running process with PID 5156
[2025-09-22T08:29:41.348+0000] {virtualenv.py:181} INFO - Process 5156 running: True and has the lock /opt/***/cosmos_venvs/ecom_intermediate/cosmos_virtualenv.lock.
[2025-09-22T08:29:41.348+0000] {virtualenv.py:122} INFO - Waiting for virtualenv lock to be released
[2025-09-22T08:29:42.349+0000] {virtualenv.py:178} INFO - Checking for running process with PID 5156
[2025-09-22T08:29:42.350+0000] {virtualenv.py:181} INFO - Process 5156 running: True and has the lock /opt/***/cosmos_venvs/ecom_intermediate/cosmos_virtualenv.lock.
[2025-09-22T08:29:42.350+0000] {virtualenv.py:122} INFO - Waiting for virtualenv lock to be released
[2025-09-22T08:29:43.352+0000] {virtualenv.py:178} INFO - Checking for running process with PID 4938
[2025-09-22T08:29:43.353+0000] {virtualenv.py:181} INFO - Process 4938 running: True and has the lock /opt/***/cosmos_venvs/ecom_intermediate/cosmos_virtualenv.lock.
[2025-09-22T08:29:43.353+0000] {virtualenv.py:122} INFO - Waiting for virtualenv lock to be released
[2025-09-22T08:29:44.355+0000] {virtualenv.py:178} INFO - Checking for running process with PID 4938
[2025-09-22T08:29:44.356+0000] {virtualenv.py:181} INFO - Process 4938 running: True and has the lock /opt/***/cosmos_venvs/ecom_intermediate/cosmos_virtualenv.lock.
[2025-09-22T08:29:44.356+0000] {virtualenv.py:122} INFO - Waiting for virtualenv lock to be released
[2025-09-22T08:29:45.357+0000] {virtualenv.py:178} INFO - Checking for running process with PID 4938
[2025-09-22T08:29:45.358+0000] {virtualenv.py:181} INFO - Process 4938 running: True and has the lock /opt/***/cosmos_venvs/ecom_intermediate/cosmos_virtualenv.lock.
[2025-09-22T08:29:45.359+0000] {virtualenv.py:122} INFO - Waiting for virtualenv lock to be released
[2025-09-22T08:29:46.361+0000] {virtualenv.py:178} INFO - Checking for running process with PID 4938
[2025-09-22T08:29:46.361+0000] {virtualenv.py:181} INFO - Process 4938 running: True and has the lock /opt/***/cosmos_venvs/ecom_intermediate/cosmos_virtualenv.lock.
[2025-09-22T08:29:46.362+0000] {virtualenv.py:122} INFO - Waiting for virtualenv lock to be released
[2025-09-22T08:29:47.364+0000] {virtualenv.py:178} INFO - Checking for running process with PID 4938
[2025-09-22T08:29:47.365+0000] {virtualenv.py:181} INFO - Process 4938 running: True and has the lock /opt/***/cosmos_venvs/ecom_intermediate/cosmos_virtualenv.lock.
[2025-09-22T08:29:47.366+0000] {virtualenv.py:122} INFO - Waiting for virtualenv lock to be released
[2025-09-22T08:29:48.367+0000] {virtualenv.py:178} INFO - Checking for running process with PID 4938
[2025-09-22T08:29:48.369+0000] {virtualenv.py:181} INFO - Process 4938 running: True and has the lock /opt/***/cosmos_venvs/ecom_intermediate/cosmos_virtualenv.lock.
[2025-09-22T08:29:48.369+0000] {virtualenv.py:122} INFO - Waiting for virtualenv lock to be released
[2025-09-22T08:29:49.371+0000] {virtualenv.py:178} INFO - Checking for running process with PID 4938
[2025-09-22T08:29:49.372+0000] {virtualenv.py:181} INFO - Process 4938 running: True and has the lock /opt/***/cosmos_venvs/ecom_intermediate/cosmos_virtualenv.lock.
[2025-09-22T08:29:49.372+0000] {virtualenv.py:122} INFO - Waiting for virtualenv lock to be released
[2025-09-22T08:29:50.373+0000] {virtualenv.py:178} INFO - Checking for running process with PID 4938
[2025-09-22T08:29:50.374+0000] {virtualenv.py:181} INFO - Process 4938 running: True and has the lock /opt/***/cosmos_venvs/ecom_intermediate/cosmos_virtualenv.lock.
[2025-09-22T08:29:50.374+0000] {virtualenv.py:122} INFO - Waiting for virtualenv lock to be released
[2025-09-22T08:29:51.375+0000] {virtualenv.py:178} INFO - Checking for running process with PID 4938
[2025-09-22T08:29:51.376+0000] {virtualenv.py:181} INFO - Process 4938 running: True and has the lock /opt/***/cosmos_venvs/ecom_intermediate/cosmos_virtualenv.lock.
[2025-09-22T08:29:51.377+0000] {virtualenv.py:122} INFO - Waiting for virtualenv lock to be released
[2025-09-22T08:29:52.379+0000] {virtualenv.py:178} INFO - Checking for running process with PID 4938
[2025-09-22T08:29:52.380+0000] {virtualenv.py:181} INFO - Process 4938 running: True and has the lock /opt/***/cosmos_venvs/ecom_intermediate/cosmos_virtualenv.lock.
[2025-09-22T08:29:52.380+0000] {virtualenv.py:122} INFO - Waiting for virtualenv lock to be released
[2025-09-22T08:29:53.381+0000] {virtualenv.py:178} INFO - Checking for running process with PID 4938
[2025-09-22T08:29:53.382+0000] {virtualenv.py:181} INFO - Process 4938 running: True and has the lock /opt/***/cosmos_venvs/ecom_intermediate/cosmos_virtualenv.lock.
[2025-09-22T08:29:53.382+0000] {virtualenv.py:122} INFO - Waiting for virtualenv lock to be released
[2025-09-22T08:29:54.384+0000] {virtualenv.py:178} INFO - Checking for running process with PID 4938
[2025-09-22T08:29:54.385+0000] {virtualenv.py:181} INFO - Process 4938 running: True and has the lock /opt/***/cosmos_venvs/ecom_intermediate/cosmos_virtualenv.lock.
[2025-09-22T08:29:54.386+0000] {virtualenv.py:122} INFO - Waiting for virtualenv lock to be released
[2025-09-22T08:29:55.388+0000] {virtualenv.py:178} INFO - Checking for running process with PID 4938
[2025-09-22T08:29:55.389+0000] {virtualenv.py:181} INFO - Process 4938 running: True and has the lock /opt/***/cosmos_venvs/ecom_intermediate/cosmos_virtualenv.lock.
[2025-09-22T08:29:55.390+0000] {virtualenv.py:122} INFO - Waiting for virtualenv lock to be released
[2025-09-22T08:29:56.392+0000] {virtualenv.py:178} INFO - Checking for running process with PID 4938
[2025-09-22T08:29:56.392+0000] {virtualenv.py:181} INFO - Process 4938 running: True and has the lock /opt/***/cosmos_venvs/ecom_intermediate/cosmos_virtualenv.lock.
[2025-09-22T08:29:56.393+0000] {virtualenv.py:122} INFO - Waiting for virtualenv lock to be released
[2025-09-22T08:29:57.394+0000] {virtualenv.py:178} INFO - Checking for running process with PID 4938
[2025-09-22T08:29:57.395+0000] {virtualenv.py:181} INFO - Process 4938 running: True and has the lock /opt/***/cosmos_venvs/ecom_intermediate/cosmos_virtualenv.lock.
[2025-09-22T08:29:57.396+0000] {virtualenv.py:122} INFO - Waiting for virtualenv lock to be released
[2025-09-22T08:29:58.396+0000] {virtualenv.py:178} INFO - Checking for running process with PID 4938
[2025-09-22T08:29:58.397+0000] {virtualenv.py:181} INFO - Process 4938 running: True and has the lock /opt/***/cosmos_venvs/ecom_intermediate/cosmos_virtualenv.lock.
[2025-09-22T08:29:58.399+0000] {virtualenv.py:122} INFO - Waiting for virtualenv lock to be released
[2025-09-22T08:29:59.401+0000] {virtualenv.py:178} INFO - Checking for running process with PID 4945
[2025-09-22T08:29:59.402+0000] {virtualenv.py:181} INFO - Process 4945 running: True and has the lock /opt/***/cosmos_venvs/ecom_intermediate/cosmos_virtualenv.lock.
[2025-09-22T08:29:59.402+0000] {virtualenv.py:122} INFO - Waiting for virtualenv lock to be released
[2025-09-22T08:30:00.404+0000] {virtualenv.py:178} INFO - Checking for running process with PID 4945
[2025-09-22T08:30:00.405+0000] {virtualenv.py:181} INFO - Process 4945 running: True and has the lock /opt/***/cosmos_venvs/ecom_intermediate/cosmos_virtualenv.lock.
[2025-09-22T08:30:00.405+0000] {virtualenv.py:122} INFO - Waiting for virtualenv lock to be released
[2025-09-22T08:30:01.407+0000] {virtualenv.py:178} INFO - Checking for running process with PID 4945
[2025-09-22T08:30:01.408+0000] {virtualenv.py:181} INFO - Process 4945 running: True and has the lock /opt/***/cosmos_venvs/ecom_intermediate/cosmos_virtualenv.lock.
[2025-09-22T08:30:01.409+0000] {virtualenv.py:122} INFO - Waiting for virtualenv lock to be released
[2025-09-22T08:30:02.411+0000] {virtualenv.py:178} INFO - Checking for running process with PID 4945
[2025-09-22T08:30:02.412+0000] {virtualenv.py:181} INFO - Process 4945 running: True and has the lock /opt/***/cosmos_venvs/ecom_intermediate/cosmos_virtualenv.lock.
[2025-09-22T08:30:02.412+0000] {virtualenv.py:122} INFO - Waiting for virtualenv lock to be released
[2025-09-22T08:30:03.414+0000] {virtualenv.py:178} INFO - Checking for running process with PID 4945
[2025-09-22T08:30:03.414+0000] {virtualenv.py:181} INFO - Process 4945 running: True and has the lock /opt/***/cosmos_venvs/ecom_intermediate/cosmos_virtualenv.lock.
[2025-09-22T08:30:03.415+0000] {virtualenv.py:122} INFO - Waiting for virtualenv lock to be released
[2025-09-22T08:30:04.416+0000] {virtualenv.py:178} INFO - Checking for running process with PID 4945
[2025-09-22T08:30:04.417+0000] {virtualenv.py:181} INFO - Process 4945 running: True and has the lock /opt/***/cosmos_venvs/ecom_intermediate/cosmos_virtualenv.lock.
[2025-09-22T08:30:04.418+0000] {virtualenv.py:122} INFO - Waiting for virtualenv lock to be released
[2025-09-22T08:30:05.420+0000] {virtualenv.py:178} INFO - Checking for running process with PID 4945
[2025-09-22T08:30:05.421+0000] {virtualenv.py:181} INFO - Process 4945 running: True and has the lock /opt/***/cosmos_venvs/ecom_intermediate/cosmos_virtualenv.lock.
[2025-09-22T08:30:05.421+0000] {virtualenv.py:122} INFO - Waiting for virtualenv lock to be released
[2025-09-22T08:30:06.424+0000] {virtualenv.py:178} INFO - Checking for running process with PID 4945
[2025-09-22T08:30:06.425+0000] {virtualenv.py:181} INFO - Process 4945 running: True and has the lock /opt/***/cosmos_venvs/ecom_intermediate/cosmos_virtualenv.lock.
[2025-09-22T08:30:06.426+0000] {virtualenv.py:122} INFO - Waiting for virtualenv lock to be released
[2025-09-22T08:30:07.428+0000] {virtualenv.py:178} INFO - Checking for running process with PID 4945
[2025-09-22T08:30:07.429+0000] {virtualenv.py:181} INFO - Process 4945 running: True and has the lock /opt/***/cosmos_venvs/ecom_intermediate/cosmos_virtualenv.lock.
[2025-09-22T08:30:07.429+0000] {virtualenv.py:122} INFO - Waiting for virtualenv lock to be released
[2025-09-22T08:30:08.431+0000] {virtualenv.py:178} INFO - Checking for running process with PID 4945
[2025-09-22T08:30:08.433+0000] {virtualenv.py:181} INFO - Process 4945 running: True and has the lock /opt/***/cosmos_venvs/ecom_intermediate/cosmos_virtualenv.lock.
[2025-09-22T08:30:08.434+0000] {virtualenv.py:122} INFO - Waiting for virtualenv lock to be released
[2025-09-22T08:30:09.436+0000] {virtualenv.py:178} INFO - Checking for running process with PID 4945
[2025-09-22T08:30:09.448+0000] {virtualenv.py:181} INFO - Process 4945 running: True and has the lock /opt/***/cosmos_venvs/ecom_intermediate/cosmos_virtualenv.lock.
[2025-09-22T08:30:09.449+0000] {virtualenv.py:126} INFO - Acquiring the virtualenv lock
[2025-09-22T08:30:09.450+0000] {virtualenv.py:195} INFO - Acquiring lock at /opt/***/cosmos_venvs/ecom_intermediate/cosmos_virtualenv.lock with pid 4942
[2025-09-22T08:30:09.451+0000] {virtualenv.py:153} INFO - Creating or updating the virtualenv at `/opt/***/cosmos_venvs/ecom_intermediate
[2025-09-22T08:30:09.451+0000] {process_utils.py:183} INFO - Executing cmd: /home/***/.local/bin/python -m virtualenv /opt/***/cosmos_venvs/ecom_intermediate --python=python3
[2025-09-22T08:30:09.453+0000] {process_utils.py:187} INFO - Output:
[2025-09-22T08:30:10.906+0000] {process_utils.py:191} INFO - created virtual environment CPython3.10.14.final.0-64 in 585ms
[2025-09-22T08:30:10.907+0000] {process_utils.py:191} INFO -   creator CPython3Posix(dest=/opt/***/cosmos_venvs/ecom_intermediate, clear=False, no_vcs_ignore=False, global=False)
[2025-09-22T08:30:10.908+0000] {process_utils.py:191} INFO -   seeder FromAppData(download=False, pip=bundle, setuptools=bundle, wheel=bundle, via=copy, app_data_dir=/home/***/.local/share/virtualenv)
[2025-09-22T08:30:10.910+0000] {process_utils.py:191} INFO -     added seed packages: MarkupSafe==3.0.2, PyYAML==6.0.2, agate==1.9.1, annotated_types==0.7.0, attrs==25.3.0, babel==2.17.0, certifi==2025.8.3, charset_normalizer==3.4.3, click==8.3.0, clickhouse_connect==0.9.1, clickhouse_driver==0.2.9, colorama==0.4.6, daff==1.4.2, dbt_adapters==1.16.7, dbt_clickhouse==1.9.3, dbt_common==1.31.0, dbt_core==1.10.11, dbt_extractor==0.6.0, dbt_protos==1.0.375, dbt_semantic_interfaces==0.9.0, deepdiff==8.6.1, idna==3.10, importlib_metadata==8.7.0, isodate==0.6.1, jinja2==3.1.6, jsonschema==4.25.1, jsonschema_specifications==2025.9.1, leather==0.4.0, lz4==4.4.4, mashumaro==3.14, more_itertools==10.8.0, msgpack==1.1.1, networkx==3.4.2, orderly_set==5.5.0, packaging==25.0, parsedatetime==2.6, pathspec==0.12.1, pip==25.2, protobuf==6.32.1, pydantic==2.11.9, pydantic_core==2.33.2, python_dateutil==2.9.0.post0, python_slugify==8.0.4, pytimeparse==1.1.8, pytz==2025.2, referencing==0.36.2, requests==2.32.5, rpds_py==0.27.1, setuptools==80.9.0, six==1.17.0, snowplow_tracker==1.1.0, sqlparse==0.5.3, text_unidecode==1.3, typing_extensions==4.15.0, typing_inspection==0.4.1, tzlocal==5.3.1, urllib3==2.5.0, wheel==0.45.1, zipp==3.23.0, zstandard==0.25.0
[2025-09-22T08:30:10.911+0000] {process_utils.py:191} INFO -   activators BashActivator,CShellActivator,FishActivator,NushellActivator,PowerShellActivator,PythonActivator
[2025-09-22T08:30:11.048+0000] {process_utils.py:183} INFO - Executing cmd: /opt/***/cosmos_venvs/ecom_intermediate/bin/pip install dbt-clickhouse
[2025-09-22T08:30:11.049+0000] {process_utils.py:187} INFO - Output:
[2025-09-22T08:30:12.642+0000] {process_utils.py:191} INFO - Requirement already satisfied: dbt-clickhouse in ./cosmos_venvs/ecom_intermediate/lib/python3.10/site-packages (1.9.3)
[2025-09-22T08:30:12.644+0000] {process_utils.py:191} INFO - Requirement already satisfied: dbt-core>=1.9 in ./cosmos_venvs/ecom_intermediate/lib/python3.10/site-packages (from dbt-clickhouse) (1.10.11)
[2025-09-22T08:30:12.644+0000] {process_utils.py:191} INFO - Requirement already satisfied: clickhouse-connect>=0.6.22 in ./cosmos_venvs/ecom_intermediate/lib/python3.10/site-packages (from dbt-clickhouse) (0.9.1)
[2025-09-22T08:30:12.645+0000] {process_utils.py:191} INFO - Requirement already satisfied: clickhouse-driver>=0.2.6 in ./cosmos_venvs/ecom_intermediate/lib/python3.10/site-packages (from dbt-clickhouse) (0.2.9)
[2025-09-22T08:30:12.646+0000] {process_utils.py:191} INFO - Requirement already satisfied: setuptools>=0.69 in ./cosmos_venvs/ecom_intermediate/lib/python3.10/site-packages (from dbt-clickhouse) (80.9.0)
[2025-09-22T08:30:12.649+0000] {process_utils.py:191} INFO - Requirement already satisfied: certifi in ./cosmos_venvs/ecom_intermediate/lib/python3.10/site-packages (from clickhouse-connect>=0.6.22->dbt-clickhouse) (2025.8.3)
[2025-09-22T08:30:12.649+0000] {process_utils.py:191} INFO - Requirement already satisfied: urllib3>=1.26 in ./cosmos_venvs/ecom_intermediate/lib/python3.10/site-packages (from clickhouse-connect>=0.6.22->dbt-clickhouse) (2.5.0)
[2025-09-22T08:30:12.650+0000] {process_utils.py:191} INFO - Requirement already satisfied: pytz in ./cosmos_venvs/ecom_intermediate/lib/python3.10/site-packages (from clickhouse-connect>=0.6.22->dbt-clickhouse) (2025.2)
[2025-09-22T08:30:12.650+0000] {process_utils.py:191} INFO - Requirement already satisfied: zstandard in ./cosmos_venvs/ecom_intermediate/lib/python3.10/site-packages (from clickhouse-connect>=0.6.22->dbt-clickhouse) (0.25.0)
[2025-09-22T08:30:12.651+0000] {process_utils.py:191} INFO - Requirement already satisfied: lz4 in ./cosmos_venvs/ecom_intermediate/lib/python3.10/site-packages (from clickhouse-connect>=0.6.22->dbt-clickhouse) (4.4.4)
[2025-09-22T08:30:12.654+0000] {process_utils.py:191} INFO - Requirement already satisfied: tzlocal in ./cosmos_venvs/ecom_intermediate/lib/python3.10/site-packages (from clickhouse-driver>=0.2.6->dbt-clickhouse) (5.3.1)
[2025-09-22T08:30:12.658+0000] {process_utils.py:191} INFO - Requirement already satisfied: agate<1.10,>=1.7.0 in ./cosmos_venvs/ecom_intermediate/lib/python3.10/site-packages (from dbt-core>=1.9->dbt-clickhouse) (1.9.1)
[2025-09-22T08:30:12.658+0000] {process_utils.py:191} INFO - Requirement already satisfied: Jinja2<4,>=3.1.3 in ./cosmos_venvs/ecom_intermediate/lib/python3.10/site-packages (from dbt-core>=1.9->dbt-clickhouse) (3.1.6)
[2025-09-22T08:30:12.659+0000] {process_utils.py:191} INFO - Requirement already satisfied: mashumaro<3.15,>=3.9 in ./cosmos_venvs/ecom_intermediate/lib/python3.10/site-packages (from mashumaro[msgpack]<3.15,>=3.9->dbt-core>=1.9->dbt-clickhouse) (3.14)
[2025-09-22T08:30:12.660+0000] {process_utils.py:191} INFO - Requirement already satisfied: click<9.0,>=8.0.2 in ./cosmos_venvs/ecom_intermediate/lib/python3.10/site-packages (from dbt-core>=1.9->dbt-clickhouse) (8.3.0)
[2025-09-22T08:30:12.661+0000] {process_utils.py:191} INFO - Requirement already satisfied: jsonschema<5.0,>=4.19.1 in ./cosmos_venvs/ecom_intermediate/lib/python3.10/site-packages (from dbt-core>=1.9->dbt-clickhouse) (4.25.1)
[2025-09-22T08:30:12.662+0000] {process_utils.py:191} INFO - Requirement already satisfied: networkx<4.0,>=2.3 in ./cosmos_venvs/ecom_intermediate/lib/python3.10/site-packages (from dbt-core>=1.9->dbt-clickhouse) (3.4.2)
[2025-09-22T08:30:12.662+0000] {process_utils.py:191} INFO - Requirement already satisfied: protobuf<7.0,>=6.0 in ./cosmos_venvs/ecom_intermediate/lib/python3.10/site-packages (from dbt-core>=1.9->dbt-clickhouse) (6.32.1)
[2025-09-22T08:30:12.663+0000] {process_utils.py:191} INFO - Requirement already satisfied: requests<3.0.0 in ./cosmos_venvs/ecom_intermediate/lib/python3.10/site-packages (from dbt-core>=1.9->dbt-clickhouse) (2.32.5)
[2025-09-22T08:30:12.664+0000] {process_utils.py:191} INFO - Requirement already satisfied: snowplow-tracker<2.0,>=1.0.2 in ./cosmos_venvs/ecom_intermediate/lib/python3.10/site-packages (from dbt-core>=1.9->dbt-clickhouse) (1.1.0)
[2025-09-22T08:30:12.664+0000] {process_utils.py:191} INFO - Requirement already satisfied: pathspec<0.13,>=0.9 in ./cosmos_venvs/ecom_intermediate/lib/python3.10/site-packages (from dbt-core>=1.9->dbt-clickhouse) (0.12.1)
[2025-09-22T08:30:12.665+0000] {process_utils.py:191} INFO - Requirement already satisfied: sqlparse<0.6.0,>=0.5.0 in ./cosmos_venvs/ecom_intermediate/lib/python3.10/site-packages (from dbt-core>=1.9->dbt-clickhouse) (0.5.3)
[2025-09-22T08:30:12.666+0000] {process_utils.py:191} INFO - Requirement already satisfied: dbt-extractor<=0.6,>=0.5.0 in ./cosmos_venvs/ecom_intermediate/lib/python3.10/site-packages (from dbt-core>=1.9->dbt-clickhouse) (0.6.0)
[2025-09-22T08:30:12.667+0000] {process_utils.py:191} INFO - Requirement already satisfied: dbt-semantic-interfaces<0.10,>=0.9.0 in ./cosmos_venvs/ecom_intermediate/lib/python3.10/site-packages (from dbt-core>=1.9->dbt-clickhouse) (0.9.0)
[2025-09-22T08:30:12.668+0000] {process_utils.py:191} INFO - Requirement already satisfied: dbt-common<2.0,>=1.27.0 in ./cosmos_venvs/ecom_intermediate/lib/python3.10/site-packages (from dbt-core>=1.9->dbt-clickhouse) (1.31.0)
[2025-09-22T08:30:12.669+0000] {process_utils.py:191} INFO - Requirement already satisfied: dbt-adapters<2.0,>=1.15.5 in ./cosmos_venvs/ecom_intermediate/lib/python3.10/site-packages (from dbt-core>=1.9->dbt-clickhouse) (1.16.7)
[2025-09-22T08:30:12.670+0000] {process_utils.py:191} INFO - Requirement already satisfied: dbt-protos<2.0,>=1.0.346 in ./cosmos_venvs/ecom_intermediate/lib/python3.10/site-packages (from dbt-core>=1.9->dbt-clickhouse) (1.0.375)
[2025-09-22T08:30:12.670+0000] {process_utils.py:191} INFO - Requirement already satisfied: pydantic<3 in ./cosmos_venvs/ecom_intermediate/lib/python3.10/site-packages (from dbt-core>=1.9->dbt-clickhouse) (2.11.9)
[2025-09-22T08:30:12.671+0000] {process_utils.py:191} INFO - Requirement already satisfied: packaging>20.9 in ./cosmos_venvs/ecom_intermediate/lib/python3.10/site-packages (from dbt-core>=1.9->dbt-clickhouse) (25.0)
[2025-09-22T08:30:12.672+0000] {process_utils.py:191} INFO - Requirement already satisfied: pyyaml>=6.0 in ./cosmos_venvs/ecom_intermediate/lib/python3.10/site-packages (from dbt-core>=1.9->dbt-clickhouse) (6.0.2)
[2025-09-22T08:30:12.673+0000] {process_utils.py:191} INFO - Requirement already satisfied: daff>=1.3.46 in ./cosmos_venvs/ecom_intermediate/lib/python3.10/site-packages (from dbt-core>=1.9->dbt-clickhouse) (1.4.2)
[2025-09-22T08:30:12.675+0000] {process_utils.py:191} INFO - Requirement already satisfied: typing-extensions>=4.4 in ./cosmos_venvs/ecom_intermediate/lib/python3.10/site-packages (from dbt-core>=1.9->dbt-clickhouse) (4.15.0)
[2025-09-22T08:30:12.679+0000] {process_utils.py:191} INFO - Requirement already satisfied: Babel>=2.0 in ./cosmos_venvs/ecom_intermediate/lib/python3.10/site-packages (from agate<1.10,>=1.7.0->dbt-core>=1.9->dbt-clickhouse) (2.17.0)
[2025-09-22T08:30:12.680+0000] {process_utils.py:191} INFO - Requirement already satisfied: isodate>=0.5.4 in ./cosmos_venvs/ecom_intermediate/lib/python3.10/site-packages (from agate<1.10,>=1.7.0->dbt-core>=1.9->dbt-clickhouse) (0.6.1)
[2025-09-22T08:30:12.683+0000] {process_utils.py:191} INFO - Requirement already satisfied: leather>=0.3.2 in ./cosmos_venvs/ecom_intermediate/lib/python3.10/site-packages (from agate<1.10,>=1.7.0->dbt-core>=1.9->dbt-clickhouse) (0.4.0)
[2025-09-22T08:30:12.684+0000] {process_utils.py:191} INFO - Requirement already satisfied: parsedatetime!=2.5,>=2.1 in ./cosmos_venvs/ecom_intermediate/lib/python3.10/site-packages (from agate<1.10,>=1.7.0->dbt-core>=1.9->dbt-clickhouse) (2.6)
[2025-09-22T08:30:12.685+0000] {process_utils.py:191} INFO - Requirement already satisfied: python-slugify>=1.2.1 in ./cosmos_venvs/ecom_intermediate/lib/python3.10/site-packages (from agate<1.10,>=1.7.0->dbt-core>=1.9->dbt-clickhouse) (8.0.4)
[2025-09-22T08:30:12.685+0000] {process_utils.py:191} INFO - Requirement already satisfied: pytimeparse>=1.1.5 in ./cosmos_venvs/ecom_intermediate/lib/python3.10/site-packages (from agate<1.10,>=1.7.0->dbt-core>=1.9->dbt-clickhouse) (1.1.8)
[2025-09-22T08:30:12.700+0000] {process_utils.py:191} INFO - Requirement already satisfied: colorama<0.5,>=0.3.9 in ./cosmos_venvs/ecom_intermediate/lib/python3.10/site-packages (from dbt-common<2.0,>=1.27.0->dbt-core>=1.9->dbt-clickhouse) (0.4.6)
[2025-09-22T08:30:12.701+0000] {process_utils.py:191} INFO - Requirement already satisfied: deepdiff<9.0,>=7.0 in ./cosmos_venvs/ecom_intermediate/lib/python3.10/site-packages (from dbt-common<2.0,>=1.27.0->dbt-core>=1.9->dbt-clickhouse) (8.6.1)
[2025-09-22T08:30:12.705+0000] {process_utils.py:191} INFO - Requirement already satisfied: python-dateutil<3.0,>=2.0 in ./cosmos_venvs/ecom_intermediate/lib/python3.10/site-packages (from dbt-common<2.0,>=1.27.0->dbt-core>=1.9->dbt-clickhouse) (2.9.0.post0)
[2025-09-22T08:30:12.715+0000] {process_utils.py:191} INFO - Requirement already satisfied: importlib-metadata<9,>=6.0 in ./cosmos_venvs/ecom_intermediate/lib/python3.10/site-packages (from dbt-semantic-interfaces<0.10,>=0.9.0->dbt-core>=1.9->dbt-clickhouse) (8.7.0)
[2025-09-22T08:30:12.717+0000] {process_utils.py:191} INFO - Requirement already satisfied: more-itertools<11.0,>=8.0 in ./cosmos_venvs/ecom_intermediate/lib/python3.10/site-packages (from dbt-semantic-interfaces<0.10,>=0.9.0->dbt-core>=1.9->dbt-clickhouse) (10.8.0)
[2025-09-22T08:30:12.731+0000] {process_utils.py:191} INFO - Requirement already satisfied: orderly-set<6,>=5.4.1 in ./cosmos_venvs/ecom_intermediate/lib/python3.10/site-packages (from deepdiff<9.0,>=7.0->dbt-common<2.0,>=1.27.0->dbt-core>=1.9->dbt-clickhouse) (5.5.0)
[2025-09-22T08:30:12.743+0000] {process_utils.py:191} INFO - Requirement already satisfied: zipp>=3.20 in ./cosmos_venvs/ecom_intermediate/lib/python3.10/site-packages (from importlib-metadata<9,>=6.0->dbt-semantic-interfaces<0.10,>=0.9.0->dbt-core>=1.9->dbt-clickhouse) (3.23.0)
[2025-09-22T08:30:12.747+0000] {process_utils.py:191} INFO - Requirement already satisfied: six in ./cosmos_venvs/ecom_intermediate/lib/python3.10/site-packages (from isodate>=0.5.4->agate<1.10,>=1.7.0->dbt-core>=1.9->dbt-clickhouse) (1.17.0)
[2025-09-22T08:30:12.750+0000] {process_utils.py:191} INFO - Requirement already satisfied: MarkupSafe>=2.0 in ./cosmos_venvs/ecom_intermediate/lib/python3.10/site-packages (from Jinja2<4,>=3.1.3->dbt-core>=1.9->dbt-clickhouse) (3.0.2)
[2025-09-22T08:30:12.762+0000] {process_utils.py:191} INFO - Requirement already satisfied: attrs>=22.2.0 in ./cosmos_venvs/ecom_intermediate/lib/python3.10/site-packages (from jsonschema<5.0,>=4.19.1->dbt-core>=1.9->dbt-clickhouse) (25.3.0)
[2025-09-22T08:30:12.765+0000] {process_utils.py:191} INFO - Requirement already satisfied: jsonschema-specifications>=2023.03.6 in ./cosmos_venvs/ecom_intermediate/lib/python3.10/site-packages (from jsonschema<5.0,>=4.19.1->dbt-core>=1.9->dbt-clickhouse) (2025.9.1)
[2025-09-22T08:30:12.766+0000] {process_utils.py:191} INFO - Requirement already satisfied: referencing>=0.28.4 in ./cosmos_venvs/ecom_intermediate/lib/python3.10/site-packages (from jsonschema<5.0,>=4.19.1->dbt-core>=1.9->dbt-clickhouse) (0.36.2)
[2025-09-22T08:30:12.767+0000] {process_utils.py:191} INFO - Requirement already satisfied: rpds-py>=0.7.1 in ./cosmos_venvs/ecom_intermediate/lib/python3.10/site-packages (from jsonschema<5.0,>=4.19.1->dbt-core>=1.9->dbt-clickhouse) (0.27.1)
[2025-09-22T08:30:12.779+0000] {process_utils.py:191} INFO - Requirement already satisfied: msgpack>=0.5.6 in ./cosmos_venvs/ecom_intermediate/lib/python3.10/site-packages (from mashumaro[msgpack]<3.15,>=3.9->dbt-core>=1.9->dbt-clickhouse) (1.1.1)
[2025-09-22T08:30:12.806+0000] {process_utils.py:191} INFO - Requirement already satisfied: annotated-types>=0.6.0 in ./cosmos_venvs/ecom_intermediate/lib/python3.10/site-packages (from pydantic<3->dbt-core>=1.9->dbt-clickhouse) (0.7.0)
[2025-09-22T08:30:12.808+0000] {process_utils.py:191} INFO - Requirement already satisfied: pydantic-core==2.33.2 in ./cosmos_venvs/ecom_intermediate/lib/python3.10/site-packages (from pydantic<3->dbt-core>=1.9->dbt-clickhouse) (2.33.2)
[2025-09-22T08:30:12.810+0000] {process_utils.py:191} INFO - Requirement already satisfied: typing-inspection>=0.4.0 in ./cosmos_venvs/ecom_intermediate/lib/python3.10/site-packages (from pydantic<3->dbt-core>=1.9->dbt-clickhouse) (0.4.1)
[2025-09-22T08:30:12.824+0000] {process_utils.py:191} INFO - Requirement already satisfied: charset_normalizer<4,>=2 in ./cosmos_venvs/ecom_intermediate/lib/python3.10/site-packages (from requests<3.0.0->dbt-core>=1.9->dbt-clickhouse) (3.4.3)
[2025-09-22T08:30:12.825+0000] {process_utils.py:191} INFO - Requirement already satisfied: idna<4,>=2.5 in ./cosmos_venvs/ecom_intermediate/lib/python3.10/site-packages (from requests<3.0.0->dbt-core>=1.9->dbt-clickhouse) (3.10)
[2025-09-22T08:30:12.892+0000] {process_utils.py:191} INFO - Requirement already satisfied: text-unidecode>=1.3 in ./cosmos_venvs/ecom_intermediate/lib/python3.10/site-packages (from python-slugify>=1.2.1->agate<1.10,>=1.7.0->dbt-core>=1.9->dbt-clickhouse) (1.3)
[2025-09-22T08:30:13.058+0000] {local.py:470} INFO - Cloning project to writable temp directory /tmp/tmpwcwo4kzu from /opt/airflow/dags/dbt/ecom_intermediate
[2025-09-22T08:30:13.067+0000] {local.py:490} INFO - Partial parse is enabled and the latest partial parse file is /tmp/cosmos/dbt_intermediate__intermediate/target/partial_parse.msgpack
[2025-09-22T08:30:13.078+0000] {config.py:362} INFO - Using user-supplied profiles.yml at /opt/airflow/dags/dbt/profiles.yml
[2025-09-22T08:30:13.086+0000] {virtualenv.py:99} INFO - Using Python binary from virtualenv: /opt/***/cosmos_venvs/ecom_intermediate/bin/python
[2025-09-22T08:30:13.086+0000] {local.py:434} INFO - Trying to run the command:
 ['/opt/***/cosmos_venvs/ecom_intermediate/bin/dbt', 'deps', '--project-dir', '/tmp/tmpwcwo4kzu', '--profiles-dir', '/opt/***/dags/dbt', '--profile', 'ecom_intermediate', '--target', 'dev']
From /tmp/tmpwcwo4kzu
[2025-09-22T08:30:13.087+0000] {subprocess.py:56} INFO - Tmp dir root location: 
 /tmp
[2025-09-22T08:30:13.087+0000] {subprocess.py:69} INFO - Running command: ['/opt/***/cosmos_venvs/ecom_intermediate/bin/dbt', 'deps', '--project-dir', '/tmp/tmpwcwo4kzu', '--profiles-dir', '/opt/***/dags/dbt', '--profile', 'ecom_intermediate', '--target', 'dev']
[2025-09-22T08:30:13.098+0000] {subprocess.py:80} INFO - Command output:
[2025-09-22T08:30:15.506+0000] {subprocess.py:90} INFO - [0m08:30:15  Running with dbt=1.10.11
[2025-09-22T08:30:16.655+0000] {subprocess.py:90} INFO - [0m08:30:16  Installing dbt-labs/dbt_utils
[2025-09-22T08:30:17.408+0000] {subprocess.py:90} INFO - [0m08:30:17  Installed from version 1.3.0
[2025-09-22T08:30:17.408+0000] {subprocess.py:90} INFO - [0m08:30:17  Updated version available: 1.3.1
[2025-09-22T08:30:17.410+0000] {subprocess.py:90} INFO - [0m08:30:17
[2025-09-22T08:30:17.411+0000] {subprocess.py:90} INFO - [0m08:30:17  Updates available for packages: ['dbt-labs/dbt_utils']
[2025-09-22T08:30:17.412+0000] {subprocess.py:90} INFO - Update your versions in packages.yml, then run dbt deps
[2025-09-22T08:30:19.335+0000] {subprocess.py:94} INFO - Command exited with return code 0
[2025-09-22T08:30:19.337+0000] {local.py:441} INFO - Update your versions in packages.yml, then run dbt deps
[2025-09-22T08:30:19.340+0000] {virtualenv.py:99} INFO - Using Python binary from virtualenv: /opt/***/cosmos_venvs/ecom_intermediate/bin/python
[2025-09-22T08:30:19.341+0000] {local.py:434} INFO - Trying to run the command:
 ['/opt/***/cosmos_venvs/ecom_intermediate/bin/dbt', 'run', '--models', 'categories_enriched', '--project-dir', '/tmp/tmpwcwo4kzu', '--profiles-dir', '/opt/***/dags/dbt', '--profile', 'ecom_intermediate', '--target', 'dev']
From /tmp/tmpwcwo4kzu
[2025-09-22T08:30:19.342+0000] {subprocess.py:56} INFO - Tmp dir root location: 
 /tmp
[2025-09-22T08:30:19.342+0000] {subprocess.py:69} INFO - Running command: ['/opt/***/cosmos_venvs/ecom_intermediate/bin/dbt', 'run', '--models', 'categories_enriched', '--project-dir', '/tmp/tmpwcwo4kzu', '--profiles-dir', '/opt/***/dags/dbt', '--profile', 'ecom_intermediate', '--target', 'dev']
[2025-09-22T08:30:19.364+0000] {subprocess.py:80} INFO - Command output:
[2025-09-22T08:30:22.642+0000] {subprocess.py:90} INFO - [0m08:30:22  Running with dbt=1.10.11
[2025-09-22T08:30:22.643+0000] {subprocess.py:90} INFO - [0m08:30:22  [[33mWARNING[0m]: Deprecated functionality
[2025-09-22T08:30:22.646+0000] {subprocess.py:90} INFO - Usage of `--models`, `--model`, and `-m` is deprecated in favor of `--select` or
[2025-09-22T08:30:22.647+0000] {subprocess.py:90} INFO - `-s`.
[2025-09-22T08:30:23.100+0000] {subprocess.py:90} INFO - [0m08:30:23  Registered adapter: clickhouse=1.9.3
[2025-09-22T08:30:24.192+0000] {subprocess.py:90} INFO - [0m08:30:24  Found 15 models, 50 data tests, 8 sources, 597 macros
[2025-09-22T08:30:24.203+0000] {subprocess.py:90} INFO - [0m08:30:24
[2025-09-22T08:30:24.204+0000] {subprocess.py:90} INFO - [0m08:30:24  Concurrency: 4 threads (target='dev')
[2025-09-22T08:30:24.205+0000] {subprocess.py:90} INFO - [0m08:30:24
[2025-09-22T08:30:24.359+0000] {subprocess.py:90} INFO - [0m08:30:24  1 of 1 START sql table model `ecom_db_intermediate`.`categories_enriched` ...... [RUN]
[2025-09-22T08:30:25.027+0000] {subprocess.py:90} INFO - [0m08:30:25  1 of 1 OK created sql table model `ecom_db_intermediate`.`categories_enriched` . [[32mOK[0m in 0.67s]
[2025-09-22T08:30:25.032+0000] {subprocess.py:90} INFO - [0m08:30:25
[2025-09-22T08:30:25.033+0000] {subprocess.py:90} INFO - [0m08:30:25  Finished running 1 table model in 0 hours 0 minutes and 0.83 seconds (0.83s).
[2025-09-22T08:30:25.100+0000] {subprocess.py:90} INFO - [0m08:30:25
[2025-09-22T08:30:25.101+0000] {subprocess.py:90} INFO - [0m08:30:25  [32mCompleted successfully[0m
[2025-09-22T08:30:25.102+0000] {subprocess.py:90} INFO - [0m08:30:25
[2025-09-22T08:30:25.102+0000] {subprocess.py:90} INFO - [0m08:30:25  Done. PASS=1 WARN=0 ERROR=0 SKIP=0 NO-OP=0 TOTAL=1
[2025-09-22T08:30:25.103+0000] {subprocess.py:90} INFO - [0m08:30:25  [[33mWARNING[0m][DeprecationsSummary]: Deprecated functionality
[2025-09-22T08:30:25.104+0000] {subprocess.py:90} INFO - Summary of encountered deprecations:
[2025-09-22T08:30:25.104+0000] {subprocess.py:90} INFO - - ModelParamUsageDeprecation: 1 occurrence
[2025-09-22T08:30:25.105+0000] {subprocess.py:90} INFO - To see all deprecation instances instead of just the first occurrence of each,
[2025-09-22T08:30:25.105+0000] {subprocess.py:90} INFO - run command again with the `--show-all-deprecations` flag. You may also need to
[2025-09-22T08:30:25.106+0000] {subprocess.py:90} INFO - run with `--no-partial-parse` as some deprecations are only encountered during
[2025-09-22T08:30:25.106+0000] {subprocess.py:90} INFO - parsing.
[2025-09-22T08:30:26.734+0000] {subprocess.py:94} INFO - Command exited with return code 0
[2025-09-22T08:30:26.735+0000] {local.py:441} INFO - parsing.
[2025-09-22T08:30:26.748+0000] {local.py:196} WARNING - Artifact schema version: https://schemas.getdbt.com/dbt/manifest/v12.json is above dbt-ol supported version 7. This might cause errors.
[2025-09-22T08:30:26.749+0000] {local.py:196} WARNING - Artifact schema version: https://schemas.getdbt.com/dbt/run-results/v6.json is above dbt-ol supported version 5. This might cause errors.
[2025-09-22T08:30:26.756+0000] {local.py:547} INFO - Inlets: []
[2025-09-22T08:30:26.756+0000] {local.py:548} INFO - Outlets: []
[2025-09-22T08:30:26.757+0000] {local.py:772} INFO - Assigning inlets/outlets without DatasetAlias
[2025-09-22T08:30:26.757+0000] {dag.py:3089} INFO - Sync 1 DAGs
[2025-09-22T08:30:26.900+0000] {virtualenv.py:131} INFO - Releasing virtualenv lock
[2025-09-22T08:30:26.901+0000] {virtualenv.py:210} WARNING - Lockfile owned by process of pid 5465, while operator has pid 4942
[2025-09-22T08:30:26.902+0000] {virtualenv.py:145} INFO - None
[2025-09-22T08:30:26.902+0000] {taskinstance.py:441} INFO - ::group::Post task execution logs
[2025-09-22T08:30:26.975+0000] {taskinstance.py:1206} INFO - Marking task as SUCCESS. dag_id=dbt_intermediate, task_id=intermediate.categories_enriched.run, run_id=manual__2025-09-22T08:28:03.359463+00:00, execution_date=20250922T082803, start_date=20250922T082807, end_date=20250922T083026
[2025-09-22T08:30:27.078+0000] {local_task_job_runner.py:243} INFO - Task exited with return code 0
[2025-09-22T08:30:27.147+0000] {taskinstance.py:3503} INFO - 0 downstream tasks scheduled from follow-on schedule check
[2025-09-22T08:30:27.160+0000] {local_task_job_runner.py:222} INFO - ::endgroup::
