[2025-09-14T14:01:54.600+0000] {local_task_job_runner.py:120} INFO - ::group::Pre task execution logs
[2025-09-14T14:01:54.841+0000] {taskinstance.py:2076} INFO - Dependencies all met for dep_context=non-requeueable deps ti=<TaskInstance: dbt_intermediate.intermediate.addresses.run manual__2025-09-14T13:59:04.380229+00:00 [queued]>
[2025-09-14T14:01:54.861+0000] {taskinstance.py:2076} INFO - Dependencies all met for dep_context=requeueable deps ti=<TaskInstance: dbt_intermediate.intermediate.addresses.run manual__2025-09-14T13:59:04.380229+00:00 [queued]>
[2025-09-14T14:01:54.871+0000] {taskinstance.py:2306} INFO - Starting attempt 1 of 1
[2025-09-14T14:01:54.887+0000] {taskinstance.py:2330} INFO - Executing <Task(DbtRunVirtualenvOperator): intermediate.addresses.run> on 2025-09-14 13:59:04.380229+00:00
[2025-09-14T14:01:54.896+0000] {standard_task_runner.py:64} INFO - Started process 4146 to run task
[2025-09-14T14:01:54.899+0000] {standard_task_runner.py:90} INFO - Running: ['***', 'tasks', 'run', 'dbt_intermediate', 'intermediate.addresses.run', 'manual__2025-09-14T13:59:04.380229+00:00', '--job-id', '340', '--raw', '--subdir', 'DAGS_FOLDER/dbt_intermediate.py', '--cfg-path', '/tmp/tmp3zgztege']
[2025-09-14T14:01:54.902+0000] {standard_task_runner.py:91} INFO - Job 340: Subtask intermediate.addresses.run
[2025-09-14T14:01:55.064+0000] {task_command.py:426} INFO - Running <TaskInstance: dbt_intermediate.intermediate.addresses.run manual__2025-09-14T13:59:04.380229+00:00 [running]> on host e95bde6b8d07
[2025-09-14T14:01:55.350+0000] {taskinstance.py:2648} INFO - Exporting env vars: AIRFLOW_CTX_DAG_OWNER='***' AIRFLOW_CTX_DAG_ID='dbt_intermediate' AIRFLOW_CTX_TASK_ID='intermediate.addresses.run' AIRFLOW_CTX_EXECUTION_DATE='2025-09-14T13:59:04.380229+00:00' AIRFLOW_CTX_TRY_NUMBER='1' AIRFLOW_CTX_DAG_RUN_ID='manual__2025-09-14T13:59:04.380229+00:00'
[2025-09-14T14:01:55.353+0000] {taskinstance.py:430} INFO - ::endgroup::
[2025-09-14T14:01:55.369+0000] {virtualenv.py:120} INFO - Checking if the virtualenv lock /tmp/cosmos_venv_ecom_intermediate/cosmos_virtualenv.lock exists
[2025-09-14T14:01:55.370+0000] {virtualenv.py:178} INFO - Checking for running process with PID 3844
[2025-09-14T14:01:55.370+0000] {virtualenv.py:181} INFO - Process 3844 running: True and has the lock /tmp/cosmos_venv_ecom_intermediate/cosmos_virtualenv.lock.
[2025-09-14T14:01:55.371+0000] {virtualenv.py:122} INFO - Waiting for virtualenv lock to be released
[2025-09-14T14:01:56.371+0000] {virtualenv.py:178} INFO - Checking for running process with PID 3844
[2025-09-14T14:01:56.372+0000] {virtualenv.py:181} INFO - Process 3844 running: True and has the lock /tmp/cosmos_venv_ecom_intermediate/cosmos_virtualenv.lock.
[2025-09-14T14:01:56.373+0000] {virtualenv.py:122} INFO - Waiting for virtualenv lock to be released
[2025-09-14T14:01:57.375+0000] {virtualenv.py:178} INFO - Checking for running process with PID 3844
[2025-09-14T14:01:57.376+0000] {virtualenv.py:181} INFO - Process 3844 running: True and has the lock /tmp/cosmos_venv_ecom_intermediate/cosmos_virtualenv.lock.
[2025-09-14T14:01:57.377+0000] {virtualenv.py:122} INFO - Waiting for virtualenv lock to be released
[2025-09-14T14:01:58.379+0000] {virtualenv.py:178} INFO - Checking for running process with PID 3844
[2025-09-14T14:01:58.379+0000] {virtualenv.py:181} INFO - Process 3844 running: True and has the lock /tmp/cosmos_venv_ecom_intermediate/cosmos_virtualenv.lock.
[2025-09-14T14:01:58.380+0000] {virtualenv.py:122} INFO - Waiting for virtualenv lock to be released
[2025-09-14T14:01:59.381+0000] {virtualenv.py:178} INFO - Checking for running process with PID 3844
[2025-09-14T14:01:59.382+0000] {virtualenv.py:181} INFO - Process 3844 running: True and has the lock /tmp/cosmos_venv_ecom_intermediate/cosmos_virtualenv.lock.
[2025-09-14T14:01:59.382+0000] {virtualenv.py:122} INFO - Waiting for virtualenv lock to be released
[2025-09-14T14:02:00.384+0000] {virtualenv.py:178} INFO - Checking for running process with PID 3844
[2025-09-14T14:02:00.385+0000] {virtualenv.py:181} INFO - Process 3844 running: True and has the lock /tmp/cosmos_venv_ecom_intermediate/cosmos_virtualenv.lock.
[2025-09-14T14:02:00.385+0000] {virtualenv.py:122} INFO - Waiting for virtualenv lock to be released
[2025-09-14T14:02:01.386+0000] {virtualenv.py:178} INFO - Checking for running process with PID 3844
[2025-09-14T14:02:01.387+0000] {virtualenv.py:181} INFO - Process 3844 running: True and has the lock /tmp/cosmos_venv_ecom_intermediate/cosmos_virtualenv.lock.
[2025-09-14T14:02:01.388+0000] {virtualenv.py:122} INFO - Waiting for virtualenv lock to be released
[2025-09-14T14:02:02.389+0000] {virtualenv.py:178} INFO - Checking for running process with PID 3844
[2025-09-14T14:02:02.393+0000] {virtualenv.py:181} INFO - Process 3844 running: True and has the lock /tmp/cosmos_venv_ecom_intermediate/cosmos_virtualenv.lock.
[2025-09-14T14:02:02.393+0000] {virtualenv.py:122} INFO - Waiting for virtualenv lock to be released
[2025-09-14T14:02:03.395+0000] {virtualenv.py:178} INFO - Checking for running process with PID 3844
[2025-09-14T14:02:03.396+0000] {virtualenv.py:181} INFO - Process 3844 running: True and has the lock /tmp/cosmos_venv_ecom_intermediate/cosmos_virtualenv.lock.
[2025-09-14T14:02:03.397+0000] {virtualenv.py:122} INFO - Waiting for virtualenv lock to be released
[2025-09-14T14:02:04.398+0000] {virtualenv.py:178} INFO - Checking for running process with PID 3844
[2025-09-14T14:02:04.398+0000] {virtualenv.py:181} INFO - Process 3844 running: True and has the lock /tmp/cosmos_venv_ecom_intermediate/cosmos_virtualenv.lock.
[2025-09-14T14:02:04.399+0000] {virtualenv.py:122} INFO - Waiting for virtualenv lock to be released
[2025-09-14T14:02:05.401+0000] {virtualenv.py:178} INFO - Checking for running process with PID 3844
[2025-09-14T14:02:05.403+0000] {virtualenv.py:181} INFO - Process 3844 running: True and has the lock /tmp/cosmos_venv_ecom_intermediate/cosmos_virtualenv.lock.
[2025-09-14T14:02:05.404+0000] {virtualenv.py:122} INFO - Waiting for virtualenv lock to be released
[2025-09-14T14:02:06.405+0000] {virtualenv.py:178} INFO - Checking for running process with PID 3675
[2025-09-14T14:02:06.406+0000] {virtualenv.py:181} INFO - Process 3675 running: True and has the lock /tmp/cosmos_venv_ecom_intermediate/cosmos_virtualenv.lock.
[2025-09-14T14:02:06.407+0000] {virtualenv.py:122} INFO - Waiting for virtualenv lock to be released
[2025-09-14T14:02:07.407+0000] {virtualenv.py:178} INFO - Checking for running process with PID 3675
[2025-09-14T14:02:07.408+0000] {virtualenv.py:181} INFO - Process 3675 running: True and has the lock /tmp/cosmos_venv_ecom_intermediate/cosmos_virtualenv.lock.
[2025-09-14T14:02:07.409+0000] {virtualenv.py:122} INFO - Waiting for virtualenv lock to be released
[2025-09-14T14:02:08.410+0000] {virtualenv.py:178} INFO - Checking for running process with PID 3675
[2025-09-14T14:02:08.411+0000] {virtualenv.py:181} INFO - Process 3675 running: True and has the lock /tmp/cosmos_venv_ecom_intermediate/cosmos_virtualenv.lock.
[2025-09-14T14:02:08.412+0000] {virtualenv.py:122} INFO - Waiting for virtualenv lock to be released
[2025-09-14T14:02:09.414+0000] {virtualenv.py:178} INFO - Checking for running process with PID 3675
[2025-09-14T14:02:09.415+0000] {virtualenv.py:181} INFO - Process 3675 running: True and has the lock /tmp/cosmos_venv_ecom_intermediate/cosmos_virtualenv.lock.
[2025-09-14T14:02:09.416+0000] {virtualenv.py:122} INFO - Waiting for virtualenv lock to be released
[2025-09-14T14:02:10.417+0000] {virtualenv.py:178} INFO - Checking for running process with PID 3675
[2025-09-14T14:02:10.418+0000] {virtualenv.py:181} INFO - Process 3675 running: True and has the lock /tmp/cosmos_venv_ecom_intermediate/cosmos_virtualenv.lock.
[2025-09-14T14:02:10.418+0000] {virtualenv.py:122} INFO - Waiting for virtualenv lock to be released
[2025-09-14T14:02:11.419+0000] {virtualenv.py:178} INFO - Checking for running process with PID 3675
[2025-09-14T14:02:11.421+0000] {virtualenv.py:181} INFO - Process 3675 running: True and has the lock /tmp/cosmos_venv_ecom_intermediate/cosmos_virtualenv.lock.
[2025-09-14T14:02:11.422+0000] {virtualenv.py:122} INFO - Waiting for virtualenv lock to be released
[2025-09-14T14:02:12.424+0000] {virtualenv.py:178} INFO - Checking for running process with PID 3675
[2025-09-14T14:02:12.425+0000] {virtualenv.py:181} INFO - Process 3675 running: True and has the lock /tmp/cosmos_venv_ecom_intermediate/cosmos_virtualenv.lock.
[2025-09-14T14:02:12.426+0000] {virtualenv.py:122} INFO - Waiting for virtualenv lock to be released
[2025-09-14T14:02:13.428+0000] {virtualenv.py:178} INFO - Checking for running process with PID 3675
[2025-09-14T14:02:13.429+0000] {virtualenv.py:181} INFO - Process 3675 running: True and has the lock /tmp/cosmos_venv_ecom_intermediate/cosmos_virtualenv.lock.
[2025-09-14T14:02:13.431+0000] {virtualenv.py:122} INFO - Waiting for virtualenv lock to be released
[2025-09-14T14:02:14.433+0000] {virtualenv.py:178} INFO - Checking for running process with PID 3675
[2025-09-14T14:02:14.434+0000] {virtualenv.py:181} INFO - Process 3675 running: True and has the lock /tmp/cosmos_venv_ecom_intermediate/cosmos_virtualenv.lock.
[2025-09-14T14:02:14.435+0000] {virtualenv.py:122} INFO - Waiting for virtualenv lock to be released
[2025-09-14T14:02:15.436+0000] {virtualenv.py:178} INFO - Checking for running process with PID 3675
[2025-09-14T14:02:15.437+0000] {virtualenv.py:181} INFO - Process 3675 running: True and has the lock /tmp/cosmos_venv_ecom_intermediate/cosmos_virtualenv.lock.
[2025-09-14T14:02:15.438+0000] {virtualenv.py:122} INFO - Waiting for virtualenv lock to be released
[2025-09-14T14:02:16.439+0000] {virtualenv.py:178} INFO - Checking for running process with PID 3675
[2025-09-14T14:02:16.444+0000] {virtualenv.py:181} INFO - Process 3675 running: True and has the lock /tmp/cosmos_venv_ecom_intermediate/cosmos_virtualenv.lock.
[2025-09-14T14:02:16.445+0000] {virtualenv.py:122} INFO - Waiting for virtualenv lock to be released
[2025-09-14T14:02:17.447+0000] {virtualenv.py:178} INFO - Checking for running process with PID 3675
[2025-09-14T14:02:17.449+0000] {virtualenv.py:181} INFO - Process 3675 running: True and has the lock /tmp/cosmos_venv_ecom_intermediate/cosmos_virtualenv.lock.
[2025-09-14T14:02:17.450+0000] {virtualenv.py:122} INFO - Waiting for virtualenv lock to be released
[2025-09-14T14:02:18.452+0000] {virtualenv.py:178} INFO - Checking for running process with PID 3675
[2025-09-14T14:02:18.453+0000] {virtualenv.py:181} INFO - Process 3675 running: True and has the lock /tmp/cosmos_venv_ecom_intermediate/cosmos_virtualenv.lock.
[2025-09-14T14:02:18.453+0000] {virtualenv.py:122} INFO - Waiting for virtualenv lock to be released
[2025-09-14T14:02:19.456+0000] {virtualenv.py:178} INFO - Checking for running process with PID 3675
[2025-09-14T14:02:19.458+0000] {virtualenv.py:181} INFO - Process 3675 running: True and has the lock /tmp/cosmos_venv_ecom_intermediate/cosmos_virtualenv.lock.
[2025-09-14T14:02:19.459+0000] {virtualenv.py:122} INFO - Waiting for virtualenv lock to be released
[2025-09-14T14:02:20.461+0000] {virtualenv.py:178} INFO - Checking for running process with PID 3786
[2025-09-14T14:02:20.462+0000] {virtualenv.py:181} INFO - Process 3786 running: True and has the lock /tmp/cosmos_venv_ecom_intermediate/cosmos_virtualenv.lock.
[2025-09-14T14:02:20.463+0000] {virtualenv.py:122} INFO - Waiting for virtualenv lock to be released
[2025-09-14T14:02:21.464+0000] {virtualenv.py:178} INFO - Checking for running process with PID 3718
[2025-09-14T14:02:21.465+0000] {virtualenv.py:181} INFO - Process 3718 running: True and has the lock /tmp/cosmos_venv_ecom_intermediate/cosmos_virtualenv.lock.
[2025-09-14T14:02:21.465+0000] {virtualenv.py:122} INFO - Waiting for virtualenv lock to be released
[2025-09-14T14:02:22.467+0000] {virtualenv.py:178} INFO - Checking for running process with PID 3718
[2025-09-14T14:02:22.468+0000] {virtualenv.py:181} INFO - Process 3718 running: True and has the lock /tmp/cosmos_venv_ecom_intermediate/cosmos_virtualenv.lock.
[2025-09-14T14:02:22.468+0000] {virtualenv.py:122} INFO - Waiting for virtualenv lock to be released
[2025-09-14T14:02:23.470+0000] {virtualenv.py:178} INFO - Checking for running process with PID 3738
[2025-09-14T14:02:23.471+0000] {virtualenv.py:181} INFO - Process 3738 running: True and has the lock /tmp/cosmos_venv_ecom_intermediate/cosmos_virtualenv.lock.
[2025-09-14T14:02:23.472+0000] {virtualenv.py:122} INFO - Waiting for virtualenv lock to be released
[2025-09-14T14:02:24.473+0000] {virtualenv.py:178} INFO - Checking for running process with PID 3738
[2025-09-14T14:02:24.474+0000] {virtualenv.py:181} INFO - Process 3738 running: True and has the lock /tmp/cosmos_venv_ecom_intermediate/cosmos_virtualenv.lock.
[2025-09-14T14:02:24.475+0000] {virtualenv.py:122} INFO - Waiting for virtualenv lock to be released
[2025-09-14T14:02:25.476+0000] {virtualenv.py:178} INFO - Checking for running process with PID 3738
[2025-09-14T14:02:25.477+0000] {virtualenv.py:181} INFO - Process 3738 running: True and has the lock /tmp/cosmos_venv_ecom_intermediate/cosmos_virtualenv.lock.
[2025-09-14T14:02:25.477+0000] {virtualenv.py:122} INFO - Waiting for virtualenv lock to be released
[2025-09-14T14:02:26.479+0000] {virtualenv.py:178} INFO - Checking for running process with PID 3738
[2025-09-14T14:02:26.480+0000] {virtualenv.py:181} INFO - Process 3738 running: True and has the lock /tmp/cosmos_venv_ecom_intermediate/cosmos_virtualenv.lock.
[2025-09-14T14:02:26.480+0000] {virtualenv.py:122} INFO - Waiting for virtualenv lock to be released
[2025-09-14T14:02:27.481+0000] {virtualenv.py:178} INFO - Checking for running process with PID 3738
[2025-09-14T14:02:27.483+0000] {virtualenv.py:181} INFO - Process 3738 running: True and has the lock /tmp/cosmos_venv_ecom_intermediate/cosmos_virtualenv.lock.
[2025-09-14T14:02:27.484+0000] {virtualenv.py:122} INFO - Waiting for virtualenv lock to be released
[2025-09-14T14:02:28.486+0000] {virtualenv.py:178} INFO - Checking for running process with PID 3738
[2025-09-14T14:02:28.488+0000] {virtualenv.py:181} INFO - Process 3738 running: True and has the lock /tmp/cosmos_venv_ecom_intermediate/cosmos_virtualenv.lock.
[2025-09-14T14:02:28.489+0000] {virtualenv.py:122} INFO - Waiting for virtualenv lock to be released
[2025-09-14T14:02:29.492+0000] {virtualenv.py:178} INFO - Checking for running process with PID 3738
[2025-09-14T14:02:29.494+0000] {virtualenv.py:181} INFO - Process 3738 running: True and has the lock /tmp/cosmos_venv_ecom_intermediate/cosmos_virtualenv.lock.
[2025-09-14T14:02:29.495+0000] {virtualenv.py:122} INFO - Waiting for virtualenv lock to be released
[2025-09-14T14:02:30.496+0000] {virtualenv.py:178} INFO - Checking for running process with PID 3738
[2025-09-14T14:02:30.497+0000] {virtualenv.py:181} INFO - Process 3738 running: True and has the lock /tmp/cosmos_venv_ecom_intermediate/cosmos_virtualenv.lock.
[2025-09-14T14:02:30.498+0000] {virtualenv.py:122} INFO - Waiting for virtualenv lock to be released
[2025-09-14T14:02:31.500+0000] {virtualenv.py:178} INFO - Checking for running process with PID 3738
[2025-09-14T14:02:31.501+0000] {virtualenv.py:181} INFO - Process 3738 running: True and has the lock /tmp/cosmos_venv_ecom_intermediate/cosmos_virtualenv.lock.
[2025-09-14T14:02:31.501+0000] {virtualenv.py:122} INFO - Waiting for virtualenv lock to be released
[2025-09-14T14:02:32.503+0000] {virtualenv.py:178} INFO - Checking for running process with PID 3738
[2025-09-14T14:02:32.504+0000] {virtualenv.py:181} INFO - Process 3738 running: True and has the lock /tmp/cosmos_venv_ecom_intermediate/cosmos_virtualenv.lock.
[2025-09-14T14:02:32.504+0000] {virtualenv.py:122} INFO - Waiting for virtualenv lock to be released
[2025-09-14T14:02:33.506+0000] {virtualenv.py:178} INFO - Checking for running process with PID 3738
[2025-09-14T14:02:33.507+0000] {virtualenv.py:181} INFO - Process 3738 running: True and has the lock /tmp/cosmos_venv_ecom_intermediate/cosmos_virtualenv.lock.
[2025-09-14T14:02:33.507+0000] {virtualenv.py:122} INFO - Waiting for virtualenv lock to be released
[2025-09-14T14:02:34.508+0000] {virtualenv.py:178} INFO - Checking for running process with PID 3738
[2025-09-14T14:02:34.509+0000] {virtualenv.py:181} INFO - Process 3738 running: True and has the lock /tmp/cosmos_venv_ecom_intermediate/cosmos_virtualenv.lock.
[2025-09-14T14:02:34.509+0000] {virtualenv.py:122} INFO - Waiting for virtualenv lock to be released
[2025-09-14T14:02:35.511+0000] {virtualenv.py:178} INFO - Checking for running process with PID 3738
[2025-09-14T14:02:35.511+0000] {virtualenv.py:181} INFO - Process 3738 running: True and has the lock /tmp/cosmos_venv_ecom_intermediate/cosmos_virtualenv.lock.
[2025-09-14T14:02:35.512+0000] {virtualenv.py:122} INFO - Waiting for virtualenv lock to be released
[2025-09-14T14:02:36.512+0000] {virtualenv.py:178} INFO - Checking for running process with PID 3738
[2025-09-14T14:02:36.513+0000] {virtualenv.py:181} INFO - Process 3738 running: True and has the lock /tmp/cosmos_venv_ecom_intermediate/cosmos_virtualenv.lock.
[2025-09-14T14:02:36.514+0000] {virtualenv.py:122} INFO - Waiting for virtualenv lock to be released
[2025-09-14T14:02:37.514+0000] {virtualenv.py:178} INFO - Checking for running process with PID 4088
[2025-09-14T14:02:37.515+0000] {virtualenv.py:181} INFO - Process 4088 running: True and has the lock /tmp/cosmos_venv_ecom_intermediate/cosmos_virtualenv.lock.
[2025-09-14T14:02:37.516+0000] {virtualenv.py:122} INFO - Waiting for virtualenv lock to be released
[2025-09-14T14:02:38.518+0000] {virtualenv.py:178} INFO - Checking for running process with PID 4088
[2025-09-14T14:02:38.519+0000] {virtualenv.py:181} INFO - Process 4088 running: True and has the lock /tmp/cosmos_venv_ecom_intermediate/cosmos_virtualenv.lock.
[2025-09-14T14:02:38.519+0000] {virtualenv.py:122} INFO - Waiting for virtualenv lock to be released
[2025-09-14T14:02:39.521+0000] {virtualenv.py:178} INFO - Checking for running process with PID 4088
[2025-09-14T14:02:39.522+0000] {virtualenv.py:181} INFO - Process 4088 running: True and has the lock /tmp/cosmos_venv_ecom_intermediate/cosmos_virtualenv.lock.
[2025-09-14T14:02:39.523+0000] {virtualenv.py:122} INFO - Waiting for virtualenv lock to be released
[2025-09-14T14:02:40.524+0000] {virtualenv.py:178} INFO - Checking for running process with PID 4088
[2025-09-14T14:02:40.525+0000] {virtualenv.py:181} INFO - Process 4088 running: True and has the lock /tmp/cosmos_venv_ecom_intermediate/cosmos_virtualenv.lock.
[2025-09-14T14:02:40.526+0000] {virtualenv.py:122} INFO - Waiting for virtualenv lock to be released
[2025-09-14T14:02:41.527+0000] {virtualenv.py:178} INFO - Checking for running process with PID 4088
[2025-09-14T14:02:41.528+0000] {virtualenv.py:181} INFO - Process 4088 running: True and has the lock /tmp/cosmos_venv_ecom_intermediate/cosmos_virtualenv.lock.
[2025-09-14T14:02:41.528+0000] {virtualenv.py:122} INFO - Waiting for virtualenv lock to be released
[2025-09-14T14:02:42.530+0000] {virtualenv.py:178} INFO - Checking for running process with PID 4088
[2025-09-14T14:02:42.531+0000] {virtualenv.py:181} INFO - Process 4088 running: True and has the lock /tmp/cosmos_venv_ecom_intermediate/cosmos_virtualenv.lock.
[2025-09-14T14:02:42.531+0000] {virtualenv.py:122} INFO - Waiting for virtualenv lock to be released
[2025-09-14T14:02:43.532+0000] {virtualenv.py:178} INFO - Checking for running process with PID 4088
[2025-09-14T14:02:43.533+0000] {virtualenv.py:181} INFO - Process 4088 running: True and has the lock /tmp/cosmos_venv_ecom_intermediate/cosmos_virtualenv.lock.
[2025-09-14T14:02:43.533+0000] {virtualenv.py:122} INFO - Waiting for virtualenv lock to be released
[2025-09-14T14:02:44.534+0000] {virtualenv.py:178} INFO - Checking for running process with PID 4088
[2025-09-14T14:02:44.535+0000] {virtualenv.py:181} INFO - Process 4088 running: True and has the lock /tmp/cosmos_venv_ecom_intermediate/cosmos_virtualenv.lock.
[2025-09-14T14:02:44.536+0000] {virtualenv.py:122} INFO - Waiting for virtualenv lock to be released
[2025-09-14T14:02:45.537+0000] {virtualenv.py:178} INFO - Checking for running process with PID 4088
[2025-09-14T14:02:45.538+0000] {virtualenv.py:181} INFO - Process 4088 running: True and has the lock /tmp/cosmos_venv_ecom_intermediate/cosmos_virtualenv.lock.
[2025-09-14T14:02:45.539+0000] {virtualenv.py:122} INFO - Waiting for virtualenv lock to be released
[2025-09-14T14:02:46.540+0000] {virtualenv.py:178} INFO - Checking for running process with PID 4088
[2025-09-14T14:02:46.541+0000] {virtualenv.py:181} INFO - Process 4088 running: True and has the lock /tmp/cosmos_venv_ecom_intermediate/cosmos_virtualenv.lock.
[2025-09-14T14:02:46.541+0000] {virtualenv.py:122} INFO - Waiting for virtualenv lock to be released
[2025-09-14T14:02:47.543+0000] {virtualenv.py:178} INFO - Checking for running process with PID 4088
[2025-09-14T14:02:47.544+0000] {virtualenv.py:181} INFO - Process 4088 running: True and has the lock /tmp/cosmos_venv_ecom_intermediate/cosmos_virtualenv.lock.
[2025-09-14T14:02:47.545+0000] {virtualenv.py:122} INFO - Waiting for virtualenv lock to be released
[2025-09-14T14:02:48.547+0000] {virtualenv.py:178} INFO - Checking for running process with PID 4088
[2025-09-14T14:02:48.547+0000] {virtualenv.py:181} INFO - Process 4088 running: True and has the lock /tmp/cosmos_venv_ecom_intermediate/cosmos_virtualenv.lock.
[2025-09-14T14:02:48.548+0000] {virtualenv.py:122} INFO - Waiting for virtualenv lock to be released
[2025-09-14T14:02:49.548+0000] {virtualenv.py:178} INFO - Checking for running process with PID 4088
[2025-09-14T14:02:49.549+0000] {virtualenv.py:181} INFO - Process 4088 running: True and has the lock /tmp/cosmos_venv_ecom_intermediate/cosmos_virtualenv.lock.
[2025-09-14T14:02:49.550+0000] {virtualenv.py:122} INFO - Waiting for virtualenv lock to be released
[2025-09-14T14:02:50.553+0000] {virtualenv.py:178} INFO - Checking for running process with PID 4088
[2025-09-14T14:02:50.554+0000] {virtualenv.py:181} INFO - Process 4088 running: True and has the lock /tmp/cosmos_venv_ecom_intermediate/cosmos_virtualenv.lock.
[2025-09-14T14:02:50.555+0000] {virtualenv.py:122} INFO - Waiting for virtualenv lock to be released
[2025-09-14T14:02:51.557+0000] {virtualenv.py:178} INFO - Checking for running process with PID 4028
[2025-09-14T14:02:51.558+0000] {virtualenv.py:181} INFO - Process 4028 running: True and has the lock /tmp/cosmos_venv_ecom_intermediate/cosmos_virtualenv.lock.
[2025-09-14T14:02:51.559+0000] {virtualenv.py:122} INFO - Waiting for virtualenv lock to be released
[2025-09-14T14:02:52.561+0000] {virtualenv.py:178} INFO - Checking for running process with PID 4028
[2025-09-14T14:02:52.562+0000] {virtualenv.py:181} INFO - Process 4028 running: True and has the lock /tmp/cosmos_venv_ecom_intermediate/cosmos_virtualenv.lock.
[2025-09-14T14:02:52.562+0000] {virtualenv.py:122} INFO - Waiting for virtualenv lock to be released
[2025-09-14T14:02:53.563+0000] {virtualenv.py:178} INFO - Checking for running process with PID 4028
[2025-09-14T14:02:53.565+0000] {virtualenv.py:181} INFO - Process 4028 running: True and has the lock /tmp/cosmos_venv_ecom_intermediate/cosmos_virtualenv.lock.
[2025-09-14T14:02:53.567+0000] {virtualenv.py:122} INFO - Waiting for virtualenv lock to be released
[2025-09-14T14:02:54.569+0000] {virtualenv.py:178} INFO - Checking for running process with PID 4028
[2025-09-14T14:02:54.570+0000] {virtualenv.py:181} INFO - Process 4028 running: True and has the lock /tmp/cosmos_venv_ecom_intermediate/cosmos_virtualenv.lock.
[2025-09-14T14:02:54.571+0000] {virtualenv.py:122} INFO - Waiting for virtualenv lock to be released
[2025-09-14T14:02:55.573+0000] {virtualenv.py:178} INFO - Checking for running process with PID 4028
[2025-09-14T14:02:55.574+0000] {virtualenv.py:181} INFO - Process 4028 running: True and has the lock /tmp/cosmos_venv_ecom_intermediate/cosmos_virtualenv.lock.
[2025-09-14T14:02:55.574+0000] {virtualenv.py:122} INFO - Waiting for virtualenv lock to be released
[2025-09-14T14:02:56.576+0000] {virtualenv.py:178} INFO - Checking for running process with PID 4028
[2025-09-14T14:02:56.577+0000] {virtualenv.py:181} INFO - Process 4028 running: True and has the lock /tmp/cosmos_venv_ecom_intermediate/cosmos_virtualenv.lock.
[2025-09-14T14:02:56.577+0000] {virtualenv.py:122} INFO - Waiting for virtualenv lock to be released
[2025-09-14T14:02:57.579+0000] {virtualenv.py:178} INFO - Checking for running process with PID 4028
[2025-09-14T14:02:57.580+0000] {virtualenv.py:181} INFO - Process 4028 running: True and has the lock /tmp/cosmos_venv_ecom_intermediate/cosmos_virtualenv.lock.
[2025-09-14T14:02:57.581+0000] {virtualenv.py:122} INFO - Waiting for virtualenv lock to be released
[2025-09-14T14:02:58.582+0000] {virtualenv.py:178} INFO - Checking for running process with PID 4028
[2025-09-14T14:02:58.583+0000] {virtualenv.py:181} INFO - Process 4028 running: True and has the lock /tmp/cosmos_venv_ecom_intermediate/cosmos_virtualenv.lock.
[2025-09-14T14:02:58.583+0000] {virtualenv.py:122} INFO - Waiting for virtualenv lock to be released
[2025-09-14T14:02:59.584+0000] {virtualenv.py:178} INFO - Checking for running process with PID 4028
[2025-09-14T14:02:59.585+0000] {virtualenv.py:181} INFO - Process 4028 running: True and has the lock /tmp/cosmos_venv_ecom_intermediate/cosmos_virtualenv.lock.
[2025-09-14T14:02:59.586+0000] {virtualenv.py:122} INFO - Waiting for virtualenv lock to be released
[2025-09-14T14:03:00.588+0000] {virtualenv.py:178} INFO - Checking for running process with PID 4028
[2025-09-14T14:03:00.589+0000] {virtualenv.py:181} INFO - Process 4028 running: True and has the lock /tmp/cosmos_venv_ecom_intermediate/cosmos_virtualenv.lock.
[2025-09-14T14:03:00.589+0000] {virtualenv.py:122} INFO - Waiting for virtualenv lock to be released
[2025-09-14T14:03:01.591+0000] {virtualenv.py:178} INFO - Checking for running process with PID 4028
[2025-09-14T14:03:01.591+0000] {virtualenv.py:181} INFO - Process 4028 running: True and has the lock /tmp/cosmos_venv_ecom_intermediate/cosmos_virtualenv.lock.
[2025-09-14T14:03:01.592+0000] {virtualenv.py:122} INFO - Waiting for virtualenv lock to be released
[2025-09-14T14:03:02.593+0000] {virtualenv.py:178} INFO - Checking for running process with PID 4028
[2025-09-14T14:03:02.594+0000] {virtualenv.py:181} INFO - Process 4028 running: True and has the lock /tmp/cosmos_venv_ecom_intermediate/cosmos_virtualenv.lock.
[2025-09-14T14:03:02.594+0000] {virtualenv.py:122} INFO - Waiting for virtualenv lock to be released
[2025-09-14T14:03:03.596+0000] {virtualenv.py:178} INFO - Checking for running process with PID 4028
[2025-09-14T14:03:03.597+0000] {virtualenv.py:181} INFO - Process 4028 running: True and has the lock /tmp/cosmos_venv_ecom_intermediate/cosmos_virtualenv.lock.
[2025-09-14T14:03:03.598+0000] {virtualenv.py:122} INFO - Waiting for virtualenv lock to be released
[2025-09-14T14:03:04.600+0000] {virtualenv.py:178} INFO - Checking for running process with PID 4330
[2025-09-14T14:03:04.601+0000] {virtualenv.py:181} INFO - Process 4330 running: True and has the lock /tmp/cosmos_venv_ecom_intermediate/cosmos_virtualenv.lock.
[2025-09-14T14:03:04.601+0000] {virtualenv.py:122} INFO - Waiting for virtualenv lock to be released
[2025-09-14T14:03:05.603+0000] {virtualenv.py:178} INFO - Checking for running process with PID 4330
[2025-09-14T14:03:05.604+0000] {virtualenv.py:181} INFO - Process 4330 running: True and has the lock /tmp/cosmos_venv_ecom_intermediate/cosmos_virtualenv.lock.
[2025-09-14T14:03:05.604+0000] {virtualenv.py:122} INFO - Waiting for virtualenv lock to be released
[2025-09-14T14:03:06.606+0000] {virtualenv.py:178} INFO - Checking for running process with PID 4330
[2025-09-14T14:03:06.607+0000] {virtualenv.py:181} INFO - Process 4330 running: True and has the lock /tmp/cosmos_venv_ecom_intermediate/cosmos_virtualenv.lock.
[2025-09-14T14:03:06.608+0000] {virtualenv.py:122} INFO - Waiting for virtualenv lock to be released
[2025-09-14T14:03:07.608+0000] {virtualenv.py:178} INFO - Checking for running process with PID 4330
[2025-09-14T14:03:07.609+0000] {virtualenv.py:181} INFO - Process 4330 running: True and has the lock /tmp/cosmos_venv_ecom_intermediate/cosmos_virtualenv.lock.
[2025-09-14T14:03:07.609+0000] {virtualenv.py:122} INFO - Waiting for virtualenv lock to be released
[2025-09-14T14:03:08.612+0000] {virtualenv.py:178} INFO - Checking for running process with PID 4330
[2025-09-14T14:03:08.612+0000] {virtualenv.py:181} INFO - Process 4330 running: True and has the lock /tmp/cosmos_venv_ecom_intermediate/cosmos_virtualenv.lock.
[2025-09-14T14:03:08.613+0000] {virtualenv.py:122} INFO - Waiting for virtualenv lock to be released
[2025-09-14T14:03:09.615+0000] {virtualenv.py:178} INFO - Checking for running process with PID 4330
[2025-09-14T14:03:09.615+0000] {virtualenv.py:181} INFO - Process 4330 running: True and has the lock /tmp/cosmos_venv_ecom_intermediate/cosmos_virtualenv.lock.
[2025-09-14T14:03:09.616+0000] {virtualenv.py:122} INFO - Waiting for virtualenv lock to be released
[2025-09-14T14:03:10.618+0000] {virtualenv.py:178} INFO - Checking for running process with PID 4330
[2025-09-14T14:03:10.620+0000] {virtualenv.py:181} INFO - Process 4330 running: True and has the lock /tmp/cosmos_venv_ecom_intermediate/cosmos_virtualenv.lock.
[2025-09-14T14:03:10.621+0000] {virtualenv.py:122} INFO - Waiting for virtualenv lock to be released
[2025-09-14T14:03:11.623+0000] {virtualenv.py:178} INFO - Checking for running process with PID 3891
[2025-09-14T14:03:11.624+0000] {virtualenv.py:181} INFO - Process 3891 running: True and has the lock /tmp/cosmos_venv_ecom_intermediate/cosmos_virtualenv.lock.
[2025-09-14T14:03:11.624+0000] {virtualenv.py:122} INFO - Waiting for virtualenv lock to be released
[2025-09-14T14:03:12.626+0000] {virtualenv.py:178} INFO - Checking for running process with PID 3891
[2025-09-14T14:03:12.627+0000] {virtualenv.py:181} INFO - Process 3891 running: True and has the lock /tmp/cosmos_venv_ecom_intermediate/cosmos_virtualenv.lock.
[2025-09-14T14:03:12.628+0000] {virtualenv.py:122} INFO - Waiting for virtualenv lock to be released
[2025-09-14T14:03:13.630+0000] {virtualenv.py:178} INFO - Checking for running process with PID 3891
[2025-09-14T14:03:13.630+0000] {virtualenv.py:181} INFO - Process 3891 running: True and has the lock /tmp/cosmos_venv_ecom_intermediate/cosmos_virtualenv.lock.
[2025-09-14T14:03:13.631+0000] {virtualenv.py:122} INFO - Waiting for virtualenv lock to be released
[2025-09-14T14:03:14.633+0000] {virtualenv.py:178} INFO - Checking for running process with PID 3891
[2025-09-14T14:03:14.634+0000] {virtualenv.py:181} INFO - Process 3891 running: True and has the lock /tmp/cosmos_venv_ecom_intermediate/cosmos_virtualenv.lock.
[2025-09-14T14:03:14.634+0000] {virtualenv.py:122} INFO - Waiting for virtualenv lock to be released
[2025-09-14T14:03:15.636+0000] {virtualenv.py:178} INFO - Checking for running process with PID 3891
[2025-09-14T14:03:15.637+0000] {virtualenv.py:181} INFO - Process 3891 running: True and has the lock /tmp/cosmos_venv_ecom_intermediate/cosmos_virtualenv.lock.
[2025-09-14T14:03:15.637+0000] {virtualenv.py:122} INFO - Waiting for virtualenv lock to be released
[2025-09-14T14:03:16.639+0000] {virtualenv.py:178} INFO - Checking for running process with PID 3891
[2025-09-14T14:03:16.639+0000] {virtualenv.py:181} INFO - Process 3891 running: True and has the lock /tmp/cosmos_venv_ecom_intermediate/cosmos_virtualenv.lock.
[2025-09-14T14:03:16.640+0000] {virtualenv.py:122} INFO - Waiting for virtualenv lock to be released
[2025-09-14T14:03:17.642+0000] {virtualenv.py:178} INFO - Checking for running process with PID 3891
[2025-09-14T14:03:17.643+0000] {virtualenv.py:181} INFO - Process 3891 running: True and has the lock /tmp/cosmos_venv_ecom_intermediate/cosmos_virtualenv.lock.
[2025-09-14T14:03:17.643+0000] {virtualenv.py:122} INFO - Waiting for virtualenv lock to be released
[2025-09-14T14:03:18.645+0000] {virtualenv.py:178} INFO - Checking for running process with PID 3891
[2025-09-14T14:03:18.646+0000] {virtualenv.py:181} INFO - Process 3891 running: True and has the lock /tmp/cosmos_venv_ecom_intermediate/cosmos_virtualenv.lock.
[2025-09-14T14:03:18.646+0000] {virtualenv.py:122} INFO - Waiting for virtualenv lock to be released
[2025-09-14T14:03:19.648+0000] {virtualenv.py:178} INFO - Checking for running process with PID 3891
[2025-09-14T14:03:19.649+0000] {virtualenv.py:181} INFO - Process 3891 running: True and has the lock /tmp/cosmos_venv_ecom_intermediate/cosmos_virtualenv.lock.
[2025-09-14T14:03:19.650+0000] {virtualenv.py:122} INFO - Waiting for virtualenv lock to be released
[2025-09-14T14:03:20.651+0000] {virtualenv.py:178} INFO - Checking for running process with PID 3891
[2025-09-14T14:03:20.652+0000] {virtualenv.py:181} INFO - Process 3891 running: True and has the lock /tmp/cosmos_venv_ecom_intermediate/cosmos_virtualenv.lock.
[2025-09-14T14:03:20.653+0000] {virtualenv.py:122} INFO - Waiting for virtualenv lock to be released
[2025-09-14T14:03:21.654+0000] {virtualenv.py:178} INFO - Checking for running process with PID 3891
[2025-09-14T14:03:21.655+0000] {virtualenv.py:181} INFO - Process 3891 running: True and has the lock /tmp/cosmos_venv_ecom_intermediate/cosmos_virtualenv.lock.
[2025-09-14T14:03:21.655+0000] {virtualenv.py:122} INFO - Waiting for virtualenv lock to be released
[2025-09-14T14:03:22.656+0000] {virtualenv.py:178} INFO - Checking for running process with PID 3891
[2025-09-14T14:03:22.657+0000] {virtualenv.py:181} INFO - Process 3891 running: True and has the lock /tmp/cosmos_venv_ecom_intermediate/cosmos_virtualenv.lock.
[2025-09-14T14:03:22.658+0000] {virtualenv.py:122} INFO - Waiting for virtualenv lock to be released
[2025-09-14T14:03:23.660+0000] {virtualenv.py:178} INFO - Checking for running process with PID 3891
[2025-09-14T14:03:23.660+0000] {virtualenv.py:181} INFO - Process 3891 running: True and has the lock /tmp/cosmos_venv_ecom_intermediate/cosmos_virtualenv.lock.
[2025-09-14T14:03:23.660+0000] {virtualenv.py:122} INFO - Waiting for virtualenv lock to be released
[2025-09-14T14:03:24.661+0000] {virtualenv.py:126} INFO - Acquiring the virtualenv lock
[2025-09-14T14:03:24.662+0000] {virtualenv.py:195} INFO - Acquiring lock at /tmp/cosmos_venv_ecom_intermediate/cosmos_virtualenv.lock with pid 4146
[2025-09-14T14:03:24.662+0000] {virtualenv.py:153} INFO - Creating or updating the virtualenv at `/tmp/cosmos_venv_ecom_intermediate
[2025-09-14T14:03:24.662+0000] {process_utils.py:183} INFO - Executing cmd: /home/***/.local/bin/python -m virtualenv /tmp/cosmos_venv_ecom_intermediate --python=python3
[2025-09-14T14:03:24.663+0000] {process_utils.py:187} INFO - Output:
[2025-09-14T14:03:25.970+0000] {process_utils.py:191} INFO - created virtual environment CPython3.10.14.final.0-64 in 516ms
[2025-09-14T14:03:25.970+0000] {process_utils.py:191} INFO -   creator CPython3Posix(dest=/tmp/cosmos_venv_ecom_intermediate, clear=False, no_vcs_ignore=False, global=False)
[2025-09-14T14:03:25.971+0000] {process_utils.py:191} INFO -   seeder FromAppData(download=False, pip=bundle, setuptools=bundle, wheel=bundle, via=copy, app_data_dir=/home/***/.local/share/virtualenv)
[2025-09-14T14:03:25.972+0000] {process_utils.py:191} INFO -     added seed packages: MarkupSafe==3.0.2, PyYAML==6.0.2, agate==1.9.1, annotated_types==0.7.0, attrs==25.3.0, babel==2.17.0, certifi==2025.8.3, charset_normalizer==3.4.3, click==8.2.1, clickhouse_connect==0.8.18, clickhouse_driver==0.2.9, colorama==0.4.6, daff==1.4.2, dbt_adapters==1.16.7, dbt_clickhouse==1.9.3, dbt_common==1.30.0, dbt_core==1.10.11, dbt_extractor==0.6.0, dbt_protos==1.0.375, dbt_semantic_interfaces==0.9.0, deepdiff==8.6.1, idna==3.10, importlib_metadata==8.7.0, isodate==0.6.1, jinja2==3.1.6, jsonschema==4.25.1, jsonschema_specifications==2025.9.1, leather==0.4.0, lz4==4.4.4, mashumaro==3.14, more_itertools==10.8.0, msgpack==1.1.1, networkx==3.4.2, orderly_set==5.5.0, packaging==25.0, parsedatetime==2.6, pathspec==0.12.1, pip==25.2, protobuf==6.32.1, pydantic==2.11.8, pydantic_core==2.33.2, python_dateutil==2.9.0.post0, python_slugify==8.0.4, pytimeparse==1.1.8, pytz==2025.2, referencing==0.36.2, requests==2.32.5, rpds_py==0.27.1, setuptools==80.9.0, six==1.17.0, snowplow_tracker==1.1.0, sqlparse==0.5.3, text_unidecode==1.3, typing_extensions==4.15.0, typing_inspection==0.4.1, tzlocal==5.3.1, urllib3==2.5.0, wheel==0.45.1, zipp==3.23.0, zstandard==0.24.0
[2025-09-14T14:03:25.973+0000] {process_utils.py:191} INFO -   activators BashActivator,CShellActivator,FishActivator,NushellActivator,PowerShellActivator,PythonActivator
[2025-09-14T14:03:26.051+0000] {process_utils.py:183} INFO - Executing cmd: /tmp/cosmos_venv_ecom_intermediate/bin/pip install dbt-clickhouse
[2025-09-14T14:03:26.052+0000] {process_utils.py:187} INFO - Output:
[2025-09-14T14:03:27.312+0000] {process_utils.py:191} INFO - Requirement already satisfied: dbt-clickhouse in /tmp/cosmos_venv_ecom_intermediate/lib/python3.10/site-packages (1.9.3)
[2025-09-14T14:03:27.314+0000] {process_utils.py:191} INFO - Requirement already satisfied: dbt-core>=1.9 in /tmp/cosmos_venv_ecom_intermediate/lib/python3.10/site-packages (from dbt-clickhouse) (1.10.11)
[2025-09-14T14:03:27.315+0000] {process_utils.py:191} INFO - Requirement already satisfied: clickhouse-connect>=0.6.22 in /tmp/cosmos_venv_ecom_intermediate/lib/python3.10/site-packages (from dbt-clickhouse) (0.8.18)
[2025-09-14T14:03:27.316+0000] {process_utils.py:191} INFO - Requirement already satisfied: clickhouse-driver>=0.2.6 in /tmp/cosmos_venv_ecom_intermediate/lib/python3.10/site-packages (from dbt-clickhouse) (0.2.9)
[2025-09-14T14:03:27.317+0000] {process_utils.py:191} INFO - Requirement already satisfied: setuptools>=0.69 in /tmp/cosmos_venv_ecom_intermediate/lib/python3.10/site-packages (from dbt-clickhouse) (80.9.0)
[2025-09-14T14:03:27.320+0000] {process_utils.py:191} INFO - Requirement already satisfied: certifi in /tmp/cosmos_venv_ecom_intermediate/lib/python3.10/site-packages (from clickhouse-connect>=0.6.22->dbt-clickhouse) (2025.8.3)
[2025-09-14T14:03:27.320+0000] {process_utils.py:191} INFO - Requirement already satisfied: urllib3>=1.26 in /tmp/cosmos_venv_ecom_intermediate/lib/python3.10/site-packages (from clickhouse-connect>=0.6.22->dbt-clickhouse) (2.5.0)
[2025-09-14T14:03:27.321+0000] {process_utils.py:191} INFO - Requirement already satisfied: pytz in /tmp/cosmos_venv_ecom_intermediate/lib/python3.10/site-packages (from clickhouse-connect>=0.6.22->dbt-clickhouse) (2025.2)
[2025-09-14T14:03:27.321+0000] {process_utils.py:191} INFO - Requirement already satisfied: zstandard in /tmp/cosmos_venv_ecom_intermediate/lib/python3.10/site-packages (from clickhouse-connect>=0.6.22->dbt-clickhouse) (0.24.0)
[2025-09-14T14:03:27.322+0000] {process_utils.py:191} INFO - Requirement already satisfied: lz4 in /tmp/cosmos_venv_ecom_intermediate/lib/python3.10/site-packages (from clickhouse-connect>=0.6.22->dbt-clickhouse) (4.4.4)
[2025-09-14T14:03:27.325+0000] {process_utils.py:191} INFO - Requirement already satisfied: tzlocal in /tmp/cosmos_venv_ecom_intermediate/lib/python3.10/site-packages (from clickhouse-driver>=0.2.6->dbt-clickhouse) (5.3.1)
[2025-09-14T14:03:27.331+0000] {process_utils.py:191} INFO - Requirement already satisfied: agate<1.10,>=1.7.0 in /tmp/cosmos_venv_ecom_intermediate/lib/python3.10/site-packages (from dbt-core>=1.9->dbt-clickhouse) (1.9.1)
[2025-09-14T14:03:27.334+0000] {process_utils.py:191} INFO - Requirement already satisfied: Jinja2<4,>=3.1.3 in /tmp/cosmos_venv_ecom_intermediate/lib/python3.10/site-packages (from dbt-core>=1.9->dbt-clickhouse) (3.1.6)
[2025-09-14T14:03:27.342+0000] {process_utils.py:191} INFO - Requirement already satisfied: mashumaro<3.15,>=3.9 in /tmp/cosmos_venv_ecom_intermediate/lib/python3.10/site-packages (from mashumaro[msgpack]<3.15,>=3.9->dbt-core>=1.9->dbt-clickhouse) (3.14)
[2025-09-14T14:03:27.344+0000] {process_utils.py:191} INFO - Requirement already satisfied: click<9.0,>=8.0.2 in /tmp/cosmos_venv_ecom_intermediate/lib/python3.10/site-packages (from dbt-core>=1.9->dbt-clickhouse) (8.2.1)
[2025-09-14T14:03:27.345+0000] {process_utils.py:191} INFO - Requirement already satisfied: jsonschema<5.0,>=4.19.1 in /tmp/cosmos_venv_ecom_intermediate/lib/python3.10/site-packages (from dbt-core>=1.9->dbt-clickhouse) (4.25.1)
[2025-09-14T14:03:27.346+0000] {process_utils.py:191} INFO - Requirement already satisfied: networkx<4.0,>=2.3 in /tmp/cosmos_venv_ecom_intermediate/lib/python3.10/site-packages (from dbt-core>=1.9->dbt-clickhouse) (3.4.2)
[2025-09-14T14:03:27.347+0000] {process_utils.py:191} INFO - Requirement already satisfied: protobuf<7.0,>=6.0 in /tmp/cosmos_venv_ecom_intermediate/lib/python3.10/site-packages (from dbt-core>=1.9->dbt-clickhouse) (6.32.1)
[2025-09-14T14:03:27.348+0000] {process_utils.py:191} INFO - Requirement already satisfied: requests<3.0.0 in /tmp/cosmos_venv_ecom_intermediate/lib/python3.10/site-packages (from dbt-core>=1.9->dbt-clickhouse) (2.32.5)
[2025-09-14T14:03:27.349+0000] {process_utils.py:191} INFO - Requirement already satisfied: snowplow-tracker<2.0,>=1.0.2 in /tmp/cosmos_venv_ecom_intermediate/lib/python3.10/site-packages (from dbt-core>=1.9->dbt-clickhouse) (1.1.0)
[2025-09-14T14:03:27.350+0000] {process_utils.py:191} INFO - Requirement already satisfied: pathspec<0.13,>=0.9 in /tmp/cosmos_venv_ecom_intermediate/lib/python3.10/site-packages (from dbt-core>=1.9->dbt-clickhouse) (0.12.1)
[2025-09-14T14:03:27.351+0000] {process_utils.py:191} INFO - Requirement already satisfied: sqlparse<0.6.0,>=0.5.0 in /tmp/cosmos_venv_ecom_intermediate/lib/python3.10/site-packages (from dbt-core>=1.9->dbt-clickhouse) (0.5.3)
[2025-09-14T14:03:27.352+0000] {process_utils.py:191} INFO - Requirement already satisfied: dbt-extractor<=0.6,>=0.5.0 in /tmp/cosmos_venv_ecom_intermediate/lib/python3.10/site-packages (from dbt-core>=1.9->dbt-clickhouse) (0.6.0)
[2025-09-14T14:03:27.353+0000] {process_utils.py:191} INFO - Requirement already satisfied: dbt-semantic-interfaces<0.10,>=0.9.0 in /tmp/cosmos_venv_ecom_intermediate/lib/python3.10/site-packages (from dbt-core>=1.9->dbt-clickhouse) (0.9.0)
[2025-09-14T14:03:27.356+0000] {process_utils.py:191} INFO - Requirement already satisfied: dbt-common<2.0,>=1.27.0 in /tmp/cosmos_venv_ecom_intermediate/lib/python3.10/site-packages (from dbt-core>=1.9->dbt-clickhouse) (1.30.0)
[2025-09-14T14:03:27.358+0000] {process_utils.py:191} INFO - Requirement already satisfied: dbt-adapters<2.0,>=1.15.5 in /tmp/cosmos_venv_ecom_intermediate/lib/python3.10/site-packages (from dbt-core>=1.9->dbt-clickhouse) (1.16.7)
[2025-09-14T14:03:27.360+0000] {process_utils.py:191} INFO - Requirement already satisfied: dbt-protos<2.0,>=1.0.346 in /tmp/cosmos_venv_ecom_intermediate/lib/python3.10/site-packages (from dbt-core>=1.9->dbt-clickhouse) (1.0.375)
[2025-09-14T14:03:27.362+0000] {process_utils.py:191} INFO - Requirement already satisfied: pydantic<3 in /tmp/cosmos_venv_ecom_intermediate/lib/python3.10/site-packages (from dbt-core>=1.9->dbt-clickhouse) (2.11.8)
[2025-09-14T14:03:27.363+0000] {process_utils.py:191} INFO - Requirement already satisfied: packaging>20.9 in /tmp/cosmos_venv_ecom_intermediate/lib/python3.10/site-packages (from dbt-core>=1.9->dbt-clickhouse) (25.0)
[2025-09-14T14:03:27.364+0000] {process_utils.py:191} INFO - Requirement already satisfied: pyyaml>=6.0 in /tmp/cosmos_venv_ecom_intermediate/lib/python3.10/site-packages (from dbt-core>=1.9->dbt-clickhouse) (6.0.2)
[2025-09-14T14:03:27.367+0000] {process_utils.py:191} INFO - Requirement already satisfied: daff>=1.3.46 in /tmp/cosmos_venv_ecom_intermediate/lib/python3.10/site-packages (from dbt-core>=1.9->dbt-clickhouse) (1.4.2)
[2025-09-14T14:03:27.368+0000] {process_utils.py:191} INFO - Requirement already satisfied: typing-extensions>=4.4 in /tmp/cosmos_venv_ecom_intermediate/lib/python3.10/site-packages (from dbt-core>=1.9->dbt-clickhouse) (4.15.0)
[2025-09-14T14:03:27.371+0000] {process_utils.py:191} INFO - Requirement already satisfied: Babel>=2.0 in /tmp/cosmos_venv_ecom_intermediate/lib/python3.10/site-packages (from agate<1.10,>=1.7.0->dbt-core>=1.9->dbt-clickhouse) (2.17.0)
[2025-09-14T14:03:27.372+0000] {process_utils.py:191} INFO - Requirement already satisfied: isodate>=0.5.4 in /tmp/cosmos_venv_ecom_intermediate/lib/python3.10/site-packages (from agate<1.10,>=1.7.0->dbt-core>=1.9->dbt-clickhouse) (0.6.1)
[2025-09-14T14:03:27.373+0000] {process_utils.py:191} INFO - Requirement already satisfied: leather>=0.3.2 in /tmp/cosmos_venv_ecom_intermediate/lib/python3.10/site-packages (from agate<1.10,>=1.7.0->dbt-core>=1.9->dbt-clickhouse) (0.4.0)
[2025-09-14T14:03:27.374+0000] {process_utils.py:191} INFO - Requirement already satisfied: parsedatetime!=2.5,>=2.1 in /tmp/cosmos_venv_ecom_intermediate/lib/python3.10/site-packages (from agate<1.10,>=1.7.0->dbt-core>=1.9->dbt-clickhouse) (2.6)
[2025-09-14T14:03:27.375+0000] {process_utils.py:191} INFO - Requirement already satisfied: python-slugify>=1.2.1 in /tmp/cosmos_venv_ecom_intermediate/lib/python3.10/site-packages (from agate<1.10,>=1.7.0->dbt-core>=1.9->dbt-clickhouse) (8.0.4)
[2025-09-14T14:03:27.376+0000] {process_utils.py:191} INFO - Requirement already satisfied: pytimeparse>=1.1.5 in /tmp/cosmos_venv_ecom_intermediate/lib/python3.10/site-packages (from agate<1.10,>=1.7.0->dbt-core>=1.9->dbt-clickhouse) (1.1.8)
[2025-09-14T14:03:27.397+0000] {process_utils.py:191} INFO - Requirement already satisfied: colorama<0.5,>=0.3.9 in /tmp/cosmos_venv_ecom_intermediate/lib/python3.10/site-packages (from dbt-common<2.0,>=1.27.0->dbt-core>=1.9->dbt-clickhouse) (0.4.6)
[2025-09-14T14:03:27.398+0000] {process_utils.py:191} INFO - Requirement already satisfied: deepdiff<9.0,>=7.0 in /tmp/cosmos_venv_ecom_intermediate/lib/python3.10/site-packages (from dbt-common<2.0,>=1.27.0->dbt-core>=1.9->dbt-clickhouse) (8.6.1)
[2025-09-14T14:03:27.403+0000] {process_utils.py:191} INFO - Requirement already satisfied: python-dateutil<3.0,>=2.0 in /tmp/cosmos_venv_ecom_intermediate/lib/python3.10/site-packages (from dbt-common<2.0,>=1.27.0->dbt-core>=1.9->dbt-clickhouse) (2.9.0.post0)
[2025-09-14T14:03:27.414+0000] {process_utils.py:191} INFO - Requirement already satisfied: importlib-metadata<9,>=6.0 in /tmp/cosmos_venv_ecom_intermediate/lib/python3.10/site-packages (from dbt-semantic-interfaces<0.10,>=0.9.0->dbt-core>=1.9->dbt-clickhouse) (8.7.0)
[2025-09-14T14:03:27.416+0000] {process_utils.py:191} INFO - Requirement already satisfied: more-itertools<11.0,>=8.0 in /tmp/cosmos_venv_ecom_intermediate/lib/python3.10/site-packages (from dbt-semantic-interfaces<0.10,>=0.9.0->dbt-core>=1.9->dbt-clickhouse) (10.8.0)
[2025-09-14T14:03:27.429+0000] {process_utils.py:191} INFO - Requirement already satisfied: orderly-set<6,>=5.4.1 in /tmp/cosmos_venv_ecom_intermediate/lib/python3.10/site-packages (from deepdiff<9.0,>=7.0->dbt-common<2.0,>=1.27.0->dbt-core>=1.9->dbt-clickhouse) (5.5.0)
[2025-09-14T14:03:27.510+0000] {process_utils.py:191} INFO - Requirement already satisfied: zipp>=3.20 in /tmp/cosmos_venv_ecom_intermediate/lib/python3.10/site-packages (from importlib-metadata<9,>=6.0->dbt-semantic-interfaces<0.10,>=0.9.0->dbt-core>=1.9->dbt-clickhouse) (3.23.0)
[2025-09-14T14:03:27.511+0000] {process_utils.py:191} INFO - Requirement already satisfied: six in /tmp/cosmos_venv_ecom_intermediate/lib/python3.10/site-packages (from isodate>=0.5.4->agate<1.10,>=1.7.0->dbt-core>=1.9->dbt-clickhouse) (1.17.0)
[2025-09-14T14:03:27.512+0000] {process_utils.py:191} INFO - Requirement already satisfied: MarkupSafe>=2.0 in /tmp/cosmos_venv_ecom_intermediate/lib/python3.10/site-packages (from Jinja2<4,>=3.1.3->dbt-core>=1.9->dbt-clickhouse) (3.0.2)
[2025-09-14T14:03:27.514+0000] {process_utils.py:191} INFO - Requirement already satisfied: attrs>=22.2.0 in /tmp/cosmos_venv_ecom_intermediate/lib/python3.10/site-packages (from jsonschema<5.0,>=4.19.1->dbt-core>=1.9->dbt-clickhouse) (25.3.0)
[2025-09-14T14:03:27.517+0000] {process_utils.py:191} INFO - Requirement already satisfied: jsonschema-specifications>=2023.03.6 in /tmp/cosmos_venv_ecom_intermediate/lib/python3.10/site-packages (from jsonschema<5.0,>=4.19.1->dbt-core>=1.9->dbt-clickhouse) (2025.9.1)
[2025-09-14T14:03:27.519+0000] {process_utils.py:191} INFO - Requirement already satisfied: referencing>=0.28.4 in /tmp/cosmos_venv_ecom_intermediate/lib/python3.10/site-packages (from jsonschema<5.0,>=4.19.1->dbt-core>=1.9->dbt-clickhouse) (0.36.2)
[2025-09-14T14:03:27.520+0000] {process_utils.py:191} INFO - Requirement already satisfied: rpds-py>=0.7.1 in /tmp/cosmos_venv_ecom_intermediate/lib/python3.10/site-packages (from jsonschema<5.0,>=4.19.1->dbt-core>=1.9->dbt-clickhouse) (0.27.1)
[2025-09-14T14:03:27.521+0000] {process_utils.py:191} INFO - Requirement already satisfied: msgpack>=0.5.6 in /tmp/cosmos_venv_ecom_intermediate/lib/python3.10/site-packages (from mashumaro[msgpack]<3.15,>=3.9->dbt-core>=1.9->dbt-clickhouse) (1.1.1)
[2025-09-14T14:03:27.521+0000] {process_utils.py:191} INFO - Requirement already satisfied: annotated-types>=0.6.0 in /tmp/cosmos_venv_ecom_intermediate/lib/python3.10/site-packages (from pydantic<3->dbt-core>=1.9->dbt-clickhouse) (0.7.0)
[2025-09-14T14:03:27.523+0000] {process_utils.py:191} INFO - Requirement already satisfied: pydantic-core==2.33.2 in /tmp/cosmos_venv_ecom_intermediate/lib/python3.10/site-packages (from pydantic<3->dbt-core>=1.9->dbt-clickhouse) (2.33.2)
[2025-09-14T14:03:27.524+0000] {process_utils.py:191} INFO - Requirement already satisfied: typing-inspection>=0.4.0 in /tmp/cosmos_venv_ecom_intermediate/lib/python3.10/site-packages (from pydantic<3->dbt-core>=1.9->dbt-clickhouse) (0.4.1)
[2025-09-14T14:03:27.525+0000] {process_utils.py:191} INFO - Requirement already satisfied: charset_normalizer<4,>=2 in /tmp/cosmos_venv_ecom_intermediate/lib/python3.10/site-packages (from requests<3.0.0->dbt-core>=1.9->dbt-clickhouse) (3.4.3)
[2025-09-14T14:03:27.526+0000] {process_utils.py:191} INFO - Requirement already satisfied: idna<4,>=2.5 in /tmp/cosmos_venv_ecom_intermediate/lib/python3.10/site-packages (from requests<3.0.0->dbt-core>=1.9->dbt-clickhouse) (3.10)
[2025-09-14T14:03:27.577+0000] {process_utils.py:191} INFO - Requirement already satisfied: text-unidecode>=1.3 in /tmp/cosmos_venv_ecom_intermediate/lib/python3.10/site-packages (from python-slugify>=1.2.1->agate<1.10,>=1.7.0->dbt-core>=1.9->dbt-clickhouse) (1.3)
[2025-09-14T14:03:27.785+0000] {local.py:470} INFO - Cloning project to writable temp directory /tmp/tmpard60bzc from /opt/airflow/dags/dbt/ecom_intermediate
[2025-09-14T14:03:27.795+0000] {local.py:490} INFO - Partial parse is enabled and the latest partial parse file is /tmp/cosmos/dbt_intermediate__intermediate/target/partial_parse.msgpack
[2025-09-14T14:03:27.809+0000] {config.py:362} INFO - Using user-supplied profiles.yml at /opt/airflow/dags/dbt/profiles.yml
[2025-09-14T14:03:27.820+0000] {virtualenv.py:99} INFO - Using Python binary from virtualenv: /tmp/cosmos_venv_ecom_intermediate/bin/python
[2025-09-14T14:03:27.821+0000] {local.py:434} INFO - Trying to run the command:
 ['/tmp/cosmos_venv_ecom_intermediate/bin/dbt', 'deps', '--project-dir', '/tmp/tmpard60bzc', '--profiles-dir', '/opt/***/dags/dbt', '--profile', 'ecom_intermediate', '--target', 'dev']
From /tmp/tmpard60bzc
[2025-09-14T14:03:27.822+0000] {subprocess.py:56} INFO - Tmp dir root location: 
 /tmp
[2025-09-14T14:03:27.822+0000] {subprocess.py:69} INFO - Running command: ['/tmp/cosmos_venv_ecom_intermediate/bin/dbt', 'deps', '--project-dir', '/tmp/tmpard60bzc', '--profiles-dir', '/opt/***/dags/dbt', '--profile', 'ecom_intermediate', '--target', 'dev']
[2025-09-14T14:03:27.837+0000] {subprocess.py:80} INFO - Command output:
[2025-09-14T14:03:29.952+0000] {subprocess.py:90} INFO - [0m14:03:29  Running with dbt=1.10.11
[2025-09-14T14:03:30.838+0000] {subprocess.py:90} INFO - [0m14:03:30  Installing dbt-labs/dbt_utils
[2025-09-14T14:03:31.459+0000] {subprocess.py:90} INFO - [0m14:03:31  Installed from version 1.3.0
[2025-09-14T14:03:31.460+0000] {subprocess.py:90} INFO - [0m14:03:31  Updated version available: 1.3.1
[2025-09-14T14:03:31.461+0000] {subprocess.py:90} INFO - [0m14:03:31
[2025-09-14T14:03:31.461+0000] {subprocess.py:90} INFO - [0m14:03:31  Updates available for packages: ['dbt-labs/dbt_utils']
[2025-09-14T14:03:31.462+0000] {subprocess.py:90} INFO - Update your versions in packages.yml, then run dbt deps
[2025-09-14T14:03:33.365+0000] {subprocess.py:94} INFO - Command exited with return code 0
[2025-09-14T14:03:33.366+0000] {local.py:441} INFO - Update your versions in packages.yml, then run dbt deps
[2025-09-14T14:03:33.366+0000] {virtualenv.py:99} INFO - Using Python binary from virtualenv: /tmp/cosmos_venv_ecom_intermediate/bin/python
[2025-09-14T14:03:33.367+0000] {local.py:434} INFO - Trying to run the command:
 ['/tmp/cosmos_venv_ecom_intermediate/bin/dbt', 'run', '--models', 'addresses', '--project-dir', '/tmp/tmpard60bzc', '--profiles-dir', '/opt/***/dags/dbt', '--profile', 'ecom_intermediate', '--target', 'dev']
From /tmp/tmpard60bzc
[2025-09-14T14:03:33.368+0000] {subprocess.py:56} INFO - Tmp dir root location: 
 /tmp
[2025-09-14T14:03:33.368+0000] {subprocess.py:69} INFO - Running command: ['/tmp/cosmos_venv_ecom_intermediate/bin/dbt', 'run', '--models', 'addresses', '--project-dir', '/tmp/tmpard60bzc', '--profiles-dir', '/opt/***/dags/dbt', '--profile', 'ecom_intermediate', '--target', 'dev']
[2025-09-14T14:03:33.380+0000] {subprocess.py:80} INFO - Command output:
[2025-09-14T14:03:35.503+0000] {subprocess.py:90} INFO - [0m14:03:35  Running with dbt=1.10.11
[2025-09-14T14:03:35.505+0000] {subprocess.py:90} INFO - [0m14:03:35  [[33mWARNING[0m]: Deprecated functionality
[2025-09-14T14:03:35.506+0000] {subprocess.py:90} INFO - Usage of `--models`, `--model`, and `-m` is deprecated in favor of `--select` or
[2025-09-14T14:03:35.506+0000] {subprocess.py:90} INFO - `-s`.
[2025-09-14T14:03:35.789+0000] {subprocess.py:90} INFO - [0m14:03:35  Registered adapter: clickhouse=1.9.3
[2025-09-14T14:03:36.579+0000] {subprocess.py:90} INFO - [0m14:03:36  Found 15 models, 50 data tests, 8 sources, 597 macros
[2025-09-14T14:03:36.582+0000] {subprocess.py:90} INFO - [0m14:03:36
[2025-09-14T14:03:36.583+0000] {subprocess.py:90} INFO - [0m14:03:36  Concurrency: 4 threads (target='dev')
[2025-09-14T14:03:36.583+0000] {subprocess.py:90} INFO - [0m14:03:36
[2025-09-14T14:03:36.723+0000] {subprocess.py:90} INFO - [0m14:03:36  1 of 1 START sql table model `ecom_db_intermediate`.`addresses` ................ [RUN]
[2025-09-14T14:03:36.928+0000] {subprocess.py:90} INFO - [0m14:03:36  1 of 1 OK created sql table model `ecom_db_intermediate`.`addresses` ........... [[32mOK[0m in 0.20s]
[2025-09-14T14:03:36.932+0000] {subprocess.py:90} INFO - [0m14:03:36
[2025-09-14T14:03:36.933+0000] {subprocess.py:90} INFO - [0m14:03:36  Finished running 1 table model in 0 hours 0 minutes and 0.35 seconds (0.35s).
[2025-09-14T14:03:36.985+0000] {subprocess.py:90} INFO - [0m14:03:36
[2025-09-14T14:03:36.986+0000] {subprocess.py:90} INFO - [0m14:03:36  [32mCompleted successfully[0m
[2025-09-14T14:03:36.987+0000] {subprocess.py:90} INFO - [0m14:03:36
[2025-09-14T14:03:36.987+0000] {subprocess.py:90} INFO - [0m14:03:36  Done. PASS=1 WARN=0 ERROR=0 SKIP=0 NO-OP=0 TOTAL=1
[2025-09-14T14:03:36.988+0000] {subprocess.py:90} INFO - [0m14:03:36  [[33mWARNING[0m][DeprecationsSummary]: Deprecated functionality
[2025-09-14T14:03:36.988+0000] {subprocess.py:90} INFO - Summary of encountered deprecations:
[2025-09-14T14:03:36.988+0000] {subprocess.py:90} INFO - - ModelParamUsageDeprecation: 1 occurrence
[2025-09-14T14:03:36.989+0000] {subprocess.py:90} INFO - To see all deprecation instances instead of just the first occurrence of each,
[2025-09-14T14:03:36.989+0000] {subprocess.py:90} INFO - run command again with the `--show-all-deprecations` flag. You may also need to
[2025-09-14T14:03:36.989+0000] {subprocess.py:90} INFO - run with `--no-partial-parse` as some deprecations are only encountered during
[2025-09-14T14:03:36.990+0000] {subprocess.py:90} INFO - parsing.
[2025-09-14T14:03:39.327+0000] {subprocess.py:94} INFO - Command exited with return code 0
[2025-09-14T14:03:39.328+0000] {local.py:441} INFO - parsing.
[2025-09-14T14:03:39.348+0000] {local.py:196} WARNING - Artifact schema version: https://schemas.getdbt.com/dbt/manifest/v12.json is above dbt-ol supported version 7. This might cause errors.
[2025-09-14T14:03:39.348+0000] {local.py:196} WARNING - Artifact schema version: https://schemas.getdbt.com/dbt/run-results/v6.json is above dbt-ol supported version 5. This might cause errors.
[2025-09-14T14:03:39.358+0000] {local.py:547} INFO - Inlets: []
[2025-09-14T14:03:39.359+0000] {local.py:548} INFO - Outlets: []
[2025-09-14T14:03:39.360+0000] {local.py:772} INFO - Assigning inlets/outlets without DatasetAlias
[2025-09-14T14:03:39.361+0000] {dag.py:3089} INFO - Sync 1 DAGs
[2025-09-14T14:03:39.482+0000] {dag.py:3947} INFO - Setting next_dagrun for dbt_intermediate to 2025-09-14 00:00:00+00:00, run_after=2025-09-15 00:00:00+00:00
[2025-09-14T14:03:39.610+0000] {virtualenv.py:131} INFO - Releasing virtualenv lock
[2025-09-14T14:03:39.611+0000] {virtualenv.py:210} WARNING - Lockfile owned by process of pid 4090, while operator has pid 4146
[2025-09-14T14:03:39.612+0000] {virtualenv.py:145} INFO - None
[2025-09-14T14:03:39.612+0000] {taskinstance.py:441} INFO - ::group::Post task execution logs
[2025-09-14T14:03:39.722+0000] {taskinstance.py:1206} INFO - Marking task as SUCCESS. dag_id=dbt_intermediate, task_id=intermediate.addresses.run, run_id=manual__2025-09-14T13:59:04.380229+00:00, execution_date=20250914T135904, start_date=20250914T140154, end_date=20250914T140339
[2025-09-14T14:03:39.813+0000] {local_task_job_runner.py:243} INFO - Task exited with return code 0
[2025-09-14T14:03:39.933+0000] {taskinstance.py:3503} INFO - 1 downstream tasks scheduled from follow-on schedule check
[2025-09-14T14:03:39.947+0000] {local_task_job_runner.py:222} INFO - ::endgroup::
