[2025-09-13T10:10:32.260+0000] {local_task_job_runner.py:120} INFO - ::group::Pre task execution logs
[2025-09-13T10:10:32.406+0000] {taskinstance.py:2076} INFO - Dependencies all met for dep_context=non-requeueable deps ti=<TaskInstance: dbt_staging.dbt_ecom.stg_customers.run manual__2025-09-13T10:10:29.534586+00:00 [queued]>
[2025-09-13T10:10:32.430+0000] {taskinstance.py:2076} INFO - Dependencies all met for dep_context=requeueable deps ti=<TaskInstance: dbt_staging.dbt_ecom.stg_customers.run manual__2025-09-13T10:10:29.534586+00:00 [queued]>
[2025-09-13T10:10:32.432+0000] {taskinstance.py:2306} INFO - Starting attempt 1 of 1
[2025-09-13T10:10:32.476+0000] {taskinstance.py:2330} INFO - Executing <Task(DbtRunVirtualenvOperator): dbt_ecom.stg_customers.run> on 2025-09-13 10:10:29.534586+00:00
[2025-09-13T10:10:32.486+0000] {standard_task_runner.py:64} INFO - Started process 9607 to run task
[2025-09-13T10:10:32.492+0000] {standard_task_runner.py:90} INFO - Running: ['***', 'tasks', 'run', 'dbt_staging', 'dbt_ecom.stg_customers.run', 'manual__2025-09-13T10:10:29.534586+00:00', '--job-id', '264', '--raw', '--subdir', 'DAGS_FOLDER/dbt_staging.py', '--cfg-path', '/tmp/tmpeowohhq8']
[2025-09-13T10:10:32.496+0000] {standard_task_runner.py:91} INFO - Job 264: Subtask dbt_ecom.stg_customers.run
[2025-09-13T10:10:32.892+0000] {task_command.py:426} INFO - Running <TaskInstance: dbt_staging.dbt_ecom.stg_customers.run manual__2025-09-13T10:10:29.534586+00:00 [running]> on host e95bde6b8d07
[2025-09-13T10:10:33.538+0000] {taskinstance.py:2648} INFO - Exporting env vars: AIRFLOW_CTX_DAG_OWNER='***' AIRFLOW_CTX_DAG_ID='dbt_staging' AIRFLOW_CTX_TASK_ID='dbt_ecom.stg_customers.run' AIRFLOW_CTX_EXECUTION_DATE='2025-09-13T10:10:29.534586+00:00' AIRFLOW_CTX_TRY_NUMBER='1' AIRFLOW_CTX_DAG_RUN_ID='manual__2025-09-13T10:10:29.534586+00:00'
[2025-09-13T10:10:33.541+0000] {taskinstance.py:430} INFO - ::endgroup::
[2025-09-13T10:10:33.567+0000] {virtualenv.py:120} INFO - Checking if the virtualenv lock /tmp/cosmos_venv_ecom/cosmos_virtualenv.lock exists
[2025-09-13T10:10:33.570+0000] {virtualenv.py:178} INFO - Checking for running process with PID 9610
[2025-09-13T10:10:33.572+0000] {virtualenv.py:181} INFO - Process 9610 running: True and has the lock /tmp/cosmos_venv_ecom/cosmos_virtualenv.lock.
[2025-09-13T10:10:33.573+0000] {virtualenv.py:122} INFO - Waiting for virtualenv lock to be released
[2025-09-13T10:10:34.574+0000] {virtualenv.py:178} INFO - Checking for running process with PID 9610
[2025-09-13T10:10:34.575+0000] {virtualenv.py:181} INFO - Process 9610 running: True and has the lock /tmp/cosmos_venv_ecom/cosmos_virtualenv.lock.
[2025-09-13T10:10:34.577+0000] {virtualenv.py:122} INFO - Waiting for virtualenv lock to be released
[2025-09-13T10:10:35.579+0000] {virtualenv.py:178} INFO - Checking for running process with PID 9610
[2025-09-13T10:10:35.579+0000] {virtualenv.py:181} INFO - Process 9610 running: True and has the lock /tmp/cosmos_venv_ecom/cosmos_virtualenv.lock.
[2025-09-13T10:10:35.579+0000] {virtualenv.py:122} INFO - Waiting for virtualenv lock to be released
[2025-09-13T10:10:36.581+0000] {virtualenv.py:178} INFO - Checking for running process with PID 9610
[2025-09-13T10:10:36.581+0000] {virtualenv.py:181} INFO - Process 9610 running: True and has the lock /tmp/cosmos_venv_ecom/cosmos_virtualenv.lock.
[2025-09-13T10:10:36.582+0000] {virtualenv.py:122} INFO - Waiting for virtualenv lock to be released
[2025-09-13T10:10:37.581+0000] {virtualenv.py:178} INFO - Checking for running process with PID 9610
[2025-09-13T10:10:37.582+0000] {virtualenv.py:181} INFO - Process 9610 running: True and has the lock /tmp/cosmos_venv_ecom/cosmos_virtualenv.lock.
[2025-09-13T10:10:37.582+0000] {virtualenv.py:122} INFO - Waiting for virtualenv lock to be released
[2025-09-13T10:10:38.583+0000] {virtualenv.py:178} INFO - Checking for running process with PID 9610
[2025-09-13T10:10:38.584+0000] {virtualenv.py:181} INFO - Process 9610 running: True and has the lock /tmp/cosmos_venv_ecom/cosmos_virtualenv.lock.
[2025-09-13T10:10:38.584+0000] {virtualenv.py:122} INFO - Waiting for virtualenv lock to be released
[2025-09-13T10:10:39.586+0000] {virtualenv.py:178} INFO - Checking for running process with PID 9610
[2025-09-13T10:10:39.587+0000] {virtualenv.py:181} INFO - Process 9610 running: True and has the lock /tmp/cosmos_venv_ecom/cosmos_virtualenv.lock.
[2025-09-13T10:10:39.587+0000] {virtualenv.py:122} INFO - Waiting for virtualenv lock to be released
[2025-09-13T10:10:40.589+0000] {virtualenv.py:178} INFO - Checking for running process with PID 9610
[2025-09-13T10:10:40.590+0000] {virtualenv.py:181} INFO - Process 9610 running: True and has the lock /tmp/cosmos_venv_ecom/cosmos_virtualenv.lock.
[2025-09-13T10:10:40.591+0000] {virtualenv.py:122} INFO - Waiting for virtualenv lock to be released
[2025-09-13T10:10:41.592+0000] {virtualenv.py:178} INFO - Checking for running process with PID 9610
[2025-09-13T10:10:41.593+0000] {virtualenv.py:181} INFO - Process 9610 running: True and has the lock /tmp/cosmos_venv_ecom/cosmos_virtualenv.lock.
[2025-09-13T10:10:41.594+0000] {virtualenv.py:122} INFO - Waiting for virtualenv lock to be released
[2025-09-13T10:10:42.595+0000] {virtualenv.py:178} INFO - Checking for running process with PID 9610
[2025-09-13T10:10:42.596+0000] {virtualenv.py:181} INFO - Process 9610 running: True and has the lock /tmp/cosmos_venv_ecom/cosmos_virtualenv.lock.
[2025-09-13T10:10:42.596+0000] {virtualenv.py:122} INFO - Waiting for virtualenv lock to be released
[2025-09-13T10:10:43.598+0000] {virtualenv.py:178} INFO - Checking for running process with PID 9610
[2025-09-13T10:10:43.599+0000] {virtualenv.py:181} INFO - Process 9610 running: True and has the lock /tmp/cosmos_venv_ecom/cosmos_virtualenv.lock.
[2025-09-13T10:10:43.600+0000] {virtualenv.py:122} INFO - Waiting for virtualenv lock to be released
[2025-09-13T10:10:44.601+0000] {virtualenv.py:178} INFO - Checking for running process with PID 9610
[2025-09-13T10:10:44.602+0000] {virtualenv.py:181} INFO - Process 9610 running: True and has the lock /tmp/cosmos_venv_ecom/cosmos_virtualenv.lock.
[2025-09-13T10:10:44.602+0000] {virtualenv.py:122} INFO - Waiting for virtualenv lock to be released
[2025-09-13T10:10:45.604+0000] {virtualenv.py:178} INFO - Checking for running process with PID 9610
[2025-09-13T10:10:45.605+0000] {virtualenv.py:181} INFO - Process 9610 running: True and has the lock /tmp/cosmos_venv_ecom/cosmos_virtualenv.lock.
[2025-09-13T10:10:45.606+0000] {virtualenv.py:122} INFO - Waiting for virtualenv lock to be released
[2025-09-13T10:10:46.608+0000] {virtualenv.py:178} INFO - Checking for running process with PID 9610
[2025-09-13T10:10:46.608+0000] {virtualenv.py:181} INFO - Process 9610 running: True and has the lock /tmp/cosmos_venv_ecom/cosmos_virtualenv.lock.
[2025-09-13T10:10:46.609+0000] {virtualenv.py:122} INFO - Waiting for virtualenv lock to be released
[2025-09-13T10:10:47.611+0000] {virtualenv.py:178} INFO - Checking for running process with PID 9610
[2025-09-13T10:10:47.612+0000] {virtualenv.py:181} INFO - Process 9610 running: True and has the lock /tmp/cosmos_venv_ecom/cosmos_virtualenv.lock.
[2025-09-13T10:10:47.612+0000] {virtualenv.py:122} INFO - Waiting for virtualenv lock to be released
[2025-09-13T10:10:48.614+0000] {virtualenv.py:178} INFO - Checking for running process with PID 9610
[2025-09-13T10:10:48.614+0000] {virtualenv.py:181} INFO - Process 9610 running: True and has the lock /tmp/cosmos_venv_ecom/cosmos_virtualenv.lock.
[2025-09-13T10:10:48.615+0000] {virtualenv.py:122} INFO - Waiting for virtualenv lock to be released
[2025-09-13T10:10:49.616+0000] {virtualenv.py:178} INFO - Checking for running process with PID 9610
[2025-09-13T10:10:49.617+0000] {virtualenv.py:181} INFO - Process 9610 running: True and has the lock /tmp/cosmos_venv_ecom/cosmos_virtualenv.lock.
[2025-09-13T10:10:49.618+0000] {virtualenv.py:122} INFO - Waiting for virtualenv lock to be released
[2025-09-13T10:10:50.619+0000] {virtualenv.py:178} INFO - Checking for running process with PID 9614
[2025-09-13T10:10:50.620+0000] {virtualenv.py:181} INFO - Process 9614 running: True and has the lock /tmp/cosmos_venv_ecom/cosmos_virtualenv.lock.
[2025-09-13T10:10:50.621+0000] {virtualenv.py:122} INFO - Waiting for virtualenv lock to be released
[2025-09-13T10:10:51.622+0000] {virtualenv.py:178} INFO - Checking for running process with PID 9614
[2025-09-13T10:10:51.623+0000] {virtualenv.py:181} INFO - Process 9614 running: True and has the lock /tmp/cosmos_venv_ecom/cosmos_virtualenv.lock.
[2025-09-13T10:10:51.624+0000] {virtualenv.py:122} INFO - Waiting for virtualenv lock to be released
[2025-09-13T10:10:52.625+0000] {virtualenv.py:178} INFO - Checking for running process with PID 9614
[2025-09-13T10:10:52.626+0000] {virtualenv.py:181} INFO - Process 9614 running: True and has the lock /tmp/cosmos_venv_ecom/cosmos_virtualenv.lock.
[2025-09-13T10:10:52.626+0000] {virtualenv.py:122} INFO - Waiting for virtualenv lock to be released
[2025-09-13T10:10:53.628+0000] {virtualenv.py:178} INFO - Checking for running process with PID 9614
[2025-09-13T10:10:53.629+0000] {virtualenv.py:181} INFO - Process 9614 running: True and has the lock /tmp/cosmos_venv_ecom/cosmos_virtualenv.lock.
[2025-09-13T10:10:53.629+0000] {virtualenv.py:122} INFO - Waiting for virtualenv lock to be released
[2025-09-13T10:10:54.631+0000] {virtualenv.py:178} INFO - Checking for running process with PID 9614
[2025-09-13T10:10:54.631+0000] {virtualenv.py:181} INFO - Process 9614 running: True and has the lock /tmp/cosmos_venv_ecom/cosmos_virtualenv.lock.
[2025-09-13T10:10:54.632+0000] {virtualenv.py:122} INFO - Waiting for virtualenv lock to be released
[2025-09-13T10:10:55.634+0000] {virtualenv.py:178} INFO - Checking for running process with PID 9614
[2025-09-13T10:10:55.634+0000] {virtualenv.py:181} INFO - Process 9614 running: True and has the lock /tmp/cosmos_venv_ecom/cosmos_virtualenv.lock.
[2025-09-13T10:10:55.635+0000] {virtualenv.py:122} INFO - Waiting for virtualenv lock to be released
[2025-09-13T10:10:56.637+0000] {virtualenv.py:178} INFO - Checking for running process with PID 9614
[2025-09-13T10:10:56.637+0000] {virtualenv.py:181} INFO - Process 9614 running: True and has the lock /tmp/cosmos_venv_ecom/cosmos_virtualenv.lock.
[2025-09-13T10:10:56.637+0000] {virtualenv.py:122} INFO - Waiting for virtualenv lock to be released
[2025-09-13T10:10:57.639+0000] {virtualenv.py:178} INFO - Checking for running process with PID 9614
[2025-09-13T10:10:57.640+0000] {virtualenv.py:181} INFO - Process 9614 running: True and has the lock /tmp/cosmos_venv_ecom/cosmos_virtualenv.lock.
[2025-09-13T10:10:57.641+0000] {virtualenv.py:122} INFO - Waiting for virtualenv lock to be released
[2025-09-13T10:10:58.643+0000] {virtualenv.py:178} INFO - Checking for running process with PID 9614
[2025-09-13T10:10:58.644+0000] {virtualenv.py:181} INFO - Process 9614 running: True and has the lock /tmp/cosmos_venv_ecom/cosmos_virtualenv.lock.
[2025-09-13T10:10:58.644+0000] {virtualenv.py:122} INFO - Waiting for virtualenv lock to be released
[2025-09-13T10:10:59.646+0000] {virtualenv.py:178} INFO - Checking for running process with PID 9614
[2025-09-13T10:10:59.647+0000] {virtualenv.py:181} INFO - Process 9614 running: True and has the lock /tmp/cosmos_venv_ecom/cosmos_virtualenv.lock.
[2025-09-13T10:10:59.647+0000] {virtualenv.py:122} INFO - Waiting for virtualenv lock to be released
[2025-09-13T10:11:00.649+0000] {virtualenv.py:178} INFO - Checking for running process with PID 9614
[2025-09-13T10:11:00.650+0000] {virtualenv.py:181} INFO - Process 9614 running: True and has the lock /tmp/cosmos_venv_ecom/cosmos_virtualenv.lock.
[2025-09-13T10:11:00.650+0000] {virtualenv.py:122} INFO - Waiting for virtualenv lock to be released
[2025-09-13T10:11:01.652+0000] {virtualenv.py:178} INFO - Checking for running process with PID 9614
[2025-09-13T10:11:01.653+0000] {virtualenv.py:181} INFO - Process 9614 running: True and has the lock /tmp/cosmos_venv_ecom/cosmos_virtualenv.lock.
[2025-09-13T10:11:01.653+0000] {virtualenv.py:122} INFO - Waiting for virtualenv lock to be released
[2025-09-13T10:11:02.655+0000] {virtualenv.py:178} INFO - Checking for running process with PID 9614
[2025-09-13T10:11:02.656+0000] {virtualenv.py:181} INFO - Process 9614 running: True and has the lock /tmp/cosmos_venv_ecom/cosmos_virtualenv.lock.
[2025-09-13T10:11:02.656+0000] {virtualenv.py:122} INFO - Waiting for virtualenv lock to be released
[2025-09-13T10:11:03.658+0000] {virtualenv.py:178} INFO - Checking for running process with PID 9614
[2025-09-13T10:11:03.658+0000] {virtualenv.py:181} INFO - Process 9614 running: True and has the lock /tmp/cosmos_venv_ecom/cosmos_virtualenv.lock.
[2025-09-13T10:11:03.659+0000] {virtualenv.py:122} INFO - Waiting for virtualenv lock to be released
[2025-09-13T10:11:04.661+0000] {virtualenv.py:178} INFO - Checking for running process with PID 9706
[2025-09-13T10:11:04.662+0000] {virtualenv.py:181} INFO - Process 9706 running: True and has the lock /tmp/cosmos_venv_ecom/cosmos_virtualenv.lock.
[2025-09-13T10:11:04.662+0000] {virtualenv.py:122} INFO - Waiting for virtualenv lock to be released
[2025-09-13T10:11:05.664+0000] {virtualenv.py:178} INFO - Checking for running process with PID 9706
[2025-09-13T10:11:05.665+0000] {virtualenv.py:181} INFO - Process 9706 running: True and has the lock /tmp/cosmos_venv_ecom/cosmos_virtualenv.lock.
[2025-09-13T10:11:05.666+0000] {virtualenv.py:122} INFO - Waiting for virtualenv lock to be released
[2025-09-13T10:11:06.667+0000] {virtualenv.py:178} INFO - Checking for running process with PID 9706
[2025-09-13T10:11:06.668+0000] {virtualenv.py:181} INFO - Process 9706 running: True and has the lock /tmp/cosmos_venv_ecom/cosmos_virtualenv.lock.
[2025-09-13T10:11:06.669+0000] {virtualenv.py:122} INFO - Waiting for virtualenv lock to be released
[2025-09-13T10:11:07.669+0000] {virtualenv.py:178} INFO - Checking for running process with PID 9706
[2025-09-13T10:11:07.669+0000] {virtualenv.py:181} INFO - Process 9706 running: True and has the lock /tmp/cosmos_venv_ecom/cosmos_virtualenv.lock.
[2025-09-13T10:11:07.670+0000] {virtualenv.py:122} INFO - Waiting for virtualenv lock to be released
[2025-09-13T10:11:08.671+0000] {virtualenv.py:178} INFO - Checking for running process with PID 9706
[2025-09-13T10:11:08.672+0000] {virtualenv.py:181} INFO - Process 9706 running: True and has the lock /tmp/cosmos_venv_ecom/cosmos_virtualenv.lock.
[2025-09-13T10:11:08.673+0000] {virtualenv.py:122} INFO - Waiting for virtualenv lock to be released
[2025-09-13T10:11:09.675+0000] {virtualenv.py:178} INFO - Checking for running process with PID 9706
[2025-09-13T10:11:09.676+0000] {virtualenv.py:181} INFO - Process 9706 running: True and has the lock /tmp/cosmos_venv_ecom/cosmos_virtualenv.lock.
[2025-09-13T10:11:09.677+0000] {virtualenv.py:122} INFO - Waiting for virtualenv lock to be released
[2025-09-13T10:11:10.678+0000] {virtualenv.py:178} INFO - Checking for running process with PID 9706
[2025-09-13T10:11:10.680+0000] {virtualenv.py:181} INFO - Process 9706 running: True and has the lock /tmp/cosmos_venv_ecom/cosmos_virtualenv.lock.
[2025-09-13T10:11:10.681+0000] {virtualenv.py:122} INFO - Waiting for virtualenv lock to be released
[2025-09-13T10:11:11.682+0000] {virtualenv.py:178} INFO - Checking for running process with PID 9706
[2025-09-13T10:11:11.688+0000] {virtualenv.py:181} INFO - Process 9706 running: True and has the lock /tmp/cosmos_venv_ecom/cosmos_virtualenv.lock.
[2025-09-13T10:11:11.689+0000] {virtualenv.py:122} INFO - Waiting for virtualenv lock to be released
[2025-09-13T10:11:12.690+0000] {virtualenv.py:178} INFO - Checking for running process with PID 9706
[2025-09-13T10:11:12.692+0000] {virtualenv.py:181} INFO - Process 9706 running: True and has the lock /tmp/cosmos_venv_ecom/cosmos_virtualenv.lock.
[2025-09-13T10:11:12.693+0000] {virtualenv.py:122} INFO - Waiting for virtualenv lock to be released
[2025-09-13T10:11:13.695+0000] {virtualenv.py:178} INFO - Checking for running process with PID 9706
[2025-09-13T10:11:13.696+0000] {virtualenv.py:181} INFO - Process 9706 running: True and has the lock /tmp/cosmos_venv_ecom/cosmos_virtualenv.lock.
[2025-09-13T10:11:13.697+0000] {virtualenv.py:122} INFO - Waiting for virtualenv lock to be released
[2025-09-13T10:11:14.698+0000] {virtualenv.py:178} INFO - Checking for running process with PID 9706
[2025-09-13T10:11:14.699+0000] {virtualenv.py:181} INFO - Process 9706 running: True and has the lock /tmp/cosmos_venv_ecom/cosmos_virtualenv.lock.
[2025-09-13T10:11:14.700+0000] {virtualenv.py:122} INFO - Waiting for virtualenv lock to be released
[2025-09-13T10:11:15.702+0000] {virtualenv.py:178} INFO - Checking for running process with PID 9706
[2025-09-13T10:11:15.703+0000] {virtualenv.py:181} INFO - Process 9706 running: True and has the lock /tmp/cosmos_venv_ecom/cosmos_virtualenv.lock.
[2025-09-13T10:11:15.703+0000] {virtualenv.py:122} INFO - Waiting for virtualenv lock to be released
[2025-09-13T10:11:16.705+0000] {virtualenv.py:178} INFO - Checking for running process with PID 9706
[2025-09-13T10:11:16.706+0000] {virtualenv.py:181} INFO - Process 9706 running: True and has the lock /tmp/cosmos_venv_ecom/cosmos_virtualenv.lock.
[2025-09-13T10:11:16.706+0000] {virtualenv.py:122} INFO - Waiting for virtualenv lock to be released
[2025-09-13T10:11:17.707+0000] {virtualenv.py:178} INFO - Checking for running process with PID 9706
[2025-09-13T10:11:17.708+0000] {virtualenv.py:181} INFO - Process 9706 running: True and has the lock /tmp/cosmos_venv_ecom/cosmos_virtualenv.lock.
[2025-09-13T10:11:17.708+0000] {virtualenv.py:122} INFO - Waiting for virtualenv lock to be released
[2025-09-13T10:11:18.710+0000] {virtualenv.py:178} INFO - Checking for running process with PID 9706
[2025-09-13T10:11:18.711+0000] {virtualenv.py:181} INFO - Process 9706 running: True and has the lock /tmp/cosmos_venv_ecom/cosmos_virtualenv.lock.
[2025-09-13T10:11:18.712+0000] {virtualenv.py:122} INFO - Waiting for virtualenv lock to be released
[2025-09-13T10:11:19.713+0000] {virtualenv.py:178} INFO - Checking for running process with PID 9735
[2025-09-13T10:11:19.713+0000] {virtualenv.py:181} INFO - Process 9735 running: True and has the lock /tmp/cosmos_venv_ecom/cosmos_virtualenv.lock.
[2025-09-13T10:11:19.714+0000] {virtualenv.py:122} INFO - Waiting for virtualenv lock to be released
[2025-09-13T10:11:20.715+0000] {virtualenv.py:178} INFO - Checking for running process with PID 9735
[2025-09-13T10:11:20.716+0000] {virtualenv.py:181} INFO - Process 9735 running: True and has the lock /tmp/cosmos_venv_ecom/cosmos_virtualenv.lock.
[2025-09-13T10:11:20.717+0000] {virtualenv.py:122} INFO - Waiting for virtualenv lock to be released
[2025-09-13T10:11:21.718+0000] {virtualenv.py:178} INFO - Checking for running process with PID 9735
[2025-09-13T10:11:21.719+0000] {virtualenv.py:181} INFO - Process 9735 running: True and has the lock /tmp/cosmos_venv_ecom/cosmos_virtualenv.lock.
[2025-09-13T10:11:21.719+0000] {virtualenv.py:122} INFO - Waiting for virtualenv lock to be released
[2025-09-13T10:11:22.720+0000] {virtualenv.py:178} INFO - Checking for running process with PID 9735
[2025-09-13T10:11:22.721+0000] {virtualenv.py:181} INFO - Process 9735 running: True and has the lock /tmp/cosmos_venv_ecom/cosmos_virtualenv.lock.
[2025-09-13T10:11:22.721+0000] {virtualenv.py:122} INFO - Waiting for virtualenv lock to be released
[2025-09-13T10:11:23.723+0000] {virtualenv.py:178} INFO - Checking for running process with PID 9735
[2025-09-13T10:11:23.724+0000] {virtualenv.py:181} INFO - Process 9735 running: True and has the lock /tmp/cosmos_venv_ecom/cosmos_virtualenv.lock.
[2025-09-13T10:11:23.725+0000] {virtualenv.py:122} INFO - Waiting for virtualenv lock to be released
[2025-09-13T10:11:24.435+0000] {local_task_job_runner.py:124} ERROR - Received SIGTERM. Terminating subprocesses
[2025-09-13T10:11:24.446+0000] {process_utils.py:132} INFO - Sending 15 to group 9607. PIDs of all processes in the group: [9607]
[2025-09-13T10:11:24.447+0000] {process_utils.py:87} INFO - Sending the signal 15 to group 9607
[2025-09-13T10:11:24.459+0000] {taskinstance.py:2611} ERROR - Received SIGTERM. Terminating subprocesses.
[2025-09-13T10:11:24.460+0000] {virtualenv.py:131} INFO - Releasing virtualenv lock
[2025-09-13T10:11:24.461+0000] {virtualenv.py:210} WARNING - Lockfile owned by process of pid 9735, while operator has pid 9607
[2025-09-13T10:11:24.462+0000] {taskinstance.py:441} INFO - ::group::Post task execution logs
[2025-09-13T10:11:24.603+0000] {taskinstance.py:2905} ERROR - Task failed with exception
Traceback (most recent call last):
  File "/home/airflow/.local/lib/python3.10/site-packages/airflow/models/taskinstance.py", line 465, in _execute_task
    result = _execute_callable(context=context, **execute_callable_kwargs)
  File "/home/airflow/.local/lib/python3.10/site-packages/airflow/models/taskinstance.py", line 432, in _execute_callable
    return execute_callable(context=context, **execute_callable_kwargs)
  File "/home/airflow/.local/lib/python3.10/site-packages/airflow/models/baseoperator.py", line 401, in wrapper
    return func(self, *args, **kwargs)
  File "/home/airflow/.local/lib/python3.10/site-packages/cosmos/operators/virtualenv.py", line 144, in execute
    output = super().execute(context)
  File "/home/airflow/.local/lib/python3.10/site-packages/cosmos/operators/base.py", line 310, in execute
    self.build_and_run_cmd(context=context, cmd_flags=self.add_cmd_flags())
  File "/home/airflow/.local/lib/python3.10/site-packages/cosmos/operators/local.py", line 853, in build_and_run_cmd
    result = self.run_command(
  File "/home/airflow/.local/lib/python3.10/site-packages/cosmos/operators/virtualenv.py", line 123, in run_command
    time.sleep(1)
  File "/home/airflow/.local/lib/python3.10/site-packages/airflow/models/taskinstance.py", line 2613, in signal_handler
    raise AirflowTaskTerminated("Task received SIGTERM signal")
airflow.exceptions.AirflowTaskTerminated: Task received SIGTERM signal
[2025-09-13T10:11:24.609+0000] {taskinstance.py:1206} INFO - Marking task as FAILED. dag_id=dbt_staging, task_id=dbt_ecom.stg_customers.run, run_id=manual__2025-09-13T10:10:29.534586+00:00, execution_date=20250913T101029, start_date=20250913T101032, end_date=20250913T101124
[2025-09-13T10:11:24.709+0000] {process_utils.py:80} INFO - Process psutil.Process(pid=9607, status='terminated', exitcode=2, started='10:10:32') (9607) terminated with exit code 2
[2025-09-13T10:11:24.710+0000] {local_task_job_runner.py:243} INFO - Task exited with return code 143
