[2025-09-14T14:27:47.232+0000] {local_task_job_runner.py:120} INFO - ::group::Pre task execution logs
[2025-09-14T14:27:47.505+0000] {taskinstance.py:2076} INFO - Dependencies all met for dep_context=non-requeueable deps ti=<TaskInstance: dbt_intermediate.intermediate.customers_enriched.run manual__2025-09-14T14:24:34.783254+00:00 [queued]>
[2025-09-14T14:27:47.518+0000] {taskinstance.py:2076} INFO - Dependencies all met for dep_context=requeueable deps ti=<TaskInstance: dbt_intermediate.intermediate.customers_enriched.run manual__2025-09-14T14:24:34.783254+00:00 [queued]>
[2025-09-14T14:27:47.529+0000] {taskinstance.py:2306} INFO - Starting attempt 1 of 1
[2025-09-14T14:27:47.545+0000] {taskinstance.py:2330} INFO - Executing <Task(DbtRunVirtualenvOperator): intermediate.customers_enriched.run> on 2025-09-14 14:24:34.783254+00:00
[2025-09-14T14:27:47.553+0000] {standard_task_runner.py:64} INFO - Started process 6676 to run task
[2025-09-14T14:27:47.557+0000] {standard_task_runner.py:90} INFO - Running: ['***', 'tasks', 'run', 'dbt_intermediate', 'intermediate.customers_enriched.run', 'manual__2025-09-14T14:24:34.783254+00:00', '--job-id', '369', '--raw', '--subdir', 'DAGS_FOLDER/dbt_intermediate.py', '--cfg-path', '/tmp/tmp9py2761e']
[2025-09-14T14:27:47.560+0000] {standard_task_runner.py:91} INFO - Job 369: Subtask intermediate.customers_enriched.run
[2025-09-14T14:27:47.754+0000] {task_command.py:426} INFO - Running <TaskInstance: dbt_intermediate.intermediate.customers_enriched.run manual__2025-09-14T14:24:34.783254+00:00 [running]> on host e95bde6b8d07
[2025-09-14T14:27:48.080+0000] {taskinstance.py:2648} INFO - Exporting env vars: AIRFLOW_CTX_DAG_OWNER='***' AIRFLOW_CTX_DAG_ID='dbt_intermediate' AIRFLOW_CTX_TASK_ID='intermediate.customers_enriched.run' AIRFLOW_CTX_EXECUTION_DATE='2025-09-14T14:24:34.783254+00:00' AIRFLOW_CTX_TRY_NUMBER='1' AIRFLOW_CTX_DAG_RUN_ID='manual__2025-09-14T14:24:34.783254+00:00'
[2025-09-14T14:27:48.082+0000] {taskinstance.py:430} INFO - ::endgroup::
[2025-09-14T14:27:48.101+0000] {virtualenv.py:120} INFO - Checking if the virtualenv lock /tmp/cosmos_venv_ecom_intermediate/cosmos_virtualenv.lock exists
[2025-09-14T14:27:48.102+0000] {virtualenv.py:178} INFO - Checking for running process with PID 6265
[2025-09-14T14:27:48.103+0000] {virtualenv.py:181} INFO - Process 6265 running: True and has the lock /tmp/cosmos_venv_ecom_intermediate/cosmos_virtualenv.lock.
[2025-09-14T14:27:48.103+0000] {virtualenv.py:122} INFO - Waiting for virtualenv lock to be released
[2025-09-14T14:27:49.111+0000] {virtualenv.py:178} INFO - Checking for running process with PID 6265
[2025-09-14T14:27:49.112+0000] {virtualenv.py:181} INFO - Process 6265 running: True and has the lock /tmp/cosmos_venv_ecom_intermediate/cosmos_virtualenv.lock.
[2025-09-14T14:27:49.112+0000] {virtualenv.py:122} INFO - Waiting for virtualenv lock to be released
[2025-09-14T14:27:50.113+0000] {virtualenv.py:178} INFO - Checking for running process with PID 6265
[2025-09-14T14:27:50.114+0000] {virtualenv.py:181} INFO - Process 6265 running: True and has the lock /tmp/cosmos_venv_ecom_intermediate/cosmos_virtualenv.lock.
[2025-09-14T14:27:50.115+0000] {virtualenv.py:122} INFO - Waiting for virtualenv lock to be released
[2025-09-14T14:27:51.116+0000] {virtualenv.py:178} INFO - Checking for running process with PID 6265
[2025-09-14T14:27:51.117+0000] {virtualenv.py:181} INFO - Process 6265 running: True and has the lock /tmp/cosmos_venv_ecom_intermediate/cosmos_virtualenv.lock.
[2025-09-14T14:27:51.118+0000] {virtualenv.py:122} INFO - Waiting for virtualenv lock to be released
[2025-09-14T14:27:52.118+0000] {virtualenv.py:178} INFO - Checking for running process with PID 6265
[2025-09-14T14:27:52.120+0000] {virtualenv.py:181} INFO - Process 6265 running: True and has the lock /tmp/cosmos_venv_ecom_intermediate/cosmos_virtualenv.lock.
[2025-09-14T14:27:52.121+0000] {virtualenv.py:122} INFO - Waiting for virtualenv lock to be released
[2025-09-14T14:27:53.123+0000] {virtualenv.py:178} INFO - Checking for running process with PID 6265
[2025-09-14T14:27:53.124+0000] {virtualenv.py:181} INFO - Process 6265 running: True and has the lock /tmp/cosmos_venv_ecom_intermediate/cosmos_virtualenv.lock.
[2025-09-14T14:27:53.124+0000] {virtualenv.py:122} INFO - Waiting for virtualenv lock to be released
[2025-09-14T14:27:54.126+0000] {virtualenv.py:178} INFO - Checking for running process with PID 6265
[2025-09-14T14:27:54.127+0000] {virtualenv.py:181} INFO - Process 6265 running: True and has the lock /tmp/cosmos_venv_ecom_intermediate/cosmos_virtualenv.lock.
[2025-09-14T14:27:54.127+0000] {virtualenv.py:122} INFO - Waiting for virtualenv lock to be released
[2025-09-14T14:27:55.129+0000] {virtualenv.py:178} INFO - Checking for running process with PID 6265
[2025-09-14T14:27:55.129+0000] {virtualenv.py:181} INFO - Process 6265 running: True and has the lock /tmp/cosmos_venv_ecom_intermediate/cosmos_virtualenv.lock.
[2025-09-14T14:27:55.134+0000] {virtualenv.py:122} INFO - Waiting for virtualenv lock to be released
[2025-09-14T14:27:56.136+0000] {virtualenv.py:178} INFO - Checking for running process with PID 6265
[2025-09-14T14:27:56.137+0000] {virtualenv.py:181} INFO - Process 6265 running: True and has the lock /tmp/cosmos_venv_ecom_intermediate/cosmos_virtualenv.lock.
[2025-09-14T14:27:56.137+0000] {virtualenv.py:122} INFO - Waiting for virtualenv lock to be released
[2025-09-14T14:27:57.139+0000] {virtualenv.py:178} INFO - Checking for running process with PID 6265
[2025-09-14T14:27:57.140+0000] {virtualenv.py:181} INFO - Process 6265 running: True and has the lock /tmp/cosmos_venv_ecom_intermediate/cosmos_virtualenv.lock.
[2025-09-14T14:27:57.141+0000] {virtualenv.py:122} INFO - Waiting for virtualenv lock to be released
[2025-09-14T14:27:58.142+0000] {virtualenv.py:178} INFO - Checking for running process with PID 6265
[2025-09-14T14:27:58.143+0000] {virtualenv.py:181} INFO - Process 6265 running: True and has the lock /tmp/cosmos_venv_ecom_intermediate/cosmos_virtualenv.lock.
[2025-09-14T14:27:58.144+0000] {virtualenv.py:122} INFO - Waiting for virtualenv lock to be released
[2025-09-14T14:27:59.146+0000] {virtualenv.py:178} INFO - Checking for running process with PID 6265
[2025-09-14T14:27:59.147+0000] {virtualenv.py:181} INFO - Process 6265 running: True and has the lock /tmp/cosmos_venv_ecom_intermediate/cosmos_virtualenv.lock.
[2025-09-14T14:27:59.148+0000] {virtualenv.py:122} INFO - Waiting for virtualenv lock to be released
[2025-09-14T14:28:00.149+0000] {virtualenv.py:178} INFO - Checking for running process with PID 6265
[2025-09-14T14:28:00.150+0000] {virtualenv.py:181} INFO - Process 6265 running: True and has the lock /tmp/cosmos_venv_ecom_intermediate/cosmos_virtualenv.lock.
[2025-09-14T14:28:00.151+0000] {virtualenv.py:122} INFO - Waiting for virtualenv lock to be released
[2025-09-14T14:28:01.153+0000] {virtualenv.py:178} INFO - Checking for running process with PID 6328
[2025-09-14T14:28:01.154+0000] {virtualenv.py:181} INFO - Process 6328 running: True and has the lock /tmp/cosmos_venv_ecom_intermediate/cosmos_virtualenv.lock.
[2025-09-14T14:28:01.154+0000] {virtualenv.py:122} INFO - Waiting for virtualenv lock to be released
[2025-09-14T14:28:02.155+0000] {virtualenv.py:178} INFO - Checking for running process with PID 6328
[2025-09-14T14:28:02.156+0000] {virtualenv.py:181} INFO - Process 6328 running: True and has the lock /tmp/cosmos_venv_ecom_intermediate/cosmos_virtualenv.lock.
[2025-09-14T14:28:02.157+0000] {virtualenv.py:122} INFO - Waiting for virtualenv lock to be released
[2025-09-14T14:28:03.158+0000] {virtualenv.py:178} INFO - Checking for running process with PID 6328
[2025-09-14T14:28:03.159+0000] {virtualenv.py:181} INFO - Process 6328 running: True and has the lock /tmp/cosmos_venv_ecom_intermediate/cosmos_virtualenv.lock.
[2025-09-14T14:28:03.160+0000] {virtualenv.py:122} INFO - Waiting for virtualenv lock to be released
[2025-09-14T14:28:04.161+0000] {virtualenv.py:178} INFO - Checking for running process with PID 6328
[2025-09-14T14:28:04.162+0000] {virtualenv.py:181} INFO - Process 6328 running: True and has the lock /tmp/cosmos_venv_ecom_intermediate/cosmos_virtualenv.lock.
[2025-09-14T14:28:04.163+0000] {virtualenv.py:122} INFO - Waiting for virtualenv lock to be released
[2025-09-14T14:28:05.164+0000] {virtualenv.py:178} INFO - Checking for running process with PID 6328
[2025-09-14T14:28:05.165+0000] {virtualenv.py:181} INFO - Process 6328 running: True and has the lock /tmp/cosmos_venv_ecom_intermediate/cosmos_virtualenv.lock.
[2025-09-14T14:28:05.166+0000] {virtualenv.py:122} INFO - Waiting for virtualenv lock to be released
[2025-09-14T14:28:06.168+0000] {virtualenv.py:178} INFO - Checking for running process with PID 6328
[2025-09-14T14:28:06.169+0000] {virtualenv.py:181} INFO - Process 6328 running: True and has the lock /tmp/cosmos_venv_ecom_intermediate/cosmos_virtualenv.lock.
[2025-09-14T14:28:06.169+0000] {virtualenv.py:122} INFO - Waiting for virtualenv lock to be released
[2025-09-14T14:28:07.170+0000] {virtualenv.py:178} INFO - Checking for running process with PID 6328
[2025-09-14T14:28:07.171+0000] {virtualenv.py:181} INFO - Process 6328 running: True and has the lock /tmp/cosmos_venv_ecom_intermediate/cosmos_virtualenv.lock.
[2025-09-14T14:28:07.172+0000] {virtualenv.py:122} INFO - Waiting for virtualenv lock to be released
[2025-09-14T14:28:08.174+0000] {virtualenv.py:178} INFO - Checking for running process with PID 6328
[2025-09-14T14:28:08.175+0000] {virtualenv.py:181} INFO - Process 6328 running: True and has the lock /tmp/cosmos_venv_ecom_intermediate/cosmos_virtualenv.lock.
[2025-09-14T14:28:08.176+0000] {virtualenv.py:122} INFO - Waiting for virtualenv lock to be released
[2025-09-14T14:28:09.178+0000] {virtualenv.py:178} INFO - Checking for running process with PID 6328
[2025-09-14T14:28:09.179+0000] {virtualenv.py:181} INFO - Process 6328 running: True and has the lock /tmp/cosmos_venv_ecom_intermediate/cosmos_virtualenv.lock.
[2025-09-14T14:28:09.180+0000] {virtualenv.py:122} INFO - Waiting for virtualenv lock to be released
[2025-09-14T14:28:10.182+0000] {virtualenv.py:178} INFO - Checking for running process with PID 6328
[2025-09-14T14:28:10.182+0000] {virtualenv.py:181} INFO - Process 6328 running: True and has the lock /tmp/cosmos_venv_ecom_intermediate/cosmos_virtualenv.lock.
[2025-09-14T14:28:10.183+0000] {virtualenv.py:122} INFO - Waiting for virtualenv lock to be released
[2025-09-14T14:28:11.185+0000] {virtualenv.py:178} INFO - Checking for running process with PID 6328
[2025-09-14T14:28:11.186+0000] {virtualenv.py:181} INFO - Process 6328 running: True and has the lock /tmp/cosmos_venv_ecom_intermediate/cosmos_virtualenv.lock.
[2025-09-14T14:28:11.187+0000] {virtualenv.py:122} INFO - Waiting for virtualenv lock to be released
[2025-09-14T14:28:12.188+0000] {virtualenv.py:178} INFO - Checking for running process with PID 6328
[2025-09-14T14:28:12.189+0000] {virtualenv.py:181} INFO - Process 6328 running: True and has the lock /tmp/cosmos_venv_ecom_intermediate/cosmos_virtualenv.lock.
[2025-09-14T14:28:12.190+0000] {virtualenv.py:122} INFO - Waiting for virtualenv lock to be released
[2025-09-14T14:28:13.191+0000] {virtualenv.py:178} INFO - Checking for running process with PID 6328
[2025-09-14T14:28:13.192+0000] {virtualenv.py:181} INFO - Process 6328 running: True and has the lock /tmp/cosmos_venv_ecom_intermediate/cosmos_virtualenv.lock.
[2025-09-14T14:28:13.193+0000] {virtualenv.py:122} INFO - Waiting for virtualenv lock to be released
[2025-09-14T14:28:14.194+0000] {virtualenv.py:178} INFO - Checking for running process with PID 6328
[2025-09-14T14:28:14.195+0000] {virtualenv.py:181} INFO - Process 6328 running: True and has the lock /tmp/cosmos_venv_ecom_intermediate/cosmos_virtualenv.lock.
[2025-09-14T14:28:14.196+0000] {virtualenv.py:122} INFO - Waiting for virtualenv lock to be released
[2025-09-14T14:28:15.197+0000] {virtualenv.py:178} INFO - Checking for running process with PID 6328
[2025-09-14T14:28:15.198+0000] {virtualenv.py:181} INFO - Process 6328 running: True and has the lock /tmp/cosmos_venv_ecom_intermediate/cosmos_virtualenv.lock.
[2025-09-14T14:28:15.199+0000] {virtualenv.py:122} INFO - Waiting for virtualenv lock to be released
[2025-09-14T14:28:16.200+0000] {virtualenv.py:126} INFO - Acquiring the virtualenv lock
[2025-09-14T14:28:16.201+0000] {virtualenv.py:195} INFO - Acquiring lock at /tmp/cosmos_venv_ecom_intermediate/cosmos_virtualenv.lock with pid 6676
[2025-09-14T14:28:16.201+0000] {virtualenv.py:153} INFO - Creating or updating the virtualenv at `/tmp/cosmos_venv_ecom_intermediate
[2025-09-14T14:28:16.202+0000] {process_utils.py:183} INFO - Executing cmd: /home/***/.local/bin/python -m virtualenv /tmp/cosmos_venv_ecom_intermediate --python=python3
[2025-09-14T14:28:16.203+0000] {process_utils.py:187} INFO - Output:
[2025-09-14T14:28:17.484+0000] {process_utils.py:191} INFO - created virtual environment CPython3.10.14.final.0-64 in 468ms
[2025-09-14T14:28:17.484+0000] {process_utils.py:191} INFO -   creator CPython3Posix(dest=/tmp/cosmos_venv_ecom_intermediate, clear=False, no_vcs_ignore=False, global=False)
[2025-09-14T14:28:17.485+0000] {process_utils.py:191} INFO -   seeder FromAppData(download=False, pip=bundle, setuptools=bundle, wheel=bundle, via=copy, app_data_dir=/home/***/.local/share/virtualenv)
[2025-09-14T14:28:17.487+0000] {process_utils.py:191} INFO -     added seed packages: MarkupSafe==3.0.2, PyYAML==6.0.2, agate==1.9.1, annotated_types==0.7.0, attrs==25.3.0, babel==2.17.0, certifi==2025.8.3, charset_normalizer==3.4.3, click==8.2.1, clickhouse_connect==0.8.18, clickhouse_driver==0.2.9, colorama==0.4.6, daff==1.4.2, dbt_adapters==1.16.7, dbt_clickhouse==1.9.3, dbt_common==1.30.0, dbt_core==1.10.11, dbt_extractor==0.6.0, dbt_protos==1.0.375, dbt_semantic_interfaces==0.9.0, deepdiff==8.6.1, idna==3.10, importlib_metadata==8.7.0, isodate==0.6.1, jinja2==3.1.6, jsonschema==4.25.1, jsonschema_specifications==2025.9.1, leather==0.4.0, lz4==4.4.4, mashumaro==3.14, more_itertools==10.8.0, msgpack==1.1.1, networkx==3.4.2, orderly_set==5.5.0, packaging==25.0, parsedatetime==2.6, pathspec==0.12.1, pip==25.2, protobuf==6.32.1, pydantic==2.11.8, pydantic_core==2.33.2, python_dateutil==2.9.0.post0, python_slugify==8.0.4, pytimeparse==1.1.8, pytz==2025.2, referencing==0.36.2, requests==2.32.5, rpds_py==0.27.1, setuptools==80.9.0, six==1.17.0, snowplow_tracker==1.1.0, sqlparse==0.5.3, text_unidecode==1.3, typing_extensions==4.15.0, typing_inspection==0.4.1, tzlocal==5.3.1, urllib3==2.5.0, wheel==0.45.1, zipp==3.23.0, zstandard==0.24.0
[2025-09-14T14:28:17.487+0000] {process_utils.py:191} INFO -   activators BashActivator,CShellActivator,FishActivator,NushellActivator,PowerShellActivator,PythonActivator
[2025-09-14T14:28:17.569+0000] {process_utils.py:183} INFO - Executing cmd: /tmp/cosmos_venv_ecom_intermediate/bin/pip install dbt-clickhouse
[2025-09-14T14:28:17.570+0000] {process_utils.py:187} INFO - Output:
[2025-09-14T14:28:19.088+0000] {process_utils.py:191} INFO - Requirement already satisfied: dbt-clickhouse in /tmp/cosmos_venv_ecom_intermediate/lib/python3.10/site-packages (1.9.3)
[2025-09-14T14:28:19.090+0000] {process_utils.py:191} INFO - Requirement already satisfied: dbt-core>=1.9 in /tmp/cosmos_venv_ecom_intermediate/lib/python3.10/site-packages (from dbt-clickhouse) (1.10.11)
[2025-09-14T14:28:19.091+0000] {process_utils.py:191} INFO - Requirement already satisfied: clickhouse-connect>=0.6.22 in /tmp/cosmos_venv_ecom_intermediate/lib/python3.10/site-packages (from dbt-clickhouse) (0.8.18)
[2025-09-14T14:28:19.092+0000] {process_utils.py:191} INFO - Requirement already satisfied: clickhouse-driver>=0.2.6 in /tmp/cosmos_venv_ecom_intermediate/lib/python3.10/site-packages (from dbt-clickhouse) (0.2.9)
[2025-09-14T14:28:19.092+0000] {process_utils.py:191} INFO - Requirement already satisfied: setuptools>=0.69 in /tmp/cosmos_venv_ecom_intermediate/lib/python3.10/site-packages (from dbt-clickhouse) (80.9.0)
[2025-09-14T14:28:19.095+0000] {process_utils.py:191} INFO - Requirement already satisfied: certifi in /tmp/cosmos_venv_ecom_intermediate/lib/python3.10/site-packages (from clickhouse-connect>=0.6.22->dbt-clickhouse) (2025.8.3)
[2025-09-14T14:28:19.096+0000] {process_utils.py:191} INFO - Requirement already satisfied: urllib3>=1.26 in /tmp/cosmos_venv_ecom_intermediate/lib/python3.10/site-packages (from clickhouse-connect>=0.6.22->dbt-clickhouse) (2.5.0)
[2025-09-14T14:28:19.097+0000] {process_utils.py:191} INFO - Requirement already satisfied: pytz in /tmp/cosmos_venv_ecom_intermediate/lib/python3.10/site-packages (from clickhouse-connect>=0.6.22->dbt-clickhouse) (2025.2)
[2025-09-14T14:28:19.097+0000] {process_utils.py:191} INFO - Requirement already satisfied: zstandard in /tmp/cosmos_venv_ecom_intermediate/lib/python3.10/site-packages (from clickhouse-connect>=0.6.22->dbt-clickhouse) (0.24.0)
[2025-09-14T14:28:19.098+0000] {process_utils.py:191} INFO - Requirement already satisfied: lz4 in /tmp/cosmos_venv_ecom_intermediate/lib/python3.10/site-packages (from clickhouse-connect>=0.6.22->dbt-clickhouse) (4.4.4)
[2025-09-14T14:28:19.102+0000] {process_utils.py:191} INFO - Requirement already satisfied: tzlocal in /tmp/cosmos_venv_ecom_intermediate/lib/python3.10/site-packages (from clickhouse-driver>=0.2.6->dbt-clickhouse) (5.3.1)
[2025-09-14T14:28:19.106+0000] {process_utils.py:191} INFO - Requirement already satisfied: agate<1.10,>=1.7.0 in /tmp/cosmos_venv_ecom_intermediate/lib/python3.10/site-packages (from dbt-core>=1.9->dbt-clickhouse) (1.9.1)
[2025-09-14T14:28:19.107+0000] {process_utils.py:191} INFO - Requirement already satisfied: Jinja2<4,>=3.1.3 in /tmp/cosmos_venv_ecom_intermediate/lib/python3.10/site-packages (from dbt-core>=1.9->dbt-clickhouse) (3.1.6)
[2025-09-14T14:28:19.108+0000] {process_utils.py:191} INFO - Requirement already satisfied: mashumaro<3.15,>=3.9 in /tmp/cosmos_venv_ecom_intermediate/lib/python3.10/site-packages (from mashumaro[msgpack]<3.15,>=3.9->dbt-core>=1.9->dbt-clickhouse) (3.14)
[2025-09-14T14:28:19.109+0000] {process_utils.py:191} INFO - Requirement already satisfied: click<9.0,>=8.0.2 in /tmp/cosmos_venv_ecom_intermediate/lib/python3.10/site-packages (from dbt-core>=1.9->dbt-clickhouse) (8.2.1)
[2025-09-14T14:28:19.110+0000] {process_utils.py:191} INFO - Requirement already satisfied: jsonschema<5.0,>=4.19.1 in /tmp/cosmos_venv_ecom_intermediate/lib/python3.10/site-packages (from dbt-core>=1.9->dbt-clickhouse) (4.25.1)
[2025-09-14T14:28:19.111+0000] {process_utils.py:191} INFO - Requirement already satisfied: networkx<4.0,>=2.3 in /tmp/cosmos_venv_ecom_intermediate/lib/python3.10/site-packages (from dbt-core>=1.9->dbt-clickhouse) (3.4.2)
[2025-09-14T14:28:19.111+0000] {process_utils.py:191} INFO - Requirement already satisfied: protobuf<7.0,>=6.0 in /tmp/cosmos_venv_ecom_intermediate/lib/python3.10/site-packages (from dbt-core>=1.9->dbt-clickhouse) (6.32.1)
[2025-09-14T14:28:19.112+0000] {process_utils.py:191} INFO - Requirement already satisfied: requests<3.0.0 in /tmp/cosmos_venv_ecom_intermediate/lib/python3.10/site-packages (from dbt-core>=1.9->dbt-clickhouse) (2.32.5)
[2025-09-14T14:28:19.113+0000] {process_utils.py:191} INFO - Requirement already satisfied: snowplow-tracker<2.0,>=1.0.2 in /tmp/cosmos_venv_ecom_intermediate/lib/python3.10/site-packages (from dbt-core>=1.9->dbt-clickhouse) (1.1.0)
[2025-09-14T14:28:19.113+0000] {process_utils.py:191} INFO - Requirement already satisfied: pathspec<0.13,>=0.9 in /tmp/cosmos_venv_ecom_intermediate/lib/python3.10/site-packages (from dbt-core>=1.9->dbt-clickhouse) (0.12.1)
[2025-09-14T14:28:19.114+0000] {process_utils.py:191} INFO - Requirement already satisfied: sqlparse<0.6.0,>=0.5.0 in /tmp/cosmos_venv_ecom_intermediate/lib/python3.10/site-packages (from dbt-core>=1.9->dbt-clickhouse) (0.5.3)
[2025-09-14T14:28:19.115+0000] {process_utils.py:191} INFO - Requirement already satisfied: dbt-extractor<=0.6,>=0.5.0 in /tmp/cosmos_venv_ecom_intermediate/lib/python3.10/site-packages (from dbt-core>=1.9->dbt-clickhouse) (0.6.0)
[2025-09-14T14:28:19.116+0000] {process_utils.py:191} INFO - Requirement already satisfied: dbt-semantic-interfaces<0.10,>=0.9.0 in /tmp/cosmos_venv_ecom_intermediate/lib/python3.10/site-packages (from dbt-core>=1.9->dbt-clickhouse) (0.9.0)
[2025-09-14T14:28:19.117+0000] {process_utils.py:191} INFO - Requirement already satisfied: dbt-common<2.0,>=1.27.0 in /tmp/cosmos_venv_ecom_intermediate/lib/python3.10/site-packages (from dbt-core>=1.9->dbt-clickhouse) (1.30.0)
[2025-09-14T14:28:19.118+0000] {process_utils.py:191} INFO - Requirement already satisfied: dbt-adapters<2.0,>=1.15.5 in /tmp/cosmos_venv_ecom_intermediate/lib/python3.10/site-packages (from dbt-core>=1.9->dbt-clickhouse) (1.16.7)
[2025-09-14T14:28:19.118+0000] {process_utils.py:191} INFO - Requirement already satisfied: dbt-protos<2.0,>=1.0.346 in /tmp/cosmos_venv_ecom_intermediate/lib/python3.10/site-packages (from dbt-core>=1.9->dbt-clickhouse) (1.0.375)
[2025-09-14T14:28:19.119+0000] {process_utils.py:191} INFO - Requirement already satisfied: pydantic<3 in /tmp/cosmos_venv_ecom_intermediate/lib/python3.10/site-packages (from dbt-core>=1.9->dbt-clickhouse) (2.11.8)
[2025-09-14T14:28:19.120+0000] {process_utils.py:191} INFO - Requirement already satisfied: packaging>20.9 in /tmp/cosmos_venv_ecom_intermediate/lib/python3.10/site-packages (from dbt-core>=1.9->dbt-clickhouse) (25.0)
[2025-09-14T14:28:19.120+0000] {process_utils.py:191} INFO - Requirement already satisfied: pyyaml>=6.0 in /tmp/cosmos_venv_ecom_intermediate/lib/python3.10/site-packages (from dbt-core>=1.9->dbt-clickhouse) (6.0.2)
[2025-09-14T14:28:19.121+0000] {process_utils.py:191} INFO - Requirement already satisfied: daff>=1.3.46 in /tmp/cosmos_venv_ecom_intermediate/lib/python3.10/site-packages (from dbt-core>=1.9->dbt-clickhouse) (1.4.2)
[2025-09-14T14:28:19.122+0000] {process_utils.py:191} INFO - Requirement already satisfied: typing-extensions>=4.4 in /tmp/cosmos_venv_ecom_intermediate/lib/python3.10/site-packages (from dbt-core>=1.9->dbt-clickhouse) (4.15.0)
[2025-09-14T14:28:19.126+0000] {process_utils.py:191} INFO - Requirement already satisfied: Babel>=2.0 in /tmp/cosmos_venv_ecom_intermediate/lib/python3.10/site-packages (from agate<1.10,>=1.7.0->dbt-core>=1.9->dbt-clickhouse) (2.17.0)
[2025-09-14T14:28:19.127+0000] {process_utils.py:191} INFO - Requirement already satisfied: isodate>=0.5.4 in /tmp/cosmos_venv_ecom_intermediate/lib/python3.10/site-packages (from agate<1.10,>=1.7.0->dbt-core>=1.9->dbt-clickhouse) (0.6.1)
[2025-09-14T14:28:19.128+0000] {process_utils.py:191} INFO - Requirement already satisfied: leather>=0.3.2 in /tmp/cosmos_venv_ecom_intermediate/lib/python3.10/site-packages (from agate<1.10,>=1.7.0->dbt-core>=1.9->dbt-clickhouse) (0.4.0)
[2025-09-14T14:28:19.128+0000] {process_utils.py:191} INFO - Requirement already satisfied: parsedatetime!=2.5,>=2.1 in /tmp/cosmos_venv_ecom_intermediate/lib/python3.10/site-packages (from agate<1.10,>=1.7.0->dbt-core>=1.9->dbt-clickhouse) (2.6)
[2025-09-14T14:28:19.129+0000] {process_utils.py:191} INFO - Requirement already satisfied: python-slugify>=1.2.1 in /tmp/cosmos_venv_ecom_intermediate/lib/python3.10/site-packages (from agate<1.10,>=1.7.0->dbt-core>=1.9->dbt-clickhouse) (8.0.4)
[2025-09-14T14:28:19.129+0000] {process_utils.py:191} INFO - Requirement already satisfied: pytimeparse>=1.1.5 in /tmp/cosmos_venv_ecom_intermediate/lib/python3.10/site-packages (from agate<1.10,>=1.7.0->dbt-core>=1.9->dbt-clickhouse) (1.1.8)
[2025-09-14T14:28:19.146+0000] {process_utils.py:191} INFO - Requirement already satisfied: colorama<0.5,>=0.3.9 in /tmp/cosmos_venv_ecom_intermediate/lib/python3.10/site-packages (from dbt-common<2.0,>=1.27.0->dbt-core>=1.9->dbt-clickhouse) (0.4.6)
[2025-09-14T14:28:19.147+0000] {process_utils.py:191} INFO - Requirement already satisfied: deepdiff<9.0,>=7.0 in /tmp/cosmos_venv_ecom_intermediate/lib/python3.10/site-packages (from dbt-common<2.0,>=1.27.0->dbt-core>=1.9->dbt-clickhouse) (8.6.1)
[2025-09-14T14:28:19.151+0000] {process_utils.py:191} INFO - Requirement already satisfied: python-dateutil<3.0,>=2.0 in /tmp/cosmos_venv_ecom_intermediate/lib/python3.10/site-packages (from dbt-common<2.0,>=1.27.0->dbt-core>=1.9->dbt-clickhouse) (2.9.0.post0)
[2025-09-14T14:28:19.160+0000] {process_utils.py:191} INFO - Requirement already satisfied: importlib-metadata<9,>=6.0 in /tmp/cosmos_venv_ecom_intermediate/lib/python3.10/site-packages (from dbt-semantic-interfaces<0.10,>=0.9.0->dbt-core>=1.9->dbt-clickhouse) (8.7.0)
[2025-09-14T14:28:19.161+0000] {process_utils.py:191} INFO - Requirement already satisfied: more-itertools<11.0,>=8.0 in /tmp/cosmos_venv_ecom_intermediate/lib/python3.10/site-packages (from dbt-semantic-interfaces<0.10,>=0.9.0->dbt-core>=1.9->dbt-clickhouse) (10.8.0)
[2025-09-14T14:28:19.171+0000] {process_utils.py:191} INFO - Requirement already satisfied: orderly-set<6,>=5.4.1 in /tmp/cosmos_venv_ecom_intermediate/lib/python3.10/site-packages (from deepdiff<9.0,>=7.0->dbt-common<2.0,>=1.27.0->dbt-core>=1.9->dbt-clickhouse) (5.5.0)
[2025-09-14T14:28:19.178+0000] {process_utils.py:191} INFO - Requirement already satisfied: zipp>=3.20 in /tmp/cosmos_venv_ecom_intermediate/lib/python3.10/site-packages (from importlib-metadata<9,>=6.0->dbt-semantic-interfaces<0.10,>=0.9.0->dbt-core>=1.9->dbt-clickhouse) (3.23.0)
[2025-09-14T14:28:19.180+0000] {process_utils.py:191} INFO - Requirement already satisfied: six in /tmp/cosmos_venv_ecom_intermediate/lib/python3.10/site-packages (from isodate>=0.5.4->agate<1.10,>=1.7.0->dbt-core>=1.9->dbt-clickhouse) (1.17.0)
[2025-09-14T14:28:19.183+0000] {process_utils.py:191} INFO - Requirement already satisfied: MarkupSafe>=2.0 in /tmp/cosmos_venv_ecom_intermediate/lib/python3.10/site-packages (from Jinja2<4,>=3.1.3->dbt-core>=1.9->dbt-clickhouse) (3.0.2)
[2025-09-14T14:28:19.188+0000] {process_utils.py:191} INFO - Requirement already satisfied: attrs>=22.2.0 in /tmp/cosmos_venv_ecom_intermediate/lib/python3.10/site-packages (from jsonschema<5.0,>=4.19.1->dbt-core>=1.9->dbt-clickhouse) (25.3.0)
[2025-09-14T14:28:19.189+0000] {process_utils.py:191} INFO - Requirement already satisfied: jsonschema-specifications>=2023.03.6 in /tmp/cosmos_venv_ecom_intermediate/lib/python3.10/site-packages (from jsonschema<5.0,>=4.19.1->dbt-core>=1.9->dbt-clickhouse) (2025.9.1)
[2025-09-14T14:28:19.190+0000] {process_utils.py:191} INFO - Requirement already satisfied: referencing>=0.28.4 in /tmp/cosmos_venv_ecom_intermediate/lib/python3.10/site-packages (from jsonschema<5.0,>=4.19.1->dbt-core>=1.9->dbt-clickhouse) (0.36.2)
[2025-09-14T14:28:19.190+0000] {process_utils.py:191} INFO - Requirement already satisfied: rpds-py>=0.7.1 in /tmp/cosmos_venv_ecom_intermediate/lib/python3.10/site-packages (from jsonschema<5.0,>=4.19.1->dbt-core>=1.9->dbt-clickhouse) (0.27.1)
[2025-09-14T14:28:19.199+0000] {process_utils.py:191} INFO - Requirement already satisfied: msgpack>=0.5.6 in /tmp/cosmos_venv_ecom_intermediate/lib/python3.10/site-packages (from mashumaro[msgpack]<3.15,>=3.9->dbt-core>=1.9->dbt-clickhouse) (1.1.1)
[2025-09-14T14:28:19.221+0000] {process_utils.py:191} INFO - Requirement already satisfied: annotated-types>=0.6.0 in /tmp/cosmos_venv_ecom_intermediate/lib/python3.10/site-packages (from pydantic<3->dbt-core>=1.9->dbt-clickhouse) (0.7.0)
[2025-09-14T14:28:19.222+0000] {process_utils.py:191} INFO - Requirement already satisfied: pydantic-core==2.33.2 in /tmp/cosmos_venv_ecom_intermediate/lib/python3.10/site-packages (from pydantic<3->dbt-core>=1.9->dbt-clickhouse) (2.33.2)
[2025-09-14T14:28:19.224+0000] {process_utils.py:191} INFO - Requirement already satisfied: typing-inspection>=0.4.0 in /tmp/cosmos_venv_ecom_intermediate/lib/python3.10/site-packages (from pydantic<3->dbt-core>=1.9->dbt-clickhouse) (0.4.1)
[2025-09-14T14:28:19.232+0000] {process_utils.py:191} INFO - Requirement already satisfied: charset_normalizer<4,>=2 in /tmp/cosmos_venv_ecom_intermediate/lib/python3.10/site-packages (from requests<3.0.0->dbt-core>=1.9->dbt-clickhouse) (3.4.3)
[2025-09-14T14:28:19.233+0000] {process_utils.py:191} INFO - Requirement already satisfied: idna<4,>=2.5 in /tmp/cosmos_venv_ecom_intermediate/lib/python3.10/site-packages (from requests<3.0.0->dbt-core>=1.9->dbt-clickhouse) (3.10)
[2025-09-14T14:28:19.280+0000] {process_utils.py:191} INFO - Requirement already satisfied: text-unidecode>=1.3 in /tmp/cosmos_venv_ecom_intermediate/lib/python3.10/site-packages (from python-slugify>=1.2.1->agate<1.10,>=1.7.0->dbt-core>=1.9->dbt-clickhouse) (1.3)
[2025-09-14T14:28:19.435+0000] {local.py:470} INFO - Cloning project to writable temp directory /tmp/tmpvivigkdq from /opt/airflow/dags/dbt/ecom_intermediate
[2025-09-14T14:28:19.443+0000] {local.py:490} INFO - Partial parse is enabled and the latest partial parse file is /tmp/cosmos/dbt_intermediate__intermediate/target/partial_parse.msgpack
[2025-09-14T14:28:19.454+0000] {config.py:362} INFO - Using user-supplied profiles.yml at /opt/airflow/dags/dbt/profiles.yml
[2025-09-14T14:28:19.461+0000] {virtualenv.py:99} INFO - Using Python binary from virtualenv: /tmp/cosmos_venv_ecom_intermediate/bin/python
[2025-09-14T14:28:19.461+0000] {local.py:434} INFO - Trying to run the command:
 ['/tmp/cosmos_venv_ecom_intermediate/bin/dbt', 'deps', '--project-dir', '/tmp/tmpvivigkdq', '--profiles-dir', '/opt/***/dags/dbt', '--profile', 'ecom_intermediate', '--target', 'dev']
From /tmp/tmpvivigkdq
[2025-09-14T14:28:19.462+0000] {subprocess.py:56} INFO - Tmp dir root location: 
 /tmp
[2025-09-14T14:28:19.462+0000] {subprocess.py:69} INFO - Running command: ['/tmp/cosmos_venv_ecom_intermediate/bin/dbt', 'deps', '--project-dir', '/tmp/tmpvivigkdq', '--profiles-dir', '/opt/***/dags/dbt', '--profile', 'ecom_intermediate', '--target', 'dev']
[2025-09-14T14:28:19.474+0000] {subprocess.py:80} INFO - Command output:
[2025-09-14T14:28:21.970+0000] {subprocess.py:90} INFO - [0m14:28:21  Running with dbt=1.10.11
[2025-09-14T14:28:23.137+0000] {subprocess.py:90} INFO - [0m14:28:23  Installing dbt-labs/dbt_utils
[2025-09-14T14:28:23.768+0000] {subprocess.py:90} INFO - [0m14:28:23  Installed from version 1.3.0
[2025-09-14T14:28:23.768+0000] {subprocess.py:90} INFO - [0m14:28:23  Updated version available: 1.3.1
[2025-09-14T14:28:23.769+0000] {subprocess.py:90} INFO - [0m14:28:23
[2025-09-14T14:28:23.770+0000] {subprocess.py:90} INFO - [0m14:28:23  Updates available for packages: ['dbt-labs/dbt_utils']
[2025-09-14T14:28:23.771+0000] {subprocess.py:90} INFO - Update your versions in packages.yml, then run dbt deps
[2025-09-14T14:28:25.483+0000] {subprocess.py:94} INFO - Command exited with return code 0
[2025-09-14T14:28:25.484+0000] {local.py:441} INFO - Update your versions in packages.yml, then run dbt deps
[2025-09-14T14:28:25.484+0000] {virtualenv.py:99} INFO - Using Python binary from virtualenv: /tmp/cosmos_venv_ecom_intermediate/bin/python
[2025-09-14T14:28:25.485+0000] {local.py:434} INFO - Trying to run the command:
 ['/tmp/cosmos_venv_ecom_intermediate/bin/dbt', 'run', '--models', 'customers_enriched', '--project-dir', '/tmp/tmpvivigkdq', '--profiles-dir', '/opt/***/dags/dbt', '--profile', 'ecom_intermediate', '--target', 'dev']
From /tmp/tmpvivigkdq
[2025-09-14T14:28:25.486+0000] {subprocess.py:56} INFO - Tmp dir root location: 
 /tmp
[2025-09-14T14:28:25.487+0000] {subprocess.py:69} INFO - Running command: ['/tmp/cosmos_venv_ecom_intermediate/bin/dbt', 'run', '--models', 'customers_enriched', '--project-dir', '/tmp/tmpvivigkdq', '--profiles-dir', '/opt/***/dags/dbt', '--profile', 'ecom_intermediate', '--target', 'dev']
[2025-09-14T14:28:25.498+0000] {subprocess.py:80} INFO - Command output:
[2025-09-14T14:28:27.601+0000] {subprocess.py:90} INFO - [0m14:28:27  Running with dbt=1.10.11
[2025-09-14T14:28:27.603+0000] {subprocess.py:90} INFO - [0m14:28:27  [[33mWARNING[0m]: Deprecated functionality
[2025-09-14T14:28:27.604+0000] {subprocess.py:90} INFO - Usage of `--models`, `--model`, and `-m` is deprecated in favor of `--select` or
[2025-09-14T14:28:27.604+0000] {subprocess.py:90} INFO - `-s`.
[2025-09-14T14:28:27.950+0000] {subprocess.py:90} INFO - [0m14:28:27  Registered adapter: clickhouse=1.9.3
[2025-09-14T14:28:28.920+0000] {subprocess.py:90} INFO - [0m14:28:28  Found 15 models, 50 data tests, 8 sources, 597 macros
[2025-09-14T14:28:28.923+0000] {subprocess.py:90} INFO - [0m14:28:28
[2025-09-14T14:28:28.923+0000] {subprocess.py:90} INFO - [0m14:28:28  Concurrency: 4 threads (target='dev')
[2025-09-14T14:28:28.924+0000] {subprocess.py:90} INFO - [0m14:28:28
[2025-09-14T14:28:29.084+0000] {subprocess.py:90} INFO - [0m14:28:29  1 of 1 START sql table model `ecom_db_intermediate`.`customers_enriched` ....... [RUN]
[2025-09-14T14:28:29.326+0000] {subprocess.py:90} INFO - [0m14:28:29  1 of 1 OK created sql table model `ecom_db_intermediate`.`customers_enriched` .. [[32mOK[0m in 0.24s]
[2025-09-14T14:28:29.330+0000] {subprocess.py:90} INFO - [0m14:28:29
[2025-09-14T14:28:29.331+0000] {subprocess.py:90} INFO - [0m14:28:29  Finished running 1 table model in 0 hours 0 minutes and 0.41 seconds (0.41s).
[2025-09-14T14:28:29.393+0000] {subprocess.py:90} INFO - [0m14:28:29
[2025-09-14T14:28:29.394+0000] {subprocess.py:90} INFO - [0m14:28:29  [32mCompleted successfully[0m
[2025-09-14T14:28:29.395+0000] {subprocess.py:90} INFO - [0m14:28:29
[2025-09-14T14:28:29.396+0000] {subprocess.py:90} INFO - [0m14:28:29  Done. PASS=1 WARN=0 ERROR=0 SKIP=0 NO-OP=0 TOTAL=1
[2025-09-14T14:28:29.397+0000] {subprocess.py:90} INFO - [0m14:28:29  [[33mWARNING[0m][DeprecationsSummary]: Deprecated functionality
[2025-09-14T14:28:29.397+0000] {subprocess.py:90} INFO - Summary of encountered deprecations:
[2025-09-14T14:28:29.398+0000] {subprocess.py:90} INFO - - ModelParamUsageDeprecation: 1 occurrence
[2025-09-14T14:28:29.399+0000] {subprocess.py:90} INFO - To see all deprecation instances instead of just the first occurrence of each,
[2025-09-14T14:28:29.399+0000] {subprocess.py:90} INFO - run command again with the `--show-all-deprecations` flag. You may also need to
[2025-09-14T14:28:29.400+0000] {subprocess.py:90} INFO - run with `--no-partial-parse` as some deprecations are only encountered during
[2025-09-14T14:28:29.400+0000] {subprocess.py:90} INFO - parsing.
[2025-09-14T14:28:31.241+0000] {subprocess.py:94} INFO - Command exited with return code 0
[2025-09-14T14:28:31.242+0000] {local.py:441} INFO - parsing.
[2025-09-14T14:28:31.259+0000] {local.py:196} WARNING - Artifact schema version: https://schemas.getdbt.com/dbt/manifest/v12.json is above dbt-ol supported version 7. This might cause errors.
[2025-09-14T14:28:31.260+0000] {local.py:196} WARNING - Artifact schema version: https://schemas.getdbt.com/dbt/run-results/v6.json is above dbt-ol supported version 5. This might cause errors.
[2025-09-14T14:28:31.267+0000] {local.py:547} INFO - Inlets: []
[2025-09-14T14:28:31.267+0000] {local.py:548} INFO - Outlets: []
[2025-09-14T14:28:31.268+0000] {local.py:772} INFO - Assigning inlets/outlets without DatasetAlias
[2025-09-14T14:28:31.268+0000] {dag.py:3089} INFO - Sync 1 DAGs
[2025-09-14T14:28:31.364+0000] {dag.py:3947} INFO - Setting next_dagrun for dbt_intermediate to 2025-09-14 00:00:00+00:00, run_after=2025-09-15 00:00:00+00:00
[2025-09-14T14:28:31.577+0000] {virtualenv.py:131} INFO - Releasing virtualenv lock
[2025-09-14T14:28:31.578+0000] {virtualenv.py:145} INFO - None
[2025-09-14T14:28:31.578+0000] {taskinstance.py:441} INFO - ::group::Post task execution logs
[2025-09-14T14:28:31.639+0000] {taskinstance.py:1206} INFO - Marking task as SUCCESS. dag_id=dbt_intermediate, task_id=intermediate.customers_enriched.run, run_id=manual__2025-09-14T14:24:34.783254+00:00, execution_date=20250914T142434, start_date=20250914T142747, end_date=20250914T142831
[2025-09-14T14:28:31.746+0000] {local_task_job_runner.py:243} INFO - Task exited with return code 0
[2025-09-14T14:28:31.807+0000] {local_task_job_runner.py:222} INFO - ::endgroup::
