[2025-09-13T09:40:36.153+0000] {local_task_job_runner.py:120} INFO - ::group::Pre task execution logs
[2025-09-13T09:40:36.433+0000] {taskinstance.py:2076} INFO - Dependencies all met for dep_context=non-requeueable deps ti=<TaskInstance: dbt_marts.marts.fct_order_details.run scheduled__2025-09-12T00:00:00+00:00 [queued]>
[2025-09-13T09:40:36.457+0000] {taskinstance.py:2076} INFO - Dependencies all met for dep_context=requeueable deps ti=<TaskInstance: dbt_marts.marts.fct_order_details.run scheduled__2025-09-12T00:00:00+00:00 [queued]>
[2025-09-13T09:40:36.458+0000] {taskinstance.py:2306} INFO - Starting attempt 1 of 1
[2025-09-13T09:40:36.499+0000] {taskinstance.py:2330} INFO - Executing <Task(DbtRunVirtualenvOperator): marts.fct_order_details.run> on 2025-09-12 00:00:00+00:00
[2025-09-13T09:40:36.510+0000] {standard_task_runner.py:64} INFO - Started process 6185 to run task
[2025-09-13T09:40:36.526+0000] {standard_task_runner.py:90} INFO - Running: ['***', 'tasks', 'run', 'dbt_marts', 'marts.fct_order_details.run', 'scheduled__2025-09-12T00:00:00+00:00', '--job-id', '187', '--raw', '--subdir', 'DAGS_FOLDER/dbt_marts.py', '--cfg-path', '/tmp/tmpn2_b0oit']
[2025-09-13T09:40:36.531+0000] {standard_task_runner.py:91} INFO - Job 187: Subtask marts.fct_order_details.run
[2025-09-13T09:40:37.176+0000] {task_command.py:426} INFO - Running <TaskInstance: dbt_marts.marts.fct_order_details.run scheduled__2025-09-12T00:00:00+00:00 [running]> on host e95bde6b8d07
[2025-09-13T09:40:38.186+0000] {taskinstance.py:2648} INFO - Exporting env vars: AIRFLOW_CTX_DAG_OWNER='***' AIRFLOW_CTX_DAG_ID='dbt_marts' AIRFLOW_CTX_TASK_ID='marts.fct_order_details.run' AIRFLOW_CTX_EXECUTION_DATE='2025-09-12T00:00:00+00:00' AIRFLOW_CTX_TRY_NUMBER='1' AIRFLOW_CTX_DAG_RUN_ID='scheduled__2025-09-12T00:00:00+00:00'
[2025-09-13T09:40:38.190+0000] {taskinstance.py:430} INFO - ::endgroup::
[2025-09-13T09:40:38.213+0000] {virtualenv.py:120} INFO - Checking if the virtualenv lock /tmp/cosmos_venv_ecom/cosmos_virtualenv.lock exists
[2025-09-13T09:40:38.215+0000] {virtualenv.py:178} INFO - Checking for running process with PID 6178
[2025-09-13T09:40:38.218+0000] {virtualenv.py:181} INFO - Process 6178 running: True and has the lock /tmp/cosmos_venv_ecom/cosmos_virtualenv.lock.
[2025-09-13T09:40:38.219+0000] {virtualenv.py:122} INFO - Waiting for virtualenv lock to be released
[2025-09-13T09:40:39.221+0000] {virtualenv.py:178} INFO - Checking for running process with PID 6178
[2025-09-13T09:40:39.222+0000] {virtualenv.py:181} INFO - Process 6178 running: True and has the lock /tmp/cosmos_venv_ecom/cosmos_virtualenv.lock.
[2025-09-13T09:40:39.223+0000] {virtualenv.py:122} INFO - Waiting for virtualenv lock to be released
[2025-09-13T09:40:40.225+0000] {virtualenv.py:178} INFO - Checking for running process with PID 6178
[2025-09-13T09:40:40.226+0000] {virtualenv.py:181} INFO - Process 6178 running: True and has the lock /tmp/cosmos_venv_ecom/cosmos_virtualenv.lock.
[2025-09-13T09:40:40.227+0000] {virtualenv.py:122} INFO - Waiting for virtualenv lock to be released
[2025-09-13T09:40:41.228+0000] {virtualenv.py:178} INFO - Checking for running process with PID 6178
[2025-09-13T09:40:41.229+0000] {virtualenv.py:181} INFO - Process 6178 running: True and has the lock /tmp/cosmos_venv_ecom/cosmos_virtualenv.lock.
[2025-09-13T09:40:41.230+0000] {virtualenv.py:122} INFO - Waiting for virtualenv lock to be released
[2025-09-13T09:40:42.230+0000] {virtualenv.py:178} INFO - Checking for running process with PID 6178
[2025-09-13T09:40:42.231+0000] {virtualenv.py:181} INFO - Process 6178 running: True and has the lock /tmp/cosmos_venv_ecom/cosmos_virtualenv.lock.
[2025-09-13T09:40:42.231+0000] {virtualenv.py:122} INFO - Waiting for virtualenv lock to be released
[2025-09-13T09:40:43.233+0000] {virtualenv.py:178} INFO - Checking for running process with PID 6178
[2025-09-13T09:40:43.234+0000] {virtualenv.py:181} INFO - Process 6178 running: True and has the lock /tmp/cosmos_venv_ecom/cosmos_virtualenv.lock.
[2025-09-13T09:40:43.234+0000] {virtualenv.py:122} INFO - Waiting for virtualenv lock to be released
[2025-09-13T09:40:44.236+0000] {virtualenv.py:178} INFO - Checking for running process with PID 6178
[2025-09-13T09:40:44.237+0000] {virtualenv.py:181} INFO - Process 6178 running: True and has the lock /tmp/cosmos_venv_ecom/cosmos_virtualenv.lock.
[2025-09-13T09:40:44.237+0000] {virtualenv.py:122} INFO - Waiting for virtualenv lock to be released
[2025-09-13T09:40:45.239+0000] {virtualenv.py:178} INFO - Checking for running process with PID 6178
[2025-09-13T09:40:45.239+0000] {virtualenv.py:181} INFO - Process 6178 running: True and has the lock /tmp/cosmos_venv_ecom/cosmos_virtualenv.lock.
[2025-09-13T09:40:45.240+0000] {virtualenv.py:122} INFO - Waiting for virtualenv lock to be released
[2025-09-13T09:40:46.241+0000] {virtualenv.py:178} INFO - Checking for running process with PID 6178
[2025-09-13T09:40:46.242+0000] {virtualenv.py:181} INFO - Process 6178 running: True and has the lock /tmp/cosmos_venv_ecom/cosmos_virtualenv.lock.
[2025-09-13T09:40:46.243+0000] {virtualenv.py:122} INFO - Waiting for virtualenv lock to be released
[2025-09-13T09:40:47.245+0000] {virtualenv.py:178} INFO - Checking for running process with PID 6178
[2025-09-13T09:40:47.246+0000] {virtualenv.py:181} INFO - Process 6178 running: True and has the lock /tmp/cosmos_venv_ecom/cosmos_virtualenv.lock.
[2025-09-13T09:40:47.246+0000] {virtualenv.py:122} INFO - Waiting for virtualenv lock to be released
[2025-09-13T09:40:48.248+0000] {virtualenv.py:178} INFO - Checking for running process with PID 6178
[2025-09-13T09:40:48.249+0000] {virtualenv.py:181} INFO - Process 6178 running: True and has the lock /tmp/cosmos_venv_ecom/cosmos_virtualenv.lock.
[2025-09-13T09:40:48.249+0000] {virtualenv.py:122} INFO - Waiting for virtualenv lock to be released
[2025-09-13T09:40:49.251+0000] {virtualenv.py:178} INFO - Checking for running process with PID 6178
[2025-09-13T09:40:49.251+0000] {virtualenv.py:181} INFO - Process 6178 running: True and has the lock /tmp/cosmos_venv_ecom/cosmos_virtualenv.lock.
[2025-09-13T09:40:49.252+0000] {virtualenv.py:122} INFO - Waiting for virtualenv lock to be released
[2025-09-13T09:40:50.253+0000] {virtualenv.py:178} INFO - Checking for running process with PID 6178
[2025-09-13T09:40:50.256+0000] {virtualenv.py:181} INFO - Process 6178 running: True and has the lock /tmp/cosmos_venv_ecom/cosmos_virtualenv.lock.
[2025-09-13T09:40:50.257+0000] {virtualenv.py:122} INFO - Waiting for virtualenv lock to be released
[2025-09-13T09:40:51.258+0000] {virtualenv.py:178} INFO - Checking for running process with PID 6178
[2025-09-13T09:40:51.259+0000] {virtualenv.py:181} INFO - Process 6178 running: True and has the lock /tmp/cosmos_venv_ecom/cosmos_virtualenv.lock.
[2025-09-13T09:40:51.260+0000] {virtualenv.py:122} INFO - Waiting for virtualenv lock to be released
[2025-09-13T09:40:52.262+0000] {virtualenv.py:178} INFO - Checking for running process with PID 6178
[2025-09-13T09:40:52.263+0000] {virtualenv.py:181} INFO - Process 6178 running: True and has the lock /tmp/cosmos_venv_ecom/cosmos_virtualenv.lock.
[2025-09-13T09:40:52.264+0000] {virtualenv.py:122} INFO - Waiting for virtualenv lock to be released
[2025-09-13T09:40:53.266+0000] {virtualenv.py:178} INFO - Checking for running process with PID 6178
[2025-09-13T09:40:53.266+0000] {virtualenv.py:181} INFO - Process 6178 running: True and has the lock /tmp/cosmos_venv_ecom/cosmos_virtualenv.lock.
[2025-09-13T09:40:53.267+0000] {virtualenv.py:122} INFO - Waiting for virtualenv lock to be released
[2025-09-13T09:40:54.269+0000] {virtualenv.py:178} INFO - Checking for running process with PID 6178
[2025-09-13T09:40:54.269+0000] {virtualenv.py:181} INFO - Process 6178 running: True and has the lock /tmp/cosmos_venv_ecom/cosmos_virtualenv.lock.
[2025-09-13T09:40:54.270+0000] {virtualenv.py:122} INFO - Waiting for virtualenv lock to be released
[2025-09-13T09:40:55.271+0000] {virtualenv.py:178} INFO - Checking for running process with PID 6178
[2025-09-13T09:40:55.272+0000] {virtualenv.py:181} INFO - Process 6178 running: True and has the lock /tmp/cosmos_venv_ecom/cosmos_virtualenv.lock.
[2025-09-13T09:40:55.272+0000] {virtualenv.py:122} INFO - Waiting for virtualenv lock to be released
[2025-09-13T09:40:56.274+0000] {virtualenv.py:178} INFO - Checking for running process with PID 6192
[2025-09-13T09:40:56.274+0000] {virtualenv.py:181} INFO - Process 6192 running: True and has the lock /tmp/cosmos_venv_ecom/cosmos_virtualenv.lock.
[2025-09-13T09:40:56.275+0000] {virtualenv.py:122} INFO - Waiting for virtualenv lock to be released
[2025-09-13T09:40:57.277+0000] {virtualenv.py:178} INFO - Checking for running process with PID 6192
[2025-09-13T09:40:57.279+0000] {virtualenv.py:181} INFO - Process 6192 running: True and has the lock /tmp/cosmos_venv_ecom/cosmos_virtualenv.lock.
[2025-09-13T09:40:57.280+0000] {virtualenv.py:122} INFO - Waiting for virtualenv lock to be released
[2025-09-13T09:40:58.284+0000] {virtualenv.py:178} INFO - Checking for running process with PID 6192
[2025-09-13T09:40:58.284+0000] {virtualenv.py:181} INFO - Process 6192 running: True and has the lock /tmp/cosmos_venv_ecom/cosmos_virtualenv.lock.
[2025-09-13T09:40:58.285+0000] {virtualenv.py:122} INFO - Waiting for virtualenv lock to be released
[2025-09-13T09:40:59.286+0000] {virtualenv.py:178} INFO - Checking for running process with PID 6192
[2025-09-13T09:40:59.287+0000] {virtualenv.py:181} INFO - Process 6192 running: True and has the lock /tmp/cosmos_venv_ecom/cosmos_virtualenv.lock.
[2025-09-13T09:40:59.288+0000] {virtualenv.py:122} INFO - Waiting for virtualenv lock to be released
[2025-09-13T09:41:00.290+0000] {virtualenv.py:178} INFO - Checking for running process with PID 6192
[2025-09-13T09:41:00.291+0000] {virtualenv.py:181} INFO - Process 6192 running: True and has the lock /tmp/cosmos_venv_ecom/cosmos_virtualenv.lock.
[2025-09-13T09:41:00.293+0000] {virtualenv.py:122} INFO - Waiting for virtualenv lock to be released
[2025-09-13T09:41:01.294+0000] {virtualenv.py:178} INFO - Checking for running process with PID 6192
[2025-09-13T09:41:01.296+0000] {virtualenv.py:181} INFO - Process 6192 running: True and has the lock /tmp/cosmos_venv_ecom/cosmos_virtualenv.lock.
[2025-09-13T09:41:01.296+0000] {virtualenv.py:122} INFO - Waiting for virtualenv lock to be released
[2025-09-13T09:41:02.299+0000] {virtualenv.py:178} INFO - Checking for running process with PID 6192
[2025-09-13T09:41:02.300+0000] {virtualenv.py:181} INFO - Process 6192 running: True and has the lock /tmp/cosmos_venv_ecom/cosmos_virtualenv.lock.
[2025-09-13T09:41:02.301+0000] {virtualenv.py:122} INFO - Waiting for virtualenv lock to be released
[2025-09-13T09:41:03.305+0000] {virtualenv.py:178} INFO - Checking for running process with PID 6192
[2025-09-13T09:41:03.308+0000] {virtualenv.py:181} INFO - Process 6192 running: True and has the lock /tmp/cosmos_venv_ecom/cosmos_virtualenv.lock.
[2025-09-13T09:41:03.313+0000] {virtualenv.py:122} INFO - Waiting for virtualenv lock to be released
[2025-09-13T09:41:04.315+0000] {virtualenv.py:178} INFO - Checking for running process with PID 6194
[2025-09-13T09:41:04.322+0000] {virtualenv.py:181} INFO - Process 6194 running: True and has the lock /tmp/cosmos_venv_ecom/cosmos_virtualenv.lock.
[2025-09-13T09:41:04.324+0000] {virtualenv.py:122} INFO - Waiting for virtualenv lock to be released
[2025-09-13T09:41:05.331+0000] {virtualenv.py:178} INFO - Checking for running process with PID 6194
[2025-09-13T09:41:05.335+0000] {virtualenv.py:181} INFO - Process 6194 running: True and has the lock /tmp/cosmos_venv_ecom/cosmos_virtualenv.lock.
[2025-09-13T09:41:05.335+0000] {virtualenv.py:122} INFO - Waiting for virtualenv lock to be released
[2025-09-13T09:41:06.339+0000] {virtualenv.py:178} INFO - Checking for running process with PID 6194
[2025-09-13T09:41:06.342+0000] {virtualenv.py:181} INFO - Process 6194 running: True and has the lock /tmp/cosmos_venv_ecom/cosmos_virtualenv.lock.
[2025-09-13T09:41:06.343+0000] {virtualenv.py:122} INFO - Waiting for virtualenv lock to be released
[2025-09-13T09:41:07.343+0000] {virtualenv.py:178} INFO - Checking for running process with PID 6194
[2025-09-13T09:41:07.345+0000] {virtualenv.py:181} INFO - Process 6194 running: True and has the lock /tmp/cosmos_venv_ecom/cosmos_virtualenv.lock.
[2025-09-13T09:41:07.346+0000] {virtualenv.py:122} INFO - Waiting for virtualenv lock to be released
[2025-09-13T09:41:08.207+0000] {local_task_job_runner.py:313} WARNING - State of this instance has been externally set to failed. Terminating instance.
[2025-09-13T09:41:08.208+0000] {local_task_job_runner.py:222} INFO - ::endgroup::
[2025-09-13T09:41:08.213+0000] {process_utils.py:132} INFO - Sending 15 to group 6185. PIDs of all processes in the group: [6185]
[2025-09-13T09:41:08.214+0000] {process_utils.py:87} INFO - Sending the signal 15 to group 6185
[2025-09-13T09:41:08.215+0000] {taskinstance.py:2611} ERROR - Received SIGTERM. Terminating subprocesses.
[2025-09-13T09:41:08.215+0000] {virtualenv.py:131} INFO - Releasing virtualenv lock
[2025-09-13T09:41:08.217+0000] {virtualenv.py:210} WARNING - Lockfile owned by process of pid 6194, while operator has pid 6185
[2025-09-13T09:41:08.217+0000] {taskinstance.py:441} INFO - ::group::Post task execution logs
[2025-09-13T09:41:08.388+0000] {process_utils.py:80} INFO - Process psutil.Process(pid=6185, status='terminated', exitcode=0, started='09:40:36') (6185) terminated with exit code 0
