[2025-09-13T09:34:36.302+0000] {local_task_job_runner.py:120} INFO - ::group::Pre task execution logs
[2025-09-13T09:34:37.035+0000] {taskinstance.py:2076} INFO - Dependencies all met for dep_context=non-requeueable deps ti=<TaskInstance: dbt_staging.dbt_ecom.stg_reviews_run manual__2025-09-13T09:34:31.578167+00:00 [queued]>
[2025-09-13T09:34:37.112+0000] {taskinstance.py:2076} INFO - Dependencies all met for dep_context=requeueable deps ti=<TaskInstance: dbt_staging.dbt_ecom.stg_reviews_run manual__2025-09-13T09:34:31.578167+00:00 [queued]>
[2025-09-13T09:34:37.123+0000] {taskinstance.py:2306} INFO - Starting attempt 1 of 1
[2025-09-13T09:34:37.250+0000] {taskinstance.py:2330} INFO - Executing <Task(DbtRunVirtualenvOperator): dbt_ecom.stg_reviews_run> on 2025-09-13 09:34:31.578167+00:00
[2025-09-13T09:34:37.289+0000] {standard_task_runner.py:64} INFO - Started process 5334 to run task
[2025-09-13T09:34:37.303+0000] {standard_task_runner.py:90} INFO - Running: ['***', 'tasks', 'run', 'dbt_staging', 'dbt_ecom.stg_reviews_run', 'manual__2025-09-13T09:34:31.578167+00:00', '--job-id', '176', '--raw', '--subdir', 'DAGS_FOLDER/dbt_staging.py', '--cfg-path', '/tmp/tmpr7ix82gx']
[2025-09-13T09:34:37.335+0000] {standard_task_runner.py:91} INFO - Job 176: Subtask dbt_ecom.stg_reviews_run
[2025-09-13T09:34:38.079+0000] {task_command.py:426} INFO - Running <TaskInstance: dbt_staging.dbt_ecom.stg_reviews_run manual__2025-09-13T09:34:31.578167+00:00 [running]> on host e95bde6b8d07
[2025-09-13T09:34:39.040+0000] {taskinstance.py:2648} INFO - Exporting env vars: AIRFLOW_CTX_DAG_OWNER='***' AIRFLOW_CTX_DAG_ID='dbt_staging' AIRFLOW_CTX_TASK_ID='dbt_ecom.stg_reviews_run' AIRFLOW_CTX_EXECUTION_DATE='2025-09-13T09:34:31.578167+00:00' AIRFLOW_CTX_TRY_NUMBER='1' AIRFLOW_CTX_DAG_RUN_ID='manual__2025-09-13T09:34:31.578167+00:00'
[2025-09-13T09:34:39.043+0000] {taskinstance.py:430} INFO - ::endgroup::
[2025-09-13T09:34:39.065+0000] {virtualenv.py:120} INFO - Checking if the virtualenv lock /tmp/cosmos_venv_ecom/cosmos_virtualenv.lock exists
[2025-09-13T09:34:39.066+0000] {virtualenv.py:178} INFO - Checking for running process with PID 5333
[2025-09-13T09:34:39.067+0000] {virtualenv.py:181} INFO - Process 5333 running: True and has the lock /tmp/cosmos_venv_ecom/cosmos_virtualenv.lock.
[2025-09-13T09:34:39.067+0000] {virtualenv.py:122} INFO - Waiting for virtualenv lock to be released
[2025-09-13T09:34:40.070+0000] {virtualenv.py:178} INFO - Checking for running process with PID 5333
[2025-09-13T09:34:40.070+0000] {virtualenv.py:181} INFO - Process 5333 running: True and has the lock /tmp/cosmos_venv_ecom/cosmos_virtualenv.lock.
[2025-09-13T09:34:40.071+0000] {virtualenv.py:122} INFO - Waiting for virtualenv lock to be released
[2025-09-13T09:34:41.072+0000] {virtualenv.py:178} INFO - Checking for running process with PID 5333
[2025-09-13T09:34:41.073+0000] {virtualenv.py:181} INFO - Process 5333 running: True and has the lock /tmp/cosmos_venv_ecom/cosmos_virtualenv.lock.
[2025-09-13T09:34:41.074+0000] {virtualenv.py:122} INFO - Waiting for virtualenv lock to be released
[2025-09-13T09:34:42.076+0000] {virtualenv.py:178} INFO - Checking for running process with PID 5333
[2025-09-13T09:34:42.077+0000] {virtualenv.py:181} INFO - Process 5333 running: True and has the lock /tmp/cosmos_venv_ecom/cosmos_virtualenv.lock.
[2025-09-13T09:34:42.077+0000] {virtualenv.py:122} INFO - Waiting for virtualenv lock to be released
[2025-09-13T09:34:43.078+0000] {virtualenv.py:178} INFO - Checking for running process with PID 5333
[2025-09-13T09:34:43.079+0000] {virtualenv.py:181} INFO - Process 5333 running: True and has the lock /tmp/cosmos_venv_ecom/cosmos_virtualenv.lock.
[2025-09-13T09:34:43.079+0000] {virtualenv.py:122} INFO - Waiting for virtualenv lock to be released
[2025-09-13T09:34:44.081+0000] {virtualenv.py:178} INFO - Checking for running process with PID 5333
[2025-09-13T09:34:44.082+0000] {virtualenv.py:181} INFO - Process 5333 running: True and has the lock /tmp/cosmos_venv_ecom/cosmos_virtualenv.lock.
[2025-09-13T09:34:44.083+0000] {virtualenv.py:122} INFO - Waiting for virtualenv lock to be released
[2025-09-13T09:34:45.084+0000] {virtualenv.py:178} INFO - Checking for running process with PID 5333
[2025-09-13T09:34:45.085+0000] {virtualenv.py:181} INFO - Process 5333 running: True and has the lock /tmp/cosmos_venv_ecom/cosmos_virtualenv.lock.
[2025-09-13T09:34:45.085+0000] {virtualenv.py:122} INFO - Waiting for virtualenv lock to be released
[2025-09-13T09:34:46.086+0000] {virtualenv.py:178} INFO - Checking for running process with PID 5333
[2025-09-13T09:34:46.088+0000] {virtualenv.py:181} INFO - Process 5333 running: True and has the lock /tmp/cosmos_venv_ecom/cosmos_virtualenv.lock.
[2025-09-13T09:34:46.089+0000] {virtualenv.py:122} INFO - Waiting for virtualenv lock to be released
[2025-09-13T09:34:47.091+0000] {virtualenv.py:178} INFO - Checking for running process with PID 5333
[2025-09-13T09:34:47.093+0000] {virtualenv.py:181} INFO - Process 5333 running: True and has the lock /tmp/cosmos_venv_ecom/cosmos_virtualenv.lock.
[2025-09-13T09:34:47.094+0000] {virtualenv.py:122} INFO - Waiting for virtualenv lock to be released
[2025-09-13T09:34:48.096+0000] {virtualenv.py:178} INFO - Checking for running process with PID 5333
[2025-09-13T09:34:48.097+0000] {virtualenv.py:181} INFO - Process 5333 running: True and has the lock /tmp/cosmos_venv_ecom/cosmos_virtualenv.lock.
[2025-09-13T09:34:48.097+0000] {virtualenv.py:122} INFO - Waiting for virtualenv lock to be released
[2025-09-13T09:34:49.099+0000] {virtualenv.py:178} INFO - Checking for running process with PID 5333
[2025-09-13T09:34:49.100+0000] {virtualenv.py:181} INFO - Process 5333 running: True and has the lock /tmp/cosmos_venv_ecom/cosmos_virtualenv.lock.
[2025-09-13T09:34:49.101+0000] {virtualenv.py:122} INFO - Waiting for virtualenv lock to be released
[2025-09-13T09:34:50.103+0000] {virtualenv.py:178} INFO - Checking for running process with PID 5333
[2025-09-13T09:34:50.104+0000] {virtualenv.py:181} INFO - Process 5333 running: True and has the lock /tmp/cosmos_venv_ecom/cosmos_virtualenv.lock.
[2025-09-13T09:34:50.104+0000] {virtualenv.py:122} INFO - Waiting for virtualenv lock to be released
[2025-09-13T09:34:51.106+0000] {virtualenv.py:178} INFO - Checking for running process with PID 5333
[2025-09-13T09:34:51.107+0000] {virtualenv.py:181} INFO - Process 5333 running: True and has the lock /tmp/cosmos_venv_ecom/cosmos_virtualenv.lock.
[2025-09-13T09:34:51.107+0000] {virtualenv.py:122} INFO - Waiting for virtualenv lock to be released
[2025-09-13T09:34:52.109+0000] {virtualenv.py:178} INFO - Checking for running process with PID 5333
[2025-09-13T09:34:52.110+0000] {virtualenv.py:181} INFO - Process 5333 running: True and has the lock /tmp/cosmos_venv_ecom/cosmos_virtualenv.lock.
[2025-09-13T09:34:52.110+0000] {virtualenv.py:122} INFO - Waiting for virtualenv lock to be released
[2025-09-13T09:34:53.112+0000] {virtualenv.py:178} INFO - Checking for running process with PID 5333
[2025-09-13T09:34:53.113+0000] {virtualenv.py:181} INFO - Process 5333 running: True and has the lock /tmp/cosmos_venv_ecom/cosmos_virtualenv.lock.
[2025-09-13T09:34:53.113+0000] {virtualenv.py:122} INFO - Waiting for virtualenv lock to be released
[2025-09-13T09:34:54.115+0000] {virtualenv.py:178} INFO - Checking for running process with PID 5333
[2025-09-13T09:34:54.115+0000] {virtualenv.py:181} INFO - Process 5333 running: True and has the lock /tmp/cosmos_venv_ecom/cosmos_virtualenv.lock.
[2025-09-13T09:34:54.115+0000] {virtualenv.py:122} INFO - Waiting for virtualenv lock to be released
[2025-09-13T09:34:55.117+0000] {virtualenv.py:178} INFO - Checking for running process with PID 5333
[2025-09-13T09:34:55.118+0000] {virtualenv.py:181} INFO - Process 5333 running: True and has the lock /tmp/cosmos_venv_ecom/cosmos_virtualenv.lock.
[2025-09-13T09:34:55.119+0000] {virtualenv.py:122} INFO - Waiting for virtualenv lock to be released
[2025-09-13T09:34:56.121+0000] {virtualenv.py:178} INFO - Checking for running process with PID 5332
[2025-09-13T09:34:56.122+0000] {virtualenv.py:181} INFO - Process 5332 running: True and has the lock /tmp/cosmos_venv_ecom/cosmos_virtualenv.lock.
[2025-09-13T09:34:56.122+0000] {virtualenv.py:122} INFO - Waiting for virtualenv lock to be released
[2025-09-13T09:34:57.123+0000] {virtualenv.py:178} INFO - Checking for running process with PID 5332
[2025-09-13T09:34:57.124+0000] {virtualenv.py:181} INFO - Process 5332 running: True and has the lock /tmp/cosmos_venv_ecom/cosmos_virtualenv.lock.
[2025-09-13T09:34:57.125+0000] {virtualenv.py:122} INFO - Waiting for virtualenv lock to be released
[2025-09-13T09:34:58.126+0000] {virtualenv.py:178} INFO - Checking for running process with PID 5332
[2025-09-13T09:34:58.127+0000] {virtualenv.py:181} INFO - Process 5332 running: True and has the lock /tmp/cosmos_venv_ecom/cosmos_virtualenv.lock.
[2025-09-13T09:34:58.128+0000] {virtualenv.py:122} INFO - Waiting for virtualenv lock to be released
[2025-09-13T09:34:59.129+0000] {virtualenv.py:178} INFO - Checking for running process with PID 5332
[2025-09-13T09:34:59.130+0000] {virtualenv.py:181} INFO - Process 5332 running: True and has the lock /tmp/cosmos_venv_ecom/cosmos_virtualenv.lock.
[2025-09-13T09:34:59.130+0000] {virtualenv.py:122} INFO - Waiting for virtualenv lock to be released
[2025-09-13T09:35:00.133+0000] {virtualenv.py:178} INFO - Checking for running process with PID 5332
[2025-09-13T09:35:00.133+0000] {virtualenv.py:181} INFO - Process 5332 running: True and has the lock /tmp/cosmos_venv_ecom/cosmos_virtualenv.lock.
[2025-09-13T09:35:00.134+0000] {virtualenv.py:122} INFO - Waiting for virtualenv lock to be released
[2025-09-13T09:35:01.135+0000] {virtualenv.py:178} INFO - Checking for running process with PID 5332
[2025-09-13T09:35:01.135+0000] {virtualenv.py:181} INFO - Process 5332 running: True and has the lock /tmp/cosmos_venv_ecom/cosmos_virtualenv.lock.
[2025-09-13T09:35:01.136+0000] {virtualenv.py:122} INFO - Waiting for virtualenv lock to be released
[2025-09-13T09:35:02.138+0000] {virtualenv.py:178} INFO - Checking for running process with PID 5332
[2025-09-13T09:35:02.139+0000] {virtualenv.py:181} INFO - Process 5332 running: True and has the lock /tmp/cosmos_venv_ecom/cosmos_virtualenv.lock.
[2025-09-13T09:35:02.139+0000] {virtualenv.py:122} INFO - Waiting for virtualenv lock to be released
[2025-09-13T09:35:03.141+0000] {virtualenv.py:178} INFO - Checking for running process with PID 5332
[2025-09-13T09:35:03.142+0000] {virtualenv.py:181} INFO - Process 5332 running: True and has the lock /tmp/cosmos_venv_ecom/cosmos_virtualenv.lock.
[2025-09-13T09:35:03.143+0000] {virtualenv.py:122} INFO - Waiting for virtualenv lock to be released
[2025-09-13T09:35:04.145+0000] {virtualenv.py:178} INFO - Checking for running process with PID 5332
[2025-09-13T09:35:04.146+0000] {virtualenv.py:181} INFO - Process 5332 running: True and has the lock /tmp/cosmos_venv_ecom/cosmos_virtualenv.lock.
[2025-09-13T09:35:04.147+0000] {virtualenv.py:122} INFO - Waiting for virtualenv lock to be released
[2025-09-13T09:35:05.148+0000] {virtualenv.py:178} INFO - Checking for running process with PID 5332
[2025-09-13T09:35:05.149+0000] {virtualenv.py:181} INFO - Process 5332 running: True and has the lock /tmp/cosmos_venv_ecom/cosmos_virtualenv.lock.
[2025-09-13T09:35:05.150+0000] {virtualenv.py:122} INFO - Waiting for virtualenv lock to be released
[2025-09-13T09:35:06.150+0000] {virtualenv.py:178} INFO - Checking for running process with PID 5332
[2025-09-13T09:35:06.151+0000] {virtualenv.py:181} INFO - Process 5332 running: True and has the lock /tmp/cosmos_venv_ecom/cosmos_virtualenv.lock.
[2025-09-13T09:35:06.152+0000] {virtualenv.py:122} INFO - Waiting for virtualenv lock to be released
[2025-09-13T09:35:07.153+0000] {virtualenv.py:178} INFO - Checking for running process with PID 5332
[2025-09-13T09:35:07.154+0000] {virtualenv.py:181} INFO - Process 5332 running: True and has the lock /tmp/cosmos_venv_ecom/cosmos_virtualenv.lock.
[2025-09-13T09:35:07.154+0000] {virtualenv.py:122} INFO - Waiting for virtualenv lock to be released
[2025-09-13T09:35:08.156+0000] {virtualenv.py:178} INFO - Checking for running process with PID 5332
[2025-09-13T09:35:08.158+0000] {virtualenv.py:181} INFO - Process 5332 running: True and has the lock /tmp/cosmos_venv_ecom/cosmos_virtualenv.lock.
[2025-09-13T09:35:08.159+0000] {virtualenv.py:122} INFO - Waiting for virtualenv lock to be released
[2025-09-13T09:35:09.161+0000] {virtualenv.py:178} INFO - Checking for running process with PID 5332
[2025-09-13T09:35:09.162+0000] {virtualenv.py:181} INFO - Process 5332 running: True and has the lock /tmp/cosmos_venv_ecom/cosmos_virtualenv.lock.
[2025-09-13T09:35:09.162+0000] {virtualenv.py:122} INFO - Waiting for virtualenv lock to be released
[2025-09-13T09:35:10.164+0000] {virtualenv.py:178} INFO - Checking for running process with PID 5332
[2025-09-13T09:35:10.165+0000] {virtualenv.py:181} INFO - Process 5332 running: True and has the lock /tmp/cosmos_venv_ecom/cosmos_virtualenv.lock.
[2025-09-13T09:35:10.165+0000] {virtualenv.py:122} INFO - Waiting for virtualenv lock to be released
[2025-09-13T09:35:11.166+0000] {virtualenv.py:126} INFO - Acquiring the virtualenv lock
[2025-09-13T09:35:11.167+0000] {virtualenv.py:195} INFO - Acquiring lock at /tmp/cosmos_venv_ecom/cosmos_virtualenv.lock with pid 5334
[2025-09-13T09:35:11.168+0000] {virtualenv.py:153} INFO - Creating or updating the virtualenv at `/tmp/cosmos_venv_ecom
[2025-09-13T09:35:11.168+0000] {process_utils.py:183} INFO - Executing cmd: /home/***/.local/bin/python -m virtualenv /tmp/cosmos_venv_ecom --python=python3
[2025-09-13T09:35:11.169+0000] {process_utils.py:187} INFO - Output:
[2025-09-13T09:35:12.288+0000] {process_utils.py:191} INFO - created virtual environment CPython3.10.14.final.0-64 in 408ms
[2025-09-13T09:35:12.289+0000] {process_utils.py:191} INFO -   creator CPython3Posix(dest=/tmp/cosmos_venv_ecom, clear=False, no_vcs_ignore=False, global=False)
[2025-09-13T09:35:12.290+0000] {process_utils.py:191} INFO -   seeder FromAppData(download=False, pip=bundle, setuptools=bundle, wheel=bundle, via=copy, app_data_dir=/home/***/.local/share/virtualenv)
[2025-09-13T09:35:12.291+0000] {process_utils.py:191} INFO -     added seed packages: MarkupSafe==3.0.2, PyYAML==6.0.2, agate==1.9.1, annotated_types==0.7.0, attrs==25.3.0, babel==2.17.0, certifi==2025.8.3, charset_normalizer==3.4.3, click==8.2.1, clickhouse_connect==0.8.18, clickhouse_driver==0.2.9, colorama==0.4.6, daff==1.4.2, dbt_adapters==1.16.7, dbt_clickhouse==1.9.3, dbt_common==1.30.0, dbt_core==1.10.11, dbt_extractor==0.6.0, dbt_protos==1.0.375, dbt_semantic_interfaces==0.9.0, deepdiff==8.6.1, idna==3.10, importlib_metadata==8.7.0, isodate==0.6.1, jinja2==3.1.6, jsonschema==4.25.1, jsonschema_specifications==2025.9.1, leather==0.4.0, lz4==4.4.4, mashumaro==3.14, more_itertools==10.8.0, msgpack==1.1.1, networkx==3.4.2, orderly_set==5.5.0, packaging==25.0, parsedatetime==2.6, pathspec==0.12.1, pip==25.2, protobuf==6.32.1, pydantic==2.11.7, pydantic_core==2.33.2, python_dateutil==2.9.0.post0, python_slugify==8.0.4, pytimeparse==1.1.8, pytz==2025.2, referencing==0.36.2, requests==2.32.5, rpds_py==0.27.1, setuptools==80.9.0, six==1.17.0, snowplow_tracker==1.1.0, sqlparse==0.5.3, text_unidecode==1.3, typing_extensions==4.15.0, typing_inspection==0.4.1, tzlocal==5.3.1, urllib3==2.5.0, wheel==0.45.1, zipp==3.23.0, zstandard==0.24.0
[2025-09-13T09:35:12.291+0000] {process_utils.py:191} INFO -   activators BashActivator,CShellActivator,FishActivator,NushellActivator,PowerShellActivator,PythonActivator
[2025-09-13T09:35:12.347+0000] {process_utils.py:183} INFO - Executing cmd: /tmp/cosmos_venv_ecom/bin/pip install dbt-clickhouse
[2025-09-13T09:35:12.348+0000] {process_utils.py:187} INFO - Output:
[2025-09-13T09:35:13.759+0000] {process_utils.py:191} INFO - Requirement already satisfied: dbt-clickhouse in /tmp/cosmos_venv_ecom/lib/python3.10/site-packages (1.9.3)
[2025-09-13T09:35:13.764+0000] {process_utils.py:191} INFO - Requirement already satisfied: dbt-core>=1.9 in /tmp/cosmos_venv_ecom/lib/python3.10/site-packages (from dbt-clickhouse) (1.10.11)
[2025-09-13T09:35:13.766+0000] {process_utils.py:191} INFO - Requirement already satisfied: clickhouse-connect>=0.6.22 in /tmp/cosmos_venv_ecom/lib/python3.10/site-packages (from dbt-clickhouse) (0.8.18)
[2025-09-13T09:35:13.767+0000] {process_utils.py:191} INFO - Requirement already satisfied: clickhouse-driver>=0.2.6 in /tmp/cosmos_venv_ecom/lib/python3.10/site-packages (from dbt-clickhouse) (0.2.9)
[2025-09-13T09:35:13.769+0000] {process_utils.py:191} INFO - Requirement already satisfied: setuptools>=0.69 in /tmp/cosmos_venv_ecom/lib/python3.10/site-packages (from dbt-clickhouse) (80.9.0)
[2025-09-13T09:35:13.771+0000] {process_utils.py:191} INFO - Requirement already satisfied: certifi in /tmp/cosmos_venv_ecom/lib/python3.10/site-packages (from clickhouse-connect>=0.6.22->dbt-clickhouse) (2025.8.3)
[2025-09-13T09:35:13.772+0000] {process_utils.py:191} INFO - Requirement already satisfied: urllib3>=1.26 in /tmp/cosmos_venv_ecom/lib/python3.10/site-packages (from clickhouse-connect>=0.6.22->dbt-clickhouse) (2.5.0)
[2025-09-13T09:35:13.773+0000] {process_utils.py:191} INFO - Requirement already satisfied: pytz in /tmp/cosmos_venv_ecom/lib/python3.10/site-packages (from clickhouse-connect>=0.6.22->dbt-clickhouse) (2025.2)
[2025-09-13T09:35:13.774+0000] {process_utils.py:191} INFO - Requirement already satisfied: zstandard in /tmp/cosmos_venv_ecom/lib/python3.10/site-packages (from clickhouse-connect>=0.6.22->dbt-clickhouse) (0.24.0)
[2025-09-13T09:35:13.776+0000] {process_utils.py:191} INFO - Requirement already satisfied: lz4 in /tmp/cosmos_venv_ecom/lib/python3.10/site-packages (from clickhouse-connect>=0.6.22->dbt-clickhouse) (4.4.4)
[2025-09-13T09:35:13.779+0000] {process_utils.py:191} INFO - Requirement already satisfied: tzlocal in /tmp/cosmos_venv_ecom/lib/python3.10/site-packages (from clickhouse-driver>=0.2.6->dbt-clickhouse) (5.3.1)
[2025-09-13T09:35:13.786+0000] {process_utils.py:191} INFO - Requirement already satisfied: agate<1.10,>=1.7.0 in /tmp/cosmos_venv_ecom/lib/python3.10/site-packages (from dbt-core>=1.9->dbt-clickhouse) (1.9.1)
[2025-09-13T09:35:13.788+0000] {process_utils.py:191} INFO - Requirement already satisfied: Jinja2<4,>=3.1.3 in /tmp/cosmos_venv_ecom/lib/python3.10/site-packages (from dbt-core>=1.9->dbt-clickhouse) (3.1.6)
[2025-09-13T09:35:13.790+0000] {process_utils.py:191} INFO - Requirement already satisfied: mashumaro<3.15,>=3.9 in /tmp/cosmos_venv_ecom/lib/python3.10/site-packages (from mashumaro[msgpack]<3.15,>=3.9->dbt-core>=1.9->dbt-clickhouse) (3.14)
[2025-09-13T09:35:13.792+0000] {process_utils.py:191} INFO - Requirement already satisfied: click<9.0,>=8.0.2 in /tmp/cosmos_venv_ecom/lib/python3.10/site-packages (from dbt-core>=1.9->dbt-clickhouse) (8.2.1)
[2025-09-13T09:35:13.793+0000] {process_utils.py:191} INFO - Requirement already satisfied: jsonschema<5.0,>=4.19.1 in /tmp/cosmos_venv_ecom/lib/python3.10/site-packages (from dbt-core>=1.9->dbt-clickhouse) (4.25.1)
[2025-09-13T09:35:13.795+0000] {process_utils.py:191} INFO - Requirement already satisfied: networkx<4.0,>=2.3 in /tmp/cosmos_venv_ecom/lib/python3.10/site-packages (from dbt-core>=1.9->dbt-clickhouse) (3.4.2)
[2025-09-13T09:35:13.797+0000] {process_utils.py:191} INFO - Requirement already satisfied: protobuf<7.0,>=6.0 in /tmp/cosmos_venv_ecom/lib/python3.10/site-packages (from dbt-core>=1.9->dbt-clickhouse) (6.32.1)
[2025-09-13T09:35:13.798+0000] {process_utils.py:191} INFO - Requirement already satisfied: requests<3.0.0 in /tmp/cosmos_venv_ecom/lib/python3.10/site-packages (from dbt-core>=1.9->dbt-clickhouse) (2.32.5)
[2025-09-13T09:35:13.799+0000] {process_utils.py:191} INFO - Requirement already satisfied: snowplow-tracker<2.0,>=1.0.2 in /tmp/cosmos_venv_ecom/lib/python3.10/site-packages (from dbt-core>=1.9->dbt-clickhouse) (1.1.0)
[2025-09-13T09:35:13.800+0000] {process_utils.py:191} INFO - Requirement already satisfied: pathspec<0.13,>=0.9 in /tmp/cosmos_venv_ecom/lib/python3.10/site-packages (from dbt-core>=1.9->dbt-clickhouse) (0.12.1)
[2025-09-13T09:35:13.801+0000] {process_utils.py:191} INFO - Requirement already satisfied: sqlparse<0.6.0,>=0.5.0 in /tmp/cosmos_venv_ecom/lib/python3.10/site-packages (from dbt-core>=1.9->dbt-clickhouse) (0.5.3)
[2025-09-13T09:35:13.803+0000] {process_utils.py:191} INFO - Requirement already satisfied: dbt-extractor<=0.6,>=0.5.0 in /tmp/cosmos_venv_ecom/lib/python3.10/site-packages (from dbt-core>=1.9->dbt-clickhouse) (0.6.0)
[2025-09-13T09:35:13.804+0000] {process_utils.py:191} INFO - Requirement already satisfied: dbt-semantic-interfaces<0.10,>=0.9.0 in /tmp/cosmos_venv_ecom/lib/python3.10/site-packages (from dbt-core>=1.9->dbt-clickhouse) (0.9.0)
[2025-09-13T09:35:13.805+0000] {process_utils.py:191} INFO - Requirement already satisfied: dbt-common<2.0,>=1.27.0 in /tmp/cosmos_venv_ecom/lib/python3.10/site-packages (from dbt-core>=1.9->dbt-clickhouse) (1.30.0)
[2025-09-13T09:35:13.806+0000] {process_utils.py:191} INFO - Requirement already satisfied: dbt-adapters<2.0,>=1.15.5 in /tmp/cosmos_venv_ecom/lib/python3.10/site-packages (from dbt-core>=1.9->dbt-clickhouse) (1.16.7)
[2025-09-13T09:35:13.807+0000] {process_utils.py:191} INFO - Requirement already satisfied: dbt-protos<2.0,>=1.0.346 in /tmp/cosmos_venv_ecom/lib/python3.10/site-packages (from dbt-core>=1.9->dbt-clickhouse) (1.0.375)
[2025-09-13T09:35:13.808+0000] {process_utils.py:191} INFO - Requirement already satisfied: pydantic<3 in /tmp/cosmos_venv_ecom/lib/python3.10/site-packages (from dbt-core>=1.9->dbt-clickhouse) (2.11.7)
[2025-09-13T09:35:13.809+0000] {process_utils.py:191} INFO - Requirement already satisfied: packaging>20.9 in /tmp/cosmos_venv_ecom/lib/python3.10/site-packages (from dbt-core>=1.9->dbt-clickhouse) (25.0)
[2025-09-13T09:35:13.810+0000] {process_utils.py:191} INFO - Requirement already satisfied: pyyaml>=6.0 in /tmp/cosmos_venv_ecom/lib/python3.10/site-packages (from dbt-core>=1.9->dbt-clickhouse) (6.0.2)
[2025-09-13T09:35:13.811+0000] {process_utils.py:191} INFO - Requirement already satisfied: daff>=1.3.46 in /tmp/cosmos_venv_ecom/lib/python3.10/site-packages (from dbt-core>=1.9->dbt-clickhouse) (1.4.2)
[2025-09-13T09:35:13.812+0000] {process_utils.py:191} INFO - Requirement already satisfied: typing-extensions>=4.4 in /tmp/cosmos_venv_ecom/lib/python3.10/site-packages (from dbt-core>=1.9->dbt-clickhouse) (4.15.0)
[2025-09-13T09:35:13.819+0000] {process_utils.py:191} INFO - Requirement already satisfied: Babel>=2.0 in /tmp/cosmos_venv_ecom/lib/python3.10/site-packages (from agate<1.10,>=1.7.0->dbt-core>=1.9->dbt-clickhouse) (2.17.0)
[2025-09-13T09:35:13.821+0000] {process_utils.py:191} INFO - Requirement already satisfied: isodate>=0.5.4 in /tmp/cosmos_venv_ecom/lib/python3.10/site-packages (from agate<1.10,>=1.7.0->dbt-core>=1.9->dbt-clickhouse) (0.6.1)
[2025-09-13T09:35:13.822+0000] {process_utils.py:191} INFO - Requirement already satisfied: leather>=0.3.2 in /tmp/cosmos_venv_ecom/lib/python3.10/site-packages (from agate<1.10,>=1.7.0->dbt-core>=1.9->dbt-clickhouse) (0.4.0)
[2025-09-13T09:35:13.823+0000] {process_utils.py:191} INFO - Requirement already satisfied: parsedatetime!=2.5,>=2.1 in /tmp/cosmos_venv_ecom/lib/python3.10/site-packages (from agate<1.10,>=1.7.0->dbt-core>=1.9->dbt-clickhouse) (2.6)
[2025-09-13T09:35:13.824+0000] {process_utils.py:191} INFO - Requirement already satisfied: python-slugify>=1.2.1 in /tmp/cosmos_venv_ecom/lib/python3.10/site-packages (from agate<1.10,>=1.7.0->dbt-core>=1.9->dbt-clickhouse) (8.0.4)
[2025-09-13T09:35:13.825+0000] {process_utils.py:191} INFO - Requirement already satisfied: pytimeparse>=1.1.5 in /tmp/cosmos_venv_ecom/lib/python3.10/site-packages (from agate<1.10,>=1.7.0->dbt-core>=1.9->dbt-clickhouse) (1.1.8)
[2025-09-13T09:35:13.845+0000] {process_utils.py:191} INFO - Requirement already satisfied: colorama<0.5,>=0.3.9 in /tmp/cosmos_venv_ecom/lib/python3.10/site-packages (from dbt-common<2.0,>=1.27.0->dbt-core>=1.9->dbt-clickhouse) (0.4.6)
[2025-09-13T09:35:13.847+0000] {process_utils.py:191} INFO - Requirement already satisfied: deepdiff<9.0,>=7.0 in /tmp/cosmos_venv_ecom/lib/python3.10/site-packages (from dbt-common<2.0,>=1.27.0->dbt-core>=1.9->dbt-clickhouse) (8.6.1)
[2025-09-13T09:35:13.851+0000] {process_utils.py:191} INFO - Requirement already satisfied: python-dateutil<3.0,>=2.0 in /tmp/cosmos_venv_ecom/lib/python3.10/site-packages (from dbt-common<2.0,>=1.27.0->dbt-core>=1.9->dbt-clickhouse) (2.9.0.post0)
[2025-09-13T09:35:13.862+0000] {process_utils.py:191} INFO - Requirement already satisfied: importlib-metadata<9,>=6.0 in /tmp/cosmos_venv_ecom/lib/python3.10/site-packages (from dbt-semantic-interfaces<0.10,>=0.9.0->dbt-core>=1.9->dbt-clickhouse) (8.7.0)
[2025-09-13T09:35:13.864+0000] {process_utils.py:191} INFO - Requirement already satisfied: more-itertools<11.0,>=8.0 in /tmp/cosmos_venv_ecom/lib/python3.10/site-packages (from dbt-semantic-interfaces<0.10,>=0.9.0->dbt-core>=1.9->dbt-clickhouse) (10.8.0)
[2025-09-13T09:35:13.878+0000] {process_utils.py:191} INFO - Requirement already satisfied: orderly-set<6,>=5.4.1 in /tmp/cosmos_venv_ecom/lib/python3.10/site-packages (from deepdiff<9.0,>=7.0->dbt-common<2.0,>=1.27.0->dbt-core>=1.9->dbt-clickhouse) (5.5.0)
[2025-09-13T09:35:13.884+0000] {process_utils.py:191} INFO - Requirement already satisfied: zipp>=3.20 in /tmp/cosmos_venv_ecom/lib/python3.10/site-packages (from importlib-metadata<9,>=6.0->dbt-semantic-interfaces<0.10,>=0.9.0->dbt-core>=1.9->dbt-clickhouse) (3.23.0)
[2025-09-13T09:35:13.886+0000] {process_utils.py:191} INFO - Requirement already satisfied: six in /tmp/cosmos_venv_ecom/lib/python3.10/site-packages (from isodate>=0.5.4->agate<1.10,>=1.7.0->dbt-core>=1.9->dbt-clickhouse) (1.17.0)
[2025-09-13T09:35:13.888+0000] {process_utils.py:191} INFO - Requirement already satisfied: MarkupSafe>=2.0 in /tmp/cosmos_venv_ecom/lib/python3.10/site-packages (from Jinja2<4,>=3.1.3->dbt-core>=1.9->dbt-clickhouse) (3.0.2)
[2025-09-13T09:35:13.892+0000] {process_utils.py:191} INFO - Requirement already satisfied: attrs>=22.2.0 in /tmp/cosmos_venv_ecom/lib/python3.10/site-packages (from jsonschema<5.0,>=4.19.1->dbt-core>=1.9->dbt-clickhouse) (25.3.0)
[2025-09-13T09:35:13.893+0000] {process_utils.py:191} INFO - Requirement already satisfied: jsonschema-specifications>=2023.03.6 in /tmp/cosmos_venv_ecom/lib/python3.10/site-packages (from jsonschema<5.0,>=4.19.1->dbt-core>=1.9->dbt-clickhouse) (2025.9.1)
[2025-09-13T09:35:13.894+0000] {process_utils.py:191} INFO - Requirement already satisfied: referencing>=0.28.4 in /tmp/cosmos_venv_ecom/lib/python3.10/site-packages (from jsonschema<5.0,>=4.19.1->dbt-core>=1.9->dbt-clickhouse) (0.36.2)
[2025-09-13T09:35:13.894+0000] {process_utils.py:191} INFO - Requirement already satisfied: rpds-py>=0.7.1 in /tmp/cosmos_venv_ecom/lib/python3.10/site-packages (from jsonschema<5.0,>=4.19.1->dbt-core>=1.9->dbt-clickhouse) (0.27.1)
[2025-09-13T09:35:13.903+0000] {process_utils.py:191} INFO - Requirement already satisfied: msgpack>=0.5.6 in /tmp/cosmos_venv_ecom/lib/python3.10/site-packages (from mashumaro[msgpack]<3.15,>=3.9->dbt-core>=1.9->dbt-clickhouse) (1.1.1)
[2025-09-13T09:35:13.919+0000] {process_utils.py:191} INFO - Requirement already satisfied: annotated-types>=0.6.0 in /tmp/cosmos_venv_ecom/lib/python3.10/site-packages (from pydantic<3->dbt-core>=1.9->dbt-clickhouse) (0.7.0)
[2025-09-13T09:35:13.920+0000] {process_utils.py:191} INFO - Requirement already satisfied: pydantic-core==2.33.2 in /tmp/cosmos_venv_ecom/lib/python3.10/site-packages (from pydantic<3->dbt-core>=1.9->dbt-clickhouse) (2.33.2)
[2025-09-13T09:35:13.921+0000] {process_utils.py:191} INFO - Requirement already satisfied: typing-inspection>=0.4.0 in /tmp/cosmos_venv_ecom/lib/python3.10/site-packages (from pydantic<3->dbt-core>=1.9->dbt-clickhouse) (0.4.1)
[2025-09-13T09:35:13.929+0000] {process_utils.py:191} INFO - Requirement already satisfied: charset_normalizer<4,>=2 in /tmp/cosmos_venv_ecom/lib/python3.10/site-packages (from requests<3.0.0->dbt-core>=1.9->dbt-clickhouse) (3.4.3)
[2025-09-13T09:35:13.930+0000] {process_utils.py:191} INFO - Requirement already satisfied: idna<4,>=2.5 in /tmp/cosmos_venv_ecom/lib/python3.10/site-packages (from requests<3.0.0->dbt-core>=1.9->dbt-clickhouse) (3.10)
[2025-09-13T09:35:13.974+0000] {process_utils.py:191} INFO - Requirement already satisfied: text-unidecode>=1.3 in /tmp/cosmos_venv_ecom/lib/python3.10/site-packages (from python-slugify>=1.2.1->agate<1.10,>=1.7.0->dbt-core>=1.9->dbt-clickhouse) (1.3)
[2025-09-13T09:35:14.103+0000] {local.py:470} INFO - Cloning project to writable temp directory /tmp/tmp6wy9oxe2 from /opt/airflow/dags/dbt/ecom_staging
[2025-09-13T09:35:14.117+0000] {local.py:490} INFO - Partial parse is enabled and the latest partial parse file is /tmp/cosmos/dbt_staging__dbt_ecom/target/partial_parse.msgpack
[2025-09-13T09:35:14.128+0000] {config.py:362} INFO - Using user-supplied profiles.yml at /opt/airflow/dags/dbt/profiles.yml
[2025-09-13T09:35:14.139+0000] {virtualenv.py:99} INFO - Using Python binary from virtualenv: /tmp/cosmos_venv_ecom/bin/python
[2025-09-13T09:35:14.139+0000] {local.py:434} INFO - Trying to run the command:
 ['/tmp/cosmos_venv_ecom/bin/dbt', 'deps', '--project-dir', '/tmp/tmp6wy9oxe2', '--profiles-dir', '/opt/***/dags/dbt', '--profile', 'ecom_staging', '--target', 'dev']
From /tmp/tmp6wy9oxe2
[2025-09-13T09:35:14.140+0000] {subprocess.py:56} INFO - Tmp dir root location: 
 /tmp
[2025-09-13T09:35:14.140+0000] {subprocess.py:69} INFO - Running command: ['/tmp/cosmos_venv_ecom/bin/dbt', 'deps', '--project-dir', '/tmp/tmp6wy9oxe2', '--profiles-dir', '/opt/***/dags/dbt', '--profile', 'ecom_staging', '--target', 'dev']
[2025-09-13T09:35:14.150+0000] {subprocess.py:80} INFO - Command output:
[2025-09-13T09:35:16.011+0000] {subprocess.py:90} INFO - [0m09:35:16  Running with dbt=1.10.11
[2025-09-13T09:35:16.627+0000] {subprocess.py:90} INFO - [0m09:35:16  Installing dbt-labs/dbt_utils
[2025-09-13T09:35:17.183+0000] {subprocess.py:90} INFO - [0m09:35:17  Installed from version 1.3.0
[2025-09-13T09:35:17.185+0000] {subprocess.py:90} INFO - [0m09:35:17  Updated version available: 1.3.1
[2025-09-13T09:35:17.185+0000] {subprocess.py:90} INFO - [0m09:35:17
[2025-09-13T09:35:17.186+0000] {subprocess.py:90} INFO - [0m09:35:17  Updates available for packages: ['dbt-labs/dbt_utils']
[2025-09-13T09:35:17.186+0000] {subprocess.py:90} INFO - Update your versions in packages.yml, then run dbt deps
[2025-09-13T09:35:19.061+0000] {subprocess.py:94} INFO - Command exited with return code 0
[2025-09-13T09:35:19.063+0000] {local.py:441} INFO - Update your versions in packages.yml, then run dbt deps
[2025-09-13T09:35:19.064+0000] {virtualenv.py:99} INFO - Using Python binary from virtualenv: /tmp/cosmos_venv_ecom/bin/python
[2025-09-13T09:35:19.064+0000] {local.py:434} INFO - Trying to run the command:
 ['/tmp/cosmos_venv_ecom/bin/dbt', 'run', '--models', 'stg_reviews', '--project-dir', '/tmp/tmp6wy9oxe2', '--profiles-dir', '/opt/***/dags/dbt', '--profile', 'ecom_staging', '--target', 'dev']
From /tmp/tmp6wy9oxe2
[2025-09-13T09:35:19.066+0000] {subprocess.py:56} INFO - Tmp dir root location: 
 /tmp
[2025-09-13T09:35:19.067+0000] {subprocess.py:69} INFO - Running command: ['/tmp/cosmos_venv_ecom/bin/dbt', 'run', '--models', 'stg_reviews', '--project-dir', '/tmp/tmp6wy9oxe2', '--profiles-dir', '/opt/***/dags/dbt', '--profile', 'ecom_staging', '--target', 'dev']
[2025-09-13T09:35:19.085+0000] {subprocess.py:80} INFO - Command output:
[2025-09-13T09:35:21.274+0000] {subprocess.py:90} INFO - [0m09:35:21  Running with dbt=1.10.11
[2025-09-13T09:35:21.276+0000] {subprocess.py:90} INFO - [0m09:35:21  [[33mWARNING[0m]: Deprecated functionality
[2025-09-13T09:35:21.276+0000] {subprocess.py:90} INFO - Usage of `--models`, `--model`, and `-m` is deprecated in favor of `--select` or
[2025-09-13T09:35:21.277+0000] {subprocess.py:90} INFO - `-s`.
[2025-09-13T09:35:21.599+0000] {subprocess.py:90} INFO - [0m09:35:21  Registered adapter: clickhouse=1.9.3
[2025-09-13T09:35:22.263+0000] {subprocess.py:90} INFO - [0m09:35:22  Found 8 models, 27 data tests, 8 sources, 597 macros
[2025-09-13T09:35:22.266+0000] {subprocess.py:90} INFO - [0m09:35:22
[2025-09-13T09:35:22.267+0000] {subprocess.py:90} INFO - [0m09:35:22  Concurrency: 4 threads (target='dev')
[2025-09-13T09:35:22.267+0000] {subprocess.py:90} INFO - [0m09:35:22
[2025-09-13T09:35:22.390+0000] {subprocess.py:90} INFO - [0m09:35:22  1 of 1 START sql view model `ecom_db_staging`.`stg_reviews` .................... [RUN]
[2025-09-13T09:35:22.460+0000] {subprocess.py:90} INFO - [0m09:35:22  1 of 1 OK created sql view model `ecom_db_staging`.`stg_reviews` ............... [[32mOK[0m in 0.07s]
[2025-09-13T09:35:22.464+0000] {subprocess.py:90} INFO - [0m09:35:22
[2025-09-13T09:35:22.464+0000] {subprocess.py:90} INFO - [0m09:35:22  Finished running 1 view model in 0 hours 0 minutes and 0.20 seconds (0.20s).
[2025-09-13T09:35:22.511+0000] {subprocess.py:90} INFO - [0m09:35:22
[2025-09-13T09:35:22.512+0000] {subprocess.py:90} INFO - [0m09:35:22  [32mCompleted successfully[0m
[2025-09-13T09:35:22.513+0000] {subprocess.py:90} INFO - [0m09:35:22
[2025-09-13T09:35:22.514+0000] {subprocess.py:90} INFO - [0m09:35:22  Done. PASS=1 WARN=0 ERROR=0 SKIP=0 NO-OP=0 TOTAL=1
[2025-09-13T09:35:22.514+0000] {subprocess.py:90} INFO - [0m09:35:22  [[33mWARNING[0m][DeprecationsSummary]: Deprecated functionality
[2025-09-13T09:35:22.515+0000] {subprocess.py:90} INFO - Summary of encountered deprecations:
[2025-09-13T09:35:22.516+0000] {subprocess.py:90} INFO - - ModelParamUsageDeprecation: 1 occurrence
[2025-09-13T09:35:22.516+0000] {subprocess.py:90} INFO - To see all deprecation instances instead of just the first occurrence of each,
[2025-09-13T09:35:22.517+0000] {subprocess.py:90} INFO - run command again with the `--show-all-deprecations` flag. You may also need to
[2025-09-13T09:35:22.517+0000] {subprocess.py:90} INFO - run with `--no-partial-parse` as some deprecations are only encountered during
[2025-09-13T09:35:22.518+0000] {subprocess.py:90} INFO - parsing.
[2025-09-13T09:35:24.394+0000] {subprocess.py:94} INFO - Command exited with return code 0
[2025-09-13T09:35:24.394+0000] {local.py:441} INFO - parsing.
[2025-09-13T09:35:24.407+0000] {local.py:196} WARNING - Artifact schema version: https://schemas.getdbt.com/dbt/manifest/v12.json is above dbt-ol supported version 7. This might cause errors.
[2025-09-13T09:35:24.409+0000] {local.py:196} WARNING - Artifact schema version: https://schemas.getdbt.com/dbt/run-results/v6.json is above dbt-ol supported version 5. This might cause errors.
[2025-09-13T09:35:24.414+0000] {local.py:547} INFO - Inlets: []
[2025-09-13T09:35:24.415+0000] {local.py:548} INFO - Outlets: []
[2025-09-13T09:35:24.416+0000] {local.py:772} INFO - Assigning inlets/outlets without DatasetAlias
[2025-09-13T09:35:24.416+0000] {dag.py:3089} INFO - Sync 1 DAGs
[2025-09-13T09:35:24.474+0000] {dag.py:3947} INFO - Setting next_dagrun for dbt_staging to 2025-09-13 00:00:00+00:00, run_after=2025-09-14 00:00:00+00:00
[2025-09-13T09:35:24.548+0000] {virtualenv.py:131} INFO - Releasing virtualenv lock
[2025-09-13T09:35:24.549+0000] {virtualenv.py:145} INFO - None
[2025-09-13T09:35:24.549+0000] {taskinstance.py:441} INFO - ::group::Post task execution logs
[2025-09-13T09:35:24.586+0000] {taskinstance.py:1206} INFO - Marking task as SUCCESS. dag_id=dbt_staging, task_id=dbt_ecom.stg_reviews_run, run_id=manual__2025-09-13T09:34:31.578167+00:00, execution_date=20250913T093431, start_date=20250913T093437, end_date=20250913T093524
[2025-09-13T09:35:24.637+0000] {local_task_job_runner.py:243} INFO - Task exited with return code 0
[2025-09-13T09:35:24.693+0000] {taskinstance.py:3503} INFO - 0 downstream tasks scheduled from follow-on schedule check
[2025-09-13T09:35:24.706+0000] {local_task_job_runner.py:222} INFO - ::endgroup::
