[2025-09-22T08:28:06.764+0000] {local_task_job_runner.py:120} INFO - ::group::Pre task execution logs
[2025-09-22T08:28:07.209+0000] {taskinstance.py:2076} INFO - Dependencies all met for dep_context=non-requeueable deps ti=<TaskInstance: dbt_intermediate.intermediate.subcategories_enriched.run manual__2025-09-22T08:28:03.359463+00:00 [queued]>
[2025-09-22T08:28:07.247+0000] {taskinstance.py:2076} INFO - Dependencies all met for dep_context=requeueable deps ti=<TaskInstance: dbt_intermediate.intermediate.subcategories_enriched.run manual__2025-09-22T08:28:03.359463+00:00 [queued]>
[2025-09-22T08:28:07.258+0000] {taskinstance.py:2306} INFO - Starting attempt 1 of 1
[2025-09-22T08:28:07.310+0000] {taskinstance.py:2330} INFO - Executing <Task(DbtRunVirtualenvOperator): intermediate.subcategories_enriched.run> on 2025-09-22 08:28:03.359463+00:00
[2025-09-22T08:28:07.318+0000] {standard_task_runner.py:64} INFO - Started process 4937 to run task
[2025-09-22T08:28:07.324+0000] {standard_task_runner.py:90} INFO - Running: ['***', 'tasks', 'run', 'dbt_intermediate', 'intermediate.subcategories_enriched.run', 'manual__2025-09-22T08:28:03.359463+00:00', '--job-id', '699', '--raw', '--subdir', 'DAGS_FOLDER/dbt_intermediate.py', '--cfg-path', '/tmp/tmprf4q8l9r']
[2025-09-22T08:28:07.332+0000] {standard_task_runner.py:91} INFO - Job 699: Subtask intermediate.subcategories_enriched.run
[2025-09-22T08:28:07.849+0000] {task_command.py:426} INFO - Running <TaskInstance: dbt_intermediate.intermediate.subcategories_enriched.run manual__2025-09-22T08:28:03.359463+00:00 [running]> on host e95bde6b8d07
[2025-09-22T08:28:08.929+0000] {taskinstance.py:2648} INFO - Exporting env vars: AIRFLOW_CTX_DAG_OWNER='***' AIRFLOW_CTX_DAG_ID='dbt_intermediate' AIRFLOW_CTX_TASK_ID='intermediate.subcategories_enriched.run' AIRFLOW_CTX_EXECUTION_DATE='2025-09-22T08:28:03.359463+00:00' AIRFLOW_CTX_TRY_NUMBER='1' AIRFLOW_CTX_DAG_RUN_ID='manual__2025-09-22T08:28:03.359463+00:00'
[2025-09-22T08:28:08.940+0000] {taskinstance.py:430} INFO - ::endgroup::
[2025-09-22T08:28:08.970+0000] {virtualenv.py:120} INFO - Checking if the virtualenv lock /opt/***/cosmos_venvs/ecom_intermediate/cosmos_virtualenv.lock exists
[2025-09-22T08:28:08.970+0000] {virtualenv.py:178} INFO - Checking for running process with PID 4939
[2025-09-22T08:28:08.972+0000] {virtualenv.py:181} INFO - Process 4939 running: True and has the lock /opt/***/cosmos_venvs/ecom_intermediate/cosmos_virtualenv.lock.
[2025-09-22T08:28:08.972+0000] {virtualenv.py:122} INFO - Waiting for virtualenv lock to be released
[2025-09-22T08:28:09.974+0000] {virtualenv.py:178} INFO - Checking for running process with PID 4939
[2025-09-22T08:28:09.975+0000] {virtualenv.py:181} INFO - Process 4939 running: True and has the lock /opt/***/cosmos_venvs/ecom_intermediate/cosmos_virtualenv.lock.
[2025-09-22T08:28:09.975+0000] {virtualenv.py:122} INFO - Waiting for virtualenv lock to be released
[2025-09-22T08:28:10.983+0000] {virtualenv.py:178} INFO - Checking for running process with PID 4939
[2025-09-22T08:28:10.984+0000] {virtualenv.py:181} INFO - Process 4939 running: True and has the lock /opt/***/cosmos_venvs/ecom_intermediate/cosmos_virtualenv.lock.
[2025-09-22T08:28:10.984+0000] {virtualenv.py:122} INFO - Waiting for virtualenv lock to be released
[2025-09-22T08:28:11.986+0000] {virtualenv.py:178} INFO - Checking for running process with PID 4939
[2025-09-22T08:28:11.986+0000] {virtualenv.py:181} INFO - Process 4939 running: True and has the lock /opt/***/cosmos_venvs/ecom_intermediate/cosmos_virtualenv.lock.
[2025-09-22T08:28:11.987+0000] {virtualenv.py:122} INFO - Waiting for virtualenv lock to be released
[2025-09-22T08:28:12.989+0000] {virtualenv.py:178} INFO - Checking for running process with PID 4939
[2025-09-22T08:28:12.989+0000] {virtualenv.py:181} INFO - Process 4939 running: True and has the lock /opt/***/cosmos_venvs/ecom_intermediate/cosmos_virtualenv.lock.
[2025-09-22T08:28:12.990+0000] {virtualenv.py:122} INFO - Waiting for virtualenv lock to be released
[2025-09-22T08:28:13.992+0000] {virtualenv.py:178} INFO - Checking for running process with PID 4939
[2025-09-22T08:28:13.993+0000] {virtualenv.py:181} INFO - Process 4939 running: True and has the lock /opt/***/cosmos_venvs/ecom_intermediate/cosmos_virtualenv.lock.
[2025-09-22T08:28:13.994+0000] {virtualenv.py:122} INFO - Waiting for virtualenv lock to be released
[2025-09-22T08:28:14.995+0000] {virtualenv.py:178} INFO - Checking for running process with PID 4939
[2025-09-22T08:28:14.996+0000] {virtualenv.py:181} INFO - Process 4939 running: True and has the lock /opt/***/cosmos_venvs/ecom_intermediate/cosmos_virtualenv.lock.
[2025-09-22T08:28:14.996+0000] {virtualenv.py:122} INFO - Waiting for virtualenv lock to be released
[2025-09-22T08:28:15.998+0000] {virtualenv.py:178} INFO - Checking for running process with PID 4939
[2025-09-22T08:28:15.999+0000] {virtualenv.py:181} INFO - Process 4939 running: True and has the lock /opt/***/cosmos_venvs/ecom_intermediate/cosmos_virtualenv.lock.
[2025-09-22T08:28:15.999+0000] {virtualenv.py:122} INFO - Waiting for virtualenv lock to be released
[2025-09-22T08:28:17.001+0000] {virtualenv.py:178} INFO - Checking for running process with PID 4939
[2025-09-22T08:28:17.002+0000] {virtualenv.py:181} INFO - Process 4939 running: True and has the lock /opt/***/cosmos_venvs/ecom_intermediate/cosmos_virtualenv.lock.
[2025-09-22T08:28:17.003+0000] {virtualenv.py:122} INFO - Waiting for virtualenv lock to be released
[2025-09-22T08:28:18.006+0000] {virtualenv.py:178} INFO - Checking for running process with PID 4939
[2025-09-22T08:28:18.007+0000] {virtualenv.py:181} INFO - Process 4939 running: True and has the lock /opt/***/cosmos_venvs/ecom_intermediate/cosmos_virtualenv.lock.
[2025-09-22T08:28:18.009+0000] {virtualenv.py:122} INFO - Waiting for virtualenv lock to be released
[2025-09-22T08:28:19.012+0000] {virtualenv.py:178} INFO - Checking for running process with PID 4939
[2025-09-22T08:28:19.013+0000] {virtualenv.py:181} INFO - Process 4939 running: True and has the lock /opt/***/cosmos_venvs/ecom_intermediate/cosmos_virtualenv.lock.
[2025-09-22T08:28:19.013+0000] {virtualenv.py:122} INFO - Waiting for virtualenv lock to be released
[2025-09-22T08:28:20.015+0000] {virtualenv.py:178} INFO - Checking for running process with PID 4939
[2025-09-22T08:28:20.016+0000] {virtualenv.py:181} INFO - Process 4939 running: True and has the lock /opt/***/cosmos_venvs/ecom_intermediate/cosmos_virtualenv.lock.
[2025-09-22T08:28:20.017+0000] {virtualenv.py:122} INFO - Waiting for virtualenv lock to be released
[2025-09-22T08:28:21.020+0000] {virtualenv.py:178} INFO - Checking for running process with PID 4939
[2025-09-22T08:28:21.021+0000] {virtualenv.py:181} INFO - Process 4939 running: True and has the lock /opt/***/cosmos_venvs/ecom_intermediate/cosmos_virtualenv.lock.
[2025-09-22T08:28:21.021+0000] {virtualenv.py:122} INFO - Waiting for virtualenv lock to be released
[2025-09-22T08:28:22.023+0000] {virtualenv.py:178} INFO - Checking for running process with PID 4939
[2025-09-22T08:28:22.024+0000] {virtualenv.py:181} INFO - Process 4939 running: True and has the lock /opt/***/cosmos_venvs/ecom_intermediate/cosmos_virtualenv.lock.
[2025-09-22T08:28:22.025+0000] {virtualenv.py:122} INFO - Waiting for virtualenv lock to be released
[2025-09-22T08:28:23.027+0000] {virtualenv.py:178} INFO - Checking for running process with PID 4939
[2025-09-22T08:28:23.029+0000] {virtualenv.py:181} INFO - Process 4939 running: True and has the lock /opt/***/cosmos_venvs/ecom_intermediate/cosmos_virtualenv.lock.
[2025-09-22T08:28:23.030+0000] {virtualenv.py:122} INFO - Waiting for virtualenv lock to be released
[2025-09-22T08:28:24.032+0000] {virtualenv.py:178} INFO - Checking for running process with PID 4939
[2025-09-22T08:28:24.033+0000] {virtualenv.py:181} INFO - Process 4939 running: True and has the lock /opt/***/cosmos_venvs/ecom_intermediate/cosmos_virtualenv.lock.
[2025-09-22T08:28:24.034+0000] {virtualenv.py:122} INFO - Waiting for virtualenv lock to be released
[2025-09-22T08:28:25.036+0000] {virtualenv.py:178} INFO - Checking for running process with PID 4946
[2025-09-22T08:28:25.036+0000] {virtualenv.py:181} INFO - Process 4946 running: True and has the lock /opt/***/cosmos_venvs/ecom_intermediate/cosmos_virtualenv.lock.
[2025-09-22T08:28:25.037+0000] {virtualenv.py:122} INFO - Waiting for virtualenv lock to be released
[2025-09-22T08:28:26.038+0000] {virtualenv.py:178} INFO - Checking for running process with PID 4946
[2025-09-22T08:28:26.039+0000] {virtualenv.py:181} INFO - Process 4946 running: True and has the lock /opt/***/cosmos_venvs/ecom_intermediate/cosmos_virtualenv.lock.
[2025-09-22T08:28:26.040+0000] {virtualenv.py:122} INFO - Waiting for virtualenv lock to be released
[2025-09-22T08:28:27.041+0000] {virtualenv.py:178} INFO - Checking for running process with PID 4946
[2025-09-22T08:28:27.042+0000] {virtualenv.py:181} INFO - Process 4946 running: True and has the lock /opt/***/cosmos_venvs/ecom_intermediate/cosmos_virtualenv.lock.
[2025-09-22T08:28:27.043+0000] {virtualenv.py:122} INFO - Waiting for virtualenv lock to be released
[2025-09-22T08:28:28.043+0000] {virtualenv.py:178} INFO - Checking for running process with PID 4946
[2025-09-22T08:28:28.044+0000] {virtualenv.py:181} INFO - Process 4946 running: True and has the lock /opt/***/cosmos_venvs/ecom_intermediate/cosmos_virtualenv.lock.
[2025-09-22T08:28:28.045+0000] {virtualenv.py:122} INFO - Waiting for virtualenv lock to be released
[2025-09-22T08:28:29.048+0000] {virtualenv.py:178} INFO - Checking for running process with PID 4946
[2025-09-22T08:28:29.049+0000] {virtualenv.py:181} INFO - Process 4946 running: True and has the lock /opt/***/cosmos_venvs/ecom_intermediate/cosmos_virtualenv.lock.
[2025-09-22T08:28:29.050+0000] {virtualenv.py:122} INFO - Waiting for virtualenv lock to be released
[2025-09-22T08:28:30.052+0000] {virtualenv.py:178} INFO - Checking for running process with PID 4946
[2025-09-22T08:28:30.052+0000] {virtualenv.py:181} INFO - Process 4946 running: True and has the lock /opt/***/cosmos_venvs/ecom_intermediate/cosmos_virtualenv.lock.
[2025-09-22T08:28:30.053+0000] {virtualenv.py:122} INFO - Waiting for virtualenv lock to be released
[2025-09-22T08:28:31.055+0000] {virtualenv.py:178} INFO - Checking for running process with PID 4946
[2025-09-22T08:28:31.055+0000] {virtualenv.py:181} INFO - Process 4946 running: True and has the lock /opt/***/cosmos_venvs/ecom_intermediate/cosmos_virtualenv.lock.
[2025-09-22T08:28:31.056+0000] {virtualenv.py:122} INFO - Waiting for virtualenv lock to be released
[2025-09-22T08:28:32.058+0000] {virtualenv.py:178} INFO - Checking for running process with PID 4946
[2025-09-22T08:28:32.059+0000] {virtualenv.py:181} INFO - Process 4946 running: True and has the lock /opt/***/cosmos_venvs/ecom_intermediate/cosmos_virtualenv.lock.
[2025-09-22T08:28:32.059+0000] {virtualenv.py:122} INFO - Waiting for virtualenv lock to be released
[2025-09-22T08:28:33.061+0000] {virtualenv.py:178} INFO - Checking for running process with PID 4946
[2025-09-22T08:28:33.062+0000] {virtualenv.py:181} INFO - Process 4946 running: True and has the lock /opt/***/cosmos_venvs/ecom_intermediate/cosmos_virtualenv.lock.
[2025-09-22T08:28:33.063+0000] {virtualenv.py:122} INFO - Waiting for virtualenv lock to be released
[2025-09-22T08:28:34.065+0000] {virtualenv.py:178} INFO - Checking for running process with PID 4946
[2025-09-22T08:28:34.066+0000] {virtualenv.py:181} INFO - Process 4946 running: True and has the lock /opt/***/cosmos_venvs/ecom_intermediate/cosmos_virtualenv.lock.
[2025-09-22T08:28:34.066+0000] {virtualenv.py:122} INFO - Waiting for virtualenv lock to be released
[2025-09-22T08:28:35.068+0000] {virtualenv.py:178} INFO - Checking for running process with PID 4946
[2025-09-22T08:28:35.069+0000] {virtualenv.py:181} INFO - Process 4946 running: True and has the lock /opt/***/cosmos_venvs/ecom_intermediate/cosmos_virtualenv.lock.
[2025-09-22T08:28:35.070+0000] {virtualenv.py:122} INFO - Waiting for virtualenv lock to be released
[2025-09-22T08:28:36.071+0000] {virtualenv.py:178} INFO - Checking for running process with PID 4946
[2025-09-22T08:28:36.072+0000] {virtualenv.py:181} INFO - Process 4946 running: True and has the lock /opt/***/cosmos_venvs/ecom_intermediate/cosmos_virtualenv.lock.
[2025-09-22T08:28:36.072+0000] {virtualenv.py:122} INFO - Waiting for virtualenv lock to be released
[2025-09-22T08:28:37.074+0000] {virtualenv.py:178} INFO - Checking for running process with PID 4946
[2025-09-22T08:28:37.074+0000] {virtualenv.py:181} INFO - Process 4946 running: True and has the lock /opt/***/cosmos_venvs/ecom_intermediate/cosmos_virtualenv.lock.
[2025-09-22T08:28:37.075+0000] {virtualenv.py:122} INFO - Waiting for virtualenv lock to be released
[2025-09-22T08:28:38.075+0000] {virtualenv.py:178} INFO - Checking for running process with PID 4946
[2025-09-22T08:28:38.077+0000] {virtualenv.py:181} INFO - Process 4946 running: True and has the lock /opt/***/cosmos_venvs/ecom_intermediate/cosmos_virtualenv.lock.
[2025-09-22T08:28:38.078+0000] {virtualenv.py:122} INFO - Waiting for virtualenv lock to be released
[2025-09-22T08:28:39.079+0000] {virtualenv.py:126} INFO - Acquiring the virtualenv lock
[2025-09-22T08:28:39.080+0000] {virtualenv.py:195} INFO - Acquiring lock at /opt/***/cosmos_venvs/ecom_intermediate/cosmos_virtualenv.lock with pid 4937
[2025-09-22T08:28:39.081+0000] {virtualenv.py:153} INFO - Creating or updating the virtualenv at `/opt/***/cosmos_venvs/ecom_intermediate
[2025-09-22T08:28:39.081+0000] {process_utils.py:183} INFO - Executing cmd: /home/***/.local/bin/python -m virtualenv /opt/***/cosmos_venvs/ecom_intermediate --python=python3
[2025-09-22T08:28:39.083+0000] {process_utils.py:187} INFO - Output:
[2025-09-22T08:28:40.779+0000] {process_utils.py:191} INFO - created virtual environment CPython3.10.14.final.0-64 in 660ms
[2025-09-22T08:28:40.780+0000] {process_utils.py:191} INFO -   creator CPython3Posix(dest=/opt/***/cosmos_venvs/ecom_intermediate, clear=False, no_vcs_ignore=False, global=False)
[2025-09-22T08:28:40.781+0000] {process_utils.py:191} INFO -   seeder FromAppData(download=False, pip=bundle, setuptools=bundle, wheel=bundle, via=copy, app_data_dir=/home/***/.local/share/virtualenv)
[2025-09-22T08:28:40.782+0000] {process_utils.py:191} INFO -     added seed packages: MarkupSafe==3.0.2, PyYAML==6.0.2, agate==1.9.1, annotated_types==0.7.0, attrs==25.3.0, babel==2.17.0, certifi==2025.8.3, charset_normalizer==3.4.3, click==8.3.0, clickhouse_connect==0.9.1, clickhouse_driver==0.2.9, colorama==0.4.6, daff==1.4.2, dbt_adapters==1.16.7, dbt_clickhouse==1.9.3, dbt_common==1.31.0, dbt_core==1.10.11, dbt_extractor==0.6.0, dbt_protos==1.0.375, dbt_semantic_interfaces==0.9.0, deepdiff==8.6.1, idna==3.10, importlib_metadata==8.7.0, isodate==0.6.1, jinja2==3.1.6, jsonschema==4.25.1, jsonschema_specifications==2025.9.1, leather==0.4.0, lz4==4.4.4, mashumaro==3.14, more_itertools==10.8.0, msgpack==1.1.1, networkx==3.4.2, orderly_set==5.5.0, packaging==25.0, parsedatetime==2.6, pathspec==0.12.1, pip==25.2, protobuf==6.32.1, pydantic==2.11.9, pydantic_core==2.33.2, python_dateutil==2.9.0.post0, python_slugify==8.0.4, pytimeparse==1.1.8, pytz==2025.2, referencing==0.36.2, requests==2.32.5, rpds_py==0.27.1, setuptools==80.9.0, six==1.17.0, snowplow_tracker==1.1.0, sqlparse==0.5.3, text_unidecode==1.3, typing_extensions==4.15.0, typing_inspection==0.4.1, tzlocal==5.3.1, urllib3==2.5.0, wheel==0.45.1, zipp==3.23.0, zstandard==0.25.0
[2025-09-22T08:28:40.783+0000] {process_utils.py:191} INFO -   activators BashActivator,CShellActivator,FishActivator,NushellActivator,PowerShellActivator,PythonActivator
[2025-09-22T08:28:40.933+0000] {process_utils.py:183} INFO - Executing cmd: /opt/***/cosmos_venvs/ecom_intermediate/bin/pip install dbt-clickhouse
[2025-09-22T08:28:40.934+0000] {process_utils.py:187} INFO - Output:
[2025-09-22T08:28:42.502+0000] {process_utils.py:191} INFO - Requirement already satisfied: dbt-clickhouse in ./cosmos_venvs/ecom_intermediate/lib/python3.10/site-packages (1.9.3)
[2025-09-22T08:28:42.507+0000] {process_utils.py:191} INFO - Requirement already satisfied: dbt-core>=1.9 in ./cosmos_venvs/ecom_intermediate/lib/python3.10/site-packages (from dbt-clickhouse) (1.10.11)
[2025-09-22T08:28:42.508+0000] {process_utils.py:191} INFO - Requirement already satisfied: clickhouse-connect>=0.6.22 in ./cosmos_venvs/ecom_intermediate/lib/python3.10/site-packages (from dbt-clickhouse) (0.9.1)
[2025-09-22T08:28:42.510+0000] {process_utils.py:191} INFO - Requirement already satisfied: clickhouse-driver>=0.2.6 in ./cosmos_venvs/ecom_intermediate/lib/python3.10/site-packages (from dbt-clickhouse) (0.2.9)
[2025-09-22T08:28:42.513+0000] {process_utils.py:191} INFO - Requirement already satisfied: setuptools>=0.69 in ./cosmos_venvs/ecom_intermediate/lib/python3.10/site-packages (from dbt-clickhouse) (80.9.0)
[2025-09-22T08:28:42.518+0000] {process_utils.py:191} INFO - Requirement already satisfied: certifi in ./cosmos_venvs/ecom_intermediate/lib/python3.10/site-packages (from clickhouse-connect>=0.6.22->dbt-clickhouse) (2025.8.3)
[2025-09-22T08:28:42.519+0000] {process_utils.py:191} INFO - Requirement already satisfied: urllib3>=1.26 in ./cosmos_venvs/ecom_intermediate/lib/python3.10/site-packages (from clickhouse-connect>=0.6.22->dbt-clickhouse) (2.5.0)
[2025-09-22T08:28:42.520+0000] {process_utils.py:191} INFO - Requirement already satisfied: pytz in ./cosmos_venvs/ecom_intermediate/lib/python3.10/site-packages (from clickhouse-connect>=0.6.22->dbt-clickhouse) (2025.2)
[2025-09-22T08:28:42.521+0000] {process_utils.py:191} INFO - Requirement already satisfied: zstandard in ./cosmos_venvs/ecom_intermediate/lib/python3.10/site-packages (from clickhouse-connect>=0.6.22->dbt-clickhouse) (0.25.0)
[2025-09-22T08:28:42.521+0000] {process_utils.py:191} INFO - Requirement already satisfied: lz4 in ./cosmos_venvs/ecom_intermediate/lib/python3.10/site-packages (from clickhouse-connect>=0.6.22->dbt-clickhouse) (4.4.4)
[2025-09-22T08:28:42.529+0000] {process_utils.py:191} INFO - Requirement already satisfied: tzlocal in ./cosmos_venvs/ecom_intermediate/lib/python3.10/site-packages (from clickhouse-driver>=0.2.6->dbt-clickhouse) (5.3.1)
[2025-09-22T08:28:42.537+0000] {process_utils.py:191} INFO - Requirement already satisfied: agate<1.10,>=1.7.0 in ./cosmos_venvs/ecom_intermediate/lib/python3.10/site-packages (from dbt-core>=1.9->dbt-clickhouse) (1.9.1)
[2025-09-22T08:28:42.539+0000] {process_utils.py:191} INFO - Requirement already satisfied: Jinja2<4,>=3.1.3 in ./cosmos_venvs/ecom_intermediate/lib/python3.10/site-packages (from dbt-core>=1.9->dbt-clickhouse) (3.1.6)
[2025-09-22T08:28:42.541+0000] {process_utils.py:191} INFO - Requirement already satisfied: mashumaro<3.15,>=3.9 in ./cosmos_venvs/ecom_intermediate/lib/python3.10/site-packages (from mashumaro[msgpack]<3.15,>=3.9->dbt-core>=1.9->dbt-clickhouse) (3.14)
[2025-09-22T08:28:42.542+0000] {process_utils.py:191} INFO - Requirement already satisfied: click<9.0,>=8.0.2 in ./cosmos_venvs/ecom_intermediate/lib/python3.10/site-packages (from dbt-core>=1.9->dbt-clickhouse) (8.3.0)
[2025-09-22T08:28:42.545+0000] {process_utils.py:191} INFO - Requirement already satisfied: jsonschema<5.0,>=4.19.1 in ./cosmos_venvs/ecom_intermediate/lib/python3.10/site-packages (from dbt-core>=1.9->dbt-clickhouse) (4.25.1)
[2025-09-22T08:28:42.547+0000] {process_utils.py:191} INFO - Requirement already satisfied: networkx<4.0,>=2.3 in ./cosmos_venvs/ecom_intermediate/lib/python3.10/site-packages (from dbt-core>=1.9->dbt-clickhouse) (3.4.2)
[2025-09-22T08:28:42.548+0000] {process_utils.py:191} INFO - Requirement already satisfied: protobuf<7.0,>=6.0 in ./cosmos_venvs/ecom_intermediate/lib/python3.10/site-packages (from dbt-core>=1.9->dbt-clickhouse) (6.32.1)
[2025-09-22T08:28:42.550+0000] {process_utils.py:191} INFO - Requirement already satisfied: requests<3.0.0 in ./cosmos_venvs/ecom_intermediate/lib/python3.10/site-packages (from dbt-core>=1.9->dbt-clickhouse) (2.32.5)
[2025-09-22T08:28:42.552+0000] {process_utils.py:191} INFO - Requirement already satisfied: snowplow-tracker<2.0,>=1.0.2 in ./cosmos_venvs/ecom_intermediate/lib/python3.10/site-packages (from dbt-core>=1.9->dbt-clickhouse) (1.1.0)
[2025-09-22T08:28:42.553+0000] {process_utils.py:191} INFO - Requirement already satisfied: pathspec<0.13,>=0.9 in ./cosmos_venvs/ecom_intermediate/lib/python3.10/site-packages (from dbt-core>=1.9->dbt-clickhouse) (0.12.1)
[2025-09-22T08:28:42.556+0000] {process_utils.py:191} INFO - Requirement already satisfied: sqlparse<0.6.0,>=0.5.0 in ./cosmos_venvs/ecom_intermediate/lib/python3.10/site-packages (from dbt-core>=1.9->dbt-clickhouse) (0.5.3)
[2025-09-22T08:28:42.559+0000] {process_utils.py:191} INFO - Requirement already satisfied: dbt-extractor<=0.6,>=0.5.0 in ./cosmos_venvs/ecom_intermediate/lib/python3.10/site-packages (from dbt-core>=1.9->dbt-clickhouse) (0.6.0)
[2025-09-22T08:28:42.562+0000] {process_utils.py:191} INFO - Requirement already satisfied: dbt-semantic-interfaces<0.10,>=0.9.0 in ./cosmos_venvs/ecom_intermediate/lib/python3.10/site-packages (from dbt-core>=1.9->dbt-clickhouse) (0.9.0)
[2025-09-22T08:28:42.563+0000] {process_utils.py:191} INFO - Requirement already satisfied: dbt-common<2.0,>=1.27.0 in ./cosmos_venvs/ecom_intermediate/lib/python3.10/site-packages (from dbt-core>=1.9->dbt-clickhouse) (1.31.0)
[2025-09-22T08:28:42.569+0000] {process_utils.py:191} INFO - Requirement already satisfied: dbt-adapters<2.0,>=1.15.5 in ./cosmos_venvs/ecom_intermediate/lib/python3.10/site-packages (from dbt-core>=1.9->dbt-clickhouse) (1.16.7)
[2025-09-22T08:28:42.571+0000] {process_utils.py:191} INFO - Requirement already satisfied: dbt-protos<2.0,>=1.0.346 in ./cosmos_venvs/ecom_intermediate/lib/python3.10/site-packages (from dbt-core>=1.9->dbt-clickhouse) (1.0.375)
[2025-09-22T08:28:42.574+0000] {process_utils.py:191} INFO - Requirement already satisfied: pydantic<3 in ./cosmos_venvs/ecom_intermediate/lib/python3.10/site-packages (from dbt-core>=1.9->dbt-clickhouse) (2.11.9)
[2025-09-22T08:28:42.577+0000] {process_utils.py:191} INFO - Requirement already satisfied: packaging>20.9 in ./cosmos_venvs/ecom_intermediate/lib/python3.10/site-packages (from dbt-core>=1.9->dbt-clickhouse) (25.0)
[2025-09-22T08:28:42.581+0000] {process_utils.py:191} INFO - Requirement already satisfied: pyyaml>=6.0 in ./cosmos_venvs/ecom_intermediate/lib/python3.10/site-packages (from dbt-core>=1.9->dbt-clickhouse) (6.0.2)
[2025-09-22T08:28:42.584+0000] {process_utils.py:191} INFO - Requirement already satisfied: daff>=1.3.46 in ./cosmos_venvs/ecom_intermediate/lib/python3.10/site-packages (from dbt-core>=1.9->dbt-clickhouse) (1.4.2)
[2025-09-22T08:28:42.584+0000] {process_utils.py:191} INFO - Requirement already satisfied: typing-extensions>=4.4 in ./cosmos_venvs/ecom_intermediate/lib/python3.10/site-packages (from dbt-core>=1.9->dbt-clickhouse) (4.15.0)
[2025-09-22T08:28:42.589+0000] {process_utils.py:191} INFO - Requirement already satisfied: Babel>=2.0 in ./cosmos_venvs/ecom_intermediate/lib/python3.10/site-packages (from agate<1.10,>=1.7.0->dbt-core>=1.9->dbt-clickhouse) (2.17.0)
[2025-09-22T08:28:42.591+0000] {process_utils.py:191} INFO - Requirement already satisfied: isodate>=0.5.4 in ./cosmos_venvs/ecom_intermediate/lib/python3.10/site-packages (from agate<1.10,>=1.7.0->dbt-core>=1.9->dbt-clickhouse) (0.6.1)
[2025-09-22T08:28:42.594+0000] {process_utils.py:191} INFO - Requirement already satisfied: leather>=0.3.2 in ./cosmos_venvs/ecom_intermediate/lib/python3.10/site-packages (from agate<1.10,>=1.7.0->dbt-core>=1.9->dbt-clickhouse) (0.4.0)
[2025-09-22T08:28:42.595+0000] {process_utils.py:191} INFO - Requirement already satisfied: parsedatetime!=2.5,>=2.1 in ./cosmos_venvs/ecom_intermediate/lib/python3.10/site-packages (from agate<1.10,>=1.7.0->dbt-core>=1.9->dbt-clickhouse) (2.6)
[2025-09-22T08:28:42.598+0000] {process_utils.py:191} INFO - Requirement already satisfied: python-slugify>=1.2.1 in ./cosmos_venvs/ecom_intermediate/lib/python3.10/site-packages (from agate<1.10,>=1.7.0->dbt-core>=1.9->dbt-clickhouse) (8.0.4)
[2025-09-22T08:28:42.601+0000] {process_utils.py:191} INFO - Requirement already satisfied: pytimeparse>=1.1.5 in ./cosmos_venvs/ecom_intermediate/lib/python3.10/site-packages (from agate<1.10,>=1.7.0->dbt-core>=1.9->dbt-clickhouse) (1.1.8)
[2025-09-22T08:28:42.624+0000] {process_utils.py:191} INFO - Requirement already satisfied: colorama<0.5,>=0.3.9 in ./cosmos_venvs/ecom_intermediate/lib/python3.10/site-packages (from dbt-common<2.0,>=1.27.0->dbt-core>=1.9->dbt-clickhouse) (0.4.6)
[2025-09-22T08:28:42.626+0000] {process_utils.py:191} INFO - Requirement already satisfied: deepdiff<9.0,>=7.0 in ./cosmos_venvs/ecom_intermediate/lib/python3.10/site-packages (from dbt-common<2.0,>=1.27.0->dbt-core>=1.9->dbt-clickhouse) (8.6.1)
[2025-09-22T08:28:42.630+0000] {process_utils.py:191} INFO - Requirement already satisfied: python-dateutil<3.0,>=2.0 in ./cosmos_venvs/ecom_intermediate/lib/python3.10/site-packages (from dbt-common<2.0,>=1.27.0->dbt-core>=1.9->dbt-clickhouse) (2.9.0.post0)
[2025-09-22T08:28:42.644+0000] {process_utils.py:191} INFO - Requirement already satisfied: importlib-metadata<9,>=6.0 in ./cosmos_venvs/ecom_intermediate/lib/python3.10/site-packages (from dbt-semantic-interfaces<0.10,>=0.9.0->dbt-core>=1.9->dbt-clickhouse) (8.7.0)
[2025-09-22T08:28:42.646+0000] {process_utils.py:191} INFO - Requirement already satisfied: more-itertools<11.0,>=8.0 in ./cosmos_venvs/ecom_intermediate/lib/python3.10/site-packages (from dbt-semantic-interfaces<0.10,>=0.9.0->dbt-core>=1.9->dbt-clickhouse) (10.8.0)
[2025-09-22T08:28:42.664+0000] {process_utils.py:191} INFO - Requirement already satisfied: orderly-set<6,>=5.4.1 in ./cosmos_venvs/ecom_intermediate/lib/python3.10/site-packages (from deepdiff<9.0,>=7.0->dbt-common<2.0,>=1.27.0->dbt-core>=1.9->dbt-clickhouse) (5.5.0)
[2025-09-22T08:28:42.674+0000] {process_utils.py:191} INFO - Requirement already satisfied: zipp>=3.20 in ./cosmos_venvs/ecom_intermediate/lib/python3.10/site-packages (from importlib-metadata<9,>=6.0->dbt-semantic-interfaces<0.10,>=0.9.0->dbt-core>=1.9->dbt-clickhouse) (3.23.0)
[2025-09-22T08:28:42.678+0000] {process_utils.py:191} INFO - Requirement already satisfied: six in ./cosmos_venvs/ecom_intermediate/lib/python3.10/site-packages (from isodate>=0.5.4->agate<1.10,>=1.7.0->dbt-core>=1.9->dbt-clickhouse) (1.17.0)
[2025-09-22T08:28:42.682+0000] {process_utils.py:191} INFO - Requirement already satisfied: MarkupSafe>=2.0 in ./cosmos_venvs/ecom_intermediate/lib/python3.10/site-packages (from Jinja2<4,>=3.1.3->dbt-core>=1.9->dbt-clickhouse) (3.0.2)
[2025-09-22T08:28:42.688+0000] {process_utils.py:191} INFO - Requirement already satisfied: attrs>=22.2.0 in ./cosmos_venvs/ecom_intermediate/lib/python3.10/site-packages (from jsonschema<5.0,>=4.19.1->dbt-core>=1.9->dbt-clickhouse) (25.3.0)
[2025-09-22T08:28:42.690+0000] {process_utils.py:191} INFO - Requirement already satisfied: jsonschema-specifications>=2023.03.6 in ./cosmos_venvs/ecom_intermediate/lib/python3.10/site-packages (from jsonschema<5.0,>=4.19.1->dbt-core>=1.9->dbt-clickhouse) (2025.9.1)
[2025-09-22T08:28:42.691+0000] {process_utils.py:191} INFO - Requirement already satisfied: referencing>=0.28.4 in ./cosmos_venvs/ecom_intermediate/lib/python3.10/site-packages (from jsonschema<5.0,>=4.19.1->dbt-core>=1.9->dbt-clickhouse) (0.36.2)
[2025-09-22T08:28:42.692+0000] {process_utils.py:191} INFO - Requirement already satisfied: rpds-py>=0.7.1 in ./cosmos_venvs/ecom_intermediate/lib/python3.10/site-packages (from jsonschema<5.0,>=4.19.1->dbt-core>=1.9->dbt-clickhouse) (0.27.1)
[2025-09-22T08:28:42.706+0000] {process_utils.py:191} INFO - Requirement already satisfied: msgpack>=0.5.6 in ./cosmos_venvs/ecom_intermediate/lib/python3.10/site-packages (from mashumaro[msgpack]<3.15,>=3.9->dbt-core>=1.9->dbt-clickhouse) (1.1.1)
[2025-09-22T08:28:42.737+0000] {process_utils.py:191} INFO - Requirement already satisfied: annotated-types>=0.6.0 in ./cosmos_venvs/ecom_intermediate/lib/python3.10/site-packages (from pydantic<3->dbt-core>=1.9->dbt-clickhouse) (0.7.0)
[2025-09-22T08:28:42.738+0000] {process_utils.py:191} INFO - Requirement already satisfied: pydantic-core==2.33.2 in ./cosmos_venvs/ecom_intermediate/lib/python3.10/site-packages (from pydantic<3->dbt-core>=1.9->dbt-clickhouse) (2.33.2)
[2025-09-22T08:28:42.740+0000] {process_utils.py:191} INFO - Requirement already satisfied: typing-inspection>=0.4.0 in ./cosmos_venvs/ecom_intermediate/lib/python3.10/site-packages (from pydantic<3->dbt-core>=1.9->dbt-clickhouse) (0.4.1)
[2025-09-22T08:28:42.754+0000] {process_utils.py:191} INFO - Requirement already satisfied: charset_normalizer<4,>=2 in ./cosmos_venvs/ecom_intermediate/lib/python3.10/site-packages (from requests<3.0.0->dbt-core>=1.9->dbt-clickhouse) (3.4.3)
[2025-09-22T08:28:42.755+0000] {process_utils.py:191} INFO - Requirement already satisfied: idna<4,>=2.5 in ./cosmos_venvs/ecom_intermediate/lib/python3.10/site-packages (from requests<3.0.0->dbt-core>=1.9->dbt-clickhouse) (3.10)
[2025-09-22T08:28:42.821+0000] {process_utils.py:191} INFO - Requirement already satisfied: text-unidecode>=1.3 in ./cosmos_venvs/ecom_intermediate/lib/python3.10/site-packages (from python-slugify>=1.2.1->agate<1.10,>=1.7.0->dbt-core>=1.9->dbt-clickhouse) (1.3)
[2025-09-22T08:28:43.004+0000] {local.py:470} INFO - Cloning project to writable temp directory /tmp/tmpdg4ppw6p from /opt/airflow/dags/dbt/ecom_intermediate
[2025-09-22T08:28:43.015+0000] {local.py:490} INFO - Partial parse is enabled and the latest partial parse file is /tmp/cosmos/dbt_intermediate__intermediate/target/partial_parse.msgpack
[2025-09-22T08:28:43.029+0000] {config.py:362} INFO - Using user-supplied profiles.yml at /opt/airflow/dags/dbt/profiles.yml
[2025-09-22T08:28:43.039+0000] {virtualenv.py:99} INFO - Using Python binary from virtualenv: /opt/***/cosmos_venvs/ecom_intermediate/bin/python
[2025-09-22T08:28:43.040+0000] {local.py:434} INFO - Trying to run the command:
 ['/opt/***/cosmos_venvs/ecom_intermediate/bin/dbt', 'deps', '--project-dir', '/tmp/tmpdg4ppw6p', '--profiles-dir', '/opt/***/dags/dbt', '--profile', 'ecom_intermediate', '--target', 'dev']
From /tmp/tmpdg4ppw6p
[2025-09-22T08:28:43.041+0000] {subprocess.py:56} INFO - Tmp dir root location: 
 /tmp
[2025-09-22T08:28:43.041+0000] {subprocess.py:69} INFO - Running command: ['/opt/***/cosmos_venvs/ecom_intermediate/bin/dbt', 'deps', '--project-dir', '/tmp/tmpdg4ppw6p', '--profiles-dir', '/opt/***/dags/dbt', '--profile', 'ecom_intermediate', '--target', 'dev']
[2025-09-22T08:28:43.055+0000] {subprocess.py:80} INFO - Command output:
[2025-09-22T08:28:45.388+0000] {subprocess.py:90} INFO - [0m08:28:45  Running with dbt=1.10.11
[2025-09-22T08:28:46.056+0000] {subprocess.py:90} INFO - [0m08:28:46  Installing dbt-labs/dbt_utils
[2025-09-22T08:28:46.843+0000] {subprocess.py:90} INFO - [0m08:28:46  Installed from version 1.3.0
[2025-09-22T08:28:46.844+0000] {subprocess.py:90} INFO - [0m08:28:46  Updated version available: 1.3.1
[2025-09-22T08:28:46.844+0000] {subprocess.py:90} INFO - [0m08:28:46
[2025-09-22T08:28:46.845+0000] {subprocess.py:90} INFO - [0m08:28:46  Updates available for packages: ['dbt-labs/dbt_utils']
[2025-09-22T08:28:46.845+0000] {subprocess.py:90} INFO - Update your versions in packages.yml, then run dbt deps
[2025-09-22T08:28:48.592+0000] {subprocess.py:94} INFO - Command exited with return code 0
[2025-09-22T08:28:48.593+0000] {local.py:441} INFO - Update your versions in packages.yml, then run dbt deps
[2025-09-22T08:28:48.594+0000] {virtualenv.py:99} INFO - Using Python binary from virtualenv: /opt/***/cosmos_venvs/ecom_intermediate/bin/python
[2025-09-22T08:28:48.594+0000] {local.py:434} INFO - Trying to run the command:
 ['/opt/***/cosmos_venvs/ecom_intermediate/bin/dbt', 'run', '--models', 'subcategories_enriched', '--project-dir', '/tmp/tmpdg4ppw6p', '--profiles-dir', '/opt/***/dags/dbt', '--profile', 'ecom_intermediate', '--target', 'dev']
From /tmp/tmpdg4ppw6p
[2025-09-22T08:28:48.595+0000] {subprocess.py:56} INFO - Tmp dir root location: 
 /tmp
[2025-09-22T08:28:48.596+0000] {subprocess.py:69} INFO - Running command: ['/opt/***/cosmos_venvs/ecom_intermediate/bin/dbt', 'run', '--models', 'subcategories_enriched', '--project-dir', '/tmp/tmpdg4ppw6p', '--profiles-dir', '/opt/***/dags/dbt', '--profile', 'ecom_intermediate', '--target', 'dev']
[2025-09-22T08:28:48.610+0000] {subprocess.py:80} INFO - Command output:
[2025-09-22T08:28:50.899+0000] {subprocess.py:90} INFO - [0m08:28:50  Running with dbt=1.10.11
[2025-09-22T08:28:50.900+0000] {subprocess.py:90} INFO - [0m08:28:50  [[33mWARNING[0m]: Deprecated functionality
[2025-09-22T08:28:50.901+0000] {subprocess.py:90} INFO - Usage of `--models`, `--model`, and `-m` is deprecated in favor of `--select` or
[2025-09-22T08:28:50.901+0000] {subprocess.py:90} INFO - `-s`.
[2025-09-22T08:28:51.298+0000] {subprocess.py:90} INFO - [0m08:28:51  Registered adapter: clickhouse=1.9.3
[2025-09-22T08:28:52.084+0000] {subprocess.py:90} INFO - [0m08:28:52  Found 15 models, 50 data tests, 8 sources, 597 macros
[2025-09-22T08:28:52.087+0000] {subprocess.py:90} INFO - [0m08:28:52
[2025-09-22T08:28:52.088+0000] {subprocess.py:90} INFO - [0m08:28:52  Concurrency: 4 threads (target='dev')
[2025-09-22T08:28:52.089+0000] {subprocess.py:90} INFO - [0m08:28:52
[2025-09-22T08:28:52.228+0000] {subprocess.py:90} INFO - [0m08:28:52  1 of 1 START sql table model `ecom_db_intermediate`.`subcategories_enriched` ... [RUN]
[2025-09-22T08:28:52.409+0000] {subprocess.py:90} INFO - [0m08:28:52  1 of 1 OK created sql table model `ecom_db_intermediate`.`subcategories_enriched`  [[32mOK[0m in 0.18s]
[2025-09-22T08:28:52.414+0000] {subprocess.py:90} INFO - [0m08:28:52
[2025-09-22T08:28:52.414+0000] {subprocess.py:90} INFO - [0m08:28:52  Finished running 1 table model in 0 hours 0 minutes and 0.33 seconds (0.33s).
[2025-09-22T08:28:52.474+0000] {subprocess.py:90} INFO - [0m08:28:52
[2025-09-22T08:28:52.475+0000] {subprocess.py:90} INFO - [0m08:28:52  [32mCompleted successfully[0m
[2025-09-22T08:28:52.476+0000] {subprocess.py:90} INFO - [0m08:28:52
[2025-09-22T08:28:52.476+0000] {subprocess.py:90} INFO - [0m08:28:52  Done. PASS=1 WARN=0 ERROR=0 SKIP=0 NO-OP=0 TOTAL=1
[2025-09-22T08:28:52.477+0000] {subprocess.py:90} INFO - [0m08:28:52  [[33mWARNING[0m][DeprecationsSummary]: Deprecated functionality
[2025-09-22T08:28:52.478+0000] {subprocess.py:90} INFO - Summary of encountered deprecations:
[2025-09-22T08:28:52.478+0000] {subprocess.py:90} INFO - - ModelParamUsageDeprecation: 1 occurrence
[2025-09-22T08:28:52.479+0000] {subprocess.py:90} INFO - To see all deprecation instances instead of just the first occurrence of each,
[2025-09-22T08:28:52.479+0000] {subprocess.py:90} INFO - run command again with the `--show-all-deprecations` flag. You may also need to
[2025-09-22T08:28:52.480+0000] {subprocess.py:90} INFO - run with `--no-partial-parse` as some deprecations are only encountered during
[2025-09-22T08:28:52.480+0000] {subprocess.py:90} INFO - parsing.
[2025-09-22T08:28:54.235+0000] {subprocess.py:94} INFO - Command exited with return code 0
[2025-09-22T08:28:54.236+0000] {local.py:441} INFO - parsing.
[2025-09-22T08:28:54.249+0000] {local.py:196} WARNING - Artifact schema version: https://schemas.getdbt.com/dbt/manifest/v12.json is above dbt-ol supported version 7. This might cause errors.
[2025-09-22T08:28:54.249+0000] {local.py:196} WARNING - Artifact schema version: https://schemas.getdbt.com/dbt/run-results/v6.json is above dbt-ol supported version 5. This might cause errors.
[2025-09-22T08:28:54.255+0000] {local.py:547} INFO - Inlets: []
[2025-09-22T08:28:54.255+0000] {local.py:548} INFO - Outlets: []
[2025-09-22T08:28:54.256+0000] {local.py:772} INFO - Assigning inlets/outlets without DatasetAlias
[2025-09-22T08:28:54.256+0000] {dag.py:3089} INFO - Sync 1 DAGs
[2025-09-22T08:28:54.426+0000] {virtualenv.py:131} INFO - Releasing virtualenv lock
[2025-09-22T08:28:54.427+0000] {virtualenv.py:145} INFO - None
[2025-09-22T08:28:54.428+0000] {taskinstance.py:441} INFO - ::group::Post task execution logs
[2025-09-22T08:28:54.473+0000] {taskinstance.py:1206} INFO - Marking task as SUCCESS. dag_id=dbt_intermediate, task_id=intermediate.subcategories_enriched.run, run_id=manual__2025-09-22T08:28:03.359463+00:00, execution_date=20250922T082803, start_date=20250922T082807, end_date=20250922T082854
[2025-09-22T08:28:54.523+0000] {local_task_job_runner.py:243} INFO - Task exited with return code 0
[2025-09-22T08:28:54.582+0000] {local_task_job_runner.py:222} INFO - ::endgroup::
