[2025-09-13T09:40:36.412+0000] {local_task_job_runner.py:120} INFO - ::group::Pre task execution logs
[2025-09-13T09:40:36.650+0000] {taskinstance.py:2076} INFO - Dependencies all met for dep_context=non-requeueable deps ti=<TaskInstance: dbt_marts.marts.fct_customer_orders.run scheduled__2025-09-12T00:00:00+00:00 [queued]>
[2025-09-13T09:40:36.677+0000] {taskinstance.py:2076} INFO - Dependencies all met for dep_context=requeueable deps ti=<TaskInstance: dbt_marts.marts.fct_customer_orders.run scheduled__2025-09-12T00:00:00+00:00 [queued]>
[2025-09-13T09:40:36.678+0000] {taskinstance.py:2306} INFO - Starting attempt 1 of 1
[2025-09-13T09:40:36.717+0000] {taskinstance.py:2330} INFO - Executing <Task(DbtRunVirtualenvOperator): marts.fct_customer_orders.run> on 2025-09-12 00:00:00+00:00
[2025-09-13T09:40:36.731+0000] {standard_task_runner.py:64} INFO - Started process 6190 to run task
[2025-09-13T09:40:36.739+0000] {standard_task_runner.py:90} INFO - Running: ['***', 'tasks', 'run', 'dbt_marts', 'marts.fct_customer_orders.run', 'scheduled__2025-09-12T00:00:00+00:00', '--job-id', '196', '--raw', '--subdir', 'DAGS_FOLDER/dbt_marts.py', '--cfg-path', '/tmp/tmpd1_rtbb5']
[2025-09-13T09:40:36.744+0000] {standard_task_runner.py:91} INFO - Job 196: Subtask marts.fct_customer_orders.run
[2025-09-13T09:40:37.348+0000] {task_command.py:426} INFO - Running <TaskInstance: dbt_marts.marts.fct_customer_orders.run scheduled__2025-09-12T00:00:00+00:00 [running]> on host e95bde6b8d07
[2025-09-13T09:40:38.290+0000] {taskinstance.py:2648} INFO - Exporting env vars: AIRFLOW_CTX_DAG_OWNER='***' AIRFLOW_CTX_DAG_ID='dbt_marts' AIRFLOW_CTX_TASK_ID='marts.fct_customer_orders.run' AIRFLOW_CTX_EXECUTION_DATE='2025-09-12T00:00:00+00:00' AIRFLOW_CTX_TRY_NUMBER='1' AIRFLOW_CTX_DAG_RUN_ID='scheduled__2025-09-12T00:00:00+00:00'
[2025-09-13T09:40:38.293+0000] {taskinstance.py:430} INFO - ::endgroup::
[2025-09-13T09:40:38.315+0000] {virtualenv.py:120} INFO - Checking if the virtualenv lock /tmp/cosmos_venv_ecom/cosmos_virtualenv.lock exists
[2025-09-13T09:40:38.315+0000] {virtualenv.py:178} INFO - Checking for running process with PID 6178
[2025-09-13T09:40:38.316+0000] {virtualenv.py:181} INFO - Process 6178 running: True and has the lock /tmp/cosmos_venv_ecom/cosmos_virtualenv.lock.
[2025-09-13T09:40:38.317+0000] {virtualenv.py:122} INFO - Waiting for virtualenv lock to be released
[2025-09-13T09:40:39.318+0000] {virtualenv.py:178} INFO - Checking for running process with PID 6178
[2025-09-13T09:40:39.319+0000] {virtualenv.py:181} INFO - Process 6178 running: True and has the lock /tmp/cosmos_venv_ecom/cosmos_virtualenv.lock.
[2025-09-13T09:40:39.320+0000] {virtualenv.py:122} INFO - Waiting for virtualenv lock to be released
[2025-09-13T09:40:40.322+0000] {virtualenv.py:178} INFO - Checking for running process with PID 6178
[2025-09-13T09:40:40.323+0000] {virtualenv.py:181} INFO - Process 6178 running: True and has the lock /tmp/cosmos_venv_ecom/cosmos_virtualenv.lock.
[2025-09-13T09:40:40.323+0000] {virtualenv.py:122} INFO - Waiting for virtualenv lock to be released
[2025-09-13T09:40:41.325+0000] {virtualenv.py:178} INFO - Checking for running process with PID 6178
[2025-09-13T09:40:41.326+0000] {virtualenv.py:181} INFO - Process 6178 running: True and has the lock /tmp/cosmos_venv_ecom/cosmos_virtualenv.lock.
[2025-09-13T09:40:41.326+0000] {virtualenv.py:122} INFO - Waiting for virtualenv lock to be released
[2025-09-13T09:40:42.328+0000] {virtualenv.py:178} INFO - Checking for running process with PID 6178
[2025-09-13T09:40:42.329+0000] {virtualenv.py:181} INFO - Process 6178 running: True and has the lock /tmp/cosmos_venv_ecom/cosmos_virtualenv.lock.
[2025-09-13T09:40:42.329+0000] {virtualenv.py:122} INFO - Waiting for virtualenv lock to be released
[2025-09-13T09:40:43.332+0000] {virtualenv.py:178} INFO - Checking for running process with PID 6178
[2025-09-13T09:40:43.333+0000] {virtualenv.py:181} INFO - Process 6178 running: True and has the lock /tmp/cosmos_venv_ecom/cosmos_virtualenv.lock.
[2025-09-13T09:40:43.333+0000] {virtualenv.py:122} INFO - Waiting for virtualenv lock to be released
[2025-09-13T09:40:44.335+0000] {virtualenv.py:178} INFO - Checking for running process with PID 6178
[2025-09-13T09:40:44.336+0000] {virtualenv.py:181} INFO - Process 6178 running: True and has the lock /tmp/cosmos_venv_ecom/cosmos_virtualenv.lock.
[2025-09-13T09:40:44.337+0000] {virtualenv.py:122} INFO - Waiting for virtualenv lock to be released
[2025-09-13T09:40:45.338+0000] {virtualenv.py:178} INFO - Checking for running process with PID 6178
[2025-09-13T09:40:45.339+0000] {virtualenv.py:181} INFO - Process 6178 running: True and has the lock /tmp/cosmos_venv_ecom/cosmos_virtualenv.lock.
[2025-09-13T09:40:45.339+0000] {virtualenv.py:122} INFO - Waiting for virtualenv lock to be released
[2025-09-13T09:40:46.340+0000] {virtualenv.py:178} INFO - Checking for running process with PID 6178
[2025-09-13T09:40:46.342+0000] {virtualenv.py:181} INFO - Process 6178 running: True and has the lock /tmp/cosmos_venv_ecom/cosmos_virtualenv.lock.
[2025-09-13T09:40:46.342+0000] {virtualenv.py:122} INFO - Waiting for virtualenv lock to be released
[2025-09-13T09:40:47.344+0000] {virtualenv.py:178} INFO - Checking for running process with PID 6178
[2025-09-13T09:40:47.347+0000] {virtualenv.py:181} INFO - Process 6178 running: True and has the lock /tmp/cosmos_venv_ecom/cosmos_virtualenv.lock.
[2025-09-13T09:40:47.347+0000] {virtualenv.py:122} INFO - Waiting for virtualenv lock to be released
[2025-09-13T09:40:48.349+0000] {virtualenv.py:178} INFO - Checking for running process with PID 6178
[2025-09-13T09:40:48.350+0000] {virtualenv.py:181} INFO - Process 6178 running: True and has the lock /tmp/cosmos_venv_ecom/cosmos_virtualenv.lock.
[2025-09-13T09:40:48.350+0000] {virtualenv.py:122} INFO - Waiting for virtualenv lock to be released
[2025-09-13T09:40:49.352+0000] {virtualenv.py:178} INFO - Checking for running process with PID 6178
[2025-09-13T09:40:49.353+0000] {virtualenv.py:181} INFO - Process 6178 running: True and has the lock /tmp/cosmos_venv_ecom/cosmos_virtualenv.lock.
[2025-09-13T09:40:49.353+0000] {virtualenv.py:122} INFO - Waiting for virtualenv lock to be released
[2025-09-13T09:40:50.355+0000] {virtualenv.py:178} INFO - Checking for running process with PID 6178
[2025-09-13T09:40:50.356+0000] {virtualenv.py:181} INFO - Process 6178 running: True and has the lock /tmp/cosmos_venv_ecom/cosmos_virtualenv.lock.
[2025-09-13T09:40:50.356+0000] {virtualenv.py:122} INFO - Waiting for virtualenv lock to be released
[2025-09-13T09:40:51.358+0000] {virtualenv.py:178} INFO - Checking for running process with PID 6178
[2025-09-13T09:40:51.358+0000] {virtualenv.py:181} INFO - Process 6178 running: True and has the lock /tmp/cosmos_venv_ecom/cosmos_virtualenv.lock.
[2025-09-13T09:40:51.359+0000] {virtualenv.py:122} INFO - Waiting for virtualenv lock to be released
[2025-09-13T09:40:52.361+0000] {virtualenv.py:178} INFO - Checking for running process with PID 6178
[2025-09-13T09:40:52.362+0000] {virtualenv.py:181} INFO - Process 6178 running: True and has the lock /tmp/cosmos_venv_ecom/cosmos_virtualenv.lock.
[2025-09-13T09:40:52.363+0000] {virtualenv.py:122} INFO - Waiting for virtualenv lock to be released
[2025-09-13T09:40:53.365+0000] {virtualenv.py:178} INFO - Checking for running process with PID 6178
[2025-09-13T09:40:53.366+0000] {virtualenv.py:181} INFO - Process 6178 running: True and has the lock /tmp/cosmos_venv_ecom/cosmos_virtualenv.lock.
[2025-09-13T09:40:53.367+0000] {virtualenv.py:122} INFO - Waiting for virtualenv lock to be released
[2025-09-13T09:40:54.369+0000] {virtualenv.py:178} INFO - Checking for running process with PID 6178
[2025-09-13T09:40:54.369+0000] {virtualenv.py:181} INFO - Process 6178 running: True and has the lock /tmp/cosmos_venv_ecom/cosmos_virtualenv.lock.
[2025-09-13T09:40:54.370+0000] {virtualenv.py:122} INFO - Waiting for virtualenv lock to be released
[2025-09-13T09:40:55.371+0000] {virtualenv.py:178} INFO - Checking for running process with PID 6178
[2025-09-13T09:40:55.372+0000] {virtualenv.py:181} INFO - Process 6178 running: True and has the lock /tmp/cosmos_venv_ecom/cosmos_virtualenv.lock.
[2025-09-13T09:40:55.373+0000] {virtualenv.py:122} INFO - Waiting for virtualenv lock to be released
[2025-09-13T09:40:56.374+0000] {virtualenv.py:178} INFO - Checking for running process with PID 6192
[2025-09-13T09:40:56.375+0000] {virtualenv.py:181} INFO - Process 6192 running: True and has the lock /tmp/cosmos_venv_ecom/cosmos_virtualenv.lock.
[2025-09-13T09:40:56.376+0000] {virtualenv.py:122} INFO - Waiting for virtualenv lock to be released
[2025-09-13T09:40:57.377+0000] {virtualenv.py:178} INFO - Checking for running process with PID 6192
[2025-09-13T09:40:57.378+0000] {virtualenv.py:181} INFO - Process 6192 running: True and has the lock /tmp/cosmos_venv_ecom/cosmos_virtualenv.lock.
[2025-09-13T09:40:57.379+0000] {virtualenv.py:122} INFO - Waiting for virtualenv lock to be released
[2025-09-13T09:40:58.381+0000] {virtualenv.py:178} INFO - Checking for running process with PID 6192
[2025-09-13T09:40:58.382+0000] {virtualenv.py:181} INFO - Process 6192 running: True and has the lock /tmp/cosmos_venv_ecom/cosmos_virtualenv.lock.
[2025-09-13T09:40:58.382+0000] {virtualenv.py:122} INFO - Waiting for virtualenv lock to be released
[2025-09-13T09:40:59.384+0000] {virtualenv.py:178} INFO - Checking for running process with PID 6192
[2025-09-13T09:40:59.384+0000] {virtualenv.py:181} INFO - Process 6192 running: True and has the lock /tmp/cosmos_venv_ecom/cosmos_virtualenv.lock.
[2025-09-13T09:40:59.385+0000] {virtualenv.py:122} INFO - Waiting for virtualenv lock to be released
[2025-09-13T09:41:00.386+0000] {virtualenv.py:178} INFO - Checking for running process with PID 6192
[2025-09-13T09:41:00.389+0000] {virtualenv.py:181} INFO - Process 6192 running: True and has the lock /tmp/cosmos_venv_ecom/cosmos_virtualenv.lock.
[2025-09-13T09:41:00.391+0000] {virtualenv.py:122} INFO - Waiting for virtualenv lock to be released
[2025-09-13T09:41:01.393+0000] {virtualenv.py:178} INFO - Checking for running process with PID 6192
[2025-09-13T09:41:01.396+0000] {virtualenv.py:181} INFO - Process 6192 running: True and has the lock /tmp/cosmos_venv_ecom/cosmos_virtualenv.lock.
[2025-09-13T09:41:01.397+0000] {virtualenv.py:122} INFO - Waiting for virtualenv lock to be released
[2025-09-13T09:41:02.399+0000] {virtualenv.py:178} INFO - Checking for running process with PID 6192
[2025-09-13T09:41:02.400+0000] {virtualenv.py:181} INFO - Process 6192 running: True and has the lock /tmp/cosmos_venv_ecom/cosmos_virtualenv.lock.
[2025-09-13T09:41:02.403+0000] {virtualenv.py:122} INFO - Waiting for virtualenv lock to be released
[2025-09-13T09:41:03.407+0000] {virtualenv.py:178} INFO - Checking for running process with PID 6192
[2025-09-13T09:41:03.411+0000] {virtualenv.py:181} INFO - Process 6192 running: True and has the lock /tmp/cosmos_venv_ecom/cosmos_virtualenv.lock.
[2025-09-13T09:41:03.412+0000] {virtualenv.py:122} INFO - Waiting for virtualenv lock to be released
[2025-09-13T09:41:04.414+0000] {virtualenv.py:178} INFO - Checking for running process with PID 6194
[2025-09-13T09:41:04.421+0000] {virtualenv.py:181} INFO - Process 6194 running: True and has the lock /tmp/cosmos_venv_ecom/cosmos_virtualenv.lock.
[2025-09-13T09:41:04.425+0000] {virtualenv.py:122} INFO - Waiting for virtualenv lock to be released
[2025-09-13T09:41:05.426+0000] {virtualenv.py:178} INFO - Checking for running process with PID 6194
[2025-09-13T09:41:05.427+0000] {virtualenv.py:181} INFO - Process 6194 running: True and has the lock /tmp/cosmos_venv_ecom/cosmos_virtualenv.lock.
[2025-09-13T09:41:05.428+0000] {virtualenv.py:122} INFO - Waiting for virtualenv lock to be released
[2025-09-13T09:41:06.430+0000] {virtualenv.py:178} INFO - Checking for running process with PID 6194
[2025-09-13T09:41:06.432+0000] {virtualenv.py:181} INFO - Process 6194 running: True and has the lock /tmp/cosmos_venv_ecom/cosmos_virtualenv.lock.
[2025-09-13T09:41:06.432+0000] {virtualenv.py:122} INFO - Waiting for virtualenv lock to be released
[2025-09-13T09:41:07.432+0000] {virtualenv.py:178} INFO - Checking for running process with PID 6194
[2025-09-13T09:41:07.433+0000] {virtualenv.py:181} INFO - Process 6194 running: True and has the lock /tmp/cosmos_venv_ecom/cosmos_virtualenv.lock.
[2025-09-13T09:41:07.433+0000] {virtualenv.py:122} INFO - Waiting for virtualenv lock to be released
[2025-09-13T09:41:08.318+0000] {local_task_job_runner.py:313} WARNING - State of this instance has been externally set to failed. Terminating instance.
[2025-09-13T09:41:08.319+0000] {local_task_job_runner.py:222} INFO - ::endgroup::
[2025-09-13T09:41:08.321+0000] {process_utils.py:132} INFO - Sending 15 to group 6190. PIDs of all processes in the group: [6190]
[2025-09-13T09:41:08.322+0000] {process_utils.py:87} INFO - Sending the signal 15 to group 6190
[2025-09-13T09:41:08.324+0000] {taskinstance.py:2611} ERROR - Received SIGTERM. Terminating subprocesses.
[2025-09-13T09:41:08.325+0000] {virtualenv.py:131} INFO - Releasing virtualenv lock
[2025-09-13T09:41:08.327+0000] {virtualenv.py:210} WARNING - Lockfile owned by process of pid 6194, while operator has pid 6190
[2025-09-13T09:41:08.328+0000] {taskinstance.py:441} INFO - ::group::Post task execution logs
[2025-09-13T09:41:08.858+0000] {process_utils.py:80} INFO - Process psutil.Process(pid=6190, status='terminated', exitcode=0, started='09:40:36') (6190) terminated with exit code 0
