[2025-09-19T10:14:58.378+0000] {local_task_job_runner.py:120} INFO - ::group::Pre task execution logs
[2025-09-19T10:14:59.061+0000] {taskinstance.py:2076} INFO - Dependencies all met for dep_context=non-requeueable deps ti=<TaskInstance: dbt_intermediate.intermediate.categories_enriched.run manual__2025-09-19T10:14:55.158074+00:00 [queued]>
[2025-09-19T10:14:59.082+0000] {taskinstance.py:2076} INFO - Dependencies all met for dep_context=requeueable deps ti=<TaskInstance: dbt_intermediate.intermediate.categories_enriched.run manual__2025-09-19T10:14:55.158074+00:00 [queued]>
[2025-09-19T10:14:59.084+0000] {taskinstance.py:2306} INFO - Starting attempt 1 of 1
[2025-09-19T10:14:59.135+0000] {taskinstance.py:2330} INFO - Executing <Task(DbtRunVirtualenvOperator): intermediate.categories_enriched.run> on 2025-09-19 10:14:55.158074+00:00
[2025-09-19T10:14:59.146+0000] {standard_task_runner.py:64} INFO - Started process 2681 to run task
[2025-09-19T10:14:59.151+0000] {standard_task_runner.py:90} INFO - Running: ['***', 'tasks', 'run', 'dbt_intermediate', 'intermediate.categories_enriched.run', 'manual__2025-09-19T10:14:55.158074+00:00', '--job-id', '562', '--raw', '--subdir', 'DAGS_FOLDER/dbt_intermediate.py', '--cfg-path', '/tmp/tmpia67ja81']
[2025-09-19T10:14:59.155+0000] {standard_task_runner.py:91} INFO - Job 562: Subtask intermediate.categories_enriched.run
[2025-09-19T10:14:59.550+0000] {task_command.py:426} INFO - Running <TaskInstance: dbt_intermediate.intermediate.categories_enriched.run manual__2025-09-19T10:14:55.158074+00:00 [running]> on host e95bde6b8d07
[2025-09-19T10:15:00.122+0000] {taskinstance.py:2648} INFO - Exporting env vars: AIRFLOW_CTX_DAG_OWNER='***' AIRFLOW_CTX_DAG_ID='dbt_intermediate' AIRFLOW_CTX_TASK_ID='intermediate.categories_enriched.run' AIRFLOW_CTX_EXECUTION_DATE='2025-09-19T10:14:55.158074+00:00' AIRFLOW_CTX_TRY_NUMBER='1' AIRFLOW_CTX_DAG_RUN_ID='manual__2025-09-19T10:14:55.158074+00:00'
[2025-09-19T10:15:00.125+0000] {taskinstance.py:430} INFO - ::endgroup::
[2025-09-19T10:15:00.149+0000] {virtualenv.py:120} INFO - Checking if the virtualenv lock /opt/***/cosmos_venvs/ecom_intermediate/cosmos_virtualenv.lock exists
[2025-09-19T10:15:00.150+0000] {virtualenv.py:178} INFO - Checking for running process with PID 2675
[2025-09-19T10:15:00.151+0000] {virtualenv.py:181} INFO - Process 2675 running: True and has the lock /opt/***/cosmos_venvs/ecom_intermediate/cosmos_virtualenv.lock.
[2025-09-19T10:15:00.152+0000] {virtualenv.py:122} INFO - Waiting for virtualenv lock to be released
[2025-09-19T10:15:01.153+0000] {virtualenv.py:178} INFO - Checking for running process with PID 2675
[2025-09-19T10:15:01.154+0000] {virtualenv.py:181} INFO - Process 2675 running: True and has the lock /opt/***/cosmos_venvs/ecom_intermediate/cosmos_virtualenv.lock.
[2025-09-19T10:15:01.155+0000] {virtualenv.py:122} INFO - Waiting for virtualenv lock to be released
[2025-09-19T10:15:02.155+0000] {virtualenv.py:178} INFO - Checking for running process with PID 2675
[2025-09-19T10:15:02.156+0000] {virtualenv.py:181} INFO - Process 2675 running: True and has the lock /opt/***/cosmos_venvs/ecom_intermediate/cosmos_virtualenv.lock.
[2025-09-19T10:15:02.156+0000] {virtualenv.py:122} INFO - Waiting for virtualenv lock to be released
[2025-09-19T10:15:03.158+0000] {virtualenv.py:178} INFO - Checking for running process with PID 2675
[2025-09-19T10:15:03.159+0000] {virtualenv.py:181} INFO - Process 2675 running: True and has the lock /opt/***/cosmos_venvs/ecom_intermediate/cosmos_virtualenv.lock.
[2025-09-19T10:15:03.159+0000] {virtualenv.py:122} INFO - Waiting for virtualenv lock to be released
[2025-09-19T10:15:04.160+0000] {virtualenv.py:178} INFO - Checking for running process with PID 2675
[2025-09-19T10:15:04.161+0000] {virtualenv.py:181} INFO - Process 2675 running: True and has the lock /opt/***/cosmos_venvs/ecom_intermediate/cosmos_virtualenv.lock.
[2025-09-19T10:15:04.161+0000] {virtualenv.py:122} INFO - Waiting for virtualenv lock to be released
[2025-09-19T10:15:05.163+0000] {virtualenv.py:178} INFO - Checking for running process with PID 2675
[2025-09-19T10:15:05.164+0000] {virtualenv.py:181} INFO - Process 2675 running: True and has the lock /opt/***/cosmos_venvs/ecom_intermediate/cosmos_virtualenv.lock.
[2025-09-19T10:15:05.165+0000] {virtualenv.py:122} INFO - Waiting for virtualenv lock to be released
[2025-09-19T10:15:06.166+0000] {virtualenv.py:178} INFO - Checking for running process with PID 2675
[2025-09-19T10:15:06.167+0000] {virtualenv.py:181} INFO - Process 2675 running: True and has the lock /opt/***/cosmos_venvs/ecom_intermediate/cosmos_virtualenv.lock.
[2025-09-19T10:15:06.168+0000] {virtualenv.py:122} INFO - Waiting for virtualenv lock to be released
[2025-09-19T10:15:07.170+0000] {virtualenv.py:178} INFO - Checking for running process with PID 2675
[2025-09-19T10:15:07.170+0000] {virtualenv.py:181} INFO - Process 2675 running: True and has the lock /opt/***/cosmos_venvs/ecom_intermediate/cosmos_virtualenv.lock.
[2025-09-19T10:15:07.171+0000] {virtualenv.py:122} INFO - Waiting for virtualenv lock to be released
[2025-09-19T10:15:08.172+0000] {virtualenv.py:178} INFO - Checking for running process with PID 2675
[2025-09-19T10:15:08.173+0000] {virtualenv.py:181} INFO - Process 2675 running: True and has the lock /opt/***/cosmos_venvs/ecom_intermediate/cosmos_virtualenv.lock.
[2025-09-19T10:15:08.174+0000] {virtualenv.py:122} INFO - Waiting for virtualenv lock to be released
[2025-09-19T10:15:09.175+0000] {virtualenv.py:178} INFO - Checking for running process with PID 2675
[2025-09-19T10:15:09.176+0000] {virtualenv.py:181} INFO - Process 2675 running: True and has the lock /opt/***/cosmos_venvs/ecom_intermediate/cosmos_virtualenv.lock.
[2025-09-19T10:15:09.176+0000] {virtualenv.py:122} INFO - Waiting for virtualenv lock to be released
[2025-09-19T10:15:10.178+0000] {virtualenv.py:178} INFO - Checking for running process with PID 2675
[2025-09-19T10:15:10.179+0000] {virtualenv.py:181} INFO - Process 2675 running: True and has the lock /opt/***/cosmos_venvs/ecom_intermediate/cosmos_virtualenv.lock.
[2025-09-19T10:15:10.180+0000] {virtualenv.py:122} INFO - Waiting for virtualenv lock to be released
[2025-09-19T10:15:11.181+0000] {virtualenv.py:178} INFO - Checking for running process with PID 2675
[2025-09-19T10:15:11.182+0000] {virtualenv.py:181} INFO - Process 2675 running: True and has the lock /opt/***/cosmos_venvs/ecom_intermediate/cosmos_virtualenv.lock.
[2025-09-19T10:15:11.183+0000] {virtualenv.py:122} INFO - Waiting for virtualenv lock to be released
[2025-09-19T10:15:12.185+0000] {virtualenv.py:178} INFO - Checking for running process with PID 2675
[2025-09-19T10:15:12.186+0000] {virtualenv.py:181} INFO - Process 2675 running: True and has the lock /opt/***/cosmos_venvs/ecom_intermediate/cosmos_virtualenv.lock.
[2025-09-19T10:15:12.186+0000] {virtualenv.py:122} INFO - Waiting for virtualenv lock to be released
[2025-09-19T10:15:13.188+0000] {virtualenv.py:178} INFO - Checking for running process with PID 2675
[2025-09-19T10:15:13.189+0000] {virtualenv.py:181} INFO - Process 2675 running: True and has the lock /opt/***/cosmos_venvs/ecom_intermediate/cosmos_virtualenv.lock.
[2025-09-19T10:15:13.190+0000] {virtualenv.py:122} INFO - Waiting for virtualenv lock to be released
[2025-09-19T10:15:14.192+0000] {virtualenv.py:178} INFO - Checking for running process with PID 2675
[2025-09-19T10:15:14.193+0000] {virtualenv.py:181} INFO - Process 2675 running: True and has the lock /opt/***/cosmos_venvs/ecom_intermediate/cosmos_virtualenv.lock.
[2025-09-19T10:15:14.193+0000] {virtualenv.py:122} INFO - Waiting for virtualenv lock to be released
[2025-09-19T10:15:15.196+0000] {virtualenv.py:178} INFO - Checking for running process with PID 2675
[2025-09-19T10:15:15.196+0000] {virtualenv.py:181} INFO - Process 2675 running: True and has the lock /opt/***/cosmos_venvs/ecom_intermediate/cosmos_virtualenv.lock.
[2025-09-19T10:15:15.197+0000] {virtualenv.py:122} INFO - Waiting for virtualenv lock to be released
[2025-09-19T10:15:16.198+0000] {virtualenv.py:178} INFO - Checking for running process with PID 2675
[2025-09-19T10:15:16.199+0000] {virtualenv.py:181} INFO - Process 2675 running: True and has the lock /opt/***/cosmos_venvs/ecom_intermediate/cosmos_virtualenv.lock.
[2025-09-19T10:15:16.199+0000] {virtualenv.py:122} INFO - Waiting for virtualenv lock to be released
[2025-09-19T10:15:17.201+0000] {virtualenv.py:178} INFO - Checking for running process with PID 2675
[2025-09-19T10:15:17.202+0000] {virtualenv.py:181} INFO - Process 2675 running: True and has the lock /opt/***/cosmos_venvs/ecom_intermediate/cosmos_virtualenv.lock.
[2025-09-19T10:15:17.202+0000] {virtualenv.py:122} INFO - Waiting for virtualenv lock to be released
[2025-09-19T10:15:18.203+0000] {virtualenv.py:178} INFO - Checking for running process with PID 2675
[2025-09-19T10:15:18.204+0000] {virtualenv.py:181} INFO - Process 2675 running: True and has the lock /opt/***/cosmos_venvs/ecom_intermediate/cosmos_virtualenv.lock.
[2025-09-19T10:15:18.205+0000] {virtualenv.py:122} INFO - Waiting for virtualenv lock to be released
[2025-09-19T10:15:19.207+0000] {virtualenv.py:178} INFO - Checking for running process with PID 2675
[2025-09-19T10:15:19.208+0000] {virtualenv.py:181} INFO - Process 2675 running: True and has the lock /opt/***/cosmos_venvs/ecom_intermediate/cosmos_virtualenv.lock.
[2025-09-19T10:15:19.208+0000] {virtualenv.py:122} INFO - Waiting for virtualenv lock to be released
[2025-09-19T10:15:20.210+0000] {virtualenv.py:178} INFO - Checking for running process with PID 2675
[2025-09-19T10:15:20.211+0000] {virtualenv.py:181} INFO - Process 2675 running: True and has the lock /opt/***/cosmos_venvs/ecom_intermediate/cosmos_virtualenv.lock.
[2025-09-19T10:15:20.211+0000] {virtualenv.py:122} INFO - Waiting for virtualenv lock to be released
[2025-09-19T10:15:21.213+0000] {virtualenv.py:178} INFO - Checking for running process with PID 2675
[2025-09-19T10:15:21.214+0000] {virtualenv.py:181} INFO - Process 2675 running: True and has the lock /opt/***/cosmos_venvs/ecom_intermediate/cosmos_virtualenv.lock.
[2025-09-19T10:15:21.215+0000] {virtualenv.py:122} INFO - Waiting for virtualenv lock to be released
[2025-09-19T10:15:22.216+0000] {virtualenv.py:178} INFO - Checking for running process with PID 2675
[2025-09-19T10:15:22.217+0000] {virtualenv.py:181} INFO - Process 2675 running: True and has the lock /opt/***/cosmos_venvs/ecom_intermediate/cosmos_virtualenv.lock.
[2025-09-19T10:15:22.218+0000] {virtualenv.py:122} INFO - Waiting for virtualenv lock to be released
[2025-09-19T10:15:23.220+0000] {virtualenv.py:178} INFO - Checking for running process with PID 2675
[2025-09-19T10:15:23.221+0000] {virtualenv.py:181} INFO - Process 2675 running: True and has the lock /opt/***/cosmos_venvs/ecom_intermediate/cosmos_virtualenv.lock.
[2025-09-19T10:15:23.222+0000] {virtualenv.py:122} INFO - Waiting for virtualenv lock to be released
[2025-09-19T10:15:24.224+0000] {virtualenv.py:178} INFO - Checking for running process with PID 2675
[2025-09-19T10:15:24.225+0000] {virtualenv.py:181} INFO - Process 2675 running: True and has the lock /opt/***/cosmos_venvs/ecom_intermediate/cosmos_virtualenv.lock.
[2025-09-19T10:15:24.226+0000] {virtualenv.py:122} INFO - Waiting for virtualenv lock to be released
[2025-09-19T10:15:25.228+0000] {virtualenv.py:178} INFO - Checking for running process with PID 2675
[2025-09-19T10:15:25.229+0000] {virtualenv.py:181} INFO - Process 2675 running: True and has the lock /opt/***/cosmos_venvs/ecom_intermediate/cosmos_virtualenv.lock.
[2025-09-19T10:15:25.229+0000] {virtualenv.py:122} INFO - Waiting for virtualenv lock to be released
[2025-09-19T10:15:26.231+0000] {virtualenv.py:178} INFO - Checking for running process with PID 2675
[2025-09-19T10:15:26.232+0000] {virtualenv.py:181} INFO - Process 2675 running: True and has the lock /opt/***/cosmos_venvs/ecom_intermediate/cosmos_virtualenv.lock.
[2025-09-19T10:15:26.232+0000] {virtualenv.py:122} INFO - Waiting for virtualenv lock to be released
[2025-09-19T10:15:27.234+0000] {virtualenv.py:178} INFO - Checking for running process with PID 2675
[2025-09-19T10:15:27.235+0000] {virtualenv.py:181} INFO - Process 2675 running: True and has the lock /opt/***/cosmos_venvs/ecom_intermediate/cosmos_virtualenv.lock.
[2025-09-19T10:15:27.236+0000] {virtualenv.py:122} INFO - Waiting for virtualenv lock to be released
[2025-09-19T10:15:28.238+0000] {virtualenv.py:178} INFO - Checking for running process with PID 2675
[2025-09-19T10:15:28.239+0000] {virtualenv.py:181} INFO - Process 2675 running: True and has the lock /opt/***/cosmos_venvs/ecom_intermediate/cosmos_virtualenv.lock.
[2025-09-19T10:15:28.240+0000] {virtualenv.py:122} INFO - Waiting for virtualenv lock to be released
[2025-09-19T10:15:29.242+0000] {virtualenv.py:178} INFO - Checking for running process with PID 2675
[2025-09-19T10:15:29.243+0000] {virtualenv.py:181} INFO - Process 2675 running: True and has the lock /opt/***/cosmos_venvs/ecom_intermediate/cosmos_virtualenv.lock.
[2025-09-19T10:15:29.243+0000] {virtualenv.py:122} INFO - Waiting for virtualenv lock to be released
[2025-09-19T10:15:30.245+0000] {virtualenv.py:178} INFO - Checking for running process with PID 2675
[2025-09-19T10:15:30.246+0000] {virtualenv.py:181} INFO - Process 2675 running: True and has the lock /opt/***/cosmos_venvs/ecom_intermediate/cosmos_virtualenv.lock.
[2025-09-19T10:15:30.247+0000] {virtualenv.py:122} INFO - Waiting for virtualenv lock to be released
[2025-09-19T10:15:31.249+0000] {virtualenv.py:178} INFO - Checking for running process with PID 2677
[2025-09-19T10:15:31.250+0000] {virtualenv.py:181} INFO - Process 2677 running: True and has the lock /opt/***/cosmos_venvs/ecom_intermediate/cosmos_virtualenv.lock.
[2025-09-19T10:15:31.250+0000] {virtualenv.py:122} INFO - Waiting for virtualenv lock to be released
[2025-09-19T10:15:32.252+0000] {virtualenv.py:178} INFO - Checking for running process with PID 2677
[2025-09-19T10:15:32.253+0000] {virtualenv.py:181} INFO - Process 2677 running: True and has the lock /opt/***/cosmos_venvs/ecom_intermediate/cosmos_virtualenv.lock.
[2025-09-19T10:15:32.254+0000] {virtualenv.py:122} INFO - Waiting for virtualenv lock to be released
[2025-09-19T10:15:33.256+0000] {virtualenv.py:178} INFO - Checking for running process with PID 2677
[2025-09-19T10:15:33.257+0000] {virtualenv.py:181} INFO - Process 2677 running: True and has the lock /opt/***/cosmos_venvs/ecom_intermediate/cosmos_virtualenv.lock.
[2025-09-19T10:15:33.258+0000] {virtualenv.py:122} INFO - Waiting for virtualenv lock to be released
[2025-09-19T10:15:34.258+0000] {virtualenv.py:178} INFO - Checking for running process with PID 2677
[2025-09-19T10:15:34.259+0000] {virtualenv.py:181} INFO - Process 2677 running: True and has the lock /opt/***/cosmos_venvs/ecom_intermediate/cosmos_virtualenv.lock.
[2025-09-19T10:15:34.259+0000] {virtualenv.py:122} INFO - Waiting for virtualenv lock to be released
[2025-09-19T10:15:35.260+0000] {virtualenv.py:178} INFO - Checking for running process with PID 2677
[2025-09-19T10:15:35.261+0000] {virtualenv.py:181} INFO - Process 2677 running: True and has the lock /opt/***/cosmos_venvs/ecom_intermediate/cosmos_virtualenv.lock.
[2025-09-19T10:15:35.262+0000] {virtualenv.py:122} INFO - Waiting for virtualenv lock to be released
[2025-09-19T10:15:36.264+0000] {virtualenv.py:178} INFO - Checking for running process with PID 2677
[2025-09-19T10:15:36.265+0000] {virtualenv.py:181} INFO - Process 2677 running: True and has the lock /opt/***/cosmos_venvs/ecom_intermediate/cosmos_virtualenv.lock.
[2025-09-19T10:15:36.265+0000] {virtualenv.py:122} INFO - Waiting for virtualenv lock to be released
[2025-09-19T10:15:37.266+0000] {virtualenv.py:178} INFO - Checking for running process with PID 2677
[2025-09-19T10:15:37.267+0000] {virtualenv.py:181} INFO - Process 2677 running: True and has the lock /opt/***/cosmos_venvs/ecom_intermediate/cosmos_virtualenv.lock.
[2025-09-19T10:15:37.268+0000] {virtualenv.py:122} INFO - Waiting for virtualenv lock to be released
[2025-09-19T10:15:38.270+0000] {virtualenv.py:178} INFO - Checking for running process with PID 2677
[2025-09-19T10:15:38.271+0000] {virtualenv.py:181} INFO - Process 2677 running: True and has the lock /opt/***/cosmos_venvs/ecom_intermediate/cosmos_virtualenv.lock.
[2025-09-19T10:15:38.271+0000] {virtualenv.py:122} INFO - Waiting for virtualenv lock to be released
[2025-09-19T10:15:39.272+0000] {virtualenv.py:178} INFO - Checking for running process with PID 2677
[2025-09-19T10:15:39.273+0000] {virtualenv.py:181} INFO - Process 2677 running: True and has the lock /opt/***/cosmos_venvs/ecom_intermediate/cosmos_virtualenv.lock.
[2025-09-19T10:15:39.273+0000] {virtualenv.py:122} INFO - Waiting for virtualenv lock to be released
[2025-09-19T10:15:40.275+0000] {virtualenv.py:178} INFO - Checking for running process with PID 2677
[2025-09-19T10:15:40.276+0000] {virtualenv.py:181} INFO - Process 2677 running: True and has the lock /opt/***/cosmos_venvs/ecom_intermediate/cosmos_virtualenv.lock.
[2025-09-19T10:15:40.277+0000] {virtualenv.py:122} INFO - Waiting for virtualenv lock to be released
[2025-09-19T10:15:41.279+0000] {virtualenv.py:178} INFO - Checking for running process with PID 2677
[2025-09-19T10:15:41.281+0000] {virtualenv.py:181} INFO - Process 2677 running: True and has the lock /opt/***/cosmos_venvs/ecom_intermediate/cosmos_virtualenv.lock.
[2025-09-19T10:15:41.281+0000] {virtualenv.py:122} INFO - Waiting for virtualenv lock to be released
[2025-09-19T10:15:42.283+0000] {virtualenv.py:178} INFO - Checking for running process with PID 2677
[2025-09-19T10:15:42.284+0000] {virtualenv.py:181} INFO - Process 2677 running: True and has the lock /opt/***/cosmos_venvs/ecom_intermediate/cosmos_virtualenv.lock.
[2025-09-19T10:15:42.284+0000] {virtualenv.py:122} INFO - Waiting for virtualenv lock to be released
[2025-09-19T10:15:43.286+0000] {virtualenv.py:178} INFO - Checking for running process with PID 2677
[2025-09-19T10:15:43.287+0000] {virtualenv.py:181} INFO - Process 2677 running: True and has the lock /opt/***/cosmos_venvs/ecom_intermediate/cosmos_virtualenv.lock.
[2025-09-19T10:15:43.287+0000] {virtualenv.py:122} INFO - Waiting for virtualenv lock to be released
[2025-09-19T10:15:44.288+0000] {virtualenv.py:178} INFO - Checking for running process with PID 2677
[2025-09-19T10:15:44.290+0000] {virtualenv.py:181} INFO - Process 2677 running: True and has the lock /opt/***/cosmos_venvs/ecom_intermediate/cosmos_virtualenv.lock.
[2025-09-19T10:15:44.290+0000] {virtualenv.py:122} INFO - Waiting for virtualenv lock to be released
[2025-09-19T10:15:45.292+0000] {virtualenv.py:178} INFO - Checking for running process with PID 2677
[2025-09-19T10:15:45.294+0000] {virtualenv.py:181} INFO - Process 2677 running: True and has the lock /opt/***/cosmos_venvs/ecom_intermediate/cosmos_virtualenv.lock.
[2025-09-19T10:15:45.294+0000] {virtualenv.py:122} INFO - Waiting for virtualenv lock to be released
[2025-09-19T10:15:46.296+0000] {virtualenv.py:178} INFO - Checking for running process with PID 2800
[2025-09-19T10:15:46.297+0000] {virtualenv.py:181} INFO - Process 2800 running: True and has the lock /opt/***/cosmos_venvs/ecom_intermediate/cosmos_virtualenv.lock.
[2025-09-19T10:15:46.297+0000] {virtualenv.py:122} INFO - Waiting for virtualenv lock to be released
[2025-09-19T10:15:47.299+0000] {virtualenv.py:178} INFO - Checking for running process with PID 2800
[2025-09-19T10:15:47.300+0000] {virtualenv.py:181} INFO - Process 2800 running: True and has the lock /opt/***/cosmos_venvs/ecom_intermediate/cosmos_virtualenv.lock.
[2025-09-19T10:15:47.300+0000] {virtualenv.py:122} INFO - Waiting for virtualenv lock to be released
[2025-09-19T10:15:48.302+0000] {virtualenv.py:178} INFO - Checking for running process with PID 2800
[2025-09-19T10:15:48.303+0000] {virtualenv.py:181} INFO - Process 2800 running: True and has the lock /opt/***/cosmos_venvs/ecom_intermediate/cosmos_virtualenv.lock.
[2025-09-19T10:15:48.303+0000] {virtualenv.py:122} INFO - Waiting for virtualenv lock to be released
[2025-09-19T10:15:49.305+0000] {virtualenv.py:178} INFO - Checking for running process with PID 2800
[2025-09-19T10:15:49.306+0000] {virtualenv.py:181} INFO - Process 2800 running: True and has the lock /opt/***/cosmos_venvs/ecom_intermediate/cosmos_virtualenv.lock.
[2025-09-19T10:15:49.306+0000] {virtualenv.py:122} INFO - Waiting for virtualenv lock to be released
[2025-09-19T10:15:50.308+0000] {virtualenv.py:178} INFO - Checking for running process with PID 2800
[2025-09-19T10:15:50.309+0000] {virtualenv.py:181} INFO - Process 2800 running: True and has the lock /opt/***/cosmos_venvs/ecom_intermediate/cosmos_virtualenv.lock.
[2025-09-19T10:15:50.310+0000] {virtualenv.py:122} INFO - Waiting for virtualenv lock to be released
[2025-09-19T10:15:51.312+0000] {virtualenv.py:178} INFO - Checking for running process with PID 2800
[2025-09-19T10:15:51.312+0000] {virtualenv.py:181} INFO - Process 2800 running: True and has the lock /opt/***/cosmos_venvs/ecom_intermediate/cosmos_virtualenv.lock.
[2025-09-19T10:15:51.313+0000] {virtualenv.py:122} INFO - Waiting for virtualenv lock to be released
[2025-09-19T10:15:52.315+0000] {virtualenv.py:178} INFO - Checking for running process with PID 2800
[2025-09-19T10:15:52.316+0000] {virtualenv.py:181} INFO - Process 2800 running: True and has the lock /opt/***/cosmos_venvs/ecom_intermediate/cosmos_virtualenv.lock.
[2025-09-19T10:15:52.317+0000] {virtualenv.py:122} INFO - Waiting for virtualenv lock to be released
[2025-09-19T10:15:53.318+0000] {virtualenv.py:178} INFO - Checking for running process with PID 2800
[2025-09-19T10:15:53.319+0000] {virtualenv.py:181} INFO - Process 2800 running: True and has the lock /opt/***/cosmos_venvs/ecom_intermediate/cosmos_virtualenv.lock.
[2025-09-19T10:15:53.320+0000] {virtualenv.py:122} INFO - Waiting for virtualenv lock to be released
[2025-09-19T10:15:54.321+0000] {virtualenv.py:178} INFO - Checking for running process with PID 2800
[2025-09-19T10:15:54.322+0000] {virtualenv.py:181} INFO - Process 2800 running: True and has the lock /opt/***/cosmos_venvs/ecom_intermediate/cosmos_virtualenv.lock.
[2025-09-19T10:15:54.323+0000] {virtualenv.py:122} INFO - Waiting for virtualenv lock to be released
[2025-09-19T10:15:55.325+0000] {virtualenv.py:178} INFO - Checking for running process with PID 2800
[2025-09-19T10:15:55.326+0000] {virtualenv.py:181} INFO - Process 2800 running: True and has the lock /opt/***/cosmos_venvs/ecom_intermediate/cosmos_virtualenv.lock.
[2025-09-19T10:15:55.327+0000] {virtualenv.py:122} INFO - Waiting for virtualenv lock to be released
[2025-09-19T10:15:56.329+0000] {virtualenv.py:178} INFO - Checking for running process with PID 2800
[2025-09-19T10:15:56.330+0000] {virtualenv.py:181} INFO - Process 2800 running: True and has the lock /opt/***/cosmos_venvs/ecom_intermediate/cosmos_virtualenv.lock.
[2025-09-19T10:15:56.331+0000] {virtualenv.py:122} INFO - Waiting for virtualenv lock to be released
[2025-09-19T10:15:57.333+0000] {virtualenv.py:178} INFO - Checking for running process with PID 2800
[2025-09-19T10:15:57.334+0000] {virtualenv.py:181} INFO - Process 2800 running: True and has the lock /opt/***/cosmos_venvs/ecom_intermediate/cosmos_virtualenv.lock.
[2025-09-19T10:15:57.334+0000] {virtualenv.py:122} INFO - Waiting for virtualenv lock to be released
[2025-09-19T10:15:58.335+0000] {virtualenv.py:178} INFO - Checking for running process with PID 2800
[2025-09-19T10:15:58.336+0000] {virtualenv.py:181} INFO - Process 2800 running: True and has the lock /opt/***/cosmos_venvs/ecom_intermediate/cosmos_virtualenv.lock.
[2025-09-19T10:15:58.337+0000] {virtualenv.py:122} INFO - Waiting for virtualenv lock to be released
[2025-09-19T10:15:59.338+0000] {virtualenv.py:178} INFO - Checking for running process with PID 2800
[2025-09-19T10:15:59.339+0000] {virtualenv.py:181} INFO - Process 2800 running: True and has the lock /opt/***/cosmos_venvs/ecom_intermediate/cosmos_virtualenv.lock.
[2025-09-19T10:15:59.339+0000] {virtualenv.py:122} INFO - Waiting for virtualenv lock to be released
[2025-09-19T10:16:00.341+0000] {virtualenv.py:178} INFO - Checking for running process with PID 2800
[2025-09-19T10:16:00.342+0000] {virtualenv.py:181} INFO - Process 2800 running: True and has the lock /opt/***/cosmos_venvs/ecom_intermediate/cosmos_virtualenv.lock.
[2025-09-19T10:16:00.342+0000] {virtualenv.py:122} INFO - Waiting for virtualenv lock to be released
[2025-09-19T10:16:01.344+0000] {virtualenv.py:178} INFO - Checking for running process with PID 2883
[2025-09-19T10:16:01.346+0000] {virtualenv.py:181} INFO - Process 2883 running: True and has the lock /opt/***/cosmos_venvs/ecom_intermediate/cosmos_virtualenv.lock.
[2025-09-19T10:16:01.346+0000] {virtualenv.py:122} INFO - Waiting for virtualenv lock to be released
[2025-09-19T10:16:02.348+0000] {virtualenv.py:178} INFO - Checking for running process with PID 2883
[2025-09-19T10:16:02.349+0000] {virtualenv.py:181} INFO - Process 2883 running: True and has the lock /opt/***/cosmos_venvs/ecom_intermediate/cosmos_virtualenv.lock.
[2025-09-19T10:16:02.350+0000] {virtualenv.py:122} INFO - Waiting for virtualenv lock to be released
[2025-09-19T10:16:03.351+0000] {virtualenv.py:178} INFO - Checking for running process with PID 2883
[2025-09-19T10:16:03.351+0000] {virtualenv.py:181} INFO - Process 2883 running: True and has the lock /opt/***/cosmos_venvs/ecom_intermediate/cosmos_virtualenv.lock.
[2025-09-19T10:16:03.352+0000] {virtualenv.py:122} INFO - Waiting for virtualenv lock to be released
[2025-09-19T10:16:04.352+0000] {virtualenv.py:178} INFO - Checking for running process with PID 2883
[2025-09-19T10:16:04.353+0000] {virtualenv.py:181} INFO - Process 2883 running: True and has the lock /opt/***/cosmos_venvs/ecom_intermediate/cosmos_virtualenv.lock.
[2025-09-19T10:16:04.353+0000] {virtualenv.py:122} INFO - Waiting for virtualenv lock to be released
[2025-09-19T10:16:05.354+0000] {virtualenv.py:178} INFO - Checking for running process with PID 2883
[2025-09-19T10:16:05.355+0000] {virtualenv.py:181} INFO - Process 2883 running: True and has the lock /opt/***/cosmos_venvs/ecom_intermediate/cosmos_virtualenv.lock.
[2025-09-19T10:16:05.356+0000] {virtualenv.py:122} INFO - Waiting for virtualenv lock to be released
[2025-09-19T10:16:06.358+0000] {virtualenv.py:178} INFO - Checking for running process with PID 2883
[2025-09-19T10:16:06.358+0000] {virtualenv.py:181} INFO - Process 2883 running: True and has the lock /opt/***/cosmos_venvs/ecom_intermediate/cosmos_virtualenv.lock.
[2025-09-19T10:16:06.359+0000] {virtualenv.py:122} INFO - Waiting for virtualenv lock to be released
[2025-09-19T10:16:07.361+0000] {virtualenv.py:178} INFO - Checking for running process with PID 2883
[2025-09-19T10:16:07.361+0000] {virtualenv.py:181} INFO - Process 2883 running: True and has the lock /opt/***/cosmos_venvs/ecom_intermediate/cosmos_virtualenv.lock.
[2025-09-19T10:16:07.362+0000] {virtualenv.py:122} INFO - Waiting for virtualenv lock to be released
[2025-09-19T10:16:08.363+0000] {virtualenv.py:178} INFO - Checking for running process with PID 2883
[2025-09-19T10:16:08.364+0000] {virtualenv.py:181} INFO - Process 2883 running: True and has the lock /opt/***/cosmos_venvs/ecom_intermediate/cosmos_virtualenv.lock.
[2025-09-19T10:16:08.364+0000] {virtualenv.py:122} INFO - Waiting for virtualenv lock to be released
[2025-09-19T10:16:09.366+0000] {virtualenv.py:178} INFO - Checking for running process with PID 2883
[2025-09-19T10:16:09.367+0000] {virtualenv.py:181} INFO - Process 2883 running: True and has the lock /opt/***/cosmos_venvs/ecom_intermediate/cosmos_virtualenv.lock.
[2025-09-19T10:16:09.367+0000] {virtualenv.py:122} INFO - Waiting for virtualenv lock to be released
[2025-09-19T10:16:10.369+0000] {virtualenv.py:178} INFO - Checking for running process with PID 2883
[2025-09-19T10:16:10.370+0000] {virtualenv.py:181} INFO - Process 2883 running: True and has the lock /opt/***/cosmos_venvs/ecom_intermediate/cosmos_virtualenv.lock.
[2025-09-19T10:16:10.370+0000] {virtualenv.py:122} INFO - Waiting for virtualenv lock to be released
[2025-09-19T10:16:11.371+0000] {virtualenv.py:178} INFO - Checking for running process with PID 2883
[2025-09-19T10:16:11.372+0000] {virtualenv.py:181} INFO - Process 2883 running: True and has the lock /opt/***/cosmos_venvs/ecom_intermediate/cosmos_virtualenv.lock.
[2025-09-19T10:16:11.372+0000] {virtualenv.py:122} INFO - Waiting for virtualenv lock to be released
[2025-09-19T10:16:12.373+0000] {virtualenv.py:178} INFO - Checking for running process with PID 2883
[2025-09-19T10:16:12.374+0000] {virtualenv.py:181} INFO - Process 2883 running: True and has the lock /opt/***/cosmos_venvs/ecom_intermediate/cosmos_virtualenv.lock.
[2025-09-19T10:16:12.375+0000] {virtualenv.py:122} INFO - Waiting for virtualenv lock to be released
[2025-09-19T10:16:13.376+0000] {virtualenv.py:178} INFO - Checking for running process with PID 2883
[2025-09-19T10:16:13.376+0000] {virtualenv.py:181} INFO - Process 2883 running: True and has the lock /opt/***/cosmos_venvs/ecom_intermediate/cosmos_virtualenv.lock.
[2025-09-19T10:16:13.377+0000] {virtualenv.py:122} INFO - Waiting for virtualenv lock to be released
[2025-09-19T10:16:14.379+0000] {virtualenv.py:178} INFO - Checking for running process with PID 2883
[2025-09-19T10:16:14.379+0000] {virtualenv.py:181} INFO - Process 2883 running: True and has the lock /opt/***/cosmos_venvs/ecom_intermediate/cosmos_virtualenv.lock.
[2025-09-19T10:16:14.380+0000] {virtualenv.py:122} INFO - Waiting for virtualenv lock to be released
[2025-09-19T10:16:15.382+0000] {virtualenv.py:178} INFO - Checking for running process with PID 2801
[2025-09-19T10:16:15.383+0000] {virtualenv.py:181} INFO - Process 2801 running: True and has the lock /opt/***/cosmos_venvs/ecom_intermediate/cosmos_virtualenv.lock.
[2025-09-19T10:16:15.383+0000] {virtualenv.py:122} INFO - Waiting for virtualenv lock to be released
[2025-09-19T10:16:16.385+0000] {virtualenv.py:178} INFO - Checking for running process with PID 2801
[2025-09-19T10:16:16.386+0000] {virtualenv.py:181} INFO - Process 2801 running: True and has the lock /opt/***/cosmos_venvs/ecom_intermediate/cosmos_virtualenv.lock.
[2025-09-19T10:16:16.387+0000] {virtualenv.py:122} INFO - Waiting for virtualenv lock to be released
[2025-09-19T10:16:17.389+0000] {virtualenv.py:178} INFO - Checking for running process with PID 2801
[2025-09-19T10:16:17.390+0000] {virtualenv.py:181} INFO - Process 2801 running: True and has the lock /opt/***/cosmos_venvs/ecom_intermediate/cosmos_virtualenv.lock.
[2025-09-19T10:16:17.390+0000] {virtualenv.py:122} INFO - Waiting for virtualenv lock to be released
[2025-09-19T10:16:18.391+0000] {virtualenv.py:178} INFO - Checking for running process with PID 2801
[2025-09-19T10:16:18.392+0000] {virtualenv.py:181} INFO - Process 2801 running: True and has the lock /opt/***/cosmos_venvs/ecom_intermediate/cosmos_virtualenv.lock.
[2025-09-19T10:16:18.393+0000] {virtualenv.py:122} INFO - Waiting for virtualenv lock to be released
[2025-09-19T10:16:19.394+0000] {virtualenv.py:178} INFO - Checking for running process with PID 2801
[2025-09-19T10:16:19.394+0000] {virtualenv.py:181} INFO - Process 2801 running: True and has the lock /opt/***/cosmos_venvs/ecom_intermediate/cosmos_virtualenv.lock.
[2025-09-19T10:16:19.395+0000] {virtualenv.py:122} INFO - Waiting for virtualenv lock to be released
[2025-09-19T10:16:20.397+0000] {virtualenv.py:178} INFO - Checking for running process with PID 2801
[2025-09-19T10:16:20.398+0000] {virtualenv.py:181} INFO - Process 2801 running: True and has the lock /opt/***/cosmos_venvs/ecom_intermediate/cosmos_virtualenv.lock.
[2025-09-19T10:16:20.398+0000] {virtualenv.py:122} INFO - Waiting for virtualenv lock to be released
[2025-09-19T10:16:21.399+0000] {virtualenv.py:178} INFO - Checking for running process with PID 2801
[2025-09-19T10:16:21.400+0000] {virtualenv.py:181} INFO - Process 2801 running: True and has the lock /opt/***/cosmos_venvs/ecom_intermediate/cosmos_virtualenv.lock.
[2025-09-19T10:16:21.401+0000] {virtualenv.py:122} INFO - Waiting for virtualenv lock to be released
[2025-09-19T10:16:22.402+0000] {virtualenv.py:178} INFO - Checking for running process with PID 2801
[2025-09-19T10:16:22.403+0000] {virtualenv.py:181} INFO - Process 2801 running: True and has the lock /opt/***/cosmos_venvs/ecom_intermediate/cosmos_virtualenv.lock.
[2025-09-19T10:16:22.403+0000] {virtualenv.py:122} INFO - Waiting for virtualenv lock to be released
[2025-09-19T10:16:23.406+0000] {virtualenv.py:178} INFO - Checking for running process with PID 2801
[2025-09-19T10:16:23.407+0000] {virtualenv.py:181} INFO - Process 2801 running: True and has the lock /opt/***/cosmos_venvs/ecom_intermediate/cosmos_virtualenv.lock.
[2025-09-19T10:16:23.407+0000] {virtualenv.py:122} INFO - Waiting for virtualenv lock to be released
[2025-09-19T10:16:24.409+0000] {virtualenv.py:178} INFO - Checking for running process with PID 2801
[2025-09-19T10:16:24.410+0000] {virtualenv.py:181} INFO - Process 2801 running: True and has the lock /opt/***/cosmos_venvs/ecom_intermediate/cosmos_virtualenv.lock.
[2025-09-19T10:16:24.411+0000] {virtualenv.py:122} INFO - Waiting for virtualenv lock to be released
[2025-09-19T10:16:25.412+0000] {virtualenv.py:178} INFO - Checking for running process with PID 2801
[2025-09-19T10:16:25.413+0000] {virtualenv.py:181} INFO - Process 2801 running: True and has the lock /opt/***/cosmos_venvs/ecom_intermediate/cosmos_virtualenv.lock.
[2025-09-19T10:16:25.414+0000] {virtualenv.py:122} INFO - Waiting for virtualenv lock to be released
[2025-09-19T10:16:26.415+0000] {virtualenv.py:178} INFO - Checking for running process with PID 2801
[2025-09-19T10:16:26.417+0000] {virtualenv.py:181} INFO - Process 2801 running: True and has the lock /opt/***/cosmos_venvs/ecom_intermediate/cosmos_virtualenv.lock.
[2025-09-19T10:16:26.417+0000] {virtualenv.py:122} INFO - Waiting for virtualenv lock to be released
[2025-09-19T10:16:27.419+0000] {virtualenv.py:178} INFO - Checking for running process with PID 2801
[2025-09-19T10:16:27.420+0000] {virtualenv.py:181} INFO - Process 2801 running: True and has the lock /opt/***/cosmos_venvs/ecom_intermediate/cosmos_virtualenv.lock.
[2025-09-19T10:16:27.420+0000] {virtualenv.py:122} INFO - Waiting for virtualenv lock to be released
[2025-09-19T10:16:28.422+0000] {virtualenv.py:178} INFO - Checking for running process with PID 2801
[2025-09-19T10:16:28.423+0000] {virtualenv.py:181} INFO - Process 2801 running: True and has the lock /opt/***/cosmos_venvs/ecom_intermediate/cosmos_virtualenv.lock.
[2025-09-19T10:16:28.424+0000] {virtualenv.py:122} INFO - Waiting for virtualenv lock to be released
[2025-09-19T10:16:29.426+0000] {virtualenv.py:178} INFO - Checking for running process with PID 2678
[2025-09-19T10:16:29.428+0000] {virtualenv.py:181} INFO - Process 2678 running: True and has the lock /opt/***/cosmos_venvs/ecom_intermediate/cosmos_virtualenv.lock.
[2025-09-19T10:16:29.429+0000] {virtualenv.py:122} INFO - Waiting for virtualenv lock to be released
[2025-09-19T10:16:30.431+0000] {virtualenv.py:178} INFO - Checking for running process with PID 2678
[2025-09-19T10:16:30.432+0000] {virtualenv.py:181} INFO - Process 2678 running: True and has the lock /opt/***/cosmos_venvs/ecom_intermediate/cosmos_virtualenv.lock.
[2025-09-19T10:16:30.433+0000] {virtualenv.py:122} INFO - Waiting for virtualenv lock to be released
[2025-09-19T10:16:31.435+0000] {virtualenv.py:178} INFO - Checking for running process with PID 2678
[2025-09-19T10:16:31.436+0000] {virtualenv.py:181} INFO - Process 2678 running: True and has the lock /opt/***/cosmos_venvs/ecom_intermediate/cosmos_virtualenv.lock.
[2025-09-19T10:16:31.437+0000] {virtualenv.py:122} INFO - Waiting for virtualenv lock to be released
[2025-09-19T10:16:32.439+0000] {virtualenv.py:178} INFO - Checking for running process with PID 2678
[2025-09-19T10:16:32.440+0000] {virtualenv.py:181} INFO - Process 2678 running: True and has the lock /opt/***/cosmos_venvs/ecom_intermediate/cosmos_virtualenv.lock.
[2025-09-19T10:16:32.440+0000] {virtualenv.py:122} INFO - Waiting for virtualenv lock to be released
[2025-09-19T10:16:33.442+0000] {virtualenv.py:178} INFO - Checking for running process with PID 2678
[2025-09-19T10:16:33.443+0000] {virtualenv.py:181} INFO - Process 2678 running: True and has the lock /opt/***/cosmos_venvs/ecom_intermediate/cosmos_virtualenv.lock.
[2025-09-19T10:16:33.444+0000] {virtualenv.py:122} INFO - Waiting for virtualenv lock to be released
[2025-09-19T10:16:34.444+0000] {virtualenv.py:178} INFO - Checking for running process with PID 2678
[2025-09-19T10:16:34.444+0000] {virtualenv.py:181} INFO - Process 2678 running: True and has the lock /opt/***/cosmos_venvs/ecom_intermediate/cosmos_virtualenv.lock.
[2025-09-19T10:16:34.445+0000] {virtualenv.py:122} INFO - Waiting for virtualenv lock to be released
[2025-09-19T10:16:35.447+0000] {virtualenv.py:178} INFO - Checking for running process with PID 2678
[2025-09-19T10:16:35.448+0000] {virtualenv.py:181} INFO - Process 2678 running: True and has the lock /opt/***/cosmos_venvs/ecom_intermediate/cosmos_virtualenv.lock.
[2025-09-19T10:16:35.449+0000] {virtualenv.py:122} INFO - Waiting for virtualenv lock to be released
[2025-09-19T10:16:36.450+0000] {virtualenv.py:178} INFO - Checking for running process with PID 2678
[2025-09-19T10:16:36.451+0000] {virtualenv.py:181} INFO - Process 2678 running: True and has the lock /opt/***/cosmos_venvs/ecom_intermediate/cosmos_virtualenv.lock.
[2025-09-19T10:16:36.451+0000] {virtualenv.py:122} INFO - Waiting for virtualenv lock to be released
[2025-09-19T10:16:37.453+0000] {virtualenv.py:178} INFO - Checking for running process with PID 2678
[2025-09-19T10:16:37.453+0000] {virtualenv.py:181} INFO - Process 2678 running: True and has the lock /opt/***/cosmos_venvs/ecom_intermediate/cosmos_virtualenv.lock.
[2025-09-19T10:16:37.454+0000] {virtualenv.py:122} INFO - Waiting for virtualenv lock to be released
[2025-09-19T10:16:38.456+0000] {virtualenv.py:178} INFO - Checking for running process with PID 2678
[2025-09-19T10:16:38.457+0000] {virtualenv.py:181} INFO - Process 2678 running: True and has the lock /opt/***/cosmos_venvs/ecom_intermediate/cosmos_virtualenv.lock.
[2025-09-19T10:16:38.458+0000] {virtualenv.py:122} INFO - Waiting for virtualenv lock to be released
[2025-09-19T10:16:39.460+0000] {virtualenv.py:178} INFO - Checking for running process with PID 2678
[2025-09-19T10:16:39.460+0000] {virtualenv.py:181} INFO - Process 2678 running: True and has the lock /opt/***/cosmos_venvs/ecom_intermediate/cosmos_virtualenv.lock.
[2025-09-19T10:16:39.461+0000] {virtualenv.py:122} INFO - Waiting for virtualenv lock to be released
[2025-09-19T10:16:40.463+0000] {virtualenv.py:178} INFO - Checking for running process with PID 2678
[2025-09-19T10:16:40.463+0000] {virtualenv.py:181} INFO - Process 2678 running: True and has the lock /opt/***/cosmos_venvs/ecom_intermediate/cosmos_virtualenv.lock.
[2025-09-19T10:16:40.464+0000] {virtualenv.py:122} INFO - Waiting for virtualenv lock to be released
[2025-09-19T10:16:41.465+0000] {virtualenv.py:178} INFO - Checking for running process with PID 2678
[2025-09-19T10:16:41.466+0000] {virtualenv.py:181} INFO - Process 2678 running: True and has the lock /opt/***/cosmos_venvs/ecom_intermediate/cosmos_virtualenv.lock.
[2025-09-19T10:16:41.467+0000] {virtualenv.py:122} INFO - Waiting for virtualenv lock to be released
[2025-09-19T10:16:42.469+0000] {virtualenv.py:178} INFO - Checking for running process with PID 2678
[2025-09-19T10:16:42.470+0000] {virtualenv.py:181} INFO - Process 2678 running: True and has the lock /opt/***/cosmos_venvs/ecom_intermediate/cosmos_virtualenv.lock.
[2025-09-19T10:16:42.470+0000] {virtualenv.py:122} INFO - Waiting for virtualenv lock to be released
[2025-09-19T10:16:43.472+0000] {virtualenv.py:178} INFO - Checking for running process with PID 2678
[2025-09-19T10:16:43.473+0000] {virtualenv.py:181} INFO - Process 2678 running: True and has the lock /opt/***/cosmos_venvs/ecom_intermediate/cosmos_virtualenv.lock.
[2025-09-19T10:16:43.473+0000] {virtualenv.py:122} INFO - Waiting for virtualenv lock to be released
[2025-09-19T10:16:44.475+0000] {virtualenv.py:178} INFO - Checking for running process with PID 2678
[2025-09-19T10:16:44.476+0000] {virtualenv.py:181} INFO - Process 2678 running: True and has the lock /opt/***/cosmos_venvs/ecom_intermediate/cosmos_virtualenv.lock.
[2025-09-19T10:16:44.476+0000] {virtualenv.py:122} INFO - Waiting for virtualenv lock to be released
[2025-09-19T10:16:45.477+0000] {virtualenv.py:178} INFO - Checking for running process with PID 2922
[2025-09-19T10:16:45.478+0000] {virtualenv.py:181} INFO - Process 2922 running: True and has the lock /opt/***/cosmos_venvs/ecom_intermediate/cosmos_virtualenv.lock.
[2025-09-19T10:16:45.479+0000] {virtualenv.py:122} INFO - Waiting for virtualenv lock to be released
[2025-09-19T10:16:46.480+0000] {virtualenv.py:178} INFO - Checking for running process with PID 2922
[2025-09-19T10:16:46.481+0000] {virtualenv.py:181} INFO - Process 2922 running: True and has the lock /opt/***/cosmos_venvs/ecom_intermediate/cosmos_virtualenv.lock.
[2025-09-19T10:16:46.481+0000] {virtualenv.py:122} INFO - Waiting for virtualenv lock to be released
[2025-09-19T10:16:47.483+0000] {virtualenv.py:178} INFO - Checking for running process with PID 2922
[2025-09-19T10:16:47.484+0000] {virtualenv.py:181} INFO - Process 2922 running: True and has the lock /opt/***/cosmos_venvs/ecom_intermediate/cosmos_virtualenv.lock.
[2025-09-19T10:16:47.485+0000] {virtualenv.py:122} INFO - Waiting for virtualenv lock to be released
[2025-09-19T10:16:48.486+0000] {virtualenv.py:178} INFO - Checking for running process with PID 2922
[2025-09-19T10:16:48.488+0000] {virtualenv.py:181} INFO - Process 2922 running: True and has the lock /opt/***/cosmos_venvs/ecom_intermediate/cosmos_virtualenv.lock.
[2025-09-19T10:16:48.488+0000] {virtualenv.py:122} INFO - Waiting for virtualenv lock to be released
[2025-09-19T10:16:49.489+0000] {virtualenv.py:178} INFO - Checking for running process with PID 2922
[2025-09-19T10:16:49.490+0000] {virtualenv.py:181} INFO - Process 2922 running: True and has the lock /opt/***/cosmos_venvs/ecom_intermediate/cosmos_virtualenv.lock.
[2025-09-19T10:16:49.491+0000] {virtualenv.py:122} INFO - Waiting for virtualenv lock to be released
[2025-09-19T10:16:50.493+0000] {virtualenv.py:178} INFO - Checking for running process with PID 2922
[2025-09-19T10:16:50.493+0000] {virtualenv.py:181} INFO - Process 2922 running: True and has the lock /opt/***/cosmos_venvs/ecom_intermediate/cosmos_virtualenv.lock.
[2025-09-19T10:16:50.494+0000] {virtualenv.py:122} INFO - Waiting for virtualenv lock to be released
[2025-09-19T10:16:51.496+0000] {virtualenv.py:178} INFO - Checking for running process with PID 2922
[2025-09-19T10:16:51.497+0000] {virtualenv.py:181} INFO - Process 2922 running: True and has the lock /opt/***/cosmos_venvs/ecom_intermediate/cosmos_virtualenv.lock.
[2025-09-19T10:16:51.498+0000] {virtualenv.py:122} INFO - Waiting for virtualenv lock to be released
[2025-09-19T10:16:52.499+0000] {virtualenv.py:178} INFO - Checking for running process with PID 2922
[2025-09-19T10:16:52.499+0000] {virtualenv.py:181} INFO - Process 2922 running: True and has the lock /opt/***/cosmos_venvs/ecom_intermediate/cosmos_virtualenv.lock.
[2025-09-19T10:16:52.500+0000] {virtualenv.py:122} INFO - Waiting for virtualenv lock to be released
[2025-09-19T10:16:53.502+0000] {virtualenv.py:178} INFO - Checking for running process with PID 2922
[2025-09-19T10:16:53.504+0000] {virtualenv.py:181} INFO - Process 2922 running: True and has the lock /opt/***/cosmos_venvs/ecom_intermediate/cosmos_virtualenv.lock.
[2025-09-19T10:16:53.506+0000] {virtualenv.py:122} INFO - Waiting for virtualenv lock to be released
[2025-09-19T10:16:54.508+0000] {virtualenv.py:178} INFO - Checking for running process with PID 2922
[2025-09-19T10:16:54.508+0000] {virtualenv.py:181} INFO - Process 2922 running: True and has the lock /opt/***/cosmos_venvs/ecom_intermediate/cosmos_virtualenv.lock.
[2025-09-19T10:16:54.509+0000] {virtualenv.py:122} INFO - Waiting for virtualenv lock to be released
[2025-09-19T10:16:55.511+0000] {virtualenv.py:178} INFO - Checking for running process with PID 2922
[2025-09-19T10:16:55.512+0000] {virtualenv.py:181} INFO - Process 2922 running: True and has the lock /opt/***/cosmos_venvs/ecom_intermediate/cosmos_virtualenv.lock.
[2025-09-19T10:16:55.513+0000] {virtualenv.py:122} INFO - Waiting for virtualenv lock to be released
[2025-09-19T10:16:56.514+0000] {virtualenv.py:178} INFO - Checking for running process with PID 2922
[2025-09-19T10:16:56.515+0000] {virtualenv.py:181} INFO - Process 2922 running: True and has the lock /opt/***/cosmos_venvs/ecom_intermediate/cosmos_virtualenv.lock.
[2025-09-19T10:16:56.516+0000] {virtualenv.py:122} INFO - Waiting for virtualenv lock to be released
[2025-09-19T10:16:57.518+0000] {virtualenv.py:178} INFO - Checking for running process with PID 2922
[2025-09-19T10:16:57.519+0000] {virtualenv.py:181} INFO - Process 2922 running: True and has the lock /opt/***/cosmos_venvs/ecom_intermediate/cosmos_virtualenv.lock.
[2025-09-19T10:16:57.519+0000] {virtualenv.py:122} INFO - Waiting for virtualenv lock to be released
[2025-09-19T10:16:58.521+0000] {virtualenv.py:178} INFO - Checking for running process with PID 2922
[2025-09-19T10:16:58.522+0000] {virtualenv.py:181} INFO - Process 2922 running: True and has the lock /opt/***/cosmos_venvs/ecom_intermediate/cosmos_virtualenv.lock.
[2025-09-19T10:16:58.522+0000] {virtualenv.py:122} INFO - Waiting for virtualenv lock to be released
[2025-09-19T10:16:59.524+0000] {virtualenv.py:178} INFO - Checking for running process with PID 2922
[2025-09-19T10:16:59.525+0000] {virtualenv.py:181} INFO - Process 2922 running: True and has the lock /opt/***/cosmos_venvs/ecom_intermediate/cosmos_virtualenv.lock.
[2025-09-19T10:16:59.526+0000] {virtualenv.py:122} INFO - Waiting for virtualenv lock to be released
[2025-09-19T10:17:00.527+0000] {virtualenv.py:178} INFO - Checking for running process with PID 3070
[2025-09-19T10:17:00.528+0000] {virtualenv.py:181} INFO - Process 3070 running: True and has the lock /opt/***/cosmos_venvs/ecom_intermediate/cosmos_virtualenv.lock.
[2025-09-19T10:17:00.529+0000] {virtualenv.py:126} INFO - Acquiring the virtualenv lock
[2025-09-19T10:17:00.529+0000] {virtualenv.py:195} INFO - Acquiring lock at /opt/***/cosmos_venvs/ecom_intermediate/cosmos_virtualenv.lock with pid 2681
[2025-09-19T10:17:00.530+0000] {virtualenv.py:153} INFO - Creating or updating the virtualenv at `/opt/***/cosmos_venvs/ecom_intermediate
[2025-09-19T10:17:00.531+0000] {process_utils.py:183} INFO - Executing cmd: /home/***/.local/bin/python -m virtualenv /opt/***/cosmos_venvs/ecom_intermediate --python=python3
[2025-09-19T10:17:00.532+0000] {process_utils.py:187} INFO - Output:
[2025-09-19T10:17:02.954+0000] {process_utils.py:191} INFO - created virtual environment CPython3.10.14.final.0-64 in 1051ms
[2025-09-19T10:17:02.955+0000] {process_utils.py:191} INFO -   creator CPython3Posix(dest=/opt/***/cosmos_venvs/ecom_intermediate, clear=False, no_vcs_ignore=False, global=False)
[2025-09-19T10:17:02.956+0000] {process_utils.py:191} INFO -   seeder FromAppData(download=False, pip=bundle, setuptools=bundle, wheel=bundle, via=copy, app_data_dir=/home/***/.local/share/virtualenv)
[2025-09-19T10:17:02.959+0000] {process_utils.py:191} INFO -     added seed packages: MarkupSafe==3.0.2, PyYAML==6.0.2, agate==1.9.1, annotated_types==0.7.0, attrs==25.3.0, babel==2.17.0, certifi==2025.8.3, charset_normalizer==3.4.3, click==8.3.0, clickhouse_connect==0.9.1, clickhouse_driver==0.2.9, colorama==0.4.6, daff==1.4.2, dbt_adapters==1.16.7, dbt_clickhouse==1.9.3, dbt_common==1.31.0, dbt_core==1.10.11, dbt_extractor==0.6.0, dbt_protos==1.0.375, dbt_semantic_interfaces==0.9.0, deepdiff==8.6.1, idna==3.10, importlib_metadata==8.7.0, isodate==0.6.1, jinja2==3.1.6, jsonschema==4.25.1, jsonschema_specifications==2025.9.1, leather==0.4.0, lz4==4.4.4, mashumaro==3.14, more_itertools==10.8.0, msgpack==1.1.1, networkx==3.4.2, orderly_set==5.5.0, packaging==25.0, parsedatetime==2.6, pathspec==0.12.1, pip==25.2, protobuf==6.32.1, pydantic==2.11.9, pydantic_core==2.33.2, python_dateutil==2.9.0.post0, python_slugify==8.0.4, pytimeparse==1.1.8, pytz==2025.2, referencing==0.36.2, requests==2.32.5, rpds_py==0.27.1, setuptools==80.9.0, six==1.17.0, snowplow_tracker==1.1.0, sqlparse==0.5.3, text_unidecode==1.3, typing_extensions==4.15.0, typing_inspection==0.4.1, tzlocal==5.3.1, urllib3==2.5.0, wheel==0.45.1, zipp==3.23.0, zstandard==0.25.0
[2025-09-19T10:17:02.960+0000] {process_utils.py:191} INFO -   activators BashActivator,CShellActivator,FishActivator,NushellActivator,PowerShellActivator,PythonActivator
[2025-09-19T10:17:03.067+0000] {process_utils.py:183} INFO - Executing cmd: /opt/***/cosmos_venvs/ecom_intermediate/bin/pip install dbt-clickhouse
[2025-09-19T10:17:03.068+0000] {process_utils.py:187} INFO - Output:
[2025-09-19T10:17:04.656+0000] {process_utils.py:191} INFO - Requirement already satisfied: dbt-clickhouse in ./cosmos_venvs/ecom_intermediate/lib/python3.10/site-packages (1.9.3)
[2025-09-19T10:17:04.658+0000] {process_utils.py:191} INFO - Requirement already satisfied: dbt-core>=1.9 in ./cosmos_venvs/ecom_intermediate/lib/python3.10/site-packages (from dbt-clickhouse) (1.10.11)
[2025-09-19T10:17:04.658+0000] {process_utils.py:191} INFO - Requirement already satisfied: clickhouse-connect>=0.6.22 in ./cosmos_venvs/ecom_intermediate/lib/python3.10/site-packages (from dbt-clickhouse) (0.9.1)
[2025-09-19T10:17:04.659+0000] {process_utils.py:191} INFO - Requirement already satisfied: clickhouse-driver>=0.2.6 in ./cosmos_venvs/ecom_intermediate/lib/python3.10/site-packages (from dbt-clickhouse) (0.2.9)
[2025-09-19T10:17:04.659+0000] {process_utils.py:191} INFO - Requirement already satisfied: setuptools>=0.69 in ./cosmos_venvs/ecom_intermediate/lib/python3.10/site-packages (from dbt-clickhouse) (80.9.0)
[2025-09-19T10:17:04.662+0000] {process_utils.py:191} INFO - Requirement already satisfied: certifi in ./cosmos_venvs/ecom_intermediate/lib/python3.10/site-packages (from clickhouse-connect>=0.6.22->dbt-clickhouse) (2025.8.3)
[2025-09-19T10:17:04.663+0000] {process_utils.py:191} INFO - Requirement already satisfied: urllib3>=1.26 in ./cosmos_venvs/ecom_intermediate/lib/python3.10/site-packages (from clickhouse-connect>=0.6.22->dbt-clickhouse) (2.5.0)
[2025-09-19T10:17:04.663+0000] {process_utils.py:191} INFO - Requirement already satisfied: pytz in ./cosmos_venvs/ecom_intermediate/lib/python3.10/site-packages (from clickhouse-connect>=0.6.22->dbt-clickhouse) (2025.2)
[2025-09-19T10:17:04.664+0000] {process_utils.py:191} INFO - Requirement already satisfied: zstandard in ./cosmos_venvs/ecom_intermediate/lib/python3.10/site-packages (from clickhouse-connect>=0.6.22->dbt-clickhouse) (0.25.0)
[2025-09-19T10:17:04.664+0000] {process_utils.py:191} INFO - Requirement already satisfied: lz4 in ./cosmos_venvs/ecom_intermediate/lib/python3.10/site-packages (from clickhouse-connect>=0.6.22->dbt-clickhouse) (4.4.4)
[2025-09-19T10:17:04.668+0000] {process_utils.py:191} INFO - Requirement already satisfied: tzlocal in ./cosmos_venvs/ecom_intermediate/lib/python3.10/site-packages (from clickhouse-driver>=0.2.6->dbt-clickhouse) (5.3.1)
[2025-09-19T10:17:04.672+0000] {process_utils.py:191} INFO - Requirement already satisfied: agate<1.10,>=1.7.0 in ./cosmos_venvs/ecom_intermediate/lib/python3.10/site-packages (from dbt-core>=1.9->dbt-clickhouse) (1.9.1)
[2025-09-19T10:17:04.674+0000] {process_utils.py:191} INFO - Requirement already satisfied: Jinja2<4,>=3.1.3 in ./cosmos_venvs/ecom_intermediate/lib/python3.10/site-packages (from dbt-core>=1.9->dbt-clickhouse) (3.1.6)
[2025-09-19T10:17:04.675+0000] {process_utils.py:191} INFO - Requirement already satisfied: mashumaro<3.15,>=3.9 in ./cosmos_venvs/ecom_intermediate/lib/python3.10/site-packages (from mashumaro[msgpack]<3.15,>=3.9->dbt-core>=1.9->dbt-clickhouse) (3.14)
[2025-09-19T10:17:04.676+0000] {process_utils.py:191} INFO - Requirement already satisfied: click<9.0,>=8.0.2 in ./cosmos_venvs/ecom_intermediate/lib/python3.10/site-packages (from dbt-core>=1.9->dbt-clickhouse) (8.3.0)
[2025-09-19T10:17:04.676+0000] {process_utils.py:191} INFO - Requirement already satisfied: jsonschema<5.0,>=4.19.1 in ./cosmos_venvs/ecom_intermediate/lib/python3.10/site-packages (from dbt-core>=1.9->dbt-clickhouse) (4.25.1)
[2025-09-19T10:17:04.677+0000] {process_utils.py:191} INFO - Requirement already satisfied: networkx<4.0,>=2.3 in ./cosmos_venvs/ecom_intermediate/lib/python3.10/site-packages (from dbt-core>=1.9->dbt-clickhouse) (3.4.2)
[2025-09-19T10:17:04.678+0000] {process_utils.py:191} INFO - Requirement already satisfied: protobuf<7.0,>=6.0 in ./cosmos_venvs/ecom_intermediate/lib/python3.10/site-packages (from dbt-core>=1.9->dbt-clickhouse) (6.32.1)
[2025-09-19T10:17:04.678+0000] {process_utils.py:191} INFO - Requirement already satisfied: requests<3.0.0 in ./cosmos_venvs/ecom_intermediate/lib/python3.10/site-packages (from dbt-core>=1.9->dbt-clickhouse) (2.32.5)
[2025-09-19T10:17:04.680+0000] {process_utils.py:191} INFO - Requirement already satisfied: snowplow-tracker<2.0,>=1.0.2 in ./cosmos_venvs/ecom_intermediate/lib/python3.10/site-packages (from dbt-core>=1.9->dbt-clickhouse) (1.1.0)
[2025-09-19T10:17:04.681+0000] {process_utils.py:191} INFO - Requirement already satisfied: pathspec<0.13,>=0.9 in ./cosmos_venvs/ecom_intermediate/lib/python3.10/site-packages (from dbt-core>=1.9->dbt-clickhouse) (0.12.1)
[2025-09-19T10:17:04.682+0000] {process_utils.py:191} INFO - Requirement already satisfied: sqlparse<0.6.0,>=0.5.0 in ./cosmos_venvs/ecom_intermediate/lib/python3.10/site-packages (from dbt-core>=1.9->dbt-clickhouse) (0.5.3)
[2025-09-19T10:17:04.683+0000] {process_utils.py:191} INFO - Requirement already satisfied: dbt-extractor<=0.6,>=0.5.0 in ./cosmos_venvs/ecom_intermediate/lib/python3.10/site-packages (from dbt-core>=1.9->dbt-clickhouse) (0.6.0)
[2025-09-19T10:17:04.684+0000] {process_utils.py:191} INFO - Requirement already satisfied: dbt-semantic-interfaces<0.10,>=0.9.0 in ./cosmos_venvs/ecom_intermediate/lib/python3.10/site-packages (from dbt-core>=1.9->dbt-clickhouse) (0.9.0)
[2025-09-19T10:17:04.685+0000] {process_utils.py:191} INFO - Requirement already satisfied: dbt-common<2.0,>=1.27.0 in ./cosmos_venvs/ecom_intermediate/lib/python3.10/site-packages (from dbt-core>=1.9->dbt-clickhouse) (1.31.0)
[2025-09-19T10:17:04.686+0000] {process_utils.py:191} INFO - Requirement already satisfied: dbt-adapters<2.0,>=1.15.5 in ./cosmos_venvs/ecom_intermediate/lib/python3.10/site-packages (from dbt-core>=1.9->dbt-clickhouse) (1.16.7)
[2025-09-19T10:17:04.687+0000] {process_utils.py:191} INFO - Requirement already satisfied: dbt-protos<2.0,>=1.0.346 in ./cosmos_venvs/ecom_intermediate/lib/python3.10/site-packages (from dbt-core>=1.9->dbt-clickhouse) (1.0.375)
[2025-09-19T10:17:04.688+0000] {process_utils.py:191} INFO - Requirement already satisfied: pydantic<3 in ./cosmos_venvs/ecom_intermediate/lib/python3.10/site-packages (from dbt-core>=1.9->dbt-clickhouse) (2.11.9)
[2025-09-19T10:17:04.690+0000] {process_utils.py:191} INFO - Requirement already satisfied: packaging>20.9 in ./cosmos_venvs/ecom_intermediate/lib/python3.10/site-packages (from dbt-core>=1.9->dbt-clickhouse) (25.0)
[2025-09-19T10:17:04.691+0000] {process_utils.py:191} INFO - Requirement already satisfied: pyyaml>=6.0 in ./cosmos_venvs/ecom_intermediate/lib/python3.10/site-packages (from dbt-core>=1.9->dbt-clickhouse) (6.0.2)
[2025-09-19T10:17:04.696+0000] {process_utils.py:191} INFO - Requirement already satisfied: daff>=1.3.46 in ./cosmos_venvs/ecom_intermediate/lib/python3.10/site-packages (from dbt-core>=1.9->dbt-clickhouse) (1.4.2)
[2025-09-19T10:17:04.696+0000] {process_utils.py:191} INFO - Requirement already satisfied: typing-extensions>=4.4 in ./cosmos_venvs/ecom_intermediate/lib/python3.10/site-packages (from dbt-core>=1.9->dbt-clickhouse) (4.15.0)
[2025-09-19T10:17:04.698+0000] {process_utils.py:191} INFO - Requirement already satisfied: Babel>=2.0 in ./cosmos_venvs/ecom_intermediate/lib/python3.10/site-packages (from agate<1.10,>=1.7.0->dbt-core>=1.9->dbt-clickhouse) (2.17.0)
[2025-09-19T10:17:04.699+0000] {process_utils.py:191} INFO - Requirement already satisfied: isodate>=0.5.4 in ./cosmos_venvs/ecom_intermediate/lib/python3.10/site-packages (from agate<1.10,>=1.7.0->dbt-core>=1.9->dbt-clickhouse) (0.6.1)
[2025-09-19T10:17:04.699+0000] {process_utils.py:191} INFO - Requirement already satisfied: leather>=0.3.2 in ./cosmos_venvs/ecom_intermediate/lib/python3.10/site-packages (from agate<1.10,>=1.7.0->dbt-core>=1.9->dbt-clickhouse) (0.4.0)
[2025-09-19T10:17:04.700+0000] {process_utils.py:191} INFO - Requirement already satisfied: parsedatetime!=2.5,>=2.1 in ./cosmos_venvs/ecom_intermediate/lib/python3.10/site-packages (from agate<1.10,>=1.7.0->dbt-core>=1.9->dbt-clickhouse) (2.6)
[2025-09-19T10:17:04.701+0000] {process_utils.py:191} INFO - Requirement already satisfied: python-slugify>=1.2.1 in ./cosmos_venvs/ecom_intermediate/lib/python3.10/site-packages (from agate<1.10,>=1.7.0->dbt-core>=1.9->dbt-clickhouse) (8.0.4)
[2025-09-19T10:17:04.702+0000] {process_utils.py:191} INFO - Requirement already satisfied: pytimeparse>=1.1.5 in ./cosmos_venvs/ecom_intermediate/lib/python3.10/site-packages (from agate<1.10,>=1.7.0->dbt-core>=1.9->dbt-clickhouse) (1.1.8)
[2025-09-19T10:17:04.719+0000] {process_utils.py:191} INFO - Requirement already satisfied: colorama<0.5,>=0.3.9 in ./cosmos_venvs/ecom_intermediate/lib/python3.10/site-packages (from dbt-common<2.0,>=1.27.0->dbt-core>=1.9->dbt-clickhouse) (0.4.6)
[2025-09-19T10:17:04.720+0000] {process_utils.py:191} INFO - Requirement already satisfied: deepdiff<9.0,>=7.0 in ./cosmos_venvs/ecom_intermediate/lib/python3.10/site-packages (from dbt-common<2.0,>=1.27.0->dbt-core>=1.9->dbt-clickhouse) (8.6.1)
[2025-09-19T10:17:04.723+0000] {process_utils.py:191} INFO - Requirement already satisfied: python-dateutil<3.0,>=2.0 in ./cosmos_venvs/ecom_intermediate/lib/python3.10/site-packages (from dbt-common<2.0,>=1.27.0->dbt-core>=1.9->dbt-clickhouse) (2.9.0.post0)
[2025-09-19T10:17:04.733+0000] {process_utils.py:191} INFO - Requirement already satisfied: importlib-metadata<9,>=6.0 in ./cosmos_venvs/ecom_intermediate/lib/python3.10/site-packages (from dbt-semantic-interfaces<0.10,>=0.9.0->dbt-core>=1.9->dbt-clickhouse) (8.7.0)
[2025-09-19T10:17:04.736+0000] {process_utils.py:191} INFO - Requirement already satisfied: more-itertools<11.0,>=8.0 in ./cosmos_venvs/ecom_intermediate/lib/python3.10/site-packages (from dbt-semantic-interfaces<0.10,>=0.9.0->dbt-core>=1.9->dbt-clickhouse) (10.8.0)
[2025-09-19T10:17:04.748+0000] {process_utils.py:191} INFO - Requirement already satisfied: orderly-set<6,>=5.4.1 in ./cosmos_venvs/ecom_intermediate/lib/python3.10/site-packages (from deepdiff<9.0,>=7.0->dbt-common<2.0,>=1.27.0->dbt-core>=1.9->dbt-clickhouse) (5.5.0)
[2025-09-19T10:17:04.756+0000] {process_utils.py:191} INFO - Requirement already satisfied: zipp>=3.20 in ./cosmos_venvs/ecom_intermediate/lib/python3.10/site-packages (from importlib-metadata<9,>=6.0->dbt-semantic-interfaces<0.10,>=0.9.0->dbt-core>=1.9->dbt-clickhouse) (3.23.0)
[2025-09-19T10:17:04.759+0000] {process_utils.py:191} INFO - Requirement already satisfied: six in ./cosmos_venvs/ecom_intermediate/lib/python3.10/site-packages (from isodate>=0.5.4->agate<1.10,>=1.7.0->dbt-core>=1.9->dbt-clickhouse) (1.17.0)
[2025-09-19T10:17:04.762+0000] {process_utils.py:191} INFO - Requirement already satisfied: MarkupSafe>=2.0 in ./cosmos_venvs/ecom_intermediate/lib/python3.10/site-packages (from Jinja2<4,>=3.1.3->dbt-core>=1.9->dbt-clickhouse) (3.0.2)
[2025-09-19T10:17:04.768+0000] {process_utils.py:191} INFO - Requirement already satisfied: attrs>=22.2.0 in ./cosmos_venvs/ecom_intermediate/lib/python3.10/site-packages (from jsonschema<5.0,>=4.19.1->dbt-core>=1.9->dbt-clickhouse) (25.3.0)
[2025-09-19T10:17:04.770+0000] {process_utils.py:191} INFO - Requirement already satisfied: jsonschema-specifications>=2023.03.6 in ./cosmos_venvs/ecom_intermediate/lib/python3.10/site-packages (from jsonschema<5.0,>=4.19.1->dbt-core>=1.9->dbt-clickhouse) (2025.9.1)
[2025-09-19T10:17:04.770+0000] {process_utils.py:191} INFO - Requirement already satisfied: referencing>=0.28.4 in ./cosmos_venvs/ecom_intermediate/lib/python3.10/site-packages (from jsonschema<5.0,>=4.19.1->dbt-core>=1.9->dbt-clickhouse) (0.36.2)
[2025-09-19T10:17:04.771+0000] {process_utils.py:191} INFO - Requirement already satisfied: rpds-py>=0.7.1 in ./cosmos_venvs/ecom_intermediate/lib/python3.10/site-packages (from jsonschema<5.0,>=4.19.1->dbt-core>=1.9->dbt-clickhouse) (0.27.1)
[2025-09-19T10:17:04.780+0000] {process_utils.py:191} INFO - Requirement already satisfied: msgpack>=0.5.6 in ./cosmos_venvs/ecom_intermediate/lib/python3.10/site-packages (from mashumaro[msgpack]<3.15,>=3.9->dbt-core>=1.9->dbt-clickhouse) (1.1.1)
[2025-09-19T10:17:04.816+0000] {process_utils.py:191} INFO - Requirement already satisfied: annotated-types>=0.6.0 in ./cosmos_venvs/ecom_intermediate/lib/python3.10/site-packages (from pydantic<3->dbt-core>=1.9->dbt-clickhouse) (0.7.0)
[2025-09-19T10:17:04.820+0000] {process_utils.py:191} INFO - Requirement already satisfied: pydantic-core==2.33.2 in ./cosmos_venvs/ecom_intermediate/lib/python3.10/site-packages (from pydantic<3->dbt-core>=1.9->dbt-clickhouse) (2.33.2)
[2025-09-19T10:17:04.821+0000] {process_utils.py:191} INFO - Requirement already satisfied: typing-inspection>=0.4.0 in ./cosmos_venvs/ecom_intermediate/lib/python3.10/site-packages (from pydantic<3->dbt-core>=1.9->dbt-clickhouse) (0.4.1)
[2025-09-19T10:17:04.827+0000] {process_utils.py:191} INFO - Requirement already satisfied: charset_normalizer<4,>=2 in ./cosmos_venvs/ecom_intermediate/lib/python3.10/site-packages (from requests<3.0.0->dbt-core>=1.9->dbt-clickhouse) (3.4.3)
[2025-09-19T10:17:04.828+0000] {process_utils.py:191} INFO - Requirement already satisfied: idna<4,>=2.5 in ./cosmos_venvs/ecom_intermediate/lib/python3.10/site-packages (from requests<3.0.0->dbt-core>=1.9->dbt-clickhouse) (3.10)
[2025-09-19T10:17:04.874+0000] {process_utils.py:191} INFO - Requirement already satisfied: text-unidecode>=1.3 in ./cosmos_venvs/ecom_intermediate/lib/python3.10/site-packages (from python-slugify>=1.2.1->agate<1.10,>=1.7.0->dbt-core>=1.9->dbt-clickhouse) (1.3)
[2025-09-19T10:17:05.060+0000] {local.py:470} INFO - Cloning project to writable temp directory /tmp/tmplhwtlrt3 from /opt/airflow/dags/dbt/ecom_intermediate
[2025-09-19T10:17:05.074+0000] {local.py:490} INFO - Partial parse is enabled and the latest partial parse file is /tmp/cosmos/dbt_intermediate__intermediate/target/partial_parse.msgpack
[2025-09-19T10:17:05.089+0000] {config.py:362} INFO - Using user-supplied profiles.yml at /opt/airflow/dags/dbt/profiles.yml
[2025-09-19T10:17:05.100+0000] {virtualenv.py:99} INFO - Using Python binary from virtualenv: /opt/***/cosmos_venvs/ecom_intermediate/bin/python
[2025-09-19T10:17:05.100+0000] {local.py:434} INFO - Trying to run the command:
 ['/opt/***/cosmos_venvs/ecom_intermediate/bin/dbt', 'deps', '--project-dir', '/tmp/tmplhwtlrt3', '--profiles-dir', '/opt/***/dags/dbt', '--profile', 'ecom_intermediate', '--target', 'dev']
From /tmp/tmplhwtlrt3
[2025-09-19T10:17:05.101+0000] {subprocess.py:56} INFO - Tmp dir root location: 
 /tmp
[2025-09-19T10:17:05.101+0000] {subprocess.py:69} INFO - Running command: ['/opt/***/cosmos_venvs/ecom_intermediate/bin/dbt', 'deps', '--project-dir', '/tmp/tmplhwtlrt3', '--profiles-dir', '/opt/***/dags/dbt', '--profile', 'ecom_intermediate', '--target', 'dev']
[2025-09-19T10:17:05.114+0000] {subprocess.py:80} INFO - Command output:
[2025-09-19T10:17:07.423+0000] {subprocess.py:90} INFO - [0m10:17:07  Running with dbt=1.10.11
[2025-09-19T10:17:08.170+0000] {subprocess.py:90} INFO - [0m10:17:08  Installing dbt-labs/dbt_utils
[2025-09-19T10:17:09.710+0000] {subprocess.py:90} INFO - [0m10:17:09  Installed from version 1.3.0
[2025-09-19T10:17:09.711+0000] {subprocess.py:90} INFO - [0m10:17:09  Updated version available: 1.3.1
[2025-09-19T10:17:09.712+0000] {subprocess.py:90} INFO - [0m10:17:09
[2025-09-19T10:17:09.713+0000] {subprocess.py:90} INFO - [0m10:17:09  Updates available for packages: ['dbt-labs/dbt_utils']
[2025-09-19T10:17:09.713+0000] {subprocess.py:90} INFO - Update your versions in packages.yml, then run dbt deps
[2025-09-19T10:17:11.305+0000] {subprocess.py:94} INFO - Command exited with return code 0
[2025-09-19T10:17:11.306+0000] {local.py:441} INFO - Update your versions in packages.yml, then run dbt deps
[2025-09-19T10:17:11.306+0000] {virtualenv.py:99} INFO - Using Python binary from virtualenv: /opt/***/cosmos_venvs/ecom_intermediate/bin/python
[2025-09-19T10:17:11.307+0000] {local.py:434} INFO - Trying to run the command:
 ['/opt/***/cosmos_venvs/ecom_intermediate/bin/dbt', 'run', '--models', 'categories_enriched', '--project-dir', '/tmp/tmplhwtlrt3', '--profiles-dir', '/opt/***/dags/dbt', '--profile', 'ecom_intermediate', '--target', 'dev']
From /tmp/tmplhwtlrt3
[2025-09-19T10:17:11.308+0000] {subprocess.py:56} INFO - Tmp dir root location: 
 /tmp
[2025-09-19T10:17:11.308+0000] {subprocess.py:69} INFO - Running command: ['/opt/***/cosmos_venvs/ecom_intermediate/bin/dbt', 'run', '--models', 'categories_enriched', '--project-dir', '/tmp/tmplhwtlrt3', '--profiles-dir', '/opt/***/dags/dbt', '--profile', 'ecom_intermediate', '--target', 'dev']
[2025-09-19T10:17:11.319+0000] {subprocess.py:80} INFO - Command output:
[2025-09-19T10:17:13.827+0000] {subprocess.py:90} INFO - [0m10:17:13  Running with dbt=1.10.11
[2025-09-19T10:17:13.830+0000] {subprocess.py:90} INFO - [0m10:17:13  [[33mWARNING[0m]: Deprecated functionality
[2025-09-19T10:17:13.832+0000] {subprocess.py:90} INFO - Usage of `--models`, `--model`, and `-m` is deprecated in favor of `--select` or
[2025-09-19T10:17:13.833+0000] {subprocess.py:90} INFO - `-s`.
[2025-09-19T10:17:14.321+0000] {subprocess.py:90} INFO - [0m10:17:14  Registered adapter: clickhouse=1.9.3
[2025-09-19T10:17:15.631+0000] {subprocess.py:90} INFO - [0m10:17:15  Found 15 models, 50 data tests, 8 sources, 597 macros
[2025-09-19T10:17:15.636+0000] {subprocess.py:90} INFO - [0m10:17:15
[2025-09-19T10:17:15.637+0000] {subprocess.py:90} INFO - [0m10:17:15  Concurrency: 4 threads (target='dev')
[2025-09-19T10:17:15.638+0000] {subprocess.py:90} INFO - [0m10:17:15
[2025-09-19T10:17:15.827+0000] {subprocess.py:90} INFO - [0m10:17:15  1 of 1 START sql table model `ecom_db_intermediate`.`categories_enriched` ...... [RUN]
[2025-09-19T10:17:16.086+0000] {subprocess.py:90} INFO - [0m10:17:16  1 of 1 OK created sql table model `ecom_db_intermediate`.`categories_enriched` . [[32mOK[0m in 0.25s]
[2025-09-19T10:17:16.092+0000] {subprocess.py:90} INFO - [0m10:17:16
[2025-09-19T10:17:16.093+0000] {subprocess.py:90} INFO - [0m10:17:16  Finished running 1 table model in 0 hours 0 minutes and 0.45 seconds (0.45s).
[2025-09-19T10:17:16.175+0000] {subprocess.py:90} INFO - [0m10:17:16
[2025-09-19T10:17:16.176+0000] {subprocess.py:90} INFO - [0m10:17:16  [32mCompleted successfully[0m
[2025-09-19T10:17:16.176+0000] {subprocess.py:90} INFO - [0m10:17:16
[2025-09-19T10:17:16.177+0000] {subprocess.py:90} INFO - [0m10:17:16  Done. PASS=1 WARN=0 ERROR=0 SKIP=0 NO-OP=0 TOTAL=1
[2025-09-19T10:17:16.178+0000] {subprocess.py:90} INFO - [0m10:17:16  [[33mWARNING[0m][DeprecationsSummary]: Deprecated functionality
[2025-09-19T10:17:16.179+0000] {subprocess.py:90} INFO - Summary of encountered deprecations:
[2025-09-19T10:17:16.179+0000] {subprocess.py:90} INFO - - ModelParamUsageDeprecation: 1 occurrence
[2025-09-19T10:17:16.179+0000] {subprocess.py:90} INFO - To see all deprecation instances instead of just the first occurrence of each,
[2025-09-19T10:17:16.180+0000] {subprocess.py:90} INFO - run command again with the `--show-all-deprecations` flag. You may also need to
[2025-09-19T10:17:16.180+0000] {subprocess.py:90} INFO - run with `--no-partial-parse` as some deprecations are only encountered during
[2025-09-19T10:17:16.180+0000] {subprocess.py:90} INFO - parsing.
[2025-09-19T10:17:18.052+0000] {subprocess.py:94} INFO - Command exited with return code 0
[2025-09-19T10:17:18.053+0000] {local.py:441} INFO - parsing.
[2025-09-19T10:17:18.072+0000] {local.py:196} WARNING - Artifact schema version: https://schemas.getdbt.com/dbt/manifest/v12.json is above dbt-ol supported version 7. This might cause errors.
[2025-09-19T10:17:18.073+0000] {local.py:196} WARNING - Artifact schema version: https://schemas.getdbt.com/dbt/run-results/v6.json is above dbt-ol supported version 5. This might cause errors.
[2025-09-19T10:17:18.079+0000] {local.py:547} INFO - Inlets: []
[2025-09-19T10:17:18.079+0000] {local.py:548} INFO - Outlets: []
[2025-09-19T10:17:18.080+0000] {local.py:772} INFO - Assigning inlets/outlets without DatasetAlias
[2025-09-19T10:17:18.080+0000] {dag.py:3089} INFO - Sync 1 DAGs
[2025-09-19T10:17:18.264+0000] {virtualenv.py:131} INFO - Releasing virtualenv lock
[2025-09-19T10:17:18.265+0000] {virtualenv.py:210} WARNING - Lockfile owned by process of pid 3147, while operator has pid 2681
[2025-09-19T10:17:18.265+0000] {virtualenv.py:145} INFO - None
[2025-09-19T10:17:18.265+0000] {taskinstance.py:441} INFO - ::group::Post task execution logs
[2025-09-19T10:17:18.315+0000] {taskinstance.py:1206} INFO - Marking task as SUCCESS. dag_id=dbt_intermediate, task_id=intermediate.categories_enriched.run, run_id=manual__2025-09-19T10:14:55.158074+00:00, execution_date=20250919T101455, start_date=20250919T101459, end_date=20250919T101718
[2025-09-19T10:17:18.364+0000] {local_task_job_runner.py:243} INFO - Task exited with return code 0
[2025-09-19T10:17:18.446+0000] {taskinstance.py:3503} INFO - 1 downstream tasks scheduled from follow-on schedule check
[2025-09-19T10:17:18.459+0000] {local_task_job_runner.py:222} INFO - ::endgroup::
