[2025-09-22T07:57:15.778+0000] {local_task_job_runner.py:120} INFO - ::group::Pre task execution logs
[2025-09-22T07:57:16.018+0000] {taskinstance.py:2076} INFO - Dependencies all met for dep_context=non-requeueable deps ti=<TaskInstance: dbt_staging.dbt_ecom.stg_reviews.run scheduled__2025-09-21T00:00:00+00:00 [queued]>
[2025-09-22T07:57:16.030+0000] {taskinstance.py:2076} INFO - Dependencies all met for dep_context=requeueable deps ti=<TaskInstance: dbt_staging.dbt_ecom.stg_reviews.run scheduled__2025-09-21T00:00:00+00:00 [queued]>
[2025-09-22T07:57:16.041+0000] {taskinstance.py:2306} INFO - Starting attempt 1 of 1
[2025-09-22T07:57:16.066+0000] {taskinstance.py:2330} INFO - Executing <Task(DbtRunVirtualenvOperator): dbt_ecom.stg_reviews.run> on 2025-09-21 00:00:00+00:00
[2025-09-22T07:57:16.073+0000] {standard_task_runner.py:64} INFO - Started process 707 to run task
[2025-09-22T07:57:16.078+0000] {standard_task_runner.py:90} INFO - Running: ['***', 'tasks', 'run', 'dbt_staging', 'dbt_ecom.stg_reviews.run', 'scheduled__2025-09-21T00:00:00+00:00', '--job-id', '640', '--raw', '--subdir', 'DAGS_FOLDER/dbt_staging.py', '--cfg-path', '/tmp/tmp9g_b0xih']
[2025-09-22T07:57:16.081+0000] {standard_task_runner.py:91} INFO - Job 640: Subtask dbt_ecom.stg_reviews.run
[2025-09-22T07:57:16.285+0000] {task_command.py:426} INFO - Running <TaskInstance: dbt_staging.dbt_ecom.stg_reviews.run scheduled__2025-09-21T00:00:00+00:00 [running]> on host e95bde6b8d07
[2025-09-22T07:57:16.833+0000] {taskinstance.py:2648} INFO - Exporting env vars: AIRFLOW_CTX_DAG_OWNER='***' AIRFLOW_CTX_DAG_ID='dbt_staging' AIRFLOW_CTX_TASK_ID='dbt_ecom.stg_reviews.run' AIRFLOW_CTX_EXECUTION_DATE='2025-09-21T00:00:00+00:00' AIRFLOW_CTX_TRY_NUMBER='1' AIRFLOW_CTX_DAG_RUN_ID='scheduled__2025-09-21T00:00:00+00:00'
[2025-09-22T07:57:16.835+0000] {taskinstance.py:430} INFO - ::endgroup::
[2025-09-22T07:57:16.851+0000] {virtualenv.py:120} INFO - Checking if the virtualenv lock /tmp/cosmos_venv_ecom/cosmos_virtualenv.lock exists
[2025-09-22T07:57:16.852+0000] {virtualenv.py:178} INFO - Checking for running process with PID 647
[2025-09-22T07:57:16.853+0000] {virtualenv.py:181} INFO - Process 647 running: True and has the lock /tmp/cosmos_venv_ecom/cosmos_virtualenv.lock.
[2025-09-22T07:57:16.853+0000] {virtualenv.py:122} INFO - Waiting for virtualenv lock to be released
[2025-09-22T07:57:17.854+0000] {virtualenv.py:178} INFO - Checking for running process with PID 647
[2025-09-22T07:57:17.855+0000] {virtualenv.py:181} INFO - Process 647 running: True and has the lock /tmp/cosmos_venv_ecom/cosmos_virtualenv.lock.
[2025-09-22T07:57:17.855+0000] {virtualenv.py:122} INFO - Waiting for virtualenv lock to be released
[2025-09-22T07:57:18.857+0000] {virtualenv.py:178} INFO - Checking for running process with PID 647
[2025-09-22T07:57:18.858+0000] {virtualenv.py:181} INFO - Process 647 running: True and has the lock /tmp/cosmos_venv_ecom/cosmos_virtualenv.lock.
[2025-09-22T07:57:18.858+0000] {virtualenv.py:122} INFO - Waiting for virtualenv lock to be released
[2025-09-22T07:57:19.861+0000] {virtualenv.py:178} INFO - Checking for running process with PID 647
[2025-09-22T07:57:19.862+0000] {virtualenv.py:181} INFO - Process 647 running: True and has the lock /tmp/cosmos_venv_ecom/cosmos_virtualenv.lock.
[2025-09-22T07:57:19.862+0000] {virtualenv.py:122} INFO - Waiting for virtualenv lock to be released
[2025-09-22T07:57:20.864+0000] {virtualenv.py:178} INFO - Checking for running process with PID 647
[2025-09-22T07:57:20.865+0000] {virtualenv.py:181} INFO - Process 647 running: True and has the lock /tmp/cosmos_venv_ecom/cosmos_virtualenv.lock.
[2025-09-22T07:57:20.866+0000] {virtualenv.py:122} INFO - Waiting for virtualenv lock to be released
[2025-09-22T07:57:21.868+0000] {virtualenv.py:178} INFO - Checking for running process with PID 647
[2025-09-22T07:57:21.869+0000] {virtualenv.py:181} INFO - Process 647 running: True and has the lock /tmp/cosmos_venv_ecom/cosmos_virtualenv.lock.
[2025-09-22T07:57:21.870+0000] {virtualenv.py:122} INFO - Waiting for virtualenv lock to be released
[2025-09-22T07:57:22.872+0000] {virtualenv.py:178} INFO - Checking for running process with PID 647
[2025-09-22T07:57:22.873+0000] {virtualenv.py:181} INFO - Process 647 running: True and has the lock /tmp/cosmos_venv_ecom/cosmos_virtualenv.lock.
[2025-09-22T07:57:22.874+0000] {virtualenv.py:122} INFO - Waiting for virtualenv lock to be released
[2025-09-22T07:57:23.875+0000] {virtualenv.py:178} INFO - Checking for running process with PID 647
[2025-09-22T07:57:23.876+0000] {virtualenv.py:181} INFO - Process 647 running: True and has the lock /tmp/cosmos_venv_ecom/cosmos_virtualenv.lock.
[2025-09-22T07:57:23.877+0000] {virtualenv.py:122} INFO - Waiting for virtualenv lock to be released
[2025-09-22T07:57:24.878+0000] {virtualenv.py:178} INFO - Checking for running process with PID 647
[2025-09-22T07:57:24.879+0000] {virtualenv.py:181} INFO - Process 647 running: True and has the lock /tmp/cosmos_venv_ecom/cosmos_virtualenv.lock.
[2025-09-22T07:57:24.879+0000] {virtualenv.py:122} INFO - Waiting for virtualenv lock to be released
[2025-09-22T07:57:25.880+0000] {virtualenv.py:178} INFO - Checking for running process with PID 647
[2025-09-22T07:57:25.881+0000] {virtualenv.py:181} INFO - Process 647 running: True and has the lock /tmp/cosmos_venv_ecom/cosmos_virtualenv.lock.
[2025-09-22T07:57:25.881+0000] {virtualenv.py:122} INFO - Waiting for virtualenv lock to be released
[2025-09-22T07:57:26.883+0000] {virtualenv.py:178} INFO - Checking for running process with PID 647
[2025-09-22T07:57:26.884+0000] {virtualenv.py:181} INFO - Process 647 running: True and has the lock /tmp/cosmos_venv_ecom/cosmos_virtualenv.lock.
[2025-09-22T07:57:26.884+0000] {virtualenv.py:122} INFO - Waiting for virtualenv lock to be released
[2025-09-22T07:57:27.884+0000] {virtualenv.py:178} INFO - Checking for running process with PID 647
[2025-09-22T07:57:27.885+0000] {virtualenv.py:181} INFO - Process 647 running: True and has the lock /tmp/cosmos_venv_ecom/cosmos_virtualenv.lock.
[2025-09-22T07:57:27.886+0000] {virtualenv.py:122} INFO - Waiting for virtualenv lock to be released
[2025-09-22T07:57:28.887+0000] {virtualenv.py:178} INFO - Checking for running process with PID 648
[2025-09-22T07:57:28.888+0000] {virtualenv.py:181} INFO - Process 648 running: True and has the lock /tmp/cosmos_venv_ecom/cosmos_virtualenv.lock.
[2025-09-22T07:57:28.890+0000] {virtualenv.py:122} INFO - Waiting for virtualenv lock to be released
[2025-09-22T07:57:29.893+0000] {virtualenv.py:178} INFO - Checking for running process with PID 648
[2025-09-22T07:57:29.893+0000] {virtualenv.py:181} INFO - Process 648 running: True and has the lock /tmp/cosmos_venv_ecom/cosmos_virtualenv.lock.
[2025-09-22T07:57:29.894+0000] {virtualenv.py:122} INFO - Waiting for virtualenv lock to be released
[2025-09-22T07:57:30.895+0000] {virtualenv.py:178} INFO - Checking for running process with PID 648
[2025-09-22T07:57:30.896+0000] {virtualenv.py:181} INFO - Process 648 running: True and has the lock /tmp/cosmos_venv_ecom/cosmos_virtualenv.lock.
[2025-09-22T07:57:30.896+0000] {virtualenv.py:122} INFO - Waiting for virtualenv lock to be released
[2025-09-22T07:57:31.898+0000] {virtualenv.py:178} INFO - Checking for running process with PID 648
[2025-09-22T07:57:31.899+0000] {virtualenv.py:181} INFO - Process 648 running: True and has the lock /tmp/cosmos_venv_ecom/cosmos_virtualenv.lock.
[2025-09-22T07:57:31.900+0000] {virtualenv.py:122} INFO - Waiting for virtualenv lock to be released
[2025-09-22T07:57:32.903+0000] {virtualenv.py:178} INFO - Checking for running process with PID 648
[2025-09-22T07:57:32.904+0000] {virtualenv.py:181} INFO - Process 648 running: True and has the lock /tmp/cosmos_venv_ecom/cosmos_virtualenv.lock.
[2025-09-22T07:57:32.905+0000] {virtualenv.py:122} INFO - Waiting for virtualenv lock to be released
[2025-09-22T07:57:33.907+0000] {virtualenv.py:178} INFO - Checking for running process with PID 648
[2025-09-22T07:57:33.908+0000] {virtualenv.py:181} INFO - Process 648 running: True and has the lock /tmp/cosmos_venv_ecom/cosmos_virtualenv.lock.
[2025-09-22T07:57:33.909+0000] {virtualenv.py:122} INFO - Waiting for virtualenv lock to be released
[2025-09-22T07:57:34.911+0000] {virtualenv.py:178} INFO - Checking for running process with PID 648
[2025-09-22T07:57:34.913+0000] {virtualenv.py:181} INFO - Process 648 running: True and has the lock /tmp/cosmos_venv_ecom/cosmos_virtualenv.lock.
[2025-09-22T07:57:34.915+0000] {virtualenv.py:122} INFO - Waiting for virtualenv lock to be released
[2025-09-22T07:57:35.918+0000] {virtualenv.py:178} INFO - Checking for running process with PID 648
[2025-09-22T07:57:35.919+0000] {virtualenv.py:181} INFO - Process 648 running: True and has the lock /tmp/cosmos_venv_ecom/cosmos_virtualenv.lock.
[2025-09-22T07:57:35.920+0000] {virtualenv.py:122} INFO - Waiting for virtualenv lock to be released
[2025-09-22T07:57:36.922+0000] {virtualenv.py:178} INFO - Checking for running process with PID 648
[2025-09-22T07:57:36.923+0000] {virtualenv.py:181} INFO - Process 648 running: True and has the lock /tmp/cosmos_venv_ecom/cosmos_virtualenv.lock.
[2025-09-22T07:57:36.925+0000] {virtualenv.py:122} INFO - Waiting for virtualenv lock to be released
[2025-09-22T07:57:37.928+0000] {virtualenv.py:178} INFO - Checking for running process with PID 648
[2025-09-22T07:57:37.928+0000] {virtualenv.py:181} INFO - Process 648 running: True and has the lock /tmp/cosmos_venv_ecom/cosmos_virtualenv.lock.
[2025-09-22T07:57:37.929+0000] {virtualenv.py:122} INFO - Waiting for virtualenv lock to be released
[2025-09-22T07:57:38.930+0000] {virtualenv.py:178} INFO - Checking for running process with PID 648
[2025-09-22T07:57:38.931+0000] {virtualenv.py:181} INFO - Process 648 running: True and has the lock /tmp/cosmos_venv_ecom/cosmos_virtualenv.lock.
[2025-09-22T07:57:38.931+0000] {virtualenv.py:122} INFO - Waiting for virtualenv lock to be released
[2025-09-22T07:57:39.933+0000] {virtualenv.py:178} INFO - Checking for running process with PID 648
[2025-09-22T07:57:39.934+0000] {virtualenv.py:181} INFO - Process 648 running: True and has the lock /tmp/cosmos_venv_ecom/cosmos_virtualenv.lock.
[2025-09-22T07:57:39.935+0000] {virtualenv.py:122} INFO - Waiting for virtualenv lock to be released
[2025-09-22T07:57:40.937+0000] {virtualenv.py:178} INFO - Checking for running process with PID 648
[2025-09-22T07:57:40.938+0000] {virtualenv.py:181} INFO - Process 648 running: True and has the lock /tmp/cosmos_venv_ecom/cosmos_virtualenv.lock.
[2025-09-22T07:57:40.939+0000] {virtualenv.py:122} INFO - Waiting for virtualenv lock to be released
[2025-09-22T07:57:41.942+0000] {virtualenv.py:178} INFO - Checking for running process with PID 648
[2025-09-22T07:57:41.944+0000] {virtualenv.py:181} INFO - Process 648 running: True and has the lock /tmp/cosmos_venv_ecom/cosmos_virtualenv.lock.
[2025-09-22T07:57:41.945+0000] {virtualenv.py:122} INFO - Waiting for virtualenv lock to be released
[2025-09-22T07:57:42.947+0000] {virtualenv.py:126} INFO - Acquiring the virtualenv lock
[2025-09-22T07:57:42.948+0000] {virtualenv.py:195} INFO - Acquiring lock at /tmp/cosmos_venv_ecom/cosmos_virtualenv.lock with pid 707
[2025-09-22T07:57:42.948+0000] {virtualenv.py:153} INFO - Creating or updating the virtualenv at `/tmp/cosmos_venv_ecom
[2025-09-22T07:57:42.949+0000] {process_utils.py:183} INFO - Executing cmd: /home/***/.local/bin/python -m virtualenv /tmp/cosmos_venv_ecom --python=python3
[2025-09-22T07:57:42.950+0000] {process_utils.py:187} INFO - Output:
[2025-09-22T07:57:44.292+0000] {process_utils.py:191} INFO - created virtual environment CPython3.10.14.final.0-64 in 590ms
[2025-09-22T07:57:44.293+0000] {process_utils.py:191} INFO -   creator CPython3Posix(dest=/tmp/cosmos_venv_ecom, clear=False, no_vcs_ignore=False, global=False)
[2025-09-22T07:57:44.294+0000] {process_utils.py:191} INFO -   seeder FromAppData(download=False, pip=bundle, setuptools=bundle, wheel=bundle, via=copy, app_data_dir=/home/***/.local/share/virtualenv)
[2025-09-22T07:57:44.296+0000] {process_utils.py:191} INFO -     added seed packages: MarkupSafe==3.0.2, PyYAML==6.0.2, agate==1.9.1, annotated_types==0.7.0, attrs==25.3.0, babel==2.17.0, certifi==2025.8.3, charset_normalizer==3.4.3, click==8.2.1, clickhouse_connect==0.8.18, clickhouse_driver==0.2.9, colorama==0.4.6, daff==1.4.2, dbt_adapters==1.16.7, dbt_clickhouse==1.9.3, dbt_common==1.30.0, dbt_core==1.10.11, dbt_extractor==0.6.0, dbt_protos==1.0.375, dbt_semantic_interfaces==0.9.0, deepdiff==8.6.1, idna==3.10, importlib_metadata==8.7.0, isodate==0.6.1, jinja2==3.1.6, jsonschema==4.25.1, jsonschema_specifications==2025.9.1, leather==0.4.0, lz4==4.4.4, mashumaro==3.14, more_itertools==10.8.0, msgpack==1.1.1, networkx==3.4.2, orderly_set==5.5.0, packaging==25.0, parsedatetime==2.6, pathspec==0.12.1, pip==25.2, protobuf==6.32.1, pydantic==2.11.7, pydantic_core==2.33.2, python_dateutil==2.9.0.post0, python_slugify==8.0.4, pytimeparse==1.1.8, pytz==2025.2, referencing==0.36.2, requests==2.32.5, rpds_py==0.27.1, setuptools==80.9.0, six==1.17.0, snowplow_tracker==1.1.0, sqlparse==0.5.3, text_unidecode==1.3, typing_extensions==4.15.0, typing_inspection==0.4.1, tzlocal==5.3.1, urllib3==2.5.0, wheel==0.45.1, zipp==3.23.0, zstandard==0.24.0
[2025-09-22T07:57:44.296+0000] {process_utils.py:191} INFO -   activators BashActivator,CShellActivator,FishActivator,NushellActivator,PowerShellActivator,PythonActivator
[2025-09-22T07:57:44.411+0000] {process_utils.py:183} INFO - Executing cmd: /tmp/cosmos_venv_ecom/bin/pip install dbt-clickhouse
[2025-09-22T07:57:44.412+0000] {process_utils.py:187} INFO - Output:
[2025-09-22T07:57:45.918+0000] {process_utils.py:191} INFO - Requirement already satisfied: dbt-clickhouse in /tmp/cosmos_venv_ecom/lib/python3.10/site-packages (1.9.3)
[2025-09-22T07:57:45.920+0000] {process_utils.py:191} INFO - Requirement already satisfied: dbt-core>=1.9 in /tmp/cosmos_venv_ecom/lib/python3.10/site-packages (from dbt-clickhouse) (1.10.11)
[2025-09-22T07:57:45.921+0000] {process_utils.py:191} INFO - Requirement already satisfied: clickhouse-connect>=0.6.22 in /tmp/cosmos_venv_ecom/lib/python3.10/site-packages (from dbt-clickhouse) (0.8.18)
[2025-09-22T07:57:45.922+0000] {process_utils.py:191} INFO - Requirement already satisfied: clickhouse-driver>=0.2.6 in /tmp/cosmos_venv_ecom/lib/python3.10/site-packages (from dbt-clickhouse) (0.2.9)
[2025-09-22T07:57:45.922+0000] {process_utils.py:191} INFO - Requirement already satisfied: setuptools>=0.69 in /tmp/cosmos_venv_ecom/lib/python3.10/site-packages (from dbt-clickhouse) (80.9.0)
[2025-09-22T07:57:45.926+0000] {process_utils.py:191} INFO - Requirement already satisfied: certifi in /tmp/cosmos_venv_ecom/lib/python3.10/site-packages (from clickhouse-connect>=0.6.22->dbt-clickhouse) (2025.8.3)
[2025-09-22T07:57:45.926+0000] {process_utils.py:191} INFO - Requirement already satisfied: urllib3>=1.26 in /tmp/cosmos_venv_ecom/lib/python3.10/site-packages (from clickhouse-connect>=0.6.22->dbt-clickhouse) (2.5.0)
[2025-09-22T07:57:45.927+0000] {process_utils.py:191} INFO - Requirement already satisfied: pytz in /tmp/cosmos_venv_ecom/lib/python3.10/site-packages (from clickhouse-connect>=0.6.22->dbt-clickhouse) (2025.2)
[2025-09-22T07:57:45.927+0000] {process_utils.py:191} INFO - Requirement already satisfied: zstandard in /tmp/cosmos_venv_ecom/lib/python3.10/site-packages (from clickhouse-connect>=0.6.22->dbt-clickhouse) (0.24.0)
[2025-09-22T07:57:45.928+0000] {process_utils.py:191} INFO - Requirement already satisfied: lz4 in /tmp/cosmos_venv_ecom/lib/python3.10/site-packages (from clickhouse-connect>=0.6.22->dbt-clickhouse) (4.4.4)
[2025-09-22T07:57:45.929+0000] {process_utils.py:191} INFO - Requirement already satisfied: tzlocal in /tmp/cosmos_venv_ecom/lib/python3.10/site-packages (from clickhouse-driver>=0.2.6->dbt-clickhouse) (5.3.1)
[2025-09-22T07:57:45.933+0000] {process_utils.py:191} INFO - Requirement already satisfied: agate<1.10,>=1.7.0 in /tmp/cosmos_venv_ecom/lib/python3.10/site-packages (from dbt-core>=1.9->dbt-clickhouse) (1.9.1)
[2025-09-22T07:57:45.933+0000] {process_utils.py:191} INFO - Requirement already satisfied: Jinja2<4,>=3.1.3 in /tmp/cosmos_venv_ecom/lib/python3.10/site-packages (from dbt-core>=1.9->dbt-clickhouse) (3.1.6)
[2025-09-22T07:57:45.934+0000] {process_utils.py:191} INFO - Requirement already satisfied: mashumaro<3.15,>=3.9 in /tmp/cosmos_venv_ecom/lib/python3.10/site-packages (from mashumaro[msgpack]<3.15,>=3.9->dbt-core>=1.9->dbt-clickhouse) (3.14)
[2025-09-22T07:57:45.935+0000] {process_utils.py:191} INFO - Requirement already satisfied: click<9.0,>=8.0.2 in /tmp/cosmos_venv_ecom/lib/python3.10/site-packages (from dbt-core>=1.9->dbt-clickhouse) (8.2.1)
[2025-09-22T07:57:45.936+0000] {process_utils.py:191} INFO - Requirement already satisfied: jsonschema<5.0,>=4.19.1 in /tmp/cosmos_venv_ecom/lib/python3.10/site-packages (from dbt-core>=1.9->dbt-clickhouse) (4.25.1)
[2025-09-22T07:57:45.937+0000] {process_utils.py:191} INFO - Requirement already satisfied: networkx<4.0,>=2.3 in /tmp/cosmos_venv_ecom/lib/python3.10/site-packages (from dbt-core>=1.9->dbt-clickhouse) (3.4.2)
[2025-09-22T07:57:45.938+0000] {process_utils.py:191} INFO - Requirement already satisfied: protobuf<7.0,>=6.0 in /tmp/cosmos_venv_ecom/lib/python3.10/site-packages (from dbt-core>=1.9->dbt-clickhouse) (6.32.1)
[2025-09-22T07:57:45.939+0000] {process_utils.py:191} INFO - Requirement already satisfied: requests<3.0.0 in /tmp/cosmos_venv_ecom/lib/python3.10/site-packages (from dbt-core>=1.9->dbt-clickhouse) (2.32.5)
[2025-09-22T07:57:45.940+0000] {process_utils.py:191} INFO - Requirement already satisfied: snowplow-tracker<2.0,>=1.0.2 in /tmp/cosmos_venv_ecom/lib/python3.10/site-packages (from dbt-core>=1.9->dbt-clickhouse) (1.1.0)
[2025-09-22T07:57:45.941+0000] {process_utils.py:191} INFO - Requirement already satisfied: pathspec<0.13,>=0.9 in /tmp/cosmos_venv_ecom/lib/python3.10/site-packages (from dbt-core>=1.9->dbt-clickhouse) (0.12.1)
[2025-09-22T07:57:45.942+0000] {process_utils.py:191} INFO - Requirement already satisfied: sqlparse<0.6.0,>=0.5.0 in /tmp/cosmos_venv_ecom/lib/python3.10/site-packages (from dbt-core>=1.9->dbt-clickhouse) (0.5.3)
[2025-09-22T07:57:45.942+0000] {process_utils.py:191} INFO - Requirement already satisfied: dbt-extractor<=0.6,>=0.5.0 in /tmp/cosmos_venv_ecom/lib/python3.10/site-packages (from dbt-core>=1.9->dbt-clickhouse) (0.6.0)
[2025-09-22T07:57:45.943+0000] {process_utils.py:191} INFO - Requirement already satisfied: dbt-semantic-interfaces<0.10,>=0.9.0 in /tmp/cosmos_venv_ecom/lib/python3.10/site-packages (from dbt-core>=1.9->dbt-clickhouse) (0.9.0)
[2025-09-22T07:57:45.944+0000] {process_utils.py:191} INFO - Requirement already satisfied: dbt-common<2.0,>=1.27.0 in /tmp/cosmos_venv_ecom/lib/python3.10/site-packages (from dbt-core>=1.9->dbt-clickhouse) (1.30.0)
[2025-09-22T07:57:45.945+0000] {process_utils.py:191} INFO - Requirement already satisfied: dbt-adapters<2.0,>=1.15.5 in /tmp/cosmos_venv_ecom/lib/python3.10/site-packages (from dbt-core>=1.9->dbt-clickhouse) (1.16.7)
[2025-09-22T07:57:45.946+0000] {process_utils.py:191} INFO - Requirement already satisfied: dbt-protos<2.0,>=1.0.346 in /tmp/cosmos_venv_ecom/lib/python3.10/site-packages (from dbt-core>=1.9->dbt-clickhouse) (1.0.375)
[2025-09-22T07:57:45.947+0000] {process_utils.py:191} INFO - Requirement already satisfied: pydantic<3 in /tmp/cosmos_venv_ecom/lib/python3.10/site-packages (from dbt-core>=1.9->dbt-clickhouse) (2.11.7)
[2025-09-22T07:57:45.947+0000] {process_utils.py:191} INFO - Requirement already satisfied: packaging>20.9 in /tmp/cosmos_venv_ecom/lib/python3.10/site-packages (from dbt-core>=1.9->dbt-clickhouse) (25.0)
[2025-09-22T07:57:45.948+0000] {process_utils.py:191} INFO - Requirement already satisfied: pyyaml>=6.0 in /tmp/cosmos_venv_ecom/lib/python3.10/site-packages (from dbt-core>=1.9->dbt-clickhouse) (6.0.2)
[2025-09-22T07:57:45.949+0000] {process_utils.py:191} INFO - Requirement already satisfied: daff>=1.3.46 in /tmp/cosmos_venv_ecom/lib/python3.10/site-packages (from dbt-core>=1.9->dbt-clickhouse) (1.4.2)
[2025-09-22T07:57:45.949+0000] {process_utils.py:191} INFO - Requirement already satisfied: typing-extensions>=4.4 in /tmp/cosmos_venv_ecom/lib/python3.10/site-packages (from dbt-core>=1.9->dbt-clickhouse) (4.15.0)
[2025-09-22T07:57:45.953+0000] {process_utils.py:191} INFO - Requirement already satisfied: Babel>=2.0 in /tmp/cosmos_venv_ecom/lib/python3.10/site-packages (from agate<1.10,>=1.7.0->dbt-core>=1.9->dbt-clickhouse) (2.17.0)
[2025-09-22T07:57:45.954+0000] {process_utils.py:191} INFO - Requirement already satisfied: isodate>=0.5.4 in /tmp/cosmos_venv_ecom/lib/python3.10/site-packages (from agate<1.10,>=1.7.0->dbt-core>=1.9->dbt-clickhouse) (0.6.1)
[2025-09-22T07:57:45.955+0000] {process_utils.py:191} INFO - Requirement already satisfied: leather>=0.3.2 in /tmp/cosmos_venv_ecom/lib/python3.10/site-packages (from agate<1.10,>=1.7.0->dbt-core>=1.9->dbt-clickhouse) (0.4.0)
[2025-09-22T07:57:45.956+0000] {process_utils.py:191} INFO - Requirement already satisfied: parsedatetime!=2.5,>=2.1 in /tmp/cosmos_venv_ecom/lib/python3.10/site-packages (from agate<1.10,>=1.7.0->dbt-core>=1.9->dbt-clickhouse) (2.6)
[2025-09-22T07:57:45.956+0000] {process_utils.py:191} INFO - Requirement already satisfied: python-slugify>=1.2.1 in /tmp/cosmos_venv_ecom/lib/python3.10/site-packages (from agate<1.10,>=1.7.0->dbt-core>=1.9->dbt-clickhouse) (8.0.4)
[2025-09-22T07:57:45.957+0000] {process_utils.py:191} INFO - Requirement already satisfied: pytimeparse>=1.1.5 in /tmp/cosmos_venv_ecom/lib/python3.10/site-packages (from agate<1.10,>=1.7.0->dbt-core>=1.9->dbt-clickhouse) (1.1.8)
[2025-09-22T07:57:45.974+0000] {process_utils.py:191} INFO - Requirement already satisfied: colorama<0.5,>=0.3.9 in /tmp/cosmos_venv_ecom/lib/python3.10/site-packages (from dbt-common<2.0,>=1.27.0->dbt-core>=1.9->dbt-clickhouse) (0.4.6)
[2025-09-22T07:57:45.975+0000] {process_utils.py:191} INFO - Requirement already satisfied: deepdiff<9.0,>=7.0 in /tmp/cosmos_venv_ecom/lib/python3.10/site-packages (from dbt-common<2.0,>=1.27.0->dbt-core>=1.9->dbt-clickhouse) (8.6.1)
[2025-09-22T07:57:45.978+0000] {process_utils.py:191} INFO - Requirement already satisfied: python-dateutil<3.0,>=2.0 in /tmp/cosmos_venv_ecom/lib/python3.10/site-packages (from dbt-common<2.0,>=1.27.0->dbt-core>=1.9->dbt-clickhouse) (2.9.0.post0)
[2025-09-22T07:57:45.985+0000] {process_utils.py:191} INFO - Requirement already satisfied: importlib-metadata<9,>=6.0 in /tmp/cosmos_venv_ecom/lib/python3.10/site-packages (from dbt-semantic-interfaces<0.10,>=0.9.0->dbt-core>=1.9->dbt-clickhouse) (8.7.0)
[2025-09-22T07:57:45.987+0000] {process_utils.py:191} INFO - Requirement already satisfied: more-itertools<11.0,>=8.0 in /tmp/cosmos_venv_ecom/lib/python3.10/site-packages (from dbt-semantic-interfaces<0.10,>=0.9.0->dbt-core>=1.9->dbt-clickhouse) (10.8.0)
[2025-09-22T07:57:45.996+0000] {process_utils.py:191} INFO - Requirement already satisfied: orderly-set<6,>=5.4.1 in /tmp/cosmos_venv_ecom/lib/python3.10/site-packages (from deepdiff<9.0,>=7.0->dbt-common<2.0,>=1.27.0->dbt-core>=1.9->dbt-clickhouse) (5.5.0)
[2025-09-22T07:57:46.003+0000] {process_utils.py:191} INFO - Requirement already satisfied: zipp>=3.20 in /tmp/cosmos_venv_ecom/lib/python3.10/site-packages (from importlib-metadata<9,>=6.0->dbt-semantic-interfaces<0.10,>=0.9.0->dbt-core>=1.9->dbt-clickhouse) (3.23.0)
[2025-09-22T07:57:46.005+0000] {process_utils.py:191} INFO - Requirement already satisfied: six in /tmp/cosmos_venv_ecom/lib/python3.10/site-packages (from isodate>=0.5.4->agate<1.10,>=1.7.0->dbt-core>=1.9->dbt-clickhouse) (1.17.0)
[2025-09-22T07:57:46.008+0000] {process_utils.py:191} INFO - Requirement already satisfied: MarkupSafe>=2.0 in /tmp/cosmos_venv_ecom/lib/python3.10/site-packages (from Jinja2<4,>=3.1.3->dbt-core>=1.9->dbt-clickhouse) (3.0.2)
[2025-09-22T07:57:46.013+0000] {process_utils.py:191} INFO - Requirement already satisfied: attrs>=22.2.0 in /tmp/cosmos_venv_ecom/lib/python3.10/site-packages (from jsonschema<5.0,>=4.19.1->dbt-core>=1.9->dbt-clickhouse) (25.3.0)
[2025-09-22T07:57:46.014+0000] {process_utils.py:191} INFO - Requirement already satisfied: jsonschema-specifications>=2023.03.6 in /tmp/cosmos_venv_ecom/lib/python3.10/site-packages (from jsonschema<5.0,>=4.19.1->dbt-core>=1.9->dbt-clickhouse) (2025.9.1)
[2025-09-22T07:57:46.016+0000] {process_utils.py:191} INFO - Requirement already satisfied: referencing>=0.28.4 in /tmp/cosmos_venv_ecom/lib/python3.10/site-packages (from jsonschema<5.0,>=4.19.1->dbt-core>=1.9->dbt-clickhouse) (0.36.2)
[2025-09-22T07:57:46.017+0000] {process_utils.py:191} INFO - Requirement already satisfied: rpds-py>=0.7.1 in /tmp/cosmos_venv_ecom/lib/python3.10/site-packages (from jsonschema<5.0,>=4.19.1->dbt-core>=1.9->dbt-clickhouse) (0.27.1)
[2025-09-22T07:57:46.029+0000] {process_utils.py:191} INFO - Requirement already satisfied: msgpack>=0.5.6 in /tmp/cosmos_venv_ecom/lib/python3.10/site-packages (from mashumaro[msgpack]<3.15,>=3.9->dbt-core>=1.9->dbt-clickhouse) (1.1.1)
[2025-09-22T07:57:46.050+0000] {process_utils.py:191} INFO - Requirement already satisfied: annotated-types>=0.6.0 in /tmp/cosmos_venv_ecom/lib/python3.10/site-packages (from pydantic<3->dbt-core>=1.9->dbt-clickhouse) (0.7.0)
[2025-09-22T07:57:46.051+0000] {process_utils.py:191} INFO - Requirement already satisfied: pydantic-core==2.33.2 in /tmp/cosmos_venv_ecom/lib/python3.10/site-packages (from pydantic<3->dbt-core>=1.9->dbt-clickhouse) (2.33.2)
[2025-09-22T07:57:46.053+0000] {process_utils.py:191} INFO - Requirement already satisfied: typing-inspection>=0.4.0 in /tmp/cosmos_venv_ecom/lib/python3.10/site-packages (from pydantic<3->dbt-core>=1.9->dbt-clickhouse) (0.4.1)
[2025-09-22T07:57:46.061+0000] {process_utils.py:191} INFO - Requirement already satisfied: charset_normalizer<4,>=2 in /tmp/cosmos_venv_ecom/lib/python3.10/site-packages (from requests<3.0.0->dbt-core>=1.9->dbt-clickhouse) (3.4.3)
[2025-09-22T07:57:46.062+0000] {process_utils.py:191} INFO - Requirement already satisfied: idna<4,>=2.5 in /tmp/cosmos_venv_ecom/lib/python3.10/site-packages (from requests<3.0.0->dbt-core>=1.9->dbt-clickhouse) (3.10)
[2025-09-22T07:57:46.098+0000] {process_utils.py:191} INFO - Requirement already satisfied: text-unidecode>=1.3 in /tmp/cosmos_venv_ecom/lib/python3.10/site-packages (from python-slugify>=1.2.1->agate<1.10,>=1.7.0->dbt-core>=1.9->dbt-clickhouse) (1.3)
[2025-09-22T07:57:46.238+0000] {local.py:470} INFO - Cloning project to writable temp directory /tmp/tmpz73ss4ld from /opt/airflow/dags/dbt/ecom_staging
[2025-09-22T07:57:46.252+0000] {local.py:490} INFO - Partial parse is enabled and the latest partial parse file is /tmp/cosmos/dbt_staging__dbt_ecom/target/partial_parse.msgpack
[2025-09-22T07:57:46.264+0000] {config.py:362} INFO - Using user-supplied profiles.yml at /opt/airflow/dags/dbt/profiles.yml
[2025-09-22T07:57:46.273+0000] {virtualenv.py:99} INFO - Using Python binary from virtualenv: /tmp/cosmos_venv_ecom/bin/python
[2025-09-22T07:57:46.273+0000] {local.py:434} INFO - Trying to run the command:
 ['/tmp/cosmos_venv_ecom/bin/dbt', 'deps', '--project-dir', '/tmp/tmpz73ss4ld', '--profiles-dir', '/opt/***/dags/dbt', '--profile', 'ecom_staging', '--target', 'dev']
From /tmp/tmpz73ss4ld
[2025-09-22T07:57:46.274+0000] {subprocess.py:56} INFO - Tmp dir root location: 
 /tmp
[2025-09-22T07:57:46.274+0000] {subprocess.py:69} INFO - Running command: ['/tmp/cosmos_venv_ecom/bin/dbt', 'deps', '--project-dir', '/tmp/tmpz73ss4ld', '--profiles-dir', '/opt/***/dags/dbt', '--profile', 'ecom_staging', '--target', 'dev']
[2025-09-22T07:57:46.284+0000] {subprocess.py:80} INFO - Command output:
[2025-09-22T07:57:48.560+0000] {subprocess.py:90} INFO - [0m07:57:48  Running with dbt=1.10.11
[2025-09-22T07:57:49.669+0000] {subprocess.py:90} INFO - [0m07:57:49  Installing dbt-labs/dbt_utils
[2025-09-22T07:57:50.338+0000] {subprocess.py:90} INFO - [0m07:57:50  Installed from version 1.3.0
[2025-09-22T07:57:50.338+0000] {subprocess.py:90} INFO - [0m07:57:50  Updated version available: 1.3.1
[2025-09-22T07:57:50.339+0000] {subprocess.py:90} INFO - [0m07:57:50
[2025-09-22T07:57:50.339+0000] {subprocess.py:90} INFO - [0m07:57:50  Updates available for packages: ['dbt-labs/dbt_utils']
[2025-09-22T07:57:50.340+0000] {subprocess.py:90} INFO - Update your versions in packages.yml, then run dbt deps
[2025-09-22T07:57:52.084+0000] {subprocess.py:94} INFO - Command exited with return code 0
[2025-09-22T07:57:52.085+0000] {local.py:441} INFO - Update your versions in packages.yml, then run dbt deps
[2025-09-22T07:57:52.086+0000] {virtualenv.py:99} INFO - Using Python binary from virtualenv: /tmp/cosmos_venv_ecom/bin/python
[2025-09-22T07:57:52.086+0000] {local.py:434} INFO - Trying to run the command:
 ['/tmp/cosmos_venv_ecom/bin/dbt', 'run', '--models', 'stg_reviews', '--project-dir', '/tmp/tmpz73ss4ld', '--profiles-dir', '/opt/***/dags/dbt', '--profile', 'ecom_staging', '--target', 'dev']
From /tmp/tmpz73ss4ld
[2025-09-22T07:57:52.087+0000] {subprocess.py:56} INFO - Tmp dir root location: 
 /tmp
[2025-09-22T07:57:52.087+0000] {subprocess.py:69} INFO - Running command: ['/tmp/cosmos_venv_ecom/bin/dbt', 'run', '--models', 'stg_reviews', '--project-dir', '/tmp/tmpz73ss4ld', '--profiles-dir', '/opt/***/dags/dbt', '--profile', 'ecom_staging', '--target', 'dev']
[2025-09-22T07:57:52.101+0000] {subprocess.py:80} INFO - Command output:
[2025-09-22T07:57:54.052+0000] {subprocess.py:90} INFO - [0m07:57:54  Running with dbt=1.10.11
[2025-09-22T07:57:54.054+0000] {subprocess.py:90} INFO - [0m07:57:54  [[33mWARNING[0m]: Deprecated functionality
[2025-09-22T07:57:54.055+0000] {subprocess.py:90} INFO - Usage of `--models`, `--model`, and `-m` is deprecated in favor of `--select` or
[2025-09-22T07:57:54.055+0000] {subprocess.py:90} INFO - `-s`.
[2025-09-22T07:57:54.371+0000] {subprocess.py:90} INFO - [0m07:57:54  Registered adapter: clickhouse=1.9.3
[2025-09-22T07:57:55.033+0000] {subprocess.py:90} INFO - [0m07:57:55  Found 8 models, 47 data tests, 8 sources, 597 macros
[2025-09-22T07:57:55.036+0000] {subprocess.py:90} INFO - [0m07:57:55
[2025-09-22T07:57:55.036+0000] {subprocess.py:90} INFO - [0m07:57:55  Concurrency: 4 threads (target='dev')
[2025-09-22T07:57:55.037+0000] {subprocess.py:90} INFO - [0m07:57:55
[2025-09-22T07:57:55.161+0000] {subprocess.py:90} INFO - [0m07:57:55  1 of 1 START sql view model `ecom_db_staging`.`stg_reviews` .................... [RUN]
[2025-09-22T07:57:55.239+0000] {subprocess.py:90} INFO - [0m07:57:55  1 of 1 OK created sql view model `ecom_db_staging`.`stg_reviews` ............... [[32mOK[0m in 0.07s]
[2025-09-22T07:57:55.243+0000] {subprocess.py:90} INFO - [0m07:57:55
[2025-09-22T07:57:55.244+0000] {subprocess.py:90} INFO - [0m07:57:55  Finished running 1 view model in 0 hours 0 minutes and 0.21 seconds (0.21s).
[2025-09-22T07:57:55.290+0000] {subprocess.py:90} INFO - [0m07:57:55
[2025-09-22T07:57:55.291+0000] {subprocess.py:90} INFO - [0m07:57:55  [32mCompleted successfully[0m
[2025-09-22T07:57:55.291+0000] {subprocess.py:90} INFO - [0m07:57:55
[2025-09-22T07:57:55.292+0000] {subprocess.py:90} INFO - [0m07:57:55  Done. PASS=1 WARN=0 ERROR=0 SKIP=0 NO-OP=0 TOTAL=1
[2025-09-22T07:57:55.293+0000] {subprocess.py:90} INFO - [0m07:57:55  [[33mWARNING[0m][DeprecationsSummary]: Deprecated functionality
[2025-09-22T07:57:55.293+0000] {subprocess.py:90} INFO - Summary of encountered deprecations:
[2025-09-22T07:57:55.294+0000] {subprocess.py:90} INFO - - ModelParamUsageDeprecation: 1 occurrence
[2025-09-22T07:57:55.294+0000] {subprocess.py:90} INFO - To see all deprecation instances instead of just the first occurrence of each,
[2025-09-22T07:57:55.295+0000] {subprocess.py:90} INFO - run command again with the `--show-all-deprecations` flag. You may also need to
[2025-09-22T07:57:55.296+0000] {subprocess.py:90} INFO - run with `--no-partial-parse` as some deprecations are only encountered during
[2025-09-22T07:57:55.296+0000] {subprocess.py:90} INFO - parsing.
[2025-09-22T07:57:56.968+0000] {subprocess.py:94} INFO - Command exited with return code 0
[2025-09-22T07:57:56.969+0000] {local.py:441} INFO - parsing.
[2025-09-22T07:57:56.986+0000] {local.py:196} WARNING - Artifact schema version: https://schemas.getdbt.com/dbt/manifest/v12.json is above dbt-ol supported version 7. This might cause errors.
[2025-09-22T07:57:56.987+0000] {local.py:196} WARNING - Artifact schema version: https://schemas.getdbt.com/dbt/run-results/v6.json is above dbt-ol supported version 5. This might cause errors.
[2025-09-22T07:57:56.997+0000] {local.py:547} INFO - Inlets: []
[2025-09-22T07:57:56.998+0000] {local.py:548} INFO - Outlets: []
[2025-09-22T07:57:56.998+0000] {local.py:772} INFO - Assigning inlets/outlets without DatasetAlias
[2025-09-22T07:57:56.999+0000] {dag.py:3089} INFO - Sync 1 DAGs
[2025-09-22T07:57:57.073+0000] {dag.py:3947} INFO - Setting next_dagrun for dbt_staging to 2025-09-22 00:00:00+00:00, run_after=2025-09-23 00:00:00+00:00
[2025-09-22T07:57:57.181+0000] {virtualenv.py:131} INFO - Releasing virtualenv lock
[2025-09-22T07:57:57.182+0000] {virtualenv.py:145} INFO - None
[2025-09-22T07:57:57.183+0000] {taskinstance.py:441} INFO - ::group::Post task execution logs
[2025-09-22T07:57:57.225+0000] {taskinstance.py:1206} INFO - Marking task as SUCCESS. dag_id=dbt_staging, task_id=dbt_ecom.stg_reviews.run, run_id=scheduled__2025-09-21T00:00:00+00:00, execution_date=20250921T000000, start_date=20250922T075716, end_date=20250922T075757
[2025-09-22T07:57:57.323+0000] {local_task_job_runner.py:243} INFO - Task exited with return code 0
[2025-09-22T07:57:57.378+0000] {taskinstance.py:3503} INFO - 1 downstream tasks scheduled from follow-on schedule check
[2025-09-22T07:57:57.390+0000] {local_task_job_runner.py:222} INFO - ::endgroup::
[2025-09-22T08:15:24.020+0000] {local_task_job_runner.py:120} INFO - ::group::Pre task execution logs
[2025-09-22T08:15:24.294+0000] {taskinstance.py:2076} INFO - Dependencies all met for dep_context=non-requeueable deps ti=<TaskInstance: dbt_staging.dbt_ecom.stg_reviews.run scheduled__2025-09-21T00:00:00+00:00 [queued]>
[2025-09-22T08:15:24.304+0000] {taskinstance.py:2076} INFO - Dependencies all met for dep_context=requeueable deps ti=<TaskInstance: dbt_staging.dbt_ecom.stg_reviews.run scheduled__2025-09-21T00:00:00+00:00 [queued]>
[2025-09-22T08:15:24.305+0000] {taskinstance.py:2306} INFO - Starting attempt 1 of 1
[2025-09-22T08:15:24.332+0000] {taskinstance.py:2330} INFO - Executing <Task(DbtRunVirtualenvOperator): dbt_ecom.stg_reviews.run> on 2025-09-21 00:00:00+00:00
[2025-09-22T08:15:24.340+0000] {standard_task_runner.py:64} INFO - Started process 2492 to run task
[2025-09-22T08:15:24.344+0000] {standard_task_runner.py:90} INFO - Running: ['***', 'tasks', 'run', 'dbt_staging', 'dbt_ecom.stg_reviews.run', 'scheduled__2025-09-21T00:00:00+00:00', '--job-id', '654', '--raw', '--subdir', 'DAGS_FOLDER/dbt_staging.py', '--cfg-path', '/tmp/tmp6s_95k83']
[2025-09-22T08:15:24.347+0000] {standard_task_runner.py:91} INFO - Job 654: Subtask dbt_ecom.stg_reviews.run
[2025-09-22T08:15:24.573+0000] {task_command.py:426} INFO - Running <TaskInstance: dbt_staging.dbt_ecom.stg_reviews.run scheduled__2025-09-21T00:00:00+00:00 [running]> on host e95bde6b8d07
[2025-09-22T08:15:24.990+0000] {taskinstance.py:2648} INFO - Exporting env vars: AIRFLOW_CTX_DAG_OWNER='***' AIRFLOW_CTX_DAG_ID='dbt_staging' AIRFLOW_CTX_TASK_ID='dbt_ecom.stg_reviews.run' AIRFLOW_CTX_EXECUTION_DATE='2025-09-21T00:00:00+00:00' AIRFLOW_CTX_TRY_NUMBER='1' AIRFLOW_CTX_DAG_RUN_ID='scheduled__2025-09-21T00:00:00+00:00'
[2025-09-22T08:15:24.992+0000] {taskinstance.py:430} INFO - ::endgroup::
[2025-09-22T08:15:25.012+0000] {virtualenv.py:120} INFO - Checking if the virtualenv lock /tmp/cosmos_venv_ecom/cosmos_virtualenv.lock exists
[2025-09-22T08:15:25.012+0000] {virtualenv.py:126} INFO - Acquiring the virtualenv lock
[2025-09-22T08:15:25.013+0000] {virtualenv.py:195} INFO - Acquiring lock at /tmp/cosmos_venv_ecom/cosmos_virtualenv.lock with pid 2492
[2025-09-22T08:15:25.014+0000] {virtualenv.py:153} INFO - Creating or updating the virtualenv at `/tmp/cosmos_venv_ecom
[2025-09-22T08:15:25.014+0000] {process_utils.py:183} INFO - Executing cmd: /home/***/.local/bin/python -m virtualenv /tmp/cosmos_venv_ecom --python=python3
[2025-09-22T08:15:25.015+0000] {process_utils.py:187} INFO - Output:
[2025-09-22T08:15:26.232+0000] {process_utils.py:191} INFO - created virtual environment CPython3.10.14.final.0-64 in 456ms
[2025-09-22T08:15:26.232+0000] {process_utils.py:191} INFO -   creator CPython3Posix(dest=/tmp/cosmos_venv_ecom, clear=False, no_vcs_ignore=False, global=False)
[2025-09-22T08:15:26.233+0000] {process_utils.py:191} INFO -   seeder FromAppData(download=False, pip=bundle, setuptools=bundle, wheel=bundle, via=copy, app_data_dir=/home/***/.local/share/virtualenv)
[2025-09-22T08:15:26.234+0000] {process_utils.py:191} INFO -     added seed packages: MarkupSafe==3.0.2, PyYAML==6.0.2, agate==1.9.1, annotated_types==0.7.0, attrs==25.3.0, babel==2.17.0, certifi==2025.8.3, charset_normalizer==3.4.3, click==8.2.1, clickhouse_connect==0.8.18, clickhouse_driver==0.2.9, colorama==0.4.6, daff==1.4.2, dbt_adapters==1.16.7, dbt_clickhouse==1.9.3, dbt_common==1.30.0, dbt_core==1.10.11, dbt_extractor==0.6.0, dbt_protos==1.0.375, dbt_semantic_interfaces==0.9.0, deepdiff==8.6.1, idna==3.10, importlib_metadata==8.7.0, isodate==0.6.1, jinja2==3.1.6, jsonschema==4.25.1, jsonschema_specifications==2025.9.1, leather==0.4.0, lz4==4.4.4, mashumaro==3.14, more_itertools==10.8.0, msgpack==1.1.1, networkx==3.4.2, orderly_set==5.5.0, packaging==25.0, parsedatetime==2.6, pathspec==0.12.1, pip==25.2, protobuf==6.32.1, pydantic==2.11.7, pydantic_core==2.33.2, python_dateutil==2.9.0.post0, python_slugify==8.0.4, pytimeparse==1.1.8, pytz==2025.2, referencing==0.36.2, requests==2.32.5, rpds_py==0.27.1, setuptools==80.9.0, six==1.17.0, snowplow_tracker==1.1.0, sqlparse==0.5.3, text_unidecode==1.3, typing_extensions==4.15.0, typing_inspection==0.4.1, tzlocal==5.3.1, urllib3==2.5.0, wheel==0.45.1, zipp==3.23.0, zstandard==0.24.0
[2025-09-22T08:15:26.235+0000] {process_utils.py:191} INFO -   activators BashActivator,CShellActivator,FishActivator,NushellActivator,PowerShellActivator,PythonActivator
[2025-09-22T08:15:26.292+0000] {process_utils.py:183} INFO - Executing cmd: /tmp/cosmos_venv_ecom/bin/pip install dbt-clickhouse
[2025-09-22T08:15:26.293+0000] {process_utils.py:187} INFO - Output:
[2025-09-22T08:15:27.654+0000] {process_utils.py:191} INFO - Requirement already satisfied: dbt-clickhouse in /tmp/cosmos_venv_ecom/lib/python3.10/site-packages (1.9.3)
[2025-09-22T08:15:27.656+0000] {process_utils.py:191} INFO - Requirement already satisfied: dbt-core>=1.9 in /tmp/cosmos_venv_ecom/lib/python3.10/site-packages (from dbt-clickhouse) (1.10.11)
[2025-09-22T08:15:27.657+0000] {process_utils.py:191} INFO - Requirement already satisfied: clickhouse-connect>=0.6.22 in /tmp/cosmos_venv_ecom/lib/python3.10/site-packages (from dbt-clickhouse) (0.8.18)
[2025-09-22T08:15:27.658+0000] {process_utils.py:191} INFO - Requirement already satisfied: clickhouse-driver>=0.2.6 in /tmp/cosmos_venv_ecom/lib/python3.10/site-packages (from dbt-clickhouse) (0.2.9)
[2025-09-22T08:15:27.659+0000] {process_utils.py:191} INFO - Requirement already satisfied: setuptools>=0.69 in /tmp/cosmos_venv_ecom/lib/python3.10/site-packages (from dbt-clickhouse) (80.9.0)
[2025-09-22T08:15:27.661+0000] {process_utils.py:191} INFO - Requirement already satisfied: certifi in /tmp/cosmos_venv_ecom/lib/python3.10/site-packages (from clickhouse-connect>=0.6.22->dbt-clickhouse) (2025.8.3)
[2025-09-22T08:15:27.662+0000] {process_utils.py:191} INFO - Requirement already satisfied: urllib3>=1.26 in /tmp/cosmos_venv_ecom/lib/python3.10/site-packages (from clickhouse-connect>=0.6.22->dbt-clickhouse) (2.5.0)
[2025-09-22T08:15:27.663+0000] {process_utils.py:191} INFO - Requirement already satisfied: pytz in /tmp/cosmos_venv_ecom/lib/python3.10/site-packages (from clickhouse-connect>=0.6.22->dbt-clickhouse) (2025.2)
[2025-09-22T08:15:27.663+0000] {process_utils.py:191} INFO - Requirement already satisfied: zstandard in /tmp/cosmos_venv_ecom/lib/python3.10/site-packages (from clickhouse-connect>=0.6.22->dbt-clickhouse) (0.24.0)
[2025-09-22T08:15:27.664+0000] {process_utils.py:191} INFO - Requirement already satisfied: lz4 in /tmp/cosmos_venv_ecom/lib/python3.10/site-packages (from clickhouse-connect>=0.6.22->dbt-clickhouse) (4.4.4)
[2025-09-22T08:15:27.667+0000] {process_utils.py:191} INFO - Requirement already satisfied: tzlocal in /tmp/cosmos_venv_ecom/lib/python3.10/site-packages (from clickhouse-driver>=0.2.6->dbt-clickhouse) (5.3.1)
[2025-09-22T08:15:27.671+0000] {process_utils.py:191} INFO - Requirement already satisfied: agate<1.10,>=1.7.0 in /tmp/cosmos_venv_ecom/lib/python3.10/site-packages (from dbt-core>=1.9->dbt-clickhouse) (1.9.1)
[2025-09-22T08:15:27.672+0000] {process_utils.py:191} INFO - Requirement already satisfied: Jinja2<4,>=3.1.3 in /tmp/cosmos_venv_ecom/lib/python3.10/site-packages (from dbt-core>=1.9->dbt-clickhouse) (3.1.6)
[2025-09-22T08:15:27.673+0000] {process_utils.py:191} INFO - Requirement already satisfied: mashumaro<3.15,>=3.9 in /tmp/cosmos_venv_ecom/lib/python3.10/site-packages (from mashumaro[msgpack]<3.15,>=3.9->dbt-core>=1.9->dbt-clickhouse) (3.14)
[2025-09-22T08:15:27.674+0000] {process_utils.py:191} INFO - Requirement already satisfied: click<9.0,>=8.0.2 in /tmp/cosmos_venv_ecom/lib/python3.10/site-packages (from dbt-core>=1.9->dbt-clickhouse) (8.2.1)
[2025-09-22T08:15:27.675+0000] {process_utils.py:191} INFO - Requirement already satisfied: jsonschema<5.0,>=4.19.1 in /tmp/cosmos_venv_ecom/lib/python3.10/site-packages (from dbt-core>=1.9->dbt-clickhouse) (4.25.1)
[2025-09-22T08:15:27.675+0000] {process_utils.py:191} INFO - Requirement already satisfied: networkx<4.0,>=2.3 in /tmp/cosmos_venv_ecom/lib/python3.10/site-packages (from dbt-core>=1.9->dbt-clickhouse) (3.4.2)
[2025-09-22T08:15:27.676+0000] {process_utils.py:191} INFO - Requirement already satisfied: protobuf<7.0,>=6.0 in /tmp/cosmos_venv_ecom/lib/python3.10/site-packages (from dbt-core>=1.9->dbt-clickhouse) (6.32.1)
[2025-09-22T08:15:27.676+0000] {process_utils.py:191} INFO - Requirement already satisfied: requests<3.0.0 in /tmp/cosmos_venv_ecom/lib/python3.10/site-packages (from dbt-core>=1.9->dbt-clickhouse) (2.32.5)
[2025-09-22T08:15:27.677+0000] {process_utils.py:191} INFO - Requirement already satisfied: snowplow-tracker<2.0,>=1.0.2 in /tmp/cosmos_venv_ecom/lib/python3.10/site-packages (from dbt-core>=1.9->dbt-clickhouse) (1.1.0)
[2025-09-22T08:15:27.678+0000] {process_utils.py:191} INFO - Requirement already satisfied: pathspec<0.13,>=0.9 in /tmp/cosmos_venv_ecom/lib/python3.10/site-packages (from dbt-core>=1.9->dbt-clickhouse) (0.12.1)
[2025-09-22T08:15:27.678+0000] {process_utils.py:191} INFO - Requirement already satisfied: sqlparse<0.6.0,>=0.5.0 in /tmp/cosmos_venv_ecom/lib/python3.10/site-packages (from dbt-core>=1.9->dbt-clickhouse) (0.5.3)
[2025-09-22T08:15:27.679+0000] {process_utils.py:191} INFO - Requirement already satisfied: dbt-extractor<=0.6,>=0.5.0 in /tmp/cosmos_venv_ecom/lib/python3.10/site-packages (from dbt-core>=1.9->dbt-clickhouse) (0.6.0)
[2025-09-22T08:15:27.681+0000] {process_utils.py:191} INFO - Requirement already satisfied: dbt-semantic-interfaces<0.10,>=0.9.0 in /tmp/cosmos_venv_ecom/lib/python3.10/site-packages (from dbt-core>=1.9->dbt-clickhouse) (0.9.0)
[2025-09-22T08:15:27.681+0000] {process_utils.py:191} INFO - Requirement already satisfied: dbt-common<2.0,>=1.27.0 in /tmp/cosmos_venv_ecom/lib/python3.10/site-packages (from dbt-core>=1.9->dbt-clickhouse) (1.30.0)
[2025-09-22T08:15:27.682+0000] {process_utils.py:191} INFO - Requirement already satisfied: dbt-adapters<2.0,>=1.15.5 in /tmp/cosmos_venv_ecom/lib/python3.10/site-packages (from dbt-core>=1.9->dbt-clickhouse) (1.16.7)
[2025-09-22T08:15:27.683+0000] {process_utils.py:191} INFO - Requirement already satisfied: dbt-protos<2.0,>=1.0.346 in /tmp/cosmos_venv_ecom/lib/python3.10/site-packages (from dbt-core>=1.9->dbt-clickhouse) (1.0.375)
[2025-09-22T08:15:27.684+0000] {process_utils.py:191} INFO - Requirement already satisfied: pydantic<3 in /tmp/cosmos_venv_ecom/lib/python3.10/site-packages (from dbt-core>=1.9->dbt-clickhouse) (2.11.7)
[2025-09-22T08:15:27.685+0000] {process_utils.py:191} INFO - Requirement already satisfied: packaging>20.9 in /tmp/cosmos_venv_ecom/lib/python3.10/site-packages (from dbt-core>=1.9->dbt-clickhouse) (25.0)
[2025-09-22T08:15:27.686+0000] {process_utils.py:191} INFO - Requirement already satisfied: pyyaml>=6.0 in /tmp/cosmos_venv_ecom/lib/python3.10/site-packages (from dbt-core>=1.9->dbt-clickhouse) (6.0.2)
[2025-09-22T08:15:27.687+0000] {process_utils.py:191} INFO - Requirement already satisfied: daff>=1.3.46 in /tmp/cosmos_venv_ecom/lib/python3.10/site-packages (from dbt-core>=1.9->dbt-clickhouse) (1.4.2)
[2025-09-22T08:15:27.688+0000] {process_utils.py:191} INFO - Requirement already satisfied: typing-extensions>=4.4 in /tmp/cosmos_venv_ecom/lib/python3.10/site-packages (from dbt-core>=1.9->dbt-clickhouse) (4.15.0)
[2025-09-22T08:15:27.692+0000] {process_utils.py:191} INFO - Requirement already satisfied: Babel>=2.0 in /tmp/cosmos_venv_ecom/lib/python3.10/site-packages (from agate<1.10,>=1.7.0->dbt-core>=1.9->dbt-clickhouse) (2.17.0)
[2025-09-22T08:15:27.693+0000] {process_utils.py:191} INFO - Requirement already satisfied: isodate>=0.5.4 in /tmp/cosmos_venv_ecom/lib/python3.10/site-packages (from agate<1.10,>=1.7.0->dbt-core>=1.9->dbt-clickhouse) (0.6.1)
[2025-09-22T08:15:27.693+0000] {process_utils.py:191} INFO - Requirement already satisfied: leather>=0.3.2 in /tmp/cosmos_venv_ecom/lib/python3.10/site-packages (from agate<1.10,>=1.7.0->dbt-core>=1.9->dbt-clickhouse) (0.4.0)
[2025-09-22T08:15:27.694+0000] {process_utils.py:191} INFO - Requirement already satisfied: parsedatetime!=2.5,>=2.1 in /tmp/cosmos_venv_ecom/lib/python3.10/site-packages (from agate<1.10,>=1.7.0->dbt-core>=1.9->dbt-clickhouse) (2.6)
[2025-09-22T08:15:27.694+0000] {process_utils.py:191} INFO - Requirement already satisfied: python-slugify>=1.2.1 in /tmp/cosmos_venv_ecom/lib/python3.10/site-packages (from agate<1.10,>=1.7.0->dbt-core>=1.9->dbt-clickhouse) (8.0.4)
[2025-09-22T08:15:27.695+0000] {process_utils.py:191} INFO - Requirement already satisfied: pytimeparse>=1.1.5 in /tmp/cosmos_venv_ecom/lib/python3.10/site-packages (from agate<1.10,>=1.7.0->dbt-core>=1.9->dbt-clickhouse) (1.1.8)
[2025-09-22T08:15:27.708+0000] {process_utils.py:191} INFO - Requirement already satisfied: colorama<0.5,>=0.3.9 in /tmp/cosmos_venv_ecom/lib/python3.10/site-packages (from dbt-common<2.0,>=1.27.0->dbt-core>=1.9->dbt-clickhouse) (0.4.6)
[2025-09-22T08:15:27.710+0000] {process_utils.py:191} INFO - Requirement already satisfied: deepdiff<9.0,>=7.0 in /tmp/cosmos_venv_ecom/lib/python3.10/site-packages (from dbt-common<2.0,>=1.27.0->dbt-core>=1.9->dbt-clickhouse) (8.6.1)
[2025-09-22T08:15:27.714+0000] {process_utils.py:191} INFO - Requirement already satisfied: python-dateutil<3.0,>=2.0 in /tmp/cosmos_venv_ecom/lib/python3.10/site-packages (from dbt-common<2.0,>=1.27.0->dbt-core>=1.9->dbt-clickhouse) (2.9.0.post0)
[2025-09-22T08:15:27.722+0000] {process_utils.py:191} INFO - Requirement already satisfied: importlib-metadata<9,>=6.0 in /tmp/cosmos_venv_ecom/lib/python3.10/site-packages (from dbt-semantic-interfaces<0.10,>=0.9.0->dbt-core>=1.9->dbt-clickhouse) (8.7.0)
[2025-09-22T08:15:27.724+0000] {process_utils.py:191} INFO - Requirement already satisfied: more-itertools<11.0,>=8.0 in /tmp/cosmos_venv_ecom/lib/python3.10/site-packages (from dbt-semantic-interfaces<0.10,>=0.9.0->dbt-core>=1.9->dbt-clickhouse) (10.8.0)
[2025-09-22T08:15:27.738+0000] {process_utils.py:191} INFO - Requirement already satisfied: orderly-set<6,>=5.4.1 in /tmp/cosmos_venv_ecom/lib/python3.10/site-packages (from deepdiff<9.0,>=7.0->dbt-common<2.0,>=1.27.0->dbt-core>=1.9->dbt-clickhouse) (5.5.0)
[2025-09-22T08:15:27.748+0000] {process_utils.py:191} INFO - Requirement already satisfied: zipp>=3.20 in /tmp/cosmos_venv_ecom/lib/python3.10/site-packages (from importlib-metadata<9,>=6.0->dbt-semantic-interfaces<0.10,>=0.9.0->dbt-core>=1.9->dbt-clickhouse) (3.23.0)
[2025-09-22T08:15:27.752+0000] {process_utils.py:191} INFO - Requirement already satisfied: six in /tmp/cosmos_venv_ecom/lib/python3.10/site-packages (from isodate>=0.5.4->agate<1.10,>=1.7.0->dbt-core>=1.9->dbt-clickhouse) (1.17.0)
[2025-09-22T08:15:27.755+0000] {process_utils.py:191} INFO - Requirement already satisfied: MarkupSafe>=2.0 in /tmp/cosmos_venv_ecom/lib/python3.10/site-packages (from Jinja2<4,>=3.1.3->dbt-core>=1.9->dbt-clickhouse) (3.0.2)
[2025-09-22T08:15:27.762+0000] {process_utils.py:191} INFO - Requirement already satisfied: attrs>=22.2.0 in /tmp/cosmos_venv_ecom/lib/python3.10/site-packages (from jsonschema<5.0,>=4.19.1->dbt-core>=1.9->dbt-clickhouse) (25.3.0)
[2025-09-22T08:15:27.764+0000] {process_utils.py:191} INFO - Requirement already satisfied: jsonschema-specifications>=2023.03.6 in /tmp/cosmos_venv_ecom/lib/python3.10/site-packages (from jsonschema<5.0,>=4.19.1->dbt-core>=1.9->dbt-clickhouse) (2025.9.1)
[2025-09-22T08:15:27.764+0000] {process_utils.py:191} INFO - Requirement already satisfied: referencing>=0.28.4 in /tmp/cosmos_venv_ecom/lib/python3.10/site-packages (from jsonschema<5.0,>=4.19.1->dbt-core>=1.9->dbt-clickhouse) (0.36.2)
[2025-09-22T08:15:27.765+0000] {process_utils.py:191} INFO - Requirement already satisfied: rpds-py>=0.7.1 in /tmp/cosmos_venv_ecom/lib/python3.10/site-packages (from jsonschema<5.0,>=4.19.1->dbt-core>=1.9->dbt-clickhouse) (0.27.1)
[2025-09-22T08:15:27.777+0000] {process_utils.py:191} INFO - Requirement already satisfied: msgpack>=0.5.6 in /tmp/cosmos_venv_ecom/lib/python3.10/site-packages (from mashumaro[msgpack]<3.15,>=3.9->dbt-core>=1.9->dbt-clickhouse) (1.1.1)
[2025-09-22T08:15:27.810+0000] {process_utils.py:191} INFO - Requirement already satisfied: annotated-types>=0.6.0 in /tmp/cosmos_venv_ecom/lib/python3.10/site-packages (from pydantic<3->dbt-core>=1.9->dbt-clickhouse) (0.7.0)
[2025-09-22T08:15:27.812+0000] {process_utils.py:191} INFO - Requirement already satisfied: pydantic-core==2.33.2 in /tmp/cosmos_venv_ecom/lib/python3.10/site-packages (from pydantic<3->dbt-core>=1.9->dbt-clickhouse) (2.33.2)
[2025-09-22T08:15:27.814+0000] {process_utils.py:191} INFO - Requirement already satisfied: typing-inspection>=0.4.0 in /tmp/cosmos_venv_ecom/lib/python3.10/site-packages (from pydantic<3->dbt-core>=1.9->dbt-clickhouse) (0.4.1)
[2025-09-22T08:15:27.830+0000] {process_utils.py:191} INFO - Requirement already satisfied: charset_normalizer<4,>=2 in /tmp/cosmos_venv_ecom/lib/python3.10/site-packages (from requests<3.0.0->dbt-core>=1.9->dbt-clickhouse) (3.4.3)
[2025-09-22T08:15:27.831+0000] {process_utils.py:191} INFO - Requirement already satisfied: idna<4,>=2.5 in /tmp/cosmos_venv_ecom/lib/python3.10/site-packages (from requests<3.0.0->dbt-core>=1.9->dbt-clickhouse) (3.10)
[2025-09-22T08:15:27.907+0000] {process_utils.py:191} INFO - Requirement already satisfied: text-unidecode>=1.3 in /tmp/cosmos_venv_ecom/lib/python3.10/site-packages (from python-slugify>=1.2.1->agate<1.10,>=1.7.0->dbt-core>=1.9->dbt-clickhouse) (1.3)
[2025-09-22T08:15:28.105+0000] {local.py:470} INFO - Cloning project to writable temp directory /tmp/tmpgmghes8v from /opt/airflow/dags/dbt/ecom_staging
[2025-09-22T08:15:28.117+0000] {local.py:490} INFO - Partial parse is enabled and the latest partial parse file is /tmp/cosmos/dbt_staging__dbt_ecom/target/partial_parse.msgpack
[2025-09-22T08:15:28.126+0000] {config.py:362} INFO - Using user-supplied profiles.yml at /opt/airflow/dags/dbt/profiles.yml
[2025-09-22T08:15:28.137+0000] {virtualenv.py:99} INFO - Using Python binary from virtualenv: /tmp/cosmos_venv_ecom/bin/python
[2025-09-22T08:15:28.138+0000] {local.py:434} INFO - Trying to run the command:
 ['/tmp/cosmos_venv_ecom/bin/dbt', 'deps', '--project-dir', '/tmp/tmpgmghes8v', '--profiles-dir', '/opt/***/dags/dbt', '--profile', 'ecom_staging', '--target', 'dev']
From /tmp/tmpgmghes8v
[2025-09-22T08:15:28.139+0000] {subprocess.py:56} INFO - Tmp dir root location: 
 /tmp
[2025-09-22T08:15:28.139+0000] {subprocess.py:69} INFO - Running command: ['/tmp/cosmos_venv_ecom/bin/dbt', 'deps', '--project-dir', '/tmp/tmpgmghes8v', '--profiles-dir', '/opt/***/dags/dbt', '--profile', 'ecom_staging', '--target', 'dev']
[2025-09-22T08:15:28.149+0000] {subprocess.py:80} INFO - Command output:
[2025-09-22T08:15:30.550+0000] {subprocess.py:90} INFO - [0m08:15:30  Running with dbt=1.10.11
[2025-09-22T08:15:31.462+0000] {subprocess.py:90} INFO - [0m08:15:31  Installing dbt-labs/dbt_utils
[2025-09-22T08:15:32.147+0000] {subprocess.py:90} INFO - [0m08:15:32  Installed from version 1.3.0
[2025-09-22T08:15:32.148+0000] {subprocess.py:90} INFO - [0m08:15:32  Updated version available: 1.3.1
[2025-09-22T08:15:32.148+0000] {subprocess.py:90} INFO - [0m08:15:32
[2025-09-22T08:15:32.149+0000] {subprocess.py:90} INFO - [0m08:15:32  Updates available for packages: ['dbt-labs/dbt_utils']
[2025-09-22T08:15:32.150+0000] {subprocess.py:90} INFO - Update your versions in packages.yml, then run dbt deps
[2025-09-22T08:15:33.930+0000] {subprocess.py:94} INFO - Command exited with return code 0
[2025-09-22T08:15:33.931+0000] {local.py:441} INFO - Update your versions in packages.yml, then run dbt deps
[2025-09-22T08:15:33.932+0000] {virtualenv.py:99} INFO - Using Python binary from virtualenv: /tmp/cosmos_venv_ecom/bin/python
[2025-09-22T08:15:33.932+0000] {local.py:434} INFO - Trying to run the command:
 ['/tmp/cosmos_venv_ecom/bin/dbt', 'run', '--models', 'stg_reviews', '--project-dir', '/tmp/tmpgmghes8v', '--profiles-dir', '/opt/***/dags/dbt', '--profile', 'ecom_staging', '--target', 'dev']
From /tmp/tmpgmghes8v
[2025-09-22T08:15:33.933+0000] {subprocess.py:56} INFO - Tmp dir root location: 
 /tmp
[2025-09-22T08:15:33.934+0000] {subprocess.py:69} INFO - Running command: ['/tmp/cosmos_venv_ecom/bin/dbt', 'run', '--models', 'stg_reviews', '--project-dir', '/tmp/tmpgmghes8v', '--profiles-dir', '/opt/***/dags/dbt', '--profile', 'ecom_staging', '--target', 'dev']
[2025-09-22T08:15:33.946+0000] {subprocess.py:80} INFO - Command output:
[2025-09-22T08:15:35.940+0000] {subprocess.py:90} INFO - [0m08:15:35  Running with dbt=1.10.11
[2025-09-22T08:15:35.942+0000] {subprocess.py:90} INFO - [0m08:15:35  [[33mWARNING[0m]: Deprecated functionality
[2025-09-22T08:15:35.943+0000] {subprocess.py:90} INFO - Usage of `--models`, `--model`, and `-m` is deprecated in favor of `--select` or
[2025-09-22T08:15:35.944+0000] {subprocess.py:90} INFO - `-s`.
[2025-09-22T08:15:36.227+0000] {subprocess.py:90} INFO - [0m08:15:36  Registered adapter: clickhouse=1.9.3
[2025-09-22T08:15:36.946+0000] {subprocess.py:90} INFO - [0m08:15:36  Found 8 models, 46 data tests, 8 sources, 597 macros
[2025-09-22T08:15:36.948+0000] {subprocess.py:90} INFO - [0m08:15:36
[2025-09-22T08:15:36.949+0000] {subprocess.py:90} INFO - [0m08:15:36  Concurrency: 4 threads (target='dev')
[2025-09-22T08:15:36.950+0000] {subprocess.py:90} INFO - [0m08:15:36
[2025-09-22T08:15:37.088+0000] {subprocess.py:90} INFO - [0m08:15:37  1 of 1 START sql view model `ecom_db_staging`.`stg_reviews` .................... [RUN]
[2025-09-22T08:15:37.182+0000] {subprocess.py:90} INFO - [0m08:15:37  1 of 1 OK created sql view model `ecom_db_staging`.`stg_reviews` ............... [[32mOK[0m in 0.09s]
[2025-09-22T08:15:37.188+0000] {subprocess.py:90} INFO - [0m08:15:37
[2025-09-22T08:15:37.189+0000] {subprocess.py:90} INFO - [0m08:15:37  Finished running 1 view model in 0 hours 0 minutes and 0.24 seconds (0.24s).
[2025-09-22T08:15:37.267+0000] {subprocess.py:90} INFO - [0m08:15:37
[2025-09-22T08:15:37.269+0000] {subprocess.py:90} INFO - [0m08:15:37  [32mCompleted successfully[0m
[2025-09-22T08:15:37.275+0000] {subprocess.py:90} INFO - [0m08:15:37
[2025-09-22T08:15:37.278+0000] {subprocess.py:90} INFO - [0m08:15:37  Done. PASS=1 WARN=0 ERROR=0 SKIP=0 NO-OP=0 TOTAL=1
[2025-09-22T08:15:37.281+0000] {subprocess.py:90} INFO - [0m08:15:37  [[33mWARNING[0m][DeprecationsSummary]: Deprecated functionality
[2025-09-22T08:15:37.284+0000] {subprocess.py:90} INFO - Summary of encountered deprecations:
[2025-09-22T08:15:37.285+0000] {subprocess.py:90} INFO - - ModelParamUsageDeprecation: 1 occurrence
[2025-09-22T08:15:37.287+0000] {subprocess.py:90} INFO - To see all deprecation instances instead of just the first occurrence of each,
[2025-09-22T08:15:37.288+0000] {subprocess.py:90} INFO - run command again with the `--show-all-deprecations` flag. You may also need to
[2025-09-22T08:15:37.291+0000] {subprocess.py:90} INFO - run with `--no-partial-parse` as some deprecations are only encountered during
[2025-09-22T08:15:37.293+0000] {subprocess.py:90} INFO - parsing.
[2025-09-22T08:15:38.904+0000] {subprocess.py:94} INFO - Command exited with return code 0
[2025-09-22T08:15:38.905+0000] {local.py:441} INFO - parsing.
[2025-09-22T08:15:38.921+0000] {local.py:196} WARNING - Artifact schema version: https://schemas.getdbt.com/dbt/manifest/v12.json is above dbt-ol supported version 7. This might cause errors.
[2025-09-22T08:15:38.922+0000] {local.py:196} WARNING - Artifact schema version: https://schemas.getdbt.com/dbt/run-results/v6.json is above dbt-ol supported version 5. This might cause errors.
[2025-09-22T08:15:38.933+0000] {local.py:547} INFO - Inlets: []
[2025-09-22T08:15:38.934+0000] {local.py:548} INFO - Outlets: []
[2025-09-22T08:15:38.934+0000] {local.py:772} INFO - Assigning inlets/outlets without DatasetAlias
[2025-09-22T08:15:38.935+0000] {dag.py:3089} INFO - Sync 1 DAGs
[2025-09-22T08:15:39.101+0000] {virtualenv.py:131} INFO - Releasing virtualenv lock
[2025-09-22T08:15:39.102+0000] {virtualenv.py:145} INFO - None
[2025-09-22T08:15:39.102+0000] {taskinstance.py:441} INFO - ::group::Post task execution logs
[2025-09-22T08:15:39.155+0000] {taskinstance.py:1206} INFO - Marking task as SUCCESS. dag_id=dbt_staging, task_id=dbt_ecom.stg_reviews.run, run_id=scheduled__2025-09-21T00:00:00+00:00, execution_date=20250921T000000, start_date=20250922T081524, end_date=20250922T081539
[2025-09-22T08:15:39.217+0000] {local_task_job_runner.py:243} INFO - Task exited with return code 0
[2025-09-22T08:15:39.323+0000] {taskinstance.py:3503} INFO - 1 downstream tasks scheduled from follow-on schedule check
[2025-09-22T08:15:39.336+0000] {local_task_job_runner.py:222} INFO - ::endgroup::
