[2025-09-14T14:31:14.132+0000] {local_task_job_runner.py:120} INFO - ::group::Pre task execution logs
[2025-09-14T14:31:14.623+0000] {taskinstance.py:2076} INFO - Dependencies all met for dep_context=non-requeueable deps ti=<TaskInstance: dbt_intermediate.intermediate.locations.run manual__2025-09-14T14:31:11.196753+00:00 [queued]>
[2025-09-14T14:31:14.679+0000] {taskinstance.py:2076} INFO - Dependencies all met for dep_context=requeueable deps ti=<TaskInstance: dbt_intermediate.intermediate.locations.run manual__2025-09-14T14:31:11.196753+00:00 [queued]>
[2025-09-14T14:31:14.680+0000] {taskinstance.py:2306} INFO - Starting attempt 1 of 1
[2025-09-14T14:31:14.734+0000] {taskinstance.py:2330} INFO - Executing <Task(DbtRunVirtualenvOperator): intermediate.locations.run> on 2025-09-14 14:31:11.196753+00:00
[2025-09-14T14:31:14.747+0000] {standard_task_runner.py:64} INFO - Started process 7235 to run task
[2025-09-14T14:31:14.762+0000] {standard_task_runner.py:90} INFO - Running: ['***', 'tasks', 'run', 'dbt_intermediate', 'intermediate.locations.run', 'manual__2025-09-14T14:31:11.196753+00:00', '--job-id', '376', '--raw', '--subdir', 'DAGS_FOLDER/dbt_intermediate.py', '--cfg-path', '/tmp/tmpmnxjt74s']
[2025-09-14T14:31:14.769+0000] {standard_task_runner.py:91} INFO - Job 376: Subtask intermediate.locations.run
[2025-09-14T14:31:15.264+0000] {task_command.py:426} INFO - Running <TaskInstance: dbt_intermediate.intermediate.locations.run manual__2025-09-14T14:31:11.196753+00:00 [running]> on host e95bde6b8d07
[2025-09-14T14:31:16.004+0000] {taskinstance.py:2648} INFO - Exporting env vars: AIRFLOW_CTX_DAG_OWNER='***' AIRFLOW_CTX_DAG_ID='dbt_intermediate' AIRFLOW_CTX_TASK_ID='intermediate.locations.run' AIRFLOW_CTX_EXECUTION_DATE='2025-09-14T14:31:11.196753+00:00' AIRFLOW_CTX_TRY_NUMBER='1' AIRFLOW_CTX_DAG_RUN_ID='manual__2025-09-14T14:31:11.196753+00:00'
[2025-09-14T14:31:16.006+0000] {taskinstance.py:430} INFO - ::endgroup::
[2025-09-14T14:31:16.032+0000] {virtualenv.py:120} INFO - Checking if the virtualenv lock /tmp/cosmos_venv_ecom_intermediate/cosmos_virtualenv.lock exists
[2025-09-14T14:31:16.033+0000] {virtualenv.py:178} INFO - Checking for running process with PID 7234
[2025-09-14T14:31:16.034+0000] {virtualenv.py:181} INFO - Process 7234 running: True and has the lock /tmp/cosmos_venv_ecom_intermediate/cosmos_virtualenv.lock.
[2025-09-14T14:31:16.035+0000] {virtualenv.py:122} INFO - Waiting for virtualenv lock to be released
[2025-09-14T14:31:17.037+0000] {virtualenv.py:178} INFO - Checking for running process with PID 7234
[2025-09-14T14:31:17.038+0000] {virtualenv.py:181} INFO - Process 7234 running: True and has the lock /tmp/cosmos_venv_ecom_intermediate/cosmos_virtualenv.lock.
[2025-09-14T14:31:17.039+0000] {virtualenv.py:122} INFO - Waiting for virtualenv lock to be released
[2025-09-14T14:31:18.040+0000] {virtualenv.py:178} INFO - Checking for running process with PID 7234
[2025-09-14T14:31:18.041+0000] {virtualenv.py:181} INFO - Process 7234 running: True and has the lock /tmp/cosmos_venv_ecom_intermediate/cosmos_virtualenv.lock.
[2025-09-14T14:31:18.042+0000] {virtualenv.py:122} INFO - Waiting for virtualenv lock to be released
[2025-09-14T14:31:19.045+0000] {virtualenv.py:178} INFO - Checking for running process with PID 7234
[2025-09-14T14:31:19.047+0000] {virtualenv.py:181} INFO - Process 7234 running: True and has the lock /tmp/cosmos_venv_ecom_intermediate/cosmos_virtualenv.lock.
[2025-09-14T14:31:19.048+0000] {virtualenv.py:122} INFO - Waiting for virtualenv lock to be released
[2025-09-14T14:31:20.050+0000] {virtualenv.py:178} INFO - Checking for running process with PID 7234
[2025-09-14T14:31:20.051+0000] {virtualenv.py:181} INFO - Process 7234 running: True and has the lock /tmp/cosmos_venv_ecom_intermediate/cosmos_virtualenv.lock.
[2025-09-14T14:31:20.052+0000] {virtualenv.py:122} INFO - Waiting for virtualenv lock to be released
[2025-09-14T14:31:21.054+0000] {virtualenv.py:178} INFO - Checking for running process with PID 7234
[2025-09-14T14:31:21.054+0000] {virtualenv.py:181} INFO - Process 7234 running: True and has the lock /tmp/cosmos_venv_ecom_intermediate/cosmos_virtualenv.lock.
[2025-09-14T14:31:21.055+0000] {virtualenv.py:122} INFO - Waiting for virtualenv lock to be released
[2025-09-14T14:31:22.057+0000] {virtualenv.py:178} INFO - Checking for running process with PID 7234
[2025-09-14T14:31:22.059+0000] {virtualenv.py:181} INFO - Process 7234 running: True and has the lock /tmp/cosmos_venv_ecom_intermediate/cosmos_virtualenv.lock.
[2025-09-14T14:31:22.061+0000] {virtualenv.py:122} INFO - Waiting for virtualenv lock to be released
[2025-09-14T14:31:23.063+0000] {virtualenv.py:178} INFO - Checking for running process with PID 7234
[2025-09-14T14:31:23.064+0000] {virtualenv.py:181} INFO - Process 7234 running: True and has the lock /tmp/cosmos_venv_ecom_intermediate/cosmos_virtualenv.lock.
[2025-09-14T14:31:23.065+0000] {virtualenv.py:122} INFO - Waiting for virtualenv lock to be released
[2025-09-14T14:31:24.066+0000] {virtualenv.py:178} INFO - Checking for running process with PID 7234
[2025-09-14T14:31:24.067+0000] {virtualenv.py:181} INFO - Process 7234 running: True and has the lock /tmp/cosmos_venv_ecom_intermediate/cosmos_virtualenv.lock.
[2025-09-14T14:31:24.068+0000] {virtualenv.py:122} INFO - Waiting for virtualenv lock to be released
[2025-09-14T14:31:25.069+0000] {virtualenv.py:178} INFO - Checking for running process with PID 7234
[2025-09-14T14:31:25.070+0000] {virtualenv.py:181} INFO - Process 7234 running: True and has the lock /tmp/cosmos_venv_ecom_intermediate/cosmos_virtualenv.lock.
[2025-09-14T14:31:25.070+0000] {virtualenv.py:122} INFO - Waiting for virtualenv lock to be released
[2025-09-14T14:31:26.072+0000] {virtualenv.py:178} INFO - Checking for running process with PID 7234
[2025-09-14T14:31:26.073+0000] {virtualenv.py:181} INFO - Process 7234 running: True and has the lock /tmp/cosmos_venv_ecom_intermediate/cosmos_virtualenv.lock.
[2025-09-14T14:31:26.073+0000] {virtualenv.py:122} INFO - Waiting for virtualenv lock to be released
[2025-09-14T14:31:27.075+0000] {virtualenv.py:178} INFO - Checking for running process with PID 7234
[2025-09-14T14:31:27.076+0000] {virtualenv.py:181} INFO - Process 7234 running: True and has the lock /tmp/cosmos_venv_ecom_intermediate/cosmos_virtualenv.lock.
[2025-09-14T14:31:27.076+0000] {virtualenv.py:122} INFO - Waiting for virtualenv lock to be released
[2025-09-14T14:31:28.078+0000] {virtualenv.py:178} INFO - Checking for running process with PID 7234
[2025-09-14T14:31:28.080+0000] {virtualenv.py:181} INFO - Process 7234 running: True and has the lock /tmp/cosmos_venv_ecom_intermediate/cosmos_virtualenv.lock.
[2025-09-14T14:31:28.080+0000] {virtualenv.py:122} INFO - Waiting for virtualenv lock to be released
[2025-09-14T14:31:29.082+0000] {virtualenv.py:178} INFO - Checking for running process with PID 7234
[2025-09-14T14:31:29.082+0000] {virtualenv.py:181} INFO - Process 7234 running: True and has the lock /tmp/cosmos_venv_ecom_intermediate/cosmos_virtualenv.lock.
[2025-09-14T14:31:29.083+0000] {virtualenv.py:122} INFO - Waiting for virtualenv lock to be released
[2025-09-14T14:31:30.083+0000] {virtualenv.py:178} INFO - Checking for running process with PID 7234
[2025-09-14T14:31:30.084+0000] {virtualenv.py:181} INFO - Process 7234 running: True and has the lock /tmp/cosmos_venv_ecom_intermediate/cosmos_virtualenv.lock.
[2025-09-14T14:31:30.085+0000] {virtualenv.py:122} INFO - Waiting for virtualenv lock to be released
[2025-09-14T14:31:31.087+0000] {virtualenv.py:178} INFO - Checking for running process with PID 7234
[2025-09-14T14:31:31.088+0000] {virtualenv.py:181} INFO - Process 7234 running: True and has the lock /tmp/cosmos_venv_ecom_intermediate/cosmos_virtualenv.lock.
[2025-09-14T14:31:31.088+0000] {virtualenv.py:122} INFO - Waiting for virtualenv lock to be released
[2025-09-14T14:31:32.089+0000] {virtualenv.py:178} INFO - Checking for running process with PID 7239
[2025-09-14T14:31:32.090+0000] {virtualenv.py:181} INFO - Process 7239 running: True and has the lock /tmp/cosmos_venv_ecom_intermediate/cosmos_virtualenv.lock.
[2025-09-14T14:31:32.091+0000] {virtualenv.py:122} INFO - Waiting for virtualenv lock to be released
[2025-09-14T14:31:33.092+0000] {virtualenv.py:178} INFO - Checking for running process with PID 7239
[2025-09-14T14:31:33.093+0000] {virtualenv.py:181} INFO - Process 7239 running: True and has the lock /tmp/cosmos_venv_ecom_intermediate/cosmos_virtualenv.lock.
[2025-09-14T14:31:33.094+0000] {virtualenv.py:122} INFO - Waiting for virtualenv lock to be released
[2025-09-14T14:31:34.096+0000] {virtualenv.py:178} INFO - Checking for running process with PID 7239
[2025-09-14T14:31:34.096+0000] {virtualenv.py:181} INFO - Process 7239 running: True and has the lock /tmp/cosmos_venv_ecom_intermediate/cosmos_virtualenv.lock.
[2025-09-14T14:31:34.097+0000] {virtualenv.py:122} INFO - Waiting for virtualenv lock to be released
[2025-09-14T14:31:35.097+0000] {virtualenv.py:178} INFO - Checking for running process with PID 7239
[2025-09-14T14:31:35.098+0000] {virtualenv.py:181} INFO - Process 7239 running: True and has the lock /tmp/cosmos_venv_ecom_intermediate/cosmos_virtualenv.lock.
[2025-09-14T14:31:35.099+0000] {virtualenv.py:122} INFO - Waiting for virtualenv lock to be released
[2025-09-14T14:31:36.100+0000] {virtualenv.py:178} INFO - Checking for running process with PID 7239
[2025-09-14T14:31:36.101+0000] {virtualenv.py:181} INFO - Process 7239 running: True and has the lock /tmp/cosmos_venv_ecom_intermediate/cosmos_virtualenv.lock.
[2025-09-14T14:31:36.105+0000] {virtualenv.py:122} INFO - Waiting for virtualenv lock to be released
[2025-09-14T14:31:37.106+0000] {virtualenv.py:178} INFO - Checking for running process with PID 7239
[2025-09-14T14:31:37.107+0000] {virtualenv.py:181} INFO - Process 7239 running: True and has the lock /tmp/cosmos_venv_ecom_intermediate/cosmos_virtualenv.lock.
[2025-09-14T14:31:37.107+0000] {virtualenv.py:122} INFO - Waiting for virtualenv lock to be released
[2025-09-14T14:31:38.109+0000] {virtualenv.py:178} INFO - Checking for running process with PID 7239
[2025-09-14T14:31:38.110+0000] {virtualenv.py:181} INFO - Process 7239 running: True and has the lock /tmp/cosmos_venv_ecom_intermediate/cosmos_virtualenv.lock.
[2025-09-14T14:31:38.110+0000] {virtualenv.py:122} INFO - Waiting for virtualenv lock to be released
[2025-09-14T14:31:39.112+0000] {virtualenv.py:178} INFO - Checking for running process with PID 7239
[2025-09-14T14:31:39.113+0000] {virtualenv.py:181} INFO - Process 7239 running: True and has the lock /tmp/cosmos_venv_ecom_intermediate/cosmos_virtualenv.lock.
[2025-09-14T14:31:39.114+0000] {virtualenv.py:122} INFO - Waiting for virtualenv lock to be released
[2025-09-14T14:31:40.115+0000] {virtualenv.py:178} INFO - Checking for running process with PID 7239
[2025-09-14T14:31:40.116+0000] {virtualenv.py:181} INFO - Process 7239 running: True and has the lock /tmp/cosmos_venv_ecom_intermediate/cosmos_virtualenv.lock.
[2025-09-14T14:31:40.117+0000] {virtualenv.py:122} INFO - Waiting for virtualenv lock to be released
[2025-09-14T14:31:41.118+0000] {virtualenv.py:178} INFO - Checking for running process with PID 7239
[2025-09-14T14:31:41.120+0000] {virtualenv.py:181} INFO - Process 7239 running: True and has the lock /tmp/cosmos_venv_ecom_intermediate/cosmos_virtualenv.lock.
[2025-09-14T14:31:41.120+0000] {virtualenv.py:122} INFO - Waiting for virtualenv lock to be released
[2025-09-14T14:31:42.122+0000] {virtualenv.py:178} INFO - Checking for running process with PID 7239
[2025-09-14T14:31:42.123+0000] {virtualenv.py:181} INFO - Process 7239 running: True and has the lock /tmp/cosmos_venv_ecom_intermediate/cosmos_virtualenv.lock.
[2025-09-14T14:31:42.124+0000] {virtualenv.py:122} INFO - Waiting for virtualenv lock to be released
[2025-09-14T14:31:43.126+0000] {virtualenv.py:178} INFO - Checking for running process with PID 7239
[2025-09-14T14:31:43.127+0000] {virtualenv.py:181} INFO - Process 7239 running: True and has the lock /tmp/cosmos_venv_ecom_intermediate/cosmos_virtualenv.lock.
[2025-09-14T14:31:43.128+0000] {virtualenv.py:122} INFO - Waiting for virtualenv lock to be released
[2025-09-14T14:31:44.130+0000] {virtualenv.py:178} INFO - Checking for running process with PID 7239
[2025-09-14T14:31:44.131+0000] {virtualenv.py:181} INFO - Process 7239 running: True and has the lock /tmp/cosmos_venv_ecom_intermediate/cosmos_virtualenv.lock.
[2025-09-14T14:31:44.132+0000] {virtualenv.py:122} INFO - Waiting for virtualenv lock to be released
[2025-09-14T14:31:45.132+0000] {virtualenv.py:178} INFO - Checking for running process with PID 7239
[2025-09-14T14:31:45.134+0000] {virtualenv.py:181} INFO - Process 7239 running: True and has the lock /tmp/cosmos_venv_ecom_intermediate/cosmos_virtualenv.lock.
[2025-09-14T14:31:45.134+0000] {virtualenv.py:122} INFO - Waiting for virtualenv lock to be released
[2025-09-14T14:31:46.136+0000] {virtualenv.py:178} INFO - Checking for running process with PID 7239
[2025-09-14T14:31:46.137+0000] {virtualenv.py:181} INFO - Process 7239 running: True and has the lock /tmp/cosmos_venv_ecom_intermediate/cosmos_virtualenv.lock.
[2025-09-14T14:31:46.138+0000] {virtualenv.py:122} INFO - Waiting for virtualenv lock to be released
[2025-09-14T14:31:47.139+0000] {virtualenv.py:178} INFO - Checking for running process with PID 7239
[2025-09-14T14:31:47.141+0000] {virtualenv.py:181} INFO - Process 7239 running: True and has the lock /tmp/cosmos_venv_ecom_intermediate/cosmos_virtualenv.lock.
[2025-09-14T14:31:47.142+0000] {virtualenv.py:122} INFO - Waiting for virtualenv lock to be released
[2025-09-14T14:31:48.144+0000] {virtualenv.py:178} INFO - Checking for running process with PID 7303
[2025-09-14T14:31:48.144+0000] {virtualenv.py:181} INFO - Process 7303 running: True and has the lock /tmp/cosmos_venv_ecom_intermediate/cosmos_virtualenv.lock.
[2025-09-14T14:31:48.145+0000] {virtualenv.py:122} INFO - Waiting for virtualenv lock to be released
[2025-09-14T14:31:49.146+0000] {virtualenv.py:178} INFO - Checking for running process with PID 7303
[2025-09-14T14:31:49.147+0000] {virtualenv.py:181} INFO - Process 7303 running: True and has the lock /tmp/cosmos_venv_ecom_intermediate/cosmos_virtualenv.lock.
[2025-09-14T14:31:49.148+0000] {virtualenv.py:122} INFO - Waiting for virtualenv lock to be released
[2025-09-14T14:31:50.149+0000] {virtualenv.py:178} INFO - Checking for running process with PID 7303
[2025-09-14T14:31:50.150+0000] {virtualenv.py:181} INFO - Process 7303 running: True and has the lock /tmp/cosmos_venv_ecom_intermediate/cosmos_virtualenv.lock.
[2025-09-14T14:31:50.151+0000] {virtualenv.py:122} INFO - Waiting for virtualenv lock to be released
[2025-09-14T14:31:51.152+0000] {virtualenv.py:178} INFO - Checking for running process with PID 7303
[2025-09-14T14:31:51.153+0000] {virtualenv.py:181} INFO - Process 7303 running: True and has the lock /tmp/cosmos_venv_ecom_intermediate/cosmos_virtualenv.lock.
[2025-09-14T14:31:51.154+0000] {virtualenv.py:122} INFO - Waiting for virtualenv lock to be released
[2025-09-14T14:31:52.156+0000] {virtualenv.py:178} INFO - Checking for running process with PID 7303
[2025-09-14T14:31:52.157+0000] {virtualenv.py:181} INFO - Process 7303 running: True and has the lock /tmp/cosmos_venv_ecom_intermediate/cosmos_virtualenv.lock.
[2025-09-14T14:31:52.158+0000] {virtualenv.py:122} INFO - Waiting for virtualenv lock to be released
[2025-09-14T14:31:53.159+0000] {virtualenv.py:178} INFO - Checking for running process with PID 7303
[2025-09-14T14:31:53.160+0000] {virtualenv.py:181} INFO - Process 7303 running: True and has the lock /tmp/cosmos_venv_ecom_intermediate/cosmos_virtualenv.lock.
[2025-09-14T14:31:53.161+0000] {virtualenv.py:122} INFO - Waiting for virtualenv lock to be released
[2025-09-14T14:31:54.163+0000] {virtualenv.py:178} INFO - Checking for running process with PID 7303
[2025-09-14T14:31:54.164+0000] {virtualenv.py:181} INFO - Process 7303 running: True and has the lock /tmp/cosmos_venv_ecom_intermediate/cosmos_virtualenv.lock.
[2025-09-14T14:31:54.164+0000] {virtualenv.py:122} INFO - Waiting for virtualenv lock to be released
[2025-09-14T14:31:55.166+0000] {virtualenv.py:178} INFO - Checking for running process with PID 7303
[2025-09-14T14:31:55.167+0000] {virtualenv.py:181} INFO - Process 7303 running: True and has the lock /tmp/cosmos_venv_ecom_intermediate/cosmos_virtualenv.lock.
[2025-09-14T14:31:55.168+0000] {virtualenv.py:122} INFO - Waiting for virtualenv lock to be released
[2025-09-14T14:31:56.170+0000] {virtualenv.py:178} INFO - Checking for running process with PID 7303
[2025-09-14T14:31:56.171+0000] {virtualenv.py:181} INFO - Process 7303 running: True and has the lock /tmp/cosmos_venv_ecom_intermediate/cosmos_virtualenv.lock.
[2025-09-14T14:31:56.172+0000] {virtualenv.py:122} INFO - Waiting for virtualenv lock to be released
[2025-09-14T14:31:57.173+0000] {virtualenv.py:178} INFO - Checking for running process with PID 7303
[2025-09-14T14:31:57.174+0000] {virtualenv.py:181} INFO - Process 7303 running: True and has the lock /tmp/cosmos_venv_ecom_intermediate/cosmos_virtualenv.lock.
[2025-09-14T14:31:57.174+0000] {virtualenv.py:122} INFO - Waiting for virtualenv lock to be released
[2025-09-14T14:31:58.176+0000] {virtualenv.py:178} INFO - Checking for running process with PID 7303
[2025-09-14T14:31:58.177+0000] {virtualenv.py:181} INFO - Process 7303 running: True and has the lock /tmp/cosmos_venv_ecom_intermediate/cosmos_virtualenv.lock.
[2025-09-14T14:31:58.177+0000] {virtualenv.py:122} INFO - Waiting for virtualenv lock to be released
[2025-09-14T14:31:59.178+0000] {virtualenv.py:178} INFO - Checking for running process with PID 7303
[2025-09-14T14:31:59.179+0000] {virtualenv.py:181} INFO - Process 7303 running: True and has the lock /tmp/cosmos_venv_ecom_intermediate/cosmos_virtualenv.lock.
[2025-09-14T14:31:59.180+0000] {virtualenv.py:122} INFO - Waiting for virtualenv lock to be released
[2025-09-14T14:32:00.181+0000] {virtualenv.py:178} INFO - Checking for running process with PID 7303
[2025-09-14T14:32:00.182+0000] {virtualenv.py:181} INFO - Process 7303 running: True and has the lock /tmp/cosmos_venv_ecom_intermediate/cosmos_virtualenv.lock.
[2025-09-14T14:32:00.183+0000] {virtualenv.py:122} INFO - Waiting for virtualenv lock to be released
[2025-09-14T14:32:01.184+0000] {virtualenv.py:178} INFO - Checking for running process with PID 7303
[2025-09-14T14:32:01.185+0000] {virtualenv.py:181} INFO - Process 7303 running: True and has the lock /tmp/cosmos_venv_ecom_intermediate/cosmos_virtualenv.lock.
[2025-09-14T14:32:01.185+0000] {virtualenv.py:122} INFO - Waiting for virtualenv lock to be released
[2025-09-14T14:32:02.187+0000] {virtualenv.py:178} INFO - Checking for running process with PID 7303
[2025-09-14T14:32:02.188+0000] {virtualenv.py:181} INFO - Process 7303 running: True and has the lock /tmp/cosmos_venv_ecom_intermediate/cosmos_virtualenv.lock.
[2025-09-14T14:32:02.188+0000] {virtualenv.py:122} INFO - Waiting for virtualenv lock to be released
[2025-09-14T14:32:03.190+0000] {virtualenv.py:178} INFO - Checking for running process with PID 7303
[2025-09-14T14:32:03.191+0000] {virtualenv.py:181} INFO - Process 7303 running: True and has the lock /tmp/cosmos_venv_ecom_intermediate/cosmos_virtualenv.lock.
[2025-09-14T14:32:03.191+0000] {virtualenv.py:122} INFO - Waiting for virtualenv lock to be released
[2025-09-14T14:32:04.192+0000] {virtualenv.py:178} INFO - Checking for running process with PID 7303
[2025-09-14T14:32:04.193+0000] {virtualenv.py:181} INFO - Process 7303 running: True and has the lock /tmp/cosmos_venv_ecom_intermediate/cosmos_virtualenv.lock.
[2025-09-14T14:32:04.193+0000] {virtualenv.py:122} INFO - Waiting for virtualenv lock to be released
[2025-09-14T14:32:05.195+0000] {virtualenv.py:126} INFO - Acquiring the virtualenv lock
[2025-09-14T14:32:05.196+0000] {virtualenv.py:195} INFO - Acquiring lock at /tmp/cosmos_venv_ecom_intermediate/cosmos_virtualenv.lock with pid 7235
[2025-09-14T14:32:05.196+0000] {virtualenv.py:153} INFO - Creating or updating the virtualenv at `/tmp/cosmos_venv_ecom_intermediate
[2025-09-14T14:32:05.197+0000] {process_utils.py:183} INFO - Executing cmd: /home/***/.local/bin/python -m virtualenv /tmp/cosmos_venv_ecom_intermediate --python=python3
[2025-09-14T14:32:05.198+0000] {process_utils.py:187} INFO - Output:
[2025-09-14T14:32:06.442+0000] {process_utils.py:191} INFO - created virtual environment CPython3.10.14.final.0-64 in 495ms
[2025-09-14T14:32:06.443+0000] {process_utils.py:191} INFO -   creator CPython3Posix(dest=/tmp/cosmos_venv_ecom_intermediate, clear=False, no_vcs_ignore=False, global=False)
[2025-09-14T14:32:06.444+0000] {process_utils.py:191} INFO -   seeder FromAppData(download=False, pip=bundle, setuptools=bundle, wheel=bundle, via=copy, app_data_dir=/home/***/.local/share/virtualenv)
[2025-09-14T14:32:06.445+0000] {process_utils.py:191} INFO -     added seed packages: MarkupSafe==3.0.2, PyYAML==6.0.2, agate==1.9.1, annotated_types==0.7.0, attrs==25.3.0, babel==2.17.0, certifi==2025.8.3, charset_normalizer==3.4.3, click==8.2.1, clickhouse_connect==0.8.18, clickhouse_driver==0.2.9, colorama==0.4.6, daff==1.4.2, dbt_adapters==1.16.7, dbt_clickhouse==1.9.3, dbt_common==1.30.0, dbt_core==1.10.11, dbt_extractor==0.6.0, dbt_protos==1.0.375, dbt_semantic_interfaces==0.9.0, deepdiff==8.6.1, idna==3.10, importlib_metadata==8.7.0, isodate==0.6.1, jinja2==3.1.6, jsonschema==4.25.1, jsonschema_specifications==2025.9.1, leather==0.4.0, lz4==4.4.4, mashumaro==3.14, more_itertools==10.8.0, msgpack==1.1.1, networkx==3.4.2, orderly_set==5.5.0, packaging==25.0, parsedatetime==2.6, pathspec==0.12.1, pip==25.2, protobuf==6.32.1, pydantic==2.11.8, pydantic_core==2.33.2, python_dateutil==2.9.0.post0, python_slugify==8.0.4, pytimeparse==1.1.8, pytz==2025.2, referencing==0.36.2, requests==2.32.5, rpds_py==0.27.1, setuptools==80.9.0, six==1.17.0, snowplow_tracker==1.1.0, sqlparse==0.5.3, text_unidecode==1.3, typing_extensions==4.15.0, typing_inspection==0.4.1, tzlocal==5.3.1, urllib3==2.5.0, wheel==0.45.1, zipp==3.23.0, zstandard==0.24.0
[2025-09-14T14:32:06.446+0000] {process_utils.py:191} INFO -   activators BashActivator,CShellActivator,FishActivator,NushellActivator,PowerShellActivator,PythonActivator
[2025-09-14T14:32:06.519+0000] {process_utils.py:183} INFO - Executing cmd: /tmp/cosmos_venv_ecom_intermediate/bin/pip install dbt-clickhouse
[2025-09-14T14:32:06.520+0000] {process_utils.py:187} INFO - Output:
[2025-09-14T14:32:08.044+0000] {process_utils.py:191} INFO - Requirement already satisfied: dbt-clickhouse in /tmp/cosmos_venv_ecom_intermediate/lib/python3.10/site-packages (1.9.3)
[2025-09-14T14:32:08.047+0000] {process_utils.py:191} INFO - Requirement already satisfied: dbt-core>=1.9 in /tmp/cosmos_venv_ecom_intermediate/lib/python3.10/site-packages (from dbt-clickhouse) (1.10.11)
[2025-09-14T14:32:08.048+0000] {process_utils.py:191} INFO - Requirement already satisfied: clickhouse-connect>=0.6.22 in /tmp/cosmos_venv_ecom_intermediate/lib/python3.10/site-packages (from dbt-clickhouse) (0.8.18)
[2025-09-14T14:32:08.050+0000] {process_utils.py:191} INFO - Requirement already satisfied: clickhouse-driver>=0.2.6 in /tmp/cosmos_venv_ecom_intermediate/lib/python3.10/site-packages (from dbt-clickhouse) (0.2.9)
[2025-09-14T14:32:08.051+0000] {process_utils.py:191} INFO - Requirement already satisfied: setuptools>=0.69 in /tmp/cosmos_venv_ecom_intermediate/lib/python3.10/site-packages (from dbt-clickhouse) (80.9.0)
[2025-09-14T14:32:08.056+0000] {process_utils.py:191} INFO - Requirement already satisfied: certifi in /tmp/cosmos_venv_ecom_intermediate/lib/python3.10/site-packages (from clickhouse-connect>=0.6.22->dbt-clickhouse) (2025.8.3)
[2025-09-14T14:32:08.057+0000] {process_utils.py:191} INFO - Requirement already satisfied: urllib3>=1.26 in /tmp/cosmos_venv_ecom_intermediate/lib/python3.10/site-packages (from clickhouse-connect>=0.6.22->dbt-clickhouse) (2.5.0)
[2025-09-14T14:32:08.058+0000] {process_utils.py:191} INFO - Requirement already satisfied: pytz in /tmp/cosmos_venv_ecom_intermediate/lib/python3.10/site-packages (from clickhouse-connect>=0.6.22->dbt-clickhouse) (2025.2)
[2025-09-14T14:32:08.059+0000] {process_utils.py:191} INFO - Requirement already satisfied: zstandard in /tmp/cosmos_venv_ecom_intermediate/lib/python3.10/site-packages (from clickhouse-connect>=0.6.22->dbt-clickhouse) (0.24.0)
[2025-09-14T14:32:08.059+0000] {process_utils.py:191} INFO - Requirement already satisfied: lz4 in /tmp/cosmos_venv_ecom_intermediate/lib/python3.10/site-packages (from clickhouse-connect>=0.6.22->dbt-clickhouse) (4.4.4)
[2025-09-14T14:32:08.065+0000] {process_utils.py:191} INFO - Requirement already satisfied: tzlocal in /tmp/cosmos_venv_ecom_intermediate/lib/python3.10/site-packages (from clickhouse-driver>=0.2.6->dbt-clickhouse) (5.3.1)
[2025-09-14T14:32:08.070+0000] {process_utils.py:191} INFO - Requirement already satisfied: agate<1.10,>=1.7.0 in /tmp/cosmos_venv_ecom_intermediate/lib/python3.10/site-packages (from dbt-core>=1.9->dbt-clickhouse) (1.9.1)
[2025-09-14T14:32:08.071+0000] {process_utils.py:191} INFO - Requirement already satisfied: Jinja2<4,>=3.1.3 in /tmp/cosmos_venv_ecom_intermediate/lib/python3.10/site-packages (from dbt-core>=1.9->dbt-clickhouse) (3.1.6)
[2025-09-14T14:32:08.073+0000] {process_utils.py:191} INFO - Requirement already satisfied: mashumaro<3.15,>=3.9 in /tmp/cosmos_venv_ecom_intermediate/lib/python3.10/site-packages (from mashumaro[msgpack]<3.15,>=3.9->dbt-core>=1.9->dbt-clickhouse) (3.14)
[2025-09-14T14:32:08.074+0000] {process_utils.py:191} INFO - Requirement already satisfied: click<9.0,>=8.0.2 in /tmp/cosmos_venv_ecom_intermediate/lib/python3.10/site-packages (from dbt-core>=1.9->dbt-clickhouse) (8.2.1)
[2025-09-14T14:32:08.074+0000] {process_utils.py:191} INFO - Requirement already satisfied: jsonschema<5.0,>=4.19.1 in /tmp/cosmos_venv_ecom_intermediate/lib/python3.10/site-packages (from dbt-core>=1.9->dbt-clickhouse) (4.25.1)
[2025-09-14T14:32:08.075+0000] {process_utils.py:191} INFO - Requirement already satisfied: networkx<4.0,>=2.3 in /tmp/cosmos_venv_ecom_intermediate/lib/python3.10/site-packages (from dbt-core>=1.9->dbt-clickhouse) (3.4.2)
[2025-09-14T14:32:08.076+0000] {process_utils.py:191} INFO - Requirement already satisfied: protobuf<7.0,>=6.0 in /tmp/cosmos_venv_ecom_intermediate/lib/python3.10/site-packages (from dbt-core>=1.9->dbt-clickhouse) (6.32.1)
[2025-09-14T14:32:08.077+0000] {process_utils.py:191} INFO - Requirement already satisfied: requests<3.0.0 in /tmp/cosmos_venv_ecom_intermediate/lib/python3.10/site-packages (from dbt-core>=1.9->dbt-clickhouse) (2.32.5)
[2025-09-14T14:32:08.078+0000] {process_utils.py:191} INFO - Requirement already satisfied: snowplow-tracker<2.0,>=1.0.2 in /tmp/cosmos_venv_ecom_intermediate/lib/python3.10/site-packages (from dbt-core>=1.9->dbt-clickhouse) (1.1.0)
[2025-09-14T14:32:08.078+0000] {process_utils.py:191} INFO - Requirement already satisfied: pathspec<0.13,>=0.9 in /tmp/cosmos_venv_ecom_intermediate/lib/python3.10/site-packages (from dbt-core>=1.9->dbt-clickhouse) (0.12.1)
[2025-09-14T14:32:08.079+0000] {process_utils.py:191} INFO - Requirement already satisfied: sqlparse<0.6.0,>=0.5.0 in /tmp/cosmos_venv_ecom_intermediate/lib/python3.10/site-packages (from dbt-core>=1.9->dbt-clickhouse) (0.5.3)
[2025-09-14T14:32:08.080+0000] {process_utils.py:191} INFO - Requirement already satisfied: dbt-extractor<=0.6,>=0.5.0 in /tmp/cosmos_venv_ecom_intermediate/lib/python3.10/site-packages (from dbt-core>=1.9->dbt-clickhouse) (0.6.0)
[2025-09-14T14:32:08.081+0000] {process_utils.py:191} INFO - Requirement already satisfied: dbt-semantic-interfaces<0.10,>=0.9.0 in /tmp/cosmos_venv_ecom_intermediate/lib/python3.10/site-packages (from dbt-core>=1.9->dbt-clickhouse) (0.9.0)
[2025-09-14T14:32:08.081+0000] {process_utils.py:191} INFO - Requirement already satisfied: dbt-common<2.0,>=1.27.0 in /tmp/cosmos_venv_ecom_intermediate/lib/python3.10/site-packages (from dbt-core>=1.9->dbt-clickhouse) (1.30.0)
[2025-09-14T14:32:08.082+0000] {process_utils.py:191} INFO - Requirement already satisfied: dbt-adapters<2.0,>=1.15.5 in /tmp/cosmos_venv_ecom_intermediate/lib/python3.10/site-packages (from dbt-core>=1.9->dbt-clickhouse) (1.16.7)
[2025-09-14T14:32:08.084+0000] {process_utils.py:191} INFO - Requirement already satisfied: dbt-protos<2.0,>=1.0.346 in /tmp/cosmos_venv_ecom_intermediate/lib/python3.10/site-packages (from dbt-core>=1.9->dbt-clickhouse) (1.0.375)
[2025-09-14T14:32:08.085+0000] {process_utils.py:191} INFO - Requirement already satisfied: pydantic<3 in /tmp/cosmos_venv_ecom_intermediate/lib/python3.10/site-packages (from dbt-core>=1.9->dbt-clickhouse) (2.11.8)
[2025-09-14T14:32:08.086+0000] {process_utils.py:191} INFO - Requirement already satisfied: packaging>20.9 in /tmp/cosmos_venv_ecom_intermediate/lib/python3.10/site-packages (from dbt-core>=1.9->dbt-clickhouse) (25.0)
[2025-09-14T14:32:08.087+0000] {process_utils.py:191} INFO - Requirement already satisfied: pyyaml>=6.0 in /tmp/cosmos_venv_ecom_intermediate/lib/python3.10/site-packages (from dbt-core>=1.9->dbt-clickhouse) (6.0.2)
[2025-09-14T14:32:08.087+0000] {process_utils.py:191} INFO - Requirement already satisfied: daff>=1.3.46 in /tmp/cosmos_venv_ecom_intermediate/lib/python3.10/site-packages (from dbt-core>=1.9->dbt-clickhouse) (1.4.2)
[2025-09-14T14:32:08.088+0000] {process_utils.py:191} INFO - Requirement already satisfied: typing-extensions>=4.4 in /tmp/cosmos_venv_ecom_intermediate/lib/python3.10/site-packages (from dbt-core>=1.9->dbt-clickhouse) (4.15.0)
[2025-09-14T14:32:08.092+0000] {process_utils.py:191} INFO - Requirement already satisfied: Babel>=2.0 in /tmp/cosmos_venv_ecom_intermediate/lib/python3.10/site-packages (from agate<1.10,>=1.7.0->dbt-core>=1.9->dbt-clickhouse) (2.17.0)
[2025-09-14T14:32:08.092+0000] {process_utils.py:191} INFO - Requirement already satisfied: isodate>=0.5.4 in /tmp/cosmos_venv_ecom_intermediate/lib/python3.10/site-packages (from agate<1.10,>=1.7.0->dbt-core>=1.9->dbt-clickhouse) (0.6.1)
[2025-09-14T14:32:08.093+0000] {process_utils.py:191} INFO - Requirement already satisfied: leather>=0.3.2 in /tmp/cosmos_venv_ecom_intermediate/lib/python3.10/site-packages (from agate<1.10,>=1.7.0->dbt-core>=1.9->dbt-clickhouse) (0.4.0)
[2025-09-14T14:32:08.093+0000] {process_utils.py:191} INFO - Requirement already satisfied: parsedatetime!=2.5,>=2.1 in /tmp/cosmos_venv_ecom_intermediate/lib/python3.10/site-packages (from agate<1.10,>=1.7.0->dbt-core>=1.9->dbt-clickhouse) (2.6)
[2025-09-14T14:32:08.094+0000] {process_utils.py:191} INFO - Requirement already satisfied: python-slugify>=1.2.1 in /tmp/cosmos_venv_ecom_intermediate/lib/python3.10/site-packages (from agate<1.10,>=1.7.0->dbt-core>=1.9->dbt-clickhouse) (8.0.4)
[2025-09-14T14:32:08.094+0000] {process_utils.py:191} INFO - Requirement already satisfied: pytimeparse>=1.1.5 in /tmp/cosmos_venv_ecom_intermediate/lib/python3.10/site-packages (from agate<1.10,>=1.7.0->dbt-core>=1.9->dbt-clickhouse) (1.1.8)
[2025-09-14T14:32:08.107+0000] {process_utils.py:191} INFO - Requirement already satisfied: colorama<0.5,>=0.3.9 in /tmp/cosmos_venv_ecom_intermediate/lib/python3.10/site-packages (from dbt-common<2.0,>=1.27.0->dbt-core>=1.9->dbt-clickhouse) (0.4.6)
[2025-09-14T14:32:08.108+0000] {process_utils.py:191} INFO - Requirement already satisfied: deepdiff<9.0,>=7.0 in /tmp/cosmos_venv_ecom_intermediate/lib/python3.10/site-packages (from dbt-common<2.0,>=1.27.0->dbt-core>=1.9->dbt-clickhouse) (8.6.1)
[2025-09-14T14:32:08.111+0000] {process_utils.py:191} INFO - Requirement already satisfied: python-dateutil<3.0,>=2.0 in /tmp/cosmos_venv_ecom_intermediate/lib/python3.10/site-packages (from dbt-common<2.0,>=1.27.0->dbt-core>=1.9->dbt-clickhouse) (2.9.0.post0)
[2025-09-14T14:32:08.119+0000] {process_utils.py:191} INFO - Requirement already satisfied: importlib-metadata<9,>=6.0 in /tmp/cosmos_venv_ecom_intermediate/lib/python3.10/site-packages (from dbt-semantic-interfaces<0.10,>=0.9.0->dbt-core>=1.9->dbt-clickhouse) (8.7.0)
[2025-09-14T14:32:08.120+0000] {process_utils.py:191} INFO - Requirement already satisfied: more-itertools<11.0,>=8.0 in /tmp/cosmos_venv_ecom_intermediate/lib/python3.10/site-packages (from dbt-semantic-interfaces<0.10,>=0.9.0->dbt-core>=1.9->dbt-clickhouse) (10.8.0)
[2025-09-14T14:32:08.130+0000] {process_utils.py:191} INFO - Requirement already satisfied: orderly-set<6,>=5.4.1 in /tmp/cosmos_venv_ecom_intermediate/lib/python3.10/site-packages (from deepdiff<9.0,>=7.0->dbt-common<2.0,>=1.27.0->dbt-core>=1.9->dbt-clickhouse) (5.5.0)
[2025-09-14T14:32:08.136+0000] {process_utils.py:191} INFO - Requirement already satisfied: zipp>=3.20 in /tmp/cosmos_venv_ecom_intermediate/lib/python3.10/site-packages (from importlib-metadata<9,>=6.0->dbt-semantic-interfaces<0.10,>=0.9.0->dbt-core>=1.9->dbt-clickhouse) (3.23.0)
[2025-09-14T14:32:08.137+0000] {process_utils.py:191} INFO - Requirement already satisfied: six in /tmp/cosmos_venv_ecom_intermediate/lib/python3.10/site-packages (from isodate>=0.5.4->agate<1.10,>=1.7.0->dbt-core>=1.9->dbt-clickhouse) (1.17.0)
[2025-09-14T14:32:08.140+0000] {process_utils.py:191} INFO - Requirement already satisfied: MarkupSafe>=2.0 in /tmp/cosmos_venv_ecom_intermediate/lib/python3.10/site-packages (from Jinja2<4,>=3.1.3->dbt-core>=1.9->dbt-clickhouse) (3.0.2)
[2025-09-14T14:32:08.145+0000] {process_utils.py:191} INFO - Requirement already satisfied: attrs>=22.2.0 in /tmp/cosmos_venv_ecom_intermediate/lib/python3.10/site-packages (from jsonschema<5.0,>=4.19.1->dbt-core>=1.9->dbt-clickhouse) (25.3.0)
[2025-09-14T14:32:08.146+0000] {process_utils.py:191} INFO - Requirement already satisfied: jsonschema-specifications>=2023.03.6 in /tmp/cosmos_venv_ecom_intermediate/lib/python3.10/site-packages (from jsonschema<5.0,>=4.19.1->dbt-core>=1.9->dbt-clickhouse) (2025.9.1)
[2025-09-14T14:32:08.147+0000] {process_utils.py:191} INFO - Requirement already satisfied: referencing>=0.28.4 in /tmp/cosmos_venv_ecom_intermediate/lib/python3.10/site-packages (from jsonschema<5.0,>=4.19.1->dbt-core>=1.9->dbt-clickhouse) (0.36.2)
[2025-09-14T14:32:08.147+0000] {process_utils.py:191} INFO - Requirement already satisfied: rpds-py>=0.7.1 in /tmp/cosmos_venv_ecom_intermediate/lib/python3.10/site-packages (from jsonschema<5.0,>=4.19.1->dbt-core>=1.9->dbt-clickhouse) (0.27.1)
[2025-09-14T14:32:08.155+0000] {process_utils.py:191} INFO - Requirement already satisfied: msgpack>=0.5.6 in /tmp/cosmos_venv_ecom_intermediate/lib/python3.10/site-packages (from mashumaro[msgpack]<3.15,>=3.9->dbt-core>=1.9->dbt-clickhouse) (1.1.1)
[2025-09-14T14:32:08.175+0000] {process_utils.py:191} INFO - Requirement already satisfied: annotated-types>=0.6.0 in /tmp/cosmos_venv_ecom_intermediate/lib/python3.10/site-packages (from pydantic<3->dbt-core>=1.9->dbt-clickhouse) (0.7.0)
[2025-09-14T14:32:08.176+0000] {process_utils.py:191} INFO - Requirement already satisfied: pydantic-core==2.33.2 in /tmp/cosmos_venv_ecom_intermediate/lib/python3.10/site-packages (from pydantic<3->dbt-core>=1.9->dbt-clickhouse) (2.33.2)
[2025-09-14T14:32:08.177+0000] {process_utils.py:191} INFO - Requirement already satisfied: typing-inspection>=0.4.0 in /tmp/cosmos_venv_ecom_intermediate/lib/python3.10/site-packages (from pydantic<3->dbt-core>=1.9->dbt-clickhouse) (0.4.1)
[2025-09-14T14:32:08.185+0000] {process_utils.py:191} INFO - Requirement already satisfied: charset_normalizer<4,>=2 in /tmp/cosmos_venv_ecom_intermediate/lib/python3.10/site-packages (from requests<3.0.0->dbt-core>=1.9->dbt-clickhouse) (3.4.3)
[2025-09-14T14:32:08.185+0000] {process_utils.py:191} INFO - Requirement already satisfied: idna<4,>=2.5 in /tmp/cosmos_venv_ecom_intermediate/lib/python3.10/site-packages (from requests<3.0.0->dbt-core>=1.9->dbt-clickhouse) (3.10)
[2025-09-14T14:32:08.226+0000] {process_utils.py:191} INFO - Requirement already satisfied: text-unidecode>=1.3 in /tmp/cosmos_venv_ecom_intermediate/lib/python3.10/site-packages (from python-slugify>=1.2.1->agate<1.10,>=1.7.0->dbt-core>=1.9->dbt-clickhouse) (1.3)
[2025-09-14T14:32:08.371+0000] {local.py:470} INFO - Cloning project to writable temp directory /tmp/tmpqywzw118 from /opt/airflow/dags/dbt/ecom_intermediate
[2025-09-14T14:32:08.379+0000] {local.py:490} INFO - Partial parse is enabled and the latest partial parse file is /tmp/cosmos/dbt_intermediate__intermediate/target/partial_parse.msgpack
[2025-09-14T14:32:08.390+0000] {config.py:362} INFO - Using user-supplied profiles.yml at /opt/airflow/dags/dbt/profiles.yml
[2025-09-14T14:32:08.398+0000] {virtualenv.py:99} INFO - Using Python binary from virtualenv: /tmp/cosmos_venv_ecom_intermediate/bin/python
[2025-09-14T14:32:08.399+0000] {local.py:434} INFO - Trying to run the command:
 ['/tmp/cosmos_venv_ecom_intermediate/bin/dbt', 'deps', '--project-dir', '/tmp/tmpqywzw118', '--profiles-dir', '/opt/***/dags/dbt', '--profile', 'ecom_intermediate', '--target', 'dev']
From /tmp/tmpqywzw118
[2025-09-14T14:32:08.399+0000] {subprocess.py:56} INFO - Tmp dir root location: 
 /tmp
[2025-09-14T14:32:08.400+0000] {subprocess.py:69} INFO - Running command: ['/tmp/cosmos_venv_ecom_intermediate/bin/dbt', 'deps', '--project-dir', '/tmp/tmpqywzw118', '--profiles-dir', '/opt/***/dags/dbt', '--profile', 'ecom_intermediate', '--target', 'dev']
[2025-09-14T14:32:08.410+0000] {subprocess.py:80} INFO - Command output:
[2025-09-14T14:32:10.604+0000] {subprocess.py:90} INFO - [0m14:32:10  Running with dbt=1.10.11
[2025-09-14T14:32:11.341+0000] {subprocess.py:90} INFO - [0m14:32:11  Installing dbt-labs/dbt_utils
[2025-09-14T14:32:12.001+0000] {subprocess.py:90} INFO - [0m14:32:12  Installed from version 1.3.0
[2025-09-14T14:32:12.001+0000] {subprocess.py:90} INFO - [0m14:32:12  Updated version available: 1.3.1
[2025-09-14T14:32:12.002+0000] {subprocess.py:90} INFO - [0m14:32:12
[2025-09-14T14:32:12.003+0000] {subprocess.py:90} INFO - [0m14:32:12  Updates available for packages: ['dbt-labs/dbt_utils']
[2025-09-14T14:32:12.003+0000] {subprocess.py:90} INFO - Update your versions in packages.yml, then run dbt deps
[2025-09-14T14:32:13.874+0000] {subprocess.py:94} INFO - Command exited with return code 0
[2025-09-14T14:32:13.874+0000] {local.py:441} INFO - Update your versions in packages.yml, then run dbt deps
[2025-09-14T14:32:13.875+0000] {virtualenv.py:99} INFO - Using Python binary from virtualenv: /tmp/cosmos_venv_ecom_intermediate/bin/python
[2025-09-14T14:32:13.875+0000] {local.py:434} INFO - Trying to run the command:
 ['/tmp/cosmos_venv_ecom_intermediate/bin/dbt', 'run', '--models', 'locations', '--project-dir', '/tmp/tmpqywzw118', '--profiles-dir', '/opt/***/dags/dbt', '--profile', 'ecom_intermediate', '--target', 'dev']
From /tmp/tmpqywzw118
[2025-09-14T14:32:13.876+0000] {subprocess.py:56} INFO - Tmp dir root location: 
 /tmp
[2025-09-14T14:32:13.876+0000] {subprocess.py:69} INFO - Running command: ['/tmp/cosmos_venv_ecom_intermediate/bin/dbt', 'run', '--models', 'locations', '--project-dir', '/tmp/tmpqywzw118', '--profiles-dir', '/opt/***/dags/dbt', '--profile', 'ecom_intermediate', '--target', 'dev']
[2025-09-14T14:32:13.887+0000] {subprocess.py:80} INFO - Command output:
[2025-09-14T14:32:16.010+0000] {subprocess.py:90} INFO - [0m14:32:16  Running with dbt=1.10.11
[2025-09-14T14:32:16.012+0000] {subprocess.py:90} INFO - [0m14:32:16  [[33mWARNING[0m]: Deprecated functionality
[2025-09-14T14:32:16.013+0000] {subprocess.py:90} INFO - Usage of `--models`, `--model`, and `-m` is deprecated in favor of `--select` or
[2025-09-14T14:32:16.013+0000] {subprocess.py:90} INFO - `-s`.
[2025-09-14T14:32:16.284+0000] {subprocess.py:90} INFO - [0m14:32:16  Registered adapter: clickhouse=1.9.3
[2025-09-14T14:32:17.337+0000] {subprocess.py:90} INFO - [0m14:32:17  Found 15 models, 50 data tests, 8 sources, 597 macros
[2025-09-14T14:32:17.340+0000] {subprocess.py:90} INFO - [0m14:32:17
[2025-09-14T14:32:17.340+0000] {subprocess.py:90} INFO - [0m14:32:17  Concurrency: 4 threads (target='dev')
[2025-09-14T14:32:17.341+0000] {subprocess.py:90} INFO - [0m14:32:17
[2025-09-14T14:32:17.495+0000] {subprocess.py:90} INFO - [0m14:32:17  1 of 1 START sql table model `ecom_db_intermediate`.`locations` ................ [RUN]
[2025-09-14T14:32:17.688+0000] {subprocess.py:90} INFO - [0m14:32:17  1 of 1 OK created sql table model `ecom_db_intermediate`.`locations` ........... [[32mOK[0m in 0.19s]
[2025-09-14T14:32:17.692+0000] {subprocess.py:90} INFO - [0m14:32:17
[2025-09-14T14:32:17.695+0000] {subprocess.py:90} INFO - [0m14:32:17  Finished running 1 table model in 0 hours 0 minutes and 0.35 seconds (0.35s).
[2025-09-14T14:32:17.751+0000] {subprocess.py:90} INFO - [0m14:32:17
[2025-09-14T14:32:17.752+0000] {subprocess.py:90} INFO - [0m14:32:17  [32mCompleted successfully[0m
[2025-09-14T14:32:17.753+0000] {subprocess.py:90} INFO - [0m14:32:17
[2025-09-14T14:32:17.753+0000] {subprocess.py:90} INFO - [0m14:32:17  Done. PASS=1 WARN=0 ERROR=0 SKIP=0 NO-OP=0 TOTAL=1
[2025-09-14T14:32:17.754+0000] {subprocess.py:90} INFO - [0m14:32:17  [[33mWARNING[0m][DeprecationsSummary]: Deprecated functionality
[2025-09-14T14:32:17.755+0000] {subprocess.py:90} INFO - Summary of encountered deprecations:
[2025-09-14T14:32:17.755+0000] {subprocess.py:90} INFO - - ModelParamUsageDeprecation: 1 occurrence
[2025-09-14T14:32:17.755+0000] {subprocess.py:90} INFO - To see all deprecation instances instead of just the first occurrence of each,
[2025-09-14T14:32:17.756+0000] {subprocess.py:90} INFO - run command again with the `--show-all-deprecations` flag. You may also need to
[2025-09-14T14:32:17.756+0000] {subprocess.py:90} INFO - run with `--no-partial-parse` as some deprecations are only encountered during
[2025-09-14T14:32:17.757+0000] {subprocess.py:90} INFO - parsing.
[2025-09-14T14:32:19.602+0000] {subprocess.py:94} INFO - Command exited with return code 0
[2025-09-14T14:32:19.603+0000] {local.py:441} INFO - parsing.
[2025-09-14T14:32:19.617+0000] {local.py:196} WARNING - Artifact schema version: https://schemas.getdbt.com/dbt/manifest/v12.json is above dbt-ol supported version 7. This might cause errors.
[2025-09-14T14:32:19.618+0000] {local.py:196} WARNING - Artifact schema version: https://schemas.getdbt.com/dbt/run-results/v6.json is above dbt-ol supported version 5. This might cause errors.
[2025-09-14T14:32:19.626+0000] {local.py:547} INFO - Inlets: []
[2025-09-14T14:32:19.627+0000] {local.py:548} INFO - Outlets: []
[2025-09-14T14:32:19.628+0000] {local.py:772} INFO - Assigning inlets/outlets without DatasetAlias
[2025-09-14T14:32:19.628+0000] {dag.py:3089} INFO - Sync 1 DAGs
[2025-09-14T14:32:19.827+0000] {virtualenv.py:131} INFO - Releasing virtualenv lock
[2025-09-14T14:32:19.827+0000] {virtualenv.py:145} INFO - None
[2025-09-14T14:32:19.828+0000] {taskinstance.py:441} INFO - ::group::Post task execution logs
[2025-09-14T14:32:19.868+0000] {taskinstance.py:1206} INFO - Marking task as SUCCESS. dag_id=dbt_intermediate, task_id=intermediate.locations.run, run_id=manual__2025-09-14T14:31:11.196753+00:00, execution_date=20250914T143111, start_date=20250914T143114, end_date=20250914T143219
[2025-09-14T14:32:19.919+0000] {local_task_job_runner.py:243} INFO - Task exited with return code 0
[2025-09-14T14:32:19.995+0000] {taskinstance.py:3503} INFO - 1 downstream tasks scheduled from follow-on schedule check
[2025-09-14T14:32:20.008+0000] {local_task_job_runner.py:222} INFO - ::endgroup::
