[2025-09-19T09:57:17.978+0000] {local_task_job_runner.py:120} INFO - ::group::Pre task execution logs
[2025-09-19T09:57:18.467+0000] {taskinstance.py:2076} INFO - Dependencies all met for dep_context=non-requeueable deps ti=<TaskInstance: dbt_intermediate.intermediate.categories_enriched.run scheduled__2025-09-18T00:00:00+00:00 [queued]>
[2025-09-19T09:57:18.488+0000] {taskinstance.py:2076} INFO - Dependencies all met for dep_context=requeueable deps ti=<TaskInstance: dbt_intermediate.intermediate.categories_enriched.run scheduled__2025-09-18T00:00:00+00:00 [queued]>
[2025-09-19T09:57:18.491+0000] {taskinstance.py:2306} INFO - Starting attempt 1 of 1
[2025-09-19T09:57:18.613+0000] {taskinstance.py:2330} INFO - Executing <Task(DbtRunVirtualenvOperator): intermediate.categories_enriched.run> on 2025-09-18 00:00:00+00:00
[2025-09-19T09:57:18.620+0000] {standard_task_runner.py:64} INFO - Started process 321 to run task
[2025-09-19T09:57:18.625+0000] {standard_task_runner.py:90} INFO - Running: ['***', 'tasks', 'run', 'dbt_intermediate', 'intermediate.categories_enriched.run', 'scheduled__2025-09-18T00:00:00+00:00', '--job-id', '503', '--raw', '--subdir', 'DAGS_FOLDER/dbt_intermediate.py', '--cfg-path', '/tmp/tmp146dawu0']
[2025-09-19T09:57:18.631+0000] {standard_task_runner.py:91} INFO - Job 503: Subtask intermediate.categories_enriched.run
[2025-09-19T09:57:18.994+0000] {task_command.py:426} INFO - Running <TaskInstance: dbt_intermediate.intermediate.categories_enriched.run scheduled__2025-09-18T00:00:00+00:00 [running]> on host e95bde6b8d07
[2025-09-19T09:57:19.545+0000] {taskinstance.py:2648} INFO - Exporting env vars: AIRFLOW_CTX_DAG_OWNER='***' AIRFLOW_CTX_DAG_ID='dbt_intermediate' AIRFLOW_CTX_TASK_ID='intermediate.categories_enriched.run' AIRFLOW_CTX_EXECUTION_DATE='2025-09-18T00:00:00+00:00' AIRFLOW_CTX_TRY_NUMBER='1' AIRFLOW_CTX_DAG_RUN_ID='scheduled__2025-09-18T00:00:00+00:00'
[2025-09-19T09:57:19.551+0000] {taskinstance.py:430} INFO - ::endgroup::
[2025-09-19T09:57:19.578+0000] {virtualenv.py:120} INFO - Checking if the virtualenv lock /tmp/cosmos_venv_ecom_intermediate/cosmos_virtualenv.lock exists
[2025-09-19T09:57:19.579+0000] {virtualenv.py:178} INFO - Checking for running process with PID 315
[2025-09-19T09:57:19.580+0000] {virtualenv.py:181} INFO - Process 315 running: True and has the lock /tmp/cosmos_venv_ecom_intermediate/cosmos_virtualenv.lock.
[2025-09-19T09:57:19.581+0000] {virtualenv.py:122} INFO - Waiting for virtualenv lock to be released
[2025-09-19T09:57:20.583+0000] {virtualenv.py:178} INFO - Checking for running process with PID 315
[2025-09-19T09:57:20.583+0000] {virtualenv.py:181} INFO - Process 315 running: True and has the lock /tmp/cosmos_venv_ecom_intermediate/cosmos_virtualenv.lock.
[2025-09-19T09:57:20.584+0000] {virtualenv.py:122} INFO - Waiting for virtualenv lock to be released
[2025-09-19T09:57:21.586+0000] {virtualenv.py:178} INFO - Checking for running process with PID 317
[2025-09-19T09:57:21.586+0000] {virtualenv.py:181} INFO - Process 317 running: True and has the lock /tmp/cosmos_venv_ecom_intermediate/cosmos_virtualenv.lock.
[2025-09-19T09:57:21.587+0000] {virtualenv.py:122} INFO - Waiting for virtualenv lock to be released
[2025-09-19T09:57:22.589+0000] {virtualenv.py:178} INFO - Checking for running process with PID 317
[2025-09-19T09:57:22.590+0000] {virtualenv.py:181} INFO - Process 317 running: True and has the lock /tmp/cosmos_venv_ecom_intermediate/cosmos_virtualenv.lock.
[2025-09-19T09:57:22.590+0000] {virtualenv.py:122} INFO - Waiting for virtualenv lock to be released
[2025-09-19T09:57:23.592+0000] {virtualenv.py:178} INFO - Checking for running process with PID 317
[2025-09-19T09:57:23.593+0000] {virtualenv.py:181} INFO - Process 317 running: True and has the lock /tmp/cosmos_venv_ecom_intermediate/cosmos_virtualenv.lock.
[2025-09-19T09:57:23.593+0000] {virtualenv.py:122} INFO - Waiting for virtualenv lock to be released
[2025-09-19T09:57:24.596+0000] {virtualenv.py:178} INFO - Checking for running process with PID 317
[2025-09-19T09:57:24.596+0000] {virtualenv.py:181} INFO - Process 317 running: True and has the lock /tmp/cosmos_venv_ecom_intermediate/cosmos_virtualenv.lock.
[2025-09-19T09:57:24.597+0000] {virtualenv.py:122} INFO - Waiting for virtualenv lock to be released
[2025-09-19T09:57:25.599+0000] {virtualenv.py:178} INFO - Checking for running process with PID 317
[2025-09-19T09:57:25.600+0000] {virtualenv.py:181} INFO - Process 317 running: True and has the lock /tmp/cosmos_venv_ecom_intermediate/cosmos_virtualenv.lock.
[2025-09-19T09:57:25.601+0000] {virtualenv.py:122} INFO - Waiting for virtualenv lock to be released
[2025-09-19T09:57:26.602+0000] {virtualenv.py:178} INFO - Checking for running process with PID 317
[2025-09-19T09:57:26.603+0000] {virtualenv.py:181} INFO - Process 317 running: True and has the lock /tmp/cosmos_venv_ecom_intermediate/cosmos_virtualenv.lock.
[2025-09-19T09:57:26.604+0000] {virtualenv.py:122} INFO - Waiting for virtualenv lock to be released
[2025-09-19T09:57:27.606+0000] {virtualenv.py:178} INFO - Checking for running process with PID 317
[2025-09-19T09:57:27.606+0000] {virtualenv.py:181} INFO - Process 317 running: True and has the lock /tmp/cosmos_venv_ecom_intermediate/cosmos_virtualenv.lock.
[2025-09-19T09:57:27.607+0000] {virtualenv.py:122} INFO - Waiting for virtualenv lock to be released
[2025-09-19T09:57:28.609+0000] {virtualenv.py:178} INFO - Checking for running process with PID 317
[2025-09-19T09:57:28.610+0000] {virtualenv.py:181} INFO - Process 317 running: True and has the lock /tmp/cosmos_venv_ecom_intermediate/cosmos_virtualenv.lock.
[2025-09-19T09:57:28.610+0000] {virtualenv.py:122} INFO - Waiting for virtualenv lock to be released
[2025-09-19T09:57:29.612+0000] {virtualenv.py:178} INFO - Checking for running process with PID 317
[2025-09-19T09:57:29.613+0000] {virtualenv.py:181} INFO - Process 317 running: True and has the lock /tmp/cosmos_venv_ecom_intermediate/cosmos_virtualenv.lock.
[2025-09-19T09:57:29.614+0000] {virtualenv.py:122} INFO - Waiting for virtualenv lock to be released
[2025-09-19T09:57:30.616+0000] {virtualenv.py:178} INFO - Checking for running process with PID 317
[2025-09-19T09:57:30.617+0000] {virtualenv.py:181} INFO - Process 317 running: True and has the lock /tmp/cosmos_venv_ecom_intermediate/cosmos_virtualenv.lock.
[2025-09-19T09:57:30.618+0000] {virtualenv.py:122} INFO - Waiting for virtualenv lock to be released
[2025-09-19T09:57:31.620+0000] {virtualenv.py:178} INFO - Checking for running process with PID 317
[2025-09-19T09:57:31.621+0000] {virtualenv.py:181} INFO - Process 317 running: True and has the lock /tmp/cosmos_venv_ecom_intermediate/cosmos_virtualenv.lock.
[2025-09-19T09:57:31.622+0000] {virtualenv.py:122} INFO - Waiting for virtualenv lock to be released
[2025-09-19T09:57:32.623+0000] {virtualenv.py:178} INFO - Checking for running process with PID 317
[2025-09-19T09:57:32.624+0000] {virtualenv.py:181} INFO - Process 317 running: True and has the lock /tmp/cosmos_venv_ecom_intermediate/cosmos_virtualenv.lock.
[2025-09-19T09:57:32.625+0000] {virtualenv.py:122} INFO - Waiting for virtualenv lock to be released
[2025-09-19T09:57:33.626+0000] {virtualenv.py:178} INFO - Checking for running process with PID 317
[2025-09-19T09:57:33.627+0000] {virtualenv.py:181} INFO - Process 317 running: True and has the lock /tmp/cosmos_venv_ecom_intermediate/cosmos_virtualenv.lock.
[2025-09-19T09:57:33.627+0000] {virtualenv.py:122} INFO - Waiting for virtualenv lock to be released
[2025-09-19T09:57:34.629+0000] {virtualenv.py:178} INFO - Checking for running process with PID 317
[2025-09-19T09:57:34.630+0000] {virtualenv.py:181} INFO - Process 317 running: True and has the lock /tmp/cosmos_venv_ecom_intermediate/cosmos_virtualenv.lock.
[2025-09-19T09:57:34.631+0000] {virtualenv.py:122} INFO - Waiting for virtualenv lock to be released
[2025-09-19T09:57:35.632+0000] {virtualenv.py:178} INFO - Checking for running process with PID 317
[2025-09-19T09:57:35.633+0000] {virtualenv.py:181} INFO - Process 317 running: True and has the lock /tmp/cosmos_venv_ecom_intermediate/cosmos_virtualenv.lock.
[2025-09-19T09:57:35.634+0000] {virtualenv.py:122} INFO - Waiting for virtualenv lock to be released
[2025-09-19T09:57:36.635+0000] {virtualenv.py:178} INFO - Checking for running process with PID 317
[2025-09-19T09:57:36.636+0000] {virtualenv.py:181} INFO - Process 317 running: True and has the lock /tmp/cosmos_venv_ecom_intermediate/cosmos_virtualenv.lock.
[2025-09-19T09:57:36.637+0000] {virtualenv.py:122} INFO - Waiting for virtualenv lock to be released
[2025-09-19T09:57:37.638+0000] {virtualenv.py:178} INFO - Checking for running process with PID 317
[2025-09-19T09:57:37.639+0000] {virtualenv.py:181} INFO - Process 317 running: True and has the lock /tmp/cosmos_venv_ecom_intermediate/cosmos_virtualenv.lock.
[2025-09-19T09:57:37.639+0000] {virtualenv.py:122} INFO - Waiting for virtualenv lock to be released
[2025-09-19T09:57:38.641+0000] {virtualenv.py:178} INFO - Checking for running process with PID 322
[2025-09-19T09:57:38.643+0000] {virtualenv.py:181} INFO - Process 322 running: True and has the lock /tmp/cosmos_venv_ecom_intermediate/cosmos_virtualenv.lock.
[2025-09-19T09:57:38.643+0000] {virtualenv.py:122} INFO - Waiting for virtualenv lock to be released
[2025-09-19T09:57:39.645+0000] {virtualenv.py:178} INFO - Checking for running process with PID 322
[2025-09-19T09:57:39.646+0000] {virtualenv.py:181} INFO - Process 322 running: True and has the lock /tmp/cosmos_venv_ecom_intermediate/cosmos_virtualenv.lock.
[2025-09-19T09:57:39.647+0000] {virtualenv.py:122} INFO - Waiting for virtualenv lock to be released
[2025-09-19T09:57:40.648+0000] {virtualenv.py:178} INFO - Checking for running process with PID 322
[2025-09-19T09:57:40.649+0000] {virtualenv.py:181} INFO - Process 322 running: True and has the lock /tmp/cosmos_venv_ecom_intermediate/cosmos_virtualenv.lock.
[2025-09-19T09:57:40.650+0000] {virtualenv.py:122} INFO - Waiting for virtualenv lock to be released
[2025-09-19T09:57:41.652+0000] {virtualenv.py:178} INFO - Checking for running process with PID 322
[2025-09-19T09:57:41.653+0000] {virtualenv.py:181} INFO - Process 322 running: True and has the lock /tmp/cosmos_venv_ecom_intermediate/cosmos_virtualenv.lock.
[2025-09-19T09:57:41.653+0000] {virtualenv.py:122} INFO - Waiting for virtualenv lock to be released
[2025-09-19T09:57:42.655+0000] {virtualenv.py:178} INFO - Checking for running process with PID 322
[2025-09-19T09:57:42.656+0000] {virtualenv.py:181} INFO - Process 322 running: True and has the lock /tmp/cosmos_venv_ecom_intermediate/cosmos_virtualenv.lock.
[2025-09-19T09:57:42.657+0000] {virtualenv.py:122} INFO - Waiting for virtualenv lock to be released
[2025-09-19T09:57:43.659+0000] {virtualenv.py:178} INFO - Checking for running process with PID 322
[2025-09-19T09:57:43.660+0000] {virtualenv.py:181} INFO - Process 322 running: True and has the lock /tmp/cosmos_venv_ecom_intermediate/cosmos_virtualenv.lock.
[2025-09-19T09:57:43.660+0000] {virtualenv.py:122} INFO - Waiting for virtualenv lock to be released
[2025-09-19T09:57:44.662+0000] {virtualenv.py:178} INFO - Checking for running process with PID 322
[2025-09-19T09:57:44.665+0000] {virtualenv.py:181} INFO - Process 322 running: True and has the lock /tmp/cosmos_venv_ecom_intermediate/cosmos_virtualenv.lock.
[2025-09-19T09:57:44.667+0000] {virtualenv.py:122} INFO - Waiting for virtualenv lock to be released
[2025-09-19T09:57:45.669+0000] {virtualenv.py:178} INFO - Checking for running process with PID 322
[2025-09-19T09:57:45.670+0000] {virtualenv.py:181} INFO - Process 322 running: True and has the lock /tmp/cosmos_venv_ecom_intermediate/cosmos_virtualenv.lock.
[2025-09-19T09:57:45.670+0000] {virtualenv.py:122} INFO - Waiting for virtualenv lock to be released
[2025-09-19T09:57:46.672+0000] {virtualenv.py:178} INFO - Checking for running process with PID 322
[2025-09-19T09:57:46.673+0000] {virtualenv.py:181} INFO - Process 322 running: True and has the lock /tmp/cosmos_venv_ecom_intermediate/cosmos_virtualenv.lock.
[2025-09-19T09:57:46.673+0000] {virtualenv.py:122} INFO - Waiting for virtualenv lock to be released
[2025-09-19T09:57:47.675+0000] {virtualenv.py:178} INFO - Checking for running process with PID 322
[2025-09-19T09:57:47.675+0000] {virtualenv.py:181} INFO - Process 322 running: True and has the lock /tmp/cosmos_venv_ecom_intermediate/cosmos_virtualenv.lock.
[2025-09-19T09:57:47.676+0000] {virtualenv.py:122} INFO - Waiting for virtualenv lock to be released
[2025-09-19T09:57:48.677+0000] {virtualenv.py:178} INFO - Checking for running process with PID 322
[2025-09-19T09:57:48.678+0000] {virtualenv.py:181} INFO - Process 322 running: True and has the lock /tmp/cosmos_venv_ecom_intermediate/cosmos_virtualenv.lock.
[2025-09-19T09:57:48.679+0000] {virtualenv.py:122} INFO - Waiting for virtualenv lock to be released
[2025-09-19T09:57:49.681+0000] {virtualenv.py:178} INFO - Checking for running process with PID 322
[2025-09-19T09:57:49.682+0000] {virtualenv.py:181} INFO - Process 322 running: True and has the lock /tmp/cosmos_venv_ecom_intermediate/cosmos_virtualenv.lock.
[2025-09-19T09:57:49.682+0000] {virtualenv.py:122} INFO - Waiting for virtualenv lock to be released
[2025-09-19T09:57:50.683+0000] {virtualenv.py:178} INFO - Checking for running process with PID 322
[2025-09-19T09:57:50.684+0000] {virtualenv.py:181} INFO - Process 322 running: True and has the lock /tmp/cosmos_venv_ecom_intermediate/cosmos_virtualenv.lock.
[2025-09-19T09:57:50.684+0000] {virtualenv.py:122} INFO - Waiting for virtualenv lock to be released
[2025-09-19T09:57:51.686+0000] {virtualenv.py:178} INFO - Checking for running process with PID 322
[2025-09-19T09:57:51.687+0000] {virtualenv.py:181} INFO - Process 322 running: True and has the lock /tmp/cosmos_venv_ecom_intermediate/cosmos_virtualenv.lock.
[2025-09-19T09:57:51.687+0000] {virtualenv.py:122} INFO - Waiting for virtualenv lock to be released
[2025-09-19T09:57:52.689+0000] {virtualenv.py:178} INFO - Checking for running process with PID 322
[2025-09-19T09:57:52.690+0000] {virtualenv.py:181} INFO - Process 322 running: True and has the lock /tmp/cosmos_venv_ecom_intermediate/cosmos_virtualenv.lock.
[2025-09-19T09:57:52.691+0000] {virtualenv.py:122} INFO - Waiting for virtualenv lock to be released
[2025-09-19T09:57:53.692+0000] {virtualenv.py:178} INFO - Checking for running process with PID 322
[2025-09-19T09:57:53.693+0000] {virtualenv.py:181} INFO - Process 322 running: True and has the lock /tmp/cosmos_venv_ecom_intermediate/cosmos_virtualenv.lock.
[2025-09-19T09:57:53.694+0000] {virtualenv.py:122} INFO - Waiting for virtualenv lock to be released
[2025-09-19T09:57:54.696+0000] {virtualenv.py:178} INFO - Checking for running process with PID 325
[2025-09-19T09:57:54.697+0000] {virtualenv.py:181} INFO - Process 325 running: True and has the lock /tmp/cosmos_venv_ecom_intermediate/cosmos_virtualenv.lock.
[2025-09-19T09:57:54.697+0000] {virtualenv.py:122} INFO - Waiting for virtualenv lock to be released
[2025-09-19T09:57:55.699+0000] {virtualenv.py:178} INFO - Checking for running process with PID 325
[2025-09-19T09:57:55.699+0000] {virtualenv.py:181} INFO - Process 325 running: True and has the lock /tmp/cosmos_venv_ecom_intermediate/cosmos_virtualenv.lock.
[2025-09-19T09:57:55.700+0000] {virtualenv.py:122} INFO - Waiting for virtualenv lock to be released
[2025-09-19T09:57:56.702+0000] {virtualenv.py:178} INFO - Checking for running process with PID 325
[2025-09-19T09:57:56.703+0000] {virtualenv.py:181} INFO - Process 325 running: True and has the lock /tmp/cosmos_venv_ecom_intermediate/cosmos_virtualenv.lock.
[2025-09-19T09:57:56.703+0000] {virtualenv.py:122} INFO - Waiting for virtualenv lock to be released
[2025-09-19T09:57:57.705+0000] {virtualenv.py:178} INFO - Checking for running process with PID 325
[2025-09-19T09:57:57.706+0000] {virtualenv.py:181} INFO - Process 325 running: True and has the lock /tmp/cosmos_venv_ecom_intermediate/cosmos_virtualenv.lock.
[2025-09-19T09:57:57.707+0000] {virtualenv.py:122} INFO - Waiting for virtualenv lock to be released
[2025-09-19T09:57:58.709+0000] {virtualenv.py:178} INFO - Checking for running process with PID 325
[2025-09-19T09:57:58.710+0000] {virtualenv.py:181} INFO - Process 325 running: True and has the lock /tmp/cosmos_venv_ecom_intermediate/cosmos_virtualenv.lock.
[2025-09-19T09:57:58.711+0000] {virtualenv.py:122} INFO - Waiting for virtualenv lock to be released
[2025-09-19T09:57:59.712+0000] {virtualenv.py:178} INFO - Checking for running process with PID 325
[2025-09-19T09:57:59.713+0000] {virtualenv.py:181} INFO - Process 325 running: True and has the lock /tmp/cosmos_venv_ecom_intermediate/cosmos_virtualenv.lock.
[2025-09-19T09:57:59.713+0000] {virtualenv.py:122} INFO - Waiting for virtualenv lock to be released
[2025-09-19T09:58:00.017+0000] {local_task_job_runner.py:313} WARNING - State of this instance has been externally set to failed. Terminating instance.
[2025-09-19T09:58:00.018+0000] {local_task_job_runner.py:222} INFO - ::endgroup::
[2025-09-19T09:58:00.020+0000] {process_utils.py:132} INFO - Sending 15 to group 321. PIDs of all processes in the group: [321]
[2025-09-19T09:58:00.021+0000] {process_utils.py:87} INFO - Sending the signal 15 to group 321
[2025-09-19T09:58:00.022+0000] {taskinstance.py:2611} ERROR - Received SIGTERM. Terminating subprocesses.
[2025-09-19T09:58:00.022+0000] {virtualenv.py:131} INFO - Releasing virtualenv lock
[2025-09-19T09:58:00.023+0000] {virtualenv.py:210} WARNING - Lockfile owned by process of pid 325, while operator has pid 321
[2025-09-19T09:58:00.023+0000] {taskinstance.py:441} INFO - ::group::Post task execution logs
[2025-09-19T09:58:00.154+0000] {process_utils.py:80} INFO - Process psutil.Process(pid=321, status='terminated', exitcode=0, started='09:57:18') (321) terminated with exit code 0
[2025-09-19T10:00:37.488+0000] {local_task_job_runner.py:120} INFO - ::group::Pre task execution logs
[2025-09-19T10:00:38.096+0000] {taskinstance.py:2076} INFO - Dependencies all met for dep_context=non-requeueable deps ti=<TaskInstance: dbt_intermediate.intermediate.categories_enriched.run scheduled__2025-09-18T00:00:00+00:00 [queued]>
[2025-09-19T10:00:38.149+0000] {taskinstance.py:2076} INFO - Dependencies all met for dep_context=requeueable deps ti=<TaskInstance: dbt_intermediate.intermediate.categories_enriched.run scheduled__2025-09-18T00:00:00+00:00 [queued]>
[2025-09-19T10:00:38.150+0000] {taskinstance.py:2306} INFO - Starting attempt 1 of 1
[2025-09-19T10:00:38.292+0000] {taskinstance.py:2330} INFO - Executing <Task(DbtRunVirtualenvOperator): intermediate.categories_enriched.run> on 2025-09-18 00:00:00+00:00
[2025-09-19T10:00:38.307+0000] {standard_task_runner.py:64} INFO - Started process 612 to run task
[2025-09-19T10:00:38.312+0000] {standard_task_runner.py:90} INFO - Running: ['***', 'tasks', 'run', 'dbt_intermediate', 'intermediate.categories_enriched.run', 'scheduled__2025-09-18T00:00:00+00:00', '--job-id', '518', '--raw', '--subdir', 'DAGS_FOLDER/dbt_intermediate.py', '--cfg-path', '/tmp/tmpgptzxlof']
[2025-09-19T10:00:38.319+0000] {standard_task_runner.py:91} INFO - Job 518: Subtask intermediate.categories_enriched.run
[2025-09-19T10:00:38.752+0000] {task_command.py:426} INFO - Running <TaskInstance: dbt_intermediate.intermediate.categories_enriched.run scheduled__2025-09-18T00:00:00+00:00 [running]> on host e95bde6b8d07
[2025-09-19T10:00:39.428+0000] {taskinstance.py:2648} INFO - Exporting env vars: AIRFLOW_CTX_DAG_OWNER='***' AIRFLOW_CTX_DAG_ID='dbt_intermediate' AIRFLOW_CTX_TASK_ID='intermediate.categories_enriched.run' AIRFLOW_CTX_EXECUTION_DATE='2025-09-18T00:00:00+00:00' AIRFLOW_CTX_TRY_NUMBER='1' AIRFLOW_CTX_DAG_RUN_ID='scheduled__2025-09-18T00:00:00+00:00'
[2025-09-19T10:00:39.434+0000] {taskinstance.py:430} INFO - ::endgroup::
[2025-09-19T10:00:39.459+0000] {virtualenv.py:120} INFO - Checking if the virtualenv lock /tmp/cosmos_venv_ecom_intermediate/cosmos_virtualenv.lock exists
[2025-09-19T10:00:39.460+0000] {virtualenv.py:178} INFO - Checking for running process with PID 608
[2025-09-19T10:00:39.461+0000] {virtualenv.py:181} INFO - Process 608 running: True and has the lock /tmp/cosmos_venv_ecom_intermediate/cosmos_virtualenv.lock.
[2025-09-19T10:00:39.461+0000] {virtualenv.py:122} INFO - Waiting for virtualenv lock to be released
[2025-09-19T10:00:40.463+0000] {virtualenv.py:178} INFO - Checking for running process with PID 608
[2025-09-19T10:00:40.465+0000] {virtualenv.py:181} INFO - Process 608 running: True and has the lock /tmp/cosmos_venv_ecom_intermediate/cosmos_virtualenv.lock.
[2025-09-19T10:00:40.466+0000] {virtualenv.py:122} INFO - Waiting for virtualenv lock to be released
[2025-09-19T10:00:41.467+0000] {virtualenv.py:178} INFO - Checking for running process with PID 608
[2025-09-19T10:00:41.468+0000] {virtualenv.py:181} INFO - Process 608 running: True and has the lock /tmp/cosmos_venv_ecom_intermediate/cosmos_virtualenv.lock.
[2025-09-19T10:00:41.469+0000] {virtualenv.py:122} INFO - Waiting for virtualenv lock to be released
[2025-09-19T10:00:42.470+0000] {virtualenv.py:178} INFO - Checking for running process with PID 608
[2025-09-19T10:00:42.472+0000] {virtualenv.py:181} INFO - Process 608 running: True and has the lock /tmp/cosmos_venv_ecom_intermediate/cosmos_virtualenv.lock.
[2025-09-19T10:00:42.474+0000] {virtualenv.py:122} INFO - Waiting for virtualenv lock to be released
[2025-09-19T10:00:43.476+0000] {virtualenv.py:178} INFO - Checking for running process with PID 608
[2025-09-19T10:00:43.477+0000] {virtualenv.py:181} INFO - Process 608 running: True and has the lock /tmp/cosmos_venv_ecom_intermediate/cosmos_virtualenv.lock.
[2025-09-19T10:00:43.478+0000] {virtualenv.py:122} INFO - Waiting for virtualenv lock to be released
[2025-09-19T10:00:44.480+0000] {virtualenv.py:178} INFO - Checking for running process with PID 608
[2025-09-19T10:00:44.481+0000] {virtualenv.py:181} INFO - Process 608 running: True and has the lock /tmp/cosmos_venv_ecom_intermediate/cosmos_virtualenv.lock.
[2025-09-19T10:00:44.482+0000] {virtualenv.py:122} INFO - Waiting for virtualenv lock to be released
[2025-09-19T10:00:45.483+0000] {virtualenv.py:178} INFO - Checking for running process with PID 608
[2025-09-19T10:00:45.484+0000] {virtualenv.py:181} INFO - Process 608 running: True and has the lock /tmp/cosmos_venv_ecom_intermediate/cosmos_virtualenv.lock.
[2025-09-19T10:00:45.485+0000] {virtualenv.py:122} INFO - Waiting for virtualenv lock to be released
[2025-09-19T10:00:46.487+0000] {virtualenv.py:178} INFO - Checking for running process with PID 608
[2025-09-19T10:00:46.488+0000] {virtualenv.py:181} INFO - Process 608 running: True and has the lock /tmp/cosmos_venv_ecom_intermediate/cosmos_virtualenv.lock.
[2025-09-19T10:00:46.489+0000] {virtualenv.py:122} INFO - Waiting for virtualenv lock to be released
[2025-09-19T10:00:47.491+0000] {virtualenv.py:178} INFO - Checking for running process with PID 608
[2025-09-19T10:00:47.492+0000] {virtualenv.py:181} INFO - Process 608 running: True and has the lock /tmp/cosmos_venv_ecom_intermediate/cosmos_virtualenv.lock.
[2025-09-19T10:00:47.493+0000] {virtualenv.py:122} INFO - Waiting for virtualenv lock to be released
[2025-09-19T10:00:48.495+0000] {virtualenv.py:178} INFO - Checking for running process with PID 608
[2025-09-19T10:00:48.496+0000] {virtualenv.py:181} INFO - Process 608 running: True and has the lock /tmp/cosmos_venv_ecom_intermediate/cosmos_virtualenv.lock.
[2025-09-19T10:00:48.496+0000] {virtualenv.py:122} INFO - Waiting for virtualenv lock to be released
[2025-09-19T10:00:49.498+0000] {virtualenv.py:178} INFO - Checking for running process with PID 608
[2025-09-19T10:00:49.499+0000] {virtualenv.py:181} INFO - Process 608 running: True and has the lock /tmp/cosmos_venv_ecom_intermediate/cosmos_virtualenv.lock.
[2025-09-19T10:00:49.500+0000] {virtualenv.py:122} INFO - Waiting for virtualenv lock to be released
[2025-09-19T10:00:50.502+0000] {virtualenv.py:178} INFO - Checking for running process with PID 608
[2025-09-19T10:00:50.502+0000] {virtualenv.py:181} INFO - Process 608 running: True and has the lock /tmp/cosmos_venv_ecom_intermediate/cosmos_virtualenv.lock.
[2025-09-19T10:00:50.503+0000] {virtualenv.py:122} INFO - Waiting for virtualenv lock to be released
[2025-09-19T10:00:51.505+0000] {virtualenv.py:178} INFO - Checking for running process with PID 608
[2025-09-19T10:00:51.506+0000] {virtualenv.py:181} INFO - Process 608 running: True and has the lock /tmp/cosmos_venv_ecom_intermediate/cosmos_virtualenv.lock.
[2025-09-19T10:00:51.506+0000] {virtualenv.py:122} INFO - Waiting for virtualenv lock to be released
[2025-09-19T10:00:52.508+0000] {virtualenv.py:178} INFO - Checking for running process with PID 608
[2025-09-19T10:00:52.509+0000] {virtualenv.py:181} INFO - Process 608 running: True and has the lock /tmp/cosmos_venv_ecom_intermediate/cosmos_virtualenv.lock.
[2025-09-19T10:00:52.509+0000] {virtualenv.py:122} INFO - Waiting for virtualenv lock to be released
[2025-09-19T10:00:53.511+0000] {virtualenv.py:178} INFO - Checking for running process with PID 608
[2025-09-19T10:00:53.512+0000] {virtualenv.py:181} INFO - Process 608 running: True and has the lock /tmp/cosmos_venv_ecom_intermediate/cosmos_virtualenv.lock.
[2025-09-19T10:00:53.513+0000] {virtualenv.py:122} INFO - Waiting for virtualenv lock to be released
[2025-09-19T10:00:54.514+0000] {virtualenv.py:178} INFO - Checking for running process with PID 608
[2025-09-19T10:00:54.515+0000] {virtualenv.py:181} INFO - Process 608 running: True and has the lock /tmp/cosmos_venv_ecom_intermediate/cosmos_virtualenv.lock.
[2025-09-19T10:00:54.515+0000] {virtualenv.py:122} INFO - Waiting for virtualenv lock to be released
[2025-09-19T10:00:55.517+0000] {virtualenv.py:178} INFO - Checking for running process with PID 607
[2025-09-19T10:00:55.518+0000] {virtualenv.py:181} INFO - Process 607 running: True and has the lock /tmp/cosmos_venv_ecom_intermediate/cosmos_virtualenv.lock.
[2025-09-19T10:00:55.518+0000] {virtualenv.py:122} INFO - Waiting for virtualenv lock to be released
[2025-09-19T10:00:56.520+0000] {virtualenv.py:178} INFO - Checking for running process with PID 607
[2025-09-19T10:00:56.521+0000] {virtualenv.py:181} INFO - Process 607 running: True and has the lock /tmp/cosmos_venv_ecom_intermediate/cosmos_virtualenv.lock.
[2025-09-19T10:00:56.521+0000] {virtualenv.py:122} INFO - Waiting for virtualenv lock to be released
[2025-09-19T10:00:57.523+0000] {virtualenv.py:178} INFO - Checking for running process with PID 607
[2025-09-19T10:00:57.523+0000] {virtualenv.py:181} INFO - Process 607 running: True and has the lock /tmp/cosmos_venv_ecom_intermediate/cosmos_virtualenv.lock.
[2025-09-19T10:00:57.524+0000] {virtualenv.py:122} INFO - Waiting for virtualenv lock to be released
[2025-09-19T10:00:58.525+0000] {virtualenv.py:178} INFO - Checking for running process with PID 607
[2025-09-19T10:00:58.526+0000] {virtualenv.py:181} INFO - Process 607 running: True and has the lock /tmp/cosmos_venv_ecom_intermediate/cosmos_virtualenv.lock.
[2025-09-19T10:00:58.526+0000] {virtualenv.py:122} INFO - Waiting for virtualenv lock to be released
[2025-09-19T10:00:59.528+0000] {virtualenv.py:178} INFO - Checking for running process with PID 607
[2025-09-19T10:00:59.529+0000] {virtualenv.py:181} INFO - Process 607 running: True and has the lock /tmp/cosmos_venv_ecom_intermediate/cosmos_virtualenv.lock.
[2025-09-19T10:00:59.529+0000] {virtualenv.py:122} INFO - Waiting for virtualenv lock to be released
[2025-09-19T10:01:00.531+0000] {virtualenv.py:178} INFO - Checking for running process with PID 607
[2025-09-19T10:01:00.532+0000] {virtualenv.py:181} INFO - Process 607 running: True and has the lock /tmp/cosmos_venv_ecom_intermediate/cosmos_virtualenv.lock.
[2025-09-19T10:01:00.533+0000] {virtualenv.py:122} INFO - Waiting for virtualenv lock to be released
[2025-09-19T10:01:01.535+0000] {virtualenv.py:178} INFO - Checking for running process with PID 607
[2025-09-19T10:01:01.537+0000] {virtualenv.py:181} INFO - Process 607 running: True and has the lock /tmp/cosmos_venv_ecom_intermediate/cosmos_virtualenv.lock.
[2025-09-19T10:01:01.538+0000] {virtualenv.py:122} INFO - Waiting for virtualenv lock to be released
[2025-09-19T10:01:02.539+0000] {virtualenv.py:178} INFO - Checking for running process with PID 607
[2025-09-19T10:01:02.540+0000] {virtualenv.py:181} INFO - Process 607 running: True and has the lock /tmp/cosmos_venv_ecom_intermediate/cosmos_virtualenv.lock.
[2025-09-19T10:01:02.541+0000] {virtualenv.py:122} INFO - Waiting for virtualenv lock to be released
[2025-09-19T10:01:03.542+0000] {virtualenv.py:178} INFO - Checking for running process with PID 607
[2025-09-19T10:01:03.543+0000] {virtualenv.py:181} INFO - Process 607 running: True and has the lock /tmp/cosmos_venv_ecom_intermediate/cosmos_virtualenv.lock.
[2025-09-19T10:01:03.544+0000] {virtualenv.py:122} INFO - Waiting for virtualenv lock to be released
[2025-09-19T10:01:04.544+0000] {virtualenv.py:178} INFO - Checking for running process with PID 607
[2025-09-19T10:01:04.545+0000] {virtualenv.py:181} INFO - Process 607 running: True and has the lock /tmp/cosmos_venv_ecom_intermediate/cosmos_virtualenv.lock.
[2025-09-19T10:01:04.545+0000] {virtualenv.py:122} INFO - Waiting for virtualenv lock to be released
[2025-09-19T10:01:05.547+0000] {virtualenv.py:178} INFO - Checking for running process with PID 607
[2025-09-19T10:01:05.548+0000] {virtualenv.py:181} INFO - Process 607 running: True and has the lock /tmp/cosmos_venv_ecom_intermediate/cosmos_virtualenv.lock.
[2025-09-19T10:01:05.548+0000] {virtualenv.py:122} INFO - Waiting for virtualenv lock to be released
[2025-09-19T10:01:06.550+0000] {virtualenv.py:178} INFO - Checking for running process with PID 607
[2025-09-19T10:01:06.550+0000] {virtualenv.py:181} INFO - Process 607 running: True and has the lock /tmp/cosmos_venv_ecom_intermediate/cosmos_virtualenv.lock.
[2025-09-19T10:01:06.551+0000] {virtualenv.py:122} INFO - Waiting for virtualenv lock to be released
[2025-09-19T10:01:07.552+0000] {virtualenv.py:178} INFO - Checking for running process with PID 607
[2025-09-19T10:01:07.553+0000] {virtualenv.py:181} INFO - Process 607 running: True and has the lock /tmp/cosmos_venv_ecom_intermediate/cosmos_virtualenv.lock.
[2025-09-19T10:01:07.554+0000] {virtualenv.py:122} INFO - Waiting for virtualenv lock to be released
[2025-09-19T10:01:08.556+0000] {virtualenv.py:178} INFO - Checking for running process with PID 607
[2025-09-19T10:01:08.557+0000] {virtualenv.py:181} INFO - Process 607 running: True and has the lock /tmp/cosmos_venv_ecom_intermediate/cosmos_virtualenv.lock.
[2025-09-19T10:01:08.558+0000] {virtualenv.py:122} INFO - Waiting for virtualenv lock to be released
[2025-09-19T10:01:09.560+0000] {virtualenv.py:178} INFO - Checking for running process with PID 607
[2025-09-19T10:01:09.562+0000] {virtualenv.py:181} INFO - Process 607 running: True and has the lock /tmp/cosmos_venv_ecom_intermediate/cosmos_virtualenv.lock.
[2025-09-19T10:01:09.562+0000] {virtualenv.py:122} INFO - Waiting for virtualenv lock to be released
[2025-09-19T10:01:10.564+0000] {virtualenv.py:178} INFO - Checking for running process with PID 607
[2025-09-19T10:01:10.565+0000] {virtualenv.py:181} INFO - Process 607 running: True and has the lock /tmp/cosmos_venv_ecom_intermediate/cosmos_virtualenv.lock.
[2025-09-19T10:01:10.566+0000] {virtualenv.py:122} INFO - Waiting for virtualenv lock to be released
[2025-09-19T10:01:11.568+0000] {virtualenv.py:178} INFO - Checking for running process with PID 680
[2025-09-19T10:01:11.569+0000] {virtualenv.py:181} INFO - Process 680 running: True and has the lock /tmp/cosmos_venv_ecom_intermediate/cosmos_virtualenv.lock.
[2025-09-19T10:01:11.569+0000] {virtualenv.py:122} INFO - Waiting for virtualenv lock to be released
[2025-09-19T10:01:12.571+0000] {virtualenv.py:178} INFO - Checking for running process with PID 680
[2025-09-19T10:01:12.572+0000] {virtualenv.py:181} INFO - Process 680 running: True and has the lock /tmp/cosmos_venv_ecom_intermediate/cosmos_virtualenv.lock.
[2025-09-19T10:01:12.572+0000] {virtualenv.py:122} INFO - Waiting for virtualenv lock to be released
[2025-09-19T10:01:13.573+0000] {virtualenv.py:178} INFO - Checking for running process with PID 680
[2025-09-19T10:01:13.574+0000] {virtualenv.py:181} INFO - Process 680 running: True and has the lock /tmp/cosmos_venv_ecom_intermediate/cosmos_virtualenv.lock.
[2025-09-19T10:01:13.575+0000] {virtualenv.py:122} INFO - Waiting for virtualenv lock to be released
[2025-09-19T10:01:14.577+0000] {virtualenv.py:178} INFO - Checking for running process with PID 680
[2025-09-19T10:01:14.578+0000] {virtualenv.py:181} INFO - Process 680 running: True and has the lock /tmp/cosmos_venv_ecom_intermediate/cosmos_virtualenv.lock.
[2025-09-19T10:01:14.578+0000] {virtualenv.py:122} INFO - Waiting for virtualenv lock to be released
[2025-09-19T10:01:15.580+0000] {virtualenv.py:178} INFO - Checking for running process with PID 680
[2025-09-19T10:01:15.581+0000] {virtualenv.py:181} INFO - Process 680 running: True and has the lock /tmp/cosmos_venv_ecom_intermediate/cosmos_virtualenv.lock.
[2025-09-19T10:01:15.582+0000] {virtualenv.py:122} INFO - Waiting for virtualenv lock to be released
[2025-09-19T10:01:16.583+0000] {virtualenv.py:178} INFO - Checking for running process with PID 680
[2025-09-19T10:01:16.584+0000] {virtualenv.py:181} INFO - Process 680 running: True and has the lock /tmp/cosmos_venv_ecom_intermediate/cosmos_virtualenv.lock.
[2025-09-19T10:01:16.585+0000] {virtualenv.py:122} INFO - Waiting for virtualenv lock to be released
[2025-09-19T10:01:17.586+0000] {virtualenv.py:178} INFO - Checking for running process with PID 680
[2025-09-19T10:01:17.587+0000] {virtualenv.py:181} INFO - Process 680 running: True and has the lock /tmp/cosmos_venv_ecom_intermediate/cosmos_virtualenv.lock.
[2025-09-19T10:01:17.587+0000] {virtualenv.py:122} INFO - Waiting for virtualenv lock to be released
[2025-09-19T10:01:18.589+0000] {virtualenv.py:178} INFO - Checking for running process with PID 680
[2025-09-19T10:01:18.589+0000] {virtualenv.py:181} INFO - Process 680 running: True and has the lock /tmp/cosmos_venv_ecom_intermediate/cosmos_virtualenv.lock.
[2025-09-19T10:01:18.590+0000] {virtualenv.py:122} INFO - Waiting for virtualenv lock to be released
[2025-09-19T10:01:19.591+0000] {virtualenv.py:178} INFO - Checking for running process with PID 680
[2025-09-19T10:01:19.592+0000] {virtualenv.py:181} INFO - Process 680 running: True and has the lock /tmp/cosmos_venv_ecom_intermediate/cosmos_virtualenv.lock.
[2025-09-19T10:01:19.592+0000] {virtualenv.py:122} INFO - Waiting for virtualenv lock to be released
[2025-09-19T10:01:20.593+0000] {virtualenv.py:178} INFO - Checking for running process with PID 680
[2025-09-19T10:01:20.594+0000] {virtualenv.py:181} INFO - Process 680 running: True and has the lock /tmp/cosmos_venv_ecom_intermediate/cosmos_virtualenv.lock.
[2025-09-19T10:01:20.595+0000] {virtualenv.py:122} INFO - Waiting for virtualenv lock to be released
[2025-09-19T10:01:21.596+0000] {virtualenv.py:178} INFO - Checking for running process with PID 680
[2025-09-19T10:01:21.596+0000] {virtualenv.py:181} INFO - Process 680 running: True and has the lock /tmp/cosmos_venv_ecom_intermediate/cosmos_virtualenv.lock.
[2025-09-19T10:01:21.597+0000] {virtualenv.py:122} INFO - Waiting for virtualenv lock to be released
[2025-09-19T10:01:22.599+0000] {virtualenv.py:178} INFO - Checking for running process with PID 680
[2025-09-19T10:01:22.600+0000] {virtualenv.py:181} INFO - Process 680 running: True and has the lock /tmp/cosmos_venv_ecom_intermediate/cosmos_virtualenv.lock.
[2025-09-19T10:01:22.600+0000] {virtualenv.py:122} INFO - Waiting for virtualenv lock to be released
[2025-09-19T10:01:23.602+0000] {virtualenv.py:178} INFO - Checking for running process with PID 680
[2025-09-19T10:01:23.603+0000] {virtualenv.py:181} INFO - Process 680 running: True and has the lock /tmp/cosmos_venv_ecom_intermediate/cosmos_virtualenv.lock.
[2025-09-19T10:01:23.604+0000] {virtualenv.py:122} INFO - Waiting for virtualenv lock to be released
[2025-09-19T10:01:24.606+0000] {virtualenv.py:178} INFO - Checking for running process with PID 680
[2025-09-19T10:01:24.607+0000] {virtualenv.py:181} INFO - Process 680 running: True and has the lock /tmp/cosmos_venv_ecom_intermediate/cosmos_virtualenv.lock.
[2025-09-19T10:01:24.607+0000] {virtualenv.py:122} INFO - Waiting for virtualenv lock to be released
[2025-09-19T10:01:25.608+0000] {virtualenv.py:178} INFO - Checking for running process with PID 680
[2025-09-19T10:01:25.608+0000] {virtualenv.py:181} INFO - Process 680 running: True and has the lock /tmp/cosmos_venv_ecom_intermediate/cosmos_virtualenv.lock.
[2025-09-19T10:01:25.609+0000] {virtualenv.py:122} INFO - Waiting for virtualenv lock to be released
[2025-09-19T10:01:26.611+0000] {virtualenv.py:178} INFO - Checking for running process with PID 680
[2025-09-19T10:01:26.612+0000] {virtualenv.py:181} INFO - Process 680 running: True and has the lock /tmp/cosmos_venv_ecom_intermediate/cosmos_virtualenv.lock.
[2025-09-19T10:01:26.613+0000] {virtualenv.py:122} INFO - Waiting for virtualenv lock to be released
[2025-09-19T10:01:27.620+0000] {virtualenv.py:178} INFO - Checking for running process with PID 611
[2025-09-19T10:01:27.621+0000] {virtualenv.py:181} INFO - Process 611 running: True and has the lock /tmp/cosmos_venv_ecom_intermediate/cosmos_virtualenv.lock.
[2025-09-19T10:01:27.622+0000] {virtualenv.py:122} INFO - Waiting for virtualenv lock to be released
[2025-09-19T10:01:28.624+0000] {virtualenv.py:178} INFO - Checking for running process with PID 611
[2025-09-19T10:01:28.625+0000] {virtualenv.py:181} INFO - Process 611 running: True and has the lock /tmp/cosmos_venv_ecom_intermediate/cosmos_virtualenv.lock.
[2025-09-19T10:01:28.625+0000] {virtualenv.py:122} INFO - Waiting for virtualenv lock to be released
[2025-09-19T10:01:29.627+0000] {virtualenv.py:126} INFO - Acquiring the virtualenv lock
[2025-09-19T10:01:29.628+0000] {virtualenv.py:195} INFO - Acquiring lock at /tmp/cosmos_venv_ecom_intermediate/cosmos_virtualenv.lock with pid 612
[2025-09-19T10:01:29.628+0000] {virtualenv.py:153} INFO - Creating or updating the virtualenv at `/tmp/cosmos_venv_ecom_intermediate
[2025-09-19T10:01:29.629+0000] {process_utils.py:183} INFO - Executing cmd: /home/***/.local/bin/python -m virtualenv /tmp/cosmos_venv_ecom_intermediate --python=python3
[2025-09-19T10:01:29.630+0000] {process_utils.py:187} INFO - Output:
[2025-09-19T10:01:31.279+0000] {process_utils.py:191} INFO - created virtual environment CPython3.10.14.final.0-64 in 568ms
[2025-09-19T10:01:31.280+0000] {process_utils.py:191} INFO -   creator CPython3Posix(dest=/tmp/cosmos_venv_ecom_intermediate, clear=False, no_vcs_ignore=False, global=False)
[2025-09-19T10:01:31.280+0000] {process_utils.py:191} INFO -   seeder FromAppData(download=False, pip=bundle, setuptools=bundle, wheel=bundle, via=copy, app_data_dir=/home/***/.local/share/virtualenv)
[2025-09-19T10:01:31.282+0000] {process_utils.py:191} INFO -     added seed packages: MarkupSafe==3.0.2, PyYAML==6.0.2, agate==1.9.1, annotated_types==0.7.0, attrs==25.3.0, babel==2.17.0, certifi==2025.8.3, charset_normalizer==3.4.3, click==8.2.1, clickhouse_connect==0.8.18, clickhouse_driver==0.2.9, colorama==0.4.6, daff==1.4.2, dbt_adapters==1.16.7, dbt_clickhouse==1.9.3, dbt_common==1.30.0, dbt_core==1.10.11, dbt_extractor==0.6.0, dbt_protos==1.0.375, dbt_semantic_interfaces==0.9.0, deepdiff==8.6.1, idna==3.10, importlib_metadata==8.7.0, isodate==0.6.1, jinja2==3.1.6, jsonschema==4.25.1, jsonschema_specifications==2025.9.1, leather==0.4.0, lz4==4.4.4, mashumaro==3.14, more_itertools==10.8.0, msgpack==1.1.1, networkx==3.4.2, orderly_set==5.5.0, packaging==25.0, parsedatetime==2.6, pathspec==0.12.1, pip==25.2, protobuf==6.32.1, pydantic==2.11.8, pydantic_core==2.33.2, python_dateutil==2.9.0.post0, python_slugify==8.0.4, pytimeparse==1.1.8, pytz==2025.2, referencing==0.36.2, requests==2.32.5, rpds_py==0.27.1, setuptools==80.9.0, six==1.17.0, snowplow_tracker==1.1.0, sqlparse==0.5.3, text_unidecode==1.3, typing_extensions==4.15.0, typing_inspection==0.4.1, tzlocal==5.3.1, urllib3==2.5.0, wheel==0.45.1, zipp==3.23.0, zstandard==0.24.0
[2025-09-19T10:01:31.284+0000] {process_utils.py:191} INFO -   activators BashActivator,CShellActivator,FishActivator,NushellActivator,PowerShellActivator,PythonActivator
[2025-09-19T10:01:31.386+0000] {process_utils.py:183} INFO - Executing cmd: /tmp/cosmos_venv_ecom_intermediate/bin/pip install dbt-clickhouse
[2025-09-19T10:01:31.387+0000] {process_utils.py:187} INFO - Output:
[2025-09-19T10:01:33.097+0000] {process_utils.py:191} INFO - Requirement already satisfied: dbt-clickhouse in /tmp/cosmos_venv_ecom_intermediate/lib/python3.10/site-packages (1.9.3)
[2025-09-19T10:01:33.099+0000] {process_utils.py:191} INFO - Requirement already satisfied: dbt-core>=1.9 in /tmp/cosmos_venv_ecom_intermediate/lib/python3.10/site-packages (from dbt-clickhouse) (1.10.11)
[2025-09-19T10:01:33.099+0000] {process_utils.py:191} INFO - Requirement already satisfied: clickhouse-connect>=0.6.22 in /tmp/cosmos_venv_ecom_intermediate/lib/python3.10/site-packages (from dbt-clickhouse) (0.8.18)
[2025-09-19T10:01:33.100+0000] {process_utils.py:191} INFO - Requirement already satisfied: clickhouse-driver>=0.2.6 in /tmp/cosmos_venv_ecom_intermediate/lib/python3.10/site-packages (from dbt-clickhouse) (0.2.9)
[2025-09-19T10:01:33.101+0000] {process_utils.py:191} INFO - Requirement already satisfied: setuptools>=0.69 in /tmp/cosmos_venv_ecom_intermediate/lib/python3.10/site-packages (from dbt-clickhouse) (80.9.0)
[2025-09-19T10:01:33.104+0000] {process_utils.py:191} INFO - Requirement already satisfied: certifi in /tmp/cosmos_venv_ecom_intermediate/lib/python3.10/site-packages (from clickhouse-connect>=0.6.22->dbt-clickhouse) (2025.8.3)
[2025-09-19T10:01:33.104+0000] {process_utils.py:191} INFO - Requirement already satisfied: urllib3>=1.26 in /tmp/cosmos_venv_ecom_intermediate/lib/python3.10/site-packages (from clickhouse-connect>=0.6.22->dbt-clickhouse) (2.5.0)
[2025-09-19T10:01:33.105+0000] {process_utils.py:191} INFO - Requirement already satisfied: pytz in /tmp/cosmos_venv_ecom_intermediate/lib/python3.10/site-packages (from clickhouse-connect>=0.6.22->dbt-clickhouse) (2025.2)
[2025-09-19T10:01:33.106+0000] {process_utils.py:191} INFO - Requirement already satisfied: zstandard in /tmp/cosmos_venv_ecom_intermediate/lib/python3.10/site-packages (from clickhouse-connect>=0.6.22->dbt-clickhouse) (0.24.0)
[2025-09-19T10:01:33.106+0000] {process_utils.py:191} INFO - Requirement already satisfied: lz4 in /tmp/cosmos_venv_ecom_intermediate/lib/python3.10/site-packages (from clickhouse-connect>=0.6.22->dbt-clickhouse) (4.4.4)
[2025-09-19T10:01:33.109+0000] {process_utils.py:191} INFO - Requirement already satisfied: tzlocal in /tmp/cosmos_venv_ecom_intermediate/lib/python3.10/site-packages (from clickhouse-driver>=0.2.6->dbt-clickhouse) (5.3.1)
[2025-09-19T10:01:33.115+0000] {process_utils.py:191} INFO - Requirement already satisfied: agate<1.10,>=1.7.0 in /tmp/cosmos_venv_ecom_intermediate/lib/python3.10/site-packages (from dbt-core>=1.9->dbt-clickhouse) (1.9.1)
[2025-09-19T10:01:33.117+0000] {process_utils.py:191} INFO - Requirement already satisfied: Jinja2<4,>=3.1.3 in /tmp/cosmos_venv_ecom_intermediate/lib/python3.10/site-packages (from dbt-core>=1.9->dbt-clickhouse) (3.1.6)
[2025-09-19T10:01:33.118+0000] {process_utils.py:191} INFO - Requirement already satisfied: mashumaro<3.15,>=3.9 in /tmp/cosmos_venv_ecom_intermediate/lib/python3.10/site-packages (from mashumaro[msgpack]<3.15,>=3.9->dbt-core>=1.9->dbt-clickhouse) (3.14)
[2025-09-19T10:01:33.119+0000] {process_utils.py:191} INFO - Requirement already satisfied: click<9.0,>=8.0.2 in /tmp/cosmos_venv_ecom_intermediate/lib/python3.10/site-packages (from dbt-core>=1.9->dbt-clickhouse) (8.2.1)
[2025-09-19T10:01:33.120+0000] {process_utils.py:191} INFO - Requirement already satisfied: jsonschema<5.0,>=4.19.1 in /tmp/cosmos_venv_ecom_intermediate/lib/python3.10/site-packages (from dbt-core>=1.9->dbt-clickhouse) (4.25.1)
[2025-09-19T10:01:33.121+0000] {process_utils.py:191} INFO - Requirement already satisfied: networkx<4.0,>=2.3 in /tmp/cosmos_venv_ecom_intermediate/lib/python3.10/site-packages (from dbt-core>=1.9->dbt-clickhouse) (3.4.2)
[2025-09-19T10:01:33.122+0000] {process_utils.py:191} INFO - Requirement already satisfied: protobuf<7.0,>=6.0 in /tmp/cosmos_venv_ecom_intermediate/lib/python3.10/site-packages (from dbt-core>=1.9->dbt-clickhouse) (6.32.1)
[2025-09-19T10:01:33.122+0000] {process_utils.py:191} INFO - Requirement already satisfied: requests<3.0.0 in /tmp/cosmos_venv_ecom_intermediate/lib/python3.10/site-packages (from dbt-core>=1.9->dbt-clickhouse) (2.32.5)
[2025-09-19T10:01:33.124+0000] {process_utils.py:191} INFO - Requirement already satisfied: snowplow-tracker<2.0,>=1.0.2 in /tmp/cosmos_venv_ecom_intermediate/lib/python3.10/site-packages (from dbt-core>=1.9->dbt-clickhouse) (1.1.0)
[2025-09-19T10:01:33.125+0000] {process_utils.py:191} INFO - Requirement already satisfied: pathspec<0.13,>=0.9 in /tmp/cosmos_venv_ecom_intermediate/lib/python3.10/site-packages (from dbt-core>=1.9->dbt-clickhouse) (0.12.1)
[2025-09-19T10:01:33.126+0000] {process_utils.py:191} INFO - Requirement already satisfied: sqlparse<0.6.0,>=0.5.0 in /tmp/cosmos_venv_ecom_intermediate/lib/python3.10/site-packages (from dbt-core>=1.9->dbt-clickhouse) (0.5.3)
[2025-09-19T10:01:33.127+0000] {process_utils.py:191} INFO - Requirement already satisfied: dbt-extractor<=0.6,>=0.5.0 in /tmp/cosmos_venv_ecom_intermediate/lib/python3.10/site-packages (from dbt-core>=1.9->dbt-clickhouse) (0.6.0)
[2025-09-19T10:01:33.128+0000] {process_utils.py:191} INFO - Requirement already satisfied: dbt-semantic-interfaces<0.10,>=0.9.0 in /tmp/cosmos_venv_ecom_intermediate/lib/python3.10/site-packages (from dbt-core>=1.9->dbt-clickhouse) (0.9.0)
[2025-09-19T10:01:33.129+0000] {process_utils.py:191} INFO - Requirement already satisfied: dbt-common<2.0,>=1.27.0 in /tmp/cosmos_venv_ecom_intermediate/lib/python3.10/site-packages (from dbt-core>=1.9->dbt-clickhouse) (1.30.0)
[2025-09-19T10:01:33.129+0000] {process_utils.py:191} INFO - Requirement already satisfied: dbt-adapters<2.0,>=1.15.5 in /tmp/cosmos_venv_ecom_intermediate/lib/python3.10/site-packages (from dbt-core>=1.9->dbt-clickhouse) (1.16.7)
[2025-09-19T10:01:33.130+0000] {process_utils.py:191} INFO - Requirement already satisfied: dbt-protos<2.0,>=1.0.346 in /tmp/cosmos_venv_ecom_intermediate/lib/python3.10/site-packages (from dbt-core>=1.9->dbt-clickhouse) (1.0.375)
[2025-09-19T10:01:33.131+0000] {process_utils.py:191} INFO - Requirement already satisfied: pydantic<3 in /tmp/cosmos_venv_ecom_intermediate/lib/python3.10/site-packages (from dbt-core>=1.9->dbt-clickhouse) (2.11.8)
[2025-09-19T10:01:33.132+0000] {process_utils.py:191} INFO - Requirement already satisfied: packaging>20.9 in /tmp/cosmos_venv_ecom_intermediate/lib/python3.10/site-packages (from dbt-core>=1.9->dbt-clickhouse) (25.0)
[2025-09-19T10:01:33.133+0000] {process_utils.py:191} INFO - Requirement already satisfied: pyyaml>=6.0 in /tmp/cosmos_venv_ecom_intermediate/lib/python3.10/site-packages (from dbt-core>=1.9->dbt-clickhouse) (6.0.2)
[2025-09-19T10:01:33.133+0000] {process_utils.py:191} INFO - Requirement already satisfied: daff>=1.3.46 in /tmp/cosmos_venv_ecom_intermediate/lib/python3.10/site-packages (from dbt-core>=1.9->dbt-clickhouse) (1.4.2)
[2025-09-19T10:01:33.134+0000] {process_utils.py:191} INFO - Requirement already satisfied: typing-extensions>=4.4 in /tmp/cosmos_venv_ecom_intermediate/lib/python3.10/site-packages (from dbt-core>=1.9->dbt-clickhouse) (4.15.0)
[2025-09-19T10:01:33.137+0000] {process_utils.py:191} INFO - Requirement already satisfied: Babel>=2.0 in /tmp/cosmos_venv_ecom_intermediate/lib/python3.10/site-packages (from agate<1.10,>=1.7.0->dbt-core>=1.9->dbt-clickhouse) (2.17.0)
[2025-09-19T10:01:33.138+0000] {process_utils.py:191} INFO - Requirement already satisfied: isodate>=0.5.4 in /tmp/cosmos_venv_ecom_intermediate/lib/python3.10/site-packages (from agate<1.10,>=1.7.0->dbt-core>=1.9->dbt-clickhouse) (0.6.1)
[2025-09-19T10:01:33.139+0000] {process_utils.py:191} INFO - Requirement already satisfied: leather>=0.3.2 in /tmp/cosmos_venv_ecom_intermediate/lib/python3.10/site-packages (from agate<1.10,>=1.7.0->dbt-core>=1.9->dbt-clickhouse) (0.4.0)
[2025-09-19T10:01:33.140+0000] {process_utils.py:191} INFO - Requirement already satisfied: parsedatetime!=2.5,>=2.1 in /tmp/cosmos_venv_ecom_intermediate/lib/python3.10/site-packages (from agate<1.10,>=1.7.0->dbt-core>=1.9->dbt-clickhouse) (2.6)
[2025-09-19T10:01:33.141+0000] {process_utils.py:191} INFO - Requirement already satisfied: python-slugify>=1.2.1 in /tmp/cosmos_venv_ecom_intermediate/lib/python3.10/site-packages (from agate<1.10,>=1.7.0->dbt-core>=1.9->dbt-clickhouse) (8.0.4)
[2025-09-19T10:01:33.141+0000] {process_utils.py:191} INFO - Requirement already satisfied: pytimeparse>=1.1.5 in /tmp/cosmos_venv_ecom_intermediate/lib/python3.10/site-packages (from agate<1.10,>=1.7.0->dbt-core>=1.9->dbt-clickhouse) (1.1.8)
[2025-09-19T10:01:33.157+0000] {process_utils.py:191} INFO - Requirement already satisfied: colorama<0.5,>=0.3.9 in /tmp/cosmos_venv_ecom_intermediate/lib/python3.10/site-packages (from dbt-common<2.0,>=1.27.0->dbt-core>=1.9->dbt-clickhouse) (0.4.6)
[2025-09-19T10:01:33.159+0000] {process_utils.py:191} INFO - Requirement already satisfied: deepdiff<9.0,>=7.0 in /tmp/cosmos_venv_ecom_intermediate/lib/python3.10/site-packages (from dbt-common<2.0,>=1.27.0->dbt-core>=1.9->dbt-clickhouse) (8.6.1)
[2025-09-19T10:01:33.162+0000] {process_utils.py:191} INFO - Requirement already satisfied: python-dateutil<3.0,>=2.0 in /tmp/cosmos_venv_ecom_intermediate/lib/python3.10/site-packages (from dbt-common<2.0,>=1.27.0->dbt-core>=1.9->dbt-clickhouse) (2.9.0.post0)
[2025-09-19T10:01:33.176+0000] {process_utils.py:191} INFO - Requirement already satisfied: importlib-metadata<9,>=6.0 in /tmp/cosmos_venv_ecom_intermediate/lib/python3.10/site-packages (from dbt-semantic-interfaces<0.10,>=0.9.0->dbt-core>=1.9->dbt-clickhouse) (8.7.0)
[2025-09-19T10:01:33.178+0000] {process_utils.py:191} INFO - Requirement already satisfied: more-itertools<11.0,>=8.0 in /tmp/cosmos_venv_ecom_intermediate/lib/python3.10/site-packages (from dbt-semantic-interfaces<0.10,>=0.9.0->dbt-core>=1.9->dbt-clickhouse) (10.8.0)
[2025-09-19T10:01:33.192+0000] {process_utils.py:191} INFO - Requirement already satisfied: orderly-set<6,>=5.4.1 in /tmp/cosmos_venv_ecom_intermediate/lib/python3.10/site-packages (from deepdiff<9.0,>=7.0->dbt-common<2.0,>=1.27.0->dbt-core>=1.9->dbt-clickhouse) (5.5.0)
[2025-09-19T10:01:33.198+0000] {process_utils.py:191} INFO - Requirement already satisfied: zipp>=3.20 in /tmp/cosmos_venv_ecom_intermediate/lib/python3.10/site-packages (from importlib-metadata<9,>=6.0->dbt-semantic-interfaces<0.10,>=0.9.0->dbt-core>=1.9->dbt-clickhouse) (3.23.0)
[2025-09-19T10:01:33.200+0000] {process_utils.py:191} INFO - Requirement already satisfied: six in /tmp/cosmos_venv_ecom_intermediate/lib/python3.10/site-packages (from isodate>=0.5.4->agate<1.10,>=1.7.0->dbt-core>=1.9->dbt-clickhouse) (1.17.0)
[2025-09-19T10:01:33.203+0000] {process_utils.py:191} INFO - Requirement already satisfied: MarkupSafe>=2.0 in /tmp/cosmos_venv_ecom_intermediate/lib/python3.10/site-packages (from Jinja2<4,>=3.1.3->dbt-core>=1.9->dbt-clickhouse) (3.0.2)
[2025-09-19T10:01:33.209+0000] {process_utils.py:191} INFO - Requirement already satisfied: attrs>=22.2.0 in /tmp/cosmos_venv_ecom_intermediate/lib/python3.10/site-packages (from jsonschema<5.0,>=4.19.1->dbt-core>=1.9->dbt-clickhouse) (25.3.0)
[2025-09-19T10:01:33.210+0000] {process_utils.py:191} INFO - Requirement already satisfied: jsonschema-specifications>=2023.03.6 in /tmp/cosmos_venv_ecom_intermediate/lib/python3.10/site-packages (from jsonschema<5.0,>=4.19.1->dbt-core>=1.9->dbt-clickhouse) (2025.9.1)
[2025-09-19T10:01:33.211+0000] {process_utils.py:191} INFO - Requirement already satisfied: referencing>=0.28.4 in /tmp/cosmos_venv_ecom_intermediate/lib/python3.10/site-packages (from jsonschema<5.0,>=4.19.1->dbt-core>=1.9->dbt-clickhouse) (0.36.2)
[2025-09-19T10:01:33.212+0000] {process_utils.py:191} INFO - Requirement already satisfied: rpds-py>=0.7.1 in /tmp/cosmos_venv_ecom_intermediate/lib/python3.10/site-packages (from jsonschema<5.0,>=4.19.1->dbt-core>=1.9->dbt-clickhouse) (0.27.1)
[2025-09-19T10:01:33.219+0000] {process_utils.py:191} INFO - Requirement already satisfied: msgpack>=0.5.6 in /tmp/cosmos_venv_ecom_intermediate/lib/python3.10/site-packages (from mashumaro[msgpack]<3.15,>=3.9->dbt-core>=1.9->dbt-clickhouse) (1.1.1)
[2025-09-19T10:01:33.243+0000] {process_utils.py:191} INFO - Requirement already satisfied: annotated-types>=0.6.0 in /tmp/cosmos_venv_ecom_intermediate/lib/python3.10/site-packages (from pydantic<3->dbt-core>=1.9->dbt-clickhouse) (0.7.0)
[2025-09-19T10:01:33.244+0000] {process_utils.py:191} INFO - Requirement already satisfied: pydantic-core==2.33.2 in /tmp/cosmos_venv_ecom_intermediate/lib/python3.10/site-packages (from pydantic<3->dbt-core>=1.9->dbt-clickhouse) (2.33.2)
[2025-09-19T10:01:33.245+0000] {process_utils.py:191} INFO - Requirement already satisfied: typing-inspection>=0.4.0 in /tmp/cosmos_venv_ecom_intermediate/lib/python3.10/site-packages (from pydantic<3->dbt-core>=1.9->dbt-clickhouse) (0.4.1)
[2025-09-19T10:01:33.254+0000] {process_utils.py:191} INFO - Requirement already satisfied: charset_normalizer<4,>=2 in /tmp/cosmos_venv_ecom_intermediate/lib/python3.10/site-packages (from requests<3.0.0->dbt-core>=1.9->dbt-clickhouse) (3.4.3)
[2025-09-19T10:01:33.256+0000] {process_utils.py:191} INFO - Requirement already satisfied: idna<4,>=2.5 in /tmp/cosmos_venv_ecom_intermediate/lib/python3.10/site-packages (from requests<3.0.0->dbt-core>=1.9->dbt-clickhouse) (3.10)
[2025-09-19T10:01:33.315+0000] {process_utils.py:191} INFO - Requirement already satisfied: text-unidecode>=1.3 in /tmp/cosmos_venv_ecom_intermediate/lib/python3.10/site-packages (from python-slugify>=1.2.1->agate<1.10,>=1.7.0->dbt-core>=1.9->dbt-clickhouse) (1.3)
[2025-09-19T10:01:33.504+0000] {local.py:470} INFO - Cloning project to writable temp directory /tmp/tmp2i15ae79 from /opt/airflow/dags/dbt/ecom_intermediate
[2025-09-19T10:01:33.522+0000] {local.py:490} INFO - Partial parse is enabled and the latest partial parse file is /tmp/cosmos/dbt_intermediate__intermediate/target/partial_parse.msgpack
[2025-09-19T10:01:33.535+0000] {config.py:362} INFO - Using user-supplied profiles.yml at /opt/airflow/dags/dbt/profiles.yml
[2025-09-19T10:01:33.544+0000] {virtualenv.py:99} INFO - Using Python binary from virtualenv: /tmp/cosmos_venv_ecom_intermediate/bin/python
[2025-09-19T10:01:33.545+0000] {local.py:434} INFO - Trying to run the command:
 ['/tmp/cosmos_venv_ecom_intermediate/bin/dbt', 'deps', '--project-dir', '/tmp/tmp2i15ae79', '--profiles-dir', '/opt/***/dags/dbt', '--profile', 'ecom_intermediate', '--target', 'dev']
From /tmp/tmp2i15ae79
[2025-09-19T10:01:33.545+0000] {subprocess.py:56} INFO - Tmp dir root location: 
 /tmp
[2025-09-19T10:01:33.546+0000] {subprocess.py:69} INFO - Running command: ['/tmp/cosmos_venv_ecom_intermediate/bin/dbt', 'deps', '--project-dir', '/tmp/tmp2i15ae79', '--profiles-dir', '/opt/***/dags/dbt', '--profile', 'ecom_intermediate', '--target', 'dev']
[2025-09-19T10:01:33.558+0000] {subprocess.py:80} INFO - Command output:
[2025-09-19T10:01:36.316+0000] {subprocess.py:90} INFO - [0m10:01:36  Running with dbt=1.10.11
[2025-09-19T10:01:37.095+0000] {subprocess.py:90} INFO - [0m10:01:37  Installing dbt-labs/dbt_utils
[2025-09-19T10:01:37.794+0000] {subprocess.py:90} INFO - [0m10:01:37  Installed from version 1.3.0
[2025-09-19T10:01:37.795+0000] {subprocess.py:90} INFO - [0m10:01:37  Updated version available: 1.3.1
[2025-09-19T10:01:37.797+0000] {subprocess.py:90} INFO - [0m10:01:37
[2025-09-19T10:01:37.798+0000] {subprocess.py:90} INFO - [0m10:01:37  Updates available for packages: ['dbt-labs/dbt_utils']
[2025-09-19T10:01:37.799+0000] {subprocess.py:90} INFO - Update your versions in packages.yml, then run dbt deps
[2025-09-19T10:01:39.441+0000] {subprocess.py:94} INFO - Command exited with return code 0
[2025-09-19T10:01:39.442+0000] {local.py:441} INFO - Update your versions in packages.yml, then run dbt deps
[2025-09-19T10:01:39.443+0000] {virtualenv.py:99} INFO - Using Python binary from virtualenv: /tmp/cosmos_venv_ecom_intermediate/bin/python
[2025-09-19T10:01:39.443+0000] {local.py:434} INFO - Trying to run the command:
 ['/tmp/cosmos_venv_ecom_intermediate/bin/dbt', 'run', '--models', 'categories_enriched', '--project-dir', '/tmp/tmp2i15ae79', '--profiles-dir', '/opt/***/dags/dbt', '--profile', 'ecom_intermediate', '--target', 'dev']
From /tmp/tmp2i15ae79
[2025-09-19T10:01:39.444+0000] {subprocess.py:56} INFO - Tmp dir root location: 
 /tmp
[2025-09-19T10:01:39.444+0000] {subprocess.py:69} INFO - Running command: ['/tmp/cosmos_venv_ecom_intermediate/bin/dbt', 'run', '--models', 'categories_enriched', '--project-dir', '/tmp/tmp2i15ae79', '--profiles-dir', '/opt/***/dags/dbt', '--profile', 'ecom_intermediate', '--target', 'dev']
[2025-09-19T10:01:39.455+0000] {subprocess.py:80} INFO - Command output:
[2025-09-19T10:01:43.062+0000] {subprocess.py:90} INFO - [0m10:01:43  Running with dbt=1.10.11
[2025-09-19T10:01:43.065+0000] {subprocess.py:90} INFO - [0m10:01:43  [[33mWARNING[0m]: Deprecated functionality
[2025-09-19T10:01:43.066+0000] {subprocess.py:90} INFO - Usage of `--models`, `--model`, and `-m` is deprecated in favor of `--select` or
[2025-09-19T10:01:43.067+0000] {subprocess.py:90} INFO - `-s`.
[2025-09-19T10:01:43.491+0000] {subprocess.py:90} INFO - [0m10:01:43  Registered adapter: clickhouse=1.9.3
[2025-09-19T10:01:44.642+0000] {subprocess.py:90} INFO - [0m10:01:44  Found 15 models, 50 data tests, 8 sources, 597 macros
[2025-09-19T10:01:44.647+0000] {subprocess.py:90} INFO - [0m10:01:44
[2025-09-19T10:01:44.648+0000] {subprocess.py:90} INFO - [0m10:01:44  Concurrency: 4 threads (target='dev')
[2025-09-19T10:01:44.649+0000] {subprocess.py:90} INFO - [0m10:01:44
[2025-09-19T10:01:44.829+0000] {subprocess.py:90} INFO - [0m10:01:44  1 of 1 START sql table model `ecom_db_intermediate`.`categories_enriched` ...... [RUN]
[2025-09-19T10:01:45.135+0000] {subprocess.py:90} INFO - [0m10:01:45  1 of 1 OK created sql table model `ecom_db_intermediate`.`categories_enriched` . [[32mOK[0m in 0.30s]
[2025-09-19T10:01:45.141+0000] {subprocess.py:90} INFO - [0m10:01:45
[2025-09-19T10:01:45.142+0000] {subprocess.py:90} INFO - [0m10:01:45  Finished running 1 table model in 0 hours 0 minutes and 0.49 seconds (0.49s).
[2025-09-19T10:01:45.253+0000] {subprocess.py:90} INFO - [0m10:01:45
[2025-09-19T10:01:45.255+0000] {subprocess.py:90} INFO - [0m10:01:45  [32mCompleted successfully[0m
[2025-09-19T10:01:45.256+0000] {subprocess.py:90} INFO - [0m10:01:45
[2025-09-19T10:01:45.259+0000] {subprocess.py:90} INFO - [0m10:01:45  Done. PASS=1 WARN=0 ERROR=0 SKIP=0 NO-OP=0 TOTAL=1
[2025-09-19T10:01:45.262+0000] {subprocess.py:90} INFO - [0m10:01:45  [[33mWARNING[0m][DeprecationsSummary]: Deprecated functionality
[2025-09-19T10:01:45.263+0000] {subprocess.py:90} INFO - Summary of encountered deprecations:
[2025-09-19T10:01:45.263+0000] {subprocess.py:90} INFO - - ModelParamUsageDeprecation: 1 occurrence
[2025-09-19T10:01:45.264+0000] {subprocess.py:90} INFO - To see all deprecation instances instead of just the first occurrence of each,
[2025-09-19T10:01:45.264+0000] {subprocess.py:90} INFO - run command again with the `--show-all-deprecations` flag. You may also need to
[2025-09-19T10:01:45.265+0000] {subprocess.py:90} INFO - run with `--no-partial-parse` as some deprecations are only encountered during
[2025-09-19T10:01:45.265+0000] {subprocess.py:90} INFO - parsing.
[2025-09-19T10:01:47.034+0000] {subprocess.py:94} INFO - Command exited with return code 0
[2025-09-19T10:01:47.035+0000] {local.py:441} INFO - parsing.
[2025-09-19T10:01:47.051+0000] {local.py:196} WARNING - Artifact schema version: https://schemas.getdbt.com/dbt/manifest/v12.json is above dbt-ol supported version 7. This might cause errors.
[2025-09-19T10:01:47.052+0000] {local.py:196} WARNING - Artifact schema version: https://schemas.getdbt.com/dbt/run-results/v6.json is above dbt-ol supported version 5. This might cause errors.
[2025-09-19T10:01:47.061+0000] {local.py:547} INFO - Inlets: []
[2025-09-19T10:01:47.061+0000] {local.py:548} INFO - Outlets: []
[2025-09-19T10:01:47.062+0000] {local.py:772} INFO - Assigning inlets/outlets without DatasetAlias
[2025-09-19T10:01:47.062+0000] {dag.py:3089} INFO - Sync 1 DAGs
[2025-09-19T10:01:47.223+0000] {virtualenv.py:131} INFO - Releasing virtualenv lock
[2025-09-19T10:01:47.224+0000] {virtualenv.py:145} INFO - None
[2025-09-19T10:01:47.224+0000] {taskinstance.py:441} INFO - ::group::Post task execution logs
[2025-09-19T10:01:47.291+0000] {taskinstance.py:1206} INFO - Marking task as SUCCESS. dag_id=dbt_intermediate, task_id=intermediate.categories_enriched.run, run_id=scheduled__2025-09-18T00:00:00+00:00, execution_date=20250918T000000, start_date=20250919T100038, end_date=20250919T100147
[2025-09-19T10:01:47.334+0000] {local_task_job_runner.py:243} INFO - Task exited with return code 0
[2025-09-19T10:01:47.389+0000] {local_task_job_runner.py:222} INFO - ::endgroup::
[2025-09-19T10:18:58.825+0000] {local_task_job_runner.py:120} INFO - ::group::Pre task execution logs
[2025-09-19T10:18:59.294+0000] {taskinstance.py:2076} INFO - Dependencies all met for dep_context=non-requeueable deps ti=<TaskInstance: dbt_intermediate.intermediate.categories_enriched.run scheduled__2025-09-18T00:00:00+00:00 [queued]>
[2025-09-19T10:18:59.312+0000] {taskinstance.py:2076} INFO - Dependencies all met for dep_context=requeueable deps ti=<TaskInstance: dbt_intermediate.intermediate.categories_enriched.run scheduled__2025-09-18T00:00:00+00:00 [queued]>
[2025-09-19T10:18:59.313+0000] {taskinstance.py:2306} INFO - Starting attempt 1 of 1
[2025-09-19T10:18:59.373+0000] {taskinstance.py:2330} INFO - Executing <Task(DbtRunVirtualenvOperator): intermediate.categories_enriched.run> on 2025-09-18 00:00:00+00:00
[2025-09-19T10:18:59.388+0000] {standard_task_runner.py:64} INFO - Started process 3516 to run task
[2025-09-19T10:18:59.394+0000] {standard_task_runner.py:90} INFO - Running: ['***', 'tasks', 'run', 'dbt_intermediate', 'intermediate.categories_enriched.run', 'scheduled__2025-09-18T00:00:00+00:00', '--job-id', '577', '--raw', '--subdir', 'DAGS_FOLDER/dbt_intermediate.py', '--cfg-path', '/tmp/tmpih07e3kn']
[2025-09-19T10:18:59.404+0000] {standard_task_runner.py:91} INFO - Job 577: Subtask intermediate.categories_enriched.run
[2025-09-19T10:18:59.822+0000] {task_command.py:426} INFO - Running <TaskInstance: dbt_intermediate.intermediate.categories_enriched.run scheduled__2025-09-18T00:00:00+00:00 [running]> on host e95bde6b8d07
[2025-09-19T10:19:00.318+0000] {taskinstance.py:2648} INFO - Exporting env vars: AIRFLOW_CTX_DAG_OWNER='***' AIRFLOW_CTX_DAG_ID='dbt_intermediate' AIRFLOW_CTX_TASK_ID='intermediate.categories_enriched.run' AIRFLOW_CTX_EXECUTION_DATE='2025-09-18T00:00:00+00:00' AIRFLOW_CTX_TRY_NUMBER='1' AIRFLOW_CTX_DAG_RUN_ID='scheduled__2025-09-18T00:00:00+00:00'
[2025-09-19T10:19:00.322+0000] {taskinstance.py:430} INFO - ::endgroup::
[2025-09-19T10:19:00.344+0000] {virtualenv.py:120} INFO - Checking if the virtualenv lock /opt/***/cosmos_venvs/ecom_intermediate/cosmos_virtualenv.lock exists
[2025-09-19T10:19:00.345+0000] {virtualenv.py:178} INFO - Checking for running process with PID 3512
[2025-09-19T10:19:00.346+0000] {virtualenv.py:181} INFO - Process 3512 running: True and has the lock /opt/***/cosmos_venvs/ecom_intermediate/cosmos_virtualenv.lock.
[2025-09-19T10:19:00.347+0000] {virtualenv.py:122} INFO - Waiting for virtualenv lock to be released
[2025-09-19T10:19:01.348+0000] {virtualenv.py:178} INFO - Checking for running process with PID 3512
[2025-09-19T10:19:01.349+0000] {virtualenv.py:181} INFO - Process 3512 running: True and has the lock /opt/***/cosmos_venvs/ecom_intermediate/cosmos_virtualenv.lock.
[2025-09-19T10:19:01.349+0000] {virtualenv.py:122} INFO - Waiting for virtualenv lock to be released
[2025-09-19T10:19:02.351+0000] {virtualenv.py:178} INFO - Checking for running process with PID 3512
[2025-09-19T10:19:02.352+0000] {virtualenv.py:181} INFO - Process 3512 running: True and has the lock /opt/***/cosmos_venvs/ecom_intermediate/cosmos_virtualenv.lock.
[2025-09-19T10:19:02.352+0000] {virtualenv.py:122} INFO - Waiting for virtualenv lock to be released
[2025-09-19T10:19:03.354+0000] {virtualenv.py:178} INFO - Checking for running process with PID 3512
[2025-09-19T10:19:03.355+0000] {virtualenv.py:181} INFO - Process 3512 running: True and has the lock /opt/***/cosmos_venvs/ecom_intermediate/cosmos_virtualenv.lock.
[2025-09-19T10:19:03.355+0000] {virtualenv.py:122} INFO - Waiting for virtualenv lock to be released
[2025-09-19T10:19:04.355+0000] {virtualenv.py:178} INFO - Checking for running process with PID 3512
[2025-09-19T10:19:04.356+0000] {virtualenv.py:181} INFO - Process 3512 running: True and has the lock /opt/***/cosmos_venvs/ecom_intermediate/cosmos_virtualenv.lock.
[2025-09-19T10:19:04.357+0000] {virtualenv.py:122} INFO - Waiting for virtualenv lock to be released
[2025-09-19T10:19:05.358+0000] {virtualenv.py:178} INFO - Checking for running process with PID 3512
[2025-09-19T10:19:05.359+0000] {virtualenv.py:181} INFO - Process 3512 running: True and has the lock /opt/***/cosmos_venvs/ecom_intermediate/cosmos_virtualenv.lock.
[2025-09-19T10:19:05.360+0000] {virtualenv.py:122} INFO - Waiting for virtualenv lock to be released
[2025-09-19T10:19:06.362+0000] {virtualenv.py:178} INFO - Checking for running process with PID 3512
[2025-09-19T10:19:06.362+0000] {virtualenv.py:181} INFO - Process 3512 running: True and has the lock /opt/***/cosmos_venvs/ecom_intermediate/cosmos_virtualenv.lock.
[2025-09-19T10:19:06.363+0000] {virtualenv.py:122} INFO - Waiting for virtualenv lock to be released
[2025-09-19T10:19:07.365+0000] {virtualenv.py:178} INFO - Checking for running process with PID 3512
[2025-09-19T10:19:07.366+0000] {virtualenv.py:181} INFO - Process 3512 running: True and has the lock /opt/***/cosmos_venvs/ecom_intermediate/cosmos_virtualenv.lock.
[2025-09-19T10:19:07.367+0000] {virtualenv.py:122} INFO - Waiting for virtualenv lock to be released
[2025-09-19T10:19:08.368+0000] {virtualenv.py:178} INFO - Checking for running process with PID 3512
[2025-09-19T10:19:08.369+0000] {virtualenv.py:181} INFO - Process 3512 running: True and has the lock /opt/***/cosmos_venvs/ecom_intermediate/cosmos_virtualenv.lock.
[2025-09-19T10:19:08.370+0000] {virtualenv.py:122} INFO - Waiting for virtualenv lock to be released
[2025-09-19T10:19:09.372+0000] {virtualenv.py:178} INFO - Checking for running process with PID 3512
[2025-09-19T10:19:09.372+0000] {virtualenv.py:181} INFO - Process 3512 running: True and has the lock /opt/***/cosmos_venvs/ecom_intermediate/cosmos_virtualenv.lock.
[2025-09-19T10:19:09.373+0000] {virtualenv.py:122} INFO - Waiting for virtualenv lock to be released
[2025-09-19T10:19:10.374+0000] {virtualenv.py:178} INFO - Checking for running process with PID 3512
[2025-09-19T10:19:10.375+0000] {virtualenv.py:181} INFO - Process 3512 running: True and has the lock /opt/***/cosmos_venvs/ecom_intermediate/cosmos_virtualenv.lock.
[2025-09-19T10:19:10.376+0000] {virtualenv.py:122} INFO - Waiting for virtualenv lock to be released
[2025-09-19T10:19:11.377+0000] {virtualenv.py:178} INFO - Checking for running process with PID 3512
[2025-09-19T10:19:11.378+0000] {virtualenv.py:181} INFO - Process 3512 running: True and has the lock /opt/***/cosmos_venvs/ecom_intermediate/cosmos_virtualenv.lock.
[2025-09-19T10:19:11.379+0000] {virtualenv.py:122} INFO - Waiting for virtualenv lock to be released
[2025-09-19T10:19:12.381+0000] {virtualenv.py:178} INFO - Checking for running process with PID 3512
[2025-09-19T10:19:12.384+0000] {virtualenv.py:181} INFO - Process 3512 running: True and has the lock /opt/***/cosmos_venvs/ecom_intermediate/cosmos_virtualenv.lock.
[2025-09-19T10:19:12.386+0000] {virtualenv.py:122} INFO - Waiting for virtualenv lock to be released
[2025-09-19T10:19:13.387+0000] {virtualenv.py:178} INFO - Checking for running process with PID 3512
[2025-09-19T10:19:13.388+0000] {virtualenv.py:181} INFO - Process 3512 running: True and has the lock /opt/***/cosmos_venvs/ecom_intermediate/cosmos_virtualenv.lock.
[2025-09-19T10:19:13.389+0000] {virtualenv.py:122} INFO - Waiting for virtualenv lock to be released
[2025-09-19T10:19:14.390+0000] {virtualenv.py:178} INFO - Checking for running process with PID 3512
[2025-09-19T10:19:14.391+0000] {virtualenv.py:181} INFO - Process 3512 running: True and has the lock /opt/***/cosmos_venvs/ecom_intermediate/cosmos_virtualenv.lock.
[2025-09-19T10:19:14.392+0000] {virtualenv.py:122} INFO - Waiting for virtualenv lock to be released
[2025-09-19T10:19:15.393+0000] {virtualenv.py:178} INFO - Checking for running process with PID 3513
[2025-09-19T10:19:15.394+0000] {virtualenv.py:181} INFO - Process 3513 running: True and has the lock /opt/***/cosmos_venvs/ecom_intermediate/cosmos_virtualenv.lock.
[2025-09-19T10:19:15.395+0000] {virtualenv.py:122} INFO - Waiting for virtualenv lock to be released
[2025-09-19T10:19:16.397+0000] {virtualenv.py:178} INFO - Checking for running process with PID 3513
[2025-09-19T10:19:16.398+0000] {virtualenv.py:181} INFO - Process 3513 running: True and has the lock /opt/***/cosmos_venvs/ecom_intermediate/cosmos_virtualenv.lock.
[2025-09-19T10:19:16.399+0000] {virtualenv.py:122} INFO - Waiting for virtualenv lock to be released
[2025-09-19T10:19:17.400+0000] {virtualenv.py:178} INFO - Checking for running process with PID 3513
[2025-09-19T10:19:17.401+0000] {virtualenv.py:181} INFO - Process 3513 running: True and has the lock /opt/***/cosmos_venvs/ecom_intermediate/cosmos_virtualenv.lock.
[2025-09-19T10:19:17.402+0000] {virtualenv.py:122} INFO - Waiting for virtualenv lock to be released
[2025-09-19T10:19:18.407+0000] {virtualenv.py:178} INFO - Checking for running process with PID 3513
[2025-09-19T10:19:18.408+0000] {virtualenv.py:181} INFO - Process 3513 running: True and has the lock /opt/***/cosmos_venvs/ecom_intermediate/cosmos_virtualenv.lock.
[2025-09-19T10:19:18.409+0000] {virtualenv.py:122} INFO - Waiting for virtualenv lock to be released
[2025-09-19T10:19:19.411+0000] {virtualenv.py:178} INFO - Checking for running process with PID 3513
[2025-09-19T10:19:19.411+0000] {virtualenv.py:181} INFO - Process 3513 running: True and has the lock /opt/***/cosmos_venvs/ecom_intermediate/cosmos_virtualenv.lock.
[2025-09-19T10:19:19.412+0000] {virtualenv.py:122} INFO - Waiting for virtualenv lock to be released
[2025-09-19T10:19:20.412+0000] {virtualenv.py:178} INFO - Checking for running process with PID 3513
[2025-09-19T10:19:20.413+0000] {virtualenv.py:181} INFO - Process 3513 running: True and has the lock /opt/***/cosmos_venvs/ecom_intermediate/cosmos_virtualenv.lock.
[2025-09-19T10:19:20.414+0000] {virtualenv.py:122} INFO - Waiting for virtualenv lock to be released
[2025-09-19T10:19:20.762+0000] {local_task_job_runner.py:124} ERROR - Received SIGTERM. Terminating subprocesses
[2025-09-19T10:19:20.781+0000] {process_utils.py:132} INFO - Sending 15 to group 3516. PIDs of all processes in the group: [3516]
[2025-09-19T10:19:20.784+0000] {process_utils.py:87} INFO - Sending the signal 15 to group 3516
[2025-09-19T10:19:20.788+0000] {taskinstance.py:2611} ERROR - Received SIGTERM. Terminating subprocesses.
[2025-09-19T10:19:20.792+0000] {virtualenv.py:131} INFO - Releasing virtualenv lock
[2025-09-19T10:19:20.795+0000] {virtualenv.py:210} WARNING - Lockfile owned by process of pid 3513, while operator has pid 3516
[2025-09-19T10:19:20.796+0000] {taskinstance.py:441} INFO - ::group::Post task execution logs
[2025-09-19T10:19:20.989+0000] {taskinstance.py:2905} ERROR - Task failed with exception
Traceback (most recent call last):
  File "/home/airflow/.local/lib/python3.10/site-packages/airflow/models/taskinstance.py", line 465, in _execute_task
    result = _execute_callable(context=context, **execute_callable_kwargs)
  File "/home/airflow/.local/lib/python3.10/site-packages/airflow/models/taskinstance.py", line 432, in _execute_callable
    return execute_callable(context=context, **execute_callable_kwargs)
  File "/home/airflow/.local/lib/python3.10/site-packages/airflow/models/baseoperator.py", line 401, in wrapper
    return func(self, *args, **kwargs)
  File "/home/airflow/.local/lib/python3.10/site-packages/cosmos/operators/virtualenv.py", line 144, in execute
    output = super().execute(context)
  File "/home/airflow/.local/lib/python3.10/site-packages/cosmos/operators/base.py", line 310, in execute
    self.build_and_run_cmd(context=context, cmd_flags=self.add_cmd_flags())
  File "/home/airflow/.local/lib/python3.10/site-packages/cosmos/operators/local.py", line 853, in build_and_run_cmd
    result = self.run_command(
  File "/home/airflow/.local/lib/python3.10/site-packages/cosmos/operators/virtualenv.py", line 123, in run_command
    time.sleep(1)
  File "/home/airflow/.local/lib/python3.10/site-packages/airflow/models/taskinstance.py", line 2613, in signal_handler
    raise AirflowTaskTerminated("Task received SIGTERM signal")
airflow.exceptions.AirflowTaskTerminated: Task received SIGTERM signal
[2025-09-19T10:19:20.997+0000] {taskinstance.py:1206} INFO - Marking task as FAILED. dag_id=dbt_intermediate, task_id=intermediate.categories_enriched.run, run_id=scheduled__2025-09-18T00:00:00+00:00, execution_date=20250918T000000, start_date=20250919T101859, end_date=20250919T101920
[2025-09-19T10:19:21.135+0000] {process_utils.py:80} INFO - Process psutil.Process(pid=3516, status='terminated', exitcode=2, started='10:18:59') (3516) terminated with exit code 2
[2025-09-19T10:19:21.137+0000] {local_task_job_runner.py:243} INFO - Task exited with return code 143
[2025-09-19T10:19:21.328+0000] {taskinstance.py:3503} INFO - 0 downstream tasks scheduled from follow-on schedule check
