[2025-09-22T07:56:44.645+0000] {local_task_job_runner.py:120} INFO - ::group::Pre task execution logs
[2025-09-22T07:56:44.863+0000] {taskinstance.py:2076} INFO - Dependencies all met for dep_context=non-requeueable deps ti=<TaskInstance: dbt_staging.dbt_ecom.stg_categories.run scheduled__2025-09-21T00:00:00+00:00 [queued]>
[2025-09-22T07:56:44.874+0000] {taskinstance.py:2076} INFO - Dependencies all met for dep_context=requeueable deps ti=<TaskInstance: dbt_staging.dbt_ecom.stg_categories.run scheduled__2025-09-21T00:00:00+00:00 [queued]>
[2025-09-22T07:56:44.886+0000] {taskinstance.py:2306} INFO - Starting attempt 1 of 1
[2025-09-22T07:56:44.902+0000] {taskinstance.py:2330} INFO - Executing <Task(DbtRunVirtualenvOperator): dbt_ecom.stg_categories.run> on 2025-09-21 00:00:00+00:00
[2025-09-22T07:56:44.910+0000] {standard_task_runner.py:64} INFO - Started process 583 to run task
[2025-09-22T07:56:44.913+0000] {standard_task_runner.py:90} INFO - Running: ['***', 'tasks', 'run', 'dbt_staging', 'dbt_ecom.stg_categories.run', 'scheduled__2025-09-21T00:00:00+00:00', '--job-id', '634', '--raw', '--subdir', 'DAGS_FOLDER/dbt_staging.py', '--cfg-path', '/tmp/tmp16jhaa1b']
[2025-09-22T07:56:44.917+0000] {standard_task_runner.py:91} INFO - Job 634: Subtask dbt_ecom.stg_categories.run
[2025-09-22T07:56:45.068+0000] {task_command.py:426} INFO - Running <TaskInstance: dbt_staging.dbt_ecom.stg_categories.run scheduled__2025-09-21T00:00:00+00:00 [running]> on host e95bde6b8d07
[2025-09-22T07:56:45.353+0000] {taskinstance.py:2648} INFO - Exporting env vars: AIRFLOW_CTX_DAG_OWNER='***' AIRFLOW_CTX_DAG_ID='dbt_staging' AIRFLOW_CTX_TASK_ID='dbt_ecom.stg_categories.run' AIRFLOW_CTX_EXECUTION_DATE='2025-09-21T00:00:00+00:00' AIRFLOW_CTX_TRY_NUMBER='1' AIRFLOW_CTX_DAG_RUN_ID='scheduled__2025-09-21T00:00:00+00:00'
[2025-09-22T07:56:45.354+0000] {taskinstance.py:430} INFO - ::endgroup::
[2025-09-22T07:56:45.368+0000] {virtualenv.py:120} INFO - Checking if the virtualenv lock /tmp/cosmos_venv_ecom/cosmos_virtualenv.lock exists
[2025-09-22T07:56:45.369+0000] {virtualenv.py:126} INFO - Acquiring the virtualenv lock
[2025-09-22T07:56:45.370+0000] {virtualenv.py:195} INFO - Acquiring lock at /tmp/cosmos_venv_ecom/cosmos_virtualenv.lock with pid 583
[2025-09-22T07:56:45.370+0000] {virtualenv.py:153} INFO - Creating or updating the virtualenv at `/tmp/cosmos_venv_ecom
[2025-09-22T07:56:45.371+0000] {process_utils.py:183} INFO - Executing cmd: /home/***/.local/bin/python -m virtualenv /tmp/cosmos_venv_ecom --python=python3
[2025-09-22T07:56:45.372+0000] {process_utils.py:187} INFO - Output:
[2025-09-22T07:56:46.503+0000] {process_utils.py:191} INFO - created virtual environment CPython3.10.14.final.0-64 in 470ms
[2025-09-22T07:56:46.504+0000] {process_utils.py:191} INFO -   creator CPython3Posix(dest=/tmp/cosmos_venv_ecom, clear=False, no_vcs_ignore=False, global=False)
[2025-09-22T07:56:46.505+0000] {process_utils.py:191} INFO -   seeder FromAppData(download=False, pip=bundle, setuptools=bundle, wheel=bundle, via=copy, app_data_dir=/home/***/.local/share/virtualenv)
[2025-09-22T07:56:46.507+0000] {process_utils.py:191} INFO -     added seed packages: MarkupSafe==3.0.2, PyYAML==6.0.2, agate==1.9.1, annotated_types==0.7.0, attrs==25.3.0, babel==2.17.0, certifi==2025.8.3, charset_normalizer==3.4.3, click==8.2.1, clickhouse_connect==0.8.18, clickhouse_driver==0.2.9, colorama==0.4.6, daff==1.4.2, dbt_adapters==1.16.7, dbt_clickhouse==1.9.3, dbt_common==1.30.0, dbt_core==1.10.11, dbt_extractor==0.6.0, dbt_protos==1.0.375, dbt_semantic_interfaces==0.9.0, deepdiff==8.6.1, idna==3.10, importlib_metadata==8.7.0, isodate==0.6.1, jinja2==3.1.6, jsonschema==4.25.1, jsonschema_specifications==2025.9.1, leather==0.4.0, lz4==4.4.4, mashumaro==3.14, more_itertools==10.8.0, msgpack==1.1.1, networkx==3.4.2, orderly_set==5.5.0, packaging==25.0, parsedatetime==2.6, pathspec==0.12.1, pip==25.2, protobuf==6.32.1, pydantic==2.11.7, pydantic_core==2.33.2, python_dateutil==2.9.0.post0, python_slugify==8.0.4, pytimeparse==1.1.8, pytz==2025.2, referencing==0.36.2, requests==2.32.5, rpds_py==0.27.1, setuptools==80.9.0, six==1.17.0, snowplow_tracker==1.1.0, sqlparse==0.5.3, text_unidecode==1.3, typing_extensions==4.15.0, typing_inspection==0.4.1, tzlocal==5.3.1, urllib3==2.5.0, wheel==0.45.1, zipp==3.23.0, zstandard==0.24.0
[2025-09-22T07:56:46.508+0000] {process_utils.py:191} INFO -   activators BashActivator,CShellActivator,FishActivator,NushellActivator,PowerShellActivator,PythonActivator
[2025-09-22T07:56:46.608+0000] {process_utils.py:183} INFO - Executing cmd: /tmp/cosmos_venv_ecom/bin/pip install dbt-clickhouse
[2025-09-22T07:56:46.610+0000] {process_utils.py:187} INFO - Output:
[2025-09-22T07:56:47.763+0000] {process_utils.py:191} INFO - Requirement already satisfied: dbt-clickhouse in /tmp/cosmos_venv_ecom/lib/python3.10/site-packages (1.9.3)
[2025-09-22T07:56:47.765+0000] {process_utils.py:191} INFO - Requirement already satisfied: dbt-core>=1.9 in /tmp/cosmos_venv_ecom/lib/python3.10/site-packages (from dbt-clickhouse) (1.10.11)
[2025-09-22T07:56:47.766+0000] {process_utils.py:191} INFO - Requirement already satisfied: clickhouse-connect>=0.6.22 in /tmp/cosmos_venv_ecom/lib/python3.10/site-packages (from dbt-clickhouse) (0.8.18)
[2025-09-22T07:56:47.766+0000] {process_utils.py:191} INFO - Requirement already satisfied: clickhouse-driver>=0.2.6 in /tmp/cosmos_venv_ecom/lib/python3.10/site-packages (from dbt-clickhouse) (0.2.9)
[2025-09-22T07:56:47.767+0000] {process_utils.py:191} INFO - Requirement already satisfied: setuptools>=0.69 in /tmp/cosmos_venv_ecom/lib/python3.10/site-packages (from dbt-clickhouse) (80.9.0)
[2025-09-22T07:56:47.769+0000] {process_utils.py:191} INFO - Requirement already satisfied: certifi in /tmp/cosmos_venv_ecom/lib/python3.10/site-packages (from clickhouse-connect>=0.6.22->dbt-clickhouse) (2025.8.3)
[2025-09-22T07:56:47.770+0000] {process_utils.py:191} INFO - Requirement already satisfied: urllib3>=1.26 in /tmp/cosmos_venv_ecom/lib/python3.10/site-packages (from clickhouse-connect>=0.6.22->dbt-clickhouse) (2.5.0)
[2025-09-22T07:56:47.771+0000] {process_utils.py:191} INFO - Requirement already satisfied: pytz in /tmp/cosmos_venv_ecom/lib/python3.10/site-packages (from clickhouse-connect>=0.6.22->dbt-clickhouse) (2025.2)
[2025-09-22T07:56:47.771+0000] {process_utils.py:191} INFO - Requirement already satisfied: zstandard in /tmp/cosmos_venv_ecom/lib/python3.10/site-packages (from clickhouse-connect>=0.6.22->dbt-clickhouse) (0.24.0)
[2025-09-22T07:56:47.772+0000] {process_utils.py:191} INFO - Requirement already satisfied: lz4 in /tmp/cosmos_venv_ecom/lib/python3.10/site-packages (from clickhouse-connect>=0.6.22->dbt-clickhouse) (4.4.4)
[2025-09-22T07:56:47.773+0000] {process_utils.py:191} INFO - Requirement already satisfied: tzlocal in /tmp/cosmos_venv_ecom/lib/python3.10/site-packages (from clickhouse-driver>=0.2.6->dbt-clickhouse) (5.3.1)
[2025-09-22T07:56:47.776+0000] {process_utils.py:191} INFO - Requirement already satisfied: agate<1.10,>=1.7.0 in /tmp/cosmos_venv_ecom/lib/python3.10/site-packages (from dbt-core>=1.9->dbt-clickhouse) (1.9.1)
[2025-09-22T07:56:47.777+0000] {process_utils.py:191} INFO - Requirement already satisfied: Jinja2<4,>=3.1.3 in /tmp/cosmos_venv_ecom/lib/python3.10/site-packages (from dbt-core>=1.9->dbt-clickhouse) (3.1.6)
[2025-09-22T07:56:47.778+0000] {process_utils.py:191} INFO - Requirement already satisfied: mashumaro<3.15,>=3.9 in /tmp/cosmos_venv_ecom/lib/python3.10/site-packages (from mashumaro[msgpack]<3.15,>=3.9->dbt-core>=1.9->dbt-clickhouse) (3.14)
[2025-09-22T07:56:47.779+0000] {process_utils.py:191} INFO - Requirement already satisfied: click<9.0,>=8.0.2 in /tmp/cosmos_venv_ecom/lib/python3.10/site-packages (from dbt-core>=1.9->dbt-clickhouse) (8.2.1)
[2025-09-22T07:56:47.780+0000] {process_utils.py:191} INFO - Requirement already satisfied: jsonschema<5.0,>=4.19.1 in /tmp/cosmos_venv_ecom/lib/python3.10/site-packages (from dbt-core>=1.9->dbt-clickhouse) (4.25.1)
[2025-09-22T07:56:47.780+0000] {process_utils.py:191} INFO - Requirement already satisfied: networkx<4.0,>=2.3 in /tmp/cosmos_venv_ecom/lib/python3.10/site-packages (from dbt-core>=1.9->dbt-clickhouse) (3.4.2)
[2025-09-22T07:56:47.781+0000] {process_utils.py:191} INFO - Requirement already satisfied: protobuf<7.0,>=6.0 in /tmp/cosmos_venv_ecom/lib/python3.10/site-packages (from dbt-core>=1.9->dbt-clickhouse) (6.32.1)
[2025-09-22T07:56:47.782+0000] {process_utils.py:191} INFO - Requirement already satisfied: requests<3.0.0 in /tmp/cosmos_venv_ecom/lib/python3.10/site-packages (from dbt-core>=1.9->dbt-clickhouse) (2.32.5)
[2025-09-22T07:56:47.783+0000] {process_utils.py:191} INFO - Requirement already satisfied: snowplow-tracker<2.0,>=1.0.2 in /tmp/cosmos_venv_ecom/lib/python3.10/site-packages (from dbt-core>=1.9->dbt-clickhouse) (1.1.0)
[2025-09-22T07:56:47.784+0000] {process_utils.py:191} INFO - Requirement already satisfied: pathspec<0.13,>=0.9 in /tmp/cosmos_venv_ecom/lib/python3.10/site-packages (from dbt-core>=1.9->dbt-clickhouse) (0.12.1)
[2025-09-22T07:56:47.785+0000] {process_utils.py:191} INFO - Requirement already satisfied: sqlparse<0.6.0,>=0.5.0 in /tmp/cosmos_venv_ecom/lib/python3.10/site-packages (from dbt-core>=1.9->dbt-clickhouse) (0.5.3)
[2025-09-22T07:56:47.785+0000] {process_utils.py:191} INFO - Requirement already satisfied: dbt-extractor<=0.6,>=0.5.0 in /tmp/cosmos_venv_ecom/lib/python3.10/site-packages (from dbt-core>=1.9->dbt-clickhouse) (0.6.0)
[2025-09-22T07:56:47.786+0000] {process_utils.py:191} INFO - Requirement already satisfied: dbt-semantic-interfaces<0.10,>=0.9.0 in /tmp/cosmos_venv_ecom/lib/python3.10/site-packages (from dbt-core>=1.9->dbt-clickhouse) (0.9.0)
[2025-09-22T07:56:47.787+0000] {process_utils.py:191} INFO - Requirement already satisfied: dbt-common<2.0,>=1.27.0 in /tmp/cosmos_venv_ecom/lib/python3.10/site-packages (from dbt-core>=1.9->dbt-clickhouse) (1.30.0)
[2025-09-22T07:56:47.787+0000] {process_utils.py:191} INFO - Requirement already satisfied: dbt-adapters<2.0,>=1.15.5 in /tmp/cosmos_venv_ecom/lib/python3.10/site-packages (from dbt-core>=1.9->dbt-clickhouse) (1.16.7)
[2025-09-22T07:56:47.788+0000] {process_utils.py:191} INFO - Requirement already satisfied: dbt-protos<2.0,>=1.0.346 in /tmp/cosmos_venv_ecom/lib/python3.10/site-packages (from dbt-core>=1.9->dbt-clickhouse) (1.0.375)
[2025-09-22T07:56:47.789+0000] {process_utils.py:191} INFO - Requirement already satisfied: pydantic<3 in /tmp/cosmos_venv_ecom/lib/python3.10/site-packages (from dbt-core>=1.9->dbt-clickhouse) (2.11.7)
[2025-09-22T07:56:47.789+0000] {process_utils.py:191} INFO - Requirement already satisfied: packaging>20.9 in /tmp/cosmos_venv_ecom/lib/python3.10/site-packages (from dbt-core>=1.9->dbt-clickhouse) (25.0)
[2025-09-22T07:56:47.790+0000] {process_utils.py:191} INFO - Requirement already satisfied: pyyaml>=6.0 in /tmp/cosmos_venv_ecom/lib/python3.10/site-packages (from dbt-core>=1.9->dbt-clickhouse) (6.0.2)
[2025-09-22T07:56:47.791+0000] {process_utils.py:191} INFO - Requirement already satisfied: daff>=1.3.46 in /tmp/cosmos_venv_ecom/lib/python3.10/site-packages (from dbt-core>=1.9->dbt-clickhouse) (1.4.2)
[2025-09-22T07:56:47.792+0000] {process_utils.py:191} INFO - Requirement already satisfied: typing-extensions>=4.4 in /tmp/cosmos_venv_ecom/lib/python3.10/site-packages (from dbt-core>=1.9->dbt-clickhouse) (4.15.0)
[2025-09-22T07:56:47.793+0000] {process_utils.py:191} INFO - Requirement already satisfied: Babel>=2.0 in /tmp/cosmos_venv_ecom/lib/python3.10/site-packages (from agate<1.10,>=1.7.0->dbt-core>=1.9->dbt-clickhouse) (2.17.0)
[2025-09-22T07:56:47.793+0000] {process_utils.py:191} INFO - Requirement already satisfied: isodate>=0.5.4 in /tmp/cosmos_venv_ecom/lib/python3.10/site-packages (from agate<1.10,>=1.7.0->dbt-core>=1.9->dbt-clickhouse) (0.6.1)
[2025-09-22T07:56:47.794+0000] {process_utils.py:191} INFO - Requirement already satisfied: leather>=0.3.2 in /tmp/cosmos_venv_ecom/lib/python3.10/site-packages (from agate<1.10,>=1.7.0->dbt-core>=1.9->dbt-clickhouse) (0.4.0)
[2025-09-22T07:56:47.795+0000] {process_utils.py:191} INFO - Requirement already satisfied: parsedatetime!=2.5,>=2.1 in /tmp/cosmos_venv_ecom/lib/python3.10/site-packages (from agate<1.10,>=1.7.0->dbt-core>=1.9->dbt-clickhouse) (2.6)
[2025-09-22T07:56:47.796+0000] {process_utils.py:191} INFO - Requirement already satisfied: python-slugify>=1.2.1 in /tmp/cosmos_venv_ecom/lib/python3.10/site-packages (from agate<1.10,>=1.7.0->dbt-core>=1.9->dbt-clickhouse) (8.0.4)
[2025-09-22T07:56:47.797+0000] {process_utils.py:191} INFO - Requirement already satisfied: pytimeparse>=1.1.5 in /tmp/cosmos_venv_ecom/lib/python3.10/site-packages (from agate<1.10,>=1.7.0->dbt-core>=1.9->dbt-clickhouse) (1.1.8)
[2025-09-22T07:56:47.806+0000] {process_utils.py:191} INFO - Requirement already satisfied: colorama<0.5,>=0.3.9 in /tmp/cosmos_venv_ecom/lib/python3.10/site-packages (from dbt-common<2.0,>=1.27.0->dbt-core>=1.9->dbt-clickhouse) (0.4.6)
[2025-09-22T07:56:47.807+0000] {process_utils.py:191} INFO - Requirement already satisfied: deepdiff<9.0,>=7.0 in /tmp/cosmos_venv_ecom/lib/python3.10/site-packages (from dbt-common<2.0,>=1.27.0->dbt-core>=1.9->dbt-clickhouse) (8.6.1)
[2025-09-22T07:56:47.809+0000] {process_utils.py:191} INFO - Requirement already satisfied: python-dateutil<3.0,>=2.0 in /tmp/cosmos_venv_ecom/lib/python3.10/site-packages (from dbt-common<2.0,>=1.27.0->dbt-core>=1.9->dbt-clickhouse) (2.9.0.post0)
[2025-09-22T07:56:47.816+0000] {process_utils.py:191} INFO - Requirement already satisfied: importlib-metadata<9,>=6.0 in /tmp/cosmos_venv_ecom/lib/python3.10/site-packages (from dbt-semantic-interfaces<0.10,>=0.9.0->dbt-core>=1.9->dbt-clickhouse) (8.7.0)
[2025-09-22T07:56:47.818+0000] {process_utils.py:191} INFO - Requirement already satisfied: more-itertools<11.0,>=8.0 in /tmp/cosmos_venv_ecom/lib/python3.10/site-packages (from dbt-semantic-interfaces<0.10,>=0.9.0->dbt-core>=1.9->dbt-clickhouse) (10.8.0)
[2025-09-22T07:56:47.826+0000] {process_utils.py:191} INFO - Requirement already satisfied: orderly-set<6,>=5.4.1 in /tmp/cosmos_venv_ecom/lib/python3.10/site-packages (from deepdiff<9.0,>=7.0->dbt-common<2.0,>=1.27.0->dbt-core>=1.9->dbt-clickhouse) (5.5.0)
[2025-09-22T07:56:47.833+0000] {process_utils.py:191} INFO - Requirement already satisfied: zipp>=3.20 in /tmp/cosmos_venv_ecom/lib/python3.10/site-packages (from importlib-metadata<9,>=6.0->dbt-semantic-interfaces<0.10,>=0.9.0->dbt-core>=1.9->dbt-clickhouse) (3.23.0)
[2025-09-22T07:56:47.835+0000] {process_utils.py:191} INFO - Requirement already satisfied: six in /tmp/cosmos_venv_ecom/lib/python3.10/site-packages (from isodate>=0.5.4->agate<1.10,>=1.7.0->dbt-core>=1.9->dbt-clickhouse) (1.17.0)
[2025-09-22T07:56:47.838+0000] {process_utils.py:191} INFO - Requirement already satisfied: MarkupSafe>=2.0 in /tmp/cosmos_venv_ecom/lib/python3.10/site-packages (from Jinja2<4,>=3.1.3->dbt-core>=1.9->dbt-clickhouse) (3.0.2)
[2025-09-22T07:56:47.842+0000] {process_utils.py:191} INFO - Requirement already satisfied: attrs>=22.2.0 in /tmp/cosmos_venv_ecom/lib/python3.10/site-packages (from jsonschema<5.0,>=4.19.1->dbt-core>=1.9->dbt-clickhouse) (25.3.0)
[2025-09-22T07:56:47.842+0000] {process_utils.py:191} INFO - Requirement already satisfied: jsonschema-specifications>=2023.03.6 in /tmp/cosmos_venv_ecom/lib/python3.10/site-packages (from jsonschema<5.0,>=4.19.1->dbt-core>=1.9->dbt-clickhouse) (2025.9.1)
[2025-09-22T07:56:47.843+0000] {process_utils.py:191} INFO - Requirement already satisfied: referencing>=0.28.4 in /tmp/cosmos_venv_ecom/lib/python3.10/site-packages (from jsonschema<5.0,>=4.19.1->dbt-core>=1.9->dbt-clickhouse) (0.36.2)
[2025-09-22T07:56:47.843+0000] {process_utils.py:191} INFO - Requirement already satisfied: rpds-py>=0.7.1 in /tmp/cosmos_venv_ecom/lib/python3.10/site-packages (from jsonschema<5.0,>=4.19.1->dbt-core>=1.9->dbt-clickhouse) (0.27.1)
[2025-09-22T07:56:47.850+0000] {process_utils.py:191} INFO - Requirement already satisfied: msgpack>=0.5.6 in /tmp/cosmos_venv_ecom/lib/python3.10/site-packages (from mashumaro[msgpack]<3.15,>=3.9->dbt-core>=1.9->dbt-clickhouse) (1.1.1)
[2025-09-22T07:56:47.865+0000] {process_utils.py:191} INFO - Requirement already satisfied: annotated-types>=0.6.0 in /tmp/cosmos_venv_ecom/lib/python3.10/site-packages (from pydantic<3->dbt-core>=1.9->dbt-clickhouse) (0.7.0)
[2025-09-22T07:56:47.866+0000] {process_utils.py:191} INFO - Requirement already satisfied: pydantic-core==2.33.2 in /tmp/cosmos_venv_ecom/lib/python3.10/site-packages (from pydantic<3->dbt-core>=1.9->dbt-clickhouse) (2.33.2)
[2025-09-22T07:56:47.867+0000] {process_utils.py:191} INFO - Requirement already satisfied: typing-inspection>=0.4.0 in /tmp/cosmos_venv_ecom/lib/python3.10/site-packages (from pydantic<3->dbt-core>=1.9->dbt-clickhouse) (0.4.1)
[2025-09-22T07:56:47.874+0000] {process_utils.py:191} INFO - Requirement already satisfied: charset_normalizer<4,>=2 in /tmp/cosmos_venv_ecom/lib/python3.10/site-packages (from requests<3.0.0->dbt-core>=1.9->dbt-clickhouse) (3.4.3)
[2025-09-22T07:56:47.875+0000] {process_utils.py:191} INFO - Requirement already satisfied: idna<4,>=2.5 in /tmp/cosmos_venv_ecom/lib/python3.10/site-packages (from requests<3.0.0->dbt-core>=1.9->dbt-clickhouse) (3.10)
[2025-09-22T07:56:47.915+0000] {process_utils.py:191} INFO - Requirement already satisfied: text-unidecode>=1.3 in /tmp/cosmos_venv_ecom/lib/python3.10/site-packages (from python-slugify>=1.2.1->agate<1.10,>=1.7.0->dbt-core>=1.9->dbt-clickhouse) (1.3)
[2025-09-22T07:56:48.027+0000] {local.py:470} INFO - Cloning project to writable temp directory /tmp/tmp6cddd0ty from /opt/airflow/dags/dbt/ecom_staging
[2025-09-22T07:56:48.044+0000] {local.py:490} INFO - Partial parse is enabled and the latest partial parse file is /tmp/cosmos/dbt_staging__dbt_ecom/target/partial_parse.msgpack
[2025-09-22T07:56:48.053+0000] {config.py:362} INFO - Using user-supplied profiles.yml at /opt/airflow/dags/dbt/profiles.yml
[2025-09-22T07:56:48.066+0000] {virtualenv.py:99} INFO - Using Python binary from virtualenv: /tmp/cosmos_venv_ecom/bin/python
[2025-09-22T07:56:48.066+0000] {local.py:434} INFO - Trying to run the command:
 ['/tmp/cosmos_venv_ecom/bin/dbt', 'deps', '--project-dir', '/tmp/tmp6cddd0ty', '--profiles-dir', '/opt/***/dags/dbt', '--profile', 'ecom_staging', '--target', 'dev']
From /tmp/tmp6cddd0ty
[2025-09-22T07:56:48.067+0000] {subprocess.py:56} INFO - Tmp dir root location: 
 /tmp
[2025-09-22T07:56:48.067+0000] {subprocess.py:69} INFO - Running command: ['/tmp/cosmos_venv_ecom/bin/dbt', 'deps', '--project-dir', '/tmp/tmp6cddd0ty', '--profiles-dir', '/opt/***/dags/dbt', '--profile', 'ecom_staging', '--target', 'dev']
[2025-09-22T07:56:48.077+0000] {subprocess.py:80} INFO - Command output:
[2025-09-22T07:56:49.979+0000] {subprocess.py:90} INFO - [0m07:56:49  Running with dbt=1.10.11
[2025-09-22T07:56:51.212+0000] {subprocess.py:90} INFO - [0m07:56:51  Installing dbt-labs/dbt_utils
[2025-09-22T07:56:51.927+0000] {subprocess.py:90} INFO - [0m07:56:51  Installed from version 1.3.0
[2025-09-22T07:56:51.928+0000] {subprocess.py:90} INFO - [0m07:56:51  Updated version available: 1.3.1
[2025-09-22T07:56:51.929+0000] {subprocess.py:90} INFO - [0m07:56:51
[2025-09-22T07:56:51.929+0000] {subprocess.py:90} INFO - [0m07:56:51  Updates available for packages: ['dbt-labs/dbt_utils']
[2025-09-22T07:56:51.929+0000] {subprocess.py:90} INFO - Update your versions in packages.yml, then run dbt deps
[2025-09-22T07:56:53.570+0000] {subprocess.py:94} INFO - Command exited with return code 0
[2025-09-22T07:56:53.571+0000] {local.py:441} INFO - Update your versions in packages.yml, then run dbt deps
[2025-09-22T07:56:53.571+0000] {virtualenv.py:99} INFO - Using Python binary from virtualenv: /tmp/cosmos_venv_ecom/bin/python
[2025-09-22T07:56:53.571+0000] {local.py:434} INFO - Trying to run the command:
 ['/tmp/cosmos_venv_ecom/bin/dbt', 'run', '--models', 'stg_categories', '--project-dir', '/tmp/tmp6cddd0ty', '--profiles-dir', '/opt/***/dags/dbt', '--profile', 'ecom_staging', '--target', 'dev']
From /tmp/tmp6cddd0ty
[2025-09-22T07:56:53.572+0000] {subprocess.py:56} INFO - Tmp dir root location: 
 /tmp
[2025-09-22T07:56:53.572+0000] {subprocess.py:69} INFO - Running command: ['/tmp/cosmos_venv_ecom/bin/dbt', 'run', '--models', 'stg_categories', '--project-dir', '/tmp/tmp6cddd0ty', '--profiles-dir', '/opt/***/dags/dbt', '--profile', 'ecom_staging', '--target', 'dev']
[2025-09-22T07:56:53.583+0000] {subprocess.py:80} INFO - Command output:
[2025-09-22T07:56:55.882+0000] {subprocess.py:90} INFO - [0m07:56:55  Running with dbt=1.10.11
[2025-09-22T07:56:55.884+0000] {subprocess.py:90} INFO - [0m07:56:55  [[33mWARNING[0m]: Deprecated functionality
[2025-09-22T07:56:55.885+0000] {subprocess.py:90} INFO - Usage of `--models`, `--model`, and `-m` is deprecated in favor of `--select` or
[2025-09-22T07:56:55.886+0000] {subprocess.py:90} INFO - `-s`.
[2025-09-22T07:56:56.234+0000] {subprocess.py:90} INFO - [0m07:56:56  Registered adapter: clickhouse=1.9.3
[2025-09-22T07:56:57.387+0000] {subprocess.py:90} INFO - [0m07:56:57  Found 8 models, 47 data tests, 8 sources, 597 macros
[2025-09-22T07:56:57.390+0000] {subprocess.py:90} INFO - [0m07:56:57
[2025-09-22T07:56:57.391+0000] {subprocess.py:90} INFO - [0m07:56:57  Concurrency: 4 threads (target='dev')
[2025-09-22T07:56:57.392+0000] {subprocess.py:90} INFO - [0m07:56:57
[2025-09-22T07:56:57.591+0000] {subprocess.py:90} INFO - [0m07:56:57  1 of 1 START sql view model `ecom_db_staging`.`stg_categories` ................. [RUN]
[2025-09-22T07:56:57.721+0000] {subprocess.py:90} INFO - [0m07:56:57  1 of 1 OK created sql view model `ecom_db_staging`.`stg_categories` ............ [[32mOK[0m in 0.13s]
[2025-09-22T07:56:57.725+0000] {subprocess.py:90} INFO - [0m07:56:57
[2025-09-22T07:56:57.730+0000] {subprocess.py:90} INFO - [0m07:56:57  Finished running 1 view model in 0 hours 0 minutes and 0.33 seconds (0.33s).
[2025-09-22T07:56:57.801+0000] {subprocess.py:90} INFO - [0m07:56:57
[2025-09-22T07:56:57.802+0000] {subprocess.py:90} INFO - [0m07:56:57  [32mCompleted successfully[0m
[2025-09-22T07:56:57.803+0000] {subprocess.py:90} INFO - [0m07:56:57
[2025-09-22T07:56:57.803+0000] {subprocess.py:90} INFO - [0m07:56:57  Done. PASS=1 WARN=0 ERROR=0 SKIP=0 NO-OP=0 TOTAL=1
[2025-09-22T07:56:57.804+0000] {subprocess.py:90} INFO - [0m07:56:57  [[33mWARNING[0m][DeprecationsSummary]: Deprecated functionality
[2025-09-22T07:56:57.805+0000] {subprocess.py:90} INFO - Summary of encountered deprecations:
[2025-09-22T07:56:57.805+0000] {subprocess.py:90} INFO - - ModelParamUsageDeprecation: 1 occurrence
[2025-09-22T07:56:57.806+0000] {subprocess.py:90} INFO - To see all deprecation instances instead of just the first occurrence of each,
[2025-09-22T07:56:57.806+0000] {subprocess.py:90} INFO - run command again with the `--show-all-deprecations` flag. You may also need to
[2025-09-22T07:56:57.806+0000] {subprocess.py:90} INFO - run with `--no-partial-parse` as some deprecations are only encountered during
[2025-09-22T07:56:57.807+0000] {subprocess.py:90} INFO - parsing.
[2025-09-22T07:56:59.581+0000] {subprocess.py:94} INFO - Command exited with return code 0
[2025-09-22T07:56:59.582+0000] {local.py:441} INFO - parsing.
[2025-09-22T07:56:59.596+0000] {local.py:196} WARNING - Artifact schema version: https://schemas.getdbt.com/dbt/manifest/v12.json is above dbt-ol supported version 7. This might cause errors.
[2025-09-22T07:56:59.596+0000] {local.py:196} WARNING - Artifact schema version: https://schemas.getdbt.com/dbt/run-results/v6.json is above dbt-ol supported version 5. This might cause errors.
[2025-09-22T07:56:59.604+0000] {local.py:547} INFO - Inlets: []
[2025-09-22T07:56:59.605+0000] {local.py:548} INFO - Outlets: []
[2025-09-22T07:56:59.606+0000] {local.py:772} INFO - Assigning inlets/outlets without DatasetAlias
[2025-09-22T07:56:59.606+0000] {dag.py:3089} INFO - Sync 1 DAGs
[2025-09-22T07:56:59.761+0000] {virtualenv.py:131} INFO - Releasing virtualenv lock
[2025-09-22T07:56:59.761+0000] {virtualenv.py:145} INFO - None
[2025-09-22T07:56:59.762+0000] {taskinstance.py:441} INFO - ::group::Post task execution logs
[2025-09-22T07:56:59.799+0000] {taskinstance.py:1206} INFO - Marking task as SUCCESS. dag_id=dbt_staging, task_id=dbt_ecom.stg_categories.run, run_id=scheduled__2025-09-21T00:00:00+00:00, execution_date=20250921T000000, start_date=20250922T075644, end_date=20250922T075659
[2025-09-22T07:56:59.863+0000] {local_task_job_runner.py:243} INFO - Task exited with return code 0
[2025-09-22T07:56:59.930+0000] {taskinstance.py:3503} INFO - 1 downstream tasks scheduled from follow-on schedule check
[2025-09-22T07:56:59.933+0000] {local_task_job_runner.py:222} INFO - ::endgroup::
[2025-09-22T08:10:09.784+0000] {local_task_job_runner.py:120} INFO - ::group::Pre task execution logs
[2025-09-22T08:10:09.849+0000] {taskinstance.py:2076} INFO - Dependencies all met for dep_context=non-requeueable deps ti=<TaskInstance: dbt_staging.dbt_ecom.stg_categories.run scheduled__2025-09-21T00:00:00+00:00 [queued]>
[2025-09-22T08:10:09.862+0000] {taskinstance.py:2076} INFO - Dependencies all met for dep_context=requeueable deps ti=<TaskInstance: dbt_staging.dbt_ecom.stg_categories.run scheduled__2025-09-21T00:00:00+00:00 [queued]>
[2025-09-22T08:10:09.863+0000] {taskinstance.py:2306} INFO - Starting attempt 1 of 1
[2025-09-22T08:10:09.894+0000] {taskinstance.py:2330} INFO - Executing <Task(DbtRunVirtualenvOperator): dbt_ecom.stg_categories.run> on 2025-09-21 00:00:00+00:00
[2025-09-22T08:10:09.908+0000] {standard_task_runner.py:64} INFO - Started process 1975 to run task
[2025-09-22T08:10:09.912+0000] {standard_task_runner.py:90} INFO - Running: ['***', 'tasks', 'run', 'dbt_staging', 'dbt_ecom.stg_categories.run', 'scheduled__2025-09-21T00:00:00+00:00', '--job-id', '649', '--raw', '--subdir', 'DAGS_FOLDER/dbt_staging.py', '--cfg-path', '/tmp/tmpu3x0j3q3']
[2025-09-22T08:10:09.913+0000] {standard_task_runner.py:91} INFO - Job 649: Subtask dbt_ecom.stg_categories.run
[2025-09-22T08:10:10.148+0000] {task_command.py:426} INFO - Running <TaskInstance: dbt_staging.dbt_ecom.stg_categories.run scheduled__2025-09-21T00:00:00+00:00 [running]> on host e95bde6b8d07
[2025-09-22T08:10:10.421+0000] {taskinstance.py:2648} INFO - Exporting env vars: AIRFLOW_CTX_DAG_OWNER='***' AIRFLOW_CTX_DAG_ID='dbt_staging' AIRFLOW_CTX_TASK_ID='dbt_ecom.stg_categories.run' AIRFLOW_CTX_EXECUTION_DATE='2025-09-21T00:00:00+00:00' AIRFLOW_CTX_TRY_NUMBER='1' AIRFLOW_CTX_DAG_RUN_ID='scheduled__2025-09-21T00:00:00+00:00'
[2025-09-22T08:10:10.423+0000] {taskinstance.py:430} INFO - ::endgroup::
[2025-09-22T08:10:10.439+0000] {virtualenv.py:120} INFO - Checking if the virtualenv lock /tmp/cosmos_venv_ecom/cosmos_virtualenv.lock exists
[2025-09-22T08:10:10.440+0000] {virtualenv.py:178} INFO - Checking for running process with PID 1974
[2025-09-22T08:10:10.441+0000] {virtualenv.py:181} INFO - Process 1974 running: True and has the lock /tmp/cosmos_venv_ecom/cosmos_virtualenv.lock.
[2025-09-22T08:10:10.441+0000] {virtualenv.py:122} INFO - Waiting for virtualenv lock to be released
[2025-09-22T08:10:11.443+0000] {virtualenv.py:178} INFO - Checking for running process with PID 1974
[2025-09-22T08:10:11.443+0000] {virtualenv.py:181} INFO - Process 1974 running: True and has the lock /tmp/cosmos_venv_ecom/cosmos_virtualenv.lock.
[2025-09-22T08:10:11.444+0000] {virtualenv.py:122} INFO - Waiting for virtualenv lock to be released
[2025-09-22T08:10:12.445+0000] {virtualenv.py:178} INFO - Checking for running process with PID 1974
[2025-09-22T08:10:12.446+0000] {virtualenv.py:181} INFO - Process 1974 running: True and has the lock /tmp/cosmos_venv_ecom/cosmos_virtualenv.lock.
[2025-09-22T08:10:12.446+0000] {virtualenv.py:122} INFO - Waiting for virtualenv lock to be released
[2025-09-22T08:10:13.448+0000] {virtualenv.py:178} INFO - Checking for running process with PID 1974
[2025-09-22T08:10:13.448+0000] {virtualenv.py:181} INFO - Process 1974 running: True and has the lock /tmp/cosmos_venv_ecom/cosmos_virtualenv.lock.
[2025-09-22T08:10:13.449+0000] {virtualenv.py:122} INFO - Waiting for virtualenv lock to be released
[2025-09-22T08:10:14.450+0000] {virtualenv.py:178} INFO - Checking for running process with PID 1974
[2025-09-22T08:10:14.451+0000] {virtualenv.py:181} INFO - Process 1974 running: True and has the lock /tmp/cosmos_venv_ecom/cosmos_virtualenv.lock.
[2025-09-22T08:10:14.452+0000] {virtualenv.py:122} INFO - Waiting for virtualenv lock to be released
[2025-09-22T08:10:15.453+0000] {virtualenv.py:178} INFO - Checking for running process with PID 1974
[2025-09-22T08:10:15.454+0000] {virtualenv.py:181} INFO - Process 1974 running: True and has the lock /tmp/cosmos_venv_ecom/cosmos_virtualenv.lock.
[2025-09-22T08:10:15.454+0000] {virtualenv.py:122} INFO - Waiting for virtualenv lock to be released
[2025-09-22T08:10:16.456+0000] {virtualenv.py:178} INFO - Checking for running process with PID 1974
[2025-09-22T08:10:16.457+0000] {virtualenv.py:181} INFO - Process 1974 running: True and has the lock /tmp/cosmos_venv_ecom/cosmos_virtualenv.lock.
[2025-09-22T08:10:16.457+0000] {virtualenv.py:122} INFO - Waiting for virtualenv lock to be released
[2025-09-22T08:10:17.459+0000] {virtualenv.py:178} INFO - Checking for running process with PID 1974
[2025-09-22T08:10:17.459+0000] {virtualenv.py:181} INFO - Process 1974 running: True and has the lock /tmp/cosmos_venv_ecom/cosmos_virtualenv.lock.
[2025-09-22T08:10:17.460+0000] {virtualenv.py:122} INFO - Waiting for virtualenv lock to be released
[2025-09-22T08:10:18.461+0000] {virtualenv.py:178} INFO - Checking for running process with PID 1974
[2025-09-22T08:10:18.462+0000] {virtualenv.py:181} INFO - Process 1974 running: True and has the lock /tmp/cosmos_venv_ecom/cosmos_virtualenv.lock.
[2025-09-22T08:10:18.463+0000] {virtualenv.py:122} INFO - Waiting for virtualenv lock to be released
[2025-09-22T08:10:19.465+0000] {virtualenv.py:178} INFO - Checking for running process with PID 1974
[2025-09-22T08:10:19.466+0000] {virtualenv.py:181} INFO - Process 1974 running: True and has the lock /tmp/cosmos_venv_ecom/cosmos_virtualenv.lock.
[2025-09-22T08:10:19.467+0000] {virtualenv.py:122} INFO - Waiting for virtualenv lock to be released
[2025-09-22T08:10:20.469+0000] {virtualenv.py:178} INFO - Checking for running process with PID 1974
[2025-09-22T08:10:20.469+0000] {virtualenv.py:181} INFO - Process 1974 running: True and has the lock /tmp/cosmos_venv_ecom/cosmos_virtualenv.lock.
[2025-09-22T08:10:20.470+0000] {virtualenv.py:122} INFO - Waiting for virtualenv lock to be released
[2025-09-22T08:10:21.472+0000] {virtualenv.py:178} INFO - Checking for running process with PID 1974
[2025-09-22T08:10:21.472+0000] {virtualenv.py:181} INFO - Process 1974 running: True and has the lock /tmp/cosmos_venv_ecom/cosmos_virtualenv.lock.
[2025-09-22T08:10:21.473+0000] {virtualenv.py:122} INFO - Waiting for virtualenv lock to be released
[2025-09-22T08:10:22.475+0000] {virtualenv.py:178} INFO - Checking for running process with PID 1974
[2025-09-22T08:10:22.476+0000] {virtualenv.py:181} INFO - Process 1974 running: True and has the lock /tmp/cosmos_venv_ecom/cosmos_virtualenv.lock.
[2025-09-22T08:10:22.477+0000] {virtualenv.py:122} INFO - Waiting for virtualenv lock to be released
[2025-09-22T08:10:23.478+0000] {virtualenv.py:178} INFO - Checking for running process with PID 1974
[2025-09-22T08:10:23.479+0000] {virtualenv.py:181} INFO - Process 1974 running: True and has the lock /tmp/cosmos_venv_ecom/cosmos_virtualenv.lock.
[2025-09-22T08:10:23.479+0000] {virtualenv.py:122} INFO - Waiting for virtualenv lock to be released
[2025-09-22T08:10:24.482+0000] {virtualenv.py:178} INFO - Checking for running process with PID 1974
[2025-09-22T08:10:24.484+0000] {virtualenv.py:181} INFO - Process 1974 running: True and has the lock /tmp/cosmos_venv_ecom/cosmos_virtualenv.lock.
[2025-09-22T08:10:24.485+0000] {virtualenv.py:122} INFO - Waiting for virtualenv lock to be released
[2025-09-22T08:10:25.487+0000] {virtualenv.py:178} INFO - Checking for running process with PID 1974
[2025-09-22T08:10:25.488+0000] {virtualenv.py:181} INFO - Process 1974 running: True and has the lock /tmp/cosmos_venv_ecom/cosmos_virtualenv.lock.
[2025-09-22T08:10:25.489+0000] {virtualenv.py:122} INFO - Waiting for virtualenv lock to be released
[2025-09-22T08:10:26.491+0000] {virtualenv.py:178} INFO - Checking for running process with PID 1985
[2025-09-22T08:10:26.492+0000] {virtualenv.py:181} INFO - Process 1985 running: True and has the lock /tmp/cosmos_venv_ecom/cosmos_virtualenv.lock.
[2025-09-22T08:10:26.493+0000] {virtualenv.py:122} INFO - Waiting for virtualenv lock to be released
[2025-09-22T08:10:27.495+0000] {virtualenv.py:178} INFO - Checking for running process with PID 1985
[2025-09-22T08:10:27.496+0000] {virtualenv.py:181} INFO - Process 1985 running: True and has the lock /tmp/cosmos_venv_ecom/cosmos_virtualenv.lock.
[2025-09-22T08:10:27.497+0000] {virtualenv.py:122} INFO - Waiting for virtualenv lock to be released
[2025-09-22T08:10:28.498+0000] {virtualenv.py:178} INFO - Checking for running process with PID 1985
[2025-09-22T08:10:28.499+0000] {virtualenv.py:181} INFO - Process 1985 running: True and has the lock /tmp/cosmos_venv_ecom/cosmos_virtualenv.lock.
[2025-09-22T08:10:28.499+0000] {virtualenv.py:122} INFO - Waiting for virtualenv lock to be released
[2025-09-22T08:10:29.501+0000] {virtualenv.py:178} INFO - Checking for running process with PID 1985
[2025-09-22T08:10:29.502+0000] {virtualenv.py:181} INFO - Process 1985 running: True and has the lock /tmp/cosmos_venv_ecom/cosmos_virtualenv.lock.
[2025-09-22T08:10:29.503+0000] {virtualenv.py:122} INFO - Waiting for virtualenv lock to be released
[2025-09-22T08:10:30.504+0000] {virtualenv.py:178} INFO - Checking for running process with PID 1985
[2025-09-22T08:10:30.505+0000] {virtualenv.py:181} INFO - Process 1985 running: True and has the lock /tmp/cosmos_venv_ecom/cosmos_virtualenv.lock.
[2025-09-22T08:10:30.506+0000] {virtualenv.py:122} INFO - Waiting for virtualenv lock to be released
[2025-09-22T08:10:31.508+0000] {virtualenv.py:178} INFO - Checking for running process with PID 1985
[2025-09-22T08:10:31.509+0000] {virtualenv.py:181} INFO - Process 1985 running: True and has the lock /tmp/cosmos_venv_ecom/cosmos_virtualenv.lock.
[2025-09-22T08:10:31.510+0000] {virtualenv.py:122} INFO - Waiting for virtualenv lock to be released
[2025-09-22T08:10:32.512+0000] {virtualenv.py:178} INFO - Checking for running process with PID 1985
[2025-09-22T08:10:32.514+0000] {virtualenv.py:181} INFO - Process 1985 running: True and has the lock /tmp/cosmos_venv_ecom/cosmos_virtualenv.lock.
[2025-09-22T08:10:32.515+0000] {virtualenv.py:122} INFO - Waiting for virtualenv lock to be released
[2025-09-22T08:10:33.518+0000] {virtualenv.py:178} INFO - Checking for running process with PID 1985
[2025-09-22T08:10:33.519+0000] {virtualenv.py:181} INFO - Process 1985 running: True and has the lock /tmp/cosmos_venv_ecom/cosmos_virtualenv.lock.
[2025-09-22T08:10:33.520+0000] {virtualenv.py:122} INFO - Waiting for virtualenv lock to be released
[2025-09-22T08:10:34.522+0000] {virtualenv.py:178} INFO - Checking for running process with PID 1985
[2025-09-22T08:10:34.523+0000] {virtualenv.py:181} INFO - Process 1985 running: True and has the lock /tmp/cosmos_venv_ecom/cosmos_virtualenv.lock.
[2025-09-22T08:10:34.524+0000] {virtualenv.py:122} INFO - Waiting for virtualenv lock to be released
[2025-09-22T08:10:35.526+0000] {virtualenv.py:178} INFO - Checking for running process with PID 1985
[2025-09-22T08:10:35.527+0000] {virtualenv.py:181} INFO - Process 1985 running: True and has the lock /tmp/cosmos_venv_ecom/cosmos_virtualenv.lock.
[2025-09-22T08:10:35.527+0000] {virtualenv.py:122} INFO - Waiting for virtualenv lock to be released
[2025-09-22T08:10:36.528+0000] {virtualenv.py:178} INFO - Checking for running process with PID 1985
[2025-09-22T08:10:36.529+0000] {virtualenv.py:181} INFO - Process 1985 running: True and has the lock /tmp/cosmos_venv_ecom/cosmos_virtualenv.lock.
[2025-09-22T08:10:36.529+0000] {virtualenv.py:122} INFO - Waiting for virtualenv lock to be released
[2025-09-22T08:10:37.531+0000] {virtualenv.py:178} INFO - Checking for running process with PID 1985
[2025-09-22T08:10:37.531+0000] {virtualenv.py:181} INFO - Process 1985 running: True and has the lock /tmp/cosmos_venv_ecom/cosmos_virtualenv.lock.
[2025-09-22T08:10:37.532+0000] {virtualenv.py:122} INFO - Waiting for virtualenv lock to be released
[2025-09-22T08:10:38.534+0000] {virtualenv.py:178} INFO - Checking for running process with PID 1985
[2025-09-22T08:10:38.535+0000] {virtualenv.py:181} INFO - Process 1985 running: True and has the lock /tmp/cosmos_venv_ecom/cosmos_virtualenv.lock.
[2025-09-22T08:10:38.536+0000] {virtualenv.py:122} INFO - Waiting for virtualenv lock to be released
[2025-09-22T08:10:39.538+0000] {virtualenv.py:178} INFO - Checking for running process with PID 2003
[2025-09-22T08:10:39.538+0000] {virtualenv.py:181} INFO - Process 2003 running: True and has the lock /tmp/cosmos_venv_ecom/cosmos_virtualenv.lock.
[2025-09-22T08:10:39.539+0000] {virtualenv.py:122} INFO - Waiting for virtualenv lock to be released
[2025-09-22T08:10:40.540+0000] {virtualenv.py:178} INFO - Checking for running process with PID 2003
[2025-09-22T08:10:40.541+0000] {virtualenv.py:181} INFO - Process 2003 running: True and has the lock /tmp/cosmos_venv_ecom/cosmos_virtualenv.lock.
[2025-09-22T08:10:40.541+0000] {virtualenv.py:122} INFO - Waiting for virtualenv lock to be released
[2025-09-22T08:10:41.542+0000] {virtualenv.py:178} INFO - Checking for running process with PID 2003
[2025-09-22T08:10:41.543+0000] {virtualenv.py:181} INFO - Process 2003 running: True and has the lock /tmp/cosmos_venv_ecom/cosmos_virtualenv.lock.
[2025-09-22T08:10:41.544+0000] {virtualenv.py:122} INFO - Waiting for virtualenv lock to be released
[2025-09-22T08:10:42.545+0000] {virtualenv.py:178} INFO - Checking for running process with PID 2003
[2025-09-22T08:10:42.546+0000] {virtualenv.py:181} INFO - Process 2003 running: True and has the lock /tmp/cosmos_venv_ecom/cosmos_virtualenv.lock.
[2025-09-22T08:10:42.547+0000] {virtualenv.py:122} INFO - Waiting for virtualenv lock to be released
[2025-09-22T08:10:43.549+0000] {virtualenv.py:178} INFO - Checking for running process with PID 2003
[2025-09-22T08:10:43.550+0000] {virtualenv.py:181} INFO - Process 2003 running: True and has the lock /tmp/cosmos_venv_ecom/cosmos_virtualenv.lock.
[2025-09-22T08:10:43.551+0000] {virtualenv.py:122} INFO - Waiting for virtualenv lock to be released
[2025-09-22T08:10:44.553+0000] {virtualenv.py:178} INFO - Checking for running process with PID 2003
[2025-09-22T08:10:44.555+0000] {virtualenv.py:181} INFO - Process 2003 running: True and has the lock /tmp/cosmos_venv_ecom/cosmos_virtualenv.lock.
[2025-09-22T08:10:44.556+0000] {virtualenv.py:122} INFO - Waiting for virtualenv lock to be released
[2025-09-22T08:10:45.559+0000] {virtualenv.py:178} INFO - Checking for running process with PID 2003
[2025-09-22T08:10:45.561+0000] {virtualenv.py:181} INFO - Process 2003 running: True and has the lock /tmp/cosmos_venv_ecom/cosmos_virtualenv.lock.
[2025-09-22T08:10:45.562+0000] {virtualenv.py:122} INFO - Waiting for virtualenv lock to be released
[2025-09-22T08:10:46.565+0000] {virtualenv.py:178} INFO - Checking for running process with PID 2003
[2025-09-22T08:10:46.568+0000] {virtualenv.py:181} INFO - Process 2003 running: True and has the lock /tmp/cosmos_venv_ecom/cosmos_virtualenv.lock.
[2025-09-22T08:10:46.569+0000] {virtualenv.py:122} INFO - Waiting for virtualenv lock to be released
[2025-09-22T08:10:47.572+0000] {virtualenv.py:178} INFO - Checking for running process with PID 2003
[2025-09-22T08:10:47.573+0000] {virtualenv.py:181} INFO - Process 2003 running: True and has the lock /tmp/cosmos_venv_ecom/cosmos_virtualenv.lock.
[2025-09-22T08:10:47.573+0000] {virtualenv.py:122} INFO - Waiting for virtualenv lock to be released
[2025-09-22T08:10:48.575+0000] {virtualenv.py:178} INFO - Checking for running process with PID 2003
[2025-09-22T08:10:48.575+0000] {virtualenv.py:181} INFO - Process 2003 running: True and has the lock /tmp/cosmos_venv_ecom/cosmos_virtualenv.lock.
[2025-09-22T08:10:48.576+0000] {virtualenv.py:122} INFO - Waiting for virtualenv lock to be released
[2025-09-22T08:10:49.577+0000] {virtualenv.py:178} INFO - Checking for running process with PID 2003
[2025-09-22T08:10:49.578+0000] {virtualenv.py:181} INFO - Process 2003 running: True and has the lock /tmp/cosmos_venv_ecom/cosmos_virtualenv.lock.
[2025-09-22T08:10:49.579+0000] {virtualenv.py:122} INFO - Waiting for virtualenv lock to be released
[2025-09-22T08:10:50.580+0000] {virtualenv.py:178} INFO - Checking for running process with PID 2003
[2025-09-22T08:10:50.581+0000] {virtualenv.py:181} INFO - Process 2003 running: True and has the lock /tmp/cosmos_venv_ecom/cosmos_virtualenv.lock.
[2025-09-22T08:10:50.581+0000] {virtualenv.py:122} INFO - Waiting for virtualenv lock to be released
[2025-09-22T08:10:51.583+0000] {virtualenv.py:178} INFO - Checking for running process with PID 2003
[2025-09-22T08:10:51.585+0000] {virtualenv.py:181} INFO - Process 2003 running: True and has the lock /tmp/cosmos_venv_ecom/cosmos_virtualenv.lock.
[2025-09-22T08:10:51.587+0000] {virtualenv.py:122} INFO - Waiting for virtualenv lock to be released
[2025-09-22T08:10:52.589+0000] {virtualenv.py:126} INFO - Acquiring the virtualenv lock
[2025-09-22T08:10:52.590+0000] {virtualenv.py:195} INFO - Acquiring lock at /tmp/cosmos_venv_ecom/cosmos_virtualenv.lock with pid 1975
[2025-09-22T08:10:52.590+0000] {virtualenv.py:153} INFO - Creating or updating the virtualenv at `/tmp/cosmos_venv_ecom
[2025-09-22T08:10:52.591+0000] {process_utils.py:183} INFO - Executing cmd: /home/***/.local/bin/python -m virtualenv /tmp/cosmos_venv_ecom --python=python3
[2025-09-22T08:10:52.592+0000] {process_utils.py:187} INFO - Output:
[2025-09-22T08:10:53.675+0000] {process_utils.py:191} INFO - created virtual environment CPython3.10.14.final.0-64 in 412ms
[2025-09-22T08:10:53.675+0000] {process_utils.py:191} INFO -   creator CPython3Posix(dest=/tmp/cosmos_venv_ecom, clear=False, no_vcs_ignore=False, global=False)
[2025-09-22T08:10:53.676+0000] {process_utils.py:191} INFO -   seeder FromAppData(download=False, pip=bundle, setuptools=bundle, wheel=bundle, via=copy, app_data_dir=/home/***/.local/share/virtualenv)
[2025-09-22T08:10:53.677+0000] {process_utils.py:191} INFO -     added seed packages: MarkupSafe==3.0.2, PyYAML==6.0.2, agate==1.9.1, annotated_types==0.7.0, attrs==25.3.0, babel==2.17.0, certifi==2025.8.3, charset_normalizer==3.4.3, click==8.2.1, clickhouse_connect==0.8.18, clickhouse_driver==0.2.9, colorama==0.4.6, daff==1.4.2, dbt_adapters==1.16.7, dbt_clickhouse==1.9.3, dbt_common==1.30.0, dbt_core==1.10.11, dbt_extractor==0.6.0, dbt_protos==1.0.375, dbt_semantic_interfaces==0.9.0, deepdiff==8.6.1, idna==3.10, importlib_metadata==8.7.0, isodate==0.6.1, jinja2==3.1.6, jsonschema==4.25.1, jsonschema_specifications==2025.9.1, leather==0.4.0, lz4==4.4.4, mashumaro==3.14, more_itertools==10.8.0, msgpack==1.1.1, networkx==3.4.2, orderly_set==5.5.0, packaging==25.0, parsedatetime==2.6, pathspec==0.12.1, pip==25.2, protobuf==6.32.1, pydantic==2.11.7, pydantic_core==2.33.2, python_dateutil==2.9.0.post0, python_slugify==8.0.4, pytimeparse==1.1.8, pytz==2025.2, referencing==0.36.2, requests==2.32.5, rpds_py==0.27.1, setuptools==80.9.0, six==1.17.0, snowplow_tracker==1.1.0, sqlparse==0.5.3, text_unidecode==1.3, typing_extensions==4.15.0, typing_inspection==0.4.1, tzlocal==5.3.1, urllib3==2.5.0, wheel==0.45.1, zipp==3.23.0, zstandard==0.24.0
[2025-09-22T08:10:53.677+0000] {process_utils.py:191} INFO -   activators BashActivator,CShellActivator,FishActivator,NushellActivator,PowerShellActivator,PythonActivator
[2025-09-22T08:10:53.726+0000] {process_utils.py:183} INFO - Executing cmd: /tmp/cosmos_venv_ecom/bin/pip install dbt-clickhouse
[2025-09-22T08:10:53.728+0000] {process_utils.py:187} INFO - Output:
[2025-09-22T08:10:54.811+0000] {process_utils.py:191} INFO - Requirement already satisfied: dbt-clickhouse in /tmp/cosmos_venv_ecom/lib/python3.10/site-packages (1.9.3)
[2025-09-22T08:10:54.813+0000] {process_utils.py:191} INFO - Requirement already satisfied: dbt-core>=1.9 in /tmp/cosmos_venv_ecom/lib/python3.10/site-packages (from dbt-clickhouse) (1.10.11)
[2025-09-22T08:10:54.814+0000] {process_utils.py:191} INFO - Requirement already satisfied: clickhouse-connect>=0.6.22 in /tmp/cosmos_venv_ecom/lib/python3.10/site-packages (from dbt-clickhouse) (0.8.18)
[2025-09-22T08:10:54.815+0000] {process_utils.py:191} INFO - Requirement already satisfied: clickhouse-driver>=0.2.6 in /tmp/cosmos_venv_ecom/lib/python3.10/site-packages (from dbt-clickhouse) (0.2.9)
[2025-09-22T08:10:54.815+0000] {process_utils.py:191} INFO - Requirement already satisfied: setuptools>=0.69 in /tmp/cosmos_venv_ecom/lib/python3.10/site-packages (from dbt-clickhouse) (80.9.0)
[2025-09-22T08:10:54.817+0000] {process_utils.py:191} INFO - Requirement already satisfied: certifi in /tmp/cosmos_venv_ecom/lib/python3.10/site-packages (from clickhouse-connect>=0.6.22->dbt-clickhouse) (2025.8.3)
[2025-09-22T08:10:54.817+0000] {process_utils.py:191} INFO - Requirement already satisfied: urllib3>=1.26 in /tmp/cosmos_venv_ecom/lib/python3.10/site-packages (from clickhouse-connect>=0.6.22->dbt-clickhouse) (2.5.0)
[2025-09-22T08:10:54.818+0000] {process_utils.py:191} INFO - Requirement already satisfied: pytz in /tmp/cosmos_venv_ecom/lib/python3.10/site-packages (from clickhouse-connect>=0.6.22->dbt-clickhouse) (2025.2)
[2025-09-22T08:10:54.819+0000] {process_utils.py:191} INFO - Requirement already satisfied: zstandard in /tmp/cosmos_venv_ecom/lib/python3.10/site-packages (from clickhouse-connect>=0.6.22->dbt-clickhouse) (0.24.0)
[2025-09-22T08:10:54.820+0000] {process_utils.py:191} INFO - Requirement already satisfied: lz4 in /tmp/cosmos_venv_ecom/lib/python3.10/site-packages (from clickhouse-connect>=0.6.22->dbt-clickhouse) (4.4.4)
[2025-09-22T08:10:54.821+0000] {process_utils.py:191} INFO - Requirement already satisfied: tzlocal in /tmp/cosmos_venv_ecom/lib/python3.10/site-packages (from clickhouse-driver>=0.2.6->dbt-clickhouse) (5.3.1)
[2025-09-22T08:10:54.824+0000] {process_utils.py:191} INFO - Requirement already satisfied: agate<1.10,>=1.7.0 in /tmp/cosmos_venv_ecom/lib/python3.10/site-packages (from dbt-core>=1.9->dbt-clickhouse) (1.9.1)
[2025-09-22T08:10:54.825+0000] {process_utils.py:191} INFO - Requirement already satisfied: Jinja2<4,>=3.1.3 in /tmp/cosmos_venv_ecom/lib/python3.10/site-packages (from dbt-core>=1.9->dbt-clickhouse) (3.1.6)
[2025-09-22T08:10:54.826+0000] {process_utils.py:191} INFO - Requirement already satisfied: mashumaro<3.15,>=3.9 in /tmp/cosmos_venv_ecom/lib/python3.10/site-packages (from mashumaro[msgpack]<3.15,>=3.9->dbt-core>=1.9->dbt-clickhouse) (3.14)
[2025-09-22T08:10:54.827+0000] {process_utils.py:191} INFO - Requirement already satisfied: click<9.0,>=8.0.2 in /tmp/cosmos_venv_ecom/lib/python3.10/site-packages (from dbt-core>=1.9->dbt-clickhouse) (8.2.1)
[2025-09-22T08:10:54.827+0000] {process_utils.py:191} INFO - Requirement already satisfied: jsonschema<5.0,>=4.19.1 in /tmp/cosmos_venv_ecom/lib/python3.10/site-packages (from dbt-core>=1.9->dbt-clickhouse) (4.25.1)
[2025-09-22T08:10:54.828+0000] {process_utils.py:191} INFO - Requirement already satisfied: networkx<4.0,>=2.3 in /tmp/cosmos_venv_ecom/lib/python3.10/site-packages (from dbt-core>=1.9->dbt-clickhouse) (3.4.2)
[2025-09-22T08:10:54.829+0000] {process_utils.py:191} INFO - Requirement already satisfied: protobuf<7.0,>=6.0 in /tmp/cosmos_venv_ecom/lib/python3.10/site-packages (from dbt-core>=1.9->dbt-clickhouse) (6.32.1)
[2025-09-22T08:10:54.829+0000] {process_utils.py:191} INFO - Requirement already satisfied: requests<3.0.0 in /tmp/cosmos_venv_ecom/lib/python3.10/site-packages (from dbt-core>=1.9->dbt-clickhouse) (2.32.5)
[2025-09-22T08:10:54.830+0000] {process_utils.py:191} INFO - Requirement already satisfied: snowplow-tracker<2.0,>=1.0.2 in /tmp/cosmos_venv_ecom/lib/python3.10/site-packages (from dbt-core>=1.9->dbt-clickhouse) (1.1.0)
[2025-09-22T08:10:54.831+0000] {process_utils.py:191} INFO - Requirement already satisfied: pathspec<0.13,>=0.9 in /tmp/cosmos_venv_ecom/lib/python3.10/site-packages (from dbt-core>=1.9->dbt-clickhouse) (0.12.1)
[2025-09-22T08:10:54.832+0000] {process_utils.py:191} INFO - Requirement already satisfied: sqlparse<0.6.0,>=0.5.0 in /tmp/cosmos_venv_ecom/lib/python3.10/site-packages (from dbt-core>=1.9->dbt-clickhouse) (0.5.3)
[2025-09-22T08:10:54.833+0000] {process_utils.py:191} INFO - Requirement already satisfied: dbt-extractor<=0.6,>=0.5.0 in /tmp/cosmos_venv_ecom/lib/python3.10/site-packages (from dbt-core>=1.9->dbt-clickhouse) (0.6.0)
[2025-09-22T08:10:54.833+0000] {process_utils.py:191} INFO - Requirement already satisfied: dbt-semantic-interfaces<0.10,>=0.9.0 in /tmp/cosmos_venv_ecom/lib/python3.10/site-packages (from dbt-core>=1.9->dbt-clickhouse) (0.9.0)
[2025-09-22T08:10:54.834+0000] {process_utils.py:191} INFO - Requirement already satisfied: dbt-common<2.0,>=1.27.0 in /tmp/cosmos_venv_ecom/lib/python3.10/site-packages (from dbt-core>=1.9->dbt-clickhouse) (1.30.0)
[2025-09-22T08:10:54.835+0000] {process_utils.py:191} INFO - Requirement already satisfied: dbt-adapters<2.0,>=1.15.5 in /tmp/cosmos_venv_ecom/lib/python3.10/site-packages (from dbt-core>=1.9->dbt-clickhouse) (1.16.7)
[2025-09-22T08:10:54.835+0000] {process_utils.py:191} INFO - Requirement already satisfied: dbt-protos<2.0,>=1.0.346 in /tmp/cosmos_venv_ecom/lib/python3.10/site-packages (from dbt-core>=1.9->dbt-clickhouse) (1.0.375)
[2025-09-22T08:10:54.836+0000] {process_utils.py:191} INFO - Requirement already satisfied: pydantic<3 in /tmp/cosmos_venv_ecom/lib/python3.10/site-packages (from dbt-core>=1.9->dbt-clickhouse) (2.11.7)
[2025-09-22T08:10:54.836+0000] {process_utils.py:191} INFO - Requirement already satisfied: packaging>20.9 in /tmp/cosmos_venv_ecom/lib/python3.10/site-packages (from dbt-core>=1.9->dbt-clickhouse) (25.0)
[2025-09-22T08:10:54.837+0000] {process_utils.py:191} INFO - Requirement already satisfied: pyyaml>=6.0 in /tmp/cosmos_venv_ecom/lib/python3.10/site-packages (from dbt-core>=1.9->dbt-clickhouse) (6.0.2)
[2025-09-22T08:10:54.838+0000] {process_utils.py:191} INFO - Requirement already satisfied: daff>=1.3.46 in /tmp/cosmos_venv_ecom/lib/python3.10/site-packages (from dbt-core>=1.9->dbt-clickhouse) (1.4.2)
[2025-09-22T08:10:54.839+0000] {process_utils.py:191} INFO - Requirement already satisfied: typing-extensions>=4.4 in /tmp/cosmos_venv_ecom/lib/python3.10/site-packages (from dbt-core>=1.9->dbt-clickhouse) (4.15.0)
[2025-09-22T08:10:54.841+0000] {process_utils.py:191} INFO - Requirement already satisfied: Babel>=2.0 in /tmp/cosmos_venv_ecom/lib/python3.10/site-packages (from agate<1.10,>=1.7.0->dbt-core>=1.9->dbt-clickhouse) (2.17.0)
[2025-09-22T08:10:54.842+0000] {process_utils.py:191} INFO - Requirement already satisfied: isodate>=0.5.4 in /tmp/cosmos_venv_ecom/lib/python3.10/site-packages (from agate<1.10,>=1.7.0->dbt-core>=1.9->dbt-clickhouse) (0.6.1)
[2025-09-22T08:10:54.843+0000] {process_utils.py:191} INFO - Requirement already satisfied: leather>=0.3.2 in /tmp/cosmos_venv_ecom/lib/python3.10/site-packages (from agate<1.10,>=1.7.0->dbt-core>=1.9->dbt-clickhouse) (0.4.0)
[2025-09-22T08:10:54.844+0000] {process_utils.py:191} INFO - Requirement already satisfied: parsedatetime!=2.5,>=2.1 in /tmp/cosmos_venv_ecom/lib/python3.10/site-packages (from agate<1.10,>=1.7.0->dbt-core>=1.9->dbt-clickhouse) (2.6)
[2025-09-22T08:10:54.844+0000] {process_utils.py:191} INFO - Requirement already satisfied: python-slugify>=1.2.1 in /tmp/cosmos_venv_ecom/lib/python3.10/site-packages (from agate<1.10,>=1.7.0->dbt-core>=1.9->dbt-clickhouse) (8.0.4)
[2025-09-22T08:10:54.845+0000] {process_utils.py:191} INFO - Requirement already satisfied: pytimeparse>=1.1.5 in /tmp/cosmos_venv_ecom/lib/python3.10/site-packages (from agate<1.10,>=1.7.0->dbt-core>=1.9->dbt-clickhouse) (1.1.8)
[2025-09-22T08:10:54.854+0000] {process_utils.py:191} INFO - Requirement already satisfied: colorama<0.5,>=0.3.9 in /tmp/cosmos_venv_ecom/lib/python3.10/site-packages (from dbt-common<2.0,>=1.27.0->dbt-core>=1.9->dbt-clickhouse) (0.4.6)
[2025-09-22T08:10:54.855+0000] {process_utils.py:191} INFO - Requirement already satisfied: deepdiff<9.0,>=7.0 in /tmp/cosmos_venv_ecom/lib/python3.10/site-packages (from dbt-common<2.0,>=1.27.0->dbt-core>=1.9->dbt-clickhouse) (8.6.1)
[2025-09-22T08:10:54.858+0000] {process_utils.py:191} INFO - Requirement already satisfied: python-dateutil<3.0,>=2.0 in /tmp/cosmos_venv_ecom/lib/python3.10/site-packages (from dbt-common<2.0,>=1.27.0->dbt-core>=1.9->dbt-clickhouse) (2.9.0.post0)
[2025-09-22T08:10:54.864+0000] {process_utils.py:191} INFO - Requirement already satisfied: importlib-metadata<9,>=6.0 in /tmp/cosmos_venv_ecom/lib/python3.10/site-packages (from dbt-semantic-interfaces<0.10,>=0.9.0->dbt-core>=1.9->dbt-clickhouse) (8.7.0)
[2025-09-22T08:10:54.865+0000] {process_utils.py:191} INFO - Requirement already satisfied: more-itertools<11.0,>=8.0 in /tmp/cosmos_venv_ecom/lib/python3.10/site-packages (from dbt-semantic-interfaces<0.10,>=0.9.0->dbt-core>=1.9->dbt-clickhouse) (10.8.0)
[2025-09-22T08:10:54.873+0000] {process_utils.py:191} INFO - Requirement already satisfied: orderly-set<6,>=5.4.1 in /tmp/cosmos_venv_ecom/lib/python3.10/site-packages (from deepdiff<9.0,>=7.0->dbt-common<2.0,>=1.27.0->dbt-core>=1.9->dbt-clickhouse) (5.5.0)
[2025-09-22T08:10:54.879+0000] {process_utils.py:191} INFO - Requirement already satisfied: zipp>=3.20 in /tmp/cosmos_venv_ecom/lib/python3.10/site-packages (from importlib-metadata<9,>=6.0->dbt-semantic-interfaces<0.10,>=0.9.0->dbt-core>=1.9->dbt-clickhouse) (3.23.0)
[2025-09-22T08:10:54.880+0000] {process_utils.py:191} INFO - Requirement already satisfied: six in /tmp/cosmos_venv_ecom/lib/python3.10/site-packages (from isodate>=0.5.4->agate<1.10,>=1.7.0->dbt-core>=1.9->dbt-clickhouse) (1.17.0)
[2025-09-22T08:10:54.882+0000] {process_utils.py:191} INFO - Requirement already satisfied: MarkupSafe>=2.0 in /tmp/cosmos_venv_ecom/lib/python3.10/site-packages (from Jinja2<4,>=3.1.3->dbt-core>=1.9->dbt-clickhouse) (3.0.2)
[2025-09-22T08:10:54.886+0000] {process_utils.py:191} INFO - Requirement already satisfied: attrs>=22.2.0 in /tmp/cosmos_venv_ecom/lib/python3.10/site-packages (from jsonschema<5.0,>=4.19.1->dbt-core>=1.9->dbt-clickhouse) (25.3.0)
[2025-09-22T08:10:54.887+0000] {process_utils.py:191} INFO - Requirement already satisfied: jsonschema-specifications>=2023.03.6 in /tmp/cosmos_venv_ecom/lib/python3.10/site-packages (from jsonschema<5.0,>=4.19.1->dbt-core>=1.9->dbt-clickhouse) (2025.9.1)
[2025-09-22T08:10:54.888+0000] {process_utils.py:191} INFO - Requirement already satisfied: referencing>=0.28.4 in /tmp/cosmos_venv_ecom/lib/python3.10/site-packages (from jsonschema<5.0,>=4.19.1->dbt-core>=1.9->dbt-clickhouse) (0.36.2)
[2025-09-22T08:10:54.889+0000] {process_utils.py:191} INFO - Requirement already satisfied: rpds-py>=0.7.1 in /tmp/cosmos_venv_ecom/lib/python3.10/site-packages (from jsonschema<5.0,>=4.19.1->dbt-core>=1.9->dbt-clickhouse) (0.27.1)
[2025-09-22T08:10:54.895+0000] {process_utils.py:191} INFO - Requirement already satisfied: msgpack>=0.5.6 in /tmp/cosmos_venv_ecom/lib/python3.10/site-packages (from mashumaro[msgpack]<3.15,>=3.9->dbt-core>=1.9->dbt-clickhouse) (1.1.1)
[2025-09-22T08:10:54.910+0000] {process_utils.py:191} INFO - Requirement already satisfied: annotated-types>=0.6.0 in /tmp/cosmos_venv_ecom/lib/python3.10/site-packages (from pydantic<3->dbt-core>=1.9->dbt-clickhouse) (0.7.0)
[2025-09-22T08:10:54.911+0000] {process_utils.py:191} INFO - Requirement already satisfied: pydantic-core==2.33.2 in /tmp/cosmos_venv_ecom/lib/python3.10/site-packages (from pydantic<3->dbt-core>=1.9->dbt-clickhouse) (2.33.2)
[2025-09-22T08:10:54.912+0000] {process_utils.py:191} INFO - Requirement already satisfied: typing-inspection>=0.4.0 in /tmp/cosmos_venv_ecom/lib/python3.10/site-packages (from pydantic<3->dbt-core>=1.9->dbt-clickhouse) (0.4.1)
[2025-09-22T08:10:54.919+0000] {process_utils.py:191} INFO - Requirement already satisfied: charset_normalizer<4,>=2 in /tmp/cosmos_venv_ecom/lib/python3.10/site-packages (from requests<3.0.0->dbt-core>=1.9->dbt-clickhouse) (3.4.3)
[2025-09-22T08:10:54.920+0000] {process_utils.py:191} INFO - Requirement already satisfied: idna<4,>=2.5 in /tmp/cosmos_venv_ecom/lib/python3.10/site-packages (from requests<3.0.0->dbt-core>=1.9->dbt-clickhouse) (3.10)
[2025-09-22T08:10:54.957+0000] {process_utils.py:191} INFO - Requirement already satisfied: text-unidecode>=1.3 in /tmp/cosmos_venv_ecom/lib/python3.10/site-packages (from python-slugify>=1.2.1->agate<1.10,>=1.7.0->dbt-core>=1.9->dbt-clickhouse) (1.3)
[2025-09-22T08:10:55.069+0000] {local.py:470} INFO - Cloning project to writable temp directory /tmp/tmphqjsfse3 from /opt/airflow/dags/dbt/ecom_staging
[2025-09-22T08:10:55.094+0000] {local.py:490} INFO - Partial parse is enabled and the latest partial parse file is /tmp/cosmos/dbt_staging__dbt_ecom/target/partial_parse.msgpack
[2025-09-22T08:10:55.103+0000] {config.py:362} INFO - Using user-supplied profiles.yml at /opt/airflow/dags/dbt/profiles.yml
[2025-09-22T08:10:55.117+0000] {virtualenv.py:99} INFO - Using Python binary from virtualenv: /tmp/cosmos_venv_ecom/bin/python
[2025-09-22T08:10:55.118+0000] {local.py:434} INFO - Trying to run the command:
 ['/tmp/cosmos_venv_ecom/bin/dbt', 'deps', '--project-dir', '/tmp/tmphqjsfse3', '--profiles-dir', '/opt/***/dags/dbt', '--profile', 'ecom_staging', '--target', 'dev']
From /tmp/tmphqjsfse3
[2025-09-22T08:10:55.118+0000] {subprocess.py:56} INFO - Tmp dir root location: 
 /tmp
[2025-09-22T08:10:55.119+0000] {subprocess.py:69} INFO - Running command: ['/tmp/cosmos_venv_ecom/bin/dbt', 'deps', '--project-dir', '/tmp/tmphqjsfse3', '--profiles-dir', '/opt/***/dags/dbt', '--profile', 'ecom_staging', '--target', 'dev']
[2025-09-22T08:10:55.129+0000] {subprocess.py:80} INFO - Command output:
[2025-09-22T08:10:56.887+0000] {subprocess.py:90} INFO - [0m08:10:56  Running with dbt=1.10.11
[2025-09-22T08:10:57.764+0000] {subprocess.py:90} INFO - [0m08:10:57  Installing dbt-labs/dbt_utils
[2025-09-22T08:10:58.455+0000] {subprocess.py:90} INFO - [0m08:10:58  Installed from version 1.3.0
[2025-09-22T08:10:58.456+0000] {subprocess.py:90} INFO - [0m08:10:58  Updated version available: 1.3.1
[2025-09-22T08:10:58.456+0000] {subprocess.py:90} INFO - [0m08:10:58
[2025-09-22T08:10:58.457+0000] {subprocess.py:90} INFO - [0m08:10:58  Updates available for packages: ['dbt-labs/dbt_utils']
[2025-09-22T08:10:58.458+0000] {subprocess.py:90} INFO - Update your versions in packages.yml, then run dbt deps
[2025-09-22T08:11:00.181+0000] {subprocess.py:94} INFO - Command exited with return code 0
[2025-09-22T08:11:00.182+0000] {local.py:441} INFO - Update your versions in packages.yml, then run dbt deps
[2025-09-22T08:11:00.183+0000] {virtualenv.py:99} INFO - Using Python binary from virtualenv: /tmp/cosmos_venv_ecom/bin/python
[2025-09-22T08:11:00.184+0000] {local.py:434} INFO - Trying to run the command:
 ['/tmp/cosmos_venv_ecom/bin/dbt', 'run', '--models', 'stg_categories', '--project-dir', '/tmp/tmphqjsfse3', '--profiles-dir', '/opt/***/dags/dbt', '--profile', 'ecom_staging', '--target', 'dev']
From /tmp/tmphqjsfse3
[2025-09-22T08:11:00.185+0000] {subprocess.py:56} INFO - Tmp dir root location: 
 /tmp
[2025-09-22T08:11:00.185+0000] {subprocess.py:69} INFO - Running command: ['/tmp/cosmos_venv_ecom/bin/dbt', 'run', '--models', 'stg_categories', '--project-dir', '/tmp/tmphqjsfse3', '--profiles-dir', '/opt/***/dags/dbt', '--profile', 'ecom_staging', '--target', 'dev']
[2025-09-22T08:11:00.196+0000] {subprocess.py:80} INFO - Command output:
[2025-09-22T08:11:01.964+0000] {subprocess.py:90} INFO - [0m08:11:01  Running with dbt=1.10.11
[2025-09-22T08:11:01.966+0000] {subprocess.py:90} INFO - [0m08:11:01  [[33mWARNING[0m]: Deprecated functionality
[2025-09-22T08:11:01.967+0000] {subprocess.py:90} INFO - Usage of `--models`, `--model`, and `-m` is deprecated in favor of `--select` or
[2025-09-22T08:11:01.967+0000] {subprocess.py:90} INFO - `-s`.
[2025-09-22T08:11:02.224+0000] {subprocess.py:90} INFO - [0m08:11:02  Registered adapter: clickhouse=1.9.3
[2025-09-22T08:11:02.909+0000] {subprocess.py:90} INFO - [0m08:11:02  Found 8 models, 46 data tests, 8 sources, 597 macros
[2025-09-22T08:11:02.912+0000] {subprocess.py:90} INFO - [0m08:11:02
[2025-09-22T08:11:02.913+0000] {subprocess.py:90} INFO - [0m08:11:02  Concurrency: 4 threads (target='dev')
[2025-09-22T08:11:02.913+0000] {subprocess.py:90} INFO - [0m08:11:02
[2025-09-22T08:11:03.046+0000] {subprocess.py:90} INFO - [0m08:11:03  1 of 1 START sql view model `ecom_db_staging`.`stg_categories` ................. [RUN]
[2025-09-22T08:11:03.129+0000] {subprocess.py:90} INFO - [0m08:11:03  1 of 1 OK created sql view model `ecom_db_staging`.`stg_categories` ............ [[32mOK[0m in 0.08s]
[2025-09-22T08:11:03.133+0000] {subprocess.py:90} INFO - [0m08:11:03
[2025-09-22T08:11:03.134+0000] {subprocess.py:90} INFO - [0m08:11:03  Finished running 1 view model in 0 hours 0 minutes and 0.22 seconds (0.22s).
[2025-09-22T08:11:03.187+0000] {subprocess.py:90} INFO - [0m08:11:03
[2025-09-22T08:11:03.187+0000] {subprocess.py:90} INFO - [0m08:11:03  [32mCompleted successfully[0m
[2025-09-22T08:11:03.188+0000] {subprocess.py:90} INFO - [0m08:11:03
[2025-09-22T08:11:03.189+0000] {subprocess.py:90} INFO - [0m08:11:03  Done. PASS=1 WARN=0 ERROR=0 SKIP=0 NO-OP=0 TOTAL=1
[2025-09-22T08:11:03.190+0000] {subprocess.py:90} INFO - [0m08:11:03  [[33mWARNING[0m][DeprecationsSummary]: Deprecated functionality
[2025-09-22T08:11:03.190+0000] {subprocess.py:90} INFO - Summary of encountered deprecations:
[2025-09-22T08:11:03.191+0000] {subprocess.py:90} INFO - - ModelParamUsageDeprecation: 1 occurrence
[2025-09-22T08:11:03.192+0000] {subprocess.py:90} INFO - To see all deprecation instances instead of just the first occurrence of each,
[2025-09-22T08:11:03.192+0000] {subprocess.py:90} INFO - run command again with the `--show-all-deprecations` flag. You may also need to
[2025-09-22T08:11:03.193+0000] {subprocess.py:90} INFO - run with `--no-partial-parse` as some deprecations are only encountered during
[2025-09-22T08:11:03.194+0000] {subprocess.py:90} INFO - parsing.
[2025-09-22T08:11:04.831+0000] {subprocess.py:94} INFO - Command exited with return code 0
[2025-09-22T08:11:04.832+0000] {local.py:441} INFO - parsing.
[2025-09-22T08:11:04.848+0000] {local.py:196} WARNING - Artifact schema version: https://schemas.getdbt.com/dbt/manifest/v12.json is above dbt-ol supported version 7. This might cause errors.
[2025-09-22T08:11:04.849+0000] {local.py:196} WARNING - Artifact schema version: https://schemas.getdbt.com/dbt/run-results/v6.json is above dbt-ol supported version 5. This might cause errors.
[2025-09-22T08:11:04.859+0000] {local.py:547} INFO - Inlets: []
[2025-09-22T08:11:04.860+0000] {local.py:548} INFO - Outlets: []
[2025-09-22T08:11:04.861+0000] {local.py:772} INFO - Assigning inlets/outlets without DatasetAlias
[2025-09-22T08:11:04.862+0000] {dag.py:3089} INFO - Sync 1 DAGs
[2025-09-22T08:11:05.026+0000] {virtualenv.py:131} INFO - Releasing virtualenv lock
[2025-09-22T08:11:05.026+0000] {virtualenv.py:145} INFO - None
[2025-09-22T08:11:05.027+0000] {taskinstance.py:441} INFO - ::group::Post task execution logs
[2025-09-22T08:11:05.063+0000] {taskinstance.py:1206} INFO - Marking task as SUCCESS. dag_id=dbt_staging, task_id=dbt_ecom.stg_categories.run, run_id=scheduled__2025-09-21T00:00:00+00:00, execution_date=20250921T000000, start_date=20250922T081009, end_date=20250922T081105
[2025-09-22T08:11:05.112+0000] {local_task_job_runner.py:243} INFO - Task exited with return code 0
[2025-09-22T08:11:05.177+0000] {taskinstance.py:3503} INFO - 1 downstream tasks scheduled from follow-on schedule check
[2025-09-22T08:11:05.179+0000] {local_task_job_runner.py:222} INFO - ::endgroup::
