[2025-09-13T09:28:44.154+0000] {local_task_job_runner.py:120} INFO - ::group::Pre task execution logs
[2025-09-13T09:28:44.529+0000] {taskinstance.py:2076} INFO - Dependencies all met for dep_context=non-requeueable deps ti=<TaskInstance: dbt_intermediate.intermediate.payment_methods.run scheduled__2025-09-12T00:00:00+00:00 [queued]>
[2025-09-13T09:28:44.566+0000] {taskinstance.py:2076} INFO - Dependencies all met for dep_context=requeueable deps ti=<TaskInstance: dbt_intermediate.intermediate.payment_methods.run scheduled__2025-09-12T00:00:00+00:00 [queued]>
[2025-09-13T09:28:44.570+0000] {taskinstance.py:2306} INFO - Starting attempt 1 of 1
[2025-09-13T09:28:44.635+0000] {taskinstance.py:2330} INFO - Executing <Task(DbtRunVirtualenvOperator): intermediate.payment_methods.run> on 2025-09-12 00:00:00+00:00
[2025-09-13T09:28:44.649+0000] {standard_task_runner.py:64} INFO - Started process 4149 to run task
[2025-09-13T09:28:44.657+0000] {standard_task_runner.py:90} INFO - Running: ['***', 'tasks', 'run', 'dbt_intermediate', 'intermediate.payment_methods.run', 'scheduled__2025-09-12T00:00:00+00:00', '--job-id', '153', '--raw', '--subdir', 'DAGS_FOLDER/dbt_intermediate.py', '--cfg-path', '/tmp/tmp_dnep2_t']
[2025-09-13T09:28:44.668+0000] {standard_task_runner.py:91} INFO - Job 153: Subtask intermediate.payment_methods.run
[2025-09-13T09:28:45.456+0000] {task_command.py:426} INFO - Running <TaskInstance: dbt_intermediate.intermediate.payment_methods.run scheduled__2025-09-12T00:00:00+00:00 [running]> on host e95bde6b8d07
[2025-09-13T09:28:45.815+0000] {taskinstance.py:2648} INFO - Exporting env vars: AIRFLOW_CTX_DAG_OWNER='***' AIRFLOW_CTX_DAG_ID='dbt_intermediate' AIRFLOW_CTX_TASK_ID='intermediate.payment_methods.run' AIRFLOW_CTX_EXECUTION_DATE='2025-09-12T00:00:00+00:00' AIRFLOW_CTX_TRY_NUMBER='1' AIRFLOW_CTX_DAG_RUN_ID='scheduled__2025-09-12T00:00:00+00:00'
[2025-09-13T09:28:45.817+0000] {taskinstance.py:430} INFO - ::endgroup::
[2025-09-13T09:28:45.835+0000] {virtualenv.py:120} INFO - Checking if the virtualenv lock /tmp/cosmos_venv_ecom_intermediate/cosmos_virtualenv.lock exists
[2025-09-13T09:28:45.835+0000] {virtualenv.py:178} INFO - Checking for running process with PID 4135
[2025-09-13T09:28:45.836+0000] {virtualenv.py:181} INFO - Process 4135 running: True and has the lock /tmp/cosmos_venv_ecom_intermediate/cosmos_virtualenv.lock.
[2025-09-13T09:28:45.837+0000] {virtualenv.py:122} INFO - Waiting for virtualenv lock to be released
[2025-09-13T09:28:46.838+0000] {virtualenv.py:178} INFO - Checking for running process with PID 4135
[2025-09-13T09:28:46.839+0000] {virtualenv.py:181} INFO - Process 4135 running: True and has the lock /tmp/cosmos_venv_ecom_intermediate/cosmos_virtualenv.lock.
[2025-09-13T09:28:46.839+0000] {virtualenv.py:122} INFO - Waiting for virtualenv lock to be released
[2025-09-13T09:28:47.840+0000] {virtualenv.py:178} INFO - Checking for running process with PID 4135
[2025-09-13T09:28:47.841+0000] {virtualenv.py:181} INFO - Process 4135 running: True and has the lock /tmp/cosmos_venv_ecom_intermediate/cosmos_virtualenv.lock.
[2025-09-13T09:28:47.842+0000] {virtualenv.py:122} INFO - Waiting for virtualenv lock to be released
[2025-09-13T09:28:48.844+0000] {virtualenv.py:178} INFO - Checking for running process with PID 4135
[2025-09-13T09:28:48.844+0000] {virtualenv.py:181} INFO - Process 4135 running: True and has the lock /tmp/cosmos_venv_ecom_intermediate/cosmos_virtualenv.lock.
[2025-09-13T09:28:48.845+0000] {virtualenv.py:122} INFO - Waiting for virtualenv lock to be released
[2025-09-13T09:28:49.846+0000] {virtualenv.py:178} INFO - Checking for running process with PID 4135
[2025-09-13T09:28:49.848+0000] {virtualenv.py:181} INFO - Process 4135 running: True and has the lock /tmp/cosmos_venv_ecom_intermediate/cosmos_virtualenv.lock.
[2025-09-13T09:28:49.849+0000] {virtualenv.py:122} INFO - Waiting for virtualenv lock to be released
[2025-09-13T09:28:50.851+0000] {virtualenv.py:178} INFO - Checking for running process with PID 4135
[2025-09-13T09:28:50.851+0000] {virtualenv.py:181} INFO - Process 4135 running: True and has the lock /tmp/cosmos_venv_ecom_intermediate/cosmos_virtualenv.lock.
[2025-09-13T09:28:50.852+0000] {virtualenv.py:122} INFO - Waiting for virtualenv lock to be released
[2025-09-13T09:28:51.853+0000] {virtualenv.py:178} INFO - Checking for running process with PID 4135
[2025-09-13T09:28:51.855+0000] {virtualenv.py:181} INFO - Process 4135 running: True and has the lock /tmp/cosmos_venv_ecom_intermediate/cosmos_virtualenv.lock.
[2025-09-13T09:28:51.855+0000] {virtualenv.py:122} INFO - Waiting for virtualenv lock to be released
[2025-09-13T09:28:52.857+0000] {virtualenv.py:178} INFO - Checking for running process with PID 4135
[2025-09-13T09:28:52.858+0000] {virtualenv.py:181} INFO - Process 4135 running: True and has the lock /tmp/cosmos_venv_ecom_intermediate/cosmos_virtualenv.lock.
[2025-09-13T09:28:52.858+0000] {virtualenv.py:122} INFO - Waiting for virtualenv lock to be released
[2025-09-13T09:28:53.860+0000] {virtualenv.py:178} INFO - Checking for running process with PID 4135
[2025-09-13T09:28:53.861+0000] {virtualenv.py:181} INFO - Process 4135 running: True and has the lock /tmp/cosmos_venv_ecom_intermediate/cosmos_virtualenv.lock.
[2025-09-13T09:28:53.862+0000] {virtualenv.py:122} INFO - Waiting for virtualenv lock to be released
[2025-09-13T09:28:54.863+0000] {virtualenv.py:178} INFO - Checking for running process with PID 4135
[2025-09-13T09:28:54.864+0000] {virtualenv.py:181} INFO - Process 4135 running: True and has the lock /tmp/cosmos_venv_ecom_intermediate/cosmos_virtualenv.lock.
[2025-09-13T09:28:54.865+0000] {virtualenv.py:122} INFO - Waiting for virtualenv lock to be released
[2025-09-13T09:28:55.866+0000] {virtualenv.py:178} INFO - Checking for running process with PID 4135
[2025-09-13T09:28:55.867+0000] {virtualenv.py:181} INFO - Process 4135 running: True and has the lock /tmp/cosmos_venv_ecom_intermediate/cosmos_virtualenv.lock.
[2025-09-13T09:28:55.867+0000] {virtualenv.py:122} INFO - Waiting for virtualenv lock to be released
[2025-09-13T09:28:56.869+0000] {virtualenv.py:178} INFO - Checking for running process with PID 4135
[2025-09-13T09:28:56.870+0000] {virtualenv.py:181} INFO - Process 4135 running: True and has the lock /tmp/cosmos_venv_ecom_intermediate/cosmos_virtualenv.lock.
[2025-09-13T09:28:56.870+0000] {virtualenv.py:122} INFO - Waiting for virtualenv lock to be released
[2025-09-13T09:28:57.871+0000] {virtualenv.py:178} INFO - Checking for running process with PID 4135
[2025-09-13T09:28:57.872+0000] {virtualenv.py:181} INFO - Process 4135 running: True and has the lock /tmp/cosmos_venv_ecom_intermediate/cosmos_virtualenv.lock.
[2025-09-13T09:28:57.873+0000] {virtualenv.py:122} INFO - Waiting for virtualenv lock to be released
[2025-09-13T09:28:58.874+0000] {virtualenv.py:178} INFO - Checking for running process with PID 4135
[2025-09-13T09:28:58.876+0000] {virtualenv.py:181} INFO - Process 4135 running: True and has the lock /tmp/cosmos_venv_ecom_intermediate/cosmos_virtualenv.lock.
[2025-09-13T09:28:58.876+0000] {virtualenv.py:122} INFO - Waiting for virtualenv lock to be released
[2025-09-13T09:28:59.878+0000] {virtualenv.py:178} INFO - Checking for running process with PID 4135
[2025-09-13T09:28:59.879+0000] {virtualenv.py:181} INFO - Process 4135 running: True and has the lock /tmp/cosmos_venv_ecom_intermediate/cosmos_virtualenv.lock.
[2025-09-13T09:28:59.880+0000] {virtualenv.py:122} INFO - Waiting for virtualenv lock to be released
[2025-09-13T09:29:00.882+0000] {virtualenv.py:178} INFO - Checking for running process with PID 4135
[2025-09-13T09:29:00.883+0000] {virtualenv.py:181} INFO - Process 4135 running: True and has the lock /tmp/cosmos_venv_ecom_intermediate/cosmos_virtualenv.lock.
[2025-09-13T09:29:00.884+0000] {virtualenv.py:122} INFO - Waiting for virtualenv lock to be released
[2025-09-13T09:29:01.886+0000] {virtualenv.py:178} INFO - Checking for running process with PID 4135
[2025-09-13T09:29:01.887+0000] {virtualenv.py:181} INFO - Process 4135 running: True and has the lock /tmp/cosmos_venv_ecom_intermediate/cosmos_virtualenv.lock.
[2025-09-13T09:29:01.887+0000] {virtualenv.py:122} INFO - Waiting for virtualenv lock to be released
[2025-09-13T09:29:02.889+0000] {virtualenv.py:178} INFO - Checking for running process with PID 4135
[2025-09-13T09:29:02.890+0000] {virtualenv.py:181} INFO - Process 4135 running: True and has the lock /tmp/cosmos_venv_ecom_intermediate/cosmos_virtualenv.lock.
[2025-09-13T09:29:02.890+0000] {virtualenv.py:122} INFO - Waiting for virtualenv lock to be released
[2025-09-13T09:29:03.892+0000] {virtualenv.py:178} INFO - Checking for running process with PID 4135
[2025-09-13T09:29:03.892+0000] {virtualenv.py:181} INFO - Process 4135 running: True and has the lock /tmp/cosmos_venv_ecom_intermediate/cosmos_virtualenv.lock.
[2025-09-13T09:29:03.893+0000] {virtualenv.py:122} INFO - Waiting for virtualenv lock to be released
[2025-09-13T09:29:04.894+0000] {virtualenv.py:178} INFO - Checking for running process with PID 4135
[2025-09-13T09:29:04.894+0000] {virtualenv.py:181} INFO - Process 4135 running: True and has the lock /tmp/cosmos_venv_ecom_intermediate/cosmos_virtualenv.lock.
[2025-09-13T09:29:04.895+0000] {virtualenv.py:122} INFO - Waiting for virtualenv lock to be released
[2025-09-13T09:29:05.896+0000] {virtualenv.py:178} INFO - Checking for running process with PID 4135
[2025-09-13T09:29:05.898+0000] {virtualenv.py:181} INFO - Process 4135 running: True and has the lock /tmp/cosmos_venv_ecom_intermediate/cosmos_virtualenv.lock.
[2025-09-13T09:29:05.898+0000] {virtualenv.py:122} INFO - Waiting for virtualenv lock to be released
[2025-09-13T09:29:06.900+0000] {virtualenv.py:178} INFO - Checking for running process with PID 4135
[2025-09-13T09:29:06.901+0000] {virtualenv.py:181} INFO - Process 4135 running: True and has the lock /tmp/cosmos_venv_ecom_intermediate/cosmos_virtualenv.lock.
[2025-09-13T09:29:06.901+0000] {virtualenv.py:122} INFO - Waiting for virtualenv lock to be released
[2025-09-13T09:29:07.903+0000] {virtualenv.py:178} INFO - Checking for running process with PID 4135
[2025-09-13T09:29:07.904+0000] {virtualenv.py:181} INFO - Process 4135 running: True and has the lock /tmp/cosmos_venv_ecom_intermediate/cosmos_virtualenv.lock.
[2025-09-13T09:29:07.904+0000] {virtualenv.py:122} INFO - Waiting for virtualenv lock to be released
[2025-09-13T09:29:08.906+0000] {virtualenv.py:178} INFO - Checking for running process with PID 4135
[2025-09-13T09:29:08.907+0000] {virtualenv.py:181} INFO - Process 4135 running: True and has the lock /tmp/cosmos_venv_ecom_intermediate/cosmos_virtualenv.lock.
[2025-09-13T09:29:08.908+0000] {virtualenv.py:122} INFO - Waiting for virtualenv lock to be released
[2025-09-13T09:29:09.910+0000] {virtualenv.py:178} INFO - Checking for running process with PID 4135
[2025-09-13T09:29:09.911+0000] {virtualenv.py:181} INFO - Process 4135 running: True and has the lock /tmp/cosmos_venv_ecom_intermediate/cosmos_virtualenv.lock.
[2025-09-13T09:29:09.912+0000] {virtualenv.py:122} INFO - Waiting for virtualenv lock to be released
[2025-09-13T09:29:10.914+0000] {virtualenv.py:178} INFO - Checking for running process with PID 4135
[2025-09-13T09:29:10.914+0000] {virtualenv.py:181} INFO - Process 4135 running: True and has the lock /tmp/cosmos_venv_ecom_intermediate/cosmos_virtualenv.lock.
[2025-09-13T09:29:10.915+0000] {virtualenv.py:122} INFO - Waiting for virtualenv lock to be released
[2025-09-13T09:29:11.917+0000] {virtualenv.py:178} INFO - Checking for running process with PID 4135
[2025-09-13T09:29:11.918+0000] {virtualenv.py:181} INFO - Process 4135 running: True and has the lock /tmp/cosmos_venv_ecom_intermediate/cosmos_virtualenv.lock.
[2025-09-13T09:29:11.918+0000] {virtualenv.py:122} INFO - Waiting for virtualenv lock to be released
[2025-09-13T09:29:12.919+0000] {virtualenv.py:178} INFO - Checking for running process with PID 4135
[2025-09-13T09:29:12.921+0000] {virtualenv.py:181} INFO - Process 4135 running: True and has the lock /tmp/cosmos_venv_ecom_intermediate/cosmos_virtualenv.lock.
[2025-09-13T09:29:12.921+0000] {virtualenv.py:122} INFO - Waiting for virtualenv lock to be released
[2025-09-13T09:29:13.923+0000] {virtualenv.py:178} INFO - Checking for running process with PID 4135
[2025-09-13T09:29:13.924+0000] {virtualenv.py:181} INFO - Process 4135 running: True and has the lock /tmp/cosmos_venv_ecom_intermediate/cosmos_virtualenv.lock.
[2025-09-13T09:29:13.925+0000] {virtualenv.py:122} INFO - Waiting for virtualenv lock to be released
[2025-09-13T09:29:14.927+0000] {virtualenv.py:178} INFO - Checking for running process with PID 4135
[2025-09-13T09:29:14.928+0000] {virtualenv.py:181} INFO - Process 4135 running: True and has the lock /tmp/cosmos_venv_ecom_intermediate/cosmos_virtualenv.lock.
[2025-09-13T09:29:14.928+0000] {virtualenv.py:122} INFO - Waiting for virtualenv lock to be released
[2025-09-13T09:29:15.930+0000] {virtualenv.py:178} INFO - Checking for running process with PID 4135
[2025-09-13T09:29:15.934+0000] {virtualenv.py:181} INFO - Process 4135 running: True and has the lock /tmp/cosmos_venv_ecom_intermediate/cosmos_virtualenv.lock.
[2025-09-13T09:29:15.935+0000] {virtualenv.py:122} INFO - Waiting for virtualenv lock to be released
[2025-09-13T09:29:16.936+0000] {virtualenv.py:178} INFO - Checking for running process with PID 4135
[2025-09-13T09:29:16.937+0000] {virtualenv.py:181} INFO - Process 4135 running: True and has the lock /tmp/cosmos_venv_ecom_intermediate/cosmos_virtualenv.lock.
[2025-09-13T09:29:16.938+0000] {virtualenv.py:122} INFO - Waiting for virtualenv lock to be released
[2025-09-13T09:29:17.939+0000] {virtualenv.py:178} INFO - Checking for running process with PID 4135
[2025-09-13T09:29:17.940+0000] {virtualenv.py:181} INFO - Process 4135 running: True and has the lock /tmp/cosmos_venv_ecom_intermediate/cosmos_virtualenv.lock.
[2025-09-13T09:29:17.941+0000] {virtualenv.py:122} INFO - Waiting for virtualenv lock to be released
[2025-09-13T09:29:18.943+0000] {virtualenv.py:178} INFO - Checking for running process with PID 4138
[2025-09-13T09:29:18.943+0000] {virtualenv.py:181} INFO - Process 4138 running: True and has the lock /tmp/cosmos_venv_ecom_intermediate/cosmos_virtualenv.lock.
[2025-09-13T09:29:18.944+0000] {virtualenv.py:122} INFO - Waiting for virtualenv lock to be released
[2025-09-13T09:29:19.946+0000] {virtualenv.py:178} INFO - Checking for running process with PID 4138
[2025-09-13T09:29:19.947+0000] {virtualenv.py:181} INFO - Process 4138 running: True and has the lock /tmp/cosmos_venv_ecom_intermediate/cosmos_virtualenv.lock.
[2025-09-13T09:29:19.948+0000] {virtualenv.py:122} INFO - Waiting for virtualenv lock to be released
[2025-09-13T09:29:20.949+0000] {virtualenv.py:178} INFO - Checking for running process with PID 4138
[2025-09-13T09:29:20.950+0000] {virtualenv.py:181} INFO - Process 4138 running: True and has the lock /tmp/cosmos_venv_ecom_intermediate/cosmos_virtualenv.lock.
[2025-09-13T09:29:20.951+0000] {virtualenv.py:122} INFO - Waiting for virtualenv lock to be released
[2025-09-13T09:29:21.953+0000] {virtualenv.py:178} INFO - Checking for running process with PID 4138
[2025-09-13T09:29:21.954+0000] {virtualenv.py:181} INFO - Process 4138 running: True and has the lock /tmp/cosmos_venv_ecom_intermediate/cosmos_virtualenv.lock.
[2025-09-13T09:29:21.954+0000] {virtualenv.py:122} INFO - Waiting for virtualenv lock to be released
[2025-09-13T09:29:22.956+0000] {virtualenv.py:178} INFO - Checking for running process with PID 4138
[2025-09-13T09:29:22.956+0000] {virtualenv.py:181} INFO - Process 4138 running: True and has the lock /tmp/cosmos_venv_ecom_intermediate/cosmos_virtualenv.lock.
[2025-09-13T09:29:22.957+0000] {virtualenv.py:122} INFO - Waiting for virtualenv lock to be released
[2025-09-13T09:29:23.958+0000] {virtualenv.py:178} INFO - Checking for running process with PID 4138
[2025-09-13T09:29:23.960+0000] {virtualenv.py:181} INFO - Process 4138 running: True and has the lock /tmp/cosmos_venv_ecom_intermediate/cosmos_virtualenv.lock.
[2025-09-13T09:29:23.960+0000] {virtualenv.py:122} INFO - Waiting for virtualenv lock to be released
[2025-09-13T09:29:24.961+0000] {virtualenv.py:178} INFO - Checking for running process with PID 4138
[2025-09-13T09:29:24.962+0000] {virtualenv.py:181} INFO - Process 4138 running: True and has the lock /tmp/cosmos_venv_ecom_intermediate/cosmos_virtualenv.lock.
[2025-09-13T09:29:24.962+0000] {virtualenv.py:122} INFO - Waiting for virtualenv lock to be released
[2025-09-13T09:29:25.963+0000] {virtualenv.py:178} INFO - Checking for running process with PID 4138
[2025-09-13T09:29:25.963+0000] {virtualenv.py:181} INFO - Process 4138 running: True and has the lock /tmp/cosmos_venv_ecom_intermediate/cosmos_virtualenv.lock.
[2025-09-13T09:29:25.964+0000] {virtualenv.py:122} INFO - Waiting for virtualenv lock to be released
[2025-09-13T09:29:26.966+0000] {virtualenv.py:178} INFO - Checking for running process with PID 4138
[2025-09-13T09:29:26.966+0000] {virtualenv.py:181} INFO - Process 4138 running: True and has the lock /tmp/cosmos_venv_ecom_intermediate/cosmos_virtualenv.lock.
[2025-09-13T09:29:26.967+0000] {virtualenv.py:122} INFO - Waiting for virtualenv lock to be released
[2025-09-13T09:29:27.969+0000] {virtualenv.py:178} INFO - Checking for running process with PID 4138
[2025-09-13T09:29:27.969+0000] {virtualenv.py:181} INFO - Process 4138 running: True and has the lock /tmp/cosmos_venv_ecom_intermediate/cosmos_virtualenv.lock.
[2025-09-13T09:29:27.969+0000] {virtualenv.py:122} INFO - Waiting for virtualenv lock to be released
[2025-09-13T09:29:28.971+0000] {virtualenv.py:178} INFO - Checking for running process with PID 4138
[2025-09-13T09:29:28.972+0000] {virtualenv.py:181} INFO - Process 4138 running: True and has the lock /tmp/cosmos_venv_ecom_intermediate/cosmos_virtualenv.lock.
[2025-09-13T09:29:28.972+0000] {virtualenv.py:122} INFO - Waiting for virtualenv lock to be released
[2025-09-13T09:29:29.974+0000] {virtualenv.py:178} INFO - Checking for running process with PID 4138
[2025-09-13T09:29:29.974+0000] {virtualenv.py:181} INFO - Process 4138 running: True and has the lock /tmp/cosmos_venv_ecom_intermediate/cosmos_virtualenv.lock.
[2025-09-13T09:29:29.975+0000] {virtualenv.py:122} INFO - Waiting for virtualenv lock to be released
[2025-09-13T09:29:30.976+0000] {virtualenv.py:178} INFO - Checking for running process with PID 4138
[2025-09-13T09:29:30.977+0000] {virtualenv.py:181} INFO - Process 4138 running: True and has the lock /tmp/cosmos_venv_ecom_intermediate/cosmos_virtualenv.lock.
[2025-09-13T09:29:30.978+0000] {virtualenv.py:122} INFO - Waiting for virtualenv lock to be released
[2025-09-13T09:29:31.979+0000] {virtualenv.py:178} INFO - Checking for running process with PID 4138
[2025-09-13T09:29:31.980+0000] {virtualenv.py:181} INFO - Process 4138 running: True and has the lock /tmp/cosmos_venv_ecom_intermediate/cosmos_virtualenv.lock.
[2025-09-13T09:29:31.981+0000] {virtualenv.py:122} INFO - Waiting for virtualenv lock to be released
[2025-09-13T09:29:32.982+0000] {virtualenv.py:178} INFO - Checking for running process with PID 4138
[2025-09-13T09:29:32.984+0000] {virtualenv.py:181} INFO - Process 4138 running: True and has the lock /tmp/cosmos_venv_ecom_intermediate/cosmos_virtualenv.lock.
[2025-09-13T09:29:32.985+0000] {virtualenv.py:122} INFO - Waiting for virtualenv lock to be released
[2025-09-13T09:29:33.987+0000] {virtualenv.py:178} INFO - Checking for running process with PID 4138
[2025-09-13T09:29:33.988+0000] {virtualenv.py:181} INFO - Process 4138 running: True and has the lock /tmp/cosmos_venv_ecom_intermediate/cosmos_virtualenv.lock.
[2025-09-13T09:29:33.988+0000] {virtualenv.py:122} INFO - Waiting for virtualenv lock to be released
[2025-09-13T09:29:34.989+0000] {virtualenv.py:126} INFO - Acquiring the virtualenv lock
[2025-09-13T09:29:34.990+0000] {virtualenv.py:195} INFO - Acquiring lock at /tmp/cosmos_venv_ecom_intermediate/cosmos_virtualenv.lock with pid 4149
[2025-09-13T09:29:34.991+0000] {virtualenv.py:153} INFO - Creating or updating the virtualenv at `/tmp/cosmos_venv_ecom_intermediate
[2025-09-13T09:29:34.992+0000] {process_utils.py:183} INFO - Executing cmd: /home/***/.local/bin/python -m virtualenv /tmp/cosmos_venv_ecom_intermediate --python=python3
[2025-09-13T09:29:34.994+0000] {process_utils.py:187} INFO - Output:
[2025-09-13T09:29:36.579+0000] {process_utils.py:191} INFO - created virtual environment CPython3.10.14.final.0-64 in 589ms
[2025-09-13T09:29:36.580+0000] {process_utils.py:191} INFO -   creator CPython3Posix(dest=/tmp/cosmos_venv_ecom_intermediate, clear=False, no_vcs_ignore=False, global=False)
[2025-09-13T09:29:36.580+0000] {process_utils.py:191} INFO -   seeder FromAppData(download=False, pip=bundle, setuptools=bundle, wheel=bundle, via=copy, app_data_dir=/home/***/.local/share/virtualenv)
[2025-09-13T09:29:36.582+0000] {process_utils.py:191} INFO -     added seed packages: MarkupSafe==3.0.2, PyYAML==6.0.2, agate==1.9.1, annotated_types==0.7.0, attrs==25.3.0, babel==2.17.0, certifi==2025.8.3, charset_normalizer==3.4.3, click==8.2.1, clickhouse_connect==0.8.18, clickhouse_driver==0.2.9, colorama==0.4.6, daff==1.4.2, dbt_adapters==1.16.7, dbt_clickhouse==1.9.3, dbt_common==1.30.0, dbt_core==1.10.11, dbt_extractor==0.6.0, dbt_protos==1.0.375, dbt_semantic_interfaces==0.9.0, deepdiff==8.6.1, idna==3.10, importlib_metadata==8.7.0, isodate==0.6.1, jinja2==3.1.6, jsonschema==4.25.1, jsonschema_specifications==2025.9.1, leather==0.4.0, lz4==4.4.4, mashumaro==3.14, more_itertools==10.8.0, msgpack==1.1.1, networkx==3.4.2, orderly_set==5.5.0, packaging==25.0, parsedatetime==2.6, pathspec==0.12.1, pip==25.2, protobuf==6.32.1, pydantic==2.11.8, pydantic_core==2.33.2, python_dateutil==2.9.0.post0, python_slugify==8.0.4, pytimeparse==1.1.8, pytz==2025.2, referencing==0.36.2, requests==2.32.5, rpds_py==0.27.1, setuptools==80.9.0, six==1.17.0, snowplow_tracker==1.1.0, sqlparse==0.5.3, text_unidecode==1.3, typing_extensions==4.15.0, typing_inspection==0.4.1, tzlocal==5.3.1, urllib3==2.5.0, wheel==0.45.1, zipp==3.23.0, zstandard==0.24.0
[2025-09-13T09:29:36.583+0000] {process_utils.py:191} INFO -   activators BashActivator,CShellActivator,FishActivator,NushellActivator,PowerShellActivator,PythonActivator
[2025-09-13T09:29:36.694+0000] {process_utils.py:183} INFO - Executing cmd: /tmp/cosmos_venv_ecom_intermediate/bin/pip install dbt-clickhouse
[2025-09-13T09:29:36.695+0000] {process_utils.py:187} INFO - Output:
[2025-09-13T09:29:38.094+0000] {process_utils.py:191} INFO - Requirement already satisfied: dbt-clickhouse in /tmp/cosmos_venv_ecom_intermediate/lib/python3.10/site-packages (1.9.3)
[2025-09-13T09:29:38.097+0000] {process_utils.py:191} INFO - Requirement already satisfied: dbt-core>=1.9 in /tmp/cosmos_venv_ecom_intermediate/lib/python3.10/site-packages (from dbt-clickhouse) (1.10.11)
[2025-09-13T09:29:38.098+0000] {process_utils.py:191} INFO - Requirement already satisfied: clickhouse-connect>=0.6.22 in /tmp/cosmos_venv_ecom_intermediate/lib/python3.10/site-packages (from dbt-clickhouse) (0.8.18)
[2025-09-13T09:29:38.098+0000] {process_utils.py:191} INFO - Requirement already satisfied: clickhouse-driver>=0.2.6 in /tmp/cosmos_venv_ecom_intermediate/lib/python3.10/site-packages (from dbt-clickhouse) (0.2.9)
[2025-09-13T09:29:38.099+0000] {process_utils.py:191} INFO - Requirement already satisfied: setuptools>=0.69 in /tmp/cosmos_venv_ecom_intermediate/lib/python3.10/site-packages (from dbt-clickhouse) (80.9.0)
[2025-09-13T09:29:38.101+0000] {process_utils.py:191} INFO - Requirement already satisfied: certifi in /tmp/cosmos_venv_ecom_intermediate/lib/python3.10/site-packages (from clickhouse-connect>=0.6.22->dbt-clickhouse) (2025.8.3)
[2025-09-13T09:29:38.102+0000] {process_utils.py:191} INFO - Requirement already satisfied: urllib3>=1.26 in /tmp/cosmos_venv_ecom_intermediate/lib/python3.10/site-packages (from clickhouse-connect>=0.6.22->dbt-clickhouse) (2.5.0)
[2025-09-13T09:29:38.102+0000] {process_utils.py:191} INFO - Requirement already satisfied: pytz in /tmp/cosmos_venv_ecom_intermediate/lib/python3.10/site-packages (from clickhouse-connect>=0.6.22->dbt-clickhouse) (2025.2)
[2025-09-13T09:29:38.103+0000] {process_utils.py:191} INFO - Requirement already satisfied: zstandard in /tmp/cosmos_venv_ecom_intermediate/lib/python3.10/site-packages (from clickhouse-connect>=0.6.22->dbt-clickhouse) (0.24.0)
[2025-09-13T09:29:38.104+0000] {process_utils.py:191} INFO - Requirement already satisfied: lz4 in /tmp/cosmos_venv_ecom_intermediate/lib/python3.10/site-packages (from clickhouse-connect>=0.6.22->dbt-clickhouse) (4.4.4)
[2025-09-13T09:29:38.107+0000] {process_utils.py:191} INFO - Requirement already satisfied: tzlocal in /tmp/cosmos_venv_ecom_intermediate/lib/python3.10/site-packages (from clickhouse-driver>=0.2.6->dbt-clickhouse) (5.3.1)
[2025-09-13T09:29:38.110+0000] {process_utils.py:191} INFO - Requirement already satisfied: agate<1.10,>=1.7.0 in /tmp/cosmos_venv_ecom_intermediate/lib/python3.10/site-packages (from dbt-core>=1.9->dbt-clickhouse) (1.9.1)
[2025-09-13T09:29:38.111+0000] {process_utils.py:191} INFO - Requirement already satisfied: Jinja2<4,>=3.1.3 in /tmp/cosmos_venv_ecom_intermediate/lib/python3.10/site-packages (from dbt-core>=1.9->dbt-clickhouse) (3.1.6)
[2025-09-13T09:29:38.112+0000] {process_utils.py:191} INFO - Requirement already satisfied: mashumaro<3.15,>=3.9 in /tmp/cosmos_venv_ecom_intermediate/lib/python3.10/site-packages (from mashumaro[msgpack]<3.15,>=3.9->dbt-core>=1.9->dbt-clickhouse) (3.14)
[2025-09-13T09:29:38.113+0000] {process_utils.py:191} INFO - Requirement already satisfied: click<9.0,>=8.0.2 in /tmp/cosmos_venv_ecom_intermediate/lib/python3.10/site-packages (from dbt-core>=1.9->dbt-clickhouse) (8.2.1)
[2025-09-13T09:29:38.113+0000] {process_utils.py:191} INFO - Requirement already satisfied: jsonschema<5.0,>=4.19.1 in /tmp/cosmos_venv_ecom_intermediate/lib/python3.10/site-packages (from dbt-core>=1.9->dbt-clickhouse) (4.25.1)
[2025-09-13T09:29:38.114+0000] {process_utils.py:191} INFO - Requirement already satisfied: networkx<4.0,>=2.3 in /tmp/cosmos_venv_ecom_intermediate/lib/python3.10/site-packages (from dbt-core>=1.9->dbt-clickhouse) (3.4.2)
[2025-09-13T09:29:38.114+0000] {process_utils.py:191} INFO - Requirement already satisfied: protobuf<7.0,>=6.0 in /tmp/cosmos_venv_ecom_intermediate/lib/python3.10/site-packages (from dbt-core>=1.9->dbt-clickhouse) (6.32.1)
[2025-09-13T09:29:38.115+0000] {process_utils.py:191} INFO - Requirement already satisfied: requests<3.0.0 in /tmp/cosmos_venv_ecom_intermediate/lib/python3.10/site-packages (from dbt-core>=1.9->dbt-clickhouse) (2.32.5)
[2025-09-13T09:29:38.115+0000] {process_utils.py:191} INFO - Requirement already satisfied: snowplow-tracker<2.0,>=1.0.2 in /tmp/cosmos_venv_ecom_intermediate/lib/python3.10/site-packages (from dbt-core>=1.9->dbt-clickhouse) (1.1.0)
[2025-09-13T09:29:38.116+0000] {process_utils.py:191} INFO - Requirement already satisfied: pathspec<0.13,>=0.9 in /tmp/cosmos_venv_ecom_intermediate/lib/python3.10/site-packages (from dbt-core>=1.9->dbt-clickhouse) (0.12.1)
[2025-09-13T09:29:38.118+0000] {process_utils.py:191} INFO - Requirement already satisfied: sqlparse<0.6.0,>=0.5.0 in /tmp/cosmos_venv_ecom_intermediate/lib/python3.10/site-packages (from dbt-core>=1.9->dbt-clickhouse) (0.5.3)
[2025-09-13T09:29:38.119+0000] {process_utils.py:191} INFO - Requirement already satisfied: dbt-extractor<=0.6,>=0.5.0 in /tmp/cosmos_venv_ecom_intermediate/lib/python3.10/site-packages (from dbt-core>=1.9->dbt-clickhouse) (0.6.0)
[2025-09-13T09:29:38.120+0000] {process_utils.py:191} INFO - Requirement already satisfied: dbt-semantic-interfaces<0.10,>=0.9.0 in /tmp/cosmos_venv_ecom_intermediate/lib/python3.10/site-packages (from dbt-core>=1.9->dbt-clickhouse) (0.9.0)
[2025-09-13T09:29:38.121+0000] {process_utils.py:191} INFO - Requirement already satisfied: dbt-common<2.0,>=1.27.0 in /tmp/cosmos_venv_ecom_intermediate/lib/python3.10/site-packages (from dbt-core>=1.9->dbt-clickhouse) (1.30.0)
[2025-09-13T09:29:38.122+0000] {process_utils.py:191} INFO - Requirement already satisfied: dbt-adapters<2.0,>=1.15.5 in /tmp/cosmos_venv_ecom_intermediate/lib/python3.10/site-packages (from dbt-core>=1.9->dbt-clickhouse) (1.16.7)
[2025-09-13T09:29:38.122+0000] {process_utils.py:191} INFO - Requirement already satisfied: dbt-protos<2.0,>=1.0.346 in /tmp/cosmos_venv_ecom_intermediate/lib/python3.10/site-packages (from dbt-core>=1.9->dbt-clickhouse) (1.0.375)
[2025-09-13T09:29:38.123+0000] {process_utils.py:191} INFO - Requirement already satisfied: pydantic<3 in /tmp/cosmos_venv_ecom_intermediate/lib/python3.10/site-packages (from dbt-core>=1.9->dbt-clickhouse) (2.11.8)
[2025-09-13T09:29:38.124+0000] {process_utils.py:191} INFO - Requirement already satisfied: packaging>20.9 in /tmp/cosmos_venv_ecom_intermediate/lib/python3.10/site-packages (from dbt-core>=1.9->dbt-clickhouse) (25.0)
[2025-09-13T09:29:38.126+0000] {process_utils.py:191} INFO - Requirement already satisfied: pyyaml>=6.0 in /tmp/cosmos_venv_ecom_intermediate/lib/python3.10/site-packages (from dbt-core>=1.9->dbt-clickhouse) (6.0.2)
[2025-09-13T09:29:38.126+0000] {process_utils.py:191} INFO - Requirement already satisfied: daff>=1.3.46 in /tmp/cosmos_venv_ecom_intermediate/lib/python3.10/site-packages (from dbt-core>=1.9->dbt-clickhouse) (1.4.2)
[2025-09-13T09:29:38.127+0000] {process_utils.py:191} INFO - Requirement already satisfied: typing-extensions>=4.4 in /tmp/cosmos_venv_ecom_intermediate/lib/python3.10/site-packages (from dbt-core>=1.9->dbt-clickhouse) (4.15.0)
[2025-09-13T09:29:38.131+0000] {process_utils.py:191} INFO - Requirement already satisfied: Babel>=2.0 in /tmp/cosmos_venv_ecom_intermediate/lib/python3.10/site-packages (from agate<1.10,>=1.7.0->dbt-core>=1.9->dbt-clickhouse) (2.17.0)
[2025-09-13T09:29:38.132+0000] {process_utils.py:191} INFO - Requirement already satisfied: isodate>=0.5.4 in /tmp/cosmos_venv_ecom_intermediate/lib/python3.10/site-packages (from agate<1.10,>=1.7.0->dbt-core>=1.9->dbt-clickhouse) (0.6.1)
[2025-09-13T09:29:38.132+0000] {process_utils.py:191} INFO - Requirement already satisfied: leather>=0.3.2 in /tmp/cosmos_venv_ecom_intermediate/lib/python3.10/site-packages (from agate<1.10,>=1.7.0->dbt-core>=1.9->dbt-clickhouse) (0.4.0)
[2025-09-13T09:29:38.133+0000] {process_utils.py:191} INFO - Requirement already satisfied: parsedatetime!=2.5,>=2.1 in /tmp/cosmos_venv_ecom_intermediate/lib/python3.10/site-packages (from agate<1.10,>=1.7.0->dbt-core>=1.9->dbt-clickhouse) (2.6)
[2025-09-13T09:29:38.134+0000] {process_utils.py:191} INFO - Requirement already satisfied: python-slugify>=1.2.1 in /tmp/cosmos_venv_ecom_intermediate/lib/python3.10/site-packages (from agate<1.10,>=1.7.0->dbt-core>=1.9->dbt-clickhouse) (8.0.4)
[2025-09-13T09:29:38.134+0000] {process_utils.py:191} INFO - Requirement already satisfied: pytimeparse>=1.1.5 in /tmp/cosmos_venv_ecom_intermediate/lib/python3.10/site-packages (from agate<1.10,>=1.7.0->dbt-core>=1.9->dbt-clickhouse) (1.1.8)
[2025-09-13T09:29:38.147+0000] {process_utils.py:191} INFO - Requirement already satisfied: colorama<0.5,>=0.3.9 in /tmp/cosmos_venv_ecom_intermediate/lib/python3.10/site-packages (from dbt-common<2.0,>=1.27.0->dbt-core>=1.9->dbt-clickhouse) (0.4.6)
[2025-09-13T09:29:38.149+0000] {process_utils.py:191} INFO - Requirement already satisfied: deepdiff<9.0,>=7.0 in /tmp/cosmos_venv_ecom_intermediate/lib/python3.10/site-packages (from dbt-common<2.0,>=1.27.0->dbt-core>=1.9->dbt-clickhouse) (8.6.1)
[2025-09-13T09:29:38.153+0000] {process_utils.py:191} INFO - Requirement already satisfied: python-dateutil<3.0,>=2.0 in /tmp/cosmos_venv_ecom_intermediate/lib/python3.10/site-packages (from dbt-common<2.0,>=1.27.0->dbt-core>=1.9->dbt-clickhouse) (2.9.0.post0)
[2025-09-13T09:29:38.161+0000] {process_utils.py:191} INFO - Requirement already satisfied: importlib-metadata<9,>=6.0 in /tmp/cosmos_venv_ecom_intermediate/lib/python3.10/site-packages (from dbt-semantic-interfaces<0.10,>=0.9.0->dbt-core>=1.9->dbt-clickhouse) (8.7.0)
[2025-09-13T09:29:38.162+0000] {process_utils.py:191} INFO - Requirement already satisfied: more-itertools<11.0,>=8.0 in /tmp/cosmos_venv_ecom_intermediate/lib/python3.10/site-packages (from dbt-semantic-interfaces<0.10,>=0.9.0->dbt-core>=1.9->dbt-clickhouse) (10.8.0)
[2025-09-13T09:29:38.174+0000] {process_utils.py:191} INFO - Requirement already satisfied: orderly-set<6,>=5.4.1 in /tmp/cosmos_venv_ecom_intermediate/lib/python3.10/site-packages (from deepdiff<9.0,>=7.0->dbt-common<2.0,>=1.27.0->dbt-core>=1.9->dbt-clickhouse) (5.5.0)
[2025-09-13T09:29:38.180+0000] {process_utils.py:191} INFO - Requirement already satisfied: zipp>=3.20 in /tmp/cosmos_venv_ecom_intermediate/lib/python3.10/site-packages (from importlib-metadata<9,>=6.0->dbt-semantic-interfaces<0.10,>=0.9.0->dbt-core>=1.9->dbt-clickhouse) (3.23.0)
[2025-09-13T09:29:38.182+0000] {process_utils.py:191} INFO - Requirement already satisfied: six in /tmp/cosmos_venv_ecom_intermediate/lib/python3.10/site-packages (from isodate>=0.5.4->agate<1.10,>=1.7.0->dbt-core>=1.9->dbt-clickhouse) (1.17.0)
[2025-09-13T09:29:38.184+0000] {process_utils.py:191} INFO - Requirement already satisfied: MarkupSafe>=2.0 in /tmp/cosmos_venv_ecom_intermediate/lib/python3.10/site-packages (from Jinja2<4,>=3.1.3->dbt-core>=1.9->dbt-clickhouse) (3.0.2)
[2025-09-13T09:29:38.188+0000] {process_utils.py:191} INFO - Requirement already satisfied: attrs>=22.2.0 in /tmp/cosmos_venv_ecom_intermediate/lib/python3.10/site-packages (from jsonschema<5.0,>=4.19.1->dbt-core>=1.9->dbt-clickhouse) (25.3.0)
[2025-09-13T09:29:38.189+0000] {process_utils.py:191} INFO - Requirement already satisfied: jsonschema-specifications>=2023.03.6 in /tmp/cosmos_venv_ecom_intermediate/lib/python3.10/site-packages (from jsonschema<5.0,>=4.19.1->dbt-core>=1.9->dbt-clickhouse) (2025.9.1)
[2025-09-13T09:29:38.190+0000] {process_utils.py:191} INFO - Requirement already satisfied: referencing>=0.28.4 in /tmp/cosmos_venv_ecom_intermediate/lib/python3.10/site-packages (from jsonschema<5.0,>=4.19.1->dbt-core>=1.9->dbt-clickhouse) (0.36.2)
[2025-09-13T09:29:38.190+0000] {process_utils.py:191} INFO - Requirement already satisfied: rpds-py>=0.7.1 in /tmp/cosmos_venv_ecom_intermediate/lib/python3.10/site-packages (from jsonschema<5.0,>=4.19.1->dbt-core>=1.9->dbt-clickhouse) (0.27.1)
[2025-09-13T09:29:38.200+0000] {process_utils.py:191} INFO - Requirement already satisfied: msgpack>=0.5.6 in /tmp/cosmos_venv_ecom_intermediate/lib/python3.10/site-packages (from mashumaro[msgpack]<3.15,>=3.9->dbt-core>=1.9->dbt-clickhouse) (1.1.1)
[2025-09-13T09:29:38.220+0000] {process_utils.py:191} INFO - Requirement already satisfied: annotated-types>=0.6.0 in /tmp/cosmos_venv_ecom_intermediate/lib/python3.10/site-packages (from pydantic<3->dbt-core>=1.9->dbt-clickhouse) (0.7.0)
[2025-09-13T09:29:38.221+0000] {process_utils.py:191} INFO - Requirement already satisfied: pydantic-core==2.33.2 in /tmp/cosmos_venv_ecom_intermediate/lib/python3.10/site-packages (from pydantic<3->dbt-core>=1.9->dbt-clickhouse) (2.33.2)
[2025-09-13T09:29:38.223+0000] {process_utils.py:191} INFO - Requirement already satisfied: typing-inspection>=0.4.0 in /tmp/cosmos_venv_ecom_intermediate/lib/python3.10/site-packages (from pydantic<3->dbt-core>=1.9->dbt-clickhouse) (0.4.1)
[2025-09-13T09:29:38.232+0000] {process_utils.py:191} INFO - Requirement already satisfied: charset_normalizer<4,>=2 in /tmp/cosmos_venv_ecom_intermediate/lib/python3.10/site-packages (from requests<3.0.0->dbt-core>=1.9->dbt-clickhouse) (3.4.3)
[2025-09-13T09:29:38.233+0000] {process_utils.py:191} INFO - Requirement already satisfied: idna<4,>=2.5 in /tmp/cosmos_venv_ecom_intermediate/lib/python3.10/site-packages (from requests<3.0.0->dbt-core>=1.9->dbt-clickhouse) (3.10)
[2025-09-13T09:29:38.288+0000] {process_utils.py:191} INFO - Requirement already satisfied: text-unidecode>=1.3 in /tmp/cosmos_venv_ecom_intermediate/lib/python3.10/site-packages (from python-slugify>=1.2.1->agate<1.10,>=1.7.0->dbt-core>=1.9->dbt-clickhouse) (1.3)
[2025-09-13T09:29:38.437+0000] {local.py:470} INFO - Cloning project to writable temp directory /tmp/tmp03begv8l from /opt/airflow/dags/dbt/ecom_intermediate
[2025-09-13T09:29:38.450+0000] {local.py:490} INFO - Partial parse is enabled and the latest partial parse file is /tmp/cosmos/dbt_intermediate__intermediate/target/partial_parse.msgpack
[2025-09-13T09:29:38.460+0000] {config.py:362} INFO - Using user-supplied profiles.yml at /opt/airflow/dags/dbt/profiles.yml
[2025-09-13T09:29:38.469+0000] {virtualenv.py:99} INFO - Using Python binary from virtualenv: /tmp/cosmos_venv_ecom_intermediate/bin/python
[2025-09-13T09:29:38.470+0000] {local.py:434} INFO - Trying to run the command:
 ['/tmp/cosmos_venv_ecom_intermediate/bin/dbt', 'deps', '--project-dir', '/tmp/tmp03begv8l', '--profiles-dir', '/opt/***/dags/dbt', '--profile', 'ecom_intermediate', '--target', 'dev']
From /tmp/tmp03begv8l
[2025-09-13T09:29:38.470+0000] {subprocess.py:56} INFO - Tmp dir root location: 
 /tmp
[2025-09-13T09:29:38.471+0000] {subprocess.py:69} INFO - Running command: ['/tmp/cosmos_venv_ecom_intermediate/bin/dbt', 'deps', '--project-dir', '/tmp/tmp03begv8l', '--profiles-dir', '/opt/***/dags/dbt', '--profile', 'ecom_intermediate', '--target', 'dev']
[2025-09-13T09:29:38.482+0000] {subprocess.py:80} INFO - Command output:
[2025-09-13T09:29:40.730+0000] {subprocess.py:90} INFO - [0m09:29:40  Running with dbt=1.10.11
[2025-09-13T09:29:41.364+0000] {subprocess.py:90} INFO - [0m09:29:41  Installing dbt-labs/dbt_utils
[2025-09-13T09:29:41.927+0000] {subprocess.py:90} INFO - [0m09:29:41  Installed from version 1.3.0
[2025-09-13T09:29:41.928+0000] {subprocess.py:90} INFO - [0m09:29:41  Updated version available: 1.3.1
[2025-09-13T09:29:41.930+0000] {subprocess.py:90} INFO - [0m09:29:41
[2025-09-13T09:29:41.930+0000] {subprocess.py:90} INFO - [0m09:29:41  Updates available for packages: ['dbt-labs/dbt_utils']
[2025-09-13T09:29:41.931+0000] {subprocess.py:90} INFO - Update your versions in packages.yml, then run dbt deps
[2025-09-13T09:29:43.652+0000] {subprocess.py:94} INFO - Command exited with return code 0
[2025-09-13T09:29:43.653+0000] {local.py:441} INFO - Update your versions in packages.yml, then run dbt deps
[2025-09-13T09:29:43.653+0000] {virtualenv.py:99} INFO - Using Python binary from virtualenv: /tmp/cosmos_venv_ecom_intermediate/bin/python
[2025-09-13T09:29:43.654+0000] {local.py:434} INFO - Trying to run the command:
 ['/tmp/cosmos_venv_ecom_intermediate/bin/dbt', 'run', '--models', 'payment_methods', '--project-dir', '/tmp/tmp03begv8l', '--profiles-dir', '/opt/***/dags/dbt', '--profile', 'ecom_intermediate', '--target', 'dev']
From /tmp/tmp03begv8l
[2025-09-13T09:29:43.655+0000] {subprocess.py:56} INFO - Tmp dir root location: 
 /tmp
[2025-09-13T09:29:43.655+0000] {subprocess.py:69} INFO - Running command: ['/tmp/cosmos_venv_ecom_intermediate/bin/dbt', 'run', '--models', 'payment_methods', '--project-dir', '/tmp/tmp03begv8l', '--profiles-dir', '/opt/***/dags/dbt', '--profile', 'ecom_intermediate', '--target', 'dev']
[2025-09-13T09:29:43.664+0000] {subprocess.py:80} INFO - Command output:
[2025-09-13T09:29:45.832+0000] {subprocess.py:90} INFO - [0m09:29:45  Running with dbt=1.10.11
[2025-09-13T09:29:45.836+0000] {subprocess.py:90} INFO - [0m09:29:45  [[33mWARNING[0m]: Deprecated functionality
[2025-09-13T09:29:45.837+0000] {subprocess.py:90} INFO - Usage of `--models`, `--model`, and `-m` is deprecated in favor of `--select` or
[2025-09-13T09:29:45.837+0000] {subprocess.py:90} INFO - `-s`.
[2025-09-13T09:29:46.202+0000] {subprocess.py:90} INFO - [0m09:29:46  Registered adapter: clickhouse=1.9.3
[2025-09-13T09:29:47.190+0000] {subprocess.py:90} INFO - [0m09:29:47  Found 15 models, 50 data tests, 8 sources, 597 macros
[2025-09-13T09:29:47.193+0000] {subprocess.py:90} INFO - [0m09:29:47
[2025-09-13T09:29:47.194+0000] {subprocess.py:90} INFO - [0m09:29:47  Concurrency: 4 threads (target='dev')
[2025-09-13T09:29:47.195+0000] {subprocess.py:90} INFO - [0m09:29:47
[2025-09-13T09:29:47.345+0000] {subprocess.py:90} INFO - [0m09:29:47  1 of 1 START sql table model `ecom_db_intermediate`.`payment_methods` .......... [RUN]
[2025-09-13T09:29:47.533+0000] {subprocess.py:90} INFO - [0m09:29:47  1 of 1 OK created sql table model `ecom_db_intermediate`.`payment_methods` ..... [[32mOK[0m in 0.19s]
[2025-09-13T09:29:47.537+0000] {subprocess.py:90} INFO - [0m09:29:47
[2025-09-13T09:29:47.542+0000] {subprocess.py:90} INFO - [0m09:29:47  Finished running 1 table model in 0 hours 0 minutes and 0.34 seconds (0.34s).
[2025-09-13T09:29:47.593+0000] {subprocess.py:90} INFO - [0m09:29:47
[2025-09-13T09:29:47.594+0000] {subprocess.py:90} INFO - [0m09:29:47  [32mCompleted successfully[0m
[2025-09-13T09:29:47.595+0000] {subprocess.py:90} INFO - [0m09:29:47
[2025-09-13T09:29:47.595+0000] {subprocess.py:90} INFO - [0m09:29:47  Done. PASS=1 WARN=0 ERROR=0 SKIP=0 NO-OP=0 TOTAL=1
[2025-09-13T09:29:47.596+0000] {subprocess.py:90} INFO - [0m09:29:47  [[33mWARNING[0m][DeprecationsSummary]: Deprecated functionality
[2025-09-13T09:29:47.597+0000] {subprocess.py:90} INFO - Summary of encountered deprecations:
[2025-09-13T09:29:47.597+0000] {subprocess.py:90} INFO - - ModelParamUsageDeprecation: 1 occurrence
[2025-09-13T09:29:47.598+0000] {subprocess.py:90} INFO - To see all deprecation instances instead of just the first occurrence of each,
[2025-09-13T09:29:47.599+0000] {subprocess.py:90} INFO - run command again with the `--show-all-deprecations` flag. You may also need to
[2025-09-13T09:29:47.599+0000] {subprocess.py:90} INFO - run with `--no-partial-parse` as some deprecations are only encountered during
[2025-09-13T09:29:47.600+0000] {subprocess.py:90} INFO - parsing.
[2025-09-13T09:29:49.466+0000] {subprocess.py:94} INFO - Command exited with return code 0
[2025-09-13T09:29:49.467+0000] {local.py:441} INFO - parsing.
[2025-09-13T09:29:49.484+0000] {local.py:196} WARNING - Artifact schema version: https://schemas.getdbt.com/dbt/manifest/v12.json is above dbt-ol supported version 7. This might cause errors.
[2025-09-13T09:29:49.485+0000] {local.py:196} WARNING - Artifact schema version: https://schemas.getdbt.com/dbt/run-results/v6.json is above dbt-ol supported version 5. This might cause errors.
[2025-09-13T09:29:49.491+0000] {local.py:547} INFO - Inlets: []
[2025-09-13T09:29:49.492+0000] {local.py:548} INFO - Outlets: []
[2025-09-13T09:29:49.492+0000] {local.py:772} INFO - Assigning inlets/outlets without DatasetAlias
[2025-09-13T09:29:49.493+0000] {dag.py:3089} INFO - Sync 1 DAGs
[2025-09-13T09:29:49.562+0000] {dag.py:3947} INFO - Setting next_dagrun for dbt_intermediate to 2025-09-13 00:00:00+00:00, run_after=2025-09-14 00:00:00+00:00
[2025-09-13T09:29:49.639+0000] {virtualenv.py:131} INFO - Releasing virtualenv lock
[2025-09-13T09:29:49.640+0000] {virtualenv.py:145} INFO - None
[2025-09-13T09:29:49.640+0000] {taskinstance.py:441} INFO - ::group::Post task execution logs
[2025-09-13T09:29:49.686+0000] {taskinstance.py:1206} INFO - Marking task as SUCCESS. dag_id=dbt_intermediate, task_id=intermediate.payment_methods.run, run_id=scheduled__2025-09-12T00:00:00+00:00, execution_date=20250912T000000, start_date=20250913T092844, end_date=20250913T092949
[2025-09-13T09:29:49.733+0000] {local_task_job_runner.py:243} INFO - Task exited with return code 0
[2025-09-13T09:29:49.812+0000] {taskinstance.py:3503} INFO - 1 downstream tasks scheduled from follow-on schedule check
[2025-09-13T09:29:49.814+0000] {local_task_job_runner.py:222} INFO - ::endgroup::
