[2025-09-13T09:34:36.289+0000] {local_task_job_runner.py:120} INFO - ::group::Pre task execution logs
[2025-09-13T09:34:37.298+0000] {taskinstance.py:2076} INFO - Dependencies all met for dep_context=non-requeueable deps ti=<TaskInstance: dbt_staging.dbt_ecom.stg_products_run scheduled__2025-09-12T00:00:00+00:00 [queued]>
[2025-09-13T09:34:37.356+0000] {taskinstance.py:2076} INFO - Dependencies all met for dep_context=requeueable deps ti=<TaskInstance: dbt_staging.dbt_ecom.stg_products_run scheduled__2025-09-12T00:00:00+00:00 [queued]>
[2025-09-13T09:34:37.369+0000] {taskinstance.py:2306} INFO - Starting attempt 1 of 1
[2025-09-13T09:34:37.440+0000] {taskinstance.py:2330} INFO - Executing <Task(DbtRunVirtualenvOperator): dbt_ecom.stg_products_run> on 2025-09-12 00:00:00+00:00
[2025-09-13T09:34:37.456+0000] {standard_task_runner.py:64} INFO - Started process 5339 to run task
[2025-09-13T09:34:37.464+0000] {standard_task_runner.py:90} INFO - Running: ['***', 'tasks', 'run', 'dbt_staging', 'dbt_ecom.stg_products_run', 'scheduled__2025-09-12T00:00:00+00:00', '--job-id', '169', '--raw', '--subdir', 'DAGS_FOLDER/dbt_staging.py', '--cfg-path', '/tmp/tmpzvtr0w16']
[2025-09-13T09:34:37.480+0000] {standard_task_runner.py:91} INFO - Job 169: Subtask dbt_ecom.stg_products_run
[2025-09-13T09:34:38.166+0000] {task_command.py:426} INFO - Running <TaskInstance: dbt_staging.dbt_ecom.stg_products_run scheduled__2025-09-12T00:00:00+00:00 [running]> on host e95bde6b8d07
[2025-09-13T09:34:39.144+0000] {taskinstance.py:2648} INFO - Exporting env vars: AIRFLOW_CTX_DAG_OWNER='***' AIRFLOW_CTX_DAG_ID='dbt_staging' AIRFLOW_CTX_TASK_ID='dbt_ecom.stg_products_run' AIRFLOW_CTX_EXECUTION_DATE='2025-09-12T00:00:00+00:00' AIRFLOW_CTX_TRY_NUMBER='1' AIRFLOW_CTX_DAG_RUN_ID='scheduled__2025-09-12T00:00:00+00:00'
[2025-09-13T09:34:39.147+0000] {taskinstance.py:430} INFO - ::endgroup::
[2025-09-13T09:34:39.180+0000] {virtualenv.py:120} INFO - Checking if the virtualenv lock /tmp/cosmos_venv_ecom/cosmos_virtualenv.lock exists
[2025-09-13T09:34:39.182+0000] {virtualenv.py:178} INFO - Checking for running process with PID 5333
[2025-09-13T09:34:39.185+0000] {virtualenv.py:181} INFO - Process 5333 running: True and has the lock /tmp/cosmos_venv_ecom/cosmos_virtualenv.lock.
[2025-09-13T09:34:39.187+0000] {virtualenv.py:122} INFO - Waiting for virtualenv lock to be released
[2025-09-13T09:34:40.189+0000] {virtualenv.py:178} INFO - Checking for running process with PID 5333
[2025-09-13T09:34:40.190+0000] {virtualenv.py:181} INFO - Process 5333 running: True and has the lock /tmp/cosmos_venv_ecom/cosmos_virtualenv.lock.
[2025-09-13T09:34:40.191+0000] {virtualenv.py:122} INFO - Waiting for virtualenv lock to be released
[2025-09-13T09:34:41.192+0000] {virtualenv.py:178} INFO - Checking for running process with PID 5333
[2025-09-13T09:34:41.193+0000] {virtualenv.py:181} INFO - Process 5333 running: True and has the lock /tmp/cosmos_venv_ecom/cosmos_virtualenv.lock.
[2025-09-13T09:34:41.194+0000] {virtualenv.py:122} INFO - Waiting for virtualenv lock to be released
[2025-09-13T09:34:42.196+0000] {virtualenv.py:178} INFO - Checking for running process with PID 5333
[2025-09-13T09:34:42.197+0000] {virtualenv.py:181} INFO - Process 5333 running: True and has the lock /tmp/cosmos_venv_ecom/cosmos_virtualenv.lock.
[2025-09-13T09:34:42.197+0000] {virtualenv.py:122} INFO - Waiting for virtualenv lock to be released
[2025-09-13T09:34:43.199+0000] {virtualenv.py:178} INFO - Checking for running process with PID 5333
[2025-09-13T09:34:43.199+0000] {virtualenv.py:181} INFO - Process 5333 running: True and has the lock /tmp/cosmos_venv_ecom/cosmos_virtualenv.lock.
[2025-09-13T09:34:43.200+0000] {virtualenv.py:122} INFO - Waiting for virtualenv lock to be released
[2025-09-13T09:34:44.202+0000] {virtualenv.py:178} INFO - Checking for running process with PID 5333
[2025-09-13T09:34:44.203+0000] {virtualenv.py:181} INFO - Process 5333 running: True and has the lock /tmp/cosmos_venv_ecom/cosmos_virtualenv.lock.
[2025-09-13T09:34:44.203+0000] {virtualenv.py:122} INFO - Waiting for virtualenv lock to be released
[2025-09-13T09:34:45.205+0000] {virtualenv.py:178} INFO - Checking for running process with PID 5333
[2025-09-13T09:34:45.206+0000] {virtualenv.py:181} INFO - Process 5333 running: True and has the lock /tmp/cosmos_venv_ecom/cosmos_virtualenv.lock.
[2025-09-13T09:34:45.206+0000] {virtualenv.py:122} INFO - Waiting for virtualenv lock to be released
[2025-09-13T09:34:46.208+0000] {virtualenv.py:178} INFO - Checking for running process with PID 5333
[2025-09-13T09:34:46.208+0000] {virtualenv.py:181} INFO - Process 5333 running: True and has the lock /tmp/cosmos_venv_ecom/cosmos_virtualenv.lock.
[2025-09-13T09:34:46.209+0000] {virtualenv.py:122} INFO - Waiting for virtualenv lock to be released
[2025-09-13T09:34:47.211+0000] {virtualenv.py:178} INFO - Checking for running process with PID 5333
[2025-09-13T09:34:47.213+0000] {virtualenv.py:181} INFO - Process 5333 running: True and has the lock /tmp/cosmos_venv_ecom/cosmos_virtualenv.lock.
[2025-09-13T09:34:47.214+0000] {virtualenv.py:122} INFO - Waiting for virtualenv lock to be released
[2025-09-13T09:34:48.216+0000] {virtualenv.py:178} INFO - Checking for running process with PID 5333
[2025-09-13T09:34:48.217+0000] {virtualenv.py:181} INFO - Process 5333 running: True and has the lock /tmp/cosmos_venv_ecom/cosmos_virtualenv.lock.
[2025-09-13T09:34:48.217+0000] {virtualenv.py:122} INFO - Waiting for virtualenv lock to be released
[2025-09-13T09:34:49.218+0000] {virtualenv.py:178} INFO - Checking for running process with PID 5333
[2025-09-13T09:34:49.219+0000] {virtualenv.py:181} INFO - Process 5333 running: True and has the lock /tmp/cosmos_venv_ecom/cosmos_virtualenv.lock.
[2025-09-13T09:34:49.220+0000] {virtualenv.py:122} INFO - Waiting for virtualenv lock to be released
[2025-09-13T09:34:50.222+0000] {virtualenv.py:178} INFO - Checking for running process with PID 5333
[2025-09-13T09:34:50.223+0000] {virtualenv.py:181} INFO - Process 5333 running: True and has the lock /tmp/cosmos_venv_ecom/cosmos_virtualenv.lock.
[2025-09-13T09:34:50.223+0000] {virtualenv.py:122} INFO - Waiting for virtualenv lock to be released
[2025-09-13T09:34:51.225+0000] {virtualenv.py:178} INFO - Checking for running process with PID 5333
[2025-09-13T09:34:51.226+0000] {virtualenv.py:181} INFO - Process 5333 running: True and has the lock /tmp/cosmos_venv_ecom/cosmos_virtualenv.lock.
[2025-09-13T09:34:51.227+0000] {virtualenv.py:122} INFO - Waiting for virtualenv lock to be released
[2025-09-13T09:34:52.229+0000] {virtualenv.py:178} INFO - Checking for running process with PID 5333
[2025-09-13T09:34:52.230+0000] {virtualenv.py:181} INFO - Process 5333 running: True and has the lock /tmp/cosmos_venv_ecom/cosmos_virtualenv.lock.
[2025-09-13T09:34:52.230+0000] {virtualenv.py:122} INFO - Waiting for virtualenv lock to be released
[2025-09-13T09:34:53.232+0000] {virtualenv.py:178} INFO - Checking for running process with PID 5333
[2025-09-13T09:34:53.233+0000] {virtualenv.py:181} INFO - Process 5333 running: True and has the lock /tmp/cosmos_venv_ecom/cosmos_virtualenv.lock.
[2025-09-13T09:34:53.233+0000] {virtualenv.py:122} INFO - Waiting for virtualenv lock to be released
[2025-09-13T09:34:54.235+0000] {virtualenv.py:178} INFO - Checking for running process with PID 5333
[2025-09-13T09:34:54.236+0000] {virtualenv.py:181} INFO - Process 5333 running: True and has the lock /tmp/cosmos_venv_ecom/cosmos_virtualenv.lock.
[2025-09-13T09:34:54.236+0000] {virtualenv.py:122} INFO - Waiting for virtualenv lock to be released
[2025-09-13T09:34:55.238+0000] {virtualenv.py:178} INFO - Checking for running process with PID 5333
[2025-09-13T09:34:55.239+0000] {virtualenv.py:181} INFO - Process 5333 running: True and has the lock /tmp/cosmos_venv_ecom/cosmos_virtualenv.lock.
[2025-09-13T09:34:55.239+0000] {virtualenv.py:122} INFO - Waiting for virtualenv lock to be released
[2025-09-13T09:34:56.241+0000] {virtualenv.py:178} INFO - Checking for running process with PID 5332
[2025-09-13T09:34:56.242+0000] {virtualenv.py:181} INFO - Process 5332 running: True and has the lock /tmp/cosmos_venv_ecom/cosmos_virtualenv.lock.
[2025-09-13T09:34:56.243+0000] {virtualenv.py:122} INFO - Waiting for virtualenv lock to be released
[2025-09-13T09:34:57.244+0000] {virtualenv.py:178} INFO - Checking for running process with PID 5332
[2025-09-13T09:34:57.245+0000] {virtualenv.py:181} INFO - Process 5332 running: True and has the lock /tmp/cosmos_venv_ecom/cosmos_virtualenv.lock.
[2025-09-13T09:34:57.245+0000] {virtualenv.py:122} INFO - Waiting for virtualenv lock to be released
[2025-09-13T09:34:58.246+0000] {virtualenv.py:178} INFO - Checking for running process with PID 5332
[2025-09-13T09:34:58.247+0000] {virtualenv.py:181} INFO - Process 5332 running: True and has the lock /tmp/cosmos_venv_ecom/cosmos_virtualenv.lock.
[2025-09-13T09:34:58.247+0000] {virtualenv.py:122} INFO - Waiting for virtualenv lock to be released
[2025-09-13T09:34:59.249+0000] {virtualenv.py:178} INFO - Checking for running process with PID 5332
[2025-09-13T09:34:59.250+0000] {virtualenv.py:181} INFO - Process 5332 running: True and has the lock /tmp/cosmos_venv_ecom/cosmos_virtualenv.lock.
[2025-09-13T09:34:59.251+0000] {virtualenv.py:122} INFO - Waiting for virtualenv lock to be released
[2025-09-13T09:35:00.253+0000] {virtualenv.py:178} INFO - Checking for running process with PID 5332
[2025-09-13T09:35:00.254+0000] {virtualenv.py:181} INFO - Process 5332 running: True and has the lock /tmp/cosmos_venv_ecom/cosmos_virtualenv.lock.
[2025-09-13T09:35:00.254+0000] {virtualenv.py:122} INFO - Waiting for virtualenv lock to be released
[2025-09-13T09:35:01.256+0000] {virtualenv.py:178} INFO - Checking for running process with PID 5332
[2025-09-13T09:35:01.257+0000] {virtualenv.py:181} INFO - Process 5332 running: True and has the lock /tmp/cosmos_venv_ecom/cosmos_virtualenv.lock.
[2025-09-13T09:35:01.258+0000] {virtualenv.py:122} INFO - Waiting for virtualenv lock to be released
[2025-09-13T09:35:02.259+0000] {virtualenv.py:178} INFO - Checking for running process with PID 5332
[2025-09-13T09:35:02.260+0000] {virtualenv.py:181} INFO - Process 5332 running: True and has the lock /tmp/cosmos_venv_ecom/cosmos_virtualenv.lock.
[2025-09-13T09:35:02.261+0000] {virtualenv.py:122} INFO - Waiting for virtualenv lock to be released
[2025-09-13T09:35:03.262+0000] {virtualenv.py:178} INFO - Checking for running process with PID 5332
[2025-09-13T09:35:03.264+0000] {virtualenv.py:181} INFO - Process 5332 running: True and has the lock /tmp/cosmos_venv_ecom/cosmos_virtualenv.lock.
[2025-09-13T09:35:03.264+0000] {virtualenv.py:122} INFO - Waiting for virtualenv lock to be released
[2025-09-13T09:35:04.266+0000] {virtualenv.py:178} INFO - Checking for running process with PID 5332
[2025-09-13T09:35:04.267+0000] {virtualenv.py:181} INFO - Process 5332 running: True and has the lock /tmp/cosmos_venv_ecom/cosmos_virtualenv.lock.
[2025-09-13T09:35:04.267+0000] {virtualenv.py:122} INFO - Waiting for virtualenv lock to be released
[2025-09-13T09:35:05.269+0000] {virtualenv.py:178} INFO - Checking for running process with PID 5332
[2025-09-13T09:35:05.269+0000] {virtualenv.py:181} INFO - Process 5332 running: True and has the lock /tmp/cosmos_venv_ecom/cosmos_virtualenv.lock.
[2025-09-13T09:35:05.270+0000] {virtualenv.py:122} INFO - Waiting for virtualenv lock to be released
[2025-09-13T09:35:06.271+0000] {virtualenv.py:178} INFO - Checking for running process with PID 5332
[2025-09-13T09:35:06.272+0000] {virtualenv.py:181} INFO - Process 5332 running: True and has the lock /tmp/cosmos_venv_ecom/cosmos_virtualenv.lock.
[2025-09-13T09:35:06.273+0000] {virtualenv.py:122} INFO - Waiting for virtualenv lock to be released
[2025-09-13T09:35:07.273+0000] {virtualenv.py:178} INFO - Checking for running process with PID 5332
[2025-09-13T09:35:07.274+0000] {virtualenv.py:181} INFO - Process 5332 running: True and has the lock /tmp/cosmos_venv_ecom/cosmos_virtualenv.lock.
[2025-09-13T09:35:07.274+0000] {virtualenv.py:122} INFO - Waiting for virtualenv lock to be released
[2025-09-13T09:35:08.276+0000] {virtualenv.py:178} INFO - Checking for running process with PID 5332
[2025-09-13T09:35:08.277+0000] {virtualenv.py:181} INFO - Process 5332 running: True and has the lock /tmp/cosmos_venv_ecom/cosmos_virtualenv.lock.
[2025-09-13T09:35:08.278+0000] {virtualenv.py:122} INFO - Waiting for virtualenv lock to be released
[2025-09-13T09:35:09.280+0000] {virtualenv.py:178} INFO - Checking for running process with PID 5332
[2025-09-13T09:35:09.281+0000] {virtualenv.py:181} INFO - Process 5332 running: True and has the lock /tmp/cosmos_venv_ecom/cosmos_virtualenv.lock.
[2025-09-13T09:35:09.281+0000] {virtualenv.py:122} INFO - Waiting for virtualenv lock to be released
[2025-09-13T09:35:10.283+0000] {virtualenv.py:178} INFO - Checking for running process with PID 5332
[2025-09-13T09:35:10.284+0000] {virtualenv.py:181} INFO - Process 5332 running: True and has the lock /tmp/cosmos_venv_ecom/cosmos_virtualenv.lock.
[2025-09-13T09:35:10.284+0000] {virtualenv.py:122} INFO - Waiting for virtualenv lock to be released
[2025-09-13T09:35:11.285+0000] {virtualenv.py:178} INFO - Checking for running process with PID 5334
[2025-09-13T09:35:11.286+0000] {virtualenv.py:181} INFO - Process 5334 running: True and has the lock /tmp/cosmos_venv_ecom/cosmos_virtualenv.lock.
[2025-09-13T09:35:11.286+0000] {virtualenv.py:122} INFO - Waiting for virtualenv lock to be released
[2025-09-13T09:35:12.287+0000] {virtualenv.py:178} INFO - Checking for running process with PID 5334
[2025-09-13T09:35:12.288+0000] {virtualenv.py:181} INFO - Process 5334 running: True and has the lock /tmp/cosmos_venv_ecom/cosmos_virtualenv.lock.
[2025-09-13T09:35:12.289+0000] {virtualenv.py:122} INFO - Waiting for virtualenv lock to be released
[2025-09-13T09:35:13.291+0000] {virtualenv.py:178} INFO - Checking for running process with PID 5334
[2025-09-13T09:35:13.292+0000] {virtualenv.py:181} INFO - Process 5334 running: True and has the lock /tmp/cosmos_venv_ecom/cosmos_virtualenv.lock.
[2025-09-13T09:35:13.293+0000] {virtualenv.py:122} INFO - Waiting for virtualenv lock to be released
[2025-09-13T09:35:14.294+0000] {virtualenv.py:178} INFO - Checking for running process with PID 5334
[2025-09-13T09:35:14.295+0000] {virtualenv.py:181} INFO - Process 5334 running: True and has the lock /tmp/cosmos_venv_ecom/cosmos_virtualenv.lock.
[2025-09-13T09:35:14.296+0000] {virtualenv.py:122} INFO - Waiting for virtualenv lock to be released
[2025-09-13T09:35:15.298+0000] {virtualenv.py:178} INFO - Checking for running process with PID 5334
[2025-09-13T09:35:15.298+0000] {virtualenv.py:181} INFO - Process 5334 running: True and has the lock /tmp/cosmos_venv_ecom/cosmos_virtualenv.lock.
[2025-09-13T09:35:15.299+0000] {virtualenv.py:122} INFO - Waiting for virtualenv lock to be released
[2025-09-13T09:35:16.300+0000] {virtualenv.py:178} INFO - Checking for running process with PID 5334
[2025-09-13T09:35:16.301+0000] {virtualenv.py:181} INFO - Process 5334 running: True and has the lock /tmp/cosmos_venv_ecom/cosmos_virtualenv.lock.
[2025-09-13T09:35:16.302+0000] {virtualenv.py:122} INFO - Waiting for virtualenv lock to be released
[2025-09-13T09:35:17.303+0000] {virtualenv.py:178} INFO - Checking for running process with PID 5334
[2025-09-13T09:35:17.304+0000] {virtualenv.py:181} INFO - Process 5334 running: True and has the lock /tmp/cosmos_venv_ecom/cosmos_virtualenv.lock.
[2025-09-13T09:35:17.305+0000] {virtualenv.py:122} INFO - Waiting for virtualenv lock to be released
[2025-09-13T09:35:18.306+0000] {virtualenv.py:178} INFO - Checking for running process with PID 5334
[2025-09-13T09:35:18.307+0000] {virtualenv.py:181} INFO - Process 5334 running: True and has the lock /tmp/cosmos_venv_ecom/cosmos_virtualenv.lock.
[2025-09-13T09:35:18.308+0000] {virtualenv.py:122} INFO - Waiting for virtualenv lock to be released
[2025-09-13T09:35:19.310+0000] {virtualenv.py:178} INFO - Checking for running process with PID 5334
[2025-09-13T09:35:19.312+0000] {virtualenv.py:181} INFO - Process 5334 running: True and has the lock /tmp/cosmos_venv_ecom/cosmos_virtualenv.lock.
[2025-09-13T09:35:19.312+0000] {virtualenv.py:122} INFO - Waiting for virtualenv lock to be released
[2025-09-13T09:35:20.314+0000] {virtualenv.py:178} INFO - Checking for running process with PID 5334
[2025-09-13T09:35:20.314+0000] {virtualenv.py:181} INFO - Process 5334 running: True and has the lock /tmp/cosmos_venv_ecom/cosmos_virtualenv.lock.
[2025-09-13T09:35:20.315+0000] {virtualenv.py:122} INFO - Waiting for virtualenv lock to be released
[2025-09-13T09:35:21.316+0000] {virtualenv.py:178} INFO - Checking for running process with PID 5334
[2025-09-13T09:35:21.316+0000] {virtualenv.py:181} INFO - Process 5334 running: True and has the lock /tmp/cosmos_venv_ecom/cosmos_virtualenv.lock.
[2025-09-13T09:35:21.317+0000] {virtualenv.py:122} INFO - Waiting for virtualenv lock to be released
[2025-09-13T09:35:22.319+0000] {virtualenv.py:178} INFO - Checking for running process with PID 5334
[2025-09-13T09:35:22.319+0000] {virtualenv.py:181} INFO - Process 5334 running: True and has the lock /tmp/cosmos_venv_ecom/cosmos_virtualenv.lock.
[2025-09-13T09:35:22.320+0000] {virtualenv.py:122} INFO - Waiting for virtualenv lock to be released
[2025-09-13T09:35:23.321+0000] {virtualenv.py:178} INFO - Checking for running process with PID 5334
[2025-09-13T09:35:23.322+0000] {virtualenv.py:181} INFO - Process 5334 running: True and has the lock /tmp/cosmos_venv_ecom/cosmos_virtualenv.lock.
[2025-09-13T09:35:23.322+0000] {virtualenv.py:122} INFO - Waiting for virtualenv lock to be released
[2025-09-13T09:35:24.324+0000] {virtualenv.py:178} INFO - Checking for running process with PID 5334
[2025-09-13T09:35:24.325+0000] {virtualenv.py:181} INFO - Process 5334 running: True and has the lock /tmp/cosmos_venv_ecom/cosmos_virtualenv.lock.
[2025-09-13T09:35:24.326+0000] {virtualenv.py:122} INFO - Waiting for virtualenv lock to be released
[2025-09-13T09:35:25.327+0000] {virtualenv.py:178} INFO - Checking for running process with PID 5348
[2025-09-13T09:35:25.328+0000] {virtualenv.py:181} INFO - Process 5348 running: True and has the lock /tmp/cosmos_venv_ecom/cosmos_virtualenv.lock.
[2025-09-13T09:35:25.329+0000] {virtualenv.py:122} INFO - Waiting for virtualenv lock to be released
[2025-09-13T09:35:26.331+0000] {virtualenv.py:178} INFO - Checking for running process with PID 5348
[2025-09-13T09:35:26.332+0000] {virtualenv.py:181} INFO - Process 5348 running: True and has the lock /tmp/cosmos_venv_ecom/cosmos_virtualenv.lock.
[2025-09-13T09:35:26.333+0000] {virtualenv.py:122} INFO - Waiting for virtualenv lock to be released
[2025-09-13T09:35:27.335+0000] {virtualenv.py:178} INFO - Checking for running process with PID 5348
[2025-09-13T09:35:27.335+0000] {virtualenv.py:181} INFO - Process 5348 running: True and has the lock /tmp/cosmos_venv_ecom/cosmos_virtualenv.lock.
[2025-09-13T09:35:27.336+0000] {virtualenv.py:122} INFO - Waiting for virtualenv lock to be released
[2025-09-13T09:35:28.337+0000] {virtualenv.py:178} INFO - Checking for running process with PID 5348
[2025-09-13T09:35:28.338+0000] {virtualenv.py:181} INFO - Process 5348 running: True and has the lock /tmp/cosmos_venv_ecom/cosmos_virtualenv.lock.
[2025-09-13T09:35:28.339+0000] {virtualenv.py:122} INFO - Waiting for virtualenv lock to be released
[2025-09-13T09:35:29.340+0000] {virtualenv.py:178} INFO - Checking for running process with PID 5348
[2025-09-13T09:35:29.340+0000] {virtualenv.py:181} INFO - Process 5348 running: True and has the lock /tmp/cosmos_venv_ecom/cosmos_virtualenv.lock.
[2025-09-13T09:35:29.341+0000] {virtualenv.py:122} INFO - Waiting for virtualenv lock to be released
[2025-09-13T09:35:30.343+0000] {virtualenv.py:178} INFO - Checking for running process with PID 5348
[2025-09-13T09:35:30.343+0000] {virtualenv.py:181} INFO - Process 5348 running: True and has the lock /tmp/cosmos_venv_ecom/cosmos_virtualenv.lock.
[2025-09-13T09:35:30.344+0000] {virtualenv.py:122} INFO - Waiting for virtualenv lock to be released
[2025-09-13T09:35:31.345+0000] {virtualenv.py:178} INFO - Checking for running process with PID 5348
[2025-09-13T09:35:31.346+0000] {virtualenv.py:181} INFO - Process 5348 running: True and has the lock /tmp/cosmos_venv_ecom/cosmos_virtualenv.lock.
[2025-09-13T09:35:31.346+0000] {virtualenv.py:122} INFO - Waiting for virtualenv lock to be released
[2025-09-13T09:35:32.348+0000] {virtualenv.py:178} INFO - Checking for running process with PID 5348
[2025-09-13T09:35:32.349+0000] {virtualenv.py:181} INFO - Process 5348 running: True and has the lock /tmp/cosmos_venv_ecom/cosmos_virtualenv.lock.
[2025-09-13T09:35:32.349+0000] {virtualenv.py:122} INFO - Waiting for virtualenv lock to be released
[2025-09-13T09:35:33.351+0000] {virtualenv.py:178} INFO - Checking for running process with PID 5348
[2025-09-13T09:35:33.352+0000] {virtualenv.py:181} INFO - Process 5348 running: True and has the lock /tmp/cosmos_venv_ecom/cosmos_virtualenv.lock.
[2025-09-13T09:35:33.352+0000] {virtualenv.py:122} INFO - Waiting for virtualenv lock to be released
[2025-09-13T09:35:34.353+0000] {virtualenv.py:178} INFO - Checking for running process with PID 5348
[2025-09-13T09:35:34.355+0000] {virtualenv.py:181} INFO - Process 5348 running: True and has the lock /tmp/cosmos_venv_ecom/cosmos_virtualenv.lock.
[2025-09-13T09:35:34.356+0000] {virtualenv.py:122} INFO - Waiting for virtualenv lock to be released
[2025-09-13T09:35:35.357+0000] {virtualenv.py:178} INFO - Checking for running process with PID 5348
[2025-09-13T09:35:35.358+0000] {virtualenv.py:181} INFO - Process 5348 running: True and has the lock /tmp/cosmos_venv_ecom/cosmos_virtualenv.lock.
[2025-09-13T09:35:35.359+0000] {virtualenv.py:122} INFO - Waiting for virtualenv lock to be released
[2025-09-13T09:35:36.360+0000] {virtualenv.py:178} INFO - Checking for running process with PID 5348
[2025-09-13T09:35:36.361+0000] {virtualenv.py:181} INFO - Process 5348 running: True and has the lock /tmp/cosmos_venv_ecom/cosmos_virtualenv.lock.
[2025-09-13T09:35:36.362+0000] {virtualenv.py:122} INFO - Waiting for virtualenv lock to be released
[2025-09-13T09:35:37.362+0000] {virtualenv.py:178} INFO - Checking for running process with PID 5348
[2025-09-13T09:35:37.363+0000] {virtualenv.py:181} INFO - Process 5348 running: True and has the lock /tmp/cosmos_venv_ecom/cosmos_virtualenv.lock.
[2025-09-13T09:35:37.364+0000] {virtualenv.py:122} INFO - Waiting for virtualenv lock to be released
[2025-09-13T09:35:38.364+0000] {virtualenv.py:178} INFO - Checking for running process with PID 5348
[2025-09-13T09:35:38.366+0000] {virtualenv.py:181} INFO - Process 5348 running: True and has the lock /tmp/cosmos_venv_ecom/cosmos_virtualenv.lock.
[2025-09-13T09:35:38.366+0000] {virtualenv.py:122} INFO - Waiting for virtualenv lock to be released
[2025-09-13T09:35:39.368+0000] {virtualenv.py:178} INFO - Checking for running process with PID 5348
[2025-09-13T09:35:39.368+0000] {virtualenv.py:181} INFO - Process 5348 running: True and has the lock /tmp/cosmos_venv_ecom/cosmos_virtualenv.lock.
[2025-09-13T09:35:39.369+0000] {virtualenv.py:122} INFO - Waiting for virtualenv lock to be released
[2025-09-13T09:35:40.371+0000] {virtualenv.py:178} INFO - Checking for running process with PID 5348
[2025-09-13T09:35:40.371+0000] {virtualenv.py:181} INFO - Process 5348 running: True and has the lock /tmp/cosmos_venv_ecom/cosmos_virtualenv.lock.
[2025-09-13T09:35:40.372+0000] {virtualenv.py:122} INFO - Waiting for virtualenv lock to be released
[2025-09-13T09:35:41.373+0000] {virtualenv.py:178} INFO - Checking for running process with PID 5336
[2025-09-13T09:35:41.374+0000] {virtualenv.py:181} INFO - Process 5336 running: True and has the lock /tmp/cosmos_venv_ecom/cosmos_virtualenv.lock.
[2025-09-13T09:35:41.375+0000] {virtualenv.py:122} INFO - Waiting for virtualenv lock to be released
[2025-09-13T09:35:42.376+0000] {virtualenv.py:178} INFO - Checking for running process with PID 5336
[2025-09-13T09:35:42.376+0000] {virtualenv.py:181} INFO - Process 5336 running: True and has the lock /tmp/cosmos_venv_ecom/cosmos_virtualenv.lock.
[2025-09-13T09:35:42.377+0000] {virtualenv.py:122} INFO - Waiting for virtualenv lock to be released
[2025-09-13T09:35:43.379+0000] {virtualenv.py:178} INFO - Checking for running process with PID 5336
[2025-09-13T09:35:43.379+0000] {virtualenv.py:181} INFO - Process 5336 running: True and has the lock /tmp/cosmos_venv_ecom/cosmos_virtualenv.lock.
[2025-09-13T09:35:43.380+0000] {virtualenv.py:122} INFO - Waiting for virtualenv lock to be released
[2025-09-13T09:35:44.382+0000] {virtualenv.py:178} INFO - Checking for running process with PID 5336
[2025-09-13T09:35:44.383+0000] {virtualenv.py:181} INFO - Process 5336 running: True and has the lock /tmp/cosmos_venv_ecom/cosmos_virtualenv.lock.
[2025-09-13T09:35:44.383+0000] {virtualenv.py:122} INFO - Waiting for virtualenv lock to be released
[2025-09-13T09:35:45.385+0000] {virtualenv.py:178} INFO - Checking for running process with PID 5336
[2025-09-13T09:35:45.386+0000] {virtualenv.py:181} INFO - Process 5336 running: True and has the lock /tmp/cosmos_venv_ecom/cosmos_virtualenv.lock.
[2025-09-13T09:35:45.386+0000] {virtualenv.py:122} INFO - Waiting for virtualenv lock to be released
[2025-09-13T09:35:46.388+0000] {virtualenv.py:178} INFO - Checking for running process with PID 5336
[2025-09-13T09:35:46.389+0000] {virtualenv.py:181} INFO - Process 5336 running: True and has the lock /tmp/cosmos_venv_ecom/cosmos_virtualenv.lock.
[2025-09-13T09:35:46.389+0000] {virtualenv.py:122} INFO - Waiting for virtualenv lock to be released
[2025-09-13T09:35:47.391+0000] {virtualenv.py:178} INFO - Checking for running process with PID 5336
[2025-09-13T09:35:47.391+0000] {virtualenv.py:181} INFO - Process 5336 running: True and has the lock /tmp/cosmos_venv_ecom/cosmos_virtualenv.lock.
[2025-09-13T09:35:47.392+0000] {virtualenv.py:122} INFO - Waiting for virtualenv lock to be released
[2025-09-13T09:35:48.394+0000] {virtualenv.py:178} INFO - Checking for running process with PID 5336
[2025-09-13T09:35:48.395+0000] {virtualenv.py:181} INFO - Process 5336 running: True and has the lock /tmp/cosmos_venv_ecom/cosmos_virtualenv.lock.
[2025-09-13T09:35:48.396+0000] {virtualenv.py:122} INFO - Waiting for virtualenv lock to be released
[2025-09-13T09:35:49.398+0000] {virtualenv.py:178} INFO - Checking for running process with PID 5336
[2025-09-13T09:35:49.399+0000] {virtualenv.py:181} INFO - Process 5336 running: True and has the lock /tmp/cosmos_venv_ecom/cosmos_virtualenv.lock.
[2025-09-13T09:35:49.399+0000] {virtualenv.py:122} INFO - Waiting for virtualenv lock to be released
[2025-09-13T09:35:50.401+0000] {virtualenv.py:178} INFO - Checking for running process with PID 5336
[2025-09-13T09:35:50.402+0000] {virtualenv.py:181} INFO - Process 5336 running: True and has the lock /tmp/cosmos_venv_ecom/cosmos_virtualenv.lock.
[2025-09-13T09:35:50.403+0000] {virtualenv.py:122} INFO - Waiting for virtualenv lock to be released
[2025-09-13T09:35:51.404+0000] {virtualenv.py:178} INFO - Checking for running process with PID 5336
[2025-09-13T09:35:51.404+0000] {virtualenv.py:181} INFO - Process 5336 running: True and has the lock /tmp/cosmos_venv_ecom/cosmos_virtualenv.lock.
[2025-09-13T09:35:51.405+0000] {virtualenv.py:122} INFO - Waiting for virtualenv lock to be released
[2025-09-13T09:35:52.406+0000] {virtualenv.py:178} INFO - Checking for running process with PID 5336
[2025-09-13T09:35:52.407+0000] {virtualenv.py:181} INFO - Process 5336 running: True and has the lock /tmp/cosmos_venv_ecom/cosmos_virtualenv.lock.
[2025-09-13T09:35:52.408+0000] {virtualenv.py:122} INFO - Waiting for virtualenv lock to be released
[2025-09-13T09:35:53.409+0000] {virtualenv.py:178} INFO - Checking for running process with PID 5336
[2025-09-13T09:35:53.410+0000] {virtualenv.py:181} INFO - Process 5336 running: True and has the lock /tmp/cosmos_venv_ecom/cosmos_virtualenv.lock.
[2025-09-13T09:35:53.410+0000] {virtualenv.py:122} INFO - Waiting for virtualenv lock to be released
[2025-09-13T09:35:54.412+0000] {virtualenv.py:178} INFO - Checking for running process with PID 5336
[2025-09-13T09:35:54.413+0000] {virtualenv.py:181} INFO - Process 5336 running: True and has the lock /tmp/cosmos_venv_ecom/cosmos_virtualenv.lock.
[2025-09-13T09:35:54.414+0000] {virtualenv.py:122} INFO - Waiting for virtualenv lock to be released
[2025-09-13T09:35:55.416+0000] {virtualenv.py:178} INFO - Checking for running process with PID 5336
[2025-09-13T09:35:55.416+0000] {virtualenv.py:181} INFO - Process 5336 running: True and has the lock /tmp/cosmos_venv_ecom/cosmos_virtualenv.lock.
[2025-09-13T09:35:55.417+0000] {virtualenv.py:122} INFO - Waiting for virtualenv lock to be released
[2025-09-13T09:35:56.419+0000] {virtualenv.py:178} INFO - Checking for running process with PID 5345
[2025-09-13T09:35:56.419+0000] {virtualenv.py:181} INFO - Process 5345 running: True and has the lock /tmp/cosmos_venv_ecom/cosmos_virtualenv.lock.
[2025-09-13T09:35:56.420+0000] {virtualenv.py:122} INFO - Waiting for virtualenv lock to be released
[2025-09-13T09:35:57.421+0000] {virtualenv.py:178} INFO - Checking for running process with PID 5345
[2025-09-13T09:35:57.424+0000] {virtualenv.py:181} INFO - Process 5345 running: True and has the lock /tmp/cosmos_venv_ecom/cosmos_virtualenv.lock.
[2025-09-13T09:35:57.424+0000] {virtualenv.py:122} INFO - Waiting for virtualenv lock to be released
[2025-09-13T09:35:58.427+0000] {virtualenv.py:178} INFO - Checking for running process with PID 5345
[2025-09-13T09:35:58.427+0000] {virtualenv.py:181} INFO - Process 5345 running: True and has the lock /tmp/cosmos_venv_ecom/cosmos_virtualenv.lock.
[2025-09-13T09:35:58.428+0000] {virtualenv.py:122} INFO - Waiting for virtualenv lock to be released
[2025-09-13T09:35:59.430+0000] {virtualenv.py:178} INFO - Checking for running process with PID 5345
[2025-09-13T09:35:59.431+0000] {virtualenv.py:181} INFO - Process 5345 running: True and has the lock /tmp/cosmos_venv_ecom/cosmos_virtualenv.lock.
[2025-09-13T09:35:59.432+0000] {virtualenv.py:122} INFO - Waiting for virtualenv lock to be released
[2025-09-13T09:36:00.432+0000] {virtualenv.py:178} INFO - Checking for running process with PID 5345
[2025-09-13T09:36:00.433+0000] {virtualenv.py:181} INFO - Process 5345 running: True and has the lock /tmp/cosmos_venv_ecom/cosmos_virtualenv.lock.
[2025-09-13T09:36:00.434+0000] {virtualenv.py:122} INFO - Waiting for virtualenv lock to be released
[2025-09-13T09:36:01.435+0000] {virtualenv.py:178} INFO - Checking for running process with PID 5345
[2025-09-13T09:36:01.436+0000] {virtualenv.py:181} INFO - Process 5345 running: True and has the lock /tmp/cosmos_venv_ecom/cosmos_virtualenv.lock.
[2025-09-13T09:36:01.436+0000] {virtualenv.py:122} INFO - Waiting for virtualenv lock to be released
[2025-09-13T09:36:02.437+0000] {virtualenv.py:178} INFO - Checking for running process with PID 5345
[2025-09-13T09:36:02.438+0000] {virtualenv.py:181} INFO - Process 5345 running: True and has the lock /tmp/cosmos_venv_ecom/cosmos_virtualenv.lock.
[2025-09-13T09:36:02.439+0000] {virtualenv.py:122} INFO - Waiting for virtualenv lock to be released
[2025-09-13T09:36:03.440+0000] {virtualenv.py:178} INFO - Checking for running process with PID 5345
[2025-09-13T09:36:03.441+0000] {virtualenv.py:181} INFO - Process 5345 running: True and has the lock /tmp/cosmos_venv_ecom/cosmos_virtualenv.lock.
[2025-09-13T09:36:03.442+0000] {virtualenv.py:122} INFO - Waiting for virtualenv lock to be released
[2025-09-13T09:36:04.444+0000] {virtualenv.py:178} INFO - Checking for running process with PID 5345
[2025-09-13T09:36:04.444+0000] {virtualenv.py:181} INFO - Process 5345 running: True and has the lock /tmp/cosmos_venv_ecom/cosmos_virtualenv.lock.
[2025-09-13T09:36:04.445+0000] {virtualenv.py:122} INFO - Waiting for virtualenv lock to be released
[2025-09-13T09:36:05.447+0000] {virtualenv.py:178} INFO - Checking for running process with PID 5345
[2025-09-13T09:36:05.448+0000] {virtualenv.py:181} INFO - Process 5345 running: True and has the lock /tmp/cosmos_venv_ecom/cosmos_virtualenv.lock.
[2025-09-13T09:36:05.448+0000] {virtualenv.py:122} INFO - Waiting for virtualenv lock to be released
[2025-09-13T09:36:06.450+0000] {virtualenv.py:178} INFO - Checking for running process with PID 5345
[2025-09-13T09:36:06.451+0000] {virtualenv.py:181} INFO - Process 5345 running: True and has the lock /tmp/cosmos_venv_ecom/cosmos_virtualenv.lock.
[2025-09-13T09:36:06.451+0000] {virtualenv.py:122} INFO - Waiting for virtualenv lock to be released
[2025-09-13T09:36:07.452+0000] {virtualenv.py:178} INFO - Checking for running process with PID 5345
[2025-09-13T09:36:07.453+0000] {virtualenv.py:181} INFO - Process 5345 running: True and has the lock /tmp/cosmos_venv_ecom/cosmos_virtualenv.lock.
[2025-09-13T09:36:07.454+0000] {virtualenv.py:122} INFO - Waiting for virtualenv lock to be released
[2025-09-13T09:36:08.455+0000] {virtualenv.py:178} INFO - Checking for running process with PID 5345
[2025-09-13T09:36:08.456+0000] {virtualenv.py:181} INFO - Process 5345 running: True and has the lock /tmp/cosmos_venv_ecom/cosmos_virtualenv.lock.
[2025-09-13T09:36:08.457+0000] {virtualenv.py:122} INFO - Waiting for virtualenv lock to be released
[2025-09-13T09:36:09.458+0000] {virtualenv.py:178} INFO - Checking for running process with PID 5345
[2025-09-13T09:36:09.459+0000] {virtualenv.py:181} INFO - Process 5345 running: True and has the lock /tmp/cosmos_venv_ecom/cosmos_virtualenv.lock.
[2025-09-13T09:36:09.460+0000] {virtualenv.py:122} INFO - Waiting for virtualenv lock to be released
[2025-09-13T09:36:10.461+0000] {virtualenv.py:178} INFO - Checking for running process with PID 5345
[2025-09-13T09:36:10.462+0000] {virtualenv.py:181} INFO - Process 5345 running: True and has the lock /tmp/cosmos_venv_ecom/cosmos_virtualenv.lock.
[2025-09-13T09:36:10.463+0000] {virtualenv.py:122} INFO - Waiting for virtualenv lock to be released
[2025-09-13T09:36:11.464+0000] {virtualenv.py:178} INFO - Checking for running process with PID 5345
[2025-09-13T09:36:11.465+0000] {virtualenv.py:181} INFO - Process 5345 running: True and has the lock /tmp/cosmos_venv_ecom/cosmos_virtualenv.lock.
[2025-09-13T09:36:11.467+0000] {virtualenv.py:122} INFO - Waiting for virtualenv lock to be released
[2025-09-13T09:36:12.468+0000] {virtualenv.py:178} INFO - Checking for running process with PID 5335
[2025-09-13T09:36:12.469+0000] {virtualenv.py:181} INFO - Process 5335 running: True and has the lock /tmp/cosmos_venv_ecom/cosmos_virtualenv.lock.
[2025-09-13T09:36:12.470+0000] {virtualenv.py:122} INFO - Waiting for virtualenv lock to be released
[2025-09-13T09:36:13.471+0000] {virtualenv.py:178} INFO - Checking for running process with PID 5335
[2025-09-13T09:36:13.472+0000] {virtualenv.py:181} INFO - Process 5335 running: True and has the lock /tmp/cosmos_venv_ecom/cosmos_virtualenv.lock.
[2025-09-13T09:36:13.472+0000] {virtualenv.py:122} INFO - Waiting for virtualenv lock to be released
[2025-09-13T09:36:14.474+0000] {virtualenv.py:178} INFO - Checking for running process with PID 5335
[2025-09-13T09:36:14.475+0000] {virtualenv.py:181} INFO - Process 5335 running: True and has the lock /tmp/cosmos_venv_ecom/cosmos_virtualenv.lock.
[2025-09-13T09:36:14.475+0000] {virtualenv.py:122} INFO - Waiting for virtualenv lock to be released
[2025-09-13T09:36:15.477+0000] {virtualenv.py:178} INFO - Checking for running process with PID 5335
[2025-09-13T09:36:15.478+0000] {virtualenv.py:181} INFO - Process 5335 running: True and has the lock /tmp/cosmos_venv_ecom/cosmos_virtualenv.lock.
[2025-09-13T09:36:15.478+0000] {virtualenv.py:122} INFO - Waiting for virtualenv lock to be released
[2025-09-13T09:36:16.480+0000] {virtualenv.py:178} INFO - Checking for running process with PID 5335
[2025-09-13T09:36:16.481+0000] {virtualenv.py:181} INFO - Process 5335 running: True and has the lock /tmp/cosmos_venv_ecom/cosmos_virtualenv.lock.
[2025-09-13T09:36:16.481+0000] {virtualenv.py:122} INFO - Waiting for virtualenv lock to be released
[2025-09-13T09:36:17.483+0000] {virtualenv.py:178} INFO - Checking for running process with PID 5335
[2025-09-13T09:36:17.484+0000] {virtualenv.py:181} INFO - Process 5335 running: True and has the lock /tmp/cosmos_venv_ecom/cosmos_virtualenv.lock.
[2025-09-13T09:36:17.484+0000] {virtualenv.py:122} INFO - Waiting for virtualenv lock to be released
[2025-09-13T09:36:18.486+0000] {virtualenv.py:178} INFO - Checking for running process with PID 5335
[2025-09-13T09:36:18.489+0000] {virtualenv.py:181} INFO - Process 5335 running: True and has the lock /tmp/cosmos_venv_ecom/cosmos_virtualenv.lock.
[2025-09-13T09:36:18.490+0000] {virtualenv.py:122} INFO - Waiting for virtualenv lock to be released
[2025-09-13T09:36:19.491+0000] {virtualenv.py:178} INFO - Checking for running process with PID 5335
[2025-09-13T09:36:19.492+0000] {virtualenv.py:181} INFO - Process 5335 running: True and has the lock /tmp/cosmos_venv_ecom/cosmos_virtualenv.lock.
[2025-09-13T09:36:19.492+0000] {virtualenv.py:122} INFO - Waiting for virtualenv lock to be released
[2025-09-13T09:36:20.494+0000] {virtualenv.py:178} INFO - Checking for running process with PID 5335
[2025-09-13T09:36:20.495+0000] {virtualenv.py:181} INFO - Process 5335 running: True and has the lock /tmp/cosmos_venv_ecom/cosmos_virtualenv.lock.
[2025-09-13T09:36:20.496+0000] {virtualenv.py:122} INFO - Waiting for virtualenv lock to be released
[2025-09-13T09:36:21.497+0000] {virtualenv.py:178} INFO - Checking for running process with PID 5335
[2025-09-13T09:36:21.498+0000] {virtualenv.py:181} INFO - Process 5335 running: True and has the lock /tmp/cosmos_venv_ecom/cosmos_virtualenv.lock.
[2025-09-13T09:36:21.499+0000] {virtualenv.py:122} INFO - Waiting for virtualenv lock to be released
[2025-09-13T09:36:22.499+0000] {virtualenv.py:178} INFO - Checking for running process with PID 5335
[2025-09-13T09:36:22.500+0000] {virtualenv.py:181} INFO - Process 5335 running: True and has the lock /tmp/cosmos_venv_ecom/cosmos_virtualenv.lock.
[2025-09-13T09:36:22.501+0000] {virtualenv.py:122} INFO - Waiting for virtualenv lock to be released
[2025-09-13T09:36:23.502+0000] {virtualenv.py:178} INFO - Checking for running process with PID 5335
[2025-09-13T09:36:23.503+0000] {virtualenv.py:181} INFO - Process 5335 running: True and has the lock /tmp/cosmos_venv_ecom/cosmos_virtualenv.lock.
[2025-09-13T09:36:23.504+0000] {virtualenv.py:122} INFO - Waiting for virtualenv lock to be released
[2025-09-13T09:36:24.506+0000] {virtualenv.py:178} INFO - Checking for running process with PID 5335
[2025-09-13T09:36:24.506+0000] {virtualenv.py:181} INFO - Process 5335 running: True and has the lock /tmp/cosmos_venv_ecom/cosmos_virtualenv.lock.
[2025-09-13T09:36:24.507+0000] {virtualenv.py:122} INFO - Waiting for virtualenv lock to be released
[2025-09-13T09:36:25.508+0000] {virtualenv.py:178} INFO - Checking for running process with PID 5335
[2025-09-13T09:36:25.509+0000] {virtualenv.py:181} INFO - Process 5335 running: True and has the lock /tmp/cosmos_venv_ecom/cosmos_virtualenv.lock.
[2025-09-13T09:36:25.509+0000] {virtualenv.py:122} INFO - Waiting for virtualenv lock to be released
[2025-09-13T09:36:26.511+0000] {virtualenv.py:178} INFO - Checking for running process with PID 5338
[2025-09-13T09:36:26.512+0000] {virtualenv.py:181} INFO - Process 5338 running: True and has the lock /tmp/cosmos_venv_ecom/cosmos_virtualenv.lock.
[2025-09-13T09:36:26.512+0000] {virtualenv.py:122} INFO - Waiting for virtualenv lock to be released
[2025-09-13T09:36:27.513+0000] {virtualenv.py:178} INFO - Checking for running process with PID 5338
[2025-09-13T09:36:27.514+0000] {virtualenv.py:181} INFO - Process 5338 running: True and has the lock /tmp/cosmos_venv_ecom/cosmos_virtualenv.lock.
[2025-09-13T09:36:27.514+0000] {virtualenv.py:122} INFO - Waiting for virtualenv lock to be released
[2025-09-13T09:36:28.516+0000] {virtualenv.py:178} INFO - Checking for running process with PID 5338
[2025-09-13T09:36:28.517+0000] {virtualenv.py:181} INFO - Process 5338 running: True and has the lock /tmp/cosmos_venv_ecom/cosmos_virtualenv.lock.
[2025-09-13T09:36:28.518+0000] {virtualenv.py:122} INFO - Waiting for virtualenv lock to be released
[2025-09-13T09:36:29.519+0000] {virtualenv.py:178} INFO - Checking for running process with PID 5338
[2025-09-13T09:36:29.520+0000] {virtualenv.py:181} INFO - Process 5338 running: True and has the lock /tmp/cosmos_venv_ecom/cosmos_virtualenv.lock.
[2025-09-13T09:36:29.521+0000] {virtualenv.py:122} INFO - Waiting for virtualenv lock to be released
[2025-09-13T09:36:30.523+0000] {virtualenv.py:178} INFO - Checking for running process with PID 5338
[2025-09-13T09:36:30.524+0000] {virtualenv.py:181} INFO - Process 5338 running: True and has the lock /tmp/cosmos_venv_ecom/cosmos_virtualenv.lock.
[2025-09-13T09:36:30.524+0000] {virtualenv.py:122} INFO - Waiting for virtualenv lock to be released
[2025-09-13T09:36:31.527+0000] {virtualenv.py:178} INFO - Checking for running process with PID 5338
[2025-09-13T09:36:31.527+0000] {virtualenv.py:181} INFO - Process 5338 running: True and has the lock /tmp/cosmos_venv_ecom/cosmos_virtualenv.lock.
[2025-09-13T09:36:31.528+0000] {virtualenv.py:122} INFO - Waiting for virtualenv lock to be released
[2025-09-13T09:36:32.529+0000] {virtualenv.py:178} INFO - Checking for running process with PID 5338
[2025-09-13T09:36:32.530+0000] {virtualenv.py:181} INFO - Process 5338 running: True and has the lock /tmp/cosmos_venv_ecom/cosmos_virtualenv.lock.
[2025-09-13T09:36:32.531+0000] {virtualenv.py:122} INFO - Waiting for virtualenv lock to be released
[2025-09-13T09:36:33.532+0000] {virtualenv.py:178} INFO - Checking for running process with PID 5338
[2025-09-13T09:36:33.533+0000] {virtualenv.py:181} INFO - Process 5338 running: True and has the lock /tmp/cosmos_venv_ecom/cosmos_virtualenv.lock.
[2025-09-13T09:36:33.534+0000] {virtualenv.py:122} INFO - Waiting for virtualenv lock to be released
[2025-09-13T09:36:34.535+0000] {virtualenv.py:178} INFO - Checking for running process with PID 5338
[2025-09-13T09:36:34.536+0000] {virtualenv.py:181} INFO - Process 5338 running: True and has the lock /tmp/cosmos_venv_ecom/cosmos_virtualenv.lock.
[2025-09-13T09:36:34.537+0000] {virtualenv.py:122} INFO - Waiting for virtualenv lock to be released
[2025-09-13T09:36:35.539+0000] {virtualenv.py:178} INFO - Checking for running process with PID 5338
[2025-09-13T09:36:35.540+0000] {virtualenv.py:181} INFO - Process 5338 running: True and has the lock /tmp/cosmos_venv_ecom/cosmos_virtualenv.lock.
[2025-09-13T09:36:35.541+0000] {virtualenv.py:122} INFO - Waiting for virtualenv lock to be released
[2025-09-13T09:36:36.542+0000] {virtualenv.py:178} INFO - Checking for running process with PID 5338
[2025-09-13T09:36:36.543+0000] {virtualenv.py:181} INFO - Process 5338 running: True and has the lock /tmp/cosmos_venv_ecom/cosmos_virtualenv.lock.
[2025-09-13T09:36:36.543+0000] {virtualenv.py:122} INFO - Waiting for virtualenv lock to be released
[2025-09-13T09:36:37.544+0000] {virtualenv.py:178} INFO - Checking for running process with PID 5338
[2025-09-13T09:36:37.546+0000] {virtualenv.py:181} INFO - Process 5338 running: True and has the lock /tmp/cosmos_venv_ecom/cosmos_virtualenv.lock.
[2025-09-13T09:36:37.547+0000] {virtualenv.py:122} INFO - Waiting for virtualenv lock to be released
[2025-09-13T09:36:38.549+0000] {virtualenv.py:178} INFO - Checking for running process with PID 5338
[2025-09-13T09:36:38.550+0000] {virtualenv.py:181} INFO - Process 5338 running: True and has the lock /tmp/cosmos_venv_ecom/cosmos_virtualenv.lock.
[2025-09-13T09:36:38.550+0000] {virtualenv.py:122} INFO - Waiting for virtualenv lock to be released
[2025-09-13T09:36:39.552+0000] {virtualenv.py:178} INFO - Checking for running process with PID 5340
[2025-09-13T09:36:39.553+0000] {virtualenv.py:181} INFO - Process 5340 running: True and has the lock /tmp/cosmos_venv_ecom/cosmos_virtualenv.lock.
[2025-09-13T09:36:39.553+0000] {virtualenv.py:126} INFO - Acquiring the virtualenv lock
[2025-09-13T09:36:39.554+0000] {virtualenv.py:195} INFO - Acquiring lock at /tmp/cosmos_venv_ecom/cosmos_virtualenv.lock with pid 5339
[2025-09-13T09:36:39.555+0000] {virtualenv.py:153} INFO - Creating or updating the virtualenv at `/tmp/cosmos_venv_ecom
[2025-09-13T09:36:39.555+0000] {process_utils.py:183} INFO - Executing cmd: /home/***/.local/bin/python -m virtualenv /tmp/cosmos_venv_ecom --python=python3
[2025-09-13T09:36:39.556+0000] {process_utils.py:187} INFO - Output:
[2025-09-13T09:36:41.724+0000] {process_utils.py:191} INFO - created virtual environment CPython3.10.14.final.0-64 in 836ms
[2025-09-13T09:36:41.726+0000] {process_utils.py:191} INFO -   creator CPython3Posix(dest=/tmp/cosmos_venv_ecom, clear=False, no_vcs_ignore=False, global=False)
[2025-09-13T09:36:41.726+0000] {process_utils.py:191} INFO -   seeder FromAppData(download=False, pip=bundle, setuptools=bundle, wheel=bundle, via=copy, app_data_dir=/home/***/.local/share/virtualenv)
[2025-09-13T09:36:41.728+0000] {process_utils.py:191} INFO -     added seed packages: MarkupSafe==3.0.2, PyYAML==6.0.2, agate==1.9.1, annotated_types==0.7.0, attrs==25.3.0, babel==2.17.0, certifi==2025.8.3, charset_normalizer==3.4.3, click==8.2.1, clickhouse_connect==0.8.18, clickhouse_driver==0.2.9, colorama==0.4.6, daff==1.4.2, dbt_adapters==1.16.7, dbt_clickhouse==1.9.3, dbt_common==1.30.0, dbt_core==1.10.11, dbt_extractor==0.6.0, dbt_protos==1.0.375, dbt_semantic_interfaces==0.9.0, deepdiff==8.6.1, idna==3.10, importlib_metadata==8.7.0, isodate==0.6.1, jinja2==3.1.6, jsonschema==4.25.1, jsonschema_specifications==2025.9.1, leather==0.4.0, lz4==4.4.4, mashumaro==3.14, more_itertools==10.8.0, msgpack==1.1.1, networkx==3.4.2, orderly_set==5.5.0, packaging==25.0, parsedatetime==2.6, pathspec==0.12.1, pip==25.2, protobuf==6.32.1, pydantic==2.11.7, pydantic_core==2.33.2, python_dateutil==2.9.0.post0, python_slugify==8.0.4, pytimeparse==1.1.8, pytz==2025.2, referencing==0.36.2, requests==2.32.5, rpds_py==0.27.1, setuptools==80.9.0, six==1.17.0, snowplow_tracker==1.1.0, sqlparse==0.5.3, text_unidecode==1.3, typing_extensions==4.15.0, typing_inspection==0.4.1, tzlocal==5.3.1, urllib3==2.5.0, wheel==0.45.1, zipp==3.23.0, zstandard==0.24.0
[2025-09-13T09:36:41.729+0000] {process_utils.py:191} INFO -   activators BashActivator,CShellActivator,FishActivator,NushellActivator,PowerShellActivator,PythonActivator
[2025-09-13T09:36:41.842+0000] {process_utils.py:183} INFO - Executing cmd: /tmp/cosmos_venv_ecom/bin/pip install dbt-clickhouse
[2025-09-13T09:36:41.844+0000] {process_utils.py:187} INFO - Output:
[2025-09-13T09:36:41.971+0000] {process_utils.py:191} INFO - Traceback (most recent call last):
[2025-09-13T09:36:41.972+0000] {process_utils.py:191} INFO -   File "/tmp/cosmos_venv_ecom/bin/pip", line 5, in <module>
[2025-09-13T09:36:41.973+0000] {process_utils.py:191} INFO -     from pip._internal.cli.main import main
[2025-09-13T09:36:41.974+0000] {process_utils.py:191} INFO -   File "/tmp/cosmos_venv_ecom/lib/python3.10/site-packages/pip/_internal/__init__.py", line 3, in <module>
[2025-09-13T09:36:41.974+0000] {process_utils.py:191} INFO -     from pip._internal.utils import _log
[2025-09-13T09:36:41.975+0000] {process_utils.py:191} INFO - ImportError: cannot import name '_log' from 'pip._internal.utils' (unknown location)
[2025-09-13T09:36:41.977+0000] {virtualenv.py:131} INFO - Releasing virtualenv lock
[2025-09-13T09:36:41.978+0000] {virtualenv.py:201} WARNING - Lockfile /tmp/cosmos_venv_ecom/cosmos_virtualenv.lock not found, perhaps deleted by other concurrent operator?
[2025-09-13T09:36:41.978+0000] {taskinstance.py:441} INFO - ::group::Post task execution logs
[2025-09-13T09:36:41.979+0000] {taskinstance.py:2905} ERROR - Task failed with exception
Traceback (most recent call last):
  File "/home/airflow/.local/lib/python3.10/site-packages/airflow/models/taskinstance.py", line 465, in _execute_task
    result = _execute_callable(context=context, **execute_callable_kwargs)
  File "/home/airflow/.local/lib/python3.10/site-packages/airflow/models/taskinstance.py", line 432, in _execute_callable
    return execute_callable(context=context, **execute_callable_kwargs)
  File "/home/airflow/.local/lib/python3.10/site-packages/airflow/models/baseoperator.py", line 401, in wrapper
    return func(self, *args, **kwargs)
  File "/home/airflow/.local/lib/python3.10/site-packages/cosmos/operators/virtualenv.py", line 144, in execute
    output = super().execute(context)
  File "/home/airflow/.local/lib/python3.10/site-packages/cosmos/operators/base.py", line 310, in execute
    self.build_and_run_cmd(context=context, cmd_flags=self.add_cmd_flags())
  File "/home/airflow/.local/lib/python3.10/site-packages/cosmos/operators/local.py", line 853, in build_and_run_cmd
    result = self.run_command(
  File "/home/airflow/.local/lib/python3.10/site-packages/cosmos/operators/virtualenv.py", line 128, in run_command
    self._py_bin = self._prepare_virtualenv()
  File "/home/airflow/.local/lib/python3.10/site-packages/cosmos/operators/virtualenv.py", line 154, in _prepare_virtualenv
    py_bin = prepare_virtualenv(
  File "/home/airflow/.local/lib/python3.10/site-packages/airflow/utils/python_virtualenv.py", line 119, in prepare_virtualenv
    execute_in_subprocess(pip_cmd)
  File "/home/airflow/.local/lib/python3.10/site-packages/airflow/utils/process_utils.py", line 172, in execute_in_subprocess
    execute_in_subprocess_with_kwargs(cmd, cwd=cwd)
  File "/home/airflow/.local/lib/python3.10/site-packages/airflow/utils/process_utils.py", line 195, in execute_in_subprocess_with_kwargs
    raise subprocess.CalledProcessError(exit_code, cmd)
subprocess.CalledProcessError: Command '['/tmp/cosmos_venv_ecom/bin/pip', 'install', 'dbt-clickhouse']' returned non-zero exit status 1.
[2025-09-13T09:36:42.052+0000] {taskinstance.py:1206} INFO - Marking task as FAILED. dag_id=dbt_staging, task_id=dbt_ecom.stg_products_run, run_id=scheduled__2025-09-12T00:00:00+00:00, execution_date=20250912T000000, start_date=20250913T093437, end_date=20250913T093642
[2025-09-13T09:36:42.080+0000] {standard_task_runner.py:110} ERROR - Failed to execute job 169 for task dbt_ecom.stg_products_run (Command '['/tmp/cosmos_venv_ecom/bin/pip', 'install', 'dbt-clickhouse']' returned non-zero exit status 1.; 5339)
[2025-09-13T09:36:42.102+0000] {local_task_job_runner.py:243} INFO - Task exited with return code 1
[2025-09-13T09:36:42.176+0000] {taskinstance.py:3503} INFO - 0 downstream tasks scheduled from follow-on schedule check
[2025-09-13T09:36:42.189+0000] {local_task_job_runner.py:222} INFO - ::endgroup::
