[2025-09-12T16:55:00.490+0000] {local_task_job_runner.py:120} INFO - ::group::Pre task execution logs
[2025-09-12T16:55:00.596+0000] {taskinstance.py:2076} INFO - Dependencies all met for dep_context=non-requeueable deps ti=<TaskInstance: dbt_ecom_cosmos.dbt_ecom.stg_categories_run manual__2025-09-12T16:54:55.504776+00:00 [queued]>
[2025-09-12T16:55:00.611+0000] {taskinstance.py:2076} INFO - Dependencies all met for dep_context=requeueable deps ti=<TaskInstance: dbt_ecom_cosmos.dbt_ecom.stg_categories_run manual__2025-09-12T16:54:55.504776+00:00 [queued]>
[2025-09-12T16:55:00.613+0000] {taskinstance.py:2306} INFO - Starting attempt 1 of 1
[2025-09-12T16:55:00.666+0000] {taskinstance.py:2330} INFO - Executing <Task(DbtRunVirtualenvOperator): dbt_ecom.stg_categories_run> on 2025-09-12 16:54:55.504776+00:00
[2025-09-12T16:55:00.676+0000] {standard_task_runner.py:64} INFO - Started process 3945 to run task
[2025-09-12T16:55:00.681+0000] {standard_task_runner.py:90} INFO - Running: ['***', 'tasks', 'run', 'dbt_ecom_cosmos', 'dbt_ecom.stg_categories_run', 'manual__2025-09-12T16:54:55.504776+00:00', '--job-id', '115', '--raw', '--subdir', 'DAGS_FOLDER/dbt_staging.py', '--cfg-path', '/tmp/tmpcsi_mr8u']
[2025-09-12T16:55:00.685+0000] {standard_task_runner.py:91} INFO - Job 115: Subtask dbt_ecom.stg_categories_run
[2025-09-12T16:55:01.006+0000] {task_command.py:426} INFO - Running <TaskInstance: dbt_ecom_cosmos.dbt_ecom.stg_categories_run manual__2025-09-12T16:54:55.504776+00:00 [running]> on host e95bde6b8d07
[2025-09-12T16:55:01.676+0000] {taskinstance.py:2648} INFO - Exporting env vars: AIRFLOW_CTX_DAG_OWNER='***' AIRFLOW_CTX_DAG_ID='dbt_ecom_cosmos' AIRFLOW_CTX_TASK_ID='dbt_ecom.stg_categories_run' AIRFLOW_CTX_EXECUTION_DATE='2025-09-12T16:54:55.504776+00:00' AIRFLOW_CTX_TRY_NUMBER='1' AIRFLOW_CTX_DAG_RUN_ID='manual__2025-09-12T16:54:55.504776+00:00'
[2025-09-12T16:55:01.679+0000] {taskinstance.py:430} INFO - ::endgroup::
[2025-09-12T16:55:01.701+0000] {virtualenv.py:120} INFO - Checking if the virtualenv lock /tmp/cosmos_venv_ecom/cosmos_virtualenv.lock exists
[2025-09-12T16:55:01.702+0000] {virtualenv.py:178} INFO - Checking for running process with PID 3941
[2025-09-12T16:55:01.703+0000] {virtualenv.py:181} INFO - Process 3941 running: True and has the lock /tmp/cosmos_venv_ecom/cosmos_virtualenv.lock.
[2025-09-12T16:55:01.704+0000] {virtualenv.py:122} INFO - Waiting for virtualenv lock to be released
[2025-09-12T16:55:02.705+0000] {virtualenv.py:178} INFO - Checking for running process with PID 3941
[2025-09-12T16:55:02.706+0000] {virtualenv.py:181} INFO - Process 3941 running: True and has the lock /tmp/cosmos_venv_ecom/cosmos_virtualenv.lock.
[2025-09-12T16:55:02.706+0000] {virtualenv.py:122} INFO - Waiting for virtualenv lock to be released
[2025-09-12T16:55:03.708+0000] {virtualenv.py:178} INFO - Checking for running process with PID 3941
[2025-09-12T16:55:03.709+0000] {virtualenv.py:181} INFO - Process 3941 running: True and has the lock /tmp/cosmos_venv_ecom/cosmos_virtualenv.lock.
[2025-09-12T16:55:03.709+0000] {virtualenv.py:122} INFO - Waiting for virtualenv lock to be released
[2025-09-12T16:55:04.711+0000] {virtualenv.py:178} INFO - Checking for running process with PID 3941
[2025-09-12T16:55:04.712+0000] {virtualenv.py:181} INFO - Process 3941 running: True and has the lock /tmp/cosmos_venv_ecom/cosmos_virtualenv.lock.
[2025-09-12T16:55:04.713+0000] {virtualenv.py:122} INFO - Waiting for virtualenv lock to be released
[2025-09-12T16:55:05.714+0000] {virtualenv.py:178} INFO - Checking for running process with PID 3941
[2025-09-12T16:55:05.715+0000] {virtualenv.py:181} INFO - Process 3941 running: True and has the lock /tmp/cosmos_venv_ecom/cosmos_virtualenv.lock.
[2025-09-12T16:55:05.716+0000] {virtualenv.py:122} INFO - Waiting for virtualenv lock to be released
[2025-09-12T16:55:06.719+0000] {virtualenv.py:178} INFO - Checking for running process with PID 3941
[2025-09-12T16:55:06.719+0000] {virtualenv.py:181} INFO - Process 3941 running: True and has the lock /tmp/cosmos_venv_ecom/cosmos_virtualenv.lock.
[2025-09-12T16:55:06.720+0000] {virtualenv.py:122} INFO - Waiting for virtualenv lock to be released
[2025-09-12T16:55:07.721+0000] {virtualenv.py:178} INFO - Checking for running process with PID 3941
[2025-09-12T16:55:07.722+0000] {virtualenv.py:181} INFO - Process 3941 running: True and has the lock /tmp/cosmos_venv_ecom/cosmos_virtualenv.lock.
[2025-09-12T16:55:07.723+0000] {virtualenv.py:122} INFO - Waiting for virtualenv lock to be released
[2025-09-12T16:55:08.725+0000] {virtualenv.py:178} INFO - Checking for running process with PID 3941
[2025-09-12T16:55:08.726+0000] {virtualenv.py:181} INFO - Process 3941 running: True and has the lock /tmp/cosmos_venv_ecom/cosmos_virtualenv.lock.
[2025-09-12T16:55:08.726+0000] {virtualenv.py:122} INFO - Waiting for virtualenv lock to be released
[2025-09-12T16:55:09.728+0000] {virtualenv.py:178} INFO - Checking for running process with PID 3941
[2025-09-12T16:55:09.729+0000] {virtualenv.py:181} INFO - Process 3941 running: True and has the lock /tmp/cosmos_venv_ecom/cosmos_virtualenv.lock.
[2025-09-12T16:55:09.730+0000] {virtualenv.py:122} INFO - Waiting for virtualenv lock to be released
[2025-09-12T16:55:10.731+0000] {virtualenv.py:178} INFO - Checking for running process with PID 3941
[2025-09-12T16:55:10.732+0000] {virtualenv.py:181} INFO - Process 3941 running: True and has the lock /tmp/cosmos_venv_ecom/cosmos_virtualenv.lock.
[2025-09-12T16:55:10.732+0000] {virtualenv.py:122} INFO - Waiting for virtualenv lock to be released
[2025-09-12T16:55:11.733+0000] {virtualenv.py:178} INFO - Checking for running process with PID 3941
[2025-09-12T16:55:11.733+0000] {virtualenv.py:181} INFO - Process 3941 running: True and has the lock /tmp/cosmos_venv_ecom/cosmos_virtualenv.lock.
[2025-09-12T16:55:11.734+0000] {virtualenv.py:122} INFO - Waiting for virtualenv lock to be released
[2025-09-12T16:55:12.735+0000] {virtualenv.py:178} INFO - Checking for running process with PID 3941
[2025-09-12T16:55:12.736+0000] {virtualenv.py:181} INFO - Process 3941 running: True and has the lock /tmp/cosmos_venv_ecom/cosmos_virtualenv.lock.
[2025-09-12T16:55:12.737+0000] {virtualenv.py:122} INFO - Waiting for virtualenv lock to be released
[2025-09-12T16:55:13.739+0000] {virtualenv.py:178} INFO - Checking for running process with PID 3941
[2025-09-12T16:55:13.740+0000] {virtualenv.py:181} INFO - Process 3941 running: True and has the lock /tmp/cosmos_venv_ecom/cosmos_virtualenv.lock.
[2025-09-12T16:55:13.740+0000] {virtualenv.py:122} INFO - Waiting for virtualenv lock to be released
[2025-09-12T16:55:14.742+0000] {virtualenv.py:178} INFO - Checking for running process with PID 3941
[2025-09-12T16:55:14.744+0000] {virtualenv.py:181} INFO - Process 3941 running: True and has the lock /tmp/cosmos_venv_ecom/cosmos_virtualenv.lock.
[2025-09-12T16:55:14.744+0000] {virtualenv.py:122} INFO - Waiting for virtualenv lock to be released
[2025-09-12T16:55:15.746+0000] {virtualenv.py:178} INFO - Checking for running process with PID 3941
[2025-09-12T16:55:15.747+0000] {virtualenv.py:181} INFO - Process 3941 running: True and has the lock /tmp/cosmos_venv_ecom/cosmos_virtualenv.lock.
[2025-09-12T16:55:15.747+0000] {virtualenv.py:122} INFO - Waiting for virtualenv lock to be released
[2025-09-12T16:55:16.749+0000] {virtualenv.py:178} INFO - Checking for running process with PID 3940
[2025-09-12T16:55:16.750+0000] {virtualenv.py:181} INFO - Process 3940 running: True and has the lock /tmp/cosmos_venv_ecom/cosmos_virtualenv.lock.
[2025-09-12T16:55:16.751+0000] {virtualenv.py:122} INFO - Waiting for virtualenv lock to be released
[2025-09-12T16:55:17.753+0000] {virtualenv.py:178} INFO - Checking for running process with PID 3940
[2025-09-12T16:55:17.754+0000] {virtualenv.py:181} INFO - Process 3940 running: True and has the lock /tmp/cosmos_venv_ecom/cosmos_virtualenv.lock.
[2025-09-12T16:55:17.754+0000] {virtualenv.py:122} INFO - Waiting for virtualenv lock to be released
[2025-09-12T16:55:18.755+0000] {virtualenv.py:178} INFO - Checking for running process with PID 3940
[2025-09-12T16:55:18.757+0000] {virtualenv.py:181} INFO - Process 3940 running: True and has the lock /tmp/cosmos_venv_ecom/cosmos_virtualenv.lock.
[2025-09-12T16:55:18.757+0000] {virtualenv.py:122} INFO - Waiting for virtualenv lock to be released
[2025-09-12T16:55:19.759+0000] {virtualenv.py:178} INFO - Checking for running process with PID 3940
[2025-09-12T16:55:19.760+0000] {virtualenv.py:181} INFO - Process 3940 running: True and has the lock /tmp/cosmos_venv_ecom/cosmos_virtualenv.lock.
[2025-09-12T16:55:19.761+0000] {virtualenv.py:122} INFO - Waiting for virtualenv lock to be released
[2025-09-12T16:55:20.763+0000] {virtualenv.py:178} INFO - Checking for running process with PID 3940
[2025-09-12T16:55:20.764+0000] {virtualenv.py:181} INFO - Process 3940 running: True and has the lock /tmp/cosmos_venv_ecom/cosmos_virtualenv.lock.
[2025-09-12T16:55:20.765+0000] {virtualenv.py:122} INFO - Waiting for virtualenv lock to be released
[2025-09-12T16:55:21.767+0000] {virtualenv.py:178} INFO - Checking for running process with PID 3940
[2025-09-12T16:55:21.767+0000] {virtualenv.py:181} INFO - Process 3940 running: True and has the lock /tmp/cosmos_venv_ecom/cosmos_virtualenv.lock.
[2025-09-12T16:55:21.768+0000] {virtualenv.py:122} INFO - Waiting for virtualenv lock to be released
[2025-09-12T16:55:22.769+0000] {virtualenv.py:178} INFO - Checking for running process with PID 3940
[2025-09-12T16:55:22.770+0000] {virtualenv.py:181} INFO - Process 3940 running: True and has the lock /tmp/cosmos_venv_ecom/cosmos_virtualenv.lock.
[2025-09-12T16:55:22.771+0000] {virtualenv.py:122} INFO - Waiting for virtualenv lock to be released
[2025-09-12T16:55:23.771+0000] {virtualenv.py:178} INFO - Checking for running process with PID 3940
[2025-09-12T16:55:23.773+0000] {virtualenv.py:181} INFO - Process 3940 running: True and has the lock /tmp/cosmos_venv_ecom/cosmos_virtualenv.lock.
[2025-09-12T16:55:23.773+0000] {virtualenv.py:122} INFO - Waiting for virtualenv lock to be released
[2025-09-12T16:55:24.775+0000] {virtualenv.py:178} INFO - Checking for running process with PID 3940
[2025-09-12T16:55:24.776+0000] {virtualenv.py:181} INFO - Process 3940 running: True and has the lock /tmp/cosmos_venv_ecom/cosmos_virtualenv.lock.
[2025-09-12T16:55:24.777+0000] {virtualenv.py:122} INFO - Waiting for virtualenv lock to be released
[2025-09-12T16:55:25.779+0000] {virtualenv.py:178} INFO - Checking for running process with PID 3940
[2025-09-12T16:55:25.780+0000] {virtualenv.py:181} INFO - Process 3940 running: True and has the lock /tmp/cosmos_venv_ecom/cosmos_virtualenv.lock.
[2025-09-12T16:55:25.780+0000] {virtualenv.py:122} INFO - Waiting for virtualenv lock to be released
[2025-09-12T16:55:26.782+0000] {virtualenv.py:178} INFO - Checking for running process with PID 3940
[2025-09-12T16:55:26.783+0000] {virtualenv.py:181} INFO - Process 3940 running: True and has the lock /tmp/cosmos_venv_ecom/cosmos_virtualenv.lock.
[2025-09-12T16:55:26.784+0000] {virtualenv.py:122} INFO - Waiting for virtualenv lock to be released
[2025-09-12T16:55:27.786+0000] {virtualenv.py:178} INFO - Checking for running process with PID 3940
[2025-09-12T16:55:27.787+0000] {virtualenv.py:181} INFO - Process 3940 running: True and has the lock /tmp/cosmos_venv_ecom/cosmos_virtualenv.lock.
[2025-09-12T16:55:27.787+0000] {virtualenv.py:122} INFO - Waiting for virtualenv lock to be released
[2025-09-12T16:55:28.789+0000] {virtualenv.py:178} INFO - Checking for running process with PID 3940
[2025-09-12T16:55:28.790+0000] {virtualenv.py:181} INFO - Process 3940 running: True and has the lock /tmp/cosmos_venv_ecom/cosmos_virtualenv.lock.
[2025-09-12T16:55:28.791+0000] {virtualenv.py:122} INFO - Waiting for virtualenv lock to be released
[2025-09-12T16:55:29.794+0000] {virtualenv.py:178} INFO - Checking for running process with PID 3940
[2025-09-12T16:55:29.795+0000] {virtualenv.py:181} INFO - Process 3940 running: True and has the lock /tmp/cosmos_venv_ecom/cosmos_virtualenv.lock.
[2025-09-12T16:55:29.795+0000] {virtualenv.py:122} INFO - Waiting for virtualenv lock to be released
[2025-09-12T16:55:30.797+0000] {virtualenv.py:178} INFO - Checking for running process with PID 3942
[2025-09-12T16:55:30.798+0000] {virtualenv.py:181} INFO - Process 3942 running: True and has the lock /tmp/cosmos_venv_ecom/cosmos_virtualenv.lock.
[2025-09-12T16:55:30.799+0000] {virtualenv.py:122} INFO - Waiting for virtualenv lock to be released
[2025-09-12T16:55:31.801+0000] {virtualenv.py:178} INFO - Checking for running process with PID 3942
[2025-09-12T16:55:31.802+0000] {virtualenv.py:181} INFO - Process 3942 running: True and has the lock /tmp/cosmos_venv_ecom/cosmos_virtualenv.lock.
[2025-09-12T16:55:31.802+0000] {virtualenv.py:122} INFO - Waiting for virtualenv lock to be released
[2025-09-12T16:55:32.804+0000] {virtualenv.py:178} INFO - Checking for running process with PID 3942
[2025-09-12T16:55:32.805+0000] {virtualenv.py:181} INFO - Process 3942 running: True and has the lock /tmp/cosmos_venv_ecom/cosmos_virtualenv.lock.
[2025-09-12T16:55:32.806+0000] {virtualenv.py:122} INFO - Waiting for virtualenv lock to be released
[2025-09-12T16:55:33.808+0000] {virtualenv.py:178} INFO - Checking for running process with PID 3942
[2025-09-12T16:55:33.809+0000] {virtualenv.py:181} INFO - Process 3942 running: True and has the lock /tmp/cosmos_venv_ecom/cosmos_virtualenv.lock.
[2025-09-12T16:55:33.809+0000] {virtualenv.py:122} INFO - Waiting for virtualenv lock to be released
[2025-09-12T16:55:34.811+0000] {virtualenv.py:178} INFO - Checking for running process with PID 3942
[2025-09-12T16:55:34.812+0000] {virtualenv.py:181} INFO - Process 3942 running: True and has the lock /tmp/cosmos_venv_ecom/cosmos_virtualenv.lock.
[2025-09-12T16:55:34.813+0000] {virtualenv.py:122} INFO - Waiting for virtualenv lock to be released
[2025-09-12T16:55:35.815+0000] {virtualenv.py:178} INFO - Checking for running process with PID 3942
[2025-09-12T16:55:35.816+0000] {virtualenv.py:181} INFO - Process 3942 running: True and has the lock /tmp/cosmos_venv_ecom/cosmos_virtualenv.lock.
[2025-09-12T16:55:35.816+0000] {virtualenv.py:122} INFO - Waiting for virtualenv lock to be released
[2025-09-12T16:55:36.818+0000] {virtualenv.py:178} INFO - Checking for running process with PID 3942
[2025-09-12T16:55:36.818+0000] {virtualenv.py:181} INFO - Process 3942 running: True and has the lock /tmp/cosmos_venv_ecom/cosmos_virtualenv.lock.
[2025-09-12T16:55:36.819+0000] {virtualenv.py:122} INFO - Waiting for virtualenv lock to be released
[2025-09-12T16:55:37.821+0000] {virtualenv.py:178} INFO - Checking for running process with PID 3942
[2025-09-12T16:55:37.822+0000] {virtualenv.py:181} INFO - Process 3942 running: True and has the lock /tmp/cosmos_venv_ecom/cosmos_virtualenv.lock.
[2025-09-12T16:55:37.822+0000] {virtualenv.py:122} INFO - Waiting for virtualenv lock to be released
[2025-09-12T16:55:38.824+0000] {virtualenv.py:178} INFO - Checking for running process with PID 3942
[2025-09-12T16:55:38.825+0000] {virtualenv.py:181} INFO - Process 3942 running: True and has the lock /tmp/cosmos_venv_ecom/cosmos_virtualenv.lock.
[2025-09-12T16:55:38.826+0000] {virtualenv.py:122} INFO - Waiting for virtualenv lock to be released
[2025-09-12T16:55:39.829+0000] {virtualenv.py:178} INFO - Checking for running process with PID 3942
[2025-09-12T16:55:39.829+0000] {virtualenv.py:181} INFO - Process 3942 running: True and has the lock /tmp/cosmos_venv_ecom/cosmos_virtualenv.lock.
[2025-09-12T16:55:39.830+0000] {virtualenv.py:122} INFO - Waiting for virtualenv lock to be released
[2025-09-12T16:55:40.832+0000] {virtualenv.py:178} INFO - Checking for running process with PID 3942
[2025-09-12T16:55:40.833+0000] {virtualenv.py:181} INFO - Process 3942 running: True and has the lock /tmp/cosmos_venv_ecom/cosmos_virtualenv.lock.
[2025-09-12T16:55:40.834+0000] {virtualenv.py:122} INFO - Waiting for virtualenv lock to be released
[2025-09-12T16:55:41.836+0000] {virtualenv.py:178} INFO - Checking for running process with PID 3942
[2025-09-12T16:55:41.836+0000] {virtualenv.py:181} INFO - Process 3942 running: True and has the lock /tmp/cosmos_venv_ecom/cosmos_virtualenv.lock.
[2025-09-12T16:55:41.837+0000] {virtualenv.py:122} INFO - Waiting for virtualenv lock to be released
[2025-09-12T16:55:42.839+0000] {virtualenv.py:178} INFO - Checking for running process with PID 3942
[2025-09-12T16:55:42.840+0000] {virtualenv.py:181} INFO - Process 3942 running: True and has the lock /tmp/cosmos_venv_ecom/cosmos_virtualenv.lock.
[2025-09-12T16:55:42.840+0000] {virtualenv.py:122} INFO - Waiting for virtualenv lock to be released
[2025-09-12T16:55:43.841+0000] {virtualenv.py:178} INFO - Checking for running process with PID 3942
[2025-09-12T16:55:43.842+0000] {virtualenv.py:181} INFO - Process 3942 running: True and has the lock /tmp/cosmos_venv_ecom/cosmos_virtualenv.lock.
[2025-09-12T16:55:43.842+0000] {virtualenv.py:122} INFO - Waiting for virtualenv lock to be released
[2025-09-12T16:55:44.843+0000] {virtualenv.py:178} INFO - Checking for running process with PID 3942
[2025-09-12T16:55:44.844+0000] {virtualenv.py:181} INFO - Process 3942 running: True and has the lock /tmp/cosmos_venv_ecom/cosmos_virtualenv.lock.
[2025-09-12T16:55:44.845+0000] {virtualenv.py:122} INFO - Waiting for virtualenv lock to be released
[2025-09-12T16:55:45.846+0000] {virtualenv.py:178} INFO - Checking for running process with PID 3948
[2025-09-12T16:55:45.847+0000] {virtualenv.py:181} INFO - Process 3948 running: True and has the lock /tmp/cosmos_venv_ecom/cosmos_virtualenv.lock.
[2025-09-12T16:55:45.848+0000] {virtualenv.py:122} INFO - Waiting for virtualenv lock to be released
[2025-09-12T16:55:46.850+0000] {virtualenv.py:178} INFO - Checking for running process with PID 3948
[2025-09-12T16:55:46.851+0000] {virtualenv.py:181} INFO - Process 3948 running: True and has the lock /tmp/cosmos_venv_ecom/cosmos_virtualenv.lock.
[2025-09-12T16:55:46.851+0000] {virtualenv.py:122} INFO - Waiting for virtualenv lock to be released
[2025-09-12T16:55:47.853+0000] {virtualenv.py:178} INFO - Checking for running process with PID 3948
[2025-09-12T16:55:47.855+0000] {virtualenv.py:181} INFO - Process 3948 running: True and has the lock /tmp/cosmos_venv_ecom/cosmos_virtualenv.lock.
[2025-09-12T16:55:47.855+0000] {virtualenv.py:122} INFO - Waiting for virtualenv lock to be released
[2025-09-12T16:55:48.857+0000] {virtualenv.py:178} INFO - Checking for running process with PID 3948
[2025-09-12T16:55:48.858+0000] {virtualenv.py:181} INFO - Process 3948 running: True and has the lock /tmp/cosmos_venv_ecom/cosmos_virtualenv.lock.
[2025-09-12T16:55:48.859+0000] {virtualenv.py:122} INFO - Waiting for virtualenv lock to be released
[2025-09-12T16:55:49.859+0000] {virtualenv.py:178} INFO - Checking for running process with PID 3948
[2025-09-12T16:55:49.860+0000] {virtualenv.py:181} INFO - Process 3948 running: True and has the lock /tmp/cosmos_venv_ecom/cosmos_virtualenv.lock.
[2025-09-12T16:55:49.861+0000] {virtualenv.py:122} INFO - Waiting for virtualenv lock to be released
[2025-09-12T16:55:50.862+0000] {virtualenv.py:178} INFO - Checking for running process with PID 3948
[2025-09-12T16:55:50.863+0000] {virtualenv.py:181} INFO - Process 3948 running: True and has the lock /tmp/cosmos_venv_ecom/cosmos_virtualenv.lock.
[2025-09-12T16:55:50.863+0000] {virtualenv.py:122} INFO - Waiting for virtualenv lock to be released
[2025-09-12T16:55:51.865+0000] {virtualenv.py:178} INFO - Checking for running process with PID 3948
[2025-09-12T16:55:51.866+0000] {virtualenv.py:181} INFO - Process 3948 running: True and has the lock /tmp/cosmos_venv_ecom/cosmos_virtualenv.lock.
[2025-09-12T16:55:51.867+0000] {virtualenv.py:122} INFO - Waiting for virtualenv lock to be released
[2025-09-12T16:55:52.869+0000] {virtualenv.py:178} INFO - Checking for running process with PID 3948
[2025-09-12T16:55:52.870+0000] {virtualenv.py:181} INFO - Process 3948 running: True and has the lock /tmp/cosmos_venv_ecom/cosmos_virtualenv.lock.
[2025-09-12T16:55:52.871+0000] {virtualenv.py:122} INFO - Waiting for virtualenv lock to be released
[2025-09-12T16:55:53.870+0000] {virtualenv.py:178} INFO - Checking for running process with PID 3948
[2025-09-12T16:55:53.871+0000] {virtualenv.py:181} INFO - Process 3948 running: True and has the lock /tmp/cosmos_venv_ecom/cosmos_virtualenv.lock.
[2025-09-12T16:55:53.872+0000] {virtualenv.py:122} INFO - Waiting for virtualenv lock to be released
[2025-09-12T16:55:54.873+0000] {virtualenv.py:178} INFO - Checking for running process with PID 3948
[2025-09-12T16:55:54.875+0000] {virtualenv.py:181} INFO - Process 3948 running: True and has the lock /tmp/cosmos_venv_ecom/cosmos_virtualenv.lock.
[2025-09-12T16:55:54.877+0000] {virtualenv.py:122} INFO - Waiting for virtualenv lock to be released
[2025-09-12T16:55:55.878+0000] {virtualenv.py:178} INFO - Checking for running process with PID 3948
[2025-09-12T16:55:55.880+0000] {virtualenv.py:181} INFO - Process 3948 running: True and has the lock /tmp/cosmos_venv_ecom/cosmos_virtualenv.lock.
[2025-09-12T16:55:55.881+0000] {virtualenv.py:122} INFO - Waiting for virtualenv lock to be released
[2025-09-12T16:55:56.883+0000] {virtualenv.py:178} INFO - Checking for running process with PID 3948
[2025-09-12T16:55:56.884+0000] {virtualenv.py:181} INFO - Process 3948 running: True and has the lock /tmp/cosmos_venv_ecom/cosmos_virtualenv.lock.
[2025-09-12T16:55:56.884+0000] {virtualenv.py:122} INFO - Waiting for virtualenv lock to be released
[2025-09-12T16:55:57.886+0000] {virtualenv.py:178} INFO - Checking for running process with PID 3948
[2025-09-12T16:55:57.887+0000] {virtualenv.py:181} INFO - Process 3948 running: True and has the lock /tmp/cosmos_venv_ecom/cosmos_virtualenv.lock.
[2025-09-12T16:55:57.888+0000] {virtualenv.py:122} INFO - Waiting for virtualenv lock to be released
[2025-09-12T16:55:58.890+0000] {virtualenv.py:178} INFO - Checking for running process with PID 3948
[2025-09-12T16:55:58.891+0000] {virtualenv.py:181} INFO - Process 3948 running: True and has the lock /tmp/cosmos_venv_ecom/cosmos_virtualenv.lock.
[2025-09-12T16:55:58.891+0000] {virtualenv.py:122} INFO - Waiting for virtualenv lock to be released
[2025-09-12T16:55:59.892+0000] {virtualenv.py:178} INFO - Checking for running process with PID 3946
[2025-09-12T16:55:59.893+0000] {virtualenv.py:181} INFO - Process 3946 running: True and has the lock /tmp/cosmos_venv_ecom/cosmos_virtualenv.lock.
[2025-09-12T16:55:59.893+0000] {virtualenv.py:122} INFO - Waiting for virtualenv lock to be released
[2025-09-12T16:56:00.895+0000] {virtualenv.py:178} INFO - Checking for running process with PID 3946
[2025-09-12T16:56:00.896+0000] {virtualenv.py:181} INFO - Process 3946 running: True and has the lock /tmp/cosmos_venv_ecom/cosmos_virtualenv.lock.
[2025-09-12T16:56:00.896+0000] {virtualenv.py:122} INFO - Waiting for virtualenv lock to be released
[2025-09-12T16:56:01.898+0000] {virtualenv.py:178} INFO - Checking for running process with PID 3946
[2025-09-12T16:56:01.899+0000] {virtualenv.py:181} INFO - Process 3946 running: True and has the lock /tmp/cosmos_venv_ecom/cosmos_virtualenv.lock.
[2025-09-12T16:56:01.899+0000] {virtualenv.py:122} INFO - Waiting for virtualenv lock to be released
[2025-09-12T16:56:02.901+0000] {virtualenv.py:178} INFO - Checking for running process with PID 3946
[2025-09-12T16:56:02.902+0000] {virtualenv.py:181} INFO - Process 3946 running: True and has the lock /tmp/cosmos_venv_ecom/cosmos_virtualenv.lock.
[2025-09-12T16:56:02.903+0000] {virtualenv.py:122} INFO - Waiting for virtualenv lock to be released
[2025-09-12T16:56:03.905+0000] {virtualenv.py:178} INFO - Checking for running process with PID 3946
[2025-09-12T16:56:03.906+0000] {virtualenv.py:181} INFO - Process 3946 running: True and has the lock /tmp/cosmos_venv_ecom/cosmos_virtualenv.lock.
[2025-09-12T16:56:03.906+0000] {virtualenv.py:122} INFO - Waiting for virtualenv lock to be released
[2025-09-12T16:56:04.908+0000] {virtualenv.py:178} INFO - Checking for running process with PID 3946
[2025-09-12T16:56:04.909+0000] {virtualenv.py:181} INFO - Process 3946 running: True and has the lock /tmp/cosmos_venv_ecom/cosmos_virtualenv.lock.
[2025-09-12T16:56:04.910+0000] {virtualenv.py:122} INFO - Waiting for virtualenv lock to be released
[2025-09-12T16:56:05.912+0000] {virtualenv.py:178} INFO - Checking for running process with PID 3946
[2025-09-12T16:56:05.913+0000] {virtualenv.py:181} INFO - Process 3946 running: True and has the lock /tmp/cosmos_venv_ecom/cosmos_virtualenv.lock.
[2025-09-12T16:56:05.914+0000] {virtualenv.py:122} INFO - Waiting for virtualenv lock to be released
[2025-09-12T16:56:06.916+0000] {virtualenv.py:178} INFO - Checking for running process with PID 3946
[2025-09-12T16:56:06.917+0000] {virtualenv.py:181} INFO - Process 3946 running: True and has the lock /tmp/cosmos_venv_ecom/cosmos_virtualenv.lock.
[2025-09-12T16:56:06.917+0000] {virtualenv.py:122} INFO - Waiting for virtualenv lock to be released
[2025-09-12T16:56:07.919+0000] {virtualenv.py:178} INFO - Checking for running process with PID 3946
[2025-09-12T16:56:07.920+0000] {virtualenv.py:181} INFO - Process 3946 running: True and has the lock /tmp/cosmos_venv_ecom/cosmos_virtualenv.lock.
[2025-09-12T16:56:07.920+0000] {virtualenv.py:122} INFO - Waiting for virtualenv lock to be released
[2025-09-12T16:56:08.922+0000] {virtualenv.py:178} INFO - Checking for running process with PID 3946
[2025-09-12T16:56:08.923+0000] {virtualenv.py:181} INFO - Process 3946 running: True and has the lock /tmp/cosmos_venv_ecom/cosmos_virtualenv.lock.
[2025-09-12T16:56:08.924+0000] {virtualenv.py:122} INFO - Waiting for virtualenv lock to be released
[2025-09-12T16:56:09.926+0000] {virtualenv.py:178} INFO - Checking for running process with PID 3946
[2025-09-12T16:56:09.927+0000] {virtualenv.py:181} INFO - Process 3946 running: True and has the lock /tmp/cosmos_venv_ecom/cosmos_virtualenv.lock.
[2025-09-12T16:56:09.927+0000] {virtualenv.py:122} INFO - Waiting for virtualenv lock to be released
[2025-09-12T16:56:10.929+0000] {virtualenv.py:178} INFO - Checking for running process with PID 3946
[2025-09-12T16:56:10.930+0000] {virtualenv.py:181} INFO - Process 3946 running: True and has the lock /tmp/cosmos_venv_ecom/cosmos_virtualenv.lock.
[2025-09-12T16:56:10.931+0000] {virtualenv.py:122} INFO - Waiting for virtualenv lock to be released
[2025-09-12T16:56:11.933+0000] {virtualenv.py:178} INFO - Checking for running process with PID 3946
[2025-09-12T16:56:11.934+0000] {virtualenv.py:181} INFO - Process 3946 running: True and has the lock /tmp/cosmos_venv_ecom/cosmos_virtualenv.lock.
[2025-09-12T16:56:11.935+0000] {virtualenv.py:122} INFO - Waiting for virtualenv lock to be released
[2025-09-12T16:56:12.936+0000] {virtualenv.py:178} INFO - Checking for running process with PID 3946
[2025-09-12T16:56:12.937+0000] {virtualenv.py:181} INFO - Process 3946 running: True and has the lock /tmp/cosmos_venv_ecom/cosmos_virtualenv.lock.
[2025-09-12T16:56:12.938+0000] {virtualenv.py:122} INFO - Waiting for virtualenv lock to be released
[2025-09-12T16:56:13.939+0000] {virtualenv.py:178} INFO - Checking for running process with PID 3943
[2025-09-12T16:56:13.940+0000] {virtualenv.py:181} INFO - Process 3943 running: True and has the lock /tmp/cosmos_venv_ecom/cosmos_virtualenv.lock.
[2025-09-12T16:56:13.940+0000] {virtualenv.py:122} INFO - Waiting for virtualenv lock to be released
[2025-09-12T16:56:14.942+0000] {virtualenv.py:178} INFO - Checking for running process with PID 3943
[2025-09-12T16:56:14.944+0000] {virtualenv.py:181} INFO - Process 3943 running: True and has the lock /tmp/cosmos_venv_ecom/cosmos_virtualenv.lock.
[2025-09-12T16:56:14.944+0000] {virtualenv.py:122} INFO - Waiting for virtualenv lock to be released
[2025-09-12T16:56:15.945+0000] {virtualenv.py:178} INFO - Checking for running process with PID 3943
[2025-09-12T16:56:15.946+0000] {virtualenv.py:181} INFO - Process 3943 running: True and has the lock /tmp/cosmos_venv_ecom/cosmos_virtualenv.lock.
[2025-09-12T16:56:15.947+0000] {virtualenv.py:122} INFO - Waiting for virtualenv lock to be released
[2025-09-12T16:56:16.949+0000] {virtualenv.py:178} INFO - Checking for running process with PID 3943
[2025-09-12T16:56:16.949+0000] {virtualenv.py:181} INFO - Process 3943 running: True and has the lock /tmp/cosmos_venv_ecom/cosmos_virtualenv.lock.
[2025-09-12T16:56:16.950+0000] {virtualenv.py:122} INFO - Waiting for virtualenv lock to be released
[2025-09-12T16:56:17.951+0000] {virtualenv.py:178} INFO - Checking for running process with PID 3943
[2025-09-12T16:56:17.952+0000] {virtualenv.py:181} INFO - Process 3943 running: True and has the lock /tmp/cosmos_venv_ecom/cosmos_virtualenv.lock.
[2025-09-12T16:56:17.953+0000] {virtualenv.py:122} INFO - Waiting for virtualenv lock to be released
[2025-09-12T16:56:18.954+0000] {virtualenv.py:178} INFO - Checking for running process with PID 3943
[2025-09-12T16:56:18.955+0000] {virtualenv.py:181} INFO - Process 3943 running: True and has the lock /tmp/cosmos_venv_ecom/cosmos_virtualenv.lock.
[2025-09-12T16:56:18.955+0000] {virtualenv.py:122} INFO - Waiting for virtualenv lock to be released
[2025-09-12T16:56:19.957+0000] {virtualenv.py:178} INFO - Checking for running process with PID 3943
[2025-09-12T16:56:19.959+0000] {virtualenv.py:181} INFO - Process 3943 running: True and has the lock /tmp/cosmos_venv_ecom/cosmos_virtualenv.lock.
[2025-09-12T16:56:19.959+0000] {virtualenv.py:122} INFO - Waiting for virtualenv lock to be released
[2025-09-12T16:56:20.962+0000] {virtualenv.py:178} INFO - Checking for running process with PID 3943
[2025-09-12T16:56:20.963+0000] {virtualenv.py:181} INFO - Process 3943 running: True and has the lock /tmp/cosmos_venv_ecom/cosmos_virtualenv.lock.
[2025-09-12T16:56:20.964+0000] {virtualenv.py:122} INFO - Waiting for virtualenv lock to be released
[2025-09-12T16:56:21.966+0000] {virtualenv.py:178} INFO - Checking for running process with PID 3943
[2025-09-12T16:56:21.967+0000] {virtualenv.py:181} INFO - Process 3943 running: True and has the lock /tmp/cosmos_venv_ecom/cosmos_virtualenv.lock.
[2025-09-12T16:56:21.967+0000] {virtualenv.py:122} INFO - Waiting for virtualenv lock to be released
[2025-09-12T16:56:22.970+0000] {virtualenv.py:178} INFO - Checking for running process with PID 3943
[2025-09-12T16:56:22.971+0000] {virtualenv.py:181} INFO - Process 3943 running: True and has the lock /tmp/cosmos_venv_ecom/cosmos_virtualenv.lock.
[2025-09-12T16:56:22.971+0000] {virtualenv.py:122} INFO - Waiting for virtualenv lock to be released
[2025-09-12T16:56:23.972+0000] {virtualenv.py:178} INFO - Checking for running process with PID 3943
[2025-09-12T16:56:23.973+0000] {virtualenv.py:181} INFO - Process 3943 running: True and has the lock /tmp/cosmos_venv_ecom/cosmos_virtualenv.lock.
[2025-09-12T16:56:23.973+0000] {virtualenv.py:122} INFO - Waiting for virtualenv lock to be released
[2025-09-12T16:56:24.975+0000] {virtualenv.py:178} INFO - Checking for running process with PID 3943
[2025-09-12T16:56:24.976+0000] {virtualenv.py:181} INFO - Process 3943 running: True and has the lock /tmp/cosmos_venv_ecom/cosmos_virtualenv.lock.
[2025-09-12T16:56:24.977+0000] {virtualenv.py:122} INFO - Waiting for virtualenv lock to be released
[2025-09-12T16:56:25.979+0000] {virtualenv.py:178} INFO - Checking for running process with PID 3943
[2025-09-12T16:56:25.981+0000] {virtualenv.py:181} INFO - Process 3943 running: True and has the lock /tmp/cosmos_venv_ecom/cosmos_virtualenv.lock.
[2025-09-12T16:56:25.982+0000] {virtualenv.py:122} INFO - Waiting for virtualenv lock to be released
[2025-09-12T16:56:26.984+0000] {virtualenv.py:178} INFO - Checking for running process with PID 3943
[2025-09-12T16:56:26.985+0000] {virtualenv.py:181} INFO - Process 3943 running: True and has the lock /tmp/cosmos_venv_ecom/cosmos_virtualenv.lock.
[2025-09-12T16:56:26.986+0000] {virtualenv.py:122} INFO - Waiting for virtualenv lock to be released
[2025-09-12T16:56:27.988+0000] {virtualenv.py:178} INFO - Checking for running process with PID 3944
[2025-09-12T16:56:27.989+0000] {virtualenv.py:181} INFO - Process 3944 running: True and has the lock /tmp/cosmos_venv_ecom/cosmos_virtualenv.lock.
[2025-09-12T16:56:27.989+0000] {virtualenv.py:122} INFO - Waiting for virtualenv lock to be released
[2025-09-12T16:56:28.991+0000] {virtualenv.py:178} INFO - Checking for running process with PID 3944
[2025-09-12T16:56:28.992+0000] {virtualenv.py:181} INFO - Process 3944 running: True and has the lock /tmp/cosmos_venv_ecom/cosmos_virtualenv.lock.
[2025-09-12T16:56:28.993+0000] {virtualenv.py:122} INFO - Waiting for virtualenv lock to be released
[2025-09-12T16:56:29.994+0000] {virtualenv.py:178} INFO - Checking for running process with PID 3944
[2025-09-12T16:56:29.996+0000] {virtualenv.py:181} INFO - Process 3944 running: True and has the lock /tmp/cosmos_venv_ecom/cosmos_virtualenv.lock.
[2025-09-12T16:56:29.996+0000] {virtualenv.py:122} INFO - Waiting for virtualenv lock to be released
[2025-09-12T16:56:30.998+0000] {virtualenv.py:178} INFO - Checking for running process with PID 3944
[2025-09-12T16:56:30.999+0000] {virtualenv.py:181} INFO - Process 3944 running: True and has the lock /tmp/cosmos_venv_ecom/cosmos_virtualenv.lock.
[2025-09-12T16:56:31.000+0000] {virtualenv.py:122} INFO - Waiting for virtualenv lock to be released
[2025-09-12T16:56:32.002+0000] {virtualenv.py:178} INFO - Checking for running process with PID 3944
[2025-09-12T16:56:32.002+0000] {virtualenv.py:181} INFO - Process 3944 running: True and has the lock /tmp/cosmos_venv_ecom/cosmos_virtualenv.lock.
[2025-09-12T16:56:32.003+0000] {virtualenv.py:122} INFO - Waiting for virtualenv lock to be released
[2025-09-12T16:56:33.005+0000] {virtualenv.py:178} INFO - Checking for running process with PID 3944
[2025-09-12T16:56:33.006+0000] {virtualenv.py:181} INFO - Process 3944 running: True and has the lock /tmp/cosmos_venv_ecom/cosmos_virtualenv.lock.
[2025-09-12T16:56:33.007+0000] {virtualenv.py:122} INFO - Waiting for virtualenv lock to be released
[2025-09-12T16:56:34.009+0000] {virtualenv.py:178} INFO - Checking for running process with PID 3944
[2025-09-12T16:56:34.010+0000] {virtualenv.py:181} INFO - Process 3944 running: True and has the lock /tmp/cosmos_venv_ecom/cosmos_virtualenv.lock.
[2025-09-12T16:56:34.011+0000] {virtualenv.py:122} INFO - Waiting for virtualenv lock to be released
[2025-09-12T16:56:35.012+0000] {virtualenv.py:178} INFO - Checking for running process with PID 3944
[2025-09-12T16:56:35.013+0000] {virtualenv.py:181} INFO - Process 3944 running: True and has the lock /tmp/cosmos_venv_ecom/cosmos_virtualenv.lock.
[2025-09-12T16:56:35.014+0000] {virtualenv.py:122} INFO - Waiting for virtualenv lock to be released
[2025-09-12T16:56:36.015+0000] {virtualenv.py:178} INFO - Checking for running process with PID 3944
[2025-09-12T16:56:36.016+0000] {virtualenv.py:181} INFO - Process 3944 running: True and has the lock /tmp/cosmos_venv_ecom/cosmos_virtualenv.lock.
[2025-09-12T16:56:36.017+0000] {virtualenv.py:122} INFO - Waiting for virtualenv lock to be released
[2025-09-12T16:56:37.019+0000] {virtualenv.py:178} INFO - Checking for running process with PID 3944
[2025-09-12T16:56:37.020+0000] {virtualenv.py:181} INFO - Process 3944 running: True and has the lock /tmp/cosmos_venv_ecom/cosmos_virtualenv.lock.
[2025-09-12T16:56:37.021+0000] {virtualenv.py:122} INFO - Waiting for virtualenv lock to be released
[2025-09-12T16:56:38.022+0000] {virtualenv.py:178} INFO - Checking for running process with PID 3944
[2025-09-12T16:56:38.023+0000] {virtualenv.py:181} INFO - Process 3944 running: True and has the lock /tmp/cosmos_venv_ecom/cosmos_virtualenv.lock.
[2025-09-12T16:56:38.023+0000] {virtualenv.py:122} INFO - Waiting for virtualenv lock to be released
[2025-09-12T16:56:39.025+0000] {virtualenv.py:178} INFO - Checking for running process with PID 3944
[2025-09-12T16:56:39.026+0000] {virtualenv.py:181} INFO - Process 3944 running: True and has the lock /tmp/cosmos_venv_ecom/cosmos_virtualenv.lock.
[2025-09-12T16:56:39.026+0000] {virtualenv.py:122} INFO - Waiting for virtualenv lock to be released
[2025-09-12T16:56:40.028+0000] {virtualenv.py:178} INFO - Checking for running process with PID 3944
[2025-09-12T16:56:40.029+0000] {virtualenv.py:181} INFO - Process 3944 running: True and has the lock /tmp/cosmos_venv_ecom/cosmos_virtualenv.lock.
[2025-09-12T16:56:40.030+0000] {virtualenv.py:122} INFO - Waiting for virtualenv lock to be released
[2025-09-12T16:56:41.032+0000] {virtualenv.py:178} INFO - Checking for running process with PID 3944
[2025-09-12T16:56:41.033+0000] {virtualenv.py:181} INFO - Process 3944 running: True and has the lock /tmp/cosmos_venv_ecom/cosmos_virtualenv.lock.
[2025-09-12T16:56:41.033+0000] {virtualenv.py:122} INFO - Waiting for virtualenv lock to be released
[2025-09-12T16:56:42.035+0000] {virtualenv.py:126} INFO - Acquiring the virtualenv lock
[2025-09-12T16:56:42.036+0000] {virtualenv.py:195} INFO - Acquiring lock at /tmp/cosmos_venv_ecom/cosmos_virtualenv.lock with pid 3945
[2025-09-12T16:56:42.037+0000] {virtualenv.py:153} INFO - Creating or updating the virtualenv at `/tmp/cosmos_venv_ecom
[2025-09-12T16:56:42.037+0000] {process_utils.py:183} INFO - Executing cmd: /home/***/.local/bin/python -m virtualenv /tmp/cosmos_venv_ecom --python=python3
[2025-09-12T16:56:42.039+0000] {process_utils.py:187} INFO - Output:
[2025-09-12T16:56:43.151+0000] {process_utils.py:191} INFO - created virtual environment CPython3.10.14.final.0-64 in 340ms
[2025-09-12T16:56:43.152+0000] {process_utils.py:191} INFO -   creator CPython3Posix(dest=/tmp/cosmos_venv_ecom, clear=False, no_vcs_ignore=False, global=False)
[2025-09-12T16:56:43.153+0000] {process_utils.py:191} INFO -   seeder FromAppData(download=False, pip=bundle, setuptools=bundle, wheel=bundle, via=copy, app_data_dir=/home/***/.local/share/virtualenv)
[2025-09-12T16:56:43.154+0000] {process_utils.py:191} INFO -     added seed packages: MarkupSafe==3.0.2, PyYAML==6.0.2, agate==1.9.1, annotated_types==0.7.0, attrs==25.3.0, babel==2.17.0, certifi==2025.8.3, charset_normalizer==3.4.3, click==8.2.1, clickhouse_connect==0.8.18, clickhouse_driver==0.2.9, colorama==0.4.6, daff==1.4.2, dbt_adapters==1.16.7, dbt_clickhouse==1.9.3, dbt_common==1.30.0, dbt_core==1.10.11, dbt_extractor==0.6.0, dbt_protos==1.0.375, dbt_semantic_interfaces==0.9.0, deepdiff==8.6.1, idna==3.10, importlib_metadata==8.7.0, isodate==0.6.1, jinja2==3.1.6, jsonschema==4.25.1, jsonschema_specifications==2025.9.1, leather==0.4.0, lz4==4.4.4, mashumaro==3.14, more_itertools==10.8.0, msgpack==1.1.1, networkx==3.4.2, orderly_set==5.5.0, packaging==25.0, parsedatetime==2.6, pathspec==0.12.1, pip==24.1, protobuf==6.32.1, pydantic==2.11.7, pydantic_core==2.33.2, python_dateutil==2.9.0.post0, python_slugify==8.0.4, pytimeparse==1.1.8, pytz==2025.2, referencing==0.36.2, requests==2.32.5, rpds_py==0.27.1, setuptools==70.1.0, six==1.17.0, snowplow_tracker==1.1.0, sqlparse==0.5.3, text_unidecode==1.3, typing_extensions==4.15.0, typing_inspection==0.4.1, tzlocal==5.3.1, urllib3==2.5.0, wheel==0.43.0, zipp==3.23.0, zstandard==0.24.0
[2025-09-12T16:56:43.155+0000] {process_utils.py:191} INFO -   activators BashActivator,CShellActivator,FishActivator,NushellActivator,PowerShellActivator,PythonActivator
[2025-09-12T16:56:43.207+0000] {process_utils.py:183} INFO - Executing cmd: /tmp/cosmos_venv_ecom/bin/pip install dbt-clickhouse
[2025-09-12T16:56:43.209+0000] {process_utils.py:187} INFO - Output:
[2025-09-12T16:56:44.452+0000] {process_utils.py:191} INFO - Requirement already satisfied: dbt-clickhouse in /tmp/cosmos_venv_ecom/lib/python3.10/site-packages (1.9.3)
[2025-09-12T16:56:44.454+0000] {process_utils.py:191} INFO - Requirement already satisfied: dbt-core>=1.9 in /tmp/cosmos_venv_ecom/lib/python3.10/site-packages (from dbt-clickhouse) (1.10.11)
[2025-09-12T16:56:44.454+0000] {process_utils.py:191} INFO - Requirement already satisfied: clickhouse-connect>=0.6.22 in /tmp/cosmos_venv_ecom/lib/python3.10/site-packages (from dbt-clickhouse) (0.8.18)
[2025-09-12T16:56:44.455+0000] {process_utils.py:191} INFO - Requirement already satisfied: clickhouse-driver>=0.2.6 in /tmp/cosmos_venv_ecom/lib/python3.10/site-packages (from dbt-clickhouse) (0.2.9)
[2025-09-12T16:56:44.456+0000] {process_utils.py:191} INFO - Requirement already satisfied: setuptools>=0.69 in /tmp/cosmos_venv_ecom/lib/python3.10/site-packages (from dbt-clickhouse) (70.1.0)
[2025-09-12T16:56:44.458+0000] {process_utils.py:191} INFO - Requirement already satisfied: certifi in /tmp/cosmos_venv_ecom/lib/python3.10/site-packages (from clickhouse-connect>=0.6.22->dbt-clickhouse) (2025.8.3)
[2025-09-12T16:56:44.459+0000] {process_utils.py:191} INFO - Requirement already satisfied: urllib3>=1.26 in /tmp/cosmos_venv_ecom/lib/python3.10/site-packages (from clickhouse-connect>=0.6.22->dbt-clickhouse) (2.5.0)
[2025-09-12T16:56:44.460+0000] {process_utils.py:191} INFO - Requirement already satisfied: pytz in /tmp/cosmos_venv_ecom/lib/python3.10/site-packages (from clickhouse-connect>=0.6.22->dbt-clickhouse) (2025.2)
[2025-09-12T16:56:44.461+0000] {process_utils.py:191} INFO - Requirement already satisfied: zstandard in /tmp/cosmos_venv_ecom/lib/python3.10/site-packages (from clickhouse-connect>=0.6.22->dbt-clickhouse) (0.24.0)
[2025-09-12T16:56:44.461+0000] {process_utils.py:191} INFO - Requirement already satisfied: lz4 in /tmp/cosmos_venv_ecom/lib/python3.10/site-packages (from clickhouse-connect>=0.6.22->dbt-clickhouse) (4.4.4)
[2025-09-12T16:56:44.462+0000] {process_utils.py:191} INFO - Requirement already satisfied: tzlocal in /tmp/cosmos_venv_ecom/lib/python3.10/site-packages (from clickhouse-driver>=0.2.6->dbt-clickhouse) (5.3.1)
[2025-09-12T16:56:44.466+0000] {process_utils.py:191} INFO - Requirement already satisfied: agate<1.10,>=1.7.0 in /tmp/cosmos_venv_ecom/lib/python3.10/site-packages (from dbt-core>=1.9->dbt-clickhouse) (1.9.1)
[2025-09-12T16:56:44.467+0000] {process_utils.py:191} INFO - Requirement already satisfied: Jinja2<4,>=3.1.3 in /tmp/cosmos_venv_ecom/lib/python3.10/site-packages (from dbt-core>=1.9->dbt-clickhouse) (3.1.6)
[2025-09-12T16:56:44.468+0000] {process_utils.py:191} INFO - Requirement already satisfied: mashumaro<3.15,>=3.9 in /tmp/cosmos_venv_ecom/lib/python3.10/site-packages (from mashumaro[msgpack]<3.15,>=3.9->dbt-core>=1.9->dbt-clickhouse) (3.14)
[2025-09-12T16:56:44.468+0000] {process_utils.py:191} INFO - Requirement already satisfied: click<9.0,>=8.0.2 in /tmp/cosmos_venv_ecom/lib/python3.10/site-packages (from dbt-core>=1.9->dbt-clickhouse) (8.2.1)
[2025-09-12T16:56:44.469+0000] {process_utils.py:191} INFO - Requirement already satisfied: jsonschema<5.0,>=4.19.1 in /tmp/cosmos_venv_ecom/lib/python3.10/site-packages (from dbt-core>=1.9->dbt-clickhouse) (4.25.1)
[2025-09-12T16:56:44.470+0000] {process_utils.py:191} INFO - Requirement already satisfied: networkx<4.0,>=2.3 in /tmp/cosmos_venv_ecom/lib/python3.10/site-packages (from dbt-core>=1.9->dbt-clickhouse) (3.4.2)
[2025-09-12T16:56:44.470+0000] {process_utils.py:191} INFO - Requirement already satisfied: protobuf<7.0,>=6.0 in /tmp/cosmos_venv_ecom/lib/python3.10/site-packages (from dbt-core>=1.9->dbt-clickhouse) (6.32.1)
[2025-09-12T16:56:44.471+0000] {process_utils.py:191} INFO - Requirement already satisfied: requests<3.0.0 in /tmp/cosmos_venv_ecom/lib/python3.10/site-packages (from dbt-core>=1.9->dbt-clickhouse) (2.32.5)
[2025-09-12T16:56:44.472+0000] {process_utils.py:191} INFO - Requirement already satisfied: snowplow-tracker<2.0,>=1.0.2 in /tmp/cosmos_venv_ecom/lib/python3.10/site-packages (from dbt-core>=1.9->dbt-clickhouse) (1.1.0)
[2025-09-12T16:56:44.473+0000] {process_utils.py:191} INFO - Requirement already satisfied: pathspec<0.13,>=0.9 in /tmp/cosmos_venv_ecom/lib/python3.10/site-packages (from dbt-core>=1.9->dbt-clickhouse) (0.12.1)
[2025-09-12T16:56:44.473+0000] {process_utils.py:191} INFO - Requirement already satisfied: sqlparse<0.6.0,>=0.5.0 in /tmp/cosmos_venv_ecom/lib/python3.10/site-packages (from dbt-core>=1.9->dbt-clickhouse) (0.5.3)
[2025-09-12T16:56:44.474+0000] {process_utils.py:191} INFO - Requirement already satisfied: dbt-extractor<=0.6,>=0.5.0 in /tmp/cosmos_venv_ecom/lib/python3.10/site-packages (from dbt-core>=1.9->dbt-clickhouse) (0.6.0)
[2025-09-12T16:56:44.474+0000] {process_utils.py:191} INFO - Requirement already satisfied: dbt-semantic-interfaces<0.10,>=0.9.0 in /tmp/cosmos_venv_ecom/lib/python3.10/site-packages (from dbt-core>=1.9->dbt-clickhouse) (0.9.0)
[2025-09-12T16:56:44.475+0000] {process_utils.py:191} INFO - Requirement already satisfied: dbt-common<2.0,>=1.27.0 in /tmp/cosmos_venv_ecom/lib/python3.10/site-packages (from dbt-core>=1.9->dbt-clickhouse) (1.30.0)
[2025-09-12T16:56:44.475+0000] {process_utils.py:191} INFO - Requirement already satisfied: dbt-adapters<2.0,>=1.15.5 in /tmp/cosmos_venv_ecom/lib/python3.10/site-packages (from dbt-core>=1.9->dbt-clickhouse) (1.16.7)
[2025-09-12T16:56:44.476+0000] {process_utils.py:191} INFO - Requirement already satisfied: dbt-protos<2.0,>=1.0.346 in /tmp/cosmos_venv_ecom/lib/python3.10/site-packages (from dbt-core>=1.9->dbt-clickhouse) (1.0.375)
[2025-09-12T16:56:44.476+0000] {process_utils.py:191} INFO - Requirement already satisfied: pydantic<3 in /tmp/cosmos_venv_ecom/lib/python3.10/site-packages (from dbt-core>=1.9->dbt-clickhouse) (2.11.7)
[2025-09-12T16:56:44.476+0000] {process_utils.py:191} INFO - Requirement already satisfied: packaging>20.9 in /tmp/cosmos_venv_ecom/lib/python3.10/site-packages (from dbt-core>=1.9->dbt-clickhouse) (25.0)
[2025-09-12T16:56:44.477+0000] {process_utils.py:191} INFO - Requirement already satisfied: pyyaml>=6.0 in /tmp/cosmos_venv_ecom/lib/python3.10/site-packages (from dbt-core>=1.9->dbt-clickhouse) (6.0.2)
[2025-09-12T16:56:44.477+0000] {process_utils.py:191} INFO - Requirement already satisfied: daff>=1.3.46 in /tmp/cosmos_venv_ecom/lib/python3.10/site-packages (from dbt-core>=1.9->dbt-clickhouse) (1.4.2)
[2025-09-12T16:56:44.478+0000] {process_utils.py:191} INFO - Requirement already satisfied: typing-extensions>=4.4 in /tmp/cosmos_venv_ecom/lib/python3.10/site-packages (from dbt-core>=1.9->dbt-clickhouse) (4.15.0)
[2025-09-12T16:56:44.485+0000] {process_utils.py:191} INFO - Requirement already satisfied: Babel>=2.0 in /tmp/cosmos_venv_ecom/lib/python3.10/site-packages (from agate<1.10,>=1.7.0->dbt-core>=1.9->dbt-clickhouse) (2.17.0)
[2025-09-12T16:56:44.485+0000] {process_utils.py:191} INFO - Requirement already satisfied: isodate>=0.5.4 in /tmp/cosmos_venv_ecom/lib/python3.10/site-packages (from agate<1.10,>=1.7.0->dbt-core>=1.9->dbt-clickhouse) (0.6.1)
[2025-09-12T16:56:44.486+0000] {process_utils.py:191} INFO - Requirement already satisfied: leather>=0.3.2 in /tmp/cosmos_venv_ecom/lib/python3.10/site-packages (from agate<1.10,>=1.7.0->dbt-core>=1.9->dbt-clickhouse) (0.4.0)
[2025-09-12T16:56:44.487+0000] {process_utils.py:191} INFO - Requirement already satisfied: parsedatetime!=2.5,>=2.1 in /tmp/cosmos_venv_ecom/lib/python3.10/site-packages (from agate<1.10,>=1.7.0->dbt-core>=1.9->dbt-clickhouse) (2.6)
[2025-09-12T16:56:44.487+0000] {process_utils.py:191} INFO - Requirement already satisfied: python-slugify>=1.2.1 in /tmp/cosmos_venv_ecom/lib/python3.10/site-packages (from agate<1.10,>=1.7.0->dbt-core>=1.9->dbt-clickhouse) (8.0.4)
[2025-09-12T16:56:44.488+0000] {process_utils.py:191} INFO - Requirement already satisfied: pytimeparse>=1.1.5 in /tmp/cosmos_venv_ecom/lib/python3.10/site-packages (from agate<1.10,>=1.7.0->dbt-core>=1.9->dbt-clickhouse) (1.1.8)
[2025-09-12T16:56:44.497+0000] {process_utils.py:191} INFO - Requirement already satisfied: colorama<0.5,>=0.3.9 in /tmp/cosmos_venv_ecom/lib/python3.10/site-packages (from dbt-common<2.0,>=1.27.0->dbt-core>=1.9->dbt-clickhouse) (0.4.6)
[2025-09-12T16:56:44.498+0000] {process_utils.py:191} INFO - Requirement already satisfied: deepdiff<9.0,>=7.0 in /tmp/cosmos_venv_ecom/lib/python3.10/site-packages (from dbt-common<2.0,>=1.27.0->dbt-core>=1.9->dbt-clickhouse) (8.6.1)
[2025-09-12T16:56:44.500+0000] {process_utils.py:191} INFO - Requirement already satisfied: python-dateutil<3.0,>=2.0 in /tmp/cosmos_venv_ecom/lib/python3.10/site-packages (from dbt-common<2.0,>=1.27.0->dbt-core>=1.9->dbt-clickhouse) (2.9.0.post0)
[2025-09-12T16:56:44.506+0000] {process_utils.py:191} INFO - Requirement already satisfied: importlib-metadata<9,>=6.0 in /tmp/cosmos_venv_ecom/lib/python3.10/site-packages (from dbt-semantic-interfaces<0.10,>=0.9.0->dbt-core>=1.9->dbt-clickhouse) (8.7.0)
[2025-09-12T16:56:44.507+0000] {process_utils.py:191} INFO - Requirement already satisfied: more-itertools<11.0,>=8.0 in /tmp/cosmos_venv_ecom/lib/python3.10/site-packages (from dbt-semantic-interfaces<0.10,>=0.9.0->dbt-core>=1.9->dbt-clickhouse) (10.8.0)
[2025-09-12T16:56:44.510+0000] {process_utils.py:191} INFO - Requirement already satisfied: MarkupSafe>=2.0 in /tmp/cosmos_venv_ecom/lib/python3.10/site-packages (from Jinja2<4,>=3.1.3->dbt-core>=1.9->dbt-clickhouse) (3.0.2)
[2025-09-12T16:56:44.515+0000] {process_utils.py:191} INFO - Requirement already satisfied: attrs>=22.2.0 in /tmp/cosmos_venv_ecom/lib/python3.10/site-packages (from jsonschema<5.0,>=4.19.1->dbt-core>=1.9->dbt-clickhouse) (25.3.0)
[2025-09-12T16:56:44.516+0000] {process_utils.py:191} INFO - Requirement already satisfied: jsonschema-specifications>=2023.03.6 in /tmp/cosmos_venv_ecom/lib/python3.10/site-packages (from jsonschema<5.0,>=4.19.1->dbt-core>=1.9->dbt-clickhouse) (2025.9.1)
[2025-09-12T16:56:44.516+0000] {process_utils.py:191} INFO - Requirement already satisfied: referencing>=0.28.4 in /tmp/cosmos_venv_ecom/lib/python3.10/site-packages (from jsonschema<5.0,>=4.19.1->dbt-core>=1.9->dbt-clickhouse) (0.36.2)
[2025-09-12T16:56:44.517+0000] {process_utils.py:191} INFO - Requirement already satisfied: rpds-py>=0.7.1 in /tmp/cosmos_venv_ecom/lib/python3.10/site-packages (from jsonschema<5.0,>=4.19.1->dbt-core>=1.9->dbt-clickhouse) (0.27.1)
[2025-09-12T16:56:44.524+0000] {process_utils.py:191} INFO - Requirement already satisfied: msgpack>=0.5.6 in /tmp/cosmos_venv_ecom/lib/python3.10/site-packages (from mashumaro[msgpack]<3.15,>=3.9->dbt-core>=1.9->dbt-clickhouse) (1.1.1)
[2025-09-12T16:56:44.538+0000] {process_utils.py:191} INFO - Requirement already satisfied: annotated-types>=0.6.0 in /tmp/cosmos_venv_ecom/lib/python3.10/site-packages (from pydantic<3->dbt-core>=1.9->dbt-clickhouse) (0.7.0)
[2025-09-12T16:56:44.539+0000] {process_utils.py:191} INFO - Requirement already satisfied: pydantic-core==2.33.2 in /tmp/cosmos_venv_ecom/lib/python3.10/site-packages (from pydantic<3->dbt-core>=1.9->dbt-clickhouse) (2.33.2)
[2025-09-12T16:56:44.539+0000] {process_utils.py:191} INFO - Requirement already satisfied: typing-inspection>=0.4.0 in /tmp/cosmos_venv_ecom/lib/python3.10/site-packages (from pydantic<3->dbt-core>=1.9->dbt-clickhouse) (0.4.1)
[2025-09-12T16:56:44.547+0000] {process_utils.py:191} INFO - Requirement already satisfied: charset_normalizer<4,>=2 in /tmp/cosmos_venv_ecom/lib/python3.10/site-packages (from requests<3.0.0->dbt-core>=1.9->dbt-clickhouse) (3.4.3)
[2025-09-12T16:56:44.548+0000] {process_utils.py:191} INFO - Requirement already satisfied: idna<4,>=2.5 in /tmp/cosmos_venv_ecom/lib/python3.10/site-packages (from requests<3.0.0->dbt-core>=1.9->dbt-clickhouse) (3.10)
[2025-09-12T16:56:44.589+0000] {process_utils.py:191} INFO - Requirement already satisfied: orderly-set<6,>=5.4.1 in /tmp/cosmos_venv_ecom/lib/python3.10/site-packages (from deepdiff<9.0,>=7.0->dbt-common<2.0,>=1.27.0->dbt-core>=1.9->dbt-clickhouse) (5.5.0)
[2025-09-12T16:56:44.598+0000] {process_utils.py:191} INFO - Requirement already satisfied: zipp>=3.20 in /tmp/cosmos_venv_ecom/lib/python3.10/site-packages (from importlib-metadata<9,>=6.0->dbt-semantic-interfaces<0.10,>=0.9.0->dbt-core>=1.9->dbt-clickhouse) (3.23.0)
[2025-09-12T16:56:44.600+0000] {process_utils.py:191} INFO - Requirement already satisfied: six in /tmp/cosmos_venv_ecom/lib/python3.10/site-packages (from isodate>=0.5.4->agate<1.10,>=1.7.0->dbt-core>=1.9->dbt-clickhouse) (1.17.0)
[2025-09-12T16:56:44.613+0000] {process_utils.py:191} INFO - Requirement already satisfied: text-unidecode>=1.3 in /tmp/cosmos_venv_ecom/lib/python3.10/site-packages (from python-slugify>=1.2.1->agate<1.10,>=1.7.0->dbt-core>=1.9->dbt-clickhouse) (1.3)
[2025-09-12T16:56:44.646+0000] {process_utils.py:191} INFO - 
[2025-09-12T16:56:44.647+0000] {process_utils.py:191} INFO - [notice] A new release of pip is available: 24.1 -> 25.2
[2025-09-12T16:56:44.648+0000] {process_utils.py:191} INFO - [notice] To update, run: python -m pip install --upgrade pip
[2025-09-12T16:56:44.730+0000] {local.py:470} INFO - Cloning project to writable temp directory /tmp/tmpt56rte5f from /opt/airflow/dags/dbt/ecom_staging
[2025-09-12T16:56:44.745+0000] {local.py:490} INFO - Partial parse is enabled and the latest partial parse file is /tmp/cosmos/dbt_ecom_cosmos__dbt_ecom/target/partial_parse.msgpack
[2025-09-12T16:56:44.755+0000] {config.py:362} INFO - Using user-supplied profiles.yml at /opt/airflow/dags/dbt/ecom_staging/profiles.yml
[2025-09-12T16:56:44.764+0000] {virtualenv.py:99} INFO - Using Python binary from virtualenv: /tmp/cosmos_venv_ecom/bin/python
[2025-09-12T16:56:44.764+0000] {local.py:434} INFO - Trying to run the command:
 ['/tmp/cosmos_venv_ecom/bin/dbt', 'deps', '--project-dir', '/tmp/tmpt56rte5f', '--profiles-dir', '/opt/***/dags/dbt/ecom_staging', '--profile', 'ecom_staging', '--target', 'dev']
From /tmp/tmpt56rte5f
[2025-09-12T16:56:44.765+0000] {subprocess.py:56} INFO - Tmp dir root location: 
 /tmp
[2025-09-12T16:56:44.765+0000] {subprocess.py:69} INFO - Running command: ['/tmp/cosmos_venv_ecom/bin/dbt', 'deps', '--project-dir', '/tmp/tmpt56rte5f', '--profiles-dir', '/opt/***/dags/dbt/ecom_staging', '--profile', 'ecom_staging', '--target', 'dev']
[2025-09-12T16:56:44.775+0000] {subprocess.py:80} INFO - Command output:
[2025-09-12T16:56:46.671+0000] {subprocess.py:90} INFO - [0m16:56:46  Running with dbt=1.10.11
[2025-09-12T16:56:47.446+0000] {subprocess.py:90} INFO - [0m16:56:47  Installing dbt-labs/dbt_utils
[2025-09-12T16:56:48.423+0000] {subprocess.py:90} INFO - [0m16:56:48  Installed from version 1.3.0
[2025-09-12T16:56:48.423+0000] {subprocess.py:90} INFO - [0m16:56:48  Updated version available: 1.3.1
[2025-09-12T16:56:48.424+0000] {subprocess.py:90} INFO - [0m16:56:48
[2025-09-12T16:56:48.424+0000] {subprocess.py:90} INFO - [0m16:56:48  Updates available for packages: ['dbt-labs/dbt_utils']
[2025-09-12T16:56:48.425+0000] {subprocess.py:90} INFO - Update your versions in packages.yml, then run dbt deps
[2025-09-12T16:56:50.510+0000] {subprocess.py:94} INFO - Command exited with return code 0
[2025-09-12T16:56:50.511+0000] {local.py:441} INFO - Update your versions in packages.yml, then run dbt deps
[2025-09-12T16:56:50.512+0000] {virtualenv.py:99} INFO - Using Python binary from virtualenv: /tmp/cosmos_venv_ecom/bin/python
[2025-09-12T16:56:50.513+0000] {local.py:434} INFO - Trying to run the command:
 ['/tmp/cosmos_venv_ecom/bin/dbt', 'run', '--models', 'stg_categories', '--project-dir', '/tmp/tmpt56rte5f', '--profiles-dir', '/opt/***/dags/dbt/ecom_staging', '--profile', 'ecom_staging', '--target', 'dev']
From /tmp/tmpt56rte5f
[2025-09-12T16:56:50.513+0000] {subprocess.py:56} INFO - Tmp dir root location: 
 /tmp
[2025-09-12T16:56:50.513+0000] {subprocess.py:69} INFO - Running command: ['/tmp/cosmos_venv_ecom/bin/dbt', 'run', '--models', 'stg_categories', '--project-dir', '/tmp/tmpt56rte5f', '--profiles-dir', '/opt/***/dags/dbt/ecom_staging', '--profile', 'ecom_staging', '--target', 'dev']
[2025-09-12T16:56:50.523+0000] {subprocess.py:80} INFO - Command output:
[2025-09-12T16:56:52.599+0000] {subprocess.py:90} INFO - [0m16:56:52  Running with dbt=1.10.11
[2025-09-12T16:56:52.601+0000] {subprocess.py:90} INFO - [0m16:56:52  [[33mWARNING[0m]: Deprecated functionality
[2025-09-12T16:56:52.601+0000] {subprocess.py:90} INFO - Usage of `--models`, `--model`, and `-m` is deprecated in favor of `--select` or
[2025-09-12T16:56:52.601+0000] {subprocess.py:90} INFO - `-s`.
[2025-09-12T16:56:52.874+0000] {subprocess.py:90} INFO - [0m16:56:52  Registered adapter: clickhouse=1.9.3
[2025-09-12T16:56:53.614+0000] {subprocess.py:90} INFO - [0m16:56:53  Found 8 models, 27 data tests, 8 sources, 597 macros
[2025-09-12T16:56:53.617+0000] {subprocess.py:90} INFO - [0m16:56:53
[2025-09-12T16:56:53.618+0000] {subprocess.py:90} INFO - [0m16:56:53  Concurrency: 4 threads (target='dev')
[2025-09-12T16:56:53.618+0000] {subprocess.py:90} INFO - [0m16:56:53
[2025-09-12T16:56:53.755+0000] {subprocess.py:90} INFO - [0m16:56:53  1 of 1 START sql view model `ecom_db_staging`.`stg_categories` ................. [RUN]
[2025-09-12T16:56:53.835+0000] {subprocess.py:90} INFO - [0m16:56:53  1 of 1 OK created sql view model `ecom_db_staging`.`stg_categories` ............ [[32mOK[0m in 0.08s]
[2025-09-12T16:56:53.839+0000] {subprocess.py:90} INFO - [0m16:56:53
[2025-09-12T16:56:53.840+0000] {subprocess.py:90} INFO - [0m16:56:53  Finished running 1 view model in 0 hours 0 minutes and 0.22 seconds (0.22s).
[2025-09-12T16:56:53.898+0000] {subprocess.py:90} INFO - [0m16:56:53
[2025-09-12T16:56:53.900+0000] {subprocess.py:90} INFO - [0m16:56:53  [32mCompleted successfully[0m
[2025-09-12T16:56:53.901+0000] {subprocess.py:90} INFO - [0m16:56:53
[2025-09-12T16:56:53.902+0000] {subprocess.py:90} INFO - [0m16:56:53  Done. PASS=1 WARN=0 ERROR=0 SKIP=0 NO-OP=0 TOTAL=1
[2025-09-12T16:56:53.903+0000] {subprocess.py:90} INFO - [0m16:56:53  [[33mWARNING[0m][DeprecationsSummary]: Deprecated functionality
[2025-09-12T16:56:53.903+0000] {subprocess.py:90} INFO - Summary of encountered deprecations:
[2025-09-12T16:56:53.903+0000] {subprocess.py:90} INFO - - ModelParamUsageDeprecation: 1 occurrence
[2025-09-12T16:56:53.904+0000] {subprocess.py:90} INFO - To see all deprecation instances instead of just the first occurrence of each,
[2025-09-12T16:56:53.904+0000] {subprocess.py:90} INFO - run command again with the `--show-all-deprecations` flag. You may also need to
[2025-09-12T16:56:53.905+0000] {subprocess.py:90} INFO - run with `--no-partial-parse` as some deprecations are only encountered during
[2025-09-12T16:56:53.905+0000] {subprocess.py:90} INFO - parsing.
[2025-09-12T16:56:55.687+0000] {subprocess.py:94} INFO - Command exited with return code 0
[2025-09-12T16:56:55.688+0000] {local.py:441} INFO - parsing.
[2025-09-12T16:56:55.703+0000] {local.py:196} WARNING - Artifact schema version: https://schemas.getdbt.com/dbt/manifest/v12.json is above dbt-ol supported version 7. This might cause errors.
[2025-09-12T16:56:55.704+0000] {local.py:196} WARNING - Artifact schema version: https://schemas.getdbt.com/dbt/run-results/v6.json is above dbt-ol supported version 5. This might cause errors.
[2025-09-12T16:56:55.711+0000] {local.py:547} INFO - Inlets: []
[2025-09-12T16:56:55.712+0000] {local.py:548} INFO - Outlets: []
[2025-09-12T16:56:55.713+0000] {local.py:772} INFO - Assigning inlets/outlets without DatasetAlias
[2025-09-12T16:56:55.713+0000] {dag.py:3089} INFO - Sync 1 DAGs
[2025-09-12T16:56:55.769+0000] {dag.py:3947} INFO - Setting next_dagrun for dbt_ecom_cosmos to 2025-09-12 00:00:00+00:00, run_after=2025-09-13 00:00:00+00:00
[2025-09-12T16:56:55.853+0000] {virtualenv.py:131} INFO - Releasing virtualenv lock
[2025-09-12T16:56:55.854+0000] {virtualenv.py:145} INFO - None
[2025-09-12T16:56:55.854+0000] {taskinstance.py:441} INFO - ::group::Post task execution logs
[2025-09-12T16:56:55.892+0000] {taskinstance.py:1206} INFO - Marking task as SUCCESS. dag_id=dbt_ecom_cosmos, task_id=dbt_ecom.stg_categories_run, run_id=manual__2025-09-12T16:54:55.504776+00:00, execution_date=20250912T165455, start_date=20250912T165500, end_date=20250912T165655
[2025-09-12T16:56:55.942+0000] {local_task_job_runner.py:243} INFO - Task exited with return code 0
[2025-09-12T16:56:55.994+0000] {taskinstance.py:3503} INFO - 0 downstream tasks scheduled from follow-on schedule check
[2025-09-12T16:56:56.004+0000] {local_task_job_runner.py:222} INFO - ::endgroup::
