[2025-09-13T09:40:35.945+0000] {local_task_job_runner.py:120} INFO - ::group::Pre task execution logs
[2025-09-13T09:40:36.212+0000] {taskinstance.py:2076} INFO - Dependencies all met for dep_context=non-requeueable deps ti=<TaskInstance: dbt_marts.marts.fct_customer_activity.run scheduled__2025-09-12T00:00:00+00:00 [queued]>
[2025-09-13T09:40:36.269+0000] {taskinstance.py:2076} INFO - Dependencies all met for dep_context=requeueable deps ti=<TaskInstance: dbt_marts.marts.fct_customer_activity.run scheduled__2025-09-12T00:00:00+00:00 [queued]>
[2025-09-13T09:40:36.271+0000] {taskinstance.py:2306} INFO - Starting attempt 1 of 1
[2025-09-13T09:40:36.319+0000] {taskinstance.py:2330} INFO - Executing <Task(DbtRunVirtualenvOperator): marts.fct_customer_activity.run> on 2025-09-12 00:00:00+00:00
[2025-09-13T09:40:36.329+0000] {standard_task_runner.py:64} INFO - Started process 6179 to run task
[2025-09-13T09:40:36.341+0000] {standard_task_runner.py:90} INFO - Running: ['***', 'tasks', 'run', 'dbt_marts', 'marts.fct_customer_activity.run', 'scheduled__2025-09-12T00:00:00+00:00', '--job-id', '190', '--raw', '--subdir', 'DAGS_FOLDER/dbt_marts.py', '--cfg-path', '/tmp/tmpbxtiqq68']
[2025-09-13T09:40:36.347+0000] {standard_task_runner.py:91} INFO - Job 190: Subtask marts.fct_customer_activity.run
[2025-09-13T09:40:37.001+0000] {task_command.py:426} INFO - Running <TaskInstance: dbt_marts.marts.fct_customer_activity.run scheduled__2025-09-12T00:00:00+00:00 [running]> on host e95bde6b8d07
[2025-09-13T09:40:38.011+0000] {taskinstance.py:2648} INFO - Exporting env vars: AIRFLOW_CTX_DAG_OWNER='***' AIRFLOW_CTX_DAG_ID='dbt_marts' AIRFLOW_CTX_TASK_ID='marts.fct_customer_activity.run' AIRFLOW_CTX_EXECUTION_DATE='2025-09-12T00:00:00+00:00' AIRFLOW_CTX_TRY_NUMBER='1' AIRFLOW_CTX_DAG_RUN_ID='scheduled__2025-09-12T00:00:00+00:00'
[2025-09-13T09:40:38.014+0000] {taskinstance.py:430} INFO - ::endgroup::
[2025-09-13T09:40:38.045+0000] {virtualenv.py:120} INFO - Checking if the virtualenv lock /tmp/cosmos_venv_ecom/cosmos_virtualenv.lock exists
[2025-09-13T09:40:38.050+0000] {virtualenv.py:178} INFO - Checking for running process with PID 6178
[2025-09-13T09:40:38.052+0000] {virtualenv.py:181} INFO - Process 6178 running: True and has the lock /tmp/cosmos_venv_ecom/cosmos_virtualenv.lock.
[2025-09-13T09:40:38.052+0000] {virtualenv.py:122} INFO - Waiting for virtualenv lock to be released
[2025-09-13T09:40:39.054+0000] {virtualenv.py:178} INFO - Checking for running process with PID 6178
[2025-09-13T09:40:39.055+0000] {virtualenv.py:181} INFO - Process 6178 running: True and has the lock /tmp/cosmos_venv_ecom/cosmos_virtualenv.lock.
[2025-09-13T09:40:39.056+0000] {virtualenv.py:122} INFO - Waiting for virtualenv lock to be released
[2025-09-13T09:40:40.057+0000] {virtualenv.py:178} INFO - Checking for running process with PID 6178
[2025-09-13T09:40:40.058+0000] {virtualenv.py:181} INFO - Process 6178 running: True and has the lock /tmp/cosmos_venv_ecom/cosmos_virtualenv.lock.
[2025-09-13T09:40:40.058+0000] {virtualenv.py:122} INFO - Waiting for virtualenv lock to be released
[2025-09-13T09:40:41.060+0000] {virtualenv.py:178} INFO - Checking for running process with PID 6178
[2025-09-13T09:40:41.062+0000] {virtualenv.py:181} INFO - Process 6178 running: True and has the lock /tmp/cosmos_venv_ecom/cosmos_virtualenv.lock.
[2025-09-13T09:40:41.065+0000] {virtualenv.py:122} INFO - Waiting for virtualenv lock to be released
[2025-09-13T09:40:42.067+0000] {virtualenv.py:178} INFO - Checking for running process with PID 6178
[2025-09-13T09:40:42.067+0000] {virtualenv.py:181} INFO - Process 6178 running: True and has the lock /tmp/cosmos_venv_ecom/cosmos_virtualenv.lock.
[2025-09-13T09:40:42.068+0000] {virtualenv.py:122} INFO - Waiting for virtualenv lock to be released
[2025-09-13T09:40:43.070+0000] {virtualenv.py:178} INFO - Checking for running process with PID 6178
[2025-09-13T09:40:43.071+0000] {virtualenv.py:181} INFO - Process 6178 running: True and has the lock /tmp/cosmos_venv_ecom/cosmos_virtualenv.lock.
[2025-09-13T09:40:43.071+0000] {virtualenv.py:122} INFO - Waiting for virtualenv lock to be released
[2025-09-13T09:40:44.073+0000] {virtualenv.py:178} INFO - Checking for running process with PID 6178
[2025-09-13T09:40:44.074+0000] {virtualenv.py:181} INFO - Process 6178 running: True and has the lock /tmp/cosmos_venv_ecom/cosmos_virtualenv.lock.
[2025-09-13T09:40:44.074+0000] {virtualenv.py:122} INFO - Waiting for virtualenv lock to be released
[2025-09-13T09:40:45.076+0000] {virtualenv.py:178} INFO - Checking for running process with PID 6178
[2025-09-13T09:40:45.077+0000] {virtualenv.py:181} INFO - Process 6178 running: True and has the lock /tmp/cosmos_venv_ecom/cosmos_virtualenv.lock.
[2025-09-13T09:40:45.077+0000] {virtualenv.py:122} INFO - Waiting for virtualenv lock to be released
[2025-09-13T09:40:46.079+0000] {virtualenv.py:178} INFO - Checking for running process with PID 6178
[2025-09-13T09:40:46.080+0000] {virtualenv.py:181} INFO - Process 6178 running: True and has the lock /tmp/cosmos_venv_ecom/cosmos_virtualenv.lock.
[2025-09-13T09:40:46.081+0000] {virtualenv.py:122} INFO - Waiting for virtualenv lock to be released
[2025-09-13T09:40:47.083+0000] {virtualenv.py:178} INFO - Checking for running process with PID 6178
[2025-09-13T09:40:47.084+0000] {virtualenv.py:181} INFO - Process 6178 running: True and has the lock /tmp/cosmos_venv_ecom/cosmos_virtualenv.lock.
[2025-09-13T09:40:47.085+0000] {virtualenv.py:122} INFO - Waiting for virtualenv lock to be released
[2025-09-13T09:40:48.087+0000] {virtualenv.py:178} INFO - Checking for running process with PID 6178
[2025-09-13T09:40:48.088+0000] {virtualenv.py:181} INFO - Process 6178 running: True and has the lock /tmp/cosmos_venv_ecom/cosmos_virtualenv.lock.
[2025-09-13T09:40:48.088+0000] {virtualenv.py:122} INFO - Waiting for virtualenv lock to be released
[2025-09-13T09:40:49.089+0000] {virtualenv.py:178} INFO - Checking for running process with PID 6178
[2025-09-13T09:40:49.090+0000] {virtualenv.py:181} INFO - Process 6178 running: True and has the lock /tmp/cosmos_venv_ecom/cosmos_virtualenv.lock.
[2025-09-13T09:40:49.090+0000] {virtualenv.py:122} INFO - Waiting for virtualenv lock to be released
[2025-09-13T09:40:50.092+0000] {virtualenv.py:178} INFO - Checking for running process with PID 6178
[2025-09-13T09:40:50.093+0000] {virtualenv.py:181} INFO - Process 6178 running: True and has the lock /tmp/cosmos_venv_ecom/cosmos_virtualenv.lock.
[2025-09-13T09:40:50.093+0000] {virtualenv.py:122} INFO - Waiting for virtualenv lock to be released
[2025-09-13T09:40:51.094+0000] {virtualenv.py:178} INFO - Checking for running process with PID 6178
[2025-09-13T09:40:51.095+0000] {virtualenv.py:181} INFO - Process 6178 running: True and has the lock /tmp/cosmos_venv_ecom/cosmos_virtualenv.lock.
[2025-09-13T09:40:51.096+0000] {virtualenv.py:122} INFO - Waiting for virtualenv lock to be released
[2025-09-13T09:40:52.098+0000] {virtualenv.py:178} INFO - Checking for running process with PID 6178
[2025-09-13T09:40:52.100+0000] {virtualenv.py:181} INFO - Process 6178 running: True and has the lock /tmp/cosmos_venv_ecom/cosmos_virtualenv.lock.
[2025-09-13T09:40:52.101+0000] {virtualenv.py:122} INFO - Waiting for virtualenv lock to be released
[2025-09-13T09:40:53.103+0000] {virtualenv.py:178} INFO - Checking for running process with PID 6178
[2025-09-13T09:40:53.104+0000] {virtualenv.py:181} INFO - Process 6178 running: True and has the lock /tmp/cosmos_venv_ecom/cosmos_virtualenv.lock.
[2025-09-13T09:40:53.104+0000] {virtualenv.py:122} INFO - Waiting for virtualenv lock to be released
[2025-09-13T09:40:54.106+0000] {virtualenv.py:178} INFO - Checking for running process with PID 6178
[2025-09-13T09:40:54.107+0000] {virtualenv.py:181} INFO - Process 6178 running: True and has the lock /tmp/cosmos_venv_ecom/cosmos_virtualenv.lock.
[2025-09-13T09:40:54.107+0000] {virtualenv.py:122} INFO - Waiting for virtualenv lock to be released
[2025-09-13T09:40:55.109+0000] {virtualenv.py:178} INFO - Checking for running process with PID 6178
[2025-09-13T09:40:55.110+0000] {virtualenv.py:181} INFO - Process 6178 running: True and has the lock /tmp/cosmos_venv_ecom/cosmos_virtualenv.lock.
[2025-09-13T09:40:55.110+0000] {virtualenv.py:122} INFO - Waiting for virtualenv lock to be released
[2025-09-13T09:40:56.112+0000] {virtualenv.py:178} INFO - Checking for running process with PID 6192
[2025-09-13T09:40:56.113+0000] {virtualenv.py:181} INFO - Process 6192 running: True and has the lock /tmp/cosmos_venv_ecom/cosmos_virtualenv.lock.
[2025-09-13T09:40:56.114+0000] {virtualenv.py:122} INFO - Waiting for virtualenv lock to be released
[2025-09-13T09:40:57.114+0000] {virtualenv.py:178} INFO - Checking for running process with PID 6192
[2025-09-13T09:40:57.115+0000] {virtualenv.py:181} INFO - Process 6192 running: True and has the lock /tmp/cosmos_venv_ecom/cosmos_virtualenv.lock.
[2025-09-13T09:40:57.115+0000] {virtualenv.py:122} INFO - Waiting for virtualenv lock to be released
[2025-09-13T09:40:58.117+0000] {virtualenv.py:178} INFO - Checking for running process with PID 6192
[2025-09-13T09:40:58.118+0000] {virtualenv.py:181} INFO - Process 6192 running: True and has the lock /tmp/cosmos_venv_ecom/cosmos_virtualenv.lock.
[2025-09-13T09:40:58.119+0000] {virtualenv.py:122} INFO - Waiting for virtualenv lock to be released
[2025-09-13T09:40:59.120+0000] {virtualenv.py:178} INFO - Checking for running process with PID 6192
[2025-09-13T09:40:59.121+0000] {virtualenv.py:181} INFO - Process 6192 running: True and has the lock /tmp/cosmos_venv_ecom/cosmos_virtualenv.lock.
[2025-09-13T09:40:59.122+0000] {virtualenv.py:122} INFO - Waiting for virtualenv lock to be released
[2025-09-13T09:41:00.123+0000] {virtualenv.py:178} INFO - Checking for running process with PID 6192
[2025-09-13T09:41:00.127+0000] {virtualenv.py:181} INFO - Process 6192 running: True and has the lock /tmp/cosmos_venv_ecom/cosmos_virtualenv.lock.
[2025-09-13T09:41:00.128+0000] {virtualenv.py:122} INFO - Waiting for virtualenv lock to be released
[2025-09-13T09:41:01.129+0000] {virtualenv.py:178} INFO - Checking for running process with PID 6192
[2025-09-13T09:41:01.131+0000] {virtualenv.py:181} INFO - Process 6192 running: True and has the lock /tmp/cosmos_venv_ecom/cosmos_virtualenv.lock.
[2025-09-13T09:41:01.132+0000] {virtualenv.py:122} INFO - Waiting for virtualenv lock to be released
[2025-09-13T09:41:02.133+0000] {virtualenv.py:178} INFO - Checking for running process with PID 6192
[2025-09-13T09:41:02.134+0000] {virtualenv.py:181} INFO - Process 6192 running: True and has the lock /tmp/cosmos_venv_ecom/cosmos_virtualenv.lock.
[2025-09-13T09:41:02.136+0000] {virtualenv.py:122} INFO - Waiting for virtualenv lock to be released
[2025-09-13T09:41:03.141+0000] {virtualenv.py:178} INFO - Checking for running process with PID 6192
[2025-09-13T09:41:03.149+0000] {virtualenv.py:181} INFO - Process 6192 running: True and has the lock /tmp/cosmos_venv_ecom/cosmos_virtualenv.lock.
[2025-09-13T09:41:03.151+0000] {virtualenv.py:122} INFO - Waiting for virtualenv lock to be released
[2025-09-13T09:41:04.156+0000] {virtualenv.py:178} INFO - Checking for running process with PID 6194
[2025-09-13T09:41:04.158+0000] {virtualenv.py:181} INFO - Process 6194 running: True and has the lock /tmp/cosmos_venv_ecom/cosmos_virtualenv.lock.
[2025-09-13T09:41:04.159+0000] {virtualenv.py:122} INFO - Waiting for virtualenv lock to be released
[2025-09-13T09:41:05.162+0000] {virtualenv.py:178} INFO - Checking for running process with PID 6194
[2025-09-13T09:41:05.164+0000] {virtualenv.py:181} INFO - Process 6194 running: True and has the lock /tmp/cosmos_venv_ecom/cosmos_virtualenv.lock.
[2025-09-13T09:41:05.166+0000] {virtualenv.py:122} INFO - Waiting for virtualenv lock to be released
[2025-09-13T09:41:06.169+0000] {virtualenv.py:178} INFO - Checking for running process with PID 6194
[2025-09-13T09:41:06.171+0000] {virtualenv.py:181} INFO - Process 6194 running: True and has the lock /tmp/cosmos_venv_ecom/cosmos_virtualenv.lock.
[2025-09-13T09:41:06.172+0000] {virtualenv.py:122} INFO - Waiting for virtualenv lock to be released
[2025-09-13T09:41:07.177+0000] {virtualenv.py:178} INFO - Checking for running process with PID 6194
[2025-09-13T09:41:07.178+0000] {virtualenv.py:181} INFO - Process 6194 running: True and has the lock /tmp/cosmos_venv_ecom/cosmos_virtualenv.lock.
[2025-09-13T09:41:07.178+0000] {virtualenv.py:122} INFO - Waiting for virtualenv lock to be released
[2025-09-13T09:41:07.411+0000] {local_task_job_runner.py:313} WARNING - State of this instance has been externally set to failed. Terminating instance.
[2025-09-13T09:41:07.412+0000] {local_task_job_runner.py:222} INFO - ::endgroup::
[2025-09-13T09:41:07.417+0000] {process_utils.py:132} INFO - Sending 15 to group 6179. PIDs of all processes in the group: [6179]
[2025-09-13T09:41:07.417+0000] {process_utils.py:87} INFO - Sending the signal 15 to group 6179
[2025-09-13T09:41:07.418+0000] {taskinstance.py:2611} ERROR - Received SIGTERM. Terminating subprocesses.
[2025-09-13T09:41:07.419+0000] {virtualenv.py:131} INFO - Releasing virtualenv lock
[2025-09-13T09:41:07.419+0000] {virtualenv.py:210} WARNING - Lockfile owned by process of pid 6194, while operator has pid 6179
[2025-09-13T09:41:07.420+0000] {taskinstance.py:441} INFO - ::group::Post task execution logs
[2025-09-13T09:41:07.512+0000] {process_utils.py:80} INFO - Process psutil.Process(pid=6179, status='terminated', exitcode=0, started='09:40:35') (6179) terminated with exit code 0
