[2025-09-14T12:48:12.669+0000] {local_task_job_runner.py:120} INFO - ::group::Pre task execution logs
[2025-09-14T12:48:14.870+0000] {taskinstance.py:2076} INFO - Dependencies all met for dep_context=non-requeueable deps ti=<TaskInstance: dbt_marts.marts.fct_customer_orders.run manual__2025-09-14T12:48:04.032802+00:00 [queued]>
[2025-09-14T12:48:15.050+0000] {taskinstance.py:2076} INFO - Dependencies all met for dep_context=requeueable deps ti=<TaskInstance: dbt_marts.marts.fct_customer_orders.run manual__2025-09-14T12:48:04.032802+00:00 [queued]>
[2025-09-14T12:48:15.052+0000] {taskinstance.py:2306} INFO - Starting attempt 1 of 1
[2025-09-14T12:48:15.369+0000] {taskinstance.py:2330} INFO - Executing <Task(DbtRunVirtualenvOperator): marts.fct_customer_orders.run> on 2025-09-14 12:48:04.032802+00:00
[2025-09-14T12:48:15.391+0000] {standard_task_runner.py:64} INFO - Started process 1218 to run task
[2025-09-14T12:48:15.407+0000] {standard_task_runner.py:90} INFO - Running: ['***', 'tasks', 'run', 'dbt_marts', 'marts.fct_customer_orders.run', 'manual__2025-09-14T12:48:04.032802+00:00', '--job-id', '289', '--raw', '--subdir', 'DAGS_FOLDER/dbt_marts.py', '--cfg-path', '/tmp/tmphls8tiif']
[2025-09-14T12:48:15.418+0000] {standard_task_runner.py:91} INFO - Job 289: Subtask marts.fct_customer_orders.run
[2025-09-14T12:48:16.903+0000] {task_command.py:426} INFO - Running <TaskInstance: dbt_marts.marts.fct_customer_orders.run manual__2025-09-14T12:48:04.032802+00:00 [running]> on host e95bde6b8d07
[2025-09-14T12:48:18.833+0000] {taskinstance.py:2648} INFO - Exporting env vars: AIRFLOW_CTX_DAG_OWNER='***' AIRFLOW_CTX_DAG_ID='dbt_marts' AIRFLOW_CTX_TASK_ID='marts.fct_customer_orders.run' AIRFLOW_CTX_EXECUTION_DATE='2025-09-14T12:48:04.032802+00:00' AIRFLOW_CTX_TRY_NUMBER='1' AIRFLOW_CTX_DAG_RUN_ID='manual__2025-09-14T12:48:04.032802+00:00'
[2025-09-14T12:48:18.837+0000] {taskinstance.py:430} INFO - ::endgroup::
[2025-09-14T12:48:18.866+0000] {virtualenv.py:120} INFO - Checking if the virtualenv lock /tmp/cosmos_venv_ecom_marts/cosmos_virtualenv.lock exists
[2025-09-14T12:48:18.869+0000] {virtualenv.py:178} INFO - Checking for running process with PID 1198
[2025-09-14T12:48:18.872+0000] {virtualenv.py:181} INFO - Process 1198 running: True and has the lock /tmp/cosmos_venv_ecom_marts/cosmos_virtualenv.lock.
[2025-09-14T12:48:18.872+0000] {virtualenv.py:122} INFO - Waiting for virtualenv lock to be released
[2025-09-14T12:48:19.876+0000] {virtualenv.py:178} INFO - Checking for running process with PID 1198
[2025-09-14T12:48:19.877+0000] {virtualenv.py:181} INFO - Process 1198 running: True and has the lock /tmp/cosmos_venv_ecom_marts/cosmos_virtualenv.lock.
[2025-09-14T12:48:19.877+0000] {virtualenv.py:122} INFO - Waiting for virtualenv lock to be released
[2025-09-14T12:48:20.879+0000] {virtualenv.py:178} INFO - Checking for running process with PID 1198
[2025-09-14T12:48:20.880+0000] {virtualenv.py:181} INFO - Process 1198 running: True and has the lock /tmp/cosmos_venv_ecom_marts/cosmos_virtualenv.lock.
[2025-09-14T12:48:20.881+0000] {virtualenv.py:122} INFO - Waiting for virtualenv lock to be released
[2025-09-14T12:48:21.881+0000] {virtualenv.py:178} INFO - Checking for running process with PID 1198
[2025-09-14T12:48:21.882+0000] {virtualenv.py:181} INFO - Process 1198 running: True and has the lock /tmp/cosmos_venv_ecom_marts/cosmos_virtualenv.lock.
[2025-09-14T12:48:21.882+0000] {virtualenv.py:122} INFO - Waiting for virtualenv lock to be released
[2025-09-14T12:48:22.884+0000] {virtualenv.py:178} INFO - Checking for running process with PID 1198
[2025-09-14T12:48:22.885+0000] {virtualenv.py:181} INFO - Process 1198 running: True and has the lock /tmp/cosmos_venv_ecom_marts/cosmos_virtualenv.lock.
[2025-09-14T12:48:22.886+0000] {virtualenv.py:122} INFO - Waiting for virtualenv lock to be released
[2025-09-14T12:48:23.888+0000] {virtualenv.py:178} INFO - Checking for running process with PID 1198
[2025-09-14T12:48:23.889+0000] {virtualenv.py:181} INFO - Process 1198 running: True and has the lock /tmp/cosmos_venv_ecom_marts/cosmos_virtualenv.lock.
[2025-09-14T12:48:23.890+0000] {virtualenv.py:122} INFO - Waiting for virtualenv lock to be released
[2025-09-14T12:48:24.891+0000] {virtualenv.py:178} INFO - Checking for running process with PID 1198
[2025-09-14T12:48:24.893+0000] {virtualenv.py:181} INFO - Process 1198 running: True and has the lock /tmp/cosmos_venv_ecom_marts/cosmos_virtualenv.lock.
[2025-09-14T12:48:24.893+0000] {virtualenv.py:122} INFO - Waiting for virtualenv lock to be released
[2025-09-14T12:48:25.895+0000] {virtualenv.py:178} INFO - Checking for running process with PID 1198
[2025-09-14T12:48:25.896+0000] {virtualenv.py:181} INFO - Process 1198 running: True and has the lock /tmp/cosmos_venv_ecom_marts/cosmos_virtualenv.lock.
[2025-09-14T12:48:25.897+0000] {virtualenv.py:122} INFO - Waiting for virtualenv lock to be released
[2025-09-14T12:48:26.900+0000] {virtualenv.py:178} INFO - Checking for running process with PID 1198
[2025-09-14T12:48:26.901+0000] {virtualenv.py:181} INFO - Process 1198 running: True and has the lock /tmp/cosmos_venv_ecom_marts/cosmos_virtualenv.lock.
[2025-09-14T12:48:26.901+0000] {virtualenv.py:122} INFO - Waiting for virtualenv lock to be released
[2025-09-14T12:48:27.903+0000] {virtualenv.py:178} INFO - Checking for running process with PID 1198
[2025-09-14T12:48:27.904+0000] {virtualenv.py:181} INFO - Process 1198 running: True and has the lock /tmp/cosmos_venv_ecom_marts/cosmos_virtualenv.lock.
[2025-09-14T12:48:27.904+0000] {virtualenv.py:122} INFO - Waiting for virtualenv lock to be released
[2025-09-14T12:48:28.905+0000] {virtualenv.py:178} INFO - Checking for running process with PID 1198
[2025-09-14T12:48:28.906+0000] {virtualenv.py:181} INFO - Process 1198 running: True and has the lock /tmp/cosmos_venv_ecom_marts/cosmos_virtualenv.lock.
[2025-09-14T12:48:28.907+0000] {virtualenv.py:122} INFO - Waiting for virtualenv lock to be released
[2025-09-14T12:48:29.909+0000] {virtualenv.py:178} INFO - Checking for running process with PID 1198
[2025-09-14T12:48:29.910+0000] {virtualenv.py:181} INFO - Process 1198 running: True and has the lock /tmp/cosmos_venv_ecom_marts/cosmos_virtualenv.lock.
[2025-09-14T12:48:29.911+0000] {virtualenv.py:122} INFO - Waiting for virtualenv lock to be released
[2025-09-14T12:48:30.913+0000] {virtualenv.py:178} INFO - Checking for running process with PID 1198
[2025-09-14T12:48:30.914+0000] {virtualenv.py:181} INFO - Process 1198 running: True and has the lock /tmp/cosmos_venv_ecom_marts/cosmos_virtualenv.lock.
[2025-09-14T12:48:30.914+0000] {virtualenv.py:122} INFO - Waiting for virtualenv lock to be released
[2025-09-14T12:48:31.916+0000] {virtualenv.py:178} INFO - Checking for running process with PID 1198
[2025-09-14T12:48:31.917+0000] {virtualenv.py:181} INFO - Process 1198 running: True and has the lock /tmp/cosmos_venv_ecom_marts/cosmos_virtualenv.lock.
[2025-09-14T12:48:31.917+0000] {virtualenv.py:122} INFO - Waiting for virtualenv lock to be released
[2025-09-14T12:48:32.918+0000] {virtualenv.py:178} INFO - Checking for running process with PID 1198
[2025-09-14T12:48:32.918+0000] {virtualenv.py:181} INFO - Process 1198 running: True and has the lock /tmp/cosmos_venv_ecom_marts/cosmos_virtualenv.lock.
[2025-09-14T12:48:32.919+0000] {virtualenv.py:122} INFO - Waiting for virtualenv lock to be released
[2025-09-14T12:48:33.921+0000] {virtualenv.py:178} INFO - Checking for running process with PID 1198
[2025-09-14T12:48:33.922+0000] {virtualenv.py:181} INFO - Process 1198 running: True and has the lock /tmp/cosmos_venv_ecom_marts/cosmos_virtualenv.lock.
[2025-09-14T12:48:33.922+0000] {virtualenv.py:122} INFO - Waiting for virtualenv lock to be released
[2025-09-14T12:48:34.924+0000] {virtualenv.py:178} INFO - Checking for running process with PID 1198
[2025-09-14T12:48:34.925+0000] {virtualenv.py:181} INFO - Process 1198 running: True and has the lock /tmp/cosmos_venv_ecom_marts/cosmos_virtualenv.lock.
[2025-09-14T12:48:34.925+0000] {virtualenv.py:122} INFO - Waiting for virtualenv lock to be released
[2025-09-14T12:48:35.927+0000] {virtualenv.py:178} INFO - Checking for running process with PID 1198
[2025-09-14T12:48:35.928+0000] {virtualenv.py:181} INFO - Process 1198 running: True and has the lock /tmp/cosmos_venv_ecom_marts/cosmos_virtualenv.lock.
[2025-09-14T12:48:35.929+0000] {virtualenv.py:122} INFO - Waiting for virtualenv lock to be released
[2025-09-14T12:48:36.931+0000] {virtualenv.py:178} INFO - Checking for running process with PID 1198
[2025-09-14T12:48:36.932+0000] {virtualenv.py:181} INFO - Process 1198 running: True and has the lock /tmp/cosmos_venv_ecom_marts/cosmos_virtualenv.lock.
[2025-09-14T12:48:36.934+0000] {virtualenv.py:122} INFO - Waiting for virtualenv lock to be released
[2025-09-14T12:48:37.936+0000] {virtualenv.py:178} INFO - Checking for running process with PID 1198
[2025-09-14T12:48:37.937+0000] {virtualenv.py:181} INFO - Process 1198 running: True and has the lock /tmp/cosmos_venv_ecom_marts/cosmos_virtualenv.lock.
[2025-09-14T12:48:37.937+0000] {virtualenv.py:122} INFO - Waiting for virtualenv lock to be released
[2025-09-14T12:48:38.939+0000] {virtualenv.py:178} INFO - Checking for running process with PID 1198
[2025-09-14T12:48:38.940+0000] {virtualenv.py:181} INFO - Process 1198 running: True and has the lock /tmp/cosmos_venv_ecom_marts/cosmos_virtualenv.lock.
[2025-09-14T12:48:38.940+0000] {virtualenv.py:122} INFO - Waiting for virtualenv lock to be released
[2025-09-14T12:48:39.941+0000] {virtualenv.py:178} INFO - Checking for running process with PID 1198
[2025-09-14T12:48:39.943+0000] {virtualenv.py:181} INFO - Process 1198 running: True and has the lock /tmp/cosmos_venv_ecom_marts/cosmos_virtualenv.lock.
[2025-09-14T12:48:39.943+0000] {virtualenv.py:122} INFO - Waiting for virtualenv lock to be released
[2025-09-14T12:48:40.945+0000] {virtualenv.py:178} INFO - Checking for running process with PID 1198
[2025-09-14T12:48:40.946+0000] {virtualenv.py:181} INFO - Process 1198 running: True and has the lock /tmp/cosmos_venv_ecom_marts/cosmos_virtualenv.lock.
[2025-09-14T12:48:40.946+0000] {virtualenv.py:122} INFO - Waiting for virtualenv lock to be released
[2025-09-14T12:48:41.949+0000] {virtualenv.py:178} INFO - Checking for running process with PID 1198
[2025-09-14T12:48:41.953+0000] {virtualenv.py:181} INFO - Process 1198 running: True and has the lock /tmp/cosmos_venv_ecom_marts/cosmos_virtualenv.lock.
[2025-09-14T12:48:41.954+0000] {virtualenv.py:122} INFO - Waiting for virtualenv lock to be released
[2025-09-14T12:48:42.956+0000] {virtualenv.py:178} INFO - Checking for running process with PID 1198
[2025-09-14T12:48:42.957+0000] {virtualenv.py:181} INFO - Process 1198 running: True and has the lock /tmp/cosmos_venv_ecom_marts/cosmos_virtualenv.lock.
[2025-09-14T12:48:42.958+0000] {virtualenv.py:122} INFO - Waiting for virtualenv lock to be released
[2025-09-14T12:48:43.959+0000] {virtualenv.py:178} INFO - Checking for running process with PID 1198
[2025-09-14T12:48:43.960+0000] {virtualenv.py:181} INFO - Process 1198 running: True and has the lock /tmp/cosmos_venv_ecom_marts/cosmos_virtualenv.lock.
[2025-09-14T12:48:43.960+0000] {virtualenv.py:122} INFO - Waiting for virtualenv lock to be released
[2025-09-14T12:48:44.961+0000] {virtualenv.py:178} INFO - Checking for running process with PID 1198
[2025-09-14T12:48:44.962+0000] {virtualenv.py:181} INFO - Process 1198 running: True and has the lock /tmp/cosmos_venv_ecom_marts/cosmos_virtualenv.lock.
[2025-09-14T12:48:44.962+0000] {virtualenv.py:122} INFO - Waiting for virtualenv lock to be released
[2025-09-14T12:48:45.964+0000] {virtualenv.py:178} INFO - Checking for running process with PID 1198
[2025-09-14T12:48:45.965+0000] {virtualenv.py:181} INFO - Process 1198 running: True and has the lock /tmp/cosmos_venv_ecom_marts/cosmos_virtualenv.lock.
[2025-09-14T12:48:45.965+0000] {virtualenv.py:122} INFO - Waiting for virtualenv lock to be released
[2025-09-14T12:48:46.967+0000] {virtualenv.py:178} INFO - Checking for running process with PID 1198
[2025-09-14T12:48:46.968+0000] {virtualenv.py:181} INFO - Process 1198 running: True and has the lock /tmp/cosmos_venv_ecom_marts/cosmos_virtualenv.lock.
[2025-09-14T12:48:46.969+0000] {virtualenv.py:122} INFO - Waiting for virtualenv lock to be released
[2025-09-14T12:48:47.970+0000] {virtualenv.py:178} INFO - Checking for running process with PID 1198
[2025-09-14T12:48:47.971+0000] {virtualenv.py:181} INFO - Process 1198 running: True and has the lock /tmp/cosmos_venv_ecom_marts/cosmos_virtualenv.lock.
[2025-09-14T12:48:47.971+0000] {virtualenv.py:122} INFO - Waiting for virtualenv lock to be released
[2025-09-14T12:48:48.973+0000] {virtualenv.py:178} INFO - Checking for running process with PID 1198
[2025-09-14T12:48:48.974+0000] {virtualenv.py:181} INFO - Process 1198 running: True and has the lock /tmp/cosmos_venv_ecom_marts/cosmos_virtualenv.lock.
[2025-09-14T12:48:48.974+0000] {virtualenv.py:122} INFO - Waiting for virtualenv lock to be released
[2025-09-14T12:48:49.976+0000] {virtualenv.py:178} INFO - Checking for running process with PID 1198
[2025-09-14T12:48:49.977+0000] {virtualenv.py:181} INFO - Process 1198 running: True and has the lock /tmp/cosmos_venv_ecom_marts/cosmos_virtualenv.lock.
[2025-09-14T12:48:49.978+0000] {virtualenv.py:122} INFO - Waiting for virtualenv lock to be released
[2025-09-14T12:48:50.980+0000] {virtualenv.py:178} INFO - Checking for running process with PID 1198
[2025-09-14T12:48:50.981+0000] {virtualenv.py:181} INFO - Process 1198 running: True and has the lock /tmp/cosmos_venv_ecom_marts/cosmos_virtualenv.lock.
[2025-09-14T12:48:50.981+0000] {virtualenv.py:122} INFO - Waiting for virtualenv lock to be released
[2025-09-14T12:48:51.981+0000] {virtualenv.py:178} INFO - Checking for running process with PID 1198
[2025-09-14T12:48:51.982+0000] {virtualenv.py:181} INFO - Process 1198 running: True and has the lock /tmp/cosmos_venv_ecom_marts/cosmos_virtualenv.lock.
[2025-09-14T12:48:51.982+0000] {virtualenv.py:122} INFO - Waiting for virtualenv lock to be released
[2025-09-14T12:48:52.984+0000] {virtualenv.py:178} INFO - Checking for running process with PID 1198
[2025-09-14T12:48:52.985+0000] {virtualenv.py:181} INFO - Process 1198 running: True and has the lock /tmp/cosmos_venv_ecom_marts/cosmos_virtualenv.lock.
[2025-09-14T12:48:52.986+0000] {virtualenv.py:122} INFO - Waiting for virtualenv lock to be released
[2025-09-14T12:48:53.988+0000] {virtualenv.py:178} INFO - Checking for running process with PID 1198
[2025-09-14T12:48:53.990+0000] {virtualenv.py:181} INFO - Process 1198 running: True and has the lock /tmp/cosmos_venv_ecom_marts/cosmos_virtualenv.lock.
[2025-09-14T12:48:53.991+0000] {virtualenv.py:122} INFO - Waiting for virtualenv lock to be released
[2025-09-14T12:48:54.992+0000] {virtualenv.py:178} INFO - Checking for running process with PID 1203
[2025-09-14T12:48:54.993+0000] {virtualenv.py:181} INFO - Process 1203 running: True and has the lock /tmp/cosmos_venv_ecom_marts/cosmos_virtualenv.lock.
[2025-09-14T12:48:54.993+0000] {virtualenv.py:122} INFO - Waiting for virtualenv lock to be released
[2025-09-14T12:48:55.994+0000] {virtualenv.py:178} INFO - Checking for running process with PID 1203
[2025-09-14T12:48:55.995+0000] {virtualenv.py:181} INFO - Process 1203 running: True and has the lock /tmp/cosmos_venv_ecom_marts/cosmos_virtualenv.lock.
[2025-09-14T12:48:55.996+0000] {virtualenv.py:122} INFO - Waiting for virtualenv lock to be released
[2025-09-14T12:48:56.998+0000] {virtualenv.py:178} INFO - Checking for running process with PID 1203
[2025-09-14T12:48:56.998+0000] {virtualenv.py:181} INFO - Process 1203 running: True and has the lock /tmp/cosmos_venv_ecom_marts/cosmos_virtualenv.lock.
[2025-09-14T12:48:56.999+0000] {virtualenv.py:122} INFO - Waiting for virtualenv lock to be released
[2025-09-14T12:48:58.000+0000] {virtualenv.py:178} INFO - Checking for running process with PID 1203
[2025-09-14T12:48:58.002+0000] {virtualenv.py:181} INFO - Process 1203 running: True and has the lock /tmp/cosmos_venv_ecom_marts/cosmos_virtualenv.lock.
[2025-09-14T12:48:58.003+0000] {virtualenv.py:122} INFO - Waiting for virtualenv lock to be released
[2025-09-14T12:48:59.004+0000] {virtualenv.py:178} INFO - Checking for running process with PID 1203
[2025-09-14T12:48:59.005+0000] {virtualenv.py:181} INFO - Process 1203 running: True and has the lock /tmp/cosmos_venv_ecom_marts/cosmos_virtualenv.lock.
[2025-09-14T12:48:59.005+0000] {virtualenv.py:122} INFO - Waiting for virtualenv lock to be released
[2025-09-14T12:49:00.006+0000] {virtualenv.py:178} INFO - Checking for running process with PID 1203
[2025-09-14T12:49:00.007+0000] {virtualenv.py:181} INFO - Process 1203 running: True and has the lock /tmp/cosmos_venv_ecom_marts/cosmos_virtualenv.lock.
[2025-09-14T12:49:00.007+0000] {virtualenv.py:122} INFO - Waiting for virtualenv lock to be released
[2025-09-14T12:49:01.009+0000] {virtualenv.py:178} INFO - Checking for running process with PID 1203
[2025-09-14T12:49:01.010+0000] {virtualenv.py:181} INFO - Process 1203 running: True and has the lock /tmp/cosmos_venv_ecom_marts/cosmos_virtualenv.lock.
[2025-09-14T12:49:01.011+0000] {virtualenv.py:122} INFO - Waiting for virtualenv lock to be released
[2025-09-14T12:49:02.012+0000] {virtualenv.py:178} INFO - Checking for running process with PID 1203
[2025-09-14T12:49:02.013+0000] {virtualenv.py:181} INFO - Process 1203 running: True and has the lock /tmp/cosmos_venv_ecom_marts/cosmos_virtualenv.lock.
[2025-09-14T12:49:02.013+0000] {virtualenv.py:122} INFO - Waiting for virtualenv lock to be released
[2025-09-14T12:49:03.014+0000] {virtualenv.py:178} INFO - Checking for running process with PID 1203
[2025-09-14T12:49:03.015+0000] {virtualenv.py:181} INFO - Process 1203 running: True and has the lock /tmp/cosmos_venv_ecom_marts/cosmos_virtualenv.lock.
[2025-09-14T12:49:03.016+0000] {virtualenv.py:122} INFO - Waiting for virtualenv lock to be released
[2025-09-14T12:49:04.018+0000] {virtualenv.py:178} INFO - Checking for running process with PID 1203
[2025-09-14T12:49:04.019+0000] {virtualenv.py:181} INFO - Process 1203 running: True and has the lock /tmp/cosmos_venv_ecom_marts/cosmos_virtualenv.lock.
[2025-09-14T12:49:04.019+0000] {virtualenv.py:122} INFO - Waiting for virtualenv lock to be released
[2025-09-14T12:49:05.021+0000] {virtualenv.py:178} INFO - Checking for running process with PID 1203
[2025-09-14T12:49:05.022+0000] {virtualenv.py:181} INFO - Process 1203 running: True and has the lock /tmp/cosmos_venv_ecom_marts/cosmos_virtualenv.lock.
[2025-09-14T12:49:05.022+0000] {virtualenv.py:122} INFO - Waiting for virtualenv lock to be released
[2025-09-14T12:49:06.024+0000] {virtualenv.py:178} INFO - Checking for running process with PID 1203
[2025-09-14T12:49:06.025+0000] {virtualenv.py:181} INFO - Process 1203 running: True and has the lock /tmp/cosmos_venv_ecom_marts/cosmos_virtualenv.lock.
[2025-09-14T12:49:06.025+0000] {virtualenv.py:122} INFO - Waiting for virtualenv lock to be released
[2025-09-14T12:49:07.026+0000] {virtualenv.py:178} INFO - Checking for running process with PID 1203
[2025-09-14T12:49:07.027+0000] {virtualenv.py:181} INFO - Process 1203 running: True and has the lock /tmp/cosmos_venv_ecom_marts/cosmos_virtualenv.lock.
[2025-09-14T12:49:07.028+0000] {virtualenv.py:122} INFO - Waiting for virtualenv lock to be released
[2025-09-14T12:49:08.029+0000] {virtualenv.py:178} INFO - Checking for running process with PID 1203
[2025-09-14T12:49:08.033+0000] {virtualenv.py:181} INFO - Process 1203 running: True and has the lock /tmp/cosmos_venv_ecom_marts/cosmos_virtualenv.lock.
[2025-09-14T12:49:08.034+0000] {virtualenv.py:122} INFO - Waiting for virtualenv lock to be released
[2025-09-14T12:49:09.036+0000] {virtualenv.py:178} INFO - Checking for running process with PID 1203
[2025-09-14T12:49:09.036+0000] {virtualenv.py:181} INFO - Process 1203 running: True and has the lock /tmp/cosmos_venv_ecom_marts/cosmos_virtualenv.lock.
[2025-09-14T12:49:09.037+0000] {virtualenv.py:122} INFO - Waiting for virtualenv lock to be released
[2025-09-14T12:49:10.038+0000] {virtualenv.py:178} INFO - Checking for running process with PID 1203
[2025-09-14T12:49:10.039+0000] {virtualenv.py:181} INFO - Process 1203 running: True and has the lock /tmp/cosmos_venv_ecom_marts/cosmos_virtualenv.lock.
[2025-09-14T12:49:10.040+0000] {virtualenv.py:122} INFO - Waiting for virtualenv lock to be released
[2025-09-14T12:49:11.042+0000] {virtualenv.py:178} INFO - Checking for running process with PID 1203
[2025-09-14T12:49:11.042+0000] {virtualenv.py:181} INFO - Process 1203 running: True and has the lock /tmp/cosmos_venv_ecom_marts/cosmos_virtualenv.lock.
[2025-09-14T12:49:11.043+0000] {virtualenv.py:122} INFO - Waiting for virtualenv lock to be released
[2025-09-14T12:49:12.044+0000] {virtualenv.py:178} INFO - Checking for running process with PID 1203
[2025-09-14T12:49:12.046+0000] {virtualenv.py:181} INFO - Process 1203 running: True and has the lock /tmp/cosmos_venv_ecom_marts/cosmos_virtualenv.lock.
[2025-09-14T12:49:12.047+0000] {virtualenv.py:122} INFO - Waiting for virtualenv lock to be released
[2025-09-14T12:49:13.049+0000] {virtualenv.py:178} INFO - Checking for running process with PID 1199
[2025-09-14T12:49:13.049+0000] {virtualenv.py:181} INFO - Process 1199 running: True and has the lock /tmp/cosmos_venv_ecom_marts/cosmos_virtualenv.lock.
[2025-09-14T12:49:13.050+0000] {virtualenv.py:122} INFO - Waiting for virtualenv lock to be released
[2025-09-14T12:49:14.051+0000] {virtualenv.py:178} INFO - Checking for running process with PID 1199
[2025-09-14T12:49:14.052+0000] {virtualenv.py:181} INFO - Process 1199 running: True and has the lock /tmp/cosmos_venv_ecom_marts/cosmos_virtualenv.lock.
[2025-09-14T12:49:14.053+0000] {virtualenv.py:122} INFO - Waiting for virtualenv lock to be released
[2025-09-14T12:49:15.054+0000] {virtualenv.py:178} INFO - Checking for running process with PID 1199
[2025-09-14T12:49:15.055+0000] {virtualenv.py:181} INFO - Process 1199 running: True and has the lock /tmp/cosmos_venv_ecom_marts/cosmos_virtualenv.lock.
[2025-09-14T12:49:15.055+0000] {virtualenv.py:122} INFO - Waiting for virtualenv lock to be released
[2025-09-14T12:49:16.057+0000] {virtualenv.py:178} INFO - Checking for running process with PID 1199
[2025-09-14T12:49:16.058+0000] {virtualenv.py:181} INFO - Process 1199 running: True and has the lock /tmp/cosmos_venv_ecom_marts/cosmos_virtualenv.lock.
[2025-09-14T12:49:16.058+0000] {virtualenv.py:122} INFO - Waiting for virtualenv lock to be released
[2025-09-14T12:49:17.060+0000] {virtualenv.py:178} INFO - Checking for running process with PID 1199
[2025-09-14T12:49:17.061+0000] {virtualenv.py:181} INFO - Process 1199 running: True and has the lock /tmp/cosmos_venv_ecom_marts/cosmos_virtualenv.lock.
[2025-09-14T12:49:17.061+0000] {virtualenv.py:122} INFO - Waiting for virtualenv lock to be released
[2025-09-14T12:49:18.062+0000] {virtualenv.py:178} INFO - Checking for running process with PID 1199
[2025-09-14T12:49:18.063+0000] {virtualenv.py:181} INFO - Process 1199 running: True and has the lock /tmp/cosmos_venv_ecom_marts/cosmos_virtualenv.lock.
[2025-09-14T12:49:18.063+0000] {virtualenv.py:122} INFO - Waiting for virtualenv lock to be released
[2025-09-14T12:49:19.065+0000] {virtualenv.py:178} INFO - Checking for running process with PID 1199
[2025-09-14T12:49:19.066+0000] {virtualenv.py:181} INFO - Process 1199 running: True and has the lock /tmp/cosmos_venv_ecom_marts/cosmos_virtualenv.lock.
[2025-09-14T12:49:19.066+0000] {virtualenv.py:122} INFO - Waiting for virtualenv lock to be released
[2025-09-14T12:49:20.069+0000] {virtualenv.py:178} INFO - Checking for running process with PID 1199
[2025-09-14T12:49:20.069+0000] {virtualenv.py:181} INFO - Process 1199 running: True and has the lock /tmp/cosmos_venv_ecom_marts/cosmos_virtualenv.lock.
[2025-09-14T12:49:20.070+0000] {virtualenv.py:122} INFO - Waiting for virtualenv lock to be released
[2025-09-14T12:49:21.068+0000] {virtualenv.py:178} INFO - Checking for running process with PID 1199
[2025-09-14T12:49:21.069+0000] {virtualenv.py:181} INFO - Process 1199 running: True and has the lock /tmp/cosmos_venv_ecom_marts/cosmos_virtualenv.lock.
[2025-09-14T12:49:21.070+0000] {virtualenv.py:122} INFO - Waiting for virtualenv lock to be released
[2025-09-14T12:49:22.072+0000] {virtualenv.py:178} INFO - Checking for running process with PID 1199
[2025-09-14T12:49:22.073+0000] {virtualenv.py:181} INFO - Process 1199 running: True and has the lock /tmp/cosmos_venv_ecom_marts/cosmos_virtualenv.lock.
[2025-09-14T12:49:22.073+0000] {virtualenv.py:122} INFO - Waiting for virtualenv lock to be released
[2025-09-14T12:49:23.075+0000] {virtualenv.py:178} INFO - Checking for running process with PID 1199
[2025-09-14T12:49:23.076+0000] {virtualenv.py:181} INFO - Process 1199 running: True and has the lock /tmp/cosmos_venv_ecom_marts/cosmos_virtualenv.lock.
[2025-09-14T12:49:23.076+0000] {virtualenv.py:122} INFO - Waiting for virtualenv lock to be released
[2025-09-14T12:49:24.078+0000] {virtualenv.py:178} INFO - Checking for running process with PID 1199
[2025-09-14T12:49:24.079+0000] {virtualenv.py:181} INFO - Process 1199 running: True and has the lock /tmp/cosmos_venv_ecom_marts/cosmos_virtualenv.lock.
[2025-09-14T12:49:24.079+0000] {virtualenv.py:122} INFO - Waiting for virtualenv lock to be released
[2025-09-14T12:49:25.081+0000] {virtualenv.py:178} INFO - Checking for running process with PID 1199
[2025-09-14T12:49:25.082+0000] {virtualenv.py:181} INFO - Process 1199 running: True and has the lock /tmp/cosmos_venv_ecom_marts/cosmos_virtualenv.lock.
[2025-09-14T12:49:25.082+0000] {virtualenv.py:122} INFO - Waiting for virtualenv lock to be released
[2025-09-14T12:49:26.084+0000] {virtualenv.py:178} INFO - Checking for running process with PID 1199
[2025-09-14T12:49:26.085+0000] {virtualenv.py:181} INFO - Process 1199 running: True and has the lock /tmp/cosmos_venv_ecom_marts/cosmos_virtualenv.lock.
[2025-09-14T12:49:26.086+0000] {virtualenv.py:122} INFO - Waiting for virtualenv lock to be released
[2025-09-14T12:49:27.088+0000] {virtualenv.py:178} INFO - Checking for running process with PID 1199
[2025-09-14T12:49:27.089+0000] {virtualenv.py:181} INFO - Process 1199 running: True and has the lock /tmp/cosmos_venv_ecom_marts/cosmos_virtualenv.lock.
[2025-09-14T12:49:27.089+0000] {virtualenv.py:122} INFO - Waiting for virtualenv lock to be released
[2025-09-14T12:49:28.091+0000] {virtualenv.py:178} INFO - Checking for running process with PID 1199
[2025-09-14T12:49:28.092+0000] {virtualenv.py:181} INFO - Process 1199 running: True and has the lock /tmp/cosmos_venv_ecom_marts/cosmos_virtualenv.lock.
[2025-09-14T12:49:28.092+0000] {virtualenv.py:122} INFO - Waiting for virtualenv lock to be released
[2025-09-14T12:49:29.094+0000] {virtualenv.py:178} INFO - Checking for running process with PID 1199
[2025-09-14T12:49:29.095+0000] {virtualenv.py:181} INFO - Process 1199 running: True and has the lock /tmp/cosmos_venv_ecom_marts/cosmos_virtualenv.lock.
[2025-09-14T12:49:29.095+0000] {virtualenv.py:122} INFO - Waiting for virtualenv lock to be released
[2025-09-14T12:49:30.097+0000] {virtualenv.py:178} INFO - Checking for running process with PID 1199
[2025-09-14T12:49:30.098+0000] {virtualenv.py:181} INFO - Process 1199 running: True and has the lock /tmp/cosmos_venv_ecom_marts/cosmos_virtualenv.lock.
[2025-09-14T12:49:30.099+0000] {virtualenv.py:122} INFO - Waiting for virtualenv lock to be released
[2025-09-14T12:49:31.100+0000] {virtualenv.py:178} INFO - Checking for running process with PID 1199
[2025-09-14T12:49:31.101+0000] {virtualenv.py:181} INFO - Process 1199 running: True and has the lock /tmp/cosmos_venv_ecom_marts/cosmos_virtualenv.lock.
[2025-09-14T12:49:31.102+0000] {virtualenv.py:122} INFO - Waiting for virtualenv lock to be released
[2025-09-14T12:49:32.103+0000] {virtualenv.py:178} INFO - Checking for running process with PID 1199
[2025-09-14T12:49:32.104+0000] {virtualenv.py:181} INFO - Process 1199 running: True and has the lock /tmp/cosmos_venv_ecom_marts/cosmos_virtualenv.lock.
[2025-09-14T12:49:32.104+0000] {virtualenv.py:122} INFO - Waiting for virtualenv lock to be released
[2025-09-14T12:49:33.106+0000] {virtualenv.py:178} INFO - Checking for running process with PID 1199
[2025-09-14T12:49:33.107+0000] {virtualenv.py:181} INFO - Process 1199 running: True and has the lock /tmp/cosmos_venv_ecom_marts/cosmos_virtualenv.lock.
[2025-09-14T12:49:33.107+0000] {virtualenv.py:122} INFO - Waiting for virtualenv lock to be released
[2025-09-14T12:49:34.108+0000] {virtualenv.py:178} INFO - Checking for running process with PID 1199
[2025-09-14T12:49:34.109+0000] {virtualenv.py:181} INFO - Process 1199 running: True and has the lock /tmp/cosmos_venv_ecom_marts/cosmos_virtualenv.lock.
[2025-09-14T12:49:34.110+0000] {virtualenv.py:122} INFO - Waiting for virtualenv lock to be released
[2025-09-14T12:49:35.111+0000] {virtualenv.py:178} INFO - Checking for running process with PID 1199
[2025-09-14T12:49:35.112+0000] {virtualenv.py:181} INFO - Process 1199 running: True and has the lock /tmp/cosmos_venv_ecom_marts/cosmos_virtualenv.lock.
[2025-09-14T12:49:35.113+0000] {virtualenv.py:122} INFO - Waiting for virtualenv lock to be released
[2025-09-14T12:49:36.114+0000] {virtualenv.py:178} INFO - Checking for running process with PID 1199
[2025-09-14T12:49:36.115+0000] {virtualenv.py:181} INFO - Process 1199 running: True and has the lock /tmp/cosmos_venv_ecom_marts/cosmos_virtualenv.lock.
[2025-09-14T12:49:36.115+0000] {virtualenv.py:122} INFO - Waiting for virtualenv lock to be released
[2025-09-14T12:49:37.116+0000] {virtualenv.py:178} INFO - Checking for running process with PID 1199
[2025-09-14T12:49:37.117+0000] {virtualenv.py:181} INFO - Process 1199 running: True and has the lock /tmp/cosmos_venv_ecom_marts/cosmos_virtualenv.lock.
[2025-09-14T12:49:37.117+0000] {virtualenv.py:122} INFO - Waiting for virtualenv lock to be released
[2025-09-14T12:49:38.119+0000] {virtualenv.py:178} INFO - Checking for running process with PID 1199
[2025-09-14T12:49:38.121+0000] {virtualenv.py:181} INFO - Process 1199 running: True and has the lock /tmp/cosmos_venv_ecom_marts/cosmos_virtualenv.lock.
[2025-09-14T12:49:38.122+0000] {virtualenv.py:122} INFO - Waiting for virtualenv lock to be released
[2025-09-14T12:49:39.124+0000] {virtualenv.py:178} INFO - Checking for running process with PID 1199
[2025-09-14T12:49:39.125+0000] {virtualenv.py:181} INFO - Process 1199 running: True and has the lock /tmp/cosmos_venv_ecom_marts/cosmos_virtualenv.lock.
[2025-09-14T12:49:39.125+0000] {virtualenv.py:122} INFO - Waiting for virtualenv lock to be released
[2025-09-14T12:49:40.127+0000] {virtualenv.py:178} INFO - Checking for running process with PID 1391
[2025-09-14T12:49:40.127+0000] {virtualenv.py:181} INFO - Process 1391 running: True and has the lock /tmp/cosmos_venv_ecom_marts/cosmos_virtualenv.lock.
[2025-09-14T12:49:40.128+0000] {virtualenv.py:122} INFO - Waiting for virtualenv lock to be released
[2025-09-14T12:49:41.129+0000] {virtualenv.py:178} INFO - Checking for running process with PID 1391
[2025-09-14T12:49:41.130+0000] {virtualenv.py:181} INFO - Process 1391 running: True and has the lock /tmp/cosmos_venv_ecom_marts/cosmos_virtualenv.lock.
[2025-09-14T12:49:41.130+0000] {virtualenv.py:122} INFO - Waiting for virtualenv lock to be released
[2025-09-14T12:49:42.132+0000] {virtualenv.py:178} INFO - Checking for running process with PID 1391
[2025-09-14T12:49:42.132+0000] {virtualenv.py:181} INFO - Process 1391 running: True and has the lock /tmp/cosmos_venv_ecom_marts/cosmos_virtualenv.lock.
[2025-09-14T12:49:42.133+0000] {virtualenv.py:122} INFO - Waiting for virtualenv lock to be released
[2025-09-14T12:49:43.134+0000] {virtualenv.py:178} INFO - Checking for running process with PID 1391
[2025-09-14T12:49:43.135+0000] {virtualenv.py:181} INFO - Process 1391 running: True and has the lock /tmp/cosmos_venv_ecom_marts/cosmos_virtualenv.lock.
[2025-09-14T12:49:43.135+0000] {virtualenv.py:122} INFO - Waiting for virtualenv lock to be released
[2025-09-14T12:49:44.137+0000] {virtualenv.py:178} INFO - Checking for running process with PID 1391
[2025-09-14T12:49:44.138+0000] {virtualenv.py:181} INFO - Process 1391 running: True and has the lock /tmp/cosmos_venv_ecom_marts/cosmos_virtualenv.lock.
[2025-09-14T12:49:44.139+0000] {virtualenv.py:122} INFO - Waiting for virtualenv lock to be released
[2025-09-14T12:49:45.140+0000] {virtualenv.py:178} INFO - Checking for running process with PID 1391
[2025-09-14T12:49:45.141+0000] {virtualenv.py:181} INFO - Process 1391 running: True and has the lock /tmp/cosmos_venv_ecom_marts/cosmos_virtualenv.lock.
[2025-09-14T12:49:45.142+0000] {virtualenv.py:122} INFO - Waiting for virtualenv lock to be released
[2025-09-14T12:49:46.143+0000] {virtualenv.py:178} INFO - Checking for running process with PID 1391
[2025-09-14T12:49:46.144+0000] {virtualenv.py:181} INFO - Process 1391 running: True and has the lock /tmp/cosmos_venv_ecom_marts/cosmos_virtualenv.lock.
[2025-09-14T12:49:46.144+0000] {virtualenv.py:122} INFO - Waiting for virtualenv lock to be released
[2025-09-14T12:49:47.145+0000] {virtualenv.py:178} INFO - Checking for running process with PID 1391
[2025-09-14T12:49:47.146+0000] {virtualenv.py:181} INFO - Process 1391 running: True and has the lock /tmp/cosmos_venv_ecom_marts/cosmos_virtualenv.lock.
[2025-09-14T12:49:47.146+0000] {virtualenv.py:122} INFO - Waiting for virtualenv lock to be released
[2025-09-14T12:49:48.148+0000] {virtualenv.py:178} INFO - Checking for running process with PID 1391
[2025-09-14T12:49:48.149+0000] {virtualenv.py:181} INFO - Process 1391 running: True and has the lock /tmp/cosmos_venv_ecom_marts/cosmos_virtualenv.lock.
[2025-09-14T12:49:48.149+0000] {virtualenv.py:122} INFO - Waiting for virtualenv lock to be released
[2025-09-14T12:49:49.151+0000] {virtualenv.py:178} INFO - Checking for running process with PID 1391
[2025-09-14T12:49:49.151+0000] {virtualenv.py:181} INFO - Process 1391 running: True and has the lock /tmp/cosmos_venv_ecom_marts/cosmos_virtualenv.lock.
[2025-09-14T12:49:49.153+0000] {virtualenv.py:122} INFO - Waiting for virtualenv lock to be released
[2025-09-14T12:49:50.155+0000] {virtualenv.py:178} INFO - Checking for running process with PID 1391
[2025-09-14T12:49:50.156+0000] {virtualenv.py:181} INFO - Process 1391 running: True and has the lock /tmp/cosmos_venv_ecom_marts/cosmos_virtualenv.lock.
[2025-09-14T12:49:50.157+0000] {virtualenv.py:122} INFO - Waiting for virtualenv lock to be released
[2025-09-14T12:49:51.156+0000] {virtualenv.py:178} INFO - Checking for running process with PID 1391
[2025-09-14T12:49:51.157+0000] {virtualenv.py:181} INFO - Process 1391 running: True and has the lock /tmp/cosmos_venv_ecom_marts/cosmos_virtualenv.lock.
[2025-09-14T12:49:51.157+0000] {virtualenv.py:122} INFO - Waiting for virtualenv lock to be released
[2025-09-14T12:49:52.158+0000] {virtualenv.py:178} INFO - Checking for running process with PID 1391
[2025-09-14T12:49:52.159+0000] {virtualenv.py:181} INFO - Process 1391 running: True and has the lock /tmp/cosmos_venv_ecom_marts/cosmos_virtualenv.lock.
[2025-09-14T12:49:52.159+0000] {virtualenv.py:122} INFO - Waiting for virtualenv lock to be released
[2025-09-14T12:49:53.160+0000] {virtualenv.py:178} INFO - Checking for running process with PID 1391
[2025-09-14T12:49:53.161+0000] {virtualenv.py:181} INFO - Process 1391 running: True and has the lock /tmp/cosmos_venv_ecom_marts/cosmos_virtualenv.lock.
[2025-09-14T12:49:53.161+0000] {virtualenv.py:122} INFO - Waiting for virtualenv lock to be released
[2025-09-14T12:49:54.162+0000] {virtualenv.py:178} INFO - Checking for running process with PID 1391
[2025-09-14T12:49:54.163+0000] {virtualenv.py:181} INFO - Process 1391 running: True and has the lock /tmp/cosmos_venv_ecom_marts/cosmos_virtualenv.lock.
[2025-09-14T12:49:54.163+0000] {virtualenv.py:122} INFO - Waiting for virtualenv lock to be released
[2025-09-14T12:49:55.164+0000] {virtualenv.py:178} INFO - Checking for running process with PID 1391
[2025-09-14T12:49:55.165+0000] {virtualenv.py:181} INFO - Process 1391 running: True and has the lock /tmp/cosmos_venv_ecom_marts/cosmos_virtualenv.lock.
[2025-09-14T12:49:55.166+0000] {virtualenv.py:122} INFO - Waiting for virtualenv lock to be released
[2025-09-14T12:49:56.168+0000] {virtualenv.py:178} INFO - Checking for running process with PID 1205
[2025-09-14T12:49:56.169+0000] {virtualenv.py:181} INFO - Process 1205 running: True and has the lock /tmp/cosmos_venv_ecom_marts/cosmos_virtualenv.lock.
[2025-09-14T12:49:56.170+0000] {virtualenv.py:122} INFO - Waiting for virtualenv lock to be released
[2025-09-14T12:49:57.171+0000] {virtualenv.py:178} INFO - Checking for running process with PID 1205
[2025-09-14T12:49:57.172+0000] {virtualenv.py:181} INFO - Process 1205 running: True and has the lock /tmp/cosmos_venv_ecom_marts/cosmos_virtualenv.lock.
[2025-09-14T12:49:57.175+0000] {virtualenv.py:122} INFO - Waiting for virtualenv lock to be released
[2025-09-14T12:49:58.177+0000] {virtualenv.py:178} INFO - Checking for running process with PID 1205
[2025-09-14T12:49:58.178+0000] {virtualenv.py:181} INFO - Process 1205 running: True and has the lock /tmp/cosmos_venv_ecom_marts/cosmos_virtualenv.lock.
[2025-09-14T12:49:58.179+0000] {virtualenv.py:122} INFO - Waiting for virtualenv lock to be released
[2025-09-14T12:49:59.180+0000] {virtualenv.py:178} INFO - Checking for running process with PID 1205
[2025-09-14T12:49:59.181+0000] {virtualenv.py:181} INFO - Process 1205 running: True and has the lock /tmp/cosmos_venv_ecom_marts/cosmos_virtualenv.lock.
[2025-09-14T12:49:59.182+0000] {virtualenv.py:122} INFO - Waiting for virtualenv lock to be released
[2025-09-14T12:50:00.184+0000] {virtualenv.py:178} INFO - Checking for running process with PID 1205
[2025-09-14T12:50:00.184+0000] {virtualenv.py:181} INFO - Process 1205 running: True and has the lock /tmp/cosmos_venv_ecom_marts/cosmos_virtualenv.lock.
[2025-09-14T12:50:00.185+0000] {virtualenv.py:122} INFO - Waiting for virtualenv lock to be released
[2025-09-14T12:50:01.187+0000] {virtualenv.py:178} INFO - Checking for running process with PID 1205
[2025-09-14T12:50:01.188+0000] {virtualenv.py:181} INFO - Process 1205 running: True and has the lock /tmp/cosmos_venv_ecom_marts/cosmos_virtualenv.lock.
[2025-09-14T12:50:01.188+0000] {virtualenv.py:122} INFO - Waiting for virtualenv lock to be released
[2025-09-14T12:50:02.189+0000] {virtualenv.py:178} INFO - Checking for running process with PID 1205
[2025-09-14T12:50:02.190+0000] {virtualenv.py:181} INFO - Process 1205 running: True and has the lock /tmp/cosmos_venv_ecom_marts/cosmos_virtualenv.lock.
[2025-09-14T12:50:02.190+0000] {virtualenv.py:122} INFO - Waiting for virtualenv lock to be released
[2025-09-14T12:50:03.191+0000] {virtualenv.py:178} INFO - Checking for running process with PID 1205
[2025-09-14T12:50:03.192+0000] {virtualenv.py:181} INFO - Process 1205 running: True and has the lock /tmp/cosmos_venv_ecom_marts/cosmos_virtualenv.lock.
[2025-09-14T12:50:03.192+0000] {virtualenv.py:122} INFO - Waiting for virtualenv lock to be released
[2025-09-14T12:50:04.193+0000] {virtualenv.py:178} INFO - Checking for running process with PID 1205
[2025-09-14T12:50:04.194+0000] {virtualenv.py:181} INFO - Process 1205 running: True and has the lock /tmp/cosmos_venv_ecom_marts/cosmos_virtualenv.lock.
[2025-09-14T12:50:04.194+0000] {virtualenv.py:122} INFO - Waiting for virtualenv lock to be released
[2025-09-14T12:50:05.196+0000] {virtualenv.py:178} INFO - Checking for running process with PID 1205
[2025-09-14T12:50:05.197+0000] {virtualenv.py:181} INFO - Process 1205 running: True and has the lock /tmp/cosmos_venv_ecom_marts/cosmos_virtualenv.lock.
[2025-09-14T12:50:05.198+0000] {virtualenv.py:122} INFO - Waiting for virtualenv lock to be released
[2025-09-14T12:50:06.200+0000] {virtualenv.py:178} INFO - Checking for running process with PID 1205
[2025-09-14T12:50:06.201+0000] {virtualenv.py:181} INFO - Process 1205 running: True and has the lock /tmp/cosmos_venv_ecom_marts/cosmos_virtualenv.lock.
[2025-09-14T12:50:06.201+0000] {virtualenv.py:122} INFO - Waiting for virtualenv lock to be released
[2025-09-14T12:50:07.202+0000] {virtualenv.py:178} INFO - Checking for running process with PID 1205
[2025-09-14T12:50:07.203+0000] {virtualenv.py:181} INFO - Process 1205 running: True and has the lock /tmp/cosmos_venv_ecom_marts/cosmos_virtualenv.lock.
[2025-09-14T12:50:07.204+0000] {virtualenv.py:122} INFO - Waiting for virtualenv lock to be released
[2025-09-14T12:50:08.205+0000] {virtualenv.py:178} INFO - Checking for running process with PID 1205
[2025-09-14T12:50:08.206+0000] {virtualenv.py:181} INFO - Process 1205 running: True and has the lock /tmp/cosmos_venv_ecom_marts/cosmos_virtualenv.lock.
[2025-09-14T12:50:08.208+0000] {virtualenv.py:122} INFO - Waiting for virtualenv lock to be released
[2025-09-14T12:50:09.210+0000] {virtualenv.py:178} INFO - Checking for running process with PID 1205
[2025-09-14T12:50:09.211+0000] {virtualenv.py:181} INFO - Process 1205 running: True and has the lock /tmp/cosmos_venv_ecom_marts/cosmos_virtualenv.lock.
[2025-09-14T12:50:09.212+0000] {virtualenv.py:122} INFO - Waiting for virtualenv lock to be released
[2025-09-14T12:50:10.213+0000] {virtualenv.py:178} INFO - Checking for running process with PID 1205
[2025-09-14T12:50:10.214+0000] {virtualenv.py:181} INFO - Process 1205 running: True and has the lock /tmp/cosmos_venv_ecom_marts/cosmos_virtualenv.lock.
[2025-09-14T12:50:10.214+0000] {virtualenv.py:122} INFO - Waiting for virtualenv lock to be released
[2025-09-14T12:50:11.216+0000] {virtualenv.py:178} INFO - Checking for running process with PID 1205
[2025-09-14T12:50:11.217+0000] {virtualenv.py:181} INFO - Process 1205 running: True and has the lock /tmp/cosmos_venv_ecom_marts/cosmos_virtualenv.lock.
[2025-09-14T12:50:11.218+0000] {virtualenv.py:122} INFO - Waiting for virtualenv lock to be released
[2025-09-14T12:50:12.219+0000] {virtualenv.py:178} INFO - Checking for running process with PID 1200
[2025-09-14T12:50:12.220+0000] {virtualenv.py:181} INFO - Process 1200 running: True and has the lock /tmp/cosmos_venv_ecom_marts/cosmos_virtualenv.lock.
[2025-09-14T12:50:12.221+0000] {virtualenv.py:122} INFO - Waiting for virtualenv lock to be released
[2025-09-14T12:50:13.223+0000] {virtualenv.py:178} INFO - Checking for running process with PID 1200
[2025-09-14T12:50:13.223+0000] {virtualenv.py:181} INFO - Process 1200 running: True and has the lock /tmp/cosmos_venv_ecom_marts/cosmos_virtualenv.lock.
[2025-09-14T12:50:13.225+0000] {virtualenv.py:122} INFO - Waiting for virtualenv lock to be released
[2025-09-14T12:50:14.226+0000] {virtualenv.py:178} INFO - Checking for running process with PID 1200
[2025-09-14T12:50:14.227+0000] {virtualenv.py:181} INFO - Process 1200 running: True and has the lock /tmp/cosmos_venv_ecom_marts/cosmos_virtualenv.lock.
[2025-09-14T12:50:14.229+0000] {virtualenv.py:122} INFO - Waiting for virtualenv lock to be released
[2025-09-14T12:50:15.230+0000] {virtualenv.py:178} INFO - Checking for running process with PID 1200
[2025-09-14T12:50:15.231+0000] {virtualenv.py:181} INFO - Process 1200 running: True and has the lock /tmp/cosmos_venv_ecom_marts/cosmos_virtualenv.lock.
[2025-09-14T12:50:15.232+0000] {virtualenv.py:122} INFO - Waiting for virtualenv lock to be released
[2025-09-14T12:50:16.234+0000] {virtualenv.py:178} INFO - Checking for running process with PID 1200
[2025-09-14T12:50:16.235+0000] {virtualenv.py:181} INFO - Process 1200 running: True and has the lock /tmp/cosmos_venv_ecom_marts/cosmos_virtualenv.lock.
[2025-09-14T12:50:16.235+0000] {virtualenv.py:122} INFO - Waiting for virtualenv lock to be released
[2025-09-14T12:50:17.236+0000] {virtualenv.py:178} INFO - Checking for running process with PID 1200
[2025-09-14T12:50:17.237+0000] {virtualenv.py:181} INFO - Process 1200 running: True and has the lock /tmp/cosmos_venv_ecom_marts/cosmos_virtualenv.lock.
[2025-09-14T12:50:17.238+0000] {virtualenv.py:122} INFO - Waiting for virtualenv lock to be released
[2025-09-14T12:50:18.240+0000] {virtualenv.py:178} INFO - Checking for running process with PID 1200
[2025-09-14T12:50:18.241+0000] {virtualenv.py:181} INFO - Process 1200 running: True and has the lock /tmp/cosmos_venv_ecom_marts/cosmos_virtualenv.lock.
[2025-09-14T12:50:18.241+0000] {virtualenv.py:122} INFO - Waiting for virtualenv lock to be released
[2025-09-14T12:50:19.242+0000] {virtualenv.py:178} INFO - Checking for running process with PID 1216
[2025-09-14T12:50:19.250+0000] {virtualenv.py:181} INFO - Process 1216 running: True and has the lock /tmp/cosmos_venv_ecom_marts/cosmos_virtualenv.lock.
[2025-09-14T12:50:19.262+0000] {virtualenv.py:126} INFO - Acquiring the virtualenv lock
[2025-09-14T12:50:19.266+0000] {virtualenv.py:195} INFO - Acquiring lock at /tmp/cosmos_venv_ecom_marts/cosmos_virtualenv.lock with pid 1218
[2025-09-14T12:50:19.267+0000] {virtualenv.py:153} INFO - Creating or updating the virtualenv at `/tmp/cosmos_venv_ecom_marts
[2025-09-14T12:50:19.270+0000] {process_utils.py:183} INFO - Executing cmd: /home/***/.local/bin/python -m virtualenv /tmp/cosmos_venv_ecom_marts --python=python3
[2025-09-14T12:50:19.276+0000] {process_utils.py:187} INFO - Output:
[2025-09-14T12:50:25.697+0000] {process_utils.py:191} INFO - created virtual environment CPython3.10.14.final.0-64 in 2792ms
[2025-09-14T12:50:25.698+0000] {process_utils.py:191} INFO -   creator CPython3Posix(dest=/tmp/cosmos_venv_ecom_marts, clear=False, no_vcs_ignore=False, global=False)
[2025-09-14T12:50:25.699+0000] {process_utils.py:191} INFO -   seeder FromAppData(download=False, pip=bundle, setuptools=bundle, wheel=bundle, via=copy, app_data_dir=/home/***/.local/share/virtualenv)
[2025-09-14T12:50:25.700+0000] {process_utils.py:191} INFO -     added seed packages: MarkupSafe==3.0.2, PyYAML==6.0.2, agate==1.9.1, annotated_types==0.7.0, attrs==25.3.0, babel==2.17.0, certifi==2025.8.3, charset_normalizer==3.4.3, click==8.2.1, clickhouse_connect==0.8.18, clickhouse_driver==0.2.9, colorama==0.4.6, daff==1.4.2, dbt_adapters==1.16.7, dbt_clickhouse==1.9.3, dbt_common==1.30.0, dbt_core==1.10.11, dbt_extractor==0.6.0, dbt_protos==1.0.375, dbt_semantic_interfaces==0.9.0, deepdiff==8.6.1, idna==3.10, importlib_metadata==8.7.0, isodate==0.6.1, jinja2==3.1.6, jsonschema==4.25.1, jsonschema_specifications==2025.9.1, leather==0.4.0, lz4==4.4.4, mashumaro==3.14, more_itertools==10.8.0, msgpack==1.1.1, networkx==3.4.2, orderly_set==5.5.0, packaging==25.0, parsedatetime==2.6, pathspec==0.12.1, pip==25.2, protobuf==6.32.1, pydantic==2.11.9, pydantic_core==2.33.2, python_dateutil==2.9.0.post0, python_slugify==8.0.4, pytimeparse==1.1.8, pytz==2025.2, referencing==0.36.2, requests==2.32.5, rpds_py==0.27.1, setuptools==80.9.0, six==1.17.0, snowplow_tracker==1.1.0, sqlparse==0.5.3, text_unidecode==1.3, typing_extensions==4.15.0, typing_inspection==0.4.1, tzlocal==5.3.1, urllib3==2.5.0, wheel==0.45.1, zipp==3.23.0, zstandard==0.24.0
[2025-09-14T12:50:25.701+0000] {process_utils.py:191} INFO -   activators BashActivator,CShellActivator,FishActivator,NushellActivator,PowerShellActivator,PythonActivator
[2025-09-14T12:50:25.798+0000] {process_utils.py:183} INFO - Executing cmd: /tmp/cosmos_venv_ecom_marts/bin/pip install dbt-clickhouse
[2025-09-14T12:50:25.799+0000] {process_utils.py:187} INFO - Output:
[2025-09-14T12:50:26.926+0000] {process_utils.py:191} INFO - Traceback (most recent call last):
[2025-09-14T12:50:26.931+0000] {process_utils.py:191} INFO -   File "/tmp/cosmos_venv_ecom_marts/bin/pip", line 8, in <module>
[2025-09-14T12:50:26.932+0000] {process_utils.py:191} INFO -   File "/tmp/cosmos_venv_ecom_marts/lib/python3.10/site-packages/pip/_internal/cli/main.py", line 78, in main
[2025-09-14T12:50:26.934+0000] {process_utils.py:191} INFO -     command = create_command(cmd_name, isolated=("--isolated" in cmd_args))
[2025-09-14T12:50:26.935+0000] {process_utils.py:191} INFO -   File "/tmp/cosmos_venv_ecom_marts/lib/python3.10/site-packages/pip/_internal/commands/__init__.py", line 121, in create_command
[2025-09-14T12:50:26.935+0000] {process_utils.py:191} INFO -     module = importlib.import_module(module_path)
[2025-09-14T12:50:26.936+0000] {process_utils.py:191} INFO -   File "/usr/local/lib/python3.10/importlib/__init__.py", line 126, in import_module
[2025-09-14T12:50:26.937+0000] {process_utils.py:191} INFO -     return _bootstrap._gcd_import(name[level:], package, level)
[2025-09-14T12:50:26.938+0000] {process_utils.py:191} INFO -   File "<frozen importlib._bootstrap>", line 1050, in _gcd_import
[2025-09-14T12:50:26.939+0000] {process_utils.py:191} INFO -   File "<frozen importlib._bootstrap>", line 1027, in _find_and_load
[2025-09-14T12:50:26.939+0000] {process_utils.py:191} INFO -   File "<frozen importlib._bootstrap>", line 1006, in _find_and_load_unlocked
[2025-09-14T12:50:26.941+0000] {process_utils.py:191} INFO -   File "<frozen importlib._bootstrap>", line 688, in _load_unlocked
[2025-09-14T12:50:26.942+0000] {process_utils.py:191} INFO -   File "<frozen importlib._bootstrap_external>", line 883, in exec_module
[2025-09-14T12:50:26.942+0000] {process_utils.py:191} INFO -   File "<frozen importlib._bootstrap>", line 241, in _call_with_frames_removed
[2025-09-14T12:50:26.943+0000] {process_utils.py:191} INFO -   File "/tmp/cosmos_venv_ecom_marts/lib/python3.10/site-packages/pip/_internal/commands/install.py", line 26, in <module>
[2025-09-14T12:50:26.944+0000] {process_utils.py:191} INFO -     from pip._internal.cli.req_command import (
[2025-09-14T12:50:26.944+0000] {process_utils.py:191} INFO -   File "/tmp/cosmos_venv_ecom_marts/lib/python3.10/site-packages/pip/_internal/cli/req_command.py", line 34, in <module>
[2025-09-14T12:50:26.945+0000] {process_utils.py:191} INFO -     from pip._internal.req.req_dependency_group import parse_dependency_groups
[2025-09-14T12:50:26.946+0000] {process_utils.py:191} INFO -   File "/tmp/cosmos_venv_ecom_marts/lib/python3.10/site-packages/pip/_internal/req/req_dependency_group.py", line 4, in <module>
[2025-09-14T12:50:26.946+0000] {process_utils.py:191} INFO -     from pip._vendor.dependency_groups import DependencyGroupResolver
[2025-09-14T12:50:26.947+0000] {process_utils.py:191} INFO - ModuleNotFoundError: No module named 'pip._vendor.dependency_groups'
[2025-09-14T12:50:27.023+0000] {virtualenv.py:131} INFO - Releasing virtualenv lock
[2025-09-14T12:50:27.024+0000] {virtualenv.py:210} WARNING - Lockfile owned by process of pid 1590, while operator has pid 1218
[2025-09-14T12:50:27.025+0000] {taskinstance.py:441} INFO - ::group::Post task execution logs
[2025-09-14T12:50:27.026+0000] {taskinstance.py:2905} ERROR - Task failed with exception
Traceback (most recent call last):
  File "/home/airflow/.local/lib/python3.10/site-packages/airflow/models/taskinstance.py", line 465, in _execute_task
    result = _execute_callable(context=context, **execute_callable_kwargs)
  File "/home/airflow/.local/lib/python3.10/site-packages/airflow/models/taskinstance.py", line 432, in _execute_callable
    return execute_callable(context=context, **execute_callable_kwargs)
  File "/home/airflow/.local/lib/python3.10/site-packages/airflow/models/baseoperator.py", line 401, in wrapper
    return func(self, *args, **kwargs)
  File "/home/airflow/.local/lib/python3.10/site-packages/cosmos/operators/virtualenv.py", line 144, in execute
    output = super().execute(context)
  File "/home/airflow/.local/lib/python3.10/site-packages/cosmos/operators/base.py", line 310, in execute
    self.build_and_run_cmd(context=context, cmd_flags=self.add_cmd_flags())
  File "/home/airflow/.local/lib/python3.10/site-packages/cosmos/operators/local.py", line 853, in build_and_run_cmd
    result = self.run_command(
  File "/home/airflow/.local/lib/python3.10/site-packages/cosmos/operators/virtualenv.py", line 128, in run_command
    self._py_bin = self._prepare_virtualenv()
  File "/home/airflow/.local/lib/python3.10/site-packages/cosmos/operators/virtualenv.py", line 154, in _prepare_virtualenv
    py_bin = prepare_virtualenv(
  File "/home/airflow/.local/lib/python3.10/site-packages/airflow/utils/python_virtualenv.py", line 119, in prepare_virtualenv
    execute_in_subprocess(pip_cmd)
  File "/home/airflow/.local/lib/python3.10/site-packages/airflow/utils/process_utils.py", line 172, in execute_in_subprocess
    execute_in_subprocess_with_kwargs(cmd, cwd=cwd)
  File "/home/airflow/.local/lib/python3.10/site-packages/airflow/utils/process_utils.py", line 195, in execute_in_subprocess_with_kwargs
    raise subprocess.CalledProcessError(exit_code, cmd)
subprocess.CalledProcessError: Command '['/tmp/cosmos_venv_ecom_marts/bin/pip', 'install', 'dbt-clickhouse']' returned non-zero exit status 1.
[2025-09-14T12:50:27.083+0000] {taskinstance.py:1206} INFO - Marking task as FAILED. dag_id=dbt_marts, task_id=marts.fct_customer_orders.run, run_id=manual__2025-09-14T12:48:04.032802+00:00, execution_date=20250914T124804, start_date=20250914T124814, end_date=20250914T125027
[2025-09-14T12:50:27.141+0000] {standard_task_runner.py:110} ERROR - Failed to execute job 289 for task marts.fct_customer_orders.run (Command '['/tmp/cosmos_venv_ecom_marts/bin/pip', 'install', 'dbt-clickhouse']' returned non-zero exit status 1.; 1218)
[2025-09-14T12:50:27.166+0000] {local_task_job_runner.py:243} INFO - Task exited with return code 1
[2025-09-14T12:50:27.225+0000] {local_task_job_runner.py:222} INFO - ::endgroup::
