[2025-09-19T09:57:17.979+0000] {local_task_job_runner.py:120} INFO - ::group::Pre task execution logs
[2025-09-19T09:57:18.463+0000] {taskinstance.py:2076} INFO - Dependencies all met for dep_context=non-requeueable deps ti=<TaskInstance: dbt_intermediate.intermediate.brands.run scheduled__2025-09-18T00:00:00+00:00 [queued]>
[2025-09-19T09:57:18.484+0000] {taskinstance.py:2076} INFO - Dependencies all met for dep_context=requeueable deps ti=<TaskInstance: dbt_intermediate.intermediate.brands.run scheduled__2025-09-18T00:00:00+00:00 [queued]>
[2025-09-19T09:57:18.487+0000] {taskinstance.py:2306} INFO - Starting attempt 1 of 1
[2025-09-19T09:57:18.581+0000] {taskinstance.py:2330} INFO - Executing <Task(DbtRunVirtualenvOperator): intermediate.brands.run> on 2025-09-18 00:00:00+00:00
[2025-09-19T09:57:18.589+0000] {standard_task_runner.py:64} INFO - Started process 318 to run task
[2025-09-19T09:57:18.596+0000] {standard_task_runner.py:90} INFO - Running: ['***', 'tasks', 'run', 'dbt_intermediate', 'intermediate.brands.run', 'scheduled__2025-09-18T00:00:00+00:00', '--job-id', '504', '--raw', '--subdir', 'DAGS_FOLDER/dbt_intermediate.py', '--cfg-path', '/tmp/tmpenlz1uwc']
[2025-09-19T09:57:18.599+0000] {standard_task_runner.py:91} INFO - Job 504: Subtask intermediate.brands.run
[2025-09-19T09:57:18.976+0000] {task_command.py:426} INFO - Running <TaskInstance: dbt_intermediate.intermediate.brands.run scheduled__2025-09-18T00:00:00+00:00 [running]> on host e95bde6b8d07
[2025-09-19T09:57:19.542+0000] {taskinstance.py:2648} INFO - Exporting env vars: AIRFLOW_CTX_DAG_OWNER='***' AIRFLOW_CTX_DAG_ID='dbt_intermediate' AIRFLOW_CTX_TASK_ID='intermediate.brands.run' AIRFLOW_CTX_EXECUTION_DATE='2025-09-18T00:00:00+00:00' AIRFLOW_CTX_TRY_NUMBER='1' AIRFLOW_CTX_DAG_RUN_ID='scheduled__2025-09-18T00:00:00+00:00'
[2025-09-19T09:57:19.544+0000] {taskinstance.py:430} INFO - ::endgroup::
[2025-09-19T09:57:19.569+0000] {virtualenv.py:120} INFO - Checking if the virtualenv lock /tmp/cosmos_venv_ecom_intermediate/cosmos_virtualenv.lock exists
[2025-09-19T09:57:19.570+0000] {virtualenv.py:178} INFO - Checking for running process with PID 315
[2025-09-19T09:57:19.571+0000] {virtualenv.py:181} INFO - Process 315 running: True and has the lock /tmp/cosmos_venv_ecom_intermediate/cosmos_virtualenv.lock.
[2025-09-19T09:57:19.572+0000] {virtualenv.py:122} INFO - Waiting for virtualenv lock to be released
[2025-09-19T09:57:20.574+0000] {virtualenv.py:178} INFO - Checking for running process with PID 315
[2025-09-19T09:57:20.576+0000] {virtualenv.py:181} INFO - Process 315 running: True and has the lock /tmp/cosmos_venv_ecom_intermediate/cosmos_virtualenv.lock.
[2025-09-19T09:57:20.577+0000] {virtualenv.py:122} INFO - Waiting for virtualenv lock to be released
[2025-09-19T09:57:21.578+0000] {virtualenv.py:178} INFO - Checking for running process with PID 317
[2025-09-19T09:57:21.579+0000] {virtualenv.py:181} INFO - Process 317 running: True and has the lock /tmp/cosmos_venv_ecom_intermediate/cosmos_virtualenv.lock.
[2025-09-19T09:57:21.581+0000] {virtualenv.py:122} INFO - Waiting for virtualenv lock to be released
[2025-09-19T09:57:22.583+0000] {virtualenv.py:178} INFO - Checking for running process with PID 317
[2025-09-19T09:57:22.584+0000] {virtualenv.py:181} INFO - Process 317 running: True and has the lock /tmp/cosmos_venv_ecom_intermediate/cosmos_virtualenv.lock.
[2025-09-19T09:57:22.585+0000] {virtualenv.py:122} INFO - Waiting for virtualenv lock to be released
[2025-09-19T09:57:23.587+0000] {virtualenv.py:178} INFO - Checking for running process with PID 317
[2025-09-19T09:57:23.588+0000] {virtualenv.py:181} INFO - Process 317 running: True and has the lock /tmp/cosmos_venv_ecom_intermediate/cosmos_virtualenv.lock.
[2025-09-19T09:57:23.589+0000] {virtualenv.py:122} INFO - Waiting for virtualenv lock to be released
[2025-09-19T09:57:24.590+0000] {virtualenv.py:178} INFO - Checking for running process with PID 317
[2025-09-19T09:57:24.591+0000] {virtualenv.py:181} INFO - Process 317 running: True and has the lock /tmp/cosmos_venv_ecom_intermediate/cosmos_virtualenv.lock.
[2025-09-19T09:57:24.592+0000] {virtualenv.py:122} INFO - Waiting for virtualenv lock to be released
[2025-09-19T09:57:25.594+0000] {virtualenv.py:178} INFO - Checking for running process with PID 317
[2025-09-19T09:57:25.595+0000] {virtualenv.py:181} INFO - Process 317 running: True and has the lock /tmp/cosmos_venv_ecom_intermediate/cosmos_virtualenv.lock.
[2025-09-19T09:57:25.596+0000] {virtualenv.py:122} INFO - Waiting for virtualenv lock to be released
[2025-09-19T09:57:26.598+0000] {virtualenv.py:178} INFO - Checking for running process with PID 317
[2025-09-19T09:57:26.599+0000] {virtualenv.py:181} INFO - Process 317 running: True and has the lock /tmp/cosmos_venv_ecom_intermediate/cosmos_virtualenv.lock.
[2025-09-19T09:57:26.599+0000] {virtualenv.py:122} INFO - Waiting for virtualenv lock to be released
[2025-09-19T09:57:27.601+0000] {virtualenv.py:178} INFO - Checking for running process with PID 317
[2025-09-19T09:57:27.602+0000] {virtualenv.py:181} INFO - Process 317 running: True and has the lock /tmp/cosmos_venv_ecom_intermediate/cosmos_virtualenv.lock.
[2025-09-19T09:57:27.603+0000] {virtualenv.py:122} INFO - Waiting for virtualenv lock to be released
[2025-09-19T09:57:28.604+0000] {virtualenv.py:178} INFO - Checking for running process with PID 317
[2025-09-19T09:57:28.605+0000] {virtualenv.py:181} INFO - Process 317 running: True and has the lock /tmp/cosmos_venv_ecom_intermediate/cosmos_virtualenv.lock.
[2025-09-19T09:57:28.605+0000] {virtualenv.py:122} INFO - Waiting for virtualenv lock to be released
[2025-09-19T09:57:29.607+0000] {virtualenv.py:178} INFO - Checking for running process with PID 317
[2025-09-19T09:57:29.608+0000] {virtualenv.py:181} INFO - Process 317 running: True and has the lock /tmp/cosmos_venv_ecom_intermediate/cosmos_virtualenv.lock.
[2025-09-19T09:57:29.609+0000] {virtualenv.py:122} INFO - Waiting for virtualenv lock to be released
[2025-09-19T09:57:30.611+0000] {virtualenv.py:178} INFO - Checking for running process with PID 317
[2025-09-19T09:57:30.612+0000] {virtualenv.py:181} INFO - Process 317 running: True and has the lock /tmp/cosmos_venv_ecom_intermediate/cosmos_virtualenv.lock.
[2025-09-19T09:57:30.613+0000] {virtualenv.py:122} INFO - Waiting for virtualenv lock to be released
[2025-09-19T09:57:31.615+0000] {virtualenv.py:178} INFO - Checking for running process with PID 317
[2025-09-19T09:57:31.616+0000] {virtualenv.py:181} INFO - Process 317 running: True and has the lock /tmp/cosmos_venv_ecom_intermediate/cosmos_virtualenv.lock.
[2025-09-19T09:57:31.620+0000] {virtualenv.py:122} INFO - Waiting for virtualenv lock to be released
[2025-09-19T09:57:32.622+0000] {virtualenv.py:178} INFO - Checking for running process with PID 317
[2025-09-19T09:57:32.623+0000] {virtualenv.py:181} INFO - Process 317 running: True and has the lock /tmp/cosmos_venv_ecom_intermediate/cosmos_virtualenv.lock.
[2025-09-19T09:57:32.624+0000] {virtualenv.py:122} INFO - Waiting for virtualenv lock to be released
[2025-09-19T09:57:33.624+0000] {virtualenv.py:178} INFO - Checking for running process with PID 317
[2025-09-19T09:57:33.625+0000] {virtualenv.py:181} INFO - Process 317 running: True and has the lock /tmp/cosmos_venv_ecom_intermediate/cosmos_virtualenv.lock.
[2025-09-19T09:57:33.626+0000] {virtualenv.py:122} INFO - Waiting for virtualenv lock to be released
[2025-09-19T09:57:34.628+0000] {virtualenv.py:178} INFO - Checking for running process with PID 317
[2025-09-19T09:57:34.629+0000] {virtualenv.py:181} INFO - Process 317 running: True and has the lock /tmp/cosmos_venv_ecom_intermediate/cosmos_virtualenv.lock.
[2025-09-19T09:57:34.630+0000] {virtualenv.py:122} INFO - Waiting for virtualenv lock to be released
[2025-09-19T09:57:35.631+0000] {virtualenv.py:178} INFO - Checking for running process with PID 317
[2025-09-19T09:57:35.631+0000] {virtualenv.py:181} INFO - Process 317 running: True and has the lock /tmp/cosmos_venv_ecom_intermediate/cosmos_virtualenv.lock.
[2025-09-19T09:57:35.632+0000] {virtualenv.py:122} INFO - Waiting for virtualenv lock to be released
[2025-09-19T09:57:36.634+0000] {virtualenv.py:178} INFO - Checking for running process with PID 317
[2025-09-19T09:57:36.635+0000] {virtualenv.py:181} INFO - Process 317 running: True and has the lock /tmp/cosmos_venv_ecom_intermediate/cosmos_virtualenv.lock.
[2025-09-19T09:57:36.636+0000] {virtualenv.py:122} INFO - Waiting for virtualenv lock to be released
[2025-09-19T09:57:37.637+0000] {virtualenv.py:178} INFO - Checking for running process with PID 317
[2025-09-19T09:57:37.638+0000] {virtualenv.py:181} INFO - Process 317 running: True and has the lock /tmp/cosmos_venv_ecom_intermediate/cosmos_virtualenv.lock.
[2025-09-19T09:57:37.639+0000] {virtualenv.py:122} INFO - Waiting for virtualenv lock to be released
[2025-09-19T09:57:38.641+0000] {virtualenv.py:178} INFO - Checking for running process with PID 322
[2025-09-19T09:57:38.643+0000] {virtualenv.py:181} INFO - Process 322 running: True and has the lock /tmp/cosmos_venv_ecom_intermediate/cosmos_virtualenv.lock.
[2025-09-19T09:57:38.643+0000] {virtualenv.py:122} INFO - Waiting for virtualenv lock to be released
[2025-09-19T09:57:39.645+0000] {virtualenv.py:178} INFO - Checking for running process with PID 322
[2025-09-19T09:57:39.646+0000] {virtualenv.py:181} INFO - Process 322 running: True and has the lock /tmp/cosmos_venv_ecom_intermediate/cosmos_virtualenv.lock.
[2025-09-19T09:57:39.647+0000] {virtualenv.py:122} INFO - Waiting for virtualenv lock to be released
[2025-09-19T09:57:40.648+0000] {virtualenv.py:178} INFO - Checking for running process with PID 322
[2025-09-19T09:57:40.649+0000] {virtualenv.py:181} INFO - Process 322 running: True and has the lock /tmp/cosmos_venv_ecom_intermediate/cosmos_virtualenv.lock.
[2025-09-19T09:57:40.650+0000] {virtualenv.py:122} INFO - Waiting for virtualenv lock to be released
[2025-09-19T09:57:41.652+0000] {virtualenv.py:178} INFO - Checking for running process with PID 322
[2025-09-19T09:57:41.653+0000] {virtualenv.py:181} INFO - Process 322 running: True and has the lock /tmp/cosmos_venv_ecom_intermediate/cosmos_virtualenv.lock.
[2025-09-19T09:57:41.653+0000] {virtualenv.py:122} INFO - Waiting for virtualenv lock to be released
[2025-09-19T09:57:42.655+0000] {virtualenv.py:178} INFO - Checking for running process with PID 322
[2025-09-19T09:57:42.657+0000] {virtualenv.py:181} INFO - Process 322 running: True and has the lock /tmp/cosmos_venv_ecom_intermediate/cosmos_virtualenv.lock.
[2025-09-19T09:57:42.659+0000] {virtualenv.py:122} INFO - Waiting for virtualenv lock to be released
[2025-09-19T09:57:43.661+0000] {virtualenv.py:178} INFO - Checking for running process with PID 322
[2025-09-19T09:57:43.661+0000] {virtualenv.py:181} INFO - Process 322 running: True and has the lock /tmp/cosmos_venv_ecom_intermediate/cosmos_virtualenv.lock.
[2025-09-19T09:57:43.662+0000] {virtualenv.py:122} INFO - Waiting for virtualenv lock to be released
[2025-09-19T09:57:44.664+0000] {virtualenv.py:178} INFO - Checking for running process with PID 322
[2025-09-19T09:57:44.667+0000] {virtualenv.py:181} INFO - Process 322 running: True and has the lock /tmp/cosmos_venv_ecom_intermediate/cosmos_virtualenv.lock.
[2025-09-19T09:57:44.668+0000] {virtualenv.py:122} INFO - Waiting for virtualenv lock to be released
[2025-09-19T09:57:45.670+0000] {virtualenv.py:178} INFO - Checking for running process with PID 322
[2025-09-19T09:57:45.670+0000] {virtualenv.py:181} INFO - Process 322 running: True and has the lock /tmp/cosmos_venv_ecom_intermediate/cosmos_virtualenv.lock.
[2025-09-19T09:57:45.671+0000] {virtualenv.py:122} INFO - Waiting for virtualenv lock to be released
[2025-09-19T09:57:46.672+0000] {virtualenv.py:178} INFO - Checking for running process with PID 322
[2025-09-19T09:57:46.673+0000] {virtualenv.py:181} INFO - Process 322 running: True and has the lock /tmp/cosmos_venv_ecom_intermediate/cosmos_virtualenv.lock.
[2025-09-19T09:57:46.673+0000] {virtualenv.py:122} INFO - Waiting for virtualenv lock to be released
[2025-09-19T09:57:47.675+0000] {virtualenv.py:178} INFO - Checking for running process with PID 322
[2025-09-19T09:57:47.675+0000] {virtualenv.py:181} INFO - Process 322 running: True and has the lock /tmp/cosmos_venv_ecom_intermediate/cosmos_virtualenv.lock.
[2025-09-19T09:57:47.676+0000] {virtualenv.py:122} INFO - Waiting for virtualenv lock to be released
[2025-09-19T09:57:48.678+0000] {virtualenv.py:178} INFO - Checking for running process with PID 322
[2025-09-19T09:57:48.678+0000] {virtualenv.py:181} INFO - Process 322 running: True and has the lock /tmp/cosmos_venv_ecom_intermediate/cosmos_virtualenv.lock.
[2025-09-19T09:57:48.679+0000] {virtualenv.py:122} INFO - Waiting for virtualenv lock to be released
[2025-09-19T09:57:49.681+0000] {virtualenv.py:178} INFO - Checking for running process with PID 322
[2025-09-19T09:57:49.682+0000] {virtualenv.py:181} INFO - Process 322 running: True and has the lock /tmp/cosmos_venv_ecom_intermediate/cosmos_virtualenv.lock.
[2025-09-19T09:57:49.682+0000] {virtualenv.py:122} INFO - Waiting for virtualenv lock to be released
[2025-09-19T09:57:50.683+0000] {virtualenv.py:178} INFO - Checking for running process with PID 322
[2025-09-19T09:57:50.684+0000] {virtualenv.py:181} INFO - Process 322 running: True and has the lock /tmp/cosmos_venv_ecom_intermediate/cosmos_virtualenv.lock.
[2025-09-19T09:57:50.685+0000] {virtualenv.py:122} INFO - Waiting for virtualenv lock to be released
[2025-09-19T09:57:51.686+0000] {virtualenv.py:178} INFO - Checking for running process with PID 322
[2025-09-19T09:57:51.687+0000] {virtualenv.py:181} INFO - Process 322 running: True and has the lock /tmp/cosmos_venv_ecom_intermediate/cosmos_virtualenv.lock.
[2025-09-19T09:57:51.688+0000] {virtualenv.py:122} INFO - Waiting for virtualenv lock to be released
[2025-09-19T09:57:52.689+0000] {virtualenv.py:178} INFO - Checking for running process with PID 322
[2025-09-19T09:57:52.690+0000] {virtualenv.py:181} INFO - Process 322 running: True and has the lock /tmp/cosmos_venv_ecom_intermediate/cosmos_virtualenv.lock.
[2025-09-19T09:57:52.691+0000] {virtualenv.py:122} INFO - Waiting for virtualenv lock to be released
[2025-09-19T09:57:53.693+0000] {virtualenv.py:178} INFO - Checking for running process with PID 322
[2025-09-19T09:57:53.694+0000] {virtualenv.py:181} INFO - Process 322 running: True and has the lock /tmp/cosmos_venv_ecom_intermediate/cosmos_virtualenv.lock.
[2025-09-19T09:57:53.694+0000] {virtualenv.py:122} INFO - Waiting for virtualenv lock to be released
[2025-09-19T09:57:54.696+0000] {virtualenv.py:178} INFO - Checking for running process with PID 325
[2025-09-19T09:57:54.697+0000] {virtualenv.py:181} INFO - Process 325 running: True and has the lock /tmp/cosmos_venv_ecom_intermediate/cosmos_virtualenv.lock.
[2025-09-19T09:57:54.697+0000] {virtualenv.py:122} INFO - Waiting for virtualenv lock to be released
[2025-09-19T09:57:55.699+0000] {virtualenv.py:178} INFO - Checking for running process with PID 325
[2025-09-19T09:57:55.699+0000] {virtualenv.py:181} INFO - Process 325 running: True and has the lock /tmp/cosmos_venv_ecom_intermediate/cosmos_virtualenv.lock.
[2025-09-19T09:57:55.700+0000] {virtualenv.py:122} INFO - Waiting for virtualenv lock to be released
[2025-09-19T09:57:56.702+0000] {virtualenv.py:178} INFO - Checking for running process with PID 325
[2025-09-19T09:57:56.703+0000] {virtualenv.py:181} INFO - Process 325 running: True and has the lock /tmp/cosmos_venv_ecom_intermediate/cosmos_virtualenv.lock.
[2025-09-19T09:57:56.703+0000] {virtualenv.py:122} INFO - Waiting for virtualenv lock to be released
[2025-09-19T09:57:57.704+0000] {virtualenv.py:178} INFO - Checking for running process with PID 325
[2025-09-19T09:57:57.705+0000] {virtualenv.py:181} INFO - Process 325 running: True and has the lock /tmp/cosmos_venv_ecom_intermediate/cosmos_virtualenv.lock.
[2025-09-19T09:57:57.706+0000] {virtualenv.py:122} INFO - Waiting for virtualenv lock to be released
[2025-09-19T09:57:58.708+0000] {virtualenv.py:178} INFO - Checking for running process with PID 325
[2025-09-19T09:57:58.709+0000] {virtualenv.py:181} INFO - Process 325 running: True and has the lock /tmp/cosmos_venv_ecom_intermediate/cosmos_virtualenv.lock.
[2025-09-19T09:57:58.710+0000] {virtualenv.py:122} INFO - Waiting for virtualenv lock to be released
[2025-09-19T09:57:59.712+0000] {virtualenv.py:178} INFO - Checking for running process with PID 325
[2025-09-19T09:57:59.713+0000] {virtualenv.py:181} INFO - Process 325 running: True and has the lock /tmp/cosmos_venv_ecom_intermediate/cosmos_virtualenv.lock.
[2025-09-19T09:57:59.714+0000] {virtualenv.py:122} INFO - Waiting for virtualenv lock to be released
[2025-09-19T09:58:00.040+0000] {local_task_job_runner.py:313} WARNING - State of this instance has been externally set to failed. Terminating instance.
[2025-09-19T09:58:00.041+0000] {local_task_job_runner.py:222} INFO - ::endgroup::
[2025-09-19T09:58:00.043+0000] {process_utils.py:132} INFO - Sending 15 to group 318. PIDs of all processes in the group: [318]
[2025-09-19T09:58:00.044+0000] {process_utils.py:87} INFO - Sending the signal 15 to group 318
[2025-09-19T09:58:00.044+0000] {taskinstance.py:2611} ERROR - Received SIGTERM. Terminating subprocesses.
[2025-09-19T09:58:00.045+0000] {virtualenv.py:131} INFO - Releasing virtualenv lock
[2025-09-19T09:58:00.046+0000] {virtualenv.py:210} WARNING - Lockfile owned by process of pid 325, while operator has pid 318
[2025-09-19T09:58:00.047+0000] {taskinstance.py:441} INFO - ::group::Post task execution logs
[2025-09-19T09:58:00.177+0000] {process_utils.py:80} INFO - Process psutil.Process(pid=318, status='terminated', exitcode=0, started='09:57:18') (318) terminated with exit code 0
[2025-09-19T10:00:37.495+0000] {local_task_job_runner.py:120} INFO - ::group::Pre task execution logs
[2025-09-19T10:00:38.176+0000] {taskinstance.py:2076} INFO - Dependencies all met for dep_context=non-requeueable deps ti=<TaskInstance: dbt_intermediate.intermediate.brands.run scheduled__2025-09-18T00:00:00+00:00 [queued]>
[2025-09-19T10:00:38.199+0000] {taskinstance.py:2076} INFO - Dependencies all met for dep_context=requeueable deps ti=<TaskInstance: dbt_intermediate.intermediate.brands.run scheduled__2025-09-18T00:00:00+00:00 [queued]>
[2025-09-19T10:00:38.201+0000] {taskinstance.py:2306} INFO - Starting attempt 1 of 1
[2025-09-19T10:00:38.239+0000] {taskinstance.py:2330} INFO - Executing <Task(DbtRunVirtualenvOperator): intermediate.brands.run> on 2025-09-18 00:00:00+00:00
[2025-09-19T10:00:38.253+0000] {standard_task_runner.py:64} INFO - Started process 609 to run task
[2025-09-19T10:00:38.260+0000] {standard_task_runner.py:90} INFO - Running: ['***', 'tasks', 'run', 'dbt_intermediate', 'intermediate.brands.run', 'scheduled__2025-09-18T00:00:00+00:00', '--job-id', '516', '--raw', '--subdir', 'DAGS_FOLDER/dbt_intermediate.py', '--cfg-path', '/tmp/tmpo27z6q21']
[2025-09-19T10:00:38.265+0000] {standard_task_runner.py:91} INFO - Job 516: Subtask intermediate.brands.run
[2025-09-19T10:00:38.712+0000] {task_command.py:426} INFO - Running <TaskInstance: dbt_intermediate.intermediate.brands.run scheduled__2025-09-18T00:00:00+00:00 [running]> on host e95bde6b8d07
[2025-09-19T10:00:39.408+0000] {taskinstance.py:2648} INFO - Exporting env vars: AIRFLOW_CTX_DAG_OWNER='***' AIRFLOW_CTX_DAG_ID='dbt_intermediate' AIRFLOW_CTX_TASK_ID='intermediate.brands.run' AIRFLOW_CTX_EXECUTION_DATE='2025-09-18T00:00:00+00:00' AIRFLOW_CTX_TRY_NUMBER='1' AIRFLOW_CTX_DAG_RUN_ID='scheduled__2025-09-18T00:00:00+00:00'
[2025-09-19T10:00:39.411+0000] {taskinstance.py:430} INFO - ::endgroup::
[2025-09-19T10:00:39.438+0000] {virtualenv.py:120} INFO - Checking if the virtualenv lock /tmp/cosmos_venv_ecom_intermediate/cosmos_virtualenv.lock exists
[2025-09-19T10:00:39.439+0000] {virtualenv.py:178} INFO - Checking for running process with PID 608
[2025-09-19T10:00:39.440+0000] {virtualenv.py:181} INFO - Process 608 running: True and has the lock /tmp/cosmos_venv_ecom_intermediate/cosmos_virtualenv.lock.
[2025-09-19T10:00:39.440+0000] {virtualenv.py:122} INFO - Waiting for virtualenv lock to be released
[2025-09-19T10:00:40.441+0000] {virtualenv.py:178} INFO - Checking for running process with PID 608
[2025-09-19T10:00:40.442+0000] {virtualenv.py:181} INFO - Process 608 running: True and has the lock /tmp/cosmos_venv_ecom_intermediate/cosmos_virtualenv.lock.
[2025-09-19T10:00:40.443+0000] {virtualenv.py:122} INFO - Waiting for virtualenv lock to be released
[2025-09-19T10:00:41.445+0000] {virtualenv.py:178} INFO - Checking for running process with PID 608
[2025-09-19T10:00:41.446+0000] {virtualenv.py:181} INFO - Process 608 running: True and has the lock /tmp/cosmos_venv_ecom_intermediate/cosmos_virtualenv.lock.
[2025-09-19T10:00:41.447+0000] {virtualenv.py:122} INFO - Waiting for virtualenv lock to be released
[2025-09-19T10:00:42.449+0000] {virtualenv.py:178} INFO - Checking for running process with PID 608
[2025-09-19T10:00:42.450+0000] {virtualenv.py:181} INFO - Process 608 running: True and has the lock /tmp/cosmos_venv_ecom_intermediate/cosmos_virtualenv.lock.
[2025-09-19T10:00:42.451+0000] {virtualenv.py:122} INFO - Waiting for virtualenv lock to be released
[2025-09-19T10:00:43.453+0000] {virtualenv.py:178} INFO - Checking for running process with PID 608
[2025-09-19T10:00:43.459+0000] {virtualenv.py:181} INFO - Process 608 running: True and has the lock /tmp/cosmos_venv_ecom_intermediate/cosmos_virtualenv.lock.
[2025-09-19T10:00:43.462+0000] {virtualenv.py:122} INFO - Waiting for virtualenv lock to be released
[2025-09-19T10:00:44.463+0000] {virtualenv.py:178} INFO - Checking for running process with PID 608
[2025-09-19T10:00:44.464+0000] {virtualenv.py:181} INFO - Process 608 running: True and has the lock /tmp/cosmos_venv_ecom_intermediate/cosmos_virtualenv.lock.
[2025-09-19T10:00:44.465+0000] {virtualenv.py:122} INFO - Waiting for virtualenv lock to be released
[2025-09-19T10:00:45.467+0000] {virtualenv.py:178} INFO - Checking for running process with PID 608
[2025-09-19T10:00:45.468+0000] {virtualenv.py:181} INFO - Process 608 running: True and has the lock /tmp/cosmos_venv_ecom_intermediate/cosmos_virtualenv.lock.
[2025-09-19T10:00:45.468+0000] {virtualenv.py:122} INFO - Waiting for virtualenv lock to be released
[2025-09-19T10:00:46.470+0000] {virtualenv.py:178} INFO - Checking for running process with PID 608
[2025-09-19T10:00:46.473+0000] {virtualenv.py:181} INFO - Process 608 running: True and has the lock /tmp/cosmos_venv_ecom_intermediate/cosmos_virtualenv.lock.
[2025-09-19T10:00:46.475+0000] {virtualenv.py:122} INFO - Waiting for virtualenv lock to be released
[2025-09-19T10:00:47.478+0000] {virtualenv.py:178} INFO - Checking for running process with PID 608
[2025-09-19T10:00:47.479+0000] {virtualenv.py:181} INFO - Process 608 running: True and has the lock /tmp/cosmos_venv_ecom_intermediate/cosmos_virtualenv.lock.
[2025-09-19T10:00:47.479+0000] {virtualenv.py:122} INFO - Waiting for virtualenv lock to be released
[2025-09-19T10:00:48.481+0000] {virtualenv.py:178} INFO - Checking for running process with PID 608
[2025-09-19T10:00:48.482+0000] {virtualenv.py:181} INFO - Process 608 running: True and has the lock /tmp/cosmos_venv_ecom_intermediate/cosmos_virtualenv.lock.
[2025-09-19T10:00:48.483+0000] {virtualenv.py:122} INFO - Waiting for virtualenv lock to be released
[2025-09-19T10:00:49.484+0000] {virtualenv.py:178} INFO - Checking for running process with PID 608
[2025-09-19T10:00:49.486+0000] {virtualenv.py:181} INFO - Process 608 running: True and has the lock /tmp/cosmos_venv_ecom_intermediate/cosmos_virtualenv.lock.
[2025-09-19T10:00:49.487+0000] {virtualenv.py:122} INFO - Waiting for virtualenv lock to be released
[2025-09-19T10:00:50.488+0000] {virtualenv.py:178} INFO - Checking for running process with PID 608
[2025-09-19T10:00:50.489+0000] {virtualenv.py:181} INFO - Process 608 running: True and has the lock /tmp/cosmos_venv_ecom_intermediate/cosmos_virtualenv.lock.
[2025-09-19T10:00:50.490+0000] {virtualenv.py:122} INFO - Waiting for virtualenv lock to be released
[2025-09-19T10:00:51.491+0000] {virtualenv.py:178} INFO - Checking for running process with PID 608
[2025-09-19T10:00:51.492+0000] {virtualenv.py:181} INFO - Process 608 running: True and has the lock /tmp/cosmos_venv_ecom_intermediate/cosmos_virtualenv.lock.
[2025-09-19T10:00:51.493+0000] {virtualenv.py:122} INFO - Waiting for virtualenv lock to be released
[2025-09-19T10:00:52.494+0000] {virtualenv.py:178} INFO - Checking for running process with PID 608
[2025-09-19T10:00:52.495+0000] {virtualenv.py:181} INFO - Process 608 running: True and has the lock /tmp/cosmos_venv_ecom_intermediate/cosmos_virtualenv.lock.
[2025-09-19T10:00:52.495+0000] {virtualenv.py:122} INFO - Waiting for virtualenv lock to be released
[2025-09-19T10:00:53.497+0000] {virtualenv.py:178} INFO - Checking for running process with PID 608
[2025-09-19T10:00:53.498+0000] {virtualenv.py:181} INFO - Process 608 running: True and has the lock /tmp/cosmos_venv_ecom_intermediate/cosmos_virtualenv.lock.
[2025-09-19T10:00:53.498+0000] {virtualenv.py:122} INFO - Waiting for virtualenv lock to be released
[2025-09-19T10:00:54.500+0000] {virtualenv.py:178} INFO - Checking for running process with PID 608
[2025-09-19T10:00:54.501+0000] {virtualenv.py:181} INFO - Process 608 running: True and has the lock /tmp/cosmos_venv_ecom_intermediate/cosmos_virtualenv.lock.
[2025-09-19T10:00:54.502+0000] {virtualenv.py:122} INFO - Waiting for virtualenv lock to be released
[2025-09-19T10:00:55.504+0000] {virtualenv.py:178} INFO - Checking for running process with PID 607
[2025-09-19T10:00:55.504+0000] {virtualenv.py:181} INFO - Process 607 running: True and has the lock /tmp/cosmos_venv_ecom_intermediate/cosmos_virtualenv.lock.
[2025-09-19T10:00:55.505+0000] {virtualenv.py:122} INFO - Waiting for virtualenv lock to be released
[2025-09-19T10:00:56.506+0000] {virtualenv.py:178} INFO - Checking for running process with PID 607
[2025-09-19T10:00:56.507+0000] {virtualenv.py:181} INFO - Process 607 running: True and has the lock /tmp/cosmos_venv_ecom_intermediate/cosmos_virtualenv.lock.
[2025-09-19T10:00:56.507+0000] {virtualenv.py:122} INFO - Waiting for virtualenv lock to be released
[2025-09-19T10:00:57.509+0000] {virtualenv.py:178} INFO - Checking for running process with PID 607
[2025-09-19T10:00:57.510+0000] {virtualenv.py:181} INFO - Process 607 running: True and has the lock /tmp/cosmos_venv_ecom_intermediate/cosmos_virtualenv.lock.
[2025-09-19T10:00:57.510+0000] {virtualenv.py:122} INFO - Waiting for virtualenv lock to be released
[2025-09-19T10:00:58.512+0000] {virtualenv.py:178} INFO - Checking for running process with PID 607
[2025-09-19T10:00:58.512+0000] {virtualenv.py:181} INFO - Process 607 running: True and has the lock /tmp/cosmos_venv_ecom_intermediate/cosmos_virtualenv.lock.
[2025-09-19T10:00:58.513+0000] {virtualenv.py:122} INFO - Waiting for virtualenv lock to be released
[2025-09-19T10:00:59.514+0000] {virtualenv.py:178} INFO - Checking for running process with PID 607
[2025-09-19T10:00:59.515+0000] {virtualenv.py:181} INFO - Process 607 running: True and has the lock /tmp/cosmos_venv_ecom_intermediate/cosmos_virtualenv.lock.
[2025-09-19T10:00:59.516+0000] {virtualenv.py:122} INFO - Waiting for virtualenv lock to be released
[2025-09-19T10:01:00.518+0000] {virtualenv.py:178} INFO - Checking for running process with PID 607
[2025-09-19T10:01:00.519+0000] {virtualenv.py:181} INFO - Process 607 running: True and has the lock /tmp/cosmos_venv_ecom_intermediate/cosmos_virtualenv.lock.
[2025-09-19T10:01:00.519+0000] {virtualenv.py:122} INFO - Waiting for virtualenv lock to be released
[2025-09-19T10:01:01.520+0000] {virtualenv.py:178} INFO - Checking for running process with PID 607
[2025-09-19T10:01:01.521+0000] {virtualenv.py:181} INFO - Process 607 running: True and has the lock /tmp/cosmos_venv_ecom_intermediate/cosmos_virtualenv.lock.
[2025-09-19T10:01:01.522+0000] {virtualenv.py:122} INFO - Waiting for virtualenv lock to be released
[2025-09-19T10:01:02.523+0000] {virtualenv.py:178} INFO - Checking for running process with PID 607
[2025-09-19T10:01:02.524+0000] {virtualenv.py:181} INFO - Process 607 running: True and has the lock /tmp/cosmos_venv_ecom_intermediate/cosmos_virtualenv.lock.
[2025-09-19T10:01:02.524+0000] {virtualenv.py:122} INFO - Waiting for virtualenv lock to be released
[2025-09-19T10:01:03.525+0000] {virtualenv.py:178} INFO - Checking for running process with PID 607
[2025-09-19T10:01:03.526+0000] {virtualenv.py:181} INFO - Process 607 running: True and has the lock /tmp/cosmos_venv_ecom_intermediate/cosmos_virtualenv.lock.
[2025-09-19T10:01:03.526+0000] {virtualenv.py:122} INFO - Waiting for virtualenv lock to be released
[2025-09-19T10:01:04.527+0000] {virtualenv.py:178} INFO - Checking for running process with PID 607
[2025-09-19T10:01:04.528+0000] {virtualenv.py:181} INFO - Process 607 running: True and has the lock /tmp/cosmos_venv_ecom_intermediate/cosmos_virtualenv.lock.
[2025-09-19T10:01:04.531+0000] {virtualenv.py:122} INFO - Waiting for virtualenv lock to be released
[2025-09-19T10:01:05.533+0000] {virtualenv.py:178} INFO - Checking for running process with PID 607
[2025-09-19T10:01:05.534+0000] {virtualenv.py:181} INFO - Process 607 running: True and has the lock /tmp/cosmos_venv_ecom_intermediate/cosmos_virtualenv.lock.
[2025-09-19T10:01:05.535+0000] {virtualenv.py:122} INFO - Waiting for virtualenv lock to be released
[2025-09-19T10:01:06.536+0000] {virtualenv.py:178} INFO - Checking for running process with PID 607
[2025-09-19T10:01:06.536+0000] {virtualenv.py:181} INFO - Process 607 running: True and has the lock /tmp/cosmos_venv_ecom_intermediate/cosmos_virtualenv.lock.
[2025-09-19T10:01:06.537+0000] {virtualenv.py:122} INFO - Waiting for virtualenv lock to be released
[2025-09-19T10:01:07.538+0000] {virtualenv.py:178} INFO - Checking for running process with PID 607
[2025-09-19T10:01:07.539+0000] {virtualenv.py:181} INFO - Process 607 running: True and has the lock /tmp/cosmos_venv_ecom_intermediate/cosmos_virtualenv.lock.
[2025-09-19T10:01:07.540+0000] {virtualenv.py:122} INFO - Waiting for virtualenv lock to be released
[2025-09-19T10:01:08.541+0000] {virtualenv.py:178} INFO - Checking for running process with PID 607
[2025-09-19T10:01:08.543+0000] {virtualenv.py:181} INFO - Process 607 running: True and has the lock /tmp/cosmos_venv_ecom_intermediate/cosmos_virtualenv.lock.
[2025-09-19T10:01:08.543+0000] {virtualenv.py:122} INFO - Waiting for virtualenv lock to be released
[2025-09-19T10:01:09.545+0000] {virtualenv.py:178} INFO - Checking for running process with PID 607
[2025-09-19T10:01:09.545+0000] {virtualenv.py:181} INFO - Process 607 running: True and has the lock /tmp/cosmos_venv_ecom_intermediate/cosmos_virtualenv.lock.
[2025-09-19T10:01:09.546+0000] {virtualenv.py:122} INFO - Waiting for virtualenv lock to be released
[2025-09-19T10:01:10.547+0000] {virtualenv.py:178} INFO - Checking for running process with PID 607
[2025-09-19T10:01:10.548+0000] {virtualenv.py:181} INFO - Process 607 running: True and has the lock /tmp/cosmos_venv_ecom_intermediate/cosmos_virtualenv.lock.
[2025-09-19T10:01:10.549+0000] {virtualenv.py:122} INFO - Waiting for virtualenv lock to be released
[2025-09-19T10:01:11.551+0000] {virtualenv.py:178} INFO - Checking for running process with PID 680
[2025-09-19T10:01:11.552+0000] {virtualenv.py:181} INFO - Process 680 running: True and has the lock /tmp/cosmos_venv_ecom_intermediate/cosmos_virtualenv.lock.
[2025-09-19T10:01:11.553+0000] {virtualenv.py:122} INFO - Waiting for virtualenv lock to be released
[2025-09-19T10:01:12.555+0000] {virtualenv.py:178} INFO - Checking for running process with PID 680
[2025-09-19T10:01:12.555+0000] {virtualenv.py:181} INFO - Process 680 running: True and has the lock /tmp/cosmos_venv_ecom_intermediate/cosmos_virtualenv.lock.
[2025-09-19T10:01:12.556+0000] {virtualenv.py:122} INFO - Waiting for virtualenv lock to be released
[2025-09-19T10:01:13.558+0000] {virtualenv.py:178} INFO - Checking for running process with PID 680
[2025-09-19T10:01:13.558+0000] {virtualenv.py:181} INFO - Process 680 running: True and has the lock /tmp/cosmos_venv_ecom_intermediate/cosmos_virtualenv.lock.
[2025-09-19T10:01:13.559+0000] {virtualenv.py:122} INFO - Waiting for virtualenv lock to be released
[2025-09-19T10:01:14.561+0000] {virtualenv.py:178} INFO - Checking for running process with PID 680
[2025-09-19T10:01:14.562+0000] {virtualenv.py:181} INFO - Process 680 running: True and has the lock /tmp/cosmos_venv_ecom_intermediate/cosmos_virtualenv.lock.
[2025-09-19T10:01:14.562+0000] {virtualenv.py:122} INFO - Waiting for virtualenv lock to be released
[2025-09-19T10:01:15.564+0000] {virtualenv.py:178} INFO - Checking for running process with PID 680
[2025-09-19T10:01:15.565+0000] {virtualenv.py:181} INFO - Process 680 running: True and has the lock /tmp/cosmos_venv_ecom_intermediate/cosmos_virtualenv.lock.
[2025-09-19T10:01:15.565+0000] {virtualenv.py:122} INFO - Waiting for virtualenv lock to be released
[2025-09-19T10:01:16.567+0000] {virtualenv.py:178} INFO - Checking for running process with PID 680
[2025-09-19T10:01:16.568+0000] {virtualenv.py:181} INFO - Process 680 running: True and has the lock /tmp/cosmos_venv_ecom_intermediate/cosmos_virtualenv.lock.
[2025-09-19T10:01:16.569+0000] {virtualenv.py:122} INFO - Waiting for virtualenv lock to be released
[2025-09-19T10:01:17.571+0000] {virtualenv.py:178} INFO - Checking for running process with PID 680
[2025-09-19T10:01:17.571+0000] {virtualenv.py:181} INFO - Process 680 running: True and has the lock /tmp/cosmos_venv_ecom_intermediate/cosmos_virtualenv.lock.
[2025-09-19T10:01:17.572+0000] {virtualenv.py:122} INFO - Waiting for virtualenv lock to be released
[2025-09-19T10:01:18.573+0000] {virtualenv.py:178} INFO - Checking for running process with PID 680
[2025-09-19T10:01:18.574+0000] {virtualenv.py:181} INFO - Process 680 running: True and has the lock /tmp/cosmos_venv_ecom_intermediate/cosmos_virtualenv.lock.
[2025-09-19T10:01:18.574+0000] {virtualenv.py:122} INFO - Waiting for virtualenv lock to be released
[2025-09-19T10:01:19.576+0000] {virtualenv.py:178} INFO - Checking for running process with PID 680
[2025-09-19T10:01:19.578+0000] {virtualenv.py:181} INFO - Process 680 running: True and has the lock /tmp/cosmos_venv_ecom_intermediate/cosmos_virtualenv.lock.
[2025-09-19T10:01:19.578+0000] {virtualenv.py:122} INFO - Waiting for virtualenv lock to be released
[2025-09-19T10:01:20.580+0000] {virtualenv.py:178} INFO - Checking for running process with PID 680
[2025-09-19T10:01:20.581+0000] {virtualenv.py:181} INFO - Process 680 running: True and has the lock /tmp/cosmos_venv_ecom_intermediate/cosmos_virtualenv.lock.
[2025-09-19T10:01:20.582+0000] {virtualenv.py:122} INFO - Waiting for virtualenv lock to be released
[2025-09-19T10:01:21.583+0000] {virtualenv.py:178} INFO - Checking for running process with PID 680
[2025-09-19T10:01:21.584+0000] {virtualenv.py:181} INFO - Process 680 running: True and has the lock /tmp/cosmos_venv_ecom_intermediate/cosmos_virtualenv.lock.
[2025-09-19T10:01:21.585+0000] {virtualenv.py:122} INFO - Waiting for virtualenv lock to be released
[2025-09-19T10:01:22.587+0000] {virtualenv.py:178} INFO - Checking for running process with PID 680
[2025-09-19T10:01:22.588+0000] {virtualenv.py:181} INFO - Process 680 running: True and has the lock /tmp/cosmos_venv_ecom_intermediate/cosmos_virtualenv.lock.
[2025-09-19T10:01:22.589+0000] {virtualenv.py:122} INFO - Waiting for virtualenv lock to be released
[2025-09-19T10:01:23.590+0000] {virtualenv.py:178} INFO - Checking for running process with PID 680
[2025-09-19T10:01:23.591+0000] {virtualenv.py:181} INFO - Process 680 running: True and has the lock /tmp/cosmos_venv_ecom_intermediate/cosmos_virtualenv.lock.
[2025-09-19T10:01:23.592+0000] {virtualenv.py:122} INFO - Waiting for virtualenv lock to be released
[2025-09-19T10:01:24.593+0000] {virtualenv.py:178} INFO - Checking for running process with PID 680
[2025-09-19T10:01:24.594+0000] {virtualenv.py:181} INFO - Process 680 running: True and has the lock /tmp/cosmos_venv_ecom_intermediate/cosmos_virtualenv.lock.
[2025-09-19T10:01:24.594+0000] {virtualenv.py:122} INFO - Waiting for virtualenv lock to be released
[2025-09-19T10:01:25.596+0000] {virtualenv.py:178} INFO - Checking for running process with PID 680
[2025-09-19T10:01:25.597+0000] {virtualenv.py:181} INFO - Process 680 running: True and has the lock /tmp/cosmos_venv_ecom_intermediate/cosmos_virtualenv.lock.
[2025-09-19T10:01:25.598+0000] {virtualenv.py:122} INFO - Waiting for virtualenv lock to be released
[2025-09-19T10:01:26.599+0000] {virtualenv.py:178} INFO - Checking for running process with PID 680
[2025-09-19T10:01:26.608+0000] {virtualenv.py:181} INFO - Process 680 running: True and has the lock /tmp/cosmos_venv_ecom_intermediate/cosmos_virtualenv.lock.
[2025-09-19T10:01:26.609+0000] {virtualenv.py:122} INFO - Waiting for virtualenv lock to be released
[2025-09-19T10:01:27.610+0000] {virtualenv.py:131} INFO - Releasing virtualenv lock
[2025-09-19T10:01:27.611+0000] {virtualenv.py:210} WARNING - Lockfile owned by process of pid 611, while operator has pid 609
[2025-09-19T10:01:27.612+0000] {taskinstance.py:441} INFO - ::group::Post task execution logs
[2025-09-19T10:01:27.620+0000] {taskinstance.py:2905} ERROR - Task failed with exception
Traceback (most recent call last):
  File "/home/airflow/.local/lib/python3.10/site-packages/airflow/models/taskinstance.py", line 465, in _execute_task
    result = _execute_callable(context=context, **execute_callable_kwargs)
  File "/home/airflow/.local/lib/python3.10/site-packages/airflow/models/taskinstance.py", line 432, in _execute_callable
    return execute_callable(context=context, **execute_callable_kwargs)
  File "/home/airflow/.local/lib/python3.10/site-packages/airflow/models/baseoperator.py", line 401, in wrapper
    return func(self, *args, **kwargs)
  File "/home/airflow/.local/lib/python3.10/site-packages/cosmos/operators/virtualenv.py", line 144, in execute
    output = super().execute(context)
  File "/home/airflow/.local/lib/python3.10/site-packages/cosmos/operators/base.py", line 310, in execute
    self.build_and_run_cmd(context=context, cmd_flags=self.add_cmd_flags())
  File "/home/airflow/.local/lib/python3.10/site-packages/cosmos/operators/local.py", line 853, in build_and_run_cmd
    result = self.run_command(
  File "/home/airflow/.local/lib/python3.10/site-packages/cosmos/operators/virtualenv.py", line 121, in run_command
    while not self._is_lock_available() and self.max_retries_lock:
  File "/home/airflow/.local/lib/python3.10/site-packages/cosmos/operators/virtualenv.py", line 52, in wrapper
    return method(operator, *args)
  File "/home/airflow/.local/lib/python3.10/site-packages/cosmos/operators/virtualenv.py", line 177, in _is_lock_available
    pid = int(lf.read())
ValueError: invalid literal for int() with base 10: ''
[2025-09-19T10:01:27.689+0000] {taskinstance.py:1206} INFO - Marking task as FAILED. dag_id=dbt_intermediate, task_id=intermediate.brands.run, run_id=scheduled__2025-09-18T00:00:00+00:00, execution_date=20250918T000000, start_date=20250919T100038, end_date=20250919T100127
[2025-09-19T10:01:27.730+0000] {standard_task_runner.py:110} ERROR - Failed to execute job 516 for task intermediate.brands.run (invalid literal for int() with base 10: ''; 609)
[2025-09-19T10:01:27.757+0000] {local_task_job_runner.py:243} INFO - Task exited with return code 1
[2025-09-19T10:01:27.833+0000] {taskinstance.py:3503} INFO - 0 downstream tasks scheduled from follow-on schedule check
[2025-09-19T10:01:27.848+0000] {local_task_job_runner.py:222} INFO - ::endgroup::
[2025-09-19T10:18:58.837+0000] {local_task_job_runner.py:120} INFO - ::group::Pre task execution logs
[2025-09-19T10:18:59.298+0000] {taskinstance.py:2076} INFO - Dependencies all met for dep_context=non-requeueable deps ti=<TaskInstance: dbt_intermediate.intermediate.brands.run scheduled__2025-09-18T00:00:00+00:00 [queued]>
[2025-09-19T10:18:59.318+0000] {taskinstance.py:2076} INFO - Dependencies all met for dep_context=requeueable deps ti=<TaskInstance: dbt_intermediate.intermediate.brands.run scheduled__2025-09-18T00:00:00+00:00 [queued]>
[2025-09-19T10:18:59.320+0000] {taskinstance.py:2306} INFO - Starting attempt 1 of 1
[2025-09-19T10:18:59.362+0000] {taskinstance.py:2330} INFO - Executing <Task(DbtRunVirtualenvOperator): intermediate.brands.run> on 2025-09-18 00:00:00+00:00
[2025-09-19T10:18:59.370+0000] {standard_task_runner.py:64} INFO - Started process 3513 to run task
[2025-09-19T10:18:59.375+0000] {standard_task_runner.py:90} INFO - Running: ['***', 'tasks', 'run', 'dbt_intermediate', 'intermediate.brands.run', 'scheduled__2025-09-18T00:00:00+00:00', '--job-id', '579', '--raw', '--subdir', 'DAGS_FOLDER/dbt_intermediate.py', '--cfg-path', '/tmp/tmp4bvsrq2x']
[2025-09-19T10:18:59.379+0000] {standard_task_runner.py:91} INFO - Job 579: Subtask intermediate.brands.run
[2025-09-19T10:18:59.760+0000] {task_command.py:426} INFO - Running <TaskInstance: dbt_intermediate.intermediate.brands.run scheduled__2025-09-18T00:00:00+00:00 [running]> on host e95bde6b8d07
[2025-09-19T10:19:00.309+0000] {taskinstance.py:2648} INFO - Exporting env vars: AIRFLOW_CTX_DAG_OWNER='***' AIRFLOW_CTX_DAG_ID='dbt_intermediate' AIRFLOW_CTX_TASK_ID='intermediate.brands.run' AIRFLOW_CTX_EXECUTION_DATE='2025-09-18T00:00:00+00:00' AIRFLOW_CTX_TRY_NUMBER='1' AIRFLOW_CTX_DAG_RUN_ID='scheduled__2025-09-18T00:00:00+00:00'
[2025-09-19T10:19:00.314+0000] {taskinstance.py:430} INFO - ::endgroup::
[2025-09-19T10:19:00.334+0000] {virtualenv.py:120} INFO - Checking if the virtualenv lock /opt/***/cosmos_venvs/ecom_intermediate/cosmos_virtualenv.lock exists
[2025-09-19T10:19:00.335+0000] {virtualenv.py:178} INFO - Checking for running process with PID 3512
[2025-09-19T10:19:00.336+0000] {virtualenv.py:181} INFO - Process 3512 running: True and has the lock /opt/***/cosmos_venvs/ecom_intermediate/cosmos_virtualenv.lock.
[2025-09-19T10:19:00.336+0000] {virtualenv.py:122} INFO - Waiting for virtualenv lock to be released
[2025-09-19T10:19:01.338+0000] {virtualenv.py:178} INFO - Checking for running process with PID 3512
[2025-09-19T10:19:01.339+0000] {virtualenv.py:181} INFO - Process 3512 running: True and has the lock /opt/***/cosmos_venvs/ecom_intermediate/cosmos_virtualenv.lock.
[2025-09-19T10:19:01.339+0000] {virtualenv.py:122} INFO - Waiting for virtualenv lock to be released
[2025-09-19T10:19:02.340+0000] {virtualenv.py:178} INFO - Checking for running process with PID 3512
[2025-09-19T10:19:02.341+0000] {virtualenv.py:181} INFO - Process 3512 running: True and has the lock /opt/***/cosmos_venvs/ecom_intermediate/cosmos_virtualenv.lock.
[2025-09-19T10:19:02.342+0000] {virtualenv.py:122} INFO - Waiting for virtualenv lock to be released
[2025-09-19T10:19:03.343+0000] {virtualenv.py:178} INFO - Checking for running process with PID 3512
[2025-09-19T10:19:03.344+0000] {virtualenv.py:181} INFO - Process 3512 running: True and has the lock /opt/***/cosmos_venvs/ecom_intermediate/cosmos_virtualenv.lock.
[2025-09-19T10:19:03.345+0000] {virtualenv.py:122} INFO - Waiting for virtualenv lock to be released
[2025-09-19T10:19:04.345+0000] {virtualenv.py:178} INFO - Checking for running process with PID 3512
[2025-09-19T10:19:04.346+0000] {virtualenv.py:181} INFO - Process 3512 running: True and has the lock /opt/***/cosmos_venvs/ecom_intermediate/cosmos_virtualenv.lock.
[2025-09-19T10:19:04.347+0000] {virtualenv.py:122} INFO - Waiting for virtualenv lock to be released
[2025-09-19T10:19:05.349+0000] {virtualenv.py:178} INFO - Checking for running process with PID 3512
[2025-09-19T10:19:05.350+0000] {virtualenv.py:181} INFO - Process 3512 running: True and has the lock /opt/***/cosmos_venvs/ecom_intermediate/cosmos_virtualenv.lock.
[2025-09-19T10:19:05.351+0000] {virtualenv.py:122} INFO - Waiting for virtualenv lock to be released
[2025-09-19T10:19:06.353+0000] {virtualenv.py:178} INFO - Checking for running process with PID 3512
[2025-09-19T10:19:06.354+0000] {virtualenv.py:181} INFO - Process 3512 running: True and has the lock /opt/***/cosmos_venvs/ecom_intermediate/cosmos_virtualenv.lock.
[2025-09-19T10:19:06.354+0000] {virtualenv.py:122} INFO - Waiting for virtualenv lock to be released
[2025-09-19T10:19:07.356+0000] {virtualenv.py:178} INFO - Checking for running process with PID 3512
[2025-09-19T10:19:07.357+0000] {virtualenv.py:181} INFO - Process 3512 running: True and has the lock /opt/***/cosmos_venvs/ecom_intermediate/cosmos_virtualenv.lock.
[2025-09-19T10:19:07.358+0000] {virtualenv.py:122} INFO - Waiting for virtualenv lock to be released
[2025-09-19T10:19:08.359+0000] {virtualenv.py:178} INFO - Checking for running process with PID 3512
[2025-09-19T10:19:08.359+0000] {virtualenv.py:181} INFO - Process 3512 running: True and has the lock /opt/***/cosmos_venvs/ecom_intermediate/cosmos_virtualenv.lock.
[2025-09-19T10:19:08.360+0000] {virtualenv.py:122} INFO - Waiting for virtualenv lock to be released
[2025-09-19T10:19:09.361+0000] {virtualenv.py:178} INFO - Checking for running process with PID 3512
[2025-09-19T10:19:09.362+0000] {virtualenv.py:181} INFO - Process 3512 running: True and has the lock /opt/***/cosmos_venvs/ecom_intermediate/cosmos_virtualenv.lock.
[2025-09-19T10:19:09.363+0000] {virtualenv.py:122} INFO - Waiting for virtualenv lock to be released
[2025-09-19T10:19:10.365+0000] {virtualenv.py:178} INFO - Checking for running process with PID 3512
[2025-09-19T10:19:10.366+0000] {virtualenv.py:181} INFO - Process 3512 running: True and has the lock /opt/***/cosmos_venvs/ecom_intermediate/cosmos_virtualenv.lock.
[2025-09-19T10:19:10.366+0000] {virtualenv.py:122} INFO - Waiting for virtualenv lock to be released
[2025-09-19T10:19:11.368+0000] {virtualenv.py:178} INFO - Checking for running process with PID 3512
[2025-09-19T10:19:11.369+0000] {virtualenv.py:181} INFO - Process 3512 running: True and has the lock /opt/***/cosmos_venvs/ecom_intermediate/cosmos_virtualenv.lock.
[2025-09-19T10:19:11.369+0000] {virtualenv.py:122} INFO - Waiting for virtualenv lock to be released
[2025-09-19T10:19:12.371+0000] {virtualenv.py:178} INFO - Checking for running process with PID 3512
[2025-09-19T10:19:12.372+0000] {virtualenv.py:181} INFO - Process 3512 running: True and has the lock /opt/***/cosmos_venvs/ecom_intermediate/cosmos_virtualenv.lock.
[2025-09-19T10:19:12.374+0000] {virtualenv.py:122} INFO - Waiting for virtualenv lock to be released
[2025-09-19T10:19:13.375+0000] {virtualenv.py:178} INFO - Checking for running process with PID 3512
[2025-09-19T10:19:13.376+0000] {virtualenv.py:181} INFO - Process 3512 running: True and has the lock /opt/***/cosmos_venvs/ecom_intermediate/cosmos_virtualenv.lock.
[2025-09-19T10:19:13.377+0000] {virtualenv.py:122} INFO - Waiting for virtualenv lock to be released
[2025-09-19T10:19:14.378+0000] {virtualenv.py:178} INFO - Checking for running process with PID 3512
[2025-09-19T10:19:14.379+0000] {virtualenv.py:181} INFO - Process 3512 running: True and has the lock /opt/***/cosmos_venvs/ecom_intermediate/cosmos_virtualenv.lock.
[2025-09-19T10:19:14.380+0000] {virtualenv.py:122} INFO - Waiting for virtualenv lock to be released
[2025-09-19T10:19:15.381+0000] {virtualenv.py:126} INFO - Acquiring the virtualenv lock
[2025-09-19T10:19:15.381+0000] {virtualenv.py:195} INFO - Acquiring lock at /opt/***/cosmos_venvs/ecom_intermediate/cosmos_virtualenv.lock with pid 3513
[2025-09-19T10:19:15.382+0000] {virtualenv.py:153} INFO - Creating or updating the virtualenv at `/opt/***/cosmos_venvs/ecom_intermediate
[2025-09-19T10:19:15.383+0000] {process_utils.py:183} INFO - Executing cmd: /home/***/.local/bin/python -m virtualenv /opt/***/cosmos_venvs/ecom_intermediate --python=python3
[2025-09-19T10:19:15.384+0000] {process_utils.py:187} INFO - Output:
[2025-09-19T10:19:16.824+0000] {process_utils.py:191} INFO - created virtual environment CPython3.10.14.final.0-64 in 558ms
[2025-09-19T10:19:16.825+0000] {process_utils.py:191} INFO -   creator CPython3Posix(dest=/opt/***/cosmos_venvs/ecom_intermediate, clear=False, no_vcs_ignore=False, global=False)
[2025-09-19T10:19:16.825+0000] {process_utils.py:191} INFO -   seeder FromAppData(download=False, pip=bundle, setuptools=bundle, wheel=bundle, via=copy, app_data_dir=/home/***/.local/share/virtualenv)
[2025-09-19T10:19:16.827+0000] {process_utils.py:191} INFO -     added seed packages: MarkupSafe==3.0.2, PyYAML==6.0.2, agate==1.9.1, annotated_types==0.7.0, attrs==25.3.0, babel==2.17.0, certifi==2025.8.3, charset_normalizer==3.4.3, click==8.3.0, clickhouse_connect==0.9.1, clickhouse_driver==0.2.9, colorama==0.4.6, daff==1.4.2, dbt_adapters==1.16.7, dbt_clickhouse==1.9.3, dbt_common==1.31.0, dbt_core==1.10.11, dbt_extractor==0.6.0, dbt_protos==1.0.375, dbt_semantic_interfaces==0.9.0, deepdiff==8.6.1, idna==3.10, importlib_metadata==8.7.0, isodate==0.6.1, jinja2==3.1.6, jsonschema==4.25.1, jsonschema_specifications==2025.9.1, leather==0.4.0, lz4==4.4.4, mashumaro==3.14, more_itertools==10.8.0, msgpack==1.1.1, networkx==3.4.2, orderly_set==5.5.0, packaging==25.0, parsedatetime==2.6, pathspec==0.12.1, pip==25.2, protobuf==6.32.1, pydantic==2.11.9, pydantic_core==2.33.2, python_dateutil==2.9.0.post0, python_slugify==8.0.4, pytimeparse==1.1.8, pytz==2025.2, referencing==0.36.2, requests==2.32.5, rpds_py==0.27.1, setuptools==80.9.0, six==1.17.0, snowplow_tracker==1.1.0, sqlparse==0.5.3, text_unidecode==1.3, typing_extensions==4.15.0, typing_inspection==0.4.1, tzlocal==5.3.1, urllib3==2.5.0, wheel==0.45.1, zipp==3.23.0, zstandard==0.25.0
[2025-09-19T10:19:16.828+0000] {process_utils.py:191} INFO -   activators BashActivator,CShellActivator,FishActivator,NushellActivator,PowerShellActivator,PythonActivator
[2025-09-19T10:19:16.969+0000] {process_utils.py:183} INFO - Executing cmd: /opt/***/cosmos_venvs/ecom_intermediate/bin/pip install dbt-clickhouse
[2025-09-19T10:19:16.970+0000] {process_utils.py:187} INFO - Output:
[2025-09-19T10:19:18.555+0000] {process_utils.py:191} INFO - Requirement already satisfied: dbt-clickhouse in ./cosmos_venvs/ecom_intermediate/lib/python3.10/site-packages (1.9.3)
[2025-09-19T10:19:18.557+0000] {process_utils.py:191} INFO - Requirement already satisfied: dbt-core>=1.9 in ./cosmos_venvs/ecom_intermediate/lib/python3.10/site-packages (from dbt-clickhouse) (1.10.11)
[2025-09-19T10:19:18.558+0000] {process_utils.py:191} INFO - Requirement already satisfied: clickhouse-connect>=0.6.22 in ./cosmos_venvs/ecom_intermediate/lib/python3.10/site-packages (from dbt-clickhouse) (0.9.1)
[2025-09-19T10:19:18.559+0000] {process_utils.py:191} INFO - Requirement already satisfied: clickhouse-driver>=0.2.6 in ./cosmos_venvs/ecom_intermediate/lib/python3.10/site-packages (from dbt-clickhouse) (0.2.9)
[2025-09-19T10:19:18.559+0000] {process_utils.py:191} INFO - Requirement already satisfied: setuptools>=0.69 in ./cosmos_venvs/ecom_intermediate/lib/python3.10/site-packages (from dbt-clickhouse) (80.9.0)
[2025-09-19T10:19:18.562+0000] {process_utils.py:191} INFO - Requirement already satisfied: certifi in ./cosmos_venvs/ecom_intermediate/lib/python3.10/site-packages (from clickhouse-connect>=0.6.22->dbt-clickhouse) (2025.8.3)
[2025-09-19T10:19:18.563+0000] {process_utils.py:191} INFO - Requirement already satisfied: urllib3>=1.26 in ./cosmos_venvs/ecom_intermediate/lib/python3.10/site-packages (from clickhouse-connect>=0.6.22->dbt-clickhouse) (2.5.0)
[2025-09-19T10:19:18.563+0000] {process_utils.py:191} INFO - Requirement already satisfied: pytz in ./cosmos_venvs/ecom_intermediate/lib/python3.10/site-packages (from clickhouse-connect>=0.6.22->dbt-clickhouse) (2025.2)
[2025-09-19T10:19:18.564+0000] {process_utils.py:191} INFO - Requirement already satisfied: zstandard in ./cosmos_venvs/ecom_intermediate/lib/python3.10/site-packages (from clickhouse-connect>=0.6.22->dbt-clickhouse) (0.25.0)
[2025-09-19T10:19:18.564+0000] {process_utils.py:191} INFO - Requirement already satisfied: lz4 in ./cosmos_venvs/ecom_intermediate/lib/python3.10/site-packages (from clickhouse-connect>=0.6.22->dbt-clickhouse) (4.4.4)
[2025-09-19T10:19:18.567+0000] {process_utils.py:191} INFO - Requirement already satisfied: tzlocal in ./cosmos_venvs/ecom_intermediate/lib/python3.10/site-packages (from clickhouse-driver>=0.2.6->dbt-clickhouse) (5.3.1)
[2025-09-19T10:19:18.571+0000] {process_utils.py:191} INFO - Requirement already satisfied: agate<1.10,>=1.7.0 in ./cosmos_venvs/ecom_intermediate/lib/python3.10/site-packages (from dbt-core>=1.9->dbt-clickhouse) (1.9.1)
[2025-09-19T10:19:18.572+0000] {process_utils.py:191} INFO - Requirement already satisfied: Jinja2<4,>=3.1.3 in ./cosmos_venvs/ecom_intermediate/lib/python3.10/site-packages (from dbt-core>=1.9->dbt-clickhouse) (3.1.6)
[2025-09-19T10:19:18.574+0000] {process_utils.py:191} INFO - Requirement already satisfied: mashumaro<3.15,>=3.9 in ./cosmos_venvs/ecom_intermediate/lib/python3.10/site-packages (from mashumaro[msgpack]<3.15,>=3.9->dbt-core>=1.9->dbt-clickhouse) (3.14)
[2025-09-19T10:19:18.575+0000] {process_utils.py:191} INFO - Requirement already satisfied: click<9.0,>=8.0.2 in ./cosmos_venvs/ecom_intermediate/lib/python3.10/site-packages (from dbt-core>=1.9->dbt-clickhouse) (8.3.0)
[2025-09-19T10:19:18.575+0000] {process_utils.py:191} INFO - Requirement already satisfied: jsonschema<5.0,>=4.19.1 in ./cosmos_venvs/ecom_intermediate/lib/python3.10/site-packages (from dbt-core>=1.9->dbt-clickhouse) (4.25.1)
[2025-09-19T10:19:18.576+0000] {process_utils.py:191} INFO - Requirement already satisfied: networkx<4.0,>=2.3 in ./cosmos_venvs/ecom_intermediate/lib/python3.10/site-packages (from dbt-core>=1.9->dbt-clickhouse) (3.4.2)
[2025-09-19T10:19:18.577+0000] {process_utils.py:191} INFO - Requirement already satisfied: protobuf<7.0,>=6.0 in ./cosmos_venvs/ecom_intermediate/lib/python3.10/site-packages (from dbt-core>=1.9->dbt-clickhouse) (6.32.1)
[2025-09-19T10:19:18.578+0000] {process_utils.py:191} INFO - Requirement already satisfied: requests<3.0.0 in ./cosmos_venvs/ecom_intermediate/lib/python3.10/site-packages (from dbt-core>=1.9->dbt-clickhouse) (2.32.5)
[2025-09-19T10:19:18.579+0000] {process_utils.py:191} INFO - Requirement already satisfied: snowplow-tracker<2.0,>=1.0.2 in ./cosmos_venvs/ecom_intermediate/lib/python3.10/site-packages (from dbt-core>=1.9->dbt-clickhouse) (1.1.0)
[2025-09-19T10:19:18.579+0000] {process_utils.py:191} INFO - Requirement already satisfied: pathspec<0.13,>=0.9 in ./cosmos_venvs/ecom_intermediate/lib/python3.10/site-packages (from dbt-core>=1.9->dbt-clickhouse) (0.12.1)
[2025-09-19T10:19:18.580+0000] {process_utils.py:191} INFO - Requirement already satisfied: sqlparse<0.6.0,>=0.5.0 in ./cosmos_venvs/ecom_intermediate/lib/python3.10/site-packages (from dbt-core>=1.9->dbt-clickhouse) (0.5.3)
[2025-09-19T10:19:18.580+0000] {process_utils.py:191} INFO - Requirement already satisfied: dbt-extractor<=0.6,>=0.5.0 in ./cosmos_venvs/ecom_intermediate/lib/python3.10/site-packages (from dbt-core>=1.9->dbt-clickhouse) (0.6.0)
[2025-09-19T10:19:18.581+0000] {process_utils.py:191} INFO - Requirement already satisfied: dbt-semantic-interfaces<0.10,>=0.9.0 in ./cosmos_venvs/ecom_intermediate/lib/python3.10/site-packages (from dbt-core>=1.9->dbt-clickhouse) (0.9.0)
[2025-09-19T10:19:18.582+0000] {process_utils.py:191} INFO - Requirement already satisfied: dbt-common<2.0,>=1.27.0 in ./cosmos_venvs/ecom_intermediate/lib/python3.10/site-packages (from dbt-core>=1.9->dbt-clickhouse) (1.31.0)
[2025-09-19T10:19:18.582+0000] {process_utils.py:191} INFO - Requirement already satisfied: dbt-adapters<2.0,>=1.15.5 in ./cosmos_venvs/ecom_intermediate/lib/python3.10/site-packages (from dbt-core>=1.9->dbt-clickhouse) (1.16.7)
[2025-09-19T10:19:18.583+0000] {process_utils.py:191} INFO - Requirement already satisfied: dbt-protos<2.0,>=1.0.346 in ./cosmos_venvs/ecom_intermediate/lib/python3.10/site-packages (from dbt-core>=1.9->dbt-clickhouse) (1.0.375)
[2025-09-19T10:19:18.584+0000] {process_utils.py:191} INFO - Requirement already satisfied: pydantic<3 in ./cosmos_venvs/ecom_intermediate/lib/python3.10/site-packages (from dbt-core>=1.9->dbt-clickhouse) (2.11.9)
[2025-09-19T10:19:18.585+0000] {process_utils.py:191} INFO - Requirement already satisfied: packaging>20.9 in ./cosmos_venvs/ecom_intermediate/lib/python3.10/site-packages (from dbt-core>=1.9->dbt-clickhouse) (25.0)
[2025-09-19T10:19:18.585+0000] {process_utils.py:191} INFO - Requirement already satisfied: pyyaml>=6.0 in ./cosmos_venvs/ecom_intermediate/lib/python3.10/site-packages (from dbt-core>=1.9->dbt-clickhouse) (6.0.2)
[2025-09-19T10:19:18.586+0000] {process_utils.py:191} INFO - Requirement already satisfied: daff>=1.3.46 in ./cosmos_venvs/ecom_intermediate/lib/python3.10/site-packages (from dbt-core>=1.9->dbt-clickhouse) (1.4.2)
[2025-09-19T10:19:18.586+0000] {process_utils.py:191} INFO - Requirement already satisfied: typing-extensions>=4.4 in ./cosmos_venvs/ecom_intermediate/lib/python3.10/site-packages (from dbt-core>=1.9->dbt-clickhouse) (4.15.0)
[2025-09-19T10:19:18.590+0000] {process_utils.py:191} INFO - Requirement already satisfied: Babel>=2.0 in ./cosmos_venvs/ecom_intermediate/lib/python3.10/site-packages (from agate<1.10,>=1.7.0->dbt-core>=1.9->dbt-clickhouse) (2.17.0)
[2025-09-19T10:19:18.590+0000] {process_utils.py:191} INFO - Requirement already satisfied: isodate>=0.5.4 in ./cosmos_venvs/ecom_intermediate/lib/python3.10/site-packages (from agate<1.10,>=1.7.0->dbt-core>=1.9->dbt-clickhouse) (0.6.1)
[2025-09-19T10:19:18.591+0000] {process_utils.py:191} INFO - Requirement already satisfied: leather>=0.3.2 in ./cosmos_venvs/ecom_intermediate/lib/python3.10/site-packages (from agate<1.10,>=1.7.0->dbt-core>=1.9->dbt-clickhouse) (0.4.0)
[2025-09-19T10:19:18.591+0000] {process_utils.py:191} INFO - Requirement already satisfied: parsedatetime!=2.5,>=2.1 in ./cosmos_venvs/ecom_intermediate/lib/python3.10/site-packages (from agate<1.10,>=1.7.0->dbt-core>=1.9->dbt-clickhouse) (2.6)
[2025-09-19T10:19:18.592+0000] {process_utils.py:191} INFO - Requirement already satisfied: python-slugify>=1.2.1 in ./cosmos_venvs/ecom_intermediate/lib/python3.10/site-packages (from agate<1.10,>=1.7.0->dbt-core>=1.9->dbt-clickhouse) (8.0.4)
[2025-09-19T10:19:18.592+0000] {process_utils.py:191} INFO - Requirement already satisfied: pytimeparse>=1.1.5 in ./cosmos_venvs/ecom_intermediate/lib/python3.10/site-packages (from agate<1.10,>=1.7.0->dbt-core>=1.9->dbt-clickhouse) (1.1.8)
[2025-09-19T10:19:18.607+0000] {process_utils.py:191} INFO - Requirement already satisfied: colorama<0.5,>=0.3.9 in ./cosmos_venvs/ecom_intermediate/lib/python3.10/site-packages (from dbt-common<2.0,>=1.27.0->dbt-core>=1.9->dbt-clickhouse) (0.4.6)
[2025-09-19T10:19:18.610+0000] {process_utils.py:191} INFO - Requirement already satisfied: deepdiff<9.0,>=7.0 in ./cosmos_venvs/ecom_intermediate/lib/python3.10/site-packages (from dbt-common<2.0,>=1.27.0->dbt-core>=1.9->dbt-clickhouse) (8.6.1)
[2025-09-19T10:19:18.611+0000] {process_utils.py:191} INFO - Requirement already satisfied: python-dateutil<3.0,>=2.0 in ./cosmos_venvs/ecom_intermediate/lib/python3.10/site-packages (from dbt-common<2.0,>=1.27.0->dbt-core>=1.9->dbt-clickhouse) (2.9.0.post0)
[2025-09-19T10:19:18.620+0000] {process_utils.py:191} INFO - Requirement already satisfied: importlib-metadata<9,>=6.0 in ./cosmos_venvs/ecom_intermediate/lib/python3.10/site-packages (from dbt-semantic-interfaces<0.10,>=0.9.0->dbt-core>=1.9->dbt-clickhouse) (8.7.0)
[2025-09-19T10:19:18.621+0000] {process_utils.py:191} INFO - Requirement already satisfied: more-itertools<11.0,>=8.0 in ./cosmos_venvs/ecom_intermediate/lib/python3.10/site-packages (from dbt-semantic-interfaces<0.10,>=0.9.0->dbt-core>=1.9->dbt-clickhouse) (10.8.0)
[2025-09-19T10:19:18.630+0000] {process_utils.py:191} INFO - Requirement already satisfied: orderly-set<6,>=5.4.1 in ./cosmos_venvs/ecom_intermediate/lib/python3.10/site-packages (from deepdiff<9.0,>=7.0->dbt-common<2.0,>=1.27.0->dbt-core>=1.9->dbt-clickhouse) (5.5.0)
[2025-09-19T10:19:18.636+0000] {process_utils.py:191} INFO - Requirement already satisfied: zipp>=3.20 in ./cosmos_venvs/ecom_intermediate/lib/python3.10/site-packages (from importlib-metadata<9,>=6.0->dbt-semantic-interfaces<0.10,>=0.9.0->dbt-core>=1.9->dbt-clickhouse) (3.23.0)
[2025-09-19T10:19:18.637+0000] {process_utils.py:191} INFO - Requirement already satisfied: six in ./cosmos_venvs/ecom_intermediate/lib/python3.10/site-packages (from isodate>=0.5.4->agate<1.10,>=1.7.0->dbt-core>=1.9->dbt-clickhouse) (1.17.0)
[2025-09-19T10:19:18.639+0000] {process_utils.py:191} INFO - Requirement already satisfied: MarkupSafe>=2.0 in ./cosmos_venvs/ecom_intermediate/lib/python3.10/site-packages (from Jinja2<4,>=3.1.3->dbt-core>=1.9->dbt-clickhouse) (3.0.2)
[2025-09-19T10:19:18.643+0000] {process_utils.py:191} INFO - Requirement already satisfied: attrs>=22.2.0 in ./cosmos_venvs/ecom_intermediate/lib/python3.10/site-packages (from jsonschema<5.0,>=4.19.1->dbt-core>=1.9->dbt-clickhouse) (25.3.0)
[2025-09-19T10:19:18.643+0000] {process_utils.py:191} INFO - Requirement already satisfied: jsonschema-specifications>=2023.03.6 in ./cosmos_venvs/ecom_intermediate/lib/python3.10/site-packages (from jsonschema<5.0,>=4.19.1->dbt-core>=1.9->dbt-clickhouse) (2025.9.1)
[2025-09-19T10:19:18.644+0000] {process_utils.py:191} INFO - Requirement already satisfied: referencing>=0.28.4 in ./cosmos_venvs/ecom_intermediate/lib/python3.10/site-packages (from jsonschema<5.0,>=4.19.1->dbt-core>=1.9->dbt-clickhouse) (0.36.2)
[2025-09-19T10:19:18.645+0000] {process_utils.py:191} INFO - Requirement already satisfied: rpds-py>=0.7.1 in ./cosmos_venvs/ecom_intermediate/lib/python3.10/site-packages (from jsonschema<5.0,>=4.19.1->dbt-core>=1.9->dbt-clickhouse) (0.27.1)
[2025-09-19T10:19:18.655+0000] {process_utils.py:191} INFO - Requirement already satisfied: msgpack>=0.5.6 in ./cosmos_venvs/ecom_intermediate/lib/python3.10/site-packages (from mashumaro[msgpack]<3.15,>=3.9->dbt-core>=1.9->dbt-clickhouse) (1.1.1)
[2025-09-19T10:19:18.675+0000] {process_utils.py:191} INFO - Requirement already satisfied: annotated-types>=0.6.0 in ./cosmos_venvs/ecom_intermediate/lib/python3.10/site-packages (from pydantic<3->dbt-core>=1.9->dbt-clickhouse) (0.7.0)
[2025-09-19T10:19:18.676+0000] {process_utils.py:191} INFO - Requirement already satisfied: pydantic-core==2.33.2 in ./cosmos_venvs/ecom_intermediate/lib/python3.10/site-packages (from pydantic<3->dbt-core>=1.9->dbt-clickhouse) (2.33.2)
[2025-09-19T10:19:18.678+0000] {process_utils.py:191} INFO - Requirement already satisfied: typing-inspection>=0.4.0 in ./cosmos_venvs/ecom_intermediate/lib/python3.10/site-packages (from pydantic<3->dbt-core>=1.9->dbt-clickhouse) (0.4.1)
[2025-09-19T10:19:18.689+0000] {process_utils.py:191} INFO - Requirement already satisfied: charset_normalizer<4,>=2 in ./cosmos_venvs/ecom_intermediate/lib/python3.10/site-packages (from requests<3.0.0->dbt-core>=1.9->dbt-clickhouse) (3.4.3)
[2025-09-19T10:19:18.690+0000] {process_utils.py:191} INFO - Requirement already satisfied: idna<4,>=2.5 in ./cosmos_venvs/ecom_intermediate/lib/python3.10/site-packages (from requests<3.0.0->dbt-core>=1.9->dbt-clickhouse) (3.10)
[2025-09-19T10:19:18.737+0000] {process_utils.py:191} INFO - Requirement already satisfied: text-unidecode>=1.3 in ./cosmos_venvs/ecom_intermediate/lib/python3.10/site-packages (from python-slugify>=1.2.1->agate<1.10,>=1.7.0->dbt-core>=1.9->dbt-clickhouse) (1.3)
[2025-09-19T10:19:18.910+0000] {local.py:470} INFO - Cloning project to writable temp directory /tmp/tmpvonkq99s from /opt/airflow/dags/dbt/ecom_intermediate
[2025-09-19T10:19:18.921+0000] {local.py:490} INFO - Partial parse is enabled and the latest partial parse file is /tmp/cosmos/dbt_intermediate__intermediate/target/partial_parse.msgpack
[2025-09-19T10:19:18.933+0000] {config.py:362} INFO - Using user-supplied profiles.yml at /opt/airflow/dags/dbt/profiles.yml
[2025-09-19T10:19:18.948+0000] {virtualenv.py:99} INFO - Using Python binary from virtualenv: /opt/***/cosmos_venvs/ecom_intermediate/bin/python
[2025-09-19T10:19:18.949+0000] {local.py:434} INFO - Trying to run the command:
 ['/opt/***/cosmos_venvs/ecom_intermediate/bin/dbt', 'deps', '--project-dir', '/tmp/tmpvonkq99s', '--profiles-dir', '/opt/***/dags/dbt', '--profile', 'ecom_intermediate', '--target', 'dev']
From /tmp/tmpvonkq99s
[2025-09-19T10:19:18.949+0000] {subprocess.py:56} INFO - Tmp dir root location: 
 /tmp
[2025-09-19T10:19:18.950+0000] {subprocess.py:69} INFO - Running command: ['/opt/***/cosmos_venvs/ecom_intermediate/bin/dbt', 'deps', '--project-dir', '/tmp/tmpvonkq99s', '--profiles-dir', '/opt/***/dags/dbt', '--profile', 'ecom_intermediate', '--target', 'dev']
[2025-09-19T10:19:18.962+0000] {subprocess.py:80} INFO - Command output:
[2025-09-19T10:19:20.763+0000] {local_task_job_runner.py:124} ERROR - Received SIGTERM. Terminating subprocesses
[2025-09-19T10:19:20.788+0000] {process_utils.py:132} INFO - Sending 15 to group 3513. PIDs of all processes in the group: [3593, 3513]
[2025-09-19T10:19:20.790+0000] {process_utils.py:87} INFO - Sending the signal 15 to group 3513
[2025-09-19T10:19:20.791+0000] {taskinstance.py:2611} ERROR - Received SIGTERM. Terminating subprocesses.
[2025-09-19T10:19:20.795+0000] {virtualenv.py:131} INFO - Releasing virtualenv lock
[2025-09-19T10:19:20.803+0000] {taskinstance.py:441} INFO - ::group::Post task execution logs
[2025-09-19T10:19:20.991+0000] {taskinstance.py:2905} ERROR - Task failed with exception
Traceback (most recent call last):
  File "/home/airflow/.local/lib/python3.10/site-packages/airflow/models/taskinstance.py", line 465, in _execute_task
    result = _execute_callable(context=context, **execute_callable_kwargs)
  File "/home/airflow/.local/lib/python3.10/site-packages/airflow/models/taskinstance.py", line 432, in _execute_callable
    return execute_callable(context=context, **execute_callable_kwargs)
  File "/home/airflow/.local/lib/python3.10/site-packages/airflow/models/baseoperator.py", line 401, in wrapper
    return func(self, *args, **kwargs)
  File "/home/airflow/.local/lib/python3.10/site-packages/cosmos/operators/virtualenv.py", line 144, in execute
    output = super().execute(context)
  File "/home/airflow/.local/lib/python3.10/site-packages/cosmos/operators/base.py", line 310, in execute
    self.build_and_run_cmd(context=context, cmd_flags=self.add_cmd_flags())
  File "/home/airflow/.local/lib/python3.10/site-packages/cosmos/operators/local.py", line 853, in build_and_run_cmd
    result = self.run_command(
  File "/home/airflow/.local/lib/python3.10/site-packages/cosmos/operators/virtualenv.py", line 129, in run_command
    return super().run_command(cmd, env, context, run_as_async=run_as_async, async_context=async_context)
  File "/home/airflow/.local/lib/python3.10/site-packages/cosmos/operators/local.py", line 623, in run_command
    self._install_dependencies(
  File "/home/airflow/.local/lib/python3.10/site-packages/cosmos/operators/local.py", line 530, in _install_dependencies
    self.invoke_dbt(command=deps_command, env=env, cwd=tmp_dir_path)
  File "/home/airflow/.local/lib/python3.10/site-packages/cosmos/operators/virtualenv.py", line 101, in run_subprocess
    return super().run_subprocess(command, env, cwd)
  File "/home/airflow/.local/lib/python3.10/site-packages/cosmos/operators/local.py", line 435, in run_subprocess
    subprocess_result: FullOutputSubprocessResult = self.subprocess_hook.run_command(
  File "/home/airflow/.local/lib/python3.10/site-packages/cosmos/hooks/subprocess.py", line 86, in run_command
    for raw_line in iter(self.sub_process.stdout.readline, b""):
  File "/home/airflow/.local/lib/python3.10/site-packages/airflow/models/taskinstance.py", line 2613, in signal_handler
    raise AirflowTaskTerminated("Task received SIGTERM signal")
airflow.exceptions.AirflowTaskTerminated: Task received SIGTERM signal
[2025-09-19T10:19:20.998+0000] {taskinstance.py:1206} INFO - Marking task as FAILED. dag_id=dbt_intermediate, task_id=intermediate.brands.run, run_id=scheduled__2025-09-18T00:00:00+00:00, execution_date=20250918T000000, start_date=20250919T101859, end_date=20250919T101920
[2025-09-19T10:19:21.095+0000] {process_utils.py:80} INFO - Process psutil.Process(pid=3513, status='terminated', exitcode=2, started='10:18:59') (3513) terminated with exit code 2
[2025-09-19T10:19:21.732+0000] {process_utils.py:80} INFO - Process psutil.Process(pid=3593, status='terminated', started='10:19:18') (3593) terminated with exit code None
[2025-09-19T10:19:21.733+0000] {local_task_job_runner.py:243} INFO - Task exited with return code 143
[2025-09-19T10:19:21.822+0000] {taskinstance.py:3503} INFO - 0 downstream tasks scheduled from follow-on schedule check
