[2025-09-14T13:59:15.349+0000] {local_task_job_runner.py:120} INFO - ::group::Pre task execution logs
[2025-09-14T13:59:15.661+0000] {taskinstance.py:2076} INFO - Dependencies all met for dep_context=non-requeueable deps ti=<TaskInstance: dbt_intermediate.intermediate.locations.run scheduled__2025-09-13T00:00:00+00:00 [queued]>
[2025-09-14T13:59:15.675+0000] {taskinstance.py:2076} INFO - Dependencies all met for dep_context=requeueable deps ti=<TaskInstance: dbt_intermediate.intermediate.locations.run scheduled__2025-09-13T00:00:00+00:00 [queued]>
[2025-09-14T13:59:15.686+0000] {taskinstance.py:2306} INFO - Starting attempt 1 of 1
[2025-09-14T13:59:15.715+0000] {taskinstance.py:2330} INFO - Executing <Task(DbtRunVirtualenvOperator): intermediate.locations.run> on 2025-09-13 00:00:00+00:00
[2025-09-14T13:59:15.724+0000] {standard_task_runner.py:64} INFO - Started process 3486 to run task
[2025-09-14T13:59:15.730+0000] {standard_task_runner.py:90} INFO - Running: ['***', 'tasks', 'run', 'dbt_intermediate', 'intermediate.locations.run', 'scheduled__2025-09-13T00:00:00+00:00', '--job-id', '326', '--raw', '--subdir', 'DAGS_FOLDER/dbt_intermediate.py', '--cfg-path', '/tmp/tmpzsrj69mz']
[2025-09-14T13:59:15.733+0000] {standard_task_runner.py:91} INFO - Job 326: Subtask intermediate.locations.run
[2025-09-14T13:59:15.958+0000] {task_command.py:426} INFO - Running <TaskInstance: dbt_intermediate.intermediate.locations.run scheduled__2025-09-13T00:00:00+00:00 [running]> on host e95bde6b8d07
[2025-09-14T13:59:16.309+0000] {taskinstance.py:2648} INFO - Exporting env vars: AIRFLOW_CTX_DAG_OWNER='***' AIRFLOW_CTX_DAG_ID='dbt_intermediate' AIRFLOW_CTX_TASK_ID='intermediate.locations.run' AIRFLOW_CTX_EXECUTION_DATE='2025-09-13T00:00:00+00:00' AIRFLOW_CTX_TRY_NUMBER='1' AIRFLOW_CTX_DAG_RUN_ID='scheduled__2025-09-13T00:00:00+00:00'
[2025-09-14T13:59:16.312+0000] {taskinstance.py:430} INFO - ::endgroup::
[2025-09-14T13:59:16.333+0000] {virtualenv.py:120} INFO - Checking if the virtualenv lock /tmp/cosmos_venv_ecom_intermediate/cosmos_virtualenv.lock exists
[2025-09-14T13:59:16.334+0000] {virtualenv.py:178} INFO - Checking for running process with PID 3470
[2025-09-14T13:59:16.335+0000] {virtualenv.py:181} INFO - Process 3470 running: True and has the lock /tmp/cosmos_venv_ecom_intermediate/cosmos_virtualenv.lock.
[2025-09-14T13:59:16.335+0000] {virtualenv.py:122} INFO - Waiting for virtualenv lock to be released
[2025-09-14T13:59:17.337+0000] {virtualenv.py:178} INFO - Checking for running process with PID 3470
[2025-09-14T13:59:17.340+0000] {virtualenv.py:181} INFO - Process 3470 running: True and has the lock /tmp/cosmos_venv_ecom_intermediate/cosmos_virtualenv.lock.
[2025-09-14T13:59:17.342+0000] {virtualenv.py:122} INFO - Waiting for virtualenv lock to be released
[2025-09-14T13:59:18.344+0000] {virtualenv.py:178} INFO - Checking for running process with PID 3470
[2025-09-14T13:59:18.345+0000] {virtualenv.py:181} INFO - Process 3470 running: True and has the lock /tmp/cosmos_venv_ecom_intermediate/cosmos_virtualenv.lock.
[2025-09-14T13:59:18.345+0000] {virtualenv.py:122} INFO - Waiting for virtualenv lock to be released
[2025-09-14T13:59:19.347+0000] {virtualenv.py:178} INFO - Checking for running process with PID 3470
[2025-09-14T13:59:19.348+0000] {virtualenv.py:181} INFO - Process 3470 running: True and has the lock /tmp/cosmos_venv_ecom_intermediate/cosmos_virtualenv.lock.
[2025-09-14T13:59:19.349+0000] {virtualenv.py:122} INFO - Waiting for virtualenv lock to be released
[2025-09-14T13:59:20.351+0000] {virtualenv.py:178} INFO - Checking for running process with PID 3470
[2025-09-14T13:59:20.352+0000] {virtualenv.py:181} INFO - Process 3470 running: True and has the lock /tmp/cosmos_venv_ecom_intermediate/cosmos_virtualenv.lock.
[2025-09-14T13:59:20.352+0000] {virtualenv.py:122} INFO - Waiting for virtualenv lock to be released
[2025-09-14T13:59:21.354+0000] {virtualenv.py:178} INFO - Checking for running process with PID 3470
[2025-09-14T13:59:21.355+0000] {virtualenv.py:181} INFO - Process 3470 running: True and has the lock /tmp/cosmos_venv_ecom_intermediate/cosmos_virtualenv.lock.
[2025-09-14T13:59:21.356+0000] {virtualenv.py:122} INFO - Waiting for virtualenv lock to be released
[2025-09-14T13:59:22.358+0000] {virtualenv.py:178} INFO - Checking for running process with PID 3470
[2025-09-14T13:59:22.359+0000] {virtualenv.py:181} INFO - Process 3470 running: True and has the lock /tmp/cosmos_venv_ecom_intermediate/cosmos_virtualenv.lock.
[2025-09-14T13:59:22.359+0000] {virtualenv.py:122} INFO - Waiting for virtualenv lock to be released
[2025-09-14T13:59:23.361+0000] {virtualenv.py:178} INFO - Checking for running process with PID 3470
[2025-09-14T13:59:23.362+0000] {virtualenv.py:181} INFO - Process 3470 running: True and has the lock /tmp/cosmos_venv_ecom_intermediate/cosmos_virtualenv.lock.
[2025-09-14T13:59:23.362+0000] {virtualenv.py:122} INFO - Waiting for virtualenv lock to be released
[2025-09-14T13:59:24.364+0000] {virtualenv.py:178} INFO - Checking for running process with PID 3470
[2025-09-14T13:59:24.365+0000] {virtualenv.py:181} INFO - Process 3470 running: True and has the lock /tmp/cosmos_venv_ecom_intermediate/cosmos_virtualenv.lock.
[2025-09-14T13:59:24.365+0000] {virtualenv.py:122} INFO - Waiting for virtualenv lock to be released
[2025-09-14T13:59:25.367+0000] {virtualenv.py:178} INFO - Checking for running process with PID 3470
[2025-09-14T13:59:25.367+0000] {virtualenv.py:181} INFO - Process 3470 running: True and has the lock /tmp/cosmos_venv_ecom_intermediate/cosmos_virtualenv.lock.
[2025-09-14T13:59:25.368+0000] {virtualenv.py:122} INFO - Waiting for virtualenv lock to be released
[2025-09-14T13:59:26.370+0000] {virtualenv.py:178} INFO - Checking for running process with PID 3470
[2025-09-14T13:59:26.371+0000] {virtualenv.py:181} INFO - Process 3470 running: True and has the lock /tmp/cosmos_venv_ecom_intermediate/cosmos_virtualenv.lock.
[2025-09-14T13:59:26.372+0000] {virtualenv.py:122} INFO - Waiting for virtualenv lock to be released
[2025-09-14T13:59:27.373+0000] {virtualenv.py:178} INFO - Checking for running process with PID 3470
[2025-09-14T13:59:27.374+0000] {virtualenv.py:181} INFO - Process 3470 running: True and has the lock /tmp/cosmos_venv_ecom_intermediate/cosmos_virtualenv.lock.
[2025-09-14T13:59:27.375+0000] {virtualenv.py:122} INFO - Waiting for virtualenv lock to be released
[2025-09-14T13:59:28.377+0000] {virtualenv.py:178} INFO - Checking for running process with PID 3470
[2025-09-14T13:59:28.378+0000] {virtualenv.py:181} INFO - Process 3470 running: True and has the lock /tmp/cosmos_venv_ecom_intermediate/cosmos_virtualenv.lock.
[2025-09-14T13:59:28.378+0000] {virtualenv.py:122} INFO - Waiting for virtualenv lock to be released
[2025-09-14T13:59:29.380+0000] {virtualenv.py:178} INFO - Checking for running process with PID 3470
[2025-09-14T13:59:29.380+0000] {virtualenv.py:181} INFO - Process 3470 running: True and has the lock /tmp/cosmos_venv_ecom_intermediate/cosmos_virtualenv.lock.
[2025-09-14T13:59:29.381+0000] {virtualenv.py:122} INFO - Waiting for virtualenv lock to be released
[2025-09-14T13:59:30.383+0000] {virtualenv.py:178} INFO - Checking for running process with PID 3470
[2025-09-14T13:59:30.384+0000] {virtualenv.py:181} INFO - Process 3470 running: True and has the lock /tmp/cosmos_venv_ecom_intermediate/cosmos_virtualenv.lock.
[2025-09-14T13:59:30.386+0000] {virtualenv.py:122} INFO - Waiting for virtualenv lock to be released
[2025-09-14T13:59:31.388+0000] {virtualenv.py:126} INFO - Acquiring the virtualenv lock
[2025-09-14T13:59:31.389+0000] {virtualenv.py:195} INFO - Acquiring lock at /tmp/cosmos_venv_ecom_intermediate/cosmos_virtualenv.lock with pid 3486
[2025-09-14T13:59:31.389+0000] {virtualenv.py:153} INFO - Creating or updating the virtualenv at `/tmp/cosmos_venv_ecom_intermediate
[2025-09-14T13:59:31.390+0000] {process_utils.py:183} INFO - Executing cmd: /home/***/.local/bin/python -m virtualenv /tmp/cosmos_venv_ecom_intermediate --python=python3
[2025-09-14T13:59:31.391+0000] {process_utils.py:187} INFO - Output:
[2025-09-14T13:59:32.606+0000] {process_utils.py:191} INFO - created virtual environment CPython3.10.14.final.0-64 in 474ms
[2025-09-14T13:59:32.607+0000] {process_utils.py:191} INFO -   creator CPython3Posix(dest=/tmp/cosmos_venv_ecom_intermediate, clear=False, no_vcs_ignore=False, global=False)
[2025-09-14T13:59:32.608+0000] {process_utils.py:191} INFO -   seeder FromAppData(download=False, pip=bundle, setuptools=bundle, wheel=bundle, via=copy, app_data_dir=/home/***/.local/share/virtualenv)
[2025-09-14T13:59:32.610+0000] {process_utils.py:191} INFO -     added seed packages: MarkupSafe==3.0.2, PyYAML==6.0.2, agate==1.9.1, annotated_types==0.7.0, attrs==25.3.0, babel==2.17.0, certifi==2025.8.3, charset_normalizer==3.4.3, click==8.2.1, clickhouse_connect==0.8.18, clickhouse_driver==0.2.9, colorama==0.4.6, daff==1.4.2, dbt_adapters==1.16.7, dbt_clickhouse==1.9.3, dbt_common==1.30.0, dbt_core==1.10.11, dbt_extractor==0.6.0, dbt_protos==1.0.375, dbt_semantic_interfaces==0.9.0, deepdiff==8.6.1, idna==3.10, importlib_metadata==8.7.0, isodate==0.6.1, jinja2==3.1.6, jsonschema==4.25.1, jsonschema_specifications==2025.9.1, leather==0.4.0, lz4==4.4.4, mashumaro==3.14, more_itertools==10.8.0, msgpack==1.1.1, networkx==3.4.2, orderly_set==5.5.0, packaging==25.0, parsedatetime==2.6, pathspec==0.12.1, pip==25.2, protobuf==6.32.1, pydantic==2.11.8, pydantic_core==2.33.2, python_dateutil==2.9.0.post0, python_slugify==8.0.4, pytimeparse==1.1.8, pytz==2025.2, referencing==0.36.2, requests==2.32.5, rpds_py==0.27.1, setuptools==80.9.0, six==1.17.0, snowplow_tracker==1.1.0, sqlparse==0.5.3, text_unidecode==1.3, typing_extensions==4.15.0, typing_inspection==0.4.1, tzlocal==5.3.1, urllib3==2.5.0, wheel==0.45.1, zipp==3.23.0, zstandard==0.24.0
[2025-09-14T13:59:32.611+0000] {process_utils.py:191} INFO -   activators BashActivator,CShellActivator,FishActivator,NushellActivator,PowerShellActivator,PythonActivator
[2025-09-14T13:59:32.682+0000] {process_utils.py:183} INFO - Executing cmd: /tmp/cosmos_venv_ecom_intermediate/bin/pip install dbt-clickhouse
[2025-09-14T13:59:32.683+0000] {process_utils.py:187} INFO - Output:
[2025-09-14T13:59:34.032+0000] {process_utils.py:191} INFO - Requirement already satisfied: dbt-clickhouse in /tmp/cosmos_venv_ecom_intermediate/lib/python3.10/site-packages (1.9.3)
[2025-09-14T13:59:34.035+0000] {process_utils.py:191} INFO - Requirement already satisfied: dbt-core>=1.9 in /tmp/cosmos_venv_ecom_intermediate/lib/python3.10/site-packages (from dbt-clickhouse) (1.10.11)
[2025-09-14T13:59:34.036+0000] {process_utils.py:191} INFO - Requirement already satisfied: clickhouse-connect>=0.6.22 in /tmp/cosmos_venv_ecom_intermediate/lib/python3.10/site-packages (from dbt-clickhouse) (0.8.18)
[2025-09-14T13:59:34.036+0000] {process_utils.py:191} INFO - Requirement already satisfied: clickhouse-driver>=0.2.6 in /tmp/cosmos_venv_ecom_intermediate/lib/python3.10/site-packages (from dbt-clickhouse) (0.2.9)
[2025-09-14T13:59:34.037+0000] {process_utils.py:191} INFO - Requirement already satisfied: setuptools>=0.69 in /tmp/cosmos_venv_ecom_intermediate/lib/python3.10/site-packages (from dbt-clickhouse) (80.9.0)
[2025-09-14T13:59:34.040+0000] {process_utils.py:191} INFO - Requirement already satisfied: certifi in /tmp/cosmos_venv_ecom_intermediate/lib/python3.10/site-packages (from clickhouse-connect>=0.6.22->dbt-clickhouse) (2025.8.3)
[2025-09-14T13:59:34.041+0000] {process_utils.py:191} INFO - Requirement already satisfied: urllib3>=1.26 in /tmp/cosmos_venv_ecom_intermediate/lib/python3.10/site-packages (from clickhouse-connect>=0.6.22->dbt-clickhouse) (2.5.0)
[2025-09-14T13:59:34.042+0000] {process_utils.py:191} INFO - Requirement already satisfied: pytz in /tmp/cosmos_venv_ecom_intermediate/lib/python3.10/site-packages (from clickhouse-connect>=0.6.22->dbt-clickhouse) (2025.2)
[2025-09-14T13:59:34.042+0000] {process_utils.py:191} INFO - Requirement already satisfied: zstandard in /tmp/cosmos_venv_ecom_intermediate/lib/python3.10/site-packages (from clickhouse-connect>=0.6.22->dbt-clickhouse) (0.24.0)
[2025-09-14T13:59:34.043+0000] {process_utils.py:191} INFO - Requirement already satisfied: lz4 in /tmp/cosmos_venv_ecom_intermediate/lib/python3.10/site-packages (from clickhouse-connect>=0.6.22->dbt-clickhouse) (4.4.4)
[2025-09-14T13:59:34.045+0000] {process_utils.py:191} INFO - Requirement already satisfied: tzlocal in /tmp/cosmos_venv_ecom_intermediate/lib/python3.10/site-packages (from clickhouse-driver>=0.2.6->dbt-clickhouse) (5.3.1)
[2025-09-14T13:59:34.049+0000] {process_utils.py:191} INFO - Requirement already satisfied: agate<1.10,>=1.7.0 in /tmp/cosmos_venv_ecom_intermediate/lib/python3.10/site-packages (from dbt-core>=1.9->dbt-clickhouse) (1.9.1)
[2025-09-14T13:59:34.050+0000] {process_utils.py:191} INFO - Requirement already satisfied: Jinja2<4,>=3.1.3 in /tmp/cosmos_venv_ecom_intermediate/lib/python3.10/site-packages (from dbt-core>=1.9->dbt-clickhouse) (3.1.6)
[2025-09-14T13:59:34.051+0000] {process_utils.py:191} INFO - Requirement already satisfied: mashumaro<3.15,>=3.9 in /tmp/cosmos_venv_ecom_intermediate/lib/python3.10/site-packages (from mashumaro[msgpack]<3.15,>=3.9->dbt-core>=1.9->dbt-clickhouse) (3.14)
[2025-09-14T13:59:34.052+0000] {process_utils.py:191} INFO - Requirement already satisfied: click<9.0,>=8.0.2 in /tmp/cosmos_venv_ecom_intermediate/lib/python3.10/site-packages (from dbt-core>=1.9->dbt-clickhouse) (8.2.1)
[2025-09-14T13:59:34.052+0000] {process_utils.py:191} INFO - Requirement already satisfied: jsonschema<5.0,>=4.19.1 in /tmp/cosmos_venv_ecom_intermediate/lib/python3.10/site-packages (from dbt-core>=1.9->dbt-clickhouse) (4.25.1)
[2025-09-14T13:59:34.053+0000] {process_utils.py:191} INFO - Requirement already satisfied: networkx<4.0,>=2.3 in /tmp/cosmos_venv_ecom_intermediate/lib/python3.10/site-packages (from dbt-core>=1.9->dbt-clickhouse) (3.4.2)
[2025-09-14T13:59:34.054+0000] {process_utils.py:191} INFO - Requirement already satisfied: protobuf<7.0,>=6.0 in /tmp/cosmos_venv_ecom_intermediate/lib/python3.10/site-packages (from dbt-core>=1.9->dbt-clickhouse) (6.32.1)
[2025-09-14T13:59:34.054+0000] {process_utils.py:191} INFO - Requirement already satisfied: requests<3.0.0 in /tmp/cosmos_venv_ecom_intermediate/lib/python3.10/site-packages (from dbt-core>=1.9->dbt-clickhouse) (2.32.5)
[2025-09-14T13:59:34.055+0000] {process_utils.py:191} INFO - Requirement already satisfied: snowplow-tracker<2.0,>=1.0.2 in /tmp/cosmos_venv_ecom_intermediate/lib/python3.10/site-packages (from dbt-core>=1.9->dbt-clickhouse) (1.1.0)
[2025-09-14T13:59:34.055+0000] {process_utils.py:191} INFO - Requirement already satisfied: pathspec<0.13,>=0.9 in /tmp/cosmos_venv_ecom_intermediate/lib/python3.10/site-packages (from dbt-core>=1.9->dbt-clickhouse) (0.12.1)
[2025-09-14T13:59:34.056+0000] {process_utils.py:191} INFO - Requirement already satisfied: sqlparse<0.6.0,>=0.5.0 in /tmp/cosmos_venv_ecom_intermediate/lib/python3.10/site-packages (from dbt-core>=1.9->dbt-clickhouse) (0.5.3)
[2025-09-14T13:59:34.056+0000] {process_utils.py:191} INFO - Requirement already satisfied: dbt-extractor<=0.6,>=0.5.0 in /tmp/cosmos_venv_ecom_intermediate/lib/python3.10/site-packages (from dbt-core>=1.9->dbt-clickhouse) (0.6.0)
[2025-09-14T13:59:34.057+0000] {process_utils.py:191} INFO - Requirement already satisfied: dbt-semantic-interfaces<0.10,>=0.9.0 in /tmp/cosmos_venv_ecom_intermediate/lib/python3.10/site-packages (from dbt-core>=1.9->dbt-clickhouse) (0.9.0)
[2025-09-14T13:59:34.058+0000] {process_utils.py:191} INFO - Requirement already satisfied: dbt-common<2.0,>=1.27.0 in /tmp/cosmos_venv_ecom_intermediate/lib/python3.10/site-packages (from dbt-core>=1.9->dbt-clickhouse) (1.30.0)
[2025-09-14T13:59:34.058+0000] {process_utils.py:191} INFO - Requirement already satisfied: dbt-adapters<2.0,>=1.15.5 in /tmp/cosmos_venv_ecom_intermediate/lib/python3.10/site-packages (from dbt-core>=1.9->dbt-clickhouse) (1.16.7)
[2025-09-14T13:59:34.059+0000] {process_utils.py:191} INFO - Requirement already satisfied: dbt-protos<2.0,>=1.0.346 in /tmp/cosmos_venv_ecom_intermediate/lib/python3.10/site-packages (from dbt-core>=1.9->dbt-clickhouse) (1.0.375)
[2025-09-14T13:59:34.059+0000] {process_utils.py:191} INFO - Requirement already satisfied: pydantic<3 in /tmp/cosmos_venv_ecom_intermediate/lib/python3.10/site-packages (from dbt-core>=1.9->dbt-clickhouse) (2.11.8)
[2025-09-14T13:59:34.060+0000] {process_utils.py:191} INFO - Requirement already satisfied: packaging>20.9 in /tmp/cosmos_venv_ecom_intermediate/lib/python3.10/site-packages (from dbt-core>=1.9->dbt-clickhouse) (25.0)
[2025-09-14T13:59:34.060+0000] {process_utils.py:191} INFO - Requirement already satisfied: pyyaml>=6.0 in /tmp/cosmos_venv_ecom_intermediate/lib/python3.10/site-packages (from dbt-core>=1.9->dbt-clickhouse) (6.0.2)
[2025-09-14T13:59:34.061+0000] {process_utils.py:191} INFO - Requirement already satisfied: daff>=1.3.46 in /tmp/cosmos_venv_ecom_intermediate/lib/python3.10/site-packages (from dbt-core>=1.9->dbt-clickhouse) (1.4.2)
[2025-09-14T13:59:34.062+0000] {process_utils.py:191} INFO - Requirement already satisfied: typing-extensions>=4.4 in /tmp/cosmos_venv_ecom_intermediate/lib/python3.10/site-packages (from dbt-core>=1.9->dbt-clickhouse) (4.15.0)
[2025-09-14T13:59:34.065+0000] {process_utils.py:191} INFO - Requirement already satisfied: Babel>=2.0 in /tmp/cosmos_venv_ecom_intermediate/lib/python3.10/site-packages (from agate<1.10,>=1.7.0->dbt-core>=1.9->dbt-clickhouse) (2.17.0)
[2025-09-14T13:59:34.065+0000] {process_utils.py:191} INFO - Requirement already satisfied: isodate>=0.5.4 in /tmp/cosmos_venv_ecom_intermediate/lib/python3.10/site-packages (from agate<1.10,>=1.7.0->dbt-core>=1.9->dbt-clickhouse) (0.6.1)
[2025-09-14T13:59:34.066+0000] {process_utils.py:191} INFO - Requirement already satisfied: leather>=0.3.2 in /tmp/cosmos_venv_ecom_intermediate/lib/python3.10/site-packages (from agate<1.10,>=1.7.0->dbt-core>=1.9->dbt-clickhouse) (0.4.0)
[2025-09-14T13:59:34.066+0000] {process_utils.py:191} INFO - Requirement already satisfied: parsedatetime!=2.5,>=2.1 in /tmp/cosmos_venv_ecom_intermediate/lib/python3.10/site-packages (from agate<1.10,>=1.7.0->dbt-core>=1.9->dbt-clickhouse) (2.6)
[2025-09-14T13:59:34.067+0000] {process_utils.py:191} INFO - Requirement already satisfied: python-slugify>=1.2.1 in /tmp/cosmos_venv_ecom_intermediate/lib/python3.10/site-packages (from agate<1.10,>=1.7.0->dbt-core>=1.9->dbt-clickhouse) (8.0.4)
[2025-09-14T13:59:34.068+0000] {process_utils.py:191} INFO - Requirement already satisfied: pytimeparse>=1.1.5 in /tmp/cosmos_venv_ecom_intermediate/lib/python3.10/site-packages (from agate<1.10,>=1.7.0->dbt-core>=1.9->dbt-clickhouse) (1.1.8)
[2025-09-14T13:59:34.080+0000] {process_utils.py:191} INFO - Requirement already satisfied: colorama<0.5,>=0.3.9 in /tmp/cosmos_venv_ecom_intermediate/lib/python3.10/site-packages (from dbt-common<2.0,>=1.27.0->dbt-core>=1.9->dbt-clickhouse) (0.4.6)
[2025-09-14T13:59:34.081+0000] {process_utils.py:191} INFO - Requirement already satisfied: deepdiff<9.0,>=7.0 in /tmp/cosmos_venv_ecom_intermediate/lib/python3.10/site-packages (from dbt-common<2.0,>=1.27.0->dbt-core>=1.9->dbt-clickhouse) (8.6.1)
[2025-09-14T13:59:34.083+0000] {process_utils.py:191} INFO - Requirement already satisfied: python-dateutil<3.0,>=2.0 in /tmp/cosmos_venv_ecom_intermediate/lib/python3.10/site-packages (from dbt-common<2.0,>=1.27.0->dbt-core>=1.9->dbt-clickhouse) (2.9.0.post0)
[2025-09-14T13:59:34.090+0000] {process_utils.py:191} INFO - Requirement already satisfied: importlib-metadata<9,>=6.0 in /tmp/cosmos_venv_ecom_intermediate/lib/python3.10/site-packages (from dbt-semantic-interfaces<0.10,>=0.9.0->dbt-core>=1.9->dbt-clickhouse) (8.7.0)
[2025-09-14T13:59:34.091+0000] {process_utils.py:191} INFO - Requirement already satisfied: more-itertools<11.0,>=8.0 in /tmp/cosmos_venv_ecom_intermediate/lib/python3.10/site-packages (from dbt-semantic-interfaces<0.10,>=0.9.0->dbt-core>=1.9->dbt-clickhouse) (10.8.0)
[2025-09-14T13:59:34.100+0000] {process_utils.py:191} INFO - Requirement already satisfied: orderly-set<6,>=5.4.1 in /tmp/cosmos_venv_ecom_intermediate/lib/python3.10/site-packages (from deepdiff<9.0,>=7.0->dbt-common<2.0,>=1.27.0->dbt-core>=1.9->dbt-clickhouse) (5.5.0)
[2025-09-14T13:59:34.106+0000] {process_utils.py:191} INFO - Requirement already satisfied: zipp>=3.20 in /tmp/cosmos_venv_ecom_intermediate/lib/python3.10/site-packages (from importlib-metadata<9,>=6.0->dbt-semantic-interfaces<0.10,>=0.9.0->dbt-core>=1.9->dbt-clickhouse) (3.23.0)
[2025-09-14T13:59:34.108+0000] {process_utils.py:191} INFO - Requirement already satisfied: six in /tmp/cosmos_venv_ecom_intermediate/lib/python3.10/site-packages (from isodate>=0.5.4->agate<1.10,>=1.7.0->dbt-core>=1.9->dbt-clickhouse) (1.17.0)
[2025-09-14T13:59:34.110+0000] {process_utils.py:191} INFO - Requirement already satisfied: MarkupSafe>=2.0 in /tmp/cosmos_venv_ecom_intermediate/lib/python3.10/site-packages (from Jinja2<4,>=3.1.3->dbt-core>=1.9->dbt-clickhouse) (3.0.2)
[2025-09-14T13:59:34.114+0000] {process_utils.py:191} INFO - Requirement already satisfied: attrs>=22.2.0 in /tmp/cosmos_venv_ecom_intermediate/lib/python3.10/site-packages (from jsonschema<5.0,>=4.19.1->dbt-core>=1.9->dbt-clickhouse) (25.3.0)
[2025-09-14T13:59:34.115+0000] {process_utils.py:191} INFO - Requirement already satisfied: jsonschema-specifications>=2023.03.6 in /tmp/cosmos_venv_ecom_intermediate/lib/python3.10/site-packages (from jsonschema<5.0,>=4.19.1->dbt-core>=1.9->dbt-clickhouse) (2025.9.1)
[2025-09-14T13:59:34.115+0000] {process_utils.py:191} INFO - Requirement already satisfied: referencing>=0.28.4 in /tmp/cosmos_venv_ecom_intermediate/lib/python3.10/site-packages (from jsonschema<5.0,>=4.19.1->dbt-core>=1.9->dbt-clickhouse) (0.36.2)
[2025-09-14T13:59:34.116+0000] {process_utils.py:191} INFO - Requirement already satisfied: rpds-py>=0.7.1 in /tmp/cosmos_venv_ecom_intermediate/lib/python3.10/site-packages (from jsonschema<5.0,>=4.19.1->dbt-core>=1.9->dbt-clickhouse) (0.27.1)
[2025-09-14T13:59:34.124+0000] {process_utils.py:191} INFO - Requirement already satisfied: msgpack>=0.5.6 in /tmp/cosmos_venv_ecom_intermediate/lib/python3.10/site-packages (from mashumaro[msgpack]<3.15,>=3.9->dbt-core>=1.9->dbt-clickhouse) (1.1.1)
[2025-09-14T13:59:34.144+0000] {process_utils.py:191} INFO - Requirement already satisfied: annotated-types>=0.6.0 in /tmp/cosmos_venv_ecom_intermediate/lib/python3.10/site-packages (from pydantic<3->dbt-core>=1.9->dbt-clickhouse) (0.7.0)
[2025-09-14T13:59:34.145+0000] {process_utils.py:191} INFO - Requirement already satisfied: pydantic-core==2.33.2 in /tmp/cosmos_venv_ecom_intermediate/lib/python3.10/site-packages (from pydantic<3->dbt-core>=1.9->dbt-clickhouse) (2.33.2)
[2025-09-14T13:59:34.147+0000] {process_utils.py:191} INFO - Requirement already satisfied: typing-inspection>=0.4.0 in /tmp/cosmos_venv_ecom_intermediate/lib/python3.10/site-packages (from pydantic<3->dbt-core>=1.9->dbt-clickhouse) (0.4.1)
[2025-09-14T13:59:34.158+0000] {process_utils.py:191} INFO - Requirement already satisfied: charset_normalizer<4,>=2 in /tmp/cosmos_venv_ecom_intermediate/lib/python3.10/site-packages (from requests<3.0.0->dbt-core>=1.9->dbt-clickhouse) (3.4.3)
[2025-09-14T13:59:34.159+0000] {process_utils.py:191} INFO - Requirement already satisfied: idna<4,>=2.5 in /tmp/cosmos_venv_ecom_intermediate/lib/python3.10/site-packages (from requests<3.0.0->dbt-core>=1.9->dbt-clickhouse) (3.10)
[2025-09-14T13:59:34.196+0000] {process_utils.py:191} INFO - Requirement already satisfied: text-unidecode>=1.3 in /tmp/cosmos_venv_ecom_intermediate/lib/python3.10/site-packages (from python-slugify>=1.2.1->agate<1.10,>=1.7.0->dbt-core>=1.9->dbt-clickhouse) (1.3)
[2025-09-14T13:59:34.345+0000] {local.py:470} INFO - Cloning project to writable temp directory /tmp/tmpah90pyi_ from /opt/airflow/dags/dbt/ecom_intermediate
[2025-09-14T13:59:34.355+0000] {local.py:490} INFO - Partial parse is enabled and the latest partial parse file is /tmp/cosmos/dbt_intermediate__intermediate/target/partial_parse.msgpack
[2025-09-14T13:59:34.365+0000] {config.py:362} INFO - Using user-supplied profiles.yml at /opt/airflow/dags/dbt/profiles.yml
[2025-09-14T13:59:34.374+0000] {virtualenv.py:99} INFO - Using Python binary from virtualenv: /tmp/cosmos_venv_ecom_intermediate/bin/python
[2025-09-14T13:59:34.375+0000] {local.py:434} INFO - Trying to run the command:
 ['/tmp/cosmos_venv_ecom_intermediate/bin/dbt', 'deps', '--project-dir', '/tmp/tmpah90pyi_', '--profiles-dir', '/opt/***/dags/dbt', '--profile', 'ecom_intermediate', '--target', 'dev']
From /tmp/tmpah90pyi_
[2025-09-14T13:59:34.375+0000] {subprocess.py:56} INFO - Tmp dir root location: 
 /tmp
[2025-09-14T13:59:34.376+0000] {subprocess.py:69} INFO - Running command: ['/tmp/cosmos_venv_ecom_intermediate/bin/dbt', 'deps', '--project-dir', '/tmp/tmpah90pyi_', '--profiles-dir', '/opt/***/dags/dbt', '--profile', 'ecom_intermediate', '--target', 'dev']
[2025-09-14T13:59:34.385+0000] {subprocess.py:80} INFO - Command output:
[2025-09-14T13:59:36.325+0000] {subprocess.py:90} INFO - [0m13:59:36  Running with dbt=1.10.11
[2025-09-14T13:59:37.066+0000] {subprocess.py:90} INFO - [0m13:59:37  Installing dbt-labs/dbt_utils
[2025-09-14T13:59:37.822+0000] {subprocess.py:90} INFO - [0m13:59:37  Installed from version 1.3.0
[2025-09-14T13:59:37.823+0000] {subprocess.py:90} INFO - [0m13:59:37  Updated version available: 1.3.1
[2025-09-14T13:59:37.824+0000] {subprocess.py:90} INFO - [0m13:59:37
[2025-09-14T13:59:37.824+0000] {subprocess.py:90} INFO - [0m13:59:37  Updates available for packages: ['dbt-labs/dbt_utils']
[2025-09-14T13:59:37.824+0000] {subprocess.py:90} INFO - Update your versions in packages.yml, then run dbt deps
[2025-09-14T13:59:39.930+0000] {subprocess.py:94} INFO - Command exited with return code 0
[2025-09-14T13:59:39.931+0000] {local.py:441} INFO - Update your versions in packages.yml, then run dbt deps
[2025-09-14T13:59:39.931+0000] {virtualenv.py:99} INFO - Using Python binary from virtualenv: /tmp/cosmos_venv_ecom_intermediate/bin/python
[2025-09-14T13:59:39.932+0000] {local.py:434} INFO - Trying to run the command:
 ['/tmp/cosmos_venv_ecom_intermediate/bin/dbt', 'run', '--models', 'locations', '--project-dir', '/tmp/tmpah90pyi_', '--profiles-dir', '/opt/***/dags/dbt', '--profile', 'ecom_intermediate', '--target', 'dev']
From /tmp/tmpah90pyi_
[2025-09-14T13:59:39.932+0000] {subprocess.py:56} INFO - Tmp dir root location: 
 /tmp
[2025-09-14T13:59:39.933+0000] {subprocess.py:69} INFO - Running command: ['/tmp/cosmos_venv_ecom_intermediate/bin/dbt', 'run', '--models', 'locations', '--project-dir', '/tmp/tmpah90pyi_', '--profiles-dir', '/opt/***/dags/dbt', '--profile', 'ecom_intermediate', '--target', 'dev']
[2025-09-14T13:59:39.943+0000] {subprocess.py:80} INFO - Command output:
[2025-09-14T13:59:41.905+0000] {subprocess.py:90} INFO - [0m13:59:41  Running with dbt=1.10.11
[2025-09-14T13:59:41.907+0000] {subprocess.py:90} INFO - [0m13:59:41  [[33mWARNING[0m]: Deprecated functionality
[2025-09-14T13:59:41.908+0000] {subprocess.py:90} INFO - Usage of `--models`, `--model`, and `-m` is deprecated in favor of `--select` or
[2025-09-14T13:59:41.908+0000] {subprocess.py:90} INFO - `-s`.
[2025-09-14T13:59:42.208+0000] {subprocess.py:90} INFO - [0m13:59:42  Registered adapter: clickhouse=1.9.3
[2025-09-14T13:59:43.226+0000] {subprocess.py:90} INFO - [0m13:59:43  Found 15 models, 50 data tests, 8 sources, 597 macros
[2025-09-14T13:59:43.229+0000] {subprocess.py:90} INFO - [0m13:59:43
[2025-09-14T13:59:43.230+0000] {subprocess.py:90} INFO - [0m13:59:43  Concurrency: 4 threads (target='dev')
[2025-09-14T13:59:43.230+0000] {subprocess.py:90} INFO - [0m13:59:43
[2025-09-14T13:59:43.370+0000] {subprocess.py:90} INFO - [0m13:59:43  1 of 1 START sql table model `ecom_db_intermediate`.`locations` ................ [RUN]
[2025-09-14T13:59:43.578+0000] {subprocess.py:90} INFO - [0m13:59:43  1 of 1 OK created sql table model `ecom_db_intermediate`.`locations` ........... [[32mOK[0m in 0.20s]
[2025-09-14T13:59:43.583+0000] {subprocess.py:90} INFO - [0m13:59:43
[2025-09-14T13:59:43.584+0000] {subprocess.py:90} INFO - [0m13:59:43  Finished running 1 table model in 0 hours 0 minutes and 0.35 seconds (0.35s).
[2025-09-14T13:59:43.685+0000] {subprocess.py:90} INFO - [0m13:59:43
[2025-09-14T13:59:43.686+0000] {subprocess.py:90} INFO - [0m13:59:43  [32mCompleted successfully[0m
[2025-09-14T13:59:43.687+0000] {subprocess.py:90} INFO - [0m13:59:43
[2025-09-14T13:59:43.688+0000] {subprocess.py:90} INFO - [0m13:59:43  Done. PASS=1 WARN=0 ERROR=0 SKIP=0 NO-OP=0 TOTAL=1
[2025-09-14T13:59:43.690+0000] {subprocess.py:90} INFO - [0m13:59:43  [[33mWARNING[0m][DeprecationsSummary]: Deprecated functionality
[2025-09-14T13:59:43.693+0000] {subprocess.py:90} INFO - Summary of encountered deprecations:
[2025-09-14T13:59:43.693+0000] {subprocess.py:90} INFO - - ModelParamUsageDeprecation: 1 occurrence
[2025-09-14T13:59:43.694+0000] {subprocess.py:90} INFO - To see all deprecation instances instead of just the first occurrence of each,
[2025-09-14T13:59:43.695+0000] {subprocess.py:90} INFO - run command again with the `--show-all-deprecations` flag. You may also need to
[2025-09-14T13:59:43.695+0000] {subprocess.py:90} INFO - run with `--no-partial-parse` as some deprecations are only encountered during
[2025-09-14T13:59:43.695+0000] {subprocess.py:90} INFO - parsing.
[2025-09-14T13:59:45.526+0000] {subprocess.py:94} INFO - Command exited with return code 0
[2025-09-14T13:59:45.527+0000] {local.py:441} INFO - parsing.
[2025-09-14T13:59:45.540+0000] {local.py:196} WARNING - Artifact schema version: https://schemas.getdbt.com/dbt/manifest/v12.json is above dbt-ol supported version 7. This might cause errors.
[2025-09-14T13:59:45.541+0000] {local.py:196} WARNING - Artifact schema version: https://schemas.getdbt.com/dbt/run-results/v6.json is above dbt-ol supported version 5. This might cause errors.
[2025-09-14T13:59:45.548+0000] {local.py:547} INFO - Inlets: []
[2025-09-14T13:59:45.549+0000] {local.py:548} INFO - Outlets: []
[2025-09-14T13:59:45.549+0000] {local.py:772} INFO - Assigning inlets/outlets without DatasetAlias
[2025-09-14T13:59:45.550+0000] {dag.py:3089} INFO - Sync 1 DAGs
[2025-09-14T13:59:45.603+0000] {dag.py:3947} INFO - Setting next_dagrun for dbt_intermediate to 2025-09-14 00:00:00+00:00, run_after=2025-09-15 00:00:00+00:00
[2025-09-14T13:59:45.695+0000] {virtualenv.py:131} INFO - Releasing virtualenv lock
[2025-09-14T13:59:45.696+0000] {virtualenv.py:145} INFO - None
[2025-09-14T13:59:45.696+0000] {taskinstance.py:441} INFO - ::group::Post task execution logs
[2025-09-14T13:59:45.733+0000] {taskinstance.py:1206} INFO - Marking task as SUCCESS. dag_id=dbt_intermediate, task_id=intermediate.locations.run, run_id=scheduled__2025-09-13T00:00:00+00:00, execution_date=20250913T000000, start_date=20250914T135915, end_date=20250914T135945
[2025-09-14T13:59:45.789+0000] {local_task_job_runner.py:243} INFO - Task exited with return code 0
[2025-09-14T13:59:45.860+0000] {taskinstance.py:3503} INFO - 1 downstream tasks scheduled from follow-on schedule check
[2025-09-14T13:59:45.873+0000] {local_task_job_runner.py:222} INFO - ::endgroup::
