[2025-09-19T16:08:01.255+0000] {local_task_job_runner.py:120} INFO - ::group::Pre task execution logs
[2025-09-19T16:08:01.302+0000] {taskinstance.py:2076} INFO - Dependencies all met for dep_context=non-requeueable deps ti=<TaskInstance: generate_append_latest_pipeline.generate_latest_data scheduled__2025-09-18T00:00:00+00:00 [queued]>
[2025-09-19T16:08:01.311+0000] {taskinstance.py:2076} INFO - Dependencies all met for dep_context=requeueable deps ti=<TaskInstance: generate_append_latest_pipeline.generate_latest_data scheduled__2025-09-18T00:00:00+00:00 [queued]>
[2025-09-19T16:08:01.313+0000] {taskinstance.py:2306} INFO - Starting attempt 1 of 2
[2025-09-19T16:08:01.338+0000] {taskinstance.py:2330} INFO - Executing <Task(PythonOperator): generate_latest_data> on 2025-09-18 00:00:00+00:00
[2025-09-19T16:08:01.345+0000] {standard_task_runner.py:64} INFO - Started process 652 to run task
[2025-09-19T16:08:01.350+0000] {standard_task_runner.py:90} INFO - Running: ['***', 'tasks', 'run', 'generate_append_latest_pipeline', 'generate_latest_data', 'scheduled__2025-09-18T00:00:00+00:00', '--job-id', '588', '--raw', '--subdir', 'DAGS_FOLDER/sync_data.py', '--cfg-path', '/tmp/tmptiwwx6fz']
[2025-09-19T16:08:01.353+0000] {standard_task_runner.py:91} INFO - Job 588: Subtask generate_latest_data
[2025-09-19T16:08:01.531+0000] {task_command.py:426} INFO - Running <TaskInstance: generate_append_latest_pipeline.generate_latest_data scheduled__2025-09-18T00:00:00+00:00 [running]> on host e95bde6b8d07
[2025-09-19T16:08:01.757+0000] {taskinstance.py:2648} INFO - Exporting env vars: AIRFLOW_CTX_DAG_OWNER='***' AIRFLOW_CTX_DAG_ID='generate_append_latest_pipeline' AIRFLOW_CTX_TASK_ID='generate_latest_data' AIRFLOW_CTX_EXECUTION_DATE='2025-09-18T00:00:00+00:00' AIRFLOW_CTX_TRY_NUMBER='1' AIRFLOW_CTX_DAG_RUN_ID='scheduled__2025-09-18T00:00:00+00:00'
[2025-09-19T16:08:01.759+0000] {taskinstance.py:430} INFO - ::endgroup::
[2025-09-19T16:08:01.804+0000] {logging_mixin.py:188} INFO - Generating data for period: 2025-08-20 to 2025-09-19
[2025-09-19T16:08:01.805+0000] {logging_mixin.py:188} INFO - Generating products...
[2025-09-19T16:08:02.774+0000] {logging_mixin.py:188} INFO - Generating customers...
[2025-09-19T16:08:02.776+0000] {logging_mixin.py:188} INFO - Historic customers file not found. Generating all new customers.
[2025-09-19T16:08:03.123+0000] {logging_mixin.py:188} INFO - Generated total of 1000 customers
[2025-09-19T16:08:03.124+0000] {logging_mixin.py:188} INFO - - Returning customers: 0
[2025-09-19T16:08:03.125+0000] {logging_mixin.py:188} INFO - - New customers: 1000
[2025-09-19T16:08:03.126+0000] {logging_mixin.py:188} INFO - Generating orders...
[2025-09-19T16:08:05.124+0000] {logging_mixin.py:188} INFO - Generating reviews...
[2025-09-19T16:08:14.207+0000] {logging_mixin.py:188} INFO - Generating customer interactions...
[2025-09-19T16:08:19.060+0000] {logging_mixin.py:188} INFO - Uploaded customers to S3: s3://latest-ecom/json/customers.json
[2025-09-19T16:08:19.088+0000] {logging_mixin.py:188} INFO - Uploaded products to S3: s3://latest-ecom/json/products.json
[2025-09-19T16:08:19.125+0000] {logging_mixin.py:188} INFO - Uploaded orders to S3: s3://latest-ecom/json/orders.json
[2025-09-19T16:08:19.173+0000] {logging_mixin.py:188} INFO - Uploaded reviews to S3: s3://latest-ecom/json/reviews.json
[2025-09-19T16:08:19.174+0000] {logging_mixin.py:188} INFO - Loading categories to PostgreSQL as latest_categories
[2025-09-19T16:08:20.021+0000] {logging_mixin.py:188} INFO - Loaded 5 rows to PostgreSQL table: latest_categories
[2025-09-19T16:08:20.022+0000] {logging_mixin.py:188} INFO - Loading subcategories to PostgreSQL as latest_subcategories
[2025-09-19T16:08:20.062+0000] {logging_mixin.py:188} INFO - Loaded 25 rows to PostgreSQL table: latest_subcategories
[2025-09-19T16:08:20.063+0000] {logging_mixin.py:188} INFO - Loading order_items to PostgreSQL as latest_order_items
[2025-09-19T16:08:20.143+0000] {logging_mixin.py:188} INFO - Loaded 6147 rows to PostgreSQL table: latest_order_items
[2025-09-19T16:08:20.144+0000] {logging_mixin.py:188} INFO - Loading interactions to PostgreSQL as latest_interactions
[2025-09-19T16:08:20.330+0000] {logging_mixin.py:188} INFO - Loaded 9882 rows to PostgreSQL table: latest_interactions
[2025-09-19T16:08:20.342+0000] {logging_mixin.py:188} INFO - Saved customers to generated_latest_data/customers.csv
[2025-09-19T16:08:20.354+0000] {logging_mixin.py:188} INFO - Saved products to generated_latest_data/products.csv
[2025-09-19T16:08:20.356+0000] {logging_mixin.py:188} INFO - Saved categories to generated_latest_data/categories.csv
[2025-09-19T16:08:20.357+0000] {logging_mixin.py:188} INFO - Saved subcategories to generated_latest_data/subcategories.csv
[2025-09-19T16:08:20.384+0000] {logging_mixin.py:188} INFO - Saved orders to generated_latest_data/orders.csv
[2025-09-19T16:08:20.425+0000] {logging_mixin.py:188} INFO - Saved order_items to generated_latest_data/order_items.csv
[2025-09-19T16:08:20.443+0000] {logging_mixin.py:188} INFO - Saved reviews to generated_latest_data/reviews.csv
[2025-09-19T16:08:20.497+0000] {logging_mixin.py:188} INFO - Saved interactions to generated_latest_data/interactions.csv
[2025-09-19T16:08:20.505+0000] {logging_mixin.py:188} INFO - Saved customers to generated_latest_data/customers.csv
[2025-09-19T16:08:20.514+0000] {logging_mixin.py:188} INFO - Saved products to generated_latest_data/products.csv
[2025-09-19T16:08:20.516+0000] {logging_mixin.py:188} INFO - Saved categories to generated_latest_data/categories.csv
[2025-09-19T16:08:20.517+0000] {logging_mixin.py:188} INFO - Saved subcategories to generated_latest_data/subcategories.csv
[2025-09-19T16:08:20.536+0000] {logging_mixin.py:188} INFO - Saved orders to generated_latest_data/orders.csv
[2025-09-19T16:08:20.565+0000] {logging_mixin.py:188} INFO - Saved order_items to generated_latest_data/order_items.csv
[2025-09-19T16:08:20.585+0000] {logging_mixin.py:188} INFO - Saved reviews to generated_latest_data/reviews.csv
[2025-09-19T16:08:20.649+0000] {logging_mixin.py:188} INFO - Saved interactions to generated_latest_data/interactions.csv
[2025-09-19T16:08:20.650+0000] {logging_mixin.py:188} INFO - Latest data generation completed successfully
[2025-09-19T16:08:20.652+0000] {python.py:237} INFO - Done. Returned value was: True
[2025-09-19T16:08:20.652+0000] {taskinstance.py:441} INFO - ::group::Post task execution logs
[2025-09-19T16:08:20.782+0000] {taskinstance.py:1206} INFO - Marking task as SUCCESS. dag_id=generate_append_latest_pipeline, task_id=generate_latest_data, run_id=scheduled__2025-09-18T00:00:00+00:00, execution_date=20250918T000000, start_date=20250919T160801, end_date=20250919T160820
[2025-09-19T16:08:20.840+0000] {local_task_job_runner.py:243} INFO - Task exited with return code 0
[2025-09-19T16:08:20.895+0000] {taskinstance.py:3503} INFO - 1 downstream tasks scheduled from follow-on schedule check
[2025-09-19T16:08:20.912+0000] {local_task_job_runner.py:222} INFO - ::endgroup::
