[2025-09-14T13:59:11.083+0000] {local_task_job_runner.py:120} INFO - ::group::Pre task execution logs
[2025-09-14T13:59:12.225+0000] {taskinstance.py:2076} INFO - Dependencies all met for dep_context=non-requeueable deps ti=<TaskInstance: dbt_intermediate.intermediate.categories_enriched.run manual__2025-09-14T13:59:04.380229+00:00 [queued]>
[2025-09-14T13:59:12.262+0000] {taskinstance.py:2076} INFO - Dependencies all met for dep_context=requeueable deps ti=<TaskInstance: dbt_intermediate.intermediate.categories_enriched.run manual__2025-09-14T13:59:04.380229+00:00 [queued]>
[2025-09-14T13:59:12.267+0000] {taskinstance.py:2306} INFO - Starting attempt 1 of 1
[2025-09-14T13:59:12.336+0000] {taskinstance.py:2330} INFO - Executing <Task(DbtRunVirtualenvOperator): intermediate.categories_enriched.run> on 2025-09-14 13:59:04.380229+00:00
[2025-09-14T13:59:12.351+0000] {standard_task_runner.py:64} INFO - Started process 3481 to run task
[2025-09-14T13:59:12.360+0000] {standard_task_runner.py:90} INFO - Running: ['***', 'tasks', 'run', 'dbt_intermediate', 'intermediate.categories_enriched.run', 'manual__2025-09-14T13:59:04.380229+00:00', '--job-id', '321', '--raw', '--subdir', 'DAGS_FOLDER/dbt_intermediate.py', '--cfg-path', '/tmp/tmpuwrygpm0']
[2025-09-14T13:59:12.368+0000] {standard_task_runner.py:91} INFO - Job 321: Subtask intermediate.categories_enriched.run
[2025-09-14T13:59:13.446+0000] {task_command.py:426} INFO - Running <TaskInstance: dbt_intermediate.intermediate.categories_enriched.run manual__2025-09-14T13:59:04.380229+00:00 [running]> on host e95bde6b8d07
[2025-09-14T13:59:14.859+0000] {taskinstance.py:2648} INFO - Exporting env vars: AIRFLOW_CTX_DAG_OWNER='***' AIRFLOW_CTX_DAG_ID='dbt_intermediate' AIRFLOW_CTX_TASK_ID='intermediate.categories_enriched.run' AIRFLOW_CTX_EXECUTION_DATE='2025-09-14T13:59:04.380229+00:00' AIRFLOW_CTX_TRY_NUMBER='1' AIRFLOW_CTX_DAG_RUN_ID='manual__2025-09-14T13:59:04.380229+00:00'
[2025-09-14T13:59:14.865+0000] {taskinstance.py:430} INFO - ::endgroup::
[2025-09-14T13:59:14.894+0000] {virtualenv.py:120} INFO - Checking if the virtualenv lock /tmp/cosmos_venv_ecom_intermediate/cosmos_virtualenv.lock exists
[2025-09-14T13:59:14.895+0000] {virtualenv.py:178} INFO - Checking for running process with PID 3470
[2025-09-14T13:59:14.896+0000] {virtualenv.py:181} INFO - Process 3470 running: True and has the lock /tmp/cosmos_venv_ecom_intermediate/cosmos_virtualenv.lock.
[2025-09-14T13:59:14.898+0000] {virtualenv.py:122} INFO - Waiting for virtualenv lock to be released
[2025-09-14T13:59:15.900+0000] {virtualenv.py:178} INFO - Checking for running process with PID 3470
[2025-09-14T13:59:15.901+0000] {virtualenv.py:181} INFO - Process 3470 running: True and has the lock /tmp/cosmos_venv_ecom_intermediate/cosmos_virtualenv.lock.
[2025-09-14T13:59:15.902+0000] {virtualenv.py:122} INFO - Waiting for virtualenv lock to be released
[2025-09-14T13:59:16.903+0000] {virtualenv.py:178} INFO - Checking for running process with PID 3470
[2025-09-14T13:59:16.904+0000] {virtualenv.py:181} INFO - Process 3470 running: True and has the lock /tmp/cosmos_venv_ecom_intermediate/cosmos_virtualenv.lock.
[2025-09-14T13:59:16.905+0000] {virtualenv.py:122} INFO - Waiting for virtualenv lock to be released
[2025-09-14T13:59:17.907+0000] {virtualenv.py:178} INFO - Checking for running process with PID 3470
[2025-09-14T13:59:17.908+0000] {virtualenv.py:181} INFO - Process 3470 running: True and has the lock /tmp/cosmos_venv_ecom_intermediate/cosmos_virtualenv.lock.
[2025-09-14T13:59:17.908+0000] {virtualenv.py:122} INFO - Waiting for virtualenv lock to be released
[2025-09-14T13:59:18.909+0000] {virtualenv.py:178} INFO - Checking for running process with PID 3470
[2025-09-14T13:59:18.910+0000] {virtualenv.py:181} INFO - Process 3470 running: True and has the lock /tmp/cosmos_venv_ecom_intermediate/cosmos_virtualenv.lock.
[2025-09-14T13:59:18.910+0000] {virtualenv.py:122} INFO - Waiting for virtualenv lock to be released
[2025-09-14T13:59:19.912+0000] {virtualenv.py:178} INFO - Checking for running process with PID 3470
[2025-09-14T13:59:19.913+0000] {virtualenv.py:181} INFO - Process 3470 running: True and has the lock /tmp/cosmos_venv_ecom_intermediate/cosmos_virtualenv.lock.
[2025-09-14T13:59:19.913+0000] {virtualenv.py:122} INFO - Waiting for virtualenv lock to be released
[2025-09-14T13:59:20.915+0000] {virtualenv.py:178} INFO - Checking for running process with PID 3470
[2025-09-14T13:59:20.916+0000] {virtualenv.py:181} INFO - Process 3470 running: True and has the lock /tmp/cosmos_venv_ecom_intermediate/cosmos_virtualenv.lock.
[2025-09-14T13:59:20.916+0000] {virtualenv.py:122} INFO - Waiting for virtualenv lock to be released
[2025-09-14T13:59:21.918+0000] {virtualenv.py:178} INFO - Checking for running process with PID 3470
[2025-09-14T13:59:21.919+0000] {virtualenv.py:181} INFO - Process 3470 running: True and has the lock /tmp/cosmos_venv_ecom_intermediate/cosmos_virtualenv.lock.
[2025-09-14T13:59:21.919+0000] {virtualenv.py:122} INFO - Waiting for virtualenv lock to be released
[2025-09-14T13:59:22.920+0000] {virtualenv.py:178} INFO - Checking for running process with PID 3470
[2025-09-14T13:59:22.922+0000] {virtualenv.py:181} INFO - Process 3470 running: True and has the lock /tmp/cosmos_venv_ecom_intermediate/cosmos_virtualenv.lock.
[2025-09-14T13:59:22.924+0000] {virtualenv.py:122} INFO - Waiting for virtualenv lock to be released
[2025-09-14T13:59:23.926+0000] {virtualenv.py:178} INFO - Checking for running process with PID 3470
[2025-09-14T13:59:23.927+0000] {virtualenv.py:181} INFO - Process 3470 running: True and has the lock /tmp/cosmos_venv_ecom_intermediate/cosmos_virtualenv.lock.
[2025-09-14T13:59:23.928+0000] {virtualenv.py:122} INFO - Waiting for virtualenv lock to be released
[2025-09-14T13:59:24.929+0000] {virtualenv.py:178} INFO - Checking for running process with PID 3470
[2025-09-14T13:59:24.930+0000] {virtualenv.py:181} INFO - Process 3470 running: True and has the lock /tmp/cosmos_venv_ecom_intermediate/cosmos_virtualenv.lock.
[2025-09-14T13:59:24.931+0000] {virtualenv.py:122} INFO - Waiting for virtualenv lock to be released
[2025-09-14T13:59:25.933+0000] {virtualenv.py:178} INFO - Checking for running process with PID 3470
[2025-09-14T13:59:25.933+0000] {virtualenv.py:181} INFO - Process 3470 running: True and has the lock /tmp/cosmos_venv_ecom_intermediate/cosmos_virtualenv.lock.
[2025-09-14T13:59:25.934+0000] {virtualenv.py:122} INFO - Waiting for virtualenv lock to be released
[2025-09-14T13:59:26.935+0000] {virtualenv.py:178} INFO - Checking for running process with PID 3470
[2025-09-14T13:59:26.936+0000] {virtualenv.py:181} INFO - Process 3470 running: True and has the lock /tmp/cosmos_venv_ecom_intermediate/cosmos_virtualenv.lock.
[2025-09-14T13:59:26.937+0000] {virtualenv.py:122} INFO - Waiting for virtualenv lock to be released
[2025-09-14T13:59:27.939+0000] {virtualenv.py:178} INFO - Checking for running process with PID 3470
[2025-09-14T13:59:27.940+0000] {virtualenv.py:181} INFO - Process 3470 running: True and has the lock /tmp/cosmos_venv_ecom_intermediate/cosmos_virtualenv.lock.
[2025-09-14T13:59:27.940+0000] {virtualenv.py:122} INFO - Waiting for virtualenv lock to be released
[2025-09-14T13:59:28.942+0000] {virtualenv.py:178} INFO - Checking for running process with PID 3470
[2025-09-14T13:59:28.943+0000] {virtualenv.py:181} INFO - Process 3470 running: True and has the lock /tmp/cosmos_venv_ecom_intermediate/cosmos_virtualenv.lock.
[2025-09-14T13:59:28.943+0000] {virtualenv.py:122} INFO - Waiting for virtualenv lock to be released
[2025-09-14T13:59:29.945+0000] {virtualenv.py:178} INFO - Checking for running process with PID 3470
[2025-09-14T13:59:29.946+0000] {virtualenv.py:181} INFO - Process 3470 running: True and has the lock /tmp/cosmos_venv_ecom_intermediate/cosmos_virtualenv.lock.
[2025-09-14T13:59:29.946+0000] {virtualenv.py:122} INFO - Waiting for virtualenv lock to be released
[2025-09-14T13:59:30.948+0000] {virtualenv.py:178} INFO - Checking for running process with PID 3470
[2025-09-14T13:59:30.949+0000] {virtualenv.py:181} INFO - Process 3470 running: True and has the lock /tmp/cosmos_venv_ecom_intermediate/cosmos_virtualenv.lock.
[2025-09-14T13:59:30.950+0000] {virtualenv.py:122} INFO - Waiting for virtualenv lock to be released
[2025-09-14T13:59:31.951+0000] {virtualenv.py:178} INFO - Checking for running process with PID 3486
[2025-09-14T13:59:31.952+0000] {virtualenv.py:181} INFO - Process 3486 running: True and has the lock /tmp/cosmos_venv_ecom_intermediate/cosmos_virtualenv.lock.
[2025-09-14T13:59:31.953+0000] {virtualenv.py:122} INFO - Waiting for virtualenv lock to be released
[2025-09-14T13:59:32.954+0000] {virtualenv.py:178} INFO - Checking for running process with PID 3486
[2025-09-14T13:59:32.955+0000] {virtualenv.py:181} INFO - Process 3486 running: True and has the lock /tmp/cosmos_venv_ecom_intermediate/cosmos_virtualenv.lock.
[2025-09-14T13:59:32.955+0000] {virtualenv.py:122} INFO - Waiting for virtualenv lock to be released
[2025-09-14T13:59:33.956+0000] {virtualenv.py:178} INFO - Checking for running process with PID 3486
[2025-09-14T13:59:33.956+0000] {virtualenv.py:181} INFO - Process 3486 running: True and has the lock /tmp/cosmos_venv_ecom_intermediate/cosmos_virtualenv.lock.
[2025-09-14T13:59:33.957+0000] {virtualenv.py:122} INFO - Waiting for virtualenv lock to be released
[2025-09-14T13:59:34.958+0000] {virtualenv.py:178} INFO - Checking for running process with PID 3486
[2025-09-14T13:59:34.958+0000] {virtualenv.py:181} INFO - Process 3486 running: True and has the lock /tmp/cosmos_venv_ecom_intermediate/cosmos_virtualenv.lock.
[2025-09-14T13:59:34.959+0000] {virtualenv.py:122} INFO - Waiting for virtualenv lock to be released
[2025-09-14T13:59:35.960+0000] {virtualenv.py:178} INFO - Checking for running process with PID 3486
[2025-09-14T13:59:35.961+0000] {virtualenv.py:181} INFO - Process 3486 running: True and has the lock /tmp/cosmos_venv_ecom_intermediate/cosmos_virtualenv.lock.
[2025-09-14T13:59:35.962+0000] {virtualenv.py:122} INFO - Waiting for virtualenv lock to be released
[2025-09-14T13:59:36.964+0000] {virtualenv.py:178} INFO - Checking for running process with PID 3486
[2025-09-14T13:59:36.964+0000] {virtualenv.py:181} INFO - Process 3486 running: True and has the lock /tmp/cosmos_venv_ecom_intermediate/cosmos_virtualenv.lock.
[2025-09-14T13:59:36.965+0000] {virtualenv.py:122} INFO - Waiting for virtualenv lock to be released
[2025-09-14T13:59:37.968+0000] {virtualenv.py:178} INFO - Checking for running process with PID 3486
[2025-09-14T13:59:37.969+0000] {virtualenv.py:181} INFO - Process 3486 running: True and has the lock /tmp/cosmos_venv_ecom_intermediate/cosmos_virtualenv.lock.
[2025-09-14T13:59:37.970+0000] {virtualenv.py:122} INFO - Waiting for virtualenv lock to be released
[2025-09-14T13:59:38.971+0000] {virtualenv.py:178} INFO - Checking for running process with PID 3486
[2025-09-14T13:59:38.971+0000] {virtualenv.py:181} INFO - Process 3486 running: True and has the lock /tmp/cosmos_venv_ecom_intermediate/cosmos_virtualenv.lock.
[2025-09-14T13:59:38.972+0000] {virtualenv.py:122} INFO - Waiting for virtualenv lock to be released
[2025-09-14T13:59:39.973+0000] {virtualenv.py:178} INFO - Checking for running process with PID 3486
[2025-09-14T13:59:39.974+0000] {virtualenv.py:181} INFO - Process 3486 running: True and has the lock /tmp/cosmos_venv_ecom_intermediate/cosmos_virtualenv.lock.
[2025-09-14T13:59:39.975+0000] {virtualenv.py:122} INFO - Waiting for virtualenv lock to be released
[2025-09-14T13:59:40.977+0000] {virtualenv.py:178} INFO - Checking for running process with PID 3486
[2025-09-14T13:59:40.978+0000] {virtualenv.py:181} INFO - Process 3486 running: True and has the lock /tmp/cosmos_venv_ecom_intermediate/cosmos_virtualenv.lock.
[2025-09-14T13:59:40.978+0000] {virtualenv.py:122} INFO - Waiting for virtualenv lock to be released
[2025-09-14T13:59:41.979+0000] {virtualenv.py:178} INFO - Checking for running process with PID 3486
[2025-09-14T13:59:41.979+0000] {virtualenv.py:181} INFO - Process 3486 running: True and has the lock /tmp/cosmos_venv_ecom_intermediate/cosmos_virtualenv.lock.
[2025-09-14T13:59:41.980+0000] {virtualenv.py:122} INFO - Waiting for virtualenv lock to be released
[2025-09-14T13:59:42.981+0000] {virtualenv.py:178} INFO - Checking for running process with PID 3486
[2025-09-14T13:59:42.982+0000] {virtualenv.py:181} INFO - Process 3486 running: True and has the lock /tmp/cosmos_venv_ecom_intermediate/cosmos_virtualenv.lock.
[2025-09-14T13:59:42.982+0000] {virtualenv.py:122} INFO - Waiting for virtualenv lock to be released
[2025-09-14T13:59:43.984+0000] {virtualenv.py:178} INFO - Checking for running process with PID 3486
[2025-09-14T13:59:43.985+0000] {virtualenv.py:181} INFO - Process 3486 running: True and has the lock /tmp/cosmos_venv_ecom_intermediate/cosmos_virtualenv.lock.
[2025-09-14T13:59:43.985+0000] {virtualenv.py:122} INFO - Waiting for virtualenv lock to be released
[2025-09-14T13:59:44.987+0000] {virtualenv.py:178} INFO - Checking for running process with PID 3486
[2025-09-14T13:59:44.988+0000] {virtualenv.py:181} INFO - Process 3486 running: True and has the lock /tmp/cosmos_venv_ecom_intermediate/cosmos_virtualenv.lock.
[2025-09-14T13:59:44.989+0000] {virtualenv.py:122} INFO - Waiting for virtualenv lock to be released
[2025-09-14T13:59:45.990+0000] {virtualenv.py:178} INFO - Checking for running process with PID 3473
[2025-09-14T13:59:45.992+0000] {virtualenv.py:181} INFO - Process 3473 running: True and has the lock /tmp/cosmos_venv_ecom_intermediate/cosmos_virtualenv.lock.
[2025-09-14T13:59:45.992+0000] {virtualenv.py:122} INFO - Waiting for virtualenv lock to be released
[2025-09-14T13:59:46.993+0000] {virtualenv.py:178} INFO - Checking for running process with PID 3473
[2025-09-14T13:59:46.994+0000] {virtualenv.py:181} INFO - Process 3473 running: True and has the lock /tmp/cosmos_venv_ecom_intermediate/cosmos_virtualenv.lock.
[2025-09-14T13:59:46.994+0000] {virtualenv.py:122} INFO - Waiting for virtualenv lock to be released
[2025-09-14T13:59:47.996+0000] {virtualenv.py:178} INFO - Checking for running process with PID 3473
[2025-09-14T13:59:47.997+0000] {virtualenv.py:181} INFO - Process 3473 running: True and has the lock /tmp/cosmos_venv_ecom_intermediate/cosmos_virtualenv.lock.
[2025-09-14T13:59:47.998+0000] {virtualenv.py:122} INFO - Waiting for virtualenv lock to be released
[2025-09-14T13:59:48.999+0000] {virtualenv.py:178} INFO - Checking for running process with PID 3473
[2025-09-14T13:59:48.999+0000] {virtualenv.py:181} INFO - Process 3473 running: True and has the lock /tmp/cosmos_venv_ecom_intermediate/cosmos_virtualenv.lock.
[2025-09-14T13:59:49.000+0000] {virtualenv.py:122} INFO - Waiting for virtualenv lock to be released
[2025-09-14T13:59:50.003+0000] {virtualenv.py:178} INFO - Checking for running process with PID 3473
[2025-09-14T13:59:50.003+0000] {virtualenv.py:181} INFO - Process 3473 running: True and has the lock /tmp/cosmos_venv_ecom_intermediate/cosmos_virtualenv.lock.
[2025-09-14T13:59:50.004+0000] {virtualenv.py:122} INFO - Waiting for virtualenv lock to be released
[2025-09-14T13:59:51.005+0000] {virtualenv.py:178} INFO - Checking for running process with PID 3473
[2025-09-14T13:59:51.006+0000] {virtualenv.py:181} INFO - Process 3473 running: True and has the lock /tmp/cosmos_venv_ecom_intermediate/cosmos_virtualenv.lock.
[2025-09-14T13:59:51.006+0000] {virtualenv.py:122} INFO - Waiting for virtualenv lock to be released
[2025-09-14T13:59:52.007+0000] {virtualenv.py:178} INFO - Checking for running process with PID 3473
[2025-09-14T13:59:52.008+0000] {virtualenv.py:181} INFO - Process 3473 running: True and has the lock /tmp/cosmos_venv_ecom_intermediate/cosmos_virtualenv.lock.
[2025-09-14T13:59:52.008+0000] {virtualenv.py:122} INFO - Waiting for virtualenv lock to be released
[2025-09-14T13:59:53.010+0000] {virtualenv.py:178} INFO - Checking for running process with PID 3473
[2025-09-14T13:59:53.010+0000] {virtualenv.py:181} INFO - Process 3473 running: True and has the lock /tmp/cosmos_venv_ecom_intermediate/cosmos_virtualenv.lock.
[2025-09-14T13:59:53.011+0000] {virtualenv.py:122} INFO - Waiting for virtualenv lock to be released
[2025-09-14T13:59:54.012+0000] {virtualenv.py:178} INFO - Checking for running process with PID 3473
[2025-09-14T13:59:54.013+0000] {virtualenv.py:181} INFO - Process 3473 running: True and has the lock /tmp/cosmos_venv_ecom_intermediate/cosmos_virtualenv.lock.
[2025-09-14T13:59:54.014+0000] {virtualenv.py:122} INFO - Waiting for virtualenv lock to be released
[2025-09-14T13:59:55.016+0000] {virtualenv.py:178} INFO - Checking for running process with PID 3473
[2025-09-14T13:59:55.017+0000] {virtualenv.py:181} INFO - Process 3473 running: True and has the lock /tmp/cosmos_venv_ecom_intermediate/cosmos_virtualenv.lock.
[2025-09-14T13:59:55.017+0000] {virtualenv.py:122} INFO - Waiting for virtualenv lock to be released
[2025-09-14T13:59:56.019+0000] {virtualenv.py:178} INFO - Checking for running process with PID 3473
[2025-09-14T13:59:56.020+0000] {virtualenv.py:181} INFO - Process 3473 running: True and has the lock /tmp/cosmos_venv_ecom_intermediate/cosmos_virtualenv.lock.
[2025-09-14T13:59:56.020+0000] {virtualenv.py:122} INFO - Waiting for virtualenv lock to be released
[2025-09-14T13:59:57.022+0000] {virtualenv.py:178} INFO - Checking for running process with PID 3473
[2025-09-14T13:59:57.023+0000] {virtualenv.py:181} INFO - Process 3473 running: True and has the lock /tmp/cosmos_venv_ecom_intermediate/cosmos_virtualenv.lock.
[2025-09-14T13:59:57.023+0000] {virtualenv.py:122} INFO - Waiting for virtualenv lock to be released
[2025-09-14T13:59:58.025+0000] {virtualenv.py:178} INFO - Checking for running process with PID 3473
[2025-09-14T13:59:58.026+0000] {virtualenv.py:181} INFO - Process 3473 running: True and has the lock /tmp/cosmos_venv_ecom_intermediate/cosmos_virtualenv.lock.
[2025-09-14T13:59:58.027+0000] {virtualenv.py:122} INFO - Waiting for virtualenv lock to be released
[2025-09-14T13:59:59.028+0000] {virtualenv.py:178} INFO - Checking for running process with PID 3473
[2025-09-14T13:59:59.029+0000] {virtualenv.py:181} INFO - Process 3473 running: True and has the lock /tmp/cosmos_venv_ecom_intermediate/cosmos_virtualenv.lock.
[2025-09-14T13:59:59.029+0000] {virtualenv.py:122} INFO - Waiting for virtualenv lock to be released
[2025-09-14T14:00:00.030+0000] {virtualenv.py:178} INFO - Checking for running process with PID 3473
[2025-09-14T14:00:00.031+0000] {virtualenv.py:181} INFO - Process 3473 running: True and has the lock /tmp/cosmos_venv_ecom_intermediate/cosmos_virtualenv.lock.
[2025-09-14T14:00:00.031+0000] {virtualenv.py:122} INFO - Waiting for virtualenv lock to be released
[2025-09-14T14:00:01.033+0000] {virtualenv.py:178} INFO - Checking for running process with PID 3473
[2025-09-14T14:00:01.034+0000] {virtualenv.py:181} INFO - Process 3473 running: True and has the lock /tmp/cosmos_venv_ecom_intermediate/cosmos_virtualenv.lock.
[2025-09-14T14:00:01.035+0000] {virtualenv.py:122} INFO - Waiting for virtualenv lock to be released
[2025-09-14T14:00:02.036+0000] {virtualenv.py:178} INFO - Checking for running process with PID 3473
[2025-09-14T14:00:02.037+0000] {virtualenv.py:181} INFO - Process 3473 running: True and has the lock /tmp/cosmos_venv_ecom_intermediate/cosmos_virtualenv.lock.
[2025-09-14T14:00:02.038+0000] {virtualenv.py:122} INFO - Waiting for virtualenv lock to be released
[2025-09-14T14:00:03.039+0000] {virtualenv.py:178} INFO - Checking for running process with PID 3483
[2025-09-14T14:00:03.040+0000] {virtualenv.py:181} INFO - Process 3483 running: True and has the lock /tmp/cosmos_venv_ecom_intermediate/cosmos_virtualenv.lock.
[2025-09-14T14:00:03.040+0000] {virtualenv.py:122} INFO - Waiting for virtualenv lock to be released
[2025-09-14T14:00:04.042+0000] {virtualenv.py:178} INFO - Checking for running process with PID 3483
[2025-09-14T14:00:04.042+0000] {virtualenv.py:181} INFO - Process 3483 running: True and has the lock /tmp/cosmos_venv_ecom_intermediate/cosmos_virtualenv.lock.
[2025-09-14T14:00:04.043+0000] {virtualenv.py:122} INFO - Waiting for virtualenv lock to be released
[2025-09-14T14:00:05.045+0000] {virtualenv.py:178} INFO - Checking for running process with PID 3483
[2025-09-14T14:00:05.046+0000] {virtualenv.py:181} INFO - Process 3483 running: True and has the lock /tmp/cosmos_venv_ecom_intermediate/cosmos_virtualenv.lock.
[2025-09-14T14:00:05.047+0000] {virtualenv.py:122} INFO - Waiting for virtualenv lock to be released
[2025-09-14T14:00:06.048+0000] {virtualenv.py:178} INFO - Checking for running process with PID 3483
[2025-09-14T14:00:06.049+0000] {virtualenv.py:181} INFO - Process 3483 running: True and has the lock /tmp/cosmos_venv_ecom_intermediate/cosmos_virtualenv.lock.
[2025-09-14T14:00:06.049+0000] {virtualenv.py:122} INFO - Waiting for virtualenv lock to be released
[2025-09-14T14:00:07.050+0000] {virtualenv.py:178} INFO - Checking for running process with PID 3483
[2025-09-14T14:00:07.051+0000] {virtualenv.py:181} INFO - Process 3483 running: True and has the lock /tmp/cosmos_venv_ecom_intermediate/cosmos_virtualenv.lock.
[2025-09-14T14:00:07.053+0000] {virtualenv.py:122} INFO - Waiting for virtualenv lock to be released
[2025-09-14T14:00:08.056+0000] {virtualenv.py:178} INFO - Checking for running process with PID 3483
[2025-09-14T14:00:08.056+0000] {virtualenv.py:181} INFO - Process 3483 running: True and has the lock /tmp/cosmos_venv_ecom_intermediate/cosmos_virtualenv.lock.
[2025-09-14T14:00:08.057+0000] {virtualenv.py:122} INFO - Waiting for virtualenv lock to be released
[2025-09-14T14:00:09.059+0000] {virtualenv.py:178} INFO - Checking for running process with PID 3483
[2025-09-14T14:00:09.060+0000] {virtualenv.py:181} INFO - Process 3483 running: True and has the lock /tmp/cosmos_venv_ecom_intermediate/cosmos_virtualenv.lock.
[2025-09-14T14:00:09.061+0000] {virtualenv.py:122} INFO - Waiting for virtualenv lock to be released
[2025-09-14T14:00:10.063+0000] {virtualenv.py:178} INFO - Checking for running process with PID 3483
[2025-09-14T14:00:10.064+0000] {virtualenv.py:181} INFO - Process 3483 running: True and has the lock /tmp/cosmos_venv_ecom_intermediate/cosmos_virtualenv.lock.
[2025-09-14T14:00:10.064+0000] {virtualenv.py:122} INFO - Waiting for virtualenv lock to be released
[2025-09-14T14:00:11.065+0000] {virtualenv.py:178} INFO - Checking for running process with PID 3483
[2025-09-14T14:00:11.066+0000] {virtualenv.py:181} INFO - Process 3483 running: True and has the lock /tmp/cosmos_venv_ecom_intermediate/cosmos_virtualenv.lock.
[2025-09-14T14:00:11.067+0000] {virtualenv.py:122} INFO - Waiting for virtualenv lock to be released
[2025-09-14T14:00:12.068+0000] {virtualenv.py:178} INFO - Checking for running process with PID 3483
[2025-09-14T14:00:12.069+0000] {virtualenv.py:181} INFO - Process 3483 running: True and has the lock /tmp/cosmos_venv_ecom_intermediate/cosmos_virtualenv.lock.
[2025-09-14T14:00:12.070+0000] {virtualenv.py:122} INFO - Waiting for virtualenv lock to be released
[2025-09-14T14:00:13.072+0000] {virtualenv.py:178} INFO - Checking for running process with PID 3483
[2025-09-14T14:00:13.073+0000] {virtualenv.py:181} INFO - Process 3483 running: True and has the lock /tmp/cosmos_venv_ecom_intermediate/cosmos_virtualenv.lock.
[2025-09-14T14:00:13.073+0000] {virtualenv.py:122} INFO - Waiting for virtualenv lock to be released
[2025-09-14T14:00:14.074+0000] {virtualenv.py:178} INFO - Checking for running process with PID 3483
[2025-09-14T14:00:14.074+0000] {virtualenv.py:181} INFO - Process 3483 running: True and has the lock /tmp/cosmos_venv_ecom_intermediate/cosmos_virtualenv.lock.
[2025-09-14T14:00:14.075+0000] {virtualenv.py:122} INFO - Waiting for virtualenv lock to be released
[2025-09-14T14:00:15.077+0000] {virtualenv.py:178} INFO - Checking for running process with PID 3483
[2025-09-14T14:00:15.077+0000] {virtualenv.py:181} INFO - Process 3483 running: True and has the lock /tmp/cosmos_venv_ecom_intermediate/cosmos_virtualenv.lock.
[2025-09-14T14:00:15.078+0000] {virtualenv.py:122} INFO - Waiting for virtualenv lock to be released
[2025-09-14T14:00:16.080+0000] {virtualenv.py:178} INFO - Checking for running process with PID 3483
[2025-09-14T14:00:16.080+0000] {virtualenv.py:181} INFO - Process 3483 running: True and has the lock /tmp/cosmos_venv_ecom_intermediate/cosmos_virtualenv.lock.
[2025-09-14T14:00:16.081+0000] {virtualenv.py:122} INFO - Waiting for virtualenv lock to be released
[2025-09-14T14:00:17.083+0000] {virtualenv.py:126} INFO - Acquiring the virtualenv lock
[2025-09-14T14:00:17.083+0000] {virtualenv.py:195} INFO - Acquiring lock at /tmp/cosmos_venv_ecom_intermediate/cosmos_virtualenv.lock with pid 3481
[2025-09-14T14:00:17.084+0000] {virtualenv.py:153} INFO - Creating or updating the virtualenv at `/tmp/cosmos_venv_ecom_intermediate
[2025-09-14T14:00:17.084+0000] {process_utils.py:183} INFO - Executing cmd: /home/***/.local/bin/python -m virtualenv /tmp/cosmos_venv_ecom_intermediate --python=python3
[2025-09-14T14:00:17.086+0000] {process_utils.py:187} INFO - Output:
[2025-09-14T14:00:19.023+0000] {process_utils.py:191} INFO - created virtual environment CPython3.10.14.final.0-64 in 720ms
[2025-09-14T14:00:19.024+0000] {process_utils.py:191} INFO -   creator CPython3Posix(dest=/tmp/cosmos_venv_ecom_intermediate, clear=False, no_vcs_ignore=False, global=False)
[2025-09-14T14:00:19.026+0000] {process_utils.py:191} INFO -   seeder FromAppData(download=False, pip=bundle, setuptools=bundle, wheel=bundle, via=copy, app_data_dir=/home/***/.local/share/virtualenv)
[2025-09-14T14:00:19.028+0000] {process_utils.py:191} INFO -     added seed packages: MarkupSafe==3.0.2, PyYAML==6.0.2, agate==1.9.1, annotated_types==0.7.0, attrs==25.3.0, babel==2.17.0, certifi==2025.8.3, charset_normalizer==3.4.3, click==8.2.1, clickhouse_connect==0.8.18, clickhouse_driver==0.2.9, colorama==0.4.6, daff==1.4.2, dbt_adapters==1.16.7, dbt_clickhouse==1.9.3, dbt_common==1.30.0, dbt_core==1.10.11, dbt_extractor==0.6.0, dbt_protos==1.0.375, dbt_semantic_interfaces==0.9.0, deepdiff==8.6.1, idna==3.10, importlib_metadata==8.7.0, isodate==0.6.1, jinja2==3.1.6, jsonschema==4.25.1, jsonschema_specifications==2025.9.1, leather==0.4.0, lz4==4.4.4, mashumaro==3.14, more_itertools==10.8.0, msgpack==1.1.1, networkx==3.4.2, orderly_set==5.5.0, packaging==25.0, parsedatetime==2.6, pathspec==0.12.1, pip==25.2, protobuf==6.32.1, pydantic==2.11.8, pydantic_core==2.33.2, python_dateutil==2.9.0.post0, python_slugify==8.0.4, pytimeparse==1.1.8, pytz==2025.2, referencing==0.36.2, requests==2.32.5, rpds_py==0.27.1, setuptools==80.9.0, six==1.17.0, snowplow_tracker==1.1.0, sqlparse==0.5.3, text_unidecode==1.3, typing_extensions==4.15.0, typing_inspection==0.4.1, tzlocal==5.3.1, urllib3==2.5.0, wheel==0.45.1, zipp==3.23.0, zstandard==0.24.0
[2025-09-14T14:00:19.029+0000] {process_utils.py:191} INFO -   activators BashActivator,CShellActivator,FishActivator,NushellActivator,PowerShellActivator,PythonActivator
[2025-09-14T14:00:19.144+0000] {process_utils.py:183} INFO - Executing cmd: /tmp/cosmos_venv_ecom_intermediate/bin/pip install dbt-clickhouse
[2025-09-14T14:00:19.146+0000] {process_utils.py:187} INFO - Output:
[2025-09-14T14:00:21.237+0000] {process_utils.py:191} INFO - Requirement already satisfied: dbt-clickhouse in /tmp/cosmos_venv_ecom_intermediate/lib/python3.10/site-packages (1.9.3)
[2025-09-14T14:00:21.239+0000] {process_utils.py:191} INFO - Requirement already satisfied: dbt-core>=1.9 in /tmp/cosmos_venv_ecom_intermediate/lib/python3.10/site-packages (from dbt-clickhouse) (1.10.11)
[2025-09-14T14:00:21.240+0000] {process_utils.py:191} INFO - Requirement already satisfied: clickhouse-connect>=0.6.22 in /tmp/cosmos_venv_ecom_intermediate/lib/python3.10/site-packages (from dbt-clickhouse) (0.8.18)
[2025-09-14T14:00:21.241+0000] {process_utils.py:191} INFO - Requirement already satisfied: clickhouse-driver>=0.2.6 in /tmp/cosmos_venv_ecom_intermediate/lib/python3.10/site-packages (from dbt-clickhouse) (0.2.9)
[2025-09-14T14:00:21.241+0000] {process_utils.py:191} INFO - Requirement already satisfied: setuptools>=0.69 in /tmp/cosmos_venv_ecom_intermediate/lib/python3.10/site-packages (from dbt-clickhouse) (80.9.0)
[2025-09-14T14:00:21.245+0000] {process_utils.py:191} INFO - Requirement already satisfied: certifi in /tmp/cosmos_venv_ecom_intermediate/lib/python3.10/site-packages (from clickhouse-connect>=0.6.22->dbt-clickhouse) (2025.8.3)
[2025-09-14T14:00:21.245+0000] {process_utils.py:191} INFO - Requirement already satisfied: urllib3>=1.26 in /tmp/cosmos_venv_ecom_intermediate/lib/python3.10/site-packages (from clickhouse-connect>=0.6.22->dbt-clickhouse) (2.5.0)
[2025-09-14T14:00:21.246+0000] {process_utils.py:191} INFO - Requirement already satisfied: pytz in /tmp/cosmos_venv_ecom_intermediate/lib/python3.10/site-packages (from clickhouse-connect>=0.6.22->dbt-clickhouse) (2025.2)
[2025-09-14T14:00:21.247+0000] {process_utils.py:191} INFO - Requirement already satisfied: zstandard in /tmp/cosmos_venv_ecom_intermediate/lib/python3.10/site-packages (from clickhouse-connect>=0.6.22->dbt-clickhouse) (0.24.0)
[2025-09-14T14:00:21.248+0000] {process_utils.py:191} INFO - Requirement already satisfied: lz4 in /tmp/cosmos_venv_ecom_intermediate/lib/python3.10/site-packages (from clickhouse-connect>=0.6.22->dbt-clickhouse) (4.4.4)
[2025-09-14T14:00:21.250+0000] {process_utils.py:191} INFO - Requirement already satisfied: tzlocal in /tmp/cosmos_venv_ecom_intermediate/lib/python3.10/site-packages (from clickhouse-driver>=0.2.6->dbt-clickhouse) (5.3.1)
[2025-09-14T14:00:21.255+0000] {process_utils.py:191} INFO - Requirement already satisfied: agate<1.10,>=1.7.0 in /tmp/cosmos_venv_ecom_intermediate/lib/python3.10/site-packages (from dbt-core>=1.9->dbt-clickhouse) (1.9.1)
[2025-09-14T14:00:21.256+0000] {process_utils.py:191} INFO - Requirement already satisfied: Jinja2<4,>=3.1.3 in /tmp/cosmos_venv_ecom_intermediate/lib/python3.10/site-packages (from dbt-core>=1.9->dbt-clickhouse) (3.1.6)
[2025-09-14T14:00:21.257+0000] {process_utils.py:191} INFO - Requirement already satisfied: mashumaro<3.15,>=3.9 in /tmp/cosmos_venv_ecom_intermediate/lib/python3.10/site-packages (from mashumaro[msgpack]<3.15,>=3.9->dbt-core>=1.9->dbt-clickhouse) (3.14)
[2025-09-14T14:00:21.259+0000] {process_utils.py:191} INFO - Requirement already satisfied: click<9.0,>=8.0.2 in /tmp/cosmos_venv_ecom_intermediate/lib/python3.10/site-packages (from dbt-core>=1.9->dbt-clickhouse) (8.2.1)
[2025-09-14T14:00:21.259+0000] {process_utils.py:191} INFO - Requirement already satisfied: jsonschema<5.0,>=4.19.1 in /tmp/cosmos_venv_ecom_intermediate/lib/python3.10/site-packages (from dbt-core>=1.9->dbt-clickhouse) (4.25.1)
[2025-09-14T14:00:21.260+0000] {process_utils.py:191} INFO - Requirement already satisfied: networkx<4.0,>=2.3 in /tmp/cosmos_venv_ecom_intermediate/lib/python3.10/site-packages (from dbt-core>=1.9->dbt-clickhouse) (3.4.2)
[2025-09-14T14:00:21.261+0000] {process_utils.py:191} INFO - Requirement already satisfied: protobuf<7.0,>=6.0 in /tmp/cosmos_venv_ecom_intermediate/lib/python3.10/site-packages (from dbt-core>=1.9->dbt-clickhouse) (6.32.1)
[2025-09-14T14:00:21.261+0000] {process_utils.py:191} INFO - Requirement already satisfied: requests<3.0.0 in /tmp/cosmos_venv_ecom_intermediate/lib/python3.10/site-packages (from dbt-core>=1.9->dbt-clickhouse) (2.32.5)
[2025-09-14T14:00:21.262+0000] {process_utils.py:191} INFO - Requirement already satisfied: snowplow-tracker<2.0,>=1.0.2 in /tmp/cosmos_venv_ecom_intermediate/lib/python3.10/site-packages (from dbt-core>=1.9->dbt-clickhouse) (1.1.0)
[2025-09-14T14:00:21.262+0000] {process_utils.py:191} INFO - Requirement already satisfied: pathspec<0.13,>=0.9 in /tmp/cosmos_venv_ecom_intermediate/lib/python3.10/site-packages (from dbt-core>=1.9->dbt-clickhouse) (0.12.1)
[2025-09-14T14:00:21.263+0000] {process_utils.py:191} INFO - Requirement already satisfied: sqlparse<0.6.0,>=0.5.0 in /tmp/cosmos_venv_ecom_intermediate/lib/python3.10/site-packages (from dbt-core>=1.9->dbt-clickhouse) (0.5.3)
[2025-09-14T14:00:21.264+0000] {process_utils.py:191} INFO - Requirement already satisfied: dbt-extractor<=0.6,>=0.5.0 in /tmp/cosmos_venv_ecom_intermediate/lib/python3.10/site-packages (from dbt-core>=1.9->dbt-clickhouse) (0.6.0)
[2025-09-14T14:00:21.264+0000] {process_utils.py:191} INFO - Requirement already satisfied: dbt-semantic-interfaces<0.10,>=0.9.0 in /tmp/cosmos_venv_ecom_intermediate/lib/python3.10/site-packages (from dbt-core>=1.9->dbt-clickhouse) (0.9.0)
[2025-09-14T14:00:21.265+0000] {process_utils.py:191} INFO - Requirement already satisfied: dbt-common<2.0,>=1.27.0 in /tmp/cosmos_venv_ecom_intermediate/lib/python3.10/site-packages (from dbt-core>=1.9->dbt-clickhouse) (1.30.0)
[2025-09-14T14:00:21.266+0000] {process_utils.py:191} INFO - Requirement already satisfied: dbt-adapters<2.0,>=1.15.5 in /tmp/cosmos_venv_ecom_intermediate/lib/python3.10/site-packages (from dbt-core>=1.9->dbt-clickhouse) (1.16.7)
[2025-09-14T14:00:21.267+0000] {process_utils.py:191} INFO - Requirement already satisfied: dbt-protos<2.0,>=1.0.346 in /tmp/cosmos_venv_ecom_intermediate/lib/python3.10/site-packages (from dbt-core>=1.9->dbt-clickhouse) (1.0.375)
[2025-09-14T14:00:21.267+0000] {process_utils.py:191} INFO - Requirement already satisfied: pydantic<3 in /tmp/cosmos_venv_ecom_intermediate/lib/python3.10/site-packages (from dbt-core>=1.9->dbt-clickhouse) (2.11.8)
[2025-09-14T14:00:21.268+0000] {process_utils.py:191} INFO - Requirement already satisfied: packaging>20.9 in /tmp/cosmos_venv_ecom_intermediate/lib/python3.10/site-packages (from dbt-core>=1.9->dbt-clickhouse) (25.0)
[2025-09-14T14:00:21.269+0000] {process_utils.py:191} INFO - Requirement already satisfied: pyyaml>=6.0 in /tmp/cosmos_venv_ecom_intermediate/lib/python3.10/site-packages (from dbt-core>=1.9->dbt-clickhouse) (6.0.2)
[2025-09-14T14:00:21.269+0000] {process_utils.py:191} INFO - Requirement already satisfied: daff>=1.3.46 in /tmp/cosmos_venv_ecom_intermediate/lib/python3.10/site-packages (from dbt-core>=1.9->dbt-clickhouse) (1.4.2)
[2025-09-14T14:00:21.270+0000] {process_utils.py:191} INFO - Requirement already satisfied: typing-extensions>=4.4 in /tmp/cosmos_venv_ecom_intermediate/lib/python3.10/site-packages (from dbt-core>=1.9->dbt-clickhouse) (4.15.0)
[2025-09-14T14:00:21.273+0000] {process_utils.py:191} INFO - Requirement already satisfied: Babel>=2.0 in /tmp/cosmos_venv_ecom_intermediate/lib/python3.10/site-packages (from agate<1.10,>=1.7.0->dbt-core>=1.9->dbt-clickhouse) (2.17.0)
[2025-09-14T14:00:21.274+0000] {process_utils.py:191} INFO - Requirement already satisfied: isodate>=0.5.4 in /tmp/cosmos_venv_ecom_intermediate/lib/python3.10/site-packages (from agate<1.10,>=1.7.0->dbt-core>=1.9->dbt-clickhouse) (0.6.1)
[2025-09-14T14:00:21.275+0000] {process_utils.py:191} INFO - Requirement already satisfied: leather>=0.3.2 in /tmp/cosmos_venv_ecom_intermediate/lib/python3.10/site-packages (from agate<1.10,>=1.7.0->dbt-core>=1.9->dbt-clickhouse) (0.4.0)
[2025-09-14T14:00:21.276+0000] {process_utils.py:191} INFO - Requirement already satisfied: parsedatetime!=2.5,>=2.1 in /tmp/cosmos_venv_ecom_intermediate/lib/python3.10/site-packages (from agate<1.10,>=1.7.0->dbt-core>=1.9->dbt-clickhouse) (2.6)
[2025-09-14T14:00:21.277+0000] {process_utils.py:191} INFO - Requirement already satisfied: python-slugify>=1.2.1 in /tmp/cosmos_venv_ecom_intermediate/lib/python3.10/site-packages (from agate<1.10,>=1.7.0->dbt-core>=1.9->dbt-clickhouse) (8.0.4)
[2025-09-14T14:00:21.278+0000] {process_utils.py:191} INFO - Requirement already satisfied: pytimeparse>=1.1.5 in /tmp/cosmos_venv_ecom_intermediate/lib/python3.10/site-packages (from agate<1.10,>=1.7.0->dbt-core>=1.9->dbt-clickhouse) (1.1.8)
[2025-09-14T14:00:21.296+0000] {process_utils.py:191} INFO - Requirement already satisfied: colorama<0.5,>=0.3.9 in /tmp/cosmos_venv_ecom_intermediate/lib/python3.10/site-packages (from dbt-common<2.0,>=1.27.0->dbt-core>=1.9->dbt-clickhouse) (0.4.6)
[2025-09-14T14:00:21.299+0000] {process_utils.py:191} INFO - Requirement already satisfied: deepdiff<9.0,>=7.0 in /tmp/cosmos_venv_ecom_intermediate/lib/python3.10/site-packages (from dbt-common<2.0,>=1.27.0->dbt-core>=1.9->dbt-clickhouse) (8.6.1)
[2025-09-14T14:00:21.303+0000] {process_utils.py:191} INFO - Requirement already satisfied: python-dateutil<3.0,>=2.0 in /tmp/cosmos_venv_ecom_intermediate/lib/python3.10/site-packages (from dbt-common<2.0,>=1.27.0->dbt-core>=1.9->dbt-clickhouse) (2.9.0.post0)
[2025-09-14T14:00:21.312+0000] {process_utils.py:191} INFO - Requirement already satisfied: importlib-metadata<9,>=6.0 in /tmp/cosmos_venv_ecom_intermediate/lib/python3.10/site-packages (from dbt-semantic-interfaces<0.10,>=0.9.0->dbt-core>=1.9->dbt-clickhouse) (8.7.0)
[2025-09-14T14:00:21.313+0000] {process_utils.py:191} INFO - Requirement already satisfied: more-itertools<11.0,>=8.0 in /tmp/cosmos_venv_ecom_intermediate/lib/python3.10/site-packages (from dbt-semantic-interfaces<0.10,>=0.9.0->dbt-core>=1.9->dbt-clickhouse) (10.8.0)
[2025-09-14T14:00:21.323+0000] {process_utils.py:191} INFO - Requirement already satisfied: orderly-set<6,>=5.4.1 in /tmp/cosmos_venv_ecom_intermediate/lib/python3.10/site-packages (from deepdiff<9.0,>=7.0->dbt-common<2.0,>=1.27.0->dbt-core>=1.9->dbt-clickhouse) (5.5.0)
[2025-09-14T14:00:21.330+0000] {process_utils.py:191} INFO - Requirement already satisfied: zipp>=3.20 in /tmp/cosmos_venv_ecom_intermediate/lib/python3.10/site-packages (from importlib-metadata<9,>=6.0->dbt-semantic-interfaces<0.10,>=0.9.0->dbt-core>=1.9->dbt-clickhouse) (3.23.0)
[2025-09-14T14:00:21.332+0000] {process_utils.py:191} INFO - Requirement already satisfied: six in /tmp/cosmos_venv_ecom_intermediate/lib/python3.10/site-packages (from isodate>=0.5.4->agate<1.10,>=1.7.0->dbt-core>=1.9->dbt-clickhouse) (1.17.0)
[2025-09-14T14:00:21.335+0000] {process_utils.py:191} INFO - Requirement already satisfied: MarkupSafe>=2.0 in /tmp/cosmos_venv_ecom_intermediate/lib/python3.10/site-packages (from Jinja2<4,>=3.1.3->dbt-core>=1.9->dbt-clickhouse) (3.0.2)
[2025-09-14T14:00:21.341+0000] {process_utils.py:191} INFO - Requirement already satisfied: attrs>=22.2.0 in /tmp/cosmos_venv_ecom_intermediate/lib/python3.10/site-packages (from jsonschema<5.0,>=4.19.1->dbt-core>=1.9->dbt-clickhouse) (25.3.0)
[2025-09-14T14:00:21.343+0000] {process_utils.py:191} INFO - Requirement already satisfied: jsonschema-specifications>=2023.03.6 in /tmp/cosmos_venv_ecom_intermediate/lib/python3.10/site-packages (from jsonschema<5.0,>=4.19.1->dbt-core>=1.9->dbt-clickhouse) (2025.9.1)
[2025-09-14T14:00:21.343+0000] {process_utils.py:191} INFO - Requirement already satisfied: referencing>=0.28.4 in /tmp/cosmos_venv_ecom_intermediate/lib/python3.10/site-packages (from jsonschema<5.0,>=4.19.1->dbt-core>=1.9->dbt-clickhouse) (0.36.2)
[2025-09-14T14:00:21.344+0000] {process_utils.py:191} INFO - Requirement already satisfied: rpds-py>=0.7.1 in /tmp/cosmos_venv_ecom_intermediate/lib/python3.10/site-packages (from jsonschema<5.0,>=4.19.1->dbt-core>=1.9->dbt-clickhouse) (0.27.1)
[2025-09-14T14:00:21.356+0000] {process_utils.py:191} INFO - Requirement already satisfied: msgpack>=0.5.6 in /tmp/cosmos_venv_ecom_intermediate/lib/python3.10/site-packages (from mashumaro[msgpack]<3.15,>=3.9->dbt-core>=1.9->dbt-clickhouse) (1.1.1)
[2025-09-14T14:00:21.380+0000] {process_utils.py:191} INFO - Requirement already satisfied: annotated-types>=0.6.0 in /tmp/cosmos_venv_ecom_intermediate/lib/python3.10/site-packages (from pydantic<3->dbt-core>=1.9->dbt-clickhouse) (0.7.0)
[2025-09-14T14:00:21.381+0000] {process_utils.py:191} INFO - Requirement already satisfied: pydantic-core==2.33.2 in /tmp/cosmos_venv_ecom_intermediate/lib/python3.10/site-packages (from pydantic<3->dbt-core>=1.9->dbt-clickhouse) (2.33.2)
[2025-09-14T14:00:21.382+0000] {process_utils.py:191} INFO - Requirement already satisfied: typing-inspection>=0.4.0 in /tmp/cosmos_venv_ecom_intermediate/lib/python3.10/site-packages (from pydantic<3->dbt-core>=1.9->dbt-clickhouse) (0.4.1)
[2025-09-14T14:00:21.394+0000] {process_utils.py:191} INFO - Requirement already satisfied: charset_normalizer<4,>=2 in /tmp/cosmos_venv_ecom_intermediate/lib/python3.10/site-packages (from requests<3.0.0->dbt-core>=1.9->dbt-clickhouse) (3.4.3)
[2025-09-14T14:00:21.395+0000] {process_utils.py:191} INFO - Requirement already satisfied: idna<4,>=2.5 in /tmp/cosmos_venv_ecom_intermediate/lib/python3.10/site-packages (from requests<3.0.0->dbt-core>=1.9->dbt-clickhouse) (3.10)
[2025-09-14T14:00:21.445+0000] {process_utils.py:191} INFO - Requirement already satisfied: text-unidecode>=1.3 in /tmp/cosmos_venv_ecom_intermediate/lib/python3.10/site-packages (from python-slugify>=1.2.1->agate<1.10,>=1.7.0->dbt-core>=1.9->dbt-clickhouse) (1.3)
[2025-09-14T14:00:21.615+0000] {local.py:470} INFO - Cloning project to writable temp directory /tmp/tmp_s1o5rry from /opt/airflow/dags/dbt/ecom_intermediate
[2025-09-14T14:00:21.624+0000] {local.py:490} INFO - Partial parse is enabled and the latest partial parse file is /tmp/cosmos/dbt_intermediate__intermediate/target/partial_parse.msgpack
[2025-09-14T14:00:21.636+0000] {config.py:362} INFO - Using user-supplied profiles.yml at /opt/airflow/dags/dbt/profiles.yml
[2025-09-14T14:00:21.646+0000] {virtualenv.py:99} INFO - Using Python binary from virtualenv: /tmp/cosmos_venv_ecom_intermediate/bin/python
[2025-09-14T14:00:21.647+0000] {local.py:434} INFO - Trying to run the command:
 ['/tmp/cosmos_venv_ecom_intermediate/bin/dbt', 'deps', '--project-dir', '/tmp/tmp_s1o5rry', '--profiles-dir', '/opt/***/dags/dbt', '--profile', 'ecom_intermediate', '--target', 'dev']
From /tmp/tmp_s1o5rry
[2025-09-14T14:00:21.648+0000] {subprocess.py:56} INFO - Tmp dir root location: 
 /tmp
[2025-09-14T14:00:21.648+0000] {subprocess.py:69} INFO - Running command: ['/tmp/cosmos_venv_ecom_intermediate/bin/dbt', 'deps', '--project-dir', '/tmp/tmp_s1o5rry', '--profiles-dir', '/opt/***/dags/dbt', '--profile', 'ecom_intermediate', '--target', 'dev']
[2025-09-14T14:00:21.665+0000] {subprocess.py:80} INFO - Command output:
[2025-09-14T14:00:24.238+0000] {subprocess.py:90} INFO - [0m14:00:24  Running with dbt=1.10.11
[2025-09-14T14:00:25.418+0000] {subprocess.py:90} INFO - [0m14:00:25  Installing dbt-labs/dbt_utils
[2025-09-14T14:00:26.443+0000] {subprocess.py:90} INFO - [0m14:00:26  Installed from version 1.3.0
[2025-09-14T14:00:26.444+0000] {subprocess.py:90} INFO - [0m14:00:26  Updated version available: 1.3.1
[2025-09-14T14:00:26.445+0000] {subprocess.py:90} INFO - [0m14:00:26
[2025-09-14T14:00:26.445+0000] {subprocess.py:90} INFO - [0m14:00:26  Updates available for packages: ['dbt-labs/dbt_utils']
[2025-09-14T14:00:26.446+0000] {subprocess.py:90} INFO - Update your versions in packages.yml, then run dbt deps
[2025-09-14T14:00:28.561+0000] {subprocess.py:94} INFO - Command exited with return code 0
[2025-09-14T14:00:28.562+0000] {local.py:441} INFO - Update your versions in packages.yml, then run dbt deps
[2025-09-14T14:00:28.563+0000] {virtualenv.py:99} INFO - Using Python binary from virtualenv: /tmp/cosmos_venv_ecom_intermediate/bin/python
[2025-09-14T14:00:28.563+0000] {local.py:434} INFO - Trying to run the command:
 ['/tmp/cosmos_venv_ecom_intermediate/bin/dbt', 'run', '--models', 'categories_enriched', '--project-dir', '/tmp/tmp_s1o5rry', '--profiles-dir', '/opt/***/dags/dbt', '--profile', 'ecom_intermediate', '--target', 'dev']
From /tmp/tmp_s1o5rry
[2025-09-14T14:00:28.564+0000] {subprocess.py:56} INFO - Tmp dir root location: 
 /tmp
[2025-09-14T14:00:28.565+0000] {subprocess.py:69} INFO - Running command: ['/tmp/cosmos_venv_ecom_intermediate/bin/dbt', 'run', '--models', 'categories_enriched', '--project-dir', '/tmp/tmp_s1o5rry', '--profiles-dir', '/opt/***/dags/dbt', '--profile', 'ecom_intermediate', '--target', 'dev']
[2025-09-14T14:00:28.574+0000] {subprocess.py:80} INFO - Command output:
[2025-09-14T14:00:30.702+0000] {subprocess.py:90} INFO - [0m14:00:30  Running with dbt=1.10.11
[2025-09-14T14:00:30.703+0000] {subprocess.py:90} INFO - [0m14:00:30  [[33mWARNING[0m]: Deprecated functionality
[2025-09-14T14:00:30.704+0000] {subprocess.py:90} INFO - Usage of `--models`, `--model`, and `-m` is deprecated in favor of `--select` or
[2025-09-14T14:00:30.704+0000] {subprocess.py:90} INFO - `-s`.
[2025-09-14T14:00:30.950+0000] {subprocess.py:90} INFO - [0m14:00:30  Registered adapter: clickhouse=1.9.3
[2025-09-14T14:00:31.885+0000] {subprocess.py:90} INFO - [0m14:00:31  Found 15 models, 50 data tests, 8 sources, 597 macros
[2025-09-14T14:00:31.888+0000] {subprocess.py:90} INFO - [0m14:00:31
[2025-09-14T14:00:31.888+0000] {subprocess.py:90} INFO - [0m14:00:31  Concurrency: 4 threads (target='dev')
[2025-09-14T14:00:31.889+0000] {subprocess.py:90} INFO - [0m14:00:31
[2025-09-14T14:00:32.013+0000] {subprocess.py:90} INFO - [0m14:00:32  1 of 1 START sql table model `ecom_db_intermediate`.`categories_enriched` ...... [RUN]
[2025-09-14T14:00:32.203+0000] {subprocess.py:90} INFO - [0m14:00:32  1 of 1 OK created sql table model `ecom_db_intermediate`.`categories_enriched` . [[32mOK[0m in 0.19s]
[2025-09-14T14:00:32.207+0000] {subprocess.py:90} INFO - [0m14:00:32
[2025-09-14T14:00:32.208+0000] {subprocess.py:90} INFO - [0m14:00:32  Finished running 1 table model in 0 hours 0 minutes and 0.32 seconds (0.32s).
[2025-09-14T14:00:32.257+0000] {subprocess.py:90} INFO - [0m14:00:32
[2025-09-14T14:00:32.258+0000] {subprocess.py:90} INFO - [0m14:00:32  [32mCompleted successfully[0m
[2025-09-14T14:00:32.259+0000] {subprocess.py:90} INFO - [0m14:00:32
[2025-09-14T14:00:32.259+0000] {subprocess.py:90} INFO - [0m14:00:32  Done. PASS=1 WARN=0 ERROR=0 SKIP=0 NO-OP=0 TOTAL=1
[2025-09-14T14:00:32.260+0000] {subprocess.py:90} INFO - [0m14:00:32  [[33mWARNING[0m][DeprecationsSummary]: Deprecated functionality
[2025-09-14T14:00:32.260+0000] {subprocess.py:90} INFO - Summary of encountered deprecations:
[2025-09-14T14:00:32.261+0000] {subprocess.py:90} INFO - - ModelParamUsageDeprecation: 1 occurrence
[2025-09-14T14:00:32.261+0000] {subprocess.py:90} INFO - To see all deprecation instances instead of just the first occurrence of each,
[2025-09-14T14:00:32.261+0000] {subprocess.py:90} INFO - run command again with the `--show-all-deprecations` flag. You may also need to
[2025-09-14T14:00:32.262+0000] {subprocess.py:90} INFO - run with `--no-partial-parse` as some deprecations are only encountered during
[2025-09-14T14:00:32.262+0000] {subprocess.py:90} INFO - parsing.
[2025-09-14T14:00:34.075+0000] {subprocess.py:94} INFO - Command exited with return code 0
[2025-09-14T14:00:34.076+0000] {local.py:441} INFO - parsing.
[2025-09-14T14:00:34.090+0000] {local.py:196} WARNING - Artifact schema version: https://schemas.getdbt.com/dbt/manifest/v12.json is above dbt-ol supported version 7. This might cause errors.
[2025-09-14T14:00:34.091+0000] {local.py:196} WARNING - Artifact schema version: https://schemas.getdbt.com/dbt/run-results/v6.json is above dbt-ol supported version 5. This might cause errors.
[2025-09-14T14:00:34.098+0000] {local.py:547} INFO - Inlets: []
[2025-09-14T14:00:34.098+0000] {local.py:548} INFO - Outlets: []
[2025-09-14T14:00:34.099+0000] {local.py:772} INFO - Assigning inlets/outlets without DatasetAlias
[2025-09-14T14:00:34.099+0000] {dag.py:3089} INFO - Sync 1 DAGs
[2025-09-14T14:00:34.151+0000] {dag.py:3947} INFO - Setting next_dagrun for dbt_intermediate to 2025-09-14 00:00:00+00:00, run_after=2025-09-15 00:00:00+00:00
[2025-09-14T14:00:34.224+0000] {virtualenv.py:131} INFO - Releasing virtualenv lock
[2025-09-14T14:00:34.225+0000] {virtualenv.py:145} INFO - None
[2025-09-14T14:00:34.225+0000] {taskinstance.py:441} INFO - ::group::Post task execution logs
[2025-09-14T14:00:34.266+0000] {taskinstance.py:1206} INFO - Marking task as SUCCESS. dag_id=dbt_intermediate, task_id=intermediate.categories_enriched.run, run_id=manual__2025-09-14T13:59:04.380229+00:00, execution_date=20250914T135904, start_date=20250914T135912, end_date=20250914T140034
[2025-09-14T14:00:34.322+0000] {local_task_job_runner.py:243} INFO - Task exited with return code 0
[2025-09-14T14:00:34.402+0000] {taskinstance.py:3503} INFO - 1 downstream tasks scheduled from follow-on schedule check
[2025-09-14T14:00:34.404+0000] {local_task_job_runner.py:222} INFO - ::endgroup::
