[2025-09-22T08:24:39.648+0000] {local_task_job_runner.py:120} INFO - ::group::Pre task execution logs
[2025-09-22T08:24:39.871+0000] {taskinstance.py:2076} INFO - Dependencies all met for dep_context=non-requeueable deps ti=<TaskInstance: dbt_intermediate.intermediate.products_enriched.run scheduled__2025-09-21T00:00:00+00:00 [queued]>
[2025-09-22T08:24:39.882+0000] {taskinstance.py:2076} INFO - Dependencies all met for dep_context=requeueable deps ti=<TaskInstance: dbt_intermediate.intermediate.products_enriched.run scheduled__2025-09-21T00:00:00+00:00 [queued]>
[2025-09-22T08:24:39.893+0000] {taskinstance.py:2306} INFO - Starting attempt 1 of 1
[2025-09-22T08:24:39.908+0000] {taskinstance.py:2330} INFO - Executing <Task(DbtRunVirtualenvOperator): intermediate.products_enriched.run> on 2025-09-21 00:00:00+00:00
[2025-09-22T08:24:39.916+0000] {standard_task_runner.py:64} INFO - Started process 4315 to run task
[2025-09-22T08:24:39.920+0000] {standard_task_runner.py:90} INFO - Running: ['***', 'tasks', 'run', 'dbt_intermediate', 'intermediate.products_enriched.run', 'scheduled__2025-09-21T00:00:00+00:00', '--job-id', '693', '--raw', '--subdir', 'DAGS_FOLDER/dbt_intermediate.py', '--cfg-path', '/tmp/tmpxtgnmvqe']
[2025-09-22T08:24:39.922+0000] {standard_task_runner.py:91} INFO - Job 693: Subtask intermediate.products_enriched.run
[2025-09-22T08:24:40.084+0000] {task_command.py:426} INFO - Running <TaskInstance: dbt_intermediate.intermediate.products_enriched.run scheduled__2025-09-21T00:00:00+00:00 [running]> on host e95bde6b8d07
[2025-09-22T08:24:40.371+0000] {taskinstance.py:2648} INFO - Exporting env vars: AIRFLOW_CTX_DAG_OWNER='***' AIRFLOW_CTX_DAG_ID='dbt_intermediate' AIRFLOW_CTX_TASK_ID='intermediate.products_enriched.run' AIRFLOW_CTX_EXECUTION_DATE='2025-09-21T00:00:00+00:00' AIRFLOW_CTX_TRY_NUMBER='1' AIRFLOW_CTX_DAG_RUN_ID='scheduled__2025-09-21T00:00:00+00:00'
[2025-09-22T08:24:40.373+0000] {taskinstance.py:430} INFO - ::endgroup::
[2025-09-22T08:24:40.388+0000] {virtualenv.py:120} INFO - Checking if the virtualenv lock /opt/***/cosmos_venvs/ecom_intermediate/cosmos_virtualenv.lock exists
[2025-09-22T08:24:40.389+0000] {virtualenv.py:178} INFO - Checking for running process with PID 3945
[2025-09-22T08:24:40.389+0000] {virtualenv.py:181} INFO - Process 3945 running: True and has the lock /opt/***/cosmos_venvs/ecom_intermediate/cosmos_virtualenv.lock.
[2025-09-22T08:24:40.390+0000] {virtualenv.py:122} INFO - Waiting for virtualenv lock to be released
[2025-09-22T08:24:41.391+0000] {virtualenv.py:178} INFO - Checking for running process with PID 3945
[2025-09-22T08:24:41.392+0000] {virtualenv.py:181} INFO - Process 3945 running: True and has the lock /opt/***/cosmos_venvs/ecom_intermediate/cosmos_virtualenv.lock.
[2025-09-22T08:24:41.392+0000] {virtualenv.py:122} INFO - Waiting for virtualenv lock to be released
[2025-09-22T08:24:42.394+0000] {virtualenv.py:178} INFO - Checking for running process with PID 3945
[2025-09-22T08:24:42.395+0000] {virtualenv.py:181} INFO - Process 3945 running: True and has the lock /opt/***/cosmos_venvs/ecom_intermediate/cosmos_virtualenv.lock.
[2025-09-22T08:24:42.395+0000] {virtualenv.py:122} INFO - Waiting for virtualenv lock to be released
[2025-09-22T08:24:43.397+0000] {virtualenv.py:178} INFO - Checking for running process with PID 3945
[2025-09-22T08:24:43.398+0000] {virtualenv.py:181} INFO - Process 3945 running: True and has the lock /opt/***/cosmos_venvs/ecom_intermediate/cosmos_virtualenv.lock.
[2025-09-22T08:24:43.398+0000] {virtualenv.py:122} INFO - Waiting for virtualenv lock to be released
[2025-09-22T08:24:44.399+0000] {virtualenv.py:178} INFO - Checking for running process with PID 3945
[2025-09-22T08:24:44.400+0000] {virtualenv.py:181} INFO - Process 3945 running: True and has the lock /opt/***/cosmos_venvs/ecom_intermediate/cosmos_virtualenv.lock.
[2025-09-22T08:24:44.400+0000] {virtualenv.py:122} INFO - Waiting for virtualenv lock to be released
[2025-09-22T08:24:45.401+0000] {virtualenv.py:178} INFO - Checking for running process with PID 3945
[2025-09-22T08:24:45.402+0000] {virtualenv.py:181} INFO - Process 3945 running: True and has the lock /opt/***/cosmos_venvs/ecom_intermediate/cosmos_virtualenv.lock.
[2025-09-22T08:24:45.403+0000] {virtualenv.py:122} INFO - Waiting for virtualenv lock to be released
[2025-09-22T08:24:46.405+0000] {virtualenv.py:178} INFO - Checking for running process with PID 3945
[2025-09-22T08:24:46.406+0000] {virtualenv.py:181} INFO - Process 3945 running: True and has the lock /opt/***/cosmos_venvs/ecom_intermediate/cosmos_virtualenv.lock.
[2025-09-22T08:24:46.406+0000] {virtualenv.py:122} INFO - Waiting for virtualenv lock to be released
[2025-09-22T08:24:47.407+0000] {virtualenv.py:178} INFO - Checking for running process with PID 3945
[2025-09-22T08:24:47.408+0000] {virtualenv.py:181} INFO - Process 3945 running: True and has the lock /opt/***/cosmos_venvs/ecom_intermediate/cosmos_virtualenv.lock.
[2025-09-22T08:24:47.408+0000] {virtualenv.py:122} INFO - Waiting for virtualenv lock to be released
[2025-09-22T08:24:48.410+0000] {virtualenv.py:178} INFO - Checking for running process with PID 3945
[2025-09-22T08:24:48.411+0000] {virtualenv.py:181} INFO - Process 3945 running: True and has the lock /opt/***/cosmos_venvs/ecom_intermediate/cosmos_virtualenv.lock.
[2025-09-22T08:24:48.411+0000] {virtualenv.py:122} INFO - Waiting for virtualenv lock to be released
[2025-09-22T08:24:49.413+0000] {virtualenv.py:178} INFO - Checking for running process with PID 3945
[2025-09-22T08:24:49.414+0000] {virtualenv.py:181} INFO - Process 3945 running: True and has the lock /opt/***/cosmos_venvs/ecom_intermediate/cosmos_virtualenv.lock.
[2025-09-22T08:24:49.415+0000] {virtualenv.py:122} INFO - Waiting for virtualenv lock to be released
[2025-09-22T08:24:50.417+0000] {virtualenv.py:178} INFO - Checking for running process with PID 3945
[2025-09-22T08:24:50.418+0000] {virtualenv.py:181} INFO - Process 3945 running: True and has the lock /opt/***/cosmos_venvs/ecom_intermediate/cosmos_virtualenv.lock.
[2025-09-22T08:24:50.419+0000] {virtualenv.py:122} INFO - Waiting for virtualenv lock to be released
[2025-09-22T08:24:51.420+0000] {virtualenv.py:178} INFO - Checking for running process with PID 3945
[2025-09-22T08:24:51.422+0000] {virtualenv.py:181} INFO - Process 3945 running: True and has the lock /opt/***/cosmos_venvs/ecom_intermediate/cosmos_virtualenv.lock.
[2025-09-22T08:24:51.422+0000] {virtualenv.py:122} INFO - Waiting for virtualenv lock to be released
[2025-09-22T08:24:52.425+0000] {virtualenv.py:178} INFO - Checking for running process with PID 4175
[2025-09-22T08:24:52.426+0000] {virtualenv.py:181} INFO - Process 4175 running: True and has the lock /opt/***/cosmos_venvs/ecom_intermediate/cosmos_virtualenv.lock.
[2025-09-22T08:24:52.427+0000] {virtualenv.py:122} INFO - Waiting for virtualenv lock to be released
[2025-09-22T08:24:53.428+0000] {virtualenv.py:178} INFO - Checking for running process with PID 4175
[2025-09-22T08:24:53.429+0000] {virtualenv.py:181} INFO - Process 4175 running: True and has the lock /opt/***/cosmos_venvs/ecom_intermediate/cosmos_virtualenv.lock.
[2025-09-22T08:24:53.430+0000] {virtualenv.py:122} INFO - Waiting for virtualenv lock to be released
[2025-09-22T08:24:54.432+0000] {virtualenv.py:178} INFO - Checking for running process with PID 4175
[2025-09-22T08:24:54.433+0000] {virtualenv.py:181} INFO - Process 4175 running: True and has the lock /opt/***/cosmos_venvs/ecom_intermediate/cosmos_virtualenv.lock.
[2025-09-22T08:24:54.434+0000] {virtualenv.py:122} INFO - Waiting for virtualenv lock to be released
[2025-09-22T08:24:55.435+0000] {virtualenv.py:178} INFO - Checking for running process with PID 4175
[2025-09-22T08:24:55.437+0000] {virtualenv.py:181} INFO - Process 4175 running: True and has the lock /opt/***/cosmos_venvs/ecom_intermediate/cosmos_virtualenv.lock.
[2025-09-22T08:24:55.438+0000] {virtualenv.py:122} INFO - Waiting for virtualenv lock to be released
[2025-09-22T08:24:56.440+0000] {virtualenv.py:178} INFO - Checking for running process with PID 4175
[2025-09-22T08:24:56.441+0000] {virtualenv.py:181} INFO - Process 4175 running: True and has the lock /opt/***/cosmos_venvs/ecom_intermediate/cosmos_virtualenv.lock.
[2025-09-22T08:24:56.442+0000] {virtualenv.py:122} INFO - Waiting for virtualenv lock to be released
[2025-09-22T08:24:57.443+0000] {virtualenv.py:178} INFO - Checking for running process with PID 4175
[2025-09-22T08:24:57.445+0000] {virtualenv.py:181} INFO - Process 4175 running: True and has the lock /opt/***/cosmos_venvs/ecom_intermediate/cosmos_virtualenv.lock.
[2025-09-22T08:24:57.446+0000] {virtualenv.py:122} INFO - Waiting for virtualenv lock to be released
[2025-09-22T08:24:58.446+0000] {virtualenv.py:178} INFO - Checking for running process with PID 4175
[2025-09-22T08:24:58.447+0000] {virtualenv.py:181} INFO - Process 4175 running: True and has the lock /opt/***/cosmos_venvs/ecom_intermediate/cosmos_virtualenv.lock.
[2025-09-22T08:24:58.447+0000] {virtualenv.py:122} INFO - Waiting for virtualenv lock to be released
[2025-09-22T08:24:59.449+0000] {virtualenv.py:178} INFO - Checking for running process with PID 4175
[2025-09-22T08:24:59.450+0000] {virtualenv.py:181} INFO - Process 4175 running: True and has the lock /opt/***/cosmos_venvs/ecom_intermediate/cosmos_virtualenv.lock.
[2025-09-22T08:24:59.450+0000] {virtualenv.py:122} INFO - Waiting for virtualenv lock to be released
[2025-09-22T08:25:00.452+0000] {virtualenv.py:178} INFO - Checking for running process with PID 4175
[2025-09-22T08:25:00.453+0000] {virtualenv.py:181} INFO - Process 4175 running: True and has the lock /opt/***/cosmos_venvs/ecom_intermediate/cosmos_virtualenv.lock.
[2025-09-22T08:25:00.454+0000] {virtualenv.py:122} INFO - Waiting for virtualenv lock to be released
[2025-09-22T08:25:01.456+0000] {virtualenv.py:178} INFO - Checking for running process with PID 4175
[2025-09-22T08:25:01.457+0000] {virtualenv.py:181} INFO - Process 4175 running: True and has the lock /opt/***/cosmos_venvs/ecom_intermediate/cosmos_virtualenv.lock.
[2025-09-22T08:25:01.457+0000] {virtualenv.py:122} INFO - Waiting for virtualenv lock to be released
[2025-09-22T08:25:02.459+0000] {virtualenv.py:178} INFO - Checking for running process with PID 4175
[2025-09-22T08:25:02.460+0000] {virtualenv.py:181} INFO - Process 4175 running: True and has the lock /opt/***/cosmos_venvs/ecom_intermediate/cosmos_virtualenv.lock.
[2025-09-22T08:25:02.460+0000] {virtualenv.py:122} INFO - Waiting for virtualenv lock to be released
[2025-09-22T08:25:03.461+0000] {virtualenv.py:178} INFO - Checking for running process with PID 4175
[2025-09-22T08:25:03.462+0000] {virtualenv.py:181} INFO - Process 4175 running: True and has the lock /opt/***/cosmos_venvs/ecom_intermediate/cosmos_virtualenv.lock.
[2025-09-22T08:25:03.462+0000] {virtualenv.py:122} INFO - Waiting for virtualenv lock to be released
[2025-09-22T08:25:04.463+0000] {virtualenv.py:178} INFO - Checking for running process with PID 4175
[2025-09-22T08:25:04.464+0000] {virtualenv.py:181} INFO - Process 4175 running: True and has the lock /opt/***/cosmos_venvs/ecom_intermediate/cosmos_virtualenv.lock.
[2025-09-22T08:25:04.465+0000] {virtualenv.py:122} INFO - Waiting for virtualenv lock to be released
[2025-09-22T08:25:05.467+0000] {virtualenv.py:178} INFO - Checking for running process with PID 4175
[2025-09-22T08:25:05.469+0000] {virtualenv.py:181} INFO - Process 4175 running: True and has the lock /opt/***/cosmos_venvs/ecom_intermediate/cosmos_virtualenv.lock.
[2025-09-22T08:25:05.471+0000] {virtualenv.py:122} INFO - Waiting for virtualenv lock to be released
[2025-09-22T08:25:06.473+0000] {virtualenv.py:178} INFO - Checking for running process with PID 4175
[2025-09-22T08:25:06.474+0000] {virtualenv.py:181} INFO - Process 4175 running: True and has the lock /opt/***/cosmos_venvs/ecom_intermediate/cosmos_virtualenv.lock.
[2025-09-22T08:25:06.474+0000] {virtualenv.py:122} INFO - Waiting for virtualenv lock to be released
[2025-09-22T08:25:07.476+0000] {virtualenv.py:178} INFO - Checking for running process with PID 3943
[2025-09-22T08:25:07.477+0000] {virtualenv.py:181} INFO - Process 3943 running: True and has the lock /opt/***/cosmos_venvs/ecom_intermediate/cosmos_virtualenv.lock.
[2025-09-22T08:25:07.478+0000] {virtualenv.py:122} INFO - Waiting for virtualenv lock to be released
[2025-09-22T08:25:08.479+0000] {virtualenv.py:178} INFO - Checking for running process with PID 3943
[2025-09-22T08:25:08.479+0000] {virtualenv.py:181} INFO - Process 3943 running: True and has the lock /opt/***/cosmos_venvs/ecom_intermediate/cosmos_virtualenv.lock.
[2025-09-22T08:25:08.480+0000] {virtualenv.py:122} INFO - Waiting for virtualenv lock to be released
[2025-09-22T08:25:09.482+0000] {virtualenv.py:178} INFO - Checking for running process with PID 3943
[2025-09-22T08:25:09.483+0000] {virtualenv.py:181} INFO - Process 3943 running: True and has the lock /opt/***/cosmos_venvs/ecom_intermediate/cosmos_virtualenv.lock.
[2025-09-22T08:25:09.484+0000] {virtualenv.py:122} INFO - Waiting for virtualenv lock to be released
[2025-09-22T08:25:10.486+0000] {virtualenv.py:178} INFO - Checking for running process with PID 3943
[2025-09-22T08:25:10.487+0000] {virtualenv.py:181} INFO - Process 3943 running: True and has the lock /opt/***/cosmos_venvs/ecom_intermediate/cosmos_virtualenv.lock.
[2025-09-22T08:25:10.488+0000] {virtualenv.py:122} INFO - Waiting for virtualenv lock to be released
[2025-09-22T08:25:11.490+0000] {virtualenv.py:178} INFO - Checking for running process with PID 3943
[2025-09-22T08:25:11.491+0000] {virtualenv.py:181} INFO - Process 3943 running: True and has the lock /opt/***/cosmos_venvs/ecom_intermediate/cosmos_virtualenv.lock.
[2025-09-22T08:25:11.492+0000] {virtualenv.py:122} INFO - Waiting for virtualenv lock to be released
[2025-09-22T08:25:12.494+0000] {virtualenv.py:178} INFO - Checking for running process with PID 3943
[2025-09-22T08:25:12.495+0000] {virtualenv.py:181} INFO - Process 3943 running: True and has the lock /opt/***/cosmos_venvs/ecom_intermediate/cosmos_virtualenv.lock.
[2025-09-22T08:25:12.496+0000] {virtualenv.py:122} INFO - Waiting for virtualenv lock to be released
[2025-09-22T08:25:13.497+0000] {virtualenv.py:178} INFO - Checking for running process with PID 3943
[2025-09-22T08:25:13.499+0000] {virtualenv.py:181} INFO - Process 3943 running: True and has the lock /opt/***/cosmos_venvs/ecom_intermediate/cosmos_virtualenv.lock.
[2025-09-22T08:25:13.500+0000] {virtualenv.py:122} INFO - Waiting for virtualenv lock to be released
[2025-09-22T08:25:14.502+0000] {virtualenv.py:178} INFO - Checking for running process with PID 3943
[2025-09-22T08:25:14.503+0000] {virtualenv.py:181} INFO - Process 3943 running: True and has the lock /opt/***/cosmos_venvs/ecom_intermediate/cosmos_virtualenv.lock.
[2025-09-22T08:25:14.503+0000] {virtualenv.py:122} INFO - Waiting for virtualenv lock to be released
[2025-09-22T08:25:15.505+0000] {virtualenv.py:178} INFO - Checking for running process with PID 3943
[2025-09-22T08:25:15.506+0000] {virtualenv.py:181} INFO - Process 3943 running: True and has the lock /opt/***/cosmos_venvs/ecom_intermediate/cosmos_virtualenv.lock.
[2025-09-22T08:25:15.506+0000] {virtualenv.py:122} INFO - Waiting for virtualenv lock to be released
[2025-09-22T08:25:16.508+0000] {virtualenv.py:178} INFO - Checking for running process with PID 3943
[2025-09-22T08:25:16.509+0000] {virtualenv.py:181} INFO - Process 3943 running: True and has the lock /opt/***/cosmos_venvs/ecom_intermediate/cosmos_virtualenv.lock.
[2025-09-22T08:25:16.510+0000] {virtualenv.py:122} INFO - Waiting for virtualenv lock to be released
[2025-09-22T08:25:17.511+0000] {virtualenv.py:178} INFO - Checking for running process with PID 3943
[2025-09-22T08:25:17.511+0000] {virtualenv.py:181} INFO - Process 3943 running: True and has the lock /opt/***/cosmos_venvs/ecom_intermediate/cosmos_virtualenv.lock.
[2025-09-22T08:25:17.512+0000] {virtualenv.py:122} INFO - Waiting for virtualenv lock to be released
[2025-09-22T08:25:18.513+0000] {virtualenv.py:178} INFO - Checking for running process with PID 3943
[2025-09-22T08:25:18.514+0000] {virtualenv.py:181} INFO - Process 3943 running: True and has the lock /opt/***/cosmos_venvs/ecom_intermediate/cosmos_virtualenv.lock.
[2025-09-22T08:25:18.515+0000] {virtualenv.py:122} INFO - Waiting for virtualenv lock to be released
[2025-09-22T08:25:19.517+0000] {virtualenv.py:178} INFO - Checking for running process with PID 3943
[2025-09-22T08:25:19.518+0000] {virtualenv.py:181} INFO - Process 3943 running: True and has the lock /opt/***/cosmos_venvs/ecom_intermediate/cosmos_virtualenv.lock.
[2025-09-22T08:25:19.519+0000] {virtualenv.py:122} INFO - Waiting for virtualenv lock to be released
[2025-09-22T08:25:20.520+0000] {virtualenv.py:178} INFO - Checking for running process with PID 3943
[2025-09-22T08:25:20.521+0000] {virtualenv.py:181} INFO - Process 3943 running: True and has the lock /opt/***/cosmos_venvs/ecom_intermediate/cosmos_virtualenv.lock.
[2025-09-22T08:25:20.521+0000] {virtualenv.py:122} INFO - Waiting for virtualenv lock to be released
[2025-09-22T08:25:21.522+0000] {virtualenv.py:126} INFO - Acquiring the virtualenv lock
[2025-09-22T08:25:21.523+0000] {virtualenv.py:195} INFO - Acquiring lock at /opt/***/cosmos_venvs/ecom_intermediate/cosmos_virtualenv.lock with pid 4315
[2025-09-22T08:25:21.523+0000] {virtualenv.py:153} INFO - Creating or updating the virtualenv at `/opt/***/cosmos_venvs/ecom_intermediate
[2025-09-22T08:25:21.524+0000] {process_utils.py:183} INFO - Executing cmd: /home/***/.local/bin/python -m virtualenv /opt/***/cosmos_venvs/ecom_intermediate --python=python3
[2025-09-22T08:25:21.525+0000] {process_utils.py:187} INFO - Output:
[2025-09-22T08:25:22.786+0000] {process_utils.py:191} INFO - created virtual environment CPython3.10.14.final.0-64 in 501ms
[2025-09-22T08:25:22.786+0000] {process_utils.py:191} INFO -   creator CPython3Posix(dest=/opt/***/cosmos_venvs/ecom_intermediate, clear=False, no_vcs_ignore=False, global=False)
[2025-09-22T08:25:22.787+0000] {process_utils.py:191} INFO -   seeder FromAppData(download=False, pip=bundle, setuptools=bundle, wheel=bundle, via=copy, app_data_dir=/home/***/.local/share/virtualenv)
[2025-09-22T08:25:22.788+0000] {process_utils.py:191} INFO -     added seed packages: MarkupSafe==3.0.2, PyYAML==6.0.2, agate==1.9.1, annotated_types==0.7.0, attrs==25.3.0, babel==2.17.0, certifi==2025.8.3, charset_normalizer==3.4.3, click==8.3.0, clickhouse_connect==0.9.1, clickhouse_driver==0.2.9, colorama==0.4.6, daff==1.4.2, dbt_adapters==1.16.7, dbt_clickhouse==1.9.3, dbt_common==1.31.0, dbt_core==1.10.11, dbt_extractor==0.6.0, dbt_protos==1.0.375, dbt_semantic_interfaces==0.9.0, deepdiff==8.6.1, idna==3.10, importlib_metadata==8.7.0, isodate==0.6.1, jinja2==3.1.6, jsonschema==4.25.1, jsonschema_specifications==2025.9.1, leather==0.4.0, lz4==4.4.4, mashumaro==3.14, more_itertools==10.8.0, msgpack==1.1.1, networkx==3.4.2, orderly_set==5.5.0, packaging==25.0, parsedatetime==2.6, pathspec==0.12.1, pip==25.2, protobuf==6.32.1, pydantic==2.11.9, pydantic_core==2.33.2, python_dateutil==2.9.0.post0, python_slugify==8.0.4, pytimeparse==1.1.8, pytz==2025.2, referencing==0.36.2, requests==2.32.5, rpds_py==0.27.1, setuptools==80.9.0, six==1.17.0, snowplow_tracker==1.1.0, sqlparse==0.5.3, text_unidecode==1.3, typing_extensions==4.15.0, typing_inspection==0.4.1, tzlocal==5.3.1, urllib3==2.5.0, wheel==0.45.1, zipp==3.23.0, zstandard==0.25.0
[2025-09-22T08:25:22.789+0000] {process_utils.py:191} INFO -   activators BashActivator,CShellActivator,FishActivator,NushellActivator,PowerShellActivator,PythonActivator
[2025-09-22T08:25:22.858+0000] {process_utils.py:183} INFO - Executing cmd: /opt/***/cosmos_venvs/ecom_intermediate/bin/pip install dbt-clickhouse
[2025-09-22T08:25:22.859+0000] {process_utils.py:187} INFO - Output:
[2025-09-22T08:25:24.117+0000] {process_utils.py:191} INFO - Requirement already satisfied: dbt-clickhouse in ./cosmos_venvs/ecom_intermediate/lib/python3.10/site-packages (1.9.3)
[2025-09-22T08:25:24.119+0000] {process_utils.py:191} INFO - Requirement already satisfied: dbt-core>=1.9 in ./cosmos_venvs/ecom_intermediate/lib/python3.10/site-packages (from dbt-clickhouse) (1.10.11)
[2025-09-22T08:25:24.120+0000] {process_utils.py:191} INFO - Requirement already satisfied: clickhouse-connect>=0.6.22 in ./cosmos_venvs/ecom_intermediate/lib/python3.10/site-packages (from dbt-clickhouse) (0.9.1)
[2025-09-22T08:25:24.120+0000] {process_utils.py:191} INFO - Requirement already satisfied: clickhouse-driver>=0.2.6 in ./cosmos_venvs/ecom_intermediate/lib/python3.10/site-packages (from dbt-clickhouse) (0.2.9)
[2025-09-22T08:25:24.121+0000] {process_utils.py:191} INFO - Requirement already satisfied: setuptools>=0.69 in ./cosmos_venvs/ecom_intermediate/lib/python3.10/site-packages (from dbt-clickhouse) (80.9.0)
[2025-09-22T08:25:24.124+0000] {process_utils.py:191} INFO - Requirement already satisfied: certifi in ./cosmos_venvs/ecom_intermediate/lib/python3.10/site-packages (from clickhouse-connect>=0.6.22->dbt-clickhouse) (2025.8.3)
[2025-09-22T08:25:24.125+0000] {process_utils.py:191} INFO - Requirement already satisfied: urllib3>=1.26 in ./cosmos_venvs/ecom_intermediate/lib/python3.10/site-packages (from clickhouse-connect>=0.6.22->dbt-clickhouse) (2.5.0)
[2025-09-22T08:25:24.125+0000] {process_utils.py:191} INFO - Requirement already satisfied: pytz in ./cosmos_venvs/ecom_intermediate/lib/python3.10/site-packages (from clickhouse-connect>=0.6.22->dbt-clickhouse) (2025.2)
[2025-09-22T08:25:24.126+0000] {process_utils.py:191} INFO - Requirement already satisfied: zstandard in ./cosmos_venvs/ecom_intermediate/lib/python3.10/site-packages (from clickhouse-connect>=0.6.22->dbt-clickhouse) (0.25.0)
[2025-09-22T08:25:24.127+0000] {process_utils.py:191} INFO - Requirement already satisfied: lz4 in ./cosmos_venvs/ecom_intermediate/lib/python3.10/site-packages (from clickhouse-connect>=0.6.22->dbt-clickhouse) (4.4.4)
[2025-09-22T08:25:24.129+0000] {process_utils.py:191} INFO - Requirement already satisfied: tzlocal in ./cosmos_venvs/ecom_intermediate/lib/python3.10/site-packages (from clickhouse-driver>=0.2.6->dbt-clickhouse) (5.3.1)
[2025-09-22T08:25:24.133+0000] {process_utils.py:191} INFO - Requirement already satisfied: agate<1.10,>=1.7.0 in ./cosmos_venvs/ecom_intermediate/lib/python3.10/site-packages (from dbt-core>=1.9->dbt-clickhouse) (1.9.1)
[2025-09-22T08:25:24.134+0000] {process_utils.py:191} INFO - Requirement already satisfied: Jinja2<4,>=3.1.3 in ./cosmos_venvs/ecom_intermediate/lib/python3.10/site-packages (from dbt-core>=1.9->dbt-clickhouse) (3.1.6)
[2025-09-22T08:25:24.135+0000] {process_utils.py:191} INFO - Requirement already satisfied: mashumaro<3.15,>=3.9 in ./cosmos_venvs/ecom_intermediate/lib/python3.10/site-packages (from mashumaro[msgpack]<3.15,>=3.9->dbt-core>=1.9->dbt-clickhouse) (3.14)
[2025-09-22T08:25:24.136+0000] {process_utils.py:191} INFO - Requirement already satisfied: click<9.0,>=8.0.2 in ./cosmos_venvs/ecom_intermediate/lib/python3.10/site-packages (from dbt-core>=1.9->dbt-clickhouse) (8.3.0)
[2025-09-22T08:25:24.136+0000] {process_utils.py:191} INFO - Requirement already satisfied: jsonschema<5.0,>=4.19.1 in ./cosmos_venvs/ecom_intermediate/lib/python3.10/site-packages (from dbt-core>=1.9->dbt-clickhouse) (4.25.1)
[2025-09-22T08:25:24.137+0000] {process_utils.py:191} INFO - Requirement already satisfied: networkx<4.0,>=2.3 in ./cosmos_venvs/ecom_intermediate/lib/python3.10/site-packages (from dbt-core>=1.9->dbt-clickhouse) (3.4.2)
[2025-09-22T08:25:24.137+0000] {process_utils.py:191} INFO - Requirement already satisfied: protobuf<7.0,>=6.0 in ./cosmos_venvs/ecom_intermediate/lib/python3.10/site-packages (from dbt-core>=1.9->dbt-clickhouse) (6.32.1)
[2025-09-22T08:25:24.138+0000] {process_utils.py:191} INFO - Requirement already satisfied: requests<3.0.0 in ./cosmos_venvs/ecom_intermediate/lib/python3.10/site-packages (from dbt-core>=1.9->dbt-clickhouse) (2.32.5)
[2025-09-22T08:25:24.139+0000] {process_utils.py:191} INFO - Requirement already satisfied: snowplow-tracker<2.0,>=1.0.2 in ./cosmos_venvs/ecom_intermediate/lib/python3.10/site-packages (from dbt-core>=1.9->dbt-clickhouse) (1.1.0)
[2025-09-22T08:25:24.140+0000] {process_utils.py:191} INFO - Requirement already satisfied: pathspec<0.13,>=0.9 in ./cosmos_venvs/ecom_intermediate/lib/python3.10/site-packages (from dbt-core>=1.9->dbt-clickhouse) (0.12.1)
[2025-09-22T08:25:24.140+0000] {process_utils.py:191} INFO - Requirement already satisfied: sqlparse<0.6.0,>=0.5.0 in ./cosmos_venvs/ecom_intermediate/lib/python3.10/site-packages (from dbt-core>=1.9->dbt-clickhouse) (0.5.3)
[2025-09-22T08:25:24.141+0000] {process_utils.py:191} INFO - Requirement already satisfied: dbt-extractor<=0.6,>=0.5.0 in ./cosmos_venvs/ecom_intermediate/lib/python3.10/site-packages (from dbt-core>=1.9->dbt-clickhouse) (0.6.0)
[2025-09-22T08:25:24.142+0000] {process_utils.py:191} INFO - Requirement already satisfied: dbt-semantic-interfaces<0.10,>=0.9.0 in ./cosmos_venvs/ecom_intermediate/lib/python3.10/site-packages (from dbt-core>=1.9->dbt-clickhouse) (0.9.0)
[2025-09-22T08:25:24.143+0000] {process_utils.py:191} INFO - Requirement already satisfied: dbt-common<2.0,>=1.27.0 in ./cosmos_venvs/ecom_intermediate/lib/python3.10/site-packages (from dbt-core>=1.9->dbt-clickhouse) (1.31.0)
[2025-09-22T08:25:24.143+0000] {process_utils.py:191} INFO - Requirement already satisfied: dbt-adapters<2.0,>=1.15.5 in ./cosmos_venvs/ecom_intermediate/lib/python3.10/site-packages (from dbt-core>=1.9->dbt-clickhouse) (1.16.7)
[2025-09-22T08:25:24.144+0000] {process_utils.py:191} INFO - Requirement already satisfied: dbt-protos<2.0,>=1.0.346 in ./cosmos_venvs/ecom_intermediate/lib/python3.10/site-packages (from dbt-core>=1.9->dbt-clickhouse) (1.0.375)
[2025-09-22T08:25:24.145+0000] {process_utils.py:191} INFO - Requirement already satisfied: pydantic<3 in ./cosmos_venvs/ecom_intermediate/lib/python3.10/site-packages (from dbt-core>=1.9->dbt-clickhouse) (2.11.9)
[2025-09-22T08:25:24.145+0000] {process_utils.py:191} INFO - Requirement already satisfied: packaging>20.9 in ./cosmos_venvs/ecom_intermediate/lib/python3.10/site-packages (from dbt-core>=1.9->dbt-clickhouse) (25.0)
[2025-09-22T08:25:24.146+0000] {process_utils.py:191} INFO - Requirement already satisfied: pyyaml>=6.0 in ./cosmos_venvs/ecom_intermediate/lib/python3.10/site-packages (from dbt-core>=1.9->dbt-clickhouse) (6.0.2)
[2025-09-22T08:25:24.147+0000] {process_utils.py:191} INFO - Requirement already satisfied: daff>=1.3.46 in ./cosmos_venvs/ecom_intermediate/lib/python3.10/site-packages (from dbt-core>=1.9->dbt-clickhouse) (1.4.2)
[2025-09-22T08:25:24.147+0000] {process_utils.py:191} INFO - Requirement already satisfied: typing-extensions>=4.4 in ./cosmos_venvs/ecom_intermediate/lib/python3.10/site-packages (from dbt-core>=1.9->dbt-clickhouse) (4.15.0)
[2025-09-22T08:25:24.152+0000] {process_utils.py:191} INFO - Requirement already satisfied: Babel>=2.0 in ./cosmos_venvs/ecom_intermediate/lib/python3.10/site-packages (from agate<1.10,>=1.7.0->dbt-core>=1.9->dbt-clickhouse) (2.17.0)
[2025-09-22T08:25:24.154+0000] {process_utils.py:191} INFO - Requirement already satisfied: isodate>=0.5.4 in ./cosmos_venvs/ecom_intermediate/lib/python3.10/site-packages (from agate<1.10,>=1.7.0->dbt-core>=1.9->dbt-clickhouse) (0.6.1)
[2025-09-22T08:25:24.154+0000] {process_utils.py:191} INFO - Requirement already satisfied: leather>=0.3.2 in ./cosmos_venvs/ecom_intermediate/lib/python3.10/site-packages (from agate<1.10,>=1.7.0->dbt-core>=1.9->dbt-clickhouse) (0.4.0)
[2025-09-22T08:25:24.155+0000] {process_utils.py:191} INFO - Requirement already satisfied: parsedatetime!=2.5,>=2.1 in ./cosmos_venvs/ecom_intermediate/lib/python3.10/site-packages (from agate<1.10,>=1.7.0->dbt-core>=1.9->dbt-clickhouse) (2.6)
[2025-09-22T08:25:24.155+0000] {process_utils.py:191} INFO - Requirement already satisfied: python-slugify>=1.2.1 in ./cosmos_venvs/ecom_intermediate/lib/python3.10/site-packages (from agate<1.10,>=1.7.0->dbt-core>=1.9->dbt-clickhouse) (8.0.4)
[2025-09-22T08:25:24.156+0000] {process_utils.py:191} INFO - Requirement already satisfied: pytimeparse>=1.1.5 in ./cosmos_venvs/ecom_intermediate/lib/python3.10/site-packages (from agate<1.10,>=1.7.0->dbt-core>=1.9->dbt-clickhouse) (1.1.8)
[2025-09-22T08:25:24.168+0000] {process_utils.py:191} INFO - Requirement already satisfied: colorama<0.5,>=0.3.9 in ./cosmos_venvs/ecom_intermediate/lib/python3.10/site-packages (from dbt-common<2.0,>=1.27.0->dbt-core>=1.9->dbt-clickhouse) (0.4.6)
[2025-09-22T08:25:24.169+0000] {process_utils.py:191} INFO - Requirement already satisfied: deepdiff<9.0,>=7.0 in ./cosmos_venvs/ecom_intermediate/lib/python3.10/site-packages (from dbt-common<2.0,>=1.27.0->dbt-core>=1.9->dbt-clickhouse) (8.6.1)
[2025-09-22T08:25:24.172+0000] {process_utils.py:191} INFO - Requirement already satisfied: python-dateutil<3.0,>=2.0 in ./cosmos_venvs/ecom_intermediate/lib/python3.10/site-packages (from dbt-common<2.0,>=1.27.0->dbt-core>=1.9->dbt-clickhouse) (2.9.0.post0)
[2025-09-22T08:25:24.179+0000] {process_utils.py:191} INFO - Requirement already satisfied: importlib-metadata<9,>=6.0 in ./cosmos_venvs/ecom_intermediate/lib/python3.10/site-packages (from dbt-semantic-interfaces<0.10,>=0.9.0->dbt-core>=1.9->dbt-clickhouse) (8.7.0)
[2025-09-22T08:25:24.181+0000] {process_utils.py:191} INFO - Requirement already satisfied: more-itertools<11.0,>=8.0 in ./cosmos_venvs/ecom_intermediate/lib/python3.10/site-packages (from dbt-semantic-interfaces<0.10,>=0.9.0->dbt-core>=1.9->dbt-clickhouse) (10.8.0)
[2025-09-22T08:25:24.190+0000] {process_utils.py:191} INFO - Requirement already satisfied: orderly-set<6,>=5.4.1 in ./cosmos_venvs/ecom_intermediate/lib/python3.10/site-packages (from deepdiff<9.0,>=7.0->dbt-common<2.0,>=1.27.0->dbt-core>=1.9->dbt-clickhouse) (5.5.0)
[2025-09-22T08:25:24.197+0000] {process_utils.py:191} INFO - Requirement already satisfied: zipp>=3.20 in ./cosmos_venvs/ecom_intermediate/lib/python3.10/site-packages (from importlib-metadata<9,>=6.0->dbt-semantic-interfaces<0.10,>=0.9.0->dbt-core>=1.9->dbt-clickhouse) (3.23.0)
[2025-09-22T08:25:24.199+0000] {process_utils.py:191} INFO - Requirement already satisfied: six in ./cosmos_venvs/ecom_intermediate/lib/python3.10/site-packages (from isodate>=0.5.4->agate<1.10,>=1.7.0->dbt-core>=1.9->dbt-clickhouse) (1.17.0)
[2025-09-22T08:25:24.201+0000] {process_utils.py:191} INFO - Requirement already satisfied: MarkupSafe>=2.0 in ./cosmos_venvs/ecom_intermediate/lib/python3.10/site-packages (from Jinja2<4,>=3.1.3->dbt-core>=1.9->dbt-clickhouse) (3.0.2)
[2025-09-22T08:25:24.206+0000] {process_utils.py:191} INFO - Requirement already satisfied: attrs>=22.2.0 in ./cosmos_venvs/ecom_intermediate/lib/python3.10/site-packages (from jsonschema<5.0,>=4.19.1->dbt-core>=1.9->dbt-clickhouse) (25.3.0)
[2025-09-22T08:25:24.207+0000] {process_utils.py:191} INFO - Requirement already satisfied: jsonschema-specifications>=2023.03.6 in ./cosmos_venvs/ecom_intermediate/lib/python3.10/site-packages (from jsonschema<5.0,>=4.19.1->dbt-core>=1.9->dbt-clickhouse) (2025.9.1)
[2025-09-22T08:25:24.208+0000] {process_utils.py:191} INFO - Requirement already satisfied: referencing>=0.28.4 in ./cosmos_venvs/ecom_intermediate/lib/python3.10/site-packages (from jsonschema<5.0,>=4.19.1->dbt-core>=1.9->dbt-clickhouse) (0.36.2)
[2025-09-22T08:25:24.209+0000] {process_utils.py:191} INFO - Requirement already satisfied: rpds-py>=0.7.1 in ./cosmos_venvs/ecom_intermediate/lib/python3.10/site-packages (from jsonschema<5.0,>=4.19.1->dbt-core>=1.9->dbt-clickhouse) (0.27.1)
[2025-09-22T08:25:24.217+0000] {process_utils.py:191} INFO - Requirement already satisfied: msgpack>=0.5.6 in ./cosmos_venvs/ecom_intermediate/lib/python3.10/site-packages (from mashumaro[msgpack]<3.15,>=3.9->dbt-core>=1.9->dbt-clickhouse) (1.1.1)
[2025-09-22T08:25:24.233+0000] {process_utils.py:191} INFO - Requirement already satisfied: annotated-types>=0.6.0 in ./cosmos_venvs/ecom_intermediate/lib/python3.10/site-packages (from pydantic<3->dbt-core>=1.9->dbt-clickhouse) (0.7.0)
[2025-09-22T08:25:24.234+0000] {process_utils.py:191} INFO - Requirement already satisfied: pydantic-core==2.33.2 in ./cosmos_venvs/ecom_intermediate/lib/python3.10/site-packages (from pydantic<3->dbt-core>=1.9->dbt-clickhouse) (2.33.2)
[2025-09-22T08:25:24.235+0000] {process_utils.py:191} INFO - Requirement already satisfied: typing-inspection>=0.4.0 in ./cosmos_venvs/ecom_intermediate/lib/python3.10/site-packages (from pydantic<3->dbt-core>=1.9->dbt-clickhouse) (0.4.1)
[2025-09-22T08:25:24.244+0000] {process_utils.py:191} INFO - Requirement already satisfied: charset_normalizer<4,>=2 in ./cosmos_venvs/ecom_intermediate/lib/python3.10/site-packages (from requests<3.0.0->dbt-core>=1.9->dbt-clickhouse) (3.4.3)
[2025-09-22T08:25:24.244+0000] {process_utils.py:191} INFO - Requirement already satisfied: idna<4,>=2.5 in ./cosmos_venvs/ecom_intermediate/lib/python3.10/site-packages (from requests<3.0.0->dbt-core>=1.9->dbt-clickhouse) (3.10)
[2025-09-22T08:25:24.285+0000] {process_utils.py:191} INFO - Requirement already satisfied: text-unidecode>=1.3 in ./cosmos_venvs/ecom_intermediate/lib/python3.10/site-packages (from python-slugify>=1.2.1->agate<1.10,>=1.7.0->dbt-core>=1.9->dbt-clickhouse) (1.3)
[2025-09-22T08:25:24.423+0000] {local.py:470} INFO - Cloning project to writable temp directory /tmp/tmpswa561lf from /opt/airflow/dags/dbt/ecom_intermediate
[2025-09-22T08:25:24.449+0000] {local.py:490} INFO - Partial parse is enabled and the latest partial parse file is /tmp/cosmos/dbt_intermediate__intermediate/target/partial_parse.msgpack
[2025-09-22T08:25:24.460+0000] {config.py:362} INFO - Using user-supplied profiles.yml at /opt/airflow/dags/dbt/profiles.yml
[2025-09-22T08:25:24.484+0000] {virtualenv.py:99} INFO - Using Python binary from virtualenv: /opt/***/cosmos_venvs/ecom_intermediate/bin/python
[2025-09-22T08:25:24.485+0000] {local.py:434} INFO - Trying to run the command:
 ['/opt/***/cosmos_venvs/ecom_intermediate/bin/dbt', 'deps', '--project-dir', '/tmp/tmpswa561lf', '--profiles-dir', '/opt/***/dags/dbt', '--profile', 'ecom_intermediate', '--target', 'dev']
From /tmp/tmpswa561lf
[2025-09-22T08:25:24.485+0000] {subprocess.py:56} INFO - Tmp dir root location: 
 /tmp
[2025-09-22T08:25:24.486+0000] {subprocess.py:69} INFO - Running command: ['/opt/***/cosmos_venvs/ecom_intermediate/bin/dbt', 'deps', '--project-dir', '/tmp/tmpswa561lf', '--profiles-dir', '/opt/***/dags/dbt', '--profile', 'ecom_intermediate', '--target', 'dev']
[2025-09-22T08:25:24.497+0000] {subprocess.py:80} INFO - Command output:
[2025-09-22T08:25:26.433+0000] {subprocess.py:90} INFO - [0m08:25:26  Running with dbt=1.10.11
[2025-09-22T08:25:27.099+0000] {subprocess.py:90} INFO - [0m08:25:27  Installing dbt-labs/dbt_utils
[2025-09-22T08:25:27.909+0000] {subprocess.py:90} INFO - [0m08:25:27  Installed from version 1.3.0
[2025-09-22T08:25:27.910+0000] {subprocess.py:90} INFO - [0m08:25:27  Updated version available: 1.3.1
[2025-09-22T08:25:27.915+0000] {subprocess.py:90} INFO - [0m08:25:27
[2025-09-22T08:25:27.918+0000] {subprocess.py:90} INFO - [0m08:25:27  Updates available for packages: ['dbt-labs/dbt_utils']
[2025-09-22T08:25:27.920+0000] {subprocess.py:90} INFO - Update your versions in packages.yml, then run dbt deps
[2025-09-22T08:25:29.530+0000] {subprocess.py:94} INFO - Command exited with return code 0
[2025-09-22T08:25:29.531+0000] {local.py:441} INFO - Update your versions in packages.yml, then run dbt deps
[2025-09-22T08:25:29.532+0000] {virtualenv.py:99} INFO - Using Python binary from virtualenv: /opt/***/cosmos_venvs/ecom_intermediate/bin/python
[2025-09-22T08:25:29.533+0000] {local.py:434} INFO - Trying to run the command:
 ['/opt/***/cosmos_venvs/ecom_intermediate/bin/dbt', 'run', '--models', 'products_enriched', '--project-dir', '/tmp/tmpswa561lf', '--profiles-dir', '/opt/***/dags/dbt', '--profile', 'ecom_intermediate', '--target', 'dev']
From /tmp/tmpswa561lf
[2025-09-22T08:25:29.534+0000] {subprocess.py:56} INFO - Tmp dir root location: 
 /tmp
[2025-09-22T08:25:29.534+0000] {subprocess.py:69} INFO - Running command: ['/opt/***/cosmos_venvs/ecom_intermediate/bin/dbt', 'run', '--models', 'products_enriched', '--project-dir', '/tmp/tmpswa561lf', '--profiles-dir', '/opt/***/dags/dbt', '--profile', 'ecom_intermediate', '--target', 'dev']
[2025-09-22T08:25:29.546+0000] {subprocess.py:80} INFO - Command output:
[2025-09-22T08:25:31.558+0000] {subprocess.py:90} INFO - [0m08:25:31  Running with dbt=1.10.11
[2025-09-22T08:25:31.559+0000] {subprocess.py:90} INFO - [0m08:25:31  [[33mWARNING[0m]: Deprecated functionality
[2025-09-22T08:25:31.559+0000] {subprocess.py:90} INFO - Usage of `--models`, `--model`, and `-m` is deprecated in favor of `--select` or
[2025-09-22T08:25:31.560+0000] {subprocess.py:90} INFO - `-s`.
[2025-09-22T08:25:31.829+0000] {subprocess.py:90} INFO - [0m08:25:31  Registered adapter: clickhouse=1.9.3
[2025-09-22T08:25:32.665+0000] {subprocess.py:90} INFO - [0m08:25:32  Found 15 models, 50 data tests, 8 sources, 597 macros
[2025-09-22T08:25:32.669+0000] {subprocess.py:90} INFO - [0m08:25:32
[2025-09-22T08:25:32.670+0000] {subprocess.py:90} INFO - [0m08:25:32  Concurrency: 4 threads (target='dev')
[2025-09-22T08:25:32.670+0000] {subprocess.py:90} INFO - [0m08:25:32
[2025-09-22T08:25:32.809+0000] {subprocess.py:90} INFO - [0m08:25:32  1 of 1 START sql table model `ecom_db_intermediate`.`products_enriched` ........ [RUN]
[2025-09-22T08:25:33.677+0000] {subprocess.py:90} INFO - [0m08:25:33  1 of 1 OK created sql table model `ecom_db_intermediate`.`products_enriched` ... [[32mOK[0m in 0.87s]
[2025-09-22T08:25:33.681+0000] {subprocess.py:90} INFO - [0m08:25:33
[2025-09-22T08:25:33.682+0000] {subprocess.py:90} INFO - [0m08:25:33  Finished running 1 table model in 0 hours 0 minutes and 1.01 seconds (1.01s).
[2025-09-22T08:25:33.732+0000] {subprocess.py:90} INFO - [0m08:25:33
[2025-09-22T08:25:33.733+0000] {subprocess.py:90} INFO - [0m08:25:33  [32mCompleted successfully[0m
[2025-09-22T08:25:33.734+0000] {subprocess.py:90} INFO - [0m08:25:33
[2025-09-22T08:25:33.735+0000] {subprocess.py:90} INFO - [0m08:25:33  Done. PASS=1 WARN=0 ERROR=0 SKIP=0 NO-OP=0 TOTAL=1
[2025-09-22T08:25:33.735+0000] {subprocess.py:90} INFO - [0m08:25:33  [[33mWARNING[0m][DeprecationsSummary]: Deprecated functionality
[2025-09-22T08:25:33.736+0000] {subprocess.py:90} INFO - Summary of encountered deprecations:
[2025-09-22T08:25:33.737+0000] {subprocess.py:90} INFO - - ModelParamUsageDeprecation: 1 occurrence
[2025-09-22T08:25:33.738+0000] {subprocess.py:90} INFO - To see all deprecation instances instead of just the first occurrence of each,
[2025-09-22T08:25:33.738+0000] {subprocess.py:90} INFO - run command again with the `--show-all-deprecations` flag. You may also need to
[2025-09-22T08:25:33.739+0000] {subprocess.py:90} INFO - run with `--no-partial-parse` as some deprecations are only encountered during
[2025-09-22T08:25:33.740+0000] {subprocess.py:90} INFO - parsing.
[2025-09-22T08:25:35.650+0000] {subprocess.py:94} INFO - Command exited with return code 0
[2025-09-22T08:25:35.651+0000] {local.py:441} INFO - parsing.
[2025-09-22T08:25:35.668+0000] {local.py:196} WARNING - Artifact schema version: https://schemas.getdbt.com/dbt/manifest/v12.json is above dbt-ol supported version 7. This might cause errors.
[2025-09-22T08:25:35.669+0000] {local.py:196} WARNING - Artifact schema version: https://schemas.getdbt.com/dbt/run-results/v6.json is above dbt-ol supported version 5. This might cause errors.
[2025-09-22T08:25:35.680+0000] {local.py:547} INFO - Inlets: []
[2025-09-22T08:25:35.680+0000] {local.py:548} INFO - Outlets: []
[2025-09-22T08:25:35.681+0000] {local.py:772} INFO - Assigning inlets/outlets without DatasetAlias
[2025-09-22T08:25:35.681+0000] {dag.py:3089} INFO - Sync 1 DAGs
[2025-09-22T08:25:35.839+0000] {virtualenv.py:131} INFO - Releasing virtualenv lock
[2025-09-22T08:25:35.840+0000] {virtualenv.py:145} INFO - None
[2025-09-22T08:25:35.840+0000] {taskinstance.py:441} INFO - ::group::Post task execution logs
[2025-09-22T08:25:35.891+0000] {taskinstance.py:1206} INFO - Marking task as SUCCESS. dag_id=dbt_intermediate, task_id=intermediate.products_enriched.run, run_id=scheduled__2025-09-21T00:00:00+00:00, execution_date=20250921T000000, start_date=20250922T082439, end_date=20250922T082535
[2025-09-22T08:25:35.969+0000] {local_task_job_runner.py:243} INFO - Task exited with return code 0
[2025-09-22T08:25:36.045+0000] {taskinstance.py:3503} INFO - 1 downstream tasks scheduled from follow-on schedule check
[2025-09-22T08:25:36.047+0000] {local_task_job_runner.py:222} INFO - ::endgroup::
