[2025-09-14T13:59:10.914+0000] {local_task_job_runner.py:120} INFO - ::group::Pre task execution logs
[2025-09-14T13:59:12.075+0000] {taskinstance.py:2076} INFO - Dependencies all met for dep_context=non-requeueable deps ti=<TaskInstance: dbt_intermediate.intermediate.subcategories_enriched.run scheduled__2025-09-13T00:00:00+00:00 [queued]>
[2025-09-14T13:59:12.122+0000] {taskinstance.py:2076} INFO - Dependencies all met for dep_context=requeueable deps ti=<TaskInstance: dbt_intermediate.intermediate.subcategories_enriched.run scheduled__2025-09-13T00:00:00+00:00 [queued]>
[2025-09-14T13:59:12.123+0000] {taskinstance.py:2306} INFO - Starting attempt 1 of 1
[2025-09-14T13:59:12.213+0000] {taskinstance.py:2330} INFO - Executing <Task(DbtRunVirtualenvOperator): intermediate.subcategories_enriched.run> on 2025-09-13 00:00:00+00:00
[2025-09-14T13:59:12.239+0000] {standard_task_runner.py:64} INFO - Started process 3476 to run task
[2025-09-14T13:59:12.253+0000] {standard_task_runner.py:90} INFO - Running: ['***', 'tasks', 'run', 'dbt_intermediate', 'intermediate.subcategories_enriched.run', 'scheduled__2025-09-13T00:00:00+00:00', '--job-id', '317', '--raw', '--subdir', 'DAGS_FOLDER/dbt_intermediate.py', '--cfg-path', '/tmp/tmp49z3zzs0']
[2025-09-14T13:59:12.266+0000] {standard_task_runner.py:91} INFO - Job 317: Subtask intermediate.subcategories_enriched.run
[2025-09-14T13:59:13.362+0000] {task_command.py:426} INFO - Running <TaskInstance: dbt_intermediate.intermediate.subcategories_enriched.run scheduled__2025-09-13T00:00:00+00:00 [running]> on host e95bde6b8d07
[2025-09-14T13:59:14.803+0000] {taskinstance.py:2648} INFO - Exporting env vars: AIRFLOW_CTX_DAG_OWNER='***' AIRFLOW_CTX_DAG_ID='dbt_intermediate' AIRFLOW_CTX_TASK_ID='intermediate.subcategories_enriched.run' AIRFLOW_CTX_EXECUTION_DATE='2025-09-13T00:00:00+00:00' AIRFLOW_CTX_TRY_NUMBER='1' AIRFLOW_CTX_DAG_RUN_ID='scheduled__2025-09-13T00:00:00+00:00'
[2025-09-14T13:59:14.815+0000] {taskinstance.py:430} INFO - ::endgroup::
[2025-09-14T13:59:14.849+0000] {virtualenv.py:120} INFO - Checking if the virtualenv lock /tmp/cosmos_venv_ecom_intermediate/cosmos_virtualenv.lock exists
[2025-09-14T13:59:14.850+0000] {virtualenv.py:178} INFO - Checking for running process with PID 3470
[2025-09-14T13:59:14.851+0000] {virtualenv.py:181} INFO - Process 3470 running: True and has the lock /tmp/cosmos_venv_ecom_intermediate/cosmos_virtualenv.lock.
[2025-09-14T13:59:14.852+0000] {virtualenv.py:122} INFO - Waiting for virtualenv lock to be released
[2025-09-14T13:59:15.857+0000] {virtualenv.py:178} INFO - Checking for running process with PID 3470
[2025-09-14T13:59:15.858+0000] {virtualenv.py:181} INFO - Process 3470 running: True and has the lock /tmp/cosmos_venv_ecom_intermediate/cosmos_virtualenv.lock.
[2025-09-14T13:59:15.858+0000] {virtualenv.py:122} INFO - Waiting for virtualenv lock to be released
[2025-09-14T13:59:16.860+0000] {virtualenv.py:178} INFO - Checking for running process with PID 3470
[2025-09-14T13:59:16.861+0000] {virtualenv.py:181} INFO - Process 3470 running: True and has the lock /tmp/cosmos_venv_ecom_intermediate/cosmos_virtualenv.lock.
[2025-09-14T13:59:16.862+0000] {virtualenv.py:122} INFO - Waiting for virtualenv lock to be released
[2025-09-14T13:59:17.863+0000] {virtualenv.py:178} INFO - Checking for running process with PID 3470
[2025-09-14T13:59:17.864+0000] {virtualenv.py:181} INFO - Process 3470 running: True and has the lock /tmp/cosmos_venv_ecom_intermediate/cosmos_virtualenv.lock.
[2025-09-14T13:59:17.864+0000] {virtualenv.py:122} INFO - Waiting for virtualenv lock to be released
[2025-09-14T13:59:18.866+0000] {virtualenv.py:178} INFO - Checking for running process with PID 3470
[2025-09-14T13:59:18.866+0000] {virtualenv.py:181} INFO - Process 3470 running: True and has the lock /tmp/cosmos_venv_ecom_intermediate/cosmos_virtualenv.lock.
[2025-09-14T13:59:18.867+0000] {virtualenv.py:122} INFO - Waiting for virtualenv lock to be released
[2025-09-14T13:59:19.868+0000] {virtualenv.py:178} INFO - Checking for running process with PID 3470
[2025-09-14T13:59:19.870+0000] {virtualenv.py:181} INFO - Process 3470 running: True and has the lock /tmp/cosmos_venv_ecom_intermediate/cosmos_virtualenv.lock.
[2025-09-14T13:59:19.870+0000] {virtualenv.py:122} INFO - Waiting for virtualenv lock to be released
[2025-09-14T13:59:20.872+0000] {virtualenv.py:178} INFO - Checking for running process with PID 3470
[2025-09-14T13:59:20.872+0000] {virtualenv.py:181} INFO - Process 3470 running: True and has the lock /tmp/cosmos_venv_ecom_intermediate/cosmos_virtualenv.lock.
[2025-09-14T13:59:20.873+0000] {virtualenv.py:122} INFO - Waiting for virtualenv lock to be released
[2025-09-14T13:59:21.875+0000] {virtualenv.py:178} INFO - Checking for running process with PID 3470
[2025-09-14T13:59:21.876+0000] {virtualenv.py:181} INFO - Process 3470 running: True and has the lock /tmp/cosmos_venv_ecom_intermediate/cosmos_virtualenv.lock.
[2025-09-14T13:59:21.876+0000] {virtualenv.py:122} INFO - Waiting for virtualenv lock to be released
[2025-09-14T13:59:22.878+0000] {virtualenv.py:178} INFO - Checking for running process with PID 3470
[2025-09-14T13:59:22.879+0000] {virtualenv.py:181} INFO - Process 3470 running: True and has the lock /tmp/cosmos_venv_ecom_intermediate/cosmos_virtualenv.lock.
[2025-09-14T13:59:22.880+0000] {virtualenv.py:122} INFO - Waiting for virtualenv lock to be released
[2025-09-14T13:59:23.883+0000] {virtualenv.py:178} INFO - Checking for running process with PID 3470
[2025-09-14T13:59:23.884+0000] {virtualenv.py:181} INFO - Process 3470 running: True and has the lock /tmp/cosmos_venv_ecom_intermediate/cosmos_virtualenv.lock.
[2025-09-14T13:59:23.885+0000] {virtualenv.py:122} INFO - Waiting for virtualenv lock to be released
[2025-09-14T13:59:24.886+0000] {virtualenv.py:178} INFO - Checking for running process with PID 3470
[2025-09-14T13:59:24.886+0000] {virtualenv.py:181} INFO - Process 3470 running: True and has the lock /tmp/cosmos_venv_ecom_intermediate/cosmos_virtualenv.lock.
[2025-09-14T13:59:24.887+0000] {virtualenv.py:122} INFO - Waiting for virtualenv lock to be released
[2025-09-14T13:59:25.889+0000] {virtualenv.py:178} INFO - Checking for running process with PID 3470
[2025-09-14T13:59:25.890+0000] {virtualenv.py:181} INFO - Process 3470 running: True and has the lock /tmp/cosmos_venv_ecom_intermediate/cosmos_virtualenv.lock.
[2025-09-14T13:59:25.890+0000] {virtualenv.py:122} INFO - Waiting for virtualenv lock to be released
[2025-09-14T13:59:26.892+0000] {virtualenv.py:178} INFO - Checking for running process with PID 3470
[2025-09-14T13:59:26.893+0000] {virtualenv.py:181} INFO - Process 3470 running: True and has the lock /tmp/cosmos_venv_ecom_intermediate/cosmos_virtualenv.lock.
[2025-09-14T13:59:26.894+0000] {virtualenv.py:122} INFO - Waiting for virtualenv lock to be released
[2025-09-14T13:59:27.896+0000] {virtualenv.py:178} INFO - Checking for running process with PID 3470
[2025-09-14T13:59:27.896+0000] {virtualenv.py:181} INFO - Process 3470 running: True and has the lock /tmp/cosmos_venv_ecom_intermediate/cosmos_virtualenv.lock.
[2025-09-14T13:59:27.897+0000] {virtualenv.py:122} INFO - Waiting for virtualenv lock to be released
[2025-09-14T13:59:28.898+0000] {virtualenv.py:178} INFO - Checking for running process with PID 3470
[2025-09-14T13:59:28.899+0000] {virtualenv.py:181} INFO - Process 3470 running: True and has the lock /tmp/cosmos_venv_ecom_intermediate/cosmos_virtualenv.lock.
[2025-09-14T13:59:28.900+0000] {virtualenv.py:122} INFO - Waiting for virtualenv lock to be released
[2025-09-14T13:59:29.901+0000] {virtualenv.py:178} INFO - Checking for running process with PID 3470
[2025-09-14T13:59:29.903+0000] {virtualenv.py:181} INFO - Process 3470 running: True and has the lock /tmp/cosmos_venv_ecom_intermediate/cosmos_virtualenv.lock.
[2025-09-14T13:59:29.903+0000] {virtualenv.py:122} INFO - Waiting for virtualenv lock to be released
[2025-09-14T13:59:30.905+0000] {virtualenv.py:178} INFO - Checking for running process with PID 3470
[2025-09-14T13:59:30.906+0000] {virtualenv.py:181} INFO - Process 3470 running: True and has the lock /tmp/cosmos_venv_ecom_intermediate/cosmos_virtualenv.lock.
[2025-09-14T13:59:30.907+0000] {virtualenv.py:122} INFO - Waiting for virtualenv lock to be released
[2025-09-14T13:59:31.908+0000] {virtualenv.py:178} INFO - Checking for running process with PID 3486
[2025-09-14T13:59:31.909+0000] {virtualenv.py:181} INFO - Process 3486 running: True and has the lock /tmp/cosmos_venv_ecom_intermediate/cosmos_virtualenv.lock.
[2025-09-14T13:59:31.910+0000] {virtualenv.py:122} INFO - Waiting for virtualenv lock to be released
[2025-09-14T13:59:32.912+0000] {virtualenv.py:178} INFO - Checking for running process with PID 3486
[2025-09-14T13:59:32.912+0000] {virtualenv.py:181} INFO - Process 3486 running: True and has the lock /tmp/cosmos_venv_ecom_intermediate/cosmos_virtualenv.lock.
[2025-09-14T13:59:32.913+0000] {virtualenv.py:122} INFO - Waiting for virtualenv lock to be released
[2025-09-14T13:59:33.914+0000] {virtualenv.py:178} INFO - Checking for running process with PID 3486
[2025-09-14T13:59:33.915+0000] {virtualenv.py:181} INFO - Process 3486 running: True and has the lock /tmp/cosmos_venv_ecom_intermediate/cosmos_virtualenv.lock.
[2025-09-14T13:59:33.915+0000] {virtualenv.py:122} INFO - Waiting for virtualenv lock to be released
[2025-09-14T13:59:34.917+0000] {virtualenv.py:178} INFO - Checking for running process with PID 3486
[2025-09-14T13:59:34.917+0000] {virtualenv.py:181} INFO - Process 3486 running: True and has the lock /tmp/cosmos_venv_ecom_intermediate/cosmos_virtualenv.lock.
[2025-09-14T13:59:34.918+0000] {virtualenv.py:122} INFO - Waiting for virtualenv lock to be released
[2025-09-14T13:59:35.919+0000] {virtualenv.py:178} INFO - Checking for running process with PID 3486
[2025-09-14T13:59:35.920+0000] {virtualenv.py:181} INFO - Process 3486 running: True and has the lock /tmp/cosmos_venv_ecom_intermediate/cosmos_virtualenv.lock.
[2025-09-14T13:59:35.921+0000] {virtualenv.py:122} INFO - Waiting for virtualenv lock to be released
[2025-09-14T13:59:36.923+0000] {virtualenv.py:178} INFO - Checking for running process with PID 3486
[2025-09-14T13:59:36.923+0000] {virtualenv.py:181} INFO - Process 3486 running: True and has the lock /tmp/cosmos_venv_ecom_intermediate/cosmos_virtualenv.lock.
[2025-09-14T13:59:36.924+0000] {virtualenv.py:122} INFO - Waiting for virtualenv lock to be released
[2025-09-14T13:59:37.927+0000] {virtualenv.py:178} INFO - Checking for running process with PID 3486
[2025-09-14T13:59:37.928+0000] {virtualenv.py:181} INFO - Process 3486 running: True and has the lock /tmp/cosmos_venv_ecom_intermediate/cosmos_virtualenv.lock.
[2025-09-14T13:59:37.928+0000] {virtualenv.py:122} INFO - Waiting for virtualenv lock to be released
[2025-09-14T13:59:38.930+0000] {virtualenv.py:178} INFO - Checking for running process with PID 3486
[2025-09-14T13:59:38.931+0000] {virtualenv.py:181} INFO - Process 3486 running: True and has the lock /tmp/cosmos_venv_ecom_intermediate/cosmos_virtualenv.lock.
[2025-09-14T13:59:38.932+0000] {virtualenv.py:122} INFO - Waiting for virtualenv lock to be released
[2025-09-14T13:59:39.933+0000] {virtualenv.py:178} INFO - Checking for running process with PID 3486
[2025-09-14T13:59:39.934+0000] {virtualenv.py:181} INFO - Process 3486 running: True and has the lock /tmp/cosmos_venv_ecom_intermediate/cosmos_virtualenv.lock.
[2025-09-14T13:59:39.934+0000] {virtualenv.py:122} INFO - Waiting for virtualenv lock to be released
[2025-09-14T13:59:40.936+0000] {virtualenv.py:178} INFO - Checking for running process with PID 3486
[2025-09-14T13:59:40.937+0000] {virtualenv.py:181} INFO - Process 3486 running: True and has the lock /tmp/cosmos_venv_ecom_intermediate/cosmos_virtualenv.lock.
[2025-09-14T13:59:40.938+0000] {virtualenv.py:122} INFO - Waiting for virtualenv lock to be released
[2025-09-14T13:59:41.939+0000] {virtualenv.py:178} INFO - Checking for running process with PID 3486
[2025-09-14T13:59:41.940+0000] {virtualenv.py:181} INFO - Process 3486 running: True and has the lock /tmp/cosmos_venv_ecom_intermediate/cosmos_virtualenv.lock.
[2025-09-14T13:59:41.941+0000] {virtualenv.py:122} INFO - Waiting for virtualenv lock to be released
[2025-09-14T13:59:42.942+0000] {virtualenv.py:178} INFO - Checking for running process with PID 3486
[2025-09-14T13:59:42.942+0000] {virtualenv.py:181} INFO - Process 3486 running: True and has the lock /tmp/cosmos_venv_ecom_intermediate/cosmos_virtualenv.lock.
[2025-09-14T13:59:42.943+0000] {virtualenv.py:122} INFO - Waiting for virtualenv lock to be released
[2025-09-14T13:59:43.945+0000] {virtualenv.py:178} INFO - Checking for running process with PID 3486
[2025-09-14T13:59:43.946+0000] {virtualenv.py:181} INFO - Process 3486 running: True and has the lock /tmp/cosmos_venv_ecom_intermediate/cosmos_virtualenv.lock.
[2025-09-14T13:59:43.946+0000] {virtualenv.py:122} INFO - Waiting for virtualenv lock to be released
[2025-09-14T13:59:44.948+0000] {virtualenv.py:178} INFO - Checking for running process with PID 3486
[2025-09-14T13:59:44.949+0000] {virtualenv.py:181} INFO - Process 3486 running: True and has the lock /tmp/cosmos_venv_ecom_intermediate/cosmos_virtualenv.lock.
[2025-09-14T13:59:44.949+0000] {virtualenv.py:122} INFO - Waiting for virtualenv lock to be released
[2025-09-14T13:59:45.951+0000] {virtualenv.py:178} INFO - Checking for running process with PID 3473
[2025-09-14T13:59:45.951+0000] {virtualenv.py:181} INFO - Process 3473 running: True and has the lock /tmp/cosmos_venv_ecom_intermediate/cosmos_virtualenv.lock.
[2025-09-14T13:59:45.952+0000] {virtualenv.py:122} INFO - Waiting for virtualenv lock to be released
[2025-09-14T13:59:46.953+0000] {virtualenv.py:178} INFO - Checking for running process with PID 3473
[2025-09-14T13:59:46.954+0000] {virtualenv.py:181} INFO - Process 3473 running: True and has the lock /tmp/cosmos_venv_ecom_intermediate/cosmos_virtualenv.lock.
[2025-09-14T13:59:46.954+0000] {virtualenv.py:122} INFO - Waiting for virtualenv lock to be released
[2025-09-14T13:59:47.956+0000] {virtualenv.py:178} INFO - Checking for running process with PID 3473
[2025-09-14T13:59:47.957+0000] {virtualenv.py:181} INFO - Process 3473 running: True and has the lock /tmp/cosmos_venv_ecom_intermediate/cosmos_virtualenv.lock.
[2025-09-14T13:59:47.958+0000] {virtualenv.py:122} INFO - Waiting for virtualenv lock to be released
[2025-09-14T13:59:48.959+0000] {virtualenv.py:178} INFO - Checking for running process with PID 3473
[2025-09-14T13:59:48.959+0000] {virtualenv.py:181} INFO - Process 3473 running: True and has the lock /tmp/cosmos_venv_ecom_intermediate/cosmos_virtualenv.lock.
[2025-09-14T13:59:48.960+0000] {virtualenv.py:122} INFO - Waiting for virtualenv lock to be released
[2025-09-14T13:59:49.961+0000] {virtualenv.py:178} INFO - Checking for running process with PID 3473
[2025-09-14T13:59:49.962+0000] {virtualenv.py:181} INFO - Process 3473 running: True and has the lock /tmp/cosmos_venv_ecom_intermediate/cosmos_virtualenv.lock.
[2025-09-14T13:59:49.963+0000] {virtualenv.py:122} INFO - Waiting for virtualenv lock to be released
[2025-09-14T13:59:50.965+0000] {virtualenv.py:178} INFO - Checking for running process with PID 3473
[2025-09-14T13:59:50.965+0000] {virtualenv.py:181} INFO - Process 3473 running: True and has the lock /tmp/cosmos_venv_ecom_intermediate/cosmos_virtualenv.lock.
[2025-09-14T13:59:50.966+0000] {virtualenv.py:122} INFO - Waiting for virtualenv lock to be released
[2025-09-14T13:59:51.967+0000] {virtualenv.py:178} INFO - Checking for running process with PID 3473
[2025-09-14T13:59:51.968+0000] {virtualenv.py:181} INFO - Process 3473 running: True and has the lock /tmp/cosmos_venv_ecom_intermediate/cosmos_virtualenv.lock.
[2025-09-14T13:59:51.969+0000] {virtualenv.py:122} INFO - Waiting for virtualenv lock to be released
[2025-09-14T13:59:52.971+0000] {virtualenv.py:178} INFO - Checking for running process with PID 3473
[2025-09-14T13:59:52.972+0000] {virtualenv.py:181} INFO - Process 3473 running: True and has the lock /tmp/cosmos_venv_ecom_intermediate/cosmos_virtualenv.lock.
[2025-09-14T13:59:52.973+0000] {virtualenv.py:122} INFO - Waiting for virtualenv lock to be released
[2025-09-14T13:59:53.974+0000] {virtualenv.py:178} INFO - Checking for running process with PID 3473
[2025-09-14T13:59:53.975+0000] {virtualenv.py:181} INFO - Process 3473 running: True and has the lock /tmp/cosmos_venv_ecom_intermediate/cosmos_virtualenv.lock.
[2025-09-14T13:59:53.976+0000] {virtualenv.py:122} INFO - Waiting for virtualenv lock to be released
[2025-09-14T13:59:54.978+0000] {virtualenv.py:178} INFO - Checking for running process with PID 3473
[2025-09-14T13:59:54.979+0000] {virtualenv.py:181} INFO - Process 3473 running: True and has the lock /tmp/cosmos_venv_ecom_intermediate/cosmos_virtualenv.lock.
[2025-09-14T13:59:54.980+0000] {virtualenv.py:122} INFO - Waiting for virtualenv lock to be released
[2025-09-14T13:59:55.982+0000] {virtualenv.py:178} INFO - Checking for running process with PID 3473
[2025-09-14T13:59:55.983+0000] {virtualenv.py:181} INFO - Process 3473 running: True and has the lock /tmp/cosmos_venv_ecom_intermediate/cosmos_virtualenv.lock.
[2025-09-14T13:59:55.983+0000] {virtualenv.py:122} INFO - Waiting for virtualenv lock to be released
[2025-09-14T13:59:56.985+0000] {virtualenv.py:178} INFO - Checking for running process with PID 3473
[2025-09-14T13:59:56.986+0000] {virtualenv.py:181} INFO - Process 3473 running: True and has the lock /tmp/cosmos_venv_ecom_intermediate/cosmos_virtualenv.lock.
[2025-09-14T13:59:56.987+0000] {virtualenv.py:122} INFO - Waiting for virtualenv lock to be released
[2025-09-14T13:59:57.989+0000] {virtualenv.py:178} INFO - Checking for running process with PID 3473
[2025-09-14T13:59:57.989+0000] {virtualenv.py:181} INFO - Process 3473 running: True and has the lock /tmp/cosmos_venv_ecom_intermediate/cosmos_virtualenv.lock.
[2025-09-14T13:59:57.990+0000] {virtualenv.py:122} INFO - Waiting for virtualenv lock to be released
[2025-09-14T13:59:58.992+0000] {virtualenv.py:178} INFO - Checking for running process with PID 3473
[2025-09-14T13:59:58.992+0000] {virtualenv.py:181} INFO - Process 3473 running: True and has the lock /tmp/cosmos_venv_ecom_intermediate/cosmos_virtualenv.lock.
[2025-09-14T13:59:58.993+0000] {virtualenv.py:122} INFO - Waiting for virtualenv lock to be released
[2025-09-14T13:59:59.994+0000] {virtualenv.py:178} INFO - Checking for running process with PID 3473
[2025-09-14T13:59:59.996+0000] {virtualenv.py:181} INFO - Process 3473 running: True and has the lock /tmp/cosmos_venv_ecom_intermediate/cosmos_virtualenv.lock.
[2025-09-14T13:59:59.996+0000] {virtualenv.py:122} INFO - Waiting for virtualenv lock to be released
[2025-09-14T14:00:00.998+0000] {virtualenv.py:178} INFO - Checking for running process with PID 3473
[2025-09-14T14:00:00.999+0000] {virtualenv.py:181} INFO - Process 3473 running: True and has the lock /tmp/cosmos_venv_ecom_intermediate/cosmos_virtualenv.lock.
[2025-09-14T14:00:00.999+0000] {virtualenv.py:122} INFO - Waiting for virtualenv lock to be released
[2025-09-14T14:00:02.004+0000] {virtualenv.py:178} INFO - Checking for running process with PID 3473
[2025-09-14T14:00:02.004+0000] {virtualenv.py:181} INFO - Process 3473 running: True and has the lock /tmp/cosmos_venv_ecom_intermediate/cosmos_virtualenv.lock.
[2025-09-14T14:00:02.005+0000] {virtualenv.py:122} INFO - Waiting for virtualenv lock to be released
[2025-09-14T14:00:03.006+0000] {virtualenv.py:178} INFO - Checking for running process with PID 3483
[2025-09-14T14:00:03.007+0000] {virtualenv.py:181} INFO - Process 3483 running: True and has the lock /tmp/cosmos_venv_ecom_intermediate/cosmos_virtualenv.lock.
[2025-09-14T14:00:03.007+0000] {virtualenv.py:122} INFO - Waiting for virtualenv lock to be released
[2025-09-14T14:00:04.009+0000] {virtualenv.py:178} INFO - Checking for running process with PID 3483
[2025-09-14T14:00:04.010+0000] {virtualenv.py:181} INFO - Process 3483 running: True and has the lock /tmp/cosmos_venv_ecom_intermediate/cosmos_virtualenv.lock.
[2025-09-14T14:00:04.010+0000] {virtualenv.py:122} INFO - Waiting for virtualenv lock to be released
[2025-09-14T14:00:05.011+0000] {virtualenv.py:178} INFO - Checking for running process with PID 3483
[2025-09-14T14:00:05.012+0000] {virtualenv.py:181} INFO - Process 3483 running: True and has the lock /tmp/cosmos_venv_ecom_intermediate/cosmos_virtualenv.lock.
[2025-09-14T14:00:05.013+0000] {virtualenv.py:122} INFO - Waiting for virtualenv lock to be released
[2025-09-14T14:00:06.015+0000] {virtualenv.py:178} INFO - Checking for running process with PID 3483
[2025-09-14T14:00:06.016+0000] {virtualenv.py:181} INFO - Process 3483 running: True and has the lock /tmp/cosmos_venv_ecom_intermediate/cosmos_virtualenv.lock.
[2025-09-14T14:00:06.016+0000] {virtualenv.py:122} INFO - Waiting for virtualenv lock to be released
[2025-09-14T14:00:07.017+0000] {virtualenv.py:178} INFO - Checking for running process with PID 3483
[2025-09-14T14:00:07.018+0000] {virtualenv.py:181} INFO - Process 3483 running: True and has the lock /tmp/cosmos_venv_ecom_intermediate/cosmos_virtualenv.lock.
[2025-09-14T14:00:07.018+0000] {virtualenv.py:122} INFO - Waiting for virtualenv lock to be released
[2025-09-14T14:00:08.019+0000] {virtualenv.py:178} INFO - Checking for running process with PID 3483
[2025-09-14T14:00:08.019+0000] {virtualenv.py:181} INFO - Process 3483 running: True and has the lock /tmp/cosmos_venv_ecom_intermediate/cosmos_virtualenv.lock.
[2025-09-14T14:00:08.020+0000] {virtualenv.py:122} INFO - Waiting for virtualenv lock to be released
[2025-09-14T14:00:09.021+0000] {virtualenv.py:178} INFO - Checking for running process with PID 3483
[2025-09-14T14:00:09.022+0000] {virtualenv.py:181} INFO - Process 3483 running: True and has the lock /tmp/cosmos_venv_ecom_intermediate/cosmos_virtualenv.lock.
[2025-09-14T14:00:09.023+0000] {virtualenv.py:122} INFO - Waiting for virtualenv lock to be released
[2025-09-14T14:00:10.023+0000] {virtualenv.py:178} INFO - Checking for running process with PID 3483
[2025-09-14T14:00:10.024+0000] {virtualenv.py:181} INFO - Process 3483 running: True and has the lock /tmp/cosmos_venv_ecom_intermediate/cosmos_virtualenv.lock.
[2025-09-14T14:00:10.025+0000] {virtualenv.py:122} INFO - Waiting for virtualenv lock to be released
[2025-09-14T14:00:11.027+0000] {virtualenv.py:178} INFO - Checking for running process with PID 3483
[2025-09-14T14:00:11.028+0000] {virtualenv.py:181} INFO - Process 3483 running: True and has the lock /tmp/cosmos_venv_ecom_intermediate/cosmos_virtualenv.lock.
[2025-09-14T14:00:11.029+0000] {virtualenv.py:122} INFO - Waiting for virtualenv lock to be released
[2025-09-14T14:00:12.031+0000] {virtualenv.py:178} INFO - Checking for running process with PID 3483
[2025-09-14T14:00:12.031+0000] {virtualenv.py:181} INFO - Process 3483 running: True and has the lock /tmp/cosmos_venv_ecom_intermediate/cosmos_virtualenv.lock.
[2025-09-14T14:00:12.032+0000] {virtualenv.py:122} INFO - Waiting for virtualenv lock to be released
[2025-09-14T14:00:13.033+0000] {virtualenv.py:178} INFO - Checking for running process with PID 3483
[2025-09-14T14:00:13.034+0000] {virtualenv.py:181} INFO - Process 3483 running: True and has the lock /tmp/cosmos_venv_ecom_intermediate/cosmos_virtualenv.lock.
[2025-09-14T14:00:13.035+0000] {virtualenv.py:122} INFO - Waiting for virtualenv lock to be released
[2025-09-14T14:00:14.037+0000] {virtualenv.py:178} INFO - Checking for running process with PID 3483
[2025-09-14T14:00:14.038+0000] {virtualenv.py:181} INFO - Process 3483 running: True and has the lock /tmp/cosmos_venv_ecom_intermediate/cosmos_virtualenv.lock.
[2025-09-14T14:00:14.038+0000] {virtualenv.py:122} INFO - Waiting for virtualenv lock to be released
[2025-09-14T14:00:15.039+0000] {virtualenv.py:178} INFO - Checking for running process with PID 3483
[2025-09-14T14:00:15.040+0000] {virtualenv.py:181} INFO - Process 3483 running: True and has the lock /tmp/cosmos_venv_ecom_intermediate/cosmos_virtualenv.lock.
[2025-09-14T14:00:15.041+0000] {virtualenv.py:122} INFO - Waiting for virtualenv lock to be released
[2025-09-14T14:00:16.043+0000] {virtualenv.py:178} INFO - Checking for running process with PID 3483
[2025-09-14T14:00:16.043+0000] {virtualenv.py:181} INFO - Process 3483 running: True and has the lock /tmp/cosmos_venv_ecom_intermediate/cosmos_virtualenv.lock.
[2025-09-14T14:00:16.044+0000] {virtualenv.py:122} INFO - Waiting for virtualenv lock to be released
[2025-09-14T14:00:17.046+0000] {virtualenv.py:178} INFO - Checking for running process with PID 3483
[2025-09-14T14:00:17.047+0000] {virtualenv.py:181} INFO - Process 3483 running: True and has the lock /tmp/cosmos_venv_ecom_intermediate/cosmos_virtualenv.lock.
[2025-09-14T14:00:17.047+0000] {virtualenv.py:122} INFO - Waiting for virtualenv lock to be released
[2025-09-14T14:00:18.048+0000] {virtualenv.py:178} INFO - Checking for running process with PID 3481
[2025-09-14T14:00:18.049+0000] {virtualenv.py:181} INFO - Process 3481 running: True and has the lock /tmp/cosmos_venv_ecom_intermediate/cosmos_virtualenv.lock.
[2025-09-14T14:00:18.050+0000] {virtualenv.py:122} INFO - Waiting for virtualenv lock to be released
[2025-09-14T14:00:19.052+0000] {virtualenv.py:178} INFO - Checking for running process with PID 3481
[2025-09-14T14:00:19.057+0000] {virtualenv.py:181} INFO - Process 3481 running: True and has the lock /tmp/cosmos_venv_ecom_intermediate/cosmos_virtualenv.lock.
[2025-09-14T14:00:19.057+0000] {virtualenv.py:122} INFO - Waiting for virtualenv lock to be released
[2025-09-14T14:00:20.059+0000] {virtualenv.py:178} INFO - Checking for running process with PID 3481
[2025-09-14T14:00:20.060+0000] {virtualenv.py:181} INFO - Process 3481 running: True and has the lock /tmp/cosmos_venv_ecom_intermediate/cosmos_virtualenv.lock.
[2025-09-14T14:00:20.060+0000] {virtualenv.py:122} INFO - Waiting for virtualenv lock to be released
[2025-09-14T14:00:21.062+0000] {virtualenv.py:178} INFO - Checking for running process with PID 3481
[2025-09-14T14:00:21.062+0000] {virtualenv.py:181} INFO - Process 3481 running: True and has the lock /tmp/cosmos_venv_ecom_intermediate/cosmos_virtualenv.lock.
[2025-09-14T14:00:21.063+0000] {virtualenv.py:122} INFO - Waiting for virtualenv lock to be released
[2025-09-14T14:00:22.065+0000] {virtualenv.py:178} INFO - Checking for running process with PID 3481
[2025-09-14T14:00:22.066+0000] {virtualenv.py:181} INFO - Process 3481 running: True and has the lock /tmp/cosmos_venv_ecom_intermediate/cosmos_virtualenv.lock.
[2025-09-14T14:00:22.066+0000] {virtualenv.py:122} INFO - Waiting for virtualenv lock to be released
[2025-09-14T14:00:23.068+0000] {virtualenv.py:178} INFO - Checking for running process with PID 3481
[2025-09-14T14:00:23.068+0000] {virtualenv.py:181} INFO - Process 3481 running: True and has the lock /tmp/cosmos_venv_ecom_intermediate/cosmos_virtualenv.lock.
[2025-09-14T14:00:23.069+0000] {virtualenv.py:122} INFO - Waiting for virtualenv lock to be released
[2025-09-14T14:00:24.071+0000] {virtualenv.py:178} INFO - Checking for running process with PID 3481
[2025-09-14T14:00:24.072+0000] {virtualenv.py:181} INFO - Process 3481 running: True and has the lock /tmp/cosmos_venv_ecom_intermediate/cosmos_virtualenv.lock.
[2025-09-14T14:00:24.072+0000] {virtualenv.py:122} INFO - Waiting for virtualenv lock to be released
[2025-09-14T14:00:25.074+0000] {virtualenv.py:178} INFO - Checking for running process with PID 3481
[2025-09-14T14:00:25.075+0000] {virtualenv.py:181} INFO - Process 3481 running: True and has the lock /tmp/cosmos_venv_ecom_intermediate/cosmos_virtualenv.lock.
[2025-09-14T14:00:25.075+0000] {virtualenv.py:122} INFO - Waiting for virtualenv lock to be released
[2025-09-14T14:00:26.077+0000] {virtualenv.py:178} INFO - Checking for running process with PID 3481
[2025-09-14T14:00:26.078+0000] {virtualenv.py:181} INFO - Process 3481 running: True and has the lock /tmp/cosmos_venv_ecom_intermediate/cosmos_virtualenv.lock.
[2025-09-14T14:00:26.079+0000] {virtualenv.py:122} INFO - Waiting for virtualenv lock to be released
[2025-09-14T14:00:27.081+0000] {virtualenv.py:178} INFO - Checking for running process with PID 3481
[2025-09-14T14:00:27.082+0000] {virtualenv.py:181} INFO - Process 3481 running: True and has the lock /tmp/cosmos_venv_ecom_intermediate/cosmos_virtualenv.lock.
[2025-09-14T14:00:27.082+0000] {virtualenv.py:122} INFO - Waiting for virtualenv lock to be released
[2025-09-14T14:00:28.084+0000] {virtualenv.py:178} INFO - Checking for running process with PID 3481
[2025-09-14T14:00:28.085+0000] {virtualenv.py:181} INFO - Process 3481 running: True and has the lock /tmp/cosmos_venv_ecom_intermediate/cosmos_virtualenv.lock.
[2025-09-14T14:00:28.086+0000] {virtualenv.py:122} INFO - Waiting for virtualenv lock to be released
[2025-09-14T14:00:29.088+0000] {virtualenv.py:178} INFO - Checking for running process with PID 3481
[2025-09-14T14:00:29.088+0000] {virtualenv.py:181} INFO - Process 3481 running: True and has the lock /tmp/cosmos_venv_ecom_intermediate/cosmos_virtualenv.lock.
[2025-09-14T14:00:29.089+0000] {virtualenv.py:122} INFO - Waiting for virtualenv lock to be released
[2025-09-14T14:00:30.090+0000] {virtualenv.py:178} INFO - Checking for running process with PID 3481
[2025-09-14T14:00:30.091+0000] {virtualenv.py:181} INFO - Process 3481 running: True and has the lock /tmp/cosmos_venv_ecom_intermediate/cosmos_virtualenv.lock.
[2025-09-14T14:00:30.092+0000] {virtualenv.py:122} INFO - Waiting for virtualenv lock to be released
[2025-09-14T14:00:31.093+0000] {virtualenv.py:178} INFO - Checking for running process with PID 3481
[2025-09-14T14:00:31.094+0000] {virtualenv.py:181} INFO - Process 3481 running: True and has the lock /tmp/cosmos_venv_ecom_intermediate/cosmos_virtualenv.lock.
[2025-09-14T14:00:31.095+0000] {virtualenv.py:122} INFO - Waiting for virtualenv lock to be released
[2025-09-14T14:00:32.096+0000] {virtualenv.py:178} INFO - Checking for running process with PID 3481
[2025-09-14T14:00:32.097+0000] {virtualenv.py:181} INFO - Process 3481 running: True and has the lock /tmp/cosmos_venv_ecom_intermediate/cosmos_virtualenv.lock.
[2025-09-14T14:00:32.097+0000] {virtualenv.py:122} INFO - Waiting for virtualenv lock to be released
[2025-09-14T14:00:33.099+0000] {virtualenv.py:178} INFO - Checking for running process with PID 3481
[2025-09-14T14:00:33.100+0000] {virtualenv.py:181} INFO - Process 3481 running: True and has the lock /tmp/cosmos_venv_ecom_intermediate/cosmos_virtualenv.lock.
[2025-09-14T14:00:33.100+0000] {virtualenv.py:122} INFO - Waiting for virtualenv lock to be released
[2025-09-14T14:00:34.101+0000] {virtualenv.py:178} INFO - Checking for running process with PID 3481
[2025-09-14T14:00:34.102+0000] {virtualenv.py:181} INFO - Process 3481 running: True and has the lock /tmp/cosmos_venv_ecom_intermediate/cosmos_virtualenv.lock.
[2025-09-14T14:00:34.102+0000] {virtualenv.py:122} INFO - Waiting for virtualenv lock to be released
[2025-09-14T14:00:35.103+0000] {virtualenv.py:178} INFO - Checking for running process with PID 3484
[2025-09-14T14:00:35.104+0000] {virtualenv.py:181} INFO - Process 3484 running: True and has the lock /tmp/cosmos_venv_ecom_intermediate/cosmos_virtualenv.lock.
[2025-09-14T14:00:35.109+0000] {virtualenv.py:122} INFO - Waiting for virtualenv lock to be released
[2025-09-14T14:00:36.111+0000] {virtualenv.py:178} INFO - Checking for running process with PID 3484
[2025-09-14T14:00:36.111+0000] {virtualenv.py:181} INFO - Process 3484 running: True and has the lock /tmp/cosmos_venv_ecom_intermediate/cosmos_virtualenv.lock.
[2025-09-14T14:00:36.112+0000] {virtualenv.py:122} INFO - Waiting for virtualenv lock to be released
[2025-09-14T14:00:37.112+0000] {virtualenv.py:178} INFO - Checking for running process with PID 3484
[2025-09-14T14:00:37.113+0000] {virtualenv.py:181} INFO - Process 3484 running: True and has the lock /tmp/cosmos_venv_ecom_intermediate/cosmos_virtualenv.lock.
[2025-09-14T14:00:37.114+0000] {virtualenv.py:122} INFO - Waiting for virtualenv lock to be released
[2025-09-14T14:00:38.115+0000] {virtualenv.py:178} INFO - Checking for running process with PID 3484
[2025-09-14T14:00:38.116+0000] {virtualenv.py:181} INFO - Process 3484 running: True and has the lock /tmp/cosmos_venv_ecom_intermediate/cosmos_virtualenv.lock.
[2025-09-14T14:00:38.116+0000] {virtualenv.py:122} INFO - Waiting for virtualenv lock to be released
[2025-09-14T14:00:39.118+0000] {virtualenv.py:178} INFO - Checking for running process with PID 3484
[2025-09-14T14:00:39.119+0000] {virtualenv.py:181} INFO - Process 3484 running: True and has the lock /tmp/cosmos_venv_ecom_intermediate/cosmos_virtualenv.lock.
[2025-09-14T14:00:39.120+0000] {virtualenv.py:122} INFO - Waiting for virtualenv lock to be released
[2025-09-14T14:00:40.121+0000] {virtualenv.py:178} INFO - Checking for running process with PID 3484
[2025-09-14T14:00:40.122+0000] {virtualenv.py:181} INFO - Process 3484 running: True and has the lock /tmp/cosmos_venv_ecom_intermediate/cosmos_virtualenv.lock.
[2025-09-14T14:00:40.122+0000] {virtualenv.py:122} INFO - Waiting for virtualenv lock to be released
[2025-09-14T14:00:41.124+0000] {virtualenv.py:178} INFO - Checking for running process with PID 3484
[2025-09-14T14:00:41.125+0000] {virtualenv.py:181} INFO - Process 3484 running: True and has the lock /tmp/cosmos_venv_ecom_intermediate/cosmos_virtualenv.lock.
[2025-09-14T14:00:41.125+0000] {virtualenv.py:122} INFO - Waiting for virtualenv lock to be released
[2025-09-14T14:00:42.127+0000] {virtualenv.py:178} INFO - Checking for running process with PID 3484
[2025-09-14T14:00:42.127+0000] {virtualenv.py:181} INFO - Process 3484 running: True and has the lock /tmp/cosmos_venv_ecom_intermediate/cosmos_virtualenv.lock.
[2025-09-14T14:00:42.127+0000] {virtualenv.py:122} INFO - Waiting for virtualenv lock to be released
[2025-09-14T14:00:43.129+0000] {virtualenv.py:178} INFO - Checking for running process with PID 3484
[2025-09-14T14:00:43.130+0000] {virtualenv.py:181} INFO - Process 3484 running: True and has the lock /tmp/cosmos_venv_ecom_intermediate/cosmos_virtualenv.lock.
[2025-09-14T14:00:43.131+0000] {virtualenv.py:122} INFO - Waiting for virtualenv lock to be released
[2025-09-14T14:00:44.133+0000] {virtualenv.py:178} INFO - Checking for running process with PID 3484
[2025-09-14T14:00:44.134+0000] {virtualenv.py:181} INFO - Process 3484 running: True and has the lock /tmp/cosmos_venv_ecom_intermediate/cosmos_virtualenv.lock.
[2025-09-14T14:00:44.135+0000] {virtualenv.py:122} INFO - Waiting for virtualenv lock to be released
[2025-09-14T14:00:45.137+0000] {virtualenv.py:178} INFO - Checking for running process with PID 3484
[2025-09-14T14:00:45.138+0000] {virtualenv.py:181} INFO - Process 3484 running: True and has the lock /tmp/cosmos_venv_ecom_intermediate/cosmos_virtualenv.lock.
[2025-09-14T14:00:45.139+0000] {virtualenv.py:122} INFO - Waiting for virtualenv lock to be released
[2025-09-14T14:00:46.140+0000] {virtualenv.py:178} INFO - Checking for running process with PID 3484
[2025-09-14T14:00:46.141+0000] {virtualenv.py:181} INFO - Process 3484 running: True and has the lock /tmp/cosmos_venv_ecom_intermediate/cosmos_virtualenv.lock.
[2025-09-14T14:00:46.142+0000] {virtualenv.py:122} INFO - Waiting for virtualenv lock to be released
[2025-09-14T14:00:47.144+0000] {virtualenv.py:178} INFO - Checking for running process with PID 3484
[2025-09-14T14:00:47.144+0000] {virtualenv.py:181} INFO - Process 3484 running: True and has the lock /tmp/cosmos_venv_ecom_intermediate/cosmos_virtualenv.lock.
[2025-09-14T14:00:47.145+0000] {virtualenv.py:122} INFO - Waiting for virtualenv lock to be released
[2025-09-14T14:00:48.146+0000] {virtualenv.py:178} INFO - Checking for running process with PID 3484
[2025-09-14T14:00:48.147+0000] {virtualenv.py:181} INFO - Process 3484 running: True and has the lock /tmp/cosmos_venv_ecom_intermediate/cosmos_virtualenv.lock.
[2025-09-14T14:00:48.147+0000] {virtualenv.py:122} INFO - Waiting for virtualenv lock to be released
[2025-09-14T14:00:49.150+0000] {virtualenv.py:178} INFO - Checking for running process with PID 3484
[2025-09-14T14:00:49.150+0000] {virtualenv.py:181} INFO - Process 3484 running: True and has the lock /tmp/cosmos_venv_ecom_intermediate/cosmos_virtualenv.lock.
[2025-09-14T14:00:49.151+0000] {virtualenv.py:122} INFO - Waiting for virtualenv lock to be released
[2025-09-14T14:00:50.152+0000] {virtualenv.py:178} INFO - Checking for running process with PID 3610
[2025-09-14T14:00:50.153+0000] {virtualenv.py:181} INFO - Process 3610 running: True and has the lock /tmp/cosmos_venv_ecom_intermediate/cosmos_virtualenv.lock.
[2025-09-14T14:00:50.153+0000] {virtualenv.py:122} INFO - Waiting for virtualenv lock to be released
[2025-09-14T14:00:51.155+0000] {virtualenv.py:178} INFO - Checking for running process with PID 3610
[2025-09-14T14:00:51.156+0000] {virtualenv.py:181} INFO - Process 3610 running: True and has the lock /tmp/cosmos_venv_ecom_intermediate/cosmos_virtualenv.lock.
[2025-09-14T14:00:51.156+0000] {virtualenv.py:122} INFO - Waiting for virtualenv lock to be released
[2025-09-14T14:00:52.157+0000] {virtualenv.py:178} INFO - Checking for running process with PID 3610
[2025-09-14T14:00:52.158+0000] {virtualenv.py:181} INFO - Process 3610 running: True and has the lock /tmp/cosmos_venv_ecom_intermediate/cosmos_virtualenv.lock.
[2025-09-14T14:00:52.159+0000] {virtualenv.py:122} INFO - Waiting for virtualenv lock to be released
[2025-09-14T14:00:53.160+0000] {virtualenv.py:178} INFO - Checking for running process with PID 3610
[2025-09-14T14:00:53.162+0000] {virtualenv.py:181} INFO - Process 3610 running: True and has the lock /tmp/cosmos_venv_ecom_intermediate/cosmos_virtualenv.lock.
[2025-09-14T14:00:53.163+0000] {virtualenv.py:122} INFO - Waiting for virtualenv lock to be released
[2025-09-14T14:00:54.164+0000] {virtualenv.py:178} INFO - Checking for running process with PID 3610
[2025-09-14T14:00:54.165+0000] {virtualenv.py:181} INFO - Process 3610 running: True and has the lock /tmp/cosmos_venv_ecom_intermediate/cosmos_virtualenv.lock.
[2025-09-14T14:00:54.167+0000] {virtualenv.py:122} INFO - Waiting for virtualenv lock to be released
[2025-09-14T14:00:55.170+0000] {virtualenv.py:178} INFO - Checking for running process with PID 3610
[2025-09-14T14:00:55.171+0000] {virtualenv.py:181} INFO - Process 3610 running: True and has the lock /tmp/cosmos_venv_ecom_intermediate/cosmos_virtualenv.lock.
[2025-09-14T14:00:55.171+0000] {virtualenv.py:122} INFO - Waiting for virtualenv lock to be released
[2025-09-14T14:00:56.172+0000] {virtualenv.py:178} INFO - Checking for running process with PID 3610
[2025-09-14T14:00:56.173+0000] {virtualenv.py:181} INFO - Process 3610 running: True and has the lock /tmp/cosmos_venv_ecom_intermediate/cosmos_virtualenv.lock.
[2025-09-14T14:00:56.174+0000] {virtualenv.py:122} INFO - Waiting for virtualenv lock to be released
[2025-09-14T14:00:57.176+0000] {virtualenv.py:178} INFO - Checking for running process with PID 3610
[2025-09-14T14:00:57.177+0000] {virtualenv.py:181} INFO - Process 3610 running: True and has the lock /tmp/cosmos_venv_ecom_intermediate/cosmos_virtualenv.lock.
[2025-09-14T14:00:57.177+0000] {virtualenv.py:122} INFO - Waiting for virtualenv lock to be released
[2025-09-14T14:00:58.179+0000] {virtualenv.py:178} INFO - Checking for running process with PID 3610
[2025-09-14T14:00:58.180+0000] {virtualenv.py:181} INFO - Process 3610 running: True and has the lock /tmp/cosmos_venv_ecom_intermediate/cosmos_virtualenv.lock.
[2025-09-14T14:00:58.180+0000] {virtualenv.py:122} INFO - Waiting for virtualenv lock to be released
[2025-09-14T14:00:59.182+0000] {virtualenv.py:178} INFO - Checking for running process with PID 3610
[2025-09-14T14:00:59.183+0000] {virtualenv.py:181} INFO - Process 3610 running: True and has the lock /tmp/cosmos_venv_ecom_intermediate/cosmos_virtualenv.lock.
[2025-09-14T14:00:59.183+0000] {virtualenv.py:122} INFO - Waiting for virtualenv lock to be released
[2025-09-14T14:01:00.184+0000] {virtualenv.py:178} INFO - Checking for running process with PID 3610
[2025-09-14T14:01:00.185+0000] {virtualenv.py:181} INFO - Process 3610 running: True and has the lock /tmp/cosmos_venv_ecom_intermediate/cosmos_virtualenv.lock.
[2025-09-14T14:01:00.186+0000] {virtualenv.py:122} INFO - Waiting for virtualenv lock to be released
[2025-09-14T14:01:01.187+0000] {virtualenv.py:178} INFO - Checking for running process with PID 3610
[2025-09-14T14:01:01.188+0000] {virtualenv.py:181} INFO - Process 3610 running: True and has the lock /tmp/cosmos_venv_ecom_intermediate/cosmos_virtualenv.lock.
[2025-09-14T14:01:01.189+0000] {virtualenv.py:122} INFO - Waiting for virtualenv lock to be released
[2025-09-14T14:01:02.190+0000] {virtualenv.py:178} INFO - Checking for running process with PID 3610
[2025-09-14T14:01:02.191+0000] {virtualenv.py:181} INFO - Process 3610 running: True and has the lock /tmp/cosmos_venv_ecom_intermediate/cosmos_virtualenv.lock.
[2025-09-14T14:01:02.191+0000] {virtualenv.py:122} INFO - Waiting for virtualenv lock to be released
[2025-09-14T14:01:03.193+0000] {virtualenv.py:178} INFO - Checking for running process with PID 3610
[2025-09-14T14:01:03.193+0000] {virtualenv.py:181} INFO - Process 3610 running: True and has the lock /tmp/cosmos_venv_ecom_intermediate/cosmos_virtualenv.lock.
[2025-09-14T14:01:03.194+0000] {virtualenv.py:122} INFO - Waiting for virtualenv lock to be released
[2025-09-14T14:01:04.195+0000] {virtualenv.py:178} INFO - Checking for running process with PID 3610
[2025-09-14T14:01:04.196+0000] {virtualenv.py:181} INFO - Process 3610 running: True and has the lock /tmp/cosmos_venv_ecom_intermediate/cosmos_virtualenv.lock.
[2025-09-14T14:01:04.197+0000] {virtualenv.py:122} INFO - Waiting for virtualenv lock to be released
[2025-09-14T14:01:05.198+0000] {virtualenv.py:178} INFO - Checking for running process with PID 3610
[2025-09-14T14:01:05.198+0000] {virtualenv.py:181} INFO - Process 3610 running: True and has the lock /tmp/cosmos_venv_ecom_intermediate/cosmos_virtualenv.lock.
[2025-09-14T14:01:05.199+0000] {virtualenv.py:122} INFO - Waiting for virtualenv lock to be released
[2025-09-14T14:01:06.200+0000] {virtualenv.py:178} INFO - Checking for running process with PID 3475
[2025-09-14T14:01:06.202+0000] {virtualenv.py:181} INFO - Process 3475 running: True and has the lock /tmp/cosmos_venv_ecom_intermediate/cosmos_virtualenv.lock.
[2025-09-14T14:01:06.202+0000] {virtualenv.py:122} INFO - Waiting for virtualenv lock to be released
[2025-09-14T14:01:07.203+0000] {virtualenv.py:178} INFO - Checking for running process with PID 3475
[2025-09-14T14:01:07.204+0000] {virtualenv.py:181} INFO - Process 3475 running: True and has the lock /tmp/cosmos_venv_ecom_intermediate/cosmos_virtualenv.lock.
[2025-09-14T14:01:07.205+0000] {virtualenv.py:122} INFO - Waiting for virtualenv lock to be released
[2025-09-14T14:01:08.207+0000] {virtualenv.py:178} INFO - Checking for running process with PID 3475
[2025-09-14T14:01:08.208+0000] {virtualenv.py:181} INFO - Process 3475 running: True and has the lock /tmp/cosmos_venv_ecom_intermediate/cosmos_virtualenv.lock.
[2025-09-14T14:01:08.208+0000] {virtualenv.py:122} INFO - Waiting for virtualenv lock to be released
[2025-09-14T14:01:09.209+0000] {virtualenv.py:178} INFO - Checking for running process with PID 3475
[2025-09-14T14:01:09.210+0000] {virtualenv.py:181} INFO - Process 3475 running: True and has the lock /tmp/cosmos_venv_ecom_intermediate/cosmos_virtualenv.lock.
[2025-09-14T14:01:09.210+0000] {virtualenv.py:122} INFO - Waiting for virtualenv lock to be released
[2025-09-14T14:01:10.212+0000] {virtualenv.py:178} INFO - Checking for running process with PID 3475
[2025-09-14T14:01:10.213+0000] {virtualenv.py:181} INFO - Process 3475 running: True and has the lock /tmp/cosmos_venv_ecom_intermediate/cosmos_virtualenv.lock.
[2025-09-14T14:01:10.214+0000] {virtualenv.py:122} INFO - Waiting for virtualenv lock to be released
[2025-09-14T14:01:11.216+0000] {virtualenv.py:178} INFO - Checking for running process with PID 3475
[2025-09-14T14:01:11.217+0000] {virtualenv.py:181} INFO - Process 3475 running: True and has the lock /tmp/cosmos_venv_ecom_intermediate/cosmos_virtualenv.lock.
[2025-09-14T14:01:11.217+0000] {virtualenv.py:122} INFO - Waiting for virtualenv lock to be released
[2025-09-14T14:01:12.219+0000] {virtualenv.py:178} INFO - Checking for running process with PID 3475
[2025-09-14T14:01:12.220+0000] {virtualenv.py:181} INFO - Process 3475 running: True and has the lock /tmp/cosmos_venv_ecom_intermediate/cosmos_virtualenv.lock.
[2025-09-14T14:01:12.220+0000] {virtualenv.py:122} INFO - Waiting for virtualenv lock to be released
[2025-09-14T14:01:13.222+0000] {virtualenv.py:178} INFO - Checking for running process with PID 3475
[2025-09-14T14:01:13.222+0000] {virtualenv.py:181} INFO - Process 3475 running: True and has the lock /tmp/cosmos_venv_ecom_intermediate/cosmos_virtualenv.lock.
[2025-09-14T14:01:13.223+0000] {virtualenv.py:122} INFO - Waiting for virtualenv lock to be released
[2025-09-14T14:01:14.224+0000] {virtualenv.py:178} INFO - Checking for running process with PID 3475
[2025-09-14T14:01:14.225+0000] {virtualenv.py:181} INFO - Process 3475 running: True and has the lock /tmp/cosmos_venv_ecom_intermediate/cosmos_virtualenv.lock.
[2025-09-14T14:01:14.225+0000] {virtualenv.py:122} INFO - Waiting for virtualenv lock to be released
[2025-09-14T14:01:15.227+0000] {virtualenv.py:178} INFO - Checking for running process with PID 3472
[2025-09-14T14:01:15.228+0000] {virtualenv.py:181} INFO - Process 3472 running: True and has the lock /tmp/cosmos_venv_ecom_intermediate/cosmos_virtualenv.lock.
[2025-09-14T14:01:15.228+0000] {virtualenv.py:126} INFO - Acquiring the virtualenv lock
[2025-09-14T14:01:15.229+0000] {virtualenv.py:195} INFO - Acquiring lock at /tmp/cosmos_venv_ecom_intermediate/cosmos_virtualenv.lock with pid 3476
[2025-09-14T14:01:15.230+0000] {virtualenv.py:153} INFO - Creating or updating the virtualenv at `/tmp/cosmos_venv_ecom_intermediate
[2025-09-14T14:01:15.231+0000] {process_utils.py:183} INFO - Executing cmd: /home/***/.local/bin/python -m virtualenv /tmp/cosmos_venv_ecom_intermediate --python=python3
[2025-09-14T14:01:15.232+0000] {process_utils.py:187} INFO - Output:
[2025-09-14T14:01:17.203+0000] {process_utils.py:191} INFO - RuntimeError: failed to build image pip because:
[2025-09-14T14:01:17.203+0000] {process_utils.py:191} INFO - Traceback (most recent call last):
[2025-09-14T14:01:17.204+0000] {process_utils.py:191} INFO -   File "/home/***/.local/lib/python3.10/site-packages/virtualenv/seed/embed/via_app_data/via_app_data.py", line 57, in _install
[2025-09-14T14:01:17.205+0000] {process_utils.py:191} INFO -     installer.install(creator.interpreter.version_info)
[2025-09-14T14:01:17.206+0000] {process_utils.py:191} INFO -   File "/home/***/.local/lib/python3.10/site-packages/virtualenv/seed/embed/via_app_data/pip_install/base.py", line 37, in install
[2025-09-14T14:01:17.206+0000] {process_utils.py:191} INFO -     self._sync(filename, into)
[2025-09-14T14:01:17.207+0000] {process_utils.py:191} INFO -   File "/home/***/.local/lib/python3.10/site-packages/virtualenv/seed/embed/via_app_data/pip_install/copy.py", line 13, in _sync
[2025-09-14T14:01:17.209+0000] {process_utils.py:191} INFO -     copy(src, dst)
[2025-09-14T14:01:17.210+0000] {process_utils.py:191} INFO -   File "/home/***/.local/lib/python3.10/site-packages/virtualenv/util/path/_sync.py", line 41, in copy
[2025-09-14T14:01:17.215+0000] {process_utils.py:191} INFO -     method(str(src), str(dest))
[2025-09-14T14:01:17.216+0000] {process_utils.py:191} INFO -   File "/home/***/.local/lib/python3.10/site-packages/virtualenv/util/path/_sync.py", line 52, in copytree
[2025-09-14T14:01:17.217+0000] {process_utils.py:191} INFO -     shutil.copy(src_f, dest_f)
[2025-09-14T14:01:17.218+0000] {process_utils.py:191} INFO -   File "/usr/local/lib/python3.10/shutil.py", line 418, in copy
[2025-09-14T14:01:17.222+0000] {process_utils.py:191} INFO -     copymode(src, dst, follow_symlinks=follow_symlinks)
[2025-09-14T14:01:17.224+0000] {process_utils.py:191} INFO -   File "/usr/local/lib/python3.10/shutil.py", line 307, in copymode
[2025-09-14T14:01:17.225+0000] {process_utils.py:191} INFO -     chmod_func(dst, stat.S_IMODE(st.st_mode))
[2025-09-14T14:01:17.226+0000] {process_utils.py:191} INFO - FileNotFoundError: [Errno 2] No such file or directory: '/tmp/cosmos_venv_ecom_intermediate/lib/python3.10/site-packages/pip/_internal/index/sources.py'
[2025-09-14T14:01:17.228+0000] {process_utils.py:191} INFO - 
[2025-09-14T14:01:17.378+0000] {virtualenv.py:131} INFO - Releasing virtualenv lock
[2025-09-14T14:01:17.380+0000] {virtualenv.py:210} WARNING - Lockfile owned by process of pid 3479, while operator has pid 3476
[2025-09-14T14:01:17.381+0000] {taskinstance.py:441} INFO - ::group::Post task execution logs
[2025-09-14T14:01:17.382+0000] {taskinstance.py:2905} ERROR - Task failed with exception
Traceback (most recent call last):
  File "/home/airflow/.local/lib/python3.10/site-packages/airflow/models/taskinstance.py", line 465, in _execute_task
    result = _execute_callable(context=context, **execute_callable_kwargs)
  File "/home/airflow/.local/lib/python3.10/site-packages/airflow/models/taskinstance.py", line 432, in _execute_callable
    return execute_callable(context=context, **execute_callable_kwargs)
  File "/home/airflow/.local/lib/python3.10/site-packages/airflow/models/baseoperator.py", line 401, in wrapper
    return func(self, *args, **kwargs)
  File "/home/airflow/.local/lib/python3.10/site-packages/cosmos/operators/virtualenv.py", line 144, in execute
    output = super().execute(context)
  File "/home/airflow/.local/lib/python3.10/site-packages/cosmos/operators/base.py", line 310, in execute
    self.build_and_run_cmd(context=context, cmd_flags=self.add_cmd_flags())
  File "/home/airflow/.local/lib/python3.10/site-packages/cosmos/operators/local.py", line 853, in build_and_run_cmd
    result = self.run_command(
  File "/home/airflow/.local/lib/python3.10/site-packages/cosmos/operators/virtualenv.py", line 128, in run_command
    self._py_bin = self._prepare_virtualenv()
  File "/home/airflow/.local/lib/python3.10/site-packages/cosmos/operators/virtualenv.py", line 154, in _prepare_virtualenv
    py_bin = prepare_virtualenv(
  File "/home/airflow/.local/lib/python3.10/site-packages/airflow/utils/python_virtualenv.py", line 105, in prepare_virtualenv
    execute_in_subprocess(virtualenv_cmd)
  File "/home/airflow/.local/lib/python3.10/site-packages/airflow/utils/process_utils.py", line 172, in execute_in_subprocess
    execute_in_subprocess_with_kwargs(cmd, cwd=cwd)
  File "/home/airflow/.local/lib/python3.10/site-packages/airflow/utils/process_utils.py", line 195, in execute_in_subprocess_with_kwargs
    raise subprocess.CalledProcessError(exit_code, cmd)
subprocess.CalledProcessError: Command '['/home/airflow/.local/bin/python', '-m', 'virtualenv', '/tmp/cosmos_venv_ecom_intermediate', '--python=python3']' returned non-zero exit status 1.
[2025-09-14T14:01:17.559+0000] {taskinstance.py:1206} INFO - Marking task as FAILED. dag_id=dbt_intermediate, task_id=intermediate.subcategories_enriched.run, run_id=scheduled__2025-09-13T00:00:00+00:00, execution_date=20250913T000000, start_date=20250914T135912, end_date=20250914T140117
[2025-09-14T14:01:17.615+0000] {standard_task_runner.py:110} ERROR - Failed to execute job 317 for task intermediate.subcategories_enriched.run (Command '['/home/airflow/.local/bin/python', '-m', 'virtualenv', '/tmp/cosmos_venv_ecom_intermediate', '--python=python3']' returned non-zero exit status 1.; 3476)
[2025-09-14T14:01:17.662+0000] {local_task_job_runner.py:243} INFO - Task exited with return code 1
[2025-09-14T14:01:18.072+0000] {taskinstance.py:3503} INFO - 0 downstream tasks scheduled from follow-on schedule check
[2025-09-14T14:01:18.092+0000] {local_task_job_runner.py:222} INFO - ::endgroup::
