[2025-09-19T10:14:58.658+0000] {local_task_job_runner.py:120} INFO - ::group::Pre task execution logs
[2025-09-19T10:14:59.165+0000] {taskinstance.py:2076} INFO - Dependencies all met for dep_context=non-requeueable deps ti=<TaskInstance: dbt_intermediate.intermediate.payment_methods.run manual__2025-09-19T10:14:55.158074+00:00 [queued]>
[2025-09-19T10:14:59.183+0000] {taskinstance.py:2076} INFO - Dependencies all met for dep_context=requeueable deps ti=<TaskInstance: dbt_intermediate.intermediate.payment_methods.run manual__2025-09-19T10:14:55.158074+00:00 [queued]>
[2025-09-19T10:14:59.184+0000] {taskinstance.py:2306} INFO - Starting attempt 1 of 1
[2025-09-19T10:14:59.222+0000] {taskinstance.py:2330} INFO - Executing <Task(DbtRunVirtualenvOperator): intermediate.payment_methods.run> on 2025-09-19 10:14:55.158074+00:00
[2025-09-19T10:14:59.231+0000] {standard_task_runner.py:64} INFO - Started process 2683 to run task
[2025-09-19T10:14:59.237+0000] {standard_task_runner.py:90} INFO - Running: ['***', 'tasks', 'run', 'dbt_intermediate', 'intermediate.payment_methods.run', 'manual__2025-09-19T10:14:55.158074+00:00', '--job-id', '565', '--raw', '--subdir', 'DAGS_FOLDER/dbt_intermediate.py', '--cfg-path', '/tmp/tmpkt5ybw8p']
[2025-09-19T10:14:59.242+0000] {standard_task_runner.py:91} INFO - Job 565: Subtask intermediate.payment_methods.run
[2025-09-19T10:14:59.643+0000] {task_command.py:426} INFO - Running <TaskInstance: dbt_intermediate.intermediate.payment_methods.run manual__2025-09-19T10:14:55.158074+00:00 [running]> on host e95bde6b8d07
[2025-09-19T10:15:00.156+0000] {taskinstance.py:2648} INFO - Exporting env vars: AIRFLOW_CTX_DAG_OWNER='***' AIRFLOW_CTX_DAG_ID='dbt_intermediate' AIRFLOW_CTX_TASK_ID='intermediate.payment_methods.run' AIRFLOW_CTX_EXECUTION_DATE='2025-09-19T10:14:55.158074+00:00' AIRFLOW_CTX_TRY_NUMBER='1' AIRFLOW_CTX_DAG_RUN_ID='manual__2025-09-19T10:14:55.158074+00:00'
[2025-09-19T10:15:00.158+0000] {taskinstance.py:430} INFO - ::endgroup::
[2025-09-19T10:15:00.177+0000] {virtualenv.py:120} INFO - Checking if the virtualenv lock /opt/***/cosmos_venvs/ecom_intermediate/cosmos_virtualenv.lock exists
[2025-09-19T10:15:00.177+0000] {virtualenv.py:178} INFO - Checking for running process with PID 2675
[2025-09-19T10:15:00.178+0000] {virtualenv.py:181} INFO - Process 2675 running: True and has the lock /opt/***/cosmos_venvs/ecom_intermediate/cosmos_virtualenv.lock.
[2025-09-19T10:15:00.178+0000] {virtualenv.py:122} INFO - Waiting for virtualenv lock to be released
[2025-09-19T10:15:01.179+0000] {virtualenv.py:178} INFO - Checking for running process with PID 2675
[2025-09-19T10:15:01.180+0000] {virtualenv.py:181} INFO - Process 2675 running: True and has the lock /opt/***/cosmos_venvs/ecom_intermediate/cosmos_virtualenv.lock.
[2025-09-19T10:15:01.181+0000] {virtualenv.py:122} INFO - Waiting for virtualenv lock to be released
[2025-09-19T10:15:02.182+0000] {virtualenv.py:178} INFO - Checking for running process with PID 2675
[2025-09-19T10:15:02.183+0000] {virtualenv.py:181} INFO - Process 2675 running: True and has the lock /opt/***/cosmos_venvs/ecom_intermediate/cosmos_virtualenv.lock.
[2025-09-19T10:15:02.184+0000] {virtualenv.py:122} INFO - Waiting for virtualenv lock to be released
[2025-09-19T10:15:03.185+0000] {virtualenv.py:178} INFO - Checking for running process with PID 2675
[2025-09-19T10:15:03.186+0000] {virtualenv.py:181} INFO - Process 2675 running: True and has the lock /opt/***/cosmos_venvs/ecom_intermediate/cosmos_virtualenv.lock.
[2025-09-19T10:15:03.187+0000] {virtualenv.py:122} INFO - Waiting for virtualenv lock to be released
[2025-09-19T10:15:04.187+0000] {virtualenv.py:178} INFO - Checking for running process with PID 2675
[2025-09-19T10:15:04.188+0000] {virtualenv.py:181} INFO - Process 2675 running: True and has the lock /opt/***/cosmos_venvs/ecom_intermediate/cosmos_virtualenv.lock.
[2025-09-19T10:15:04.190+0000] {virtualenv.py:122} INFO - Waiting for virtualenv lock to be released
[2025-09-19T10:15:05.191+0000] {virtualenv.py:178} INFO - Checking for running process with PID 2675
[2025-09-19T10:15:05.192+0000] {virtualenv.py:181} INFO - Process 2675 running: True and has the lock /opt/***/cosmos_venvs/ecom_intermediate/cosmos_virtualenv.lock.
[2025-09-19T10:15:05.193+0000] {virtualenv.py:122} INFO - Waiting for virtualenv lock to be released
[2025-09-19T10:15:06.194+0000] {virtualenv.py:178} INFO - Checking for running process with PID 2675
[2025-09-19T10:15:06.195+0000] {virtualenv.py:181} INFO - Process 2675 running: True and has the lock /opt/***/cosmos_venvs/ecom_intermediate/cosmos_virtualenv.lock.
[2025-09-19T10:15:06.195+0000] {virtualenv.py:122} INFO - Waiting for virtualenv lock to be released
[2025-09-19T10:15:07.197+0000] {virtualenv.py:178} INFO - Checking for running process with PID 2675
[2025-09-19T10:15:07.199+0000] {virtualenv.py:181} INFO - Process 2675 running: True and has the lock /opt/***/cosmos_venvs/ecom_intermediate/cosmos_virtualenv.lock.
[2025-09-19T10:15:07.199+0000] {virtualenv.py:122} INFO - Waiting for virtualenv lock to be released
[2025-09-19T10:15:08.201+0000] {virtualenv.py:178} INFO - Checking for running process with PID 2675
[2025-09-19T10:15:08.202+0000] {virtualenv.py:181} INFO - Process 2675 running: True and has the lock /opt/***/cosmos_venvs/ecom_intermediate/cosmos_virtualenv.lock.
[2025-09-19T10:15:08.203+0000] {virtualenv.py:122} INFO - Waiting for virtualenv lock to be released
[2025-09-19T10:15:09.205+0000] {virtualenv.py:178} INFO - Checking for running process with PID 2675
[2025-09-19T10:15:09.205+0000] {virtualenv.py:181} INFO - Process 2675 running: True and has the lock /opt/***/cosmos_venvs/ecom_intermediate/cosmos_virtualenv.lock.
[2025-09-19T10:15:09.206+0000] {virtualenv.py:122} INFO - Waiting for virtualenv lock to be released
[2025-09-19T10:15:10.207+0000] {virtualenv.py:178} INFO - Checking for running process with PID 2675
[2025-09-19T10:15:10.208+0000] {virtualenv.py:181} INFO - Process 2675 running: True and has the lock /opt/***/cosmos_venvs/ecom_intermediate/cosmos_virtualenv.lock.
[2025-09-19T10:15:10.209+0000] {virtualenv.py:122} INFO - Waiting for virtualenv lock to be released
[2025-09-19T10:15:11.210+0000] {virtualenv.py:178} INFO - Checking for running process with PID 2675
[2025-09-19T10:15:11.211+0000] {virtualenv.py:181} INFO - Process 2675 running: True and has the lock /opt/***/cosmos_venvs/ecom_intermediate/cosmos_virtualenv.lock.
[2025-09-19T10:15:11.212+0000] {virtualenv.py:122} INFO - Waiting for virtualenv lock to be released
[2025-09-19T10:15:12.213+0000] {virtualenv.py:178} INFO - Checking for running process with PID 2675
[2025-09-19T10:15:12.214+0000] {virtualenv.py:181} INFO - Process 2675 running: True and has the lock /opt/***/cosmos_venvs/ecom_intermediate/cosmos_virtualenv.lock.
[2025-09-19T10:15:12.215+0000] {virtualenv.py:122} INFO - Waiting for virtualenv lock to be released
[2025-09-19T10:15:13.216+0000] {virtualenv.py:178} INFO - Checking for running process with PID 2675
[2025-09-19T10:15:13.217+0000] {virtualenv.py:181} INFO - Process 2675 running: True and has the lock /opt/***/cosmos_venvs/ecom_intermediate/cosmos_virtualenv.lock.
[2025-09-19T10:15:13.222+0000] {virtualenv.py:122} INFO - Waiting for virtualenv lock to be released
[2025-09-19T10:15:14.224+0000] {virtualenv.py:178} INFO - Checking for running process with PID 2675
[2025-09-19T10:15:14.225+0000] {virtualenv.py:181} INFO - Process 2675 running: True and has the lock /opt/***/cosmos_venvs/ecom_intermediate/cosmos_virtualenv.lock.
[2025-09-19T10:15:14.226+0000] {virtualenv.py:122} INFO - Waiting for virtualenv lock to be released
[2025-09-19T10:15:15.228+0000] {virtualenv.py:178} INFO - Checking for running process with PID 2675
[2025-09-19T10:15:15.229+0000] {virtualenv.py:181} INFO - Process 2675 running: True and has the lock /opt/***/cosmos_venvs/ecom_intermediate/cosmos_virtualenv.lock.
[2025-09-19T10:15:15.230+0000] {virtualenv.py:122} INFO - Waiting for virtualenv lock to be released
[2025-09-19T10:15:16.231+0000] {virtualenv.py:178} INFO - Checking for running process with PID 2675
[2025-09-19T10:15:16.232+0000] {virtualenv.py:181} INFO - Process 2675 running: True and has the lock /opt/***/cosmos_venvs/ecom_intermediate/cosmos_virtualenv.lock.
[2025-09-19T10:15:16.233+0000] {virtualenv.py:122} INFO - Waiting for virtualenv lock to be released
[2025-09-19T10:15:17.235+0000] {virtualenv.py:178} INFO - Checking for running process with PID 2675
[2025-09-19T10:15:17.235+0000] {virtualenv.py:181} INFO - Process 2675 running: True and has the lock /opt/***/cosmos_venvs/ecom_intermediate/cosmos_virtualenv.lock.
[2025-09-19T10:15:17.236+0000] {virtualenv.py:122} INFO - Waiting for virtualenv lock to be released
[2025-09-19T10:15:18.237+0000] {virtualenv.py:178} INFO - Checking for running process with PID 2675
[2025-09-19T10:15:18.238+0000] {virtualenv.py:181} INFO - Process 2675 running: True and has the lock /opt/***/cosmos_venvs/ecom_intermediate/cosmos_virtualenv.lock.
[2025-09-19T10:15:18.238+0000] {virtualenv.py:122} INFO - Waiting for virtualenv lock to be released
[2025-09-19T10:15:19.240+0000] {virtualenv.py:178} INFO - Checking for running process with PID 2675
[2025-09-19T10:15:19.241+0000] {virtualenv.py:181} INFO - Process 2675 running: True and has the lock /opt/***/cosmos_venvs/ecom_intermediate/cosmos_virtualenv.lock.
[2025-09-19T10:15:19.241+0000] {virtualenv.py:122} INFO - Waiting for virtualenv lock to be released
[2025-09-19T10:15:20.243+0000] {virtualenv.py:178} INFO - Checking for running process with PID 2675
[2025-09-19T10:15:20.244+0000] {virtualenv.py:181} INFO - Process 2675 running: True and has the lock /opt/***/cosmos_venvs/ecom_intermediate/cosmos_virtualenv.lock.
[2025-09-19T10:15:20.245+0000] {virtualenv.py:122} INFO - Waiting for virtualenv lock to be released
[2025-09-19T10:15:21.247+0000] {virtualenv.py:178} INFO - Checking for running process with PID 2675
[2025-09-19T10:15:21.248+0000] {virtualenv.py:181} INFO - Process 2675 running: True and has the lock /opt/***/cosmos_venvs/ecom_intermediate/cosmos_virtualenv.lock.
[2025-09-19T10:15:21.248+0000] {virtualenv.py:122} INFO - Waiting for virtualenv lock to be released
[2025-09-19T10:15:22.250+0000] {virtualenv.py:178} INFO - Checking for running process with PID 2675
[2025-09-19T10:15:22.252+0000] {virtualenv.py:181} INFO - Process 2675 running: True and has the lock /opt/***/cosmos_venvs/ecom_intermediate/cosmos_virtualenv.lock.
[2025-09-19T10:15:22.252+0000] {virtualenv.py:122} INFO - Waiting for virtualenv lock to be released
[2025-09-19T10:15:23.254+0000] {virtualenv.py:178} INFO - Checking for running process with PID 2675
[2025-09-19T10:15:23.255+0000] {virtualenv.py:181} INFO - Process 2675 running: True and has the lock /opt/***/cosmos_venvs/ecom_intermediate/cosmos_virtualenv.lock.
[2025-09-19T10:15:23.256+0000] {virtualenv.py:122} INFO - Waiting for virtualenv lock to be released
[2025-09-19T10:15:24.258+0000] {virtualenv.py:178} INFO - Checking for running process with PID 2675
[2025-09-19T10:15:24.259+0000] {virtualenv.py:181} INFO - Process 2675 running: True and has the lock /opt/***/cosmos_venvs/ecom_intermediate/cosmos_virtualenv.lock.
[2025-09-19T10:15:24.260+0000] {virtualenv.py:122} INFO - Waiting for virtualenv lock to be released
[2025-09-19T10:15:25.261+0000] {virtualenv.py:178} INFO - Checking for running process with PID 2675
[2025-09-19T10:15:25.262+0000] {virtualenv.py:181} INFO - Process 2675 running: True and has the lock /opt/***/cosmos_venvs/ecom_intermediate/cosmos_virtualenv.lock.
[2025-09-19T10:15:25.263+0000] {virtualenv.py:122} INFO - Waiting for virtualenv lock to be released
[2025-09-19T10:15:26.265+0000] {virtualenv.py:178} INFO - Checking for running process with PID 2675
[2025-09-19T10:15:26.266+0000] {virtualenv.py:181} INFO - Process 2675 running: True and has the lock /opt/***/cosmos_venvs/ecom_intermediate/cosmos_virtualenv.lock.
[2025-09-19T10:15:26.267+0000] {virtualenv.py:122} INFO - Waiting for virtualenv lock to be released
[2025-09-19T10:15:27.268+0000] {virtualenv.py:178} INFO - Checking for running process with PID 2675
[2025-09-19T10:15:27.269+0000] {virtualenv.py:181} INFO - Process 2675 running: True and has the lock /opt/***/cosmos_venvs/ecom_intermediate/cosmos_virtualenv.lock.
[2025-09-19T10:15:27.274+0000] {virtualenv.py:122} INFO - Waiting for virtualenv lock to be released
[2025-09-19T10:15:28.275+0000] {virtualenv.py:178} INFO - Checking for running process with PID 2675
[2025-09-19T10:15:28.276+0000] {virtualenv.py:181} INFO - Process 2675 running: True and has the lock /opt/***/cosmos_venvs/ecom_intermediate/cosmos_virtualenv.lock.
[2025-09-19T10:15:28.277+0000] {virtualenv.py:122} INFO - Waiting for virtualenv lock to be released
[2025-09-19T10:15:29.279+0000] {virtualenv.py:178} INFO - Checking for running process with PID 2675
[2025-09-19T10:15:29.280+0000] {virtualenv.py:181} INFO - Process 2675 running: True and has the lock /opt/***/cosmos_venvs/ecom_intermediate/cosmos_virtualenv.lock.
[2025-09-19T10:15:29.281+0000] {virtualenv.py:122} INFO - Waiting for virtualenv lock to be released
[2025-09-19T10:15:30.282+0000] {virtualenv.py:178} INFO - Checking for running process with PID 2675
[2025-09-19T10:15:30.283+0000] {virtualenv.py:181} INFO - Process 2675 running: True and has the lock /opt/***/cosmos_venvs/ecom_intermediate/cosmos_virtualenv.lock.
[2025-09-19T10:15:30.284+0000] {virtualenv.py:122} INFO - Waiting for virtualenv lock to be released
[2025-09-19T10:15:31.285+0000] {virtualenv.py:178} INFO - Checking for running process with PID 2677
[2025-09-19T10:15:31.285+0000] {virtualenv.py:181} INFO - Process 2677 running: True and has the lock /opt/***/cosmos_venvs/ecom_intermediate/cosmos_virtualenv.lock.
[2025-09-19T10:15:31.286+0000] {virtualenv.py:122} INFO - Waiting for virtualenv lock to be released
[2025-09-19T10:15:32.287+0000] {virtualenv.py:178} INFO - Checking for running process with PID 2677
[2025-09-19T10:15:32.288+0000] {virtualenv.py:181} INFO - Process 2677 running: True and has the lock /opt/***/cosmos_venvs/ecom_intermediate/cosmos_virtualenv.lock.
[2025-09-19T10:15:32.288+0000] {virtualenv.py:122} INFO - Waiting for virtualenv lock to be released
[2025-09-19T10:15:33.290+0000] {virtualenv.py:178} INFO - Checking for running process with PID 2677
[2025-09-19T10:15:33.291+0000] {virtualenv.py:181} INFO - Process 2677 running: True and has the lock /opt/***/cosmos_venvs/ecom_intermediate/cosmos_virtualenv.lock.
[2025-09-19T10:15:33.292+0000] {virtualenv.py:122} INFO - Waiting for virtualenv lock to be released
[2025-09-19T10:15:34.292+0000] {virtualenv.py:178} INFO - Checking for running process with PID 2677
[2025-09-19T10:15:34.293+0000] {virtualenv.py:181} INFO - Process 2677 running: True and has the lock /opt/***/cosmos_venvs/ecom_intermediate/cosmos_virtualenv.lock.
[2025-09-19T10:15:34.293+0000] {virtualenv.py:122} INFO - Waiting for virtualenv lock to be released
[2025-09-19T10:15:35.294+0000] {virtualenv.py:178} INFO - Checking for running process with PID 2677
[2025-09-19T10:15:35.295+0000] {virtualenv.py:181} INFO - Process 2677 running: True and has the lock /opt/***/cosmos_venvs/ecom_intermediate/cosmos_virtualenv.lock.
[2025-09-19T10:15:35.296+0000] {virtualenv.py:122} INFO - Waiting for virtualenv lock to be released
[2025-09-19T10:15:36.298+0000] {virtualenv.py:178} INFO - Checking for running process with PID 2677
[2025-09-19T10:15:36.298+0000] {virtualenv.py:181} INFO - Process 2677 running: True and has the lock /opt/***/cosmos_venvs/ecom_intermediate/cosmos_virtualenv.lock.
[2025-09-19T10:15:36.299+0000] {virtualenv.py:122} INFO - Waiting for virtualenv lock to be released
[2025-09-19T10:15:37.301+0000] {virtualenv.py:178} INFO - Checking for running process with PID 2677
[2025-09-19T10:15:37.301+0000] {virtualenv.py:181} INFO - Process 2677 running: True and has the lock /opt/***/cosmos_venvs/ecom_intermediate/cosmos_virtualenv.lock.
[2025-09-19T10:15:37.302+0000] {virtualenv.py:122} INFO - Waiting for virtualenv lock to be released
[2025-09-19T10:15:38.304+0000] {virtualenv.py:178} INFO - Checking for running process with PID 2677
[2025-09-19T10:15:38.304+0000] {virtualenv.py:181} INFO - Process 2677 running: True and has the lock /opt/***/cosmos_venvs/ecom_intermediate/cosmos_virtualenv.lock.
[2025-09-19T10:15:38.305+0000] {virtualenv.py:122} INFO - Waiting for virtualenv lock to be released
[2025-09-19T10:15:39.307+0000] {virtualenv.py:178} INFO - Checking for running process with PID 2677
[2025-09-19T10:15:39.307+0000] {virtualenv.py:181} INFO - Process 2677 running: True and has the lock /opt/***/cosmos_venvs/ecom_intermediate/cosmos_virtualenv.lock.
[2025-09-19T10:15:39.308+0000] {virtualenv.py:122} INFO - Waiting for virtualenv lock to be released
[2025-09-19T10:15:40.309+0000] {virtualenv.py:178} INFO - Checking for running process with PID 2677
[2025-09-19T10:15:40.310+0000] {virtualenv.py:181} INFO - Process 2677 running: True and has the lock /opt/***/cosmos_venvs/ecom_intermediate/cosmos_virtualenv.lock.
[2025-09-19T10:15:40.311+0000] {virtualenv.py:122} INFO - Waiting for virtualenv lock to be released
[2025-09-19T10:15:41.312+0000] {virtualenv.py:178} INFO - Checking for running process with PID 2677
[2025-09-19T10:15:41.313+0000] {virtualenv.py:181} INFO - Process 2677 running: True and has the lock /opt/***/cosmos_venvs/ecom_intermediate/cosmos_virtualenv.lock.
[2025-09-19T10:15:41.314+0000] {virtualenv.py:122} INFO - Waiting for virtualenv lock to be released
[2025-09-19T10:15:42.316+0000] {virtualenv.py:178} INFO - Checking for running process with PID 2677
[2025-09-19T10:15:42.316+0000] {virtualenv.py:181} INFO - Process 2677 running: True and has the lock /opt/***/cosmos_venvs/ecom_intermediate/cosmos_virtualenv.lock.
[2025-09-19T10:15:42.317+0000] {virtualenv.py:122} INFO - Waiting for virtualenv lock to be released
[2025-09-19T10:15:43.318+0000] {virtualenv.py:178} INFO - Checking for running process with PID 2677
[2025-09-19T10:15:43.321+0000] {virtualenv.py:181} INFO - Process 2677 running: True and has the lock /opt/***/cosmos_venvs/ecom_intermediate/cosmos_virtualenv.lock.
[2025-09-19T10:15:43.321+0000] {virtualenv.py:122} INFO - Waiting for virtualenv lock to be released
[2025-09-19T10:15:44.323+0000] {virtualenv.py:178} INFO - Checking for running process with PID 2677
[2025-09-19T10:15:44.324+0000] {virtualenv.py:181} INFO - Process 2677 running: True and has the lock /opt/***/cosmos_venvs/ecom_intermediate/cosmos_virtualenv.lock.
[2025-09-19T10:15:44.325+0000] {virtualenv.py:122} INFO - Waiting for virtualenv lock to be released
[2025-09-19T10:15:45.327+0000] {virtualenv.py:178} INFO - Checking for running process with PID 2677
[2025-09-19T10:15:45.328+0000] {virtualenv.py:181} INFO - Process 2677 running: True and has the lock /opt/***/cosmos_venvs/ecom_intermediate/cosmos_virtualenv.lock.
[2025-09-19T10:15:45.328+0000] {virtualenv.py:122} INFO - Waiting for virtualenv lock to be released
[2025-09-19T10:15:46.330+0000] {virtualenv.py:178} INFO - Checking for running process with PID 2800
[2025-09-19T10:15:46.331+0000] {virtualenv.py:181} INFO - Process 2800 running: True and has the lock /opt/***/cosmos_venvs/ecom_intermediate/cosmos_virtualenv.lock.
[2025-09-19T10:15:46.331+0000] {virtualenv.py:122} INFO - Waiting for virtualenv lock to be released
[2025-09-19T10:15:47.333+0000] {virtualenv.py:178} INFO - Checking for running process with PID 2800
[2025-09-19T10:15:47.333+0000] {virtualenv.py:181} INFO - Process 2800 running: True and has the lock /opt/***/cosmos_venvs/ecom_intermediate/cosmos_virtualenv.lock.
[2025-09-19T10:15:47.334+0000] {virtualenv.py:122} INFO - Waiting for virtualenv lock to be released
[2025-09-19T10:15:48.335+0000] {virtualenv.py:178} INFO - Checking for running process with PID 2800
[2025-09-19T10:15:48.336+0000] {virtualenv.py:181} INFO - Process 2800 running: True and has the lock /opt/***/cosmos_venvs/ecom_intermediate/cosmos_virtualenv.lock.
[2025-09-19T10:15:48.336+0000] {virtualenv.py:122} INFO - Waiting for virtualenv lock to be released
[2025-09-19T10:15:49.338+0000] {virtualenv.py:178} INFO - Checking for running process with PID 2800
[2025-09-19T10:15:49.339+0000] {virtualenv.py:181} INFO - Process 2800 running: True and has the lock /opt/***/cosmos_venvs/ecom_intermediate/cosmos_virtualenv.lock.
[2025-09-19T10:15:49.340+0000] {virtualenv.py:122} INFO - Waiting for virtualenv lock to be released
[2025-09-19T10:15:50.341+0000] {virtualenv.py:178} INFO - Checking for running process with PID 2800
[2025-09-19T10:15:50.342+0000] {virtualenv.py:181} INFO - Process 2800 running: True and has the lock /opt/***/cosmos_venvs/ecom_intermediate/cosmos_virtualenv.lock.
[2025-09-19T10:15:50.343+0000] {virtualenv.py:122} INFO - Waiting for virtualenv lock to be released
[2025-09-19T10:15:51.345+0000] {virtualenv.py:178} INFO - Checking for running process with PID 2800
[2025-09-19T10:15:51.346+0000] {virtualenv.py:181} INFO - Process 2800 running: True and has the lock /opt/***/cosmos_venvs/ecom_intermediate/cosmos_virtualenv.lock.
[2025-09-19T10:15:51.346+0000] {virtualenv.py:122} INFO - Waiting for virtualenv lock to be released
[2025-09-19T10:15:52.348+0000] {virtualenv.py:178} INFO - Checking for running process with PID 2800
[2025-09-19T10:15:52.349+0000] {virtualenv.py:181} INFO - Process 2800 running: True and has the lock /opt/***/cosmos_venvs/ecom_intermediate/cosmos_virtualenv.lock.
[2025-09-19T10:15:52.350+0000] {virtualenv.py:122} INFO - Waiting for virtualenv lock to be released
[2025-09-19T10:15:53.352+0000] {virtualenv.py:178} INFO - Checking for running process with PID 2800
[2025-09-19T10:15:53.353+0000] {virtualenv.py:181} INFO - Process 2800 running: True and has the lock /opt/***/cosmos_venvs/ecom_intermediate/cosmos_virtualenv.lock.
[2025-09-19T10:15:53.354+0000] {virtualenv.py:122} INFO - Waiting for virtualenv lock to be released
[2025-09-19T10:15:54.355+0000] {virtualenv.py:178} INFO - Checking for running process with PID 2800
[2025-09-19T10:15:54.356+0000] {virtualenv.py:181} INFO - Process 2800 running: True and has the lock /opt/***/cosmos_venvs/ecom_intermediate/cosmos_virtualenv.lock.
[2025-09-19T10:15:54.357+0000] {virtualenv.py:122} INFO - Waiting for virtualenv lock to be released
[2025-09-19T10:15:55.359+0000] {virtualenv.py:178} INFO - Checking for running process with PID 2800
[2025-09-19T10:15:55.360+0000] {virtualenv.py:181} INFO - Process 2800 running: True and has the lock /opt/***/cosmos_venvs/ecom_intermediate/cosmos_virtualenv.lock.
[2025-09-19T10:15:55.361+0000] {virtualenv.py:122} INFO - Waiting for virtualenv lock to be released
[2025-09-19T10:15:56.363+0000] {virtualenv.py:178} INFO - Checking for running process with PID 2800
[2025-09-19T10:15:56.363+0000] {virtualenv.py:181} INFO - Process 2800 running: True and has the lock /opt/***/cosmos_venvs/ecom_intermediate/cosmos_virtualenv.lock.
[2025-09-19T10:15:56.364+0000] {virtualenv.py:122} INFO - Waiting for virtualenv lock to be released
[2025-09-19T10:15:57.366+0000] {virtualenv.py:178} INFO - Checking for running process with PID 2800
[2025-09-19T10:15:57.367+0000] {virtualenv.py:181} INFO - Process 2800 running: True and has the lock /opt/***/cosmos_venvs/ecom_intermediate/cosmos_virtualenv.lock.
[2025-09-19T10:15:57.367+0000] {virtualenv.py:122} INFO - Waiting for virtualenv lock to be released
[2025-09-19T10:15:58.369+0000] {virtualenv.py:178} INFO - Checking for running process with PID 2800
[2025-09-19T10:15:58.370+0000] {virtualenv.py:181} INFO - Process 2800 running: True and has the lock /opt/***/cosmos_venvs/ecom_intermediate/cosmos_virtualenv.lock.
[2025-09-19T10:15:58.371+0000] {virtualenv.py:122} INFO - Waiting for virtualenv lock to be released
[2025-09-19T10:15:59.373+0000] {virtualenv.py:178} INFO - Checking for running process with PID 2800
[2025-09-19T10:15:59.374+0000] {virtualenv.py:181} INFO - Process 2800 running: True and has the lock /opt/***/cosmos_venvs/ecom_intermediate/cosmos_virtualenv.lock.
[2025-09-19T10:15:59.375+0000] {virtualenv.py:122} INFO - Waiting for virtualenv lock to be released
[2025-09-19T10:16:00.377+0000] {virtualenv.py:178} INFO - Checking for running process with PID 2800
[2025-09-19T10:16:00.378+0000] {virtualenv.py:181} INFO - Process 2800 running: True and has the lock /opt/***/cosmos_venvs/ecom_intermediate/cosmos_virtualenv.lock.
[2025-09-19T10:16:00.379+0000] {virtualenv.py:122} INFO - Waiting for virtualenv lock to be released
[2025-09-19T10:16:01.381+0000] {virtualenv.py:178} INFO - Checking for running process with PID 2883
[2025-09-19T10:16:01.381+0000] {virtualenv.py:181} INFO - Process 2883 running: True and has the lock /opt/***/cosmos_venvs/ecom_intermediate/cosmos_virtualenv.lock.
[2025-09-19T10:16:01.382+0000] {virtualenv.py:122} INFO - Waiting for virtualenv lock to be released
[2025-09-19T10:16:02.384+0000] {virtualenv.py:178} INFO - Checking for running process with PID 2883
[2025-09-19T10:16:02.384+0000] {virtualenv.py:181} INFO - Process 2883 running: True and has the lock /opt/***/cosmos_venvs/ecom_intermediate/cosmos_virtualenv.lock.
[2025-09-19T10:16:02.385+0000] {virtualenv.py:122} INFO - Waiting for virtualenv lock to be released
[2025-09-19T10:16:03.386+0000] {virtualenv.py:178} INFO - Checking for running process with PID 2883
[2025-09-19T10:16:03.387+0000] {virtualenv.py:181} INFO - Process 2883 running: True and has the lock /opt/***/cosmos_venvs/ecom_intermediate/cosmos_virtualenv.lock.
[2025-09-19T10:16:03.388+0000] {virtualenv.py:122} INFO - Waiting for virtualenv lock to be released
[2025-09-19T10:16:04.388+0000] {virtualenv.py:178} INFO - Checking for running process with PID 2883
[2025-09-19T10:16:04.389+0000] {virtualenv.py:181} INFO - Process 2883 running: True and has the lock /opt/***/cosmos_venvs/ecom_intermediate/cosmos_virtualenv.lock.
[2025-09-19T10:16:04.390+0000] {virtualenv.py:122} INFO - Waiting for virtualenv lock to be released
[2025-09-19T10:16:05.392+0000] {virtualenv.py:178} INFO - Checking for running process with PID 2883
[2025-09-19T10:16:05.393+0000] {virtualenv.py:181} INFO - Process 2883 running: True and has the lock /opt/***/cosmos_venvs/ecom_intermediate/cosmos_virtualenv.lock.
[2025-09-19T10:16:05.394+0000] {virtualenv.py:122} INFO - Waiting for virtualenv lock to be released
[2025-09-19T10:16:06.395+0000] {virtualenv.py:178} INFO - Checking for running process with PID 2883
[2025-09-19T10:16:06.396+0000] {virtualenv.py:181} INFO - Process 2883 running: True and has the lock /opt/***/cosmos_venvs/ecom_intermediate/cosmos_virtualenv.lock.
[2025-09-19T10:16:06.397+0000] {virtualenv.py:122} INFO - Waiting for virtualenv lock to be released
[2025-09-19T10:16:07.399+0000] {virtualenv.py:178} INFO - Checking for running process with PID 2883
[2025-09-19T10:16:07.400+0000] {virtualenv.py:181} INFO - Process 2883 running: True and has the lock /opt/***/cosmos_venvs/ecom_intermediate/cosmos_virtualenv.lock.
[2025-09-19T10:16:07.400+0000] {virtualenv.py:122} INFO - Waiting for virtualenv lock to be released
[2025-09-19T10:16:08.402+0000] {virtualenv.py:178} INFO - Checking for running process with PID 2883
[2025-09-19T10:16:08.402+0000] {virtualenv.py:181} INFO - Process 2883 running: True and has the lock /opt/***/cosmos_venvs/ecom_intermediate/cosmos_virtualenv.lock.
[2025-09-19T10:16:08.403+0000] {virtualenv.py:122} INFO - Waiting for virtualenv lock to be released
[2025-09-19T10:16:09.404+0000] {virtualenv.py:178} INFO - Checking for running process with PID 2883
[2025-09-19T10:16:09.405+0000] {virtualenv.py:181} INFO - Process 2883 running: True and has the lock /opt/***/cosmos_venvs/ecom_intermediate/cosmos_virtualenv.lock.
[2025-09-19T10:16:09.405+0000] {virtualenv.py:122} INFO - Waiting for virtualenv lock to be released
[2025-09-19T10:16:10.407+0000] {virtualenv.py:178} INFO - Checking for running process with PID 2883
[2025-09-19T10:16:10.408+0000] {virtualenv.py:181} INFO - Process 2883 running: True and has the lock /opt/***/cosmos_venvs/ecom_intermediate/cosmos_virtualenv.lock.
[2025-09-19T10:16:10.408+0000] {virtualenv.py:122} INFO - Waiting for virtualenv lock to be released
[2025-09-19T10:16:11.410+0000] {virtualenv.py:178} INFO - Checking for running process with PID 2883
[2025-09-19T10:16:11.410+0000] {virtualenv.py:181} INFO - Process 2883 running: True and has the lock /opt/***/cosmos_venvs/ecom_intermediate/cosmos_virtualenv.lock.
[2025-09-19T10:16:11.411+0000] {virtualenv.py:122} INFO - Waiting for virtualenv lock to be released
[2025-09-19T10:16:12.412+0000] {virtualenv.py:178} INFO - Checking for running process with PID 2883
[2025-09-19T10:16:12.412+0000] {virtualenv.py:181} INFO - Process 2883 running: True and has the lock /opt/***/cosmos_venvs/ecom_intermediate/cosmos_virtualenv.lock.
[2025-09-19T10:16:12.413+0000] {virtualenv.py:122} INFO - Waiting for virtualenv lock to be released
[2025-09-19T10:16:13.415+0000] {virtualenv.py:178} INFO - Checking for running process with PID 2883
[2025-09-19T10:16:13.416+0000] {virtualenv.py:181} INFO - Process 2883 running: True and has the lock /opt/***/cosmos_venvs/ecom_intermediate/cosmos_virtualenv.lock.
[2025-09-19T10:16:13.416+0000] {virtualenv.py:122} INFO - Waiting for virtualenv lock to be released
[2025-09-19T10:16:14.418+0000] {virtualenv.py:178} INFO - Checking for running process with PID 2883
[2025-09-19T10:16:14.419+0000] {virtualenv.py:181} INFO - Process 2883 running: True and has the lock /opt/***/cosmos_venvs/ecom_intermediate/cosmos_virtualenv.lock.
[2025-09-19T10:16:14.419+0000] {virtualenv.py:122} INFO - Waiting for virtualenv lock to be released
[2025-09-19T10:16:15.421+0000] {virtualenv.py:178} INFO - Checking for running process with PID 2801
[2025-09-19T10:16:15.422+0000] {virtualenv.py:181} INFO - Process 2801 running: True and has the lock /opt/***/cosmos_venvs/ecom_intermediate/cosmos_virtualenv.lock.
[2025-09-19T10:16:15.422+0000] {virtualenv.py:122} INFO - Waiting for virtualenv lock to be released
[2025-09-19T10:16:16.424+0000] {virtualenv.py:178} INFO - Checking for running process with PID 2801
[2025-09-19T10:16:16.425+0000] {virtualenv.py:181} INFO - Process 2801 running: True and has the lock /opt/***/cosmos_venvs/ecom_intermediate/cosmos_virtualenv.lock.
[2025-09-19T10:16:16.426+0000] {virtualenv.py:122} INFO - Waiting for virtualenv lock to be released
[2025-09-19T10:16:17.428+0000] {virtualenv.py:178} INFO - Checking for running process with PID 2801
[2025-09-19T10:16:17.429+0000] {virtualenv.py:181} INFO - Process 2801 running: True and has the lock /opt/***/cosmos_venvs/ecom_intermediate/cosmos_virtualenv.lock.
[2025-09-19T10:16:17.430+0000] {virtualenv.py:122} INFO - Waiting for virtualenv lock to be released
[2025-09-19T10:16:18.431+0000] {virtualenv.py:178} INFO - Checking for running process with PID 2801
[2025-09-19T10:16:18.432+0000] {virtualenv.py:181} INFO - Process 2801 running: True and has the lock /opt/***/cosmos_venvs/ecom_intermediate/cosmos_virtualenv.lock.
[2025-09-19T10:16:18.433+0000] {virtualenv.py:122} INFO - Waiting for virtualenv lock to be released
[2025-09-19T10:16:19.434+0000] {virtualenv.py:178} INFO - Checking for running process with PID 2801
[2025-09-19T10:16:19.435+0000] {virtualenv.py:181} INFO - Process 2801 running: True and has the lock /opt/***/cosmos_venvs/ecom_intermediate/cosmos_virtualenv.lock.
[2025-09-19T10:16:19.436+0000] {virtualenv.py:122} INFO - Waiting for virtualenv lock to be released
[2025-09-19T10:16:20.438+0000] {virtualenv.py:178} INFO - Checking for running process with PID 2801
[2025-09-19T10:16:20.439+0000] {virtualenv.py:181} INFO - Process 2801 running: True and has the lock /opt/***/cosmos_venvs/ecom_intermediate/cosmos_virtualenv.lock.
[2025-09-19T10:16:20.440+0000] {virtualenv.py:122} INFO - Waiting for virtualenv lock to be released
[2025-09-19T10:16:21.442+0000] {virtualenv.py:178} INFO - Checking for running process with PID 2801
[2025-09-19T10:16:21.443+0000] {virtualenv.py:181} INFO - Process 2801 running: True and has the lock /opt/***/cosmos_venvs/ecom_intermediate/cosmos_virtualenv.lock.
[2025-09-19T10:16:21.443+0000] {virtualenv.py:122} INFO - Waiting for virtualenv lock to be released
[2025-09-19T10:16:22.444+0000] {virtualenv.py:178} INFO - Checking for running process with PID 2801
[2025-09-19T10:16:22.445+0000] {virtualenv.py:181} INFO - Process 2801 running: True and has the lock /opt/***/cosmos_venvs/ecom_intermediate/cosmos_virtualenv.lock.
[2025-09-19T10:16:22.445+0000] {virtualenv.py:122} INFO - Waiting for virtualenv lock to be released
[2025-09-19T10:16:23.447+0000] {virtualenv.py:178} INFO - Checking for running process with PID 2801
[2025-09-19T10:16:23.448+0000] {virtualenv.py:181} INFO - Process 2801 running: True and has the lock /opt/***/cosmos_venvs/ecom_intermediate/cosmos_virtualenv.lock.
[2025-09-19T10:16:23.449+0000] {virtualenv.py:122} INFO - Waiting for virtualenv lock to be released
[2025-09-19T10:16:24.451+0000] {virtualenv.py:178} INFO - Checking for running process with PID 2801
[2025-09-19T10:16:24.451+0000] {virtualenv.py:181} INFO - Process 2801 running: True and has the lock /opt/***/cosmos_venvs/ecom_intermediate/cosmos_virtualenv.lock.
[2025-09-19T10:16:24.452+0000] {virtualenv.py:122} INFO - Waiting for virtualenv lock to be released
[2025-09-19T10:16:25.453+0000] {virtualenv.py:178} INFO - Checking for running process with PID 2801
[2025-09-19T10:16:25.454+0000] {virtualenv.py:181} INFO - Process 2801 running: True and has the lock /opt/***/cosmos_venvs/ecom_intermediate/cosmos_virtualenv.lock.
[2025-09-19T10:16:25.454+0000] {virtualenv.py:122} INFO - Waiting for virtualenv lock to be released
[2025-09-19T10:16:26.455+0000] {virtualenv.py:178} INFO - Checking for running process with PID 2801
[2025-09-19T10:16:26.456+0000] {virtualenv.py:181} INFO - Process 2801 running: True and has the lock /opt/***/cosmos_venvs/ecom_intermediate/cosmos_virtualenv.lock.
[2025-09-19T10:16:26.456+0000] {virtualenv.py:122} INFO - Waiting for virtualenv lock to be released
[2025-09-19T10:16:27.458+0000] {virtualenv.py:178} INFO - Checking for running process with PID 2801
[2025-09-19T10:16:27.459+0000] {virtualenv.py:181} INFO - Process 2801 running: True and has the lock /opt/***/cosmos_venvs/ecom_intermediate/cosmos_virtualenv.lock.
[2025-09-19T10:16:27.460+0000] {virtualenv.py:122} INFO - Waiting for virtualenv lock to be released
[2025-09-19T10:16:28.462+0000] {virtualenv.py:178} INFO - Checking for running process with PID 2801
[2025-09-19T10:16:28.462+0000] {virtualenv.py:181} INFO - Process 2801 running: True and has the lock /opt/***/cosmos_venvs/ecom_intermediate/cosmos_virtualenv.lock.
[2025-09-19T10:16:28.463+0000] {virtualenv.py:122} INFO - Waiting for virtualenv lock to be released
[2025-09-19T10:16:29.464+0000] {virtualenv.py:178} INFO - Checking for running process with PID 2678
[2025-09-19T10:16:29.474+0000] {virtualenv.py:181} INFO - Process 2678 running: True and has the lock /opt/***/cosmos_venvs/ecom_intermediate/cosmos_virtualenv.lock.
[2025-09-19T10:16:29.475+0000] {virtualenv.py:122} INFO - Waiting for virtualenv lock to be released
[2025-09-19T10:16:30.477+0000] {virtualenv.py:178} INFO - Checking for running process with PID 2678
[2025-09-19T10:16:30.478+0000] {virtualenv.py:181} INFO - Process 2678 running: True and has the lock /opt/***/cosmos_venvs/ecom_intermediate/cosmos_virtualenv.lock.
[2025-09-19T10:16:30.478+0000] {virtualenv.py:122} INFO - Waiting for virtualenv lock to be released
[2025-09-19T10:16:31.480+0000] {virtualenv.py:178} INFO - Checking for running process with PID 2678
[2025-09-19T10:16:31.481+0000] {virtualenv.py:181} INFO - Process 2678 running: True and has the lock /opt/***/cosmos_venvs/ecom_intermediate/cosmos_virtualenv.lock.
[2025-09-19T10:16:31.481+0000] {virtualenv.py:122} INFO - Waiting for virtualenv lock to be released
[2025-09-19T10:16:32.483+0000] {virtualenv.py:178} INFO - Checking for running process with PID 2678
[2025-09-19T10:16:32.484+0000] {virtualenv.py:181} INFO - Process 2678 running: True and has the lock /opt/***/cosmos_venvs/ecom_intermediate/cosmos_virtualenv.lock.
[2025-09-19T10:16:32.485+0000] {virtualenv.py:122} INFO - Waiting for virtualenv lock to be released
[2025-09-19T10:16:33.487+0000] {virtualenv.py:178} INFO - Checking for running process with PID 2678
[2025-09-19T10:16:33.488+0000] {virtualenv.py:181} INFO - Process 2678 running: True and has the lock /opt/***/cosmos_venvs/ecom_intermediate/cosmos_virtualenv.lock.
[2025-09-19T10:16:33.489+0000] {virtualenv.py:122} INFO - Waiting for virtualenv lock to be released
[2025-09-19T10:16:34.489+0000] {virtualenv.py:178} INFO - Checking for running process with PID 2678
[2025-09-19T10:16:34.490+0000] {virtualenv.py:181} INFO - Process 2678 running: True and has the lock /opt/***/cosmos_venvs/ecom_intermediate/cosmos_virtualenv.lock.
[2025-09-19T10:16:34.491+0000] {virtualenv.py:122} INFO - Waiting for virtualenv lock to be released
[2025-09-19T10:16:35.493+0000] {virtualenv.py:178} INFO - Checking for running process with PID 2678
[2025-09-19T10:16:35.494+0000] {virtualenv.py:181} INFO - Process 2678 running: True and has the lock /opt/***/cosmos_venvs/ecom_intermediate/cosmos_virtualenv.lock.
[2025-09-19T10:16:35.495+0000] {virtualenv.py:122} INFO - Waiting for virtualenv lock to be released
[2025-09-19T10:16:36.497+0000] {virtualenv.py:178} INFO - Checking for running process with PID 2678
[2025-09-19T10:16:36.498+0000] {virtualenv.py:181} INFO - Process 2678 running: True and has the lock /opt/***/cosmos_venvs/ecom_intermediate/cosmos_virtualenv.lock.
[2025-09-19T10:16:36.499+0000] {virtualenv.py:122} INFO - Waiting for virtualenv lock to be released
[2025-09-19T10:16:37.501+0000] {virtualenv.py:178} INFO - Checking for running process with PID 2678
[2025-09-19T10:16:37.502+0000] {virtualenv.py:181} INFO - Process 2678 running: True and has the lock /opt/***/cosmos_venvs/ecom_intermediate/cosmos_virtualenv.lock.
[2025-09-19T10:16:37.502+0000] {virtualenv.py:122} INFO - Waiting for virtualenv lock to be released
[2025-09-19T10:16:38.504+0000] {virtualenv.py:178} INFO - Checking for running process with PID 2678
[2025-09-19T10:16:38.505+0000] {virtualenv.py:181} INFO - Process 2678 running: True and has the lock /opt/***/cosmos_venvs/ecom_intermediate/cosmos_virtualenv.lock.
[2025-09-19T10:16:38.505+0000] {virtualenv.py:122} INFO - Waiting for virtualenv lock to be released
[2025-09-19T10:16:39.507+0000] {virtualenv.py:178} INFO - Checking for running process with PID 2678
[2025-09-19T10:16:39.509+0000] {virtualenv.py:181} INFO - Process 2678 running: True and has the lock /opt/***/cosmos_venvs/ecom_intermediate/cosmos_virtualenv.lock.
[2025-09-19T10:16:39.509+0000] {virtualenv.py:122} INFO - Waiting for virtualenv lock to be released
[2025-09-19T10:16:40.511+0000] {virtualenv.py:178} INFO - Checking for running process with PID 2678
[2025-09-19T10:16:40.512+0000] {virtualenv.py:181} INFO - Process 2678 running: True and has the lock /opt/***/cosmos_venvs/ecom_intermediate/cosmos_virtualenv.lock.
[2025-09-19T10:16:40.512+0000] {virtualenv.py:122} INFO - Waiting for virtualenv lock to be released
[2025-09-19T10:16:41.513+0000] {virtualenv.py:178} INFO - Checking for running process with PID 2678
[2025-09-19T10:16:41.514+0000] {virtualenv.py:181} INFO - Process 2678 running: True and has the lock /opt/***/cosmos_venvs/ecom_intermediate/cosmos_virtualenv.lock.
[2025-09-19T10:16:41.515+0000] {virtualenv.py:122} INFO - Waiting for virtualenv lock to be released
[2025-09-19T10:16:42.516+0000] {virtualenv.py:178} INFO - Checking for running process with PID 2678
[2025-09-19T10:16:42.519+0000] {virtualenv.py:181} INFO - Process 2678 running: True and has the lock /opt/***/cosmos_venvs/ecom_intermediate/cosmos_virtualenv.lock.
[2025-09-19T10:16:42.522+0000] {virtualenv.py:122} INFO - Waiting for virtualenv lock to be released
[2025-09-19T10:16:43.524+0000] {virtualenv.py:178} INFO - Checking for running process with PID 2678
[2025-09-19T10:16:43.524+0000] {virtualenv.py:181} INFO - Process 2678 running: True and has the lock /opt/***/cosmos_venvs/ecom_intermediate/cosmos_virtualenv.lock.
[2025-09-19T10:16:43.525+0000] {virtualenv.py:122} INFO - Waiting for virtualenv lock to be released
[2025-09-19T10:16:44.526+0000] {virtualenv.py:178} INFO - Checking for running process with PID 2678
[2025-09-19T10:16:44.527+0000] {virtualenv.py:181} INFO - Process 2678 running: True and has the lock /opt/***/cosmos_venvs/ecom_intermediate/cosmos_virtualenv.lock.
[2025-09-19T10:16:44.527+0000] {virtualenv.py:122} INFO - Waiting for virtualenv lock to be released
[2025-09-19T10:16:45.529+0000] {virtualenv.py:178} INFO - Checking for running process with PID 2922
[2025-09-19T10:16:45.529+0000] {virtualenv.py:181} INFO - Process 2922 running: True and has the lock /opt/***/cosmos_venvs/ecom_intermediate/cosmos_virtualenv.lock.
[2025-09-19T10:16:45.530+0000] {virtualenv.py:122} INFO - Waiting for virtualenv lock to be released
[2025-09-19T10:16:46.531+0000] {virtualenv.py:178} INFO - Checking for running process with PID 2922
[2025-09-19T10:16:46.532+0000] {virtualenv.py:181} INFO - Process 2922 running: True and has the lock /opt/***/cosmos_venvs/ecom_intermediate/cosmos_virtualenv.lock.
[2025-09-19T10:16:46.532+0000] {virtualenv.py:122} INFO - Waiting for virtualenv lock to be released
[2025-09-19T10:16:47.533+0000] {virtualenv.py:178} INFO - Checking for running process with PID 2922
[2025-09-19T10:16:47.534+0000] {virtualenv.py:181} INFO - Process 2922 running: True and has the lock /opt/***/cosmos_venvs/ecom_intermediate/cosmos_virtualenv.lock.
[2025-09-19T10:16:47.535+0000] {virtualenv.py:122} INFO - Waiting for virtualenv lock to be released
[2025-09-19T10:16:48.537+0000] {virtualenv.py:178} INFO - Checking for running process with PID 2922
[2025-09-19T10:16:48.538+0000] {virtualenv.py:181} INFO - Process 2922 running: True and has the lock /opt/***/cosmos_venvs/ecom_intermediate/cosmos_virtualenv.lock.
[2025-09-19T10:16:48.539+0000] {virtualenv.py:122} INFO - Waiting for virtualenv lock to be released
[2025-09-19T10:16:49.539+0000] {virtualenv.py:178} INFO - Checking for running process with PID 2922
[2025-09-19T10:16:49.544+0000] {virtualenv.py:181} INFO - Process 2922 running: True and has the lock /opt/***/cosmos_venvs/ecom_intermediate/cosmos_virtualenv.lock.
[2025-09-19T10:16:49.545+0000] {virtualenv.py:122} INFO - Waiting for virtualenv lock to be released
[2025-09-19T10:16:50.547+0000] {virtualenv.py:178} INFO - Checking for running process with PID 2922
[2025-09-19T10:16:50.548+0000] {virtualenv.py:181} INFO - Process 2922 running: True and has the lock /opt/***/cosmos_venvs/ecom_intermediate/cosmos_virtualenv.lock.
[2025-09-19T10:16:50.549+0000] {virtualenv.py:122} INFO - Waiting for virtualenv lock to be released
[2025-09-19T10:16:51.551+0000] {virtualenv.py:178} INFO - Checking for running process with PID 2922
[2025-09-19T10:16:51.552+0000] {virtualenv.py:181} INFO - Process 2922 running: True and has the lock /opt/***/cosmos_venvs/ecom_intermediate/cosmos_virtualenv.lock.
[2025-09-19T10:16:51.553+0000] {virtualenv.py:122} INFO - Waiting for virtualenv lock to be released
[2025-09-19T10:16:52.554+0000] {virtualenv.py:178} INFO - Checking for running process with PID 2922
[2025-09-19T10:16:52.555+0000] {virtualenv.py:181} INFO - Process 2922 running: True and has the lock /opt/***/cosmos_venvs/ecom_intermediate/cosmos_virtualenv.lock.
[2025-09-19T10:16:52.556+0000] {virtualenv.py:122} INFO - Waiting for virtualenv lock to be released
[2025-09-19T10:16:53.557+0000] {virtualenv.py:178} INFO - Checking for running process with PID 2922
[2025-09-19T10:16:53.559+0000] {virtualenv.py:181} INFO - Process 2922 running: True and has the lock /opt/***/cosmos_venvs/ecom_intermediate/cosmos_virtualenv.lock.
[2025-09-19T10:16:53.560+0000] {virtualenv.py:122} INFO - Waiting for virtualenv lock to be released
[2025-09-19T10:16:54.561+0000] {virtualenv.py:178} INFO - Checking for running process with PID 2922
[2025-09-19T10:16:54.562+0000] {virtualenv.py:181} INFO - Process 2922 running: True and has the lock /opt/***/cosmos_venvs/ecom_intermediate/cosmos_virtualenv.lock.
[2025-09-19T10:16:54.562+0000] {virtualenv.py:122} INFO - Waiting for virtualenv lock to be released
[2025-09-19T10:16:55.563+0000] {virtualenv.py:178} INFO - Checking for running process with PID 2922
[2025-09-19T10:16:55.564+0000] {virtualenv.py:181} INFO - Process 2922 running: True and has the lock /opt/***/cosmos_venvs/ecom_intermediate/cosmos_virtualenv.lock.
[2025-09-19T10:16:55.565+0000] {virtualenv.py:122} INFO - Waiting for virtualenv lock to be released
[2025-09-19T10:16:56.566+0000] {virtualenv.py:178} INFO - Checking for running process with PID 2922
[2025-09-19T10:16:56.567+0000] {virtualenv.py:181} INFO - Process 2922 running: True and has the lock /opt/***/cosmos_venvs/ecom_intermediate/cosmos_virtualenv.lock.
[2025-09-19T10:16:56.568+0000] {virtualenv.py:122} INFO - Waiting for virtualenv lock to be released
[2025-09-19T10:16:57.570+0000] {virtualenv.py:178} INFO - Checking for running process with PID 2922
[2025-09-19T10:16:57.571+0000] {virtualenv.py:181} INFO - Process 2922 running: True and has the lock /opt/***/cosmos_venvs/ecom_intermediate/cosmos_virtualenv.lock.
[2025-09-19T10:16:57.571+0000] {virtualenv.py:122} INFO - Waiting for virtualenv lock to be released
[2025-09-19T10:16:58.573+0000] {virtualenv.py:178} INFO - Checking for running process with PID 2922
[2025-09-19T10:16:58.574+0000] {virtualenv.py:181} INFO - Process 2922 running: True and has the lock /opt/***/cosmos_venvs/ecom_intermediate/cosmos_virtualenv.lock.
[2025-09-19T10:16:58.575+0000] {virtualenv.py:122} INFO - Waiting for virtualenv lock to be released
[2025-09-19T10:16:59.576+0000] {virtualenv.py:178} INFO - Checking for running process with PID 2922
[2025-09-19T10:16:59.577+0000] {virtualenv.py:181} INFO - Process 2922 running: True and has the lock /opt/***/cosmos_venvs/ecom_intermediate/cosmos_virtualenv.lock.
[2025-09-19T10:16:59.578+0000] {virtualenv.py:122} INFO - Waiting for virtualenv lock to be released
[2025-09-19T10:17:00.580+0000] {virtualenv.py:178} INFO - Checking for running process with PID 2682
[2025-09-19T10:17:00.581+0000] {virtualenv.py:181} INFO - Process 2682 running: True and has the lock /opt/***/cosmos_venvs/ecom_intermediate/cosmos_virtualenv.lock.
[2025-09-19T10:17:00.581+0000] {virtualenv.py:126} INFO - Acquiring the virtualenv lock
[2025-09-19T10:17:00.582+0000] {virtualenv.py:195} INFO - Acquiring lock at /opt/***/cosmos_venvs/ecom_intermediate/cosmos_virtualenv.lock with pid 2683
[2025-09-19T10:17:00.583+0000] {virtualenv.py:153} INFO - Creating or updating the virtualenv at `/opt/***/cosmos_venvs/ecom_intermediate
[2025-09-19T10:17:00.583+0000] {process_utils.py:183} INFO - Executing cmd: /home/***/.local/bin/python -m virtualenv /opt/***/cosmos_venvs/ecom_intermediate --python=python3
[2025-09-19T10:17:00.585+0000] {process_utils.py:187} INFO - Output:
[2025-09-19T10:17:02.629+0000] {process_utils.py:191} INFO - RuntimeError: failed to build image pip because:
[2025-09-19T10:17:02.630+0000] {process_utils.py:191} INFO - Traceback (most recent call last):
[2025-09-19T10:17:02.632+0000] {process_utils.py:191} INFO -   File "/home/***/.local/lib/python3.10/site-packages/virtualenv/seed/embed/via_app_data/via_app_data.py", line 57, in _install
[2025-09-19T10:17:02.634+0000] {process_utils.py:191} INFO -     installer.install(creator.interpreter.version_info)
[2025-09-19T10:17:02.635+0000] {process_utils.py:191} INFO -   File "/home/***/.local/lib/python3.10/site-packages/virtualenv/seed/embed/via_app_data/pip_install/base.py", line 37, in install
[2025-09-19T10:17:02.637+0000] {process_utils.py:191} INFO -     self._sync(filename, into)
[2025-09-19T10:17:02.639+0000] {process_utils.py:191} INFO -   File "/home/***/.local/lib/python3.10/site-packages/virtualenv/seed/embed/via_app_data/pip_install/copy.py", line 13, in _sync
[2025-09-19T10:17:02.641+0000] {process_utils.py:191} INFO -     copy(src, dst)
[2025-09-19T10:17:02.642+0000] {process_utils.py:191} INFO -   File "/home/***/.local/lib/python3.10/site-packages/virtualenv/util/path/_sync.py", line 41, in copy
[2025-09-19T10:17:02.643+0000] {process_utils.py:191} INFO -     method(str(src), str(dest))
[2025-09-19T10:17:02.645+0000] {process_utils.py:191} INFO -   File "/home/***/.local/lib/python3.10/site-packages/virtualenv/util/path/_sync.py", line 52, in copytree
[2025-09-19T10:17:02.646+0000] {process_utils.py:191} INFO -     shutil.copy(src_f, dest_f)
[2025-09-19T10:17:02.647+0000] {process_utils.py:191} INFO -   File "/usr/local/lib/python3.10/shutil.py", line 418, in copy
[2025-09-19T10:17:02.648+0000] {process_utils.py:191} INFO -     copymode(src, dst, follow_symlinks=follow_symlinks)
[2025-09-19T10:17:02.650+0000] {process_utils.py:191} INFO -   File "/usr/local/lib/python3.10/shutil.py", line 307, in copymode
[2025-09-19T10:17:02.652+0000] {process_utils.py:191} INFO -     chmod_func(dst, stat.S_IMODE(st.st_mode))
[2025-09-19T10:17:02.653+0000] {process_utils.py:191} INFO - FileNotFoundError: [Errno 2] No such file or directory: '/opt/***/cosmos_venvs/ecom_intermediate/lib/python3.10/site-packages/pip/_internal/network/utils.py'
[2025-09-19T10:17:02.655+0000] {process_utils.py:191} INFO - 
[2025-09-19T10:17:02.776+0000] {virtualenv.py:131} INFO - Releasing virtualenv lock
[2025-09-19T10:17:02.777+0000] {taskinstance.py:441} INFO - ::group::Post task execution logs
[2025-09-19T10:17:02.782+0000] {taskinstance.py:2905} ERROR - Task failed with exception
Traceback (most recent call last):
  File "/home/airflow/.local/lib/python3.10/site-packages/airflow/models/taskinstance.py", line 465, in _execute_task
    result = _execute_callable(context=context, **execute_callable_kwargs)
  File "/home/airflow/.local/lib/python3.10/site-packages/airflow/models/taskinstance.py", line 432, in _execute_callable
    return execute_callable(context=context, **execute_callable_kwargs)
  File "/home/airflow/.local/lib/python3.10/site-packages/airflow/models/baseoperator.py", line 401, in wrapper
    return func(self, *args, **kwargs)
  File "/home/airflow/.local/lib/python3.10/site-packages/cosmos/operators/virtualenv.py", line 144, in execute
    output = super().execute(context)
  File "/home/airflow/.local/lib/python3.10/site-packages/cosmos/operators/base.py", line 310, in execute
    self.build_and_run_cmd(context=context, cmd_flags=self.add_cmd_flags())
  File "/home/airflow/.local/lib/python3.10/site-packages/cosmos/operators/local.py", line 853, in build_and_run_cmd
    result = self.run_command(
  File "/home/airflow/.local/lib/python3.10/site-packages/cosmos/operators/virtualenv.py", line 128, in run_command
    self._py_bin = self._prepare_virtualenv()
  File "/home/airflow/.local/lib/python3.10/site-packages/cosmos/operators/virtualenv.py", line 154, in _prepare_virtualenv
    py_bin = prepare_virtualenv(
  File "/home/airflow/.local/lib/python3.10/site-packages/airflow/utils/python_virtualenv.py", line 105, in prepare_virtualenv
    execute_in_subprocess(virtualenv_cmd)
  File "/home/airflow/.local/lib/python3.10/site-packages/airflow/utils/process_utils.py", line 172, in execute_in_subprocess
    execute_in_subprocess_with_kwargs(cmd, cwd=cwd)
  File "/home/airflow/.local/lib/python3.10/site-packages/airflow/utils/process_utils.py", line 195, in execute_in_subprocess_with_kwargs
    raise subprocess.CalledProcessError(exit_code, cmd)
subprocess.CalledProcessError: Command '['/home/airflow/.local/bin/python', '-m', 'virtualenv', '/opt/airflow/cosmos_venvs/ecom_intermediate', '--python=python3']' returned non-zero exit status 1.
[2025-09-19T10:17:02.870+0000] {taskinstance.py:1206} INFO - Marking task as FAILED. dag_id=dbt_intermediate, task_id=intermediate.payment_methods.run, run_id=manual__2025-09-19T10:14:55.158074+00:00, execution_date=20250919T101455, start_date=20250919T101459, end_date=20250919T101702
[2025-09-19T10:17:02.939+0000] {standard_task_runner.py:110} ERROR - Failed to execute job 565 for task intermediate.payment_methods.run (Command '['/home/airflow/.local/bin/python', '-m', 'virtualenv', '/opt/airflow/cosmos_venvs/ecom_intermediate', '--python=python3']' returned non-zero exit status 1.; 2683)
[2025-09-19T10:17:02.982+0000] {local_task_job_runner.py:243} INFO - Task exited with return code 1
[2025-09-19T10:17:03.097+0000] {taskinstance.py:3503} INFO - 0 downstream tasks scheduled from follow-on schedule check
[2025-09-19T10:17:03.104+0000] {local_task_job_runner.py:222} INFO - ::endgroup::
