[2025-09-13T09:28:42.789+0000] {local_task_job_runner.py:120} INFO - ::group::Pre task execution logs
[2025-09-13T09:28:43.142+0000] {taskinstance.py:2076} INFO - Dependencies all met for dep_context=non-requeueable deps ti=<TaskInstance: dbt_intermediate.intermediate.subcategories_enriched.run manual__2025-09-13T09:28:37.455030+00:00 [queued]>
[2025-09-13T09:28:43.166+0000] {taskinstance.py:2076} INFO - Dependencies all met for dep_context=requeueable deps ti=<TaskInstance: dbt_intermediate.intermediate.subcategories_enriched.run manual__2025-09-13T09:28:37.455030+00:00 [queued]>
[2025-09-13T09:28:43.167+0000] {taskinstance.py:2306} INFO - Starting attempt 1 of 1
[2025-09-13T09:28:43.235+0000] {taskinstance.py:2330} INFO - Executing <Task(DbtRunVirtualenvOperator): intermediate.subcategories_enriched.run> on 2025-09-13 09:28:37.455030+00:00
[2025-09-13T09:28:43.248+0000] {standard_task_runner.py:64} INFO - Started process 4146 to run task
[2025-09-13T09:28:43.259+0000] {standard_task_runner.py:90} INFO - Running: ['***', 'tasks', 'run', 'dbt_intermediate', 'intermediate.subcategories_enriched.run', 'manual__2025-09-13T09:28:37.455030+00:00', '--job-id', '143', '--raw', '--subdir', 'DAGS_FOLDER/dbt_intermediate.py', '--cfg-path', '/tmp/tmp71lpboh5']
[2025-09-13T09:28:43.277+0000] {standard_task_runner.py:91} INFO - Job 143: Subtask intermediate.subcategories_enriched.run
[2025-09-13T09:28:44.210+0000] {task_command.py:426} INFO - Running <TaskInstance: dbt_intermediate.intermediate.subcategories_enriched.run manual__2025-09-13T09:28:37.455030+00:00 [running]> on host e95bde6b8d07
[2025-09-13T09:28:45.430+0000] {taskinstance.py:2648} INFO - Exporting env vars: AIRFLOW_CTX_DAG_OWNER='***' AIRFLOW_CTX_DAG_ID='dbt_intermediate' AIRFLOW_CTX_TASK_ID='intermediate.subcategories_enriched.run' AIRFLOW_CTX_EXECUTION_DATE='2025-09-13T09:28:37.455030+00:00' AIRFLOW_CTX_TRY_NUMBER='1' AIRFLOW_CTX_DAG_RUN_ID='manual__2025-09-13T09:28:37.455030+00:00'
[2025-09-13T09:28:45.432+0000] {taskinstance.py:430} INFO - ::endgroup::
[2025-09-13T09:28:45.456+0000] {virtualenv.py:120} INFO - Checking if the virtualenv lock /tmp/cosmos_venv_ecom_intermediate/cosmos_virtualenv.lock exists
[2025-09-13T09:28:45.457+0000] {virtualenv.py:178} INFO - Checking for running process with PID 4135
[2025-09-13T09:28:45.458+0000] {virtualenv.py:181} INFO - Process 4135 running: True and has the lock /tmp/cosmos_venv_ecom_intermediate/cosmos_virtualenv.lock.
[2025-09-13T09:28:45.459+0000] {virtualenv.py:122} INFO - Waiting for virtualenv lock to be released
[2025-09-13T09:28:46.461+0000] {virtualenv.py:178} INFO - Checking for running process with PID 4135
[2025-09-13T09:28:46.464+0000] {virtualenv.py:181} INFO - Process 4135 running: True and has the lock /tmp/cosmos_venv_ecom_intermediate/cosmos_virtualenv.lock.
[2025-09-13T09:28:46.466+0000] {virtualenv.py:122} INFO - Waiting for virtualenv lock to be released
[2025-09-13T09:28:47.467+0000] {virtualenv.py:178} INFO - Checking for running process with PID 4135
[2025-09-13T09:28:47.468+0000] {virtualenv.py:181} INFO - Process 4135 running: True and has the lock /tmp/cosmos_venv_ecom_intermediate/cosmos_virtualenv.lock.
[2025-09-13T09:28:47.469+0000] {virtualenv.py:122} INFO - Waiting for virtualenv lock to be released
[2025-09-13T09:28:48.470+0000] {virtualenv.py:178} INFO - Checking for running process with PID 4135
[2025-09-13T09:28:48.471+0000] {virtualenv.py:181} INFO - Process 4135 running: True and has the lock /tmp/cosmos_venv_ecom_intermediate/cosmos_virtualenv.lock.
[2025-09-13T09:28:48.472+0000] {virtualenv.py:122} INFO - Waiting for virtualenv lock to be released
[2025-09-13T09:28:49.473+0000] {virtualenv.py:178} INFO - Checking for running process with PID 4135
[2025-09-13T09:28:49.474+0000] {virtualenv.py:181} INFO - Process 4135 running: True and has the lock /tmp/cosmos_venv_ecom_intermediate/cosmos_virtualenv.lock.
[2025-09-13T09:28:49.474+0000] {virtualenv.py:122} INFO - Waiting for virtualenv lock to be released
[2025-09-13T09:28:50.475+0000] {virtualenv.py:178} INFO - Checking for running process with PID 4135
[2025-09-13T09:28:50.477+0000] {virtualenv.py:181} INFO - Process 4135 running: True and has the lock /tmp/cosmos_venv_ecom_intermediate/cosmos_virtualenv.lock.
[2025-09-13T09:28:50.479+0000] {virtualenv.py:122} INFO - Waiting for virtualenv lock to be released
[2025-09-13T09:28:51.481+0000] {virtualenv.py:178} INFO - Checking for running process with PID 4135
[2025-09-13T09:28:51.482+0000] {virtualenv.py:181} INFO - Process 4135 running: True and has the lock /tmp/cosmos_venv_ecom_intermediate/cosmos_virtualenv.lock.
[2025-09-13T09:28:51.483+0000] {virtualenv.py:122} INFO - Waiting for virtualenv lock to be released
[2025-09-13T09:28:52.485+0000] {virtualenv.py:178} INFO - Checking for running process with PID 4135
[2025-09-13T09:28:52.485+0000] {virtualenv.py:181} INFO - Process 4135 running: True and has the lock /tmp/cosmos_venv_ecom_intermediate/cosmos_virtualenv.lock.
[2025-09-13T09:28:52.486+0000] {virtualenv.py:122} INFO - Waiting for virtualenv lock to be released
[2025-09-13T09:28:53.488+0000] {virtualenv.py:178} INFO - Checking for running process with PID 4135
[2025-09-13T09:28:53.488+0000] {virtualenv.py:181} INFO - Process 4135 running: True and has the lock /tmp/cosmos_venv_ecom_intermediate/cosmos_virtualenv.lock.
[2025-09-13T09:28:53.489+0000] {virtualenv.py:122} INFO - Waiting for virtualenv lock to be released
[2025-09-13T09:28:54.490+0000] {virtualenv.py:178} INFO - Checking for running process with PID 4135
[2025-09-13T09:28:54.492+0000] {virtualenv.py:181} INFO - Process 4135 running: True and has the lock /tmp/cosmos_venv_ecom_intermediate/cosmos_virtualenv.lock.
[2025-09-13T09:28:54.492+0000] {virtualenv.py:122} INFO - Waiting for virtualenv lock to be released
[2025-09-13T09:28:55.493+0000] {virtualenv.py:178} INFO - Checking for running process with PID 4135
[2025-09-13T09:28:55.494+0000] {virtualenv.py:181} INFO - Process 4135 running: True and has the lock /tmp/cosmos_venv_ecom_intermediate/cosmos_virtualenv.lock.
[2025-09-13T09:28:55.495+0000] {virtualenv.py:122} INFO - Waiting for virtualenv lock to be released
[2025-09-13T09:28:56.496+0000] {virtualenv.py:178} INFO - Checking for running process with PID 4135
[2025-09-13T09:28:56.496+0000] {virtualenv.py:181} INFO - Process 4135 running: True and has the lock /tmp/cosmos_venv_ecom_intermediate/cosmos_virtualenv.lock.
[2025-09-13T09:28:56.497+0000] {virtualenv.py:122} INFO - Waiting for virtualenv lock to be released
[2025-09-13T09:28:57.498+0000] {virtualenv.py:178} INFO - Checking for running process with PID 4135
[2025-09-13T09:28:57.499+0000] {virtualenv.py:181} INFO - Process 4135 running: True and has the lock /tmp/cosmos_venv_ecom_intermediate/cosmos_virtualenv.lock.
[2025-09-13T09:28:57.500+0000] {virtualenv.py:122} INFO - Waiting for virtualenv lock to be released
[2025-09-13T09:28:58.502+0000] {virtualenv.py:178} INFO - Checking for running process with PID 4135
[2025-09-13T09:28:58.502+0000] {virtualenv.py:181} INFO - Process 4135 running: True and has the lock /tmp/cosmos_venv_ecom_intermediate/cosmos_virtualenv.lock.
[2025-09-13T09:28:58.503+0000] {virtualenv.py:122} INFO - Waiting for virtualenv lock to be released
[2025-09-13T09:28:59.504+0000] {virtualenv.py:178} INFO - Checking for running process with PID 4135
[2025-09-13T09:28:59.504+0000] {virtualenv.py:181} INFO - Process 4135 running: True and has the lock /tmp/cosmos_venv_ecom_intermediate/cosmos_virtualenv.lock.
[2025-09-13T09:28:59.505+0000] {virtualenv.py:122} INFO - Waiting for virtualenv lock to be released
[2025-09-13T09:29:00.507+0000] {virtualenv.py:178} INFO - Checking for running process with PID 4135
[2025-09-13T09:29:00.508+0000] {virtualenv.py:181} INFO - Process 4135 running: True and has the lock /tmp/cosmos_venv_ecom_intermediate/cosmos_virtualenv.lock.
[2025-09-13T09:29:00.508+0000] {virtualenv.py:122} INFO - Waiting for virtualenv lock to be released
[2025-09-13T09:29:01.510+0000] {virtualenv.py:178} INFO - Checking for running process with PID 4135
[2025-09-13T09:29:01.510+0000] {virtualenv.py:181} INFO - Process 4135 running: True and has the lock /tmp/cosmos_venv_ecom_intermediate/cosmos_virtualenv.lock.
[2025-09-13T09:29:01.511+0000] {virtualenv.py:122} INFO - Waiting for virtualenv lock to be released
[2025-09-13T09:29:02.513+0000] {virtualenv.py:178} INFO - Checking for running process with PID 4135
[2025-09-13T09:29:02.515+0000] {virtualenv.py:181} INFO - Process 4135 running: True and has the lock /tmp/cosmos_venv_ecom_intermediate/cosmos_virtualenv.lock.
[2025-09-13T09:29:02.516+0000] {virtualenv.py:122} INFO - Waiting for virtualenv lock to be released
[2025-09-13T09:29:03.518+0000] {virtualenv.py:178} INFO - Checking for running process with PID 4135
[2025-09-13T09:29:03.518+0000] {virtualenv.py:181} INFO - Process 4135 running: True and has the lock /tmp/cosmos_venv_ecom_intermediate/cosmos_virtualenv.lock.
[2025-09-13T09:29:03.519+0000] {virtualenv.py:122} INFO - Waiting for virtualenv lock to be released
[2025-09-13T09:29:04.520+0000] {virtualenv.py:178} INFO - Checking for running process with PID 4135
[2025-09-13T09:29:04.521+0000] {virtualenv.py:181} INFO - Process 4135 running: True and has the lock /tmp/cosmos_venv_ecom_intermediate/cosmos_virtualenv.lock.
[2025-09-13T09:29:04.522+0000] {virtualenv.py:122} INFO - Waiting for virtualenv lock to be released
[2025-09-13T09:29:05.523+0000] {virtualenv.py:178} INFO - Checking for running process with PID 4135
[2025-09-13T09:29:05.524+0000] {virtualenv.py:181} INFO - Process 4135 running: True and has the lock /tmp/cosmos_venv_ecom_intermediate/cosmos_virtualenv.lock.
[2025-09-13T09:29:05.524+0000] {virtualenv.py:122} INFO - Waiting for virtualenv lock to be released
[2025-09-13T09:29:06.525+0000] {virtualenv.py:178} INFO - Checking for running process with PID 4135
[2025-09-13T09:29:06.526+0000] {virtualenv.py:181} INFO - Process 4135 running: True and has the lock /tmp/cosmos_venv_ecom_intermediate/cosmos_virtualenv.lock.
[2025-09-13T09:29:06.526+0000] {virtualenv.py:122} INFO - Waiting for virtualenv lock to be released
[2025-09-13T09:29:07.528+0000] {virtualenv.py:178} INFO - Checking for running process with PID 4135
[2025-09-13T09:29:07.529+0000] {virtualenv.py:181} INFO - Process 4135 running: True and has the lock /tmp/cosmos_venv_ecom_intermediate/cosmos_virtualenv.lock.
[2025-09-13T09:29:07.529+0000] {virtualenv.py:122} INFO - Waiting for virtualenv lock to be released
[2025-09-13T09:29:08.531+0000] {virtualenv.py:178} INFO - Checking for running process with PID 4135
[2025-09-13T09:29:08.531+0000] {virtualenv.py:181} INFO - Process 4135 running: True and has the lock /tmp/cosmos_venv_ecom_intermediate/cosmos_virtualenv.lock.
[2025-09-13T09:29:08.532+0000] {virtualenv.py:122} INFO - Waiting for virtualenv lock to be released
[2025-09-13T09:29:09.533+0000] {virtualenv.py:178} INFO - Checking for running process with PID 4135
[2025-09-13T09:29:09.534+0000] {virtualenv.py:181} INFO - Process 4135 running: True and has the lock /tmp/cosmos_venv_ecom_intermediate/cosmos_virtualenv.lock.
[2025-09-13T09:29:09.535+0000] {virtualenv.py:122} INFO - Waiting for virtualenv lock to be released
[2025-09-13T09:29:10.537+0000] {virtualenv.py:178} INFO - Checking for running process with PID 4135
[2025-09-13T09:29:10.537+0000] {virtualenv.py:181} INFO - Process 4135 running: True and has the lock /tmp/cosmos_venv_ecom_intermediate/cosmos_virtualenv.lock.
[2025-09-13T09:29:10.538+0000] {virtualenv.py:122} INFO - Waiting for virtualenv lock to be released
[2025-09-13T09:29:11.539+0000] {virtualenv.py:178} INFO - Checking for running process with PID 4135
[2025-09-13T09:29:11.540+0000] {virtualenv.py:181} INFO - Process 4135 running: True and has the lock /tmp/cosmos_venv_ecom_intermediate/cosmos_virtualenv.lock.
[2025-09-13T09:29:11.541+0000] {virtualenv.py:122} INFO - Waiting for virtualenv lock to be released
[2025-09-13T09:29:12.542+0000] {virtualenv.py:178} INFO - Checking for running process with PID 4135
[2025-09-13T09:29:12.543+0000] {virtualenv.py:181} INFO - Process 4135 running: True and has the lock /tmp/cosmos_venv_ecom_intermediate/cosmos_virtualenv.lock.
[2025-09-13T09:29:12.543+0000] {virtualenv.py:122} INFO - Waiting for virtualenv lock to be released
[2025-09-13T09:29:13.545+0000] {virtualenv.py:178} INFO - Checking for running process with PID 4135
[2025-09-13T09:29:13.546+0000] {virtualenv.py:181} INFO - Process 4135 running: True and has the lock /tmp/cosmos_venv_ecom_intermediate/cosmos_virtualenv.lock.
[2025-09-13T09:29:13.546+0000] {virtualenv.py:122} INFO - Waiting for virtualenv lock to be released
[2025-09-13T09:29:14.548+0000] {virtualenv.py:178} INFO - Checking for running process with PID 4135
[2025-09-13T09:29:14.549+0000] {virtualenv.py:181} INFO - Process 4135 running: True and has the lock /tmp/cosmos_venv_ecom_intermediate/cosmos_virtualenv.lock.
[2025-09-13T09:29:14.550+0000] {virtualenv.py:122} INFO - Waiting for virtualenv lock to be released
[2025-09-13T09:29:15.552+0000] {virtualenv.py:178} INFO - Checking for running process with PID 4135
[2025-09-13T09:29:15.553+0000] {virtualenv.py:181} INFO - Process 4135 running: True and has the lock /tmp/cosmos_venv_ecom_intermediate/cosmos_virtualenv.lock.
[2025-09-13T09:29:15.553+0000] {virtualenv.py:122} INFO - Waiting for virtualenv lock to be released
[2025-09-13T09:29:16.555+0000] {virtualenv.py:178} INFO - Checking for running process with PID 4135
[2025-09-13T09:29:16.555+0000] {virtualenv.py:181} INFO - Process 4135 running: True and has the lock /tmp/cosmos_venv_ecom_intermediate/cosmos_virtualenv.lock.
[2025-09-13T09:29:16.556+0000] {virtualenv.py:122} INFO - Waiting for virtualenv lock to be released
[2025-09-13T09:29:17.558+0000] {virtualenv.py:178} INFO - Checking for running process with PID 4135
[2025-09-13T09:29:17.558+0000] {virtualenv.py:181} INFO - Process 4135 running: True and has the lock /tmp/cosmos_venv_ecom_intermediate/cosmos_virtualenv.lock.
[2025-09-13T09:29:17.559+0000] {virtualenv.py:122} INFO - Waiting for virtualenv lock to be released
[2025-09-13T09:29:18.561+0000] {virtualenv.py:178} INFO - Checking for running process with PID 4138
[2025-09-13T09:29:18.562+0000] {virtualenv.py:181} INFO - Process 4138 running: True and has the lock /tmp/cosmos_venv_ecom_intermediate/cosmos_virtualenv.lock.
[2025-09-13T09:29:18.563+0000] {virtualenv.py:122} INFO - Waiting for virtualenv lock to be released
[2025-09-13T09:29:19.565+0000] {virtualenv.py:178} INFO - Checking for running process with PID 4138
[2025-09-13T09:29:19.565+0000] {virtualenv.py:181} INFO - Process 4138 running: True and has the lock /tmp/cosmos_venv_ecom_intermediate/cosmos_virtualenv.lock.
[2025-09-13T09:29:19.566+0000] {virtualenv.py:122} INFO - Waiting for virtualenv lock to be released
[2025-09-13T09:29:20.567+0000] {virtualenv.py:178} INFO - Checking for running process with PID 4138
[2025-09-13T09:29:20.568+0000] {virtualenv.py:181} INFO - Process 4138 running: True and has the lock /tmp/cosmos_venv_ecom_intermediate/cosmos_virtualenv.lock.
[2025-09-13T09:29:20.570+0000] {virtualenv.py:122} INFO - Waiting for virtualenv lock to be released
[2025-09-13T09:29:21.571+0000] {virtualenv.py:178} INFO - Checking for running process with PID 4138
[2025-09-13T09:29:21.572+0000] {virtualenv.py:181} INFO - Process 4138 running: True and has the lock /tmp/cosmos_venv_ecom_intermediate/cosmos_virtualenv.lock.
[2025-09-13T09:29:21.572+0000] {virtualenv.py:122} INFO - Waiting for virtualenv lock to be released
[2025-09-13T09:29:22.573+0000] {virtualenv.py:178} INFO - Checking for running process with PID 4138
[2025-09-13T09:29:22.574+0000] {virtualenv.py:181} INFO - Process 4138 running: True and has the lock /tmp/cosmos_venv_ecom_intermediate/cosmos_virtualenv.lock.
[2025-09-13T09:29:22.578+0000] {virtualenv.py:122} INFO - Waiting for virtualenv lock to be released
[2025-09-13T09:29:23.580+0000] {virtualenv.py:178} INFO - Checking for running process with PID 4138
[2025-09-13T09:29:23.580+0000] {virtualenv.py:181} INFO - Process 4138 running: True and has the lock /tmp/cosmos_venv_ecom_intermediate/cosmos_virtualenv.lock.
[2025-09-13T09:29:23.581+0000] {virtualenv.py:122} INFO - Waiting for virtualenv lock to be released
[2025-09-13T09:29:24.583+0000] {virtualenv.py:178} INFO - Checking for running process with PID 4138
[2025-09-13T09:29:24.584+0000] {virtualenv.py:181} INFO - Process 4138 running: True and has the lock /tmp/cosmos_venv_ecom_intermediate/cosmos_virtualenv.lock.
[2025-09-13T09:29:24.585+0000] {virtualenv.py:122} INFO - Waiting for virtualenv lock to be released
[2025-09-13T09:29:25.586+0000] {virtualenv.py:178} INFO - Checking for running process with PID 4138
[2025-09-13T09:29:25.587+0000] {virtualenv.py:181} INFO - Process 4138 running: True and has the lock /tmp/cosmos_venv_ecom_intermediate/cosmos_virtualenv.lock.
[2025-09-13T09:29:25.588+0000] {virtualenv.py:122} INFO - Waiting for virtualenv lock to be released
[2025-09-13T09:29:26.589+0000] {virtualenv.py:178} INFO - Checking for running process with PID 4138
[2025-09-13T09:29:26.590+0000] {virtualenv.py:181} INFO - Process 4138 running: True and has the lock /tmp/cosmos_venv_ecom_intermediate/cosmos_virtualenv.lock.
[2025-09-13T09:29:26.590+0000] {virtualenv.py:122} INFO - Waiting for virtualenv lock to be released
[2025-09-13T09:29:27.592+0000] {virtualenv.py:178} INFO - Checking for running process with PID 4138
[2025-09-13T09:29:27.593+0000] {virtualenv.py:181} INFO - Process 4138 running: True and has the lock /tmp/cosmos_venv_ecom_intermediate/cosmos_virtualenv.lock.
[2025-09-13T09:29:27.593+0000] {virtualenv.py:122} INFO - Waiting for virtualenv lock to be released
[2025-09-13T09:29:28.595+0000] {virtualenv.py:178} INFO - Checking for running process with PID 4138
[2025-09-13T09:29:28.595+0000] {virtualenv.py:181} INFO - Process 4138 running: True and has the lock /tmp/cosmos_venv_ecom_intermediate/cosmos_virtualenv.lock.
[2025-09-13T09:29:28.596+0000] {virtualenv.py:122} INFO - Waiting for virtualenv lock to be released
[2025-09-13T09:29:29.598+0000] {virtualenv.py:178} INFO - Checking for running process with PID 4138
[2025-09-13T09:29:29.598+0000] {virtualenv.py:181} INFO - Process 4138 running: True and has the lock /tmp/cosmos_venv_ecom_intermediate/cosmos_virtualenv.lock.
[2025-09-13T09:29:29.599+0000] {virtualenv.py:122} INFO - Waiting for virtualenv lock to be released
[2025-09-13T09:29:30.601+0000] {virtualenv.py:178} INFO - Checking for running process with PID 4138
[2025-09-13T09:29:30.601+0000] {virtualenv.py:181} INFO - Process 4138 running: True and has the lock /tmp/cosmos_venv_ecom_intermediate/cosmos_virtualenv.lock.
[2025-09-13T09:29:30.602+0000] {virtualenv.py:122} INFO - Waiting for virtualenv lock to be released
[2025-09-13T09:29:31.603+0000] {virtualenv.py:178} INFO - Checking for running process with PID 4138
[2025-09-13T09:29:31.604+0000] {virtualenv.py:181} INFO - Process 4138 running: True and has the lock /tmp/cosmos_venv_ecom_intermediate/cosmos_virtualenv.lock.
[2025-09-13T09:29:31.605+0000] {virtualenv.py:122} INFO - Waiting for virtualenv lock to be released
[2025-09-13T09:29:32.606+0000] {virtualenv.py:178} INFO - Checking for running process with PID 4138
[2025-09-13T09:29:32.606+0000] {virtualenv.py:181} INFO - Process 4138 running: True and has the lock /tmp/cosmos_venv_ecom_intermediate/cosmos_virtualenv.lock.
[2025-09-13T09:29:32.607+0000] {virtualenv.py:122} INFO - Waiting for virtualenv lock to be released
[2025-09-13T09:29:33.608+0000] {virtualenv.py:178} INFO - Checking for running process with PID 4138
[2025-09-13T09:29:33.609+0000] {virtualenv.py:181} INFO - Process 4138 running: True and has the lock /tmp/cosmos_venv_ecom_intermediate/cosmos_virtualenv.lock.
[2025-09-13T09:29:33.610+0000] {virtualenv.py:122} INFO - Waiting for virtualenv lock to be released
[2025-09-13T09:29:34.611+0000] {virtualenv.py:178} INFO - Checking for running process with PID 4138
[2025-09-13T09:29:34.615+0000] {virtualenv.py:181} INFO - Process 4138 running: True and has the lock /tmp/cosmos_venv_ecom_intermediate/cosmos_virtualenv.lock.
[2025-09-13T09:29:34.616+0000] {virtualenv.py:122} INFO - Waiting for virtualenv lock to be released
[2025-09-13T09:29:35.618+0000] {virtualenv.py:178} INFO - Checking for running process with PID 4149
[2025-09-13T09:29:35.619+0000] {virtualenv.py:181} INFO - Process 4149 running: True and has the lock /tmp/cosmos_venv_ecom_intermediate/cosmos_virtualenv.lock.
[2025-09-13T09:29:35.620+0000] {virtualenv.py:122} INFO - Waiting for virtualenv lock to be released
[2025-09-13T09:29:36.622+0000] {virtualenv.py:178} INFO - Checking for running process with PID 4149
[2025-09-13T09:29:36.624+0000] {virtualenv.py:181} INFO - Process 4149 running: True and has the lock /tmp/cosmos_venv_ecom_intermediate/cosmos_virtualenv.lock.
[2025-09-13T09:29:36.627+0000] {virtualenv.py:122} INFO - Waiting for virtualenv lock to be released
[2025-09-13T09:29:37.628+0000] {virtualenv.py:178} INFO - Checking for running process with PID 4149
[2025-09-13T09:29:37.629+0000] {virtualenv.py:181} INFO - Process 4149 running: True and has the lock /tmp/cosmos_venv_ecom_intermediate/cosmos_virtualenv.lock.
[2025-09-13T09:29:37.629+0000] {virtualenv.py:122} INFO - Waiting for virtualenv lock to be released
[2025-09-13T09:29:38.631+0000] {virtualenv.py:178} INFO - Checking for running process with PID 4149
[2025-09-13T09:29:38.632+0000] {virtualenv.py:181} INFO - Process 4149 running: True and has the lock /tmp/cosmos_venv_ecom_intermediate/cosmos_virtualenv.lock.
[2025-09-13T09:29:38.633+0000] {virtualenv.py:122} INFO - Waiting for virtualenv lock to be released
[2025-09-13T09:29:39.635+0000] {virtualenv.py:178} INFO - Checking for running process with PID 4149
[2025-09-13T09:29:39.636+0000] {virtualenv.py:181} INFO - Process 4149 running: True and has the lock /tmp/cosmos_venv_ecom_intermediate/cosmos_virtualenv.lock.
[2025-09-13T09:29:39.636+0000] {virtualenv.py:122} INFO - Waiting for virtualenv lock to be released
[2025-09-13T09:29:40.638+0000] {virtualenv.py:178} INFO - Checking for running process with PID 4149
[2025-09-13T09:29:40.638+0000] {virtualenv.py:181} INFO - Process 4149 running: True and has the lock /tmp/cosmos_venv_ecom_intermediate/cosmos_virtualenv.lock.
[2025-09-13T09:29:40.639+0000] {virtualenv.py:122} INFO - Waiting for virtualenv lock to be released
[2025-09-13T09:29:41.640+0000] {virtualenv.py:178} INFO - Checking for running process with PID 4149
[2025-09-13T09:29:41.641+0000] {virtualenv.py:181} INFO - Process 4149 running: True and has the lock /tmp/cosmos_venv_ecom_intermediate/cosmos_virtualenv.lock.
[2025-09-13T09:29:41.641+0000] {virtualenv.py:122} INFO - Waiting for virtualenv lock to be released
[2025-09-13T09:29:42.643+0000] {virtualenv.py:178} INFO - Checking for running process with PID 4149
[2025-09-13T09:29:42.644+0000] {virtualenv.py:181} INFO - Process 4149 running: True and has the lock /tmp/cosmos_venv_ecom_intermediate/cosmos_virtualenv.lock.
[2025-09-13T09:29:42.645+0000] {virtualenv.py:122} INFO - Waiting for virtualenv lock to be released
[2025-09-13T09:29:43.647+0000] {virtualenv.py:178} INFO - Checking for running process with PID 4149
[2025-09-13T09:29:43.647+0000] {virtualenv.py:181} INFO - Process 4149 running: True and has the lock /tmp/cosmos_venv_ecom_intermediate/cosmos_virtualenv.lock.
[2025-09-13T09:29:43.648+0000] {virtualenv.py:122} INFO - Waiting for virtualenv lock to be released
[2025-09-13T09:29:44.650+0000] {virtualenv.py:178} INFO - Checking for running process with PID 4149
[2025-09-13T09:29:44.650+0000] {virtualenv.py:181} INFO - Process 4149 running: True and has the lock /tmp/cosmos_venv_ecom_intermediate/cosmos_virtualenv.lock.
[2025-09-13T09:29:44.651+0000] {virtualenv.py:122} INFO - Waiting for virtualenv lock to be released
[2025-09-13T09:29:45.652+0000] {virtualenv.py:178} INFO - Checking for running process with PID 4149
[2025-09-13T09:29:45.654+0000] {virtualenv.py:181} INFO - Process 4149 running: True and has the lock /tmp/cosmos_venv_ecom_intermediate/cosmos_virtualenv.lock.
[2025-09-13T09:29:45.654+0000] {virtualenv.py:122} INFO - Waiting for virtualenv lock to be released
[2025-09-13T09:29:46.655+0000] {virtualenv.py:178} INFO - Checking for running process with PID 4149
[2025-09-13T09:29:46.656+0000] {virtualenv.py:181} INFO - Process 4149 running: True and has the lock /tmp/cosmos_venv_ecom_intermediate/cosmos_virtualenv.lock.
[2025-09-13T09:29:46.656+0000] {virtualenv.py:122} INFO - Waiting for virtualenv lock to be released
[2025-09-13T09:29:47.658+0000] {virtualenv.py:178} INFO - Checking for running process with PID 4149
[2025-09-13T09:29:47.659+0000] {virtualenv.py:181} INFO - Process 4149 running: True and has the lock /tmp/cosmos_venv_ecom_intermediate/cosmos_virtualenv.lock.
[2025-09-13T09:29:47.660+0000] {virtualenv.py:122} INFO - Waiting for virtualenv lock to be released
[2025-09-13T09:29:48.661+0000] {virtualenv.py:178} INFO - Checking for running process with PID 4149
[2025-09-13T09:29:48.662+0000] {virtualenv.py:181} INFO - Process 4149 running: True and has the lock /tmp/cosmos_venv_ecom_intermediate/cosmos_virtualenv.lock.
[2025-09-13T09:29:48.662+0000] {virtualenv.py:122} INFO - Waiting for virtualenv lock to be released
[2025-09-13T09:29:49.664+0000] {virtualenv.py:126} INFO - Acquiring the virtualenv lock
[2025-09-13T09:29:49.666+0000] {virtualenv.py:195} INFO - Acquiring lock at /tmp/cosmos_venv_ecom_intermediate/cosmos_virtualenv.lock with pid 4146
[2025-09-13T09:29:49.667+0000] {virtualenv.py:153} INFO - Creating or updating the virtualenv at `/tmp/cosmos_venv_ecom_intermediate
[2025-09-13T09:29:49.668+0000] {process_utils.py:183} INFO - Executing cmd: /home/***/.local/bin/python -m virtualenv /tmp/cosmos_venv_ecom_intermediate --python=python3
[2025-09-13T09:29:49.669+0000] {process_utils.py:187} INFO - Output:
[2025-09-13T09:29:51.835+0000] {process_utils.py:191} INFO - created virtual environment CPython3.10.14.final.0-64 in 924ms
[2025-09-13T09:29:51.836+0000] {process_utils.py:191} INFO -   creator CPython3Posix(dest=/tmp/cosmos_venv_ecom_intermediate, clear=False, no_vcs_ignore=False, global=False)
[2025-09-13T09:29:51.837+0000] {process_utils.py:191} INFO -   seeder FromAppData(download=False, pip=bundle, setuptools=bundle, wheel=bundle, via=copy, app_data_dir=/home/***/.local/share/virtualenv)
[2025-09-13T09:29:51.838+0000] {process_utils.py:191} INFO -     added seed packages: MarkupSafe==3.0.2, PyYAML==6.0.2, agate==1.9.1, annotated_types==0.7.0, attrs==25.3.0, babel==2.17.0, certifi==2025.8.3, charset_normalizer==3.4.3, click==8.2.1, clickhouse_connect==0.8.18, clickhouse_driver==0.2.9, colorama==0.4.6, daff==1.4.2, dbt_adapters==1.16.7, dbt_clickhouse==1.9.3, dbt_common==1.30.0, dbt_core==1.10.11, dbt_extractor==0.6.0, dbt_protos==1.0.375, dbt_semantic_interfaces==0.9.0, deepdiff==8.6.1, idna==3.10, importlib_metadata==8.7.0, isodate==0.6.1, jinja2==3.1.6, jsonschema==4.25.1, jsonschema_specifications==2025.9.1, leather==0.4.0, lz4==4.4.4, mashumaro==3.14, more_itertools==10.8.0, msgpack==1.1.1, networkx==3.4.2, orderly_set==5.5.0, packaging==25.0, parsedatetime==2.6, pathspec==0.12.1, pip==25.2, protobuf==6.32.1, pydantic==2.11.8, pydantic_core==2.33.2, python_dateutil==2.9.0.post0, python_slugify==8.0.4, pytimeparse==1.1.8, pytz==2025.2, referencing==0.36.2, requests==2.32.5, rpds_py==0.27.1, setuptools==80.9.0, six==1.17.0, snowplow_tracker==1.1.0, sqlparse==0.5.3, text_unidecode==1.3, typing_extensions==4.15.0, typing_inspection==0.4.1, tzlocal==5.3.1, urllib3==2.5.0, wheel==0.45.1, zipp==3.23.0, zstandard==0.24.0
[2025-09-13T09:29:51.839+0000] {process_utils.py:191} INFO -   activators BashActivator,CShellActivator,FishActivator,NushellActivator,PowerShellActivator,PythonActivator
[2025-09-13T09:29:51.913+0000] {process_utils.py:183} INFO - Executing cmd: /tmp/cosmos_venv_ecom_intermediate/bin/pip install dbt-clickhouse
[2025-09-13T09:29:51.914+0000] {process_utils.py:187} INFO - Output:
[2025-09-13T09:29:53.259+0000] {process_utils.py:191} INFO - Requirement already satisfied: dbt-clickhouse in /tmp/cosmos_venv_ecom_intermediate/lib/python3.10/site-packages (1.9.3)
[2025-09-13T09:29:53.262+0000] {process_utils.py:191} INFO - Requirement already satisfied: dbt-core>=1.9 in /tmp/cosmos_venv_ecom_intermediate/lib/python3.10/site-packages (from dbt-clickhouse) (1.10.11)
[2025-09-13T09:29:53.264+0000] {process_utils.py:191} INFO - Requirement already satisfied: clickhouse-connect>=0.6.22 in /tmp/cosmos_venv_ecom_intermediate/lib/python3.10/site-packages (from dbt-clickhouse) (0.8.18)
[2025-09-13T09:29:53.265+0000] {process_utils.py:191} INFO - Requirement already satisfied: clickhouse-driver>=0.2.6 in /tmp/cosmos_venv_ecom_intermediate/lib/python3.10/site-packages (from dbt-clickhouse) (0.2.9)
[2025-09-13T09:29:53.265+0000] {process_utils.py:191} INFO - Requirement already satisfied: setuptools>=0.69 in /tmp/cosmos_venv_ecom_intermediate/lib/python3.10/site-packages (from dbt-clickhouse) (80.9.0)
[2025-09-13T09:29:53.269+0000] {process_utils.py:191} INFO - Requirement already satisfied: certifi in /tmp/cosmos_venv_ecom_intermediate/lib/python3.10/site-packages (from clickhouse-connect>=0.6.22->dbt-clickhouse) (2025.8.3)
[2025-09-13T09:29:53.270+0000] {process_utils.py:191} INFO - Requirement already satisfied: urllib3>=1.26 in /tmp/cosmos_venv_ecom_intermediate/lib/python3.10/site-packages (from clickhouse-connect>=0.6.22->dbt-clickhouse) (2.5.0)
[2025-09-13T09:29:53.271+0000] {process_utils.py:191} INFO - Requirement already satisfied: pytz in /tmp/cosmos_venv_ecom_intermediate/lib/python3.10/site-packages (from clickhouse-connect>=0.6.22->dbt-clickhouse) (2025.2)
[2025-09-13T09:29:53.271+0000] {process_utils.py:191} INFO - Requirement already satisfied: zstandard in /tmp/cosmos_venv_ecom_intermediate/lib/python3.10/site-packages (from clickhouse-connect>=0.6.22->dbt-clickhouse) (0.24.0)
[2025-09-13T09:29:53.272+0000] {process_utils.py:191} INFO - Requirement already satisfied: lz4 in /tmp/cosmos_venv_ecom_intermediate/lib/python3.10/site-packages (from clickhouse-connect>=0.6.22->dbt-clickhouse) (4.4.4)
[2025-09-13T09:29:53.274+0000] {process_utils.py:191} INFO - Requirement already satisfied: tzlocal in /tmp/cosmos_venv_ecom_intermediate/lib/python3.10/site-packages (from clickhouse-driver>=0.2.6->dbt-clickhouse) (5.3.1)
[2025-09-13T09:29:53.279+0000] {process_utils.py:191} INFO - Requirement already satisfied: agate<1.10,>=1.7.0 in /tmp/cosmos_venv_ecom_intermediate/lib/python3.10/site-packages (from dbt-core>=1.9->dbt-clickhouse) (1.9.1)
[2025-09-13T09:29:53.279+0000] {process_utils.py:191} INFO - Requirement already satisfied: Jinja2<4,>=3.1.3 in /tmp/cosmos_venv_ecom_intermediate/lib/python3.10/site-packages (from dbt-core>=1.9->dbt-clickhouse) (3.1.6)
[2025-09-13T09:29:53.281+0000] {process_utils.py:191} INFO - Requirement already satisfied: mashumaro<3.15,>=3.9 in /tmp/cosmos_venv_ecom_intermediate/lib/python3.10/site-packages (from mashumaro[msgpack]<3.15,>=3.9->dbt-core>=1.9->dbt-clickhouse) (3.14)
[2025-09-13T09:29:53.282+0000] {process_utils.py:191} INFO - Requirement already satisfied: click<9.0,>=8.0.2 in /tmp/cosmos_venv_ecom_intermediate/lib/python3.10/site-packages (from dbt-core>=1.9->dbt-clickhouse) (8.2.1)
[2025-09-13T09:29:53.283+0000] {process_utils.py:191} INFO - Requirement already satisfied: jsonschema<5.0,>=4.19.1 in /tmp/cosmos_venv_ecom_intermediate/lib/python3.10/site-packages (from dbt-core>=1.9->dbt-clickhouse) (4.25.1)
[2025-09-13T09:29:53.285+0000] {process_utils.py:191} INFO - Requirement already satisfied: networkx<4.0,>=2.3 in /tmp/cosmos_venv_ecom_intermediate/lib/python3.10/site-packages (from dbt-core>=1.9->dbt-clickhouse) (3.4.2)
[2025-09-13T09:29:53.286+0000] {process_utils.py:191} INFO - Requirement already satisfied: protobuf<7.0,>=6.0 in /tmp/cosmos_venv_ecom_intermediate/lib/python3.10/site-packages (from dbt-core>=1.9->dbt-clickhouse) (6.32.1)
[2025-09-13T09:29:53.286+0000] {process_utils.py:191} INFO - Requirement already satisfied: requests<3.0.0 in /tmp/cosmos_venv_ecom_intermediate/lib/python3.10/site-packages (from dbt-core>=1.9->dbt-clickhouse) (2.32.5)
[2025-09-13T09:29:53.288+0000] {process_utils.py:191} INFO - Requirement already satisfied: snowplow-tracker<2.0,>=1.0.2 in /tmp/cosmos_venv_ecom_intermediate/lib/python3.10/site-packages (from dbt-core>=1.9->dbt-clickhouse) (1.1.0)
[2025-09-13T09:29:53.290+0000] {process_utils.py:191} INFO - Requirement already satisfied: pathspec<0.13,>=0.9 in /tmp/cosmos_venv_ecom_intermediate/lib/python3.10/site-packages (from dbt-core>=1.9->dbt-clickhouse) (0.12.1)
[2025-09-13T09:29:53.292+0000] {process_utils.py:191} INFO - Requirement already satisfied: sqlparse<0.6.0,>=0.5.0 in /tmp/cosmos_venv_ecom_intermediate/lib/python3.10/site-packages (from dbt-core>=1.9->dbt-clickhouse) (0.5.3)
[2025-09-13T09:29:53.293+0000] {process_utils.py:191} INFO - Requirement already satisfied: dbt-extractor<=0.6,>=0.5.0 in /tmp/cosmos_venv_ecom_intermediate/lib/python3.10/site-packages (from dbt-core>=1.9->dbt-clickhouse) (0.6.0)
[2025-09-13T09:29:53.294+0000] {process_utils.py:191} INFO - Requirement already satisfied: dbt-semantic-interfaces<0.10,>=0.9.0 in /tmp/cosmos_venv_ecom_intermediate/lib/python3.10/site-packages (from dbt-core>=1.9->dbt-clickhouse) (0.9.0)
[2025-09-13T09:29:53.295+0000] {process_utils.py:191} INFO - Requirement already satisfied: dbt-common<2.0,>=1.27.0 in /tmp/cosmos_venv_ecom_intermediate/lib/python3.10/site-packages (from dbt-core>=1.9->dbt-clickhouse) (1.30.0)
[2025-09-13T09:29:53.295+0000] {process_utils.py:191} INFO - Requirement already satisfied: dbt-adapters<2.0,>=1.15.5 in /tmp/cosmos_venv_ecom_intermediate/lib/python3.10/site-packages (from dbt-core>=1.9->dbt-clickhouse) (1.16.7)
[2025-09-13T09:29:53.296+0000] {process_utils.py:191} INFO - Requirement already satisfied: dbt-protos<2.0,>=1.0.346 in /tmp/cosmos_venv_ecom_intermediate/lib/python3.10/site-packages (from dbt-core>=1.9->dbt-clickhouse) (1.0.375)
[2025-09-13T09:29:53.298+0000] {process_utils.py:191} INFO - Requirement already satisfied: pydantic<3 in /tmp/cosmos_venv_ecom_intermediate/lib/python3.10/site-packages (from dbt-core>=1.9->dbt-clickhouse) (2.11.8)
[2025-09-13T09:29:53.299+0000] {process_utils.py:191} INFO - Requirement already satisfied: packaging>20.9 in /tmp/cosmos_venv_ecom_intermediate/lib/python3.10/site-packages (from dbt-core>=1.9->dbt-clickhouse) (25.0)
[2025-09-13T09:29:53.320+0000] {process_utils.py:191} INFO - Requirement already satisfied: pyyaml>=6.0 in /tmp/cosmos_venv_ecom_intermediate/lib/python3.10/site-packages (from dbt-core>=1.9->dbt-clickhouse) (6.0.2)
[2025-09-13T09:29:53.320+0000] {process_utils.py:191} INFO - Requirement already satisfied: daff>=1.3.46 in /tmp/cosmos_venv_ecom_intermediate/lib/python3.10/site-packages (from dbt-core>=1.9->dbt-clickhouse) (1.4.2)
[2025-09-13T09:29:53.321+0000] {process_utils.py:191} INFO - Requirement already satisfied: typing-extensions>=4.4 in /tmp/cosmos_venv_ecom_intermediate/lib/python3.10/site-packages (from dbt-core>=1.9->dbt-clickhouse) (4.15.0)
[2025-09-13T09:29:53.327+0000] {process_utils.py:191} INFO - Requirement already satisfied: Babel>=2.0 in /tmp/cosmos_venv_ecom_intermediate/lib/python3.10/site-packages (from agate<1.10,>=1.7.0->dbt-core>=1.9->dbt-clickhouse) (2.17.0)
[2025-09-13T09:29:53.329+0000] {process_utils.py:191} INFO - Requirement already satisfied: isodate>=0.5.4 in /tmp/cosmos_venv_ecom_intermediate/lib/python3.10/site-packages (from agate<1.10,>=1.7.0->dbt-core>=1.9->dbt-clickhouse) (0.6.1)
[2025-09-13T09:29:53.330+0000] {process_utils.py:191} INFO - Requirement already satisfied: leather>=0.3.2 in /tmp/cosmos_venv_ecom_intermediate/lib/python3.10/site-packages (from agate<1.10,>=1.7.0->dbt-core>=1.9->dbt-clickhouse) (0.4.0)
[2025-09-13T09:29:53.331+0000] {process_utils.py:191} INFO - Requirement already satisfied: parsedatetime!=2.5,>=2.1 in /tmp/cosmos_venv_ecom_intermediate/lib/python3.10/site-packages (from agate<1.10,>=1.7.0->dbt-core>=1.9->dbt-clickhouse) (2.6)
[2025-09-13T09:29:53.332+0000] {process_utils.py:191} INFO - Requirement already satisfied: python-slugify>=1.2.1 in /tmp/cosmos_venv_ecom_intermediate/lib/python3.10/site-packages (from agate<1.10,>=1.7.0->dbt-core>=1.9->dbt-clickhouse) (8.0.4)
[2025-09-13T09:29:53.333+0000] {process_utils.py:191} INFO - Requirement already satisfied: pytimeparse>=1.1.5 in /tmp/cosmos_venv_ecom_intermediate/lib/python3.10/site-packages (from agate<1.10,>=1.7.0->dbt-core>=1.9->dbt-clickhouse) (1.1.8)
[2025-09-13T09:29:53.353+0000] {process_utils.py:191} INFO - Requirement already satisfied: colorama<0.5,>=0.3.9 in /tmp/cosmos_venv_ecom_intermediate/lib/python3.10/site-packages (from dbt-common<2.0,>=1.27.0->dbt-core>=1.9->dbt-clickhouse) (0.4.6)
[2025-09-13T09:29:53.356+0000] {process_utils.py:191} INFO - Requirement already satisfied: deepdiff<9.0,>=7.0 in /tmp/cosmos_venv_ecom_intermediate/lib/python3.10/site-packages (from dbt-common<2.0,>=1.27.0->dbt-core>=1.9->dbt-clickhouse) (8.6.1)
[2025-09-13T09:29:53.361+0000] {process_utils.py:191} INFO - Requirement already satisfied: python-dateutil<3.0,>=2.0 in /tmp/cosmos_venv_ecom_intermediate/lib/python3.10/site-packages (from dbt-common<2.0,>=1.27.0->dbt-core>=1.9->dbt-clickhouse) (2.9.0.post0)
[2025-09-13T09:29:53.372+0000] {process_utils.py:191} INFO - Requirement already satisfied: importlib-metadata<9,>=6.0 in /tmp/cosmos_venv_ecom_intermediate/lib/python3.10/site-packages (from dbt-semantic-interfaces<0.10,>=0.9.0->dbt-core>=1.9->dbt-clickhouse) (8.7.0)
[2025-09-13T09:29:53.375+0000] {process_utils.py:191} INFO - Requirement already satisfied: more-itertools<11.0,>=8.0 in /tmp/cosmos_venv_ecom_intermediate/lib/python3.10/site-packages (from dbt-semantic-interfaces<0.10,>=0.9.0->dbt-core>=1.9->dbt-clickhouse) (10.8.0)
[2025-09-13T09:29:53.389+0000] {process_utils.py:191} INFO - Requirement already satisfied: orderly-set<6,>=5.4.1 in /tmp/cosmos_venv_ecom_intermediate/lib/python3.10/site-packages (from deepdiff<9.0,>=7.0->dbt-common<2.0,>=1.27.0->dbt-core>=1.9->dbt-clickhouse) (5.5.0)
[2025-09-13T09:29:53.399+0000] {process_utils.py:191} INFO - Requirement already satisfied: zipp>=3.20 in /tmp/cosmos_venv_ecom_intermediate/lib/python3.10/site-packages (from importlib-metadata<9,>=6.0->dbt-semantic-interfaces<0.10,>=0.9.0->dbt-core>=1.9->dbt-clickhouse) (3.23.0)
[2025-09-13T09:29:53.402+0000] {process_utils.py:191} INFO - Requirement already satisfied: six in /tmp/cosmos_venv_ecom_intermediate/lib/python3.10/site-packages (from isodate>=0.5.4->agate<1.10,>=1.7.0->dbt-core>=1.9->dbt-clickhouse) (1.17.0)
[2025-09-13T09:29:53.405+0000] {process_utils.py:191} INFO - Requirement already satisfied: MarkupSafe>=2.0 in /tmp/cosmos_venv_ecom_intermediate/lib/python3.10/site-packages (from Jinja2<4,>=3.1.3->dbt-core>=1.9->dbt-clickhouse) (3.0.2)
[2025-09-13T09:29:53.412+0000] {process_utils.py:191} INFO - Requirement already satisfied: attrs>=22.2.0 in /tmp/cosmos_venv_ecom_intermediate/lib/python3.10/site-packages (from jsonschema<5.0,>=4.19.1->dbt-core>=1.9->dbt-clickhouse) (25.3.0)
[2025-09-13T09:29:53.413+0000] {process_utils.py:191} INFO - Requirement already satisfied: jsonschema-specifications>=2023.03.6 in /tmp/cosmos_venv_ecom_intermediate/lib/python3.10/site-packages (from jsonschema<5.0,>=4.19.1->dbt-core>=1.9->dbt-clickhouse) (2025.9.1)
[2025-09-13T09:29:53.413+0000] {process_utils.py:191} INFO - Requirement already satisfied: referencing>=0.28.4 in /tmp/cosmos_venv_ecom_intermediate/lib/python3.10/site-packages (from jsonschema<5.0,>=4.19.1->dbt-core>=1.9->dbt-clickhouse) (0.36.2)
[2025-09-13T09:29:53.414+0000] {process_utils.py:191} INFO - Requirement already satisfied: rpds-py>=0.7.1 in /tmp/cosmos_venv_ecom_intermediate/lib/python3.10/site-packages (from jsonschema<5.0,>=4.19.1->dbt-core>=1.9->dbt-clickhouse) (0.27.1)
[2025-09-13T09:29:53.426+0000] {process_utils.py:191} INFO - Requirement already satisfied: msgpack>=0.5.6 in /tmp/cosmos_venv_ecom_intermediate/lib/python3.10/site-packages (from mashumaro[msgpack]<3.15,>=3.9->dbt-core>=1.9->dbt-clickhouse) (1.1.1)
[2025-09-13T09:29:53.451+0000] {process_utils.py:191} INFO - Requirement already satisfied: annotated-types>=0.6.0 in /tmp/cosmos_venv_ecom_intermediate/lib/python3.10/site-packages (from pydantic<3->dbt-core>=1.9->dbt-clickhouse) (0.7.0)
[2025-09-13T09:29:53.452+0000] {process_utils.py:191} INFO - Requirement already satisfied: pydantic-core==2.33.2 in /tmp/cosmos_venv_ecom_intermediate/lib/python3.10/site-packages (from pydantic<3->dbt-core>=1.9->dbt-clickhouse) (2.33.2)
[2025-09-13T09:29:53.454+0000] {process_utils.py:191} INFO - Requirement already satisfied: typing-inspection>=0.4.0 in /tmp/cosmos_venv_ecom_intermediate/lib/python3.10/site-packages (from pydantic<3->dbt-core>=1.9->dbt-clickhouse) (0.4.1)
[2025-09-13T09:29:53.467+0000] {process_utils.py:191} INFO - Requirement already satisfied: charset_normalizer<4,>=2 in /tmp/cosmos_venv_ecom_intermediate/lib/python3.10/site-packages (from requests<3.0.0->dbt-core>=1.9->dbt-clickhouse) (3.4.3)
[2025-09-13T09:29:53.468+0000] {process_utils.py:191} INFO - Requirement already satisfied: idna<4,>=2.5 in /tmp/cosmos_venv_ecom_intermediate/lib/python3.10/site-packages (from requests<3.0.0->dbt-core>=1.9->dbt-clickhouse) (3.10)
[2025-09-13T09:29:53.533+0000] {process_utils.py:191} INFO - Requirement already satisfied: text-unidecode>=1.3 in /tmp/cosmos_venv_ecom_intermediate/lib/python3.10/site-packages (from python-slugify>=1.2.1->agate<1.10,>=1.7.0->dbt-core>=1.9->dbt-clickhouse) (1.3)
[2025-09-13T09:29:53.704+0000] {local.py:470} INFO - Cloning project to writable temp directory /tmp/tmp7noiqzml from /opt/airflow/dags/dbt/ecom_intermediate
[2025-09-13T09:29:53.711+0000] {local.py:490} INFO - Partial parse is enabled and the latest partial parse file is /tmp/cosmos/dbt_intermediate__intermediate/target/partial_parse.msgpack
[2025-09-13T09:29:53.727+0000] {config.py:362} INFO - Using user-supplied profiles.yml at /opt/airflow/dags/dbt/profiles.yml
[2025-09-13T09:29:53.737+0000] {virtualenv.py:99} INFO - Using Python binary from virtualenv: /tmp/cosmos_venv_ecom_intermediate/bin/python
[2025-09-13T09:29:53.738+0000] {local.py:434} INFO - Trying to run the command:
 ['/tmp/cosmos_venv_ecom_intermediate/bin/dbt', 'deps', '--project-dir', '/tmp/tmp7noiqzml', '--profiles-dir', '/opt/***/dags/dbt', '--profile', 'ecom_intermediate', '--target', 'dev']
From /tmp/tmp7noiqzml
[2025-09-13T09:29:53.738+0000] {subprocess.py:56} INFO - Tmp dir root location: 
 /tmp
[2025-09-13T09:29:53.739+0000] {subprocess.py:69} INFO - Running command: ['/tmp/cosmos_venv_ecom_intermediate/bin/dbt', 'deps', '--project-dir', '/tmp/tmp7noiqzml', '--profiles-dir', '/opt/***/dags/dbt', '--profile', 'ecom_intermediate', '--target', 'dev']
[2025-09-13T09:29:53.751+0000] {subprocess.py:80} INFO - Command output:
[2025-09-13T09:29:56.557+0000] {subprocess.py:90} INFO - [0m09:29:56  Running with dbt=1.10.11
[2025-09-13T09:29:57.216+0000] {subprocess.py:90} INFO - [0m09:29:57  Installing dbt-labs/dbt_utils
[2025-09-13T09:29:57.753+0000] {subprocess.py:90} INFO - [0m09:29:57  Installed from version 1.3.0
[2025-09-13T09:29:57.754+0000] {subprocess.py:90} INFO - [0m09:29:57  Updated version available: 1.3.1
[2025-09-13T09:29:57.755+0000] {subprocess.py:90} INFO - [0m09:29:57
[2025-09-13T09:29:57.755+0000] {subprocess.py:90} INFO - [0m09:29:57  Updates available for packages: ['dbt-labs/dbt_utils']
[2025-09-13T09:29:57.756+0000] {subprocess.py:90} INFO - Update your versions in packages.yml, then run dbt deps
[2025-09-13T09:29:59.620+0000] {subprocess.py:94} INFO - Command exited with return code 0
[2025-09-13T09:29:59.620+0000] {local.py:441} INFO - Update your versions in packages.yml, then run dbt deps
[2025-09-13T09:29:59.622+0000] {virtualenv.py:99} INFO - Using Python binary from virtualenv: /tmp/cosmos_venv_ecom_intermediate/bin/python
[2025-09-13T09:29:59.622+0000] {local.py:434} INFO - Trying to run the command:
 ['/tmp/cosmos_venv_ecom_intermediate/bin/dbt', 'run', '--models', 'subcategories_enriched', '--project-dir', '/tmp/tmp7noiqzml', '--profiles-dir', '/opt/***/dags/dbt', '--profile', 'ecom_intermediate', '--target', 'dev']
From /tmp/tmp7noiqzml
[2025-09-13T09:29:59.623+0000] {subprocess.py:56} INFO - Tmp dir root location: 
 /tmp
[2025-09-13T09:29:59.624+0000] {subprocess.py:69} INFO - Running command: ['/tmp/cosmos_venv_ecom_intermediate/bin/dbt', 'run', '--models', 'subcategories_enriched', '--project-dir', '/tmp/tmp7noiqzml', '--profiles-dir', '/opt/***/dags/dbt', '--profile', 'ecom_intermediate', '--target', 'dev']
[2025-09-13T09:29:59.641+0000] {subprocess.py:80} INFO - Command output:
[2025-09-13T09:30:02.667+0000] {subprocess.py:90} INFO - [0m09:30:02  Running with dbt=1.10.11
[2025-09-13T09:30:02.670+0000] {subprocess.py:90} INFO - [0m09:30:02  [[33mWARNING[0m]: Deprecated functionality
[2025-09-13T09:30:02.670+0000] {subprocess.py:90} INFO - Usage of `--models`, `--model`, and `-m` is deprecated in favor of `--select` or
[2025-09-13T09:30:02.671+0000] {subprocess.py:90} INFO - `-s`.
[2025-09-13T09:30:03.110+0000] {subprocess.py:90} INFO - [0m09:30:03  Registered adapter: clickhouse=1.9.3
[2025-09-13T09:30:04.069+0000] {subprocess.py:90} INFO - [0m09:30:04  Found 15 models, 50 data tests, 8 sources, 597 macros
[2025-09-13T09:30:04.073+0000] {subprocess.py:90} INFO - [0m09:30:04
[2025-09-13T09:30:04.073+0000] {subprocess.py:90} INFO - [0m09:30:04  Concurrency: 4 threads (target='dev')
[2025-09-13T09:30:04.074+0000] {subprocess.py:90} INFO - [0m09:30:04
[2025-09-13T09:30:04.239+0000] {subprocess.py:90} INFO - [0m09:30:04  1 of 1 START sql table model `ecom_db_intermediate`.`subcategories_enriched` ... [RUN]
[2025-09-13T09:30:04.458+0000] {subprocess.py:90} INFO - [0m09:30:04  1 of 1 OK created sql table model `ecom_db_intermediate`.`subcategories_enriched`  [[32mOK[0m in 0.21s]
[2025-09-13T09:30:04.464+0000] {subprocess.py:90} INFO - [0m09:30:04
[2025-09-13T09:30:04.465+0000] {subprocess.py:90} INFO - [0m09:30:04  Finished running 1 table model in 0 hours 0 minutes and 0.39 seconds (0.39s).
[2025-09-13T09:30:04.551+0000] {subprocess.py:90} INFO - [0m09:30:04
[2025-09-13T09:30:04.552+0000] {subprocess.py:90} INFO - [0m09:30:04  [32mCompleted successfully[0m
[2025-09-13T09:30:04.555+0000] {subprocess.py:90} INFO - [0m09:30:04
[2025-09-13T09:30:04.555+0000] {subprocess.py:90} INFO - [0m09:30:04  Done. PASS=1 WARN=0 ERROR=0 SKIP=0 NO-OP=0 TOTAL=1
[2025-09-13T09:30:04.556+0000] {subprocess.py:90} INFO - [0m09:30:04  [[33mWARNING[0m][DeprecationsSummary]: Deprecated functionality
[2025-09-13T09:30:04.556+0000] {subprocess.py:90} INFO - Summary of encountered deprecations:
[2025-09-13T09:30:04.556+0000] {subprocess.py:90} INFO - - ModelParamUsageDeprecation: 1 occurrence
[2025-09-13T09:30:04.557+0000] {subprocess.py:90} INFO - To see all deprecation instances instead of just the first occurrence of each,
[2025-09-13T09:30:04.557+0000] {subprocess.py:90} INFO - run command again with the `--show-all-deprecations` flag. You may also need to
[2025-09-13T09:30:04.558+0000] {subprocess.py:90} INFO - run with `--no-partial-parse` as some deprecations are only encountered during
[2025-09-13T09:30:04.558+0000] {subprocess.py:90} INFO - parsing.
[2025-09-13T09:30:06.543+0000] {subprocess.py:94} INFO - Command exited with return code 0
[2025-09-13T09:30:06.543+0000] {local.py:441} INFO - parsing.
[2025-09-13T09:30:06.562+0000] {local.py:196} WARNING - Artifact schema version: https://schemas.getdbt.com/dbt/manifest/v12.json is above dbt-ol supported version 7. This might cause errors.
[2025-09-13T09:30:06.563+0000] {local.py:196} WARNING - Artifact schema version: https://schemas.getdbt.com/dbt/run-results/v6.json is above dbt-ol supported version 5. This might cause errors.
[2025-09-13T09:30:06.572+0000] {local.py:547} INFO - Inlets: []
[2025-09-13T09:30:06.573+0000] {local.py:548} INFO - Outlets: []
[2025-09-13T09:30:06.573+0000] {local.py:772} INFO - Assigning inlets/outlets without DatasetAlias
[2025-09-13T09:30:06.574+0000] {dag.py:3089} INFO - Sync 1 DAGs
[2025-09-13T09:30:06.685+0000] {dag.py:3947} INFO - Setting next_dagrun for dbt_intermediate to 2025-09-13 00:00:00+00:00, run_after=2025-09-14 00:00:00+00:00
[2025-09-13T09:30:06.824+0000] {virtualenv.py:131} INFO - Releasing virtualenv lock
[2025-09-13T09:30:06.827+0000] {virtualenv.py:145} INFO - None
[2025-09-13T09:30:06.828+0000] {taskinstance.py:441} INFO - ::group::Post task execution logs
[2025-09-13T09:30:06.919+0000] {taskinstance.py:1206} INFO - Marking task as SUCCESS. dag_id=dbt_intermediate, task_id=intermediate.subcategories_enriched.run, run_id=manual__2025-09-13T09:28:37.455030+00:00, execution_date=20250913T092837, start_date=20250913T092843, end_date=20250913T093006
[2025-09-13T09:30:07.001+0000] {local_task_job_runner.py:243} INFO - Task exited with return code 0
[2025-09-13T09:30:07.140+0000] {taskinstance.py:3503} INFO - 1 downstream tasks scheduled from follow-on schedule check
[2025-09-13T09:30:07.156+0000] {local_task_job_runner.py:222} INFO - ::endgroup::
